[2025-01-31T03:50:28.260+0000] {taskinstance.py:1159} INFO - Dependencies all met for dep_context=non-requeueable deps ti=<TaskInstance: example_dynamic_task_mapping.add_one scheduled__2022-08-04T00:00:00+00:00 map_index=2 [queued]>
[2025-01-31T03:50:28.281+0000] {taskinstance.py:1159} INFO - Dependencies all met for dep_context=requeueable deps ti=<TaskInstance: example_dynamic_task_mapping.add_one scheduled__2022-08-04T00:00:00+00:00 map_index=2 [queued]>
[2025-01-31T03:50:28.282+0000] {taskinstance.py:1361} INFO - Starting attempt 1 of 1
[2025-01-31T03:50:28.354+0000] {taskinstance.py:1382} INFO - Executing <Mapped(_PythonDecoratedOperator): add_one> on 2022-08-04 00:00:00+00:00
[2025-01-31T03:50:28.377+0000] {standard_task_runner.py:57} INFO - Started process 2313 to run task
[2025-01-31T03:50:28.410+0000] {standard_task_runner.py:84} INFO - Running: ['***', 'tasks', 'run', 'example_dynamic_task_mapping', 'add_one', 'scheduled__2022-08-04T00:00:00+00:00', '--job-id', '714', '--raw', '--subdir', '/home/***/.local/lib/python3.8/site-packages/***/example_dags/example_dynamic_task_mapping.py', '--cfg-path', '/tmp/tmp337s9a0v', '--map-index', '2']
[2025-01-31T03:50:28.431+0000] {standard_task_runner.py:85} INFO - Job 714: Subtask add_one
[2025-01-31T03:50:28.839+0000] {task_command.py:415} INFO - Running <TaskInstance: example_dynamic_task_mapping.add_one scheduled__2022-08-04T00:00:00+00:00 map_index=2 [running]> on host f128b98fd85e
[2025-01-31T03:50:29.203+0000] {taskinstance.py:1660} INFO - Exporting env vars: AIRFLOW_CTX_DAG_OWNER='***' AIRFLOW_CTX_DAG_ID='example_dynamic_task_mapping' AIRFLOW_CTX_TASK_ID='add_one' AIRFLOW_CTX_EXECUTION_DATE='2022-08-04T00:00:00+00:00' AIRFLOW_CTX_TRY_NUMBER='1' AIRFLOW_CTX_DAG_RUN_ID='scheduled__2022-08-04T00:00:00+00:00'
[2025-01-31T03:50:29.211+0000] {python.py:194} INFO - Done. Returned value was: 4
[2025-01-31T03:50:29.313+0000] {taskinstance.py:1400} INFO - Marking task as SUCCESS. dag_id=example_dynamic_task_mapping, task_id=add_one, map_index=2, execution_date=20220804T000000, start_date=20250131T035028, end_date=20250131T035029
[2025-01-31T03:50:29.404+0000] {local_task_job_runner.py:228} INFO - Task exited with return code 0
[2025-01-31T03:50:29.652+0000] {taskinstance.py:2784} INFO - 0 downstream tasks scheduled from follow-on schedule check
[2025-01-31T03:55:58.858+0000] {taskinstance.py:1159} INFO - Dependencies all met for dep_context=non-requeueable deps ti=<TaskInstance: example_dynamic_task_mapping.add_one scheduled__2022-08-04T00:00:00+00:00 map_index=2 [queued]>
[2025-01-31T03:55:58.899+0000] {taskinstance.py:1159} INFO - Dependencies all met for dep_context=requeueable deps ti=<TaskInstance: example_dynamic_task_mapping.add_one scheduled__2022-08-04T00:00:00+00:00 map_index=2 [queued]>
[2025-01-31T03:55:58.900+0000] {taskinstance.py:1361} INFO - Starting attempt 1 of 1
[2025-01-31T03:55:58.940+0000] {taskinstance.py:1382} INFO - Executing <Mapped(_PythonDecoratedOperator): add_one> on 2022-08-04 00:00:00+00:00
[2025-01-31T03:55:58.955+0000] {standard_task_runner.py:57} INFO - Started process 2303 to run task
[2025-01-31T03:55:58.963+0000] {standard_task_runner.py:84} INFO - Running: ['***', 'tasks', 'run', 'example_dynamic_task_mapping', 'add_one', 'scheduled__2022-08-04T00:00:00+00:00', '--job-id', '716', '--raw', '--subdir', '/home/***/.local/lib/python3.8/site-packages/***/example_dags/example_dynamic_task_mapping.py', '--cfg-path', '/tmp/tmpfc704gwr', '--map-index', '2']
[2025-01-31T03:55:58.969+0000] {standard_task_runner.py:85} INFO - Job 716: Subtask add_one
[2025-01-31T03:55:59.109+0000] {task_command.py:415} INFO - Running <TaskInstance: example_dynamic_task_mapping.add_one scheduled__2022-08-04T00:00:00+00:00 map_index=2 [running]> on host dc644052abf1
[2025-01-31T03:55:59.377+0000] {taskinstance.py:1660} INFO - Exporting env vars: AIRFLOW_CTX_DAG_OWNER='***' AIRFLOW_CTX_DAG_ID='example_dynamic_task_mapping' AIRFLOW_CTX_TASK_ID='add_one' AIRFLOW_CTX_EXECUTION_DATE='2022-08-04T00:00:00+00:00' AIRFLOW_CTX_TRY_NUMBER='1' AIRFLOW_CTX_DAG_RUN_ID='scheduled__2022-08-04T00:00:00+00:00'
[2025-01-31T03:55:59.382+0000] {python.py:194} INFO - Done. Returned value was: 4
[2025-01-31T03:55:59.459+0000] {taskinstance.py:1400} INFO - Marking task as SUCCESS. dag_id=example_dynamic_task_mapping, task_id=add_one, map_index=2, execution_date=20220804T000000, start_date=20250131T035558, end_date=20250131T035559
[2025-01-31T03:55:59.561+0000] {local_task_job_runner.py:228} INFO - Task exited with return code 0
[2025-01-31T03:55:59.637+0000] {taskinstance.py:2784} INFO - 0 downstream tasks scheduled from follow-on schedule check
