[2025-01-31T03:48:38.479+0000] {taskinstance.py:1159} INFO - Dependencies all met for dep_context=non-requeueable deps ti=<TaskInstance: example_dynamic_task_mapping.add_one scheduled__2022-05-22T00:00:00+00:00 map_index=0 [queued]>
[2025-01-31T03:48:38.502+0000] {taskinstance.py:1159} INFO - Dependencies all met for dep_context=requeueable deps ti=<TaskInstance: example_dynamic_task_mapping.add_one scheduled__2022-05-22T00:00:00+00:00 map_index=0 [queued]>
[2025-01-31T03:48:38.503+0000] {taskinstance.py:1361} INFO - Starting attempt 1 of 1
[2025-01-31T03:48:38.550+0000] {taskinstance.py:1382} INFO - Executing <Mapped(_PythonDecoratedOperator): add_one> on 2022-05-22 00:00:00+00:00
[2025-01-31T03:48:38.567+0000] {standard_task_runner.py:57} INFO - Started process 1360 to run task
[2025-01-31T03:48:38.596+0000] {standard_task_runner.py:84} INFO - Running: ['***', 'tasks', 'run', 'example_dynamic_task_mapping', 'add_one', 'scheduled__2022-05-22T00:00:00+00:00', '--job-id', '408', '--raw', '--subdir', '/home/***/.local/lib/python3.8/site-packages/***/example_dags/example_dynamic_task_mapping.py', '--cfg-path', '/tmp/tmpj8f1umyw', '--map-index', '0']
[2025-01-31T03:48:38.608+0000] {standard_task_runner.py:85} INFO - Job 408: Subtask add_one
[2025-01-31T03:48:38.914+0000] {task_command.py:415} INFO - Running <TaskInstance: example_dynamic_task_mapping.add_one scheduled__2022-05-22T00:00:00+00:00 map_index=0 [running]> on host f128b98fd85e
[2025-01-31T03:48:39.304+0000] {taskinstance.py:1660} INFO - Exporting env vars: AIRFLOW_CTX_DAG_OWNER='***' AIRFLOW_CTX_DAG_ID='example_dynamic_task_mapping' AIRFLOW_CTX_TASK_ID='add_one' AIRFLOW_CTX_EXECUTION_DATE='2022-05-22T00:00:00+00:00' AIRFLOW_CTX_TRY_NUMBER='1' AIRFLOW_CTX_DAG_RUN_ID='scheduled__2022-05-22T00:00:00+00:00'
[2025-01-31T03:48:39.319+0000] {python.py:194} INFO - Done. Returned value was: 2
[2025-01-31T03:48:39.428+0000] {taskinstance.py:1400} INFO - Marking task as SUCCESS. dag_id=example_dynamic_task_mapping, task_id=add_one, map_index=0, execution_date=20220522T000000, start_date=20250131T034838, end_date=20250131T034839
[2025-01-31T03:48:39.531+0000] {local_task_job_runner.py:228} INFO - Task exited with return code 0
[2025-01-31T03:48:39.704+0000] {taskinstance.py:2784} INFO - 0 downstream tasks scheduled from follow-on schedule check
[2025-01-31T03:54:02.028+0000] {taskinstance.py:1159} INFO - Dependencies all met for dep_context=non-requeueable deps ti=<TaskInstance: example_dynamic_task_mapping.add_one scheduled__2022-05-22T00:00:00+00:00 map_index=0 [queued]>
[2025-01-31T03:54:02.065+0000] {taskinstance.py:1159} INFO - Dependencies all met for dep_context=requeueable deps ti=<TaskInstance: example_dynamic_task_mapping.add_one scheduled__2022-05-22T00:00:00+00:00 map_index=0 [queued]>
[2025-01-31T03:54:02.066+0000] {taskinstance.py:1361} INFO - Starting attempt 1 of 1
[2025-01-31T03:54:02.111+0000] {taskinstance.py:1382} INFO - Executing <Mapped(_PythonDecoratedOperator): add_one> on 2022-05-22 00:00:00+00:00
[2025-01-31T03:54:02.127+0000] {standard_task_runner.py:57} INFO - Started process 1341 to run task
[2025-01-31T03:54:02.153+0000] {standard_task_runner.py:84} INFO - Running: ['***', 'tasks', 'run', 'example_dynamic_task_mapping', 'add_one', 'scheduled__2022-05-22T00:00:00+00:00', '--job-id', '401', '--raw', '--subdir', '/home/***/.local/lib/python3.8/site-packages/***/example_dags/example_dynamic_task_mapping.py', '--cfg-path', '/tmp/tmpu6xg5ce2', '--map-index', '0']
[2025-01-31T03:54:02.170+0000] {standard_task_runner.py:85} INFO - Job 401: Subtask add_one
[2025-01-31T03:54:02.435+0000] {task_command.py:415} INFO - Running <TaskInstance: example_dynamic_task_mapping.add_one scheduled__2022-05-22T00:00:00+00:00 map_index=0 [running]> on host dc644052abf1
[2025-01-31T03:54:02.784+0000] {taskinstance.py:1660} INFO - Exporting env vars: AIRFLOW_CTX_DAG_OWNER='***' AIRFLOW_CTX_DAG_ID='example_dynamic_task_mapping' AIRFLOW_CTX_TASK_ID='add_one' AIRFLOW_CTX_EXECUTION_DATE='2022-05-22T00:00:00+00:00' AIRFLOW_CTX_TRY_NUMBER='1' AIRFLOW_CTX_DAG_RUN_ID='scheduled__2022-05-22T00:00:00+00:00'
[2025-01-31T03:54:02.787+0000] {python.py:194} INFO - Done. Returned value was: 2
[2025-01-31T03:54:02.846+0000] {taskinstance.py:1400} INFO - Marking task as SUCCESS. dag_id=example_dynamic_task_mapping, task_id=add_one, map_index=0, execution_date=20220522T000000, start_date=20250131T035402, end_date=20250131T035402
[2025-01-31T03:54:02.913+0000] {local_task_job_runner.py:228} INFO - Task exited with return code 0
[2025-01-31T03:54:03.008+0000] {taskinstance.py:2784} INFO - 0 downstream tasks scheduled from follow-on schedule check
