[2025-01-30T02:34:44.367+0800] {processor.py:186} INFO - Started process (PID=14363) to work on /home/anhtupham99/miniforge3/envs/nba/lib/python3.11/site-packages/airflow/example_dags/plugins/event_listener.py
[2025-01-30T02:34:44.368+0800] {processor.py:914} INFO - Processing file /home/anhtupham99/miniforge3/envs/nba/lib/python3.11/site-packages/airflow/example_dags/plugins/event_listener.py for tasks to queue
[2025-01-30T02:34:44.372+0800] {logging_mixin.py:190} INFO - [2025-01-30T02:34:44.371+0800] {dagbag.py:588} INFO - Filling up the DagBag from /home/anhtupham99/miniforge3/envs/nba/lib/python3.11/site-packages/airflow/example_dags/plugins/event_listener.py
[2025-01-30T02:34:44.376+0800] {processor.py:927} WARNING - No viable dags retrieved from /home/anhtupham99/miniforge3/envs/nba/lib/python3.11/site-packages/airflow/example_dags/plugins/event_listener.py
[2025-01-30T02:34:44.390+0800] {processor.py:208} INFO - Processing /home/anhtupham99/miniforge3/envs/nba/lib/python3.11/site-packages/airflow/example_dags/plugins/event_listener.py took 0.033 seconds
[2025-01-30T02:35:56.537+0800] {processor.py:186} INFO - Started process (PID=14814) to work on /home/anhtupham99/miniforge3/envs/nba/lib/python3.11/site-packages/airflow/example_dags/plugins/event_listener.py
[2025-01-30T02:35:56.542+0800] {processor.py:914} INFO - Processing file /home/anhtupham99/miniforge3/envs/nba/lib/python3.11/site-packages/airflow/example_dags/plugins/event_listener.py for tasks to queue
[2025-01-30T02:35:56.549+0800] {logging_mixin.py:190} INFO - [2025-01-30T02:35:56.548+0800] {dagbag.py:588} INFO - Filling up the DagBag from /home/anhtupham99/miniforge3/envs/nba/lib/python3.11/site-packages/airflow/example_dags/plugins/event_listener.py
[2025-01-30T02:35:56.555+0800] {processor.py:927} WARNING - No viable dags retrieved from /home/anhtupham99/miniforge3/envs/nba/lib/python3.11/site-packages/airflow/example_dags/plugins/event_listener.py
[2025-01-30T02:35:56.563+0800] {processor.py:208} INFO - Processing /home/anhtupham99/miniforge3/envs/nba/lib/python3.11/site-packages/airflow/example_dags/plugins/event_listener.py took 0.030 seconds
[2025-01-30T02:36:53.621+0800] {processor.py:186} INFO - Started process (PID=15128) to work on /home/anhtupham99/miniforge3/envs/nba/lib/python3.11/site-packages/airflow/example_dags/plugins/event_listener.py
[2025-01-30T02:36:53.626+0800] {processor.py:914} INFO - Processing file /home/anhtupham99/miniforge3/envs/nba/lib/python3.11/site-packages/airflow/example_dags/plugins/event_listener.py for tasks to queue
[2025-01-30T02:36:53.631+0800] {logging_mixin.py:190} INFO - [2025-01-30T02:36:53.630+0800] {dagbag.py:588} INFO - Filling up the DagBag from /home/anhtupham99/miniforge3/envs/nba/lib/python3.11/site-packages/airflow/example_dags/plugins/event_listener.py
[2025-01-30T02:36:53.637+0800] {processor.py:927} WARNING - No viable dags retrieved from /home/anhtupham99/miniforge3/envs/nba/lib/python3.11/site-packages/airflow/example_dags/plugins/event_listener.py
[2025-01-30T02:36:53.655+0800] {processor.py:208} INFO - Processing /home/anhtupham99/miniforge3/envs/nba/lib/python3.11/site-packages/airflow/example_dags/plugins/event_listener.py took 0.049 seconds
[2025-01-30T02:47:54.682+0800] {processor.py:186} INFO - Started process (PID=18888) to work on /home/anhtupham99/miniforge3/envs/nba/lib/python3.11/site-packages/airflow/example_dags/plugins/event_listener.py
[2025-01-30T02:47:54.686+0800] {processor.py:914} INFO - Processing file /home/anhtupham99/miniforge3/envs/nba/lib/python3.11/site-packages/airflow/example_dags/plugins/event_listener.py for tasks to queue
[2025-01-30T02:47:54.689+0800] {logging_mixin.py:190} INFO - [2025-01-30T02:47:54.688+0800] {dagbag.py:588} INFO - Filling up the DagBag from /home/anhtupham99/miniforge3/envs/nba/lib/python3.11/site-packages/airflow/example_dags/plugins/event_listener.py
[2025-01-30T02:47:54.692+0800] {processor.py:927} WARNING - No viable dags retrieved from /home/anhtupham99/miniforge3/envs/nba/lib/python3.11/site-packages/airflow/example_dags/plugins/event_listener.py
[2025-01-30T02:47:54.703+0800] {processor.py:208} INFO - Processing /home/anhtupham99/miniforge3/envs/nba/lib/python3.11/site-packages/airflow/example_dags/plugins/event_listener.py took 0.029 seconds
[2025-01-30T02:48:50.366+0800] {processor.py:186} INFO - Started process (PID=19324) to work on /home/anhtupham99/miniforge3/envs/nba/lib/python3.11/site-packages/airflow/example_dags/plugins/event_listener.py
[2025-01-30T02:48:50.369+0800] {processor.py:914} INFO - Processing file /home/anhtupham99/miniforge3/envs/nba/lib/python3.11/site-packages/airflow/example_dags/plugins/event_listener.py for tasks to queue
[2025-01-30T02:48:50.372+0800] {logging_mixin.py:190} INFO - [2025-01-30T02:48:50.372+0800] {dagbag.py:588} INFO - Filling up the DagBag from /home/anhtupham99/miniforge3/envs/nba/lib/python3.11/site-packages/airflow/example_dags/plugins/event_listener.py
[2025-01-30T02:48:50.374+0800] {processor.py:927} WARNING - No viable dags retrieved from /home/anhtupham99/miniforge3/envs/nba/lib/python3.11/site-packages/airflow/example_dags/plugins/event_listener.py
[2025-01-30T02:48:50.381+0800] {processor.py:208} INFO - Processing /home/anhtupham99/miniforge3/envs/nba/lib/python3.11/site-packages/airflow/example_dags/plugins/event_listener.py took 0.029 seconds
[2025-01-30T02:49:45.938+0800] {processor.py:186} INFO - Started process (PID=19658) to work on /home/anhtupham99/miniforge3/envs/nba/lib/python3.11/site-packages/airflow/example_dags/plugins/event_listener.py
[2025-01-30T02:49:45.941+0800] {processor.py:914} INFO - Processing file /home/anhtupham99/miniforge3/envs/nba/lib/python3.11/site-packages/airflow/example_dags/plugins/event_listener.py for tasks to queue
[2025-01-30T02:49:45.947+0800] {logging_mixin.py:190} INFO - [2025-01-30T02:49:45.946+0800] {dagbag.py:588} INFO - Filling up the DagBag from /home/anhtupham99/miniforge3/envs/nba/lib/python3.11/site-packages/airflow/example_dags/plugins/event_listener.py
[2025-01-30T02:49:45.950+0800] {processor.py:927} WARNING - No viable dags retrieved from /home/anhtupham99/miniforge3/envs/nba/lib/python3.11/site-packages/airflow/example_dags/plugins/event_listener.py
[2025-01-30T02:49:45.962+0800] {processor.py:208} INFO - Processing /home/anhtupham99/miniforge3/envs/nba/lib/python3.11/site-packages/airflow/example_dags/plugins/event_listener.py took 0.039 seconds
[2025-01-30T02:50:39.622+0800] {processor.py:186} INFO - Started process (PID=19970) to work on /home/anhtupham99/miniforge3/envs/nba/lib/python3.11/site-packages/airflow/example_dags/plugins/event_listener.py
[2025-01-30T02:50:39.625+0800] {processor.py:914} INFO - Processing file /home/anhtupham99/miniforge3/envs/nba/lib/python3.11/site-packages/airflow/example_dags/plugins/event_listener.py for tasks to queue
[2025-01-30T02:50:39.628+0800] {logging_mixin.py:190} INFO - [2025-01-30T02:50:39.628+0800] {dagbag.py:588} INFO - Filling up the DagBag from /home/anhtupham99/miniforge3/envs/nba/lib/python3.11/site-packages/airflow/example_dags/plugins/event_listener.py
[2025-01-30T02:50:39.632+0800] {processor.py:927} WARNING - No viable dags retrieved from /home/anhtupham99/miniforge3/envs/nba/lib/python3.11/site-packages/airflow/example_dags/plugins/event_listener.py
[2025-01-30T02:50:39.647+0800] {processor.py:208} INFO - Processing /home/anhtupham99/miniforge3/envs/nba/lib/python3.11/site-packages/airflow/example_dags/plugins/event_listener.py took 0.035 seconds
[2025-01-30T02:51:33.452+0800] {processor.py:186} INFO - Started process (PID=20268) to work on /home/anhtupham99/miniforge3/envs/nba/lib/python3.11/site-packages/airflow/example_dags/plugins/event_listener.py
[2025-01-30T02:51:33.455+0800] {processor.py:914} INFO - Processing file /home/anhtupham99/miniforge3/envs/nba/lib/python3.11/site-packages/airflow/example_dags/plugins/event_listener.py for tasks to queue
[2025-01-30T02:51:33.460+0800] {logging_mixin.py:190} INFO - [2025-01-30T02:51:33.460+0800] {dagbag.py:588} INFO - Filling up the DagBag from /home/anhtupham99/miniforge3/envs/nba/lib/python3.11/site-packages/airflow/example_dags/plugins/event_listener.py
[2025-01-30T02:51:33.462+0800] {processor.py:927} WARNING - No viable dags retrieved from /home/anhtupham99/miniforge3/envs/nba/lib/python3.11/site-packages/airflow/example_dags/plugins/event_listener.py
[2025-01-30T02:51:33.469+0800] {processor.py:208} INFO - Processing /home/anhtupham99/miniforge3/envs/nba/lib/python3.11/site-packages/airflow/example_dags/plugins/event_listener.py took 0.032 seconds
[2025-01-30T02:52:25.514+0800] {processor.py:186} INFO - Started process (PID=20556) to work on /home/anhtupham99/miniforge3/envs/nba/lib/python3.11/site-packages/airflow/example_dags/plugins/event_listener.py
[2025-01-30T02:52:25.517+0800] {processor.py:914} INFO - Processing file /home/anhtupham99/miniforge3/envs/nba/lib/python3.11/site-packages/airflow/example_dags/plugins/event_listener.py for tasks to queue
[2025-01-30T02:52:25.522+0800] {logging_mixin.py:190} INFO - [2025-01-30T02:52:25.521+0800] {dagbag.py:588} INFO - Filling up the DagBag from /home/anhtupham99/miniforge3/envs/nba/lib/python3.11/site-packages/airflow/example_dags/plugins/event_listener.py
[2025-01-30T02:52:25.523+0800] {processor.py:927} WARNING - No viable dags retrieved from /home/anhtupham99/miniforge3/envs/nba/lib/python3.11/site-packages/airflow/example_dags/plugins/event_listener.py
[2025-01-30T02:52:25.530+0800] {processor.py:208} INFO - Processing /home/anhtupham99/miniforge3/envs/nba/lib/python3.11/site-packages/airflow/example_dags/plugins/event_listener.py took 0.031 seconds
[2025-01-30T02:53:20.871+0800] {processor.py:186} INFO - Started process (PID=20898) to work on /home/anhtupham99/miniforge3/envs/nba/lib/python3.11/site-packages/airflow/example_dags/plugins/event_listener.py
[2025-01-30T02:53:20.872+0800] {processor.py:914} INFO - Processing file /home/anhtupham99/miniforge3/envs/nba/lib/python3.11/site-packages/airflow/example_dags/plugins/event_listener.py for tasks to queue
[2025-01-30T02:53:20.874+0800] {logging_mixin.py:190} INFO - [2025-01-30T02:53:20.873+0800] {dagbag.py:588} INFO - Filling up the DagBag from /home/anhtupham99/miniforge3/envs/nba/lib/python3.11/site-packages/airflow/example_dags/plugins/event_listener.py
[2025-01-30T02:53:20.875+0800] {processor.py:927} WARNING - No viable dags retrieved from /home/anhtupham99/miniforge3/envs/nba/lib/python3.11/site-packages/airflow/example_dags/plugins/event_listener.py
[2025-01-30T02:53:20.882+0800] {processor.py:208} INFO - Processing /home/anhtupham99/miniforge3/envs/nba/lib/python3.11/site-packages/airflow/example_dags/plugins/event_listener.py took 0.016 seconds
[2025-01-30T02:54:11.345+0800] {processor.py:186} INFO - Started process (PID=21189) to work on /home/anhtupham99/miniforge3/envs/nba/lib/python3.11/site-packages/airflow/example_dags/plugins/event_listener.py
[2025-01-30T02:54:11.347+0800] {processor.py:914} INFO - Processing file /home/anhtupham99/miniforge3/envs/nba/lib/python3.11/site-packages/airflow/example_dags/plugins/event_listener.py for tasks to queue
[2025-01-30T02:54:11.348+0800] {logging_mixin.py:190} INFO - [2025-01-30T02:54:11.348+0800] {dagbag.py:588} INFO - Filling up the DagBag from /home/anhtupham99/miniforge3/envs/nba/lib/python3.11/site-packages/airflow/example_dags/plugins/event_listener.py
[2025-01-30T02:54:11.350+0800] {processor.py:927} WARNING - No viable dags retrieved from /home/anhtupham99/miniforge3/envs/nba/lib/python3.11/site-packages/airflow/example_dags/plugins/event_listener.py
[2025-01-30T02:54:11.357+0800] {processor.py:208} INFO - Processing /home/anhtupham99/miniforge3/envs/nba/lib/python3.11/site-packages/airflow/example_dags/plugins/event_listener.py took 0.016 seconds
[2025-01-30T02:54:57.773+0800] {processor.py:186} INFO - Started process (PID=21454) to work on /home/anhtupham99/miniforge3/envs/nba/lib/python3.11/site-packages/airflow/example_dags/plugins/event_listener.py
[2025-01-30T02:54:57.774+0800] {processor.py:914} INFO - Processing file /home/anhtupham99/miniforge3/envs/nba/lib/python3.11/site-packages/airflow/example_dags/plugins/event_listener.py for tasks to queue
[2025-01-30T02:54:57.776+0800] {logging_mixin.py:190} INFO - [2025-01-30T02:54:57.775+0800] {dagbag.py:588} INFO - Filling up the DagBag from /home/anhtupham99/miniforge3/envs/nba/lib/python3.11/site-packages/airflow/example_dags/plugins/event_listener.py
[2025-01-30T02:54:57.777+0800] {processor.py:927} WARNING - No viable dags retrieved from /home/anhtupham99/miniforge3/envs/nba/lib/python3.11/site-packages/airflow/example_dags/plugins/event_listener.py
[2025-01-30T02:54:57.784+0800] {processor.py:208} INFO - Processing /home/anhtupham99/miniforge3/envs/nba/lib/python3.11/site-packages/airflow/example_dags/plugins/event_listener.py took 0.016 seconds
[2025-01-30T02:55:47.741+0800] {processor.py:186} INFO - Started process (PID=21753) to work on /home/anhtupham99/miniforge3/envs/nba/lib/python3.11/site-packages/airflow/example_dags/plugins/event_listener.py
[2025-01-30T02:55:47.743+0800] {processor.py:914} INFO - Processing file /home/anhtupham99/miniforge3/envs/nba/lib/python3.11/site-packages/airflow/example_dags/plugins/event_listener.py for tasks to queue
[2025-01-30T02:55:47.744+0800] {logging_mixin.py:190} INFO - [2025-01-30T02:55:47.744+0800] {dagbag.py:588} INFO - Filling up the DagBag from /home/anhtupham99/miniforge3/envs/nba/lib/python3.11/site-packages/airflow/example_dags/plugins/event_listener.py
[2025-01-30T02:55:47.746+0800] {processor.py:927} WARNING - No viable dags retrieved from /home/anhtupham99/miniforge3/envs/nba/lib/python3.11/site-packages/airflow/example_dags/plugins/event_listener.py
[2025-01-30T02:55:47.753+0800] {processor.py:208} INFO - Processing /home/anhtupham99/miniforge3/envs/nba/lib/python3.11/site-packages/airflow/example_dags/plugins/event_listener.py took 0.016 seconds
[2025-01-30T02:56:33.263+0800] {processor.py:186} INFO - Started process (PID=22020) to work on /home/anhtupham99/miniforge3/envs/nba/lib/python3.11/site-packages/airflow/example_dags/plugins/event_listener.py
[2025-01-30T02:56:33.264+0800] {processor.py:914} INFO - Processing file /home/anhtupham99/miniforge3/envs/nba/lib/python3.11/site-packages/airflow/example_dags/plugins/event_listener.py for tasks to queue
[2025-01-30T02:56:33.266+0800] {logging_mixin.py:190} INFO - [2025-01-30T02:56:33.265+0800] {dagbag.py:588} INFO - Filling up the DagBag from /home/anhtupham99/miniforge3/envs/nba/lib/python3.11/site-packages/airflow/example_dags/plugins/event_listener.py
[2025-01-30T02:56:33.267+0800] {processor.py:927} WARNING - No viable dags retrieved from /home/anhtupham99/miniforge3/envs/nba/lib/python3.11/site-packages/airflow/example_dags/plugins/event_listener.py
[2025-01-30T02:56:33.275+0800] {processor.py:208} INFO - Processing /home/anhtupham99/miniforge3/envs/nba/lib/python3.11/site-packages/airflow/example_dags/plugins/event_listener.py took 0.017 seconds
[2025-01-30T02:57:22.345+0800] {processor.py:186} INFO - Started process (PID=22289) to work on /home/anhtupham99/miniforge3/envs/nba/lib/python3.11/site-packages/airflow/example_dags/plugins/event_listener.py
[2025-01-30T02:57:22.348+0800] {processor.py:914} INFO - Processing file /home/anhtupham99/miniforge3/envs/nba/lib/python3.11/site-packages/airflow/example_dags/plugins/event_listener.py for tasks to queue
[2025-01-30T02:57:22.350+0800] {logging_mixin.py:190} INFO - [2025-01-30T02:57:22.350+0800] {dagbag.py:588} INFO - Filling up the DagBag from /home/anhtupham99/miniforge3/envs/nba/lib/python3.11/site-packages/airflow/example_dags/plugins/event_listener.py
[2025-01-30T02:57:22.352+0800] {processor.py:927} WARNING - No viable dags retrieved from /home/anhtupham99/miniforge3/envs/nba/lib/python3.11/site-packages/airflow/example_dags/plugins/event_listener.py
[2025-01-30T02:57:22.360+0800] {processor.py:208} INFO - Processing /home/anhtupham99/miniforge3/envs/nba/lib/python3.11/site-packages/airflow/example_dags/plugins/event_listener.py took 0.019 seconds
[2025-01-30T02:58:10.815+0800] {processor.py:186} INFO - Started process (PID=22621) to work on /home/anhtupham99/miniforge3/envs/nba/lib/python3.11/site-packages/airflow/example_dags/plugins/event_listener.py
[2025-01-30T02:58:10.816+0800] {processor.py:914} INFO - Processing file /home/anhtupham99/miniforge3/envs/nba/lib/python3.11/site-packages/airflow/example_dags/plugins/event_listener.py for tasks to queue
[2025-01-30T02:58:10.819+0800] {logging_mixin.py:190} INFO - [2025-01-30T02:58:10.818+0800] {dagbag.py:588} INFO - Filling up the DagBag from /home/anhtupham99/miniforge3/envs/nba/lib/python3.11/site-packages/airflow/example_dags/plugins/event_listener.py
[2025-01-30T02:58:10.820+0800] {processor.py:927} WARNING - No viable dags retrieved from /home/anhtupham99/miniforge3/envs/nba/lib/python3.11/site-packages/airflow/example_dags/plugins/event_listener.py
[2025-01-30T02:58:10.827+0800] {processor.py:208} INFO - Processing /home/anhtupham99/miniforge3/envs/nba/lib/python3.11/site-packages/airflow/example_dags/plugins/event_listener.py took 0.016 seconds
[2025-01-30T02:59:00.790+0800] {processor.py:186} INFO - Started process (PID=22906) to work on /home/anhtupham99/miniforge3/envs/nba/lib/python3.11/site-packages/airflow/example_dags/plugins/event_listener.py
[2025-01-30T02:59:00.791+0800] {processor.py:914} INFO - Processing file /home/anhtupham99/miniforge3/envs/nba/lib/python3.11/site-packages/airflow/example_dags/plugins/event_listener.py for tasks to queue
[2025-01-30T02:59:00.793+0800] {logging_mixin.py:190} INFO - [2025-01-30T02:59:00.793+0800] {dagbag.py:588} INFO - Filling up the DagBag from /home/anhtupham99/miniforge3/envs/nba/lib/python3.11/site-packages/airflow/example_dags/plugins/event_listener.py
[2025-01-30T02:59:00.795+0800] {processor.py:927} WARNING - No viable dags retrieved from /home/anhtupham99/miniforge3/envs/nba/lib/python3.11/site-packages/airflow/example_dags/plugins/event_listener.py
[2025-01-30T02:59:00.802+0800] {processor.py:208} INFO - Processing /home/anhtupham99/miniforge3/envs/nba/lib/python3.11/site-packages/airflow/example_dags/plugins/event_listener.py took 0.016 seconds
[2025-01-30T02:59:50.930+0800] {processor.py:186} INFO - Started process (PID=23197) to work on /home/anhtupham99/miniforge3/envs/nba/lib/python3.11/site-packages/airflow/example_dags/plugins/event_listener.py
[2025-01-30T02:59:50.931+0800] {processor.py:914} INFO - Processing file /home/anhtupham99/miniforge3/envs/nba/lib/python3.11/site-packages/airflow/example_dags/plugins/event_listener.py for tasks to queue
[2025-01-30T02:59:50.933+0800] {logging_mixin.py:190} INFO - [2025-01-30T02:59:50.932+0800] {dagbag.py:588} INFO - Filling up the DagBag from /home/anhtupham99/miniforge3/envs/nba/lib/python3.11/site-packages/airflow/example_dags/plugins/event_listener.py
[2025-01-30T02:59:50.935+0800] {processor.py:927} WARNING - No viable dags retrieved from /home/anhtupham99/miniforge3/envs/nba/lib/python3.11/site-packages/airflow/example_dags/plugins/event_listener.py
[2025-01-30T02:59:50.942+0800] {processor.py:208} INFO - Processing /home/anhtupham99/miniforge3/envs/nba/lib/python3.11/site-packages/airflow/example_dags/plugins/event_listener.py took 0.016 seconds
[2025-01-30T03:00:42.920+0800] {processor.py:186} INFO - Started process (PID=23506) to work on /home/anhtupham99/miniforge3/envs/nba/lib/python3.11/site-packages/airflow/example_dags/plugins/event_listener.py
[2025-01-30T03:00:42.921+0800] {processor.py:914} INFO - Processing file /home/anhtupham99/miniforge3/envs/nba/lib/python3.11/site-packages/airflow/example_dags/plugins/event_listener.py for tasks to queue
[2025-01-30T03:00:42.923+0800] {logging_mixin.py:190} INFO - [2025-01-30T03:00:42.923+0800] {dagbag.py:588} INFO - Filling up the DagBag from /home/anhtupham99/miniforge3/envs/nba/lib/python3.11/site-packages/airflow/example_dags/plugins/event_listener.py
[2025-01-30T03:00:42.925+0800] {processor.py:927} WARNING - No viable dags retrieved from /home/anhtupham99/miniforge3/envs/nba/lib/python3.11/site-packages/airflow/example_dags/plugins/event_listener.py
[2025-01-30T03:00:42.931+0800] {processor.py:208} INFO - Processing /home/anhtupham99/miniforge3/envs/nba/lib/python3.11/site-packages/airflow/example_dags/plugins/event_listener.py took 0.015 seconds
[2025-01-30T03:01:28.602+0800] {processor.py:186} INFO - Started process (PID=23769) to work on /home/anhtupham99/miniforge3/envs/nba/lib/python3.11/site-packages/airflow/example_dags/plugins/event_listener.py
[2025-01-30T03:01:28.604+0800] {processor.py:914} INFO - Processing file /home/anhtupham99/miniforge3/envs/nba/lib/python3.11/site-packages/airflow/example_dags/plugins/event_listener.py for tasks to queue
[2025-01-30T03:01:28.605+0800] {logging_mixin.py:190} INFO - [2025-01-30T03:01:28.605+0800] {dagbag.py:588} INFO - Filling up the DagBag from /home/anhtupham99/miniforge3/envs/nba/lib/python3.11/site-packages/airflow/example_dags/plugins/event_listener.py
[2025-01-30T03:01:28.607+0800] {processor.py:927} WARNING - No viable dags retrieved from /home/anhtupham99/miniforge3/envs/nba/lib/python3.11/site-packages/airflow/example_dags/plugins/event_listener.py
[2025-01-30T03:01:28.614+0800] {processor.py:208} INFO - Processing /home/anhtupham99/miniforge3/envs/nba/lib/python3.11/site-packages/airflow/example_dags/plugins/event_listener.py took 0.015 seconds
[2025-01-30T03:02:15.095+0800] {processor.py:186} INFO - Started process (PID=24071) to work on /home/anhtupham99/miniforge3/envs/nba/lib/python3.11/site-packages/airflow/example_dags/plugins/event_listener.py
[2025-01-30T03:02:15.097+0800] {processor.py:914} INFO - Processing file /home/anhtupham99/miniforge3/envs/nba/lib/python3.11/site-packages/airflow/example_dags/plugins/event_listener.py for tasks to queue
[2025-01-30T03:02:15.098+0800] {logging_mixin.py:190} INFO - [2025-01-30T03:02:15.098+0800] {dagbag.py:588} INFO - Filling up the DagBag from /home/anhtupham99/miniforge3/envs/nba/lib/python3.11/site-packages/airflow/example_dags/plugins/event_listener.py
[2025-01-30T03:02:15.100+0800] {processor.py:927} WARNING - No viable dags retrieved from /home/anhtupham99/miniforge3/envs/nba/lib/python3.11/site-packages/airflow/example_dags/plugins/event_listener.py
[2025-01-30T03:02:15.107+0800] {processor.py:208} INFO - Processing /home/anhtupham99/miniforge3/envs/nba/lib/python3.11/site-packages/airflow/example_dags/plugins/event_listener.py took 0.016 seconds
[2025-01-30T03:03:02.014+0800] {processor.py:186} INFO - Started process (PID=24338) to work on /home/anhtupham99/miniforge3/envs/nba/lib/python3.11/site-packages/airflow/example_dags/plugins/event_listener.py
[2025-01-30T03:03:02.015+0800] {processor.py:914} INFO - Processing file /home/anhtupham99/miniforge3/envs/nba/lib/python3.11/site-packages/airflow/example_dags/plugins/event_listener.py for tasks to queue
[2025-01-30T03:03:02.016+0800] {logging_mixin.py:190} INFO - [2025-01-30T03:03:02.016+0800] {dagbag.py:588} INFO - Filling up the DagBag from /home/anhtupham99/miniforge3/envs/nba/lib/python3.11/site-packages/airflow/example_dags/plugins/event_listener.py
[2025-01-30T03:03:02.018+0800] {processor.py:927} WARNING - No viable dags retrieved from /home/anhtupham99/miniforge3/envs/nba/lib/python3.11/site-packages/airflow/example_dags/plugins/event_listener.py
[2025-01-30T03:03:02.026+0800] {processor.py:208} INFO - Processing /home/anhtupham99/miniforge3/envs/nba/lib/python3.11/site-packages/airflow/example_dags/plugins/event_listener.py took 0.017 seconds
[2025-01-30T03:03:51.727+0800] {processor.py:186} INFO - Started process (PID=24614) to work on /home/anhtupham99/miniforge3/envs/nba/lib/python3.11/site-packages/airflow/example_dags/plugins/event_listener.py
[2025-01-30T03:03:51.731+0800] {processor.py:914} INFO - Processing file /home/anhtupham99/miniforge3/envs/nba/lib/python3.11/site-packages/airflow/example_dags/plugins/event_listener.py for tasks to queue
[2025-01-30T03:03:51.733+0800] {logging_mixin.py:190} INFO - [2025-01-30T03:03:51.733+0800] {dagbag.py:588} INFO - Filling up the DagBag from /home/anhtupham99/miniforge3/envs/nba/lib/python3.11/site-packages/airflow/example_dags/plugins/event_listener.py
[2025-01-30T03:03:51.734+0800] {processor.py:927} WARNING - No viable dags retrieved from /home/anhtupham99/miniforge3/envs/nba/lib/python3.11/site-packages/airflow/example_dags/plugins/event_listener.py
[2025-01-30T03:03:51.741+0800] {processor.py:208} INFO - Processing /home/anhtupham99/miniforge3/envs/nba/lib/python3.11/site-packages/airflow/example_dags/plugins/event_listener.py took 0.018 seconds
[2025-01-30T03:04:39.169+0800] {processor.py:186} INFO - Started process (PID=24916) to work on /home/anhtupham99/miniforge3/envs/nba/lib/python3.11/site-packages/airflow/example_dags/plugins/event_listener.py
[2025-01-30T03:04:39.171+0800] {processor.py:914} INFO - Processing file /home/anhtupham99/miniforge3/envs/nba/lib/python3.11/site-packages/airflow/example_dags/plugins/event_listener.py for tasks to queue
[2025-01-30T03:04:39.172+0800] {logging_mixin.py:190} INFO - [2025-01-30T03:04:39.172+0800] {dagbag.py:588} INFO - Filling up the DagBag from /home/anhtupham99/miniforge3/envs/nba/lib/python3.11/site-packages/airflow/example_dags/plugins/event_listener.py
[2025-01-30T03:04:39.174+0800] {processor.py:927} WARNING - No viable dags retrieved from /home/anhtupham99/miniforge3/envs/nba/lib/python3.11/site-packages/airflow/example_dags/plugins/event_listener.py
[2025-01-30T03:04:39.180+0800] {processor.py:208} INFO - Processing /home/anhtupham99/miniforge3/envs/nba/lib/python3.11/site-packages/airflow/example_dags/plugins/event_listener.py took 0.015 seconds
[2025-01-30T03:05:31.302+0800] {processor.py:186} INFO - Started process (PID=25229) to work on /home/anhtupham99/miniforge3/envs/nba/lib/python3.11/site-packages/airflow/example_dags/plugins/event_listener.py
[2025-01-30T03:05:31.303+0800] {processor.py:914} INFO - Processing file /home/anhtupham99/miniforge3/envs/nba/lib/python3.11/site-packages/airflow/example_dags/plugins/event_listener.py for tasks to queue
[2025-01-30T03:05:31.304+0800] {logging_mixin.py:190} INFO - [2025-01-30T03:05:31.304+0800] {dagbag.py:588} INFO - Filling up the DagBag from /home/anhtupham99/miniforge3/envs/nba/lib/python3.11/site-packages/airflow/example_dags/plugins/event_listener.py
[2025-01-30T03:05:31.306+0800] {processor.py:927} WARNING - No viable dags retrieved from /home/anhtupham99/miniforge3/envs/nba/lib/python3.11/site-packages/airflow/example_dags/plugins/event_listener.py
[2025-01-30T03:05:31.313+0800] {processor.py:208} INFO - Processing /home/anhtupham99/miniforge3/envs/nba/lib/python3.11/site-packages/airflow/example_dags/plugins/event_listener.py took 0.016 seconds
[2025-01-30T03:06:18.468+0800] {processor.py:186} INFO - Started process (PID=25494) to work on /home/anhtupham99/miniforge3/envs/nba/lib/python3.11/site-packages/airflow/example_dags/plugins/event_listener.py
[2025-01-30T03:06:18.469+0800] {processor.py:914} INFO - Processing file /home/anhtupham99/miniforge3/envs/nba/lib/python3.11/site-packages/airflow/example_dags/plugins/event_listener.py for tasks to queue
[2025-01-30T03:06:18.471+0800] {logging_mixin.py:190} INFO - [2025-01-30T03:06:18.471+0800] {dagbag.py:588} INFO - Filling up the DagBag from /home/anhtupham99/miniforge3/envs/nba/lib/python3.11/site-packages/airflow/example_dags/plugins/event_listener.py
[2025-01-30T03:06:18.472+0800] {processor.py:927} WARNING - No viable dags retrieved from /home/anhtupham99/miniforge3/envs/nba/lib/python3.11/site-packages/airflow/example_dags/plugins/event_listener.py
[2025-01-30T03:06:18.479+0800] {processor.py:208} INFO - Processing /home/anhtupham99/miniforge3/envs/nba/lib/python3.11/site-packages/airflow/example_dags/plugins/event_listener.py took 0.015 seconds
[2025-01-30T03:07:09.155+0800] {processor.py:186} INFO - Started process (PID=25825) to work on /home/anhtupham99/miniforge3/envs/nba/lib/python3.11/site-packages/airflow/example_dags/plugins/event_listener.py
[2025-01-30T03:07:09.159+0800] {processor.py:914} INFO - Processing file /home/anhtupham99/miniforge3/envs/nba/lib/python3.11/site-packages/airflow/example_dags/plugins/event_listener.py for tasks to queue
[2025-01-30T03:07:09.161+0800] {logging_mixin.py:190} INFO - [2025-01-30T03:07:09.161+0800] {dagbag.py:588} INFO - Filling up the DagBag from /home/anhtupham99/miniforge3/envs/nba/lib/python3.11/site-packages/airflow/example_dags/plugins/event_listener.py
[2025-01-30T03:07:09.163+0800] {processor.py:927} WARNING - No viable dags retrieved from /home/anhtupham99/miniforge3/envs/nba/lib/python3.11/site-packages/airflow/example_dags/plugins/event_listener.py
[2025-01-30T03:07:09.170+0800] {processor.py:208} INFO - Processing /home/anhtupham99/miniforge3/envs/nba/lib/python3.11/site-packages/airflow/example_dags/plugins/event_listener.py took 0.019 seconds
[2025-01-30T03:08:00.535+0800] {processor.py:186} INFO - Started process (PID=26109) to work on /home/anhtupham99/miniforge3/envs/nba/lib/python3.11/site-packages/airflow/example_dags/plugins/event_listener.py
[2025-01-30T03:08:00.536+0800] {processor.py:914} INFO - Processing file /home/anhtupham99/miniforge3/envs/nba/lib/python3.11/site-packages/airflow/example_dags/plugins/event_listener.py for tasks to queue
[2025-01-30T03:08:00.538+0800] {logging_mixin.py:190} INFO - [2025-01-30T03:08:00.538+0800] {dagbag.py:588} INFO - Filling up the DagBag from /home/anhtupham99/miniforge3/envs/nba/lib/python3.11/site-packages/airflow/example_dags/plugins/event_listener.py
[2025-01-30T03:08:00.540+0800] {processor.py:927} WARNING - No viable dags retrieved from /home/anhtupham99/miniforge3/envs/nba/lib/python3.11/site-packages/airflow/example_dags/plugins/event_listener.py
[2025-01-30T03:08:00.550+0800] {processor.py:208} INFO - Processing /home/anhtupham99/miniforge3/envs/nba/lib/python3.11/site-packages/airflow/example_dags/plugins/event_listener.py took 0.020 seconds
[2025-01-30T03:08:46.810+0800] {processor.py:186} INFO - Started process (PID=26378) to work on /home/anhtupham99/miniforge3/envs/nba/lib/python3.11/site-packages/airflow/example_dags/plugins/event_listener.py
[2025-01-30T03:08:46.812+0800] {processor.py:914} INFO - Processing file /home/anhtupham99/miniforge3/envs/nba/lib/python3.11/site-packages/airflow/example_dags/plugins/event_listener.py for tasks to queue
[2025-01-30T03:08:46.815+0800] {logging_mixin.py:190} INFO - [2025-01-30T03:08:46.814+0800] {dagbag.py:588} INFO - Filling up the DagBag from /home/anhtupham99/miniforge3/envs/nba/lib/python3.11/site-packages/airflow/example_dags/plugins/event_listener.py
[2025-01-30T03:08:46.818+0800] {processor.py:927} WARNING - No viable dags retrieved from /home/anhtupham99/miniforge3/envs/nba/lib/python3.11/site-packages/airflow/example_dags/plugins/event_listener.py
[2025-01-30T03:08:46.837+0800] {processor.py:208} INFO - Processing /home/anhtupham99/miniforge3/envs/nba/lib/python3.11/site-packages/airflow/example_dags/plugins/event_listener.py took 0.036 seconds
[2025-01-30T03:09:34.636+0800] {processor.py:186} INFO - Started process (PID=26658) to work on /home/anhtupham99/miniforge3/envs/nba/lib/python3.11/site-packages/airflow/example_dags/plugins/event_listener.py
[2025-01-30T03:09:34.637+0800] {processor.py:914} INFO - Processing file /home/anhtupham99/miniforge3/envs/nba/lib/python3.11/site-packages/airflow/example_dags/plugins/event_listener.py for tasks to queue
[2025-01-30T03:09:34.639+0800] {logging_mixin.py:190} INFO - [2025-01-30T03:09:34.639+0800] {dagbag.py:588} INFO - Filling up the DagBag from /home/anhtupham99/miniforge3/envs/nba/lib/python3.11/site-packages/airflow/example_dags/plugins/event_listener.py
[2025-01-30T03:09:34.641+0800] {processor.py:927} WARNING - No viable dags retrieved from /home/anhtupham99/miniforge3/envs/nba/lib/python3.11/site-packages/airflow/example_dags/plugins/event_listener.py
[2025-01-30T03:09:34.648+0800] {processor.py:208} INFO - Processing /home/anhtupham99/miniforge3/envs/nba/lib/python3.11/site-packages/airflow/example_dags/plugins/event_listener.py took 0.016 seconds
[2025-01-30T06:11:30.628+0800] {processor.py:186} INFO - Started process (PID=26872) to work on /home/anhtupham99/miniforge3/envs/nba/lib/python3.11/site-packages/airflow/example_dags/plugins/event_listener.py
[2025-01-30T06:11:30.633+0800] {processor.py:914} INFO - Processing file /home/anhtupham99/miniforge3/envs/nba/lib/python3.11/site-packages/airflow/example_dags/plugins/event_listener.py for tasks to queue
[2025-01-30T06:11:30.636+0800] {logging_mixin.py:190} INFO - [2025-01-30T06:11:30.635+0800] {dagbag.py:588} INFO - Filling up the DagBag from /home/anhtupham99/miniforge3/envs/nba/lib/python3.11/site-packages/airflow/example_dags/plugins/event_listener.py
[2025-01-30T06:11:30.638+0800] {processor.py:927} WARNING - No viable dags retrieved from /home/anhtupham99/miniforge3/envs/nba/lib/python3.11/site-packages/airflow/example_dags/plugins/event_listener.py
[2025-01-30T06:11:30.646+0800] {processor.py:208} INFO - Processing /home/anhtupham99/miniforge3/envs/nba/lib/python3.11/site-packages/airflow/example_dags/plugins/event_listener.py took 0.031 seconds
[2025-01-30T06:12:23.656+0800] {processor.py:186} INFO - Started process (PID=27177) to work on /home/anhtupham99/miniforge3/envs/nba/lib/python3.11/site-packages/airflow/example_dags/plugins/event_listener.py
[2025-01-30T06:12:23.658+0800] {processor.py:914} INFO - Processing file /home/anhtupham99/miniforge3/envs/nba/lib/python3.11/site-packages/airflow/example_dags/plugins/event_listener.py for tasks to queue
[2025-01-30T06:12:23.660+0800] {logging_mixin.py:190} INFO - [2025-01-30T06:12:23.660+0800] {dagbag.py:588} INFO - Filling up the DagBag from /home/anhtupham99/miniforge3/envs/nba/lib/python3.11/site-packages/airflow/example_dags/plugins/event_listener.py
[2025-01-30T06:12:23.662+0800] {processor.py:927} WARNING - No viable dags retrieved from /home/anhtupham99/miniforge3/envs/nba/lib/python3.11/site-packages/airflow/example_dags/plugins/event_listener.py
[2025-01-30T06:12:23.672+0800] {processor.py:208} INFO - Processing /home/anhtupham99/miniforge3/envs/nba/lib/python3.11/site-packages/airflow/example_dags/plugins/event_listener.py took 0.022 seconds
[2025-01-30T06:13:11.521+0800] {processor.py:186} INFO - Started process (PID=27496) to work on /home/anhtupham99/miniforge3/envs/nba/lib/python3.11/site-packages/airflow/example_dags/plugins/event_listener.py
[2025-01-30T06:13:11.522+0800] {processor.py:914} INFO - Processing file /home/anhtupham99/miniforge3/envs/nba/lib/python3.11/site-packages/airflow/example_dags/plugins/event_listener.py for tasks to queue
[2025-01-30T06:13:11.523+0800] {logging_mixin.py:190} INFO - [2025-01-30T06:13:11.523+0800] {dagbag.py:588} INFO - Filling up the DagBag from /home/anhtupham99/miniforge3/envs/nba/lib/python3.11/site-packages/airflow/example_dags/plugins/event_listener.py
[2025-01-30T06:13:11.525+0800] {processor.py:927} WARNING - No viable dags retrieved from /home/anhtupham99/miniforge3/envs/nba/lib/python3.11/site-packages/airflow/example_dags/plugins/event_listener.py
[2025-01-30T06:13:11.532+0800] {processor.py:208} INFO - Processing /home/anhtupham99/miniforge3/envs/nba/lib/python3.11/site-packages/airflow/example_dags/plugins/event_listener.py took 0.018 seconds
