[2025-01-30T02:34:43.221+0800] {processor.py:186} INFO - Started process (PID=14342) to work on /home/anhtupham99/miniforge3/envs/nba/lib/python3.11/site-packages/airflow/example_dags/plugins/listener_plugin.py
[2025-01-30T02:34:43.222+0800] {processor.py:914} INFO - Processing file /home/anhtupham99/miniforge3/envs/nba/lib/python3.11/site-packages/airflow/example_dags/plugins/listener_plugin.py for tasks to queue
[2025-01-30T02:34:43.227+0800] {logging_mixin.py:190} INFO - [2025-01-30T02:34:43.226+0800] {dagbag.py:588} INFO - Filling up the DagBag from /home/anhtupham99/miniforge3/envs/nba/lib/python3.11/site-packages/airflow/example_dags/plugins/listener_plugin.py
[2025-01-30T02:34:43.230+0800] {processor.py:927} WARNING - No viable dags retrieved from /home/anhtupham99/miniforge3/envs/nba/lib/python3.11/site-packages/airflow/example_dags/plugins/listener_plugin.py
[2025-01-30T02:34:43.248+0800] {processor.py:208} INFO - Processing /home/anhtupham99/miniforge3/envs/nba/lib/python3.11/site-packages/airflow/example_dags/plugins/listener_plugin.py took 0.043 seconds
[2025-01-30T02:35:55.370+0800] {processor.py:186} INFO - Started process (PID=14807) to work on /home/anhtupham99/miniforge3/envs/nba/lib/python3.11/site-packages/airflow/example_dags/plugins/listener_plugin.py
[2025-01-30T02:35:55.375+0800] {processor.py:914} INFO - Processing file /home/anhtupham99/miniforge3/envs/nba/lib/python3.11/site-packages/airflow/example_dags/plugins/listener_plugin.py for tasks to queue
[2025-01-30T02:35:55.379+0800] {logging_mixin.py:190} INFO - [2025-01-30T02:35:55.378+0800] {dagbag.py:588} INFO - Filling up the DagBag from /home/anhtupham99/miniforge3/envs/nba/lib/python3.11/site-packages/airflow/example_dags/plugins/listener_plugin.py
[2025-01-30T02:35:55.382+0800] {processor.py:927} WARNING - No viable dags retrieved from /home/anhtupham99/miniforge3/envs/nba/lib/python3.11/site-packages/airflow/example_dags/plugins/listener_plugin.py
[2025-01-30T02:35:55.397+0800] {processor.py:208} INFO - Processing /home/anhtupham99/miniforge3/envs/nba/lib/python3.11/site-packages/airflow/example_dags/plugins/listener_plugin.py took 0.042 seconds
[2025-01-30T02:36:28.860+0800] {processor.py:186} INFO - Started process (PID=14995) to work on /home/anhtupham99/miniforge3/envs/nba/lib/python3.11/site-packages/airflow/example_dags/plugins/listener_plugin.py
[2025-01-30T02:36:28.866+0800] {processor.py:914} INFO - Processing file /home/anhtupham99/miniforge3/envs/nba/lib/python3.11/site-packages/airflow/example_dags/plugins/listener_plugin.py for tasks to queue
[2025-01-30T02:36:28.870+0800] {logging_mixin.py:190} INFO - [2025-01-30T02:36:28.869+0800] {dagbag.py:588} INFO - Filling up the DagBag from /home/anhtupham99/miniforge3/envs/nba/lib/python3.11/site-packages/airflow/example_dags/plugins/listener_plugin.py
[2025-01-30T02:36:28.873+0800] {processor.py:927} WARNING - No viable dags retrieved from /home/anhtupham99/miniforge3/envs/nba/lib/python3.11/site-packages/airflow/example_dags/plugins/listener_plugin.py
[2025-01-30T02:36:28.881+0800] {processor.py:208} INFO - Processing /home/anhtupham99/miniforge3/envs/nba/lib/python3.11/site-packages/airflow/example_dags/plugins/listener_plugin.py took 0.031 seconds
[2025-01-30T02:47:53.513+0800] {processor.py:186} INFO - Started process (PID=18854) to work on /home/anhtupham99/miniforge3/envs/nba/lib/python3.11/site-packages/airflow/example_dags/plugins/listener_plugin.py
[2025-01-30T02:47:53.514+0800] {processor.py:914} INFO - Processing file /home/anhtupham99/miniforge3/envs/nba/lib/python3.11/site-packages/airflow/example_dags/plugins/listener_plugin.py for tasks to queue
[2025-01-30T02:47:53.516+0800] {logging_mixin.py:190} INFO - [2025-01-30T02:47:53.516+0800] {dagbag.py:588} INFO - Filling up the DagBag from /home/anhtupham99/miniforge3/envs/nba/lib/python3.11/site-packages/airflow/example_dags/plugins/listener_plugin.py
[2025-01-30T02:47:53.518+0800] {processor.py:927} WARNING - No viable dags retrieved from /home/anhtupham99/miniforge3/envs/nba/lib/python3.11/site-packages/airflow/example_dags/plugins/listener_plugin.py
[2025-01-30T02:47:53.525+0800] {processor.py:208} INFO - Processing /home/anhtupham99/miniforge3/envs/nba/lib/python3.11/site-packages/airflow/example_dags/plugins/listener_plugin.py took 0.017 seconds
[2025-01-30T02:48:49.935+0800] {processor.py:186} INFO - Started process (PID=19323) to work on /home/anhtupham99/miniforge3/envs/nba/lib/python3.11/site-packages/airflow/example_dags/plugins/listener_plugin.py
[2025-01-30T02:48:49.938+0800] {processor.py:914} INFO - Processing file /home/anhtupham99/miniforge3/envs/nba/lib/python3.11/site-packages/airflow/example_dags/plugins/listener_plugin.py for tasks to queue
[2025-01-30T02:48:49.944+0800] {logging_mixin.py:190} INFO - [2025-01-30T02:48:49.943+0800] {dagbag.py:588} INFO - Filling up the DagBag from /home/anhtupham99/miniforge3/envs/nba/lib/python3.11/site-packages/airflow/example_dags/plugins/listener_plugin.py
[2025-01-30T02:48:49.949+0800] {processor.py:927} WARNING - No viable dags retrieved from /home/anhtupham99/miniforge3/envs/nba/lib/python3.11/site-packages/airflow/example_dags/plugins/listener_plugin.py
[2025-01-30T02:48:49.968+0800] {processor.py:208} INFO - Processing /home/anhtupham99/miniforge3/envs/nba/lib/python3.11/site-packages/airflow/example_dags/plugins/listener_plugin.py took 0.042 seconds
[2025-01-30T02:49:45.377+0800] {processor.py:186} INFO - Started process (PID=19654) to work on /home/anhtupham99/miniforge3/envs/nba/lib/python3.11/site-packages/airflow/example_dags/plugins/listener_plugin.py
[2025-01-30T02:49:45.381+0800] {processor.py:914} INFO - Processing file /home/anhtupham99/miniforge3/envs/nba/lib/python3.11/site-packages/airflow/example_dags/plugins/listener_plugin.py for tasks to queue
[2025-01-30T02:49:45.384+0800] {logging_mixin.py:190} INFO - [2025-01-30T02:49:45.384+0800] {dagbag.py:588} INFO - Filling up the DagBag from /home/anhtupham99/miniforge3/envs/nba/lib/python3.11/site-packages/airflow/example_dags/plugins/listener_plugin.py
[2025-01-30T02:49:45.388+0800] {processor.py:927} WARNING - No viable dags retrieved from /home/anhtupham99/miniforge3/envs/nba/lib/python3.11/site-packages/airflow/example_dags/plugins/listener_plugin.py
[2025-01-30T02:49:45.400+0800] {processor.py:208} INFO - Processing /home/anhtupham99/miniforge3/envs/nba/lib/python3.11/site-packages/airflow/example_dags/plugins/listener_plugin.py took 0.038 seconds
[2025-01-30T02:50:38.475+0800] {processor.py:186} INFO - Started process (PID=19954) to work on /home/anhtupham99/miniforge3/envs/nba/lib/python3.11/site-packages/airflow/example_dags/plugins/listener_plugin.py
[2025-01-30T02:50:38.477+0800] {processor.py:914} INFO - Processing file /home/anhtupham99/miniforge3/envs/nba/lib/python3.11/site-packages/airflow/example_dags/plugins/listener_plugin.py for tasks to queue
[2025-01-30T02:50:38.480+0800] {logging_mixin.py:190} INFO - [2025-01-30T02:50:38.479+0800] {dagbag.py:588} INFO - Filling up the DagBag from /home/anhtupham99/miniforge3/envs/nba/lib/python3.11/site-packages/airflow/example_dags/plugins/listener_plugin.py
[2025-01-30T02:50:38.483+0800] {processor.py:927} WARNING - No viable dags retrieved from /home/anhtupham99/miniforge3/envs/nba/lib/python3.11/site-packages/airflow/example_dags/plugins/listener_plugin.py
[2025-01-30T02:50:38.495+0800] {processor.py:208} INFO - Processing /home/anhtupham99/miniforge3/envs/nba/lib/python3.11/site-packages/airflow/example_dags/plugins/listener_plugin.py took 0.032 seconds
[2025-01-30T02:51:32.285+0800] {processor.py:186} INFO - Started process (PID=20266) to work on /home/anhtupham99/miniforge3/envs/nba/lib/python3.11/site-packages/airflow/example_dags/plugins/listener_plugin.py
[2025-01-30T02:51:32.286+0800] {processor.py:914} INFO - Processing file /home/anhtupham99/miniforge3/envs/nba/lib/python3.11/site-packages/airflow/example_dags/plugins/listener_plugin.py for tasks to queue
[2025-01-30T02:51:32.288+0800] {logging_mixin.py:190} INFO - [2025-01-30T02:51:32.288+0800] {dagbag.py:588} INFO - Filling up the DagBag from /home/anhtupham99/miniforge3/envs/nba/lib/python3.11/site-packages/airflow/example_dags/plugins/listener_plugin.py
[2025-01-30T02:51:32.289+0800] {processor.py:927} WARNING - No viable dags retrieved from /home/anhtupham99/miniforge3/envs/nba/lib/python3.11/site-packages/airflow/example_dags/plugins/listener_plugin.py
[2025-01-30T02:51:32.296+0800] {processor.py:208} INFO - Processing /home/anhtupham99/miniforge3/envs/nba/lib/python3.11/site-packages/airflow/example_dags/plugins/listener_plugin.py took 0.015 seconds
[2025-01-30T02:52:25.291+0800] {processor.py:186} INFO - Started process (PID=20555) to work on /home/anhtupham99/miniforge3/envs/nba/lib/python3.11/site-packages/airflow/example_dags/plugins/listener_plugin.py
[2025-01-30T02:52:25.297+0800] {processor.py:914} INFO - Processing file /home/anhtupham99/miniforge3/envs/nba/lib/python3.11/site-packages/airflow/example_dags/plugins/listener_plugin.py for tasks to queue
[2025-01-30T02:52:25.302+0800] {logging_mixin.py:190} INFO - [2025-01-30T02:52:25.301+0800] {dagbag.py:588} INFO - Filling up the DagBag from /home/anhtupham99/miniforge3/envs/nba/lib/python3.11/site-packages/airflow/example_dags/plugins/listener_plugin.py
[2025-01-30T02:52:25.305+0800] {processor.py:927} WARNING - No viable dags retrieved from /home/anhtupham99/miniforge3/envs/nba/lib/python3.11/site-packages/airflow/example_dags/plugins/listener_plugin.py
[2025-01-30T02:52:25.327+0800] {processor.py:208} INFO - Processing /home/anhtupham99/miniforge3/envs/nba/lib/python3.11/site-packages/airflow/example_dags/plugins/listener_plugin.py took 0.050 seconds
[2025-01-30T02:53:19.734+0800] {processor.py:186} INFO - Started process (PID=20890) to work on /home/anhtupham99/miniforge3/envs/nba/lib/python3.11/site-packages/airflow/example_dags/plugins/listener_plugin.py
[2025-01-30T02:53:19.735+0800] {processor.py:914} INFO - Processing file /home/anhtupham99/miniforge3/envs/nba/lib/python3.11/site-packages/airflow/example_dags/plugins/listener_plugin.py for tasks to queue
[2025-01-30T02:53:19.737+0800] {logging_mixin.py:190} INFO - [2025-01-30T02:53:19.737+0800] {dagbag.py:588} INFO - Filling up the DagBag from /home/anhtupham99/miniforge3/envs/nba/lib/python3.11/site-packages/airflow/example_dags/plugins/listener_plugin.py
[2025-01-30T02:53:19.739+0800] {processor.py:927} WARNING - No viable dags retrieved from /home/anhtupham99/miniforge3/envs/nba/lib/python3.11/site-packages/airflow/example_dags/plugins/listener_plugin.py
[2025-01-30T02:53:19.745+0800] {processor.py:208} INFO - Processing /home/anhtupham99/miniforge3/envs/nba/lib/python3.11/site-packages/airflow/example_dags/plugins/listener_plugin.py took 0.016 seconds
[2025-01-30T02:54:10.213+0800] {processor.py:186} INFO - Started process (PID=21179) to work on /home/anhtupham99/miniforge3/envs/nba/lib/python3.11/site-packages/airflow/example_dags/plugins/listener_plugin.py
[2025-01-30T02:54:10.215+0800] {processor.py:914} INFO - Processing file /home/anhtupham99/miniforge3/envs/nba/lib/python3.11/site-packages/airflow/example_dags/plugins/listener_plugin.py for tasks to queue
[2025-01-30T02:54:10.216+0800] {logging_mixin.py:190} INFO - [2025-01-30T02:54:10.216+0800] {dagbag.py:588} INFO - Filling up the DagBag from /home/anhtupham99/miniforge3/envs/nba/lib/python3.11/site-packages/airflow/example_dags/plugins/listener_plugin.py
[2025-01-30T02:54:10.218+0800] {processor.py:927} WARNING - No viable dags retrieved from /home/anhtupham99/miniforge3/envs/nba/lib/python3.11/site-packages/airflow/example_dags/plugins/listener_plugin.py
[2025-01-30T02:54:10.224+0800] {processor.py:208} INFO - Processing /home/anhtupham99/miniforge3/envs/nba/lib/python3.11/site-packages/airflow/example_dags/plugins/listener_plugin.py took 0.015 seconds
[2025-01-30T02:54:56.625+0800] {processor.py:186} INFO - Started process (PID=21444) to work on /home/anhtupham99/miniforge3/envs/nba/lib/python3.11/site-packages/airflow/example_dags/plugins/listener_plugin.py
[2025-01-30T02:54:56.626+0800] {processor.py:914} INFO - Processing file /home/anhtupham99/miniforge3/envs/nba/lib/python3.11/site-packages/airflow/example_dags/plugins/listener_plugin.py for tasks to queue
[2025-01-30T02:54:56.628+0800] {logging_mixin.py:190} INFO - [2025-01-30T02:54:56.628+0800] {dagbag.py:588} INFO - Filling up the DagBag from /home/anhtupham99/miniforge3/envs/nba/lib/python3.11/site-packages/airflow/example_dags/plugins/listener_plugin.py
[2025-01-30T02:54:56.629+0800] {processor.py:927} WARNING - No viable dags retrieved from /home/anhtupham99/miniforge3/envs/nba/lib/python3.11/site-packages/airflow/example_dags/plugins/listener_plugin.py
[2025-01-30T02:54:56.636+0800] {processor.py:208} INFO - Processing /home/anhtupham99/miniforge3/envs/nba/lib/python3.11/site-packages/airflow/example_dags/plugins/listener_plugin.py took 0.016 seconds
[2025-01-30T02:55:46.856+0800] {processor.py:186} INFO - Started process (PID=21751) to work on /home/anhtupham99/miniforge3/envs/nba/lib/python3.11/site-packages/airflow/example_dags/plugins/listener_plugin.py
[2025-01-30T02:55:46.858+0800] {processor.py:914} INFO - Processing file /home/anhtupham99/miniforge3/envs/nba/lib/python3.11/site-packages/airflow/example_dags/plugins/listener_plugin.py for tasks to queue
[2025-01-30T02:55:46.859+0800] {logging_mixin.py:190} INFO - [2025-01-30T02:55:46.859+0800] {dagbag.py:588} INFO - Filling up the DagBag from /home/anhtupham99/miniforge3/envs/nba/lib/python3.11/site-packages/airflow/example_dags/plugins/listener_plugin.py
[2025-01-30T02:55:46.861+0800] {processor.py:927} WARNING - No viable dags retrieved from /home/anhtupham99/miniforge3/envs/nba/lib/python3.11/site-packages/airflow/example_dags/plugins/listener_plugin.py
[2025-01-30T02:55:46.868+0800] {processor.py:208} INFO - Processing /home/anhtupham99/miniforge3/envs/nba/lib/python3.11/site-packages/airflow/example_dags/plugins/listener_plugin.py took 0.016 seconds
[2025-01-30T02:56:33.113+0800] {processor.py:186} INFO - Started process (PID=22019) to work on /home/anhtupham99/miniforge3/envs/nba/lib/python3.11/site-packages/airflow/example_dags/plugins/listener_plugin.py
[2025-01-30T02:56:33.114+0800] {processor.py:914} INFO - Processing file /home/anhtupham99/miniforge3/envs/nba/lib/python3.11/site-packages/airflow/example_dags/plugins/listener_plugin.py for tasks to queue
[2025-01-30T02:56:33.116+0800] {logging_mixin.py:190} INFO - [2025-01-30T02:56:33.115+0800] {dagbag.py:588} INFO - Filling up the DagBag from /home/anhtupham99/miniforge3/envs/nba/lib/python3.11/site-packages/airflow/example_dags/plugins/listener_plugin.py
[2025-01-30T02:56:33.117+0800] {processor.py:927} WARNING - No viable dags retrieved from /home/anhtupham99/miniforge3/envs/nba/lib/python3.11/site-packages/airflow/example_dags/plugins/listener_plugin.py
[2025-01-30T02:56:33.124+0800] {processor.py:208} INFO - Processing /home/anhtupham99/miniforge3/envs/nba/lib/python3.11/site-packages/airflow/example_dags/plugins/listener_plugin.py took 0.016 seconds
[2025-01-30T02:57:21.738+0800] {processor.py:186} INFO - Started process (PID=22288) to work on /home/anhtupham99/miniforge3/envs/nba/lib/python3.11/site-packages/airflow/example_dags/plugins/listener_plugin.py
[2025-01-30T02:57:21.740+0800] {processor.py:914} INFO - Processing file /home/anhtupham99/miniforge3/envs/nba/lib/python3.11/site-packages/airflow/example_dags/plugins/listener_plugin.py for tasks to queue
[2025-01-30T02:57:21.742+0800] {logging_mixin.py:190} INFO - [2025-01-30T02:57:21.742+0800] {dagbag.py:588} INFO - Filling up the DagBag from /home/anhtupham99/miniforge3/envs/nba/lib/python3.11/site-packages/airflow/example_dags/plugins/listener_plugin.py
[2025-01-30T02:57:21.744+0800] {processor.py:927} WARNING - No viable dags retrieved from /home/anhtupham99/miniforge3/envs/nba/lib/python3.11/site-packages/airflow/example_dags/plugins/listener_plugin.py
[2025-01-30T02:57:21.753+0800] {processor.py:208} INFO - Processing /home/anhtupham99/miniforge3/envs/nba/lib/python3.11/site-packages/airflow/example_dags/plugins/listener_plugin.py took 0.019 seconds
[2025-01-30T02:58:09.677+0800] {processor.py:186} INFO - Started process (PID=22613) to work on /home/anhtupham99/miniforge3/envs/nba/lib/python3.11/site-packages/airflow/example_dags/plugins/listener_plugin.py
[2025-01-30T02:58:09.678+0800] {processor.py:914} INFO - Processing file /home/anhtupham99/miniforge3/envs/nba/lib/python3.11/site-packages/airflow/example_dags/plugins/listener_plugin.py for tasks to queue
[2025-01-30T02:58:09.680+0800] {logging_mixin.py:190} INFO - [2025-01-30T02:58:09.680+0800] {dagbag.py:588} INFO - Filling up the DagBag from /home/anhtupham99/miniforge3/envs/nba/lib/python3.11/site-packages/airflow/example_dags/plugins/listener_plugin.py
[2025-01-30T02:58:09.682+0800] {processor.py:927} WARNING - No viable dags retrieved from /home/anhtupham99/miniforge3/envs/nba/lib/python3.11/site-packages/airflow/example_dags/plugins/listener_plugin.py
[2025-01-30T02:58:09.688+0800] {processor.py:208} INFO - Processing /home/anhtupham99/miniforge3/envs/nba/lib/python3.11/site-packages/airflow/example_dags/plugins/listener_plugin.py took 0.015 seconds
[2025-01-30T02:58:59.648+0800] {processor.py:186} INFO - Started process (PID=22898) to work on /home/anhtupham99/miniforge3/envs/nba/lib/python3.11/site-packages/airflow/example_dags/plugins/listener_plugin.py
[2025-01-30T02:58:59.649+0800] {processor.py:914} INFO - Processing file /home/anhtupham99/miniforge3/envs/nba/lib/python3.11/site-packages/airflow/example_dags/plugins/listener_plugin.py for tasks to queue
[2025-01-30T02:58:59.651+0800] {logging_mixin.py:190} INFO - [2025-01-30T02:58:59.651+0800] {dagbag.py:588} INFO - Filling up the DagBag from /home/anhtupham99/miniforge3/envs/nba/lib/python3.11/site-packages/airflow/example_dags/plugins/listener_plugin.py
[2025-01-30T02:58:59.653+0800] {processor.py:927} WARNING - No viable dags retrieved from /home/anhtupham99/miniforge3/envs/nba/lib/python3.11/site-packages/airflow/example_dags/plugins/listener_plugin.py
[2025-01-30T02:58:59.660+0800] {processor.py:208} INFO - Processing /home/anhtupham99/miniforge3/envs/nba/lib/python3.11/site-packages/airflow/example_dags/plugins/listener_plugin.py took 0.016 seconds
[2025-01-30T02:59:49.869+0800] {processor.py:186} INFO - Started process (PID=23188) to work on /home/anhtupham99/miniforge3/envs/nba/lib/python3.11/site-packages/airflow/example_dags/plugins/listener_plugin.py
[2025-01-30T02:59:49.871+0800] {processor.py:914} INFO - Processing file /home/anhtupham99/miniforge3/envs/nba/lib/python3.11/site-packages/airflow/example_dags/plugins/listener_plugin.py for tasks to queue
[2025-01-30T02:59:49.872+0800] {logging_mixin.py:190} INFO - [2025-01-30T02:59:49.872+0800] {dagbag.py:588} INFO - Filling up the DagBag from /home/anhtupham99/miniforge3/envs/nba/lib/python3.11/site-packages/airflow/example_dags/plugins/listener_plugin.py
[2025-01-30T02:59:49.874+0800] {processor.py:927} WARNING - No viable dags retrieved from /home/anhtupham99/miniforge3/envs/nba/lib/python3.11/site-packages/airflow/example_dags/plugins/listener_plugin.py
[2025-01-30T02:59:49.880+0800] {processor.py:208} INFO - Processing /home/anhtupham99/miniforge3/envs/nba/lib/python3.11/site-packages/airflow/example_dags/plugins/listener_plugin.py took 0.015 seconds
[2025-01-30T03:00:41.778+0800] {processor.py:186} INFO - Started process (PID=23498) to work on /home/anhtupham99/miniforge3/envs/nba/lib/python3.11/site-packages/airflow/example_dags/plugins/listener_plugin.py
[2025-01-30T03:00:41.779+0800] {processor.py:914} INFO - Processing file /home/anhtupham99/miniforge3/envs/nba/lib/python3.11/site-packages/airflow/example_dags/plugins/listener_plugin.py for tasks to queue
[2025-01-30T03:00:41.781+0800] {logging_mixin.py:190} INFO - [2025-01-30T03:00:41.781+0800] {dagbag.py:588} INFO - Filling up the DagBag from /home/anhtupham99/miniforge3/envs/nba/lib/python3.11/site-packages/airflow/example_dags/plugins/listener_plugin.py
[2025-01-30T03:00:41.783+0800] {processor.py:927} WARNING - No viable dags retrieved from /home/anhtupham99/miniforge3/envs/nba/lib/python3.11/site-packages/airflow/example_dags/plugins/listener_plugin.py
[2025-01-30T03:00:41.789+0800] {processor.py:208} INFO - Processing /home/anhtupham99/miniforge3/envs/nba/lib/python3.11/site-packages/airflow/example_dags/plugins/listener_plugin.py took 0.015 seconds
[2025-01-30T03:01:27.471+0800] {processor.py:186} INFO - Started process (PID=23766) to work on /home/anhtupham99/miniforge3/envs/nba/lib/python3.11/site-packages/airflow/example_dags/plugins/listener_plugin.py
[2025-01-30T03:01:27.473+0800] {processor.py:914} INFO - Processing file /home/anhtupham99/miniforge3/envs/nba/lib/python3.11/site-packages/airflow/example_dags/plugins/listener_plugin.py for tasks to queue
[2025-01-30T03:01:27.474+0800] {logging_mixin.py:190} INFO - [2025-01-30T03:01:27.474+0800] {dagbag.py:588} INFO - Filling up the DagBag from /home/anhtupham99/miniforge3/envs/nba/lib/python3.11/site-packages/airflow/example_dags/plugins/listener_plugin.py
[2025-01-30T03:01:27.476+0800] {processor.py:927} WARNING - No viable dags retrieved from /home/anhtupham99/miniforge3/envs/nba/lib/python3.11/site-packages/airflow/example_dags/plugins/listener_plugin.py
[2025-01-30T03:01:27.483+0800] {processor.py:208} INFO - Processing /home/anhtupham99/miniforge3/envs/nba/lib/python3.11/site-packages/airflow/example_dags/plugins/listener_plugin.py took 0.016 seconds
[2025-01-30T03:02:13.961+0800] {processor.py:186} INFO - Started process (PID=24063) to work on /home/anhtupham99/miniforge3/envs/nba/lib/python3.11/site-packages/airflow/example_dags/plugins/listener_plugin.py
[2025-01-30T03:02:13.962+0800] {processor.py:914} INFO - Processing file /home/anhtupham99/miniforge3/envs/nba/lib/python3.11/site-packages/airflow/example_dags/plugins/listener_plugin.py for tasks to queue
[2025-01-30T03:02:13.964+0800] {logging_mixin.py:190} INFO - [2025-01-30T03:02:13.964+0800] {dagbag.py:588} INFO - Filling up the DagBag from /home/anhtupham99/miniforge3/envs/nba/lib/python3.11/site-packages/airflow/example_dags/plugins/listener_plugin.py
[2025-01-30T03:02:13.966+0800] {processor.py:927} WARNING - No viable dags retrieved from /home/anhtupham99/miniforge3/envs/nba/lib/python3.11/site-packages/airflow/example_dags/plugins/listener_plugin.py
[2025-01-30T03:02:13.975+0800] {processor.py:208} INFO - Processing /home/anhtupham99/miniforge3/envs/nba/lib/python3.11/site-packages/airflow/example_dags/plugins/listener_plugin.py took 0.018 seconds
[2025-01-30T03:03:01.664+0800] {processor.py:186} INFO - Started process (PID=24337) to work on /home/anhtupham99/miniforge3/envs/nba/lib/python3.11/site-packages/airflow/example_dags/plugins/listener_plugin.py
[2025-01-30T03:03:01.666+0800] {processor.py:914} INFO - Processing file /home/anhtupham99/miniforge3/envs/nba/lib/python3.11/site-packages/airflow/example_dags/plugins/listener_plugin.py for tasks to queue
[2025-01-30T03:03:01.668+0800] {logging_mixin.py:190} INFO - [2025-01-30T03:03:01.667+0800] {dagbag.py:588} INFO - Filling up the DagBag from /home/anhtupham99/miniforge3/envs/nba/lib/python3.11/site-packages/airflow/example_dags/plugins/listener_plugin.py
[2025-01-30T03:03:01.669+0800] {processor.py:927} WARNING - No viable dags retrieved from /home/anhtupham99/miniforge3/envs/nba/lib/python3.11/site-packages/airflow/example_dags/plugins/listener_plugin.py
[2025-01-30T03:03:01.676+0800] {processor.py:208} INFO - Processing /home/anhtupham99/miniforge3/envs/nba/lib/python3.11/site-packages/airflow/example_dags/plugins/listener_plugin.py took 0.016 seconds
[2025-01-30T03:03:50.567+0800] {processor.py:186} INFO - Started process (PID=24606) to work on /home/anhtupham99/miniforge3/envs/nba/lib/python3.11/site-packages/airflow/example_dags/plugins/listener_plugin.py
[2025-01-30T03:03:50.568+0800] {processor.py:914} INFO - Processing file /home/anhtupham99/miniforge3/envs/nba/lib/python3.11/site-packages/airflow/example_dags/plugins/listener_plugin.py for tasks to queue
[2025-01-30T03:03:50.570+0800] {logging_mixin.py:190} INFO - [2025-01-30T03:03:50.570+0800] {dagbag.py:588} INFO - Filling up the DagBag from /home/anhtupham99/miniforge3/envs/nba/lib/python3.11/site-packages/airflow/example_dags/plugins/listener_plugin.py
[2025-01-30T03:03:50.572+0800] {processor.py:927} WARNING - No viable dags retrieved from /home/anhtupham99/miniforge3/envs/nba/lib/python3.11/site-packages/airflow/example_dags/plugins/listener_plugin.py
[2025-01-30T03:03:50.578+0800] {processor.py:208} INFO - Processing /home/anhtupham99/miniforge3/envs/nba/lib/python3.11/site-packages/airflow/example_dags/plugins/listener_plugin.py took 0.016 seconds
[2025-01-30T03:04:38.028+0800] {processor.py:186} INFO - Started process (PID=24914) to work on /home/anhtupham99/miniforge3/envs/nba/lib/python3.11/site-packages/airflow/example_dags/plugins/listener_plugin.py
[2025-01-30T03:04:38.030+0800] {processor.py:914} INFO - Processing file /home/anhtupham99/miniforge3/envs/nba/lib/python3.11/site-packages/airflow/example_dags/plugins/listener_plugin.py for tasks to queue
[2025-01-30T03:04:38.032+0800] {logging_mixin.py:190} INFO - [2025-01-30T03:04:38.031+0800] {dagbag.py:588} INFO - Filling up the DagBag from /home/anhtupham99/miniforge3/envs/nba/lib/python3.11/site-packages/airflow/example_dags/plugins/listener_plugin.py
[2025-01-30T03:04:38.033+0800] {processor.py:927} WARNING - No viable dags retrieved from /home/anhtupham99/miniforge3/envs/nba/lib/python3.11/site-packages/airflow/example_dags/plugins/listener_plugin.py
[2025-01-30T03:04:38.040+0800] {processor.py:208} INFO - Processing /home/anhtupham99/miniforge3/envs/nba/lib/python3.11/site-packages/airflow/example_dags/plugins/listener_plugin.py took 0.016 seconds
[2025-01-30T03:05:30.152+0800] {processor.py:186} INFO - Started process (PID=25227) to work on /home/anhtupham99/miniforge3/envs/nba/lib/python3.11/site-packages/airflow/example_dags/plugins/listener_plugin.py
[2025-01-30T03:05:30.153+0800] {processor.py:914} INFO - Processing file /home/anhtupham99/miniforge3/envs/nba/lib/python3.11/site-packages/airflow/example_dags/plugins/listener_plugin.py for tasks to queue
[2025-01-30T03:05:30.155+0800] {logging_mixin.py:190} INFO - [2025-01-30T03:05:30.155+0800] {dagbag.py:588} INFO - Filling up the DagBag from /home/anhtupham99/miniforge3/envs/nba/lib/python3.11/site-packages/airflow/example_dags/plugins/listener_plugin.py
[2025-01-30T03:05:30.156+0800] {processor.py:927} WARNING - No viable dags retrieved from /home/anhtupham99/miniforge3/envs/nba/lib/python3.11/site-packages/airflow/example_dags/plugins/listener_plugin.py
[2025-01-30T03:05:30.163+0800] {processor.py:208} INFO - Processing /home/anhtupham99/miniforge3/envs/nba/lib/python3.11/site-packages/airflow/example_dags/plugins/listener_plugin.py took 0.016 seconds
[2025-01-30T03:06:17.283+0800] {processor.py:186} INFO - Started process (PID=25485) to work on /home/anhtupham99/miniforge3/envs/nba/lib/python3.11/site-packages/airflow/example_dags/plugins/listener_plugin.py
[2025-01-30T03:06:17.284+0800] {processor.py:914} INFO - Processing file /home/anhtupham99/miniforge3/envs/nba/lib/python3.11/site-packages/airflow/example_dags/plugins/listener_plugin.py for tasks to queue
[2025-01-30T03:06:17.286+0800] {logging_mixin.py:190} INFO - [2025-01-30T03:06:17.286+0800] {dagbag.py:588} INFO - Filling up the DagBag from /home/anhtupham99/miniforge3/envs/nba/lib/python3.11/site-packages/airflow/example_dags/plugins/listener_plugin.py
[2025-01-30T03:06:17.288+0800] {processor.py:927} WARNING - No viable dags retrieved from /home/anhtupham99/miniforge3/envs/nba/lib/python3.11/site-packages/airflow/example_dags/plugins/listener_plugin.py
[2025-01-30T03:06:17.295+0800] {processor.py:208} INFO - Processing /home/anhtupham99/miniforge3/envs/nba/lib/python3.11/site-packages/airflow/example_dags/plugins/listener_plugin.py took 0.016 seconds
[2025-01-30T03:07:07.971+0800] {processor.py:186} INFO - Started process (PID=25821) to work on /home/anhtupham99/miniforge3/envs/nba/lib/python3.11/site-packages/airflow/example_dags/plugins/listener_plugin.py
[2025-01-30T03:07:07.975+0800] {processor.py:914} INFO - Processing file /home/anhtupham99/miniforge3/envs/nba/lib/python3.11/site-packages/airflow/example_dags/plugins/listener_plugin.py for tasks to queue
[2025-01-30T03:07:07.977+0800] {logging_mixin.py:190} INFO - [2025-01-30T03:07:07.976+0800] {dagbag.py:588} INFO - Filling up the DagBag from /home/anhtupham99/miniforge3/envs/nba/lib/python3.11/site-packages/airflow/example_dags/plugins/listener_plugin.py
[2025-01-30T03:07:07.978+0800] {processor.py:927} WARNING - No viable dags retrieved from /home/anhtupham99/miniforge3/envs/nba/lib/python3.11/site-packages/airflow/example_dags/plugins/listener_plugin.py
[2025-01-30T03:07:07.986+0800] {processor.py:208} INFO - Processing /home/anhtupham99/miniforge3/envs/nba/lib/python3.11/site-packages/airflow/example_dags/plugins/listener_plugin.py took 0.019 seconds
[2025-01-30T03:07:59.355+0800] {processor.py:186} INFO - Started process (PID=26100) to work on /home/anhtupham99/miniforge3/envs/nba/lib/python3.11/site-packages/airflow/example_dags/plugins/listener_plugin.py
[2025-01-30T03:07:59.356+0800] {processor.py:914} INFO - Processing file /home/anhtupham99/miniforge3/envs/nba/lib/python3.11/site-packages/airflow/example_dags/plugins/listener_plugin.py for tasks to queue
[2025-01-30T03:07:59.358+0800] {logging_mixin.py:190} INFO - [2025-01-30T03:07:59.358+0800] {dagbag.py:588} INFO - Filling up the DagBag from /home/anhtupham99/miniforge3/envs/nba/lib/python3.11/site-packages/airflow/example_dags/plugins/listener_plugin.py
[2025-01-30T03:07:59.360+0800] {processor.py:927} WARNING - No viable dags retrieved from /home/anhtupham99/miniforge3/envs/nba/lib/python3.11/site-packages/airflow/example_dags/plugins/listener_plugin.py
[2025-01-30T03:07:59.368+0800] {processor.py:208} INFO - Processing /home/anhtupham99/miniforge3/envs/nba/lib/python3.11/site-packages/airflow/example_dags/plugins/listener_plugin.py took 0.017 seconds
[2025-01-30T03:08:46.638+0800] {processor.py:186} INFO - Started process (PID=26377) to work on /home/anhtupham99/miniforge3/envs/nba/lib/python3.11/site-packages/airflow/example_dags/plugins/listener_plugin.py
[2025-01-30T03:08:46.640+0800] {processor.py:914} INFO - Processing file /home/anhtupham99/miniforge3/envs/nba/lib/python3.11/site-packages/airflow/example_dags/plugins/listener_plugin.py for tasks to queue
[2025-01-30T03:08:46.642+0800] {logging_mixin.py:190} INFO - [2025-01-30T03:08:46.641+0800] {dagbag.py:588} INFO - Filling up the DagBag from /home/anhtupham99/miniforge3/envs/nba/lib/python3.11/site-packages/airflow/example_dags/plugins/listener_plugin.py
[2025-01-30T03:08:46.644+0800] {processor.py:927} WARNING - No viable dags retrieved from /home/anhtupham99/miniforge3/envs/nba/lib/python3.11/site-packages/airflow/example_dags/plugins/listener_plugin.py
[2025-01-30T03:08:46.653+0800] {processor.py:208} INFO - Processing /home/anhtupham99/miniforge3/envs/nba/lib/python3.11/site-packages/airflow/example_dags/plugins/listener_plugin.py took 0.020 seconds
[2025-01-30T03:09:35.107+0800] {processor.py:186} INFO - Started process (PID=26650) to work on /home/anhtupham99/miniforge3/envs/nba/lib/python3.11/site-packages/airflow/example_dags/plugins/listener_plugin.py
[2025-01-30T03:09:35.108+0800] {processor.py:914} INFO - Processing file /home/anhtupham99/miniforge3/envs/nba/lib/python3.11/site-packages/airflow/example_dags/plugins/listener_plugin.py for tasks to queue
[2025-01-30T03:09:35.110+0800] {logging_mixin.py:190} INFO - [2025-01-30T03:09:35.110+0800] {dagbag.py:588} INFO - Filling up the DagBag from /home/anhtupham99/miniforge3/envs/nba/lib/python3.11/site-packages/airflow/example_dags/plugins/listener_plugin.py
[2025-01-30T03:09:35.112+0800] {processor.py:927} WARNING - No viable dags retrieved from /home/anhtupham99/miniforge3/envs/nba/lib/python3.11/site-packages/airflow/example_dags/plugins/listener_plugin.py
[2025-01-30T03:09:35.119+0800] {processor.py:208} INFO - Processing /home/anhtupham99/miniforge3/envs/nba/lib/python3.11/site-packages/airflow/example_dags/plugins/listener_plugin.py took 0.016 seconds
[2025-01-30T06:11:29.434+0800] {processor.py:186} INFO - Started process (PID=26864) to work on /home/anhtupham99/miniforge3/envs/nba/lib/python3.11/site-packages/airflow/example_dags/plugins/listener_plugin.py
[2025-01-30T06:11:29.436+0800] {processor.py:914} INFO - Processing file /home/anhtupham99/miniforge3/envs/nba/lib/python3.11/site-packages/airflow/example_dags/plugins/listener_plugin.py for tasks to queue
[2025-01-30T06:11:29.439+0800] {logging_mixin.py:190} INFO - [2025-01-30T06:11:29.438+0800] {dagbag.py:588} INFO - Filling up the DagBag from /home/anhtupham99/miniforge3/envs/nba/lib/python3.11/site-packages/airflow/example_dags/plugins/listener_plugin.py
[2025-01-30T06:11:29.442+0800] {processor.py:927} WARNING - No viable dags retrieved from /home/anhtupham99/miniforge3/envs/nba/lib/python3.11/site-packages/airflow/example_dags/plugins/listener_plugin.py
[2025-01-30T06:11:29.455+0800] {processor.py:208} INFO - Processing /home/anhtupham99/miniforge3/envs/nba/lib/python3.11/site-packages/airflow/example_dags/plugins/listener_plugin.py took 0.031 seconds
[2025-01-30T06:12:22.510+0800] {processor.py:186} INFO - Started process (PID=27169) to work on /home/anhtupham99/miniforge3/envs/nba/lib/python3.11/site-packages/airflow/example_dags/plugins/listener_plugin.py
[2025-01-30T06:12:22.512+0800] {processor.py:914} INFO - Processing file /home/anhtupham99/miniforge3/envs/nba/lib/python3.11/site-packages/airflow/example_dags/plugins/listener_plugin.py for tasks to queue
[2025-01-30T06:12:22.515+0800] {logging_mixin.py:190} INFO - [2025-01-30T06:12:22.514+0800] {dagbag.py:588} INFO - Filling up the DagBag from /home/anhtupham99/miniforge3/envs/nba/lib/python3.11/site-packages/airflow/example_dags/plugins/listener_plugin.py
[2025-01-30T06:12:22.517+0800] {processor.py:927} WARNING - No viable dags retrieved from /home/anhtupham99/miniforge3/envs/nba/lib/python3.11/site-packages/airflow/example_dags/plugins/listener_plugin.py
[2025-01-30T06:12:22.526+0800] {processor.py:208} INFO - Processing /home/anhtupham99/miniforge3/envs/nba/lib/python3.11/site-packages/airflow/example_dags/plugins/listener_plugin.py took 0.021 seconds
[2025-01-30T06:13:11.089+0800] {processor.py:186} INFO - Started process (PID=27491) to work on /home/anhtupham99/miniforge3/envs/nba/lib/python3.11/site-packages/airflow/example_dags/plugins/listener_plugin.py
[2025-01-30T06:13:11.093+0800] {processor.py:914} INFO - Processing file /home/anhtupham99/miniforge3/envs/nba/lib/python3.11/site-packages/airflow/example_dags/plugins/listener_plugin.py for tasks to queue
[2025-01-30T06:13:11.095+0800] {logging_mixin.py:190} INFO - [2025-01-30T06:13:11.095+0800] {dagbag.py:588} INFO - Filling up the DagBag from /home/anhtupham99/miniforge3/envs/nba/lib/python3.11/site-packages/airflow/example_dags/plugins/listener_plugin.py
[2025-01-30T06:13:11.097+0800] {processor.py:927} WARNING - No viable dags retrieved from /home/anhtupham99/miniforge3/envs/nba/lib/python3.11/site-packages/airflow/example_dags/plugins/listener_plugin.py
[2025-01-30T06:13:11.106+0800] {processor.py:208} INFO - Processing /home/anhtupham99/miniforge3/envs/nba/lib/python3.11/site-packages/airflow/example_dags/plugins/listener_plugin.py took 0.023 seconds
