[2025-04-15T23:46:35.136+0700] {processor.py:186} INFO - Started process (PID=297522) to work on /home/anhtupham99/NBA-analytics/py_env/lib/python3.11/site-packages/airflow/example_dags/subdags/subdag.py
[2025-04-15T23:46:35.136+0700] {processor.py:914} INFO - Processing file /home/anhtupham99/NBA-analytics/py_env/lib/python3.11/site-packages/airflow/example_dags/subdags/subdag.py for tasks to queue
[2025-04-15T23:46:35.138+0700] {logging_mixin.py:190} INFO - [2025-04-15T23:46:35.137+0700] {dagbag.py:588} INFO - Filling up the DagBag from /home/anhtupham99/NBA-analytics/py_env/lib/python3.11/site-packages/airflow/example_dags/subdags/subdag.py
[2025-04-15T23:46:35.139+0700] {processor.py:927} WARNING - No viable dags retrieved from /home/anhtupham99/NBA-analytics/py_env/lib/python3.11/site-packages/airflow/example_dags/subdags/subdag.py
[2025-04-15T23:46:35.147+0700] {processor.py:208} INFO - Processing /home/anhtupham99/NBA-analytics/py_env/lib/python3.11/site-packages/airflow/example_dags/subdags/subdag.py took 0.016 seconds
[2025-04-15T23:47:40.886+0700] {processor.py:186} INFO - Started process (PID=298946) to work on /home/anhtupham99/NBA-analytics/py_env/lib/python3.11/site-packages/airflow/example_dags/subdags/subdag.py
[2025-04-15T23:47:40.887+0700] {processor.py:914} INFO - Processing file /home/anhtupham99/NBA-analytics/py_env/lib/python3.11/site-packages/airflow/example_dags/subdags/subdag.py for tasks to queue
[2025-04-15T23:47:40.889+0700] {logging_mixin.py:190} INFO - [2025-04-15T23:47:40.888+0700] {dagbag.py:588} INFO - Filling up the DagBag from /home/anhtupham99/NBA-analytics/py_env/lib/python3.11/site-packages/airflow/example_dags/subdags/subdag.py
[2025-04-15T23:47:40.891+0700] {processor.py:927} WARNING - No viable dags retrieved from /home/anhtupham99/NBA-analytics/py_env/lib/python3.11/site-packages/airflow/example_dags/subdags/subdag.py
[2025-04-15T23:47:40.899+0700] {processor.py:208} INFO - Processing /home/anhtupham99/NBA-analytics/py_env/lib/python3.11/site-packages/airflow/example_dags/subdags/subdag.py took 0.018 seconds
[2025-04-15T23:48:37.630+0700] {processor.py:186} INFO - Started process (PID=300397) to work on /home/anhtupham99/NBA-analytics/py_env/lib/python3.11/site-packages/airflow/example_dags/subdags/subdag.py
[2025-04-15T23:48:37.631+0700] {processor.py:914} INFO - Processing file /home/anhtupham99/NBA-analytics/py_env/lib/python3.11/site-packages/airflow/example_dags/subdags/subdag.py for tasks to queue
[2025-04-15T23:48:37.633+0700] {logging_mixin.py:190} INFO - [2025-04-15T23:48:37.633+0700] {dagbag.py:588} INFO - Filling up the DagBag from /home/anhtupham99/NBA-analytics/py_env/lib/python3.11/site-packages/airflow/example_dags/subdags/subdag.py
[2025-04-15T23:48:37.636+0700] {processor.py:927} WARNING - No viable dags retrieved from /home/anhtupham99/NBA-analytics/py_env/lib/python3.11/site-packages/airflow/example_dags/subdags/subdag.py
[2025-04-15T23:48:37.649+0700] {processor.py:208} INFO - Processing /home/anhtupham99/NBA-analytics/py_env/lib/python3.11/site-packages/airflow/example_dags/subdags/subdag.py took 0.026 seconds
[2025-04-15T23:49:25.379+0700] {processor.py:186} INFO - Started process (PID=301342) to work on /home/anhtupham99/NBA-analytics/py_env/lib/python3.11/site-packages/airflow/example_dags/subdags/subdag.py
[2025-04-15T23:49:25.381+0700] {processor.py:914} INFO - Processing file /home/anhtupham99/NBA-analytics/py_env/lib/python3.11/site-packages/airflow/example_dags/subdags/subdag.py for tasks to queue
[2025-04-15T23:49:25.387+0700] {logging_mixin.py:190} INFO - [2025-04-15T23:49:25.387+0700] {dagbag.py:588} INFO - Filling up the DagBag from /home/anhtupham99/NBA-analytics/py_env/lib/python3.11/site-packages/airflow/example_dags/subdags/subdag.py
[2025-04-15T23:49:25.389+0700] {processor.py:927} WARNING - No viable dags retrieved from /home/anhtupham99/NBA-analytics/py_env/lib/python3.11/site-packages/airflow/example_dags/subdags/subdag.py
[2025-04-15T23:49:25.398+0700] {processor.py:208} INFO - Processing /home/anhtupham99/NBA-analytics/py_env/lib/python3.11/site-packages/airflow/example_dags/subdags/subdag.py took 0.028 seconds
[2025-04-15T23:50:10.859+0700] {processor.py:186} INFO - Started process (PID=302345) to work on /home/anhtupham99/NBA-analytics/py_env/lib/python3.11/site-packages/airflow/example_dags/subdags/subdag.py
[2025-04-15T23:50:10.861+0700] {processor.py:914} INFO - Processing file /home/anhtupham99/NBA-analytics/py_env/lib/python3.11/site-packages/airflow/example_dags/subdags/subdag.py for tasks to queue
[2025-04-15T23:50:10.865+0700] {logging_mixin.py:190} INFO - [2025-04-15T23:50:10.864+0700] {dagbag.py:588} INFO - Filling up the DagBag from /home/anhtupham99/NBA-analytics/py_env/lib/python3.11/site-packages/airflow/example_dags/subdags/subdag.py
[2025-04-15T23:50:10.868+0700] {processor.py:927} WARNING - No viable dags retrieved from /home/anhtupham99/NBA-analytics/py_env/lib/python3.11/site-packages/airflow/example_dags/subdags/subdag.py
[2025-04-15T23:50:10.890+0700] {processor.py:208} INFO - Processing /home/anhtupham99/NBA-analytics/py_env/lib/python3.11/site-packages/airflow/example_dags/subdags/subdag.py took 0.040 seconds
[2025-04-15T23:51:06.615+0700] {processor.py:186} INFO - Started process (PID=303436) to work on /home/anhtupham99/NBA-analytics/py_env/lib/python3.11/site-packages/airflow/example_dags/subdags/subdag.py
[2025-04-15T23:51:06.619+0700] {processor.py:914} INFO - Processing file /home/anhtupham99/NBA-analytics/py_env/lib/python3.11/site-packages/airflow/example_dags/subdags/subdag.py for tasks to queue
[2025-04-15T23:51:06.620+0700] {logging_mixin.py:190} INFO - [2025-04-15T23:51:06.620+0700] {dagbag.py:588} INFO - Filling up the DagBag from /home/anhtupham99/NBA-analytics/py_env/lib/python3.11/site-packages/airflow/example_dags/subdags/subdag.py
[2025-04-15T23:51:06.622+0700] {processor.py:927} WARNING - No viable dags retrieved from /home/anhtupham99/NBA-analytics/py_env/lib/python3.11/site-packages/airflow/example_dags/subdags/subdag.py
[2025-04-15T23:51:06.631+0700] {processor.py:208} INFO - Processing /home/anhtupham99/NBA-analytics/py_env/lib/python3.11/site-packages/airflow/example_dags/subdags/subdag.py took 0.020 seconds
[2025-04-15T23:51:54.492+0700] {processor.py:186} INFO - Started process (PID=304304) to work on /home/anhtupham99/NBA-analytics/py_env/lib/python3.11/site-packages/airflow/example_dags/subdags/subdag.py
[2025-04-15T23:51:54.493+0700] {processor.py:914} INFO - Processing file /home/anhtupham99/NBA-analytics/py_env/lib/python3.11/site-packages/airflow/example_dags/subdags/subdag.py for tasks to queue
[2025-04-15T23:51:54.495+0700] {logging_mixin.py:190} INFO - [2025-04-15T23:51:54.495+0700] {dagbag.py:588} INFO - Filling up the DagBag from /home/anhtupham99/NBA-analytics/py_env/lib/python3.11/site-packages/airflow/example_dags/subdags/subdag.py
[2025-04-15T23:51:54.497+0700] {processor.py:927} WARNING - No viable dags retrieved from /home/anhtupham99/NBA-analytics/py_env/lib/python3.11/site-packages/airflow/example_dags/subdags/subdag.py
[2025-04-15T23:51:54.505+0700] {processor.py:208} INFO - Processing /home/anhtupham99/NBA-analytics/py_env/lib/python3.11/site-packages/airflow/example_dags/subdags/subdag.py took 0.018 seconds
[2025-04-15T23:52:40.616+0700] {processor.py:186} INFO - Started process (PID=305277) to work on /home/anhtupham99/NBA-analytics/py_env/lib/python3.11/site-packages/airflow/example_dags/subdags/subdag.py
[2025-04-15T23:52:40.617+0700] {processor.py:914} INFO - Processing file /home/anhtupham99/NBA-analytics/py_env/lib/python3.11/site-packages/airflow/example_dags/subdags/subdag.py for tasks to queue
[2025-04-15T23:52:40.619+0700] {logging_mixin.py:190} INFO - [2025-04-15T23:52:40.618+0700] {dagbag.py:588} INFO - Filling up the DagBag from /home/anhtupham99/NBA-analytics/py_env/lib/python3.11/site-packages/airflow/example_dags/subdags/subdag.py
[2025-04-15T23:52:40.620+0700] {processor.py:927} WARNING - No viable dags retrieved from /home/anhtupham99/NBA-analytics/py_env/lib/python3.11/site-packages/airflow/example_dags/subdags/subdag.py
[2025-04-15T23:52:40.628+0700] {processor.py:208} INFO - Processing /home/anhtupham99/NBA-analytics/py_env/lib/python3.11/site-packages/airflow/example_dags/subdags/subdag.py took 0.017 seconds
[2025-04-15T23:53:28.218+0700] {processor.py:186} INFO - Started process (PID=306152) to work on /home/anhtupham99/NBA-analytics/py_env/lib/python3.11/site-packages/airflow/example_dags/subdags/subdag.py
[2025-04-15T23:53:28.219+0700] {processor.py:914} INFO - Processing file /home/anhtupham99/NBA-analytics/py_env/lib/python3.11/site-packages/airflow/example_dags/subdags/subdag.py for tasks to queue
[2025-04-15T23:53:28.221+0700] {logging_mixin.py:190} INFO - [2025-04-15T23:53:28.221+0700] {dagbag.py:588} INFO - Filling up the DagBag from /home/anhtupham99/NBA-analytics/py_env/lib/python3.11/site-packages/airflow/example_dags/subdags/subdag.py
[2025-04-15T23:53:28.222+0700] {processor.py:927} WARNING - No viable dags retrieved from /home/anhtupham99/NBA-analytics/py_env/lib/python3.11/site-packages/airflow/example_dags/subdags/subdag.py
[2025-04-15T23:53:28.230+0700] {processor.py:208} INFO - Processing /home/anhtupham99/NBA-analytics/py_env/lib/python3.11/site-packages/airflow/example_dags/subdags/subdag.py took 0.017 seconds
[2025-04-15T23:54:15.655+0700] {processor.py:186} INFO - Started process (PID=307053) to work on /home/anhtupham99/NBA-analytics/py_env/lib/python3.11/site-packages/airflow/example_dags/subdags/subdag.py
[2025-04-15T23:54:15.656+0700] {processor.py:914} INFO - Processing file /home/anhtupham99/NBA-analytics/py_env/lib/python3.11/site-packages/airflow/example_dags/subdags/subdag.py for tasks to queue
[2025-04-15T23:54:15.658+0700] {logging_mixin.py:190} INFO - [2025-04-15T23:54:15.657+0700] {dagbag.py:588} INFO - Filling up the DagBag from /home/anhtupham99/NBA-analytics/py_env/lib/python3.11/site-packages/airflow/example_dags/subdags/subdag.py
[2025-04-15T23:54:15.659+0700] {processor.py:927} WARNING - No viable dags retrieved from /home/anhtupham99/NBA-analytics/py_env/lib/python3.11/site-packages/airflow/example_dags/subdags/subdag.py
[2025-04-15T23:54:15.667+0700] {processor.py:208} INFO - Processing /home/anhtupham99/NBA-analytics/py_env/lib/python3.11/site-packages/airflow/example_dags/subdags/subdag.py took 0.016 seconds
[2025-04-15T23:55:02.815+0700] {processor.py:186} INFO - Started process (PID=308013) to work on /home/anhtupham99/NBA-analytics/py_env/lib/python3.11/site-packages/airflow/example_dags/subdags/subdag.py
[2025-04-15T23:55:02.816+0700] {processor.py:914} INFO - Processing file /home/anhtupham99/NBA-analytics/py_env/lib/python3.11/site-packages/airflow/example_dags/subdags/subdag.py for tasks to queue
[2025-04-15T23:55:02.818+0700] {logging_mixin.py:190} INFO - [2025-04-15T23:55:02.818+0700] {dagbag.py:588} INFO - Filling up the DagBag from /home/anhtupham99/NBA-analytics/py_env/lib/python3.11/site-packages/airflow/example_dags/subdags/subdag.py
[2025-04-15T23:55:02.820+0700] {processor.py:927} WARNING - No viable dags retrieved from /home/anhtupham99/NBA-analytics/py_env/lib/python3.11/site-packages/airflow/example_dags/subdags/subdag.py
[2025-04-15T23:55:02.830+0700] {processor.py:208} INFO - Processing /home/anhtupham99/NBA-analytics/py_env/lib/python3.11/site-packages/airflow/example_dags/subdags/subdag.py took 0.019 seconds
[2025-04-15T23:55:55.746+0700] {processor.py:186} INFO - Started process (PID=310946) to work on /home/anhtupham99/NBA-analytics/py_env/lib/python3.11/site-packages/airflow/example_dags/subdags/subdag.py
[2025-04-15T23:55:55.750+0700] {processor.py:914} INFO - Processing file /home/anhtupham99/NBA-analytics/py_env/lib/python3.11/site-packages/airflow/example_dags/subdags/subdag.py for tasks to queue
[2025-04-15T23:55:55.752+0700] {logging_mixin.py:190} INFO - [2025-04-15T23:55:55.752+0700] {dagbag.py:588} INFO - Filling up the DagBag from /home/anhtupham99/NBA-analytics/py_env/lib/python3.11/site-packages/airflow/example_dags/subdags/subdag.py
[2025-04-15T23:55:55.754+0700] {processor.py:927} WARNING - No viable dags retrieved from /home/anhtupham99/NBA-analytics/py_env/lib/python3.11/site-packages/airflow/example_dags/subdags/subdag.py
[2025-04-15T23:55:55.763+0700] {processor.py:208} INFO - Processing /home/anhtupham99/NBA-analytics/py_env/lib/python3.11/site-packages/airflow/example_dags/subdags/subdag.py took 0.020 seconds
[2025-04-15T23:56:43.409+0700] {processor.py:186} INFO - Started process (PID=312027) to work on /home/anhtupham99/NBA-analytics/py_env/lib/python3.11/site-packages/airflow/example_dags/subdags/subdag.py
[2025-04-15T23:56:43.411+0700] {processor.py:914} INFO - Processing file /home/anhtupham99/NBA-analytics/py_env/lib/python3.11/site-packages/airflow/example_dags/subdags/subdag.py for tasks to queue
[2025-04-15T23:56:43.413+0700] {logging_mixin.py:190} INFO - [2025-04-15T23:56:43.412+0700] {dagbag.py:588} INFO - Filling up the DagBag from /home/anhtupham99/NBA-analytics/py_env/lib/python3.11/site-packages/airflow/example_dags/subdags/subdag.py
[2025-04-15T23:56:43.415+0700] {processor.py:927} WARNING - No viable dags retrieved from /home/anhtupham99/NBA-analytics/py_env/lib/python3.11/site-packages/airflow/example_dags/subdags/subdag.py
[2025-04-15T23:56:43.426+0700] {processor.py:208} INFO - Processing /home/anhtupham99/NBA-analytics/py_env/lib/python3.11/site-packages/airflow/example_dags/subdags/subdag.py took 0.024 seconds
[2025-04-15T23:57:30.418+0700] {processor.py:186} INFO - Started process (PID=312954) to work on /home/anhtupham99/NBA-analytics/py_env/lib/python3.11/site-packages/airflow/example_dags/subdags/subdag.py
[2025-04-15T23:57:30.419+0700] {processor.py:914} INFO - Processing file /home/anhtupham99/NBA-analytics/py_env/lib/python3.11/site-packages/airflow/example_dags/subdags/subdag.py for tasks to queue
[2025-04-15T23:57:30.421+0700] {logging_mixin.py:190} INFO - [2025-04-15T23:57:30.420+0700] {dagbag.py:588} INFO - Filling up the DagBag from /home/anhtupham99/NBA-analytics/py_env/lib/python3.11/site-packages/airflow/example_dags/subdags/subdag.py
[2025-04-15T23:57:30.424+0700] {processor.py:927} WARNING - No viable dags retrieved from /home/anhtupham99/NBA-analytics/py_env/lib/python3.11/site-packages/airflow/example_dags/subdags/subdag.py
[2025-04-15T23:57:30.434+0700] {processor.py:208} INFO - Processing /home/anhtupham99/NBA-analytics/py_env/lib/python3.11/site-packages/airflow/example_dags/subdags/subdag.py took 0.022 seconds
[2025-04-15T23:58:21.593+0700] {processor.py:186} INFO - Started process (PID=313915) to work on /home/anhtupham99/NBA-analytics/py_env/lib/python3.11/site-packages/airflow/example_dags/subdags/subdag.py
[2025-04-15T23:58:21.594+0700] {processor.py:914} INFO - Processing file /home/anhtupham99/NBA-analytics/py_env/lib/python3.11/site-packages/airflow/example_dags/subdags/subdag.py for tasks to queue
[2025-04-15T23:58:21.596+0700] {logging_mixin.py:190} INFO - [2025-04-15T23:58:21.595+0700] {dagbag.py:588} INFO - Filling up the DagBag from /home/anhtupham99/NBA-analytics/py_env/lib/python3.11/site-packages/airflow/example_dags/subdags/subdag.py
[2025-04-15T23:58:21.598+0700] {processor.py:927} WARNING - No viable dags retrieved from /home/anhtupham99/NBA-analytics/py_env/lib/python3.11/site-packages/airflow/example_dags/subdags/subdag.py
[2025-04-15T23:58:21.607+0700] {processor.py:208} INFO - Processing /home/anhtupham99/NBA-analytics/py_env/lib/python3.11/site-packages/airflow/example_dags/subdags/subdag.py took 0.019 seconds
[2025-04-15T23:59:08.372+0700] {processor.py:186} INFO - Started process (PID=314941) to work on /home/anhtupham99/NBA-analytics/py_env/lib/python3.11/site-packages/airflow/example_dags/subdags/subdag.py
[2025-04-15T23:59:08.375+0700] {processor.py:914} INFO - Processing file /home/anhtupham99/NBA-analytics/py_env/lib/python3.11/site-packages/airflow/example_dags/subdags/subdag.py for tasks to queue
[2025-04-15T23:59:08.377+0700] {logging_mixin.py:190} INFO - [2025-04-15T23:59:08.377+0700] {dagbag.py:588} INFO - Filling up the DagBag from /home/anhtupham99/NBA-analytics/py_env/lib/python3.11/site-packages/airflow/example_dags/subdags/subdag.py
[2025-04-15T23:59:08.379+0700] {processor.py:927} WARNING - No viable dags retrieved from /home/anhtupham99/NBA-analytics/py_env/lib/python3.11/site-packages/airflow/example_dags/subdags/subdag.py
[2025-04-15T23:59:08.389+0700] {processor.py:208} INFO - Processing /home/anhtupham99/NBA-analytics/py_env/lib/python3.11/site-packages/airflow/example_dags/subdags/subdag.py took 0.024 seconds
[2025-04-15T23:59:58.620+0700] {processor.py:186} INFO - Started process (PID=315814) to work on /home/anhtupham99/NBA-analytics/py_env/lib/python3.11/site-packages/airflow/example_dags/subdags/subdag.py
[2025-04-15T23:59:58.621+0700] {processor.py:914} INFO - Processing file /home/anhtupham99/NBA-analytics/py_env/lib/python3.11/site-packages/airflow/example_dags/subdags/subdag.py for tasks to queue
[2025-04-15T23:59:58.623+0700] {logging_mixin.py:190} INFO - [2025-04-15T23:59:58.623+0700] {dagbag.py:588} INFO - Filling up the DagBag from /home/anhtupham99/NBA-analytics/py_env/lib/python3.11/site-packages/airflow/example_dags/subdags/subdag.py
[2025-04-15T23:59:58.625+0700] {processor.py:927} WARNING - No viable dags retrieved from /home/anhtupham99/NBA-analytics/py_env/lib/python3.11/site-packages/airflow/example_dags/subdags/subdag.py
[2025-04-15T23:59:58.634+0700] {processor.py:208} INFO - Processing /home/anhtupham99/NBA-analytics/py_env/lib/python3.11/site-packages/airflow/example_dags/subdags/subdag.py took 0.019 seconds
[2025-04-16T00:00:45.524+0700] {processor.py:186} INFO - Started process (PID=316879) to work on /home/anhtupham99/NBA-analytics/py_env/lib/python3.11/site-packages/airflow/example_dags/subdags/subdag.py
[2025-04-16T00:00:45.526+0700] {processor.py:914} INFO - Processing file /home/anhtupham99/NBA-analytics/py_env/lib/python3.11/site-packages/airflow/example_dags/subdags/subdag.py for tasks to queue
[2025-04-16T00:00:45.527+0700] {logging_mixin.py:190} INFO - [2025-04-16T00:00:45.527+0700] {dagbag.py:588} INFO - Filling up the DagBag from /home/anhtupham99/NBA-analytics/py_env/lib/python3.11/site-packages/airflow/example_dags/subdags/subdag.py
[2025-04-16T00:00:45.531+0700] {processor.py:927} WARNING - No viable dags retrieved from /home/anhtupham99/NBA-analytics/py_env/lib/python3.11/site-packages/airflow/example_dags/subdags/subdag.py
[2025-04-16T00:00:45.542+0700] {processor.py:208} INFO - Processing /home/anhtupham99/NBA-analytics/py_env/lib/python3.11/site-packages/airflow/example_dags/subdags/subdag.py took 0.023 seconds
[2025-04-16T00:01:33.039+0700] {processor.py:186} INFO - Started process (PID=317737) to work on /home/anhtupham99/NBA-analytics/py_env/lib/python3.11/site-packages/airflow/example_dags/subdags/subdag.py
[2025-04-16T00:01:33.040+0700] {processor.py:914} INFO - Processing file /home/anhtupham99/NBA-analytics/py_env/lib/python3.11/site-packages/airflow/example_dags/subdags/subdag.py for tasks to queue
[2025-04-16T00:01:33.042+0700] {logging_mixin.py:190} INFO - [2025-04-16T00:01:33.042+0700] {dagbag.py:588} INFO - Filling up the DagBag from /home/anhtupham99/NBA-analytics/py_env/lib/python3.11/site-packages/airflow/example_dags/subdags/subdag.py
[2025-04-16T00:01:33.044+0700] {processor.py:927} WARNING - No viable dags retrieved from /home/anhtupham99/NBA-analytics/py_env/lib/python3.11/site-packages/airflow/example_dags/subdags/subdag.py
[2025-04-16T00:01:33.056+0700] {processor.py:208} INFO - Processing /home/anhtupham99/NBA-analytics/py_env/lib/python3.11/site-packages/airflow/example_dags/subdags/subdag.py took 0.022 seconds
[2025-04-16T00:02:18.576+0700] {processor.py:186} INFO - Started process (PID=318633) to work on /home/anhtupham99/NBA-analytics/py_env/lib/python3.11/site-packages/airflow/example_dags/subdags/subdag.py
[2025-04-16T00:02:18.578+0700] {processor.py:914} INFO - Processing file /home/anhtupham99/NBA-analytics/py_env/lib/python3.11/site-packages/airflow/example_dags/subdags/subdag.py for tasks to queue
[2025-04-16T00:02:18.580+0700] {logging_mixin.py:190} INFO - [2025-04-16T00:02:18.580+0700] {dagbag.py:588} INFO - Filling up the DagBag from /home/anhtupham99/NBA-analytics/py_env/lib/python3.11/site-packages/airflow/example_dags/subdags/subdag.py
[2025-04-16T00:02:18.582+0700] {processor.py:927} WARNING - No viable dags retrieved from /home/anhtupham99/NBA-analytics/py_env/lib/python3.11/site-packages/airflow/example_dags/subdags/subdag.py
[2025-04-16T00:02:18.594+0700] {processor.py:208} INFO - Processing /home/anhtupham99/NBA-analytics/py_env/lib/python3.11/site-packages/airflow/example_dags/subdags/subdag.py took 0.024 seconds
[2025-04-16T00:03:01.257+0700] {processor.py:186} INFO - Started process (PID=319400) to work on /home/anhtupham99/NBA-analytics/py_env/lib/python3.11/site-packages/airflow/example_dags/subdags/subdag.py
[2025-04-16T00:03:01.258+0700] {processor.py:914} INFO - Processing file /home/anhtupham99/NBA-analytics/py_env/lib/python3.11/site-packages/airflow/example_dags/subdags/subdag.py for tasks to queue
[2025-04-16T00:03:01.260+0700] {logging_mixin.py:190} INFO - [2025-04-16T00:03:01.260+0700] {dagbag.py:588} INFO - Filling up the DagBag from /home/anhtupham99/NBA-analytics/py_env/lib/python3.11/site-packages/airflow/example_dags/subdags/subdag.py
[2025-04-16T00:03:01.262+0700] {processor.py:927} WARNING - No viable dags retrieved from /home/anhtupham99/NBA-analytics/py_env/lib/python3.11/site-packages/airflow/example_dags/subdags/subdag.py
[2025-04-16T00:03:01.271+0700] {processor.py:208} INFO - Processing /home/anhtupham99/NBA-analytics/py_env/lib/python3.11/site-packages/airflow/example_dags/subdags/subdag.py took 0.018 seconds
[2025-04-16T00:03:47.145+0700] {processor.py:186} INFO - Started process (PID=320333) to work on /home/anhtupham99/NBA-analytics/py_env/lib/python3.11/site-packages/airflow/example_dags/subdags/subdag.py
[2025-04-16T00:03:47.149+0700] {processor.py:914} INFO - Processing file /home/anhtupham99/NBA-analytics/py_env/lib/python3.11/site-packages/airflow/example_dags/subdags/subdag.py for tasks to queue
[2025-04-16T00:03:47.152+0700] {logging_mixin.py:190} INFO - [2025-04-16T00:03:47.151+0700] {dagbag.py:588} INFO - Filling up the DagBag from /home/anhtupham99/NBA-analytics/py_env/lib/python3.11/site-packages/airflow/example_dags/subdags/subdag.py
[2025-04-16T00:03:47.155+0700] {processor.py:927} WARNING - No viable dags retrieved from /home/anhtupham99/NBA-analytics/py_env/lib/python3.11/site-packages/airflow/example_dags/subdags/subdag.py
[2025-04-16T00:03:47.167+0700] {processor.py:208} INFO - Processing /home/anhtupham99/NBA-analytics/py_env/lib/python3.11/site-packages/airflow/example_dags/subdags/subdag.py took 0.027 seconds
[2025-04-16T00:04:34.115+0700] {processor.py:186} INFO - Started process (PID=321459) to work on /home/anhtupham99/NBA-analytics/py_env/lib/python3.11/site-packages/airflow/example_dags/subdags/subdag.py
[2025-04-16T00:04:34.119+0700] {processor.py:914} INFO - Processing file /home/anhtupham99/NBA-analytics/py_env/lib/python3.11/site-packages/airflow/example_dags/subdags/subdag.py for tasks to queue
[2025-04-16T00:04:34.121+0700] {logging_mixin.py:190} INFO - [2025-04-16T00:04:34.120+0700] {dagbag.py:588} INFO - Filling up the DagBag from /home/anhtupham99/NBA-analytics/py_env/lib/python3.11/site-packages/airflow/example_dags/subdags/subdag.py
[2025-04-16T00:04:34.123+0700] {processor.py:927} WARNING - No viable dags retrieved from /home/anhtupham99/NBA-analytics/py_env/lib/python3.11/site-packages/airflow/example_dags/subdags/subdag.py
[2025-04-16T00:04:34.133+0700] {processor.py:208} INFO - Processing /home/anhtupham99/NBA-analytics/py_env/lib/python3.11/site-packages/airflow/example_dags/subdags/subdag.py took 0.024 seconds
[2025-04-16T00:05:22.068+0700] {processor.py:186} INFO - Started process (PID=322351) to work on /home/anhtupham99/NBA-analytics/py_env/lib/python3.11/site-packages/airflow/example_dags/subdags/subdag.py
[2025-04-16T00:05:22.072+0700] {processor.py:914} INFO - Processing file /home/anhtupham99/NBA-analytics/py_env/lib/python3.11/site-packages/airflow/example_dags/subdags/subdag.py for tasks to queue
[2025-04-16T00:05:22.073+0700] {logging_mixin.py:190} INFO - [2025-04-16T00:05:22.073+0700] {dagbag.py:588} INFO - Filling up the DagBag from /home/anhtupham99/NBA-analytics/py_env/lib/python3.11/site-packages/airflow/example_dags/subdags/subdag.py
[2025-04-16T00:05:22.075+0700] {processor.py:927} WARNING - No viable dags retrieved from /home/anhtupham99/NBA-analytics/py_env/lib/python3.11/site-packages/airflow/example_dags/subdags/subdag.py
[2025-04-16T00:05:22.085+0700] {processor.py:208} INFO - Processing /home/anhtupham99/NBA-analytics/py_env/lib/python3.11/site-packages/airflow/example_dags/subdags/subdag.py took 0.023 seconds
[2025-04-16T00:06:14.240+0700] {processor.py:186} INFO - Started process (PID=323317) to work on /home/anhtupham99/NBA-analytics/py_env/lib/python3.11/site-packages/airflow/example_dags/subdags/subdag.py
[2025-04-16T00:06:14.241+0700] {processor.py:914} INFO - Processing file /home/anhtupham99/NBA-analytics/py_env/lib/python3.11/site-packages/airflow/example_dags/subdags/subdag.py for tasks to queue
[2025-04-16T00:06:14.243+0700] {logging_mixin.py:190} INFO - [2025-04-16T00:06:14.243+0700] {dagbag.py:588} INFO - Filling up the DagBag from /home/anhtupham99/NBA-analytics/py_env/lib/python3.11/site-packages/airflow/example_dags/subdags/subdag.py
[2025-04-16T00:06:14.245+0700] {processor.py:927} WARNING - No viable dags retrieved from /home/anhtupham99/NBA-analytics/py_env/lib/python3.11/site-packages/airflow/example_dags/subdags/subdag.py
[2025-04-16T00:06:14.258+0700] {processor.py:208} INFO - Processing /home/anhtupham99/NBA-analytics/py_env/lib/python3.11/site-packages/airflow/example_dags/subdags/subdag.py took 0.026 seconds
[2025-04-16T00:06:59.581+0700] {processor.py:186} INFO - Started process (PID=324377) to work on /home/anhtupham99/NBA-analytics/py_env/lib/python3.11/site-packages/airflow/example_dags/subdags/subdag.py
[2025-04-16T00:06:59.582+0700] {processor.py:914} INFO - Processing file /home/anhtupham99/NBA-analytics/py_env/lib/python3.11/site-packages/airflow/example_dags/subdags/subdag.py for tasks to queue
[2025-04-16T00:06:59.584+0700] {logging_mixin.py:190} INFO - [2025-04-16T00:06:59.584+0700] {dagbag.py:588} INFO - Filling up the DagBag from /home/anhtupham99/NBA-analytics/py_env/lib/python3.11/site-packages/airflow/example_dags/subdags/subdag.py
[2025-04-16T00:06:59.586+0700] {processor.py:927} WARNING - No viable dags retrieved from /home/anhtupham99/NBA-analytics/py_env/lib/python3.11/site-packages/airflow/example_dags/subdags/subdag.py
[2025-04-16T00:06:59.593+0700] {processor.py:208} INFO - Processing /home/anhtupham99/NBA-analytics/py_env/lib/python3.11/site-packages/airflow/example_dags/subdags/subdag.py took 0.017 seconds
[2025-04-16T00:07:48.526+0700] {processor.py:186} INFO - Started process (PID=325255) to work on /home/anhtupham99/NBA-analytics/py_env/lib/python3.11/site-packages/airflow/example_dags/subdags/subdag.py
[2025-04-16T00:07:48.528+0700] {processor.py:914} INFO - Processing file /home/anhtupham99/NBA-analytics/py_env/lib/python3.11/site-packages/airflow/example_dags/subdags/subdag.py for tasks to queue
[2025-04-16T00:07:48.531+0700] {logging_mixin.py:190} INFO - [2025-04-16T00:07:48.530+0700] {dagbag.py:588} INFO - Filling up the DagBag from /home/anhtupham99/NBA-analytics/py_env/lib/python3.11/site-packages/airflow/example_dags/subdags/subdag.py
[2025-04-16T00:07:48.533+0700] {processor.py:927} WARNING - No viable dags retrieved from /home/anhtupham99/NBA-analytics/py_env/lib/python3.11/site-packages/airflow/example_dags/subdags/subdag.py
[2025-04-16T00:07:48.543+0700] {processor.py:208} INFO - Processing /home/anhtupham99/NBA-analytics/py_env/lib/python3.11/site-packages/airflow/example_dags/subdags/subdag.py took 0.023 seconds
[2025-04-16T00:08:33.288+0700] {processor.py:186} INFO - Started process (PID=326110) to work on /home/anhtupham99/NBA-analytics/py_env/lib/python3.11/site-packages/airflow/example_dags/subdags/subdag.py
[2025-04-16T00:08:33.289+0700] {processor.py:914} INFO - Processing file /home/anhtupham99/NBA-analytics/py_env/lib/python3.11/site-packages/airflow/example_dags/subdags/subdag.py for tasks to queue
[2025-04-16T00:08:33.291+0700] {logging_mixin.py:190} INFO - [2025-04-16T00:08:33.290+0700] {dagbag.py:588} INFO - Filling up the DagBag from /home/anhtupham99/NBA-analytics/py_env/lib/python3.11/site-packages/airflow/example_dags/subdags/subdag.py
[2025-04-16T00:08:33.292+0700] {processor.py:927} WARNING - No viable dags retrieved from /home/anhtupham99/NBA-analytics/py_env/lib/python3.11/site-packages/airflow/example_dags/subdags/subdag.py
[2025-04-16T00:08:33.300+0700] {processor.py:208} INFO - Processing /home/anhtupham99/NBA-analytics/py_env/lib/python3.11/site-packages/airflow/example_dags/subdags/subdag.py took 0.017 seconds
[2025-04-16T00:09:22.623+0700] {processor.py:186} INFO - Started process (PID=326959) to work on /home/anhtupham99/NBA-analytics/py_env/lib/python3.11/site-packages/airflow/example_dags/subdags/subdag.py
[2025-04-16T00:09:22.625+0700] {processor.py:914} INFO - Processing file /home/anhtupham99/NBA-analytics/py_env/lib/python3.11/site-packages/airflow/example_dags/subdags/subdag.py for tasks to queue
[2025-04-16T00:09:22.627+0700] {logging_mixin.py:190} INFO - [2025-04-16T00:09:22.626+0700] {dagbag.py:588} INFO - Filling up the DagBag from /home/anhtupham99/NBA-analytics/py_env/lib/python3.11/site-packages/airflow/example_dags/subdags/subdag.py
[2025-04-16T00:09:22.628+0700] {processor.py:927} WARNING - No viable dags retrieved from /home/anhtupham99/NBA-analytics/py_env/lib/python3.11/site-packages/airflow/example_dags/subdags/subdag.py
[2025-04-16T00:09:22.638+0700] {processor.py:208} INFO - Processing /home/anhtupham99/NBA-analytics/py_env/lib/python3.11/site-packages/airflow/example_dags/subdags/subdag.py took 0.020 seconds
[2025-04-16T00:10:10.142+0700] {processor.py:186} INFO - Started process (PID=328254) to work on /home/anhtupham99/NBA-analytics/py_env/lib/python3.11/site-packages/airflow/example_dags/subdags/subdag.py
[2025-04-16T00:10:10.144+0700] {processor.py:914} INFO - Processing file /home/anhtupham99/NBA-analytics/py_env/lib/python3.11/site-packages/airflow/example_dags/subdags/subdag.py for tasks to queue
[2025-04-16T00:10:10.147+0700] {logging_mixin.py:190} INFO - [2025-04-16T00:10:10.147+0700] {dagbag.py:588} INFO - Filling up the DagBag from /home/anhtupham99/NBA-analytics/py_env/lib/python3.11/site-packages/airflow/example_dags/subdags/subdag.py
[2025-04-16T00:10:10.150+0700] {processor.py:927} WARNING - No viable dags retrieved from /home/anhtupham99/NBA-analytics/py_env/lib/python3.11/site-packages/airflow/example_dags/subdags/subdag.py
[2025-04-16T00:10:10.169+0700] {processor.py:208} INFO - Processing /home/anhtupham99/NBA-analytics/py_env/lib/python3.11/site-packages/airflow/example_dags/subdags/subdag.py took 0.033 seconds
[2025-04-16T00:10:57.885+0700] {processor.py:186} INFO - Started process (PID=329298) to work on /home/anhtupham99/NBA-analytics/py_env/lib/python3.11/site-packages/airflow/example_dags/subdags/subdag.py
[2025-04-16T00:10:57.886+0700] {processor.py:914} INFO - Processing file /home/anhtupham99/NBA-analytics/py_env/lib/python3.11/site-packages/airflow/example_dags/subdags/subdag.py for tasks to queue
[2025-04-16T00:10:57.888+0700] {logging_mixin.py:190} INFO - [2025-04-16T00:10:57.888+0700] {dagbag.py:588} INFO - Filling up the DagBag from /home/anhtupham99/NBA-analytics/py_env/lib/python3.11/site-packages/airflow/example_dags/subdags/subdag.py
[2025-04-16T00:10:57.889+0700] {processor.py:927} WARNING - No viable dags retrieved from /home/anhtupham99/NBA-analytics/py_env/lib/python3.11/site-packages/airflow/example_dags/subdags/subdag.py
[2025-04-16T00:10:57.897+0700] {processor.py:208} INFO - Processing /home/anhtupham99/NBA-analytics/py_env/lib/python3.11/site-packages/airflow/example_dags/subdags/subdag.py took 0.016 seconds
[2025-04-16T00:11:47.023+0700] {processor.py:186} INFO - Started process (PID=330346) to work on /home/anhtupham99/NBA-analytics/py_env/lib/python3.11/site-packages/airflow/example_dags/subdags/subdag.py
[2025-04-16T00:11:47.024+0700] {processor.py:914} INFO - Processing file /home/anhtupham99/NBA-analytics/py_env/lib/python3.11/site-packages/airflow/example_dags/subdags/subdag.py for tasks to queue
[2025-04-16T00:11:47.026+0700] {logging_mixin.py:190} INFO - [2025-04-16T00:11:47.026+0700] {dagbag.py:588} INFO - Filling up the DagBag from /home/anhtupham99/NBA-analytics/py_env/lib/python3.11/site-packages/airflow/example_dags/subdags/subdag.py
[2025-04-16T00:11:47.028+0700] {processor.py:927} WARNING - No viable dags retrieved from /home/anhtupham99/NBA-analytics/py_env/lib/python3.11/site-packages/airflow/example_dags/subdags/subdag.py
[2025-04-16T00:11:47.035+0700] {processor.py:208} INFO - Processing /home/anhtupham99/NBA-analytics/py_env/lib/python3.11/site-packages/airflow/example_dags/subdags/subdag.py took 0.017 seconds
[2025-04-16T00:12:30.625+0700] {processor.py:186} INFO - Started process (PID=331679) to work on /home/anhtupham99/NBA-analytics/py_env/lib/python3.11/site-packages/airflow/example_dags/subdags/subdag.py
[2025-04-16T00:12:30.627+0700] {processor.py:914} INFO - Processing file /home/anhtupham99/NBA-analytics/py_env/lib/python3.11/site-packages/airflow/example_dags/subdags/subdag.py for tasks to queue
[2025-04-16T00:12:30.631+0700] {logging_mixin.py:190} INFO - [2025-04-16T00:12:30.631+0700] {dagbag.py:588} INFO - Filling up the DagBag from /home/anhtupham99/NBA-analytics/py_env/lib/python3.11/site-packages/airflow/example_dags/subdags/subdag.py
[2025-04-16T00:12:30.633+0700] {processor.py:927} WARNING - No viable dags retrieved from /home/anhtupham99/NBA-analytics/py_env/lib/python3.11/site-packages/airflow/example_dags/subdags/subdag.py
[2025-04-16T00:12:30.647+0700] {processor.py:208} INFO - Processing /home/anhtupham99/NBA-analytics/py_env/lib/python3.11/site-packages/airflow/example_dags/subdags/subdag.py took 0.029 seconds
[2025-04-16T00:13:20.033+0700] {processor.py:186} INFO - Started process (PID=333128) to work on /home/anhtupham99/NBA-analytics/py_env/lib/python3.11/site-packages/airflow/example_dags/subdags/subdag.py
[2025-04-16T00:13:20.035+0700] {processor.py:914} INFO - Processing file /home/anhtupham99/NBA-analytics/py_env/lib/python3.11/site-packages/airflow/example_dags/subdags/subdag.py for tasks to queue
[2025-04-16T00:13:20.036+0700] {logging_mixin.py:190} INFO - [2025-04-16T00:13:20.036+0700] {dagbag.py:588} INFO - Filling up the DagBag from /home/anhtupham99/NBA-analytics/py_env/lib/python3.11/site-packages/airflow/example_dags/subdags/subdag.py
[2025-04-16T00:13:20.038+0700] {processor.py:927} WARNING - No viable dags retrieved from /home/anhtupham99/NBA-analytics/py_env/lib/python3.11/site-packages/airflow/example_dags/subdags/subdag.py
[2025-04-16T00:13:20.048+0700] {processor.py:208} INFO - Processing /home/anhtupham99/NBA-analytics/py_env/lib/python3.11/site-packages/airflow/example_dags/subdags/subdag.py took 0.019 seconds
[2025-04-16T00:14:12.092+0700] {processor.py:186} INFO - Started process (PID=335333) to work on /home/anhtupham99/NBA-analytics/py_env/lib/python3.11/site-packages/airflow/example_dags/subdags/subdag.py
[2025-04-16T00:14:12.093+0700] {processor.py:914} INFO - Processing file /home/anhtupham99/NBA-analytics/py_env/lib/python3.11/site-packages/airflow/example_dags/subdags/subdag.py for tasks to queue
[2025-04-16T00:14:12.095+0700] {logging_mixin.py:190} INFO - [2025-04-16T00:14:12.094+0700] {dagbag.py:588} INFO - Filling up the DagBag from /home/anhtupham99/NBA-analytics/py_env/lib/python3.11/site-packages/airflow/example_dags/subdags/subdag.py
[2025-04-16T00:14:12.096+0700] {processor.py:927} WARNING - No viable dags retrieved from /home/anhtupham99/NBA-analytics/py_env/lib/python3.11/site-packages/airflow/example_dags/subdags/subdag.py
[2025-04-16T00:14:12.103+0700] {processor.py:208} INFO - Processing /home/anhtupham99/NBA-analytics/py_env/lib/python3.11/site-packages/airflow/example_dags/subdags/subdag.py took 0.016 seconds
[2025-04-16T00:14:59.820+0700] {processor.py:186} INFO - Started process (PID=337383) to work on /home/anhtupham99/NBA-analytics/py_env/lib/python3.11/site-packages/airflow/example_dags/subdags/subdag.py
[2025-04-16T00:14:59.821+0700] {processor.py:914} INFO - Processing file /home/anhtupham99/NBA-analytics/py_env/lib/python3.11/site-packages/airflow/example_dags/subdags/subdag.py for tasks to queue
[2025-04-16T00:14:59.823+0700] {logging_mixin.py:190} INFO - [2025-04-16T00:14:59.822+0700] {dagbag.py:588} INFO - Filling up the DagBag from /home/anhtupham99/NBA-analytics/py_env/lib/python3.11/site-packages/airflow/example_dags/subdags/subdag.py
[2025-04-16T00:14:59.824+0700] {processor.py:927} WARNING - No viable dags retrieved from /home/anhtupham99/NBA-analytics/py_env/lib/python3.11/site-packages/airflow/example_dags/subdags/subdag.py
[2025-04-16T00:14:59.832+0700] {processor.py:208} INFO - Processing /home/anhtupham99/NBA-analytics/py_env/lib/python3.11/site-packages/airflow/example_dags/subdags/subdag.py took 0.016 seconds
[2025-04-16T00:15:50.311+0700] {processor.py:186} INFO - Started process (PID=339718) to work on /home/anhtupham99/NBA-analytics/py_env/lib/python3.11/site-packages/airflow/example_dags/subdags/subdag.py
[2025-04-16T00:15:50.313+0700] {processor.py:914} INFO - Processing file /home/anhtupham99/NBA-analytics/py_env/lib/python3.11/site-packages/airflow/example_dags/subdags/subdag.py for tasks to queue
[2025-04-16T00:15:50.317+0700] {logging_mixin.py:190} INFO - [2025-04-16T00:15:50.317+0700] {dagbag.py:588} INFO - Filling up the DagBag from /home/anhtupham99/NBA-analytics/py_env/lib/python3.11/site-packages/airflow/example_dags/subdags/subdag.py
[2025-04-16T00:15:50.321+0700] {processor.py:927} WARNING - No viable dags retrieved from /home/anhtupham99/NBA-analytics/py_env/lib/python3.11/site-packages/airflow/example_dags/subdags/subdag.py
[2025-04-16T00:15:50.334+0700] {processor.py:208} INFO - Processing /home/anhtupham99/NBA-analytics/py_env/lib/python3.11/site-packages/airflow/example_dags/subdags/subdag.py took 0.030 seconds
[2025-04-16T00:16:40.305+0700] {processor.py:186} INFO - Started process (PID=342279) to work on /home/anhtupham99/NBA-analytics/py_env/lib/python3.11/site-packages/airflow/example_dags/subdags/subdag.py
[2025-04-16T00:16:40.306+0700] {processor.py:914} INFO - Processing file /home/anhtupham99/NBA-analytics/py_env/lib/python3.11/site-packages/airflow/example_dags/subdags/subdag.py for tasks to queue
[2025-04-16T00:16:40.310+0700] {logging_mixin.py:190} INFO - [2025-04-16T00:16:40.309+0700] {dagbag.py:588} INFO - Filling up the DagBag from /home/anhtupham99/NBA-analytics/py_env/lib/python3.11/site-packages/airflow/example_dags/subdags/subdag.py
[2025-04-16T00:16:40.313+0700] {processor.py:927} WARNING - No viable dags retrieved from /home/anhtupham99/NBA-analytics/py_env/lib/python3.11/site-packages/airflow/example_dags/subdags/subdag.py
[2025-04-16T00:16:40.328+0700] {processor.py:208} INFO - Processing /home/anhtupham99/NBA-analytics/py_env/lib/python3.11/site-packages/airflow/example_dags/subdags/subdag.py took 0.031 seconds
[2025-04-16T00:17:29.289+0700] {processor.py:186} INFO - Started process (PID=344282) to work on /home/anhtupham99/NBA-analytics/py_env/lib/python3.11/site-packages/airflow/example_dags/subdags/subdag.py
[2025-04-16T00:17:29.292+0700] {processor.py:914} INFO - Processing file /home/anhtupham99/NBA-analytics/py_env/lib/python3.11/site-packages/airflow/example_dags/subdags/subdag.py for tasks to queue
[2025-04-16T00:17:29.294+0700] {logging_mixin.py:190} INFO - [2025-04-16T00:17:29.294+0700] {dagbag.py:588} INFO - Filling up the DagBag from /home/anhtupham99/NBA-analytics/py_env/lib/python3.11/site-packages/airflow/example_dags/subdags/subdag.py
[2025-04-16T00:17:29.296+0700] {processor.py:927} WARNING - No viable dags retrieved from /home/anhtupham99/NBA-analytics/py_env/lib/python3.11/site-packages/airflow/example_dags/subdags/subdag.py
[2025-04-16T00:17:29.304+0700] {processor.py:208} INFO - Processing /home/anhtupham99/NBA-analytics/py_env/lib/python3.11/site-packages/airflow/example_dags/subdags/subdag.py took 0.020 seconds
[2025-04-16T00:18:19.211+0700] {processor.py:186} INFO - Started process (PID=346241) to work on /home/anhtupham99/NBA-analytics/py_env/lib/python3.11/site-packages/airflow/example_dags/subdags/subdag.py
[2025-04-16T00:18:19.215+0700] {processor.py:914} INFO - Processing file /home/anhtupham99/NBA-analytics/py_env/lib/python3.11/site-packages/airflow/example_dags/subdags/subdag.py for tasks to queue
[2025-04-16T00:18:19.216+0700] {logging_mixin.py:190} INFO - [2025-04-16T00:18:19.216+0700] {dagbag.py:588} INFO - Filling up the DagBag from /home/anhtupham99/NBA-analytics/py_env/lib/python3.11/site-packages/airflow/example_dags/subdags/subdag.py
[2025-04-16T00:18:19.218+0700] {processor.py:927} WARNING - No viable dags retrieved from /home/anhtupham99/NBA-analytics/py_env/lib/python3.11/site-packages/airflow/example_dags/subdags/subdag.py
[2025-04-16T00:18:19.227+0700] {processor.py:208} INFO - Processing /home/anhtupham99/NBA-analytics/py_env/lib/python3.11/site-packages/airflow/example_dags/subdags/subdag.py took 0.020 seconds
[2025-04-16T00:19:08.438+0700] {processor.py:186} INFO - Started process (PID=349098) to work on /home/anhtupham99/NBA-analytics/py_env/lib/python3.11/site-packages/airflow/example_dags/subdags/subdag.py
[2025-04-16T00:19:08.440+0700] {processor.py:914} INFO - Processing file /home/anhtupham99/NBA-analytics/py_env/lib/python3.11/site-packages/airflow/example_dags/subdags/subdag.py for tasks to queue
[2025-04-16T00:19:08.442+0700] {logging_mixin.py:190} INFO - [2025-04-16T00:19:08.442+0700] {dagbag.py:588} INFO - Filling up the DagBag from /home/anhtupham99/NBA-analytics/py_env/lib/python3.11/site-packages/airflow/example_dags/subdags/subdag.py
[2025-04-16T00:19:08.444+0700] {processor.py:927} WARNING - No viable dags retrieved from /home/anhtupham99/NBA-analytics/py_env/lib/python3.11/site-packages/airflow/example_dags/subdags/subdag.py
[2025-04-16T00:19:08.452+0700] {processor.py:208} INFO - Processing /home/anhtupham99/NBA-analytics/py_env/lib/python3.11/site-packages/airflow/example_dags/subdags/subdag.py took 0.018 seconds
[2025-04-16T00:19:59.314+0700] {processor.py:186} INFO - Started process (PID=351003) to work on /home/anhtupham99/NBA-analytics/py_env/lib/python3.11/site-packages/airflow/example_dags/subdags/subdag.py
[2025-04-16T00:19:59.316+0700] {processor.py:914} INFO - Processing file /home/anhtupham99/NBA-analytics/py_env/lib/python3.11/site-packages/airflow/example_dags/subdags/subdag.py for tasks to queue
[2025-04-16T00:19:59.318+0700] {logging_mixin.py:190} INFO - [2025-04-16T00:19:59.318+0700] {dagbag.py:588} INFO - Filling up the DagBag from /home/anhtupham99/NBA-analytics/py_env/lib/python3.11/site-packages/airflow/example_dags/subdags/subdag.py
[2025-04-16T00:19:59.320+0700] {processor.py:927} WARNING - No viable dags retrieved from /home/anhtupham99/NBA-analytics/py_env/lib/python3.11/site-packages/airflow/example_dags/subdags/subdag.py
[2025-04-16T00:19:59.331+0700] {processor.py:208} INFO - Processing /home/anhtupham99/NBA-analytics/py_env/lib/python3.11/site-packages/airflow/example_dags/subdags/subdag.py took 0.024 seconds
[2025-04-16T00:20:48.244+0700] {processor.py:186} INFO - Started process (PID=352867) to work on /home/anhtupham99/NBA-analytics/py_env/lib/python3.11/site-packages/airflow/example_dags/subdags/subdag.py
[2025-04-16T00:20:48.246+0700] {processor.py:914} INFO - Processing file /home/anhtupham99/NBA-analytics/py_env/lib/python3.11/site-packages/airflow/example_dags/subdags/subdag.py for tasks to queue
[2025-04-16T00:20:48.248+0700] {logging_mixin.py:190} INFO - [2025-04-16T00:20:48.248+0700] {dagbag.py:588} INFO - Filling up the DagBag from /home/anhtupham99/NBA-analytics/py_env/lib/python3.11/site-packages/airflow/example_dags/subdags/subdag.py
[2025-04-16T00:20:48.252+0700] {processor.py:927} WARNING - No viable dags retrieved from /home/anhtupham99/NBA-analytics/py_env/lib/python3.11/site-packages/airflow/example_dags/subdags/subdag.py
[2025-04-16T00:20:48.264+0700] {processor.py:208} INFO - Processing /home/anhtupham99/NBA-analytics/py_env/lib/python3.11/site-packages/airflow/example_dags/subdags/subdag.py took 0.025 seconds
[2025-04-16T00:21:38.305+0700] {processor.py:186} INFO - Started process (PID=354931) to work on /home/anhtupham99/NBA-analytics/py_env/lib/python3.11/site-packages/airflow/example_dags/subdags/subdag.py
[2025-04-16T00:21:38.307+0700] {processor.py:914} INFO - Processing file /home/anhtupham99/NBA-analytics/py_env/lib/python3.11/site-packages/airflow/example_dags/subdags/subdag.py for tasks to queue
[2025-04-16T00:21:38.310+0700] {logging_mixin.py:190} INFO - [2025-04-16T00:21:38.309+0700] {dagbag.py:588} INFO - Filling up the DagBag from /home/anhtupham99/NBA-analytics/py_env/lib/python3.11/site-packages/airflow/example_dags/subdags/subdag.py
[2025-04-16T00:21:38.313+0700] {processor.py:927} WARNING - No viable dags retrieved from /home/anhtupham99/NBA-analytics/py_env/lib/python3.11/site-packages/airflow/example_dags/subdags/subdag.py
[2025-04-16T00:21:38.332+0700] {processor.py:208} INFO - Processing /home/anhtupham99/NBA-analytics/py_env/lib/python3.11/site-packages/airflow/example_dags/subdags/subdag.py took 0.037 seconds
[2025-04-16T00:22:30.181+0700] {processor.py:186} INFO - Started process (PID=356839) to work on /home/anhtupham99/NBA-analytics/py_env/lib/python3.11/site-packages/airflow/example_dags/subdags/subdag.py
[2025-04-16T00:22:30.182+0700] {processor.py:914} INFO - Processing file /home/anhtupham99/NBA-analytics/py_env/lib/python3.11/site-packages/airflow/example_dags/subdags/subdag.py for tasks to queue
[2025-04-16T00:22:30.184+0700] {logging_mixin.py:190} INFO - [2025-04-16T00:22:30.183+0700] {dagbag.py:588} INFO - Filling up the DagBag from /home/anhtupham99/NBA-analytics/py_env/lib/python3.11/site-packages/airflow/example_dags/subdags/subdag.py
[2025-04-16T00:22:30.187+0700] {processor.py:927} WARNING - No viable dags retrieved from /home/anhtupham99/NBA-analytics/py_env/lib/python3.11/site-packages/airflow/example_dags/subdags/subdag.py
[2025-04-16T00:22:30.195+0700] {processor.py:208} INFO - Processing /home/anhtupham99/NBA-analytics/py_env/lib/python3.11/site-packages/airflow/example_dags/subdags/subdag.py took 0.020 seconds
[2025-04-16T00:23:18.823+0700] {processor.py:186} INFO - Started process (PID=358150) to work on /home/anhtupham99/NBA-analytics/py_env/lib/python3.11/site-packages/airflow/example_dags/subdags/subdag.py
[2025-04-16T00:23:18.824+0700] {processor.py:914} INFO - Processing file /home/anhtupham99/NBA-analytics/py_env/lib/python3.11/site-packages/airflow/example_dags/subdags/subdag.py for tasks to queue
[2025-04-16T00:23:18.825+0700] {logging_mixin.py:190} INFO - [2025-04-16T00:23:18.825+0700] {dagbag.py:588} INFO - Filling up the DagBag from /home/anhtupham99/NBA-analytics/py_env/lib/python3.11/site-packages/airflow/example_dags/subdags/subdag.py
[2025-04-16T00:23:18.827+0700] {processor.py:927} WARNING - No viable dags retrieved from /home/anhtupham99/NBA-analytics/py_env/lib/python3.11/site-packages/airflow/example_dags/subdags/subdag.py
[2025-04-16T00:23:18.834+0700] {processor.py:208} INFO - Processing /home/anhtupham99/NBA-analytics/py_env/lib/python3.11/site-packages/airflow/example_dags/subdags/subdag.py took 0.016 seconds
[2025-04-16T00:24:03.456+0700] {processor.py:186} INFO - Started process (PID=359673) to work on /home/anhtupham99/NBA-analytics/py_env/lib/python3.11/site-packages/airflow/example_dags/subdags/subdag.py
[2025-04-16T00:24:03.460+0700] {processor.py:914} INFO - Processing file /home/anhtupham99/NBA-analytics/py_env/lib/python3.11/site-packages/airflow/example_dags/subdags/subdag.py for tasks to queue
[2025-04-16T00:24:03.462+0700] {logging_mixin.py:190} INFO - [2025-04-16T00:24:03.461+0700] {dagbag.py:588} INFO - Filling up the DagBag from /home/anhtupham99/NBA-analytics/py_env/lib/python3.11/site-packages/airflow/example_dags/subdags/subdag.py
[2025-04-16T00:24:03.464+0700] {processor.py:927} WARNING - No viable dags retrieved from /home/anhtupham99/NBA-analytics/py_env/lib/python3.11/site-packages/airflow/example_dags/subdags/subdag.py
[2025-04-16T00:24:03.476+0700] {processor.py:208} INFO - Processing /home/anhtupham99/NBA-analytics/py_env/lib/python3.11/site-packages/airflow/example_dags/subdags/subdag.py took 0.025 seconds
[2025-04-16T00:24:56.133+0700] {processor.py:186} INFO - Started process (PID=361763) to work on /home/anhtupham99/NBA-analytics/py_env/lib/python3.11/site-packages/airflow/example_dags/subdags/subdag.py
[2025-04-16T00:24:56.135+0700] {processor.py:914} INFO - Processing file /home/anhtupham99/NBA-analytics/py_env/lib/python3.11/site-packages/airflow/example_dags/subdags/subdag.py for tasks to queue
[2025-04-16T00:24:56.137+0700] {logging_mixin.py:190} INFO - [2025-04-16T00:24:56.136+0700] {dagbag.py:588} INFO - Filling up the DagBag from /home/anhtupham99/NBA-analytics/py_env/lib/python3.11/site-packages/airflow/example_dags/subdags/subdag.py
[2025-04-16T00:24:56.139+0700] {processor.py:927} WARNING - No viable dags retrieved from /home/anhtupham99/NBA-analytics/py_env/lib/python3.11/site-packages/airflow/example_dags/subdags/subdag.py
[2025-04-16T00:24:56.147+0700] {processor.py:208} INFO - Processing /home/anhtupham99/NBA-analytics/py_env/lib/python3.11/site-packages/airflow/example_dags/subdags/subdag.py took 0.018 seconds
[2025-04-16T00:25:42.614+0700] {processor.py:186} INFO - Started process (PID=363680) to work on /home/anhtupham99/NBA-analytics/py_env/lib/python3.11/site-packages/airflow/example_dags/subdags/subdag.py
[2025-04-16T00:25:42.615+0700] {processor.py:914} INFO - Processing file /home/anhtupham99/NBA-analytics/py_env/lib/python3.11/site-packages/airflow/example_dags/subdags/subdag.py for tasks to queue
[2025-04-16T00:25:42.616+0700] {logging_mixin.py:190} INFO - [2025-04-16T00:25:42.616+0700] {dagbag.py:588} INFO - Filling up the DagBag from /home/anhtupham99/NBA-analytics/py_env/lib/python3.11/site-packages/airflow/example_dags/subdags/subdag.py
[2025-04-16T00:25:42.618+0700] {processor.py:927} WARNING - No viable dags retrieved from /home/anhtupham99/NBA-analytics/py_env/lib/python3.11/site-packages/airflow/example_dags/subdags/subdag.py
[2025-04-16T00:25:42.625+0700] {processor.py:208} INFO - Processing /home/anhtupham99/NBA-analytics/py_env/lib/python3.11/site-packages/airflow/example_dags/subdags/subdag.py took 0.015 seconds
[2025-04-16T00:26:31.401+0700] {processor.py:186} INFO - Started process (PID=364844) to work on /home/anhtupham99/NBA-analytics/py_env/lib/python3.11/site-packages/airflow/example_dags/subdags/subdag.py
[2025-04-16T00:26:31.402+0700] {processor.py:914} INFO - Processing file /home/anhtupham99/NBA-analytics/py_env/lib/python3.11/site-packages/airflow/example_dags/subdags/subdag.py for tasks to queue
[2025-04-16T00:26:31.404+0700] {logging_mixin.py:190} INFO - [2025-04-16T00:26:31.403+0700] {dagbag.py:588} INFO - Filling up the DagBag from /home/anhtupham99/NBA-analytics/py_env/lib/python3.11/site-packages/airflow/example_dags/subdags/subdag.py
[2025-04-16T00:26:31.405+0700] {processor.py:927} WARNING - No viable dags retrieved from /home/anhtupham99/NBA-analytics/py_env/lib/python3.11/site-packages/airflow/example_dags/subdags/subdag.py
[2025-04-16T00:26:31.413+0700] {processor.py:208} INFO - Processing /home/anhtupham99/NBA-analytics/py_env/lib/python3.11/site-packages/airflow/example_dags/subdags/subdag.py took 0.016 seconds
[2025-04-16T00:27:20.611+0700] {processor.py:186} INFO - Started process (PID=365948) to work on /home/anhtupham99/NBA-analytics/py_env/lib/python3.11/site-packages/airflow/example_dags/subdags/subdag.py
[2025-04-16T00:27:20.612+0700] {processor.py:914} INFO - Processing file /home/anhtupham99/NBA-analytics/py_env/lib/python3.11/site-packages/airflow/example_dags/subdags/subdag.py for tasks to queue
[2025-04-16T00:27:20.614+0700] {logging_mixin.py:190} INFO - [2025-04-16T00:27:20.614+0700] {dagbag.py:588} INFO - Filling up the DagBag from /home/anhtupham99/NBA-analytics/py_env/lib/python3.11/site-packages/airflow/example_dags/subdags/subdag.py
[2025-04-16T00:27:20.615+0700] {processor.py:927} WARNING - No viable dags retrieved from /home/anhtupham99/NBA-analytics/py_env/lib/python3.11/site-packages/airflow/example_dags/subdags/subdag.py
[2025-04-16T00:27:20.623+0700] {processor.py:208} INFO - Processing /home/anhtupham99/NBA-analytics/py_env/lib/python3.11/site-packages/airflow/example_dags/subdags/subdag.py took 0.017 seconds
[2025-04-16T00:28:07.226+0700] {processor.py:186} INFO - Started process (PID=367249) to work on /home/anhtupham99/NBA-analytics/py_env/lib/python3.11/site-packages/airflow/example_dags/subdags/subdag.py
[2025-04-16T00:28:07.228+0700] {processor.py:914} INFO - Processing file /home/anhtupham99/NBA-analytics/py_env/lib/python3.11/site-packages/airflow/example_dags/subdags/subdag.py for tasks to queue
[2025-04-16T00:28:07.230+0700] {logging_mixin.py:190} INFO - [2025-04-16T00:28:07.230+0700] {dagbag.py:588} INFO - Filling up the DagBag from /home/anhtupham99/NBA-analytics/py_env/lib/python3.11/site-packages/airflow/example_dags/subdags/subdag.py
[2025-04-16T00:28:07.232+0700] {processor.py:927} WARNING - No viable dags retrieved from /home/anhtupham99/NBA-analytics/py_env/lib/python3.11/site-packages/airflow/example_dags/subdags/subdag.py
[2025-04-16T00:28:07.242+0700] {processor.py:208} INFO - Processing /home/anhtupham99/NBA-analytics/py_env/lib/python3.11/site-packages/airflow/example_dags/subdags/subdag.py took 0.021 seconds
[2025-04-16T00:28:54.739+0700] {processor.py:186} INFO - Started process (PID=368349) to work on /home/anhtupham99/NBA-analytics/py_env/lib/python3.11/site-packages/airflow/example_dags/subdags/subdag.py
[2025-04-16T00:28:54.744+0700] {processor.py:914} INFO - Processing file /home/anhtupham99/NBA-analytics/py_env/lib/python3.11/site-packages/airflow/example_dags/subdags/subdag.py for tasks to queue
[2025-04-16T00:28:54.747+0700] {logging_mixin.py:190} INFO - [2025-04-16T00:28:54.747+0700] {dagbag.py:588} INFO - Filling up the DagBag from /home/anhtupham99/NBA-analytics/py_env/lib/python3.11/site-packages/airflow/example_dags/subdags/subdag.py
[2025-04-16T00:28:54.752+0700] {processor.py:927} WARNING - No viable dags retrieved from /home/anhtupham99/NBA-analytics/py_env/lib/python3.11/site-packages/airflow/example_dags/subdags/subdag.py
[2025-04-16T00:28:54.767+0700] {processor.py:208} INFO - Processing /home/anhtupham99/NBA-analytics/py_env/lib/python3.11/site-packages/airflow/example_dags/subdags/subdag.py took 0.043 seconds
[2025-04-16T00:29:42.499+0700] {processor.py:186} INFO - Started process (PID=369491) to work on /home/anhtupham99/NBA-analytics/py_env/lib/python3.11/site-packages/airflow/example_dags/subdags/subdag.py
[2025-04-16T00:29:42.500+0700] {processor.py:914} INFO - Processing file /home/anhtupham99/NBA-analytics/py_env/lib/python3.11/site-packages/airflow/example_dags/subdags/subdag.py for tasks to queue
[2025-04-16T00:29:42.503+0700] {logging_mixin.py:190} INFO - [2025-04-16T00:29:42.502+0700] {dagbag.py:588} INFO - Filling up the DagBag from /home/anhtupham99/NBA-analytics/py_env/lib/python3.11/site-packages/airflow/example_dags/subdags/subdag.py
[2025-04-16T00:29:42.505+0700] {processor.py:927} WARNING - No viable dags retrieved from /home/anhtupham99/NBA-analytics/py_env/lib/python3.11/site-packages/airflow/example_dags/subdags/subdag.py
[2025-04-16T00:29:42.513+0700] {processor.py:208} INFO - Processing /home/anhtupham99/NBA-analytics/py_env/lib/python3.11/site-packages/airflow/example_dags/subdags/subdag.py took 0.020 seconds
[2025-04-16T00:30:31.915+0700] {processor.py:186} INFO - Started process (PID=370637) to work on /home/anhtupham99/NBA-analytics/py_env/lib/python3.11/site-packages/airflow/example_dags/subdags/subdag.py
[2025-04-16T00:30:31.917+0700] {processor.py:914} INFO - Processing file /home/anhtupham99/NBA-analytics/py_env/lib/python3.11/site-packages/airflow/example_dags/subdags/subdag.py for tasks to queue
[2025-04-16T00:30:31.918+0700] {logging_mixin.py:190} INFO - [2025-04-16T00:30:31.918+0700] {dagbag.py:588} INFO - Filling up the DagBag from /home/anhtupham99/NBA-analytics/py_env/lib/python3.11/site-packages/airflow/example_dags/subdags/subdag.py
[2025-04-16T00:30:31.920+0700] {processor.py:927} WARNING - No viable dags retrieved from /home/anhtupham99/NBA-analytics/py_env/lib/python3.11/site-packages/airflow/example_dags/subdags/subdag.py
[2025-04-16T00:30:31.927+0700] {processor.py:208} INFO - Processing /home/anhtupham99/NBA-analytics/py_env/lib/python3.11/site-packages/airflow/example_dags/subdags/subdag.py took 0.016 seconds
[2025-04-16T00:31:18.626+0700] {processor.py:186} INFO - Started process (PID=372005) to work on /home/anhtupham99/NBA-analytics/py_env/lib/python3.11/site-packages/airflow/example_dags/subdags/subdag.py
[2025-04-16T00:31:18.629+0700] {processor.py:914} INFO - Processing file /home/anhtupham99/NBA-analytics/py_env/lib/python3.11/site-packages/airflow/example_dags/subdags/subdag.py for tasks to queue
[2025-04-16T00:31:18.632+0700] {logging_mixin.py:190} INFO - [2025-04-16T00:31:18.631+0700] {dagbag.py:588} INFO - Filling up the DagBag from /home/anhtupham99/NBA-analytics/py_env/lib/python3.11/site-packages/airflow/example_dags/subdags/subdag.py
[2025-04-16T00:31:18.634+0700] {processor.py:927} WARNING - No viable dags retrieved from /home/anhtupham99/NBA-analytics/py_env/lib/python3.11/site-packages/airflow/example_dags/subdags/subdag.py
[2025-04-16T00:31:18.645+0700] {processor.py:208} INFO - Processing /home/anhtupham99/NBA-analytics/py_env/lib/python3.11/site-packages/airflow/example_dags/subdags/subdag.py took 0.024 seconds
[2025-04-16T00:32:02.862+0700] {processor.py:186} INFO - Started process (PID=373069) to work on /home/anhtupham99/NBA-analytics/py_env/lib/python3.11/site-packages/airflow/example_dags/subdags/subdag.py
[2025-04-16T00:32:02.863+0700] {processor.py:914} INFO - Processing file /home/anhtupham99/NBA-analytics/py_env/lib/python3.11/site-packages/airflow/example_dags/subdags/subdag.py for tasks to queue
[2025-04-16T00:32:02.864+0700] {logging_mixin.py:190} INFO - [2025-04-16T00:32:02.864+0700] {dagbag.py:588} INFO - Filling up the DagBag from /home/anhtupham99/NBA-analytics/py_env/lib/python3.11/site-packages/airflow/example_dags/subdags/subdag.py
[2025-04-16T00:32:02.866+0700] {processor.py:927} WARNING - No viable dags retrieved from /home/anhtupham99/NBA-analytics/py_env/lib/python3.11/site-packages/airflow/example_dags/subdags/subdag.py
[2025-04-16T00:32:02.873+0700] {processor.py:208} INFO - Processing /home/anhtupham99/NBA-analytics/py_env/lib/python3.11/site-packages/airflow/example_dags/subdags/subdag.py took 0.016 seconds
[2025-04-16T00:32:48.361+0700] {processor.py:186} INFO - Started process (PID=374210) to work on /home/anhtupham99/NBA-analytics/py_env/lib/python3.11/site-packages/airflow/example_dags/subdags/subdag.py
[2025-04-16T00:32:48.362+0700] {processor.py:914} INFO - Processing file /home/anhtupham99/NBA-analytics/py_env/lib/python3.11/site-packages/airflow/example_dags/subdags/subdag.py for tasks to queue
[2025-04-16T00:32:48.364+0700] {logging_mixin.py:190} INFO - [2025-04-16T00:32:48.363+0700] {dagbag.py:588} INFO - Filling up the DagBag from /home/anhtupham99/NBA-analytics/py_env/lib/python3.11/site-packages/airflow/example_dags/subdags/subdag.py
[2025-04-16T00:32:48.366+0700] {processor.py:927} WARNING - No viable dags retrieved from /home/anhtupham99/NBA-analytics/py_env/lib/python3.11/site-packages/airflow/example_dags/subdags/subdag.py
[2025-04-16T00:32:48.374+0700] {processor.py:208} INFO - Processing /home/anhtupham99/NBA-analytics/py_env/lib/python3.11/site-packages/airflow/example_dags/subdags/subdag.py took 0.018 seconds
[2025-04-16T00:33:35.875+0700] {processor.py:186} INFO - Started process (PID=375345) to work on /home/anhtupham99/NBA-analytics/py_env/lib/python3.11/site-packages/airflow/example_dags/subdags/subdag.py
[2025-04-16T00:33:35.876+0700] {processor.py:914} INFO - Processing file /home/anhtupham99/NBA-analytics/py_env/lib/python3.11/site-packages/airflow/example_dags/subdags/subdag.py for tasks to queue
[2025-04-16T00:33:35.878+0700] {logging_mixin.py:190} INFO - [2025-04-16T00:33:35.878+0700] {dagbag.py:588} INFO - Filling up the DagBag from /home/anhtupham99/NBA-analytics/py_env/lib/python3.11/site-packages/airflow/example_dags/subdags/subdag.py
[2025-04-16T00:33:35.880+0700] {processor.py:927} WARNING - No viable dags retrieved from /home/anhtupham99/NBA-analytics/py_env/lib/python3.11/site-packages/airflow/example_dags/subdags/subdag.py
[2025-04-16T00:33:35.888+0700] {processor.py:208} INFO - Processing /home/anhtupham99/NBA-analytics/py_env/lib/python3.11/site-packages/airflow/example_dags/subdags/subdag.py took 0.017 seconds
[2025-04-16T00:34:24.183+0700] {processor.py:186} INFO - Started process (PID=376460) to work on /home/anhtupham99/NBA-analytics/py_env/lib/python3.11/site-packages/airflow/example_dags/subdags/subdag.py
[2025-04-16T00:34:24.185+0700] {processor.py:914} INFO - Processing file /home/anhtupham99/NBA-analytics/py_env/lib/python3.11/site-packages/airflow/example_dags/subdags/subdag.py for tasks to queue
[2025-04-16T00:34:24.186+0700] {logging_mixin.py:190} INFO - [2025-04-16T00:34:24.186+0700] {dagbag.py:588} INFO - Filling up the DagBag from /home/anhtupham99/NBA-analytics/py_env/lib/python3.11/site-packages/airflow/example_dags/subdags/subdag.py
[2025-04-16T00:34:24.189+0700] {processor.py:927} WARNING - No viable dags retrieved from /home/anhtupham99/NBA-analytics/py_env/lib/python3.11/site-packages/airflow/example_dags/subdags/subdag.py
[2025-04-16T00:34:24.198+0700] {processor.py:208} INFO - Processing /home/anhtupham99/NBA-analytics/py_env/lib/python3.11/site-packages/airflow/example_dags/subdags/subdag.py took 0.020 seconds
[2025-04-16T00:35:12.943+0700] {processor.py:186} INFO - Started process (PID=377617) to work on /home/anhtupham99/NBA-analytics/py_env/lib/python3.11/site-packages/airflow/example_dags/subdags/subdag.py
[2025-04-16T00:35:12.944+0700] {processor.py:914} INFO - Processing file /home/anhtupham99/NBA-analytics/py_env/lib/python3.11/site-packages/airflow/example_dags/subdags/subdag.py for tasks to queue
[2025-04-16T00:35:12.946+0700] {logging_mixin.py:190} INFO - [2025-04-16T00:35:12.946+0700] {dagbag.py:588} INFO - Filling up the DagBag from /home/anhtupham99/NBA-analytics/py_env/lib/python3.11/site-packages/airflow/example_dags/subdags/subdag.py
[2025-04-16T00:35:12.948+0700] {processor.py:927} WARNING - No viable dags retrieved from /home/anhtupham99/NBA-analytics/py_env/lib/python3.11/site-packages/airflow/example_dags/subdags/subdag.py
[2025-04-16T00:35:12.957+0700] {processor.py:208} INFO - Processing /home/anhtupham99/NBA-analytics/py_env/lib/python3.11/site-packages/airflow/example_dags/subdags/subdag.py took 0.019 seconds
[2025-04-16T00:35:57.929+0700] {processor.py:186} INFO - Started process (PID=378813) to work on /home/anhtupham99/NBA-analytics/py_env/lib/python3.11/site-packages/airflow/example_dags/subdags/subdag.py
[2025-04-16T00:35:57.931+0700] {processor.py:914} INFO - Processing file /home/anhtupham99/NBA-analytics/py_env/lib/python3.11/site-packages/airflow/example_dags/subdags/subdag.py for tasks to queue
[2025-04-16T00:35:57.933+0700] {logging_mixin.py:190} INFO - [2025-04-16T00:35:57.933+0700] {dagbag.py:588} INFO - Filling up the DagBag from /home/anhtupham99/NBA-analytics/py_env/lib/python3.11/site-packages/airflow/example_dags/subdags/subdag.py
[2025-04-16T00:35:57.935+0700] {processor.py:927} WARNING - No viable dags retrieved from /home/anhtupham99/NBA-analytics/py_env/lib/python3.11/site-packages/airflow/example_dags/subdags/subdag.py
[2025-04-16T00:35:57.945+0700] {processor.py:208} INFO - Processing /home/anhtupham99/NBA-analytics/py_env/lib/python3.11/site-packages/airflow/example_dags/subdags/subdag.py took 0.020 seconds
[2025-04-16T00:36:48.368+0700] {processor.py:186} INFO - Started process (PID=380107) to work on /home/anhtupham99/NBA-analytics/py_env/lib/python3.11/site-packages/airflow/example_dags/subdags/subdag.py
[2025-04-16T00:36:48.370+0700] {processor.py:914} INFO - Processing file /home/anhtupham99/NBA-analytics/py_env/lib/python3.11/site-packages/airflow/example_dags/subdags/subdag.py for tasks to queue
[2025-04-16T00:36:48.372+0700] {logging_mixin.py:190} INFO - [2025-04-16T00:36:48.371+0700] {dagbag.py:588} INFO - Filling up the DagBag from /home/anhtupham99/NBA-analytics/py_env/lib/python3.11/site-packages/airflow/example_dags/subdags/subdag.py
[2025-04-16T00:36:48.374+0700] {processor.py:927} WARNING - No viable dags retrieved from /home/anhtupham99/NBA-analytics/py_env/lib/python3.11/site-packages/airflow/example_dags/subdags/subdag.py
[2025-04-16T00:36:48.383+0700] {processor.py:208} INFO - Processing /home/anhtupham99/NBA-analytics/py_env/lib/python3.11/site-packages/airflow/example_dags/subdags/subdag.py took 0.020 seconds
[2025-04-16T00:37:32.417+0700] {processor.py:186} INFO - Started process (PID=381396) to work on /home/anhtupham99/NBA-analytics/py_env/lib/python3.11/site-packages/airflow/example_dags/subdags/subdag.py
[2025-04-16T00:37:32.418+0700] {processor.py:914} INFO - Processing file /home/anhtupham99/NBA-analytics/py_env/lib/python3.11/site-packages/airflow/example_dags/subdags/subdag.py for tasks to queue
[2025-04-16T00:37:32.420+0700] {logging_mixin.py:190} INFO - [2025-04-16T00:37:32.420+0700] {dagbag.py:588} INFO - Filling up the DagBag from /home/anhtupham99/NBA-analytics/py_env/lib/python3.11/site-packages/airflow/example_dags/subdags/subdag.py
[2025-04-16T00:37:32.422+0700] {processor.py:927} WARNING - No viable dags retrieved from /home/anhtupham99/NBA-analytics/py_env/lib/python3.11/site-packages/airflow/example_dags/subdags/subdag.py
[2025-04-16T00:37:32.433+0700] {processor.py:208} INFO - Processing /home/anhtupham99/NBA-analytics/py_env/lib/python3.11/site-packages/airflow/example_dags/subdags/subdag.py took 0.022 seconds
