[2025-01-30T02:35:13.238+0800] {processor.py:186} INFO - Started process (PID=14524) to work on /home/anhtupham99/miniforge3/envs/nba/lib/python3.11/site-packages/airflow/example_dags/example_branch_day_of_week_operator.py
[2025-01-30T02:35:13.239+0800] {processor.py:914} INFO - Processing file /home/anhtupham99/miniforge3/envs/nba/lib/python3.11/site-packages/airflow/example_dags/example_branch_day_of_week_operator.py for tasks to queue
[2025-01-30T02:35:13.243+0800] {logging_mixin.py:190} INFO - [2025-01-30T02:35:13.242+0800] {dagbag.py:588} INFO - Filling up the DagBag from /home/anhtupham99/miniforge3/envs/nba/lib/python3.11/site-packages/airflow/example_dags/example_branch_day_of_week_operator.py
[2025-01-30T02:35:13.256+0800] {processor.py:925} INFO - DAG(s) 'example_weekday_branch_operator' retrieved from /home/anhtupham99/miniforge3/envs/nba/lib/python3.11/site-packages/airflow/example_dags/example_branch_day_of_week_operator.py
[2025-01-30T02:35:13.357+0800] {logging_mixin.py:190} INFO - [2025-01-30T02:35:13.356+0800] {override.py:1911} INFO - Created Permission View: can delete on DAG:example_weekday_branch_operator
[2025-01-30T02:35:13.372+0800] {logging_mixin.py:190} INFO - [2025-01-30T02:35:13.372+0800] {override.py:1911} INFO - Created Permission View: can read on DAG:example_weekday_branch_operator
[2025-01-30T02:35:13.387+0800] {logging_mixin.py:190} INFO - [2025-01-30T02:35:13.386+0800] {override.py:1911} INFO - Created Permission View: can edit on DAG:example_weekday_branch_operator
[2025-01-30T02:35:13.410+0800] {logging_mixin.py:190} INFO - [2025-01-30T02:35:13.410+0800] {override.py:1911} INFO - Created Permission View: can delete on DAG Run:example_weekday_branch_operator
[2025-01-30T02:35:13.428+0800] {logging_mixin.py:190} INFO - [2025-01-30T02:35:13.428+0800] {override.py:1911} INFO - Created Permission View: can create on DAG Run:example_weekday_branch_operator
[2025-01-30T02:35:13.442+0800] {logging_mixin.py:190} INFO - [2025-01-30T02:35:13.442+0800] {override.py:1911} INFO - Created Permission View: menu access on DAG Run:example_weekday_branch_operator
[2025-01-30T02:35:13.457+0800] {logging_mixin.py:190} INFO - [2025-01-30T02:35:13.457+0800] {override.py:1911} INFO - Created Permission View: can read on DAG Run:example_weekday_branch_operator
[2025-01-30T02:35:13.458+0800] {logging_mixin.py:190} INFO - [2025-01-30T02:35:13.458+0800] {dag.py:3239} INFO - Sync 1 DAGs
[2025-01-30T02:35:13.474+0800] {logging_mixin.py:190} INFO - [2025-01-30T02:35:13.473+0800] {dag.py:3262} INFO - Creating ORM DAG for example_weekday_branch_operator
[2025-01-30T02:35:13.480+0800] {logging_mixin.py:190} INFO - [2025-01-30T02:35:13.480+0800] {dag.py:4180} INFO - Setting next_dagrun for example_weekday_branch_operator to 2025-01-28 00:00:00+00:00, run_after=2025-01-29 00:00:00+00:00
[2025-01-30T02:35:13.521+0800] {processor.py:208} INFO - Processing /home/anhtupham99/miniforge3/envs/nba/lib/python3.11/site-packages/airflow/example_dags/example_branch_day_of_week_operator.py took 0.298 seconds
[2025-01-30T02:36:19.931+0800] {processor.py:186} INFO - Started process (PID=14929) to work on /home/anhtupham99/miniforge3/envs/nba/lib/python3.11/site-packages/airflow/example_dags/example_branch_day_of_week_operator.py
[2025-01-30T02:36:19.932+0800] {processor.py:914} INFO - Processing file /home/anhtupham99/miniforge3/envs/nba/lib/python3.11/site-packages/airflow/example_dags/example_branch_day_of_week_operator.py for tasks to queue
[2025-01-30T02:36:19.934+0800] {logging_mixin.py:190} INFO - [2025-01-30T02:36:19.934+0800] {dagbag.py:588} INFO - Filling up the DagBag from /home/anhtupham99/miniforge3/envs/nba/lib/python3.11/site-packages/airflow/example_dags/example_branch_day_of_week_operator.py
[2025-01-30T02:36:19.941+0800] {processor.py:925} INFO - DAG(s) 'example_weekday_branch_operator' retrieved from /home/anhtupham99/miniforge3/envs/nba/lib/python3.11/site-packages/airflow/example_dags/example_branch_day_of_week_operator.py
[2025-01-30T02:36:19.951+0800] {logging_mixin.py:190} INFO - [2025-01-30T02:36:19.951+0800] {dag.py:3239} INFO - Sync 1 DAGs
[2025-01-30T02:36:19.964+0800] {logging_mixin.py:190} INFO - [2025-01-30T02:36:19.964+0800] {dag.py:4180} INFO - Setting next_dagrun for example_weekday_branch_operator to 2025-01-28 00:00:00+00:00, run_after=2025-01-29 00:00:00+00:00
[2025-01-30T02:36:19.991+0800] {processor.py:208} INFO - Processing /home/anhtupham99/miniforge3/envs/nba/lib/python3.11/site-packages/airflow/example_dags/example_branch_day_of_week_operator.py took 0.064 seconds
[2025-01-30T02:48:16.710+0800] {processor.py:186} INFO - Started process (PID=19140) to work on /home/anhtupham99/miniforge3/envs/nba/lib/python3.11/site-packages/airflow/example_dags/example_branch_day_of_week_operator.py
[2025-01-30T02:48:16.713+0800] {processor.py:914} INFO - Processing file /home/anhtupham99/miniforge3/envs/nba/lib/python3.11/site-packages/airflow/example_dags/example_branch_day_of_week_operator.py for tasks to queue
[2025-01-30T02:48:16.719+0800] {logging_mixin.py:190} INFO - [2025-01-30T02:48:16.718+0800] {dagbag.py:588} INFO - Filling up the DagBag from /home/anhtupham99/miniforge3/envs/nba/lib/python3.11/site-packages/airflow/example_dags/example_branch_day_of_week_operator.py
[2025-01-30T02:48:16.733+0800] {processor.py:925} INFO - DAG(s) 'example_weekday_branch_operator' retrieved from /home/anhtupham99/miniforge3/envs/nba/lib/python3.11/site-packages/airflow/example_dags/example_branch_day_of_week_operator.py
[2025-01-30T02:48:16.743+0800] {logging_mixin.py:190} INFO - [2025-01-30T02:48:16.743+0800] {dag.py:3239} INFO - Sync 1 DAGs
[2025-01-30T02:48:16.756+0800] {logging_mixin.py:190} INFO - [2025-01-30T02:48:16.756+0800] {dag.py:4180} INFO - Setting next_dagrun for example_weekday_branch_operator to 2025-01-28 00:00:00+00:00, run_after=2025-01-29 00:00:00+00:00
[2025-01-30T02:48:16.790+0800] {processor.py:208} INFO - Processing /home/anhtupham99/miniforge3/envs/nba/lib/python3.11/site-packages/airflow/example_dags/example_branch_day_of_week_operator.py took 0.094 seconds
[2025-01-30T02:49:14.992+0800] {processor.py:186} INFO - Started process (PID=19456) to work on /home/anhtupham99/miniforge3/envs/nba/lib/python3.11/site-packages/airflow/example_dags/example_branch_day_of_week_operator.py
[2025-01-30T02:49:14.994+0800] {processor.py:914} INFO - Processing file /home/anhtupham99/miniforge3/envs/nba/lib/python3.11/site-packages/airflow/example_dags/example_branch_day_of_week_operator.py for tasks to queue
[2025-01-30T02:49:14.996+0800] {logging_mixin.py:190} INFO - [2025-01-30T02:49:14.996+0800] {dagbag.py:588} INFO - Filling up the DagBag from /home/anhtupham99/miniforge3/envs/nba/lib/python3.11/site-packages/airflow/example_dags/example_branch_day_of_week_operator.py
[2025-01-30T02:49:15.007+0800] {processor.py:925} INFO - DAG(s) 'example_weekday_branch_operator' retrieved from /home/anhtupham99/miniforge3/envs/nba/lib/python3.11/site-packages/airflow/example_dags/example_branch_day_of_week_operator.py
[2025-01-30T02:49:15.019+0800] {logging_mixin.py:190} INFO - [2025-01-30T02:49:15.019+0800] {dag.py:3239} INFO - Sync 1 DAGs
[2025-01-30T02:49:15.034+0800] {logging_mixin.py:190} INFO - [2025-01-30T02:49:15.034+0800] {dag.py:4180} INFO - Setting next_dagrun for example_weekday_branch_operator to 2025-01-28 00:00:00+00:00, run_after=2025-01-29 00:00:00+00:00
[2025-01-30T02:49:15.065+0800] {processor.py:208} INFO - Processing /home/anhtupham99/miniforge3/envs/nba/lib/python3.11/site-packages/airflow/example_dags/example_branch_day_of_week_operator.py took 0.079 seconds
[2025-01-30T02:50:10.287+0800] {processor.py:186} INFO - Started process (PID=19800) to work on /home/anhtupham99/miniforge3/envs/nba/lib/python3.11/site-packages/airflow/example_dags/example_branch_day_of_week_operator.py
[2025-01-30T02:50:10.291+0800] {processor.py:914} INFO - Processing file /home/anhtupham99/miniforge3/envs/nba/lib/python3.11/site-packages/airflow/example_dags/example_branch_day_of_week_operator.py for tasks to queue
[2025-01-30T02:50:10.293+0800] {logging_mixin.py:190} INFO - [2025-01-30T02:50:10.292+0800] {dagbag.py:588} INFO - Filling up the DagBag from /home/anhtupham99/miniforge3/envs/nba/lib/python3.11/site-packages/airflow/example_dags/example_branch_day_of_week_operator.py
[2025-01-30T02:50:10.300+0800] {processor.py:925} INFO - DAG(s) 'example_weekday_branch_operator' retrieved from /home/anhtupham99/miniforge3/envs/nba/lib/python3.11/site-packages/airflow/example_dags/example_branch_day_of_week_operator.py
[2025-01-30T02:50:10.310+0800] {logging_mixin.py:190} INFO - [2025-01-30T02:50:10.309+0800] {dag.py:3239} INFO - Sync 1 DAGs
[2025-01-30T02:50:10.323+0800] {logging_mixin.py:190} INFO - [2025-01-30T02:50:10.323+0800] {dag.py:4180} INFO - Setting next_dagrun for example_weekday_branch_operator to 2025-01-28 00:00:00+00:00, run_after=2025-01-29 00:00:00+00:00
[2025-01-30T02:50:10.355+0800] {processor.py:208} INFO - Processing /home/anhtupham99/miniforge3/envs/nba/lib/python3.11/site-packages/airflow/example_dags/example_branch_day_of_week_operator.py took 0.074 seconds
[2025-01-30T02:51:05.040+0800] {processor.py:186} INFO - Started process (PID=20111) to work on /home/anhtupham99/miniforge3/envs/nba/lib/python3.11/site-packages/airflow/example_dags/example_branch_day_of_week_operator.py
[2025-01-30T02:51:05.044+0800] {processor.py:914} INFO - Processing file /home/anhtupham99/miniforge3/envs/nba/lib/python3.11/site-packages/airflow/example_dags/example_branch_day_of_week_operator.py for tasks to queue
[2025-01-30T02:51:05.046+0800] {logging_mixin.py:190} INFO - [2025-01-30T02:51:05.045+0800] {dagbag.py:588} INFO - Filling up the DagBag from /home/anhtupham99/miniforge3/envs/nba/lib/python3.11/site-packages/airflow/example_dags/example_branch_day_of_week_operator.py
[2025-01-30T02:51:05.052+0800] {processor.py:925} INFO - DAG(s) 'example_weekday_branch_operator' retrieved from /home/anhtupham99/miniforge3/envs/nba/lib/python3.11/site-packages/airflow/example_dags/example_branch_day_of_week_operator.py
[2025-01-30T02:51:05.063+0800] {logging_mixin.py:190} INFO - [2025-01-30T02:51:05.063+0800] {dag.py:3239} INFO - Sync 1 DAGs
[2025-01-30T02:51:05.076+0800] {logging_mixin.py:190} INFO - [2025-01-30T02:51:05.075+0800] {dag.py:4180} INFO - Setting next_dagrun for example_weekday_branch_operator to 2025-01-28 00:00:00+00:00, run_after=2025-01-29 00:00:00+00:00
[2025-01-30T02:51:05.116+0800] {processor.py:208} INFO - Processing /home/anhtupham99/miniforge3/envs/nba/lib/python3.11/site-packages/airflow/example_dags/example_branch_day_of_week_operator.py took 0.080 seconds
[2025-01-30T02:51:58.299+0800] {processor.py:186} INFO - Started process (PID=20406) to work on /home/anhtupham99/miniforge3/envs/nba/lib/python3.11/site-packages/airflow/example_dags/example_branch_day_of_week_operator.py
[2025-01-30T02:51:58.304+0800] {processor.py:914} INFO - Processing file /home/anhtupham99/miniforge3/envs/nba/lib/python3.11/site-packages/airflow/example_dags/example_branch_day_of_week_operator.py for tasks to queue
[2025-01-30T02:51:58.311+0800] {logging_mixin.py:190} INFO - [2025-01-30T02:51:58.310+0800] {dagbag.py:588} INFO - Filling up the DagBag from /home/anhtupham99/miniforge3/envs/nba/lib/python3.11/site-packages/airflow/example_dags/example_branch_day_of_week_operator.py
[2025-01-30T02:51:58.327+0800] {processor.py:925} INFO - DAG(s) 'example_weekday_branch_operator' retrieved from /home/anhtupham99/miniforge3/envs/nba/lib/python3.11/site-packages/airflow/example_dags/example_branch_day_of_week_operator.py
[2025-01-30T02:51:58.348+0800] {logging_mixin.py:190} INFO - [2025-01-30T02:51:58.347+0800] {dag.py:3239} INFO - Sync 1 DAGs
[2025-01-30T02:51:58.362+0800] {logging_mixin.py:190} INFO - [2025-01-30T02:51:58.362+0800] {dag.py:4180} INFO - Setting next_dagrun for example_weekday_branch_operator to 2025-01-28 00:00:00+00:00, run_after=2025-01-29 00:00:00+00:00
[2025-01-30T02:51:58.386+0800] {processor.py:208} INFO - Processing /home/anhtupham99/miniforge3/envs/nba/lib/python3.11/site-packages/airflow/example_dags/example_branch_day_of_week_operator.py took 0.101 seconds
[2025-01-30T02:52:51.039+0800] {processor.py:186} INFO - Started process (PID=20735) to work on /home/anhtupham99/miniforge3/envs/nba/lib/python3.11/site-packages/airflow/example_dags/example_branch_day_of_week_operator.py
[2025-01-30T02:52:51.043+0800] {processor.py:914} INFO - Processing file /home/anhtupham99/miniforge3/envs/nba/lib/python3.11/site-packages/airflow/example_dags/example_branch_day_of_week_operator.py for tasks to queue
[2025-01-30T02:52:51.047+0800] {logging_mixin.py:190} INFO - [2025-01-30T02:52:51.047+0800] {dagbag.py:588} INFO - Filling up the DagBag from /home/anhtupham99/miniforge3/envs/nba/lib/python3.11/site-packages/airflow/example_dags/example_branch_day_of_week_operator.py
[2025-01-30T02:52:51.067+0800] {processor.py:925} INFO - DAG(s) 'example_weekday_branch_operator' retrieved from /home/anhtupham99/miniforge3/envs/nba/lib/python3.11/site-packages/airflow/example_dags/example_branch_day_of_week_operator.py
[2025-01-30T02:52:51.089+0800] {logging_mixin.py:190} INFO - [2025-01-30T02:52:51.088+0800] {dag.py:3239} INFO - Sync 1 DAGs
[2025-01-30T02:52:51.105+0800] {logging_mixin.py:190} INFO - [2025-01-30T02:52:51.105+0800] {dag.py:4180} INFO - Setting next_dagrun for example_weekday_branch_operator to 2025-01-28 00:00:00+00:00, run_after=2025-01-29 00:00:00+00:00
[2025-01-30T02:52:51.143+0800] {processor.py:208} INFO - Processing /home/anhtupham99/miniforge3/envs/nba/lib/python3.11/site-packages/airflow/example_dags/example_branch_day_of_week_operator.py took 0.116 seconds
[2025-01-30T02:53:46.341+0800] {processor.py:186} INFO - Started process (PID=21042) to work on /home/anhtupham99/miniforge3/envs/nba/lib/python3.11/site-packages/airflow/example_dags/example_branch_day_of_week_operator.py
[2025-01-30T02:53:46.344+0800] {processor.py:914} INFO - Processing file /home/anhtupham99/miniforge3/envs/nba/lib/python3.11/site-packages/airflow/example_dags/example_branch_day_of_week_operator.py for tasks to queue
[2025-01-30T02:53:46.346+0800] {logging_mixin.py:190} INFO - [2025-01-30T02:53:46.346+0800] {dagbag.py:588} INFO - Filling up the DagBag from /home/anhtupham99/miniforge3/envs/nba/lib/python3.11/site-packages/airflow/example_dags/example_branch_day_of_week_operator.py
[2025-01-30T02:53:46.353+0800] {processor.py:925} INFO - DAG(s) 'example_weekday_branch_operator' retrieved from /home/anhtupham99/miniforge3/envs/nba/lib/python3.11/site-packages/airflow/example_dags/example_branch_day_of_week_operator.py
[2025-01-30T02:53:46.363+0800] {logging_mixin.py:190} INFO - [2025-01-30T02:53:46.363+0800] {dag.py:3239} INFO - Sync 1 DAGs
[2025-01-30T02:53:46.377+0800] {logging_mixin.py:190} INFO - [2025-01-30T02:53:46.377+0800] {dag.py:4180} INFO - Setting next_dagrun for example_weekday_branch_operator to 2025-01-28 00:00:00+00:00, run_after=2025-01-29 00:00:00+00:00
[2025-01-30T02:53:46.399+0800] {processor.py:208} INFO - Processing /home/anhtupham99/miniforge3/envs/nba/lib/python3.11/site-packages/airflow/example_dags/example_branch_day_of_week_operator.py took 0.062 seconds
[2025-01-30T02:54:34.266+0800] {processor.py:186} INFO - Started process (PID=21323) to work on /home/anhtupham99/miniforge3/envs/nba/lib/python3.11/site-packages/airflow/example_dags/example_branch_day_of_week_operator.py
[2025-01-30T02:54:34.267+0800] {processor.py:914} INFO - Processing file /home/anhtupham99/miniforge3/envs/nba/lib/python3.11/site-packages/airflow/example_dags/example_branch_day_of_week_operator.py for tasks to queue
[2025-01-30T02:54:34.269+0800] {logging_mixin.py:190} INFO - [2025-01-30T02:54:34.269+0800] {dagbag.py:588} INFO - Filling up the DagBag from /home/anhtupham99/miniforge3/envs/nba/lib/python3.11/site-packages/airflow/example_dags/example_branch_day_of_week_operator.py
[2025-01-30T02:54:34.276+0800] {processor.py:925} INFO - DAG(s) 'example_weekday_branch_operator' retrieved from /home/anhtupham99/miniforge3/envs/nba/lib/python3.11/site-packages/airflow/example_dags/example_branch_day_of_week_operator.py
[2025-01-30T02:54:34.286+0800] {logging_mixin.py:190} INFO - [2025-01-30T02:54:34.286+0800] {dag.py:3239} INFO - Sync 1 DAGs
[2025-01-30T02:54:34.299+0800] {logging_mixin.py:190} INFO - [2025-01-30T02:54:34.299+0800] {dag.py:4180} INFO - Setting next_dagrun for example_weekday_branch_operator to 2025-01-28 00:00:00+00:00, run_after=2025-01-29 00:00:00+00:00
[2025-01-30T02:54:34.323+0800] {processor.py:208} INFO - Processing /home/anhtupham99/miniforge3/envs/nba/lib/python3.11/site-packages/airflow/example_dags/example_branch_day_of_week_operator.py took 0.061 seconds
[2025-01-30T02:55:25.464+0800] {processor.py:186} INFO - Started process (PID=21628) to work on /home/anhtupham99/miniforge3/envs/nba/lib/python3.11/site-packages/airflow/example_dags/example_branch_day_of_week_operator.py
[2025-01-30T02:55:25.465+0800] {processor.py:914} INFO - Processing file /home/anhtupham99/miniforge3/envs/nba/lib/python3.11/site-packages/airflow/example_dags/example_branch_day_of_week_operator.py for tasks to queue
[2025-01-30T02:55:25.467+0800] {logging_mixin.py:190} INFO - [2025-01-30T02:55:25.467+0800] {dagbag.py:588} INFO - Filling up the DagBag from /home/anhtupham99/miniforge3/envs/nba/lib/python3.11/site-packages/airflow/example_dags/example_branch_day_of_week_operator.py
[2025-01-30T02:55:25.474+0800] {processor.py:925} INFO - DAG(s) 'example_weekday_branch_operator' retrieved from /home/anhtupham99/miniforge3/envs/nba/lib/python3.11/site-packages/airflow/example_dags/example_branch_day_of_week_operator.py
[2025-01-30T02:55:25.490+0800] {logging_mixin.py:190} INFO - [2025-01-30T02:55:25.489+0800] {dag.py:3239} INFO - Sync 1 DAGs
[2025-01-30T02:55:25.509+0800] {logging_mixin.py:190} INFO - [2025-01-30T02:55:25.509+0800] {dag.py:4180} INFO - Setting next_dagrun for example_weekday_branch_operator to 2025-01-28 00:00:00+00:00, run_after=2025-01-29 00:00:00+00:00
[2025-01-30T02:55:25.542+0800] {processor.py:208} INFO - Processing /home/anhtupham99/miniforge3/envs/nba/lib/python3.11/site-packages/airflow/example_dags/example_branch_day_of_week_operator.py took 0.082 seconds
[2025-01-30T02:56:14.154+0800] {processor.py:186} INFO - Started process (PID=21907) to work on /home/anhtupham99/miniforge3/envs/nba/lib/python3.11/site-packages/airflow/example_dags/example_branch_day_of_week_operator.py
[2025-01-30T02:56:14.155+0800] {processor.py:914} INFO - Processing file /home/anhtupham99/miniforge3/envs/nba/lib/python3.11/site-packages/airflow/example_dags/example_branch_day_of_week_operator.py for tasks to queue
[2025-01-30T02:56:14.157+0800] {logging_mixin.py:190} INFO - [2025-01-30T02:56:14.157+0800] {dagbag.py:588} INFO - Filling up the DagBag from /home/anhtupham99/miniforge3/envs/nba/lib/python3.11/site-packages/airflow/example_dags/example_branch_day_of_week_operator.py
[2025-01-30T02:56:14.164+0800] {processor.py:925} INFO - DAG(s) 'example_weekday_branch_operator' retrieved from /home/anhtupham99/miniforge3/envs/nba/lib/python3.11/site-packages/airflow/example_dags/example_branch_day_of_week_operator.py
[2025-01-30T02:56:14.174+0800] {logging_mixin.py:190} INFO - [2025-01-30T02:56:14.174+0800] {dag.py:3239} INFO - Sync 1 DAGs
[2025-01-30T02:56:14.188+0800] {logging_mixin.py:190} INFO - [2025-01-30T02:56:14.188+0800] {dag.py:4180} INFO - Setting next_dagrun for example_weekday_branch_operator to 2025-01-28 00:00:00+00:00, run_after=2025-01-29 00:00:00+00:00
[2025-01-30T02:56:14.209+0800] {processor.py:208} INFO - Processing /home/anhtupham99/miniforge3/envs/nba/lib/python3.11/site-packages/airflow/example_dags/example_branch_day_of_week_operator.py took 0.059 seconds
[2025-01-30T02:57:00.433+0800] {processor.py:186} INFO - Started process (PID=22174) to work on /home/anhtupham99/miniforge3/envs/nba/lib/python3.11/site-packages/airflow/example_dags/example_branch_day_of_week_operator.py
[2025-01-30T02:57:00.434+0800] {processor.py:914} INFO - Processing file /home/anhtupham99/miniforge3/envs/nba/lib/python3.11/site-packages/airflow/example_dags/example_branch_day_of_week_operator.py for tasks to queue
[2025-01-30T02:57:00.436+0800] {logging_mixin.py:190} INFO - [2025-01-30T02:57:00.435+0800] {dagbag.py:588} INFO - Filling up the DagBag from /home/anhtupham99/miniforge3/envs/nba/lib/python3.11/site-packages/airflow/example_dags/example_branch_day_of_week_operator.py
[2025-01-30T02:57:00.443+0800] {processor.py:925} INFO - DAG(s) 'example_weekday_branch_operator' retrieved from /home/anhtupham99/miniforge3/envs/nba/lib/python3.11/site-packages/airflow/example_dags/example_branch_day_of_week_operator.py
[2025-01-30T02:57:00.454+0800] {logging_mixin.py:190} INFO - [2025-01-30T02:57:00.454+0800] {dag.py:3239} INFO - Sync 1 DAGs
[2025-01-30T02:57:00.468+0800] {logging_mixin.py:190} INFO - [2025-01-30T02:57:00.468+0800] {dag.py:4180} INFO - Setting next_dagrun for example_weekday_branch_operator to 2025-01-28 00:00:00+00:00, run_after=2025-01-29 00:00:00+00:00
[2025-01-30T02:57:00.491+0800] {processor.py:208} INFO - Processing /home/anhtupham99/miniforge3/envs/nba/lib/python3.11/site-packages/airflow/example_dags/example_branch_day_of_week_operator.py took 0.064 seconds
[2025-01-30T02:57:49.104+0800] {processor.py:186} INFO - Started process (PID=22500) to work on /home/anhtupham99/miniforge3/envs/nba/lib/python3.11/site-packages/airflow/example_dags/example_branch_day_of_week_operator.py
[2025-01-30T02:57:49.106+0800] {processor.py:914} INFO - Processing file /home/anhtupham99/miniforge3/envs/nba/lib/python3.11/site-packages/airflow/example_dags/example_branch_day_of_week_operator.py for tasks to queue
[2025-01-30T02:57:49.107+0800] {logging_mixin.py:190} INFO - [2025-01-30T02:57:49.107+0800] {dagbag.py:588} INFO - Filling up the DagBag from /home/anhtupham99/miniforge3/envs/nba/lib/python3.11/site-packages/airflow/example_dags/example_branch_day_of_week_operator.py
[2025-01-30T02:57:49.115+0800] {processor.py:925} INFO - DAG(s) 'example_weekday_branch_operator' retrieved from /home/anhtupham99/miniforge3/envs/nba/lib/python3.11/site-packages/airflow/example_dags/example_branch_day_of_week_operator.py
[2025-01-30T02:57:49.126+0800] {logging_mixin.py:190} INFO - [2025-01-30T02:57:49.125+0800] {dag.py:3239} INFO - Sync 1 DAGs
[2025-01-30T02:57:49.139+0800] {logging_mixin.py:190} INFO - [2025-01-30T02:57:49.139+0800] {dag.py:4180} INFO - Setting next_dagrun for example_weekday_branch_operator to 2025-01-28 00:00:00+00:00, run_after=2025-01-29 00:00:00+00:00
[2025-01-30T02:57:49.170+0800] {processor.py:208} INFO - Processing /home/anhtupham99/miniforge3/envs/nba/lib/python3.11/site-packages/airflow/example_dags/example_branch_day_of_week_operator.py took 0.070 seconds
[2025-01-30T02:58:39.728+0800] {processor.py:186} INFO - Started process (PID=22788) to work on /home/anhtupham99/miniforge3/envs/nba/lib/python3.11/site-packages/airflow/example_dags/example_branch_day_of_week_operator.py
[2025-01-30T02:58:39.729+0800] {processor.py:914} INFO - Processing file /home/anhtupham99/miniforge3/envs/nba/lib/python3.11/site-packages/airflow/example_dags/example_branch_day_of_week_operator.py for tasks to queue
[2025-01-30T02:58:39.731+0800] {logging_mixin.py:190} INFO - [2025-01-30T02:58:39.730+0800] {dagbag.py:588} INFO - Filling up the DagBag from /home/anhtupham99/miniforge3/envs/nba/lib/python3.11/site-packages/airflow/example_dags/example_branch_day_of_week_operator.py
[2025-01-30T02:58:39.738+0800] {processor.py:925} INFO - DAG(s) 'example_weekday_branch_operator' retrieved from /home/anhtupham99/miniforge3/envs/nba/lib/python3.11/site-packages/airflow/example_dags/example_branch_day_of_week_operator.py
[2025-01-30T02:58:39.748+0800] {logging_mixin.py:190} INFO - [2025-01-30T02:58:39.748+0800] {dag.py:3239} INFO - Sync 1 DAGs
[2025-01-30T02:58:39.761+0800] {logging_mixin.py:190} INFO - [2025-01-30T02:58:39.761+0800] {dag.py:4180} INFO - Setting next_dagrun for example_weekday_branch_operator to 2025-01-28 00:00:00+00:00, run_after=2025-01-29 00:00:00+00:00
[2025-01-30T02:58:39.783+0800] {processor.py:208} INFO - Processing /home/anhtupham99/miniforge3/envs/nba/lib/python3.11/site-packages/airflow/example_dags/example_branch_day_of_week_operator.py took 0.060 seconds
[2025-01-30T02:59:30.129+0800] {processor.py:186} INFO - Started process (PID=23075) to work on /home/anhtupham99/miniforge3/envs/nba/lib/python3.11/site-packages/airflow/example_dags/example_branch_day_of_week_operator.py
[2025-01-30T02:59:30.134+0800] {processor.py:914} INFO - Processing file /home/anhtupham99/miniforge3/envs/nba/lib/python3.11/site-packages/airflow/example_dags/example_branch_day_of_week_operator.py for tasks to queue
[2025-01-30T02:59:30.136+0800] {logging_mixin.py:190} INFO - [2025-01-30T02:59:30.135+0800] {dagbag.py:588} INFO - Filling up the DagBag from /home/anhtupham99/miniforge3/envs/nba/lib/python3.11/site-packages/airflow/example_dags/example_branch_day_of_week_operator.py
[2025-01-30T02:59:30.143+0800] {processor.py:925} INFO - DAG(s) 'example_weekday_branch_operator' retrieved from /home/anhtupham99/miniforge3/envs/nba/lib/python3.11/site-packages/airflow/example_dags/example_branch_day_of_week_operator.py
[2025-01-30T02:59:30.154+0800] {logging_mixin.py:190} INFO - [2025-01-30T02:59:30.154+0800] {dag.py:3239} INFO - Sync 1 DAGs
[2025-01-30T02:59:30.168+0800] {logging_mixin.py:190} INFO - [2025-01-30T02:59:30.168+0800] {dag.py:4180} INFO - Setting next_dagrun for example_weekday_branch_operator to 2025-01-28 00:00:00+00:00, run_after=2025-01-29 00:00:00+00:00
[2025-01-30T02:59:30.198+0800] {processor.py:208} INFO - Processing /home/anhtupham99/miniforge3/envs/nba/lib/python3.11/site-packages/airflow/example_dags/example_branch_day_of_week_operator.py took 0.075 seconds
[2025-01-30T03:00:20.090+0800] {processor.py:186} INFO - Started process (PID=23382) to work on /home/anhtupham99/miniforge3/envs/nba/lib/python3.11/site-packages/airflow/example_dags/example_branch_day_of_week_operator.py
[2025-01-30T03:00:20.091+0800] {processor.py:914} INFO - Processing file /home/anhtupham99/miniforge3/envs/nba/lib/python3.11/site-packages/airflow/example_dags/example_branch_day_of_week_operator.py for tasks to queue
[2025-01-30T03:00:20.093+0800] {logging_mixin.py:190} INFO - [2025-01-30T03:00:20.093+0800] {dagbag.py:588} INFO - Filling up the DagBag from /home/anhtupham99/miniforge3/envs/nba/lib/python3.11/site-packages/airflow/example_dags/example_branch_day_of_week_operator.py
[2025-01-30T03:00:20.100+0800] {processor.py:925} INFO - DAG(s) 'example_weekday_branch_operator' retrieved from /home/anhtupham99/miniforge3/envs/nba/lib/python3.11/site-packages/airflow/example_dags/example_branch_day_of_week_operator.py
[2025-01-30T03:00:20.110+0800] {logging_mixin.py:190} INFO - [2025-01-30T03:00:20.110+0800] {dag.py:3239} INFO - Sync 1 DAGs
[2025-01-30T03:00:20.123+0800] {logging_mixin.py:190} INFO - [2025-01-30T03:00:20.123+0800] {dag.py:4180} INFO - Setting next_dagrun for example_weekday_branch_operator to 2025-01-28 00:00:00+00:00, run_after=2025-01-29 00:00:00+00:00
[2025-01-30T03:00:20.145+0800] {processor.py:208} INFO - Processing /home/anhtupham99/miniforge3/envs/nba/lib/python3.11/site-packages/airflow/example_dags/example_branch_day_of_week_operator.py took 0.060 seconds
[2025-01-30T03:01:09.339+0800] {processor.py:186} INFO - Started process (PID=23657) to work on /home/anhtupham99/miniforge3/envs/nba/lib/python3.11/site-packages/airflow/example_dags/example_branch_day_of_week_operator.py
[2025-01-30T03:01:09.341+0800] {processor.py:914} INFO - Processing file /home/anhtupham99/miniforge3/envs/nba/lib/python3.11/site-packages/airflow/example_dags/example_branch_day_of_week_operator.py for tasks to queue
[2025-01-30T03:01:09.342+0800] {logging_mixin.py:190} INFO - [2025-01-30T03:01:09.342+0800] {dagbag.py:588} INFO - Filling up the DagBag from /home/anhtupham99/miniforge3/envs/nba/lib/python3.11/site-packages/airflow/example_dags/example_branch_day_of_week_operator.py
[2025-01-30T03:01:09.349+0800] {processor.py:925} INFO - DAG(s) 'example_weekday_branch_operator' retrieved from /home/anhtupham99/miniforge3/envs/nba/lib/python3.11/site-packages/airflow/example_dags/example_branch_day_of_week_operator.py
[2025-01-30T03:01:09.359+0800] {logging_mixin.py:190} INFO - [2025-01-30T03:01:09.359+0800] {dag.py:3239} INFO - Sync 1 DAGs
[2025-01-30T03:01:09.371+0800] {logging_mixin.py:190} INFO - [2025-01-30T03:01:09.371+0800] {dag.py:4180} INFO - Setting next_dagrun for example_weekday_branch_operator to 2025-01-28 00:00:00+00:00, run_after=2025-01-29 00:00:00+00:00
[2025-01-30T03:01:09.396+0800] {processor.py:208} INFO - Processing /home/anhtupham99/miniforge3/envs/nba/lib/python3.11/site-packages/airflow/example_dags/example_branch_day_of_week_operator.py took 0.060 seconds
[2025-01-30T03:01:55.481+0800] {processor.py:186} INFO - Started process (PID=23921) to work on /home/anhtupham99/miniforge3/envs/nba/lib/python3.11/site-packages/airflow/example_dags/example_branch_day_of_week_operator.py
[2025-01-30T03:01:55.482+0800] {processor.py:914} INFO - Processing file /home/anhtupham99/miniforge3/envs/nba/lib/python3.11/site-packages/airflow/example_dags/example_branch_day_of_week_operator.py for tasks to queue
[2025-01-30T03:01:55.484+0800] {logging_mixin.py:190} INFO - [2025-01-30T03:01:55.483+0800] {dagbag.py:588} INFO - Filling up the DagBag from /home/anhtupham99/miniforge3/envs/nba/lib/python3.11/site-packages/airflow/example_dags/example_branch_day_of_week_operator.py
[2025-01-30T03:01:55.491+0800] {processor.py:925} INFO - DAG(s) 'example_weekday_branch_operator' retrieved from /home/anhtupham99/miniforge3/envs/nba/lib/python3.11/site-packages/airflow/example_dags/example_branch_day_of_week_operator.py
[2025-01-30T03:01:55.502+0800] {logging_mixin.py:190} INFO - [2025-01-30T03:01:55.502+0800] {dag.py:3239} INFO - Sync 1 DAGs
[2025-01-30T03:01:55.516+0800] {logging_mixin.py:190} INFO - [2025-01-30T03:01:55.516+0800] {dag.py:4180} INFO - Setting next_dagrun for example_weekday_branch_operator to 2025-01-28 00:00:00+00:00, run_after=2025-01-29 00:00:00+00:00
[2025-01-30T03:01:55.549+0800] {processor.py:208} INFO - Processing /home/anhtupham99/miniforge3/envs/nba/lib/python3.11/site-packages/airflow/example_dags/example_branch_day_of_week_operator.py took 0.073 seconds
[2025-01-30T03:02:43.163+0800] {processor.py:186} INFO - Started process (PID=24229) to work on /home/anhtupham99/miniforge3/envs/nba/lib/python3.11/site-packages/airflow/example_dags/example_branch_day_of_week_operator.py
[2025-01-30T03:02:43.164+0800] {processor.py:914} INFO - Processing file /home/anhtupham99/miniforge3/envs/nba/lib/python3.11/site-packages/airflow/example_dags/example_branch_day_of_week_operator.py for tasks to queue
[2025-01-30T03:02:43.166+0800] {logging_mixin.py:190} INFO - [2025-01-30T03:02:43.165+0800] {dagbag.py:588} INFO - Filling up the DagBag from /home/anhtupham99/miniforge3/envs/nba/lib/python3.11/site-packages/airflow/example_dags/example_branch_day_of_week_operator.py
[2025-01-30T03:02:43.173+0800] {processor.py:925} INFO - DAG(s) 'example_weekday_branch_operator' retrieved from /home/anhtupham99/miniforge3/envs/nba/lib/python3.11/site-packages/airflow/example_dags/example_branch_day_of_week_operator.py
[2025-01-30T03:02:43.184+0800] {logging_mixin.py:190} INFO - [2025-01-30T03:02:43.184+0800] {dag.py:3239} INFO - Sync 1 DAGs
[2025-01-30T03:02:43.198+0800] {logging_mixin.py:190} INFO - [2025-01-30T03:02:43.198+0800] {dag.py:4180} INFO - Setting next_dagrun for example_weekday_branch_operator to 2025-01-28 00:00:00+00:00, run_after=2025-01-29 00:00:00+00:00
[2025-01-30T03:02:43.223+0800] {processor.py:208} INFO - Processing /home/anhtupham99/miniforge3/envs/nba/lib/python3.11/site-packages/airflow/example_dags/example_branch_day_of_week_operator.py took 0.065 seconds
[2025-01-30T03:03:31.283+0800] {processor.py:186} INFO - Started process (PID=24506) to work on /home/anhtupham99/miniforge3/envs/nba/lib/python3.11/site-packages/airflow/example_dags/example_branch_day_of_week_operator.py
[2025-01-30T03:03:31.287+0800] {processor.py:914} INFO - Processing file /home/anhtupham99/miniforge3/envs/nba/lib/python3.11/site-packages/airflow/example_dags/example_branch_day_of_week_operator.py for tasks to queue
[2025-01-30T03:03:31.289+0800] {logging_mixin.py:190} INFO - [2025-01-30T03:03:31.289+0800] {dagbag.py:588} INFO - Filling up the DagBag from /home/anhtupham99/miniforge3/envs/nba/lib/python3.11/site-packages/airflow/example_dags/example_branch_day_of_week_operator.py
[2025-01-30T03:03:31.296+0800] {processor.py:925} INFO - DAG(s) 'example_weekday_branch_operator' retrieved from /home/anhtupham99/miniforge3/envs/nba/lib/python3.11/site-packages/airflow/example_dags/example_branch_day_of_week_operator.py
[2025-01-30T03:03:31.307+0800] {logging_mixin.py:190} INFO - [2025-01-30T03:03:31.306+0800] {dag.py:3239} INFO - Sync 1 DAGs
[2025-01-30T03:03:31.320+0800] {logging_mixin.py:190} INFO - [2025-01-30T03:03:31.319+0800] {dag.py:4180} INFO - Setting next_dagrun for example_weekday_branch_operator to 2025-01-28 00:00:00+00:00, run_after=2025-01-29 00:00:00+00:00
[2025-01-30T03:03:31.341+0800] {processor.py:208} INFO - Processing /home/anhtupham99/miniforge3/envs/nba/lib/python3.11/site-packages/airflow/example_dags/example_branch_day_of_week_operator.py took 0.063 seconds
[2025-01-30T03:04:20.968+0800] {processor.py:186} INFO - Started process (PID=24818) to work on /home/anhtupham99/miniforge3/envs/nba/lib/python3.11/site-packages/airflow/example_dags/example_branch_day_of_week_operator.py
[2025-01-30T03:04:20.969+0800] {processor.py:914} INFO - Processing file /home/anhtupham99/miniforge3/envs/nba/lib/python3.11/site-packages/airflow/example_dags/example_branch_day_of_week_operator.py for tasks to queue
[2025-01-30T03:04:20.971+0800] {logging_mixin.py:190} INFO - [2025-01-30T03:04:20.971+0800] {dagbag.py:588} INFO - Filling up the DagBag from /home/anhtupham99/miniforge3/envs/nba/lib/python3.11/site-packages/airflow/example_dags/example_branch_day_of_week_operator.py
[2025-01-30T03:04:20.978+0800] {processor.py:925} INFO - DAG(s) 'example_weekday_branch_operator' retrieved from /home/anhtupham99/miniforge3/envs/nba/lib/python3.11/site-packages/airflow/example_dags/example_branch_day_of_week_operator.py
[2025-01-30T03:04:20.988+0800] {logging_mixin.py:190} INFO - [2025-01-30T03:04:20.988+0800] {dag.py:3239} INFO - Sync 1 DAGs
[2025-01-30T03:04:21.001+0800] {logging_mixin.py:190} INFO - [2025-01-30T03:04:21.001+0800] {dag.py:4180} INFO - Setting next_dagrun for example_weekday_branch_operator to 2025-01-28 00:00:00+00:00, run_after=2025-01-29 00:00:00+00:00
[2025-01-30T03:04:21.022+0800] {processor.py:208} INFO - Processing /home/anhtupham99/miniforge3/envs/nba/lib/python3.11/site-packages/airflow/example_dags/example_branch_day_of_week_operator.py took 0.058 seconds
[2025-01-30T03:05:10.664+0800] {processor.py:186} INFO - Started process (PID=25115) to work on /home/anhtupham99/miniforge3/envs/nba/lib/python3.11/site-packages/airflow/example_dags/example_branch_day_of_week_operator.py
[2025-01-30T03:05:10.666+0800] {processor.py:914} INFO - Processing file /home/anhtupham99/miniforge3/envs/nba/lib/python3.11/site-packages/airflow/example_dags/example_branch_day_of_week_operator.py for tasks to queue
[2025-01-30T03:05:10.667+0800] {logging_mixin.py:190} INFO - [2025-01-30T03:05:10.667+0800] {dagbag.py:588} INFO - Filling up the DagBag from /home/anhtupham99/miniforge3/envs/nba/lib/python3.11/site-packages/airflow/example_dags/example_branch_day_of_week_operator.py
[2025-01-30T03:05:10.674+0800] {processor.py:925} INFO - DAG(s) 'example_weekday_branch_operator' retrieved from /home/anhtupham99/miniforge3/envs/nba/lib/python3.11/site-packages/airflow/example_dags/example_branch_day_of_week_operator.py
[2025-01-30T03:05:10.684+0800] {logging_mixin.py:190} INFO - [2025-01-30T03:05:10.684+0800] {dag.py:3239} INFO - Sync 1 DAGs
[2025-01-30T03:05:10.697+0800] {logging_mixin.py:190} INFO - [2025-01-30T03:05:10.697+0800] {dag.py:4180} INFO - Setting next_dagrun for example_weekday_branch_operator to 2025-01-28 00:00:00+00:00, run_after=2025-01-29 00:00:00+00:00
[2025-01-30T03:05:10.721+0800] {processor.py:208} INFO - Processing /home/anhtupham99/miniforge3/envs/nba/lib/python3.11/site-packages/airflow/example_dags/example_branch_day_of_week_operator.py took 0.061 seconds
[2025-01-30T03:05:58.562+0800] {processor.py:186} INFO - Started process (PID=25385) to work on /home/anhtupham99/miniforge3/envs/nba/lib/python3.11/site-packages/airflow/example_dags/example_branch_day_of_week_operator.py
[2025-01-30T03:05:58.563+0800] {processor.py:914} INFO - Processing file /home/anhtupham99/miniforge3/envs/nba/lib/python3.11/site-packages/airflow/example_dags/example_branch_day_of_week_operator.py for tasks to queue
[2025-01-30T03:05:58.565+0800] {logging_mixin.py:190} INFO - [2025-01-30T03:05:58.565+0800] {dagbag.py:588} INFO - Filling up the DagBag from /home/anhtupham99/miniforge3/envs/nba/lib/python3.11/site-packages/airflow/example_dags/example_branch_day_of_week_operator.py
[2025-01-30T03:05:58.572+0800] {processor.py:925} INFO - DAG(s) 'example_weekday_branch_operator' retrieved from /home/anhtupham99/miniforge3/envs/nba/lib/python3.11/site-packages/airflow/example_dags/example_branch_day_of_week_operator.py
[2025-01-30T03:05:58.582+0800] {logging_mixin.py:190} INFO - [2025-01-30T03:05:58.582+0800] {dag.py:3239} INFO - Sync 1 DAGs
[2025-01-30T03:05:58.595+0800] {logging_mixin.py:190} INFO - [2025-01-30T03:05:58.594+0800] {dag.py:4180} INFO - Setting next_dagrun for example_weekday_branch_operator to 2025-01-28 00:00:00+00:00, run_after=2025-01-29 00:00:00+00:00
[2025-01-30T03:05:58.617+0800] {processor.py:208} INFO - Processing /home/anhtupham99/miniforge3/envs/nba/lib/python3.11/site-packages/airflow/example_dags/example_branch_day_of_week_operator.py took 0.059 seconds
[2025-01-30T03:06:50.283+0800] {processor.py:186} INFO - Started process (PID=25671) to work on /home/anhtupham99/miniforge3/envs/nba/lib/python3.11/site-packages/airflow/example_dags/example_branch_day_of_week_operator.py
[2025-01-30T03:06:50.285+0800] {processor.py:914} INFO - Processing file /home/anhtupham99/miniforge3/envs/nba/lib/python3.11/site-packages/airflow/example_dags/example_branch_day_of_week_operator.py for tasks to queue
[2025-01-30T03:06:50.286+0800] {logging_mixin.py:190} INFO - [2025-01-30T03:06:50.286+0800] {dagbag.py:588} INFO - Filling up the DagBag from /home/anhtupham99/miniforge3/envs/nba/lib/python3.11/site-packages/airflow/example_dags/example_branch_day_of_week_operator.py
[2025-01-30T03:06:50.293+0800] {processor.py:925} INFO - DAG(s) 'example_weekday_branch_operator' retrieved from /home/anhtupham99/miniforge3/envs/nba/lib/python3.11/site-packages/airflow/example_dags/example_branch_day_of_week_operator.py
[2025-01-30T03:06:50.303+0800] {logging_mixin.py:190} INFO - [2025-01-30T03:06:50.303+0800] {dag.py:3239} INFO - Sync 1 DAGs
[2025-01-30T03:06:50.315+0800] {logging_mixin.py:190} INFO - [2025-01-30T03:06:50.315+0800] {dag.py:4180} INFO - Setting next_dagrun for example_weekday_branch_operator to 2025-01-28 00:00:00+00:00, run_after=2025-01-29 00:00:00+00:00
[2025-01-30T03:06:50.339+0800] {processor.py:208} INFO - Processing /home/anhtupham99/miniforge3/envs/nba/lib/python3.11/site-packages/airflow/example_dags/example_branch_day_of_week_operator.py took 0.060 seconds
[2025-01-30T03:07:40.012+0800] {processor.py:186} INFO - Started process (PID=26000) to work on /home/anhtupham99/miniforge3/envs/nba/lib/python3.11/site-packages/airflow/example_dags/example_branch_day_of_week_operator.py
[2025-01-30T03:07:40.013+0800] {processor.py:914} INFO - Processing file /home/anhtupham99/miniforge3/envs/nba/lib/python3.11/site-packages/airflow/example_dags/example_branch_day_of_week_operator.py for tasks to queue
[2025-01-30T03:07:40.015+0800] {logging_mixin.py:190} INFO - [2025-01-30T03:07:40.014+0800] {dagbag.py:588} INFO - Filling up the DagBag from /home/anhtupham99/miniforge3/envs/nba/lib/python3.11/site-packages/airflow/example_dags/example_branch_day_of_week_operator.py
[2025-01-30T03:07:40.025+0800] {processor.py:925} INFO - DAG(s) 'example_weekday_branch_operator' retrieved from /home/anhtupham99/miniforge3/envs/nba/lib/python3.11/site-packages/airflow/example_dags/example_branch_day_of_week_operator.py
[2025-01-30T03:07:40.041+0800] {logging_mixin.py:190} INFO - [2025-01-30T03:07:40.041+0800] {dag.py:3239} INFO - Sync 1 DAGs
[2025-01-30T03:07:40.057+0800] {logging_mixin.py:190} INFO - [2025-01-30T03:07:40.057+0800] {dag.py:4180} INFO - Setting next_dagrun for example_weekday_branch_operator to 2025-01-28 00:00:00+00:00, run_after=2025-01-29 00:00:00+00:00
[2025-01-30T03:07:40.083+0800] {processor.py:208} INFO - Processing /home/anhtupham99/miniforge3/envs/nba/lib/python3.11/site-packages/airflow/example_dags/example_branch_day_of_week_operator.py took 0.076 seconds
[2025-01-30T03:08:27.828+0800] {processor.py:186} INFO - Started process (PID=26268) to work on /home/anhtupham99/miniforge3/envs/nba/lib/python3.11/site-packages/airflow/example_dags/example_branch_day_of_week_operator.py
[2025-01-30T03:08:27.829+0800] {processor.py:914} INFO - Processing file /home/anhtupham99/miniforge3/envs/nba/lib/python3.11/site-packages/airflow/example_dags/example_branch_day_of_week_operator.py for tasks to queue
[2025-01-30T03:08:27.831+0800] {logging_mixin.py:190} INFO - [2025-01-30T03:08:27.831+0800] {dagbag.py:588} INFO - Filling up the DagBag from /home/anhtupham99/miniforge3/envs/nba/lib/python3.11/site-packages/airflow/example_dags/example_branch_day_of_week_operator.py
[2025-01-30T03:08:27.839+0800] {processor.py:925} INFO - DAG(s) 'example_weekday_branch_operator' retrieved from /home/anhtupham99/miniforge3/envs/nba/lib/python3.11/site-packages/airflow/example_dags/example_branch_day_of_week_operator.py
[2025-01-30T03:08:27.850+0800] {logging_mixin.py:190} INFO - [2025-01-30T03:08:27.850+0800] {dag.py:3239} INFO - Sync 1 DAGs
[2025-01-30T03:08:27.865+0800] {logging_mixin.py:190} INFO - [2025-01-30T03:08:27.865+0800] {dag.py:4180} INFO - Setting next_dagrun for example_weekday_branch_operator to 2025-01-28 00:00:00+00:00, run_after=2025-01-29 00:00:00+00:00
[2025-01-30T03:08:27.888+0800] {processor.py:208} INFO - Processing /home/anhtupham99/miniforge3/envs/nba/lib/python3.11/site-packages/airflow/example_dags/example_branch_day_of_week_operator.py took 0.064 seconds
[2025-01-30T03:09:14.608+0800] {processor.py:186} INFO - Started process (PID=26540) to work on /home/anhtupham99/miniforge3/envs/nba/lib/python3.11/site-packages/airflow/example_dags/example_branch_day_of_week_operator.py
[2025-01-30T03:09:14.609+0800] {processor.py:914} INFO - Processing file /home/anhtupham99/miniforge3/envs/nba/lib/python3.11/site-packages/airflow/example_dags/example_branch_day_of_week_operator.py for tasks to queue
[2025-01-30T03:09:14.611+0800] {logging_mixin.py:190} INFO - [2025-01-30T03:09:14.610+0800] {dagbag.py:588} INFO - Filling up the DagBag from /home/anhtupham99/miniforge3/envs/nba/lib/python3.11/site-packages/airflow/example_dags/example_branch_day_of_week_operator.py
[2025-01-30T03:09:14.618+0800] {processor.py:925} INFO - DAG(s) 'example_weekday_branch_operator' retrieved from /home/anhtupham99/miniforge3/envs/nba/lib/python3.11/site-packages/airflow/example_dags/example_branch_day_of_week_operator.py
[2025-01-30T03:09:14.629+0800] {logging_mixin.py:190} INFO - [2025-01-30T03:09:14.629+0800] {dag.py:3239} INFO - Sync 1 DAGs
[2025-01-30T03:09:14.644+0800] {logging_mixin.py:190} INFO - [2025-01-30T03:09:14.644+0800] {dag.py:4180} INFO - Setting next_dagrun for example_weekday_branch_operator to 2025-01-28 00:00:00+00:00, run_after=2025-01-29 00:00:00+00:00
[2025-01-30T03:09:14.667+0800] {processor.py:208} INFO - Processing /home/anhtupham99/miniforge3/envs/nba/lib/python3.11/site-packages/airflow/example_dags/example_branch_day_of_week_operator.py took 0.064 seconds
[2025-01-30T06:11:52.347+0800] {processor.py:186} INFO - Started process (PID=27002) to work on /home/anhtupham99/miniforge3/envs/nba/lib/python3.11/site-packages/airflow/example_dags/example_branch_day_of_week_operator.py
[2025-01-30T06:11:52.352+0800] {processor.py:914} INFO - Processing file /home/anhtupham99/miniforge3/envs/nba/lib/python3.11/site-packages/airflow/example_dags/example_branch_day_of_week_operator.py for tasks to queue
[2025-01-30T06:11:52.356+0800] {logging_mixin.py:190} INFO - [2025-01-30T06:11:52.355+0800] {dagbag.py:588} INFO - Filling up the DagBag from /home/anhtupham99/miniforge3/envs/nba/lib/python3.11/site-packages/airflow/example_dags/example_branch_day_of_week_operator.py
[2025-01-30T06:11:52.366+0800] {processor.py:925} INFO - DAG(s) 'example_weekday_branch_operator' retrieved from /home/anhtupham99/miniforge3/envs/nba/lib/python3.11/site-packages/airflow/example_dags/example_branch_day_of_week_operator.py
[2025-01-30T06:11:52.376+0800] {logging_mixin.py:190} INFO - [2025-01-30T06:11:52.376+0800] {dag.py:3239} INFO - Sync 1 DAGs
[2025-01-30T06:11:52.391+0800] {logging_mixin.py:190} INFO - [2025-01-30T06:11:52.391+0800] {dag.py:4180} INFO - Setting next_dagrun for example_weekday_branch_operator to 2025-01-28 00:00:00+00:00, run_after=2025-01-29 00:00:00+00:00
[2025-01-30T06:11:52.418+0800] {processor.py:208} INFO - Processing /home/anhtupham99/miniforge3/envs/nba/lib/python3.11/site-packages/airflow/example_dags/example_branch_day_of_week_operator.py took 0.077 seconds
[2025-01-30T06:12:46.746+0800] {processor.py:186} INFO - Started process (PID=27312) to work on /home/anhtupham99/miniforge3/envs/nba/lib/python3.11/site-packages/airflow/example_dags/example_branch_day_of_week_operator.py
[2025-01-30T06:12:46.748+0800] {processor.py:914} INFO - Processing file /home/anhtupham99/miniforge3/envs/nba/lib/python3.11/site-packages/airflow/example_dags/example_branch_day_of_week_operator.py for tasks to queue
[2025-01-30T06:12:46.751+0800] {logging_mixin.py:190} INFO - [2025-01-30T06:12:46.750+0800] {dagbag.py:588} INFO - Filling up the DagBag from /home/anhtupham99/miniforge3/envs/nba/lib/python3.11/site-packages/airflow/example_dags/example_branch_day_of_week_operator.py
[2025-01-30T06:12:46.760+0800] {processor.py:925} INFO - DAG(s) 'example_weekday_branch_operator' retrieved from /home/anhtupham99/miniforge3/envs/nba/lib/python3.11/site-packages/airflow/example_dags/example_branch_day_of_week_operator.py
[2025-01-30T06:12:46.774+0800] {logging_mixin.py:190} INFO - [2025-01-30T06:12:46.774+0800] {dag.py:3239} INFO - Sync 1 DAGs
[2025-01-30T06:12:46.791+0800] {logging_mixin.py:190} INFO - [2025-01-30T06:12:46.791+0800] {dag.py:4180} INFO - Setting next_dagrun for example_weekday_branch_operator to 2025-01-28 00:00:00+00:00, run_after=2025-01-29 00:00:00+00:00
[2025-01-30T06:12:46.816+0800] {processor.py:208} INFO - Processing /home/anhtupham99/miniforge3/envs/nba/lib/python3.11/site-packages/airflow/example_dags/example_branch_day_of_week_operator.py took 0.077 seconds
[2025-01-30T06:13:38.739+0800] {processor.py:186} INFO - Started process (PID=27643) to work on /home/anhtupham99/miniforge3/envs/nba/lib/python3.11/site-packages/airflow/example_dags/example_branch_day_of_week_operator.py
[2025-01-30T06:13:38.743+0800] {processor.py:914} INFO - Processing file /home/anhtupham99/miniforge3/envs/nba/lib/python3.11/site-packages/airflow/example_dags/example_branch_day_of_week_operator.py for tasks to queue
[2025-01-30T06:13:38.745+0800] {logging_mixin.py:190} INFO - [2025-01-30T06:13:38.745+0800] {dagbag.py:588} INFO - Filling up the DagBag from /home/anhtupham99/miniforge3/envs/nba/lib/python3.11/site-packages/airflow/example_dags/example_branch_day_of_week_operator.py
[2025-01-30T06:13:38.756+0800] {processor.py:925} INFO - DAG(s) 'example_weekday_branch_operator' retrieved from /home/anhtupham99/miniforge3/envs/nba/lib/python3.11/site-packages/airflow/example_dags/example_branch_day_of_week_operator.py
[2025-01-30T06:13:38.777+0800] {logging_mixin.py:190} INFO - [2025-01-30T06:13:38.776+0800] {dag.py:3239} INFO - Sync 1 DAGs
[2025-01-30T06:13:38.794+0800] {logging_mixin.py:190} INFO - [2025-01-30T06:13:38.794+0800] {dag.py:4180} INFO - Setting next_dagrun for example_weekday_branch_operator to 2025-01-28 00:00:00+00:00, run_after=2025-01-29 00:00:00+00:00
[2025-01-30T06:13:38.817+0800] {processor.py:208} INFO - Processing /home/anhtupham99/miniforge3/envs/nba/lib/python3.11/site-packages/airflow/example_dags/example_branch_day_of_week_operator.py took 0.082 seconds
