[2025-01-30T02:35:25.094+0800] {processor.py:186} INFO - Started process (PID=14620) to work on /home/anhtupham99/miniforge3/envs/nba/lib/python3.11/site-packages/airflow/example_dags/example_trigger_target_dag.py
[2025-01-30T02:35:25.095+0800] {processor.py:914} INFO - Processing file /home/anhtupham99/miniforge3/envs/nba/lib/python3.11/site-packages/airflow/example_dags/example_trigger_target_dag.py for tasks to queue
[2025-01-30T02:35:25.098+0800] {logging_mixin.py:190} INFO - [2025-01-30T02:35:25.097+0800] {dagbag.py:588} INFO - Filling up the DagBag from /home/anhtupham99/miniforge3/envs/nba/lib/python3.11/site-packages/airflow/example_dags/example_trigger_target_dag.py
[2025-01-30T02:35:25.110+0800] {processor.py:925} INFO - DAG(s) 'example_trigger_target_dag' retrieved from /home/anhtupham99/miniforge3/envs/nba/lib/python3.11/site-packages/airflow/example_dags/example_trigger_target_dag.py
[2025-01-30T02:35:25.201+0800] {logging_mixin.py:190} INFO - [2025-01-30T02:35:25.199+0800] {override.py:1911} INFO - Created Permission View: can delete on DAG:example_trigger_target_dag
[2025-01-30T02:35:25.230+0800] {logging_mixin.py:190} INFO - [2025-01-30T02:35:25.230+0800] {override.py:1911} INFO - Created Permission View: can read on DAG:example_trigger_target_dag
[2025-01-30T02:35:25.248+0800] {logging_mixin.py:190} INFO - [2025-01-30T02:35:25.247+0800] {override.py:1911} INFO - Created Permission View: can edit on DAG:example_trigger_target_dag
[2025-01-30T02:35:25.278+0800] {logging_mixin.py:190} INFO - [2025-01-30T02:35:25.277+0800] {override.py:1911} INFO - Created Permission View: can delete on DAG Run:example_trigger_target_dag
[2025-01-30T02:35:25.291+0800] {logging_mixin.py:190} INFO - [2025-01-30T02:35:25.291+0800] {override.py:1911} INFO - Created Permission View: can create on DAG Run:example_trigger_target_dag
[2025-01-30T02:35:25.304+0800] {logging_mixin.py:190} INFO - [2025-01-30T02:35:25.304+0800] {override.py:1911} INFO - Created Permission View: menu access on DAG Run:example_trigger_target_dag
[2025-01-30T02:35:25.317+0800] {logging_mixin.py:190} INFO - [2025-01-30T02:35:25.317+0800] {override.py:1911} INFO - Created Permission View: can read on DAG Run:example_trigger_target_dag
[2025-01-30T02:35:25.317+0800] {logging_mixin.py:190} INFO - [2025-01-30T02:35:25.317+0800] {dag.py:3239} INFO - Sync 1 DAGs
[2025-01-30T02:35:25.324+0800] {logging_mixin.py:190} INFO - [2025-01-30T02:35:25.324+0800] {dag.py:3262} INFO - Creating ORM DAG for example_trigger_target_dag
[2025-01-30T02:35:25.324+0800] {logging_mixin.py:190} INFO - [2025-01-30T02:35:25.324+0800] {dag.py:4180} INFO - Setting next_dagrun for example_trigger_target_dag to None, run_after=None
[2025-01-30T02:35:25.353+0800] {processor.py:208} INFO - Processing /home/anhtupham99/miniforge3/envs/nba/lib/python3.11/site-packages/airflow/example_dags/example_trigger_target_dag.py took 0.268 seconds
[2025-01-30T02:36:30.494+0800] {processor.py:186} INFO - Started process (PID=15009) to work on /home/anhtupham99/miniforge3/envs/nba/lib/python3.11/site-packages/airflow/example_dags/example_trigger_target_dag.py
[2025-01-30T02:36:30.496+0800] {processor.py:914} INFO - Processing file /home/anhtupham99/miniforge3/envs/nba/lib/python3.11/site-packages/airflow/example_dags/example_trigger_target_dag.py for tasks to queue
[2025-01-30T02:36:30.499+0800] {logging_mixin.py:190} INFO - [2025-01-30T02:36:30.499+0800] {dagbag.py:588} INFO - Filling up the DagBag from /home/anhtupham99/miniforge3/envs/nba/lib/python3.11/site-packages/airflow/example_dags/example_trigger_target_dag.py
[2025-01-30T02:36:30.510+0800] {processor.py:925} INFO - DAG(s) 'example_trigger_target_dag' retrieved from /home/anhtupham99/miniforge3/envs/nba/lib/python3.11/site-packages/airflow/example_dags/example_trigger_target_dag.py
[2025-01-30T02:36:30.528+0800] {logging_mixin.py:190} INFO - [2025-01-30T02:36:30.527+0800] {dag.py:3239} INFO - Sync 1 DAGs
[2025-01-30T02:36:30.537+0800] {logging_mixin.py:190} INFO - [2025-01-30T02:36:30.537+0800] {dag.py:4180} INFO - Setting next_dagrun for example_trigger_target_dag to None, run_after=None
[2025-01-30T02:36:30.581+0800] {processor.py:208} INFO - Processing /home/anhtupham99/miniforge3/envs/nba/lib/python3.11/site-packages/airflow/example_dags/example_trigger_target_dag.py took 0.094 seconds
[2025-01-30T02:48:25.963+0800] {processor.py:186} INFO - Started process (PID=19191) to work on /home/anhtupham99/miniforge3/envs/nba/lib/python3.11/site-packages/airflow/example_dags/example_trigger_target_dag.py
[2025-01-30T02:48:25.967+0800] {processor.py:914} INFO - Processing file /home/anhtupham99/miniforge3/envs/nba/lib/python3.11/site-packages/airflow/example_dags/example_trigger_target_dag.py for tasks to queue
[2025-01-30T02:48:25.969+0800] {logging_mixin.py:190} INFO - [2025-01-30T02:48:25.969+0800] {dagbag.py:588} INFO - Filling up the DagBag from /home/anhtupham99/miniforge3/envs/nba/lib/python3.11/site-packages/airflow/example_dags/example_trigger_target_dag.py
[2025-01-30T02:48:25.979+0800] {processor.py:925} INFO - DAG(s) 'example_trigger_target_dag' retrieved from /home/anhtupham99/miniforge3/envs/nba/lib/python3.11/site-packages/airflow/example_dags/example_trigger_target_dag.py
[2025-01-30T02:48:26.002+0800] {logging_mixin.py:190} INFO - [2025-01-30T02:48:26.002+0800] {dag.py:3239} INFO - Sync 1 DAGs
[2025-01-30T02:48:26.010+0800] {logging_mixin.py:190} INFO - [2025-01-30T02:48:26.009+0800] {dag.py:4180} INFO - Setting next_dagrun for example_trigger_target_dag to None, run_after=None
[2025-01-30T02:48:26.053+0800] {processor.py:208} INFO - Processing /home/anhtupham99/miniforge3/envs/nba/lib/python3.11/site-packages/airflow/example_dags/example_trigger_target_dag.py took 0.104 seconds
[2025-01-30T02:49:22.689+0800] {processor.py:186} INFO - Started process (PID=19505) to work on /home/anhtupham99/miniforge3/envs/nba/lib/python3.11/site-packages/airflow/example_dags/example_trigger_target_dag.py
[2025-01-30T02:49:22.691+0800] {processor.py:914} INFO - Processing file /home/anhtupham99/miniforge3/envs/nba/lib/python3.11/site-packages/airflow/example_dags/example_trigger_target_dag.py for tasks to queue
[2025-01-30T02:49:22.695+0800] {logging_mixin.py:190} INFO - [2025-01-30T02:49:22.694+0800] {dagbag.py:588} INFO - Filling up the DagBag from /home/anhtupham99/miniforge3/envs/nba/lib/python3.11/site-packages/airflow/example_dags/example_trigger_target_dag.py
[2025-01-30T02:49:22.711+0800] {processor.py:925} INFO - DAG(s) 'example_trigger_target_dag' retrieved from /home/anhtupham99/miniforge3/envs/nba/lib/python3.11/site-packages/airflow/example_dags/example_trigger_target_dag.py
[2025-01-30T02:49:22.727+0800] {logging_mixin.py:190} INFO - [2025-01-30T02:49:22.726+0800] {dag.py:3239} INFO - Sync 1 DAGs
[2025-01-30T02:49:22.740+0800] {logging_mixin.py:190} INFO - [2025-01-30T02:49:22.739+0800] {dag.py:4180} INFO - Setting next_dagrun for example_trigger_target_dag to None, run_after=None
[2025-01-30T02:49:22.776+0800] {processor.py:208} INFO - Processing /home/anhtupham99/miniforge3/envs/nba/lib/python3.11/site-packages/airflow/example_dags/example_trigger_target_dag.py took 0.096 seconds
[2025-01-30T02:50:19.147+0800] {processor.py:186} INFO - Started process (PID=19850) to work on /home/anhtupham99/miniforge3/envs/nba/lib/python3.11/site-packages/airflow/example_dags/example_trigger_target_dag.py
[2025-01-30T02:50:19.149+0800] {processor.py:914} INFO - Processing file /home/anhtupham99/miniforge3/envs/nba/lib/python3.11/site-packages/airflow/example_dags/example_trigger_target_dag.py for tasks to queue
[2025-01-30T02:50:19.151+0800] {logging_mixin.py:190} INFO - [2025-01-30T02:50:19.151+0800] {dagbag.py:588} INFO - Filling up the DagBag from /home/anhtupham99/miniforge3/envs/nba/lib/python3.11/site-packages/airflow/example_dags/example_trigger_target_dag.py
[2025-01-30T02:50:19.161+0800] {processor.py:925} INFO - DAG(s) 'example_trigger_target_dag' retrieved from /home/anhtupham99/miniforge3/envs/nba/lib/python3.11/site-packages/airflow/example_dags/example_trigger_target_dag.py
[2025-01-30T02:50:19.177+0800] {logging_mixin.py:190} INFO - [2025-01-30T02:50:19.176+0800] {dag.py:3239} INFO - Sync 1 DAGs
[2025-01-30T02:50:19.187+0800] {logging_mixin.py:190} INFO - [2025-01-30T02:50:19.187+0800] {dag.py:4180} INFO - Setting next_dagrun for example_trigger_target_dag to None, run_after=None
[2025-01-30T02:50:19.210+0800] {processor.py:208} INFO - Processing /home/anhtupham99/miniforge3/envs/nba/lib/python3.11/site-packages/airflow/example_dags/example_trigger_target_dag.py took 0.070 seconds
[2025-01-30T02:51:15.249+0800] {processor.py:186} INFO - Started process (PID=20167) to work on /home/anhtupham99/miniforge3/envs/nba/lib/python3.11/site-packages/airflow/example_dags/example_trigger_target_dag.py
[2025-01-30T02:51:15.252+0800] {processor.py:914} INFO - Processing file /home/anhtupham99/miniforge3/envs/nba/lib/python3.11/site-packages/airflow/example_dags/example_trigger_target_dag.py for tasks to queue
[2025-01-30T02:51:15.256+0800] {logging_mixin.py:190} INFO - [2025-01-30T02:51:15.256+0800] {dagbag.py:588} INFO - Filling up the DagBag from /home/anhtupham99/miniforge3/envs/nba/lib/python3.11/site-packages/airflow/example_dags/example_trigger_target_dag.py
[2025-01-30T02:51:15.270+0800] {processor.py:925} INFO - DAG(s) 'example_trigger_target_dag' retrieved from /home/anhtupham99/miniforge3/envs/nba/lib/python3.11/site-packages/airflow/example_dags/example_trigger_target_dag.py
[2025-01-30T02:51:15.291+0800] {logging_mixin.py:190} INFO - [2025-01-30T02:51:15.290+0800] {dag.py:3239} INFO - Sync 1 DAGs
[2025-01-30T02:51:15.303+0800] {logging_mixin.py:190} INFO - [2025-01-30T02:51:15.303+0800] {dag.py:4180} INFO - Setting next_dagrun for example_trigger_target_dag to None, run_after=None
[2025-01-30T02:51:15.334+0800] {processor.py:208} INFO - Processing /home/anhtupham99/miniforge3/envs/nba/lib/python3.11/site-packages/airflow/example_dags/example_trigger_target_dag.py took 0.096 seconds
[2025-01-30T02:52:08.463+0800] {processor.py:186} INFO - Started process (PID=20462) to work on /home/anhtupham99/miniforge3/envs/nba/lib/python3.11/site-packages/airflow/example_dags/example_trigger_target_dag.py
[2025-01-30T02:52:08.466+0800] {processor.py:914} INFO - Processing file /home/anhtupham99/miniforge3/envs/nba/lib/python3.11/site-packages/airflow/example_dags/example_trigger_target_dag.py for tasks to queue
[2025-01-30T02:52:08.469+0800] {logging_mixin.py:190} INFO - [2025-01-30T02:52:08.469+0800] {dagbag.py:588} INFO - Filling up the DagBag from /home/anhtupham99/miniforge3/envs/nba/lib/python3.11/site-packages/airflow/example_dags/example_trigger_target_dag.py
[2025-01-30T02:52:08.487+0800] {processor.py:925} INFO - DAG(s) 'example_trigger_target_dag' retrieved from /home/anhtupham99/miniforge3/envs/nba/lib/python3.11/site-packages/airflow/example_dags/example_trigger_target_dag.py
[2025-01-30T02:52:08.510+0800] {logging_mixin.py:190} INFO - [2025-01-30T02:52:08.510+0800] {dag.py:3239} INFO - Sync 1 DAGs
[2025-01-30T02:52:08.524+0800] {logging_mixin.py:190} INFO - [2025-01-30T02:52:08.524+0800] {dag.py:4180} INFO - Setting next_dagrun for example_trigger_target_dag to None, run_after=None
[2025-01-30T02:52:08.551+0800] {processor.py:208} INFO - Processing /home/anhtupham99/miniforge3/envs/nba/lib/python3.11/site-packages/airflow/example_dags/example_trigger_target_dag.py took 0.103 seconds
[2025-01-30T02:53:00.260+0800] {processor.py:186} INFO - Started process (PID=20787) to work on /home/anhtupham99/miniforge3/envs/nba/lib/python3.11/site-packages/airflow/example_dags/example_trigger_target_dag.py
[2025-01-30T02:53:00.264+0800] {processor.py:914} INFO - Processing file /home/anhtupham99/miniforge3/envs/nba/lib/python3.11/site-packages/airflow/example_dags/example_trigger_target_dag.py for tasks to queue
[2025-01-30T02:53:00.270+0800] {logging_mixin.py:190} INFO - [2025-01-30T02:53:00.269+0800] {dagbag.py:588} INFO - Filling up the DagBag from /home/anhtupham99/miniforge3/envs/nba/lib/python3.11/site-packages/airflow/example_dags/example_trigger_target_dag.py
[2025-01-30T02:53:00.283+0800] {processor.py:925} INFO - DAG(s) 'example_trigger_target_dag' retrieved from /home/anhtupham99/miniforge3/envs/nba/lib/python3.11/site-packages/airflow/example_dags/example_trigger_target_dag.py
[2025-01-30T02:53:00.303+0800] {logging_mixin.py:190} INFO - [2025-01-30T02:53:00.303+0800] {dag.py:3239} INFO - Sync 1 DAGs
[2025-01-30T02:53:00.311+0800] {logging_mixin.py:190} INFO - [2025-01-30T02:53:00.311+0800] {dag.py:4180} INFO - Setting next_dagrun for example_trigger_target_dag to None, run_after=None
[2025-01-30T02:53:00.354+0800] {processor.py:208} INFO - Processing /home/anhtupham99/miniforge3/envs/nba/lib/python3.11/site-packages/airflow/example_dags/example_trigger_target_dag.py took 0.109 seconds
[2025-01-30T02:53:53.797+0800] {processor.py:186} INFO - Started process (PID=21088) to work on /home/anhtupham99/miniforge3/envs/nba/lib/python3.11/site-packages/airflow/example_dags/example_trigger_target_dag.py
[2025-01-30T02:53:53.798+0800] {processor.py:914} INFO - Processing file /home/anhtupham99/miniforge3/envs/nba/lib/python3.11/site-packages/airflow/example_dags/example_trigger_target_dag.py for tasks to queue
[2025-01-30T02:53:53.799+0800] {logging_mixin.py:190} INFO - [2025-01-30T02:53:53.799+0800] {dagbag.py:588} INFO - Filling up the DagBag from /home/anhtupham99/miniforge3/envs/nba/lib/python3.11/site-packages/airflow/example_dags/example_trigger_target_dag.py
[2025-01-30T02:53:53.805+0800] {processor.py:925} INFO - DAG(s) 'example_trigger_target_dag' retrieved from /home/anhtupham99/miniforge3/envs/nba/lib/python3.11/site-packages/airflow/example_dags/example_trigger_target_dag.py
[2025-01-30T02:53:53.815+0800] {logging_mixin.py:190} INFO - [2025-01-30T02:53:53.815+0800] {dag.py:3239} INFO - Sync 1 DAGs
[2025-01-30T02:53:53.823+0800] {logging_mixin.py:190} INFO - [2025-01-30T02:53:53.823+0800] {dag.py:4180} INFO - Setting next_dagrun for example_trigger_target_dag to None, run_after=None
[2025-01-30T02:53:53.848+0800] {processor.py:208} INFO - Processing /home/anhtupham99/miniforge3/envs/nba/lib/python3.11/site-packages/airflow/example_dags/example_trigger_target_dag.py took 0.056 seconds
[2025-01-30T02:54:44.147+0800] {processor.py:186} INFO - Started process (PID=21373) to work on /home/anhtupham99/miniforge3/envs/nba/lib/python3.11/site-packages/airflow/example_dags/example_trigger_target_dag.py
[2025-01-30T02:54:44.148+0800] {processor.py:914} INFO - Processing file /home/anhtupham99/miniforge3/envs/nba/lib/python3.11/site-packages/airflow/example_dags/example_trigger_target_dag.py for tasks to queue
[2025-01-30T02:54:44.150+0800] {logging_mixin.py:190} INFO - [2025-01-30T02:54:44.149+0800] {dagbag.py:588} INFO - Filling up the DagBag from /home/anhtupham99/miniforge3/envs/nba/lib/python3.11/site-packages/airflow/example_dags/example_trigger_target_dag.py
[2025-01-30T02:54:44.156+0800] {processor.py:925} INFO - DAG(s) 'example_trigger_target_dag' retrieved from /home/anhtupham99/miniforge3/envs/nba/lib/python3.11/site-packages/airflow/example_dags/example_trigger_target_dag.py
[2025-01-30T02:54:44.167+0800] {logging_mixin.py:190} INFO - [2025-01-30T02:54:44.166+0800] {dag.py:3239} INFO - Sync 1 DAGs
[2025-01-30T02:54:44.176+0800] {logging_mixin.py:190} INFO - [2025-01-30T02:54:44.176+0800] {dag.py:4180} INFO - Setting next_dagrun for example_trigger_target_dag to None, run_after=None
[2025-01-30T02:54:44.200+0800] {processor.py:208} INFO - Processing /home/anhtupham99/miniforge3/envs/nba/lib/python3.11/site-packages/airflow/example_dags/example_trigger_target_dag.py took 0.057 seconds
[2025-01-30T02:55:34.875+0800] {processor.py:186} INFO - Started process (PID=21681) to work on /home/anhtupham99/miniforge3/envs/nba/lib/python3.11/site-packages/airflow/example_dags/example_trigger_target_dag.py
[2025-01-30T02:55:34.876+0800] {processor.py:914} INFO - Processing file /home/anhtupham99/miniforge3/envs/nba/lib/python3.11/site-packages/airflow/example_dags/example_trigger_target_dag.py for tasks to queue
[2025-01-30T02:55:34.878+0800] {logging_mixin.py:190} INFO - [2025-01-30T02:55:34.878+0800] {dagbag.py:588} INFO - Filling up the DagBag from /home/anhtupham99/miniforge3/envs/nba/lib/python3.11/site-packages/airflow/example_dags/example_trigger_target_dag.py
[2025-01-30T02:55:34.884+0800] {processor.py:925} INFO - DAG(s) 'example_trigger_target_dag' retrieved from /home/anhtupham99/miniforge3/envs/nba/lib/python3.11/site-packages/airflow/example_dags/example_trigger_target_dag.py
[2025-01-30T02:55:34.893+0800] {logging_mixin.py:190} INFO - [2025-01-30T02:55:34.893+0800] {dag.py:3239} INFO - Sync 1 DAGs
[2025-01-30T02:55:34.901+0800] {logging_mixin.py:190} INFO - [2025-01-30T02:55:34.901+0800] {dag.py:4180} INFO - Setting next_dagrun for example_trigger_target_dag to None, run_after=None
[2025-01-30T02:55:34.925+0800] {processor.py:208} INFO - Processing /home/anhtupham99/miniforge3/envs/nba/lib/python3.11/site-packages/airflow/example_dags/example_trigger_target_dag.py took 0.054 seconds
[2025-01-30T02:56:22.978+0800] {processor.py:186} INFO - Started process (PID=21954) to work on /home/anhtupham99/miniforge3/envs/nba/lib/python3.11/site-packages/airflow/example_dags/example_trigger_target_dag.py
[2025-01-30T02:56:22.982+0800] {processor.py:914} INFO - Processing file /home/anhtupham99/miniforge3/envs/nba/lib/python3.11/site-packages/airflow/example_dags/example_trigger_target_dag.py for tasks to queue
[2025-01-30T02:56:22.983+0800] {logging_mixin.py:190} INFO - [2025-01-30T02:56:22.983+0800] {dagbag.py:588} INFO - Filling up the DagBag from /home/anhtupham99/miniforge3/envs/nba/lib/python3.11/site-packages/airflow/example_dags/example_trigger_target_dag.py
[2025-01-30T02:56:22.989+0800] {processor.py:925} INFO - DAG(s) 'example_trigger_target_dag' retrieved from /home/anhtupham99/miniforge3/envs/nba/lib/python3.11/site-packages/airflow/example_dags/example_trigger_target_dag.py
[2025-01-30T02:56:22.999+0800] {logging_mixin.py:190} INFO - [2025-01-30T02:56:22.999+0800] {dag.py:3239} INFO - Sync 1 DAGs
[2025-01-30T02:56:23.007+0800] {logging_mixin.py:190} INFO - [2025-01-30T02:56:23.007+0800] {dag.py:4180} INFO - Setting next_dagrun for example_trigger_target_dag to None, run_after=None
[2025-01-30T02:56:23.030+0800] {processor.py:208} INFO - Processing /home/anhtupham99/miniforge3/envs/nba/lib/python3.11/site-packages/airflow/example_dags/example_trigger_target_dag.py took 0.056 seconds
[2025-01-30T02:57:09.188+0800] {processor.py:186} INFO - Started process (PID=22223) to work on /home/anhtupham99/miniforge3/envs/nba/lib/python3.11/site-packages/airflow/example_dags/example_trigger_target_dag.py
[2025-01-30T02:57:09.189+0800] {processor.py:914} INFO - Processing file /home/anhtupham99/miniforge3/envs/nba/lib/python3.11/site-packages/airflow/example_dags/example_trigger_target_dag.py for tasks to queue
[2025-01-30T02:57:09.191+0800] {logging_mixin.py:190} INFO - [2025-01-30T02:57:09.191+0800] {dagbag.py:588} INFO - Filling up the DagBag from /home/anhtupham99/miniforge3/envs/nba/lib/python3.11/site-packages/airflow/example_dags/example_trigger_target_dag.py
[2025-01-30T02:57:09.197+0800] {processor.py:925} INFO - DAG(s) 'example_trigger_target_dag' retrieved from /home/anhtupham99/miniforge3/envs/nba/lib/python3.11/site-packages/airflow/example_dags/example_trigger_target_dag.py
[2025-01-30T02:57:09.206+0800] {logging_mixin.py:190} INFO - [2025-01-30T02:57:09.206+0800] {dag.py:3239} INFO - Sync 1 DAGs
[2025-01-30T02:57:09.214+0800] {logging_mixin.py:190} INFO - [2025-01-30T02:57:09.214+0800] {dag.py:4180} INFO - Setting next_dagrun for example_trigger_target_dag to None, run_after=None
[2025-01-30T02:57:09.236+0800] {processor.py:208} INFO - Processing /home/anhtupham99/miniforge3/envs/nba/lib/python3.11/site-packages/airflow/example_dags/example_trigger_target_dag.py took 0.052 seconds
[2025-01-30T02:57:57.974+0800] {processor.py:186} INFO - Started process (PID=22547) to work on /home/anhtupham99/miniforge3/envs/nba/lib/python3.11/site-packages/airflow/example_dags/example_trigger_target_dag.py
[2025-01-30T02:57:57.976+0800] {processor.py:914} INFO - Processing file /home/anhtupham99/miniforge3/envs/nba/lib/python3.11/site-packages/airflow/example_dags/example_trigger_target_dag.py for tasks to queue
[2025-01-30T02:57:57.977+0800] {logging_mixin.py:190} INFO - [2025-01-30T02:57:57.977+0800] {dagbag.py:588} INFO - Filling up the DagBag from /home/anhtupham99/miniforge3/envs/nba/lib/python3.11/site-packages/airflow/example_dags/example_trigger_target_dag.py
[2025-01-30T02:57:57.983+0800] {processor.py:925} INFO - DAG(s) 'example_trigger_target_dag' retrieved from /home/anhtupham99/miniforge3/envs/nba/lib/python3.11/site-packages/airflow/example_dags/example_trigger_target_dag.py
[2025-01-30T02:57:57.993+0800] {logging_mixin.py:190} INFO - [2025-01-30T02:57:57.992+0800] {dag.py:3239} INFO - Sync 1 DAGs
[2025-01-30T02:57:58.000+0800] {logging_mixin.py:190} INFO - [2025-01-30T02:57:58.000+0800] {dag.py:4180} INFO - Setting next_dagrun for example_trigger_target_dag to None, run_after=None
[2025-01-30T02:57:58.021+0800] {processor.py:208} INFO - Processing /home/anhtupham99/miniforge3/envs/nba/lib/python3.11/site-packages/airflow/example_dags/example_trigger_target_dag.py took 0.051 seconds
[2025-01-30T02:58:47.660+0800] {processor.py:186} INFO - Started process (PID=22832) to work on /home/anhtupham99/miniforge3/envs/nba/lib/python3.11/site-packages/airflow/example_dags/example_trigger_target_dag.py
[2025-01-30T02:58:47.662+0800] {processor.py:914} INFO - Processing file /home/anhtupham99/miniforge3/envs/nba/lib/python3.11/site-packages/airflow/example_dags/example_trigger_target_dag.py for tasks to queue
[2025-01-30T02:58:47.663+0800] {logging_mixin.py:190} INFO - [2025-01-30T02:58:47.663+0800] {dagbag.py:588} INFO - Filling up the DagBag from /home/anhtupham99/miniforge3/envs/nba/lib/python3.11/site-packages/airflow/example_dags/example_trigger_target_dag.py
[2025-01-30T02:58:47.669+0800] {processor.py:925} INFO - DAG(s) 'example_trigger_target_dag' retrieved from /home/anhtupham99/miniforge3/envs/nba/lib/python3.11/site-packages/airflow/example_dags/example_trigger_target_dag.py
[2025-01-30T02:58:47.680+0800] {logging_mixin.py:190} INFO - [2025-01-30T02:58:47.680+0800] {dag.py:3239} INFO - Sync 1 DAGs
[2025-01-30T02:58:47.688+0800] {logging_mixin.py:190} INFO - [2025-01-30T02:58:47.688+0800] {dag.py:4180} INFO - Setting next_dagrun for example_trigger_target_dag to None, run_after=None
[2025-01-30T02:58:47.711+0800] {processor.py:208} INFO - Processing /home/anhtupham99/miniforge3/envs/nba/lib/python3.11/site-packages/airflow/example_dags/example_trigger_target_dag.py took 0.056 seconds
[2025-01-30T02:59:38.855+0800] {processor.py:186} INFO - Started process (PID=23122) to work on /home/anhtupham99/miniforge3/envs/nba/lib/python3.11/site-packages/airflow/example_dags/example_trigger_target_dag.py
[2025-01-30T02:59:38.856+0800] {processor.py:914} INFO - Processing file /home/anhtupham99/miniforge3/envs/nba/lib/python3.11/site-packages/airflow/example_dags/example_trigger_target_dag.py for tasks to queue
[2025-01-30T02:59:38.858+0800] {logging_mixin.py:190} INFO - [2025-01-30T02:59:38.858+0800] {dagbag.py:588} INFO - Filling up the DagBag from /home/anhtupham99/miniforge3/envs/nba/lib/python3.11/site-packages/airflow/example_dags/example_trigger_target_dag.py
[2025-01-30T02:59:38.864+0800] {processor.py:925} INFO - DAG(s) 'example_trigger_target_dag' retrieved from /home/anhtupham99/miniforge3/envs/nba/lib/python3.11/site-packages/airflow/example_dags/example_trigger_target_dag.py
[2025-01-30T02:59:38.873+0800] {logging_mixin.py:190} INFO - [2025-01-30T02:59:38.873+0800] {dag.py:3239} INFO - Sync 1 DAGs
[2025-01-30T02:59:38.882+0800] {logging_mixin.py:190} INFO - [2025-01-30T02:59:38.882+0800] {dag.py:4180} INFO - Setting next_dagrun for example_trigger_target_dag to None, run_after=None
[2025-01-30T02:59:38.905+0800] {processor.py:208} INFO - Processing /home/anhtupham99/miniforge3/envs/nba/lib/python3.11/site-packages/airflow/example_dags/example_trigger_target_dag.py took 0.053 seconds
[2025-01-30T03:00:28.882+0800] {processor.py:186} INFO - Started process (PID=23428) to work on /home/anhtupham99/miniforge3/envs/nba/lib/python3.11/site-packages/airflow/example_dags/example_trigger_target_dag.py
[2025-01-30T03:00:28.884+0800] {processor.py:914} INFO - Processing file /home/anhtupham99/miniforge3/envs/nba/lib/python3.11/site-packages/airflow/example_dags/example_trigger_target_dag.py for tasks to queue
[2025-01-30T03:00:28.886+0800] {logging_mixin.py:190} INFO - [2025-01-30T03:00:28.886+0800] {dagbag.py:588} INFO - Filling up the DagBag from /home/anhtupham99/miniforge3/envs/nba/lib/python3.11/site-packages/airflow/example_dags/example_trigger_target_dag.py
[2025-01-30T03:00:28.892+0800] {processor.py:925} INFO - DAG(s) 'example_trigger_target_dag' retrieved from /home/anhtupham99/miniforge3/envs/nba/lib/python3.11/site-packages/airflow/example_dags/example_trigger_target_dag.py
[2025-01-30T03:00:28.901+0800] {logging_mixin.py:190} INFO - [2025-01-30T03:00:28.901+0800] {dag.py:3239} INFO - Sync 1 DAGs
[2025-01-30T03:00:28.909+0800] {logging_mixin.py:190} INFO - [2025-01-30T03:00:28.908+0800] {dag.py:4180} INFO - Setting next_dagrun for example_trigger_target_dag to None, run_after=None
[2025-01-30T03:00:28.932+0800] {processor.py:208} INFO - Processing /home/anhtupham99/miniforge3/envs/nba/lib/python3.11/site-packages/airflow/example_dags/example_trigger_target_dag.py took 0.054 seconds
[2025-01-30T03:01:17.314+0800] {processor.py:186} INFO - Started process (PID=23700) to work on /home/anhtupham99/miniforge3/envs/nba/lib/python3.11/site-packages/airflow/example_dags/example_trigger_target_dag.py
[2025-01-30T03:01:17.316+0800] {processor.py:914} INFO - Processing file /home/anhtupham99/miniforge3/envs/nba/lib/python3.11/site-packages/airflow/example_dags/example_trigger_target_dag.py for tasks to queue
[2025-01-30T03:01:17.317+0800] {logging_mixin.py:190} INFO - [2025-01-30T03:01:17.317+0800] {dagbag.py:588} INFO - Filling up the DagBag from /home/anhtupham99/miniforge3/envs/nba/lib/python3.11/site-packages/airflow/example_dags/example_trigger_target_dag.py
[2025-01-30T03:01:17.323+0800] {processor.py:925} INFO - DAG(s) 'example_trigger_target_dag' retrieved from /home/anhtupham99/miniforge3/envs/nba/lib/python3.11/site-packages/airflow/example_dags/example_trigger_target_dag.py
[2025-01-30T03:01:17.332+0800] {logging_mixin.py:190} INFO - [2025-01-30T03:01:17.332+0800] {dag.py:3239} INFO - Sync 1 DAGs
[2025-01-30T03:01:17.340+0800] {logging_mixin.py:190} INFO - [2025-01-30T03:01:17.340+0800] {dag.py:4180} INFO - Setting next_dagrun for example_trigger_target_dag to None, run_after=None
[2025-01-30T03:01:17.363+0800] {processor.py:208} INFO - Processing /home/anhtupham99/miniforge3/envs/nba/lib/python3.11/site-packages/airflow/example_dags/example_trigger_target_dag.py took 0.053 seconds
[2025-01-30T03:02:04.910+0800] {processor.py:186} INFO - Started process (PID=23974) to work on /home/anhtupham99/miniforge3/envs/nba/lib/python3.11/site-packages/airflow/example_dags/example_trigger_target_dag.py
[2025-01-30T03:02:04.911+0800] {processor.py:914} INFO - Processing file /home/anhtupham99/miniforge3/envs/nba/lib/python3.11/site-packages/airflow/example_dags/example_trigger_target_dag.py for tasks to queue
[2025-01-30T03:02:04.913+0800] {logging_mixin.py:190} INFO - [2025-01-30T03:02:04.912+0800] {dagbag.py:588} INFO - Filling up the DagBag from /home/anhtupham99/miniforge3/envs/nba/lib/python3.11/site-packages/airflow/example_dags/example_trigger_target_dag.py
[2025-01-30T03:02:04.919+0800] {processor.py:925} INFO - DAG(s) 'example_trigger_target_dag' retrieved from /home/anhtupham99/miniforge3/envs/nba/lib/python3.11/site-packages/airflow/example_dags/example_trigger_target_dag.py
[2025-01-30T03:02:04.929+0800] {logging_mixin.py:190} INFO - [2025-01-30T03:02:04.929+0800] {dag.py:3239} INFO - Sync 1 DAGs
[2025-01-30T03:02:04.938+0800] {logging_mixin.py:190} INFO - [2025-01-30T03:02:04.938+0800] {dag.py:4180} INFO - Setting next_dagrun for example_trigger_target_dag to None, run_after=None
[2025-01-30T03:02:04.964+0800] {processor.py:208} INFO - Processing /home/anhtupham99/miniforge3/envs/nba/lib/python3.11/site-packages/airflow/example_dags/example_trigger_target_dag.py took 0.058 seconds
[2025-01-30T03:02:53.363+0800] {processor.py:186} INFO - Started process (PID=24283) to work on /home/anhtupham99/miniforge3/envs/nba/lib/python3.11/site-packages/airflow/example_dags/example_trigger_target_dag.py
[2025-01-30T03:02:53.367+0800] {processor.py:914} INFO - Processing file /home/anhtupham99/miniforge3/envs/nba/lib/python3.11/site-packages/airflow/example_dags/example_trigger_target_dag.py for tasks to queue
[2025-01-30T03:02:53.369+0800] {logging_mixin.py:190} INFO - [2025-01-30T03:02:53.368+0800] {dagbag.py:588} INFO - Filling up the DagBag from /home/anhtupham99/miniforge3/envs/nba/lib/python3.11/site-packages/airflow/example_dags/example_trigger_target_dag.py
[2025-01-30T03:02:53.375+0800] {processor.py:925} INFO - DAG(s) 'example_trigger_target_dag' retrieved from /home/anhtupham99/miniforge3/envs/nba/lib/python3.11/site-packages/airflow/example_dags/example_trigger_target_dag.py
[2025-01-30T03:02:53.384+0800] {logging_mixin.py:190} INFO - [2025-01-30T03:02:53.384+0800] {dag.py:3239} INFO - Sync 1 DAGs
[2025-01-30T03:02:53.392+0800] {logging_mixin.py:190} INFO - [2025-01-30T03:02:53.392+0800] {dag.py:4180} INFO - Setting next_dagrun for example_trigger_target_dag to None, run_after=None
[2025-01-30T03:02:53.414+0800] {processor.py:208} INFO - Processing /home/anhtupham99/miniforge3/envs/nba/lib/python3.11/site-packages/airflow/example_dags/example_trigger_target_dag.py took 0.055 seconds
[2025-01-30T03:04:02.709+0800] {processor.py:186} INFO - Started process (PID=24714) to work on /home/anhtupham99/miniforge3/envs/nba/lib/python3.11/site-packages/airflow/example_dags/example_trigger_target_dag.py
[2025-01-30T03:04:02.712+0800] {processor.py:914} INFO - Processing file /home/anhtupham99/miniforge3/envs/nba/lib/python3.11/site-packages/airflow/example_dags/example_trigger_target_dag.py for tasks to queue
[2025-01-30T03:04:02.714+0800] {logging_mixin.py:190} INFO - [2025-01-30T03:04:02.714+0800] {dagbag.py:588} INFO - Filling up the DagBag from /home/anhtupham99/miniforge3/envs/nba/lib/python3.11/site-packages/airflow/example_dags/example_trigger_target_dag.py
[2025-01-30T03:04:02.720+0800] {processor.py:925} INFO - DAG(s) 'example_trigger_target_dag' retrieved from /home/anhtupham99/miniforge3/envs/nba/lib/python3.11/site-packages/airflow/example_dags/example_trigger_target_dag.py
[2025-01-30T03:04:02.729+0800] {logging_mixin.py:190} INFO - [2025-01-30T03:04:02.729+0800] {dag.py:3239} INFO - Sync 1 DAGs
[2025-01-30T03:04:02.737+0800] {logging_mixin.py:190} INFO - [2025-01-30T03:04:02.736+0800] {dag.py:4180} INFO - Setting next_dagrun for example_trigger_target_dag to None, run_after=None
[2025-01-30T03:04:02.758+0800] {processor.py:208} INFO - Processing /home/anhtupham99/miniforge3/envs/nba/lib/python3.11/site-packages/airflow/example_dags/example_trigger_target_dag.py took 0.054 seconds
[2025-01-30T03:04:54.319+0800] {processor.py:186} INFO - Started process (PID=24999) to work on /home/anhtupham99/miniforge3/envs/nba/lib/python3.11/site-packages/airflow/example_dags/example_trigger_target_dag.py
[2025-01-30T03:04:54.323+0800] {processor.py:914} INFO - Processing file /home/anhtupham99/miniforge3/envs/nba/lib/python3.11/site-packages/airflow/example_dags/example_trigger_target_dag.py for tasks to queue
[2025-01-30T03:04:54.325+0800] {logging_mixin.py:190} INFO - [2025-01-30T03:04:54.325+0800] {dagbag.py:588} INFO - Filling up the DagBag from /home/anhtupham99/miniforge3/envs/nba/lib/python3.11/site-packages/airflow/example_dags/example_trigger_target_dag.py
[2025-01-30T03:04:54.331+0800] {processor.py:925} INFO - DAG(s) 'example_trigger_target_dag' retrieved from /home/anhtupham99/miniforge3/envs/nba/lib/python3.11/site-packages/airflow/example_dags/example_trigger_target_dag.py
[2025-01-30T03:04:54.340+0800] {logging_mixin.py:190} INFO - [2025-01-30T03:04:54.340+0800] {dag.py:3239} INFO - Sync 1 DAGs
[2025-01-30T03:04:54.348+0800] {logging_mixin.py:190} INFO - [2025-01-30T03:04:54.348+0800] {dag.py:4180} INFO - Setting next_dagrun for example_trigger_target_dag to None, run_after=None
[2025-01-30T03:04:54.600+0800] {processor.py:208} INFO - Processing /home/anhtupham99/miniforge3/envs/nba/lib/python3.11/site-packages/airflow/example_dags/example_trigger_target_dag.py took 0.285 seconds
[2025-01-30T03:05:44.436+0800] {processor.py:186} INFO - Started process (PID=25305) to work on /home/anhtupham99/miniforge3/envs/nba/lib/python3.11/site-packages/airflow/example_dags/example_trigger_target_dag.py
[2025-01-30T03:05:44.437+0800] {processor.py:914} INFO - Processing file /home/anhtupham99/miniforge3/envs/nba/lib/python3.11/site-packages/airflow/example_dags/example_trigger_target_dag.py for tasks to queue
[2025-01-30T03:05:44.439+0800] {logging_mixin.py:190} INFO - [2025-01-30T03:05:44.439+0800] {dagbag.py:588} INFO - Filling up the DagBag from /home/anhtupham99/miniforge3/envs/nba/lib/python3.11/site-packages/airflow/example_dags/example_trigger_target_dag.py
[2025-01-30T03:05:44.445+0800] {processor.py:925} INFO - DAG(s) 'example_trigger_target_dag' retrieved from /home/anhtupham99/miniforge3/envs/nba/lib/python3.11/site-packages/airflow/example_dags/example_trigger_target_dag.py
[2025-01-30T03:05:44.454+0800] {logging_mixin.py:190} INFO - [2025-01-30T03:05:44.454+0800] {dag.py:3239} INFO - Sync 1 DAGs
[2025-01-30T03:05:44.462+0800] {logging_mixin.py:190} INFO - [2025-01-30T03:05:44.461+0800] {dag.py:4180} INFO - Setting next_dagrun for example_trigger_target_dag to None, run_after=None
[2025-01-30T03:05:44.483+0800] {processor.py:208} INFO - Processing /home/anhtupham99/miniforge3/envs/nba/lib/python3.11/site-packages/airflow/example_dags/example_trigger_target_dag.py took 0.051 seconds
[2025-01-30T03:06:30.940+0800] {processor.py:186} INFO - Started process (PID=25571) to work on /home/anhtupham99/miniforge3/envs/nba/lib/python3.11/site-packages/airflow/example_dags/example_trigger_target_dag.py
[2025-01-30T03:06:30.941+0800] {processor.py:914} INFO - Processing file /home/anhtupham99/miniforge3/envs/nba/lib/python3.11/site-packages/airflow/example_dags/example_trigger_target_dag.py for tasks to queue
[2025-01-30T03:06:30.943+0800] {logging_mixin.py:190} INFO - [2025-01-30T03:06:30.943+0800] {dagbag.py:588} INFO - Filling up the DagBag from /home/anhtupham99/miniforge3/envs/nba/lib/python3.11/site-packages/airflow/example_dags/example_trigger_target_dag.py
[2025-01-30T03:06:30.949+0800] {processor.py:925} INFO - DAG(s) 'example_trigger_target_dag' retrieved from /home/anhtupham99/miniforge3/envs/nba/lib/python3.11/site-packages/airflow/example_dags/example_trigger_target_dag.py
[2025-01-30T03:06:30.959+0800] {logging_mixin.py:190} INFO - [2025-01-30T03:06:30.959+0800] {dag.py:3239} INFO - Sync 1 DAGs
[2025-01-30T03:06:30.968+0800] {logging_mixin.py:190} INFO - [2025-01-30T03:06:30.968+0800] {dag.py:4180} INFO - Setting next_dagrun for example_trigger_target_dag to None, run_after=None
[2025-01-30T03:06:30.989+0800] {processor.py:208} INFO - Processing /home/anhtupham99/miniforge3/envs/nba/lib/python3.11/site-packages/airflow/example_dags/example_trigger_target_dag.py took 0.054 seconds
[2025-01-30T03:07:23.481+0800] {processor.py:186} INFO - Started process (PID=25903) to work on /home/anhtupham99/miniforge3/envs/nba/lib/python3.11/site-packages/airflow/example_dags/example_trigger_target_dag.py
[2025-01-30T03:07:23.483+0800] {processor.py:914} INFO - Processing file /home/anhtupham99/miniforge3/envs/nba/lib/python3.11/site-packages/airflow/example_dags/example_trigger_target_dag.py for tasks to queue
[2025-01-30T03:07:23.489+0800] {logging_mixin.py:190} INFO - [2025-01-30T03:07:23.488+0800] {dagbag.py:588} INFO - Filling up the DagBag from /home/anhtupham99/miniforge3/envs/nba/lib/python3.11/site-packages/airflow/example_dags/example_trigger_target_dag.py
[2025-01-30T03:07:23.499+0800] {processor.py:925} INFO - DAG(s) 'example_trigger_target_dag' retrieved from /home/anhtupham99/miniforge3/envs/nba/lib/python3.11/site-packages/airflow/example_dags/example_trigger_target_dag.py
[2025-01-30T03:07:23.515+0800] {logging_mixin.py:190} INFO - [2025-01-30T03:07:23.514+0800] {dag.py:3239} INFO - Sync 1 DAGs
[2025-01-30T03:07:23.531+0800] {logging_mixin.py:190} INFO - [2025-01-30T03:07:23.530+0800] {dag.py:4180} INFO - Setting next_dagrun for example_trigger_target_dag to None, run_after=None
[2025-01-30T03:07:23.557+0800] {processor.py:208} INFO - Processing /home/anhtupham99/miniforge3/envs/nba/lib/python3.11/site-packages/airflow/example_dags/example_trigger_target_dag.py took 0.086 seconds
[2025-01-30T03:08:12.384+0800] {processor.py:186} INFO - Started process (PID=26182) to work on /home/anhtupham99/miniforge3/envs/nba/lib/python3.11/site-packages/airflow/example_dags/example_trigger_target_dag.py
[2025-01-30T03:08:12.386+0800] {processor.py:914} INFO - Processing file /home/anhtupham99/miniforge3/envs/nba/lib/python3.11/site-packages/airflow/example_dags/example_trigger_target_dag.py for tasks to queue
[2025-01-30T03:08:12.388+0800] {logging_mixin.py:190} INFO - [2025-01-30T03:08:12.388+0800] {dagbag.py:588} INFO - Filling up the DagBag from /home/anhtupham99/miniforge3/envs/nba/lib/python3.11/site-packages/airflow/example_dags/example_trigger_target_dag.py
[2025-01-30T03:08:12.394+0800] {processor.py:925} INFO - DAG(s) 'example_trigger_target_dag' retrieved from /home/anhtupham99/miniforge3/envs/nba/lib/python3.11/site-packages/airflow/example_dags/example_trigger_target_dag.py
[2025-01-30T03:08:12.405+0800] {logging_mixin.py:190} INFO - [2025-01-30T03:08:12.405+0800] {dag.py:3239} INFO - Sync 1 DAGs
[2025-01-30T03:08:12.414+0800] {logging_mixin.py:190} INFO - [2025-01-30T03:08:12.414+0800] {dag.py:4180} INFO - Setting next_dagrun for example_trigger_target_dag to None, run_after=None
[2025-01-30T03:08:12.438+0800] {processor.py:208} INFO - Processing /home/anhtupham99/miniforge3/envs/nba/lib/python3.11/site-packages/airflow/example_dags/example_trigger_target_dag.py took 0.058 seconds
[2025-01-30T03:09:00.549+0800] {processor.py:186} INFO - Started process (PID=26455) to work on /home/anhtupham99/miniforge3/envs/nba/lib/python3.11/site-packages/airflow/example_dags/example_trigger_target_dag.py
[2025-01-30T03:09:00.553+0800] {processor.py:914} INFO - Processing file /home/anhtupham99/miniforge3/envs/nba/lib/python3.11/site-packages/airflow/example_dags/example_trigger_target_dag.py for tasks to queue
[2025-01-30T03:09:00.555+0800] {logging_mixin.py:190} INFO - [2025-01-30T03:09:00.555+0800] {dagbag.py:588} INFO - Filling up the DagBag from /home/anhtupham99/miniforge3/envs/nba/lib/python3.11/site-packages/airflow/example_dags/example_trigger_target_dag.py
[2025-01-30T03:09:00.561+0800] {processor.py:925} INFO - DAG(s) 'example_trigger_target_dag' retrieved from /home/anhtupham99/miniforge3/envs/nba/lib/python3.11/site-packages/airflow/example_dags/example_trigger_target_dag.py
[2025-01-30T03:09:00.572+0800] {logging_mixin.py:190} INFO - [2025-01-30T03:09:00.572+0800] {dag.py:3239} INFO - Sync 1 DAGs
[2025-01-30T03:09:00.580+0800] {logging_mixin.py:190} INFO - [2025-01-30T03:09:00.580+0800] {dag.py:4180} INFO - Setting next_dagrun for example_trigger_target_dag to None, run_after=None
[2025-01-30T03:09:00.604+0800] {processor.py:208} INFO - Processing /home/anhtupham99/miniforge3/envs/nba/lib/python3.11/site-packages/airflow/example_dags/example_trigger_target_dag.py took 0.060 seconds
[2025-01-30T03:09:47.907+0800] {processor.py:186} INFO - Started process (PID=26741) to work on /home/anhtupham99/miniforge3/envs/nba/lib/python3.11/site-packages/airflow/example_dags/example_trigger_target_dag.py
[2025-01-30T03:09:47.908+0800] {processor.py:914} INFO - Processing file /home/anhtupham99/miniforge3/envs/nba/lib/python3.11/site-packages/airflow/example_dags/example_trigger_target_dag.py for tasks to queue
[2025-01-30T03:09:47.910+0800] {logging_mixin.py:190} INFO - [2025-01-30T03:09:47.910+0800] {dagbag.py:588} INFO - Filling up the DagBag from /home/anhtupham99/miniforge3/envs/nba/lib/python3.11/site-packages/airflow/example_dags/example_trigger_target_dag.py
[2025-01-30T03:09:47.916+0800] {processor.py:925} INFO - DAG(s) 'example_trigger_target_dag' retrieved from /home/anhtupham99/miniforge3/envs/nba/lib/python3.11/site-packages/airflow/example_dags/example_trigger_target_dag.py
[2025-01-30T03:09:47.926+0800] {logging_mixin.py:190} INFO - [2025-01-30T03:09:47.926+0800] {dag.py:3239} INFO - Sync 1 DAGs
[2025-01-30T03:09:47.934+0800] {logging_mixin.py:190} INFO - [2025-01-30T03:09:47.934+0800] {dag.py:4180} INFO - Setting next_dagrun for example_trigger_target_dag to None, run_after=None
[2025-01-30T03:09:47.957+0800] {processor.py:208} INFO - Processing /home/anhtupham99/miniforge3/envs/nba/lib/python3.11/site-packages/airflow/example_dags/example_trigger_target_dag.py took 0.054 seconds
[2025-01-30T06:12:03.315+0800] {processor.py:186} INFO - Started process (PID=27060) to work on /home/anhtupham99/miniforge3/envs/nba/lib/python3.11/site-packages/airflow/example_dags/example_trigger_target_dag.py
[2025-01-30T06:12:03.316+0800] {processor.py:914} INFO - Processing file /home/anhtupham99/miniforge3/envs/nba/lib/python3.11/site-packages/airflow/example_dags/example_trigger_target_dag.py for tasks to queue
[2025-01-30T06:12:03.318+0800] {logging_mixin.py:190} INFO - [2025-01-30T06:12:03.318+0800] {dagbag.py:588} INFO - Filling up the DagBag from /home/anhtupham99/miniforge3/envs/nba/lib/python3.11/site-packages/airflow/example_dags/example_trigger_target_dag.py
[2025-01-30T06:12:03.326+0800] {processor.py:925} INFO - DAG(s) 'example_trigger_target_dag' retrieved from /home/anhtupham99/miniforge3/envs/nba/lib/python3.11/site-packages/airflow/example_dags/example_trigger_target_dag.py
[2025-01-30T06:12:03.339+0800] {logging_mixin.py:190} INFO - [2025-01-30T06:12:03.339+0800] {dag.py:3239} INFO - Sync 1 DAGs
[2025-01-30T06:12:03.348+0800] {logging_mixin.py:190} INFO - [2025-01-30T06:12:03.347+0800] {dag.py:4180} INFO - Setting next_dagrun for example_trigger_target_dag to None, run_after=None
[2025-01-30T06:12:03.375+0800] {processor.py:208} INFO - Processing /home/anhtupham99/miniforge3/envs/nba/lib/python3.11/site-packages/airflow/example_dags/example_trigger_target_dag.py took 0.065 seconds
[2025-01-30T06:12:56.055+0800] {processor.py:186} INFO - Started process (PID=27363) to work on /home/anhtupham99/miniforge3/envs/nba/lib/python3.11/site-packages/airflow/example_dags/example_trigger_target_dag.py
[2025-01-30T06:12:56.056+0800] {processor.py:914} INFO - Processing file /home/anhtupham99/miniforge3/envs/nba/lib/python3.11/site-packages/airflow/example_dags/example_trigger_target_dag.py for tasks to queue
[2025-01-30T06:12:56.059+0800] {logging_mixin.py:190} INFO - [2025-01-30T06:12:56.059+0800] {dagbag.py:588} INFO - Filling up the DagBag from /home/anhtupham99/miniforge3/envs/nba/lib/python3.11/site-packages/airflow/example_dags/example_trigger_target_dag.py
[2025-01-30T06:12:56.070+0800] {processor.py:925} INFO - DAG(s) 'example_trigger_target_dag' retrieved from /home/anhtupham99/miniforge3/envs/nba/lib/python3.11/site-packages/airflow/example_dags/example_trigger_target_dag.py
[2025-01-30T06:12:56.080+0800] {logging_mixin.py:190} INFO - [2025-01-30T06:12:56.080+0800] {dag.py:3239} INFO - Sync 1 DAGs
[2025-01-30T06:12:56.089+0800] {logging_mixin.py:190} INFO - [2025-01-30T06:12:56.089+0800] {dag.py:4180} INFO - Setting next_dagrun for example_trigger_target_dag to None, run_after=None
[2025-01-30T06:12:56.117+0800] {processor.py:208} INFO - Processing /home/anhtupham99/miniforge3/envs/nba/lib/python3.11/site-packages/airflow/example_dags/example_trigger_target_dag.py took 0.071 seconds
[2025-01-30T06:13:46.758+0800] {processor.py:186} INFO - Started process (PID=27694) to work on /home/anhtupham99/miniforge3/envs/nba/lib/python3.11/site-packages/airflow/example_dags/example_trigger_target_dag.py
[2025-01-30T06:13:46.759+0800] {processor.py:914} INFO - Processing file /home/anhtupham99/miniforge3/envs/nba/lib/python3.11/site-packages/airflow/example_dags/example_trigger_target_dag.py for tasks to queue
[2025-01-30T06:13:46.761+0800] {logging_mixin.py:190} INFO - [2025-01-30T06:13:46.760+0800] {dagbag.py:588} INFO - Filling up the DagBag from /home/anhtupham99/miniforge3/envs/nba/lib/python3.11/site-packages/airflow/example_dags/example_trigger_target_dag.py
[2025-01-30T06:13:46.767+0800] {processor.py:925} INFO - DAG(s) 'example_trigger_target_dag' retrieved from /home/anhtupham99/miniforge3/envs/nba/lib/python3.11/site-packages/airflow/example_dags/example_trigger_target_dag.py
[2025-01-30T06:13:46.779+0800] {logging_mixin.py:190} INFO - [2025-01-30T06:13:46.779+0800] {dag.py:3239} INFO - Sync 1 DAGs
[2025-01-30T06:13:46.790+0800] {logging_mixin.py:190} INFO - [2025-01-30T06:13:46.790+0800] {dag.py:4180} INFO - Setting next_dagrun for example_trigger_target_dag to None, run_after=None
[2025-01-30T06:13:46.815+0800] {processor.py:208} INFO - Processing /home/anhtupham99/miniforge3/envs/nba/lib/python3.11/site-packages/airflow/example_dags/example_trigger_target_dag.py took 0.063 seconds
