[2025-01-30T02:35:49.319+0800] {processor.py:186} INFO - Started process (PID=14759) to work on /home/anhtupham99/miniforge3/envs/nba/lib/python3.11/site-packages/airflow/example_dags/example_kubernetes_executor.py
[2025-01-30T02:35:49.321+0800] {processor.py:914} INFO - Processing file /home/anhtupham99/miniforge3/envs/nba/lib/python3.11/site-packages/airflow/example_dags/example_kubernetes_executor.py for tasks to queue
[2025-01-30T02:35:49.324+0800] {logging_mixin.py:190} INFO - [2025-01-30T02:35:49.324+0800] {dagbag.py:588} INFO - Filling up the DagBag from /home/anhtupham99/miniforge3/envs/nba/lib/python3.11/site-packages/airflow/example_dags/example_kubernetes_executor.py
[2025-01-30T02:35:49.329+0800] {logging_mixin.py:190} INFO - [2025-01-30T02:35:49.328+0800] {example_kubernetes_executor.py:39} WARNING - The example_kubernetes_executor example DAG requires the kubernetes provider. Please install it with: pip install apache-airflow[cncf.kubernetes]
[2025-01-30T02:35:49.329+0800] {processor.py:927} WARNING - No viable dags retrieved from /home/anhtupham99/miniforge3/envs/nba/lib/python3.11/site-packages/airflow/example_dags/example_kubernetes_executor.py
[2025-01-30T02:35:49.343+0800] {processor.py:208} INFO - Processing /home/anhtupham99/miniforge3/envs/nba/lib/python3.11/site-packages/airflow/example_dags/example_kubernetes_executor.py took 0.032 seconds
[2025-01-30T02:36:50.892+0800] {processor.py:186} INFO - Started process (PID=15112) to work on /home/anhtupham99/miniforge3/envs/nba/lib/python3.11/site-packages/airflow/example_dags/example_kubernetes_executor.py
[2025-01-30T02:36:50.896+0800] {processor.py:914} INFO - Processing file /home/anhtupham99/miniforge3/envs/nba/lib/python3.11/site-packages/airflow/example_dags/example_kubernetes_executor.py for tasks to queue
[2025-01-30T02:36:50.899+0800] {logging_mixin.py:190} INFO - [2025-01-30T02:36:50.899+0800] {dagbag.py:588} INFO - Filling up the DagBag from /home/anhtupham99/miniforge3/envs/nba/lib/python3.11/site-packages/airflow/example_dags/example_kubernetes_executor.py
[2025-01-30T02:36:50.903+0800] {logging_mixin.py:190} INFO - [2025-01-30T02:36:50.903+0800] {example_kubernetes_executor.py:39} WARNING - The example_kubernetes_executor example DAG requires the kubernetes provider. Please install it with: pip install apache-airflow[cncf.kubernetes]
[2025-01-30T02:36:50.903+0800] {processor.py:927} WARNING - No viable dags retrieved from /home/anhtupham99/miniforge3/envs/nba/lib/python3.11/site-packages/airflow/example_dags/example_kubernetes_executor.py
[2025-01-30T02:36:50.915+0800] {processor.py:208} INFO - Processing /home/anhtupham99/miniforge3/envs/nba/lib/python3.11/site-packages/airflow/example_dags/example_kubernetes_executor.py took 0.038 seconds
[2025-01-30T02:48:44.893+0800] {processor.py:186} INFO - Started process (PID=19298) to work on /home/anhtupham99/miniforge3/envs/nba/lib/python3.11/site-packages/airflow/example_dags/example_kubernetes_executor.py
[2025-01-30T02:48:44.897+0800] {processor.py:914} INFO - Processing file /home/anhtupham99/miniforge3/envs/nba/lib/python3.11/site-packages/airflow/example_dags/example_kubernetes_executor.py for tasks to queue
[2025-01-30T02:48:44.902+0800] {logging_mixin.py:190} INFO - [2025-01-30T02:48:44.901+0800] {dagbag.py:588} INFO - Filling up the DagBag from /home/anhtupham99/miniforge3/envs/nba/lib/python3.11/site-packages/airflow/example_dags/example_kubernetes_executor.py
[2025-01-30T02:48:44.908+0800] {logging_mixin.py:190} INFO - [2025-01-30T02:48:44.908+0800] {example_kubernetes_executor.py:39} WARNING - The example_kubernetes_executor example DAG requires the kubernetes provider. Please install it with: pip install apache-airflow[cncf.kubernetes]
[2025-01-30T02:48:44.909+0800] {processor.py:927} WARNING - No viable dags retrieved from /home/anhtupham99/miniforge3/envs/nba/lib/python3.11/site-packages/airflow/example_dags/example_kubernetes_executor.py
[2025-01-30T02:48:44.930+0800] {processor.py:208} INFO - Processing /home/anhtupham99/miniforge3/envs/nba/lib/python3.11/site-packages/airflow/example_dags/example_kubernetes_executor.py took 0.044 seconds
[2025-01-30T02:50:05.135+0800] {processor.py:186} INFO - Started process (PID=19768) to work on /home/anhtupham99/miniforge3/envs/nba/lib/python3.11/site-packages/airflow/example_dags/example_kubernetes_executor.py
[2025-01-30T02:50:05.138+0800] {processor.py:914} INFO - Processing file /home/anhtupham99/miniforge3/envs/nba/lib/python3.11/site-packages/airflow/example_dags/example_kubernetes_executor.py for tasks to queue
[2025-01-30T02:50:05.142+0800] {logging_mixin.py:190} INFO - [2025-01-30T02:50:05.141+0800] {dagbag.py:588} INFO - Filling up the DagBag from /home/anhtupham99/miniforge3/envs/nba/lib/python3.11/site-packages/airflow/example_dags/example_kubernetes_executor.py
[2025-01-30T02:50:05.147+0800] {logging_mixin.py:190} INFO - [2025-01-30T02:50:05.146+0800] {example_kubernetes_executor.py:39} WARNING - The example_kubernetes_executor example DAG requires the kubernetes provider. Please install it with: pip install apache-airflow[cncf.kubernetes]
[2025-01-30T02:50:05.147+0800] {processor.py:927} WARNING - No viable dags retrieved from /home/anhtupham99/miniforge3/envs/nba/lib/python3.11/site-packages/airflow/example_dags/example_kubernetes_executor.py
[2025-01-30T02:50:05.155+0800] {processor.py:208} INFO - Processing /home/anhtupham99/miniforge3/envs/nba/lib/python3.11/site-packages/airflow/example_dags/example_kubernetes_executor.py took 0.034 seconds
[2025-01-30T02:51:02.726+0800] {processor.py:186} INFO - Started process (PID=20101) to work on /home/anhtupham99/miniforge3/envs/nba/lib/python3.11/site-packages/airflow/example_dags/example_kubernetes_executor.py
[2025-01-30T02:51:02.730+0800] {processor.py:914} INFO - Processing file /home/anhtupham99/miniforge3/envs/nba/lib/python3.11/site-packages/airflow/example_dags/example_kubernetes_executor.py for tasks to queue
[2025-01-30T02:51:02.736+0800] {logging_mixin.py:190} INFO - [2025-01-30T02:51:02.735+0800] {dagbag.py:588} INFO - Filling up the DagBag from /home/anhtupham99/miniforge3/envs/nba/lib/python3.11/site-packages/airflow/example_dags/example_kubernetes_executor.py
[2025-01-30T02:51:02.742+0800] {logging_mixin.py:190} INFO - [2025-01-30T02:51:02.742+0800] {example_kubernetes_executor.py:39} WARNING - The example_kubernetes_executor example DAG requires the kubernetes provider. Please install it with: pip install apache-airflow[cncf.kubernetes]
[2025-01-30T02:51:02.743+0800] {processor.py:927} WARNING - No viable dags retrieved from /home/anhtupham99/miniforge3/envs/nba/lib/python3.11/site-packages/airflow/example_dags/example_kubernetes_executor.py
[2025-01-30T02:51:02.752+0800] {processor.py:208} INFO - Processing /home/anhtupham99/miniforge3/envs/nba/lib/python3.11/site-packages/airflow/example_dags/example_kubernetes_executor.py took 0.034 seconds
[2025-01-30T02:52:21.285+0800] {processor.py:186} INFO - Started process (PID=20533) to work on /home/anhtupham99/miniforge3/envs/nba/lib/python3.11/site-packages/airflow/example_dags/example_kubernetes_executor.py
[2025-01-30T02:52:21.290+0800] {processor.py:914} INFO - Processing file /home/anhtupham99/miniforge3/envs/nba/lib/python3.11/site-packages/airflow/example_dags/example_kubernetes_executor.py for tasks to queue
[2025-01-30T02:52:21.296+0800] {logging_mixin.py:190} INFO - [2025-01-30T02:52:21.296+0800] {dagbag.py:588} INFO - Filling up the DagBag from /home/anhtupham99/miniforge3/envs/nba/lib/python3.11/site-packages/airflow/example_dags/example_kubernetes_executor.py
[2025-01-30T02:52:21.301+0800] {logging_mixin.py:190} INFO - [2025-01-30T02:52:21.301+0800] {example_kubernetes_executor.py:39} WARNING - The example_kubernetes_executor example DAG requires the kubernetes provider. Please install it with: pip install apache-airflow[cncf.kubernetes]
[2025-01-30T02:52:21.301+0800] {processor.py:927} WARNING - No viable dags retrieved from /home/anhtupham99/miniforge3/envs/nba/lib/python3.11/site-packages/airflow/example_dags/example_kubernetes_executor.py
[2025-01-30T02:52:21.316+0800] {processor.py:208} INFO - Processing /home/anhtupham99/miniforge3/envs/nba/lib/python3.11/site-packages/airflow/example_dags/example_kubernetes_executor.py took 0.045 seconds
[2025-01-30T02:53:40.365+0800] {processor.py:186} INFO - Started process (PID=21011) to work on /home/anhtupham99/miniforge3/envs/nba/lib/python3.11/site-packages/airflow/example_dags/example_kubernetes_executor.py
[2025-01-30T02:53:40.366+0800] {processor.py:914} INFO - Processing file /home/anhtupham99/miniforge3/envs/nba/lib/python3.11/site-packages/airflow/example_dags/example_kubernetes_executor.py for tasks to queue
[2025-01-30T02:53:40.368+0800] {logging_mixin.py:190} INFO - [2025-01-30T02:53:40.368+0800] {dagbag.py:588} INFO - Filling up the DagBag from /home/anhtupham99/miniforge3/envs/nba/lib/python3.11/site-packages/airflow/example_dags/example_kubernetes_executor.py
[2025-01-30T02:53:40.371+0800] {logging_mixin.py:190} INFO - [2025-01-30T02:53:40.370+0800] {example_kubernetes_executor.py:39} WARNING - The example_kubernetes_executor example DAG requires the kubernetes provider. Please install it with: pip install apache-airflow[cncf.kubernetes]
[2025-01-30T02:53:40.371+0800] {processor.py:927} WARNING - No viable dags retrieved from /home/anhtupham99/miniforge3/envs/nba/lib/python3.11/site-packages/airflow/example_dags/example_kubernetes_executor.py
[2025-01-30T02:53:40.378+0800] {processor.py:208} INFO - Processing /home/anhtupham99/miniforge3/envs/nba/lib/python3.11/site-packages/airflow/example_dags/example_kubernetes_executor.py took 0.018 seconds
[2025-01-30T02:54:53.272+0800] {processor.py:186} INFO - Started process (PID=21420) to work on /home/anhtupham99/miniforge3/envs/nba/lib/python3.11/site-packages/airflow/example_dags/example_kubernetes_executor.py
[2025-01-30T02:54:53.274+0800] {processor.py:914} INFO - Processing file /home/anhtupham99/miniforge3/envs/nba/lib/python3.11/site-packages/airflow/example_dags/example_kubernetes_executor.py for tasks to queue
[2025-01-30T02:54:53.276+0800] {logging_mixin.py:190} INFO - [2025-01-30T02:54:53.275+0800] {dagbag.py:588} INFO - Filling up the DagBag from /home/anhtupham99/miniforge3/envs/nba/lib/python3.11/site-packages/airflow/example_dags/example_kubernetes_executor.py
[2025-01-30T02:54:53.278+0800] {logging_mixin.py:190} INFO - [2025-01-30T02:54:53.278+0800] {example_kubernetes_executor.py:39} WARNING - The example_kubernetes_executor example DAG requires the kubernetes provider. Please install it with: pip install apache-airflow[cncf.kubernetes]
[2025-01-30T02:54:53.278+0800] {processor.py:927} WARNING - No viable dags retrieved from /home/anhtupham99/miniforge3/envs/nba/lib/python3.11/site-packages/airflow/example_dags/example_kubernetes_executor.py
[2025-01-30T02:54:53.285+0800] {processor.py:208} INFO - Processing /home/anhtupham99/miniforge3/envs/nba/lib/python3.11/site-packages/airflow/example_dags/example_kubernetes_executor.py took 0.017 seconds
[2025-01-30T02:56:04.388+0800] {processor.py:186} INFO - Started process (PID=21852) to work on /home/anhtupham99/miniforge3/envs/nba/lib/python3.11/site-packages/airflow/example_dags/example_kubernetes_executor.py
[2025-01-30T02:56:04.389+0800] {processor.py:914} INFO - Processing file /home/anhtupham99/miniforge3/envs/nba/lib/python3.11/site-packages/airflow/example_dags/example_kubernetes_executor.py for tasks to queue
[2025-01-30T02:56:04.391+0800] {logging_mixin.py:190} INFO - [2025-01-30T02:56:04.390+0800] {dagbag.py:588} INFO - Filling up the DagBag from /home/anhtupham99/miniforge3/envs/nba/lib/python3.11/site-packages/airflow/example_dags/example_kubernetes_executor.py
[2025-01-30T02:56:04.393+0800] {logging_mixin.py:190} INFO - [2025-01-30T02:56:04.393+0800] {example_kubernetes_executor.py:39} WARNING - The example_kubernetes_executor example DAG requires the kubernetes provider. Please install it with: pip install apache-airflow[cncf.kubernetes]
[2025-01-30T02:56:04.393+0800] {processor.py:927} WARNING - No viable dags retrieved from /home/anhtupham99/miniforge3/envs/nba/lib/python3.11/site-packages/airflow/example_dags/example_kubernetes_executor.py
[2025-01-30T02:56:04.399+0800] {processor.py:208} INFO - Processing /home/anhtupham99/miniforge3/envs/nba/lib/python3.11/site-packages/airflow/example_dags/example_kubernetes_executor.py took 0.016 seconds
[2025-01-30T02:57:16.604+0800] {processor.py:186} INFO - Started process (PID=22263) to work on /home/anhtupham99/miniforge3/envs/nba/lib/python3.11/site-packages/airflow/example_dags/example_kubernetes_executor.py
[2025-01-30T02:57:16.606+0800] {processor.py:914} INFO - Processing file /home/anhtupham99/miniforge3/envs/nba/lib/python3.11/site-packages/airflow/example_dags/example_kubernetes_executor.py for tasks to queue
[2025-01-30T02:57:16.607+0800] {logging_mixin.py:190} INFO - [2025-01-30T02:57:16.607+0800] {dagbag.py:588} INFO - Filling up the DagBag from /home/anhtupham99/miniforge3/envs/nba/lib/python3.11/site-packages/airflow/example_dags/example_kubernetes_executor.py
[2025-01-30T02:57:16.609+0800] {logging_mixin.py:190} INFO - [2025-01-30T02:57:16.609+0800] {example_kubernetes_executor.py:39} WARNING - The example_kubernetes_executor example DAG requires the kubernetes provider. Please install it with: pip install apache-airflow[cncf.kubernetes]
[2025-01-30T02:57:16.609+0800] {processor.py:927} WARNING - No viable dags retrieved from /home/anhtupham99/miniforge3/envs/nba/lib/python3.11/site-packages/airflow/example_dags/example_kubernetes_executor.py
[2025-01-30T02:57:16.616+0800] {processor.py:208} INFO - Processing /home/anhtupham99/miniforge3/envs/nba/lib/python3.11/site-packages/airflow/example_dags/example_kubernetes_executor.py took 0.016 seconds
[2025-01-30T02:58:29.744+0800] {processor.py:186} INFO - Started process (PID=22735) to work on /home/anhtupham99/miniforge3/envs/nba/lib/python3.11/site-packages/airflow/example_dags/example_kubernetes_executor.py
[2025-01-30T02:58:29.745+0800] {processor.py:914} INFO - Processing file /home/anhtupham99/miniforge3/envs/nba/lib/python3.11/site-packages/airflow/example_dags/example_kubernetes_executor.py for tasks to queue
[2025-01-30T02:58:29.747+0800] {logging_mixin.py:190} INFO - [2025-01-30T02:58:29.746+0800] {dagbag.py:588} INFO - Filling up the DagBag from /home/anhtupham99/miniforge3/envs/nba/lib/python3.11/site-packages/airflow/example_dags/example_kubernetes_executor.py
[2025-01-30T02:58:29.749+0800] {logging_mixin.py:190} INFO - [2025-01-30T02:58:29.749+0800] {example_kubernetes_executor.py:39} WARNING - The example_kubernetes_executor example DAG requires the kubernetes provider. Please install it with: pip install apache-airflow[cncf.kubernetes]
[2025-01-30T02:58:29.749+0800] {processor.py:927} WARNING - No viable dags retrieved from /home/anhtupham99/miniforge3/envs/nba/lib/python3.11/site-packages/airflow/example_dags/example_kubernetes_executor.py
[2025-01-30T02:58:29.755+0800] {processor.py:208} INFO - Processing /home/anhtupham99/miniforge3/envs/nba/lib/python3.11/site-packages/airflow/example_dags/example_kubernetes_executor.py took 0.016 seconds
[2025-01-30T02:59:46.821+0800] {processor.py:186} INFO - Started process (PID=23164) to work on /home/anhtupham99/miniforge3/envs/nba/lib/python3.11/site-packages/airflow/example_dags/example_kubernetes_executor.py
[2025-01-30T02:59:46.823+0800] {processor.py:914} INFO - Processing file /home/anhtupham99/miniforge3/envs/nba/lib/python3.11/site-packages/airflow/example_dags/example_kubernetes_executor.py for tasks to queue
[2025-01-30T02:59:46.825+0800] {logging_mixin.py:190} INFO - [2025-01-30T02:59:46.824+0800] {dagbag.py:588} INFO - Filling up the DagBag from /home/anhtupham99/miniforge3/envs/nba/lib/python3.11/site-packages/airflow/example_dags/example_kubernetes_executor.py
[2025-01-30T02:59:46.827+0800] {logging_mixin.py:190} INFO - [2025-01-30T02:59:46.827+0800] {example_kubernetes_executor.py:39} WARNING - The example_kubernetes_executor example DAG requires the kubernetes provider. Please install it with: pip install apache-airflow[cncf.kubernetes]
[2025-01-30T02:59:46.827+0800] {processor.py:927} WARNING - No viable dags retrieved from /home/anhtupham99/miniforge3/envs/nba/lib/python3.11/site-packages/airflow/example_dags/example_kubernetes_executor.py
[2025-01-30T02:59:46.833+0800] {processor.py:208} INFO - Processing /home/anhtupham99/miniforge3/envs/nba/lib/python3.11/site-packages/airflow/example_dags/example_kubernetes_executor.py took 0.016 seconds
[2025-01-30T03:00:59.645+0800] {processor.py:186} INFO - Started process (PID=23600) to work on /home/anhtupham99/miniforge3/envs/nba/lib/python3.11/site-packages/airflow/example_dags/example_kubernetes_executor.py
[2025-01-30T03:00:59.648+0800] {processor.py:914} INFO - Processing file /home/anhtupham99/miniforge3/envs/nba/lib/python3.11/site-packages/airflow/example_dags/example_kubernetes_executor.py for tasks to queue
[2025-01-30T03:00:59.649+0800] {logging_mixin.py:190} INFO - [2025-01-30T03:00:59.649+0800] {dagbag.py:588} INFO - Filling up the DagBag from /home/anhtupham99/miniforge3/envs/nba/lib/python3.11/site-packages/airflow/example_dags/example_kubernetes_executor.py
[2025-01-30T03:00:59.651+0800] {logging_mixin.py:190} INFO - [2025-01-30T03:00:59.651+0800] {example_kubernetes_executor.py:39} WARNING - The example_kubernetes_executor example DAG requires the kubernetes provider. Please install it with: pip install apache-airflow[cncf.kubernetes]
[2025-01-30T03:00:59.652+0800] {processor.py:927} WARNING - No viable dags retrieved from /home/anhtupham99/miniforge3/envs/nba/lib/python3.11/site-packages/airflow/example_dags/example_kubernetes_executor.py
[2025-01-30T03:00:59.658+0800] {processor.py:208} INFO - Processing /home/anhtupham99/miniforge3/envs/nba/lib/python3.11/site-packages/airflow/example_dags/example_kubernetes_executor.py took 0.017 seconds
[2025-01-30T03:02:09.935+0800] {processor.py:186} INFO - Started process (PID=24040) to work on /home/anhtupham99/miniforge3/envs/nba/lib/python3.11/site-packages/airflow/example_dags/example_kubernetes_executor.py
[2025-01-30T03:02:09.936+0800] {processor.py:914} INFO - Processing file /home/anhtupham99/miniforge3/envs/nba/lib/python3.11/site-packages/airflow/example_dags/example_kubernetes_executor.py for tasks to queue
[2025-01-30T03:02:09.937+0800] {logging_mixin.py:190} INFO - [2025-01-30T03:02:09.937+0800] {dagbag.py:588} INFO - Filling up the DagBag from /home/anhtupham99/miniforge3/envs/nba/lib/python3.11/site-packages/airflow/example_dags/example_kubernetes_executor.py
[2025-01-30T03:02:09.940+0800] {logging_mixin.py:190} INFO - [2025-01-30T03:02:09.940+0800] {example_kubernetes_executor.py:39} WARNING - The example_kubernetes_executor example DAG requires the kubernetes provider. Please install it with: pip install apache-airflow[cncf.kubernetes]
[2025-01-30T03:02:09.940+0800] {processor.py:927} WARNING - No viable dags retrieved from /home/anhtupham99/miniforge3/envs/nba/lib/python3.11/site-packages/airflow/example_dags/example_kubernetes_executor.py
[2025-01-30T03:02:09.948+0800] {processor.py:208} INFO - Processing /home/anhtupham99/miniforge3/envs/nba/lib/python3.11/site-packages/airflow/example_dags/example_kubernetes_executor.py took 0.017 seconds
[2025-01-30T03:03:21.363+0800] {processor.py:186} INFO - Started process (PID=24444) to work on /home/anhtupham99/miniforge3/envs/nba/lib/python3.11/site-packages/airflow/example_dags/example_kubernetes_executor.py
[2025-01-30T03:03:21.364+0800] {processor.py:914} INFO - Processing file /home/anhtupham99/miniforge3/envs/nba/lib/python3.11/site-packages/airflow/example_dags/example_kubernetes_executor.py for tasks to queue
[2025-01-30T03:03:21.366+0800] {logging_mixin.py:190} INFO - [2025-01-30T03:03:21.366+0800] {dagbag.py:588} INFO - Filling up the DagBag from /home/anhtupham99/miniforge3/envs/nba/lib/python3.11/site-packages/airflow/example_dags/example_kubernetes_executor.py
[2025-01-30T03:03:21.368+0800] {logging_mixin.py:190} INFO - [2025-01-30T03:03:21.368+0800] {example_kubernetes_executor.py:39} WARNING - The example_kubernetes_executor example DAG requires the kubernetes provider. Please install it with: pip install apache-airflow[cncf.kubernetes]
[2025-01-30T03:03:21.368+0800] {processor.py:927} WARNING - No viable dags retrieved from /home/anhtupham99/miniforge3/envs/nba/lib/python3.11/site-packages/airflow/example_dags/example_kubernetes_executor.py
[2025-01-30T03:03:21.375+0800] {processor.py:208} INFO - Processing /home/anhtupham99/miniforge3/envs/nba/lib/python3.11/site-packages/airflow/example_dags/example_kubernetes_executor.py took 0.016 seconds
[2025-01-30T03:04:33.109+0800] {processor.py:186} INFO - Started process (PID=24888) to work on /home/anhtupham99/miniforge3/envs/nba/lib/python3.11/site-packages/airflow/example_dags/example_kubernetes_executor.py
[2025-01-30T03:04:33.110+0800] {processor.py:914} INFO - Processing file /home/anhtupham99/miniforge3/envs/nba/lib/python3.11/site-packages/airflow/example_dags/example_kubernetes_executor.py for tasks to queue
[2025-01-30T03:04:33.111+0800] {logging_mixin.py:190} INFO - [2025-01-30T03:04:33.111+0800] {dagbag.py:588} INFO - Filling up the DagBag from /home/anhtupham99/miniforge3/envs/nba/lib/python3.11/site-packages/airflow/example_dags/example_kubernetes_executor.py
[2025-01-30T03:04:33.113+0800] {logging_mixin.py:190} INFO - [2025-01-30T03:04:33.113+0800] {example_kubernetes_executor.py:39} WARNING - The example_kubernetes_executor example DAG requires the kubernetes provider. Please install it with: pip install apache-airflow[cncf.kubernetes]
[2025-01-30T03:04:33.114+0800] {processor.py:927} WARNING - No viable dags retrieved from /home/anhtupham99/miniforge3/envs/nba/lib/python3.11/site-packages/airflow/example_dags/example_kubernetes_executor.py
[2025-01-30T03:04:33.121+0800] {processor.py:208} INFO - Processing /home/anhtupham99/miniforge3/envs/nba/lib/python3.11/site-packages/airflow/example_dags/example_kubernetes_executor.py took 0.016 seconds
[2025-01-30T03:05:49.393+0800] {processor.py:186} INFO - Started process (PID=25329) to work on /home/anhtupham99/miniforge3/envs/nba/lib/python3.11/site-packages/airflow/example_dags/example_kubernetes_executor.py
[2025-01-30T03:05:49.394+0800] {processor.py:914} INFO - Processing file /home/anhtupham99/miniforge3/envs/nba/lib/python3.11/site-packages/airflow/example_dags/example_kubernetes_executor.py for tasks to queue
[2025-01-30T03:05:49.396+0800] {logging_mixin.py:190} INFO - [2025-01-30T03:05:49.396+0800] {dagbag.py:588} INFO - Filling up the DagBag from /home/anhtupham99/miniforge3/envs/nba/lib/python3.11/site-packages/airflow/example_dags/example_kubernetes_executor.py
[2025-01-30T03:05:49.398+0800] {logging_mixin.py:190} INFO - [2025-01-30T03:05:49.398+0800] {example_kubernetes_executor.py:39} WARNING - The example_kubernetes_executor example DAG requires the kubernetes provider. Please install it with: pip install apache-airflow[cncf.kubernetes]
[2025-01-30T03:05:49.398+0800] {processor.py:927} WARNING - No viable dags retrieved from /home/anhtupham99/miniforge3/envs/nba/lib/python3.11/site-packages/airflow/example_dags/example_kubernetes_executor.py
[2025-01-30T03:05:49.405+0800] {processor.py:208} INFO - Processing /home/anhtupham99/miniforge3/envs/nba/lib/python3.11/site-packages/airflow/example_dags/example_kubernetes_executor.py took 0.016 seconds
[2025-01-30T03:07:02.815+0800] {processor.py:186} INFO - Started process (PID=25788) to work on /home/anhtupham99/miniforge3/envs/nba/lib/python3.11/site-packages/airflow/example_dags/example_kubernetes_executor.py
[2025-01-30T03:07:02.816+0800] {processor.py:914} INFO - Processing file /home/anhtupham99/miniforge3/envs/nba/lib/python3.11/site-packages/airflow/example_dags/example_kubernetes_executor.py for tasks to queue
[2025-01-30T03:07:02.818+0800] {logging_mixin.py:190} INFO - [2025-01-30T03:07:02.818+0800] {dagbag.py:588} INFO - Filling up the DagBag from /home/anhtupham99/miniforge3/envs/nba/lib/python3.11/site-packages/airflow/example_dags/example_kubernetes_executor.py
[2025-01-30T03:07:02.820+0800] {logging_mixin.py:190} INFO - [2025-01-30T03:07:02.820+0800] {example_kubernetes_executor.py:39} WARNING - The example_kubernetes_executor example DAG requires the kubernetes provider. Please install it with: pip install apache-airflow[cncf.kubernetes]
[2025-01-30T03:07:02.820+0800] {processor.py:927} WARNING - No viable dags retrieved from /home/anhtupham99/miniforge3/envs/nba/lib/python3.11/site-packages/airflow/example_dags/example_kubernetes_executor.py
[2025-01-30T03:07:02.827+0800] {processor.py:208} INFO - Processing /home/anhtupham99/miniforge3/envs/nba/lib/python3.11/site-packages/airflow/example_dags/example_kubernetes_executor.py took 0.018 seconds
[2025-01-30T03:08:17.586+0800] {processor.py:186} INFO - Started process (PID=26212) to work on /home/anhtupham99/miniforge3/envs/nba/lib/python3.11/site-packages/airflow/example_dags/example_kubernetes_executor.py
[2025-01-30T03:08:17.590+0800] {processor.py:914} INFO - Processing file /home/anhtupham99/miniforge3/envs/nba/lib/python3.11/site-packages/airflow/example_dags/example_kubernetes_executor.py for tasks to queue
[2025-01-30T03:08:17.592+0800] {logging_mixin.py:190} INFO - [2025-01-30T03:08:17.591+0800] {dagbag.py:588} INFO - Filling up the DagBag from /home/anhtupham99/miniforge3/envs/nba/lib/python3.11/site-packages/airflow/example_dags/example_kubernetes_executor.py
[2025-01-30T03:08:17.594+0800] {logging_mixin.py:190} INFO - [2025-01-30T03:08:17.594+0800] {example_kubernetes_executor.py:39} WARNING - The example_kubernetes_executor example DAG requires the kubernetes provider. Please install it with: pip install apache-airflow[cncf.kubernetes]
[2025-01-30T03:08:17.594+0800] {processor.py:927} WARNING - No viable dags retrieved from /home/anhtupham99/miniforge3/envs/nba/lib/python3.11/site-packages/airflow/example_dags/example_kubernetes_executor.py
[2025-01-30T03:08:17.602+0800] {processor.py:208} INFO - Processing /home/anhtupham99/miniforge3/envs/nba/lib/python3.11/site-packages/airflow/example_dags/example_kubernetes_executor.py took 0.020 seconds
[2025-01-30T03:09:30.012+0800] {processor.py:186} INFO - Started process (PID=26626) to work on /home/anhtupham99/miniforge3/envs/nba/lib/python3.11/site-packages/airflow/example_dags/example_kubernetes_executor.py
[2025-01-30T03:09:30.013+0800] {processor.py:914} INFO - Processing file /home/anhtupham99/miniforge3/envs/nba/lib/python3.11/site-packages/airflow/example_dags/example_kubernetes_executor.py for tasks to queue
[2025-01-30T03:09:30.016+0800] {logging_mixin.py:190} INFO - [2025-01-30T03:09:30.015+0800] {dagbag.py:588} INFO - Filling up the DagBag from /home/anhtupham99/miniforge3/envs/nba/lib/python3.11/site-packages/airflow/example_dags/example_kubernetes_executor.py
[2025-01-30T03:09:30.019+0800] {logging_mixin.py:190} INFO - [2025-01-30T03:09:30.019+0800] {example_kubernetes_executor.py:39} WARNING - The example_kubernetes_executor example DAG requires the kubernetes provider. Please install it with: pip install apache-airflow[cncf.kubernetes]
[2025-01-30T03:09:30.020+0800] {processor.py:927} WARNING - No viable dags retrieved from /home/anhtupham99/miniforge3/envs/nba/lib/python3.11/site-packages/airflow/example_dags/example_kubernetes_executor.py
[2025-01-30T03:09:30.029+0800] {processor.py:208} INFO - Processing /home/anhtupham99/miniforge3/envs/nba/lib/python3.11/site-packages/airflow/example_dags/example_kubernetes_executor.py took 0.023 seconds
[2025-01-30T06:12:17.334+0800] {processor.py:186} INFO - Started process (PID=27144) to work on /home/anhtupham99/miniforge3/envs/nba/lib/python3.11/site-packages/airflow/example_dags/example_kubernetes_executor.py
[2025-01-30T06:12:17.338+0800] {processor.py:914} INFO - Processing file /home/anhtupham99/miniforge3/envs/nba/lib/python3.11/site-packages/airflow/example_dags/example_kubernetes_executor.py for tasks to queue
[2025-01-30T06:12:17.341+0800] {logging_mixin.py:190} INFO - [2025-01-30T06:12:17.340+0800] {dagbag.py:588} INFO - Filling up the DagBag from /home/anhtupham99/miniforge3/envs/nba/lib/python3.11/site-packages/airflow/example_dags/example_kubernetes_executor.py
[2025-01-30T06:12:17.343+0800] {logging_mixin.py:190} INFO - [2025-01-30T06:12:17.343+0800] {example_kubernetes_executor.py:39} WARNING - The example_kubernetes_executor example DAG requires the kubernetes provider. Please install it with: pip install apache-airflow[cncf.kubernetes]
[2025-01-30T06:12:17.344+0800] {processor.py:927} WARNING - No viable dags retrieved from /home/anhtupham99/miniforge3/envs/nba/lib/python3.11/site-packages/airflow/example_dags/example_kubernetes_executor.py
[2025-01-30T06:12:17.351+0800] {processor.py:208} INFO - Processing /home/anhtupham99/miniforge3/envs/nba/lib/python3.11/site-packages/airflow/example_dags/example_kubernetes_executor.py took 0.023 seconds
[2025-01-30T06:13:30.959+0800] {processor.py:186} INFO - Started process (PID=27596) to work on /home/anhtupham99/miniforge3/envs/nba/lib/python3.11/site-packages/airflow/example_dags/example_kubernetes_executor.py
[2025-01-30T06:13:30.960+0800] {processor.py:914} INFO - Processing file /home/anhtupham99/miniforge3/envs/nba/lib/python3.11/site-packages/airflow/example_dags/example_kubernetes_executor.py for tasks to queue
[2025-01-30T06:13:30.962+0800] {logging_mixin.py:190} INFO - [2025-01-30T06:13:30.961+0800] {dagbag.py:588} INFO - Filling up the DagBag from /home/anhtupham99/miniforge3/envs/nba/lib/python3.11/site-packages/airflow/example_dags/example_kubernetes_executor.py
[2025-01-30T06:13:30.964+0800] {logging_mixin.py:190} INFO - [2025-01-30T06:13:30.964+0800] {example_kubernetes_executor.py:39} WARNING - The example_kubernetes_executor example DAG requires the kubernetes provider. Please install it with: pip install apache-airflow[cncf.kubernetes]
[2025-01-30T06:13:30.964+0800] {processor.py:927} WARNING - No viable dags retrieved from /home/anhtupham99/miniforge3/envs/nba/lib/python3.11/site-packages/airflow/example_dags/example_kubernetes_executor.py
[2025-01-30T06:13:30.972+0800] {processor.py:208} INFO - Processing /home/anhtupham99/miniforge3/envs/nba/lib/python3.11/site-packages/airflow/example_dags/example_kubernetes_executor.py took 0.018 seconds
