[2025-01-30T02:35:23.802+0800] {processor.py:186} INFO - Started process (PID=14618) to work on /home/anhtupham99/miniforge3/envs/nba/lib/python3.11/site-packages/airflow/example_dags/example_latest_only.py
[2025-01-30T02:35:23.803+0800] {processor.py:914} INFO - Processing file /home/anhtupham99/miniforge3/envs/nba/lib/python3.11/site-packages/airflow/example_dags/example_latest_only.py for tasks to queue
[2025-01-30T02:35:23.806+0800] {logging_mixin.py:190} INFO - [2025-01-30T02:35:23.805+0800] {dagbag.py:588} INFO - Filling up the DagBag from /home/anhtupham99/miniforge3/envs/nba/lib/python3.11/site-packages/airflow/example_dags/example_latest_only.py
[2025-01-30T02:35:23.816+0800] {processor.py:925} INFO - DAG(s) 'latest_only' retrieved from /home/anhtupham99/miniforge3/envs/nba/lib/python3.11/site-packages/airflow/example_dags/example_latest_only.py
[2025-01-30T02:35:23.923+0800] {logging_mixin.py:190} INFO - [2025-01-30T02:35:23.922+0800] {override.py:1911} INFO - Created Permission View: can delete on DAG:latest_only
[2025-01-30T02:35:23.944+0800] {logging_mixin.py:190} INFO - [2025-01-30T02:35:23.943+0800] {override.py:1911} INFO - Created Permission View: can read on DAG:latest_only
[2025-01-30T02:35:23.967+0800] {logging_mixin.py:190} INFO - [2025-01-30T02:35:23.966+0800] {override.py:1911} INFO - Created Permission View: can edit on DAG:latest_only
[2025-01-30T02:35:24.000+0800] {logging_mixin.py:190} INFO - [2025-01-30T02:35:23.999+0800] {override.py:1911} INFO - Created Permission View: can delete on DAG Run:latest_only
[2025-01-30T02:35:24.017+0800] {logging_mixin.py:190} INFO - [2025-01-30T02:35:24.017+0800] {override.py:1911} INFO - Created Permission View: can create on DAG Run:latest_only
[2025-01-30T02:35:24.034+0800] {logging_mixin.py:190} INFO - [2025-01-30T02:35:24.034+0800] {override.py:1911} INFO - Created Permission View: menu access on DAG Run:latest_only
[2025-01-30T02:35:24.048+0800] {logging_mixin.py:190} INFO - [2025-01-30T02:35:24.048+0800] {override.py:1911} INFO - Created Permission View: can read on DAG Run:latest_only
[2025-01-30T02:35:24.049+0800] {logging_mixin.py:190} INFO - [2025-01-30T02:35:24.048+0800] {dag.py:3239} INFO - Sync 1 DAGs
[2025-01-30T02:35:24.055+0800] {logging_mixin.py:190} INFO - [2025-01-30T02:35:24.055+0800] {dag.py:3262} INFO - Creating ORM DAG for latest_only
[2025-01-30T02:35:24.060+0800] {logging_mixin.py:190} INFO - [2025-01-30T02:35:24.060+0800] {dag.py:4180} INFO - Setting next_dagrun for latest_only to 2025-01-29 12:00:00+00:00, run_after=2025-01-29 16:00:00+00:00
[2025-01-30T02:35:24.086+0800] {processor.py:208} INFO - Processing /home/anhtupham99/miniforge3/envs/nba/lib/python3.11/site-packages/airflow/example_dags/example_latest_only.py took 0.294 seconds
[2025-01-30T02:36:29.326+0800] {processor.py:186} INFO - Started process (PID=14996) to work on /home/anhtupham99/miniforge3/envs/nba/lib/python3.11/site-packages/airflow/example_dags/example_latest_only.py
[2025-01-30T02:36:29.331+0800] {processor.py:914} INFO - Processing file /home/anhtupham99/miniforge3/envs/nba/lib/python3.11/site-packages/airflow/example_dags/example_latest_only.py for tasks to queue
[2025-01-30T02:36:29.335+0800] {logging_mixin.py:190} INFO - [2025-01-30T02:36:29.334+0800] {dagbag.py:588} INFO - Filling up the DagBag from /home/anhtupham99/miniforge3/envs/nba/lib/python3.11/site-packages/airflow/example_dags/example_latest_only.py
[2025-01-30T02:36:29.348+0800] {processor.py:925} INFO - DAG(s) 'latest_only' retrieved from /home/anhtupham99/miniforge3/envs/nba/lib/python3.11/site-packages/airflow/example_dags/example_latest_only.py
[2025-01-30T02:36:29.358+0800] {logging_mixin.py:190} INFO - [2025-01-30T02:36:29.358+0800] {dag.py:3239} INFO - Sync 1 DAGs
[2025-01-30T02:36:29.371+0800] {logging_mixin.py:190} INFO - [2025-01-30T02:36:29.370+0800] {dag.py:4180} INFO - Setting next_dagrun for latest_only to 2025-01-29 12:00:00+00:00, run_after=2025-01-29 16:00:00+00:00
[2025-01-30T02:36:29.405+0800] {processor.py:208} INFO - Processing /home/anhtupham99/miniforge3/envs/nba/lib/python3.11/site-packages/airflow/example_dags/example_latest_only.py took 0.089 seconds
[2025-01-30T02:48:25.613+0800] {processor.py:186} INFO - Started process (PID=19190) to work on /home/anhtupham99/miniforge3/envs/nba/lib/python3.11/site-packages/airflow/example_dags/example_latest_only.py
[2025-01-30T02:48:25.618+0800] {processor.py:914} INFO - Processing file /home/anhtupham99/miniforge3/envs/nba/lib/python3.11/site-packages/airflow/example_dags/example_latest_only.py for tasks to queue
[2025-01-30T02:48:25.620+0800] {logging_mixin.py:190} INFO - [2025-01-30T02:48:25.620+0800] {dagbag.py:588} INFO - Filling up the DagBag from /home/anhtupham99/miniforge3/envs/nba/lib/python3.11/site-packages/airflow/example_dags/example_latest_only.py
[2025-01-30T02:48:25.625+0800] {processor.py:925} INFO - DAG(s) 'latest_only' retrieved from /home/anhtupham99/miniforge3/envs/nba/lib/python3.11/site-packages/airflow/example_dags/example_latest_only.py
[2025-01-30T02:48:25.635+0800] {logging_mixin.py:190} INFO - [2025-01-30T02:48:25.635+0800] {dag.py:3239} INFO - Sync 1 DAGs
[2025-01-30T02:48:25.647+0800] {logging_mixin.py:190} INFO - [2025-01-30T02:48:25.647+0800] {dag.py:4180} INFO - Setting next_dagrun for latest_only to 2025-01-29 12:00:00+00:00, run_after=2025-01-29 16:00:00+00:00
[2025-01-30T02:48:25.673+0800] {processor.py:208} INFO - Processing /home/anhtupham99/miniforge3/envs/nba/lib/python3.11/site-packages/airflow/example_dags/example_latest_only.py took 0.071 seconds
[2025-01-30T02:49:21.412+0800] {processor.py:186} INFO - Started process (PID=19502) to work on /home/anhtupham99/miniforge3/envs/nba/lib/python3.11/site-packages/airflow/example_dags/example_latest_only.py
[2025-01-30T02:49:21.415+0800] {processor.py:914} INFO - Processing file /home/anhtupham99/miniforge3/envs/nba/lib/python3.11/site-packages/airflow/example_dags/example_latest_only.py for tasks to queue
[2025-01-30T02:49:21.420+0800] {logging_mixin.py:190} INFO - [2025-01-30T02:49:21.419+0800] {dagbag.py:588} INFO - Filling up the DagBag from /home/anhtupham99/miniforge3/envs/nba/lib/python3.11/site-packages/airflow/example_dags/example_latest_only.py
[2025-01-30T02:49:21.430+0800] {processor.py:925} INFO - DAG(s) 'latest_only' retrieved from /home/anhtupham99/miniforge3/envs/nba/lib/python3.11/site-packages/airflow/example_dags/example_latest_only.py
[2025-01-30T02:49:21.449+0800] {logging_mixin.py:190} INFO - [2025-01-30T02:49:21.449+0800] {dag.py:3239} INFO - Sync 1 DAGs
[2025-01-30T02:49:21.461+0800] {logging_mixin.py:190} INFO - [2025-01-30T02:49:21.461+0800] {dag.py:4180} INFO - Setting next_dagrun for latest_only to 2025-01-29 12:00:00+00:00, run_after=2025-01-29 16:00:00+00:00
[2025-01-30T02:49:21.500+0800] {processor.py:208} INFO - Processing /home/anhtupham99/miniforge3/envs/nba/lib/python3.11/site-packages/airflow/example_dags/example_latest_only.py took 0.103 seconds
[2025-01-30T02:50:18.109+0800] {processor.py:186} INFO - Started process (PID=19846) to work on /home/anhtupham99/miniforge3/envs/nba/lib/python3.11/site-packages/airflow/example_dags/example_latest_only.py
[2025-01-30T02:50:18.111+0800] {processor.py:914} INFO - Processing file /home/anhtupham99/miniforge3/envs/nba/lib/python3.11/site-packages/airflow/example_dags/example_latest_only.py for tasks to queue
[2025-01-30T02:50:18.112+0800] {logging_mixin.py:190} INFO - [2025-01-30T02:50:18.112+0800] {dagbag.py:588} INFO - Filling up the DagBag from /home/anhtupham99/miniforge3/envs/nba/lib/python3.11/site-packages/airflow/example_dags/example_latest_only.py
[2025-01-30T02:50:18.118+0800] {processor.py:925} INFO - DAG(s) 'latest_only' retrieved from /home/anhtupham99/miniforge3/envs/nba/lib/python3.11/site-packages/airflow/example_dags/example_latest_only.py
[2025-01-30T02:50:18.127+0800] {logging_mixin.py:190} INFO - [2025-01-30T02:50:18.127+0800] {dag.py:3239} INFO - Sync 1 DAGs
[2025-01-30T02:50:18.139+0800] {logging_mixin.py:190} INFO - [2025-01-30T02:50:18.139+0800] {dag.py:4180} INFO - Setting next_dagrun for latest_only to 2025-01-29 12:00:00+00:00, run_after=2025-01-29 16:00:00+00:00
[2025-01-30T02:50:18.173+0800] {processor.py:208} INFO - Processing /home/anhtupham99/miniforge3/envs/nba/lib/python3.11/site-packages/airflow/example_dags/example_latest_only.py took 0.075 seconds
[2025-01-30T02:51:14.527+0800] {processor.py:186} INFO - Started process (PID=20166) to work on /home/anhtupham99/miniforge3/envs/nba/lib/python3.11/site-packages/airflow/example_dags/example_latest_only.py
[2025-01-30T02:51:14.530+0800] {processor.py:914} INFO - Processing file /home/anhtupham99/miniforge3/envs/nba/lib/python3.11/site-packages/airflow/example_dags/example_latest_only.py for tasks to queue
[2025-01-30T02:51:14.536+0800] {logging_mixin.py:190} INFO - [2025-01-30T02:51:14.535+0800] {dagbag.py:588} INFO - Filling up the DagBag from /home/anhtupham99/miniforge3/envs/nba/lib/python3.11/site-packages/airflow/example_dags/example_latest_only.py
[2025-01-30T02:51:14.546+0800] {processor.py:925} INFO - DAG(s) 'latest_only' retrieved from /home/anhtupham99/miniforge3/envs/nba/lib/python3.11/site-packages/airflow/example_dags/example_latest_only.py
[2025-01-30T02:51:14.555+0800] {logging_mixin.py:190} INFO - [2025-01-30T02:51:14.555+0800] {dag.py:3239} INFO - Sync 1 DAGs
[2025-01-30T02:51:14.568+0800] {logging_mixin.py:190} INFO - [2025-01-30T02:51:14.568+0800] {dag.py:4180} INFO - Setting next_dagrun for latest_only to 2025-01-29 12:00:00+00:00, run_after=2025-01-29 16:00:00+00:00
[2025-01-30T02:51:14.598+0800] {processor.py:208} INFO - Processing /home/anhtupham99/miniforge3/envs/nba/lib/python3.11/site-packages/airflow/example_dags/example_latest_only.py took 0.085 seconds
[2025-01-30T02:52:07.188+0800] {processor.py:186} INFO - Started process (PID=20452) to work on /home/anhtupham99/miniforge3/envs/nba/lib/python3.11/site-packages/airflow/example_dags/example_latest_only.py
[2025-01-30T02:52:07.191+0800] {processor.py:914} INFO - Processing file /home/anhtupham99/miniforge3/envs/nba/lib/python3.11/site-packages/airflow/example_dags/example_latest_only.py for tasks to queue
[2025-01-30T02:52:07.195+0800] {logging_mixin.py:190} INFO - [2025-01-30T02:52:07.194+0800] {dagbag.py:588} INFO - Filling up the DagBag from /home/anhtupham99/miniforge3/envs/nba/lib/python3.11/site-packages/airflow/example_dags/example_latest_only.py
[2025-01-30T02:52:07.207+0800] {processor.py:925} INFO - DAG(s) 'latest_only' retrieved from /home/anhtupham99/miniforge3/envs/nba/lib/python3.11/site-packages/airflow/example_dags/example_latest_only.py
[2025-01-30T02:52:07.233+0800] {logging_mixin.py:190} INFO - [2025-01-30T02:52:07.232+0800] {dag.py:3239} INFO - Sync 1 DAGs
[2025-01-30T02:52:07.256+0800] {logging_mixin.py:190} INFO - [2025-01-30T02:52:07.256+0800] {dag.py:4180} INFO - Setting next_dagrun for latest_only to 2025-01-29 12:00:00+00:00, run_after=2025-01-29 16:00:00+00:00
[2025-01-30T02:52:07.298+0800] {processor.py:208} INFO - Processing /home/anhtupham99/miniforge3/envs/nba/lib/python3.11/site-packages/airflow/example_dags/example_latest_only.py took 0.120 seconds
[2025-01-30T02:52:59.096+0800] {processor.py:186} INFO - Started process (PID=20779) to work on /home/anhtupham99/miniforge3/envs/nba/lib/python3.11/site-packages/airflow/example_dags/example_latest_only.py
[2025-01-30T02:52:59.098+0800] {processor.py:914} INFO - Processing file /home/anhtupham99/miniforge3/envs/nba/lib/python3.11/site-packages/airflow/example_dags/example_latest_only.py for tasks to queue
[2025-01-30T02:52:59.102+0800] {logging_mixin.py:190} INFO - [2025-01-30T02:52:59.101+0800] {dagbag.py:588} INFO - Filling up the DagBag from /home/anhtupham99/miniforge3/envs/nba/lib/python3.11/site-packages/airflow/example_dags/example_latest_only.py
[2025-01-30T02:52:59.108+0800] {processor.py:925} INFO - DAG(s) 'latest_only' retrieved from /home/anhtupham99/miniforge3/envs/nba/lib/python3.11/site-packages/airflow/example_dags/example_latest_only.py
[2025-01-30T02:52:59.119+0800] {logging_mixin.py:190} INFO - [2025-01-30T02:52:59.119+0800] {dag.py:3239} INFO - Sync 1 DAGs
[2025-01-30T02:52:59.143+0800] {logging_mixin.py:190} INFO - [2025-01-30T02:52:59.143+0800] {dag.py:4180} INFO - Setting next_dagrun for latest_only to 2025-01-29 12:00:00+00:00, run_after=2025-01-29 16:00:00+00:00
[2025-01-30T02:52:59.173+0800] {processor.py:208} INFO - Processing /home/anhtupham99/miniforge3/envs/nba/lib/python3.11/site-packages/airflow/example_dags/example_latest_only.py took 0.086 seconds
[2025-01-30T02:53:52.666+0800] {processor.py:186} INFO - Started process (PID=21086) to work on /home/anhtupham99/miniforge3/envs/nba/lib/python3.11/site-packages/airflow/example_dags/example_latest_only.py
[2025-01-30T02:53:52.668+0800] {processor.py:914} INFO - Processing file /home/anhtupham99/miniforge3/envs/nba/lib/python3.11/site-packages/airflow/example_dags/example_latest_only.py for tasks to queue
[2025-01-30T02:53:52.669+0800] {logging_mixin.py:190} INFO - [2025-01-30T02:53:52.669+0800] {dagbag.py:588} INFO - Filling up the DagBag from /home/anhtupham99/miniforge3/envs/nba/lib/python3.11/site-packages/airflow/example_dags/example_latest_only.py
[2025-01-30T02:53:52.675+0800] {processor.py:925} INFO - DAG(s) 'latest_only' retrieved from /home/anhtupham99/miniforge3/envs/nba/lib/python3.11/site-packages/airflow/example_dags/example_latest_only.py
[2025-01-30T02:53:52.685+0800] {logging_mixin.py:190} INFO - [2025-01-30T02:53:52.685+0800] {dag.py:3239} INFO - Sync 1 DAGs
[2025-01-30T02:53:52.698+0800] {logging_mixin.py:190} INFO - [2025-01-30T02:53:52.698+0800] {dag.py:4180} INFO - Setting next_dagrun for latest_only to 2025-01-29 12:00:00+00:00, run_after=2025-01-29 16:00:00+00:00
[2025-01-30T02:53:52.723+0800] {processor.py:208} INFO - Processing /home/anhtupham99/miniforge3/envs/nba/lib/python3.11/site-packages/airflow/example_dags/example_latest_only.py took 0.061 seconds
[2025-01-30T02:54:43.017+0800] {processor.py:186} INFO - Started process (PID=21366) to work on /home/anhtupham99/miniforge3/envs/nba/lib/python3.11/site-packages/airflow/example_dags/example_latest_only.py
[2025-01-30T02:54:43.018+0800] {processor.py:914} INFO - Processing file /home/anhtupham99/miniforge3/envs/nba/lib/python3.11/site-packages/airflow/example_dags/example_latest_only.py for tasks to queue
[2025-01-30T02:54:43.019+0800] {logging_mixin.py:190} INFO - [2025-01-30T02:54:43.019+0800] {dagbag.py:588} INFO - Filling up the DagBag from /home/anhtupham99/miniforge3/envs/nba/lib/python3.11/site-packages/airflow/example_dags/example_latest_only.py
[2025-01-30T02:54:43.025+0800] {processor.py:925} INFO - DAG(s) 'latest_only' retrieved from /home/anhtupham99/miniforge3/envs/nba/lib/python3.11/site-packages/airflow/example_dags/example_latest_only.py
[2025-01-30T02:54:43.035+0800] {logging_mixin.py:190} INFO - [2025-01-30T02:54:43.035+0800] {dag.py:3239} INFO - Sync 1 DAGs
[2025-01-30T02:54:43.048+0800] {logging_mixin.py:190} INFO - [2025-01-30T02:54:43.048+0800] {dag.py:4180} INFO - Setting next_dagrun for latest_only to 2025-01-29 12:00:00+00:00, run_after=2025-01-29 16:00:00+00:00
[2025-01-30T02:54:43.074+0800] {processor.py:208} INFO - Processing /home/anhtupham99/miniforge3/envs/nba/lib/python3.11/site-packages/airflow/example_dags/example_latest_only.py took 0.061 seconds
[2025-01-30T02:55:33.740+0800] {processor.py:186} INFO - Started process (PID=21673) to work on /home/anhtupham99/miniforge3/envs/nba/lib/python3.11/site-packages/airflow/example_dags/example_latest_only.py
[2025-01-30T02:55:33.741+0800] {processor.py:914} INFO - Processing file /home/anhtupham99/miniforge3/envs/nba/lib/python3.11/site-packages/airflow/example_dags/example_latest_only.py for tasks to queue
[2025-01-30T02:55:33.743+0800] {logging_mixin.py:190} INFO - [2025-01-30T02:55:33.743+0800] {dagbag.py:588} INFO - Filling up the DagBag from /home/anhtupham99/miniforge3/envs/nba/lib/python3.11/site-packages/airflow/example_dags/example_latest_only.py
[2025-01-30T02:55:33.748+0800] {processor.py:925} INFO - DAG(s) 'latest_only' retrieved from /home/anhtupham99/miniforge3/envs/nba/lib/python3.11/site-packages/airflow/example_dags/example_latest_only.py
[2025-01-30T02:55:33.759+0800] {logging_mixin.py:190} INFO - [2025-01-30T02:55:33.758+0800] {dag.py:3239} INFO - Sync 1 DAGs
[2025-01-30T02:55:33.773+0800] {logging_mixin.py:190} INFO - [2025-01-30T02:55:33.773+0800] {dag.py:4180} INFO - Setting next_dagrun for latest_only to 2025-01-29 12:00:00+00:00, run_after=2025-01-29 16:00:00+00:00
[2025-01-30T02:55:33.797+0800] {processor.py:208} INFO - Processing /home/anhtupham99/miniforge3/envs/nba/lib/python3.11/site-packages/airflow/example_dags/example_latest_only.py took 0.061 seconds
[2025-01-30T02:56:21.841+0800] {processor.py:186} INFO - Started process (PID=21946) to work on /home/anhtupham99/miniforge3/envs/nba/lib/python3.11/site-packages/airflow/example_dags/example_latest_only.py
[2025-01-30T02:56:21.845+0800] {processor.py:914} INFO - Processing file /home/anhtupham99/miniforge3/envs/nba/lib/python3.11/site-packages/airflow/example_dags/example_latest_only.py for tasks to queue
[2025-01-30T02:56:21.847+0800] {logging_mixin.py:190} INFO - [2025-01-30T02:56:21.847+0800] {dagbag.py:588} INFO - Filling up the DagBag from /home/anhtupham99/miniforge3/envs/nba/lib/python3.11/site-packages/airflow/example_dags/example_latest_only.py
[2025-01-30T02:56:21.852+0800] {processor.py:925} INFO - DAG(s) 'latest_only' retrieved from /home/anhtupham99/miniforge3/envs/nba/lib/python3.11/site-packages/airflow/example_dags/example_latest_only.py
[2025-01-30T02:56:21.862+0800] {logging_mixin.py:190} INFO - [2025-01-30T02:56:21.862+0800] {dag.py:3239} INFO - Sync 1 DAGs
[2025-01-30T02:56:21.875+0800] {logging_mixin.py:190} INFO - [2025-01-30T02:56:21.875+0800] {dag.py:4180} INFO - Setting next_dagrun for latest_only to 2025-01-29 12:00:00+00:00, run_after=2025-01-29 16:00:00+00:00
[2025-01-30T02:56:21.896+0800] {processor.py:208} INFO - Processing /home/anhtupham99/miniforge3/envs/nba/lib/python3.11/site-packages/airflow/example_dags/example_latest_only.py took 0.059 seconds
[2025-01-30T02:57:08.034+0800] {processor.py:186} INFO - Started process (PID=22214) to work on /home/anhtupham99/miniforge3/envs/nba/lib/python3.11/site-packages/airflow/example_dags/example_latest_only.py
[2025-01-30T02:57:08.038+0800] {processor.py:914} INFO - Processing file /home/anhtupham99/miniforge3/envs/nba/lib/python3.11/site-packages/airflow/example_dags/example_latest_only.py for tasks to queue
[2025-01-30T02:57:08.040+0800] {logging_mixin.py:190} INFO - [2025-01-30T02:57:08.039+0800] {dagbag.py:588} INFO - Filling up the DagBag from /home/anhtupham99/miniforge3/envs/nba/lib/python3.11/site-packages/airflow/example_dags/example_latest_only.py
[2025-01-30T02:57:08.045+0800] {processor.py:925} INFO - DAG(s) 'latest_only' retrieved from /home/anhtupham99/miniforge3/envs/nba/lib/python3.11/site-packages/airflow/example_dags/example_latest_only.py
[2025-01-30T02:57:08.055+0800] {logging_mixin.py:190} INFO - [2025-01-30T02:57:08.055+0800] {dag.py:3239} INFO - Sync 1 DAGs
[2025-01-30T02:57:08.068+0800] {logging_mixin.py:190} INFO - [2025-01-30T02:57:08.067+0800] {dag.py:4180} INFO - Setting next_dagrun for latest_only to 2025-01-29 12:00:00+00:00, run_after=2025-01-29 16:00:00+00:00
[2025-01-30T02:57:08.090+0800] {processor.py:208} INFO - Processing /home/anhtupham99/miniforge3/envs/nba/lib/python3.11/site-packages/airflow/example_dags/example_latest_only.py took 0.060 seconds
[2025-01-30T02:57:57.660+0800] {processor.py:186} INFO - Started process (PID=22545) to work on /home/anhtupham99/miniforge3/envs/nba/lib/python3.11/site-packages/airflow/example_dags/example_latest_only.py
[2025-01-30T02:57:57.664+0800] {processor.py:914} INFO - Processing file /home/anhtupham99/miniforge3/envs/nba/lib/python3.11/site-packages/airflow/example_dags/example_latest_only.py for tasks to queue
[2025-01-30T02:57:57.665+0800] {logging_mixin.py:190} INFO - [2025-01-30T02:57:57.665+0800] {dagbag.py:588} INFO - Filling up the DagBag from /home/anhtupham99/miniforge3/envs/nba/lib/python3.11/site-packages/airflow/example_dags/example_latest_only.py
[2025-01-30T02:57:57.671+0800] {processor.py:925} INFO - DAG(s) 'latest_only' retrieved from /home/anhtupham99/miniforge3/envs/nba/lib/python3.11/site-packages/airflow/example_dags/example_latest_only.py
[2025-01-30T02:57:57.680+0800] {logging_mixin.py:190} INFO - [2025-01-30T02:57:57.680+0800] {dag.py:3239} INFO - Sync 1 DAGs
[2025-01-30T02:57:57.692+0800] {logging_mixin.py:190} INFO - [2025-01-30T02:57:57.692+0800] {dag.py:4180} INFO - Setting next_dagrun for latest_only to 2025-01-29 12:00:00+00:00, run_after=2025-01-29 16:00:00+00:00
[2025-01-30T02:57:57.714+0800] {processor.py:208} INFO - Processing /home/anhtupham99/miniforge3/envs/nba/lib/python3.11/site-packages/airflow/example_dags/example_latest_only.py took 0.058 seconds
[2025-01-30T02:58:46.527+0800] {processor.py:186} INFO - Started process (PID=22830) to work on /home/anhtupham99/miniforge3/envs/nba/lib/python3.11/site-packages/airflow/example_dags/example_latest_only.py
[2025-01-30T02:58:46.528+0800] {processor.py:914} INFO - Processing file /home/anhtupham99/miniforge3/envs/nba/lib/python3.11/site-packages/airflow/example_dags/example_latest_only.py for tasks to queue
[2025-01-30T02:58:46.530+0800] {logging_mixin.py:190} INFO - [2025-01-30T02:58:46.529+0800] {dagbag.py:588} INFO - Filling up the DagBag from /home/anhtupham99/miniforge3/envs/nba/lib/python3.11/site-packages/airflow/example_dags/example_latest_only.py
[2025-01-30T02:58:46.535+0800] {processor.py:925} INFO - DAG(s) 'latest_only' retrieved from /home/anhtupham99/miniforge3/envs/nba/lib/python3.11/site-packages/airflow/example_dags/example_latest_only.py
[2025-01-30T02:58:46.546+0800] {logging_mixin.py:190} INFO - [2025-01-30T02:58:46.545+0800] {dag.py:3239} INFO - Sync 1 DAGs
[2025-01-30T02:58:46.559+0800] {logging_mixin.py:190} INFO - [2025-01-30T02:58:46.559+0800] {dag.py:4180} INFO - Setting next_dagrun for latest_only to 2025-01-29 12:00:00+00:00, run_after=2025-01-29 16:00:00+00:00
[2025-01-30T02:58:46.582+0800] {processor.py:208} INFO - Processing /home/anhtupham99/miniforge3/envs/nba/lib/python3.11/site-packages/airflow/example_dags/example_latest_only.py took 0.060 seconds
[2025-01-30T02:59:37.909+0800] {processor.py:186} INFO - Started process (PID=23114) to work on /home/anhtupham99/miniforge3/envs/nba/lib/python3.11/site-packages/airflow/example_dags/example_latest_only.py
[2025-01-30T02:59:37.910+0800] {processor.py:914} INFO - Processing file /home/anhtupham99/miniforge3/envs/nba/lib/python3.11/site-packages/airflow/example_dags/example_latest_only.py for tasks to queue
[2025-01-30T02:59:37.912+0800] {logging_mixin.py:190} INFO - [2025-01-30T02:59:37.911+0800] {dagbag.py:588} INFO - Filling up the DagBag from /home/anhtupham99/miniforge3/envs/nba/lib/python3.11/site-packages/airflow/example_dags/example_latest_only.py
[2025-01-30T02:59:37.917+0800] {processor.py:925} INFO - DAG(s) 'latest_only' retrieved from /home/anhtupham99/miniforge3/envs/nba/lib/python3.11/site-packages/airflow/example_dags/example_latest_only.py
[2025-01-30T02:59:37.927+0800] {logging_mixin.py:190} INFO - [2025-01-30T02:59:37.926+0800] {dag.py:3239} INFO - Sync 1 DAGs
[2025-01-30T02:59:37.941+0800] {logging_mixin.py:190} INFO - [2025-01-30T02:59:37.940+0800] {dag.py:4180} INFO - Setting next_dagrun for latest_only to 2025-01-29 12:00:00+00:00, run_after=2025-01-29 16:00:00+00:00
[2025-01-30T02:59:37.961+0800] {processor.py:208} INFO - Processing /home/anhtupham99/miniforge3/envs/nba/lib/python3.11/site-packages/airflow/example_dags/example_latest_only.py took 0.057 seconds
[2025-01-30T03:00:27.727+0800] {processor.py:186} INFO - Started process (PID=23420) to work on /home/anhtupham99/miniforge3/envs/nba/lib/python3.11/site-packages/airflow/example_dags/example_latest_only.py
[2025-01-30T03:00:27.731+0800] {processor.py:914} INFO - Processing file /home/anhtupham99/miniforge3/envs/nba/lib/python3.11/site-packages/airflow/example_dags/example_latest_only.py for tasks to queue
[2025-01-30T03:00:27.733+0800] {logging_mixin.py:190} INFO - [2025-01-30T03:00:27.732+0800] {dagbag.py:588} INFO - Filling up the DagBag from /home/anhtupham99/miniforge3/envs/nba/lib/python3.11/site-packages/airflow/example_dags/example_latest_only.py
[2025-01-30T03:00:27.738+0800] {processor.py:925} INFO - DAG(s) 'latest_only' retrieved from /home/anhtupham99/miniforge3/envs/nba/lib/python3.11/site-packages/airflow/example_dags/example_latest_only.py
[2025-01-30T03:00:27.747+0800] {logging_mixin.py:190} INFO - [2025-01-30T03:00:27.747+0800] {dag.py:3239} INFO - Sync 1 DAGs
[2025-01-30T03:00:27.761+0800] {logging_mixin.py:190} INFO - [2025-01-30T03:00:27.761+0800] {dag.py:4180} INFO - Setting next_dagrun for latest_only to 2025-01-29 12:00:00+00:00, run_after=2025-01-29 16:00:00+00:00
[2025-01-30T03:00:27.783+0800] {processor.py:208} INFO - Processing /home/anhtupham99/miniforge3/envs/nba/lib/python3.11/site-packages/airflow/example_dags/example_latest_only.py took 0.059 seconds
[2025-01-30T03:01:16.182+0800] {processor.py:186} INFO - Started process (PID=23692) to work on /home/anhtupham99/miniforge3/envs/nba/lib/python3.11/site-packages/airflow/example_dags/example_latest_only.py
[2025-01-30T03:01:16.183+0800] {processor.py:914} INFO - Processing file /home/anhtupham99/miniforge3/envs/nba/lib/python3.11/site-packages/airflow/example_dags/example_latest_only.py for tasks to queue
[2025-01-30T03:01:16.185+0800] {logging_mixin.py:190} INFO - [2025-01-30T03:01:16.185+0800] {dagbag.py:588} INFO - Filling up the DagBag from /home/anhtupham99/miniforge3/envs/nba/lib/python3.11/site-packages/airflow/example_dags/example_latest_only.py
[2025-01-30T03:01:16.191+0800] {processor.py:925} INFO - DAG(s) 'latest_only' retrieved from /home/anhtupham99/miniforge3/envs/nba/lib/python3.11/site-packages/airflow/example_dags/example_latest_only.py
[2025-01-30T03:01:16.202+0800] {logging_mixin.py:190} INFO - [2025-01-30T03:01:16.201+0800] {dag.py:3239} INFO - Sync 1 DAGs
[2025-01-30T03:01:16.215+0800] {logging_mixin.py:190} INFO - [2025-01-30T03:01:16.214+0800] {dag.py:4180} INFO - Setting next_dagrun for latest_only to 2025-01-29 12:00:00+00:00, run_after=2025-01-29 16:00:00+00:00
[2025-01-30T03:01:16.238+0800] {processor.py:208} INFO - Processing /home/anhtupham99/miniforge3/envs/nba/lib/python3.11/site-packages/airflow/example_dags/example_latest_only.py took 0.060 seconds
[2025-01-30T03:02:03.776+0800] {processor.py:186} INFO - Started process (PID=23966) to work on /home/anhtupham99/miniforge3/envs/nba/lib/python3.11/site-packages/airflow/example_dags/example_latest_only.py
[2025-01-30T03:02:03.777+0800] {processor.py:914} INFO - Processing file /home/anhtupham99/miniforge3/envs/nba/lib/python3.11/site-packages/airflow/example_dags/example_latest_only.py for tasks to queue
[2025-01-30T03:02:03.779+0800] {logging_mixin.py:190} INFO - [2025-01-30T03:02:03.778+0800] {dagbag.py:588} INFO - Filling up the DagBag from /home/anhtupham99/miniforge3/envs/nba/lib/python3.11/site-packages/airflow/example_dags/example_latest_only.py
[2025-01-30T03:02:03.784+0800] {processor.py:925} INFO - DAG(s) 'latest_only' retrieved from /home/anhtupham99/miniforge3/envs/nba/lib/python3.11/site-packages/airflow/example_dags/example_latest_only.py
[2025-01-30T03:02:03.795+0800] {logging_mixin.py:190} INFO - [2025-01-30T03:02:03.795+0800] {dag.py:3239} INFO - Sync 1 DAGs
[2025-01-30T03:02:03.809+0800] {logging_mixin.py:190} INFO - [2025-01-30T03:02:03.809+0800] {dag.py:4180} INFO - Setting next_dagrun for latest_only to 2025-01-29 12:00:00+00:00, run_after=2025-01-29 16:00:00+00:00
[2025-01-30T03:02:03.834+0800] {processor.py:208} INFO - Processing /home/anhtupham99/miniforge3/envs/nba/lib/python3.11/site-packages/airflow/example_dags/example_latest_only.py took 0.062 seconds
[2025-01-30T03:02:52.618+0800] {processor.py:186} INFO - Started process (PID=24282) to work on /home/anhtupham99/miniforge3/envs/nba/lib/python3.11/site-packages/airflow/example_dags/example_latest_only.py
[2025-01-30T03:02:52.619+0800] {processor.py:914} INFO - Processing file /home/anhtupham99/miniforge3/envs/nba/lib/python3.11/site-packages/airflow/example_dags/example_latest_only.py for tasks to queue
[2025-01-30T03:02:52.620+0800] {logging_mixin.py:190} INFO - [2025-01-30T03:02:52.620+0800] {dagbag.py:588} INFO - Filling up the DagBag from /home/anhtupham99/miniforge3/envs/nba/lib/python3.11/site-packages/airflow/example_dags/example_latest_only.py
[2025-01-30T03:02:52.626+0800] {processor.py:925} INFO - DAG(s) 'latest_only' retrieved from /home/anhtupham99/miniforge3/envs/nba/lib/python3.11/site-packages/airflow/example_dags/example_latest_only.py
[2025-01-30T03:02:52.636+0800] {logging_mixin.py:190} INFO - [2025-01-30T03:02:52.635+0800] {dag.py:3239} INFO - Sync 1 DAGs
[2025-01-30T03:02:52.648+0800] {logging_mixin.py:190} INFO - [2025-01-30T03:02:52.648+0800] {dag.py:4180} INFO - Setting next_dagrun for latest_only to 2025-01-29 12:00:00+00:00, run_after=2025-01-29 16:00:00+00:00
[2025-01-30T03:02:52.670+0800] {processor.py:208} INFO - Processing /home/anhtupham99/miniforge3/envs/nba/lib/python3.11/site-packages/airflow/example_dags/example_latest_only.py took 0.056 seconds
[2025-01-30T03:03:40.422+0800] {processor.py:186} INFO - Started process (PID=24551) to work on /home/anhtupham99/miniforge3/envs/nba/lib/python3.11/site-packages/airflow/example_dags/example_latest_only.py
[2025-01-30T03:03:40.424+0800] {processor.py:914} INFO - Processing file /home/anhtupham99/miniforge3/envs/nba/lib/python3.11/site-packages/airflow/example_dags/example_latest_only.py for tasks to queue
[2025-01-30T03:03:40.425+0800] {logging_mixin.py:190} INFO - [2025-01-30T03:03:40.425+0800] {dagbag.py:588} INFO - Filling up the DagBag from /home/anhtupham99/miniforge3/envs/nba/lib/python3.11/site-packages/airflow/example_dags/example_latest_only.py
[2025-01-30T03:03:40.431+0800] {processor.py:925} INFO - DAG(s) 'latest_only' retrieved from /home/anhtupham99/miniforge3/envs/nba/lib/python3.11/site-packages/airflow/example_dags/example_latest_only.py
[2025-01-30T03:03:40.440+0800] {logging_mixin.py:190} INFO - [2025-01-30T03:03:40.440+0800] {dag.py:3239} INFO - Sync 1 DAGs
[2025-01-30T03:03:40.453+0800] {logging_mixin.py:190} INFO - [2025-01-30T03:03:40.453+0800] {dag.py:4180} INFO - Setting next_dagrun for latest_only to 2025-01-29 12:00:00+00:00, run_after=2025-01-29 16:00:00+00:00
[2025-01-30T03:03:40.474+0800] {processor.py:208} INFO - Processing /home/anhtupham99/miniforge3/envs/nba/lib/python3.11/site-packages/airflow/example_dags/example_latest_only.py took 0.055 seconds
[2025-01-30T03:04:27.891+0800] {processor.py:186} INFO - Started process (PID=24861) to work on /home/anhtupham99/miniforge3/envs/nba/lib/python3.11/site-packages/airflow/example_dags/example_latest_only.py
[2025-01-30T03:04:27.892+0800] {processor.py:914} INFO - Processing file /home/anhtupham99/miniforge3/envs/nba/lib/python3.11/site-packages/airflow/example_dags/example_latest_only.py for tasks to queue
[2025-01-30T03:04:27.894+0800] {logging_mixin.py:190} INFO - [2025-01-30T03:04:27.894+0800] {dagbag.py:588} INFO - Filling up the DagBag from /home/anhtupham99/miniforge3/envs/nba/lib/python3.11/site-packages/airflow/example_dags/example_latest_only.py
[2025-01-30T03:04:27.899+0800] {processor.py:925} INFO - DAG(s) 'latest_only' retrieved from /home/anhtupham99/miniforge3/envs/nba/lib/python3.11/site-packages/airflow/example_dags/example_latest_only.py
[2025-01-30T03:04:27.909+0800] {logging_mixin.py:190} INFO - [2025-01-30T03:04:27.908+0800] {dag.py:3239} INFO - Sync 1 DAGs
[2025-01-30T03:04:27.921+0800] {logging_mixin.py:190} INFO - [2025-01-30T03:04:27.921+0800] {dag.py:4180} INFO - Setting next_dagrun for latest_only to 2025-01-29 12:00:00+00:00, run_after=2025-01-29 16:00:00+00:00
[2025-01-30T03:04:27.943+0800] {processor.py:208} INFO - Processing /home/anhtupham99/miniforge3/envs/nba/lib/python3.11/site-packages/airflow/example_dags/example_latest_only.py took 0.056 seconds
[2025-01-30T03:05:19.231+0800] {processor.py:186} INFO - Started process (PID=25159) to work on /home/anhtupham99/miniforge3/envs/nba/lib/python3.11/site-packages/airflow/example_dags/example_latest_only.py
[2025-01-30T03:05:19.232+0800] {processor.py:914} INFO - Processing file /home/anhtupham99/miniforge3/envs/nba/lib/python3.11/site-packages/airflow/example_dags/example_latest_only.py for tasks to queue
[2025-01-30T03:05:19.234+0800] {logging_mixin.py:190} INFO - [2025-01-30T03:05:19.234+0800] {dagbag.py:588} INFO - Filling up the DagBag from /home/anhtupham99/miniforge3/envs/nba/lib/python3.11/site-packages/airflow/example_dags/example_latest_only.py
[2025-01-30T03:05:19.240+0800] {processor.py:925} INFO - DAG(s) 'latest_only' retrieved from /home/anhtupham99/miniforge3/envs/nba/lib/python3.11/site-packages/airflow/example_dags/example_latest_only.py
[2025-01-30T03:05:19.251+0800] {logging_mixin.py:190} INFO - [2025-01-30T03:05:19.251+0800] {dag.py:3239} INFO - Sync 1 DAGs
[2025-01-30T03:05:19.265+0800] {logging_mixin.py:190} INFO - [2025-01-30T03:05:19.265+0800] {dag.py:4180} INFO - Setting next_dagrun for latest_only to 2025-01-29 12:00:00+00:00, run_after=2025-01-29 16:00:00+00:00
[2025-01-30T03:05:19.288+0800] {processor.py:208} INFO - Processing /home/anhtupham99/miniforge3/envs/nba/lib/python3.11/site-packages/airflow/example_dags/example_latest_only.py took 0.062 seconds
[2025-01-30T03:06:07.838+0800] {processor.py:186} INFO - Started process (PID=25440) to work on /home/anhtupham99/miniforge3/envs/nba/lib/python3.11/site-packages/airflow/example_dags/example_latest_only.py
[2025-01-30T03:06:07.839+0800] {processor.py:914} INFO - Processing file /home/anhtupham99/miniforge3/envs/nba/lib/python3.11/site-packages/airflow/example_dags/example_latest_only.py for tasks to queue
[2025-01-30T03:06:07.841+0800] {logging_mixin.py:190} INFO - [2025-01-30T03:06:07.840+0800] {dagbag.py:588} INFO - Filling up the DagBag from /home/anhtupham99/miniforge3/envs/nba/lib/python3.11/site-packages/airflow/example_dags/example_latest_only.py
[2025-01-30T03:06:07.846+0800] {processor.py:925} INFO - DAG(s) 'latest_only' retrieved from /home/anhtupham99/miniforge3/envs/nba/lib/python3.11/site-packages/airflow/example_dags/example_latest_only.py
[2025-01-30T03:06:07.855+0800] {logging_mixin.py:190} INFO - [2025-01-30T03:06:07.855+0800] {dag.py:3239} INFO - Sync 1 DAGs
[2025-01-30T03:06:07.867+0800] {logging_mixin.py:190} INFO - [2025-01-30T03:06:07.867+0800] {dag.py:4180} INFO - Setting next_dagrun for latest_only to 2025-01-29 12:00:00+00:00, run_after=2025-01-29 16:00:00+00:00
[2025-01-30T03:06:07.890+0800] {processor.py:208} INFO - Processing /home/anhtupham99/miniforge3/envs/nba/lib/python3.11/site-packages/airflow/example_dags/example_latest_only.py took 0.057 seconds
[2025-01-30T03:06:57.137+0800] {processor.py:186} INFO - Started process (PID=25751) to work on /home/anhtupham99/miniforge3/envs/nba/lib/python3.11/site-packages/airflow/example_dags/example_latest_only.py
[2025-01-30T03:06:57.139+0800] {processor.py:914} INFO - Processing file /home/anhtupham99/miniforge3/envs/nba/lib/python3.11/site-packages/airflow/example_dags/example_latest_only.py for tasks to queue
[2025-01-30T03:06:57.141+0800] {logging_mixin.py:190} INFO - [2025-01-30T03:06:57.141+0800] {dagbag.py:588} INFO - Filling up the DagBag from /home/anhtupham99/miniforge3/envs/nba/lib/python3.11/site-packages/airflow/example_dags/example_latest_only.py
[2025-01-30T03:06:57.149+0800] {processor.py:925} INFO - DAG(s) 'latest_only' retrieved from /home/anhtupham99/miniforge3/envs/nba/lib/python3.11/site-packages/airflow/example_dags/example_latest_only.py
[2025-01-30T03:06:57.164+0800] {logging_mixin.py:190} INFO - [2025-01-30T03:06:57.164+0800] {dag.py:3239} INFO - Sync 1 DAGs
[2025-01-30T03:06:57.184+0800] {logging_mixin.py:190} INFO - [2025-01-30T03:06:57.184+0800] {dag.py:4180} INFO - Setting next_dagrun for latest_only to 2025-01-29 12:00:00+00:00, run_after=2025-01-29 16:00:00+00:00
[2025-01-30T03:06:57.219+0800] {processor.py:208} INFO - Processing /home/anhtupham99/miniforge3/envs/nba/lib/python3.11/site-packages/airflow/example_dags/example_latest_only.py took 0.087 seconds
[2025-01-30T03:07:47.892+0800] {processor.py:186} INFO - Started process (PID=26044) to work on /home/anhtupham99/miniforge3/envs/nba/lib/python3.11/site-packages/airflow/example_dags/example_latest_only.py
[2025-01-30T03:07:47.893+0800] {processor.py:914} INFO - Processing file /home/anhtupham99/miniforge3/envs/nba/lib/python3.11/site-packages/airflow/example_dags/example_latest_only.py for tasks to queue
[2025-01-30T03:07:47.895+0800] {logging_mixin.py:190} INFO - [2025-01-30T03:07:47.895+0800] {dagbag.py:588} INFO - Filling up the DagBag from /home/anhtupham99/miniforge3/envs/nba/lib/python3.11/site-packages/airflow/example_dags/example_latest_only.py
[2025-01-30T03:07:47.901+0800] {processor.py:925} INFO - DAG(s) 'latest_only' retrieved from /home/anhtupham99/miniforge3/envs/nba/lib/python3.11/site-packages/airflow/example_dags/example_latest_only.py
[2025-01-30T03:07:47.912+0800] {logging_mixin.py:190} INFO - [2025-01-30T03:07:47.912+0800] {dag.py:3239} INFO - Sync 1 DAGs
[2025-01-30T03:07:47.927+0800] {logging_mixin.py:190} INFO - [2025-01-30T03:07:47.927+0800] {dag.py:4180} INFO - Setting next_dagrun for latest_only to 2025-01-29 12:00:00+00:00, run_after=2025-01-29 16:00:00+00:00
[2025-01-30T03:07:47.965+0800] {processor.py:208} INFO - Processing /home/anhtupham99/miniforge3/envs/nba/lib/python3.11/site-packages/airflow/example_dags/example_latest_only.py took 0.078 seconds
[2025-01-30T03:08:35.079+0800] {processor.py:186} INFO - Started process (PID=26314) to work on /home/anhtupham99/miniforge3/envs/nba/lib/python3.11/site-packages/airflow/example_dags/example_latest_only.py
[2025-01-30T03:08:35.080+0800] {processor.py:914} INFO - Processing file /home/anhtupham99/miniforge3/envs/nba/lib/python3.11/site-packages/airflow/example_dags/example_latest_only.py for tasks to queue
[2025-01-30T03:08:35.082+0800] {logging_mixin.py:190} INFO - [2025-01-30T03:08:35.082+0800] {dagbag.py:588} INFO - Filling up the DagBag from /home/anhtupham99/miniforge3/envs/nba/lib/python3.11/site-packages/airflow/example_dags/example_latest_only.py
[2025-01-30T03:08:35.089+0800] {processor.py:925} INFO - DAG(s) 'latest_only' retrieved from /home/anhtupham99/miniforge3/envs/nba/lib/python3.11/site-packages/airflow/example_dags/example_latest_only.py
[2025-01-30T03:08:35.103+0800] {logging_mixin.py:190} INFO - [2025-01-30T03:08:35.102+0800] {dag.py:3239} INFO - Sync 1 DAGs
[2025-01-30T03:08:35.118+0800] {logging_mixin.py:190} INFO - [2025-01-30T03:08:35.118+0800] {dag.py:4180} INFO - Setting next_dagrun for latest_only to 2025-01-29 12:00:00+00:00, run_after=2025-01-29 16:00:00+00:00
[2025-01-30T03:08:35.142+0800] {processor.py:208} INFO - Processing /home/anhtupham99/miniforge3/envs/nba/lib/python3.11/site-packages/airflow/example_dags/example_latest_only.py took 0.069 seconds
[2025-01-30T03:09:23.155+0800] {processor.py:186} INFO - Started process (PID=26586) to work on /home/anhtupham99/miniforge3/envs/nba/lib/python3.11/site-packages/airflow/example_dags/example_latest_only.py
[2025-01-30T03:09:23.156+0800] {processor.py:914} INFO - Processing file /home/anhtupham99/miniforge3/envs/nba/lib/python3.11/site-packages/airflow/example_dags/example_latest_only.py for tasks to queue
[2025-01-30T03:09:23.158+0800] {logging_mixin.py:190} INFO - [2025-01-30T03:09:23.157+0800] {dagbag.py:588} INFO - Filling up the DagBag from /home/anhtupham99/miniforge3/envs/nba/lib/python3.11/site-packages/airflow/example_dags/example_latest_only.py
[2025-01-30T03:09:23.163+0800] {processor.py:925} INFO - DAG(s) 'latest_only' retrieved from /home/anhtupham99/miniforge3/envs/nba/lib/python3.11/site-packages/airflow/example_dags/example_latest_only.py
[2025-01-30T03:09:23.174+0800] {logging_mixin.py:190} INFO - [2025-01-30T03:09:23.174+0800] {dag.py:3239} INFO - Sync 1 DAGs
[2025-01-30T03:09:23.187+0800] {logging_mixin.py:190} INFO - [2025-01-30T03:09:23.187+0800] {dag.py:4180} INFO - Setting next_dagrun for latest_only to 2025-01-29 12:00:00+00:00, run_after=2025-01-29 16:00:00+00:00
[2025-01-30T03:09:23.209+0800] {processor.py:208} INFO - Processing /home/anhtupham99/miniforge3/envs/nba/lib/python3.11/site-packages/airflow/example_dags/example_latest_only.py took 0.059 seconds
[2025-01-30T06:12:02.132+0800] {processor.py:186} INFO - Started process (PID=27052) to work on /home/anhtupham99/miniforge3/envs/nba/lib/python3.11/site-packages/airflow/example_dags/example_latest_only.py
[2025-01-30T06:12:02.133+0800] {processor.py:914} INFO - Processing file /home/anhtupham99/miniforge3/envs/nba/lib/python3.11/site-packages/airflow/example_dags/example_latest_only.py for tasks to queue
[2025-01-30T06:12:02.136+0800] {logging_mixin.py:190} INFO - [2025-01-30T06:12:02.135+0800] {dagbag.py:588} INFO - Filling up the DagBag from /home/anhtupham99/miniforge3/envs/nba/lib/python3.11/site-packages/airflow/example_dags/example_latest_only.py
[2025-01-30T06:12:02.144+0800] {processor.py:925} INFO - DAG(s) 'latest_only' retrieved from /home/anhtupham99/miniforge3/envs/nba/lib/python3.11/site-packages/airflow/example_dags/example_latest_only.py
[2025-01-30T06:12:02.155+0800] {logging_mixin.py:190} INFO - [2025-01-30T06:12:02.155+0800] {dag.py:3239} INFO - Sync 1 DAGs
[2025-01-30T06:12:02.169+0800] {logging_mixin.py:190} INFO - [2025-01-30T06:12:02.169+0800] {dag.py:4180} INFO - Setting next_dagrun for latest_only to 2025-01-29 16:00:00+00:00, run_after=2025-01-29 20:00:00+00:00
[2025-01-30T06:12:02.195+0800] {processor.py:208} INFO - Processing /home/anhtupham99/miniforge3/envs/nba/lib/python3.11/site-packages/airflow/example_dags/example_latest_only.py took 0.071 seconds
[2025-01-30T06:12:54.916+0800] {processor.py:186} INFO - Started process (PID=27355) to work on /home/anhtupham99/miniforge3/envs/nba/lib/python3.11/site-packages/airflow/example_dags/example_latest_only.py
[2025-01-30T06:12:54.917+0800] {processor.py:914} INFO - Processing file /home/anhtupham99/miniforge3/envs/nba/lib/python3.11/site-packages/airflow/example_dags/example_latest_only.py for tasks to queue
[2025-01-30T06:12:54.920+0800] {logging_mixin.py:190} INFO - [2025-01-30T06:12:54.920+0800] {dagbag.py:588} INFO - Filling up the DagBag from /home/anhtupham99/miniforge3/envs/nba/lib/python3.11/site-packages/airflow/example_dags/example_latest_only.py
[2025-01-30T06:12:54.926+0800] {processor.py:925} INFO - DAG(s) 'latest_only' retrieved from /home/anhtupham99/miniforge3/envs/nba/lib/python3.11/site-packages/airflow/example_dags/example_latest_only.py
[2025-01-30T06:12:54.937+0800] {logging_mixin.py:190} INFO - [2025-01-30T06:12:54.937+0800] {dag.py:3239} INFO - Sync 1 DAGs
[2025-01-30T06:12:54.952+0800] {logging_mixin.py:190} INFO - [2025-01-30T06:12:54.952+0800] {dag.py:4180} INFO - Setting next_dagrun for latest_only to 2025-01-29 16:00:00+00:00, run_after=2025-01-29 20:00:00+00:00
[2025-01-30T06:12:54.980+0800] {processor.py:208} INFO - Processing /home/anhtupham99/miniforge3/envs/nba/lib/python3.11/site-packages/airflow/example_dags/example_latest_only.py took 0.072 seconds
[2025-01-30T06:13:45.608+0800] {processor.py:186} INFO - Started process (PID=27690) to work on /home/anhtupham99/miniforge3/envs/nba/lib/python3.11/site-packages/airflow/example_dags/example_latest_only.py
[2025-01-30T06:13:45.609+0800] {processor.py:914} INFO - Processing file /home/anhtupham99/miniforge3/envs/nba/lib/python3.11/site-packages/airflow/example_dags/example_latest_only.py for tasks to queue
[2025-01-30T06:13:45.611+0800] {logging_mixin.py:190} INFO - [2025-01-30T06:13:45.611+0800] {dagbag.py:588} INFO - Filling up the DagBag from /home/anhtupham99/miniforge3/envs/nba/lib/python3.11/site-packages/airflow/example_dags/example_latest_only.py
[2025-01-30T06:13:45.618+0800] {processor.py:925} INFO - DAG(s) 'latest_only' retrieved from /home/anhtupham99/miniforge3/envs/nba/lib/python3.11/site-packages/airflow/example_dags/example_latest_only.py
[2025-01-30T06:13:45.628+0800] {logging_mixin.py:190} INFO - [2025-01-30T06:13:45.628+0800] {dag.py:3239} INFO - Sync 1 DAGs
[2025-01-30T06:13:45.643+0800] {logging_mixin.py:190} INFO - [2025-01-30T06:13:45.643+0800] {dag.py:4180} INFO - Setting next_dagrun for latest_only to 2025-01-29 16:00:00+00:00, run_after=2025-01-29 20:00:00+00:00
[2025-01-30T06:13:45.669+0800] {processor.py:208} INFO - Processing /home/anhtupham99/miniforge3/envs/nba/lib/python3.11/site-packages/airflow/example_dags/example_latest_only.py took 0.065 seconds
