[2025-01-30T02:34:58.535+0800] {processor.py:186} INFO - Started process (PID=14450) to work on /home/anhtupham99/miniforge3/envs/nba/lib/python3.11/site-packages/airflow/example_dags/example_branch_python_dop_operator_3.py
[2025-01-30T02:34:58.537+0800] {processor.py:914} INFO - Processing file /home/anhtupham99/miniforge3/envs/nba/lib/python3.11/site-packages/airflow/example_dags/example_branch_python_dop_operator_3.py for tasks to queue
[2025-01-30T02:34:58.544+0800] {logging_mixin.py:190} INFO - [2025-01-30T02:34:58.543+0800] {dagbag.py:588} INFO - Filling up the DagBag from /home/anhtupham99/miniforge3/envs/nba/lib/python3.11/site-packages/airflow/example_dags/example_branch_python_dop_operator_3.py
[2025-01-30T02:34:58.551+0800] {processor.py:925} INFO - DAG(s) 'example_branch_dop_operator_v3' retrieved from /home/anhtupham99/miniforge3/envs/nba/lib/python3.11/site-packages/airflow/example_dags/example_branch_python_dop_operator_3.py
[2025-01-30T02:34:58.644+0800] {logging_mixin.py:190} INFO - [2025-01-30T02:34:58.643+0800] {override.py:1911} INFO - Created Permission View: can delete on DAG:example_branch_dop_operator_v3
[2025-01-30T02:34:58.662+0800] {logging_mixin.py:190} INFO - [2025-01-30T02:34:58.662+0800] {override.py:1911} INFO - Created Permission View: can read on DAG:example_branch_dop_operator_v3
[2025-01-30T02:34:58.678+0800] {logging_mixin.py:190} INFO - [2025-01-30T02:34:58.678+0800] {override.py:1911} INFO - Created Permission View: can edit on DAG:example_branch_dop_operator_v3
[2025-01-30T02:34:58.712+0800] {logging_mixin.py:190} INFO - [2025-01-30T02:34:58.712+0800] {override.py:1911} INFO - Created Permission View: can delete on DAG Run:example_branch_dop_operator_v3
[2025-01-30T02:34:58.728+0800] {logging_mixin.py:190} INFO - [2025-01-30T02:34:58.727+0800] {override.py:1911} INFO - Created Permission View: can create on DAG Run:example_branch_dop_operator_v3
[2025-01-30T02:34:58.750+0800] {logging_mixin.py:190} INFO - [2025-01-30T02:34:58.750+0800] {override.py:1911} INFO - Created Permission View: menu access on DAG Run:example_branch_dop_operator_v3
[2025-01-30T02:34:58.765+0800] {logging_mixin.py:190} INFO - [2025-01-30T02:34:58.764+0800] {override.py:1911} INFO - Created Permission View: can read on DAG Run:example_branch_dop_operator_v3
[2025-01-30T02:34:58.765+0800] {logging_mixin.py:190} INFO - [2025-01-30T02:34:58.765+0800] {dag.py:3239} INFO - Sync 1 DAGs
[2025-01-30T02:34:58.772+0800] {logging_mixin.py:190} INFO - [2025-01-30T02:34:58.772+0800] {dag.py:3262} INFO - Creating ORM DAG for example_branch_dop_operator_v3
[2025-01-30T02:34:58.780+0800] {logging_mixin.py:190} INFO - [2025-01-30T02:34:58.780+0800] {dag.py:4180} INFO - Setting next_dagrun for example_branch_dop_operator_v3 to 2025-01-29 18:33:00+00:00, run_after=2025-01-29 18:34:00+00:00
[2025-01-30T02:34:58.808+0800] {processor.py:208} INFO - Processing /home/anhtupham99/miniforge3/envs/nba/lib/python3.11/site-packages/airflow/example_dags/example_branch_python_dop_operator_3.py took 0.288 seconds
[2025-01-30T02:36:08.477+0800] {processor.py:186} INFO - Started process (PID=14877) to work on /home/anhtupham99/miniforge3/envs/nba/lib/python3.11/site-packages/airflow/example_dags/example_branch_python_dop_operator_3.py
[2025-01-30T02:36:08.481+0800] {processor.py:914} INFO - Processing file /home/anhtupham99/miniforge3/envs/nba/lib/python3.11/site-packages/airflow/example_dags/example_branch_python_dop_operator_3.py for tasks to queue
[2025-01-30T02:36:08.485+0800] {logging_mixin.py:190} INFO - [2025-01-30T02:36:08.485+0800] {dagbag.py:588} INFO - Filling up the DagBag from /home/anhtupham99/miniforge3/envs/nba/lib/python3.11/site-packages/airflow/example_dags/example_branch_python_dop_operator_3.py
[2025-01-30T02:36:08.492+0800] {processor.py:925} INFO - DAG(s) 'example_branch_dop_operator_v3' retrieved from /home/anhtupham99/miniforge3/envs/nba/lib/python3.11/site-packages/airflow/example_dags/example_branch_python_dop_operator_3.py
[2025-01-30T02:36:08.502+0800] {logging_mixin.py:190} INFO - [2025-01-30T02:36:08.502+0800] {dag.py:3239} INFO - Sync 1 DAGs
[2025-01-30T02:36:08.516+0800] {logging_mixin.py:190} INFO - [2025-01-30T02:36:08.516+0800] {dag.py:4180} INFO - Setting next_dagrun for example_branch_dop_operator_v3 to 2025-01-29 18:35:00+00:00, run_after=2025-01-29 18:36:00+00:00
[2025-01-30T02:36:08.543+0800] {processor.py:208} INFO - Processing /home/anhtupham99/miniforge3/envs/nba/lib/python3.11/site-packages/airflow/example_dags/example_branch_python_dop_operator_3.py took 0.081 seconds
[2025-01-30T02:48:06.701+0800] {processor.py:186} INFO - Started process (PID=19040) to work on /home/anhtupham99/miniforge3/envs/nba/lib/python3.11/site-packages/airflow/example_dags/example_branch_python_dop_operator_3.py
[2025-01-30T02:48:06.703+0800] {processor.py:914} INFO - Processing file /home/anhtupham99/miniforge3/envs/nba/lib/python3.11/site-packages/airflow/example_dags/example_branch_python_dop_operator_3.py for tasks to queue
[2025-01-30T02:48:06.705+0800] {logging_mixin.py:190} INFO - [2025-01-30T02:48:06.705+0800] {dagbag.py:588} INFO - Filling up the DagBag from /home/anhtupham99/miniforge3/envs/nba/lib/python3.11/site-packages/airflow/example_dags/example_branch_python_dop_operator_3.py
[2025-01-30T02:48:06.714+0800] {processor.py:925} INFO - DAG(s) 'example_branch_dop_operator_v3' retrieved from /home/anhtupham99/miniforge3/envs/nba/lib/python3.11/site-packages/airflow/example_dags/example_branch_python_dop_operator_3.py
[2025-01-30T02:48:06.728+0800] {logging_mixin.py:190} INFO - [2025-01-30T02:48:06.728+0800] {dag.py:3239} INFO - Sync 1 DAGs
[2025-01-30T02:48:06.744+0800] {logging_mixin.py:190} INFO - [2025-01-30T02:48:06.744+0800] {dag.py:4180} INFO - Setting next_dagrun for example_branch_dop_operator_v3 to 2025-01-29 18:47:00+00:00, run_after=2025-01-29 18:48:00+00:00
[2025-01-30T02:48:06.773+0800] {processor.py:208} INFO - Processing /home/anhtupham99/miniforge3/envs/nba/lib/python3.11/site-packages/airflow/example_dags/example_branch_python_dop_operator_3.py took 0.077 seconds
[2025-01-30T02:49:03.887+0800] {processor.py:186} INFO - Started process (PID=19398) to work on /home/anhtupham99/miniforge3/envs/nba/lib/python3.11/site-packages/airflow/example_dags/example_branch_python_dop_operator_3.py
[2025-01-30T02:49:03.889+0800] {processor.py:914} INFO - Processing file /home/anhtupham99/miniforge3/envs/nba/lib/python3.11/site-packages/airflow/example_dags/example_branch_python_dop_operator_3.py for tasks to queue
[2025-01-30T02:49:03.892+0800] {logging_mixin.py:190} INFO - [2025-01-30T02:49:03.891+0800] {dagbag.py:588} INFO - Filling up the DagBag from /home/anhtupham99/miniforge3/envs/nba/lib/python3.11/site-packages/airflow/example_dags/example_branch_python_dop_operator_3.py
[2025-01-30T02:49:03.907+0800] {processor.py:925} INFO - DAG(s) 'example_branch_dop_operator_v3' retrieved from /home/anhtupham99/miniforge3/envs/nba/lib/python3.11/site-packages/airflow/example_dags/example_branch_python_dop_operator_3.py
[2025-01-30T02:49:03.922+0800] {logging_mixin.py:190} INFO - [2025-01-30T02:49:03.922+0800] {dag.py:3239} INFO - Sync 1 DAGs
[2025-01-30T02:49:03.939+0800] {logging_mixin.py:190} INFO - [2025-01-30T02:49:03.939+0800] {dag.py:4180} INFO - Setting next_dagrun for example_branch_dop_operator_v3 to 2025-01-29 18:48:00+00:00, run_after=2025-01-29 18:49:00+00:00
[2025-01-30T02:49:03.964+0800] {processor.py:208} INFO - Processing /home/anhtupham99/miniforge3/envs/nba/lib/python3.11/site-packages/airflow/example_dags/example_branch_python_dop_operator_3.py took 0.083 seconds
[2025-01-30T02:49:55.943+0800] {processor.py:186} INFO - Started process (PID=19722) to work on /home/anhtupham99/miniforge3/envs/nba/lib/python3.11/site-packages/airflow/example_dags/example_branch_python_dop_operator_3.py
[2025-01-30T02:49:55.945+0800] {processor.py:914} INFO - Processing file /home/anhtupham99/miniforge3/envs/nba/lib/python3.11/site-packages/airflow/example_dags/example_branch_python_dop_operator_3.py for tasks to queue
[2025-01-30T02:49:55.947+0800] {logging_mixin.py:190} INFO - [2025-01-30T02:49:55.946+0800] {dagbag.py:588} INFO - Filling up the DagBag from /home/anhtupham99/miniforge3/envs/nba/lib/python3.11/site-packages/airflow/example_dags/example_branch_python_dop_operator_3.py
[2025-01-30T02:49:55.954+0800] {processor.py:925} INFO - DAG(s) 'example_branch_dop_operator_v3' retrieved from /home/anhtupham99/miniforge3/envs/nba/lib/python3.11/site-packages/airflow/example_dags/example_branch_python_dop_operator_3.py
[2025-01-30T02:49:55.976+0800] {logging_mixin.py:190} INFO - [2025-01-30T02:49:55.976+0800] {dag.py:3239} INFO - Sync 1 DAGs
[2025-01-30T02:49:55.990+0800] {logging_mixin.py:190} INFO - [2025-01-30T02:49:55.990+0800] {dag.py:4180} INFO - Setting next_dagrun for example_branch_dop_operator_v3 to 2025-01-29 18:48:00+00:00, run_after=2025-01-29 18:49:00+00:00
[2025-01-30T02:49:56.028+0800] {processor.py:208} INFO - Processing /home/anhtupham99/miniforge3/envs/nba/lib/python3.11/site-packages/airflow/example_dags/example_branch_python_dop_operator_3.py took 0.096 seconds
[2025-01-30T02:50:48.733+0800] {processor.py:186} INFO - Started process (PID=20028) to work on /home/anhtupham99/miniforge3/envs/nba/lib/python3.11/site-packages/airflow/example_dags/example_branch_python_dop_operator_3.py
[2025-01-30T02:50:48.734+0800] {processor.py:914} INFO - Processing file /home/anhtupham99/miniforge3/envs/nba/lib/python3.11/site-packages/airflow/example_dags/example_branch_python_dop_operator_3.py for tasks to queue
[2025-01-30T02:50:48.736+0800] {logging_mixin.py:190} INFO - [2025-01-30T02:50:48.735+0800] {dagbag.py:588} INFO - Filling up the DagBag from /home/anhtupham99/miniforge3/envs/nba/lib/python3.11/site-packages/airflow/example_dags/example_branch_python_dop_operator_3.py
[2025-01-30T02:50:48.743+0800] {processor.py:925} INFO - DAG(s) 'example_branch_dop_operator_v3' retrieved from /home/anhtupham99/miniforge3/envs/nba/lib/python3.11/site-packages/airflow/example_dags/example_branch_python_dop_operator_3.py
[2025-01-30T02:50:48.755+0800] {logging_mixin.py:190} INFO - [2025-01-30T02:50:48.754+0800] {dag.py:3239} INFO - Sync 1 DAGs
[2025-01-30T02:50:48.772+0800] {logging_mixin.py:190} INFO - [2025-01-30T02:50:48.772+0800] {dag.py:4180} INFO - Setting next_dagrun for example_branch_dop_operator_v3 to 2025-01-29 18:49:00+00:00, run_after=2025-01-29 18:50:00+00:00
[2025-01-30T02:50:48.804+0800] {processor.py:208} INFO - Processing /home/anhtupham99/miniforge3/envs/nba/lib/python3.11/site-packages/airflow/example_dags/example_branch_python_dop_operator_3.py took 0.081 seconds
[2025-01-30T02:51:45.598+0800] {processor.py:186} INFO - Started process (PID=20330) to work on /home/anhtupham99/miniforge3/envs/nba/lib/python3.11/site-packages/airflow/example_dags/example_branch_python_dop_operator_3.py
[2025-01-30T02:51:45.601+0800] {processor.py:914} INFO - Processing file /home/anhtupham99/miniforge3/envs/nba/lib/python3.11/site-packages/airflow/example_dags/example_branch_python_dop_operator_3.py for tasks to queue
[2025-01-30T02:51:45.605+0800] {logging_mixin.py:190} INFO - [2025-01-30T02:51:45.605+0800] {dagbag.py:588} INFO - Filling up the DagBag from /home/anhtupham99/miniforge3/envs/nba/lib/python3.11/site-packages/airflow/example_dags/example_branch_python_dop_operator_3.py
[2025-01-30T02:51:45.612+0800] {processor.py:925} INFO - DAG(s) 'example_branch_dop_operator_v3' retrieved from /home/anhtupham99/miniforge3/envs/nba/lib/python3.11/site-packages/airflow/example_dags/example_branch_python_dop_operator_3.py
[2025-01-30T02:51:45.622+0800] {logging_mixin.py:190} INFO - [2025-01-30T02:51:45.622+0800] {dag.py:3239} INFO - Sync 1 DAGs
[2025-01-30T02:51:45.638+0800] {logging_mixin.py:190} INFO - [2025-01-30T02:51:45.638+0800] {dag.py:4180} INFO - Setting next_dagrun for example_branch_dop_operator_v3 to 2025-01-29 18:50:00+00:00, run_after=2025-01-29 18:51:00+00:00
[2025-01-30T02:51:45.672+0800] {processor.py:208} INFO - Processing /home/anhtupham99/miniforge3/envs/nba/lib/python3.11/site-packages/airflow/example_dags/example_branch_python_dop_operator_3.py took 0.087 seconds
[2025-01-30T02:52:38.580+0800] {processor.py:186} INFO - Started process (PID=20645) to work on /home/anhtupham99/miniforge3/envs/nba/lib/python3.11/site-packages/airflow/example_dags/example_branch_python_dop_operator_3.py
[2025-01-30T02:52:38.582+0800] {processor.py:914} INFO - Processing file /home/anhtupham99/miniforge3/envs/nba/lib/python3.11/site-packages/airflow/example_dags/example_branch_python_dop_operator_3.py for tasks to queue
[2025-01-30T02:52:38.589+0800] {logging_mixin.py:190} INFO - [2025-01-30T02:52:38.588+0800] {dagbag.py:588} INFO - Filling up the DagBag from /home/anhtupham99/miniforge3/envs/nba/lib/python3.11/site-packages/airflow/example_dags/example_branch_python_dop_operator_3.py
[2025-01-30T02:52:38.608+0800] {processor.py:925} INFO - DAG(s) 'example_branch_dop_operator_v3' retrieved from /home/anhtupham99/miniforge3/envs/nba/lib/python3.11/site-packages/airflow/example_dags/example_branch_python_dop_operator_3.py
[2025-01-30T02:52:38.618+0800] {logging_mixin.py:190} INFO - [2025-01-30T02:52:38.618+0800] {dag.py:3239} INFO - Sync 1 DAGs
[2025-01-30T02:52:38.635+0800] {logging_mixin.py:190} INFO - [2025-01-30T02:52:38.635+0800] {dag.py:4180} INFO - Setting next_dagrun for example_branch_dop_operator_v3 to 2025-01-29 18:51:00+00:00, run_after=2025-01-29 18:52:00+00:00
[2025-01-30T02:52:38.666+0800] {processor.py:208} INFO - Processing /home/anhtupham99/miniforge3/envs/nba/lib/python3.11/site-packages/airflow/example_dags/example_branch_python_dop_operator_3.py took 0.096 seconds
[2025-01-30T02:53:31.365+0800] {processor.py:186} INFO - Started process (PID=20957) to work on /home/anhtupham99/miniforge3/envs/nba/lib/python3.11/site-packages/airflow/example_dags/example_branch_python_dop_operator_3.py
[2025-01-30T02:53:31.366+0800] {processor.py:914} INFO - Processing file /home/anhtupham99/miniforge3/envs/nba/lib/python3.11/site-packages/airflow/example_dags/example_branch_python_dop_operator_3.py for tasks to queue
[2025-01-30T02:53:31.368+0800] {logging_mixin.py:190} INFO - [2025-01-30T02:53:31.368+0800] {dagbag.py:588} INFO - Filling up the DagBag from /home/anhtupham99/miniforge3/envs/nba/lib/python3.11/site-packages/airflow/example_dags/example_branch_python_dop_operator_3.py
[2025-01-30T02:53:31.376+0800] {processor.py:925} INFO - DAG(s) 'example_branch_dop_operator_v3' retrieved from /home/anhtupham99/miniforge3/envs/nba/lib/python3.11/site-packages/airflow/example_dags/example_branch_python_dop_operator_3.py
[2025-01-30T02:53:31.385+0800] {logging_mixin.py:190} INFO - [2025-01-30T02:53:31.385+0800] {dag.py:3239} INFO - Sync 1 DAGs
[2025-01-30T02:53:31.400+0800] {logging_mixin.py:190} INFO - [2025-01-30T02:53:31.400+0800] {dag.py:4180} INFO - Setting next_dagrun for example_branch_dop_operator_v3 to 2025-01-29 18:52:00+00:00, run_after=2025-01-29 18:53:00+00:00
[2025-01-30T02:53:31.423+0800] {processor.py:208} INFO - Processing /home/anhtupham99/miniforge3/envs/nba/lib/python3.11/site-packages/airflow/example_dags/example_branch_python_dop_operator_3.py took 0.062 seconds
[2025-01-30T02:54:22.715+0800] {processor.py:186} INFO - Started process (PID=21248) to work on /home/anhtupham99/miniforge3/envs/nba/lib/python3.11/site-packages/airflow/example_dags/example_branch_python_dop_operator_3.py
[2025-01-30T02:54:22.718+0800] {processor.py:914} INFO - Processing file /home/anhtupham99/miniforge3/envs/nba/lib/python3.11/site-packages/airflow/example_dags/example_branch_python_dop_operator_3.py for tasks to queue
[2025-01-30T02:54:22.720+0800] {logging_mixin.py:190} INFO - [2025-01-30T02:54:22.720+0800] {dagbag.py:588} INFO - Filling up the DagBag from /home/anhtupham99/miniforge3/envs/nba/lib/python3.11/site-packages/airflow/example_dags/example_branch_python_dop_operator_3.py
[2025-01-30T02:54:22.727+0800] {processor.py:925} INFO - DAG(s) 'example_branch_dop_operator_v3' retrieved from /home/anhtupham99/miniforge3/envs/nba/lib/python3.11/site-packages/airflow/example_dags/example_branch_python_dop_operator_3.py
[2025-01-30T02:54:22.737+0800] {logging_mixin.py:190} INFO - [2025-01-30T02:54:22.737+0800] {dag.py:3239} INFO - Sync 1 DAGs
[2025-01-30T02:54:22.751+0800] {logging_mixin.py:190} INFO - [2025-01-30T02:54:22.751+0800] {dag.py:4180} INFO - Setting next_dagrun for example_branch_dop_operator_v3 to 2025-01-29 18:53:00+00:00, run_after=2025-01-29 18:54:00+00:00
[2025-01-30T02:54:22.775+0800] {processor.py:208} INFO - Processing /home/anhtupham99/miniforge3/envs/nba/lib/python3.11/site-packages/airflow/example_dags/example_branch_python_dop_operator_3.py took 0.064 seconds
[2025-01-30T02:55:10.179+0800] {processor.py:186} INFO - Started process (PID=21525) to work on /home/anhtupham99/miniforge3/envs/nba/lib/python3.11/site-packages/airflow/example_dags/example_branch_python_dop_operator_3.py
[2025-01-30T02:55:10.181+0800] {processor.py:914} INFO - Processing file /home/anhtupham99/miniforge3/envs/nba/lib/python3.11/site-packages/airflow/example_dags/example_branch_python_dop_operator_3.py for tasks to queue
[2025-01-30T02:55:10.183+0800] {logging_mixin.py:190} INFO - [2025-01-30T02:55:10.182+0800] {dagbag.py:588} INFO - Filling up the DagBag from /home/anhtupham99/miniforge3/envs/nba/lib/python3.11/site-packages/airflow/example_dags/example_branch_python_dop_operator_3.py
[2025-01-30T02:55:10.193+0800] {processor.py:925} INFO - DAG(s) 'example_branch_dop_operator_v3' retrieved from /home/anhtupham99/miniforge3/envs/nba/lib/python3.11/site-packages/airflow/example_dags/example_branch_python_dop_operator_3.py
[2025-01-30T02:55:10.205+0800] {logging_mixin.py:190} INFO - [2025-01-30T02:55:10.205+0800] {dag.py:3239} INFO - Sync 1 DAGs
[2025-01-30T02:55:10.223+0800] {logging_mixin.py:190} INFO - [2025-01-30T02:55:10.222+0800] {dag.py:4180} INFO - Setting next_dagrun for example_branch_dop_operator_v3 to 2025-01-29 18:54:00+00:00, run_after=2025-01-29 18:55:00+00:00
[2025-01-30T02:55:10.254+0800] {processor.py:208} INFO - Processing /home/anhtupham99/miniforge3/envs/nba/lib/python3.11/site-packages/airflow/example_dags/example_branch_python_dop_operator_3.py took 0.080 seconds
[2025-01-30T02:55:58.804+0800] {processor.py:186} INFO - Started process (PID=21817) to work on /home/anhtupham99/miniforge3/envs/nba/lib/python3.11/site-packages/airflow/example_dags/example_branch_python_dop_operator_3.py
[2025-01-30T02:55:58.806+0800] {processor.py:914} INFO - Processing file /home/anhtupham99/miniforge3/envs/nba/lib/python3.11/site-packages/airflow/example_dags/example_branch_python_dop_operator_3.py for tasks to queue
[2025-01-30T02:55:58.807+0800] {logging_mixin.py:190} INFO - [2025-01-30T02:55:58.807+0800] {dagbag.py:588} INFO - Filling up the DagBag from /home/anhtupham99/miniforge3/envs/nba/lib/python3.11/site-packages/airflow/example_dags/example_branch_python_dop_operator_3.py
[2025-01-30T02:55:58.815+0800] {processor.py:925} INFO - DAG(s) 'example_branch_dop_operator_v3' retrieved from /home/anhtupham99/miniforge3/envs/nba/lib/python3.11/site-packages/airflow/example_dags/example_branch_python_dop_operator_3.py
[2025-01-30T02:55:58.825+0800] {logging_mixin.py:190} INFO - [2025-01-30T02:55:58.825+0800] {dag.py:3239} INFO - Sync 1 DAGs
[2025-01-30T02:55:58.840+0800] {logging_mixin.py:190} INFO - [2025-01-30T02:55:58.839+0800] {dag.py:4180} INFO - Setting next_dagrun for example_branch_dop_operator_v3 to 2025-01-29 18:54:00+00:00, run_after=2025-01-29 18:55:00+00:00
[2025-01-30T02:55:58.863+0800] {processor.py:208} INFO - Processing /home/anhtupham99/miniforge3/envs/nba/lib/python3.11/site-packages/airflow/example_dags/example_branch_python_dop_operator_3.py took 0.063 seconds
[2025-01-30T02:56:44.737+0800] {processor.py:186} INFO - Started process (PID=22080) to work on /home/anhtupham99/miniforge3/envs/nba/lib/python3.11/site-packages/airflow/example_dags/example_branch_python_dop_operator_3.py
[2025-01-30T02:56:44.738+0800] {processor.py:914} INFO - Processing file /home/anhtupham99/miniforge3/envs/nba/lib/python3.11/site-packages/airflow/example_dags/example_branch_python_dop_operator_3.py for tasks to queue
[2025-01-30T02:56:44.739+0800] {logging_mixin.py:190} INFO - [2025-01-30T02:56:44.739+0800] {dagbag.py:588} INFO - Filling up the DagBag from /home/anhtupham99/miniforge3/envs/nba/lib/python3.11/site-packages/airflow/example_dags/example_branch_python_dop_operator_3.py
[2025-01-30T02:56:44.747+0800] {processor.py:925} INFO - DAG(s) 'example_branch_dop_operator_v3' retrieved from /home/anhtupham99/miniforge3/envs/nba/lib/python3.11/site-packages/airflow/example_dags/example_branch_python_dop_operator_3.py
[2025-01-30T02:56:44.757+0800] {logging_mixin.py:190} INFO - [2025-01-30T02:56:44.757+0800] {dag.py:3239} INFO - Sync 1 DAGs
[2025-01-30T02:56:44.771+0800] {logging_mixin.py:190} INFO - [2025-01-30T02:56:44.771+0800] {dag.py:4180} INFO - Setting next_dagrun for example_branch_dop_operator_v3 to 2025-01-29 18:55:00+00:00, run_after=2025-01-29 18:56:00+00:00
[2025-01-30T02:56:44.795+0800] {processor.py:208} INFO - Processing /home/anhtupham99/miniforge3/envs/nba/lib/python3.11/site-packages/airflow/example_dags/example_branch_python_dop_operator_3.py took 0.063 seconds
[2025-01-30T02:57:31.934+0800] {processor.py:186} INFO - Started process (PID=22410) to work on /home/anhtupham99/miniforge3/envs/nba/lib/python3.11/site-packages/airflow/example_dags/example_branch_python_dop_operator_3.py
[2025-01-30T02:57:31.935+0800] {processor.py:914} INFO - Processing file /home/anhtupham99/miniforge3/envs/nba/lib/python3.11/site-packages/airflow/example_dags/example_branch_python_dop_operator_3.py for tasks to queue
[2025-01-30T02:57:31.937+0800] {logging_mixin.py:190} INFO - [2025-01-30T02:57:31.937+0800] {dagbag.py:588} INFO - Filling up the DagBag from /home/anhtupham99/miniforge3/envs/nba/lib/python3.11/site-packages/airflow/example_dags/example_branch_python_dop_operator_3.py
[2025-01-30T02:57:31.946+0800] {processor.py:925} INFO - DAG(s) 'example_branch_dop_operator_v3' retrieved from /home/anhtupham99/miniforge3/envs/nba/lib/python3.11/site-packages/airflow/example_dags/example_branch_python_dop_operator_3.py
[2025-01-30T02:57:31.958+0800] {logging_mixin.py:190} INFO - [2025-01-30T02:57:31.958+0800] {dag.py:3239} INFO - Sync 1 DAGs
[2025-01-30T02:57:31.973+0800] {logging_mixin.py:190} INFO - [2025-01-30T02:57:31.973+0800] {dag.py:4180} INFO - Setting next_dagrun for example_branch_dop_operator_v3 to 2025-01-29 18:56:00+00:00, run_after=2025-01-29 18:57:00+00:00
[2025-01-30T02:57:31.996+0800] {processor.py:208} INFO - Processing /home/anhtupham99/miniforge3/envs/nba/lib/python3.11/site-packages/airflow/example_dags/example_branch_python_dop_operator_3.py took 0.067 seconds
[2025-01-30T02:58:20.733+0800] {processor.py:186} INFO - Started process (PID=22681) to work on /home/anhtupham99/miniforge3/envs/nba/lib/python3.11/site-packages/airflow/example_dags/example_branch_python_dop_operator_3.py
[2025-01-30T02:58:20.734+0800] {processor.py:914} INFO - Processing file /home/anhtupham99/miniforge3/envs/nba/lib/python3.11/site-packages/airflow/example_dags/example_branch_python_dop_operator_3.py for tasks to queue
[2025-01-30T02:58:20.736+0800] {logging_mixin.py:190} INFO - [2025-01-30T02:58:20.736+0800] {dagbag.py:588} INFO - Filling up the DagBag from /home/anhtupham99/miniforge3/envs/nba/lib/python3.11/site-packages/airflow/example_dags/example_branch_python_dop_operator_3.py
[2025-01-30T02:58:20.743+0800] {processor.py:925} INFO - DAG(s) 'example_branch_dop_operator_v3' retrieved from /home/anhtupham99/miniforge3/envs/nba/lib/python3.11/site-packages/airflow/example_dags/example_branch_python_dop_operator_3.py
[2025-01-30T02:58:20.753+0800] {logging_mixin.py:190} INFO - [2025-01-30T02:58:20.753+0800] {dag.py:3239} INFO - Sync 1 DAGs
[2025-01-30T02:58:20.768+0800] {logging_mixin.py:190} INFO - [2025-01-30T02:58:20.768+0800] {dag.py:4180} INFO - Setting next_dagrun for example_branch_dop_operator_v3 to 2025-01-29 18:57:00+00:00, run_after=2025-01-29 18:58:00+00:00
[2025-01-30T02:58:20.791+0800] {processor.py:208} INFO - Processing /home/anhtupham99/miniforge3/envs/nba/lib/python3.11/site-packages/airflow/example_dags/example_branch_python_dop_operator_3.py took 0.062 seconds
[2025-01-30T02:59:12.494+0800] {processor.py:186} INFO - Started process (PID=22969) to work on /home/anhtupham99/miniforge3/envs/nba/lib/python3.11/site-packages/airflow/example_dags/example_branch_python_dop_operator_3.py
[2025-01-30T02:59:12.495+0800] {processor.py:914} INFO - Processing file /home/anhtupham99/miniforge3/envs/nba/lib/python3.11/site-packages/airflow/example_dags/example_branch_python_dop_operator_3.py for tasks to queue
[2025-01-30T02:59:12.497+0800] {logging_mixin.py:190} INFO - [2025-01-30T02:59:12.497+0800] {dagbag.py:588} INFO - Filling up the DagBag from /home/anhtupham99/miniforge3/envs/nba/lib/python3.11/site-packages/airflow/example_dags/example_branch_python_dop_operator_3.py
[2025-01-30T02:59:12.505+0800] {processor.py:925} INFO - DAG(s) 'example_branch_dop_operator_v3' retrieved from /home/anhtupham99/miniforge3/envs/nba/lib/python3.11/site-packages/airflow/example_dags/example_branch_python_dop_operator_3.py
[2025-01-30T02:59:12.516+0800] {logging_mixin.py:190} INFO - [2025-01-30T02:59:12.516+0800] {dag.py:3239} INFO - Sync 1 DAGs
[2025-01-30T02:59:12.533+0800] {logging_mixin.py:190} INFO - [2025-01-30T02:59:12.533+0800] {dag.py:4180} INFO - Setting next_dagrun for example_branch_dop_operator_v3 to 2025-01-29 18:58:00+00:00, run_after=2025-01-29 18:59:00+00:00
[2025-01-30T02:59:12.556+0800] {processor.py:208} INFO - Processing /home/anhtupham99/miniforge3/envs/nba/lib/python3.11/site-packages/airflow/example_dags/example_branch_python_dop_operator_3.py took 0.067 seconds
[2025-01-30T03:00:03.421+0800] {processor.py:186} INFO - Started process (PID=23262) to work on /home/anhtupham99/miniforge3/envs/nba/lib/python3.11/site-packages/airflow/example_dags/example_branch_python_dop_operator_3.py
[2025-01-30T03:00:03.425+0800] {processor.py:914} INFO - Processing file /home/anhtupham99/miniforge3/envs/nba/lib/python3.11/site-packages/airflow/example_dags/example_branch_python_dop_operator_3.py for tasks to queue
[2025-01-30T03:00:03.427+0800] {logging_mixin.py:190} INFO - [2025-01-30T03:00:03.427+0800] {dagbag.py:588} INFO - Filling up the DagBag from /home/anhtupham99/miniforge3/envs/nba/lib/python3.11/site-packages/airflow/example_dags/example_branch_python_dop_operator_3.py
[2025-01-30T03:00:03.435+0800] {processor.py:925} INFO - DAG(s) 'example_branch_dop_operator_v3' retrieved from /home/anhtupham99/miniforge3/envs/nba/lib/python3.11/site-packages/airflow/example_dags/example_branch_python_dop_operator_3.py
[2025-01-30T03:00:03.445+0800] {logging_mixin.py:190} INFO - [2025-01-30T03:00:03.445+0800] {dag.py:3239} INFO - Sync 1 DAGs
[2025-01-30T03:00:03.459+0800] {logging_mixin.py:190} INFO - [2025-01-30T03:00:03.459+0800] {dag.py:4180} INFO - Setting next_dagrun for example_branch_dop_operator_v3 to 2025-01-29 18:59:00+00:00, run_after=2025-01-29 19:00:00+00:00
[2025-01-30T03:00:03.482+0800] {processor.py:208} INFO - Processing /home/anhtupham99/miniforge3/envs/nba/lib/python3.11/site-packages/airflow/example_dags/example_branch_python_dop_operator_3.py took 0.065 seconds
[2025-01-30T03:00:53.898+0800] {processor.py:186} INFO - Started process (PID=23574) to work on /home/anhtupham99/miniforge3/envs/nba/lib/python3.11/site-packages/airflow/example_dags/example_branch_python_dop_operator_3.py
[2025-01-30T03:00:53.899+0800] {processor.py:914} INFO - Processing file /home/anhtupham99/miniforge3/envs/nba/lib/python3.11/site-packages/airflow/example_dags/example_branch_python_dop_operator_3.py for tasks to queue
[2025-01-30T03:00:53.901+0800] {logging_mixin.py:190} INFO - [2025-01-30T03:00:53.901+0800] {dagbag.py:588} INFO - Filling up the DagBag from /home/anhtupham99/miniforge3/envs/nba/lib/python3.11/site-packages/airflow/example_dags/example_branch_python_dop_operator_3.py
[2025-01-30T03:00:53.908+0800] {processor.py:925} INFO - DAG(s) 'example_branch_dop_operator_v3' retrieved from /home/anhtupham99/miniforge3/envs/nba/lib/python3.11/site-packages/airflow/example_dags/example_branch_python_dop_operator_3.py
[2025-01-30T03:00:53.917+0800] {logging_mixin.py:190} INFO - [2025-01-30T03:00:53.917+0800] {dag.py:3239} INFO - Sync 1 DAGs
[2025-01-30T03:00:53.932+0800] {logging_mixin.py:190} INFO - [2025-01-30T03:00:53.931+0800] {dag.py:4180} INFO - Setting next_dagrun for example_branch_dop_operator_v3 to 2025-01-29 18:59:00+00:00, run_after=2025-01-29 19:00:00+00:00
[2025-01-30T03:00:53.952+0800] {processor.py:208} INFO - Processing /home/anhtupham99/miniforge3/envs/nba/lib/python3.11/site-packages/airflow/example_dags/example_branch_python_dop_operator_3.py took 0.058 seconds
[2025-01-30T03:01:40.505+0800] {processor.py:186} INFO - Started process (PID=23833) to work on /home/anhtupham99/miniforge3/envs/nba/lib/python3.11/site-packages/airflow/example_dags/example_branch_python_dop_operator_3.py
[2025-01-30T03:01:40.506+0800] {processor.py:914} INFO - Processing file /home/anhtupham99/miniforge3/envs/nba/lib/python3.11/site-packages/airflow/example_dags/example_branch_python_dop_operator_3.py for tasks to queue
[2025-01-30T03:01:40.507+0800] {logging_mixin.py:190} INFO - [2025-01-30T03:01:40.507+0800] {dagbag.py:588} INFO - Filling up the DagBag from /home/anhtupham99/miniforge3/envs/nba/lib/python3.11/site-packages/airflow/example_dags/example_branch_python_dop_operator_3.py
[2025-01-30T03:01:40.515+0800] {processor.py:925} INFO - DAG(s) 'example_branch_dop_operator_v3' retrieved from /home/anhtupham99/miniforge3/envs/nba/lib/python3.11/site-packages/airflow/example_dags/example_branch_python_dop_operator_3.py
[2025-01-30T03:01:40.525+0800] {logging_mixin.py:190} INFO - [2025-01-30T03:01:40.525+0800] {dag.py:3239} INFO - Sync 1 DAGs
[2025-01-30T03:01:40.539+0800] {logging_mixin.py:190} INFO - [2025-01-30T03:01:40.539+0800] {dag.py:4180} INFO - Setting next_dagrun for example_branch_dop_operator_v3 to 2025-01-29 19:00:00+00:00, run_after=2025-01-29 19:01:00+00:00
[2025-01-30T03:01:40.562+0800] {processor.py:208} INFO - Processing /home/anhtupham99/miniforge3/envs/nba/lib/python3.11/site-packages/airflow/example_dags/example_branch_python_dop_operator_3.py took 0.062 seconds
[2025-01-30T03:02:26.061+0800] {processor.py:186} INFO - Started process (PID=24138) to work on /home/anhtupham99/miniforge3/envs/nba/lib/python3.11/site-packages/airflow/example_dags/example_branch_python_dop_operator_3.py
[2025-01-30T03:02:26.062+0800] {processor.py:914} INFO - Processing file /home/anhtupham99/miniforge3/envs/nba/lib/python3.11/site-packages/airflow/example_dags/example_branch_python_dop_operator_3.py for tasks to queue
[2025-01-30T03:02:26.064+0800] {logging_mixin.py:190} INFO - [2025-01-30T03:02:26.063+0800] {dagbag.py:588} INFO - Filling up the DagBag from /home/anhtupham99/miniforge3/envs/nba/lib/python3.11/site-packages/airflow/example_dags/example_branch_python_dop_operator_3.py
[2025-01-30T03:02:26.071+0800] {processor.py:925} INFO - DAG(s) 'example_branch_dop_operator_v3' retrieved from /home/anhtupham99/miniforge3/envs/nba/lib/python3.11/site-packages/airflow/example_dags/example_branch_python_dop_operator_3.py
[2025-01-30T03:02:26.081+0800] {logging_mixin.py:190} INFO - [2025-01-30T03:02:26.081+0800] {dag.py:3239} INFO - Sync 1 DAGs
[2025-01-30T03:02:26.096+0800] {logging_mixin.py:190} INFO - [2025-01-30T03:02:26.096+0800] {dag.py:4180} INFO - Setting next_dagrun for example_branch_dop_operator_v3 to 2025-01-29 19:01:00+00:00, run_after=2025-01-29 19:02:00+00:00
[2025-01-30T03:02:26.121+0800] {processor.py:208} INFO - Processing /home/anhtupham99/miniforge3/envs/nba/lib/python3.11/site-packages/airflow/example_dags/example_branch_python_dop_operator_3.py took 0.064 seconds
[2025-01-30T03:03:13.464+0800] {processor.py:186} INFO - Started process (PID=24408) to work on /home/anhtupham99/miniforge3/envs/nba/lib/python3.11/site-packages/airflow/example_dags/example_branch_python_dop_operator_3.py
[2025-01-30T03:03:13.465+0800] {processor.py:914} INFO - Processing file /home/anhtupham99/miniforge3/envs/nba/lib/python3.11/site-packages/airflow/example_dags/example_branch_python_dop_operator_3.py for tasks to queue
[2025-01-30T03:03:13.467+0800] {logging_mixin.py:190} INFO - [2025-01-30T03:03:13.467+0800] {dagbag.py:588} INFO - Filling up the DagBag from /home/anhtupham99/miniforge3/envs/nba/lib/python3.11/site-packages/airflow/example_dags/example_branch_python_dop_operator_3.py
[2025-01-30T03:03:13.476+0800] {processor.py:925} INFO - DAG(s) 'example_branch_dop_operator_v3' retrieved from /home/anhtupham99/miniforge3/envs/nba/lib/python3.11/site-packages/airflow/example_dags/example_branch_python_dop_operator_3.py
[2025-01-30T03:03:13.492+0800] {logging_mixin.py:190} INFO - [2025-01-30T03:03:13.491+0800] {dag.py:3239} INFO - Sync 1 DAGs
[2025-01-30T03:03:13.516+0800] {logging_mixin.py:190} INFO - [2025-01-30T03:03:13.516+0800] {dag.py:4180} INFO - Setting next_dagrun for example_branch_dop_operator_v3 to 2025-01-29 19:02:00+00:00, run_after=2025-01-29 19:03:00+00:00
[2025-01-30T03:03:13.543+0800] {processor.py:208} INFO - Processing /home/anhtupham99/miniforge3/envs/nba/lib/python3.11/site-packages/airflow/example_dags/example_branch_python_dop_operator_3.py took 0.084 seconds
[2025-01-30T03:04:00.424+0800] {processor.py:186} INFO - Started process (PID=24702) to work on /home/anhtupham99/miniforge3/envs/nba/lib/python3.11/site-packages/airflow/example_dags/example_branch_python_dop_operator_3.py
[2025-01-30T03:04:00.425+0800] {processor.py:914} INFO - Processing file /home/anhtupham99/miniforge3/envs/nba/lib/python3.11/site-packages/airflow/example_dags/example_branch_python_dop_operator_3.py for tasks to queue
[2025-01-30T03:04:00.427+0800] {logging_mixin.py:190} INFO - [2025-01-30T03:04:00.427+0800] {dagbag.py:588} INFO - Filling up the DagBag from /home/anhtupham99/miniforge3/envs/nba/lib/python3.11/site-packages/airflow/example_dags/example_branch_python_dop_operator_3.py
[2025-01-30T03:04:00.434+0800] {processor.py:925} INFO - DAG(s) 'example_branch_dop_operator_v3' retrieved from /home/anhtupham99/miniforge3/envs/nba/lib/python3.11/site-packages/airflow/example_dags/example_branch_python_dop_operator_3.py
[2025-01-30T03:04:00.444+0800] {logging_mixin.py:190} INFO - [2025-01-30T03:04:00.444+0800] {dag.py:3239} INFO - Sync 1 DAGs
[2025-01-30T03:04:00.458+0800] {logging_mixin.py:190} INFO - [2025-01-30T03:04:00.458+0800] {dag.py:4180} INFO - Setting next_dagrun for example_branch_dop_operator_v3 to 2025-01-29 19:03:00+00:00, run_after=2025-01-29 19:04:00+00:00
[2025-01-30T03:04:00.481+0800] {processor.py:208} INFO - Processing /home/anhtupham99/miniforge3/envs/nba/lib/python3.11/site-packages/airflow/example_dags/example_branch_python_dop_operator_3.py took 0.062 seconds
[2025-01-30T03:04:51.626+0800] {processor.py:186} INFO - Started process (PID=24983) to work on /home/anhtupham99/miniforge3/envs/nba/lib/python3.11/site-packages/airflow/example_dags/example_branch_python_dop_operator_3.py
[2025-01-30T03:04:51.634+0800] {processor.py:914} INFO - Processing file /home/anhtupham99/miniforge3/envs/nba/lib/python3.11/site-packages/airflow/example_dags/example_branch_python_dop_operator_3.py for tasks to queue
[2025-01-30T03:04:51.636+0800] {logging_mixin.py:190} INFO - [2025-01-30T03:04:51.636+0800] {dagbag.py:588} INFO - Filling up the DagBag from /home/anhtupham99/miniforge3/envs/nba/lib/python3.11/site-packages/airflow/example_dags/example_branch_python_dop_operator_3.py
[2025-01-30T03:04:51.644+0800] {processor.py:925} INFO - DAG(s) 'example_branch_dop_operator_v3' retrieved from /home/anhtupham99/miniforge3/envs/nba/lib/python3.11/site-packages/airflow/example_dags/example_branch_python_dop_operator_3.py
[2025-01-30T03:04:51.654+0800] {logging_mixin.py:190} INFO - [2025-01-30T03:04:51.653+0800] {dag.py:3239} INFO - Sync 1 DAGs
[2025-01-30T03:04:51.669+0800] {logging_mixin.py:190} INFO - [2025-01-30T03:04:51.669+0800] {dag.py:4180} INFO - Setting next_dagrun for example_branch_dop_operator_v3 to 2025-01-29 19:03:00+00:00, run_after=2025-01-29 19:04:00+00:00
[2025-01-30T03:04:51.863+0800] {processor.py:208} INFO - Processing /home/anhtupham99/miniforge3/envs/nba/lib/python3.11/site-packages/airflow/example_dags/example_branch_python_dop_operator_3.py took 0.242 seconds
[2025-01-30T03:05:42.783+0800] {processor.py:186} INFO - Started process (PID=25295) to work on /home/anhtupham99/miniforge3/envs/nba/lib/python3.11/site-packages/airflow/example_dags/example_branch_python_dop_operator_3.py
[2025-01-30T03:05:42.787+0800] {processor.py:914} INFO - Processing file /home/anhtupham99/miniforge3/envs/nba/lib/python3.11/site-packages/airflow/example_dags/example_branch_python_dop_operator_3.py for tasks to queue
[2025-01-30T03:05:42.789+0800] {logging_mixin.py:190} INFO - [2025-01-30T03:05:42.789+0800] {dagbag.py:588} INFO - Filling up the DagBag from /home/anhtupham99/miniforge3/envs/nba/lib/python3.11/site-packages/airflow/example_dags/example_branch_python_dop_operator_3.py
[2025-01-30T03:05:42.796+0800] {processor.py:925} INFO - DAG(s) 'example_branch_dop_operator_v3' retrieved from /home/anhtupham99/miniforge3/envs/nba/lib/python3.11/site-packages/airflow/example_dags/example_branch_python_dop_operator_3.py
[2025-01-30T03:05:42.806+0800] {logging_mixin.py:190} INFO - [2025-01-30T03:05:42.806+0800] {dag.py:3239} INFO - Sync 1 DAGs
[2025-01-30T03:05:42.820+0800] {logging_mixin.py:190} INFO - [2025-01-30T03:05:42.820+0800] {dag.py:4180} INFO - Setting next_dagrun for example_branch_dop_operator_v3 to 2025-01-29 19:04:00+00:00, run_after=2025-01-29 19:05:00+00:00
[2025-01-30T03:05:42.843+0800] {processor.py:208} INFO - Processing /home/anhtupham99/miniforge3/envs/nba/lib/python3.11/site-packages/airflow/example_dags/example_branch_python_dop_operator_3.py took 0.064 seconds
[2025-01-30T03:06:28.591+0800] {processor.py:186} INFO - Started process (PID=25559) to work on /home/anhtupham99/miniforge3/envs/nba/lib/python3.11/site-packages/airflow/example_dags/example_branch_python_dop_operator_3.py
[2025-01-30T03:06:28.592+0800] {processor.py:914} INFO - Processing file /home/anhtupham99/miniforge3/envs/nba/lib/python3.11/site-packages/airflow/example_dags/example_branch_python_dop_operator_3.py for tasks to queue
[2025-01-30T03:06:28.594+0800] {logging_mixin.py:190} INFO - [2025-01-30T03:06:28.594+0800] {dagbag.py:588} INFO - Filling up the DagBag from /home/anhtupham99/miniforge3/envs/nba/lib/python3.11/site-packages/airflow/example_dags/example_branch_python_dop_operator_3.py
[2025-01-30T03:06:28.601+0800] {processor.py:925} INFO - DAG(s) 'example_branch_dop_operator_v3' retrieved from /home/anhtupham99/miniforge3/envs/nba/lib/python3.11/site-packages/airflow/example_dags/example_branch_python_dop_operator_3.py
[2025-01-30T03:06:28.611+0800] {logging_mixin.py:190} INFO - [2025-01-30T03:06:28.611+0800] {dag.py:3239} INFO - Sync 1 DAGs
[2025-01-30T03:06:28.625+0800] {logging_mixin.py:190} INFO - [2025-01-30T03:06:28.625+0800] {dag.py:4180} INFO - Setting next_dagrun for example_branch_dop_operator_v3 to 2025-01-29 19:05:00+00:00, run_after=2025-01-29 19:06:00+00:00
[2025-01-30T03:06:28.648+0800] {processor.py:208} INFO - Processing /home/anhtupham99/miniforge3/envs/nba/lib/python3.11/site-packages/airflow/example_dags/example_branch_python_dop_operator_3.py took 0.061 seconds
[2025-01-30T03:07:21.850+0800] {processor.py:186} INFO - Started process (PID=25892) to work on /home/anhtupham99/miniforge3/envs/nba/lib/python3.11/site-packages/airflow/example_dags/example_branch_python_dop_operator_3.py
[2025-01-30T03:07:21.852+0800] {processor.py:914} INFO - Processing file /home/anhtupham99/miniforge3/envs/nba/lib/python3.11/site-packages/airflow/example_dags/example_branch_python_dop_operator_3.py for tasks to queue
[2025-01-30T03:07:21.854+0800] {logging_mixin.py:190} INFO - [2025-01-30T03:07:21.853+0800] {dagbag.py:588} INFO - Filling up the DagBag from /home/anhtupham99/miniforge3/envs/nba/lib/python3.11/site-packages/airflow/example_dags/example_branch_python_dop_operator_3.py
[2025-01-30T03:07:21.863+0800] {processor.py:925} INFO - DAG(s) 'example_branch_dop_operator_v3' retrieved from /home/anhtupham99/miniforge3/envs/nba/lib/python3.11/site-packages/airflow/example_dags/example_branch_python_dop_operator_3.py
[2025-01-30T03:07:21.875+0800] {logging_mixin.py:190} INFO - [2025-01-30T03:07:21.875+0800] {dag.py:3239} INFO - Sync 1 DAGs
[2025-01-30T03:07:21.892+0800] {logging_mixin.py:190} INFO - [2025-01-30T03:07:21.892+0800] {dag.py:4180} INFO - Setting next_dagrun for example_branch_dop_operator_v3 to 2025-01-29 19:06:00+00:00, run_after=2025-01-29 19:07:00+00:00
[2025-01-30T03:07:21.917+0800] {processor.py:208} INFO - Processing /home/anhtupham99/miniforge3/envs/nba/lib/python3.11/site-packages/airflow/example_dags/example_branch_python_dop_operator_3.py took 0.073 seconds
[2025-01-30T03:08:10.920+0800] {processor.py:186} INFO - Started process (PID=26178) to work on /home/anhtupham99/miniforge3/envs/nba/lib/python3.11/site-packages/airflow/example_dags/example_branch_python_dop_operator_3.py
[2025-01-30T03:08:10.923+0800] {processor.py:914} INFO - Processing file /home/anhtupham99/miniforge3/envs/nba/lib/python3.11/site-packages/airflow/example_dags/example_branch_python_dop_operator_3.py for tasks to queue
[2025-01-30T03:08:10.925+0800] {logging_mixin.py:190} INFO - [2025-01-30T03:08:10.925+0800] {dagbag.py:588} INFO - Filling up the DagBag from /home/anhtupham99/miniforge3/envs/nba/lib/python3.11/site-packages/airflow/example_dags/example_branch_python_dop_operator_3.py
[2025-01-30T03:08:10.933+0800] {processor.py:925} INFO - DAG(s) 'example_branch_dop_operator_v3' retrieved from /home/anhtupham99/miniforge3/envs/nba/lib/python3.11/site-packages/airflow/example_dags/example_branch_python_dop_operator_3.py
[2025-01-30T03:08:10.945+0800] {logging_mixin.py:190} INFO - [2025-01-30T03:08:10.944+0800] {dag.py:3239} INFO - Sync 1 DAGs
[2025-01-30T03:08:10.961+0800] {logging_mixin.py:190} INFO - [2025-01-30T03:08:10.961+0800] {dag.py:4180} INFO - Setting next_dagrun for example_branch_dop_operator_v3 to 2025-01-29 19:07:00+00:00, run_after=2025-01-29 19:08:00+00:00
[2025-01-30T03:08:10.984+0800] {processor.py:208} INFO - Processing /home/anhtupham99/miniforge3/envs/nba/lib/python3.11/site-packages/airflow/example_dags/example_branch_python_dop_operator_3.py took 0.068 seconds
[2025-01-30T03:08:59.139+0800] {processor.py:186} INFO - Started process (PID=26443) to work on /home/anhtupham99/miniforge3/envs/nba/lib/python3.11/site-packages/airflow/example_dags/example_branch_python_dop_operator_3.py
[2025-01-30T03:08:59.140+0800] {processor.py:914} INFO - Processing file /home/anhtupham99/miniforge3/envs/nba/lib/python3.11/site-packages/airflow/example_dags/example_branch_python_dop_operator_3.py for tasks to queue
[2025-01-30T03:08:59.142+0800] {logging_mixin.py:190} INFO - [2025-01-30T03:08:59.141+0800] {dagbag.py:588} INFO - Filling up the DagBag from /home/anhtupham99/miniforge3/envs/nba/lib/python3.11/site-packages/airflow/example_dags/example_branch_python_dop_operator_3.py
[2025-01-30T03:08:59.150+0800] {processor.py:925} INFO - DAG(s) 'example_branch_dop_operator_v3' retrieved from /home/anhtupham99/miniforge3/envs/nba/lib/python3.11/site-packages/airflow/example_dags/example_branch_python_dop_operator_3.py
[2025-01-30T03:08:59.161+0800] {logging_mixin.py:190} INFO - [2025-01-30T03:08:59.161+0800] {dag.py:3239} INFO - Sync 1 DAGs
[2025-01-30T03:08:59.177+0800] {logging_mixin.py:190} INFO - [2025-01-30T03:08:59.177+0800] {dag.py:4180} INFO - Setting next_dagrun for example_branch_dop_operator_v3 to 2025-01-29 19:07:00+00:00, run_after=2025-01-29 19:08:00+00:00
[2025-01-30T03:08:59.200+0800] {processor.py:208} INFO - Processing /home/anhtupham99/miniforge3/envs/nba/lib/python3.11/site-packages/airflow/example_dags/example_branch_python_dop_operator_3.py took 0.066 seconds
[2025-01-30T03:09:46.364+0800] {processor.py:186} INFO - Started process (PID=26729) to work on /home/anhtupham99/miniforge3/envs/nba/lib/python3.11/site-packages/airflow/example_dags/example_branch_python_dop_operator_3.py
[2025-01-30T03:09:46.366+0800] {processor.py:914} INFO - Processing file /home/anhtupham99/miniforge3/envs/nba/lib/python3.11/site-packages/airflow/example_dags/example_branch_python_dop_operator_3.py for tasks to queue
[2025-01-30T03:09:46.368+0800] {logging_mixin.py:190} INFO - [2025-01-30T03:09:46.368+0800] {dagbag.py:588} INFO - Filling up the DagBag from /home/anhtupham99/miniforge3/envs/nba/lib/python3.11/site-packages/airflow/example_dags/example_branch_python_dop_operator_3.py
[2025-01-30T03:09:46.377+0800] {processor.py:925} INFO - DAG(s) 'example_branch_dop_operator_v3' retrieved from /home/anhtupham99/miniforge3/envs/nba/lib/python3.11/site-packages/airflow/example_dags/example_branch_python_dop_operator_3.py
[2025-01-30T03:09:46.388+0800] {logging_mixin.py:190} INFO - [2025-01-30T03:09:46.388+0800] {dag.py:3239} INFO - Sync 1 DAGs
[2025-01-30T03:09:46.406+0800] {logging_mixin.py:190} INFO - [2025-01-30T03:09:46.406+0800] {dag.py:4180} INFO - Setting next_dagrun for example_branch_dop_operator_v3 to 2025-01-29 19:08:00+00:00, run_after=2025-01-29 19:09:00+00:00
[2025-01-30T03:09:46.429+0800] {processor.py:208} INFO - Processing /home/anhtupham99/miniforge3/envs/nba/lib/python3.11/site-packages/airflow/example_dags/example_branch_python_dop_operator_3.py took 0.070 seconds
[2025-01-30T06:11:41.563+0800] {processor.py:186} INFO - Started process (PID=26946) to work on /home/anhtupham99/miniforge3/envs/nba/lib/python3.11/site-packages/airflow/example_dags/example_branch_python_dop_operator_3.py
[2025-01-30T06:11:41.565+0800] {processor.py:914} INFO - Processing file /home/anhtupham99/miniforge3/envs/nba/lib/python3.11/site-packages/airflow/example_dags/example_branch_python_dop_operator_3.py for tasks to queue
[2025-01-30T06:11:41.567+0800] {logging_mixin.py:190} INFO - [2025-01-30T06:11:41.566+0800] {dagbag.py:588} INFO - Filling up the DagBag from /home/anhtupham99/miniforge3/envs/nba/lib/python3.11/site-packages/airflow/example_dags/example_branch_python_dop_operator_3.py
[2025-01-30T06:11:41.575+0800] {processor.py:925} INFO - DAG(s) 'example_branch_dop_operator_v3' retrieved from /home/anhtupham99/miniforge3/envs/nba/lib/python3.11/site-packages/airflow/example_dags/example_branch_python_dop_operator_3.py
[2025-01-30T06:11:41.585+0800] {logging_mixin.py:190} INFO - [2025-01-30T06:11:41.585+0800] {dag.py:3239} INFO - Sync 1 DAGs
[2025-01-30T06:11:41.600+0800] {logging_mixin.py:190} INFO - [2025-01-30T06:11:41.600+0800] {dag.py:4180} INFO - Setting next_dagrun for example_branch_dop_operator_v3 to 2025-01-29 22:10:00+00:00, run_after=2025-01-29 22:11:00+00:00
[2025-01-30T06:11:41.628+0800] {processor.py:208} INFO - Processing /home/anhtupham99/miniforge3/envs/nba/lib/python3.11/site-packages/airflow/example_dags/example_branch_python_dop_operator_3.py took 0.070 seconds
[2025-01-30T06:12:35.876+0800] {processor.py:186} INFO - Started process (PID=27241) to work on /home/anhtupham99/miniforge3/envs/nba/lib/python3.11/site-packages/airflow/example_dags/example_branch_python_dop_operator_3.py
[2025-01-30T06:12:35.877+0800] {processor.py:914} INFO - Processing file /home/anhtupham99/miniforge3/envs/nba/lib/python3.11/site-packages/airflow/example_dags/example_branch_python_dop_operator_3.py for tasks to queue
[2025-01-30T06:12:35.879+0800] {logging_mixin.py:190} INFO - [2025-01-30T06:12:35.879+0800] {dagbag.py:588} INFO - Filling up the DagBag from /home/anhtupham99/miniforge3/envs/nba/lib/python3.11/site-packages/airflow/example_dags/example_branch_python_dop_operator_3.py
[2025-01-30T06:12:35.887+0800] {processor.py:925} INFO - DAG(s) 'example_branch_dop_operator_v3' retrieved from /home/anhtupham99/miniforge3/envs/nba/lib/python3.11/site-packages/airflow/example_dags/example_branch_python_dop_operator_3.py
[2025-01-30T06:12:35.898+0800] {logging_mixin.py:190} INFO - [2025-01-30T06:12:35.898+0800] {dag.py:3239} INFO - Sync 1 DAGs
[2025-01-30T06:12:35.917+0800] {logging_mixin.py:190} INFO - [2025-01-30T06:12:35.917+0800] {dag.py:4180} INFO - Setting next_dagrun for example_branch_dop_operator_v3 to 2025-01-29 22:11:00+00:00, run_after=2025-01-29 22:12:00+00:00
[2025-01-30T06:12:35.949+0800] {processor.py:208} INFO - Processing /home/anhtupham99/miniforge3/envs/nba/lib/python3.11/site-packages/airflow/example_dags/example_branch_python_dop_operator_3.py took 0.082 seconds
[2025-01-30T06:13:24.021+0800] {processor.py:186} INFO - Started process (PID=27562) to work on /home/anhtupham99/miniforge3/envs/nba/lib/python3.11/site-packages/airflow/example_dags/example_branch_python_dop_operator_3.py
[2025-01-30T06:13:24.022+0800] {processor.py:914} INFO - Processing file /home/anhtupham99/miniforge3/envs/nba/lib/python3.11/site-packages/airflow/example_dags/example_branch_python_dop_operator_3.py for tasks to queue
[2025-01-30T06:13:24.024+0800] {logging_mixin.py:190} INFO - [2025-01-30T06:13:24.024+0800] {dagbag.py:588} INFO - Filling up the DagBag from /home/anhtupham99/miniforge3/envs/nba/lib/python3.11/site-packages/airflow/example_dags/example_branch_python_dop_operator_3.py
[2025-01-30T06:13:24.032+0800] {processor.py:925} INFO - DAG(s) 'example_branch_dop_operator_v3' retrieved from /home/anhtupham99/miniforge3/envs/nba/lib/python3.11/site-packages/airflow/example_dags/example_branch_python_dop_operator_3.py
[2025-01-30T06:13:24.043+0800] {logging_mixin.py:190} INFO - [2025-01-30T06:13:24.043+0800] {dag.py:3239} INFO - Sync 1 DAGs
[2025-01-30T06:13:24.059+0800] {logging_mixin.py:190} INFO - [2025-01-30T06:13:24.059+0800] {dag.py:4180} INFO - Setting next_dagrun for example_branch_dop_operator_v3 to 2025-01-29 22:12:00+00:00, run_after=2025-01-29 22:13:00+00:00
[2025-01-30T06:13:24.083+0800] {processor.py:208} INFO - Processing /home/anhtupham99/miniforge3/envs/nba/lib/python3.11/site-packages/airflow/example_dags/example_branch_python_dop_operator_3.py took 0.066 seconds
