[2025-01-30T02:34:51.987+0800] {processor.py:186} INFO - Started process (PID=14419) to work on /home/anhtupham99/miniforge3/envs/nba/lib/python3.11/site-packages/airflow/example_dags/example_external_task_marker_dag.py
[2025-01-30T02:34:51.989+0800] {processor.py:914} INFO - Processing file /home/anhtupham99/miniforge3/envs/nba/lib/python3.11/site-packages/airflow/example_dags/example_external_task_marker_dag.py for tasks to queue
[2025-01-30T02:34:51.995+0800] {logging_mixin.py:190} INFO - [2025-01-30T02:34:51.994+0800] {dagbag.py:588} INFO - Filling up the DagBag from /home/anhtupham99/miniforge3/envs/nba/lib/python3.11/site-packages/airflow/example_dags/example_external_task_marker_dag.py
[2025-01-30T02:34:52.003+0800] {processor.py:925} INFO - DAG(s) 'example_external_task_marker_child', 'example_external_task_marker_parent' retrieved from /home/anhtupham99/miniforge3/envs/nba/lib/python3.11/site-packages/airflow/example_dags/example_external_task_marker_dag.py
[2025-01-30T02:34:52.094+0800] {logging_mixin.py:190} INFO - [2025-01-30T02:34:52.094+0800] {override.py:1911} INFO - Created Permission View: can delete on DAG:example_external_task_marker_child
[2025-01-30T02:34:52.122+0800] {logging_mixin.py:190} INFO - [2025-01-30T02:34:52.121+0800] {override.py:1911} INFO - Created Permission View: can read on DAG:example_external_task_marker_child
[2025-01-30T02:34:52.146+0800] {logging_mixin.py:190} INFO - [2025-01-30T02:34:52.145+0800] {override.py:1911} INFO - Created Permission View: can edit on DAG:example_external_task_marker_child
[2025-01-30T02:34:52.181+0800] {logging_mixin.py:190} INFO - [2025-01-30T02:34:52.180+0800] {override.py:1911} INFO - Created Permission View: can delete on DAG Run:example_external_task_marker_child
[2025-01-30T02:34:52.202+0800] {logging_mixin.py:190} INFO - [2025-01-30T02:34:52.202+0800] {override.py:1911} INFO - Created Permission View: can create on DAG Run:example_external_task_marker_child
[2025-01-30T02:34:52.227+0800] {logging_mixin.py:190} INFO - [2025-01-30T02:34:52.227+0800] {override.py:1911} INFO - Created Permission View: menu access on DAG Run:example_external_task_marker_child
[2025-01-30T02:34:52.251+0800] {logging_mixin.py:190} INFO - [2025-01-30T02:34:52.250+0800] {override.py:1911} INFO - Created Permission View: can read on DAG Run:example_external_task_marker_child
[2025-01-30T02:34:52.302+0800] {logging_mixin.py:190} INFO - [2025-01-30T02:34:52.302+0800] {override.py:1911} INFO - Created Permission View: can delete on DAG:example_external_task_marker_parent
[2025-01-30T02:34:52.326+0800] {logging_mixin.py:190} INFO - [2025-01-30T02:34:52.326+0800] {override.py:1911} INFO - Created Permission View: can read on DAG:example_external_task_marker_parent
[2025-01-30T02:34:52.345+0800] {logging_mixin.py:190} INFO - [2025-01-30T02:34:52.344+0800] {override.py:1911} INFO - Created Permission View: can edit on DAG:example_external_task_marker_parent
[2025-01-30T02:34:52.384+0800] {logging_mixin.py:190} INFO - [2025-01-30T02:34:52.383+0800] {override.py:1911} INFO - Created Permission View: can delete on DAG Run:example_external_task_marker_parent
[2025-01-30T02:34:52.401+0800] {logging_mixin.py:190} INFO - [2025-01-30T02:34:52.401+0800] {override.py:1911} INFO - Created Permission View: can create on DAG Run:example_external_task_marker_parent
[2025-01-30T02:34:52.416+0800] {logging_mixin.py:190} INFO - [2025-01-30T02:34:52.416+0800] {override.py:1911} INFO - Created Permission View: menu access on DAG Run:example_external_task_marker_parent
[2025-01-30T02:34:52.432+0800] {logging_mixin.py:190} INFO - [2025-01-30T02:34:52.432+0800] {override.py:1911} INFO - Created Permission View: can read on DAG Run:example_external_task_marker_parent
[2025-01-30T02:34:52.432+0800] {logging_mixin.py:190} INFO - [2025-01-30T02:34:52.432+0800] {dag.py:3239} INFO - Sync 2 DAGs
[2025-01-30T02:34:52.439+0800] {logging_mixin.py:190} INFO - [2025-01-30T02:34:52.439+0800] {dag.py:3262} INFO - Creating ORM DAG for example_external_task_marker_parent
[2025-01-30T02:34:52.439+0800] {logging_mixin.py:190} INFO - [2025-01-30T02:34:52.439+0800] {dag.py:3262} INFO - Creating ORM DAG for example_external_task_marker_child
[2025-01-30T02:34:52.440+0800] {logging_mixin.py:190} INFO - [2025-01-30T02:34:52.440+0800] {dag.py:4180} INFO - Setting next_dagrun for example_external_task_marker_child to None, run_after=None
[2025-01-30T02:34:52.440+0800] {logging_mixin.py:190} INFO - [2025-01-30T02:34:52.440+0800] {dag.py:4180} INFO - Setting next_dagrun for example_external_task_marker_parent to None, run_after=None
[2025-01-30T02:34:52.468+0800] {processor.py:208} INFO - Processing /home/anhtupham99/miniforge3/envs/nba/lib/python3.11/site-packages/airflow/example_dags/example_external_task_marker_dag.py took 0.496 seconds
[2025-01-30T02:36:03.300+0800] {processor.py:186} INFO - Started process (PID=14845) to work on /home/anhtupham99/miniforge3/envs/nba/lib/python3.11/site-packages/airflow/example_dags/example_external_task_marker_dag.py
[2025-01-30T02:36:03.303+0800] {processor.py:914} INFO - Processing file /home/anhtupham99/miniforge3/envs/nba/lib/python3.11/site-packages/airflow/example_dags/example_external_task_marker_dag.py for tasks to queue
[2025-01-30T02:36:03.305+0800] {logging_mixin.py:190} INFO - [2025-01-30T02:36:03.305+0800] {dagbag.py:588} INFO - Filling up the DagBag from /home/anhtupham99/miniforge3/envs/nba/lib/python3.11/site-packages/airflow/example_dags/example_external_task_marker_dag.py
[2025-01-30T02:36:03.311+0800] {processor.py:925} INFO - DAG(s) 'example_external_task_marker_parent', 'example_external_task_marker_child' retrieved from /home/anhtupham99/miniforge3/envs/nba/lib/python3.11/site-packages/airflow/example_dags/example_external_task_marker_dag.py
[2025-01-30T02:36:03.322+0800] {logging_mixin.py:190} INFO - [2025-01-30T02:36:03.322+0800] {dag.py:3239} INFO - Sync 2 DAGs
[2025-01-30T02:36:03.330+0800] {logging_mixin.py:190} INFO - [2025-01-30T02:36:03.330+0800] {dag.py:4180} INFO - Setting next_dagrun for example_external_task_marker_child to None, run_after=None
[2025-01-30T02:36:03.332+0800] {logging_mixin.py:190} INFO - [2025-01-30T02:36:03.332+0800] {dag.py:4180} INFO - Setting next_dagrun for example_external_task_marker_parent to None, run_after=None
[2025-01-30T02:36:03.356+0800] {processor.py:208} INFO - Processing /home/anhtupham99/miniforge3/envs/nba/lib/python3.11/site-packages/airflow/example_dags/example_external_task_marker_dag.py took 0.065 seconds
[2025-01-30T02:48:01.555+0800] {processor.py:186} INFO - Started process (PID=18969) to work on /home/anhtupham99/miniforge3/envs/nba/lib/python3.11/site-packages/airflow/example_dags/example_external_task_marker_dag.py
[2025-01-30T02:48:01.557+0800] {processor.py:914} INFO - Processing file /home/anhtupham99/miniforge3/envs/nba/lib/python3.11/site-packages/airflow/example_dags/example_external_task_marker_dag.py for tasks to queue
[2025-01-30T02:48:01.560+0800] {logging_mixin.py:190} INFO - [2025-01-30T02:48:01.560+0800] {dagbag.py:588} INFO - Filling up the DagBag from /home/anhtupham99/miniforge3/envs/nba/lib/python3.11/site-packages/airflow/example_dags/example_external_task_marker_dag.py
[2025-01-30T02:48:01.573+0800] {processor.py:925} INFO - DAG(s) 'example_external_task_marker_child', 'example_external_task_marker_parent' retrieved from /home/anhtupham99/miniforge3/envs/nba/lib/python3.11/site-packages/airflow/example_dags/example_external_task_marker_dag.py
[2025-01-30T02:48:01.589+0800] {logging_mixin.py:190} INFO - [2025-01-30T02:48:01.588+0800] {dag.py:3239} INFO - Sync 2 DAGs
[2025-01-30T02:48:01.598+0800] {logging_mixin.py:190} INFO - [2025-01-30T02:48:01.597+0800] {dag.py:4180} INFO - Setting next_dagrun for example_external_task_marker_child to None, run_after=None
[2025-01-30T02:48:01.600+0800] {logging_mixin.py:190} INFO - [2025-01-30T02:48:01.599+0800] {dag.py:4180} INFO - Setting next_dagrun for example_external_task_marker_parent to None, run_after=None
[2025-01-30T02:48:01.634+0800] {processor.py:208} INFO - Processing /home/anhtupham99/miniforge3/envs/nba/lib/python3.11/site-packages/airflow/example_dags/example_external_task_marker_dag.py took 0.088 seconds
[2025-01-30T02:48:58.906+0800] {processor.py:186} INFO - Started process (PID=19368) to work on /home/anhtupham99/miniforge3/envs/nba/lib/python3.11/site-packages/airflow/example_dags/example_external_task_marker_dag.py
[2025-01-30T02:48:58.909+0800] {processor.py:914} INFO - Processing file /home/anhtupham99/miniforge3/envs/nba/lib/python3.11/site-packages/airflow/example_dags/example_external_task_marker_dag.py for tasks to queue
[2025-01-30T02:48:58.911+0800] {logging_mixin.py:190} INFO - [2025-01-30T02:48:58.911+0800] {dagbag.py:588} INFO - Filling up the DagBag from /home/anhtupham99/miniforge3/envs/nba/lib/python3.11/site-packages/airflow/example_dags/example_external_task_marker_dag.py
[2025-01-30T02:48:58.922+0800] {processor.py:925} INFO - DAG(s) 'example_external_task_marker_child', 'example_external_task_marker_parent' retrieved from /home/anhtupham99/miniforge3/envs/nba/lib/python3.11/site-packages/airflow/example_dags/example_external_task_marker_dag.py
[2025-01-30T02:48:58.936+0800] {logging_mixin.py:190} INFO - [2025-01-30T02:48:58.936+0800] {dag.py:3239} INFO - Sync 2 DAGs
[2025-01-30T02:48:58.944+0800] {logging_mixin.py:190} INFO - [2025-01-30T02:48:58.944+0800] {dag.py:4180} INFO - Setting next_dagrun for example_external_task_marker_child to None, run_after=None
[2025-01-30T02:48:58.946+0800] {logging_mixin.py:190} INFO - [2025-01-30T02:48:58.946+0800] {dag.py:4180} INFO - Setting next_dagrun for example_external_task_marker_parent to None, run_after=None
[2025-01-30T02:48:58.970+0800] {processor.py:208} INFO - Processing /home/anhtupham99/miniforge3/envs/nba/lib/python3.11/site-packages/airflow/example_dags/example_external_task_marker_dag.py took 0.074 seconds
[2025-01-30T02:49:50.686+0800] {processor.py:186} INFO - Started process (PID=19691) to work on /home/anhtupham99/miniforge3/envs/nba/lib/python3.11/site-packages/airflow/example_dags/example_external_task_marker_dag.py
[2025-01-30T02:49:50.689+0800] {processor.py:914} INFO - Processing file /home/anhtupham99/miniforge3/envs/nba/lib/python3.11/site-packages/airflow/example_dags/example_external_task_marker_dag.py for tasks to queue
[2025-01-30T02:49:50.692+0800] {logging_mixin.py:190} INFO - [2025-01-30T02:49:50.691+0800] {dagbag.py:588} INFO - Filling up the DagBag from /home/anhtupham99/miniforge3/envs/nba/lib/python3.11/site-packages/airflow/example_dags/example_external_task_marker_dag.py
[2025-01-30T02:49:50.704+0800] {processor.py:925} INFO - DAG(s) 'example_external_task_marker_child', 'example_external_task_marker_parent' retrieved from /home/anhtupham99/miniforge3/envs/nba/lib/python3.11/site-packages/airflow/example_dags/example_external_task_marker_dag.py
[2025-01-30T02:49:50.718+0800] {logging_mixin.py:190} INFO - [2025-01-30T02:49:50.718+0800] {dag.py:3239} INFO - Sync 2 DAGs
[2025-01-30T02:49:50.728+0800] {logging_mixin.py:190} INFO - [2025-01-30T02:49:50.728+0800] {dag.py:4180} INFO - Setting next_dagrun for example_external_task_marker_child to None, run_after=None
[2025-01-30T02:49:50.730+0800] {logging_mixin.py:190} INFO - [2025-01-30T02:49:50.730+0800] {dag.py:4180} INFO - Setting next_dagrun for example_external_task_marker_parent to None, run_after=None
[2025-01-30T02:49:50.754+0800] {processor.py:208} INFO - Processing /home/anhtupham99/miniforge3/envs/nba/lib/python3.11/site-packages/airflow/example_dags/example_external_task_marker_dag.py took 0.076 seconds
[2025-01-30T02:50:45.512+0800] {processor.py:186} INFO - Started process (PID=20004) to work on /home/anhtupham99/miniforge3/envs/nba/lib/python3.11/site-packages/airflow/example_dags/example_external_task_marker_dag.py
[2025-01-30T02:50:45.515+0800] {processor.py:914} INFO - Processing file /home/anhtupham99/miniforge3/envs/nba/lib/python3.11/site-packages/airflow/example_dags/example_external_task_marker_dag.py for tasks to queue
[2025-01-30T02:50:45.518+0800] {logging_mixin.py:190} INFO - [2025-01-30T02:50:45.517+0800] {dagbag.py:588} INFO - Filling up the DagBag from /home/anhtupham99/miniforge3/envs/nba/lib/python3.11/site-packages/airflow/example_dags/example_external_task_marker_dag.py
[2025-01-30T02:50:45.532+0800] {processor.py:925} INFO - DAG(s) 'example_external_task_marker_child', 'example_external_task_marker_parent' retrieved from /home/anhtupham99/miniforge3/envs/nba/lib/python3.11/site-packages/airflow/example_dags/example_external_task_marker_dag.py
[2025-01-30T02:50:45.557+0800] {logging_mixin.py:190} INFO - [2025-01-30T02:50:45.557+0800] {dag.py:3239} INFO - Sync 2 DAGs
[2025-01-30T02:50:45.572+0800] {logging_mixin.py:190} INFO - [2025-01-30T02:50:45.572+0800] {dag.py:4180} INFO - Setting next_dagrun for example_external_task_marker_child to None, run_after=None
[2025-01-30T02:50:45.574+0800] {logging_mixin.py:190} INFO - [2025-01-30T02:50:45.574+0800] {dag.py:4180} INFO - Setting next_dagrun for example_external_task_marker_parent to None, run_after=None
[2025-01-30T02:50:45.599+0800] {processor.py:208} INFO - Processing /home/anhtupham99/miniforge3/envs/nba/lib/python3.11/site-packages/airflow/example_dags/example_external_task_marker_dag.py took 0.098 seconds
[2025-01-30T02:51:40.838+0800] {processor.py:186} INFO - Started process (PID=20306) to work on /home/anhtupham99/miniforge3/envs/nba/lib/python3.11/site-packages/airflow/example_dags/example_external_task_marker_dag.py
[2025-01-30T02:51:40.843+0800] {processor.py:914} INFO - Processing file /home/anhtupham99/miniforge3/envs/nba/lib/python3.11/site-packages/airflow/example_dags/example_external_task_marker_dag.py for tasks to queue
[2025-01-30T02:51:40.848+0800] {logging_mixin.py:190} INFO - [2025-01-30T02:51:40.847+0800] {dagbag.py:588} INFO - Filling up the DagBag from /home/anhtupham99/miniforge3/envs/nba/lib/python3.11/site-packages/airflow/example_dags/example_external_task_marker_dag.py
[2025-01-30T02:51:40.863+0800] {processor.py:925} INFO - DAG(s) 'example_external_task_marker_child', 'example_external_task_marker_parent' retrieved from /home/anhtupham99/miniforge3/envs/nba/lib/python3.11/site-packages/airflow/example_dags/example_external_task_marker_dag.py
[2025-01-30T02:51:40.874+0800] {logging_mixin.py:190} INFO - [2025-01-30T02:51:40.873+0800] {dag.py:3239} INFO - Sync 2 DAGs
[2025-01-30T02:51:40.881+0800] {logging_mixin.py:190} INFO - [2025-01-30T02:51:40.881+0800] {dag.py:4180} INFO - Setting next_dagrun for example_external_task_marker_child to None, run_after=None
[2025-01-30T02:51:40.883+0800] {logging_mixin.py:190} INFO - [2025-01-30T02:51:40.883+0800] {dag.py:4180} INFO - Setting next_dagrun for example_external_task_marker_parent to None, run_after=None
[2025-01-30T02:51:40.907+0800] {processor.py:208} INFO - Processing /home/anhtupham99/miniforge3/envs/nba/lib/python3.11/site-packages/airflow/example_dags/example_external_task_marker_dag.py took 0.081 seconds
[2025-01-30T02:52:33.314+0800] {processor.py:186} INFO - Started process (PID=20596) to work on /home/anhtupham99/miniforge3/envs/nba/lib/python3.11/site-packages/airflow/example_dags/example_external_task_marker_dag.py
[2025-01-30T02:52:33.317+0800] {processor.py:914} INFO - Processing file /home/anhtupham99/miniforge3/envs/nba/lib/python3.11/site-packages/airflow/example_dags/example_external_task_marker_dag.py for tasks to queue
[2025-01-30T02:52:33.323+0800] {logging_mixin.py:190} INFO - [2025-01-30T02:52:33.322+0800] {dagbag.py:588} INFO - Filling up the DagBag from /home/anhtupham99/miniforge3/envs/nba/lib/python3.11/site-packages/airflow/example_dags/example_external_task_marker_dag.py
[2025-01-30T02:52:33.343+0800] {processor.py:925} INFO - DAG(s) 'example_external_task_marker_parent', 'example_external_task_marker_child' retrieved from /home/anhtupham99/miniforge3/envs/nba/lib/python3.11/site-packages/airflow/example_dags/example_external_task_marker_dag.py
[2025-01-30T02:52:33.366+0800] {logging_mixin.py:190} INFO - [2025-01-30T02:52:33.365+0800] {dag.py:3239} INFO - Sync 2 DAGs
[2025-01-30T02:52:33.377+0800] {logging_mixin.py:190} INFO - [2025-01-30T02:52:33.377+0800] {dag.py:4180} INFO - Setting next_dagrun for example_external_task_marker_child to None, run_after=None
[2025-01-30T02:52:33.379+0800] {logging_mixin.py:190} INFO - [2025-01-30T02:52:33.379+0800] {dag.py:4180} INFO - Setting next_dagrun for example_external_task_marker_parent to None, run_after=None
[2025-01-30T02:52:33.403+0800] {processor.py:208} INFO - Processing /home/anhtupham99/miniforge3/envs/nba/lib/python3.11/site-packages/airflow/example_dags/example_external_task_marker_dag.py took 0.100 seconds
[2025-01-30T02:53:26.462+0800] {processor.py:186} INFO - Started process (PID=20933) to work on /home/anhtupham99/miniforge3/envs/nba/lib/python3.11/site-packages/airflow/example_dags/example_external_task_marker_dag.py
[2025-01-30T02:53:26.463+0800] {processor.py:914} INFO - Processing file /home/anhtupham99/miniforge3/envs/nba/lib/python3.11/site-packages/airflow/example_dags/example_external_task_marker_dag.py for tasks to queue
[2025-01-30T02:53:26.465+0800] {logging_mixin.py:190} INFO - [2025-01-30T02:53:26.465+0800] {dagbag.py:588} INFO - Filling up the DagBag from /home/anhtupham99/miniforge3/envs/nba/lib/python3.11/site-packages/airflow/example_dags/example_external_task_marker_dag.py
[2025-01-30T02:53:26.471+0800] {processor.py:925} INFO - DAG(s) 'example_external_task_marker_child', 'example_external_task_marker_parent' retrieved from /home/anhtupham99/miniforge3/envs/nba/lib/python3.11/site-packages/airflow/example_dags/example_external_task_marker_dag.py
[2025-01-30T02:53:26.482+0800] {logging_mixin.py:190} INFO - [2025-01-30T02:53:26.482+0800] {dag.py:3239} INFO - Sync 2 DAGs
[2025-01-30T02:53:26.490+0800] {logging_mixin.py:190} INFO - [2025-01-30T02:53:26.490+0800] {dag.py:4180} INFO - Setting next_dagrun for example_external_task_marker_child to None, run_after=None
[2025-01-30T02:53:26.492+0800] {logging_mixin.py:190} INFO - [2025-01-30T02:53:26.492+0800] {dag.py:4180} INFO - Setting next_dagrun for example_external_task_marker_parent to None, run_after=None
[2025-01-30T02:53:26.514+0800] {processor.py:208} INFO - Processing /home/anhtupham99/miniforge3/envs/nba/lib/python3.11/site-packages/airflow/example_dags/example_external_task_marker_dag.py took 0.056 seconds
[2025-01-30T02:54:18.714+0800] {processor.py:186} INFO - Started process (PID=21225) to work on /home/anhtupham99/miniforge3/envs/nba/lib/python3.11/site-packages/airflow/example_dags/example_external_task_marker_dag.py
[2025-01-30T02:54:18.715+0800] {processor.py:914} INFO - Processing file /home/anhtupham99/miniforge3/envs/nba/lib/python3.11/site-packages/airflow/example_dags/example_external_task_marker_dag.py for tasks to queue
[2025-01-30T02:54:18.717+0800] {logging_mixin.py:190} INFO - [2025-01-30T02:54:18.716+0800] {dagbag.py:588} INFO - Filling up the DagBag from /home/anhtupham99/miniforge3/envs/nba/lib/python3.11/site-packages/airflow/example_dags/example_external_task_marker_dag.py
[2025-01-30T02:54:18.723+0800] {processor.py:925} INFO - DAG(s) 'example_external_task_marker_parent', 'example_external_task_marker_child' retrieved from /home/anhtupham99/miniforge3/envs/nba/lib/python3.11/site-packages/airflow/example_dags/example_external_task_marker_dag.py
[2025-01-30T02:54:18.734+0800] {logging_mixin.py:190} INFO - [2025-01-30T02:54:18.734+0800] {dag.py:3239} INFO - Sync 2 DAGs
[2025-01-30T02:54:18.742+0800] {logging_mixin.py:190} INFO - [2025-01-30T02:54:18.742+0800] {dag.py:4180} INFO - Setting next_dagrun for example_external_task_marker_child to None, run_after=None
[2025-01-30T02:54:18.744+0800] {logging_mixin.py:190} INFO - [2025-01-30T02:54:18.744+0800] {dag.py:4180} INFO - Setting next_dagrun for example_external_task_marker_parent to None, run_after=None
[2025-01-30T02:54:18.768+0800] {processor.py:208} INFO - Processing /home/anhtupham99/miniforge3/envs/nba/lib/python3.11/site-packages/airflow/example_dags/example_external_task_marker_dag.py took 0.058 seconds
[2025-01-30T02:55:05.023+0800] {processor.py:186} INFO - Started process (PID=21492) to work on /home/anhtupham99/miniforge3/envs/nba/lib/python3.11/site-packages/airflow/example_dags/example_external_task_marker_dag.py
[2025-01-30T02:55:05.025+0800] {processor.py:914} INFO - Processing file /home/anhtupham99/miniforge3/envs/nba/lib/python3.11/site-packages/airflow/example_dags/example_external_task_marker_dag.py for tasks to queue
[2025-01-30T02:55:05.027+0800] {logging_mixin.py:190} INFO - [2025-01-30T02:55:05.026+0800] {dagbag.py:588} INFO - Filling up the DagBag from /home/anhtupham99/miniforge3/envs/nba/lib/python3.11/site-packages/airflow/example_dags/example_external_task_marker_dag.py
[2025-01-30T02:55:05.033+0800] {processor.py:925} INFO - DAG(s) 'example_external_task_marker_parent', 'example_external_task_marker_child' retrieved from /home/anhtupham99/miniforge3/envs/nba/lib/python3.11/site-packages/airflow/example_dags/example_external_task_marker_dag.py
[2025-01-30T02:55:05.044+0800] {logging_mixin.py:190} INFO - [2025-01-30T02:55:05.044+0800] {dag.py:3239} INFO - Sync 2 DAGs
[2025-01-30T02:55:05.052+0800] {logging_mixin.py:190} INFO - [2025-01-30T02:55:05.052+0800] {dag.py:4180} INFO - Setting next_dagrun for example_external_task_marker_child to None, run_after=None
[2025-01-30T02:55:05.054+0800] {logging_mixin.py:190} INFO - [2025-01-30T02:55:05.054+0800] {dag.py:4180} INFO - Setting next_dagrun for example_external_task_marker_parent to None, run_after=None
[2025-01-30T02:55:05.076+0800] {processor.py:208} INFO - Processing /home/anhtupham99/miniforge3/envs/nba/lib/python3.11/site-packages/airflow/example_dags/example_external_task_marker_dag.py took 0.057 seconds
[2025-01-30T02:55:55.470+0800] {processor.py:186} INFO - Started process (PID=21793) to work on /home/anhtupham99/miniforge3/envs/nba/lib/python3.11/site-packages/airflow/example_dags/example_external_task_marker_dag.py
[2025-01-30T02:55:55.471+0800] {processor.py:914} INFO - Processing file /home/anhtupham99/miniforge3/envs/nba/lib/python3.11/site-packages/airflow/example_dags/example_external_task_marker_dag.py for tasks to queue
[2025-01-30T02:55:55.472+0800] {logging_mixin.py:190} INFO - [2025-01-30T02:55:55.472+0800] {dagbag.py:588} INFO - Filling up the DagBag from /home/anhtupham99/miniforge3/envs/nba/lib/python3.11/site-packages/airflow/example_dags/example_external_task_marker_dag.py
[2025-01-30T02:55:55.478+0800] {processor.py:925} INFO - DAG(s) 'example_external_task_marker_parent', 'example_external_task_marker_child' retrieved from /home/anhtupham99/miniforge3/envs/nba/lib/python3.11/site-packages/airflow/example_dags/example_external_task_marker_dag.py
[2025-01-30T02:55:55.492+0800] {logging_mixin.py:190} INFO - [2025-01-30T02:55:55.492+0800] {dag.py:3239} INFO - Sync 2 DAGs
[2025-01-30T02:55:55.502+0800] {logging_mixin.py:190} INFO - [2025-01-30T02:55:55.502+0800] {dag.py:4180} INFO - Setting next_dagrun for example_external_task_marker_child to None, run_after=None
[2025-01-30T02:55:55.504+0800] {logging_mixin.py:190} INFO - [2025-01-30T02:55:55.504+0800] {dag.py:4180} INFO - Setting next_dagrun for example_external_task_marker_parent to None, run_after=None
[2025-01-30T02:55:55.525+0800] {processor.py:208} INFO - Processing /home/anhtupham99/miniforge3/envs/nba/lib/python3.11/site-packages/airflow/example_dags/example_external_task_marker_dag.py took 0.060 seconds
[2025-01-30T02:56:40.708+0800] {processor.py:186} INFO - Started process (PID=22057) to work on /home/anhtupham99/miniforge3/envs/nba/lib/python3.11/site-packages/airflow/example_dags/example_external_task_marker_dag.py
[2025-01-30T02:56:40.711+0800] {processor.py:914} INFO - Processing file /home/anhtupham99/miniforge3/envs/nba/lib/python3.11/site-packages/airflow/example_dags/example_external_task_marker_dag.py for tasks to queue
[2025-01-30T02:56:40.713+0800] {logging_mixin.py:190} INFO - [2025-01-30T02:56:40.712+0800] {dagbag.py:588} INFO - Filling up the DagBag from /home/anhtupham99/miniforge3/envs/nba/lib/python3.11/site-packages/airflow/example_dags/example_external_task_marker_dag.py
[2025-01-30T02:56:40.719+0800] {processor.py:925} INFO - DAG(s) 'example_external_task_marker_parent', 'example_external_task_marker_child' retrieved from /home/anhtupham99/miniforge3/envs/nba/lib/python3.11/site-packages/airflow/example_dags/example_external_task_marker_dag.py
[2025-01-30T02:56:40.732+0800] {logging_mixin.py:190} INFO - [2025-01-30T02:56:40.731+0800] {dag.py:3239} INFO - Sync 2 DAGs
[2025-01-30T02:56:40.740+0800] {logging_mixin.py:190} INFO - [2025-01-30T02:56:40.740+0800] {dag.py:4180} INFO - Setting next_dagrun for example_external_task_marker_child to None, run_after=None
[2025-01-30T02:56:40.742+0800] {logging_mixin.py:190} INFO - [2025-01-30T02:56:40.742+0800] {dag.py:4180} INFO - Setting next_dagrun for example_external_task_marker_parent to None, run_after=None
[2025-01-30T02:56:40.762+0800] {processor.py:208} INFO - Processing /home/anhtupham99/miniforge3/envs/nba/lib/python3.11/site-packages/airflow/example_dags/example_external_task_marker_dag.py took 0.059 seconds
[2025-01-30T02:57:28.987+0800] {processor.py:186} INFO - Started process (PID=22379) to work on /home/anhtupham99/miniforge3/envs/nba/lib/python3.11/site-packages/airflow/example_dags/example_external_task_marker_dag.py
[2025-01-30T02:57:28.988+0800] {processor.py:914} INFO - Processing file /home/anhtupham99/miniforge3/envs/nba/lib/python3.11/site-packages/airflow/example_dags/example_external_task_marker_dag.py for tasks to queue
[2025-01-30T02:57:28.990+0800] {logging_mixin.py:190} INFO - [2025-01-30T02:57:28.990+0800] {dagbag.py:588} INFO - Filling up the DagBag from /home/anhtupham99/miniforge3/envs/nba/lib/python3.11/site-packages/airflow/example_dags/example_external_task_marker_dag.py
[2025-01-30T02:57:28.997+0800] {processor.py:925} INFO - DAG(s) 'example_external_task_marker_parent', 'example_external_task_marker_child' retrieved from /home/anhtupham99/miniforge3/envs/nba/lib/python3.11/site-packages/airflow/example_dags/example_external_task_marker_dag.py
[2025-01-30T02:57:29.011+0800] {logging_mixin.py:190} INFO - [2025-01-30T02:57:29.011+0800] {dag.py:3239} INFO - Sync 2 DAGs
[2025-01-30T02:57:29.020+0800] {logging_mixin.py:190} INFO - [2025-01-30T02:57:29.020+0800] {dag.py:4180} INFO - Setting next_dagrun for example_external_task_marker_child to None, run_after=None
[2025-01-30T02:57:29.023+0800] {logging_mixin.py:190} INFO - [2025-01-30T02:57:29.022+0800] {dag.py:4180} INFO - Setting next_dagrun for example_external_task_marker_parent to None, run_after=None
[2025-01-30T02:57:29.050+0800] {processor.py:208} INFO - Processing /home/anhtupham99/miniforge3/envs/nba/lib/python3.11/site-packages/airflow/example_dags/example_external_task_marker_dag.py took 0.067 seconds
[2025-01-30T02:58:16.024+0800] {processor.py:186} INFO - Started process (PID=22658) to work on /home/anhtupham99/miniforge3/envs/nba/lib/python3.11/site-packages/airflow/example_dags/example_external_task_marker_dag.py
[2025-01-30T02:58:16.026+0800] {processor.py:914} INFO - Processing file /home/anhtupham99/miniforge3/envs/nba/lib/python3.11/site-packages/airflow/example_dags/example_external_task_marker_dag.py for tasks to queue
[2025-01-30T02:58:16.027+0800] {logging_mixin.py:190} INFO - [2025-01-30T02:58:16.027+0800] {dagbag.py:588} INFO - Filling up the DagBag from /home/anhtupham99/miniforge3/envs/nba/lib/python3.11/site-packages/airflow/example_dags/example_external_task_marker_dag.py
[2025-01-30T02:58:16.033+0800] {processor.py:925} INFO - DAG(s) 'example_external_task_marker_parent', 'example_external_task_marker_child' retrieved from /home/anhtupham99/miniforge3/envs/nba/lib/python3.11/site-packages/airflow/example_dags/example_external_task_marker_dag.py
[2025-01-30T02:58:16.045+0800] {logging_mixin.py:190} INFO - [2025-01-30T02:58:16.045+0800] {dag.py:3239} INFO - Sync 2 DAGs
[2025-01-30T02:58:16.054+0800] {logging_mixin.py:190} INFO - [2025-01-30T02:58:16.054+0800] {dag.py:4180} INFO - Setting next_dagrun for example_external_task_marker_child to None, run_after=None
[2025-01-30T02:58:16.056+0800] {logging_mixin.py:190} INFO - [2025-01-30T02:58:16.056+0800] {dag.py:4180} INFO - Setting next_dagrun for example_external_task_marker_parent to None, run_after=None
[2025-01-30T02:58:16.077+0800] {processor.py:208} INFO - Processing /home/anhtupham99/miniforge3/envs/nba/lib/python3.11/site-packages/airflow/example_dags/example_external_task_marker_dag.py took 0.056 seconds
[2025-01-30T02:59:07.694+0800] {processor.py:186} INFO - Started process (PID=22945) to work on /home/anhtupham99/miniforge3/envs/nba/lib/python3.11/site-packages/airflow/example_dags/example_external_task_marker_dag.py
[2025-01-30T02:59:07.695+0800] {processor.py:914} INFO - Processing file /home/anhtupham99/miniforge3/envs/nba/lib/python3.11/site-packages/airflow/example_dags/example_external_task_marker_dag.py for tasks to queue
[2025-01-30T02:59:07.697+0800] {logging_mixin.py:190} INFO - [2025-01-30T02:59:07.696+0800] {dagbag.py:588} INFO - Filling up the DagBag from /home/anhtupham99/miniforge3/envs/nba/lib/python3.11/site-packages/airflow/example_dags/example_external_task_marker_dag.py
[2025-01-30T02:59:07.703+0800] {processor.py:925} INFO - DAG(s) 'example_external_task_marker_child', 'example_external_task_marker_parent' retrieved from /home/anhtupham99/miniforge3/envs/nba/lib/python3.11/site-packages/airflow/example_dags/example_external_task_marker_dag.py
[2025-01-30T02:59:07.715+0800] {logging_mixin.py:190} INFO - [2025-01-30T02:59:07.715+0800] {dag.py:3239} INFO - Sync 2 DAGs
[2025-01-30T02:59:07.724+0800] {logging_mixin.py:190} INFO - [2025-01-30T02:59:07.724+0800] {dag.py:4180} INFO - Setting next_dagrun for example_external_task_marker_child to None, run_after=None
[2025-01-30T02:59:07.726+0800] {logging_mixin.py:190} INFO - [2025-01-30T02:59:07.726+0800] {dag.py:4180} INFO - Setting next_dagrun for example_external_task_marker_parent to None, run_after=None
[2025-01-30T02:59:07.747+0800] {processor.py:208} INFO - Processing /home/anhtupham99/miniforge3/envs/nba/lib/python3.11/site-packages/airflow/example_dags/example_external_task_marker_dag.py took 0.058 seconds
[2025-01-30T02:59:57.744+0800] {processor.py:186} INFO - Started process (PID=23232) to work on /home/anhtupham99/miniforge3/envs/nba/lib/python3.11/site-packages/airflow/example_dags/example_external_task_marker_dag.py
[2025-01-30T02:59:57.745+0800] {processor.py:914} INFO - Processing file /home/anhtupham99/miniforge3/envs/nba/lib/python3.11/site-packages/airflow/example_dags/example_external_task_marker_dag.py for tasks to queue
[2025-01-30T02:59:57.747+0800] {logging_mixin.py:190} INFO - [2025-01-30T02:59:57.747+0800] {dagbag.py:588} INFO - Filling up the DagBag from /home/anhtupham99/miniforge3/envs/nba/lib/python3.11/site-packages/airflow/example_dags/example_external_task_marker_dag.py
[2025-01-30T02:59:57.753+0800] {processor.py:925} INFO - DAG(s) 'example_external_task_marker_parent', 'example_external_task_marker_child' retrieved from /home/anhtupham99/miniforge3/envs/nba/lib/python3.11/site-packages/airflow/example_dags/example_external_task_marker_dag.py
[2025-01-30T02:59:57.765+0800] {logging_mixin.py:190} INFO - [2025-01-30T02:59:57.764+0800] {dag.py:3239} INFO - Sync 2 DAGs
[2025-01-30T02:59:57.773+0800] {logging_mixin.py:190} INFO - [2025-01-30T02:59:57.772+0800] {dag.py:4180} INFO - Setting next_dagrun for example_external_task_marker_child to None, run_after=None
[2025-01-30T02:59:57.774+0800] {logging_mixin.py:190} INFO - [2025-01-30T02:59:57.774+0800] {dag.py:4180} INFO - Setting next_dagrun for example_external_task_marker_parent to None, run_after=None
[2025-01-30T02:59:57.794+0800] {processor.py:208} INFO - Processing /home/anhtupham99/miniforge3/envs/nba/lib/python3.11/site-packages/airflow/example_dags/example_external_task_marker_dag.py took 0.054 seconds
[2025-01-30T03:00:48.773+0800] {processor.py:186} INFO - Started process (PID=23543) to work on /home/anhtupham99/miniforge3/envs/nba/lib/python3.11/site-packages/airflow/example_dags/example_external_task_marker_dag.py
[2025-01-30T03:00:48.775+0800] {processor.py:914} INFO - Processing file /home/anhtupham99/miniforge3/envs/nba/lib/python3.11/site-packages/airflow/example_dags/example_external_task_marker_dag.py for tasks to queue
[2025-01-30T03:00:48.776+0800] {logging_mixin.py:190} INFO - [2025-01-30T03:00:48.776+0800] {dagbag.py:588} INFO - Filling up the DagBag from /home/anhtupham99/miniforge3/envs/nba/lib/python3.11/site-packages/airflow/example_dags/example_external_task_marker_dag.py
[2025-01-30T03:00:48.782+0800] {processor.py:925} INFO - DAG(s) 'example_external_task_marker_child', 'example_external_task_marker_parent' retrieved from /home/anhtupham99/miniforge3/envs/nba/lib/python3.11/site-packages/airflow/example_dags/example_external_task_marker_dag.py
[2025-01-30T03:00:48.793+0800] {logging_mixin.py:190} INFO - [2025-01-30T03:00:48.793+0800] {dag.py:3239} INFO - Sync 2 DAGs
[2025-01-30T03:00:48.801+0800] {logging_mixin.py:190} INFO - [2025-01-30T03:00:48.801+0800] {dag.py:4180} INFO - Setting next_dagrun for example_external_task_marker_child to None, run_after=None
[2025-01-30T03:00:48.803+0800] {logging_mixin.py:190} INFO - [2025-01-30T03:00:48.803+0800] {dag.py:4180} INFO - Setting next_dagrun for example_external_task_marker_parent to None, run_after=None
[2025-01-30T03:00:48.821+0800] {processor.py:208} INFO - Processing /home/anhtupham99/miniforge3/envs/nba/lib/python3.11/site-packages/airflow/example_dags/example_external_task_marker_dag.py took 0.052 seconds
[2025-01-30T03:01:35.352+0800] {processor.py:186} INFO - Started process (PID=23808) to work on /home/anhtupham99/miniforge3/envs/nba/lib/python3.11/site-packages/airflow/example_dags/example_external_task_marker_dag.py
[2025-01-30T03:01:35.353+0800] {processor.py:914} INFO - Processing file /home/anhtupham99/miniforge3/envs/nba/lib/python3.11/site-packages/airflow/example_dags/example_external_task_marker_dag.py for tasks to queue
[2025-01-30T03:01:35.355+0800] {logging_mixin.py:190} INFO - [2025-01-30T03:01:35.355+0800] {dagbag.py:588} INFO - Filling up the DagBag from /home/anhtupham99/miniforge3/envs/nba/lib/python3.11/site-packages/airflow/example_dags/example_external_task_marker_dag.py
[2025-01-30T03:01:35.361+0800] {processor.py:925} INFO - DAG(s) 'example_external_task_marker_child', 'example_external_task_marker_parent' retrieved from /home/anhtupham99/miniforge3/envs/nba/lib/python3.11/site-packages/airflow/example_dags/example_external_task_marker_dag.py
[2025-01-30T03:01:35.373+0800] {logging_mixin.py:190} INFO - [2025-01-30T03:01:35.373+0800] {dag.py:3239} INFO - Sync 2 DAGs
[2025-01-30T03:01:35.381+0800] {logging_mixin.py:190} INFO - [2025-01-30T03:01:35.381+0800] {dag.py:4180} INFO - Setting next_dagrun for example_external_task_marker_child to None, run_after=None
[2025-01-30T03:01:35.383+0800] {logging_mixin.py:190} INFO - [2025-01-30T03:01:35.383+0800] {dag.py:4180} INFO - Setting next_dagrun for example_external_task_marker_parent to None, run_after=None
[2025-01-30T03:01:35.403+0800] {processor.py:208} INFO - Processing /home/anhtupham99/miniforge3/envs/nba/lib/python3.11/site-packages/airflow/example_dags/example_external_task_marker_dag.py took 0.055 seconds
[2025-01-30T03:02:22.204+0800] {processor.py:186} INFO - Started process (PID=24108) to work on /home/anhtupham99/miniforge3/envs/nba/lib/python3.11/site-packages/airflow/example_dags/example_external_task_marker_dag.py
[2025-01-30T03:02:22.205+0800] {processor.py:914} INFO - Processing file /home/anhtupham99/miniforge3/envs/nba/lib/python3.11/site-packages/airflow/example_dags/example_external_task_marker_dag.py for tasks to queue
[2025-01-30T03:02:22.208+0800] {logging_mixin.py:190} INFO - [2025-01-30T03:02:22.207+0800] {dagbag.py:588} INFO - Filling up the DagBag from /home/anhtupham99/miniforge3/envs/nba/lib/python3.11/site-packages/airflow/example_dags/example_external_task_marker_dag.py
[2025-01-30T03:02:22.215+0800] {processor.py:925} INFO - DAG(s) 'example_external_task_marker_parent', 'example_external_task_marker_child' retrieved from /home/anhtupham99/miniforge3/envs/nba/lib/python3.11/site-packages/airflow/example_dags/example_external_task_marker_dag.py
[2025-01-30T03:02:22.230+0800] {logging_mixin.py:190} INFO - [2025-01-30T03:02:22.230+0800] {dag.py:3239} INFO - Sync 2 DAGs
[2025-01-30T03:02:22.240+0800] {logging_mixin.py:190} INFO - [2025-01-30T03:02:22.240+0800] {dag.py:4180} INFO - Setting next_dagrun for example_external_task_marker_child to None, run_after=None
[2025-01-30T03:02:22.243+0800] {logging_mixin.py:190} INFO - [2025-01-30T03:02:22.243+0800] {dag.py:4180} INFO - Setting next_dagrun for example_external_task_marker_parent to None, run_after=None
[2025-01-30T03:02:22.269+0800] {processor.py:208} INFO - Processing /home/anhtupham99/miniforge3/envs/nba/lib/python3.11/site-packages/airflow/example_dags/example_external_task_marker_dag.py took 0.070 seconds
[2025-01-30T03:03:08.554+0800] {processor.py:186} INFO - Started process (PID=24377) to work on /home/anhtupham99/miniforge3/envs/nba/lib/python3.11/site-packages/airflow/example_dags/example_external_task_marker_dag.py
[2025-01-30T03:03:08.555+0800] {processor.py:914} INFO - Processing file /home/anhtupham99/miniforge3/envs/nba/lib/python3.11/site-packages/airflow/example_dags/example_external_task_marker_dag.py for tasks to queue
[2025-01-30T03:03:08.557+0800] {logging_mixin.py:190} INFO - [2025-01-30T03:03:08.557+0800] {dagbag.py:588} INFO - Filling up the DagBag from /home/anhtupham99/miniforge3/envs/nba/lib/python3.11/site-packages/airflow/example_dags/example_external_task_marker_dag.py
[2025-01-30T03:03:08.563+0800] {processor.py:925} INFO - DAG(s) 'example_external_task_marker_parent', 'example_external_task_marker_child' retrieved from /home/anhtupham99/miniforge3/envs/nba/lib/python3.11/site-packages/airflow/example_dags/example_external_task_marker_dag.py
[2025-01-30T03:03:08.576+0800] {logging_mixin.py:190} INFO - [2025-01-30T03:03:08.575+0800] {dag.py:3239} INFO - Sync 2 DAGs
[2025-01-30T03:03:08.584+0800] {logging_mixin.py:190} INFO - [2025-01-30T03:03:08.584+0800] {dag.py:4180} INFO - Setting next_dagrun for example_external_task_marker_child to None, run_after=None
[2025-01-30T03:03:08.586+0800] {logging_mixin.py:190} INFO - [2025-01-30T03:03:08.586+0800] {dag.py:4180} INFO - Setting next_dagrun for example_external_task_marker_parent to None, run_after=None
[2025-01-30T03:03:08.610+0800] {processor.py:208} INFO - Processing /home/anhtupham99/miniforge3/envs/nba/lib/python3.11/site-packages/airflow/example_dags/example_external_task_marker_dag.py took 0.060 seconds
[2025-01-30T03:03:57.565+0800] {processor.py:186} INFO - Started process (PID=24674) to work on /home/anhtupham99/miniforge3/envs/nba/lib/python3.11/site-packages/airflow/example_dags/example_external_task_marker_dag.py
[2025-01-30T03:03:57.568+0800] {processor.py:914} INFO - Processing file /home/anhtupham99/miniforge3/envs/nba/lib/python3.11/site-packages/airflow/example_dags/example_external_task_marker_dag.py for tasks to queue
[2025-01-30T03:03:57.570+0800] {logging_mixin.py:190} INFO - [2025-01-30T03:03:57.570+0800] {dagbag.py:588} INFO - Filling up the DagBag from /home/anhtupham99/miniforge3/envs/nba/lib/python3.11/site-packages/airflow/example_dags/example_external_task_marker_dag.py
[2025-01-30T03:03:57.576+0800] {processor.py:925} INFO - DAG(s) 'example_external_task_marker_parent', 'example_external_task_marker_child' retrieved from /home/anhtupham99/miniforge3/envs/nba/lib/python3.11/site-packages/airflow/example_dags/example_external_task_marker_dag.py
[2025-01-30T03:03:57.589+0800] {logging_mixin.py:190} INFO - [2025-01-30T03:03:57.589+0800] {dag.py:3239} INFO - Sync 2 DAGs
[2025-01-30T03:03:57.599+0800] {logging_mixin.py:190} INFO - [2025-01-30T03:03:57.598+0800] {dag.py:4180} INFO - Setting next_dagrun for example_external_task_marker_child to None, run_after=None
[2025-01-30T03:03:57.601+0800] {logging_mixin.py:190} INFO - [2025-01-30T03:03:57.601+0800] {dag.py:4180} INFO - Setting next_dagrun for example_external_task_marker_parent to None, run_after=None
[2025-01-30T03:03:57.621+0800] {processor.py:208} INFO - Processing /home/anhtupham99/miniforge3/envs/nba/lib/python3.11/site-packages/airflow/example_dags/example_external_task_marker_dag.py took 0.060 seconds
[2025-01-30T03:04:46.248+0800] {processor.py:186} INFO - Started process (PID=24959) to work on /home/anhtupham99/miniforge3/envs/nba/lib/python3.11/site-packages/airflow/example_dags/example_external_task_marker_dag.py
[2025-01-30T03:04:46.251+0800] {processor.py:914} INFO - Processing file /home/anhtupham99/miniforge3/envs/nba/lib/python3.11/site-packages/airflow/example_dags/example_external_task_marker_dag.py for tasks to queue
[2025-01-30T03:04:46.253+0800] {logging_mixin.py:190} INFO - [2025-01-30T03:04:46.253+0800] {dagbag.py:588} INFO - Filling up the DagBag from /home/anhtupham99/miniforge3/envs/nba/lib/python3.11/site-packages/airflow/example_dags/example_external_task_marker_dag.py
[2025-01-30T03:04:46.259+0800] {processor.py:925} INFO - DAG(s) 'example_external_task_marker_parent', 'example_external_task_marker_child' retrieved from /home/anhtupham99/miniforge3/envs/nba/lib/python3.11/site-packages/airflow/example_dags/example_external_task_marker_dag.py
[2025-01-30T03:04:46.270+0800] {logging_mixin.py:190} INFO - [2025-01-30T03:04:46.270+0800] {dag.py:3239} INFO - Sync 2 DAGs
[2025-01-30T03:04:46.278+0800] {logging_mixin.py:190} INFO - [2025-01-30T03:04:46.278+0800] {dag.py:4180} INFO - Setting next_dagrun for example_external_task_marker_child to None, run_after=None
[2025-01-30T03:04:46.280+0800] {logging_mixin.py:190} INFO - [2025-01-30T03:04:46.280+0800] {dag.py:4180} INFO - Setting next_dagrun for example_external_task_marker_parent to None, run_after=None
[2025-01-30T03:04:46.302+0800] {processor.py:208} INFO - Processing /home/anhtupham99/miniforge3/envs/nba/lib/python3.11/site-packages/airflow/example_dags/example_external_task_marker_dag.py took 0.059 seconds
[2025-01-30T03:05:37.977+0800] {processor.py:186} INFO - Started process (PID=25270) to work on /home/anhtupham99/miniforge3/envs/nba/lib/python3.11/site-packages/airflow/example_dags/example_external_task_marker_dag.py
[2025-01-30T03:05:37.981+0800] {processor.py:914} INFO - Processing file /home/anhtupham99/miniforge3/envs/nba/lib/python3.11/site-packages/airflow/example_dags/example_external_task_marker_dag.py for tasks to queue
[2025-01-30T03:05:37.983+0800] {logging_mixin.py:190} INFO - [2025-01-30T03:05:37.983+0800] {dagbag.py:588} INFO - Filling up the DagBag from /home/anhtupham99/miniforge3/envs/nba/lib/python3.11/site-packages/airflow/example_dags/example_external_task_marker_dag.py
[2025-01-30T03:05:37.989+0800] {processor.py:925} INFO - DAG(s) 'example_external_task_marker_parent', 'example_external_task_marker_child' retrieved from /home/anhtupham99/miniforge3/envs/nba/lib/python3.11/site-packages/airflow/example_dags/example_external_task_marker_dag.py
[2025-01-30T03:05:38.001+0800] {logging_mixin.py:190} INFO - [2025-01-30T03:05:38.001+0800] {dag.py:3239} INFO - Sync 2 DAGs
[2025-01-30T03:05:38.010+0800] {logging_mixin.py:190} INFO - [2025-01-30T03:05:38.009+0800] {dag.py:4180} INFO - Setting next_dagrun for example_external_task_marker_child to None, run_after=None
[2025-01-30T03:05:38.011+0800] {logging_mixin.py:190} INFO - [2025-01-30T03:05:38.011+0800] {dag.py:4180} INFO - Setting next_dagrun for example_external_task_marker_parent to None, run_after=None
[2025-01-30T03:05:38.034+0800] {processor.py:208} INFO - Processing /home/anhtupham99/miniforge3/envs/nba/lib/python3.11/site-packages/airflow/example_dags/example_external_task_marker_dag.py took 0.060 seconds
[2025-01-30T03:06:25.052+0800] {processor.py:186} INFO - Started process (PID=25528) to work on /home/anhtupham99/miniforge3/envs/nba/lib/python3.11/site-packages/airflow/example_dags/example_external_task_marker_dag.py
[2025-01-30T03:06:25.056+0800] {processor.py:914} INFO - Processing file /home/anhtupham99/miniforge3/envs/nba/lib/python3.11/site-packages/airflow/example_dags/example_external_task_marker_dag.py for tasks to queue
[2025-01-30T03:06:25.057+0800] {logging_mixin.py:190} INFO - [2025-01-30T03:06:25.057+0800] {dagbag.py:588} INFO - Filling up the DagBag from /home/anhtupham99/miniforge3/envs/nba/lib/python3.11/site-packages/airflow/example_dags/example_external_task_marker_dag.py
[2025-01-30T03:06:25.063+0800] {processor.py:925} INFO - DAG(s) 'example_external_task_marker_parent', 'example_external_task_marker_child' retrieved from /home/anhtupham99/miniforge3/envs/nba/lib/python3.11/site-packages/airflow/example_dags/example_external_task_marker_dag.py
[2025-01-30T03:06:25.076+0800] {logging_mixin.py:190} INFO - [2025-01-30T03:06:25.075+0800] {dag.py:3239} INFO - Sync 2 DAGs
[2025-01-30T03:06:25.084+0800] {logging_mixin.py:190} INFO - [2025-01-30T03:06:25.083+0800] {dag.py:4180} INFO - Setting next_dagrun for example_external_task_marker_child to None, run_after=None
[2025-01-30T03:06:25.085+0800] {logging_mixin.py:190} INFO - [2025-01-30T03:06:25.085+0800] {dag.py:4180} INFO - Setting next_dagrun for example_external_task_marker_parent to None, run_after=None
[2025-01-30T03:06:25.106+0800] {processor.py:208} INFO - Processing /home/anhtupham99/miniforge3/envs/nba/lib/python3.11/site-packages/airflow/example_dags/example_external_task_marker_dag.py took 0.059 seconds
[2025-01-30T03:07:16.634+0800] {processor.py:186} INFO - Started process (PID=25868) to work on /home/anhtupham99/miniforge3/envs/nba/lib/python3.11/site-packages/airflow/example_dags/example_external_task_marker_dag.py
[2025-01-30T03:07:16.636+0800] {processor.py:914} INFO - Processing file /home/anhtupham99/miniforge3/envs/nba/lib/python3.11/site-packages/airflow/example_dags/example_external_task_marker_dag.py for tasks to queue
[2025-01-30T03:07:16.637+0800] {logging_mixin.py:190} INFO - [2025-01-30T03:07:16.637+0800] {dagbag.py:588} INFO - Filling up the DagBag from /home/anhtupham99/miniforge3/envs/nba/lib/python3.11/site-packages/airflow/example_dags/example_external_task_marker_dag.py
[2025-01-30T03:07:16.644+0800] {processor.py:925} INFO - DAG(s) 'example_external_task_marker_child', 'example_external_task_marker_parent' retrieved from /home/anhtupham99/miniforge3/envs/nba/lib/python3.11/site-packages/airflow/example_dags/example_external_task_marker_dag.py
[2025-01-30T03:07:16.655+0800] {logging_mixin.py:190} INFO - [2025-01-30T03:07:16.655+0800] {dag.py:3239} INFO - Sync 2 DAGs
[2025-01-30T03:07:16.664+0800] {logging_mixin.py:190} INFO - [2025-01-30T03:07:16.664+0800] {dag.py:4180} INFO - Setting next_dagrun for example_external_task_marker_child to None, run_after=None
[2025-01-30T03:07:16.666+0800] {logging_mixin.py:190} INFO - [2025-01-30T03:07:16.666+0800] {dag.py:4180} INFO - Setting next_dagrun for example_external_task_marker_parent to None, run_after=None
[2025-01-30T03:07:16.687+0800] {processor.py:208} INFO - Processing /home/anhtupham99/miniforge3/envs/nba/lib/python3.11/site-packages/airflow/example_dags/example_external_task_marker_dag.py took 0.057 seconds
[2025-01-30T03:08:06.074+0800] {processor.py:186} INFO - Started process (PID=26146) to work on /home/anhtupham99/miniforge3/envs/nba/lib/python3.11/site-packages/airflow/example_dags/example_external_task_marker_dag.py
[2025-01-30T03:08:06.075+0800] {processor.py:914} INFO - Processing file /home/anhtupham99/miniforge3/envs/nba/lib/python3.11/site-packages/airflow/example_dags/example_external_task_marker_dag.py for tasks to queue
[2025-01-30T03:08:06.077+0800] {logging_mixin.py:190} INFO - [2025-01-30T03:08:06.077+0800] {dagbag.py:588} INFO - Filling up the DagBag from /home/anhtupham99/miniforge3/envs/nba/lib/python3.11/site-packages/airflow/example_dags/example_external_task_marker_dag.py
[2025-01-30T03:08:06.084+0800] {processor.py:925} INFO - DAG(s) 'example_external_task_marker_child', 'example_external_task_marker_parent' retrieved from /home/anhtupham99/miniforge3/envs/nba/lib/python3.11/site-packages/airflow/example_dags/example_external_task_marker_dag.py
[2025-01-30T03:08:06.096+0800] {logging_mixin.py:190} INFO - [2025-01-30T03:08:06.096+0800] {dag.py:3239} INFO - Sync 2 DAGs
[2025-01-30T03:08:06.105+0800] {logging_mixin.py:190} INFO - [2025-01-30T03:08:06.105+0800] {dag.py:4180} INFO - Setting next_dagrun for example_external_task_marker_child to None, run_after=None
[2025-01-30T03:08:06.108+0800] {logging_mixin.py:190} INFO - [2025-01-30T03:08:06.107+0800] {dag.py:4180} INFO - Setting next_dagrun for example_external_task_marker_parent to None, run_after=None
[2025-01-30T03:08:06.129+0800] {processor.py:208} INFO - Processing /home/anhtupham99/miniforge3/envs/nba/lib/python3.11/site-packages/airflow/example_dags/example_external_task_marker_dag.py took 0.059 seconds
[2025-01-30T03:08:53.415+0800] {processor.py:186} INFO - Started process (PID=26412) to work on /home/anhtupham99/miniforge3/envs/nba/lib/python3.11/site-packages/airflow/example_dags/example_external_task_marker_dag.py
[2025-01-30T03:08:53.416+0800] {processor.py:914} INFO - Processing file /home/anhtupham99/miniforge3/envs/nba/lib/python3.11/site-packages/airflow/example_dags/example_external_task_marker_dag.py for tasks to queue
[2025-01-30T03:08:53.418+0800] {logging_mixin.py:190} INFO - [2025-01-30T03:08:53.418+0800] {dagbag.py:588} INFO - Filling up the DagBag from /home/anhtupham99/miniforge3/envs/nba/lib/python3.11/site-packages/airflow/example_dags/example_external_task_marker_dag.py
[2025-01-30T03:08:53.424+0800] {processor.py:925} INFO - DAG(s) 'example_external_task_marker_parent', 'example_external_task_marker_child' retrieved from /home/anhtupham99/miniforge3/envs/nba/lib/python3.11/site-packages/airflow/example_dags/example_external_task_marker_dag.py
[2025-01-30T03:08:53.437+0800] {logging_mixin.py:190} INFO - [2025-01-30T03:08:53.437+0800] {dag.py:3239} INFO - Sync 2 DAGs
[2025-01-30T03:08:53.447+0800] {logging_mixin.py:190} INFO - [2025-01-30T03:08:53.447+0800] {dag.py:4180} INFO - Setting next_dagrun for example_external_task_marker_child to None, run_after=None
[2025-01-30T03:08:53.449+0800] {logging_mixin.py:190} INFO - [2025-01-30T03:08:53.449+0800] {dag.py:4180} INFO - Setting next_dagrun for example_external_task_marker_parent to None, run_after=None
[2025-01-30T03:08:53.470+0800] {processor.py:208} INFO - Processing /home/anhtupham99/miniforge3/envs/nba/lib/python3.11/site-packages/airflow/example_dags/example_external_task_marker_dag.py took 0.060 seconds
[2025-01-30T03:09:42.036+0800] {processor.py:186} INFO - Started process (PID=26708) to work on /home/anhtupham99/miniforge3/envs/nba/lib/python3.11/site-packages/airflow/example_dags/example_external_task_marker_dag.py
[2025-01-30T03:09:42.037+0800] {processor.py:914} INFO - Processing file /home/anhtupham99/miniforge3/envs/nba/lib/python3.11/site-packages/airflow/example_dags/example_external_task_marker_dag.py for tasks to queue
[2025-01-30T03:09:42.039+0800] {logging_mixin.py:190} INFO - [2025-01-30T03:09:42.039+0800] {dagbag.py:588} INFO - Filling up the DagBag from /home/anhtupham99/miniforge3/envs/nba/lib/python3.11/site-packages/airflow/example_dags/example_external_task_marker_dag.py
[2025-01-30T03:09:42.045+0800] {processor.py:925} INFO - DAG(s) 'example_external_task_marker_parent', 'example_external_task_marker_child' retrieved from /home/anhtupham99/miniforge3/envs/nba/lib/python3.11/site-packages/airflow/example_dags/example_external_task_marker_dag.py
[2025-01-30T03:09:42.057+0800] {logging_mixin.py:190} INFO - [2025-01-30T03:09:42.057+0800] {dag.py:3239} INFO - Sync 2 DAGs
[2025-01-30T03:09:42.066+0800] {logging_mixin.py:190} INFO - [2025-01-30T03:09:42.066+0800] {dag.py:4180} INFO - Setting next_dagrun for example_external_task_marker_child to None, run_after=None
[2025-01-30T03:09:42.068+0800] {logging_mixin.py:190} INFO - [2025-01-30T03:09:42.068+0800] {dag.py:4180} INFO - Setting next_dagrun for example_external_task_marker_parent to None, run_after=None
[2025-01-30T03:09:42.088+0800] {processor.py:208} INFO - Processing /home/anhtupham99/miniforge3/envs/nba/lib/python3.11/site-packages/airflow/example_dags/example_external_task_marker_dag.py took 0.056 seconds
[2025-01-30T06:11:38.053+0800] {processor.py:186} INFO - Started process (PID=26917) to work on /home/anhtupham99/miniforge3/envs/nba/lib/python3.11/site-packages/airflow/example_dags/example_external_task_marker_dag.py
[2025-01-30T06:11:38.058+0800] {processor.py:914} INFO - Processing file /home/anhtupham99/miniforge3/envs/nba/lib/python3.11/site-packages/airflow/example_dags/example_external_task_marker_dag.py for tasks to queue
[2025-01-30T06:11:38.061+0800] {logging_mixin.py:190} INFO - [2025-01-30T06:11:38.060+0800] {dagbag.py:588} INFO - Filling up the DagBag from /home/anhtupham99/miniforge3/envs/nba/lib/python3.11/site-packages/airflow/example_dags/example_external_task_marker_dag.py
[2025-01-30T06:11:38.071+0800] {processor.py:925} INFO - DAG(s) 'example_external_task_marker_child', 'example_external_task_marker_parent' retrieved from /home/anhtupham99/miniforge3/envs/nba/lib/python3.11/site-packages/airflow/example_dags/example_external_task_marker_dag.py
[2025-01-30T06:11:38.090+0800] {logging_mixin.py:190} INFO - [2025-01-30T06:11:38.089+0800] {dag.py:3239} INFO - Sync 2 DAGs
[2025-01-30T06:11:38.105+0800] {logging_mixin.py:190} INFO - [2025-01-30T06:11:38.105+0800] {dag.py:4180} INFO - Setting next_dagrun for example_external_task_marker_child to None, run_after=None
[2025-01-30T06:11:38.108+0800] {logging_mixin.py:190} INFO - [2025-01-30T06:11:38.108+0800] {dag.py:4180} INFO - Setting next_dagrun for example_external_task_marker_parent to None, run_after=None
[2025-01-30T06:11:38.145+0800] {processor.py:208} INFO - Processing /home/anhtupham99/miniforge3/envs/nba/lib/python3.11/site-packages/airflow/example_dags/example_external_task_marker_dag.py took 0.099 seconds
[2025-01-30T06:12:31.034+0800] {processor.py:186} INFO - Started process (PID=27216) to work on /home/anhtupham99/miniforge3/envs/nba/lib/python3.11/site-packages/airflow/example_dags/example_external_task_marker_dag.py
[2025-01-30T06:12:31.036+0800] {processor.py:914} INFO - Processing file /home/anhtupham99/miniforge3/envs/nba/lib/python3.11/site-packages/airflow/example_dags/example_external_task_marker_dag.py for tasks to queue
[2025-01-30T06:12:31.039+0800] {logging_mixin.py:190} INFO - [2025-01-30T06:12:31.038+0800] {dagbag.py:588} INFO - Filling up the DagBag from /home/anhtupham99/miniforge3/envs/nba/lib/python3.11/site-packages/airflow/example_dags/example_external_task_marker_dag.py
[2025-01-30T06:12:31.047+0800] {processor.py:925} INFO - DAG(s) 'example_external_task_marker_parent', 'example_external_task_marker_child' retrieved from /home/anhtupham99/miniforge3/envs/nba/lib/python3.11/site-packages/airflow/example_dags/example_external_task_marker_dag.py
[2025-01-30T06:12:31.062+0800] {logging_mixin.py:190} INFO - [2025-01-30T06:12:31.062+0800] {dag.py:3239} INFO - Sync 2 DAGs
[2025-01-30T06:12:31.073+0800] {logging_mixin.py:190} INFO - [2025-01-30T06:12:31.072+0800] {dag.py:4180} INFO - Setting next_dagrun for example_external_task_marker_child to None, run_after=None
[2025-01-30T06:12:31.078+0800] {logging_mixin.py:190} INFO - [2025-01-30T06:12:31.077+0800] {dag.py:4180} INFO - Setting next_dagrun for example_external_task_marker_parent to None, run_after=None
[2025-01-30T06:12:31.115+0800] {processor.py:208} INFO - Processing /home/anhtupham99/miniforge3/envs/nba/lib/python3.11/site-packages/airflow/example_dags/example_external_task_marker_dag.py took 0.086 seconds
[2025-01-30T06:13:19.609+0800] {processor.py:186} INFO - Started process (PID=27538) to work on /home/anhtupham99/miniforge3/envs/nba/lib/python3.11/site-packages/airflow/example_dags/example_external_task_marker_dag.py
[2025-01-30T06:13:19.613+0800] {processor.py:914} INFO - Processing file /home/anhtupham99/miniforge3/envs/nba/lib/python3.11/site-packages/airflow/example_dags/example_external_task_marker_dag.py for tasks to queue
[2025-01-30T06:13:19.615+0800] {logging_mixin.py:190} INFO - [2025-01-30T06:13:19.615+0800] {dagbag.py:588} INFO - Filling up the DagBag from /home/anhtupham99/miniforge3/envs/nba/lib/python3.11/site-packages/airflow/example_dags/example_external_task_marker_dag.py
[2025-01-30T06:13:19.621+0800] {processor.py:925} INFO - DAG(s) 'example_external_task_marker_parent', 'example_external_task_marker_child' retrieved from /home/anhtupham99/miniforge3/envs/nba/lib/python3.11/site-packages/airflow/example_dags/example_external_task_marker_dag.py
[2025-01-30T06:13:19.634+0800] {logging_mixin.py:190} INFO - [2025-01-30T06:13:19.633+0800] {dag.py:3239} INFO - Sync 2 DAGs
[2025-01-30T06:13:19.642+0800] {logging_mixin.py:190} INFO - [2025-01-30T06:13:19.642+0800] {dag.py:4180} INFO - Setting next_dagrun for example_external_task_marker_child to None, run_after=None
[2025-01-30T06:13:19.644+0800] {logging_mixin.py:190} INFO - [2025-01-30T06:13:19.644+0800] {dag.py:4180} INFO - Setting next_dagrun for example_external_task_marker_parent to None, run_after=None
[2025-01-30T06:13:19.667+0800] {processor.py:208} INFO - Processing /home/anhtupham99/miniforge3/envs/nba/lib/python3.11/site-packages/airflow/example_dags/example_external_task_marker_dag.py took 0.063 seconds
