[2025-01-30T02:34:54.191+0800] {processor.py:186} INFO - Started process (PID=14433) to work on /home/anhtupham99/miniforge3/envs/nba/lib/python3.11/site-packages/airflow/example_dags/example_subdag_operator.py
[2025-01-30T02:34:54.193+0800] {processor.py:914} INFO - Processing file /home/anhtupham99/miniforge3/envs/nba/lib/python3.11/site-packages/airflow/example_dags/example_subdag_operator.py for tasks to queue
[2025-01-30T02:34:54.199+0800] {logging_mixin.py:190} INFO - [2025-01-30T02:34:54.198+0800] {dagbag.py:588} INFO - Filling up the DagBag from /home/anhtupham99/miniforge3/envs/nba/lib/python3.11/site-packages/airflow/example_dags/example_subdag_operator.py
[2025-01-30T02:34:54.222+0800] {processor.py:925} INFO - DAG(s) 'example_subdag_operator.section-1', 'example_subdag_operator.section-2', 'example_subdag_operator' retrieved from /home/anhtupham99/miniforge3/envs/nba/lib/python3.11/site-packages/airflow/example_dags/example_subdag_operator.py
[2025-01-30T02:34:54.312+0800] {logging_mixin.py:190} INFO - [2025-01-30T02:34:54.312+0800] {override.py:1911} INFO - Created Permission View: can delete on DAG:example_subdag_operator
[2025-01-30T02:34:54.330+0800] {logging_mixin.py:190} INFO - [2025-01-30T02:34:54.329+0800] {override.py:1911} INFO - Created Permission View: can read on DAG:example_subdag_operator
[2025-01-30T02:34:54.346+0800] {logging_mixin.py:190} INFO - [2025-01-30T02:34:54.345+0800] {override.py:1911} INFO - Created Permission View: can edit on DAG:example_subdag_operator
[2025-01-30T02:34:54.377+0800] {logging_mixin.py:190} INFO - [2025-01-30T02:34:54.377+0800] {override.py:1911} INFO - Created Permission View: can delete on DAG Run:example_subdag_operator
[2025-01-30T02:34:54.393+0800] {logging_mixin.py:190} INFO - [2025-01-30T02:34:54.392+0800] {override.py:1911} INFO - Created Permission View: can create on DAG Run:example_subdag_operator
[2025-01-30T02:34:54.407+0800] {logging_mixin.py:190} INFO - [2025-01-30T02:34:54.407+0800] {override.py:1911} INFO - Created Permission View: menu access on DAG Run:example_subdag_operator
[2025-01-30T02:34:54.422+0800] {logging_mixin.py:190} INFO - [2025-01-30T02:34:54.422+0800] {override.py:1911} INFO - Created Permission View: can read on DAG Run:example_subdag_operator
[2025-01-30T02:34:54.422+0800] {logging_mixin.py:190} INFO - [2025-01-30T02:34:54.422+0800] {dag.py:3239} INFO - Sync 3 DAGs
[2025-01-30T02:34:54.432+0800] {logging_mixin.py:190} INFO - [2025-01-30T02:34:54.432+0800] {dag.py:3262} INFO - Creating ORM DAG for example_subdag_operator
[2025-01-30T02:34:54.432+0800] {logging_mixin.py:190} INFO - [2025-01-30T02:34:54.432+0800] {dag.py:3262} INFO - Creating ORM DAG for example_subdag_operator.section-2
[2025-01-30T02:34:54.433+0800] {logging_mixin.py:190} INFO - [2025-01-30T02:34:54.432+0800] {dag.py:3262} INFO - Creating ORM DAG for example_subdag_operator.section-1
[2025-01-30T02:34:54.443+0800] {logging_mixin.py:190} INFO - [2025-01-30T02:34:54.442+0800] {dag.py:4180} INFO - Setting next_dagrun for example_subdag_operator to 2022-01-01 00:00:00+00:00, run_after=2022-01-01 00:00:00+00:00
[2025-01-30T02:34:54.444+0800] {logging_mixin.py:190} INFO - [2025-01-30T02:34:54.444+0800] {dag.py:4180} INFO - Setting next_dagrun for example_subdag_operator.section-1 to None, run_after=None
[2025-01-30T02:34:54.445+0800] {logging_mixin.py:190} INFO - [2025-01-30T02:34:54.445+0800] {dag.py:4180} INFO - Setting next_dagrun for example_subdag_operator.section-2 to None, run_after=None
[2025-01-30T02:34:54.458+0800] {logging_mixin.py:190} INFO - [2025-01-30T02:34:54.458+0800] {dag.py:3239} INFO - Sync 2 DAGs
[2025-01-30T02:34:54.461+0800] {logging_mixin.py:190} INFO - [2025-01-30T02:34:54.461+0800] {dag.py:4180} INFO - Setting next_dagrun for example_subdag_operator.section-1 to None, run_after=None
[2025-01-30T02:34:54.463+0800] {logging_mixin.py:190} INFO - [2025-01-30T02:34:54.462+0800] {dag.py:4180} INFO - Setting next_dagrun for example_subdag_operator.section-2 to None, run_after=None
[2025-01-30T02:34:54.485+0800] {processor.py:208} INFO - Processing /home/anhtupham99/miniforge3/envs/nba/lib/python3.11/site-packages/airflow/example_dags/example_subdag_operator.py took 0.307 seconds
[2025-01-30T02:36:05.725+0800] {processor.py:186} INFO - Started process (PID=14859) to work on /home/anhtupham99/miniforge3/envs/nba/lib/python3.11/site-packages/airflow/example_dags/example_subdag_operator.py
[2025-01-30T02:36:05.728+0800] {processor.py:914} INFO - Processing file /home/anhtupham99/miniforge3/envs/nba/lib/python3.11/site-packages/airflow/example_dags/example_subdag_operator.py for tasks to queue
[2025-01-30T02:36:05.731+0800] {logging_mixin.py:190} INFO - [2025-01-30T02:36:05.731+0800] {dagbag.py:588} INFO - Filling up the DagBag from /home/anhtupham99/miniforge3/envs/nba/lib/python3.11/site-packages/airflow/example_dags/example_subdag_operator.py
[2025-01-30T02:36:05.754+0800] {processor.py:925} INFO - DAG(s) 'example_subdag_operator.section-1', 'example_subdag_operator.section-2', 'example_subdag_operator' retrieved from /home/anhtupham99/miniforge3/envs/nba/lib/python3.11/site-packages/airflow/example_dags/example_subdag_operator.py
[2025-01-30T02:36:05.765+0800] {logging_mixin.py:190} INFO - [2025-01-30T02:36:05.764+0800] {dag.py:3239} INFO - Sync 3 DAGs
[2025-01-30T02:36:05.778+0800] {logging_mixin.py:190} INFO - [2025-01-30T02:36:05.778+0800] {dag.py:4180} INFO - Setting next_dagrun for example_subdag_operator to 2022-01-01 00:00:00+00:00, run_after=2022-01-01 00:00:00+00:00
[2025-01-30T02:36:05.780+0800] {logging_mixin.py:190} INFO - [2025-01-30T02:36:05.780+0800] {dag.py:4180} INFO - Setting next_dagrun for example_subdag_operator.section-1 to None, run_after=None
[2025-01-30T02:36:05.781+0800] {logging_mixin.py:190} INFO - [2025-01-30T02:36:05.781+0800] {dag.py:4180} INFO - Setting next_dagrun for example_subdag_operator.section-2 to None, run_after=None
[2025-01-30T02:36:05.785+0800] {logging_mixin.py:190} INFO - [2025-01-30T02:36:05.785+0800] {dag.py:3239} INFO - Sync 2 DAGs
[2025-01-30T02:36:05.787+0800] {logging_mixin.py:190} INFO - [2025-01-30T02:36:05.787+0800] {dag.py:4180} INFO - Setting next_dagrun for example_subdag_operator.section-1 to None, run_after=None
[2025-01-30T02:36:05.787+0800] {logging_mixin.py:190} INFO - [2025-01-30T02:36:05.787+0800] {dag.py:4180} INFO - Setting next_dagrun for example_subdag_operator.section-2 to None, run_after=None
[2025-01-30T02:36:05.809+0800] {processor.py:208} INFO - Processing /home/anhtupham99/miniforge3/envs/nba/lib/python3.11/site-packages/airflow/example_dags/example_subdag_operator.py took 0.091 seconds
[2025-01-30T02:48:03.958+0800] {processor.py:186} INFO - Started process (PID=19006) to work on /home/anhtupham99/miniforge3/envs/nba/lib/python3.11/site-packages/airflow/example_dags/example_subdag_operator.py
[2025-01-30T02:48:03.960+0800] {processor.py:914} INFO - Processing file /home/anhtupham99/miniforge3/envs/nba/lib/python3.11/site-packages/airflow/example_dags/example_subdag_operator.py for tasks to queue
[2025-01-30T02:48:03.964+0800] {logging_mixin.py:190} INFO - [2025-01-30T02:48:03.963+0800] {dagbag.py:588} INFO - Filling up the DagBag from /home/anhtupham99/miniforge3/envs/nba/lib/python3.11/site-packages/airflow/example_dags/example_subdag_operator.py
[2025-01-30T02:48:03.988+0800] {processor.py:925} INFO - DAG(s) 'example_subdag_operator.section-1', 'example_subdag_operator.section-2', 'example_subdag_operator' retrieved from /home/anhtupham99/miniforge3/envs/nba/lib/python3.11/site-packages/airflow/example_dags/example_subdag_operator.py
[2025-01-30T02:48:04.006+0800] {logging_mixin.py:190} INFO - [2025-01-30T02:48:04.006+0800] {dag.py:3239} INFO - Sync 3 DAGs
[2025-01-30T02:48:04.028+0800] {logging_mixin.py:190} INFO - [2025-01-30T02:48:04.028+0800] {dag.py:4180} INFO - Setting next_dagrun for example_subdag_operator to 2022-01-01 00:00:00+00:00, run_after=2022-01-01 00:00:00+00:00
[2025-01-30T02:48:04.031+0800] {logging_mixin.py:190} INFO - [2025-01-30T02:48:04.031+0800] {dag.py:4180} INFO - Setting next_dagrun for example_subdag_operator.section-1 to None, run_after=None
[2025-01-30T02:48:04.032+0800] {logging_mixin.py:190} INFO - [2025-01-30T02:48:04.032+0800] {dag.py:4180} INFO - Setting next_dagrun for example_subdag_operator.section-2 to None, run_after=None
[2025-01-30T02:48:04.037+0800] {logging_mixin.py:190} INFO - [2025-01-30T02:48:04.036+0800] {dag.py:3239} INFO - Sync 2 DAGs
[2025-01-30T02:48:04.040+0800] {logging_mixin.py:190} INFO - [2025-01-30T02:48:04.040+0800] {dag.py:4180} INFO - Setting next_dagrun for example_subdag_operator.section-1 to None, run_after=None
[2025-01-30T02:48:04.040+0800] {logging_mixin.py:190} INFO - [2025-01-30T02:48:04.040+0800] {dag.py:4180} INFO - Setting next_dagrun for example_subdag_operator.section-2 to None, run_after=None
[2025-01-30T02:48:04.060+0800] {processor.py:208} INFO - Processing /home/anhtupham99/miniforge3/envs/nba/lib/python3.11/site-packages/airflow/example_dags/example_subdag_operator.py took 0.107 seconds
[2025-01-30T02:49:00.712+0800] {processor.py:186} INFO - Started process (PID=19377) to work on /home/anhtupham99/miniforge3/envs/nba/lib/python3.11/site-packages/airflow/example_dags/example_subdag_operator.py
[2025-01-30T02:49:00.717+0800] {processor.py:914} INFO - Processing file /home/anhtupham99/miniforge3/envs/nba/lib/python3.11/site-packages/airflow/example_dags/example_subdag_operator.py for tasks to queue
[2025-01-30T02:49:00.722+0800] {logging_mixin.py:190} INFO - [2025-01-30T02:49:00.721+0800] {dagbag.py:588} INFO - Filling up the DagBag from /home/anhtupham99/miniforge3/envs/nba/lib/python3.11/site-packages/airflow/example_dags/example_subdag_operator.py
[2025-01-30T02:49:00.757+0800] {processor.py:925} INFO - DAG(s) 'example_subdag_operator.section-1', 'example_subdag_operator.section-2', 'example_subdag_operator' retrieved from /home/anhtupham99/miniforge3/envs/nba/lib/python3.11/site-packages/airflow/example_dags/example_subdag_operator.py
[2025-01-30T02:49:00.767+0800] {logging_mixin.py:190} INFO - [2025-01-30T02:49:00.767+0800] {dag.py:3239} INFO - Sync 3 DAGs
[2025-01-30T02:49:00.781+0800] {logging_mixin.py:190} INFO - [2025-01-30T02:49:00.781+0800] {dag.py:4180} INFO - Setting next_dagrun for example_subdag_operator to 2022-01-01 00:00:00+00:00, run_after=2022-01-01 00:00:00+00:00
[2025-01-30T02:49:00.783+0800] {logging_mixin.py:190} INFO - [2025-01-30T02:49:00.783+0800] {dag.py:4180} INFO - Setting next_dagrun for example_subdag_operator.section-1 to None, run_after=None
[2025-01-30T02:49:00.784+0800] {logging_mixin.py:190} INFO - [2025-01-30T02:49:00.784+0800] {dag.py:4180} INFO - Setting next_dagrun for example_subdag_operator.section-2 to None, run_after=None
[2025-01-30T02:49:00.788+0800] {logging_mixin.py:190} INFO - [2025-01-30T02:49:00.788+0800] {dag.py:3239} INFO - Sync 2 DAGs
[2025-01-30T02:49:00.791+0800] {logging_mixin.py:190} INFO - [2025-01-30T02:49:00.790+0800] {dag.py:4180} INFO - Setting next_dagrun for example_subdag_operator.section-1 to None, run_after=None
[2025-01-30T02:49:00.791+0800] {logging_mixin.py:190} INFO - [2025-01-30T02:49:00.791+0800] {dag.py:4180} INFO - Setting next_dagrun for example_subdag_operator.section-2 to None, run_after=None
[2025-01-30T02:49:00.817+0800] {processor.py:208} INFO - Processing /home/anhtupham99/miniforge3/envs/nba/lib/python3.11/site-packages/airflow/example_dags/example_subdag_operator.py took 0.119 seconds
[2025-01-30T02:49:53.136+0800] {processor.py:186} INFO - Started process (PID=19702) to work on /home/anhtupham99/miniforge3/envs/nba/lib/python3.11/site-packages/airflow/example_dags/example_subdag_operator.py
[2025-01-30T02:49:53.138+0800] {processor.py:914} INFO - Processing file /home/anhtupham99/miniforge3/envs/nba/lib/python3.11/site-packages/airflow/example_dags/example_subdag_operator.py for tasks to queue
[2025-01-30T02:49:53.142+0800] {logging_mixin.py:190} INFO - [2025-01-30T02:49:53.141+0800] {dagbag.py:588} INFO - Filling up the DagBag from /home/anhtupham99/miniforge3/envs/nba/lib/python3.11/site-packages/airflow/example_dags/example_subdag_operator.py
[2025-01-30T02:49:53.169+0800] {processor.py:925} INFO - DAG(s) 'example_subdag_operator.section-1', 'example_subdag_operator.section-2', 'example_subdag_operator' retrieved from /home/anhtupham99/miniforge3/envs/nba/lib/python3.11/site-packages/airflow/example_dags/example_subdag_operator.py
[2025-01-30T02:49:53.179+0800] {logging_mixin.py:190} INFO - [2025-01-30T02:49:53.178+0800] {dag.py:3239} INFO - Sync 3 DAGs
[2025-01-30T02:49:53.190+0800] {logging_mixin.py:190} INFO - [2025-01-30T02:49:53.190+0800] {dag.py:4180} INFO - Setting next_dagrun for example_subdag_operator to 2022-01-01 00:00:00+00:00, run_after=2022-01-01 00:00:00+00:00
[2025-01-30T02:49:53.193+0800] {logging_mixin.py:190} INFO - [2025-01-30T02:49:53.193+0800] {dag.py:4180} INFO - Setting next_dagrun for example_subdag_operator.section-1 to None, run_after=None
[2025-01-30T02:49:53.193+0800] {logging_mixin.py:190} INFO - [2025-01-30T02:49:53.193+0800] {dag.py:4180} INFO - Setting next_dagrun for example_subdag_operator.section-2 to None, run_after=None
[2025-01-30T02:49:53.196+0800] {logging_mixin.py:190} INFO - [2025-01-30T02:49:53.196+0800] {dag.py:3239} INFO - Sync 2 DAGs
[2025-01-30T02:49:53.199+0800] {logging_mixin.py:190} INFO - [2025-01-30T02:49:53.199+0800] {dag.py:4180} INFO - Setting next_dagrun for example_subdag_operator.section-1 to None, run_after=None
[2025-01-30T02:49:53.199+0800] {logging_mixin.py:190} INFO - [2025-01-30T02:49:53.199+0800] {dag.py:4180} INFO - Setting next_dagrun for example_subdag_operator.section-2 to None, run_after=None
[2025-01-30T02:49:53.231+0800] {processor.py:208} INFO - Processing /home/anhtupham99/miniforge3/envs/nba/lib/python3.11/site-packages/airflow/example_dags/example_subdag_operator.py took 0.111 seconds
[2025-01-30T02:50:47.532+0800] {processor.py:186} INFO - Started process (PID=20014) to work on /home/anhtupham99/miniforge3/envs/nba/lib/python3.11/site-packages/airflow/example_dags/example_subdag_operator.py
[2025-01-30T02:50:47.536+0800] {processor.py:914} INFO - Processing file /home/anhtupham99/miniforge3/envs/nba/lib/python3.11/site-packages/airflow/example_dags/example_subdag_operator.py for tasks to queue
[2025-01-30T02:50:47.537+0800] {logging_mixin.py:190} INFO - [2025-01-30T02:50:47.537+0800] {dagbag.py:588} INFO - Filling up the DagBag from /home/anhtupham99/miniforge3/envs/nba/lib/python3.11/site-packages/airflow/example_dags/example_subdag_operator.py
[2025-01-30T02:50:47.552+0800] {processor.py:925} INFO - DAG(s) 'example_subdag_operator.section-1', 'example_subdag_operator.section-2', 'example_subdag_operator' retrieved from /home/anhtupham99/miniforge3/envs/nba/lib/python3.11/site-packages/airflow/example_dags/example_subdag_operator.py
[2025-01-30T02:50:47.560+0800] {logging_mixin.py:190} INFO - [2025-01-30T02:50:47.560+0800] {dag.py:3239} INFO - Sync 3 DAGs
[2025-01-30T02:50:47.573+0800] {logging_mixin.py:190} INFO - [2025-01-30T02:50:47.572+0800] {dag.py:4180} INFO - Setting next_dagrun for example_subdag_operator to 2022-01-01 00:00:00+00:00, run_after=2022-01-01 00:00:00+00:00
[2025-01-30T02:50:47.579+0800] {logging_mixin.py:190} INFO - [2025-01-30T02:50:47.579+0800] {dag.py:4180} INFO - Setting next_dagrun for example_subdag_operator.section-1 to None, run_after=None
[2025-01-30T02:50:47.581+0800] {logging_mixin.py:190} INFO - [2025-01-30T02:50:47.581+0800] {dag.py:4180} INFO - Setting next_dagrun for example_subdag_operator.section-2 to None, run_after=None
[2025-01-30T02:50:47.594+0800] {logging_mixin.py:190} INFO - [2025-01-30T02:50:47.593+0800] {dag.py:3239} INFO - Sync 2 DAGs
[2025-01-30T02:50:47.601+0800] {logging_mixin.py:190} INFO - [2025-01-30T02:50:47.601+0800] {dag.py:4180} INFO - Setting next_dagrun for example_subdag_operator.section-1 to None, run_after=None
[2025-01-30T02:50:47.602+0800] {logging_mixin.py:190} INFO - [2025-01-30T02:50:47.601+0800] {dag.py:4180} INFO - Setting next_dagrun for example_subdag_operator.section-2 to None, run_after=None
[2025-01-30T02:50:47.644+0800] {processor.py:208} INFO - Processing /home/anhtupham99/miniforge3/envs/nba/lib/python3.11/site-packages/airflow/example_dags/example_subdag_operator.py took 0.116 seconds
[2025-01-30T02:51:43.144+0800] {processor.py:186} INFO - Started process (PID=20318) to work on /home/anhtupham99/miniforge3/envs/nba/lib/python3.11/site-packages/airflow/example_dags/example_subdag_operator.py
[2025-01-30T02:51:43.149+0800] {processor.py:914} INFO - Processing file /home/anhtupham99/miniforge3/envs/nba/lib/python3.11/site-packages/airflow/example_dags/example_subdag_operator.py for tasks to queue
[2025-01-30T02:51:43.157+0800] {logging_mixin.py:190} INFO - [2025-01-30T02:51:43.156+0800] {dagbag.py:588} INFO - Filling up the DagBag from /home/anhtupham99/miniforge3/envs/nba/lib/python3.11/site-packages/airflow/example_dags/example_subdag_operator.py
[2025-01-30T02:51:43.195+0800] {processor.py:925} INFO - DAG(s) 'example_subdag_operator.section-1', 'example_subdag_operator.section-2', 'example_subdag_operator' retrieved from /home/anhtupham99/miniforge3/envs/nba/lib/python3.11/site-packages/airflow/example_dags/example_subdag_operator.py
[2025-01-30T02:51:43.209+0800] {logging_mixin.py:190} INFO - [2025-01-30T02:51:43.209+0800] {dag.py:3239} INFO - Sync 3 DAGs
[2025-01-30T02:51:43.222+0800] {logging_mixin.py:190} INFO - [2025-01-30T02:51:43.222+0800] {dag.py:4180} INFO - Setting next_dagrun for example_subdag_operator to 2022-01-01 00:00:00+00:00, run_after=2022-01-01 00:00:00+00:00
[2025-01-30T02:51:43.224+0800] {logging_mixin.py:190} INFO - [2025-01-30T02:51:43.224+0800] {dag.py:4180} INFO - Setting next_dagrun for example_subdag_operator.section-1 to None, run_after=None
[2025-01-30T02:51:43.225+0800] {logging_mixin.py:190} INFO - [2025-01-30T02:51:43.225+0800] {dag.py:4180} INFO - Setting next_dagrun for example_subdag_operator.section-2 to None, run_after=None
[2025-01-30T02:51:43.229+0800] {logging_mixin.py:190} INFO - [2025-01-30T02:51:43.228+0800] {dag.py:3239} INFO - Sync 2 DAGs
[2025-01-30T02:51:43.231+0800] {logging_mixin.py:190} INFO - [2025-01-30T02:51:43.231+0800] {dag.py:4180} INFO - Setting next_dagrun for example_subdag_operator.section-1 to None, run_after=None
[2025-01-30T02:51:43.231+0800] {logging_mixin.py:190} INFO - [2025-01-30T02:51:43.231+0800] {dag.py:4180} INFO - Setting next_dagrun for example_subdag_operator.section-2 to None, run_after=None
[2025-01-30T02:51:43.254+0800] {processor.py:208} INFO - Processing /home/anhtupham99/miniforge3/envs/nba/lib/python3.11/site-packages/airflow/example_dags/example_subdag_operator.py took 0.126 seconds
[2025-01-30T02:52:35.847+0800] {processor.py:186} INFO - Started process (PID=20608) to work on /home/anhtupham99/miniforge3/envs/nba/lib/python3.11/site-packages/airflow/example_dags/example_subdag_operator.py
[2025-01-30T02:52:35.849+0800] {processor.py:914} INFO - Processing file /home/anhtupham99/miniforge3/envs/nba/lib/python3.11/site-packages/airflow/example_dags/example_subdag_operator.py for tasks to queue
[2025-01-30T02:52:35.855+0800] {logging_mixin.py:190} INFO - [2025-01-30T02:52:35.854+0800] {dagbag.py:588} INFO - Filling up the DagBag from /home/anhtupham99/miniforge3/envs/nba/lib/python3.11/site-packages/airflow/example_dags/example_subdag_operator.py
[2025-01-30T02:52:35.887+0800] {processor.py:925} INFO - DAG(s) 'example_subdag_operator.section-1', 'example_subdag_operator.section-2', 'example_subdag_operator' retrieved from /home/anhtupham99/miniforge3/envs/nba/lib/python3.11/site-packages/airflow/example_dags/example_subdag_operator.py
[2025-01-30T02:52:35.899+0800] {logging_mixin.py:190} INFO - [2025-01-30T02:52:35.899+0800] {dag.py:3239} INFO - Sync 3 DAGs
[2025-01-30T02:52:35.911+0800] {logging_mixin.py:190} INFO - [2025-01-30T02:52:35.911+0800] {dag.py:4180} INFO - Setting next_dagrun for example_subdag_operator to 2022-01-01 00:00:00+00:00, run_after=2022-01-01 00:00:00+00:00
[2025-01-30T02:52:35.913+0800] {logging_mixin.py:190} INFO - [2025-01-30T02:52:35.913+0800] {dag.py:4180} INFO - Setting next_dagrun for example_subdag_operator.section-1 to None, run_after=None
[2025-01-30T02:52:35.914+0800] {logging_mixin.py:190} INFO - [2025-01-30T02:52:35.914+0800] {dag.py:4180} INFO - Setting next_dagrun for example_subdag_operator.section-2 to None, run_after=None
[2025-01-30T02:52:35.917+0800] {logging_mixin.py:190} INFO - [2025-01-30T02:52:35.917+0800] {dag.py:3239} INFO - Sync 2 DAGs
[2025-01-30T02:52:35.919+0800] {logging_mixin.py:190} INFO - [2025-01-30T02:52:35.919+0800] {dag.py:4180} INFO - Setting next_dagrun for example_subdag_operator.section-1 to None, run_after=None
[2025-01-30T02:52:35.919+0800] {logging_mixin.py:190} INFO - [2025-01-30T02:52:35.919+0800] {dag.py:4180} INFO - Setting next_dagrun for example_subdag_operator.section-2 to None, run_after=None
[2025-01-30T02:52:35.940+0800] {processor.py:208} INFO - Processing /home/anhtupham99/miniforge3/envs/nba/lib/python3.11/site-packages/airflow/example_dags/example_subdag_operator.py took 0.104 seconds
[2025-01-30T02:53:28.411+0800] {processor.py:186} INFO - Started process (PID=20945) to work on /home/anhtupham99/miniforge3/envs/nba/lib/python3.11/site-packages/airflow/example_dags/example_subdag_operator.py
[2025-01-30T02:53:28.412+0800] {processor.py:914} INFO - Processing file /home/anhtupham99/miniforge3/envs/nba/lib/python3.11/site-packages/airflow/example_dags/example_subdag_operator.py for tasks to queue
[2025-01-30T02:53:28.415+0800] {logging_mixin.py:190} INFO - [2025-01-30T02:53:28.415+0800] {dagbag.py:588} INFO - Filling up the DagBag from /home/anhtupham99/miniforge3/envs/nba/lib/python3.11/site-packages/airflow/example_dags/example_subdag_operator.py
[2025-01-30T02:53:28.433+0800] {processor.py:925} INFO - DAG(s) 'example_subdag_operator.section-1', 'example_subdag_operator.section-2', 'example_subdag_operator' retrieved from /home/anhtupham99/miniforge3/envs/nba/lib/python3.11/site-packages/airflow/example_dags/example_subdag_operator.py
[2025-01-30T02:53:28.445+0800] {logging_mixin.py:190} INFO - [2025-01-30T02:53:28.445+0800] {dag.py:3239} INFO - Sync 3 DAGs
[2025-01-30T02:53:28.461+0800] {logging_mixin.py:190} INFO - [2025-01-30T02:53:28.461+0800] {dag.py:4180} INFO - Setting next_dagrun for example_subdag_operator to 2022-01-01 00:00:00+00:00, run_after=2022-01-01 00:00:00+00:00
[2025-01-30T02:53:28.464+0800] {logging_mixin.py:190} INFO - [2025-01-30T02:53:28.464+0800] {dag.py:4180} INFO - Setting next_dagrun for example_subdag_operator.section-1 to None, run_after=None
[2025-01-30T02:53:28.465+0800] {logging_mixin.py:190} INFO - [2025-01-30T02:53:28.465+0800] {dag.py:4180} INFO - Setting next_dagrun for example_subdag_operator.section-2 to None, run_after=None
[2025-01-30T02:53:28.469+0800] {logging_mixin.py:190} INFO - [2025-01-30T02:53:28.469+0800] {dag.py:3239} INFO - Sync 2 DAGs
[2025-01-30T02:53:28.472+0800] {logging_mixin.py:190} INFO - [2025-01-30T02:53:28.472+0800] {dag.py:4180} INFO - Setting next_dagrun for example_subdag_operator.section-1 to None, run_after=None
[2025-01-30T02:53:28.472+0800] {logging_mixin.py:190} INFO - [2025-01-30T02:53:28.472+0800] {dag.py:4180} INFO - Setting next_dagrun for example_subdag_operator.section-2 to None, run_after=None
[2025-01-30T02:53:28.492+0800] {processor.py:208} INFO - Processing /home/anhtupham99/miniforge3/envs/nba/lib/python3.11/site-packages/airflow/example_dags/example_subdag_operator.py took 0.087 seconds
[2025-01-30T02:54:20.345+0800] {processor.py:186} INFO - Started process (PID=21234) to work on /home/anhtupham99/miniforge3/envs/nba/lib/python3.11/site-packages/airflow/example_dags/example_subdag_operator.py
[2025-01-30T02:54:20.349+0800] {processor.py:914} INFO - Processing file /home/anhtupham99/miniforge3/envs/nba/lib/python3.11/site-packages/airflow/example_dags/example_subdag_operator.py for tasks to queue
[2025-01-30T02:54:20.351+0800] {logging_mixin.py:190} INFO - [2025-01-30T02:54:20.351+0800] {dagbag.py:588} INFO - Filling up the DagBag from /home/anhtupham99/miniforge3/envs/nba/lib/python3.11/site-packages/airflow/example_dags/example_subdag_operator.py
[2025-01-30T02:54:20.365+0800] {processor.py:925} INFO - DAG(s) 'example_subdag_operator.section-1', 'example_subdag_operator.section-2', 'example_subdag_operator' retrieved from /home/anhtupham99/miniforge3/envs/nba/lib/python3.11/site-packages/airflow/example_dags/example_subdag_operator.py
[2025-01-30T02:54:20.374+0800] {logging_mixin.py:190} INFO - [2025-01-30T02:54:20.374+0800] {dag.py:3239} INFO - Sync 3 DAGs
[2025-01-30T02:54:20.386+0800] {logging_mixin.py:190} INFO - [2025-01-30T02:54:20.386+0800] {dag.py:4180} INFO - Setting next_dagrun for example_subdag_operator to 2022-01-01 00:00:00+00:00, run_after=2022-01-01 00:00:00+00:00
[2025-01-30T02:54:20.388+0800] {logging_mixin.py:190} INFO - [2025-01-30T02:54:20.388+0800] {dag.py:4180} INFO - Setting next_dagrun for example_subdag_operator.section-1 to None, run_after=None
[2025-01-30T02:54:20.389+0800] {logging_mixin.py:190} INFO - [2025-01-30T02:54:20.389+0800] {dag.py:4180} INFO - Setting next_dagrun for example_subdag_operator.section-2 to None, run_after=None
[2025-01-30T02:54:20.392+0800] {logging_mixin.py:190} INFO - [2025-01-30T02:54:20.392+0800] {dag.py:3239} INFO - Sync 2 DAGs
[2025-01-30T02:54:20.394+0800] {logging_mixin.py:190} INFO - [2025-01-30T02:54:20.394+0800] {dag.py:4180} INFO - Setting next_dagrun for example_subdag_operator.section-1 to None, run_after=None
[2025-01-30T02:54:20.394+0800] {logging_mixin.py:190} INFO - [2025-01-30T02:54:20.394+0800] {dag.py:4180} INFO - Setting next_dagrun for example_subdag_operator.section-2 to None, run_after=None
[2025-01-30T02:54:20.411+0800] {processor.py:208} INFO - Processing /home/anhtupham99/miniforge3/envs/nba/lib/python3.11/site-packages/airflow/example_dags/example_subdag_operator.py took 0.070 seconds
[2025-01-30T02:55:06.774+0800] {processor.py:186} INFO - Started process (PID=21502) to work on /home/anhtupham99/miniforge3/envs/nba/lib/python3.11/site-packages/airflow/example_dags/example_subdag_operator.py
[2025-01-30T02:55:06.775+0800] {processor.py:914} INFO - Processing file /home/anhtupham99/miniforge3/envs/nba/lib/python3.11/site-packages/airflow/example_dags/example_subdag_operator.py for tasks to queue
[2025-01-30T02:55:06.777+0800] {logging_mixin.py:190} INFO - [2025-01-30T02:55:06.777+0800] {dagbag.py:588} INFO - Filling up the DagBag from /home/anhtupham99/miniforge3/envs/nba/lib/python3.11/site-packages/airflow/example_dags/example_subdag_operator.py
[2025-01-30T02:55:06.794+0800] {processor.py:925} INFO - DAG(s) 'example_subdag_operator.section-1', 'example_subdag_operator.section-2', 'example_subdag_operator' retrieved from /home/anhtupham99/miniforge3/envs/nba/lib/python3.11/site-packages/airflow/example_dags/example_subdag_operator.py
[2025-01-30T02:55:06.805+0800] {logging_mixin.py:190} INFO - [2025-01-30T02:55:06.805+0800] {dag.py:3239} INFO - Sync 3 DAGs
[2025-01-30T02:55:06.819+0800] {logging_mixin.py:190} INFO - [2025-01-30T02:55:06.819+0800] {dag.py:4180} INFO - Setting next_dagrun for example_subdag_operator to 2022-01-01 00:00:00+00:00, run_after=2022-01-01 00:00:00+00:00
[2025-01-30T02:55:06.821+0800] {logging_mixin.py:190} INFO - [2025-01-30T02:55:06.821+0800] {dag.py:4180} INFO - Setting next_dagrun for example_subdag_operator.section-1 to None, run_after=None
[2025-01-30T02:55:06.821+0800] {logging_mixin.py:190} INFO - [2025-01-30T02:55:06.821+0800] {dag.py:4180} INFO - Setting next_dagrun for example_subdag_operator.section-2 to None, run_after=None
[2025-01-30T02:55:06.825+0800] {logging_mixin.py:190} INFO - [2025-01-30T02:55:06.825+0800] {dag.py:3239} INFO - Sync 2 DAGs
[2025-01-30T02:55:06.828+0800] {logging_mixin.py:190} INFO - [2025-01-30T02:55:06.828+0800] {dag.py:4180} INFO - Setting next_dagrun for example_subdag_operator.section-1 to None, run_after=None
[2025-01-30T02:55:06.828+0800] {logging_mixin.py:190} INFO - [2025-01-30T02:55:06.828+0800] {dag.py:4180} INFO - Setting next_dagrun for example_subdag_operator.section-2 to None, run_after=None
[2025-01-30T02:55:06.844+0800] {processor.py:208} INFO - Processing /home/anhtupham99/miniforge3/envs/nba/lib/python3.11/site-packages/airflow/example_dags/example_subdag_operator.py took 0.076 seconds
[2025-01-30T02:55:56.995+0800] {processor.py:186} INFO - Started process (PID=21802) to work on /home/anhtupham99/miniforge3/envs/nba/lib/python3.11/site-packages/airflow/example_dags/example_subdag_operator.py
[2025-01-30T02:55:56.997+0800] {processor.py:914} INFO - Processing file /home/anhtupham99/miniforge3/envs/nba/lib/python3.11/site-packages/airflow/example_dags/example_subdag_operator.py for tasks to queue
[2025-01-30T02:55:56.998+0800] {logging_mixin.py:190} INFO - [2025-01-30T02:55:56.998+0800] {dagbag.py:588} INFO - Filling up the DagBag from /home/anhtupham99/miniforge3/envs/nba/lib/python3.11/site-packages/airflow/example_dags/example_subdag_operator.py
[2025-01-30T02:55:57.014+0800] {processor.py:925} INFO - DAG(s) 'example_subdag_operator.section-1', 'example_subdag_operator.section-2', 'example_subdag_operator' retrieved from /home/anhtupham99/miniforge3/envs/nba/lib/python3.11/site-packages/airflow/example_dags/example_subdag_operator.py
[2025-01-30T02:55:57.024+0800] {logging_mixin.py:190} INFO - [2025-01-30T02:55:57.023+0800] {dag.py:3239} INFO - Sync 3 DAGs
[2025-01-30T02:55:57.037+0800] {logging_mixin.py:190} INFO - [2025-01-30T02:55:57.037+0800] {dag.py:4180} INFO - Setting next_dagrun for example_subdag_operator to 2022-01-01 00:00:00+00:00, run_after=2022-01-01 00:00:00+00:00
[2025-01-30T02:55:57.039+0800] {logging_mixin.py:190} INFO - [2025-01-30T02:55:57.039+0800] {dag.py:4180} INFO - Setting next_dagrun for example_subdag_operator.section-1 to None, run_after=None
[2025-01-30T02:55:57.040+0800] {logging_mixin.py:190} INFO - [2025-01-30T02:55:57.040+0800] {dag.py:4180} INFO - Setting next_dagrun for example_subdag_operator.section-2 to None, run_after=None
[2025-01-30T02:55:57.043+0800] {logging_mixin.py:190} INFO - [2025-01-30T02:55:57.043+0800] {dag.py:3239} INFO - Sync 2 DAGs
[2025-01-30T02:55:57.046+0800] {logging_mixin.py:190} INFO - [2025-01-30T02:55:57.046+0800] {dag.py:4180} INFO - Setting next_dagrun for example_subdag_operator.section-1 to None, run_after=None
[2025-01-30T02:55:57.046+0800] {logging_mixin.py:190} INFO - [2025-01-30T02:55:57.046+0800] {dag.py:4180} INFO - Setting next_dagrun for example_subdag_operator.section-2 to None, run_after=None
[2025-01-30T02:55:57.065+0800] {processor.py:208} INFO - Processing /home/anhtupham99/miniforge3/envs/nba/lib/python3.11/site-packages/airflow/example_dags/example_subdag_operator.py took 0.074 seconds
[2025-01-30T02:56:42.986+0800] {processor.py:186} INFO - Started process (PID=22067) to work on /home/anhtupham99/miniforge3/envs/nba/lib/python3.11/site-packages/airflow/example_dags/example_subdag_operator.py
[2025-01-30T02:56:42.987+0800] {processor.py:914} INFO - Processing file /home/anhtupham99/miniforge3/envs/nba/lib/python3.11/site-packages/airflow/example_dags/example_subdag_operator.py for tasks to queue
[2025-01-30T02:56:42.989+0800] {logging_mixin.py:190} INFO - [2025-01-30T02:56:42.989+0800] {dagbag.py:588} INFO - Filling up the DagBag from /home/anhtupham99/miniforge3/envs/nba/lib/python3.11/site-packages/airflow/example_dags/example_subdag_operator.py
[2025-01-30T02:56:43.004+0800] {processor.py:925} INFO - DAG(s) 'example_subdag_operator.section-1', 'example_subdag_operator.section-2', 'example_subdag_operator' retrieved from /home/anhtupham99/miniforge3/envs/nba/lib/python3.11/site-packages/airflow/example_dags/example_subdag_operator.py
[2025-01-30T02:56:43.013+0800] {logging_mixin.py:190} INFO - [2025-01-30T02:56:43.012+0800] {dag.py:3239} INFO - Sync 3 DAGs
[2025-01-30T02:56:43.025+0800] {logging_mixin.py:190} INFO - [2025-01-30T02:56:43.024+0800] {dag.py:4180} INFO - Setting next_dagrun for example_subdag_operator to 2022-01-01 00:00:00+00:00, run_after=2022-01-01 00:00:00+00:00
[2025-01-30T02:56:43.026+0800] {logging_mixin.py:190} INFO - [2025-01-30T02:56:43.026+0800] {dag.py:4180} INFO - Setting next_dagrun for example_subdag_operator.section-1 to None, run_after=None
[2025-01-30T02:56:43.027+0800] {logging_mixin.py:190} INFO - [2025-01-30T02:56:43.027+0800] {dag.py:4180} INFO - Setting next_dagrun for example_subdag_operator.section-2 to None, run_after=None
[2025-01-30T02:56:43.030+0800] {logging_mixin.py:190} INFO - [2025-01-30T02:56:43.030+0800] {dag.py:3239} INFO - Sync 2 DAGs
[2025-01-30T02:56:43.032+0800] {logging_mixin.py:190} INFO - [2025-01-30T02:56:43.032+0800] {dag.py:4180} INFO - Setting next_dagrun for example_subdag_operator.section-1 to None, run_after=None
[2025-01-30T02:56:43.032+0800] {logging_mixin.py:190} INFO - [2025-01-30T02:56:43.032+0800] {dag.py:4180} INFO - Setting next_dagrun for example_subdag_operator.section-2 to None, run_after=None
[2025-01-30T02:56:43.049+0800] {processor.py:208} INFO - Processing /home/anhtupham99/miniforge3/envs/nba/lib/python3.11/site-packages/airflow/example_dags/example_subdag_operator.py took 0.067 seconds
[2025-01-30T02:57:28.890+0800] {processor.py:186} INFO - Started process (PID=22390) to work on /home/anhtupham99/miniforge3/envs/nba/lib/python3.11/site-packages/airflow/example_dags/example_subdag_operator.py
[2025-01-30T02:57:28.892+0800] {processor.py:914} INFO - Processing file /home/anhtupham99/miniforge3/envs/nba/lib/python3.11/site-packages/airflow/example_dags/example_subdag_operator.py for tasks to queue
[2025-01-30T02:57:28.894+0800] {logging_mixin.py:190} INFO - [2025-01-30T02:57:28.893+0800] {dagbag.py:588} INFO - Filling up the DagBag from /home/anhtupham99/miniforge3/envs/nba/lib/python3.11/site-packages/airflow/example_dags/example_subdag_operator.py
[2025-01-30T02:57:28.912+0800] {processor.py:925} INFO - DAG(s) 'example_subdag_operator.section-1', 'example_subdag_operator.section-2', 'example_subdag_operator' retrieved from /home/anhtupham99/miniforge3/envs/nba/lib/python3.11/site-packages/airflow/example_dags/example_subdag_operator.py
[2025-01-30T02:57:28.923+0800] {logging_mixin.py:190} INFO - [2025-01-30T02:57:28.923+0800] {dag.py:3239} INFO - Sync 3 DAGs
[2025-01-30T02:57:28.939+0800] {logging_mixin.py:190} INFO - [2025-01-30T02:57:28.939+0800] {dag.py:4180} INFO - Setting next_dagrun for example_subdag_operator to 2022-01-01 00:00:00+00:00, run_after=2022-01-01 00:00:00+00:00
[2025-01-30T02:57:28.941+0800] {logging_mixin.py:190} INFO - [2025-01-30T02:57:28.941+0800] {dag.py:4180} INFO - Setting next_dagrun for example_subdag_operator.section-1 to None, run_after=None
[2025-01-30T02:57:28.942+0800] {logging_mixin.py:190} INFO - [2025-01-30T02:57:28.942+0800] {dag.py:4180} INFO - Setting next_dagrun for example_subdag_operator.section-2 to None, run_after=None
[2025-01-30T02:57:28.946+0800] {logging_mixin.py:190} INFO - [2025-01-30T02:57:28.945+0800] {dag.py:3239} INFO - Sync 2 DAGs
[2025-01-30T02:57:28.949+0800] {logging_mixin.py:190} INFO - [2025-01-30T02:57:28.949+0800] {dag.py:4180} INFO - Setting next_dagrun for example_subdag_operator.section-1 to None, run_after=None
[2025-01-30T02:57:28.949+0800] {logging_mixin.py:190} INFO - [2025-01-30T02:57:28.949+0800] {dag.py:4180} INFO - Setting next_dagrun for example_subdag_operator.section-2 to None, run_after=None
[2025-01-30T02:57:28.967+0800] {processor.py:208} INFO - Processing /home/anhtupham99/miniforge3/envs/nba/lib/python3.11/site-packages/airflow/example_dags/example_subdag_operator.py took 0.081 seconds
[2025-01-30T02:58:17.764+0800] {processor.py:186} INFO - Started process (PID=22667) to work on /home/anhtupham99/miniforge3/envs/nba/lib/python3.11/site-packages/airflow/example_dags/example_subdag_operator.py
[2025-01-30T02:58:17.768+0800] {processor.py:914} INFO - Processing file /home/anhtupham99/miniforge3/envs/nba/lib/python3.11/site-packages/airflow/example_dags/example_subdag_operator.py for tasks to queue
[2025-01-30T02:58:17.770+0800] {logging_mixin.py:190} INFO - [2025-01-30T02:58:17.770+0800] {dagbag.py:588} INFO - Filling up the DagBag from /home/anhtupham99/miniforge3/envs/nba/lib/python3.11/site-packages/airflow/example_dags/example_subdag_operator.py
[2025-01-30T02:58:17.785+0800] {processor.py:925} INFO - DAG(s) 'example_subdag_operator.section-1', 'example_subdag_operator.section-2', 'example_subdag_operator' retrieved from /home/anhtupham99/miniforge3/envs/nba/lib/python3.11/site-packages/airflow/example_dags/example_subdag_operator.py
[2025-01-30T02:58:17.794+0800] {logging_mixin.py:190} INFO - [2025-01-30T02:58:17.794+0800] {dag.py:3239} INFO - Sync 3 DAGs
[2025-01-30T02:58:17.807+0800] {logging_mixin.py:190} INFO - [2025-01-30T02:58:17.807+0800] {dag.py:4180} INFO - Setting next_dagrun for example_subdag_operator to 2022-01-01 00:00:00+00:00, run_after=2022-01-01 00:00:00+00:00
[2025-01-30T02:58:17.809+0800] {logging_mixin.py:190} INFO - [2025-01-30T02:58:17.809+0800] {dag.py:4180} INFO - Setting next_dagrun for example_subdag_operator.section-1 to None, run_after=None
[2025-01-30T02:58:17.810+0800] {logging_mixin.py:190} INFO - [2025-01-30T02:58:17.810+0800] {dag.py:4180} INFO - Setting next_dagrun for example_subdag_operator.section-2 to None, run_after=None
[2025-01-30T02:58:17.813+0800] {logging_mixin.py:190} INFO - [2025-01-30T02:58:17.813+0800] {dag.py:3239} INFO - Sync 2 DAGs
[2025-01-30T02:58:17.816+0800] {logging_mixin.py:190} INFO - [2025-01-30T02:58:17.815+0800] {dag.py:4180} INFO - Setting next_dagrun for example_subdag_operator.section-1 to None, run_after=None
[2025-01-30T02:58:17.816+0800] {logging_mixin.py:190} INFO - [2025-01-30T02:58:17.816+0800] {dag.py:4180} INFO - Setting next_dagrun for example_subdag_operator.section-2 to None, run_after=None
[2025-01-30T02:58:17.835+0800] {processor.py:208} INFO - Processing /home/anhtupham99/miniforge3/envs/nba/lib/python3.11/site-packages/airflow/example_dags/example_subdag_operator.py took 0.075 seconds
[2025-01-30T02:59:09.795+0800] {processor.py:186} INFO - Started process (PID=22957) to work on /home/anhtupham99/miniforge3/envs/nba/lib/python3.11/site-packages/airflow/example_dags/example_subdag_operator.py
[2025-01-30T02:59:09.799+0800] {processor.py:914} INFO - Processing file /home/anhtupham99/miniforge3/envs/nba/lib/python3.11/site-packages/airflow/example_dags/example_subdag_operator.py for tasks to queue
[2025-01-30T02:59:09.801+0800] {logging_mixin.py:190} INFO - [2025-01-30T02:59:09.801+0800] {dagbag.py:588} INFO - Filling up the DagBag from /home/anhtupham99/miniforge3/envs/nba/lib/python3.11/site-packages/airflow/example_dags/example_subdag_operator.py
[2025-01-30T02:59:09.816+0800] {processor.py:925} INFO - DAG(s) 'example_subdag_operator.section-1', 'example_subdag_operator.section-2', 'example_subdag_operator' retrieved from /home/anhtupham99/miniforge3/envs/nba/lib/python3.11/site-packages/airflow/example_dags/example_subdag_operator.py
[2025-01-30T02:59:09.825+0800] {logging_mixin.py:190} INFO - [2025-01-30T02:59:09.825+0800] {dag.py:3239} INFO - Sync 3 DAGs
[2025-01-30T02:59:09.837+0800] {logging_mixin.py:190} INFO - [2025-01-30T02:59:09.836+0800] {dag.py:4180} INFO - Setting next_dagrun for example_subdag_operator to 2022-01-01 00:00:00+00:00, run_after=2022-01-01 00:00:00+00:00
[2025-01-30T02:59:09.838+0800] {logging_mixin.py:190} INFO - [2025-01-30T02:59:09.838+0800] {dag.py:4180} INFO - Setting next_dagrun for example_subdag_operator.section-1 to None, run_after=None
[2025-01-30T02:59:09.839+0800] {logging_mixin.py:190} INFO - [2025-01-30T02:59:09.839+0800] {dag.py:4180} INFO - Setting next_dagrun for example_subdag_operator.section-2 to None, run_after=None
[2025-01-30T02:59:09.842+0800] {logging_mixin.py:190} INFO - [2025-01-30T02:59:09.842+0800] {dag.py:3239} INFO - Sync 2 DAGs
[2025-01-30T02:59:09.844+0800] {logging_mixin.py:190} INFO - [2025-01-30T02:59:09.844+0800] {dag.py:4180} INFO - Setting next_dagrun for example_subdag_operator.section-1 to None, run_after=None
[2025-01-30T02:59:09.844+0800] {logging_mixin.py:190} INFO - [2025-01-30T02:59:09.844+0800] {dag.py:4180} INFO - Setting next_dagrun for example_subdag_operator.section-2 to None, run_after=None
[2025-01-30T02:59:09.863+0800] {processor.py:208} INFO - Processing /home/anhtupham99/miniforge3/envs/nba/lib/python3.11/site-packages/airflow/example_dags/example_subdag_operator.py took 0.071 seconds
[2025-01-30T03:00:00.015+0800] {processor.py:186} INFO - Started process (PID=23242) to work on /home/anhtupham99/miniforge3/envs/nba/lib/python3.11/site-packages/airflow/example_dags/example_subdag_operator.py
[2025-01-30T03:00:00.017+0800] {processor.py:914} INFO - Processing file /home/anhtupham99/miniforge3/envs/nba/lib/python3.11/site-packages/airflow/example_dags/example_subdag_operator.py for tasks to queue
[2025-01-30T03:00:00.018+0800] {logging_mixin.py:190} INFO - [2025-01-30T03:00:00.018+0800] {dagbag.py:588} INFO - Filling up the DagBag from /home/anhtupham99/miniforge3/envs/nba/lib/python3.11/site-packages/airflow/example_dags/example_subdag_operator.py
[2025-01-30T03:00:00.033+0800] {processor.py:925} INFO - DAG(s) 'example_subdag_operator.section-1', 'example_subdag_operator.section-2', 'example_subdag_operator' retrieved from /home/anhtupham99/miniforge3/envs/nba/lib/python3.11/site-packages/airflow/example_dags/example_subdag_operator.py
[2025-01-30T03:00:00.042+0800] {logging_mixin.py:190} INFO - [2025-01-30T03:00:00.042+0800] {dag.py:3239} INFO - Sync 3 DAGs
[2025-01-30T03:00:00.054+0800] {logging_mixin.py:190} INFO - [2025-01-30T03:00:00.054+0800] {dag.py:4180} INFO - Setting next_dagrun for example_subdag_operator to 2022-01-01 00:00:00+00:00, run_after=2022-01-01 00:00:00+00:00
[2025-01-30T03:00:00.056+0800] {logging_mixin.py:190} INFO - [2025-01-30T03:00:00.056+0800] {dag.py:4180} INFO - Setting next_dagrun for example_subdag_operator.section-1 to None, run_after=None
[2025-01-30T03:00:00.057+0800] {logging_mixin.py:190} INFO - [2025-01-30T03:00:00.057+0800] {dag.py:4180} INFO - Setting next_dagrun for example_subdag_operator.section-2 to None, run_after=None
[2025-01-30T03:00:00.064+0800] {logging_mixin.py:190} INFO - [2025-01-30T03:00:00.063+0800] {dag.py:3239} INFO - Sync 2 DAGs
[2025-01-30T03:00:00.071+0800] {logging_mixin.py:190} INFO - [2025-01-30T03:00:00.071+0800] {dag.py:4180} INFO - Setting next_dagrun for example_subdag_operator.section-1 to None, run_after=None
[2025-01-30T03:00:00.071+0800] {logging_mixin.py:190} INFO - [2025-01-30T03:00:00.071+0800] {dag.py:4180} INFO - Setting next_dagrun for example_subdag_operator.section-2 to None, run_after=None
[2025-01-30T03:00:00.094+0800] {processor.py:208} INFO - Processing /home/anhtupham99/miniforge3/envs/nba/lib/python3.11/site-packages/airflow/example_dags/example_subdag_operator.py took 0.083 seconds
[2025-01-30T03:00:50.470+0800] {processor.py:186} INFO - Started process (PID=23553) to work on /home/anhtupham99/miniforge3/envs/nba/lib/python3.11/site-packages/airflow/example_dags/example_subdag_operator.py
[2025-01-30T03:00:50.471+0800] {processor.py:914} INFO - Processing file /home/anhtupham99/miniforge3/envs/nba/lib/python3.11/site-packages/airflow/example_dags/example_subdag_operator.py for tasks to queue
[2025-01-30T03:00:50.473+0800] {logging_mixin.py:190} INFO - [2025-01-30T03:00:50.472+0800] {dagbag.py:588} INFO - Filling up the DagBag from /home/anhtupham99/miniforge3/envs/nba/lib/python3.11/site-packages/airflow/example_dags/example_subdag_operator.py
[2025-01-30T03:00:50.487+0800] {processor.py:925} INFO - DAG(s) 'example_subdag_operator.section-1', 'example_subdag_operator.section-2', 'example_subdag_operator' retrieved from /home/anhtupham99/miniforge3/envs/nba/lib/python3.11/site-packages/airflow/example_dags/example_subdag_operator.py
[2025-01-30T03:00:50.495+0800] {logging_mixin.py:190} INFO - [2025-01-30T03:00:50.495+0800] {dag.py:3239} INFO - Sync 3 DAGs
[2025-01-30T03:00:50.507+0800] {logging_mixin.py:190} INFO - [2025-01-30T03:00:50.507+0800] {dag.py:4180} INFO - Setting next_dagrun for example_subdag_operator to 2022-01-01 00:00:00+00:00, run_after=2022-01-01 00:00:00+00:00
[2025-01-30T03:00:50.509+0800] {logging_mixin.py:190} INFO - [2025-01-30T03:00:50.509+0800] {dag.py:4180} INFO - Setting next_dagrun for example_subdag_operator.section-1 to None, run_after=None
[2025-01-30T03:00:50.510+0800] {logging_mixin.py:190} INFO - [2025-01-30T03:00:50.510+0800] {dag.py:4180} INFO - Setting next_dagrun for example_subdag_operator.section-2 to None, run_after=None
[2025-01-30T03:00:50.513+0800] {logging_mixin.py:190} INFO - [2025-01-30T03:00:50.513+0800] {dag.py:3239} INFO - Sync 2 DAGs
[2025-01-30T03:00:50.515+0800] {logging_mixin.py:190} INFO - [2025-01-30T03:00:50.515+0800] {dag.py:4180} INFO - Setting next_dagrun for example_subdag_operator.section-1 to None, run_after=None
[2025-01-30T03:00:50.515+0800] {logging_mixin.py:190} INFO - [2025-01-30T03:00:50.515+0800] {dag.py:4180} INFO - Setting next_dagrun for example_subdag_operator.section-2 to None, run_after=None
[2025-01-30T03:00:50.532+0800] {processor.py:208} INFO - Processing /home/anhtupham99/miniforge3/envs/nba/lib/python3.11/site-packages/airflow/example_dags/example_subdag_operator.py took 0.067 seconds
[2025-01-30T03:01:37.643+0800] {processor.py:186} INFO - Started process (PID=23820) to work on /home/anhtupham99/miniforge3/envs/nba/lib/python3.11/site-packages/airflow/example_dags/example_subdag_operator.py
[2025-01-30T03:01:37.647+0800] {processor.py:914} INFO - Processing file /home/anhtupham99/miniforge3/envs/nba/lib/python3.11/site-packages/airflow/example_dags/example_subdag_operator.py for tasks to queue
[2025-01-30T03:01:37.648+0800] {logging_mixin.py:190} INFO - [2025-01-30T03:01:37.648+0800] {dagbag.py:588} INFO - Filling up the DagBag from /home/anhtupham99/miniforge3/envs/nba/lib/python3.11/site-packages/airflow/example_dags/example_subdag_operator.py
[2025-01-30T03:01:37.663+0800] {processor.py:925} INFO - DAG(s) 'example_subdag_operator.section-1', 'example_subdag_operator.section-2', 'example_subdag_operator' retrieved from /home/anhtupham99/miniforge3/envs/nba/lib/python3.11/site-packages/airflow/example_dags/example_subdag_operator.py
[2025-01-30T03:01:37.671+0800] {logging_mixin.py:190} INFO - [2025-01-30T03:01:37.671+0800] {dag.py:3239} INFO - Sync 3 DAGs
[2025-01-30T03:01:37.683+0800] {logging_mixin.py:190} INFO - [2025-01-30T03:01:37.683+0800] {dag.py:4180} INFO - Setting next_dagrun for example_subdag_operator to 2022-01-01 00:00:00+00:00, run_after=2022-01-01 00:00:00+00:00
[2025-01-30T03:01:37.686+0800] {logging_mixin.py:190} INFO - [2025-01-30T03:01:37.685+0800] {dag.py:4180} INFO - Setting next_dagrun for example_subdag_operator.section-1 to None, run_after=None
[2025-01-30T03:01:37.686+0800] {logging_mixin.py:190} INFO - [2025-01-30T03:01:37.686+0800] {dag.py:4180} INFO - Setting next_dagrun for example_subdag_operator.section-2 to None, run_after=None
[2025-01-30T03:01:37.689+0800] {logging_mixin.py:190} INFO - [2025-01-30T03:01:37.689+0800] {dag.py:3239} INFO - Sync 2 DAGs
[2025-01-30T03:01:37.692+0800] {logging_mixin.py:190} INFO - [2025-01-30T03:01:37.691+0800] {dag.py:4180} INFO - Setting next_dagrun for example_subdag_operator.section-1 to None, run_after=None
[2025-01-30T03:01:37.692+0800] {logging_mixin.py:190} INFO - [2025-01-30T03:01:37.692+0800] {dag.py:4180} INFO - Setting next_dagrun for example_subdag_operator.section-2 to None, run_after=None
[2025-01-30T03:01:37.709+0800] {processor.py:208} INFO - Processing /home/anhtupham99/miniforge3/envs/nba/lib/python3.11/site-packages/airflow/example_dags/example_subdag_operator.py took 0.070 seconds
[2025-01-30T03:02:22.629+0800] {processor.py:186} INFO - Started process (PID=24118) to work on /home/anhtupham99/miniforge3/envs/nba/lib/python3.11/site-packages/airflow/example_dags/example_subdag_operator.py
[2025-01-30T03:02:22.633+0800] {processor.py:914} INFO - Processing file /home/anhtupham99/miniforge3/envs/nba/lib/python3.11/site-packages/airflow/example_dags/example_subdag_operator.py for tasks to queue
[2025-01-30T03:02:22.635+0800] {logging_mixin.py:190} INFO - [2025-01-30T03:02:22.635+0800] {dagbag.py:588} INFO - Filling up the DagBag from /home/anhtupham99/miniforge3/envs/nba/lib/python3.11/site-packages/airflow/example_dags/example_subdag_operator.py
[2025-01-30T03:02:22.649+0800] {processor.py:925} INFO - DAG(s) 'example_subdag_operator.section-1', 'example_subdag_operator.section-2', 'example_subdag_operator' retrieved from /home/anhtupham99/miniforge3/envs/nba/lib/python3.11/site-packages/airflow/example_dags/example_subdag_operator.py
[2025-01-30T03:02:22.658+0800] {logging_mixin.py:190} INFO - [2025-01-30T03:02:22.658+0800] {dag.py:3239} INFO - Sync 3 DAGs
[2025-01-30T03:02:22.670+0800] {logging_mixin.py:190} INFO - [2025-01-30T03:02:22.670+0800] {dag.py:4180} INFO - Setting next_dagrun for example_subdag_operator to 2022-01-01 00:00:00+00:00, run_after=2022-01-01 00:00:00+00:00
[2025-01-30T03:02:22.672+0800] {logging_mixin.py:190} INFO - [2025-01-30T03:02:22.672+0800] {dag.py:4180} INFO - Setting next_dagrun for example_subdag_operator.section-1 to None, run_after=None
[2025-01-30T03:02:22.672+0800] {logging_mixin.py:190} INFO - [2025-01-30T03:02:22.672+0800] {dag.py:4180} INFO - Setting next_dagrun for example_subdag_operator.section-2 to None, run_after=None
[2025-01-30T03:02:22.676+0800] {logging_mixin.py:190} INFO - [2025-01-30T03:02:22.675+0800] {dag.py:3239} INFO - Sync 2 DAGs
[2025-01-30T03:02:22.678+0800] {logging_mixin.py:190} INFO - [2025-01-30T03:02:22.678+0800] {dag.py:4180} INFO - Setting next_dagrun for example_subdag_operator.section-1 to None, run_after=None
[2025-01-30T03:02:22.678+0800] {logging_mixin.py:190} INFO - [2025-01-30T03:02:22.678+0800] {dag.py:4180} INFO - Setting next_dagrun for example_subdag_operator.section-2 to None, run_after=None
[2025-01-30T03:02:22.696+0800] {processor.py:208} INFO - Processing /home/anhtupham99/miniforge3/envs/nba/lib/python3.11/site-packages/airflow/example_dags/example_subdag_operator.py took 0.071 seconds
[2025-01-30T03:03:10.102+0800] {processor.py:186} INFO - Started process (PID=24386) to work on /home/anhtupham99/miniforge3/envs/nba/lib/python3.11/site-packages/airflow/example_dags/example_subdag_operator.py
[2025-01-30T03:03:10.103+0800] {processor.py:914} INFO - Processing file /home/anhtupham99/miniforge3/envs/nba/lib/python3.11/site-packages/airflow/example_dags/example_subdag_operator.py for tasks to queue
[2025-01-30T03:03:10.105+0800] {logging_mixin.py:190} INFO - [2025-01-30T03:03:10.105+0800] {dagbag.py:588} INFO - Filling up the DagBag from /home/anhtupham99/miniforge3/envs/nba/lib/python3.11/site-packages/airflow/example_dags/example_subdag_operator.py
[2025-01-30T03:03:10.121+0800] {processor.py:925} INFO - DAG(s) 'example_subdag_operator.section-1', 'example_subdag_operator.section-2', 'example_subdag_operator' retrieved from /home/anhtupham99/miniforge3/envs/nba/lib/python3.11/site-packages/airflow/example_dags/example_subdag_operator.py
[2025-01-30T03:03:10.132+0800] {logging_mixin.py:190} INFO - [2025-01-30T03:03:10.131+0800] {dag.py:3239} INFO - Sync 3 DAGs
[2025-01-30T03:03:10.146+0800] {logging_mixin.py:190} INFO - [2025-01-30T03:03:10.146+0800] {dag.py:4180} INFO - Setting next_dagrun for example_subdag_operator to 2022-01-01 00:00:00+00:00, run_after=2022-01-01 00:00:00+00:00
[2025-01-30T03:03:10.149+0800] {logging_mixin.py:190} INFO - [2025-01-30T03:03:10.148+0800] {dag.py:4180} INFO - Setting next_dagrun for example_subdag_operator.section-1 to None, run_after=None
[2025-01-30T03:03:10.149+0800] {logging_mixin.py:190} INFO - [2025-01-30T03:03:10.149+0800] {dag.py:4180} INFO - Setting next_dagrun for example_subdag_operator.section-2 to None, run_after=None
[2025-01-30T03:03:10.154+0800] {logging_mixin.py:190} INFO - [2025-01-30T03:03:10.153+0800] {dag.py:3239} INFO - Sync 2 DAGs
[2025-01-30T03:03:10.156+0800] {logging_mixin.py:190} INFO - [2025-01-30T03:03:10.156+0800] {dag.py:4180} INFO - Setting next_dagrun for example_subdag_operator.section-1 to None, run_after=None
[2025-01-30T03:03:10.156+0800] {logging_mixin.py:190} INFO - [2025-01-30T03:03:10.156+0800] {dag.py:4180} INFO - Setting next_dagrun for example_subdag_operator.section-2 to None, run_after=None
[2025-01-30T03:03:10.182+0800] {processor.py:208} INFO - Processing /home/anhtupham99/miniforge3/envs/nba/lib/python3.11/site-packages/airflow/example_dags/example_subdag_operator.py took 0.085 seconds
[2025-01-30T03:03:57.964+0800] {processor.py:186} INFO - Started process (PID=24682) to work on /home/anhtupham99/miniforge3/envs/nba/lib/python3.11/site-packages/airflow/example_dags/example_subdag_operator.py
[2025-01-30T03:03:57.965+0800] {processor.py:914} INFO - Processing file /home/anhtupham99/miniforge3/envs/nba/lib/python3.11/site-packages/airflow/example_dags/example_subdag_operator.py for tasks to queue
[2025-01-30T03:03:57.967+0800] {logging_mixin.py:190} INFO - [2025-01-30T03:03:57.967+0800] {dagbag.py:588} INFO - Filling up the DagBag from /home/anhtupham99/miniforge3/envs/nba/lib/python3.11/site-packages/airflow/example_dags/example_subdag_operator.py
[2025-01-30T03:03:57.983+0800] {processor.py:925} INFO - DAG(s) 'example_subdag_operator.section-1', 'example_subdag_operator.section-2', 'example_subdag_operator' retrieved from /home/anhtupham99/miniforge3/envs/nba/lib/python3.11/site-packages/airflow/example_dags/example_subdag_operator.py
[2025-01-30T03:03:57.992+0800] {logging_mixin.py:190} INFO - [2025-01-30T03:03:57.992+0800] {dag.py:3239} INFO - Sync 3 DAGs
[2025-01-30T03:03:58.006+0800] {logging_mixin.py:190} INFO - [2025-01-30T03:03:58.006+0800] {dag.py:4180} INFO - Setting next_dagrun for example_subdag_operator to 2022-01-01 00:00:00+00:00, run_after=2022-01-01 00:00:00+00:00
[2025-01-30T03:03:58.009+0800] {logging_mixin.py:190} INFO - [2025-01-30T03:03:58.008+0800] {dag.py:4180} INFO - Setting next_dagrun for example_subdag_operator.section-1 to None, run_after=None
[2025-01-30T03:03:58.009+0800] {logging_mixin.py:190} INFO - [2025-01-30T03:03:58.009+0800] {dag.py:4180} INFO - Setting next_dagrun for example_subdag_operator.section-2 to None, run_after=None
[2025-01-30T03:03:58.013+0800] {logging_mixin.py:190} INFO - [2025-01-30T03:03:58.013+0800] {dag.py:3239} INFO - Sync 2 DAGs
[2025-01-30T03:03:58.015+0800] {logging_mixin.py:190} INFO - [2025-01-30T03:03:58.015+0800] {dag.py:4180} INFO - Setting next_dagrun for example_subdag_operator.section-1 to None, run_after=None
[2025-01-30T03:03:58.015+0800] {logging_mixin.py:190} INFO - [2025-01-30T03:03:58.015+0800] {dag.py:4180} INFO - Setting next_dagrun for example_subdag_operator.section-2 to None, run_after=None
[2025-01-30T03:03:58.034+0800] {processor.py:208} INFO - Processing /home/anhtupham99/miniforge3/envs/nba/lib/python3.11/site-packages/airflow/example_dags/example_subdag_operator.py took 0.074 seconds
[2025-01-30T03:04:48.169+0800] {processor.py:186} INFO - Started process (PID=24969) to work on /home/anhtupham99/miniforge3/envs/nba/lib/python3.11/site-packages/airflow/example_dags/example_subdag_operator.py
[2025-01-30T03:04:48.170+0800] {processor.py:914} INFO - Processing file /home/anhtupham99/miniforge3/envs/nba/lib/python3.11/site-packages/airflow/example_dags/example_subdag_operator.py for tasks to queue
[2025-01-30T03:04:48.172+0800] {logging_mixin.py:190} INFO - [2025-01-30T03:04:48.172+0800] {dagbag.py:588} INFO - Filling up the DagBag from /home/anhtupham99/miniforge3/envs/nba/lib/python3.11/site-packages/airflow/example_dags/example_subdag_operator.py
[2025-01-30T03:04:48.187+0800] {processor.py:925} INFO - DAG(s) 'example_subdag_operator.section-1', 'example_subdag_operator.section-2', 'example_subdag_operator' retrieved from /home/anhtupham99/miniforge3/envs/nba/lib/python3.11/site-packages/airflow/example_dags/example_subdag_operator.py
[2025-01-30T03:04:48.195+0800] {logging_mixin.py:190} INFO - [2025-01-30T03:04:48.195+0800] {dag.py:3239} INFO - Sync 3 DAGs
[2025-01-30T03:04:48.207+0800] {logging_mixin.py:190} INFO - [2025-01-30T03:04:48.207+0800] {dag.py:4180} INFO - Setting next_dagrun for example_subdag_operator to 2022-01-01 00:00:00+00:00, run_after=2022-01-01 00:00:00+00:00
[2025-01-30T03:04:48.209+0800] {logging_mixin.py:190} INFO - [2025-01-30T03:04:48.209+0800] {dag.py:4180} INFO - Setting next_dagrun for example_subdag_operator.section-1 to None, run_after=None
[2025-01-30T03:04:48.209+0800] {logging_mixin.py:190} INFO - [2025-01-30T03:04:48.209+0800] {dag.py:4180} INFO - Setting next_dagrun for example_subdag_operator.section-2 to None, run_after=None
[2025-01-30T03:04:48.213+0800] {logging_mixin.py:190} INFO - [2025-01-30T03:04:48.213+0800] {dag.py:3239} INFO - Sync 2 DAGs
[2025-01-30T03:04:48.215+0800] {logging_mixin.py:190} INFO - [2025-01-30T03:04:48.215+0800] {dag.py:4180} INFO - Setting next_dagrun for example_subdag_operator.section-1 to None, run_after=None
[2025-01-30T03:04:48.215+0800] {logging_mixin.py:190} INFO - [2025-01-30T03:04:48.215+0800] {dag.py:4180} INFO - Setting next_dagrun for example_subdag_operator.section-2 to None, run_after=None
[2025-01-30T03:04:48.235+0800] {processor.py:208} INFO - Processing /home/anhtupham99/miniforge3/envs/nba/lib/python3.11/site-packages/airflow/example_dags/example_subdag_operator.py took 0.070 seconds
[2025-01-30T03:05:39.285+0800] {processor.py:186} INFO - Started process (PID=25274) to work on /home/anhtupham99/miniforge3/envs/nba/lib/python3.11/site-packages/airflow/example_dags/example_subdag_operator.py
[2025-01-30T03:05:39.286+0800] {processor.py:914} INFO - Processing file /home/anhtupham99/miniforge3/envs/nba/lib/python3.11/site-packages/airflow/example_dags/example_subdag_operator.py for tasks to queue
[2025-01-30T03:05:39.288+0800] {logging_mixin.py:190} INFO - [2025-01-30T03:05:39.287+0800] {dagbag.py:588} INFO - Filling up the DagBag from /home/anhtupham99/miniforge3/envs/nba/lib/python3.11/site-packages/airflow/example_dags/example_subdag_operator.py
[2025-01-30T03:05:39.302+0800] {processor.py:925} INFO - DAG(s) 'example_subdag_operator.section-1', 'example_subdag_operator.section-2', 'example_subdag_operator' retrieved from /home/anhtupham99/miniforge3/envs/nba/lib/python3.11/site-packages/airflow/example_dags/example_subdag_operator.py
[2025-01-30T03:05:39.311+0800] {logging_mixin.py:190} INFO - [2025-01-30T03:05:39.311+0800] {dag.py:3239} INFO - Sync 3 DAGs
[2025-01-30T03:05:39.323+0800] {logging_mixin.py:190} INFO - [2025-01-30T03:05:39.323+0800] {dag.py:4180} INFO - Setting next_dagrun for example_subdag_operator to 2022-01-01 00:00:00+00:00, run_after=2022-01-01 00:00:00+00:00
[2025-01-30T03:05:39.325+0800] {logging_mixin.py:190} INFO - [2025-01-30T03:05:39.324+0800] {dag.py:4180} INFO - Setting next_dagrun for example_subdag_operator.section-1 to None, run_after=None
[2025-01-30T03:05:39.325+0800] {logging_mixin.py:190} INFO - [2025-01-30T03:05:39.325+0800] {dag.py:4180} INFO - Setting next_dagrun for example_subdag_operator.section-2 to None, run_after=None
[2025-01-30T03:05:39.328+0800] {logging_mixin.py:190} INFO - [2025-01-30T03:05:39.328+0800] {dag.py:3239} INFO - Sync 2 DAGs
[2025-01-30T03:05:39.331+0800] {logging_mixin.py:190} INFO - [2025-01-30T03:05:39.330+0800] {dag.py:4180} INFO - Setting next_dagrun for example_subdag_operator.section-1 to None, run_after=None
[2025-01-30T03:05:39.331+0800] {logging_mixin.py:190} INFO - [2025-01-30T03:05:39.331+0800] {dag.py:4180} INFO - Setting next_dagrun for example_subdag_operator.section-2 to None, run_after=None
[2025-01-30T03:05:39.349+0800] {processor.py:208} INFO - Processing /home/anhtupham99/miniforge3/envs/nba/lib/python3.11/site-packages/airflow/example_dags/example_subdag_operator.py took 0.069 seconds
[2025-01-30T03:06:27.425+0800] {processor.py:186} INFO - Started process (PID=25540) to work on /home/anhtupham99/miniforge3/envs/nba/lib/python3.11/site-packages/airflow/example_dags/example_subdag_operator.py
[2025-01-30T03:06:27.426+0800] {processor.py:914} INFO - Processing file /home/anhtupham99/miniforge3/envs/nba/lib/python3.11/site-packages/airflow/example_dags/example_subdag_operator.py for tasks to queue
[2025-01-30T03:06:27.428+0800] {logging_mixin.py:190} INFO - [2025-01-30T03:06:27.428+0800] {dagbag.py:588} INFO - Filling up the DagBag from /home/anhtupham99/miniforge3/envs/nba/lib/python3.11/site-packages/airflow/example_dags/example_subdag_operator.py
[2025-01-30T03:06:27.443+0800] {processor.py:925} INFO - DAG(s) 'example_subdag_operator.section-1', 'example_subdag_operator.section-2', 'example_subdag_operator' retrieved from /home/anhtupham99/miniforge3/envs/nba/lib/python3.11/site-packages/airflow/example_dags/example_subdag_operator.py
[2025-01-30T03:06:27.451+0800] {logging_mixin.py:190} INFO - [2025-01-30T03:06:27.451+0800] {dag.py:3239} INFO - Sync 3 DAGs
[2025-01-30T03:06:27.464+0800] {logging_mixin.py:190} INFO - [2025-01-30T03:06:27.464+0800] {dag.py:4180} INFO - Setting next_dagrun for example_subdag_operator to 2022-01-01 00:00:00+00:00, run_after=2022-01-01 00:00:00+00:00
[2025-01-30T03:06:27.466+0800] {logging_mixin.py:190} INFO - [2025-01-30T03:06:27.466+0800] {dag.py:4180} INFO - Setting next_dagrun for example_subdag_operator.section-1 to None, run_after=None
[2025-01-30T03:06:27.466+0800] {logging_mixin.py:190} INFO - [2025-01-30T03:06:27.466+0800] {dag.py:4180} INFO - Setting next_dagrun for example_subdag_operator.section-2 to None, run_after=None
[2025-01-30T03:06:27.470+0800] {logging_mixin.py:190} INFO - [2025-01-30T03:06:27.470+0800] {dag.py:3239} INFO - Sync 2 DAGs
[2025-01-30T03:06:27.472+0800] {logging_mixin.py:190} INFO - [2025-01-30T03:06:27.472+0800] {dag.py:4180} INFO - Setting next_dagrun for example_subdag_operator.section-1 to None, run_after=None
[2025-01-30T03:06:27.472+0800] {logging_mixin.py:190} INFO - [2025-01-30T03:06:27.472+0800] {dag.py:4180} INFO - Setting next_dagrun for example_subdag_operator.section-2 to None, run_after=None
[2025-01-30T03:06:27.489+0800] {processor.py:208} INFO - Processing /home/anhtupham99/miniforge3/envs/nba/lib/python3.11/site-packages/airflow/example_dags/example_subdag_operator.py took 0.068 seconds
[2025-01-30T03:07:18.317+0800] {processor.py:186} INFO - Started process (PID=25880) to work on /home/anhtupham99/miniforge3/envs/nba/lib/python3.11/site-packages/airflow/example_dags/example_subdag_operator.py
[2025-01-30T03:07:18.318+0800] {processor.py:914} INFO - Processing file /home/anhtupham99/miniforge3/envs/nba/lib/python3.11/site-packages/airflow/example_dags/example_subdag_operator.py for tasks to queue
[2025-01-30T03:07:18.320+0800] {logging_mixin.py:190} INFO - [2025-01-30T03:07:18.320+0800] {dagbag.py:588} INFO - Filling up the DagBag from /home/anhtupham99/miniforge3/envs/nba/lib/python3.11/site-packages/airflow/example_dags/example_subdag_operator.py
[2025-01-30T03:07:18.337+0800] {processor.py:925} INFO - DAG(s) 'example_subdag_operator.section-1', 'example_subdag_operator.section-2', 'example_subdag_operator' retrieved from /home/anhtupham99/miniforge3/envs/nba/lib/python3.11/site-packages/airflow/example_dags/example_subdag_operator.py
[2025-01-30T03:07:18.347+0800] {logging_mixin.py:190} INFO - [2025-01-30T03:07:18.347+0800] {dag.py:3239} INFO - Sync 3 DAGs
[2025-01-30T03:07:18.360+0800] {logging_mixin.py:190} INFO - [2025-01-30T03:07:18.360+0800] {dag.py:4180} INFO - Setting next_dagrun for example_subdag_operator to 2022-01-01 00:00:00+00:00, run_after=2022-01-01 00:00:00+00:00
[2025-01-30T03:07:18.363+0800] {logging_mixin.py:190} INFO - [2025-01-30T03:07:18.362+0800] {dag.py:4180} INFO - Setting next_dagrun for example_subdag_operator.section-1 to None, run_after=None
[2025-01-30T03:07:18.363+0800] {logging_mixin.py:190} INFO - [2025-01-30T03:07:18.363+0800] {dag.py:4180} INFO - Setting next_dagrun for example_subdag_operator.section-2 to None, run_after=None
[2025-01-30T03:07:18.367+0800] {logging_mixin.py:190} INFO - [2025-01-30T03:07:18.367+0800] {dag.py:3239} INFO - Sync 2 DAGs
[2025-01-30T03:07:18.370+0800] {logging_mixin.py:190} INFO - [2025-01-30T03:07:18.370+0800] {dag.py:4180} INFO - Setting next_dagrun for example_subdag_operator.section-1 to None, run_after=None
[2025-01-30T03:07:18.370+0800] {logging_mixin.py:190} INFO - [2025-01-30T03:07:18.370+0800] {dag.py:4180} INFO - Setting next_dagrun for example_subdag_operator.section-2 to None, run_after=None
[2025-01-30T03:07:18.389+0800] {processor.py:208} INFO - Processing /home/anhtupham99/miniforge3/envs/nba/lib/python3.11/site-packages/airflow/example_dags/example_subdag_operator.py took 0.076 seconds
[2025-01-30T03:08:08.418+0800] {processor.py:186} INFO - Started process (PID=26165) to work on /home/anhtupham99/miniforge3/envs/nba/lib/python3.11/site-packages/airflow/example_dags/example_subdag_operator.py
[2025-01-30T03:08:08.419+0800] {processor.py:914} INFO - Processing file /home/anhtupham99/miniforge3/envs/nba/lib/python3.11/site-packages/airflow/example_dags/example_subdag_operator.py for tasks to queue
[2025-01-30T03:08:08.421+0800] {logging_mixin.py:190} INFO - [2025-01-30T03:08:08.421+0800] {dagbag.py:588} INFO - Filling up the DagBag from /home/anhtupham99/miniforge3/envs/nba/lib/python3.11/site-packages/airflow/example_dags/example_subdag_operator.py
[2025-01-30T03:08:08.439+0800] {processor.py:925} INFO - DAG(s) 'example_subdag_operator.section-1', 'example_subdag_operator.section-2', 'example_subdag_operator' retrieved from /home/anhtupham99/miniforge3/envs/nba/lib/python3.11/site-packages/airflow/example_dags/example_subdag_operator.py
[2025-01-30T03:08:08.449+0800] {logging_mixin.py:190} INFO - [2025-01-30T03:08:08.449+0800] {dag.py:3239} INFO - Sync 3 DAGs
[2025-01-30T03:08:08.463+0800] {logging_mixin.py:190} INFO - [2025-01-30T03:08:08.463+0800] {dag.py:4180} INFO - Setting next_dagrun for example_subdag_operator to 2022-01-01 00:00:00+00:00, run_after=2022-01-01 00:00:00+00:00
[2025-01-30T03:08:08.465+0800] {logging_mixin.py:190} INFO - [2025-01-30T03:08:08.465+0800] {dag.py:4180} INFO - Setting next_dagrun for example_subdag_operator.section-1 to None, run_after=None
[2025-01-30T03:08:08.466+0800] {logging_mixin.py:190} INFO - [2025-01-30T03:08:08.466+0800] {dag.py:4180} INFO - Setting next_dagrun for example_subdag_operator.section-2 to None, run_after=None
[2025-01-30T03:08:08.470+0800] {logging_mixin.py:190} INFO - [2025-01-30T03:08:08.469+0800] {dag.py:3239} INFO - Sync 2 DAGs
[2025-01-30T03:08:08.472+0800] {logging_mixin.py:190} INFO - [2025-01-30T03:08:08.472+0800] {dag.py:4180} INFO - Setting next_dagrun for example_subdag_operator.section-1 to None, run_after=None
[2025-01-30T03:08:08.473+0800] {logging_mixin.py:190} INFO - [2025-01-30T03:08:08.472+0800] {dag.py:4180} INFO - Setting next_dagrun for example_subdag_operator.section-2 to None, run_after=None
[2025-01-30T03:08:08.491+0800] {processor.py:208} INFO - Processing /home/anhtupham99/miniforge3/envs/nba/lib/python3.11/site-packages/airflow/example_dags/example_subdag_operator.py took 0.078 seconds
[2025-01-30T03:08:55.743+0800] {processor.py:186} INFO - Started process (PID=26425) to work on /home/anhtupham99/miniforge3/envs/nba/lib/python3.11/site-packages/airflow/example_dags/example_subdag_operator.py
[2025-01-30T03:08:55.744+0800] {processor.py:914} INFO - Processing file /home/anhtupham99/miniforge3/envs/nba/lib/python3.11/site-packages/airflow/example_dags/example_subdag_operator.py for tasks to queue
[2025-01-30T03:08:55.746+0800] {logging_mixin.py:190} INFO - [2025-01-30T03:08:55.745+0800] {dagbag.py:588} INFO - Filling up the DagBag from /home/anhtupham99/miniforge3/envs/nba/lib/python3.11/site-packages/airflow/example_dags/example_subdag_operator.py
[2025-01-30T03:08:55.764+0800] {processor.py:925} INFO - DAG(s) 'example_subdag_operator.section-1', 'example_subdag_operator.section-2', 'example_subdag_operator' retrieved from /home/anhtupham99/miniforge3/envs/nba/lib/python3.11/site-packages/airflow/example_dags/example_subdag_operator.py
[2025-01-30T03:08:55.775+0800] {logging_mixin.py:190} INFO - [2025-01-30T03:08:55.775+0800] {dag.py:3239} INFO - Sync 3 DAGs
[2025-01-30T03:08:55.790+0800] {logging_mixin.py:190} INFO - [2025-01-30T03:08:55.790+0800] {dag.py:4180} INFO - Setting next_dagrun for example_subdag_operator to 2022-01-01 00:00:00+00:00, run_after=2022-01-01 00:00:00+00:00
[2025-01-30T03:08:55.792+0800] {logging_mixin.py:190} INFO - [2025-01-30T03:08:55.792+0800] {dag.py:4180} INFO - Setting next_dagrun for example_subdag_operator.section-1 to None, run_after=None
[2025-01-30T03:08:55.793+0800] {logging_mixin.py:190} INFO - [2025-01-30T03:08:55.793+0800] {dag.py:4180} INFO - Setting next_dagrun for example_subdag_operator.section-2 to None, run_after=None
[2025-01-30T03:08:55.797+0800] {logging_mixin.py:190} INFO - [2025-01-30T03:08:55.796+0800] {dag.py:3239} INFO - Sync 2 DAGs
[2025-01-30T03:08:55.799+0800] {logging_mixin.py:190} INFO - [2025-01-30T03:08:55.799+0800] {dag.py:4180} INFO - Setting next_dagrun for example_subdag_operator.section-1 to None, run_after=None
[2025-01-30T03:08:55.800+0800] {logging_mixin.py:190} INFO - [2025-01-30T03:08:55.800+0800] {dag.py:4180} INFO - Setting next_dagrun for example_subdag_operator.section-2 to None, run_after=None
[2025-01-30T03:08:55.822+0800] {processor.py:208} INFO - Processing /home/anhtupham99/miniforge3/envs/nba/lib/python3.11/site-packages/airflow/example_dags/example_subdag_operator.py took 0.085 seconds
[2025-01-30T03:09:43.773+0800] {processor.py:186} INFO - Started process (PID=26718) to work on /home/anhtupham99/miniforge3/envs/nba/lib/python3.11/site-packages/airflow/example_dags/example_subdag_operator.py
[2025-01-30T03:09:43.774+0800] {processor.py:914} INFO - Processing file /home/anhtupham99/miniforge3/envs/nba/lib/python3.11/site-packages/airflow/example_dags/example_subdag_operator.py for tasks to queue
[2025-01-30T03:09:43.776+0800] {logging_mixin.py:190} INFO - [2025-01-30T03:09:43.776+0800] {dagbag.py:588} INFO - Filling up the DagBag from /home/anhtupham99/miniforge3/envs/nba/lib/python3.11/site-packages/airflow/example_dags/example_subdag_operator.py
[2025-01-30T03:09:43.792+0800] {processor.py:925} INFO - DAG(s) 'example_subdag_operator.section-1', 'example_subdag_operator.section-2', 'example_subdag_operator' retrieved from /home/anhtupham99/miniforge3/envs/nba/lib/python3.11/site-packages/airflow/example_dags/example_subdag_operator.py
[2025-01-30T03:09:43.801+0800] {logging_mixin.py:190} INFO - [2025-01-30T03:09:43.801+0800] {dag.py:3239} INFO - Sync 3 DAGs
[2025-01-30T03:09:43.814+0800] {logging_mixin.py:190} INFO - [2025-01-30T03:09:43.814+0800] {dag.py:4180} INFO - Setting next_dagrun for example_subdag_operator to 2022-01-01 00:00:00+00:00, run_after=2022-01-01 00:00:00+00:00
[2025-01-30T03:09:43.816+0800] {logging_mixin.py:190} INFO - [2025-01-30T03:09:43.816+0800] {dag.py:4180} INFO - Setting next_dagrun for example_subdag_operator.section-1 to None, run_after=None
[2025-01-30T03:09:43.817+0800] {logging_mixin.py:190} INFO - [2025-01-30T03:09:43.817+0800] {dag.py:4180} INFO - Setting next_dagrun for example_subdag_operator.section-2 to None, run_after=None
[2025-01-30T03:09:43.822+0800] {logging_mixin.py:190} INFO - [2025-01-30T03:09:43.821+0800] {dag.py:3239} INFO - Sync 2 DAGs
[2025-01-30T03:09:43.825+0800] {logging_mixin.py:190} INFO - [2025-01-30T03:09:43.825+0800] {dag.py:4180} INFO - Setting next_dagrun for example_subdag_operator.section-1 to None, run_after=None
[2025-01-30T03:09:43.825+0800] {logging_mixin.py:190} INFO - [2025-01-30T03:09:43.825+0800] {dag.py:4180} INFO - Setting next_dagrun for example_subdag_operator.section-2 to None, run_after=None
[2025-01-30T03:09:43.843+0800] {processor.py:208} INFO - Processing /home/anhtupham99/miniforge3/envs/nba/lib/python3.11/site-packages/airflow/example_dags/example_subdag_operator.py took 0.074 seconds
[2025-01-30T06:11:38.017+0800] {processor.py:186} INFO - Started process (PID=26924) to work on /home/anhtupham99/miniforge3/envs/nba/lib/python3.11/site-packages/airflow/example_dags/example_subdag_operator.py
[2025-01-30T06:11:38.019+0800] {processor.py:914} INFO - Processing file /home/anhtupham99/miniforge3/envs/nba/lib/python3.11/site-packages/airflow/example_dags/example_subdag_operator.py for tasks to queue
[2025-01-30T06:11:38.022+0800] {logging_mixin.py:190} INFO - [2025-01-30T06:11:38.022+0800] {dagbag.py:588} INFO - Filling up the DagBag from /home/anhtupham99/miniforge3/envs/nba/lib/python3.11/site-packages/airflow/example_dags/example_subdag_operator.py
[2025-01-30T06:11:38.047+0800] {processor.py:925} INFO - DAG(s) 'example_subdag_operator.section-1', 'example_subdag_operator.section-2', 'example_subdag_operator' retrieved from /home/anhtupham99/miniforge3/envs/nba/lib/python3.11/site-packages/airflow/example_dags/example_subdag_operator.py
[2025-01-30T06:11:38.056+0800] {logging_mixin.py:190} INFO - [2025-01-30T06:11:38.056+0800] {dag.py:3239} INFO - Sync 3 DAGs
[2025-01-30T06:11:38.069+0800] {logging_mixin.py:190} INFO - [2025-01-30T06:11:38.069+0800] {dag.py:4180} INFO - Setting next_dagrun for example_subdag_operator to 2022-01-01 00:00:00+00:00, run_after=2022-01-01 00:00:00+00:00
[2025-01-30T06:11:38.071+0800] {logging_mixin.py:190} INFO - [2025-01-30T06:11:38.071+0800] {dag.py:4180} INFO - Setting next_dagrun for example_subdag_operator.section-1 to None, run_after=None
[2025-01-30T06:11:38.071+0800] {logging_mixin.py:190} INFO - [2025-01-30T06:11:38.071+0800] {dag.py:4180} INFO - Setting next_dagrun for example_subdag_operator.section-2 to None, run_after=None
[2025-01-30T06:11:38.075+0800] {logging_mixin.py:190} INFO - [2025-01-30T06:11:38.075+0800] {dag.py:3239} INFO - Sync 2 DAGs
[2025-01-30T06:11:38.077+0800] {logging_mixin.py:190} INFO - [2025-01-30T06:11:38.077+0800] {dag.py:4180} INFO - Setting next_dagrun for example_subdag_operator.section-1 to None, run_after=None
[2025-01-30T06:11:38.077+0800] {logging_mixin.py:190} INFO - [2025-01-30T06:11:38.077+0800] {dag.py:4180} INFO - Setting next_dagrun for example_subdag_operator.section-2 to None, run_after=None
[2025-01-30T06:11:38.104+0800] {processor.py:208} INFO - Processing /home/anhtupham99/miniforge3/envs/nba/lib/python3.11/site-packages/airflow/example_dags/example_subdag_operator.py took 0.098 seconds
[2025-01-30T06:12:32.751+0800] {processor.py:186} INFO - Started process (PID=27226) to work on /home/anhtupham99/miniforge3/envs/nba/lib/python3.11/site-packages/airflow/example_dags/example_subdag_operator.py
[2025-01-30T06:12:32.753+0800] {processor.py:914} INFO - Processing file /home/anhtupham99/miniforge3/envs/nba/lib/python3.11/site-packages/airflow/example_dags/example_subdag_operator.py for tasks to queue
[2025-01-30T06:12:32.757+0800] {logging_mixin.py:190} INFO - [2025-01-30T06:12:32.757+0800] {dagbag.py:588} INFO - Filling up the DagBag from /home/anhtupham99/miniforge3/envs/nba/lib/python3.11/site-packages/airflow/example_dags/example_subdag_operator.py
[2025-01-30T06:12:32.778+0800] {processor.py:925} INFO - DAG(s) 'example_subdag_operator.section-1', 'example_subdag_operator.section-2', 'example_subdag_operator' retrieved from /home/anhtupham99/miniforge3/envs/nba/lib/python3.11/site-packages/airflow/example_dags/example_subdag_operator.py
[2025-01-30T06:12:32.787+0800] {logging_mixin.py:190} INFO - [2025-01-30T06:12:32.787+0800] {dag.py:3239} INFO - Sync 3 DAGs
[2025-01-30T06:12:32.801+0800] {logging_mixin.py:190} INFO - [2025-01-30T06:12:32.801+0800] {dag.py:4180} INFO - Setting next_dagrun for example_subdag_operator to 2022-01-01 00:00:00+00:00, run_after=2022-01-01 00:00:00+00:00
[2025-01-30T06:12:32.803+0800] {logging_mixin.py:190} INFO - [2025-01-30T06:12:32.803+0800] {dag.py:4180} INFO - Setting next_dagrun for example_subdag_operator.section-1 to None, run_after=None
[2025-01-30T06:12:32.803+0800] {logging_mixin.py:190} INFO - [2025-01-30T06:12:32.803+0800] {dag.py:4180} INFO - Setting next_dagrun for example_subdag_operator.section-2 to None, run_after=None
[2025-01-30T06:12:32.807+0800] {logging_mixin.py:190} INFO - [2025-01-30T06:12:32.807+0800] {dag.py:3239} INFO - Sync 2 DAGs
[2025-01-30T06:12:32.810+0800] {logging_mixin.py:190} INFO - [2025-01-30T06:12:32.810+0800] {dag.py:4180} INFO - Setting next_dagrun for example_subdag_operator.section-1 to None, run_after=None
[2025-01-30T06:12:32.810+0800] {logging_mixin.py:190} INFO - [2025-01-30T06:12:32.810+0800] {dag.py:4180} INFO - Setting next_dagrun for example_subdag_operator.section-2 to None, run_after=None
[2025-01-30T06:12:32.832+0800] {processor.py:208} INFO - Processing /home/anhtupham99/miniforge3/envs/nba/lib/python3.11/site-packages/airflow/example_dags/example_subdag_operator.py took 0.091 seconds
[2025-01-30T06:13:21.285+0800] {processor.py:186} INFO - Started process (PID=27543) to work on /home/anhtupham99/miniforge3/envs/nba/lib/python3.11/site-packages/airflow/example_dags/example_subdag_operator.py
[2025-01-30T06:13:21.286+0800] {processor.py:914} INFO - Processing file /home/anhtupham99/miniforge3/envs/nba/lib/python3.11/site-packages/airflow/example_dags/example_subdag_operator.py for tasks to queue
[2025-01-30T06:13:21.288+0800] {logging_mixin.py:190} INFO - [2025-01-30T06:13:21.287+0800] {dagbag.py:588} INFO - Filling up the DagBag from /home/anhtupham99/miniforge3/envs/nba/lib/python3.11/site-packages/airflow/example_dags/example_subdag_operator.py
[2025-01-30T06:13:21.304+0800] {processor.py:925} INFO - DAG(s) 'example_subdag_operator.section-1', 'example_subdag_operator.section-2', 'example_subdag_operator' retrieved from /home/anhtupham99/miniforge3/envs/nba/lib/python3.11/site-packages/airflow/example_dags/example_subdag_operator.py
[2025-01-30T06:13:21.313+0800] {logging_mixin.py:190} INFO - [2025-01-30T06:13:21.312+0800] {dag.py:3239} INFO - Sync 3 DAGs
[2025-01-30T06:13:21.331+0800] {logging_mixin.py:190} INFO - [2025-01-30T06:13:21.331+0800] {dag.py:4180} INFO - Setting next_dagrun for example_subdag_operator to 2022-01-01 00:00:00+00:00, run_after=2022-01-01 00:00:00+00:00
[2025-01-30T06:13:21.335+0800] {logging_mixin.py:190} INFO - [2025-01-30T06:13:21.335+0800] {dag.py:4180} INFO - Setting next_dagrun for example_subdag_operator.section-1 to None, run_after=None
[2025-01-30T06:13:21.336+0800] {logging_mixin.py:190} INFO - [2025-01-30T06:13:21.336+0800] {dag.py:4180} INFO - Setting next_dagrun for example_subdag_operator.section-2 to None, run_after=None
[2025-01-30T06:13:21.340+0800] {logging_mixin.py:190} INFO - [2025-01-30T06:13:21.340+0800] {dag.py:3239} INFO - Sync 2 DAGs
[2025-01-30T06:13:21.342+0800] {logging_mixin.py:190} INFO - [2025-01-30T06:13:21.342+0800] {dag.py:4180} INFO - Setting next_dagrun for example_subdag_operator.section-1 to None, run_after=None
[2025-01-30T06:13:21.342+0800] {logging_mixin.py:190} INFO - [2025-01-30T06:13:21.342+0800] {dag.py:4180} INFO - Setting next_dagrun for example_subdag_operator.section-2 to None, run_after=None
[2025-01-30T06:13:21.364+0800] {processor.py:208} INFO - Processing /home/anhtupham99/miniforge3/envs/nba/lib/python3.11/site-packages/airflow/example_dags/example_subdag_operator.py took 0.085 seconds
