[2025-01-30T02:34:47.829+0800] {processor.py:186} INFO - Started process (PID=14398) to work on /home/anhtupham99/miniforge3/envs/nba/lib/python3.11/site-packages/airflow/example_dags/example_params_ui_tutorial.py
[2025-01-30T02:34:47.830+0800] {processor.py:914} INFO - Processing file /home/anhtupham99/miniforge3/envs/nba/lib/python3.11/site-packages/airflow/example_dags/example_params_ui_tutorial.py for tasks to queue
[2025-01-30T02:34:47.831+0800] {logging_mixin.py:190} INFO - [2025-01-30T02:34:47.831+0800] {dagbag.py:588} INFO - Filling up the DagBag from /home/anhtupham99/miniforge3/envs/nba/lib/python3.11/site-packages/airflow/example_dags/example_params_ui_tutorial.py
[2025-01-30T02:34:47.837+0800] {processor.py:925} INFO - DAG(s) 'example_params_ui_tutorial' retrieved from /home/anhtupham99/miniforge3/envs/nba/lib/python3.11/site-packages/airflow/example_dags/example_params_ui_tutorial.py
[2025-01-30T02:34:47.946+0800] {logging_mixin.py:190} INFO - [2025-01-30T02:34:47.945+0800] {override.py:1911} INFO - Created Permission View: can delete on DAG:example_params_ui_tutorial
[2025-01-30T02:34:47.965+0800] {logging_mixin.py:190} INFO - [2025-01-30T02:34:47.964+0800] {override.py:1911} INFO - Created Permission View: can read on DAG:example_params_ui_tutorial
[2025-01-30T02:34:47.989+0800] {logging_mixin.py:190} INFO - [2025-01-30T02:34:47.989+0800] {override.py:1911} INFO - Created Permission View: can edit on DAG:example_params_ui_tutorial
[2025-01-30T02:34:48.016+0800] {logging_mixin.py:190} INFO - [2025-01-30T02:34:48.015+0800] {override.py:1911} INFO - Created Permission View: can delete on DAG Run:example_params_ui_tutorial
[2025-01-30T02:34:48.040+0800] {logging_mixin.py:190} INFO - [2025-01-30T02:34:48.039+0800] {override.py:1911} INFO - Created Permission View: can create on DAG Run:example_params_ui_tutorial
[2025-01-30T02:34:48.064+0800] {logging_mixin.py:190} INFO - [2025-01-30T02:34:48.063+0800] {override.py:1911} INFO - Created Permission View: menu access on DAG Run:example_params_ui_tutorial
[2025-01-30T02:34:48.078+0800] {logging_mixin.py:190} INFO - [2025-01-30T02:34:48.077+0800] {override.py:1911} INFO - Created Permission View: can read on DAG Run:example_params_ui_tutorial
[2025-01-30T02:34:48.078+0800] {logging_mixin.py:190} INFO - [2025-01-30T02:34:48.078+0800] {dag.py:3239} INFO - Sync 1 DAGs
[2025-01-30T02:34:48.085+0800] {logging_mixin.py:190} INFO - [2025-01-30T02:34:48.085+0800] {dag.py:3262} INFO - Creating ORM DAG for example_params_ui_tutorial
[2025-01-30T02:34:48.086+0800] {logging_mixin.py:190} INFO - [2025-01-30T02:34:48.086+0800] {dag.py:4180} INFO - Setting next_dagrun for example_params_ui_tutorial to None, run_after=None
[2025-01-30T02:34:48.118+0800] {processor.py:208} INFO - Processing /home/anhtupham99/miniforge3/envs/nba/lib/python3.11/site-packages/airflow/example_dags/example_params_ui_tutorial.py took 0.299 seconds
[2025-01-30T02:36:00.380+0800] {processor.py:186} INFO - Started process (PID=14830) to work on /home/anhtupham99/miniforge3/envs/nba/lib/python3.11/site-packages/airflow/example_dags/example_params_ui_tutorial.py
[2025-01-30T02:36:00.382+0800] {processor.py:914} INFO - Processing file /home/anhtupham99/miniforge3/envs/nba/lib/python3.11/site-packages/airflow/example_dags/example_params_ui_tutorial.py for tasks to queue
[2025-01-30T02:36:00.385+0800] {logging_mixin.py:190} INFO - [2025-01-30T02:36:00.385+0800] {dagbag.py:588} INFO - Filling up the DagBag from /home/anhtupham99/miniforge3/envs/nba/lib/python3.11/site-packages/airflow/example_dags/example_params_ui_tutorial.py
[2025-01-30T02:36:00.398+0800] {processor.py:925} INFO - DAG(s) 'example_params_ui_tutorial' retrieved from /home/anhtupham99/miniforge3/envs/nba/lib/python3.11/site-packages/airflow/example_dags/example_params_ui_tutorial.py
[2025-01-30T02:36:00.424+0800] {logging_mixin.py:190} INFO - [2025-01-30T02:36:00.424+0800] {dag.py:3239} INFO - Sync 1 DAGs
[2025-01-30T02:36:00.432+0800] {logging_mixin.py:190} INFO - [2025-01-30T02:36:00.432+0800] {dag.py:4180} INFO - Setting next_dagrun for example_params_ui_tutorial to None, run_after=None
[2025-01-30T02:36:00.460+0800] {processor.py:208} INFO - Processing /home/anhtupham99/miniforge3/envs/nba/lib/python3.11/site-packages/airflow/example_dags/example_params_ui_tutorial.py took 0.088 seconds
[2025-01-30T02:47:58.828+0800] {processor.py:186} INFO - Started process (PID=18936) to work on /home/anhtupham99/miniforge3/envs/nba/lib/python3.11/site-packages/airflow/example_dags/example_params_ui_tutorial.py
[2025-01-30T02:47:58.834+0800] {processor.py:914} INFO - Processing file /home/anhtupham99/miniforge3/envs/nba/lib/python3.11/site-packages/airflow/example_dags/example_params_ui_tutorial.py for tasks to queue
[2025-01-30T02:47:58.840+0800] {logging_mixin.py:190} INFO - [2025-01-30T02:47:58.840+0800] {dagbag.py:588} INFO - Filling up the DagBag from /home/anhtupham99/miniforge3/envs/nba/lib/python3.11/site-packages/airflow/example_dags/example_params_ui_tutorial.py
[2025-01-30T02:47:58.857+0800] {processor.py:925} INFO - DAG(s) 'example_params_ui_tutorial' retrieved from /home/anhtupham99/miniforge3/envs/nba/lib/python3.11/site-packages/airflow/example_dags/example_params_ui_tutorial.py
[2025-01-30T02:47:58.895+0800] {logging_mixin.py:190} INFO - [2025-01-30T02:47:58.895+0800] {dag.py:3239} INFO - Sync 1 DAGs
[2025-01-30T02:47:58.906+0800] {logging_mixin.py:190} INFO - [2025-01-30T02:47:58.906+0800] {dag.py:4180} INFO - Setting next_dagrun for example_params_ui_tutorial to None, run_after=None
[2025-01-30T02:47:58.933+0800] {processor.py:208} INFO - Processing /home/anhtupham99/miniforge3/envs/nba/lib/python3.11/site-packages/airflow/example_dags/example_params_ui_tutorial.py took 0.120 seconds
[2025-01-30T02:48:55.425+0800] {processor.py:186} INFO - Started process (PID=19354) to work on /home/anhtupham99/miniforge3/envs/nba/lib/python3.11/site-packages/airflow/example_dags/example_params_ui_tutorial.py
[2025-01-30T02:48:55.428+0800] {processor.py:914} INFO - Processing file /home/anhtupham99/miniforge3/envs/nba/lib/python3.11/site-packages/airflow/example_dags/example_params_ui_tutorial.py for tasks to queue
[2025-01-30T02:48:55.434+0800] {logging_mixin.py:190} INFO - [2025-01-30T02:48:55.433+0800] {dagbag.py:588} INFO - Filling up the DagBag from /home/anhtupham99/miniforge3/envs/nba/lib/python3.11/site-packages/airflow/example_dags/example_params_ui_tutorial.py
[2025-01-30T02:48:55.456+0800] {processor.py:925} INFO - DAG(s) 'example_params_ui_tutorial' retrieved from /home/anhtupham99/miniforge3/envs/nba/lib/python3.11/site-packages/airflow/example_dags/example_params_ui_tutorial.py
[2025-01-30T02:48:55.483+0800] {logging_mixin.py:190} INFO - [2025-01-30T02:48:55.483+0800] {dag.py:3239} INFO - Sync 1 DAGs
[2025-01-30T02:48:55.491+0800] {logging_mixin.py:190} INFO - [2025-01-30T02:48:55.490+0800] {dag.py:4180} INFO - Setting next_dagrun for example_params_ui_tutorial to None, run_after=None
[2025-01-30T02:48:55.516+0800] {processor.py:208} INFO - Processing /home/anhtupham99/miniforge3/envs/nba/lib/python3.11/site-packages/airflow/example_dags/example_params_ui_tutorial.py took 0.107 seconds
[2025-01-30T02:49:47.732+0800] {processor.py:186} INFO - Started process (PID=19677) to work on /home/anhtupham99/miniforge3/envs/nba/lib/python3.11/site-packages/airflow/example_dags/example_params_ui_tutorial.py
[2025-01-30T02:49:47.738+0800] {processor.py:914} INFO - Processing file /home/anhtupham99/miniforge3/envs/nba/lib/python3.11/site-packages/airflow/example_dags/example_params_ui_tutorial.py for tasks to queue
[2025-01-30T02:49:47.744+0800] {logging_mixin.py:190} INFO - [2025-01-30T02:49:47.743+0800] {dagbag.py:588} INFO - Filling up the DagBag from /home/anhtupham99/miniforge3/envs/nba/lib/python3.11/site-packages/airflow/example_dags/example_params_ui_tutorial.py
[2025-01-30T02:49:47.750+0800] {processor.py:925} INFO - DAG(s) 'example_params_ui_tutorial' retrieved from /home/anhtupham99/miniforge3/envs/nba/lib/python3.11/site-packages/airflow/example_dags/example_params_ui_tutorial.py
[2025-01-30T02:49:47.772+0800] {logging_mixin.py:190} INFO - [2025-01-30T02:49:47.772+0800] {dag.py:3239} INFO - Sync 1 DAGs
[2025-01-30T02:49:47.780+0800] {logging_mixin.py:190} INFO - [2025-01-30T02:49:47.780+0800] {dag.py:4180} INFO - Setting next_dagrun for example_params_ui_tutorial to None, run_after=None
[2025-01-30T02:49:47.805+0800] {processor.py:208} INFO - Processing /home/anhtupham99/miniforge3/envs/nba/lib/python3.11/site-packages/airflow/example_dags/example_params_ui_tutorial.py took 0.087 seconds
[2025-01-30T02:50:43.659+0800] {processor.py:186} INFO - Started process (PID=19993) to work on /home/anhtupham99/miniforge3/envs/nba/lib/python3.11/site-packages/airflow/example_dags/example_params_ui_tutorial.py
[2025-01-30T02:50:43.661+0800] {processor.py:914} INFO - Processing file /home/anhtupham99/miniforge3/envs/nba/lib/python3.11/site-packages/airflow/example_dags/example_params_ui_tutorial.py for tasks to queue
[2025-01-30T02:50:43.665+0800] {logging_mixin.py:190} INFO - [2025-01-30T02:50:43.664+0800] {dagbag.py:588} INFO - Filling up the DagBag from /home/anhtupham99/miniforge3/envs/nba/lib/python3.11/site-packages/airflow/example_dags/example_params_ui_tutorial.py
[2025-01-30T02:50:43.679+0800] {processor.py:925} INFO - DAG(s) 'example_params_ui_tutorial' retrieved from /home/anhtupham99/miniforge3/envs/nba/lib/python3.11/site-packages/airflow/example_dags/example_params_ui_tutorial.py
[2025-01-30T02:50:43.705+0800] {logging_mixin.py:190} INFO - [2025-01-30T02:50:43.704+0800] {dag.py:3239} INFO - Sync 1 DAGs
[2025-01-30T02:50:43.714+0800] {logging_mixin.py:190} INFO - [2025-01-30T02:50:43.714+0800] {dag.py:4180} INFO - Setting next_dagrun for example_params_ui_tutorial to None, run_after=None
[2025-01-30T02:50:43.737+0800] {processor.py:208} INFO - Processing /home/anhtupham99/miniforge3/envs/nba/lib/python3.11/site-packages/airflow/example_dags/example_params_ui_tutorial.py took 0.088 seconds
[2025-01-30T02:51:37.929+0800] {processor.py:186} INFO - Started process (PID=20289) to work on /home/anhtupham99/miniforge3/envs/nba/lib/python3.11/site-packages/airflow/example_dags/example_params_ui_tutorial.py
[2025-01-30T02:51:37.935+0800] {processor.py:914} INFO - Processing file /home/anhtupham99/miniforge3/envs/nba/lib/python3.11/site-packages/airflow/example_dags/example_params_ui_tutorial.py for tasks to queue
[2025-01-30T02:51:37.939+0800] {logging_mixin.py:190} INFO - [2025-01-30T02:51:37.938+0800] {dagbag.py:588} INFO - Filling up the DagBag from /home/anhtupham99/miniforge3/envs/nba/lib/python3.11/site-packages/airflow/example_dags/example_params_ui_tutorial.py
[2025-01-30T02:51:37.952+0800] {processor.py:925} INFO - DAG(s) 'example_params_ui_tutorial' retrieved from /home/anhtupham99/miniforge3/envs/nba/lib/python3.11/site-packages/airflow/example_dags/example_params_ui_tutorial.py
[2025-01-30T02:51:37.974+0800] {logging_mixin.py:190} INFO - [2025-01-30T02:51:37.974+0800] {dag.py:3239} INFO - Sync 1 DAGs
[2025-01-30T02:51:37.982+0800] {logging_mixin.py:190} INFO - [2025-01-30T02:51:37.982+0800] {dag.py:4180} INFO - Setting next_dagrun for example_params_ui_tutorial to None, run_after=None
[2025-01-30T02:51:38.017+0800] {processor.py:208} INFO - Processing /home/anhtupham99/miniforge3/envs/nba/lib/python3.11/site-packages/airflow/example_dags/example_params_ui_tutorial.py took 0.097 seconds
[2025-01-30T02:52:30.480+0800] {processor.py:186} INFO - Started process (PID=20585) to work on /home/anhtupham99/miniforge3/envs/nba/lib/python3.11/site-packages/airflow/example_dags/example_params_ui_tutorial.py
[2025-01-30T02:52:30.484+0800] {processor.py:914} INFO - Processing file /home/anhtupham99/miniforge3/envs/nba/lib/python3.11/site-packages/airflow/example_dags/example_params_ui_tutorial.py for tasks to queue
[2025-01-30T02:52:30.487+0800] {logging_mixin.py:190} INFO - [2025-01-30T02:52:30.487+0800] {dagbag.py:588} INFO - Filling up the DagBag from /home/anhtupham99/miniforge3/envs/nba/lib/python3.11/site-packages/airflow/example_dags/example_params_ui_tutorial.py
[2025-01-30T02:52:30.498+0800] {processor.py:925} INFO - DAG(s) 'example_params_ui_tutorial' retrieved from /home/anhtupham99/miniforge3/envs/nba/lib/python3.11/site-packages/airflow/example_dags/example_params_ui_tutorial.py
[2025-01-30T02:52:30.524+0800] {logging_mixin.py:190} INFO - [2025-01-30T02:52:30.523+0800] {dag.py:3239} INFO - Sync 1 DAGs
[2025-01-30T02:52:30.532+0800] {logging_mixin.py:190} INFO - [2025-01-30T02:52:30.531+0800] {dag.py:4180} INFO - Setting next_dagrun for example_params_ui_tutorial to None, run_after=None
[2025-01-30T02:52:30.555+0800] {processor.py:208} INFO - Processing /home/anhtupham99/miniforge3/envs/nba/lib/python3.11/site-packages/airflow/example_dags/example_params_ui_tutorial.py took 0.083 seconds
[2025-01-30T02:53:23.053+0800] {processor.py:186} INFO - Started process (PID=20914) to work on /home/anhtupham99/miniforge3/envs/nba/lib/python3.11/site-packages/airflow/example_dags/example_params_ui_tutorial.py
[2025-01-30T02:53:23.054+0800] {processor.py:914} INFO - Processing file /home/anhtupham99/miniforge3/envs/nba/lib/python3.11/site-packages/airflow/example_dags/example_params_ui_tutorial.py for tasks to queue
[2025-01-30T02:53:23.056+0800] {logging_mixin.py:190} INFO - [2025-01-30T02:53:23.055+0800] {dagbag.py:588} INFO - Filling up the DagBag from /home/anhtupham99/miniforge3/envs/nba/lib/python3.11/site-packages/airflow/example_dags/example_params_ui_tutorial.py
[2025-01-30T02:53:23.062+0800] {processor.py:925} INFO - DAG(s) 'example_params_ui_tutorial' retrieved from /home/anhtupham99/miniforge3/envs/nba/lib/python3.11/site-packages/airflow/example_dags/example_params_ui_tutorial.py
[2025-01-30T02:53:23.085+0800] {logging_mixin.py:190} INFO - [2025-01-30T02:53:23.085+0800] {dag.py:3239} INFO - Sync 1 DAGs
[2025-01-30T02:53:23.093+0800] {logging_mixin.py:190} INFO - [2025-01-30T02:53:23.093+0800] {dag.py:4180} INFO - Setting next_dagrun for example_params_ui_tutorial to None, run_after=None
[2025-01-30T02:53:23.115+0800] {processor.py:208} INFO - Processing /home/anhtupham99/miniforge3/envs/nba/lib/python3.11/site-packages/airflow/example_dags/example_params_ui_tutorial.py took 0.066 seconds
[2025-01-30T02:54:16.029+0800] {processor.py:186} INFO - Started process (PID=21213) to work on /home/anhtupham99/miniforge3/envs/nba/lib/python3.11/site-packages/airflow/example_dags/example_params_ui_tutorial.py
[2025-01-30T02:54:16.030+0800] {processor.py:914} INFO - Processing file /home/anhtupham99/miniforge3/envs/nba/lib/python3.11/site-packages/airflow/example_dags/example_params_ui_tutorial.py for tasks to queue
[2025-01-30T02:54:16.032+0800] {logging_mixin.py:190} INFO - [2025-01-30T02:54:16.032+0800] {dagbag.py:588} INFO - Filling up the DagBag from /home/anhtupham99/miniforge3/envs/nba/lib/python3.11/site-packages/airflow/example_dags/example_params_ui_tutorial.py
[2025-01-30T02:54:16.038+0800] {processor.py:925} INFO - DAG(s) 'example_params_ui_tutorial' retrieved from /home/anhtupham99/miniforge3/envs/nba/lib/python3.11/site-packages/airflow/example_dags/example_params_ui_tutorial.py
[2025-01-30T02:54:16.062+0800] {logging_mixin.py:190} INFO - [2025-01-30T02:54:16.062+0800] {dag.py:3239} INFO - Sync 1 DAGs
[2025-01-30T02:54:16.070+0800] {logging_mixin.py:190} INFO - [2025-01-30T02:54:16.070+0800] {dag.py:4180} INFO - Setting next_dagrun for example_params_ui_tutorial to None, run_after=None
[2025-01-30T02:54:16.092+0800] {processor.py:208} INFO - Processing /home/anhtupham99/miniforge3/envs/nba/lib/python3.11/site-packages/airflow/example_dags/example_params_ui_tutorial.py took 0.068 seconds
[2025-01-30T02:55:01.888+0800] {processor.py:186} INFO - Started process (PID=21477) to work on /home/anhtupham99/miniforge3/envs/nba/lib/python3.11/site-packages/airflow/example_dags/example_params_ui_tutorial.py
[2025-01-30T02:55:01.889+0800] {processor.py:914} INFO - Processing file /home/anhtupham99/miniforge3/envs/nba/lib/python3.11/site-packages/airflow/example_dags/example_params_ui_tutorial.py for tasks to queue
[2025-01-30T02:55:01.891+0800] {logging_mixin.py:190} INFO - [2025-01-30T02:55:01.891+0800] {dagbag.py:588} INFO - Filling up the DagBag from /home/anhtupham99/miniforge3/envs/nba/lib/python3.11/site-packages/airflow/example_dags/example_params_ui_tutorial.py
[2025-01-30T02:55:01.897+0800] {processor.py:925} INFO - DAG(s) 'example_params_ui_tutorial' retrieved from /home/anhtupham99/miniforge3/envs/nba/lib/python3.11/site-packages/airflow/example_dags/example_params_ui_tutorial.py
[2025-01-30T02:55:01.921+0800] {logging_mixin.py:190} INFO - [2025-01-30T02:55:01.921+0800] {dag.py:3239} INFO - Sync 1 DAGs
[2025-01-30T02:55:01.929+0800] {logging_mixin.py:190} INFO - [2025-01-30T02:55:01.929+0800] {dag.py:4180} INFO - Setting next_dagrun for example_params_ui_tutorial to None, run_after=None
[2025-01-30T02:55:01.952+0800] {processor.py:208} INFO - Processing /home/anhtupham99/miniforge3/envs/nba/lib/python3.11/site-packages/airflow/example_dags/example_params_ui_tutorial.py took 0.069 seconds
[2025-01-30T02:55:52.605+0800] {processor.py:186} INFO - Started process (PID=21776) to work on /home/anhtupham99/miniforge3/envs/nba/lib/python3.11/site-packages/airflow/example_dags/example_params_ui_tutorial.py
[2025-01-30T02:55:52.606+0800] {processor.py:914} INFO - Processing file /home/anhtupham99/miniforge3/envs/nba/lib/python3.11/site-packages/airflow/example_dags/example_params_ui_tutorial.py for tasks to queue
[2025-01-30T02:55:52.608+0800] {logging_mixin.py:190} INFO - [2025-01-30T02:55:52.607+0800] {dagbag.py:588} INFO - Filling up the DagBag from /home/anhtupham99/miniforge3/envs/nba/lib/python3.11/site-packages/airflow/example_dags/example_params_ui_tutorial.py
[2025-01-30T02:55:52.614+0800] {processor.py:925} INFO - DAG(s) 'example_params_ui_tutorial' retrieved from /home/anhtupham99/miniforge3/envs/nba/lib/python3.11/site-packages/airflow/example_dags/example_params_ui_tutorial.py
[2025-01-30T02:55:52.636+0800] {logging_mixin.py:190} INFO - [2025-01-30T02:55:52.636+0800] {dag.py:3239} INFO - Sync 1 DAGs
[2025-01-30T02:55:52.644+0800] {logging_mixin.py:190} INFO - [2025-01-30T02:55:52.644+0800] {dag.py:4180} INFO - Setting next_dagrun for example_params_ui_tutorial to None, run_after=None
[2025-01-30T02:55:52.666+0800] {processor.py:208} INFO - Processing /home/anhtupham99/miniforge3/envs/nba/lib/python3.11/site-packages/airflow/example_dags/example_params_ui_tutorial.py took 0.066 seconds
[2025-01-30T02:56:38.114+0800] {processor.py:186} INFO - Started process (PID=22043) to work on /home/anhtupham99/miniforge3/envs/nba/lib/python3.11/site-packages/airflow/example_dags/example_params_ui_tutorial.py
[2025-01-30T02:56:38.115+0800] {processor.py:914} INFO - Processing file /home/anhtupham99/miniforge3/envs/nba/lib/python3.11/site-packages/airflow/example_dags/example_params_ui_tutorial.py for tasks to queue
[2025-01-30T02:56:38.117+0800] {logging_mixin.py:190} INFO - [2025-01-30T02:56:38.117+0800] {dagbag.py:588} INFO - Filling up the DagBag from /home/anhtupham99/miniforge3/envs/nba/lib/python3.11/site-packages/airflow/example_dags/example_params_ui_tutorial.py
[2025-01-30T02:56:38.124+0800] {processor.py:925} INFO - DAG(s) 'example_params_ui_tutorial' retrieved from /home/anhtupham99/miniforge3/envs/nba/lib/python3.11/site-packages/airflow/example_dags/example_params_ui_tutorial.py
[2025-01-30T02:56:38.146+0800] {logging_mixin.py:190} INFO - [2025-01-30T02:56:38.146+0800] {dag.py:3239} INFO - Sync 1 DAGs
[2025-01-30T02:56:38.154+0800] {logging_mixin.py:190} INFO - [2025-01-30T02:56:38.154+0800] {dag.py:4180} INFO - Setting next_dagrun for example_params_ui_tutorial to None, run_after=None
[2025-01-30T02:56:38.176+0800] {processor.py:208} INFO - Processing /home/anhtupham99/miniforge3/envs/nba/lib/python3.11/site-packages/airflow/example_dags/example_params_ui_tutorial.py took 0.066 seconds
[2025-01-30T02:57:25.812+0800] {processor.py:186} INFO - Started process (PID=22362) to work on /home/anhtupham99/miniforge3/envs/nba/lib/python3.11/site-packages/airflow/example_dags/example_params_ui_tutorial.py
[2025-01-30T02:57:25.816+0800] {processor.py:914} INFO - Processing file /home/anhtupham99/miniforge3/envs/nba/lib/python3.11/site-packages/airflow/example_dags/example_params_ui_tutorial.py for tasks to queue
[2025-01-30T02:57:25.818+0800] {logging_mixin.py:190} INFO - [2025-01-30T02:57:25.818+0800] {dagbag.py:588} INFO - Filling up the DagBag from /home/anhtupham99/miniforge3/envs/nba/lib/python3.11/site-packages/airflow/example_dags/example_params_ui_tutorial.py
[2025-01-30T02:57:25.826+0800] {processor.py:925} INFO - DAG(s) 'example_params_ui_tutorial' retrieved from /home/anhtupham99/miniforge3/envs/nba/lib/python3.11/site-packages/airflow/example_dags/example_params_ui_tutorial.py
[2025-01-30T02:57:25.852+0800] {logging_mixin.py:190} INFO - [2025-01-30T02:57:25.852+0800] {dag.py:3239} INFO - Sync 1 DAGs
[2025-01-30T02:57:25.862+0800] {logging_mixin.py:190} INFO - [2025-01-30T02:57:25.861+0800] {dag.py:4180} INFO - Setting next_dagrun for example_params_ui_tutorial to None, run_after=None
[2025-01-30T02:57:25.885+0800] {processor.py:208} INFO - Processing /home/anhtupham99/miniforge3/envs/nba/lib/python3.11/site-packages/airflow/example_dags/example_params_ui_tutorial.py took 0.078 seconds
[2025-01-30T02:58:14.819+0800] {processor.py:186} INFO - Started process (PID=22643) to work on /home/anhtupham99/miniforge3/envs/nba/lib/python3.11/site-packages/airflow/example_dags/example_params_ui_tutorial.py
[2025-01-30T02:58:14.823+0800] {processor.py:914} INFO - Processing file /home/anhtupham99/miniforge3/envs/nba/lib/python3.11/site-packages/airflow/example_dags/example_params_ui_tutorial.py for tasks to queue
[2025-01-30T02:58:14.825+0800] {logging_mixin.py:190} INFO - [2025-01-30T02:58:14.824+0800] {dagbag.py:588} INFO - Filling up the DagBag from /home/anhtupham99/miniforge3/envs/nba/lib/python3.11/site-packages/airflow/example_dags/example_params_ui_tutorial.py
[2025-01-30T02:58:14.831+0800] {processor.py:925} INFO - DAG(s) 'example_params_ui_tutorial' retrieved from /home/anhtupham99/miniforge3/envs/nba/lib/python3.11/site-packages/airflow/example_dags/example_params_ui_tutorial.py
[2025-01-30T02:58:14.854+0800] {logging_mixin.py:190} INFO - [2025-01-30T02:58:14.854+0800] {dag.py:3239} INFO - Sync 1 DAGs
[2025-01-30T02:58:14.862+0800] {logging_mixin.py:190} INFO - [2025-01-30T02:58:14.862+0800] {dag.py:4180} INFO - Setting next_dagrun for example_params_ui_tutorial to None, run_after=None
[2025-01-30T02:58:14.886+0800] {processor.py:208} INFO - Processing /home/anhtupham99/miniforge3/envs/nba/lib/python3.11/site-packages/airflow/example_dags/example_params_ui_tutorial.py took 0.070 seconds
[2025-01-30T02:59:04.868+0800] {processor.py:186} INFO - Started process (PID=22931) to work on /home/anhtupham99/miniforge3/envs/nba/lib/python3.11/site-packages/airflow/example_dags/example_params_ui_tutorial.py
[2025-01-30T02:59:04.869+0800] {processor.py:914} INFO - Processing file /home/anhtupham99/miniforge3/envs/nba/lib/python3.11/site-packages/airflow/example_dags/example_params_ui_tutorial.py for tasks to queue
[2025-01-30T02:59:04.871+0800] {logging_mixin.py:190} INFO - [2025-01-30T02:59:04.870+0800] {dagbag.py:588} INFO - Filling up the DagBag from /home/anhtupham99/miniforge3/envs/nba/lib/python3.11/site-packages/airflow/example_dags/example_params_ui_tutorial.py
[2025-01-30T02:59:04.877+0800] {processor.py:925} INFO - DAG(s) 'example_params_ui_tutorial' retrieved from /home/anhtupham99/miniforge3/envs/nba/lib/python3.11/site-packages/airflow/example_dags/example_params_ui_tutorial.py
[2025-01-30T02:59:04.900+0800] {logging_mixin.py:190} INFO - [2025-01-30T02:59:04.900+0800] {dag.py:3239} INFO - Sync 1 DAGs
[2025-01-30T02:59:04.908+0800] {logging_mixin.py:190} INFO - [2025-01-30T02:59:04.908+0800] {dag.py:4180} INFO - Setting next_dagrun for example_params_ui_tutorial to None, run_after=None
[2025-01-30T02:59:04.930+0800] {processor.py:208} INFO - Processing /home/anhtupham99/miniforge3/envs/nba/lib/python3.11/site-packages/airflow/example_dags/example_params_ui_tutorial.py took 0.066 seconds
[2025-01-30T02:59:54.981+0800] {processor.py:186} INFO - Started process (PID=23219) to work on /home/anhtupham99/miniforge3/envs/nba/lib/python3.11/site-packages/airflow/example_dags/example_params_ui_tutorial.py
[2025-01-30T02:59:54.982+0800] {processor.py:914} INFO - Processing file /home/anhtupham99/miniforge3/envs/nba/lib/python3.11/site-packages/airflow/example_dags/example_params_ui_tutorial.py for tasks to queue
[2025-01-30T02:59:54.984+0800] {logging_mixin.py:190} INFO - [2025-01-30T02:59:54.984+0800] {dagbag.py:588} INFO - Filling up the DagBag from /home/anhtupham99/miniforge3/envs/nba/lib/python3.11/site-packages/airflow/example_dags/example_params_ui_tutorial.py
[2025-01-30T02:59:54.991+0800] {processor.py:925} INFO - DAG(s) 'example_params_ui_tutorial' retrieved from /home/anhtupham99/miniforge3/envs/nba/lib/python3.11/site-packages/airflow/example_dags/example_params_ui_tutorial.py
[2025-01-30T02:59:55.015+0800] {logging_mixin.py:190} INFO - [2025-01-30T02:59:55.015+0800] {dag.py:3239} INFO - Sync 1 DAGs
[2025-01-30T02:59:55.023+0800] {logging_mixin.py:190} INFO - [2025-01-30T02:59:55.023+0800] {dag.py:4180} INFO - Setting next_dagrun for example_params_ui_tutorial to None, run_after=None
[2025-01-30T02:59:55.050+0800] {processor.py:208} INFO - Processing /home/anhtupham99/miniforge3/envs/nba/lib/python3.11/site-packages/airflow/example_dags/example_params_ui_tutorial.py took 0.073 seconds
[2025-01-30T03:00:46.915+0800] {processor.py:186} INFO - Started process (PID=23527) to work on /home/anhtupham99/miniforge3/envs/nba/lib/python3.11/site-packages/airflow/example_dags/example_params_ui_tutorial.py
[2025-01-30T03:00:46.918+0800] {processor.py:914} INFO - Processing file /home/anhtupham99/miniforge3/envs/nba/lib/python3.11/site-packages/airflow/example_dags/example_params_ui_tutorial.py for tasks to queue
[2025-01-30T03:00:46.920+0800] {logging_mixin.py:190} INFO - [2025-01-30T03:00:46.919+0800] {dagbag.py:588} INFO - Filling up the DagBag from /home/anhtupham99/miniforge3/envs/nba/lib/python3.11/site-packages/airflow/example_dags/example_params_ui_tutorial.py
[2025-01-30T03:00:46.926+0800] {processor.py:925} INFO - DAG(s) 'example_params_ui_tutorial' retrieved from /home/anhtupham99/miniforge3/envs/nba/lib/python3.11/site-packages/airflow/example_dags/example_params_ui_tutorial.py
[2025-01-30T03:00:46.948+0800] {logging_mixin.py:190} INFO - [2025-01-30T03:00:46.948+0800] {dag.py:3239} INFO - Sync 1 DAGs
[2025-01-30T03:00:46.956+0800] {logging_mixin.py:190} INFO - [2025-01-30T03:00:46.956+0800] {dag.py:4180} INFO - Setting next_dagrun for example_params_ui_tutorial to None, run_after=None
[2025-01-30T03:00:46.976+0800] {processor.py:208} INFO - Processing /home/anhtupham99/miniforge3/envs/nba/lib/python3.11/site-packages/airflow/example_dags/example_params_ui_tutorial.py took 0.066 seconds
[2025-01-30T03:01:32.929+0800] {processor.py:186} INFO - Started process (PID=23791) to work on /home/anhtupham99/miniforge3/envs/nba/lib/python3.11/site-packages/airflow/example_dags/example_params_ui_tutorial.py
[2025-01-30T03:01:32.933+0800] {processor.py:914} INFO - Processing file /home/anhtupham99/miniforge3/envs/nba/lib/python3.11/site-packages/airflow/example_dags/example_params_ui_tutorial.py for tasks to queue
[2025-01-30T03:01:32.934+0800] {logging_mixin.py:190} INFO - [2025-01-30T03:01:32.934+0800] {dagbag.py:588} INFO - Filling up the DagBag from /home/anhtupham99/miniforge3/envs/nba/lib/python3.11/site-packages/airflow/example_dags/example_params_ui_tutorial.py
[2025-01-30T03:01:32.941+0800] {processor.py:925} INFO - DAG(s) 'example_params_ui_tutorial' retrieved from /home/anhtupham99/miniforge3/envs/nba/lib/python3.11/site-packages/airflow/example_dags/example_params_ui_tutorial.py
[2025-01-30T03:01:32.963+0800] {logging_mixin.py:190} INFO - [2025-01-30T03:01:32.963+0800] {dag.py:3239} INFO - Sync 1 DAGs
[2025-01-30T03:01:32.971+0800] {logging_mixin.py:190} INFO - [2025-01-30T03:01:32.971+0800] {dag.py:4180} INFO - Setting next_dagrun for example_params_ui_tutorial to None, run_after=None
[2025-01-30T03:01:32.994+0800] {processor.py:208} INFO - Processing /home/anhtupham99/miniforge3/envs/nba/lib/python3.11/site-packages/airflow/example_dags/example_params_ui_tutorial.py took 0.069 seconds
[2025-01-30T03:02:19.092+0800] {processor.py:186} INFO - Started process (PID=24094) to work on /home/anhtupham99/miniforge3/envs/nba/lib/python3.11/site-packages/airflow/example_dags/example_params_ui_tutorial.py
[2025-01-30T03:02:19.093+0800] {processor.py:914} INFO - Processing file /home/anhtupham99/miniforge3/envs/nba/lib/python3.11/site-packages/airflow/example_dags/example_params_ui_tutorial.py for tasks to queue
[2025-01-30T03:02:19.095+0800] {logging_mixin.py:190} INFO - [2025-01-30T03:02:19.095+0800] {dagbag.py:588} INFO - Filling up the DagBag from /home/anhtupham99/miniforge3/envs/nba/lib/python3.11/site-packages/airflow/example_dags/example_params_ui_tutorial.py
[2025-01-30T03:02:19.102+0800] {processor.py:925} INFO - DAG(s) 'example_params_ui_tutorial' retrieved from /home/anhtupham99/miniforge3/envs/nba/lib/python3.11/site-packages/airflow/example_dags/example_params_ui_tutorial.py
[2025-01-30T03:02:19.126+0800] {logging_mixin.py:190} INFO - [2025-01-30T03:02:19.126+0800] {dag.py:3239} INFO - Sync 1 DAGs
[2025-01-30T03:02:19.135+0800] {logging_mixin.py:190} INFO - [2025-01-30T03:02:19.135+0800] {dag.py:4180} INFO - Setting next_dagrun for example_params_ui_tutorial to None, run_after=None
[2025-01-30T03:02:19.162+0800] {processor.py:208} INFO - Processing /home/anhtupham99/miniforge3/envs/nba/lib/python3.11/site-packages/airflow/example_dags/example_params_ui_tutorial.py took 0.074 seconds
[2025-01-30T03:03:06.929+0800] {processor.py:186} INFO - Started process (PID=24362) to work on /home/anhtupham99/miniforge3/envs/nba/lib/python3.11/site-packages/airflow/example_dags/example_params_ui_tutorial.py
[2025-01-30T03:03:06.930+0800] {processor.py:914} INFO - Processing file /home/anhtupham99/miniforge3/envs/nba/lib/python3.11/site-packages/airflow/example_dags/example_params_ui_tutorial.py for tasks to queue
[2025-01-30T03:03:06.932+0800] {logging_mixin.py:190} INFO - [2025-01-30T03:03:06.932+0800] {dagbag.py:588} INFO - Filling up the DagBag from /home/anhtupham99/miniforge3/envs/nba/lib/python3.11/site-packages/airflow/example_dags/example_params_ui_tutorial.py
[2025-01-30T03:03:06.939+0800] {processor.py:925} INFO - DAG(s) 'example_params_ui_tutorial' retrieved from /home/anhtupham99/miniforge3/envs/nba/lib/python3.11/site-packages/airflow/example_dags/example_params_ui_tutorial.py
[2025-01-30T03:03:06.966+0800] {logging_mixin.py:190} INFO - [2025-01-30T03:03:06.966+0800] {dag.py:3239} INFO - Sync 1 DAGs
[2025-01-30T03:03:06.976+0800] {logging_mixin.py:190} INFO - [2025-01-30T03:03:06.975+0800] {dag.py:4180} INFO - Setting next_dagrun for example_params_ui_tutorial to None, run_after=None
[2025-01-30T03:03:06.999+0800] {processor.py:208} INFO - Processing /home/anhtupham99/miniforge3/envs/nba/lib/python3.11/site-packages/airflow/example_dags/example_params_ui_tutorial.py took 0.075 seconds
[2025-01-30T03:03:55.055+0800] {processor.py:186} INFO - Started process (PID=24637) to work on /home/anhtupham99/miniforge3/envs/nba/lib/python3.11/site-packages/airflow/example_dags/example_params_ui_tutorial.py
[2025-01-30T03:03:55.056+0800] {processor.py:914} INFO - Processing file /home/anhtupham99/miniforge3/envs/nba/lib/python3.11/site-packages/airflow/example_dags/example_params_ui_tutorial.py for tasks to queue
[2025-01-30T03:03:55.058+0800] {logging_mixin.py:190} INFO - [2025-01-30T03:03:55.057+0800] {dagbag.py:588} INFO - Filling up the DagBag from /home/anhtupham99/miniforge3/envs/nba/lib/python3.11/site-packages/airflow/example_dags/example_params_ui_tutorial.py
[2025-01-30T03:03:55.064+0800] {processor.py:925} INFO - DAG(s) 'example_params_ui_tutorial' retrieved from /home/anhtupham99/miniforge3/envs/nba/lib/python3.11/site-packages/airflow/example_dags/example_params_ui_tutorial.py
[2025-01-30T03:03:55.087+0800] {logging_mixin.py:190} INFO - [2025-01-30T03:03:55.086+0800] {dag.py:3239} INFO - Sync 1 DAGs
[2025-01-30T03:03:55.094+0800] {logging_mixin.py:190} INFO - [2025-01-30T03:03:55.094+0800] {dag.py:4180} INFO - Setting next_dagrun for example_params_ui_tutorial to None, run_after=None
[2025-01-30T03:03:55.117+0800] {processor.py:208} INFO - Processing /home/anhtupham99/miniforge3/envs/nba/lib/python3.11/site-packages/airflow/example_dags/example_params_ui_tutorial.py took 0.066 seconds
[2025-01-30T03:04:42.828+0800] {processor.py:186} INFO - Started process (PID=24938) to work on /home/anhtupham99/miniforge3/envs/nba/lib/python3.11/site-packages/airflow/example_dags/example_params_ui_tutorial.py
[2025-01-30T03:04:42.832+0800] {processor.py:914} INFO - Processing file /home/anhtupham99/miniforge3/envs/nba/lib/python3.11/site-packages/airflow/example_dags/example_params_ui_tutorial.py for tasks to queue
[2025-01-30T03:04:42.834+0800] {logging_mixin.py:190} INFO - [2025-01-30T03:04:42.833+0800] {dagbag.py:588} INFO - Filling up the DagBag from /home/anhtupham99/miniforge3/envs/nba/lib/python3.11/site-packages/airflow/example_dags/example_params_ui_tutorial.py
[2025-01-30T03:04:42.840+0800] {processor.py:925} INFO - DAG(s) 'example_params_ui_tutorial' retrieved from /home/anhtupham99/miniforge3/envs/nba/lib/python3.11/site-packages/airflow/example_dags/example_params_ui_tutorial.py
[2025-01-30T03:04:42.862+0800] {logging_mixin.py:190} INFO - [2025-01-30T03:04:42.862+0800] {dag.py:3239} INFO - Sync 1 DAGs
[2025-01-30T03:04:42.870+0800] {logging_mixin.py:190} INFO - [2025-01-30T03:04:42.870+0800] {dag.py:4180} INFO - Setting next_dagrun for example_params_ui_tutorial to None, run_after=None
[2025-01-30T03:04:42.892+0800] {processor.py:208} INFO - Processing /home/anhtupham99/miniforge3/envs/nba/lib/python3.11/site-packages/airflow/example_dags/example_params_ui_tutorial.py took 0.067 seconds
[2025-01-30T03:05:34.441+0800] {processor.py:186} INFO - Started process (PID=25250) to work on /home/anhtupham99/miniforge3/envs/nba/lib/python3.11/site-packages/airflow/example_dags/example_params_ui_tutorial.py
[2025-01-30T03:05:34.443+0800] {processor.py:914} INFO - Processing file /home/anhtupham99/miniforge3/envs/nba/lib/python3.11/site-packages/airflow/example_dags/example_params_ui_tutorial.py for tasks to queue
[2025-01-30T03:05:34.444+0800] {logging_mixin.py:190} INFO - [2025-01-30T03:05:34.444+0800] {dagbag.py:588} INFO - Filling up the DagBag from /home/anhtupham99/miniforge3/envs/nba/lib/python3.11/site-packages/airflow/example_dags/example_params_ui_tutorial.py
[2025-01-30T03:05:34.451+0800] {processor.py:925} INFO - DAG(s) 'example_params_ui_tutorial' retrieved from /home/anhtupham99/miniforge3/envs/nba/lib/python3.11/site-packages/airflow/example_dags/example_params_ui_tutorial.py
[2025-01-30T03:05:34.475+0800] {logging_mixin.py:190} INFO - [2025-01-30T03:05:34.475+0800] {dag.py:3239} INFO - Sync 1 DAGs
[2025-01-30T03:05:34.483+0800] {logging_mixin.py:190} INFO - [2025-01-30T03:05:34.483+0800] {dag.py:4180} INFO - Setting next_dagrun for example_params_ui_tutorial to None, run_after=None
[2025-01-30T03:05:34.507+0800] {processor.py:208} INFO - Processing /home/anhtupham99/miniforge3/envs/nba/lib/python3.11/site-packages/airflow/example_dags/example_params_ui_tutorial.py took 0.070 seconds
[2025-01-30T03:06:22.709+0800] {processor.py:186} INFO - Started process (PID=25516) to work on /home/anhtupham99/miniforge3/envs/nba/lib/python3.11/site-packages/airflow/example_dags/example_params_ui_tutorial.py
[2025-01-30T03:06:22.712+0800] {processor.py:914} INFO - Processing file /home/anhtupham99/miniforge3/envs/nba/lib/python3.11/site-packages/airflow/example_dags/example_params_ui_tutorial.py for tasks to queue
[2025-01-30T03:06:22.714+0800] {logging_mixin.py:190} INFO - [2025-01-30T03:06:22.714+0800] {dagbag.py:588} INFO - Filling up the DagBag from /home/anhtupham99/miniforge3/envs/nba/lib/python3.11/site-packages/airflow/example_dags/example_params_ui_tutorial.py
[2025-01-30T03:06:22.721+0800] {processor.py:925} INFO - DAG(s) 'example_params_ui_tutorial' retrieved from /home/anhtupham99/miniforge3/envs/nba/lib/python3.11/site-packages/airflow/example_dags/example_params_ui_tutorial.py
[2025-01-30T03:06:22.743+0800] {logging_mixin.py:190} INFO - [2025-01-30T03:06:22.743+0800] {dag.py:3239} INFO - Sync 1 DAGs
[2025-01-30T03:06:22.751+0800] {logging_mixin.py:190} INFO - [2025-01-30T03:06:22.751+0800] {dag.py:4180} INFO - Setting next_dagrun for example_params_ui_tutorial to None, run_after=None
[2025-01-30T03:06:22.773+0800] {processor.py:208} INFO - Processing /home/anhtupham99/miniforge3/envs/nba/lib/python3.11/site-packages/airflow/example_dags/example_params_ui_tutorial.py took 0.069 seconds
[2025-01-30T03:07:13.132+0800] {processor.py:186} INFO - Started process (PID=25847) to work on /home/anhtupham99/miniforge3/envs/nba/lib/python3.11/site-packages/airflow/example_dags/example_params_ui_tutorial.py
[2025-01-30T03:07:13.133+0800] {processor.py:914} INFO - Processing file /home/anhtupham99/miniforge3/envs/nba/lib/python3.11/site-packages/airflow/example_dags/example_params_ui_tutorial.py for tasks to queue
[2025-01-30T03:07:13.136+0800] {logging_mixin.py:190} INFO - [2025-01-30T03:07:13.136+0800] {dagbag.py:588} INFO - Filling up the DagBag from /home/anhtupham99/miniforge3/envs/nba/lib/python3.11/site-packages/airflow/example_dags/example_params_ui_tutorial.py
[2025-01-30T03:07:13.151+0800] {processor.py:925} INFO - DAG(s) 'example_params_ui_tutorial' retrieved from /home/anhtupham99/miniforge3/envs/nba/lib/python3.11/site-packages/airflow/example_dags/example_params_ui_tutorial.py
[2025-01-30T03:07:13.181+0800] {logging_mixin.py:190} INFO - [2025-01-30T03:07:13.181+0800] {dag.py:3239} INFO - Sync 1 DAGs
[2025-01-30T03:07:13.192+0800] {logging_mixin.py:190} INFO - [2025-01-30T03:07:13.191+0800] {dag.py:4180} INFO - Setting next_dagrun for example_params_ui_tutorial to None, run_after=None
[2025-01-30T03:07:13.220+0800] {processor.py:208} INFO - Processing /home/anhtupham99/miniforge3/envs/nba/lib/python3.11/site-packages/airflow/example_dags/example_params_ui_tutorial.py took 0.095 seconds
[2025-01-30T03:08:03.009+0800] {processor.py:186} INFO - Started process (PID=26131) to work on /home/anhtupham99/miniforge3/envs/nba/lib/python3.11/site-packages/airflow/example_dags/example_params_ui_tutorial.py
[2025-01-30T03:08:03.010+0800] {processor.py:914} INFO - Processing file /home/anhtupham99/miniforge3/envs/nba/lib/python3.11/site-packages/airflow/example_dags/example_params_ui_tutorial.py for tasks to queue
[2025-01-30T03:08:03.012+0800] {logging_mixin.py:190} INFO - [2025-01-30T03:08:03.012+0800] {dagbag.py:588} INFO - Filling up the DagBag from /home/anhtupham99/miniforge3/envs/nba/lib/python3.11/site-packages/airflow/example_dags/example_params_ui_tutorial.py
[2025-01-30T03:08:03.019+0800] {processor.py:925} INFO - DAG(s) 'example_params_ui_tutorial' retrieved from /home/anhtupham99/miniforge3/envs/nba/lib/python3.11/site-packages/airflow/example_dags/example_params_ui_tutorial.py
[2025-01-30T03:08:03.044+0800] {logging_mixin.py:190} INFO - [2025-01-30T03:08:03.044+0800] {dag.py:3239} INFO - Sync 1 DAGs
[2025-01-30T03:08:03.052+0800] {logging_mixin.py:190} INFO - [2025-01-30T03:08:03.052+0800] {dag.py:4180} INFO - Setting next_dagrun for example_params_ui_tutorial to None, run_after=None
[2025-01-30T03:08:03.075+0800] {processor.py:208} INFO - Processing /home/anhtupham99/miniforge3/envs/nba/lib/python3.11/site-packages/airflow/example_dags/example_params_ui_tutorial.py took 0.071 seconds
[2025-01-30T03:08:50.638+0800] {processor.py:186} INFO - Started process (PID=26400) to work on /home/anhtupham99/miniforge3/envs/nba/lib/python3.11/site-packages/airflow/example_dags/example_params_ui_tutorial.py
[2025-01-30T03:08:50.640+0800] {processor.py:914} INFO - Processing file /home/anhtupham99/miniforge3/envs/nba/lib/python3.11/site-packages/airflow/example_dags/example_params_ui_tutorial.py for tasks to queue
[2025-01-30T03:08:50.642+0800] {logging_mixin.py:190} INFO - [2025-01-30T03:08:50.641+0800] {dagbag.py:588} INFO - Filling up the DagBag from /home/anhtupham99/miniforge3/envs/nba/lib/python3.11/site-packages/airflow/example_dags/example_params_ui_tutorial.py
[2025-01-30T03:08:50.650+0800] {processor.py:925} INFO - DAG(s) 'example_params_ui_tutorial' retrieved from /home/anhtupham99/miniforge3/envs/nba/lib/python3.11/site-packages/airflow/example_dags/example_params_ui_tutorial.py
[2025-01-30T03:08:50.677+0800] {logging_mixin.py:190} INFO - [2025-01-30T03:08:50.677+0800] {dag.py:3239} INFO - Sync 1 DAGs
[2025-01-30T03:08:50.688+0800] {logging_mixin.py:190} INFO - [2025-01-30T03:08:50.688+0800] {dag.py:4180} INFO - Setting next_dagrun for example_params_ui_tutorial to None, run_after=None
[2025-01-30T03:08:50.714+0800] {processor.py:208} INFO - Processing /home/anhtupham99/miniforge3/envs/nba/lib/python3.11/site-packages/airflow/example_dags/example_params_ui_tutorial.py took 0.081 seconds
[2025-01-30T03:09:38.639+0800] {processor.py:186} INFO - Started process (PID=26680) to work on /home/anhtupham99/miniforge3/envs/nba/lib/python3.11/site-packages/airflow/example_dags/example_params_ui_tutorial.py
[2025-01-30T03:09:38.640+0800] {processor.py:914} INFO - Processing file /home/anhtupham99/miniforge3/envs/nba/lib/python3.11/site-packages/airflow/example_dags/example_params_ui_tutorial.py for tasks to queue
[2025-01-30T03:09:38.642+0800] {logging_mixin.py:190} INFO - [2025-01-30T03:09:38.642+0800] {dagbag.py:588} INFO - Filling up the DagBag from /home/anhtupham99/miniforge3/envs/nba/lib/python3.11/site-packages/airflow/example_dags/example_params_ui_tutorial.py
[2025-01-30T03:09:38.650+0800] {processor.py:925} INFO - DAG(s) 'example_params_ui_tutorial' retrieved from /home/anhtupham99/miniforge3/envs/nba/lib/python3.11/site-packages/airflow/example_dags/example_params_ui_tutorial.py
[2025-01-30T03:09:38.676+0800] {logging_mixin.py:190} INFO - [2025-01-30T03:09:38.676+0800] {dag.py:3239} INFO - Sync 1 DAGs
[2025-01-30T03:09:38.685+0800] {logging_mixin.py:190} INFO - [2025-01-30T03:09:38.685+0800] {dag.py:4180} INFO - Setting next_dagrun for example_params_ui_tutorial to None, run_after=None
[2025-01-30T03:09:38.709+0800] {processor.py:208} INFO - Processing /home/anhtupham99/miniforge3/envs/nba/lib/python3.11/site-packages/airflow/example_dags/example_params_ui_tutorial.py took 0.076 seconds
[2025-01-30T06:11:34.604+0800] {processor.py:186} INFO - Started process (PID=26897) to work on /home/anhtupham99/miniforge3/envs/nba/lib/python3.11/site-packages/airflow/example_dags/example_params_ui_tutorial.py
[2025-01-30T06:11:34.606+0800] {processor.py:914} INFO - Processing file /home/anhtupham99/miniforge3/envs/nba/lib/python3.11/site-packages/airflow/example_dags/example_params_ui_tutorial.py for tasks to queue
[2025-01-30T06:11:34.608+0800] {logging_mixin.py:190} INFO - [2025-01-30T06:11:34.608+0800] {dagbag.py:588} INFO - Filling up the DagBag from /home/anhtupham99/miniforge3/envs/nba/lib/python3.11/site-packages/airflow/example_dags/example_params_ui_tutorial.py
[2025-01-30T06:11:34.616+0800] {processor.py:925} INFO - DAG(s) 'example_params_ui_tutorial' retrieved from /home/anhtupham99/miniforge3/envs/nba/lib/python3.11/site-packages/airflow/example_dags/example_params_ui_tutorial.py
[2025-01-30T06:11:34.644+0800] {logging_mixin.py:190} INFO - [2025-01-30T06:11:34.644+0800] {dag.py:3239} INFO - Sync 1 DAGs
[2025-01-30T06:11:34.656+0800] {logging_mixin.py:190} INFO - [2025-01-30T06:11:34.655+0800] {dag.py:4180} INFO - Setting next_dagrun for example_params_ui_tutorial to None, run_after=None
[2025-01-30T06:11:34.685+0800] {processor.py:208} INFO - Processing /home/anhtupham99/miniforge3/envs/nba/lib/python3.11/site-packages/airflow/example_dags/example_params_ui_tutorial.py took 0.086 seconds
[2025-01-30T06:12:27.577+0800] {processor.py:186} INFO - Started process (PID=27200) to work on /home/anhtupham99/miniforge3/envs/nba/lib/python3.11/site-packages/airflow/example_dags/example_params_ui_tutorial.py
[2025-01-30T06:12:27.579+0800] {processor.py:914} INFO - Processing file /home/anhtupham99/miniforge3/envs/nba/lib/python3.11/site-packages/airflow/example_dags/example_params_ui_tutorial.py for tasks to queue
[2025-01-30T06:12:27.581+0800] {logging_mixin.py:190} INFO - [2025-01-30T06:12:27.581+0800] {dagbag.py:588} INFO - Filling up the DagBag from /home/anhtupham99/miniforge3/envs/nba/lib/python3.11/site-packages/airflow/example_dags/example_params_ui_tutorial.py
[2025-01-30T06:12:27.591+0800] {processor.py:925} INFO - DAG(s) 'example_params_ui_tutorial' retrieved from /home/anhtupham99/miniforge3/envs/nba/lib/python3.11/site-packages/airflow/example_dags/example_params_ui_tutorial.py
[2025-01-30T06:12:27.617+0800] {logging_mixin.py:190} INFO - [2025-01-30T06:12:27.617+0800] {dag.py:3239} INFO - Sync 1 DAGs
[2025-01-30T06:12:27.627+0800] {logging_mixin.py:190} INFO - [2025-01-30T06:12:27.626+0800] {dag.py:4180} INFO - Setting next_dagrun for example_params_ui_tutorial to None, run_after=None
[2025-01-30T06:12:27.660+0800] {processor.py:208} INFO - Processing /home/anhtupham99/miniforge3/envs/nba/lib/python3.11/site-packages/airflow/example_dags/example_params_ui_tutorial.py took 0.088 seconds
[2025-01-30T06:13:16.151+0800] {processor.py:186} INFO - Started process (PID=27518) to work on /home/anhtupham99/miniforge3/envs/nba/lib/python3.11/site-packages/airflow/example_dags/example_params_ui_tutorial.py
[2025-01-30T06:13:16.152+0800] {processor.py:914} INFO - Processing file /home/anhtupham99/miniforge3/envs/nba/lib/python3.11/site-packages/airflow/example_dags/example_params_ui_tutorial.py for tasks to queue
[2025-01-30T06:13:16.154+0800] {logging_mixin.py:190} INFO - [2025-01-30T06:13:16.154+0800] {dagbag.py:588} INFO - Filling up the DagBag from /home/anhtupham99/miniforge3/envs/nba/lib/python3.11/site-packages/airflow/example_dags/example_params_ui_tutorial.py
[2025-01-30T06:13:16.163+0800] {processor.py:925} INFO - DAG(s) 'example_params_ui_tutorial' retrieved from /home/anhtupham99/miniforge3/envs/nba/lib/python3.11/site-packages/airflow/example_dags/example_params_ui_tutorial.py
[2025-01-30T06:13:16.197+0800] {logging_mixin.py:190} INFO - [2025-01-30T06:13:16.196+0800] {dag.py:3239} INFO - Sync 1 DAGs
[2025-01-30T06:13:16.207+0800] {logging_mixin.py:190} INFO - [2025-01-30T06:13:16.207+0800] {dag.py:4180} INFO - Setting next_dagrun for example_params_ui_tutorial to None, run_after=None
[2025-01-30T06:13:16.232+0800] {processor.py:208} INFO - Processing /home/anhtupham99/miniforge3/envs/nba/lib/python3.11/site-packages/airflow/example_dags/example_params_ui_tutorial.py took 0.087 seconds
