[2025-01-30T02:35:16.156+0800] {processor.py:186} INFO - Started process (PID=14538) to work on /home/anhtupham99/miniforge3/envs/nba/lib/python3.11/site-packages/airflow/example_dags/example_dataset_alias_with_no_taskflow.py
[2025-01-30T02:35:16.158+0800] {processor.py:914} INFO - Processing file /home/anhtupham99/miniforge3/envs/nba/lib/python3.11/site-packages/airflow/example_dags/example_dataset_alias_with_no_taskflow.py for tasks to queue
[2025-01-30T02:35:16.165+0800] {logging_mixin.py:190} INFO - [2025-01-30T02:35:16.164+0800] {dagbag.py:588} INFO - Filling up the DagBag from /home/anhtupham99/miniforge3/envs/nba/lib/python3.11/site-packages/airflow/example_dags/example_dataset_alias_with_no_taskflow.py
[2025-01-30T02:35:16.339+0800] {processor.py:925} INFO - DAG(s) 'dataset_alias_example_alias_producer_with_no_taskflow', 'dataset_s3_bucket_consumer_with_no_taskflow', 'dataset_alias_example_alias_consumer_with_no_taskflow', 'dataset_s3_bucket_producer_with_no_taskflow' retrieved from /home/anhtupham99/miniforge3/envs/nba/lib/python3.11/site-packages/airflow/example_dags/example_dataset_alias_with_no_taskflow.py
[2025-01-30T02:35:16.562+0800] {logging_mixin.py:190} INFO - [2025-01-30T02:35:16.560+0800] {override.py:1911} INFO - Created Permission View: can delete on DAG:dataset_alias_example_alias_producer_with_no_taskflow
[2025-01-30T02:35:16.594+0800] {logging_mixin.py:190} INFO - [2025-01-30T02:35:16.594+0800] {override.py:1911} INFO - Created Permission View: can read on DAG:dataset_alias_example_alias_producer_with_no_taskflow
[2025-01-30T02:35:16.615+0800] {logging_mixin.py:190} INFO - [2025-01-30T02:35:16.614+0800] {override.py:1911} INFO - Created Permission View: can edit on DAG:dataset_alias_example_alias_producer_with_no_taskflow
[2025-01-30T02:35:16.647+0800] {logging_mixin.py:190} INFO - [2025-01-30T02:35:16.647+0800] {override.py:1911} INFO - Created Permission View: can delete on DAG Run:dataset_alias_example_alias_producer_with_no_taskflow
[2025-01-30T02:35:16.666+0800] {logging_mixin.py:190} INFO - [2025-01-30T02:35:16.666+0800] {override.py:1911} INFO - Created Permission View: can create on DAG Run:dataset_alias_example_alias_producer_with_no_taskflow
[2025-01-30T02:35:16.685+0800] {logging_mixin.py:190} INFO - [2025-01-30T02:35:16.684+0800] {override.py:1911} INFO - Created Permission View: menu access on DAG Run:dataset_alias_example_alias_producer_with_no_taskflow
[2025-01-30T02:35:16.705+0800] {logging_mixin.py:190} INFO - [2025-01-30T02:35:16.704+0800] {override.py:1911} INFO - Created Permission View: can read on DAG Run:dataset_alias_example_alias_producer_with_no_taskflow
[2025-01-30T02:35:16.743+0800] {logging_mixin.py:190} INFO - [2025-01-30T02:35:16.742+0800] {override.py:1911} INFO - Created Permission View: can delete on DAG:dataset_s3_bucket_consumer_with_no_taskflow
[2025-01-30T02:35:16.759+0800] {logging_mixin.py:190} INFO - [2025-01-30T02:35:16.759+0800] {override.py:1911} INFO - Created Permission View: can read on DAG:dataset_s3_bucket_consumer_with_no_taskflow
[2025-01-30T02:35:16.776+0800] {logging_mixin.py:190} INFO - [2025-01-30T02:35:16.776+0800] {override.py:1911} INFO - Created Permission View: can edit on DAG:dataset_s3_bucket_consumer_with_no_taskflow
[2025-01-30T02:35:16.803+0800] {logging_mixin.py:190} INFO - [2025-01-30T02:35:16.803+0800] {override.py:1911} INFO - Created Permission View: can delete on DAG Run:dataset_s3_bucket_consumer_with_no_taskflow
[2025-01-30T02:35:16.817+0800] {logging_mixin.py:190} INFO - [2025-01-30T02:35:16.817+0800] {override.py:1911} INFO - Created Permission View: can create on DAG Run:dataset_s3_bucket_consumer_with_no_taskflow
[2025-01-30T02:35:16.831+0800] {logging_mixin.py:190} INFO - [2025-01-30T02:35:16.831+0800] {override.py:1911} INFO - Created Permission View: menu access on DAG Run:dataset_s3_bucket_consumer_with_no_taskflow
[2025-01-30T02:35:16.845+0800] {logging_mixin.py:190} INFO - [2025-01-30T02:35:16.845+0800] {override.py:1911} INFO - Created Permission View: can read on DAG Run:dataset_s3_bucket_consumer_with_no_taskflow
[2025-01-30T02:35:16.877+0800] {logging_mixin.py:190} INFO - [2025-01-30T02:35:16.876+0800] {override.py:1911} INFO - Created Permission View: can delete on DAG:dataset_alias_example_alias_consumer_with_no_taskflow
[2025-01-30T02:35:16.892+0800] {logging_mixin.py:190} INFO - [2025-01-30T02:35:16.892+0800] {override.py:1911} INFO - Created Permission View: can read on DAG:dataset_alias_example_alias_consumer_with_no_taskflow
[2025-01-30T02:35:16.906+0800] {logging_mixin.py:190} INFO - [2025-01-30T02:35:16.906+0800] {override.py:1911} INFO - Created Permission View: can edit on DAG:dataset_alias_example_alias_consumer_with_no_taskflow
[2025-01-30T02:35:16.932+0800] {logging_mixin.py:190} INFO - [2025-01-30T02:35:16.932+0800] {override.py:1911} INFO - Created Permission View: can delete on DAG Run:dataset_alias_example_alias_consumer_with_no_taskflow
[2025-01-30T02:35:16.947+0800] {logging_mixin.py:190} INFO - [2025-01-30T02:35:16.947+0800] {override.py:1911} INFO - Created Permission View: can create on DAG Run:dataset_alias_example_alias_consumer_with_no_taskflow
[2025-01-30T02:35:16.960+0800] {logging_mixin.py:190} INFO - [2025-01-30T02:35:16.960+0800] {override.py:1911} INFO - Created Permission View: menu access on DAG Run:dataset_alias_example_alias_consumer_with_no_taskflow
[2025-01-30T02:35:16.977+0800] {logging_mixin.py:190} INFO - [2025-01-30T02:35:16.976+0800] {override.py:1911} INFO - Created Permission View: can read on DAG Run:dataset_alias_example_alias_consumer_with_no_taskflow
[2025-01-30T02:35:17.018+0800] {logging_mixin.py:190} INFO - [2025-01-30T02:35:17.018+0800] {override.py:1911} INFO - Created Permission View: can delete on DAG:dataset_s3_bucket_producer_with_no_taskflow
[2025-01-30T02:35:17.040+0800] {logging_mixin.py:190} INFO - [2025-01-30T02:35:17.040+0800] {override.py:1911} INFO - Created Permission View: can read on DAG:dataset_s3_bucket_producer_with_no_taskflow
[2025-01-30T02:35:17.056+0800] {logging_mixin.py:190} INFO - [2025-01-30T02:35:17.056+0800] {override.py:1911} INFO - Created Permission View: can edit on DAG:dataset_s3_bucket_producer_with_no_taskflow
[2025-01-30T02:35:17.082+0800] {logging_mixin.py:190} INFO - [2025-01-30T02:35:17.082+0800] {override.py:1911} INFO - Created Permission View: can delete on DAG Run:dataset_s3_bucket_producer_with_no_taskflow
[2025-01-30T02:35:17.096+0800] {logging_mixin.py:190} INFO - [2025-01-30T02:35:17.095+0800] {override.py:1911} INFO - Created Permission View: can create on DAG Run:dataset_s3_bucket_producer_with_no_taskflow
[2025-01-30T02:35:17.111+0800] {logging_mixin.py:190} INFO - [2025-01-30T02:35:17.111+0800] {override.py:1911} INFO - Created Permission View: menu access on DAG Run:dataset_s3_bucket_producer_with_no_taskflow
[2025-01-30T02:35:17.127+0800] {logging_mixin.py:190} INFO - [2025-01-30T02:35:17.126+0800] {override.py:1911} INFO - Created Permission View: can read on DAG Run:dataset_s3_bucket_producer_with_no_taskflow
[2025-01-30T02:35:17.127+0800] {logging_mixin.py:190} INFO - [2025-01-30T02:35:17.127+0800] {dag.py:3239} INFO - Sync 4 DAGs
[2025-01-30T02:35:17.143+0800] {logging_mixin.py:190} INFO - [2025-01-30T02:35:17.142+0800] {dag.py:3262} INFO - Creating ORM DAG for dataset_s3_bucket_consumer_with_no_taskflow
[2025-01-30T02:35:17.144+0800] {logging_mixin.py:190} INFO - [2025-01-30T02:35:17.143+0800] {dag.py:3262} INFO - Creating ORM DAG for dataset_s3_bucket_producer_with_no_taskflow
[2025-01-30T02:35:17.144+0800] {logging_mixin.py:190} INFO - [2025-01-30T02:35:17.144+0800] {dag.py:3262} INFO - Creating ORM DAG for dataset_alias_example_alias_producer_with_no_taskflow
[2025-01-30T02:35:17.145+0800] {logging_mixin.py:190} INFO - [2025-01-30T02:35:17.145+0800] {dag.py:3262} INFO - Creating ORM DAG for dataset_alias_example_alias_consumer_with_no_taskflow
[2025-01-30T02:35:17.156+0800] {logging_mixin.py:190} INFO - [2025-01-30T02:35:17.156+0800] {dag.py:4180} INFO - Setting next_dagrun for dataset_alias_example_alias_consumer_with_no_taskflow to None, run_after=None
[2025-01-30T02:35:17.156+0800] {logging_mixin.py:190} INFO - [2025-01-30T02:35:17.156+0800] {dag.py:4180} INFO - Setting next_dagrun for dataset_alias_example_alias_producer_with_no_taskflow to None, run_after=None
[2025-01-30T02:35:17.157+0800] {logging_mixin.py:190} INFO - [2025-01-30T02:35:17.157+0800] {dag.py:4180} INFO - Setting next_dagrun for dataset_s3_bucket_consumer_with_no_taskflow to None, run_after=None
[2025-01-30T02:35:17.157+0800] {logging_mixin.py:190} INFO - [2025-01-30T02:35:17.157+0800] {dag.py:4180} INFO - Setting next_dagrun for dataset_s3_bucket_producer_with_no_taskflow to None, run_after=None
[2025-01-30T02:35:17.192+0800] {processor.py:208} INFO - Processing /home/anhtupham99/miniforge3/envs/nba/lib/python3.11/site-packages/airflow/example_dags/example_dataset_alias_with_no_taskflow.py took 1.050 seconds
[2025-01-30T02:36:20.331+0800] {processor.py:186} INFO - Started process (PID=14943) to work on /home/anhtupham99/miniforge3/envs/nba/lib/python3.11/site-packages/airflow/example_dags/example_dataset_alias_with_no_taskflow.py
[2025-01-30T02:36:20.333+0800] {processor.py:914} INFO - Processing file /home/anhtupham99/miniforge3/envs/nba/lib/python3.11/site-packages/airflow/example_dags/example_dataset_alias_with_no_taskflow.py for tasks to queue
[2025-01-30T02:36:20.338+0800] {logging_mixin.py:190} INFO - [2025-01-30T02:36:20.337+0800] {dagbag.py:588} INFO - Filling up the DagBag from /home/anhtupham99/miniforge3/envs/nba/lib/python3.11/site-packages/airflow/example_dags/example_dataset_alias_with_no_taskflow.py
[2025-01-30T02:36:20.509+0800] {processor.py:925} INFO - DAG(s) 'dataset_s3_bucket_consumer_with_no_taskflow', 'dataset_alias_example_alias_producer_with_no_taskflow', 'dataset_s3_bucket_producer_with_no_taskflow', 'dataset_alias_example_alias_consumer_with_no_taskflow' retrieved from /home/anhtupham99/miniforge3/envs/nba/lib/python3.11/site-packages/airflow/example_dags/example_dataset_alias_with_no_taskflow.py
[2025-01-30T02:36:20.519+0800] {logging_mixin.py:190} INFO - [2025-01-30T02:36:20.519+0800] {dag.py:3239} INFO - Sync 4 DAGs
[2025-01-30T02:36:20.531+0800] {logging_mixin.py:190} INFO - [2025-01-30T02:36:20.531+0800] {dag.py:4180} INFO - Setting next_dagrun for dataset_alias_example_alias_consumer_with_no_taskflow to None, run_after=None
[2025-01-30T02:36:20.532+0800] {logging_mixin.py:190} INFO - [2025-01-30T02:36:20.532+0800] {dag.py:4180} INFO - Setting next_dagrun for dataset_alias_example_alias_producer_with_no_taskflow to None, run_after=None
[2025-01-30T02:36:20.533+0800] {logging_mixin.py:190} INFO - [2025-01-30T02:36:20.533+0800] {dag.py:4180} INFO - Setting next_dagrun for dataset_s3_bucket_consumer_with_no_taskflow to None, run_after=None
[2025-01-30T02:36:20.533+0800] {logging_mixin.py:190} INFO - [2025-01-30T02:36:20.533+0800] {dag.py:4180} INFO - Setting next_dagrun for dataset_s3_bucket_producer_with_no_taskflow to None, run_after=None
[2025-01-30T02:36:20.571+0800] {processor.py:208} INFO - Processing /home/anhtupham99/miniforge3/envs/nba/lib/python3.11/site-packages/airflow/example_dags/example_dataset_alias_with_no_taskflow.py took 0.254 seconds
[2025-01-30T02:48:19.256+0800] {processor.py:186} INFO - Started process (PID=19158) to work on /home/anhtupham99/miniforge3/envs/nba/lib/python3.11/site-packages/airflow/example_dags/example_dataset_alias_with_no_taskflow.py
[2025-01-30T02:48:19.261+0800] {processor.py:914} INFO - Processing file /home/anhtupham99/miniforge3/envs/nba/lib/python3.11/site-packages/airflow/example_dags/example_dataset_alias_with_no_taskflow.py for tasks to queue
[2025-01-30T02:48:19.264+0800] {logging_mixin.py:190} INFO - [2025-01-30T02:48:19.264+0800] {dagbag.py:588} INFO - Filling up the DagBag from /home/anhtupham99/miniforge3/envs/nba/lib/python3.11/site-packages/airflow/example_dags/example_dataset_alias_with_no_taskflow.py
[2025-01-30T02:48:19.432+0800] {processor.py:925} INFO - DAG(s) 'dataset_alias_example_alias_consumer_with_no_taskflow', 'dataset_s3_bucket_consumer_with_no_taskflow', 'dataset_alias_example_alias_producer_with_no_taskflow', 'dataset_s3_bucket_producer_with_no_taskflow' retrieved from /home/anhtupham99/miniforge3/envs/nba/lib/python3.11/site-packages/airflow/example_dags/example_dataset_alias_with_no_taskflow.py
[2025-01-30T02:48:19.445+0800] {logging_mixin.py:190} INFO - [2025-01-30T02:48:19.444+0800] {dag.py:3239} INFO - Sync 4 DAGs
[2025-01-30T02:48:19.457+0800] {logging_mixin.py:190} INFO - [2025-01-30T02:48:19.457+0800] {dag.py:4180} INFO - Setting next_dagrun for dataset_alias_example_alias_consumer_with_no_taskflow to None, run_after=None
[2025-01-30T02:48:19.459+0800] {logging_mixin.py:190} INFO - [2025-01-30T02:48:19.459+0800] {dag.py:4180} INFO - Setting next_dagrun for dataset_alias_example_alias_producer_with_no_taskflow to None, run_after=None
[2025-01-30T02:48:19.459+0800] {logging_mixin.py:190} INFO - [2025-01-30T02:48:19.459+0800] {dag.py:4180} INFO - Setting next_dagrun for dataset_s3_bucket_consumer_with_no_taskflow to None, run_after=None
[2025-01-30T02:48:19.460+0800] {logging_mixin.py:190} INFO - [2025-01-30T02:48:19.460+0800] {dag.py:4180} INFO - Setting next_dagrun for dataset_s3_bucket_producer_with_no_taskflow to None, run_after=None
[2025-01-30T02:48:19.490+0800] {processor.py:208} INFO - Processing /home/anhtupham99/miniforge3/envs/nba/lib/python3.11/site-packages/airflow/example_dags/example_dataset_alias_with_no_taskflow.py took 0.249 seconds
[2025-01-30T02:49:14.899+0800] {processor.py:186} INFO - Started process (PID=19465) to work on /home/anhtupham99/miniforge3/envs/nba/lib/python3.11/site-packages/airflow/example_dags/example_dataset_alias_with_no_taskflow.py
[2025-01-30T02:49:14.902+0800] {processor.py:914} INFO - Processing file /home/anhtupham99/miniforge3/envs/nba/lib/python3.11/site-packages/airflow/example_dags/example_dataset_alias_with_no_taskflow.py for tasks to queue
[2025-01-30T02:49:14.907+0800] {logging_mixin.py:190} INFO - [2025-01-30T02:49:14.906+0800] {dagbag.py:588} INFO - Filling up the DagBag from /home/anhtupham99/miniforge3/envs/nba/lib/python3.11/site-packages/airflow/example_dags/example_dataset_alias_with_no_taskflow.py
[2025-01-30T02:49:15.104+0800] {processor.py:925} INFO - DAG(s) 'dataset_s3_bucket_producer_with_no_taskflow', 'dataset_alias_example_alias_consumer_with_no_taskflow', 'dataset_s3_bucket_consumer_with_no_taskflow', 'dataset_alias_example_alias_producer_with_no_taskflow' retrieved from /home/anhtupham99/miniforge3/envs/nba/lib/python3.11/site-packages/airflow/example_dags/example_dataset_alias_with_no_taskflow.py
[2025-01-30T02:49:15.116+0800] {logging_mixin.py:190} INFO - [2025-01-30T02:49:15.116+0800] {dag.py:3239} INFO - Sync 4 DAGs
[2025-01-30T02:49:15.129+0800] {logging_mixin.py:190} INFO - [2025-01-30T02:49:15.129+0800] {dag.py:4180} INFO - Setting next_dagrun for dataset_alias_example_alias_consumer_with_no_taskflow to None, run_after=None
[2025-01-30T02:49:15.131+0800] {logging_mixin.py:190} INFO - [2025-01-30T02:49:15.130+0800] {dag.py:4180} INFO - Setting next_dagrun for dataset_alias_example_alias_producer_with_no_taskflow to None, run_after=None
[2025-01-30T02:49:15.131+0800] {logging_mixin.py:190} INFO - [2025-01-30T02:49:15.131+0800] {dag.py:4180} INFO - Setting next_dagrun for dataset_s3_bucket_consumer_with_no_taskflow to None, run_after=None
[2025-01-30T02:49:15.132+0800] {logging_mixin.py:190} INFO - [2025-01-30T02:49:15.132+0800] {dag.py:4180} INFO - Setting next_dagrun for dataset_s3_bucket_producer_with_no_taskflow to None, run_after=None
[2025-01-30T02:49:15.176+0800] {processor.py:208} INFO - Processing /home/anhtupham99/miniforge3/envs/nba/lib/python3.11/site-packages/airflow/example_dags/example_dataset_alias_with_no_taskflow.py took 0.292 seconds
[2025-01-30T02:50:12.630+0800] {processor.py:186} INFO - Started process (PID=19810) to work on /home/anhtupham99/miniforge3/envs/nba/lib/python3.11/site-packages/airflow/example_dags/example_dataset_alias_with_no_taskflow.py
[2025-01-30T02:50:12.634+0800] {processor.py:914} INFO - Processing file /home/anhtupham99/miniforge3/envs/nba/lib/python3.11/site-packages/airflow/example_dags/example_dataset_alias_with_no_taskflow.py for tasks to queue
[2025-01-30T02:50:12.639+0800] {logging_mixin.py:190} INFO - [2025-01-30T02:50:12.638+0800] {dagbag.py:588} INFO - Filling up the DagBag from /home/anhtupham99/miniforge3/envs/nba/lib/python3.11/site-packages/airflow/example_dags/example_dataset_alias_with_no_taskflow.py
[2025-01-30T02:50:12.806+0800] {processor.py:925} INFO - DAG(s) 'dataset_s3_bucket_consumer_with_no_taskflow', 'dataset_alias_example_alias_consumer_with_no_taskflow', 'dataset_alias_example_alias_producer_with_no_taskflow', 'dataset_s3_bucket_producer_with_no_taskflow' retrieved from /home/anhtupham99/miniforge3/envs/nba/lib/python3.11/site-packages/airflow/example_dags/example_dataset_alias_with_no_taskflow.py
[2025-01-30T02:50:12.819+0800] {logging_mixin.py:190} INFO - [2025-01-30T02:50:12.818+0800] {dag.py:3239} INFO - Sync 4 DAGs
[2025-01-30T02:50:12.966+0800] {logging_mixin.py:190} INFO - [2025-01-30T02:50:12.965+0800] {dag.py:4180} INFO - Setting next_dagrun for dataset_alias_example_alias_consumer_with_no_taskflow to None, run_after=None
[2025-01-30T02:50:12.967+0800] {logging_mixin.py:190} INFO - [2025-01-30T02:50:12.967+0800] {dag.py:4180} INFO - Setting next_dagrun for dataset_alias_example_alias_producer_with_no_taskflow to None, run_after=None
[2025-01-30T02:50:12.967+0800] {logging_mixin.py:190} INFO - [2025-01-30T02:50:12.967+0800] {dag.py:4180} INFO - Setting next_dagrun for dataset_s3_bucket_consumer_with_no_taskflow to None, run_after=None
[2025-01-30T02:50:12.968+0800] {logging_mixin.py:190} INFO - [2025-01-30T02:50:12.968+0800] {dag.py:4180} INFO - Setting next_dagrun for dataset_s3_bucket_producer_with_no_taskflow to None, run_after=None
[2025-01-30T02:50:12.991+0800] {processor.py:208} INFO - Processing /home/anhtupham99/miniforge3/envs/nba/lib/python3.11/site-packages/airflow/example_dags/example_dataset_alias_with_no_taskflow.py took 0.375 seconds
[2025-01-30T02:51:07.529+0800] {processor.py:186} INFO - Started process (PID=20127) to work on /home/anhtupham99/miniforge3/envs/nba/lib/python3.11/site-packages/airflow/example_dags/example_dataset_alias_with_no_taskflow.py
[2025-01-30T02:51:07.535+0800] {processor.py:914} INFO - Processing file /home/anhtupham99/miniforge3/envs/nba/lib/python3.11/site-packages/airflow/example_dags/example_dataset_alias_with_no_taskflow.py for tasks to queue
[2025-01-30T02:51:07.539+0800] {logging_mixin.py:190} INFO - [2025-01-30T02:51:07.538+0800] {dagbag.py:588} INFO - Filling up the DagBag from /home/anhtupham99/miniforge3/envs/nba/lib/python3.11/site-packages/airflow/example_dags/example_dataset_alias_with_no_taskflow.py
[2025-01-30T02:51:07.716+0800] {processor.py:925} INFO - DAG(s) 'dataset_alias_example_alias_producer_with_no_taskflow', 'dataset_s3_bucket_consumer_with_no_taskflow', 'dataset_s3_bucket_producer_with_no_taskflow', 'dataset_alias_example_alias_consumer_with_no_taskflow' retrieved from /home/anhtupham99/miniforge3/envs/nba/lib/python3.11/site-packages/airflow/example_dags/example_dataset_alias_with_no_taskflow.py
[2025-01-30T02:51:07.728+0800] {logging_mixin.py:190} INFO - [2025-01-30T02:51:07.728+0800] {dag.py:3239} INFO - Sync 4 DAGs
[2025-01-30T02:51:07.869+0800] {logging_mixin.py:190} INFO - [2025-01-30T02:51:07.869+0800] {dag.py:4180} INFO - Setting next_dagrun for dataset_alias_example_alias_consumer_with_no_taskflow to None, run_after=None
[2025-01-30T02:51:07.870+0800] {logging_mixin.py:190} INFO - [2025-01-30T02:51:07.870+0800] {dag.py:4180} INFO - Setting next_dagrun for dataset_alias_example_alias_producer_with_no_taskflow to None, run_after=None
[2025-01-30T02:51:07.871+0800] {logging_mixin.py:190} INFO - [2025-01-30T02:51:07.871+0800] {dag.py:4180} INFO - Setting next_dagrun for dataset_s3_bucket_consumer_with_no_taskflow to None, run_after=None
[2025-01-30T02:51:07.871+0800] {logging_mixin.py:190} INFO - [2025-01-30T02:51:07.871+0800] {dag.py:4180} INFO - Setting next_dagrun for dataset_s3_bucket_producer_with_no_taskflow to None, run_after=None
[2025-01-30T02:51:07.901+0800] {processor.py:208} INFO - Processing /home/anhtupham99/miniforge3/envs/nba/lib/python3.11/site-packages/airflow/example_dags/example_dataset_alias_with_no_taskflow.py took 0.387 seconds
[2025-01-30T02:52:00.740+0800] {processor.py:186} INFO - Started process (PID=20419) to work on /home/anhtupham99/miniforge3/envs/nba/lib/python3.11/site-packages/airflow/example_dags/example_dataset_alias_with_no_taskflow.py
[2025-01-30T02:52:00.743+0800] {processor.py:914} INFO - Processing file /home/anhtupham99/miniforge3/envs/nba/lib/python3.11/site-packages/airflow/example_dags/example_dataset_alias_with_no_taskflow.py for tasks to queue
[2025-01-30T02:52:00.747+0800] {logging_mixin.py:190} INFO - [2025-01-30T02:52:00.747+0800] {dagbag.py:588} INFO - Filling up the DagBag from /home/anhtupham99/miniforge3/envs/nba/lib/python3.11/site-packages/airflow/example_dags/example_dataset_alias_with_no_taskflow.py
[2025-01-30T02:52:00.945+0800] {processor.py:925} INFO - DAG(s) 'dataset_alias_example_alias_producer_with_no_taskflow', 'dataset_alias_example_alias_consumer_with_no_taskflow', 'dataset_s3_bucket_producer_with_no_taskflow', 'dataset_s3_bucket_consumer_with_no_taskflow' retrieved from /home/anhtupham99/miniforge3/envs/nba/lib/python3.11/site-packages/airflow/example_dags/example_dataset_alias_with_no_taskflow.py
[2025-01-30T02:52:00.957+0800] {logging_mixin.py:190} INFO - [2025-01-30T02:52:00.957+0800] {dag.py:3239} INFO - Sync 4 DAGs
[2025-01-30T02:52:00.970+0800] {logging_mixin.py:190} INFO - [2025-01-30T02:52:00.970+0800] {dag.py:4180} INFO - Setting next_dagrun for dataset_alias_example_alias_consumer_with_no_taskflow to None, run_after=None
[2025-01-30T02:52:00.971+0800] {logging_mixin.py:190} INFO - [2025-01-30T02:52:00.971+0800] {dag.py:4180} INFO - Setting next_dagrun for dataset_alias_example_alias_producer_with_no_taskflow to None, run_after=None
[2025-01-30T02:52:00.972+0800] {logging_mixin.py:190} INFO - [2025-01-30T02:52:00.972+0800] {dag.py:4180} INFO - Setting next_dagrun for dataset_s3_bucket_consumer_with_no_taskflow to None, run_after=None
[2025-01-30T02:52:00.972+0800] {logging_mixin.py:190} INFO - [2025-01-30T02:52:00.972+0800] {dag.py:4180} INFO - Setting next_dagrun for dataset_s3_bucket_producer_with_no_taskflow to None, run_after=None
[2025-01-30T02:52:01.014+0800] {processor.py:208} INFO - Processing /home/anhtupham99/miniforge3/envs/nba/lib/python3.11/site-packages/airflow/example_dags/example_dataset_alias_with_no_taskflow.py took 0.288 seconds
[2025-01-30T02:52:52.442+0800] {processor.py:186} INFO - Started process (PID=20744) to work on /home/anhtupham99/miniforge3/envs/nba/lib/python3.11/site-packages/airflow/example_dags/example_dataset_alias_with_no_taskflow.py
[2025-01-30T02:52:52.443+0800] {processor.py:914} INFO - Processing file /home/anhtupham99/miniforge3/envs/nba/lib/python3.11/site-packages/airflow/example_dags/example_dataset_alias_with_no_taskflow.py for tasks to queue
[2025-01-30T02:52:52.445+0800] {logging_mixin.py:190} INFO - [2025-01-30T02:52:52.444+0800] {dagbag.py:588} INFO - Filling up the DagBag from /home/anhtupham99/miniforge3/envs/nba/lib/python3.11/site-packages/airflow/example_dags/example_dataset_alias_with_no_taskflow.py
[2025-01-30T02:52:52.604+0800] {processor.py:925} INFO - DAG(s) 'dataset_s3_bucket_consumer_with_no_taskflow', 'dataset_s3_bucket_producer_with_no_taskflow', 'dataset_alias_example_alias_consumer_with_no_taskflow', 'dataset_alias_example_alias_producer_with_no_taskflow' retrieved from /home/anhtupham99/miniforge3/envs/nba/lib/python3.11/site-packages/airflow/example_dags/example_dataset_alias_with_no_taskflow.py
[2025-01-30T02:52:52.759+0800] {logging_mixin.py:190} INFO - [2025-01-30T02:52:52.758+0800] {dag.py:3239} INFO - Sync 4 DAGs
[2025-01-30T02:52:52.772+0800] {logging_mixin.py:190} INFO - [2025-01-30T02:52:52.772+0800] {dag.py:4180} INFO - Setting next_dagrun for dataset_alias_example_alias_consumer_with_no_taskflow to None, run_after=None
[2025-01-30T02:52:52.773+0800] {logging_mixin.py:190} INFO - [2025-01-30T02:52:52.773+0800] {dag.py:4180} INFO - Setting next_dagrun for dataset_alias_example_alias_producer_with_no_taskflow to None, run_after=None
[2025-01-30T02:52:52.774+0800] {logging_mixin.py:190} INFO - [2025-01-30T02:52:52.774+0800] {dag.py:4180} INFO - Setting next_dagrun for dataset_s3_bucket_consumer_with_no_taskflow to None, run_after=None
[2025-01-30T02:52:52.774+0800] {logging_mixin.py:190} INFO - [2025-01-30T02:52:52.774+0800] {dag.py:4180} INFO - Setting next_dagrun for dataset_s3_bucket_producer_with_no_taskflow to None, run_after=None
[2025-01-30T02:52:52.804+0800] {processor.py:208} INFO - Processing /home/anhtupham99/miniforge3/envs/nba/lib/python3.11/site-packages/airflow/example_dags/example_dataset_alias_with_no_taskflow.py took 0.367 seconds
[2025-01-30T02:53:47.773+0800] {processor.py:186} INFO - Started process (PID=21048) to work on /home/anhtupham99/miniforge3/envs/nba/lib/python3.11/site-packages/airflow/example_dags/example_dataset_alias_with_no_taskflow.py
[2025-01-30T02:53:47.775+0800] {processor.py:914} INFO - Processing file /home/anhtupham99/miniforge3/envs/nba/lib/python3.11/site-packages/airflow/example_dags/example_dataset_alias_with_no_taskflow.py for tasks to queue
[2025-01-30T02:53:47.777+0800] {logging_mixin.py:190} INFO - [2025-01-30T02:53:47.776+0800] {dagbag.py:588} INFO - Filling up the DagBag from /home/anhtupham99/miniforge3/envs/nba/lib/python3.11/site-packages/airflow/example_dags/example_dataset_alias_with_no_taskflow.py
[2025-01-30T02:53:47.954+0800] {processor.py:925} INFO - DAG(s) 'dataset_alias_example_alias_consumer_with_no_taskflow', 'dataset_alias_example_alias_producer_with_no_taskflow', 'dataset_s3_bucket_producer_with_no_taskflow', 'dataset_s3_bucket_consumer_with_no_taskflow' retrieved from /home/anhtupham99/miniforge3/envs/nba/lib/python3.11/site-packages/airflow/example_dags/example_dataset_alias_with_no_taskflow.py
[2025-01-30T02:53:47.967+0800] {logging_mixin.py:190} INFO - [2025-01-30T02:53:47.966+0800] {dag.py:3239} INFO - Sync 4 DAGs
[2025-01-30T02:53:48.119+0800] {logging_mixin.py:190} INFO - [2025-01-30T02:53:48.119+0800] {dag.py:4180} INFO - Setting next_dagrun for dataset_alias_example_alias_consumer_with_no_taskflow to None, run_after=None
[2025-01-30T02:53:48.121+0800] {logging_mixin.py:190} INFO - [2025-01-30T02:53:48.121+0800] {dag.py:4180} INFO - Setting next_dagrun for dataset_alias_example_alias_producer_with_no_taskflow to None, run_after=None
[2025-01-30T02:53:48.122+0800] {logging_mixin.py:190} INFO - [2025-01-30T02:53:48.121+0800] {dag.py:4180} INFO - Setting next_dagrun for dataset_s3_bucket_consumer_with_no_taskflow to None, run_after=None
[2025-01-30T02:53:48.122+0800] {logging_mixin.py:190} INFO - [2025-01-30T02:53:48.122+0800] {dag.py:4180} INFO - Setting next_dagrun for dataset_s3_bucket_producer_with_no_taskflow to None, run_after=None
[2025-01-30T02:53:48.147+0800] {processor.py:208} INFO - Processing /home/anhtupham99/miniforge3/envs/nba/lib/python3.11/site-packages/airflow/example_dags/example_dataset_alias_with_no_taskflow.py took 0.377 seconds
[2025-01-30T02:54:36.439+0800] {processor.py:186} INFO - Started process (PID=21334) to work on /home/anhtupham99/miniforge3/envs/nba/lib/python3.11/site-packages/airflow/example_dags/example_dataset_alias_with_no_taskflow.py
[2025-01-30T02:54:36.440+0800] {processor.py:914} INFO - Processing file /home/anhtupham99/miniforge3/envs/nba/lib/python3.11/site-packages/airflow/example_dags/example_dataset_alias_with_no_taskflow.py for tasks to queue
[2025-01-30T02:54:36.441+0800] {logging_mixin.py:190} INFO - [2025-01-30T02:54:36.441+0800] {dagbag.py:588} INFO - Filling up the DagBag from /home/anhtupham99/miniforge3/envs/nba/lib/python3.11/site-packages/airflow/example_dags/example_dataset_alias_with_no_taskflow.py
[2025-01-30T02:54:36.619+0800] {processor.py:925} INFO - DAG(s) 'dataset_alias_example_alias_consumer_with_no_taskflow', 'dataset_alias_example_alias_producer_with_no_taskflow', 'dataset_s3_bucket_consumer_with_no_taskflow', 'dataset_s3_bucket_producer_with_no_taskflow' retrieved from /home/anhtupham99/miniforge3/envs/nba/lib/python3.11/site-packages/airflow/example_dags/example_dataset_alias_with_no_taskflow.py
[2025-01-30T02:54:36.632+0800] {logging_mixin.py:190} INFO - [2025-01-30T02:54:36.632+0800] {dag.py:3239} INFO - Sync 4 DAGs
[2025-01-30T02:54:36.646+0800] {logging_mixin.py:190} INFO - [2025-01-30T02:54:36.646+0800] {dag.py:4180} INFO - Setting next_dagrun for dataset_alias_example_alias_consumer_with_no_taskflow to None, run_after=None
[2025-01-30T02:54:36.648+0800] {logging_mixin.py:190} INFO - [2025-01-30T02:54:36.647+0800] {dag.py:4180} INFO - Setting next_dagrun for dataset_alias_example_alias_producer_with_no_taskflow to None, run_after=None
[2025-01-30T02:54:36.649+0800] {logging_mixin.py:190} INFO - [2025-01-30T02:54:36.649+0800] {dag.py:4180} INFO - Setting next_dagrun for dataset_s3_bucket_consumer_with_no_taskflow to None, run_after=None
[2025-01-30T02:54:36.650+0800] {logging_mixin.py:190} INFO - [2025-01-30T02:54:36.650+0800] {dag.py:4180} INFO - Setting next_dagrun for dataset_s3_bucket_producer_with_no_taskflow to None, run_after=None
[2025-01-30T02:54:36.809+0800] {processor.py:208} INFO - Processing /home/anhtupham99/miniforge3/envs/nba/lib/python3.11/site-packages/airflow/example_dags/example_dataset_alias_with_no_taskflow.py took 0.374 seconds
[2025-01-30T02:55:27.528+0800] {processor.py:186} INFO - Started process (PID=21640) to work on /home/anhtupham99/miniforge3/envs/nba/lib/python3.11/site-packages/airflow/example_dags/example_dataset_alias_with_no_taskflow.py
[2025-01-30T02:55:27.531+0800] {processor.py:914} INFO - Processing file /home/anhtupham99/miniforge3/envs/nba/lib/python3.11/site-packages/airflow/example_dags/example_dataset_alias_with_no_taskflow.py for tasks to queue
[2025-01-30T02:55:27.533+0800] {logging_mixin.py:190} INFO - [2025-01-30T02:55:27.532+0800] {dagbag.py:588} INFO - Filling up the DagBag from /home/anhtupham99/miniforge3/envs/nba/lib/python3.11/site-packages/airflow/example_dags/example_dataset_alias_with_no_taskflow.py
[2025-01-30T02:55:27.700+0800] {processor.py:925} INFO - DAG(s) 'dataset_alias_example_alias_producer_with_no_taskflow', 'dataset_s3_bucket_consumer_with_no_taskflow', 'dataset_alias_example_alias_consumer_with_no_taskflow', 'dataset_s3_bucket_producer_with_no_taskflow' retrieved from /home/anhtupham99/miniforge3/envs/nba/lib/python3.11/site-packages/airflow/example_dags/example_dataset_alias_with_no_taskflow.py
[2025-01-30T02:55:27.842+0800] {logging_mixin.py:190} INFO - [2025-01-30T02:55:27.841+0800] {dag.py:3239} INFO - Sync 4 DAGs
[2025-01-30T02:55:27.853+0800] {logging_mixin.py:190} INFO - [2025-01-30T02:55:27.852+0800] {dag.py:4180} INFO - Setting next_dagrun for dataset_alias_example_alias_consumer_with_no_taskflow to None, run_after=None
[2025-01-30T02:55:27.854+0800] {logging_mixin.py:190} INFO - [2025-01-30T02:55:27.854+0800] {dag.py:4180} INFO - Setting next_dagrun for dataset_alias_example_alias_producer_with_no_taskflow to None, run_after=None
[2025-01-30T02:55:27.854+0800] {logging_mixin.py:190} INFO - [2025-01-30T02:55:27.854+0800] {dag.py:4180} INFO - Setting next_dagrun for dataset_s3_bucket_consumer_with_no_taskflow to None, run_after=None
[2025-01-30T02:55:27.855+0800] {logging_mixin.py:190} INFO - [2025-01-30T02:55:27.855+0800] {dag.py:4180} INFO - Setting next_dagrun for dataset_s3_bucket_producer_with_no_taskflow to None, run_after=None
[2025-01-30T02:55:27.878+0800] {processor.py:208} INFO - Processing /home/anhtupham99/miniforge3/envs/nba/lib/python3.11/site-packages/airflow/example_dags/example_dataset_alias_with_no_taskflow.py took 0.354 seconds
[2025-01-30T02:56:15.574+0800] {processor.py:186} INFO - Started process (PID=21913) to work on /home/anhtupham99/miniforge3/envs/nba/lib/python3.11/site-packages/airflow/example_dags/example_dataset_alias_with_no_taskflow.py
[2025-01-30T02:56:15.575+0800] {processor.py:914} INFO - Processing file /home/anhtupham99/miniforge3/envs/nba/lib/python3.11/site-packages/airflow/example_dags/example_dataset_alias_with_no_taskflow.py for tasks to queue
[2025-01-30T02:56:15.577+0800] {logging_mixin.py:190} INFO - [2025-01-30T02:56:15.577+0800] {dagbag.py:588} INFO - Filling up the DagBag from /home/anhtupham99/miniforge3/envs/nba/lib/python3.11/site-packages/airflow/example_dags/example_dataset_alias_with_no_taskflow.py
[2025-01-30T02:56:15.752+0800] {processor.py:925} INFO - DAG(s) 'dataset_alias_example_alias_producer_with_no_taskflow', 'dataset_s3_bucket_consumer_with_no_taskflow', 'dataset_s3_bucket_producer_with_no_taskflow', 'dataset_alias_example_alias_consumer_with_no_taskflow' retrieved from /home/anhtupham99/miniforge3/envs/nba/lib/python3.11/site-packages/airflow/example_dags/example_dataset_alias_with_no_taskflow.py
[2025-01-30T02:56:15.766+0800] {logging_mixin.py:190} INFO - [2025-01-30T02:56:15.765+0800] {dag.py:3239} INFO - Sync 4 DAGs
[2025-01-30T02:56:15.921+0800] {logging_mixin.py:190} INFO - [2025-01-30T02:56:15.921+0800] {dag.py:4180} INFO - Setting next_dagrun for dataset_alias_example_alias_consumer_with_no_taskflow to None, run_after=None
[2025-01-30T02:56:15.922+0800] {logging_mixin.py:190} INFO - [2025-01-30T02:56:15.922+0800] {dag.py:4180} INFO - Setting next_dagrun for dataset_alias_example_alias_producer_with_no_taskflow to None, run_after=None
[2025-01-30T02:56:15.923+0800] {logging_mixin.py:190} INFO - [2025-01-30T02:56:15.923+0800] {dag.py:4180} INFO - Setting next_dagrun for dataset_s3_bucket_consumer_with_no_taskflow to None, run_after=None
[2025-01-30T02:56:15.923+0800] {logging_mixin.py:190} INFO - [2025-01-30T02:56:15.923+0800] {dag.py:4180} INFO - Setting next_dagrun for dataset_s3_bucket_producer_with_no_taskflow to None, run_after=None
[2025-01-30T02:56:15.948+0800] {processor.py:208} INFO - Processing /home/anhtupham99/miniforge3/envs/nba/lib/python3.11/site-packages/airflow/example_dags/example_dataset_alias_with_no_taskflow.py took 0.378 seconds
[2025-01-30T02:57:01.828+0800] {processor.py:186} INFO - Started process (PID=22177) to work on /home/anhtupham99/miniforge3/envs/nba/lib/python3.11/site-packages/airflow/example_dags/example_dataset_alias_with_no_taskflow.py
[2025-01-30T02:57:01.830+0800] {processor.py:914} INFO - Processing file /home/anhtupham99/miniforge3/envs/nba/lib/python3.11/site-packages/airflow/example_dags/example_dataset_alias_with_no_taskflow.py for tasks to queue
[2025-01-30T02:57:01.832+0800] {logging_mixin.py:190} INFO - [2025-01-30T02:57:01.831+0800] {dagbag.py:588} INFO - Filling up the DagBag from /home/anhtupham99/miniforge3/envs/nba/lib/python3.11/site-packages/airflow/example_dags/example_dataset_alias_with_no_taskflow.py
[2025-01-30T02:57:01.993+0800] {processor.py:925} INFO - DAG(s) 'dataset_alias_example_alias_consumer_with_no_taskflow', 'dataset_s3_bucket_consumer_with_no_taskflow', 'dataset_s3_bucket_producer_with_no_taskflow', 'dataset_alias_example_alias_producer_with_no_taskflow' retrieved from /home/anhtupham99/miniforge3/envs/nba/lib/python3.11/site-packages/airflow/example_dags/example_dataset_alias_with_no_taskflow.py
[2025-01-30T02:57:02.006+0800] {logging_mixin.py:190} INFO - [2025-01-30T02:57:02.006+0800] {dag.py:3239} INFO - Sync 4 DAGs
[2025-01-30T02:57:02.021+0800] {logging_mixin.py:190} INFO - [2025-01-30T02:57:02.021+0800] {dag.py:4180} INFO - Setting next_dagrun for dataset_alias_example_alias_consumer_with_no_taskflow to None, run_after=None
[2025-01-30T02:57:02.023+0800] {logging_mixin.py:190} INFO - [2025-01-30T02:57:02.022+0800] {dag.py:4180} INFO - Setting next_dagrun for dataset_alias_example_alias_producer_with_no_taskflow to None, run_after=None
[2025-01-30T02:57:02.163+0800] {logging_mixin.py:190} INFO - [2025-01-30T02:57:02.163+0800] {dag.py:4180} INFO - Setting next_dagrun for dataset_s3_bucket_consumer_with_no_taskflow to None, run_after=None
[2025-01-30T02:57:02.164+0800] {logging_mixin.py:190} INFO - [2025-01-30T02:57:02.164+0800] {dag.py:4180} INFO - Setting next_dagrun for dataset_s3_bucket_producer_with_no_taskflow to None, run_after=None
[2025-01-30T02:57:02.187+0800] {processor.py:208} INFO - Processing /home/anhtupham99/miniforge3/envs/nba/lib/python3.11/site-packages/airflow/example_dags/example_dataset_alias_with_no_taskflow.py took 0.363 seconds
[2025-01-30T02:57:51.065+0800] {processor.py:186} INFO - Started process (PID=22510) to work on /home/anhtupham99/miniforge3/envs/nba/lib/python3.11/site-packages/airflow/example_dags/example_dataset_alias_with_no_taskflow.py
[2025-01-30T02:57:51.067+0800] {processor.py:914} INFO - Processing file /home/anhtupham99/miniforge3/envs/nba/lib/python3.11/site-packages/airflow/example_dags/example_dataset_alias_with_no_taskflow.py for tasks to queue
[2025-01-30T02:57:51.068+0800] {logging_mixin.py:190} INFO - [2025-01-30T02:57:51.068+0800] {dagbag.py:588} INFO - Filling up the DagBag from /home/anhtupham99/miniforge3/envs/nba/lib/python3.11/site-packages/airflow/example_dags/example_dataset_alias_with_no_taskflow.py
[2025-01-30T02:57:51.372+0800] {processor.py:925} INFO - DAG(s) 'dataset_alias_example_alias_consumer_with_no_taskflow', 'dataset_alias_example_alias_producer_with_no_taskflow', 'dataset_s3_bucket_producer_with_no_taskflow', 'dataset_s3_bucket_consumer_with_no_taskflow' retrieved from /home/anhtupham99/miniforge3/envs/nba/lib/python3.11/site-packages/airflow/example_dags/example_dataset_alias_with_no_taskflow.py
[2025-01-30T02:57:51.384+0800] {logging_mixin.py:190} INFO - [2025-01-30T02:57:51.384+0800] {dag.py:3239} INFO - Sync 4 DAGs
[2025-01-30T02:57:51.396+0800] {logging_mixin.py:190} INFO - [2025-01-30T02:57:51.396+0800] {dag.py:4180} INFO - Setting next_dagrun for dataset_alias_example_alias_consumer_with_no_taskflow to None, run_after=None
[2025-01-30T02:57:51.398+0800] {logging_mixin.py:190} INFO - [2025-01-30T02:57:51.398+0800] {dag.py:4180} INFO - Setting next_dagrun for dataset_alias_example_alias_producer_with_no_taskflow to None, run_after=None
[2025-01-30T02:57:51.398+0800] {logging_mixin.py:190} INFO - [2025-01-30T02:57:51.398+0800] {dag.py:4180} INFO - Setting next_dagrun for dataset_s3_bucket_consumer_with_no_taskflow to None, run_after=None
[2025-01-30T02:57:51.399+0800] {logging_mixin.py:190} INFO - [2025-01-30T02:57:51.399+0800] {dag.py:4180} INFO - Setting next_dagrun for dataset_s3_bucket_producer_with_no_taskflow to None, run_after=None
[2025-01-30T02:57:51.430+0800] {processor.py:208} INFO - Processing /home/anhtupham99/miniforge3/envs/nba/lib/python3.11/site-packages/airflow/example_dags/example_dataset_alias_with_no_taskflow.py took 0.368 seconds
[2025-01-30T02:58:41.170+0800] {processor.py:186} INFO - Started process (PID=22791) to work on /home/anhtupham99/miniforge3/envs/nba/lib/python3.11/site-packages/airflow/example_dags/example_dataset_alias_with_no_taskflow.py
[2025-01-30T02:58:41.172+0800] {processor.py:914} INFO - Processing file /home/anhtupham99/miniforge3/envs/nba/lib/python3.11/site-packages/airflow/example_dags/example_dataset_alias_with_no_taskflow.py for tasks to queue
[2025-01-30T02:58:41.173+0800] {logging_mixin.py:190} INFO - [2025-01-30T02:58:41.173+0800] {dagbag.py:588} INFO - Filling up the DagBag from /home/anhtupham99/miniforge3/envs/nba/lib/python3.11/site-packages/airflow/example_dags/example_dataset_alias_with_no_taskflow.py
[2025-01-30T02:58:41.344+0800] {processor.py:925} INFO - DAG(s) 'dataset_alias_example_alias_producer_with_no_taskflow', 'dataset_s3_bucket_consumer_with_no_taskflow', 'dataset_s3_bucket_producer_with_no_taskflow', 'dataset_alias_example_alias_consumer_with_no_taskflow' retrieved from /home/anhtupham99/miniforge3/envs/nba/lib/python3.11/site-packages/airflow/example_dags/example_dataset_alias_with_no_taskflow.py
[2025-01-30T02:58:41.485+0800] {logging_mixin.py:190} INFO - [2025-01-30T02:58:41.484+0800] {dag.py:3239} INFO - Sync 4 DAGs
[2025-01-30T02:58:41.495+0800] {logging_mixin.py:190} INFO - [2025-01-30T02:58:41.495+0800] {dag.py:4180} INFO - Setting next_dagrun for dataset_alias_example_alias_consumer_with_no_taskflow to None, run_after=None
[2025-01-30T02:58:41.497+0800] {logging_mixin.py:190} INFO - [2025-01-30T02:58:41.496+0800] {dag.py:4180} INFO - Setting next_dagrun for dataset_alias_example_alias_producer_with_no_taskflow to None, run_after=None
[2025-01-30T02:58:41.497+0800] {logging_mixin.py:190} INFO - [2025-01-30T02:58:41.497+0800] {dag.py:4180} INFO - Setting next_dagrun for dataset_s3_bucket_consumer_with_no_taskflow to None, run_after=None
[2025-01-30T02:58:41.498+0800] {logging_mixin.py:190} INFO - [2025-01-30T02:58:41.498+0800] {dag.py:4180} INFO - Setting next_dagrun for dataset_s3_bucket_producer_with_no_taskflow to None, run_after=None
[2025-01-30T02:58:41.520+0800] {processor.py:208} INFO - Processing /home/anhtupham99/miniforge3/envs/nba/lib/python3.11/site-packages/airflow/example_dags/example_dataset_alias_with_no_taskflow.py took 0.354 seconds
[2025-01-30T02:59:31.693+0800] {processor.py:186} INFO - Started process (PID=23079) to work on /home/anhtupham99/miniforge3/envs/nba/lib/python3.11/site-packages/airflow/example_dags/example_dataset_alias_with_no_taskflow.py
[2025-01-30T02:59:31.694+0800] {processor.py:914} INFO - Processing file /home/anhtupham99/miniforge3/envs/nba/lib/python3.11/site-packages/airflow/example_dags/example_dataset_alias_with_no_taskflow.py for tasks to queue
[2025-01-30T02:59:31.696+0800] {logging_mixin.py:190} INFO - [2025-01-30T02:59:31.696+0800] {dagbag.py:588} INFO - Filling up the DagBag from /home/anhtupham99/miniforge3/envs/nba/lib/python3.11/site-packages/airflow/example_dags/example_dataset_alias_with_no_taskflow.py
[2025-01-30T02:59:31.867+0800] {processor.py:925} INFO - DAG(s) 'dataset_s3_bucket_consumer_with_no_taskflow', 'dataset_alias_example_alias_consumer_with_no_taskflow', 'dataset_s3_bucket_producer_with_no_taskflow', 'dataset_alias_example_alias_producer_with_no_taskflow' retrieved from /home/anhtupham99/miniforge3/envs/nba/lib/python3.11/site-packages/airflow/example_dags/example_dataset_alias_with_no_taskflow.py
[2025-01-30T02:59:31.880+0800] {logging_mixin.py:190} INFO - [2025-01-30T02:59:31.880+0800] {dag.py:3239} INFO - Sync 4 DAGs
[2025-01-30T02:59:32.024+0800] {logging_mixin.py:190} INFO - [2025-01-30T02:59:32.024+0800] {dag.py:4180} INFO - Setting next_dagrun for dataset_alias_example_alias_consumer_with_no_taskflow to None, run_after=None
[2025-01-30T02:59:32.026+0800] {logging_mixin.py:190} INFO - [2025-01-30T02:59:32.026+0800] {dag.py:4180} INFO - Setting next_dagrun for dataset_alias_example_alias_producer_with_no_taskflow to None, run_after=None
[2025-01-30T02:59:32.026+0800] {logging_mixin.py:190} INFO - [2025-01-30T02:59:32.026+0800] {dag.py:4180} INFO - Setting next_dagrun for dataset_s3_bucket_consumer_with_no_taskflow to None, run_after=None
[2025-01-30T02:59:32.027+0800] {logging_mixin.py:190} INFO - [2025-01-30T02:59:32.027+0800] {dag.py:4180} INFO - Setting next_dagrun for dataset_s3_bucket_producer_with_no_taskflow to None, run_after=None
[2025-01-30T02:59:32.051+0800] {processor.py:208} INFO - Processing /home/anhtupham99/miniforge3/envs/nba/lib/python3.11/site-packages/airflow/example_dags/example_dataset_alias_with_no_taskflow.py took 0.362 seconds
[2025-01-30T03:00:21.423+0800] {processor.py:186} INFO - Started process (PID=23389) to work on /home/anhtupham99/miniforge3/envs/nba/lib/python3.11/site-packages/airflow/example_dags/example_dataset_alias_with_no_taskflow.py
[2025-01-30T03:00:21.424+0800] {processor.py:914} INFO - Processing file /home/anhtupham99/miniforge3/envs/nba/lib/python3.11/site-packages/airflow/example_dags/example_dataset_alias_with_no_taskflow.py for tasks to queue
[2025-01-30T03:00:21.426+0800] {logging_mixin.py:190} INFO - [2025-01-30T03:00:21.426+0800] {dagbag.py:588} INFO - Filling up the DagBag from /home/anhtupham99/miniforge3/envs/nba/lib/python3.11/site-packages/airflow/example_dags/example_dataset_alias_with_no_taskflow.py
[2025-01-30T03:00:21.714+0800] {processor.py:925} INFO - DAG(s) 'dataset_s3_bucket_consumer_with_no_taskflow', 'dataset_alias_example_alias_producer_with_no_taskflow', 'dataset_alias_example_alias_consumer_with_no_taskflow', 'dataset_s3_bucket_producer_with_no_taskflow' retrieved from /home/anhtupham99/miniforge3/envs/nba/lib/python3.11/site-packages/airflow/example_dags/example_dataset_alias_with_no_taskflow.py
[2025-01-30T03:00:21.725+0800] {logging_mixin.py:190} INFO - [2025-01-30T03:00:21.725+0800] {dag.py:3239} INFO - Sync 4 DAGs
[2025-01-30T03:00:21.735+0800] {logging_mixin.py:190} INFO - [2025-01-30T03:00:21.735+0800] {dag.py:4180} INFO - Setting next_dagrun for dataset_alias_example_alias_consumer_with_no_taskflow to None, run_after=None
[2025-01-30T03:00:21.737+0800] {logging_mixin.py:190} INFO - [2025-01-30T03:00:21.737+0800] {dag.py:4180} INFO - Setting next_dagrun for dataset_alias_example_alias_producer_with_no_taskflow to None, run_after=None
[2025-01-30T03:00:21.737+0800] {logging_mixin.py:190} INFO - [2025-01-30T03:00:21.737+0800] {dag.py:4180} INFO - Setting next_dagrun for dataset_s3_bucket_consumer_with_no_taskflow to None, run_after=None
[2025-01-30T03:00:21.738+0800] {logging_mixin.py:190} INFO - [2025-01-30T03:00:21.738+0800] {dag.py:4180} INFO - Setting next_dagrun for dataset_s3_bucket_producer_with_no_taskflow to None, run_after=None
[2025-01-30T03:00:21.760+0800] {processor.py:208} INFO - Processing /home/anhtupham99/miniforge3/envs/nba/lib/python3.11/site-packages/airflow/example_dags/example_dataset_alias_with_no_taskflow.py took 0.342 seconds
[2025-01-30T03:01:11.062+0800] {processor.py:186} INFO - Started process (PID=23666) to work on /home/anhtupham99/miniforge3/envs/nba/lib/python3.11/site-packages/airflow/example_dags/example_dataset_alias_with_no_taskflow.py
[2025-01-30T03:01:11.063+0800] {processor.py:914} INFO - Processing file /home/anhtupham99/miniforge3/envs/nba/lib/python3.11/site-packages/airflow/example_dags/example_dataset_alias_with_no_taskflow.py for tasks to queue
[2025-01-30T03:01:11.065+0800] {logging_mixin.py:190} INFO - [2025-01-30T03:01:11.065+0800] {dagbag.py:588} INFO - Filling up the DagBag from /home/anhtupham99/miniforge3/envs/nba/lib/python3.11/site-packages/airflow/example_dags/example_dataset_alias_with_no_taskflow.py
[2025-01-30T03:01:11.365+0800] {processor.py:925} INFO - DAG(s) 'dataset_s3_bucket_consumer_with_no_taskflow', 'dataset_alias_example_alias_producer_with_no_taskflow', 'dataset_s3_bucket_producer_with_no_taskflow', 'dataset_alias_example_alias_consumer_with_no_taskflow' retrieved from /home/anhtupham99/miniforge3/envs/nba/lib/python3.11/site-packages/airflow/example_dags/example_dataset_alias_with_no_taskflow.py
[2025-01-30T03:01:11.376+0800] {logging_mixin.py:190} INFO - [2025-01-30T03:01:11.375+0800] {dag.py:3239} INFO - Sync 4 DAGs
[2025-01-30T03:01:11.386+0800] {logging_mixin.py:190} INFO - [2025-01-30T03:01:11.386+0800] {dag.py:4180} INFO - Setting next_dagrun for dataset_alias_example_alias_consumer_with_no_taskflow to None, run_after=None
[2025-01-30T03:01:11.387+0800] {logging_mixin.py:190} INFO - [2025-01-30T03:01:11.387+0800] {dag.py:4180} INFO - Setting next_dagrun for dataset_alias_example_alias_producer_with_no_taskflow to None, run_after=None
[2025-01-30T03:01:11.388+0800] {logging_mixin.py:190} INFO - [2025-01-30T03:01:11.388+0800] {dag.py:4180} INFO - Setting next_dagrun for dataset_s3_bucket_consumer_with_no_taskflow to None, run_after=None
[2025-01-30T03:01:11.388+0800] {logging_mixin.py:190} INFO - [2025-01-30T03:01:11.388+0800] {dag.py:4180} INFO - Setting next_dagrun for dataset_s3_bucket_producer_with_no_taskflow to None, run_after=None
[2025-01-30T03:01:11.411+0800] {processor.py:208} INFO - Processing /home/anhtupham99/miniforge3/envs/nba/lib/python3.11/site-packages/airflow/example_dags/example_dataset_alias_with_no_taskflow.py took 0.353 seconds
[2025-01-30T03:01:57.776+0800] {processor.py:186} INFO - Started process (PID=23934) to work on /home/anhtupham99/miniforge3/envs/nba/lib/python3.11/site-packages/airflow/example_dags/example_dataset_alias_with_no_taskflow.py
[2025-01-30T03:01:57.777+0800] {processor.py:914} INFO - Processing file /home/anhtupham99/miniforge3/envs/nba/lib/python3.11/site-packages/airflow/example_dags/example_dataset_alias_with_no_taskflow.py for tasks to queue
[2025-01-30T03:01:57.778+0800] {logging_mixin.py:190} INFO - [2025-01-30T03:01:57.778+0800] {dagbag.py:588} INFO - Filling up the DagBag from /home/anhtupham99/miniforge3/envs/nba/lib/python3.11/site-packages/airflow/example_dags/example_dataset_alias_with_no_taskflow.py
[2025-01-30T03:01:57.948+0800] {processor.py:925} INFO - DAG(s) 'dataset_alias_example_alias_producer_with_no_taskflow', 'dataset_s3_bucket_consumer_with_no_taskflow', 'dataset_alias_example_alias_consumer_with_no_taskflow', 'dataset_s3_bucket_producer_with_no_taskflow' retrieved from /home/anhtupham99/miniforge3/envs/nba/lib/python3.11/site-packages/airflow/example_dags/example_dataset_alias_with_no_taskflow.py
[2025-01-30T03:01:57.959+0800] {logging_mixin.py:190} INFO - [2025-01-30T03:01:57.958+0800] {dag.py:3239} INFO - Sync 4 DAGs
[2025-01-30T03:01:58.116+0800] {logging_mixin.py:190} INFO - [2025-01-30T03:01:58.116+0800] {dag.py:4180} INFO - Setting next_dagrun for dataset_alias_example_alias_consumer_with_no_taskflow to None, run_after=None
[2025-01-30T03:01:58.117+0800] {logging_mixin.py:190} INFO - [2025-01-30T03:01:58.117+0800] {dag.py:4180} INFO - Setting next_dagrun for dataset_alias_example_alias_producer_with_no_taskflow to None, run_after=None
[2025-01-30T03:01:58.118+0800] {logging_mixin.py:190} INFO - [2025-01-30T03:01:58.118+0800] {dag.py:4180} INFO - Setting next_dagrun for dataset_s3_bucket_consumer_with_no_taskflow to None, run_after=None
[2025-01-30T03:01:58.118+0800] {logging_mixin.py:190} INFO - [2025-01-30T03:01:58.118+0800] {dag.py:4180} INFO - Setting next_dagrun for dataset_s3_bucket_producer_with_no_taskflow to None, run_after=None
[2025-01-30T03:01:58.144+0800] {processor.py:208} INFO - Processing /home/anhtupham99/miniforge3/envs/nba/lib/python3.11/site-packages/airflow/example_dags/example_dataset_alias_with_no_taskflow.py took 0.372 seconds
[2025-01-30T03:02:45.485+0800] {processor.py:186} INFO - Started process (PID=24242) to work on /home/anhtupham99/miniforge3/envs/nba/lib/python3.11/site-packages/airflow/example_dags/example_dataset_alias_with_no_taskflow.py
[2025-01-30T03:02:45.489+0800] {processor.py:914} INFO - Processing file /home/anhtupham99/miniforge3/envs/nba/lib/python3.11/site-packages/airflow/example_dags/example_dataset_alias_with_no_taskflow.py for tasks to queue
[2025-01-30T03:02:45.490+0800] {logging_mixin.py:190} INFO - [2025-01-30T03:02:45.490+0800] {dagbag.py:588} INFO - Filling up the DagBag from /home/anhtupham99/miniforge3/envs/nba/lib/python3.11/site-packages/airflow/example_dags/example_dataset_alias_with_no_taskflow.py
[2025-01-30T03:02:45.815+0800] {processor.py:925} INFO - DAG(s) 'dataset_alias_example_alias_producer_with_no_taskflow', 'dataset_alias_example_alias_consumer_with_no_taskflow', 'dataset_s3_bucket_consumer_with_no_taskflow', 'dataset_s3_bucket_producer_with_no_taskflow' retrieved from /home/anhtupham99/miniforge3/envs/nba/lib/python3.11/site-packages/airflow/example_dags/example_dataset_alias_with_no_taskflow.py
[2025-01-30T03:02:45.826+0800] {logging_mixin.py:190} INFO - [2025-01-30T03:02:45.826+0800] {dag.py:3239} INFO - Sync 4 DAGs
[2025-01-30T03:02:45.839+0800] {logging_mixin.py:190} INFO - [2025-01-30T03:02:45.839+0800] {dag.py:4180} INFO - Setting next_dagrun for dataset_alias_example_alias_consumer_with_no_taskflow to None, run_after=None
[2025-01-30T03:02:45.840+0800] {logging_mixin.py:190} INFO - [2025-01-30T03:02:45.840+0800] {dag.py:4180} INFO - Setting next_dagrun for dataset_alias_example_alias_producer_with_no_taskflow to None, run_after=None
[2025-01-30T03:02:45.842+0800] {logging_mixin.py:190} INFO - [2025-01-30T03:02:45.842+0800] {dag.py:4180} INFO - Setting next_dagrun for dataset_s3_bucket_consumer_with_no_taskflow to None, run_after=None
[2025-01-30T03:02:45.843+0800] {logging_mixin.py:190} INFO - [2025-01-30T03:02:45.842+0800] {dag.py:4180} INFO - Setting next_dagrun for dataset_s3_bucket_producer_with_no_taskflow to None, run_after=None
[2025-01-30T03:02:45.869+0800] {processor.py:208} INFO - Processing /home/anhtupham99/miniforge3/envs/nba/lib/python3.11/site-packages/airflow/example_dags/example_dataset_alias_with_no_taskflow.py took 0.388 seconds
[2025-01-30T03:03:33.549+0800] {processor.py:186} INFO - Started process (PID=24518) to work on /home/anhtupham99/miniforge3/envs/nba/lib/python3.11/site-packages/airflow/example_dags/example_dataset_alias_with_no_taskflow.py
[2025-01-30T03:03:33.551+0800] {processor.py:914} INFO - Processing file /home/anhtupham99/miniforge3/envs/nba/lib/python3.11/site-packages/airflow/example_dags/example_dataset_alias_with_no_taskflow.py for tasks to queue
[2025-01-30T03:03:33.552+0800] {logging_mixin.py:190} INFO - [2025-01-30T03:03:33.552+0800] {dagbag.py:588} INFO - Filling up the DagBag from /home/anhtupham99/miniforge3/envs/nba/lib/python3.11/site-packages/airflow/example_dags/example_dataset_alias_with_no_taskflow.py
[2025-01-30T03:03:33.850+0800] {processor.py:925} INFO - DAG(s) 'dataset_s3_bucket_producer_with_no_taskflow', 'dataset_alias_example_alias_consumer_with_no_taskflow', 'dataset_alias_example_alias_producer_with_no_taskflow', 'dataset_s3_bucket_consumer_with_no_taskflow' retrieved from /home/anhtupham99/miniforge3/envs/nba/lib/python3.11/site-packages/airflow/example_dags/example_dataset_alias_with_no_taskflow.py
[2025-01-30T03:03:33.862+0800] {logging_mixin.py:190} INFO - [2025-01-30T03:03:33.861+0800] {dag.py:3239} INFO - Sync 4 DAGs
[2025-01-30T03:03:33.872+0800] {logging_mixin.py:190} INFO - [2025-01-30T03:03:33.872+0800] {dag.py:4180} INFO - Setting next_dagrun for dataset_alias_example_alias_consumer_with_no_taskflow to None, run_after=None
[2025-01-30T03:03:33.873+0800] {logging_mixin.py:190} INFO - [2025-01-30T03:03:33.873+0800] {dag.py:4180} INFO - Setting next_dagrun for dataset_alias_example_alias_producer_with_no_taskflow to None, run_after=None
[2025-01-30T03:03:33.874+0800] {logging_mixin.py:190} INFO - [2025-01-30T03:03:33.873+0800] {dag.py:4180} INFO - Setting next_dagrun for dataset_s3_bucket_consumer_with_no_taskflow to None, run_after=None
[2025-01-30T03:03:33.874+0800] {logging_mixin.py:190} INFO - [2025-01-30T03:03:33.874+0800] {dag.py:4180} INFO - Setting next_dagrun for dataset_s3_bucket_producer_with_no_taskflow to None, run_after=None
[2025-01-30T03:03:33.896+0800] {processor.py:208} INFO - Processing /home/anhtupham99/miniforge3/envs/nba/lib/python3.11/site-packages/airflow/example_dags/example_dataset_alias_with_no_taskflow.py took 0.351 seconds
[2025-01-30T03:04:23.268+0800] {processor.py:186} INFO - Started process (PID=24829) to work on /home/anhtupham99/miniforge3/envs/nba/lib/python3.11/site-packages/airflow/example_dags/example_dataset_alias_with_no_taskflow.py
[2025-01-30T03:04:23.269+0800] {processor.py:914} INFO - Processing file /home/anhtupham99/miniforge3/envs/nba/lib/python3.11/site-packages/airflow/example_dags/example_dataset_alias_with_no_taskflow.py for tasks to queue
[2025-01-30T03:04:23.270+0800] {logging_mixin.py:190} INFO - [2025-01-30T03:04:23.270+0800] {dagbag.py:588} INFO - Filling up the DagBag from /home/anhtupham99/miniforge3/envs/nba/lib/python3.11/site-packages/airflow/example_dags/example_dataset_alias_with_no_taskflow.py
[2025-01-30T03:04:23.558+0800] {processor.py:925} INFO - DAG(s) 'dataset_alias_example_alias_producer_with_no_taskflow', 'dataset_s3_bucket_consumer_with_no_taskflow', 'dataset_alias_example_alias_consumer_with_no_taskflow', 'dataset_s3_bucket_producer_with_no_taskflow' retrieved from /home/anhtupham99/miniforge3/envs/nba/lib/python3.11/site-packages/airflow/example_dags/example_dataset_alias_with_no_taskflow.py
[2025-01-30T03:04:23.568+0800] {logging_mixin.py:190} INFO - [2025-01-30T03:04:23.568+0800] {dag.py:3239} INFO - Sync 4 DAGs
[2025-01-30T03:04:23.580+0800] {logging_mixin.py:190} INFO - [2025-01-30T03:04:23.579+0800] {dag.py:4180} INFO - Setting next_dagrun for dataset_alias_example_alias_consumer_with_no_taskflow to None, run_after=None
[2025-01-30T03:04:23.581+0800] {logging_mixin.py:190} INFO - [2025-01-30T03:04:23.581+0800] {dag.py:4180} INFO - Setting next_dagrun for dataset_alias_example_alias_producer_with_no_taskflow to None, run_after=None
[2025-01-30T03:04:23.581+0800] {logging_mixin.py:190} INFO - [2025-01-30T03:04:23.581+0800] {dag.py:4180} INFO - Setting next_dagrun for dataset_s3_bucket_consumer_with_no_taskflow to None, run_after=None
[2025-01-30T03:04:23.582+0800] {logging_mixin.py:190} INFO - [2025-01-30T03:04:23.582+0800] {dag.py:4180} INFO - Setting next_dagrun for dataset_s3_bucket_producer_with_no_taskflow to None, run_after=None
[2025-01-30T03:04:23.606+0800] {processor.py:208} INFO - Processing /home/anhtupham99/miniforge3/envs/nba/lib/python3.11/site-packages/airflow/example_dags/example_dataset_alias_with_no_taskflow.py took 0.343 seconds
[2025-01-30T03:05:12.935+0800] {processor.py:186} INFO - Started process (PID=25125) to work on /home/anhtupham99/miniforge3/envs/nba/lib/python3.11/site-packages/airflow/example_dags/example_dataset_alias_with_no_taskflow.py
[2025-01-30T03:05:12.936+0800] {processor.py:914} INFO - Processing file /home/anhtupham99/miniforge3/envs/nba/lib/python3.11/site-packages/airflow/example_dags/example_dataset_alias_with_no_taskflow.py for tasks to queue
[2025-01-30T03:05:12.937+0800] {logging_mixin.py:190} INFO - [2025-01-30T03:05:12.937+0800] {dagbag.py:588} INFO - Filling up the DagBag from /home/anhtupham99/miniforge3/envs/nba/lib/python3.11/site-packages/airflow/example_dags/example_dataset_alias_with_no_taskflow.py
[2025-01-30T03:05:13.228+0800] {processor.py:925} INFO - DAG(s) 'dataset_alias_example_alias_consumer_with_no_taskflow', 'dataset_alias_example_alias_producer_with_no_taskflow', 'dataset_s3_bucket_consumer_with_no_taskflow', 'dataset_s3_bucket_producer_with_no_taskflow' retrieved from /home/anhtupham99/miniforge3/envs/nba/lib/python3.11/site-packages/airflow/example_dags/example_dataset_alias_with_no_taskflow.py
[2025-01-30T03:05:13.238+0800] {logging_mixin.py:190} INFO - [2025-01-30T03:05:13.238+0800] {dag.py:3239} INFO - Sync 4 DAGs
[2025-01-30T03:05:13.249+0800] {logging_mixin.py:190} INFO - [2025-01-30T03:05:13.249+0800] {dag.py:4180} INFO - Setting next_dagrun for dataset_alias_example_alias_consumer_with_no_taskflow to None, run_after=None
[2025-01-30T03:05:13.250+0800] {logging_mixin.py:190} INFO - [2025-01-30T03:05:13.250+0800] {dag.py:4180} INFO - Setting next_dagrun for dataset_alias_example_alias_producer_with_no_taskflow to None, run_after=None
[2025-01-30T03:05:13.251+0800] {logging_mixin.py:190} INFO - [2025-01-30T03:05:13.251+0800] {dag.py:4180} INFO - Setting next_dagrun for dataset_s3_bucket_consumer_with_no_taskflow to None, run_after=None
[2025-01-30T03:05:13.252+0800] {logging_mixin.py:190} INFO - [2025-01-30T03:05:13.252+0800] {dag.py:4180} INFO - Setting next_dagrun for dataset_s3_bucket_producer_with_no_taskflow to None, run_after=None
[2025-01-30T03:05:13.276+0800] {processor.py:208} INFO - Processing /home/anhtupham99/miniforge3/envs/nba/lib/python3.11/site-packages/airflow/example_dags/example_dataset_alias_with_no_taskflow.py took 0.346 seconds
[2025-01-30T03:06:00.933+0800] {processor.py:186} INFO - Started process (PID=25403) to work on /home/anhtupham99/miniforge3/envs/nba/lib/python3.11/site-packages/airflow/example_dags/example_dataset_alias_with_no_taskflow.py
[2025-01-30T03:06:00.935+0800] {processor.py:914} INFO - Processing file /home/anhtupham99/miniforge3/envs/nba/lib/python3.11/site-packages/airflow/example_dags/example_dataset_alias_with_no_taskflow.py for tasks to queue
[2025-01-30T03:06:00.936+0800] {logging_mixin.py:190} INFO - [2025-01-30T03:06:00.936+0800] {dagbag.py:588} INFO - Filling up the DagBag from /home/anhtupham99/miniforge3/envs/nba/lib/python3.11/site-packages/airflow/example_dags/example_dataset_alias_with_no_taskflow.py
[2025-01-30T03:06:01.215+0800] {processor.py:925} INFO - DAG(s) 'dataset_s3_bucket_producer_with_no_taskflow', 'dataset_s3_bucket_consumer_with_no_taskflow', 'dataset_alias_example_alias_consumer_with_no_taskflow', 'dataset_alias_example_alias_producer_with_no_taskflow' retrieved from /home/anhtupham99/miniforge3/envs/nba/lib/python3.11/site-packages/airflow/example_dags/example_dataset_alias_with_no_taskflow.py
[2025-01-30T03:06:01.225+0800] {logging_mixin.py:190} INFO - [2025-01-30T03:06:01.225+0800] {dag.py:3239} INFO - Sync 4 DAGs
[2025-01-30T03:06:01.236+0800] {logging_mixin.py:190} INFO - [2025-01-30T03:06:01.235+0800] {dag.py:4180} INFO - Setting next_dagrun for dataset_alias_example_alias_consumer_with_no_taskflow to None, run_after=None
[2025-01-30T03:06:01.237+0800] {logging_mixin.py:190} INFO - [2025-01-30T03:06:01.237+0800] {dag.py:4180} INFO - Setting next_dagrun for dataset_alias_example_alias_producer_with_no_taskflow to None, run_after=None
[2025-01-30T03:06:01.237+0800] {logging_mixin.py:190} INFO - [2025-01-30T03:06:01.237+0800] {dag.py:4180} INFO - Setting next_dagrun for dataset_s3_bucket_consumer_with_no_taskflow to None, run_after=None
[2025-01-30T03:06:01.238+0800] {logging_mixin.py:190} INFO - [2025-01-30T03:06:01.238+0800] {dag.py:4180} INFO - Setting next_dagrun for dataset_s3_bucket_producer_with_no_taskflow to None, run_after=None
[2025-01-30T03:06:01.259+0800] {processor.py:208} INFO - Processing /home/anhtupham99/miniforge3/envs/nba/lib/python3.11/site-packages/airflow/example_dags/example_dataset_alias_with_no_taskflow.py took 0.330 seconds
[2025-01-30T03:06:51.683+0800] {processor.py:186} INFO - Started process (PID=25681) to work on /home/anhtupham99/miniforge3/envs/nba/lib/python3.11/site-packages/airflow/example_dags/example_dataset_alias_with_no_taskflow.py
[2025-01-30T03:06:51.684+0800] {processor.py:914} INFO - Processing file /home/anhtupham99/miniforge3/envs/nba/lib/python3.11/site-packages/airflow/example_dags/example_dataset_alias_with_no_taskflow.py for tasks to queue
[2025-01-30T03:06:51.686+0800] {logging_mixin.py:190} INFO - [2025-01-30T03:06:51.686+0800] {dagbag.py:588} INFO - Filling up the DagBag from /home/anhtupham99/miniforge3/envs/nba/lib/python3.11/site-packages/airflow/example_dags/example_dataset_alias_with_no_taskflow.py
[2025-01-30T03:06:52.047+0800] {processor.py:925} INFO - DAG(s) 'dataset_s3_bucket_consumer_with_no_taskflow', 'dataset_s3_bucket_producer_with_no_taskflow', 'dataset_alias_example_alias_producer_with_no_taskflow', 'dataset_alias_example_alias_consumer_with_no_taskflow' retrieved from /home/anhtupham99/miniforge3/envs/nba/lib/python3.11/site-packages/airflow/example_dags/example_dataset_alias_with_no_taskflow.py
[2025-01-30T03:06:52.059+0800] {logging_mixin.py:190} INFO - [2025-01-30T03:06:52.058+0800] {dag.py:3239} INFO - Sync 4 DAGs
[2025-01-30T03:06:52.071+0800] {logging_mixin.py:190} INFO - [2025-01-30T03:06:52.071+0800] {dag.py:4180} INFO - Setting next_dagrun for dataset_alias_example_alias_consumer_with_no_taskflow to None, run_after=None
[2025-01-30T03:06:52.072+0800] {logging_mixin.py:190} INFO - [2025-01-30T03:06:52.072+0800] {dag.py:4180} INFO - Setting next_dagrun for dataset_alias_example_alias_producer_with_no_taskflow to None, run_after=None
[2025-01-30T03:06:52.073+0800] {logging_mixin.py:190} INFO - [2025-01-30T03:06:52.073+0800] {dag.py:4180} INFO - Setting next_dagrun for dataset_s3_bucket_consumer_with_no_taskflow to None, run_after=None
[2025-01-30T03:06:52.074+0800] {logging_mixin.py:190} INFO - [2025-01-30T03:06:52.074+0800] {dag.py:4180} INFO - Setting next_dagrun for dataset_s3_bucket_producer_with_no_taskflow to None, run_after=None
[2025-01-30T03:06:52.100+0800] {processor.py:208} INFO - Processing /home/anhtupham99/miniforge3/envs/nba/lib/python3.11/site-packages/airflow/example_dags/example_dataset_alias_with_no_taskflow.py took 0.422 seconds
[2025-01-30T03:07:41.270+0800] {processor.py:186} INFO - Started process (PID=26009) to work on /home/anhtupham99/miniforge3/envs/nba/lib/python3.11/site-packages/airflow/example_dags/example_dataset_alias_with_no_taskflow.py
[2025-01-30T03:07:41.271+0800] {processor.py:914} INFO - Processing file /home/anhtupham99/miniforge3/envs/nba/lib/python3.11/site-packages/airflow/example_dags/example_dataset_alias_with_no_taskflow.py for tasks to queue
[2025-01-30T03:07:41.273+0800] {logging_mixin.py:190} INFO - [2025-01-30T03:07:41.272+0800] {dagbag.py:588} INFO - Filling up the DagBag from /home/anhtupham99/miniforge3/envs/nba/lib/python3.11/site-packages/airflow/example_dags/example_dataset_alias_with_no_taskflow.py
[2025-01-30T03:07:41.597+0800] {processor.py:925} INFO - DAG(s) 'dataset_alias_example_alias_consumer_with_no_taskflow', 'dataset_alias_example_alias_producer_with_no_taskflow', 'dataset_s3_bucket_consumer_with_no_taskflow', 'dataset_s3_bucket_producer_with_no_taskflow' retrieved from /home/anhtupham99/miniforge3/envs/nba/lib/python3.11/site-packages/airflow/example_dags/example_dataset_alias_with_no_taskflow.py
[2025-01-30T03:07:41.609+0800] {logging_mixin.py:190} INFO - [2025-01-30T03:07:41.608+0800] {dag.py:3239} INFO - Sync 4 DAGs
[2025-01-30T03:07:41.620+0800] {logging_mixin.py:190} INFO - [2025-01-30T03:07:41.620+0800] {dag.py:4180} INFO - Setting next_dagrun for dataset_alias_example_alias_consumer_with_no_taskflow to None, run_after=None
[2025-01-30T03:07:41.621+0800] {logging_mixin.py:190} INFO - [2025-01-30T03:07:41.621+0800] {dag.py:4180} INFO - Setting next_dagrun for dataset_alias_example_alias_producer_with_no_taskflow to None, run_after=None
[2025-01-30T03:07:41.623+0800] {logging_mixin.py:190} INFO - [2025-01-30T03:07:41.623+0800] {dag.py:4180} INFO - Setting next_dagrun for dataset_s3_bucket_consumer_with_no_taskflow to None, run_after=None
[2025-01-30T03:07:41.624+0800] {logging_mixin.py:190} INFO - [2025-01-30T03:07:41.624+0800] {dag.py:4180} INFO - Setting next_dagrun for dataset_s3_bucket_producer_with_no_taskflow to None, run_after=None
[2025-01-30T03:07:41.650+0800] {processor.py:208} INFO - Processing /home/anhtupham99/miniforge3/envs/nba/lib/python3.11/site-packages/airflow/example_dags/example_dataset_alias_with_no_taskflow.py took 0.384 seconds
[2025-01-30T03:08:30.027+0800] {processor.py:186} INFO - Started process (PID=26278) to work on /home/anhtupham99/miniforge3/envs/nba/lib/python3.11/site-packages/airflow/example_dags/example_dataset_alias_with_no_taskflow.py
[2025-01-30T03:08:30.029+0800] {processor.py:914} INFO - Processing file /home/anhtupham99/miniforge3/envs/nba/lib/python3.11/site-packages/airflow/example_dags/example_dataset_alias_with_no_taskflow.py for tasks to queue
[2025-01-30T03:08:30.031+0800] {logging_mixin.py:190} INFO - [2025-01-30T03:08:30.030+0800] {dagbag.py:588} INFO - Filling up the DagBag from /home/anhtupham99/miniforge3/envs/nba/lib/python3.11/site-packages/airflow/example_dags/example_dataset_alias_with_no_taskflow.py
[2025-01-30T03:08:30.352+0800] {processor.py:925} INFO - DAG(s) 'dataset_s3_bucket_producer_with_no_taskflow', 'dataset_s3_bucket_consumer_with_no_taskflow', 'dataset_alias_example_alias_producer_with_no_taskflow', 'dataset_alias_example_alias_consumer_with_no_taskflow' retrieved from /home/anhtupham99/miniforge3/envs/nba/lib/python3.11/site-packages/airflow/example_dags/example_dataset_alias_with_no_taskflow.py
[2025-01-30T03:08:30.365+0800] {logging_mixin.py:190} INFO - [2025-01-30T03:08:30.365+0800] {dag.py:3239} INFO - Sync 4 DAGs
[2025-01-30T03:08:30.377+0800] {logging_mixin.py:190} INFO - [2025-01-30T03:08:30.377+0800] {dag.py:4180} INFO - Setting next_dagrun for dataset_alias_example_alias_consumer_with_no_taskflow to None, run_after=None
[2025-01-30T03:08:30.379+0800] {logging_mixin.py:190} INFO - [2025-01-30T03:08:30.378+0800] {dag.py:4180} INFO - Setting next_dagrun for dataset_alias_example_alias_producer_with_no_taskflow to None, run_after=None
[2025-01-30T03:08:30.379+0800] {logging_mixin.py:190} INFO - [2025-01-30T03:08:30.379+0800] {dag.py:4180} INFO - Setting next_dagrun for dataset_s3_bucket_consumer_with_no_taskflow to None, run_after=None
[2025-01-30T03:08:30.380+0800] {logging_mixin.py:190} INFO - [2025-01-30T03:08:30.380+0800] {dag.py:4180} INFO - Setting next_dagrun for dataset_s3_bucket_producer_with_no_taskflow to None, run_after=None
[2025-01-30T03:08:30.406+0800] {processor.py:208} INFO - Processing /home/anhtupham99/miniforge3/envs/nba/lib/python3.11/site-packages/airflow/example_dags/example_dataset_alias_with_no_taskflow.py took 0.383 seconds
[2025-01-30T03:09:16.547+0800] {processor.py:186} INFO - Started process (PID=26549) to work on /home/anhtupham99/miniforge3/envs/nba/lib/python3.11/site-packages/airflow/example_dags/example_dataset_alias_with_no_taskflow.py
[2025-01-30T03:09:16.551+0800] {processor.py:914} INFO - Processing file /home/anhtupham99/miniforge3/envs/nba/lib/python3.11/site-packages/airflow/example_dags/example_dataset_alias_with_no_taskflow.py for tasks to queue
[2025-01-30T03:09:16.552+0800] {logging_mixin.py:190} INFO - [2025-01-30T03:09:16.552+0800] {dagbag.py:588} INFO - Filling up the DagBag from /home/anhtupham99/miniforge3/envs/nba/lib/python3.11/site-packages/airflow/example_dags/example_dataset_alias_with_no_taskflow.py
[2025-01-30T03:09:16.879+0800] {processor.py:925} INFO - DAG(s) 'dataset_s3_bucket_consumer_with_no_taskflow', 'dataset_alias_example_alias_consumer_with_no_taskflow', 'dataset_s3_bucket_producer_with_no_taskflow', 'dataset_alias_example_alias_producer_with_no_taskflow' retrieved from /home/anhtupham99/miniforge3/envs/nba/lib/python3.11/site-packages/airflow/example_dags/example_dataset_alias_with_no_taskflow.py
[2025-01-30T03:09:16.893+0800] {logging_mixin.py:190} INFO - [2025-01-30T03:09:16.892+0800] {dag.py:3239} INFO - Sync 4 DAGs
[2025-01-30T03:09:16.903+0800] {logging_mixin.py:190} INFO - [2025-01-30T03:09:16.903+0800] {dag.py:4180} INFO - Setting next_dagrun for dataset_alias_example_alias_consumer_with_no_taskflow to None, run_after=None
[2025-01-30T03:09:16.904+0800] {logging_mixin.py:190} INFO - [2025-01-30T03:09:16.904+0800] {dag.py:4180} INFO - Setting next_dagrun for dataset_alias_example_alias_producer_with_no_taskflow to None, run_after=None
[2025-01-30T03:09:16.905+0800] {logging_mixin.py:190} INFO - [2025-01-30T03:09:16.905+0800] {dag.py:4180} INFO - Setting next_dagrun for dataset_s3_bucket_consumer_with_no_taskflow to None, run_after=None
[2025-01-30T03:09:16.905+0800] {logging_mixin.py:190} INFO - [2025-01-30T03:09:16.905+0800] {dag.py:4180} INFO - Setting next_dagrun for dataset_s3_bucket_producer_with_no_taskflow to None, run_after=None
[2025-01-30T03:09:16.929+0800] {processor.py:208} INFO - Processing /home/anhtupham99/miniforge3/envs/nba/lib/python3.11/site-packages/airflow/example_dags/example_dataset_alias_with_no_taskflow.py took 0.386 seconds
[2025-01-30T06:11:54.656+0800] {processor.py:186} INFO - Started process (PID=27014) to work on /home/anhtupham99/miniforge3/envs/nba/lib/python3.11/site-packages/airflow/example_dags/example_dataset_alias_with_no_taskflow.py
[2025-01-30T06:11:54.658+0800] {processor.py:914} INFO - Processing file /home/anhtupham99/miniforge3/envs/nba/lib/python3.11/site-packages/airflow/example_dags/example_dataset_alias_with_no_taskflow.py for tasks to queue
[2025-01-30T06:11:54.660+0800] {logging_mixin.py:190} INFO - [2025-01-30T06:11:54.659+0800] {dagbag.py:588} INFO - Filling up the DagBag from /home/anhtupham99/miniforge3/envs/nba/lib/python3.11/site-packages/airflow/example_dags/example_dataset_alias_with_no_taskflow.py
[2025-01-30T06:11:54.979+0800] {processor.py:925} INFO - DAG(s) 'dataset_s3_bucket_producer_with_no_taskflow', 'dataset_alias_example_alias_producer_with_no_taskflow', 'dataset_s3_bucket_consumer_with_no_taskflow', 'dataset_alias_example_alias_consumer_with_no_taskflow' retrieved from /home/anhtupham99/miniforge3/envs/nba/lib/python3.11/site-packages/airflow/example_dags/example_dataset_alias_with_no_taskflow.py
[2025-01-30T06:11:54.991+0800] {logging_mixin.py:190} INFO - [2025-01-30T06:11:54.990+0800] {dag.py:3239} INFO - Sync 4 DAGs
[2025-01-30T06:11:55.004+0800] {logging_mixin.py:190} INFO - [2025-01-30T06:11:55.003+0800] {dag.py:4180} INFO - Setting next_dagrun for dataset_alias_example_alias_consumer_with_no_taskflow to None, run_after=None
[2025-01-30T06:11:55.005+0800] {logging_mixin.py:190} INFO - [2025-01-30T06:11:55.005+0800] {dag.py:4180} INFO - Setting next_dagrun for dataset_alias_example_alias_producer_with_no_taskflow to None, run_after=None
[2025-01-30T06:11:55.006+0800] {logging_mixin.py:190} INFO - [2025-01-30T06:11:55.005+0800] {dag.py:4180} INFO - Setting next_dagrun for dataset_s3_bucket_consumer_with_no_taskflow to None, run_after=None
[2025-01-30T06:11:55.006+0800] {logging_mixin.py:190} INFO - [2025-01-30T06:11:55.006+0800] {dag.py:4180} INFO - Setting next_dagrun for dataset_s3_bucket_producer_with_no_taskflow to None, run_after=None
[2025-01-30T06:11:55.039+0800] {processor.py:208} INFO - Processing /home/anhtupham99/miniforge3/envs/nba/lib/python3.11/site-packages/airflow/example_dags/example_dataset_alias_with_no_taskflow.py took 0.389 seconds
[2025-01-30T06:12:49.058+0800] {processor.py:186} INFO - Started process (PID=27324) to work on /home/anhtupham99/miniforge3/envs/nba/lib/python3.11/site-packages/airflow/example_dags/example_dataset_alias_with_no_taskflow.py
[2025-01-30T06:12:49.060+0800] {processor.py:914} INFO - Processing file /home/anhtupham99/miniforge3/envs/nba/lib/python3.11/site-packages/airflow/example_dags/example_dataset_alias_with_no_taskflow.py for tasks to queue
[2025-01-30T06:12:49.062+0800] {logging_mixin.py:190} INFO - [2025-01-30T06:12:49.062+0800] {dagbag.py:588} INFO - Filling up the DagBag from /home/anhtupham99/miniforge3/envs/nba/lib/python3.11/site-packages/airflow/example_dags/example_dataset_alias_with_no_taskflow.py
[2025-01-30T06:12:49.409+0800] {processor.py:925} INFO - DAG(s) 'dataset_alias_example_alias_producer_with_no_taskflow', 'dataset_alias_example_alias_consumer_with_no_taskflow', 'dataset_s3_bucket_producer_with_no_taskflow', 'dataset_s3_bucket_consumer_with_no_taskflow' retrieved from /home/anhtupham99/miniforge3/envs/nba/lib/python3.11/site-packages/airflow/example_dags/example_dataset_alias_with_no_taskflow.py
[2025-01-30T06:12:49.422+0800] {logging_mixin.py:190} INFO - [2025-01-30T06:12:49.422+0800] {dag.py:3239} INFO - Sync 4 DAGs
[2025-01-30T06:12:49.436+0800] {logging_mixin.py:190} INFO - [2025-01-30T06:12:49.435+0800] {dag.py:4180} INFO - Setting next_dagrun for dataset_alias_example_alias_consumer_with_no_taskflow to None, run_after=None
[2025-01-30T06:12:49.437+0800] {logging_mixin.py:190} INFO - [2025-01-30T06:12:49.437+0800] {dag.py:4180} INFO - Setting next_dagrun for dataset_alias_example_alias_producer_with_no_taskflow to None, run_after=None
[2025-01-30T06:12:49.438+0800] {logging_mixin.py:190} INFO - [2025-01-30T06:12:49.438+0800] {dag.py:4180} INFO - Setting next_dagrun for dataset_s3_bucket_consumer_with_no_taskflow to None, run_after=None
[2025-01-30T06:12:49.439+0800] {logging_mixin.py:190} INFO - [2025-01-30T06:12:49.438+0800] {dag.py:4180} INFO - Setting next_dagrun for dataset_s3_bucket_producer_with_no_taskflow to None, run_after=None
[2025-01-30T06:12:49.471+0800] {processor.py:208} INFO - Processing /home/anhtupham99/miniforge3/envs/nba/lib/python3.11/site-packages/airflow/example_dags/example_dataset_alias_with_no_taskflow.py took 0.420 seconds
[2025-01-30T06:13:41.052+0800] {processor.py:186} INFO - Started process (PID=27654) to work on /home/anhtupham99/miniforge3/envs/nba/lib/python3.11/site-packages/airflow/example_dags/example_dataset_alias_with_no_taskflow.py
[2025-01-30T06:13:41.053+0800] {processor.py:914} INFO - Processing file /home/anhtupham99/miniforge3/envs/nba/lib/python3.11/site-packages/airflow/example_dags/example_dataset_alias_with_no_taskflow.py for tasks to queue
[2025-01-30T06:13:41.055+0800] {logging_mixin.py:190} INFO - [2025-01-30T06:13:41.055+0800] {dagbag.py:588} INFO - Filling up the DagBag from /home/anhtupham99/miniforge3/envs/nba/lib/python3.11/site-packages/airflow/example_dags/example_dataset_alias_with_no_taskflow.py
[2025-01-30T06:13:41.382+0800] {processor.py:925} INFO - DAG(s) 'dataset_s3_bucket_consumer_with_no_taskflow', 'dataset_alias_example_alias_producer_with_no_taskflow', 'dataset_alias_example_alias_consumer_with_no_taskflow', 'dataset_s3_bucket_producer_with_no_taskflow' retrieved from /home/anhtupham99/miniforge3/envs/nba/lib/python3.11/site-packages/airflow/example_dags/example_dataset_alias_with_no_taskflow.py
[2025-01-30T06:13:41.394+0800] {logging_mixin.py:190} INFO - [2025-01-30T06:13:41.394+0800] {dag.py:3239} INFO - Sync 4 DAGs
[2025-01-30T06:13:41.406+0800] {logging_mixin.py:190} INFO - [2025-01-30T06:13:41.406+0800] {dag.py:4180} INFO - Setting next_dagrun for dataset_alias_example_alias_consumer_with_no_taskflow to None, run_after=None
[2025-01-30T06:13:41.407+0800] {logging_mixin.py:190} INFO - [2025-01-30T06:13:41.407+0800] {dag.py:4180} INFO - Setting next_dagrun for dataset_alias_example_alias_producer_with_no_taskflow to None, run_after=None
[2025-01-30T06:13:41.408+0800] {logging_mixin.py:190} INFO - [2025-01-30T06:13:41.408+0800] {dag.py:4180} INFO - Setting next_dagrun for dataset_s3_bucket_consumer_with_no_taskflow to None, run_after=None
[2025-01-30T06:13:41.408+0800] {logging_mixin.py:190} INFO - [2025-01-30T06:13:41.408+0800] {dag.py:4180} INFO - Setting next_dagrun for dataset_s3_bucket_producer_with_no_taskflow to None, run_after=None
[2025-01-30T06:13:41.430+0800] {processor.py:208} INFO - Processing /home/anhtupham99/miniforge3/envs/nba/lib/python3.11/site-packages/airflow/example_dags/example_dataset_alias_with_no_taskflow.py took 0.382 seconds
