[2025-01-30T02:35:51.871+0800] {processor.py:186} INFO - Started process (PID=14792) to work on /home/anhtupham99/miniforge3/envs/nba/lib/python3.11/site-packages/airflow/example_dags/example_outlet_event_extra.py
[2025-01-30T02:35:51.873+0800] {processor.py:914} INFO - Processing file /home/anhtupham99/miniforge3/envs/nba/lib/python3.11/site-packages/airflow/example_dags/example_outlet_event_extra.py for tasks to queue
[2025-01-30T02:35:51.879+0800] {logging_mixin.py:190} INFO - [2025-01-30T02:35:51.878+0800] {dagbag.py:588} INFO - Filling up the DagBag from /home/anhtupham99/miniforge3/envs/nba/lib/python3.11/site-packages/airflow/example_dags/example_outlet_event_extra.py
[2025-01-30T02:35:52.042+0800] {processor.py:925} INFO - DAG(s) 'dataset_with_extra_by_yield', 'dataset_with_extra_from_classic_operator', 'dataset_with_extra_by_context' retrieved from /home/anhtupham99/miniforge3/envs/nba/lib/python3.11/site-packages/airflow/example_dags/example_outlet_event_extra.py
[2025-01-30T02:35:52.154+0800] {logging_mixin.py:190} INFO - [2025-01-30T02:35:52.152+0800] {override.py:1911} INFO - Created Permission View: can delete on DAG:dataset_with_extra_by_yield
[2025-01-30T02:35:52.175+0800] {logging_mixin.py:190} INFO - [2025-01-30T02:35:52.174+0800] {override.py:1911} INFO - Created Permission View: can read on DAG:dataset_with_extra_by_yield
[2025-01-30T02:35:52.190+0800] {logging_mixin.py:190} INFO - [2025-01-30T02:35:52.189+0800] {override.py:1911} INFO - Created Permission View: can edit on DAG:dataset_with_extra_by_yield
[2025-01-30T02:35:52.222+0800] {logging_mixin.py:190} INFO - [2025-01-30T02:35:52.222+0800] {override.py:1911} INFO - Created Permission View: can delete on DAG Run:dataset_with_extra_by_yield
[2025-01-30T02:35:52.363+0800] {logging_mixin.py:190} INFO - [2025-01-30T02:35:52.362+0800] {override.py:1911} INFO - Created Permission View: can create on DAG Run:dataset_with_extra_by_yield
[2025-01-30T02:35:52.389+0800] {logging_mixin.py:190} INFO - [2025-01-30T02:35:52.388+0800] {override.py:1911} INFO - Created Permission View: menu access on DAG Run:dataset_with_extra_by_yield
[2025-01-30T02:35:52.407+0800] {logging_mixin.py:190} INFO - [2025-01-30T02:35:52.407+0800] {override.py:1911} INFO - Created Permission View: can read on DAG Run:dataset_with_extra_by_yield
[2025-01-30T02:35:52.448+0800] {logging_mixin.py:190} INFO - [2025-01-30T02:35:52.448+0800] {override.py:1911} INFO - Created Permission View: can delete on DAG:dataset_with_extra_from_classic_operator
[2025-01-30T02:35:52.467+0800] {logging_mixin.py:190} INFO - [2025-01-30T02:35:52.467+0800] {override.py:1911} INFO - Created Permission View: can read on DAG:dataset_with_extra_from_classic_operator
[2025-01-30T02:35:52.486+0800] {logging_mixin.py:190} INFO - [2025-01-30T02:35:52.485+0800] {override.py:1911} INFO - Created Permission View: can edit on DAG:dataset_with_extra_from_classic_operator
[2025-01-30T02:35:52.517+0800] {logging_mixin.py:190} INFO - [2025-01-30T02:35:52.517+0800] {override.py:1911} INFO - Created Permission View: can delete on DAG Run:dataset_with_extra_from_classic_operator
[2025-01-30T02:35:52.536+0800] {logging_mixin.py:190} INFO - [2025-01-30T02:35:52.535+0800] {override.py:1911} INFO - Created Permission View: can create on DAG Run:dataset_with_extra_from_classic_operator
[2025-01-30T02:35:52.558+0800] {logging_mixin.py:190} INFO - [2025-01-30T02:35:52.557+0800] {override.py:1911} INFO - Created Permission View: menu access on DAG Run:dataset_with_extra_from_classic_operator
[2025-01-30T02:35:52.582+0800] {logging_mixin.py:190} INFO - [2025-01-30T02:35:52.581+0800] {override.py:1911} INFO - Created Permission View: can read on DAG Run:dataset_with_extra_from_classic_operator
[2025-01-30T02:35:52.635+0800] {logging_mixin.py:190} INFO - [2025-01-30T02:35:52.635+0800] {override.py:1911} INFO - Created Permission View: can delete on DAG:dataset_with_extra_by_context
[2025-01-30T02:35:52.654+0800] {logging_mixin.py:190} INFO - [2025-01-30T02:35:52.654+0800] {override.py:1911} INFO - Created Permission View: can read on DAG:dataset_with_extra_by_context
[2025-01-30T02:35:52.674+0800] {logging_mixin.py:190} INFO - [2025-01-30T02:35:52.674+0800] {override.py:1911} INFO - Created Permission View: can edit on DAG:dataset_with_extra_by_context
[2025-01-30T02:35:52.708+0800] {logging_mixin.py:190} INFO - [2025-01-30T02:35:52.708+0800] {override.py:1911} INFO - Created Permission View: can delete on DAG Run:dataset_with_extra_by_context
[2025-01-30T02:35:52.727+0800] {logging_mixin.py:190} INFO - [2025-01-30T02:35:52.727+0800] {override.py:1911} INFO - Created Permission View: can create on DAG Run:dataset_with_extra_by_context
[2025-01-30T02:35:52.746+0800] {logging_mixin.py:190} INFO - [2025-01-30T02:35:52.746+0800] {override.py:1911} INFO - Created Permission View: menu access on DAG Run:dataset_with_extra_by_context
[2025-01-30T02:35:52.765+0800] {logging_mixin.py:190} INFO - [2025-01-30T02:35:52.765+0800] {override.py:1911} INFO - Created Permission View: can read on DAG Run:dataset_with_extra_by_context
[2025-01-30T02:35:52.765+0800] {logging_mixin.py:190} INFO - [2025-01-30T02:35:52.765+0800] {dag.py:3239} INFO - Sync 3 DAGs
[2025-01-30T02:35:52.778+0800] {logging_mixin.py:190} INFO - [2025-01-30T02:35:52.778+0800] {dag.py:3262} INFO - Creating ORM DAG for dataset_with_extra_from_classic_operator
[2025-01-30T02:35:52.779+0800] {logging_mixin.py:190} INFO - [2025-01-30T02:35:52.779+0800] {dag.py:3262} INFO - Creating ORM DAG for dataset_with_extra_by_yield
[2025-01-30T02:35:52.779+0800] {logging_mixin.py:190} INFO - [2025-01-30T02:35:52.779+0800] {dag.py:3262} INFO - Creating ORM DAG for dataset_with_extra_by_context
[2025-01-30T02:35:52.789+0800] {logging_mixin.py:190} INFO - [2025-01-30T02:35:52.789+0800] {dag.py:4180} INFO - Setting next_dagrun for dataset_with_extra_by_context to 2025-01-28 00:00:00+00:00, run_after=2025-01-29 00:00:00+00:00
[2025-01-30T02:35:52.790+0800] {logging_mixin.py:190} INFO - [2025-01-30T02:35:52.790+0800] {dag.py:4180} INFO - Setting next_dagrun for dataset_with_extra_by_yield to 2025-01-28 00:00:00+00:00, run_after=2025-01-29 00:00:00+00:00
[2025-01-30T02:35:52.791+0800] {logging_mixin.py:190} INFO - [2025-01-30T02:35:52.791+0800] {dag.py:4180} INFO - Setting next_dagrun for dataset_with_extra_from_classic_operator to 2025-01-28 00:00:00+00:00, run_after=2025-01-29 00:00:00+00:00
[2025-01-30T02:35:52.831+0800] {processor.py:208} INFO - Processing /home/anhtupham99/miniforge3/envs/nba/lib/python3.11/site-packages/airflow/example_dags/example_outlet_event_extra.py took 0.975 seconds
[2025-01-30T02:36:52.123+0800] {processor.py:186} INFO - Started process (PID=15121) to work on /home/anhtupham99/miniforge3/envs/nba/lib/python3.11/site-packages/airflow/example_dags/example_outlet_event_extra.py
[2025-01-30T02:36:52.126+0800] {processor.py:914} INFO - Processing file /home/anhtupham99/miniforge3/envs/nba/lib/python3.11/site-packages/airflow/example_dags/example_outlet_event_extra.py for tasks to queue
[2025-01-30T02:36:52.130+0800] {logging_mixin.py:190} INFO - [2025-01-30T02:36:52.129+0800] {dagbag.py:588} INFO - Filling up the DagBag from /home/anhtupham99/miniforge3/envs/nba/lib/python3.11/site-packages/airflow/example_dags/example_outlet_event_extra.py
[2025-01-30T02:36:52.296+0800] {processor.py:925} INFO - DAG(s) 'dataset_with_extra_by_yield', 'dataset_with_extra_by_context', 'dataset_with_extra_from_classic_operator' retrieved from /home/anhtupham99/miniforge3/envs/nba/lib/python3.11/site-packages/airflow/example_dags/example_outlet_event_extra.py
[2025-01-30T02:36:52.332+0800] {logging_mixin.py:190} INFO - [2025-01-30T02:36:52.331+0800] {dag.py:3239} INFO - Sync 3 DAGs
[2025-01-30T02:36:52.468+0800] {logging_mixin.py:190} INFO - [2025-01-30T02:36:52.467+0800] {dag.py:4180} INFO - Setting next_dagrun for dataset_with_extra_by_context to 2025-01-28 00:00:00+00:00, run_after=2025-01-29 00:00:00+00:00
[2025-01-30T02:36:52.470+0800] {logging_mixin.py:190} INFO - [2025-01-30T02:36:52.470+0800] {dag.py:4180} INFO - Setting next_dagrun for dataset_with_extra_by_yield to 2025-01-28 00:00:00+00:00, run_after=2025-01-29 00:00:00+00:00
[2025-01-30T02:36:52.471+0800] {logging_mixin.py:190} INFO - [2025-01-30T02:36:52.471+0800] {dag.py:4180} INFO - Setting next_dagrun for dataset_with_extra_from_classic_operator to 2025-01-28 00:00:00+00:00, run_after=2025-01-29 00:00:00+00:00
[2025-01-30T02:36:52.515+0800] {processor.py:208} INFO - Processing /home/anhtupham99/miniforge3/envs/nba/lib/python3.11/site-packages/airflow/example_dags/example_outlet_event_extra.py took 0.402 seconds
[2025-01-30T02:48:47.513+0800] {processor.py:186} INFO - Started process (PID=19312) to work on /home/anhtupham99/miniforge3/envs/nba/lib/python3.11/site-packages/airflow/example_dags/example_outlet_event_extra.py
[2025-01-30T02:48:47.516+0800] {processor.py:914} INFO - Processing file /home/anhtupham99/miniforge3/envs/nba/lib/python3.11/site-packages/airflow/example_dags/example_outlet_event_extra.py for tasks to queue
[2025-01-30T02:48:47.522+0800] {logging_mixin.py:190} INFO - [2025-01-30T02:48:47.521+0800] {dagbag.py:588} INFO - Filling up the DagBag from /home/anhtupham99/miniforge3/envs/nba/lib/python3.11/site-packages/airflow/example_dags/example_outlet_event_extra.py
[2025-01-30T02:48:47.687+0800] {processor.py:925} INFO - DAG(s) 'dataset_with_extra_by_context', 'dataset_with_extra_from_classic_operator', 'dataset_with_extra_by_yield' retrieved from /home/anhtupham99/miniforge3/envs/nba/lib/python3.11/site-packages/airflow/example_dags/example_outlet_event_extra.py
[2025-01-30T02:48:47.701+0800] {logging_mixin.py:190} INFO - [2025-01-30T02:48:47.700+0800] {dag.py:3239} INFO - Sync 3 DAGs
[2025-01-30T02:48:47.716+0800] {logging_mixin.py:190} INFO - [2025-01-30T02:48:47.715+0800] {dag.py:4180} INFO - Setting next_dagrun for dataset_with_extra_by_context to 2025-01-28 00:00:00+00:00, run_after=2025-01-29 00:00:00+00:00
[2025-01-30T02:48:47.718+0800] {logging_mixin.py:190} INFO - [2025-01-30T02:48:47.718+0800] {dag.py:4180} INFO - Setting next_dagrun for dataset_with_extra_by_yield to 2025-01-28 00:00:00+00:00, run_after=2025-01-29 00:00:00+00:00
[2025-01-30T02:48:47.719+0800] {logging_mixin.py:190} INFO - [2025-01-30T02:48:47.719+0800] {dag.py:4180} INFO - Setting next_dagrun for dataset_with_extra_from_classic_operator to 2025-01-28 00:00:00+00:00, run_after=2025-01-29 00:00:00+00:00
[2025-01-30T02:48:47.759+0800] {processor.py:208} INFO - Processing /home/anhtupham99/miniforge3/envs/nba/lib/python3.11/site-packages/airflow/example_dags/example_outlet_event_extra.py took 0.261 seconds
[2025-01-30T02:50:08.169+0800] {processor.py:186} INFO - Started process (PID=19789) to work on /home/anhtupham99/miniforge3/envs/nba/lib/python3.11/site-packages/airflow/example_dags/example_outlet_event_extra.py
[2025-01-30T02:50:08.172+0800] {processor.py:914} INFO - Processing file /home/anhtupham99/miniforge3/envs/nba/lib/python3.11/site-packages/airflow/example_dags/example_outlet_event_extra.py for tasks to queue
[2025-01-30T02:50:08.177+0800] {logging_mixin.py:190} INFO - [2025-01-30T02:50:08.177+0800] {dagbag.py:588} INFO - Filling up the DagBag from /home/anhtupham99/miniforge3/envs/nba/lib/python3.11/site-packages/airflow/example_dags/example_outlet_event_extra.py
[2025-01-30T02:50:08.359+0800] {processor.py:925} INFO - DAG(s) 'dataset_with_extra_by_yield', 'dataset_with_extra_by_context', 'dataset_with_extra_from_classic_operator' retrieved from /home/anhtupham99/miniforge3/envs/nba/lib/python3.11/site-packages/airflow/example_dags/example_outlet_event_extra.py
[2025-01-30T02:50:08.373+0800] {logging_mixin.py:190} INFO - [2025-01-30T02:50:08.373+0800] {dag.py:3239} INFO - Sync 3 DAGs
[2025-01-30T02:50:08.511+0800] {logging_mixin.py:190} INFO - [2025-01-30T02:50:08.511+0800] {dag.py:4180} INFO - Setting next_dagrun for dataset_with_extra_by_context to 2025-01-28 00:00:00+00:00, run_after=2025-01-29 00:00:00+00:00
[2025-01-30T02:50:08.513+0800] {logging_mixin.py:190} INFO - [2025-01-30T02:50:08.513+0800] {dag.py:4180} INFO - Setting next_dagrun for dataset_with_extra_by_yield to 2025-01-28 00:00:00+00:00, run_after=2025-01-29 00:00:00+00:00
[2025-01-30T02:50:08.514+0800] {logging_mixin.py:190} INFO - [2025-01-30T02:50:08.514+0800] {dag.py:4180} INFO - Setting next_dagrun for dataset_with_extra_from_classic_operator to 2025-01-28 00:00:00+00:00, run_after=2025-01-29 00:00:00+00:00
[2025-01-30T02:50:08.555+0800] {processor.py:208} INFO - Processing /home/anhtupham99/miniforge3/envs/nba/lib/python3.11/site-packages/airflow/example_dags/example_outlet_event_extra.py took 0.400 seconds
[2025-01-30T02:51:28.470+0800] {processor.py:186} INFO - Started process (PID=20244) to work on /home/anhtupham99/miniforge3/envs/nba/lib/python3.11/site-packages/airflow/example_dags/example_outlet_event_extra.py
[2025-01-30T02:51:28.473+0800] {processor.py:914} INFO - Processing file /home/anhtupham99/miniforge3/envs/nba/lib/python3.11/site-packages/airflow/example_dags/example_outlet_event_extra.py for tasks to queue
[2025-01-30T02:51:28.478+0800] {logging_mixin.py:190} INFO - [2025-01-30T02:51:28.477+0800] {dagbag.py:588} INFO - Filling up the DagBag from /home/anhtupham99/miniforge3/envs/nba/lib/python3.11/site-packages/airflow/example_dags/example_outlet_event_extra.py
[2025-01-30T02:51:28.645+0800] {processor.py:925} INFO - DAG(s) 'dataset_with_extra_by_yield', 'dataset_with_extra_from_classic_operator', 'dataset_with_extra_by_context' retrieved from /home/anhtupham99/miniforge3/envs/nba/lib/python3.11/site-packages/airflow/example_dags/example_outlet_event_extra.py
[2025-01-30T02:51:28.658+0800] {logging_mixin.py:190} INFO - [2025-01-30T02:51:28.657+0800] {dag.py:3239} INFO - Sync 3 DAGs
[2025-01-30T02:51:28.797+0800] {logging_mixin.py:190} INFO - [2025-01-30T02:51:28.797+0800] {dag.py:4180} INFO - Setting next_dagrun for dataset_with_extra_by_context to 2025-01-28 00:00:00+00:00, run_after=2025-01-29 00:00:00+00:00
[2025-01-30T02:51:28.800+0800] {logging_mixin.py:190} INFO - [2025-01-30T02:51:28.800+0800] {dag.py:4180} INFO - Setting next_dagrun for dataset_with_extra_by_yield to 2025-01-28 00:00:00+00:00, run_after=2025-01-29 00:00:00+00:00
[2025-01-30T02:51:28.801+0800] {logging_mixin.py:190} INFO - [2025-01-30T02:51:28.801+0800] {dag.py:4180} INFO - Setting next_dagrun for dataset_with_extra_from_classic_operator to 2025-01-28 00:00:00+00:00, run_after=2025-01-29 00:00:00+00:00
[2025-01-30T02:51:28.839+0800] {processor.py:208} INFO - Processing /home/anhtupham99/miniforge3/envs/nba/lib/python3.11/site-packages/airflow/example_dags/example_outlet_event_extra.py took 0.383 seconds
[2025-01-30T02:52:48.584+0800] {processor.py:186} INFO - Started process (PID=20714) to work on /home/anhtupham99/miniforge3/envs/nba/lib/python3.11/site-packages/airflow/example_dags/example_outlet_event_extra.py
[2025-01-30T02:52:48.587+0800] {processor.py:914} INFO - Processing file /home/anhtupham99/miniforge3/envs/nba/lib/python3.11/site-packages/airflow/example_dags/example_outlet_event_extra.py for tasks to queue
[2025-01-30T02:52:48.593+0800] {logging_mixin.py:190} INFO - [2025-01-30T02:52:48.592+0800] {dagbag.py:588} INFO - Filling up the DagBag from /home/anhtupham99/miniforge3/envs/nba/lib/python3.11/site-packages/airflow/example_dags/example_outlet_event_extra.py
[2025-01-30T02:52:48.759+0800] {processor.py:925} INFO - DAG(s) 'dataset_with_extra_from_classic_operator', 'dataset_with_extra_by_context', 'dataset_with_extra_by_yield' retrieved from /home/anhtupham99/miniforge3/envs/nba/lib/python3.11/site-packages/airflow/example_dags/example_outlet_event_extra.py
[2025-01-30T02:52:48.775+0800] {logging_mixin.py:190} INFO - [2025-01-30T02:52:48.775+0800] {dag.py:3239} INFO - Sync 3 DAGs
[2025-01-30T02:52:48.912+0800] {logging_mixin.py:190} INFO - [2025-01-30T02:52:48.912+0800] {dag.py:4180} INFO - Setting next_dagrun for dataset_with_extra_by_context to 2025-01-28 00:00:00+00:00, run_after=2025-01-29 00:00:00+00:00
[2025-01-30T02:52:48.915+0800] {logging_mixin.py:190} INFO - [2025-01-30T02:52:48.915+0800] {dag.py:4180} INFO - Setting next_dagrun for dataset_with_extra_by_yield to 2025-01-28 00:00:00+00:00, run_after=2025-01-29 00:00:00+00:00
[2025-01-30T02:52:48.916+0800] {logging_mixin.py:190} INFO - [2025-01-30T02:52:48.916+0800] {dag.py:4180} INFO - Setting next_dagrun for dataset_with_extra_from_classic_operator to 2025-01-28 00:00:00+00:00, run_after=2025-01-29 00:00:00+00:00
[2025-01-30T02:52:48.941+0800] {processor.py:208} INFO - Processing /home/anhtupham99/miniforge3/envs/nba/lib/python3.11/site-packages/airflow/example_dags/example_outlet_event_extra.py took 0.371 seconds
[2025-01-30T02:54:06.966+0800] {processor.py:186} INFO - Started process (PID=21165) to work on /home/anhtupham99/miniforge3/envs/nba/lib/python3.11/site-packages/airflow/example_dags/example_outlet_event_extra.py
[2025-01-30T02:54:06.968+0800] {processor.py:914} INFO - Processing file /home/anhtupham99/miniforge3/envs/nba/lib/python3.11/site-packages/airflow/example_dags/example_outlet_event_extra.py for tasks to queue
[2025-01-30T02:54:06.969+0800] {logging_mixin.py:190} INFO - [2025-01-30T02:54:06.969+0800] {dagbag.py:588} INFO - Filling up the DagBag from /home/anhtupham99/miniforge3/envs/nba/lib/python3.11/site-packages/airflow/example_dags/example_outlet_event_extra.py
[2025-01-30T02:54:07.136+0800] {processor.py:925} INFO - DAG(s) 'dataset_with_extra_from_classic_operator', 'dataset_with_extra_by_yield', 'dataset_with_extra_by_context' retrieved from /home/anhtupham99/miniforge3/envs/nba/lib/python3.11/site-packages/airflow/example_dags/example_outlet_event_extra.py
[2025-01-30T02:54:07.282+0800] {logging_mixin.py:190} INFO - [2025-01-30T02:54:07.282+0800] {dag.py:3239} INFO - Sync 3 DAGs
[2025-01-30T02:54:07.294+0800] {logging_mixin.py:190} INFO - [2025-01-30T02:54:07.294+0800] {dag.py:4180} INFO - Setting next_dagrun for dataset_with_extra_by_context to 2025-01-28 00:00:00+00:00, run_after=2025-01-29 00:00:00+00:00
[2025-01-30T02:54:07.297+0800] {logging_mixin.py:190} INFO - [2025-01-30T02:54:07.297+0800] {dag.py:4180} INFO - Setting next_dagrun for dataset_with_extra_by_yield to 2025-01-28 00:00:00+00:00, run_after=2025-01-29 00:00:00+00:00
[2025-01-30T02:54:07.298+0800] {logging_mixin.py:190} INFO - [2025-01-30T02:54:07.298+0800] {dag.py:4180} INFO - Setting next_dagrun for dataset_with_extra_from_classic_operator to 2025-01-28 00:00:00+00:00, run_after=2025-01-29 00:00:00+00:00
[2025-01-30T02:54:07.321+0800] {processor.py:208} INFO - Processing /home/anhtupham99/miniforge3/envs/nba/lib/python3.11/site-packages/airflow/example_dags/example_outlet_event_extra.py took 0.359 seconds
[2025-01-30T02:55:20.173+0800] {processor.py:186} INFO - Started process (PID=21579) to work on /home/anhtupham99/miniforge3/envs/nba/lib/python3.11/site-packages/airflow/example_dags/example_outlet_event_extra.py
[2025-01-30T02:55:20.177+0800] {processor.py:914} INFO - Processing file /home/anhtupham99/miniforge3/envs/nba/lib/python3.11/site-packages/airflow/example_dags/example_outlet_event_extra.py for tasks to queue
[2025-01-30T02:55:20.179+0800] {logging_mixin.py:190} INFO - [2025-01-30T02:55:20.178+0800] {dagbag.py:588} INFO - Filling up the DagBag from /home/anhtupham99/miniforge3/envs/nba/lib/python3.11/site-packages/airflow/example_dags/example_outlet_event_extra.py
[2025-01-30T02:55:20.356+0800] {processor.py:925} INFO - DAG(s) 'dataset_with_extra_from_classic_operator', 'dataset_with_extra_by_context', 'dataset_with_extra_by_yield' retrieved from /home/anhtupham99/miniforge3/envs/nba/lib/python3.11/site-packages/airflow/example_dags/example_outlet_event_extra.py
[2025-01-30T02:55:20.369+0800] {logging_mixin.py:190} INFO - [2025-01-30T02:55:20.369+0800] {dag.py:3239} INFO - Sync 3 DAGs
[2025-01-30T02:55:20.513+0800] {logging_mixin.py:190} INFO - [2025-01-30T02:55:20.513+0800] {dag.py:4180} INFO - Setting next_dagrun for dataset_with_extra_by_context to 2025-01-28 00:00:00+00:00, run_after=2025-01-29 00:00:00+00:00
[2025-01-30T02:55:20.516+0800] {logging_mixin.py:190} INFO - [2025-01-30T02:55:20.515+0800] {dag.py:4180} INFO - Setting next_dagrun for dataset_with_extra_by_yield to 2025-01-28 00:00:00+00:00, run_after=2025-01-29 00:00:00+00:00
[2025-01-30T02:55:20.517+0800] {logging_mixin.py:190} INFO - [2025-01-30T02:55:20.517+0800] {dag.py:4180} INFO - Setting next_dagrun for dataset_with_extra_from_classic_operator to 2025-01-28 00:00:00+00:00, run_after=2025-01-29 00:00:00+00:00
[2025-01-30T02:55:20.541+0800] {processor.py:208} INFO - Processing /home/anhtupham99/miniforge3/envs/nba/lib/python3.11/site-packages/airflow/example_dags/example_outlet_event_extra.py took 0.372 seconds
[2025-01-30T02:56:30.275+0800] {processor.py:186} INFO - Started process (PID=22001) to work on /home/anhtupham99/miniforge3/envs/nba/lib/python3.11/site-packages/airflow/example_dags/example_outlet_event_extra.py
[2025-01-30T02:56:30.279+0800] {processor.py:914} INFO - Processing file /home/anhtupham99/miniforge3/envs/nba/lib/python3.11/site-packages/airflow/example_dags/example_outlet_event_extra.py for tasks to queue
[2025-01-30T02:56:30.281+0800] {logging_mixin.py:190} INFO - [2025-01-30T02:56:30.280+0800] {dagbag.py:588} INFO - Filling up the DagBag from /home/anhtupham99/miniforge3/envs/nba/lib/python3.11/site-packages/airflow/example_dags/example_outlet_event_extra.py
[2025-01-30T02:56:30.437+0800] {processor.py:925} INFO - DAG(s) 'dataset_with_extra_by_yield', 'dataset_with_extra_from_classic_operator', 'dataset_with_extra_by_context' retrieved from /home/anhtupham99/miniforge3/envs/nba/lib/python3.11/site-packages/airflow/example_dags/example_outlet_event_extra.py
[2025-01-30T02:56:30.581+0800] {logging_mixin.py:190} INFO - [2025-01-30T02:56:30.581+0800] {dag.py:3239} INFO - Sync 3 DAGs
[2025-01-30T02:56:30.594+0800] {logging_mixin.py:190} INFO - [2025-01-30T02:56:30.594+0800] {dag.py:4180} INFO - Setting next_dagrun for dataset_with_extra_by_context to 2025-01-28 00:00:00+00:00, run_after=2025-01-29 00:00:00+00:00
[2025-01-30T02:56:30.596+0800] {logging_mixin.py:190} INFO - [2025-01-30T02:56:30.596+0800] {dag.py:4180} INFO - Setting next_dagrun for dataset_with_extra_by_yield to 2025-01-28 00:00:00+00:00, run_after=2025-01-29 00:00:00+00:00
[2025-01-30T02:56:30.598+0800] {logging_mixin.py:190} INFO - [2025-01-30T02:56:30.597+0800] {dag.py:4180} INFO - Setting next_dagrun for dataset_with_extra_from_classic_operator to 2025-01-28 00:00:00+00:00, run_after=2025-01-29 00:00:00+00:00
[2025-01-30T02:56:30.620+0800] {processor.py:208} INFO - Processing /home/anhtupham99/miniforge3/envs/nba/lib/python3.11/site-packages/airflow/example_dags/example_outlet_event_extra.py took 0.349 seconds
[2025-01-30T02:57:42.068+0800] {processor.py:186} INFO - Started process (PID=22466) to work on /home/anhtupham99/miniforge3/envs/nba/lib/python3.11/site-packages/airflow/example_dags/example_outlet_event_extra.py
[2025-01-30T02:57:42.070+0800] {processor.py:914} INFO - Processing file /home/anhtupham99/miniforge3/envs/nba/lib/python3.11/site-packages/airflow/example_dags/example_outlet_event_extra.py for tasks to queue
[2025-01-30T02:57:42.071+0800] {logging_mixin.py:190} INFO - [2025-01-30T02:57:42.071+0800] {dagbag.py:588} INFO - Filling up the DagBag from /home/anhtupham99/miniforge3/envs/nba/lib/python3.11/site-packages/airflow/example_dags/example_outlet_event_extra.py
[2025-01-30T02:57:42.235+0800] {processor.py:925} INFO - DAG(s) 'dataset_with_extra_by_yield', 'dataset_with_extra_from_classic_operator', 'dataset_with_extra_by_context' retrieved from /home/anhtupham99/miniforge3/envs/nba/lib/python3.11/site-packages/airflow/example_dags/example_outlet_event_extra.py
[2025-01-30T02:57:42.384+0800] {logging_mixin.py:190} INFO - [2025-01-30T02:57:42.383+0800] {dag.py:3239} INFO - Sync 3 DAGs
[2025-01-30T02:57:42.396+0800] {logging_mixin.py:190} INFO - [2025-01-30T02:57:42.396+0800] {dag.py:4180} INFO - Setting next_dagrun for dataset_with_extra_by_context to 2025-01-28 00:00:00+00:00, run_after=2025-01-29 00:00:00+00:00
[2025-01-30T02:57:42.398+0800] {logging_mixin.py:190} INFO - [2025-01-30T02:57:42.398+0800] {dag.py:4180} INFO - Setting next_dagrun for dataset_with_extra_by_yield to 2025-01-28 00:00:00+00:00, run_after=2025-01-29 00:00:00+00:00
[2025-01-30T02:57:42.399+0800] {logging_mixin.py:190} INFO - [2025-01-30T02:57:42.399+0800] {dag.py:4180} INFO - Setting next_dagrun for dataset_with_extra_from_classic_operator to 2025-01-28 00:00:00+00:00, run_after=2025-01-29 00:00:00+00:00
[2025-01-30T02:57:42.421+0800] {processor.py:208} INFO - Processing /home/anhtupham99/miniforge3/envs/nba/lib/python3.11/site-packages/airflow/example_dags/example_outlet_event_extra.py took 0.357 seconds
[2025-01-30T02:58:56.807+0800] {processor.py:186} INFO - Started process (PID=22885) to work on /home/anhtupham99/miniforge3/envs/nba/lib/python3.11/site-packages/airflow/example_dags/example_outlet_event_extra.py
[2025-01-30T02:58:56.809+0800] {processor.py:914} INFO - Processing file /home/anhtupham99/miniforge3/envs/nba/lib/python3.11/site-packages/airflow/example_dags/example_outlet_event_extra.py for tasks to queue
[2025-01-30T02:58:56.811+0800] {logging_mixin.py:190} INFO - [2025-01-30T02:58:56.810+0800] {dagbag.py:588} INFO - Filling up the DagBag from /home/anhtupham99/miniforge3/envs/nba/lib/python3.11/site-packages/airflow/example_dags/example_outlet_event_extra.py
[2025-01-30T02:58:56.965+0800] {processor.py:925} INFO - DAG(s) 'dataset_with_extra_by_yield', 'dataset_with_extra_by_context', 'dataset_with_extra_from_classic_operator' retrieved from /home/anhtupham99/miniforge3/envs/nba/lib/python3.11/site-packages/airflow/example_dags/example_outlet_event_extra.py
[2025-01-30T02:58:57.101+0800] {logging_mixin.py:190} INFO - [2025-01-30T02:58:57.101+0800] {dag.py:3239} INFO - Sync 3 DAGs
[2025-01-30T02:58:57.113+0800] {logging_mixin.py:190} INFO - [2025-01-30T02:58:57.113+0800] {dag.py:4180} INFO - Setting next_dagrun for dataset_with_extra_by_context to 2025-01-28 00:00:00+00:00, run_after=2025-01-29 00:00:00+00:00
[2025-01-30T02:58:57.115+0800] {logging_mixin.py:190} INFO - [2025-01-30T02:58:57.115+0800] {dag.py:4180} INFO - Setting next_dagrun for dataset_with_extra_by_yield to 2025-01-28 00:00:00+00:00, run_after=2025-01-29 00:00:00+00:00
[2025-01-30T02:58:57.117+0800] {logging_mixin.py:190} INFO - [2025-01-30T02:58:57.116+0800] {dag.py:4180} INFO - Setting next_dagrun for dataset_with_extra_from_classic_operator to 2025-01-28 00:00:00+00:00, run_after=2025-01-29 00:00:00+00:00
[2025-01-30T02:58:57.140+0800] {processor.py:208} INFO - Processing /home/anhtupham99/miniforge3/envs/nba/lib/python3.11/site-packages/airflow/example_dags/example_outlet_event_extra.py took 0.337 seconds
[2025-01-30T03:00:14.791+0800] {processor.py:186} INFO - Started process (PID=23342) to work on /home/anhtupham99/miniforge3/envs/nba/lib/python3.11/site-packages/airflow/example_dags/example_outlet_event_extra.py
[2025-01-30T03:00:14.795+0800] {processor.py:914} INFO - Processing file /home/anhtupham99/miniforge3/envs/nba/lib/python3.11/site-packages/airflow/example_dags/example_outlet_event_extra.py for tasks to queue
[2025-01-30T03:00:14.796+0800] {logging_mixin.py:190} INFO - [2025-01-30T03:00:14.796+0800] {dagbag.py:588} INFO - Filling up the DagBag from /home/anhtupham99/miniforge3/envs/nba/lib/python3.11/site-packages/airflow/example_dags/example_outlet_event_extra.py
[2025-01-30T03:00:15.081+0800] {processor.py:925} INFO - DAG(s) 'dataset_with_extra_from_classic_operator', 'dataset_with_extra_by_yield', 'dataset_with_extra_by_context' retrieved from /home/anhtupham99/miniforge3/envs/nba/lib/python3.11/site-packages/airflow/example_dags/example_outlet_event_extra.py
[2025-01-30T03:00:15.092+0800] {logging_mixin.py:190} INFO - [2025-01-30T03:00:15.092+0800] {dag.py:3239} INFO - Sync 3 DAGs
[2025-01-30T03:00:15.104+0800] {logging_mixin.py:190} INFO - [2025-01-30T03:00:15.104+0800] {dag.py:4180} INFO - Setting next_dagrun for dataset_with_extra_by_context to 2025-01-28 00:00:00+00:00, run_after=2025-01-29 00:00:00+00:00
[2025-01-30T03:00:15.106+0800] {logging_mixin.py:190} INFO - [2025-01-30T03:00:15.106+0800] {dag.py:4180} INFO - Setting next_dagrun for dataset_with_extra_by_yield to 2025-01-28 00:00:00+00:00, run_after=2025-01-29 00:00:00+00:00
[2025-01-30T03:00:15.108+0800] {logging_mixin.py:190} INFO - [2025-01-30T03:00:15.107+0800] {dag.py:4180} INFO - Setting next_dagrun for dataset_with_extra_from_classic_operator to 2025-01-28 00:00:00+00:00, run_after=2025-01-29 00:00:00+00:00
[2025-01-30T03:00:15.131+0800] {processor.py:208} INFO - Processing /home/anhtupham99/miniforge3/envs/nba/lib/python3.11/site-packages/airflow/example_dags/example_outlet_event_extra.py took 0.344 seconds
[2025-01-30T03:01:23.758+0800] {processor.py:186} INFO - Started process (PID=23746) to work on /home/anhtupham99/miniforge3/envs/nba/lib/python3.11/site-packages/airflow/example_dags/example_outlet_event_extra.py
[2025-01-30T03:01:23.762+0800] {processor.py:914} INFO - Processing file /home/anhtupham99/miniforge3/envs/nba/lib/python3.11/site-packages/airflow/example_dags/example_outlet_event_extra.py for tasks to queue
[2025-01-30T03:01:23.763+0800] {logging_mixin.py:190} INFO - [2025-01-30T03:01:23.763+0800] {dagbag.py:588} INFO - Filling up the DagBag from /home/anhtupham99/miniforge3/envs/nba/lib/python3.11/site-packages/airflow/example_dags/example_outlet_event_extra.py
[2025-01-30T03:01:24.052+0800] {processor.py:925} INFO - DAG(s) 'dataset_with_extra_from_classic_operator', 'dataset_with_extra_by_context', 'dataset_with_extra_by_yield' retrieved from /home/anhtupham99/miniforge3/envs/nba/lib/python3.11/site-packages/airflow/example_dags/example_outlet_event_extra.py
[2025-01-30T03:01:24.063+0800] {logging_mixin.py:190} INFO - [2025-01-30T03:01:24.063+0800] {dag.py:3239} INFO - Sync 3 DAGs
[2025-01-30T03:01:24.075+0800] {logging_mixin.py:190} INFO - [2025-01-30T03:01:24.074+0800] {dag.py:4180} INFO - Setting next_dagrun for dataset_with_extra_by_context to 2025-01-28 00:00:00+00:00, run_after=2025-01-29 00:00:00+00:00
[2025-01-30T03:01:24.077+0800] {logging_mixin.py:190} INFO - [2025-01-30T03:01:24.077+0800] {dag.py:4180} INFO - Setting next_dagrun for dataset_with_extra_by_yield to 2025-01-28 00:00:00+00:00, run_after=2025-01-29 00:00:00+00:00
[2025-01-30T03:01:24.078+0800] {logging_mixin.py:190} INFO - [2025-01-30T03:01:24.078+0800] {dag.py:4180} INFO - Setting next_dagrun for dataset_with_extra_from_classic_operator to 2025-01-28 00:00:00+00:00, run_after=2025-01-29 00:00:00+00:00
[2025-01-30T03:01:24.100+0800] {processor.py:208} INFO - Processing /home/anhtupham99/miniforge3/envs/nba/lib/python3.11/site-packages/airflow/example_dags/example_outlet_event_extra.py took 0.346 seconds
[2025-01-30T03:02:34.026+0800] {processor.py:186} INFO - Started process (PID=24182) to work on /home/anhtupham99/miniforge3/envs/nba/lib/python3.11/site-packages/airflow/example_dags/example_outlet_event_extra.py
[2025-01-30T03:02:34.027+0800] {processor.py:914} INFO - Processing file /home/anhtupham99/miniforge3/envs/nba/lib/python3.11/site-packages/airflow/example_dags/example_outlet_event_extra.py for tasks to queue
[2025-01-30T03:02:34.029+0800] {logging_mixin.py:190} INFO - [2025-01-30T03:02:34.028+0800] {dagbag.py:588} INFO - Filling up the DagBag from /home/anhtupham99/miniforge3/envs/nba/lib/python3.11/site-packages/airflow/example_dags/example_outlet_event_extra.py
[2025-01-30T03:02:34.343+0800] {processor.py:925} INFO - DAG(s) 'dataset_with_extra_by_yield', 'dataset_with_extra_by_context', 'dataset_with_extra_from_classic_operator' retrieved from /home/anhtupham99/miniforge3/envs/nba/lib/python3.11/site-packages/airflow/example_dags/example_outlet_event_extra.py
[2025-01-30T03:02:34.353+0800] {logging_mixin.py:190} INFO - [2025-01-30T03:02:34.353+0800] {dag.py:3239} INFO - Sync 3 DAGs
[2025-01-30T03:02:34.364+0800] {logging_mixin.py:190} INFO - [2025-01-30T03:02:34.364+0800] {dag.py:4180} INFO - Setting next_dagrun for dataset_with_extra_by_context to 2025-01-28 00:00:00+00:00, run_after=2025-01-29 00:00:00+00:00
[2025-01-30T03:02:34.366+0800] {logging_mixin.py:190} INFO - [2025-01-30T03:02:34.366+0800] {dag.py:4180} INFO - Setting next_dagrun for dataset_with_extra_by_yield to 2025-01-28 00:00:00+00:00, run_after=2025-01-29 00:00:00+00:00
[2025-01-30T03:02:34.367+0800] {logging_mixin.py:190} INFO - [2025-01-30T03:02:34.367+0800] {dag.py:4180} INFO - Setting next_dagrun for dataset_with_extra_from_classic_operator to 2025-01-28 00:00:00+00:00, run_after=2025-01-29 00:00:00+00:00
[2025-01-30T03:02:34.391+0800] {processor.py:208} INFO - Processing /home/anhtupham99/miniforge3/envs/nba/lib/python3.11/site-packages/airflow/example_dags/example_outlet_event_extra.py took 0.370 seconds
[2025-01-30T03:03:47.704+0800] {processor.py:186} INFO - Started process (PID=24594) to work on /home/anhtupham99/miniforge3/envs/nba/lib/python3.11/site-packages/airflow/example_dags/example_outlet_event_extra.py
[2025-01-30T03:03:47.705+0800] {processor.py:914} INFO - Processing file /home/anhtupham99/miniforge3/envs/nba/lib/python3.11/site-packages/airflow/example_dags/example_outlet_event_extra.py for tasks to queue
[2025-01-30T03:03:47.707+0800] {logging_mixin.py:190} INFO - [2025-01-30T03:03:47.707+0800] {dagbag.py:588} INFO - Filling up the DagBag from /home/anhtupham99/miniforge3/envs/nba/lib/python3.11/site-packages/airflow/example_dags/example_outlet_event_extra.py
[2025-01-30T03:03:47.986+0800] {processor.py:925} INFO - DAG(s) 'dataset_with_extra_by_context', 'dataset_with_extra_from_classic_operator', 'dataset_with_extra_by_yield' retrieved from /home/anhtupham99/miniforge3/envs/nba/lib/python3.11/site-packages/airflow/example_dags/example_outlet_event_extra.py
[2025-01-30T03:03:47.997+0800] {logging_mixin.py:190} INFO - [2025-01-30T03:03:47.997+0800] {dag.py:3239} INFO - Sync 3 DAGs
[2025-01-30T03:03:48.009+0800] {logging_mixin.py:190} INFO - [2025-01-30T03:03:48.009+0800] {dag.py:4180} INFO - Setting next_dagrun for dataset_with_extra_by_context to 2025-01-28 00:00:00+00:00, run_after=2025-01-29 00:00:00+00:00
[2025-01-30T03:03:48.011+0800] {logging_mixin.py:190} INFO - [2025-01-30T03:03:48.011+0800] {dag.py:4180} INFO - Setting next_dagrun for dataset_with_extra_by_yield to 2025-01-28 00:00:00+00:00, run_after=2025-01-29 00:00:00+00:00
[2025-01-30T03:03:48.012+0800] {logging_mixin.py:190} INFO - [2025-01-30T03:03:48.012+0800] {dag.py:4180} INFO - Setting next_dagrun for dataset_with_extra_from_classic_operator to 2025-01-28 00:00:00+00:00, run_after=2025-01-29 00:00:00+00:00
[2025-01-30T03:03:48.034+0800] {processor.py:208} INFO - Processing /home/anhtupham99/miniforge3/envs/nba/lib/python3.11/site-packages/airflow/example_dags/example_outlet_event_extra.py took 0.334 seconds
[2025-01-30T03:05:01.385+0800] {processor.py:186} INFO - Started process (PID=25060) to work on /home/anhtupham99/miniforge3/envs/nba/lib/python3.11/site-packages/airflow/example_dags/example_outlet_event_extra.py
[2025-01-30T03:05:01.388+0800] {processor.py:914} INFO - Processing file /home/anhtupham99/miniforge3/envs/nba/lib/python3.11/site-packages/airflow/example_dags/example_outlet_event_extra.py for tasks to queue
[2025-01-30T03:05:01.390+0800] {logging_mixin.py:190} INFO - [2025-01-30T03:05:01.389+0800] {dagbag.py:588} INFO - Filling up the DagBag from /home/anhtupham99/miniforge3/envs/nba/lib/python3.11/site-packages/airflow/example_dags/example_outlet_event_extra.py
[2025-01-30T03:05:01.675+0800] {processor.py:925} INFO - DAG(s) 'dataset_with_extra_by_context', 'dataset_with_extra_by_yield', 'dataset_with_extra_from_classic_operator' retrieved from /home/anhtupham99/miniforge3/envs/nba/lib/python3.11/site-packages/airflow/example_dags/example_outlet_event_extra.py
[2025-01-30T03:05:01.686+0800] {logging_mixin.py:190} INFO - [2025-01-30T03:05:01.686+0800] {dag.py:3239} INFO - Sync 3 DAGs
[2025-01-30T03:05:01.697+0800] {logging_mixin.py:190} INFO - [2025-01-30T03:05:01.697+0800] {dag.py:4180} INFO - Setting next_dagrun for dataset_with_extra_by_context to 2025-01-28 00:00:00+00:00, run_after=2025-01-29 00:00:00+00:00
[2025-01-30T03:05:01.700+0800] {logging_mixin.py:190} INFO - [2025-01-30T03:05:01.700+0800] {dag.py:4180} INFO - Setting next_dagrun for dataset_with_extra_by_yield to 2025-01-28 00:00:00+00:00, run_after=2025-01-29 00:00:00+00:00
[2025-01-30T03:05:01.701+0800] {logging_mixin.py:190} INFO - [2025-01-30T03:05:01.701+0800] {dag.py:4180} INFO - Setting next_dagrun for dataset_with_extra_from_classic_operator to 2025-01-28 00:00:00+00:00, run_after=2025-01-29 00:00:00+00:00
[2025-01-30T03:05:01.774+0800] {processor.py:208} INFO - Processing /home/anhtupham99/miniforge3/envs/nba/lib/python3.11/site-packages/airflow/example_dags/example_outlet_event_extra.py took 0.394 seconds
[2025-01-30T03:06:13.391+0800] {processor.py:186} INFO - Started process (PID=25471) to work on /home/anhtupham99/miniforge3/envs/nba/lib/python3.11/site-packages/airflow/example_dags/example_outlet_event_extra.py
[2025-01-30T03:06:13.392+0800] {processor.py:914} INFO - Processing file /home/anhtupham99/miniforge3/envs/nba/lib/python3.11/site-packages/airflow/example_dags/example_outlet_event_extra.py for tasks to queue
[2025-01-30T03:06:13.394+0800] {logging_mixin.py:190} INFO - [2025-01-30T03:06:13.394+0800] {dagbag.py:588} INFO - Filling up the DagBag from /home/anhtupham99/miniforge3/envs/nba/lib/python3.11/site-packages/airflow/example_dags/example_outlet_event_extra.py
[2025-01-30T03:06:13.673+0800] {processor.py:925} INFO - DAG(s) 'dataset_with_extra_by_context', 'dataset_with_extra_from_classic_operator', 'dataset_with_extra_by_yield' retrieved from /home/anhtupham99/miniforge3/envs/nba/lib/python3.11/site-packages/airflow/example_dags/example_outlet_event_extra.py
[2025-01-30T03:06:13.684+0800] {logging_mixin.py:190} INFO - [2025-01-30T03:06:13.684+0800] {dag.py:3239} INFO - Sync 3 DAGs
[2025-01-30T03:06:13.695+0800] {logging_mixin.py:190} INFO - [2025-01-30T03:06:13.695+0800] {dag.py:4180} INFO - Setting next_dagrun for dataset_with_extra_by_context to 2025-01-28 00:00:00+00:00, run_after=2025-01-29 00:00:00+00:00
[2025-01-30T03:06:13.698+0800] {logging_mixin.py:190} INFO - [2025-01-30T03:06:13.698+0800] {dag.py:4180} INFO - Setting next_dagrun for dataset_with_extra_by_yield to 2025-01-28 00:00:00+00:00, run_after=2025-01-29 00:00:00+00:00
[2025-01-30T03:06:13.699+0800] {logging_mixin.py:190} INFO - [2025-01-30T03:06:13.699+0800] {dag.py:4180} INFO - Setting next_dagrun for dataset_with_extra_from_classic_operator to 2025-01-28 00:00:00+00:00, run_after=2025-01-29 00:00:00+00:00
[2025-01-30T03:06:13.721+0800] {processor.py:208} INFO - Processing /home/anhtupham99/miniforge3/envs/nba/lib/python3.11/site-packages/airflow/example_dags/example_outlet_event_extra.py took 0.335 seconds
[2025-01-30T03:07:30.459+0800] {processor.py:186} INFO - Started process (PID=25947) to work on /home/anhtupham99/miniforge3/envs/nba/lib/python3.11/site-packages/airflow/example_dags/example_outlet_event_extra.py
[2025-01-30T03:07:30.460+0800] {processor.py:914} INFO - Processing file /home/anhtupham99/miniforge3/envs/nba/lib/python3.11/site-packages/airflow/example_dags/example_outlet_event_extra.py for tasks to queue
[2025-01-30T03:07:30.462+0800] {logging_mixin.py:190} INFO - [2025-01-30T03:07:30.462+0800] {dagbag.py:588} INFO - Filling up the DagBag from /home/anhtupham99/miniforge3/envs/nba/lib/python3.11/site-packages/airflow/example_dags/example_outlet_event_extra.py
[2025-01-30T03:07:30.779+0800] {processor.py:925} INFO - DAG(s) 'dataset_with_extra_by_yield', 'dataset_with_extra_from_classic_operator', 'dataset_with_extra_by_context' retrieved from /home/anhtupham99/miniforge3/envs/nba/lib/python3.11/site-packages/airflow/example_dags/example_outlet_event_extra.py
[2025-01-30T03:07:30.792+0800] {logging_mixin.py:190} INFO - [2025-01-30T03:07:30.791+0800] {dag.py:3239} INFO - Sync 3 DAGs
[2025-01-30T03:07:30.805+0800] {logging_mixin.py:190} INFO - [2025-01-30T03:07:30.805+0800] {dag.py:4180} INFO - Setting next_dagrun for dataset_with_extra_by_context to 2025-01-28 00:00:00+00:00, run_after=2025-01-29 00:00:00+00:00
[2025-01-30T03:07:30.808+0800] {logging_mixin.py:190} INFO - [2025-01-30T03:07:30.808+0800] {dag.py:4180} INFO - Setting next_dagrun for dataset_with_extra_by_yield to 2025-01-28 00:00:00+00:00, run_after=2025-01-29 00:00:00+00:00
[2025-01-30T03:07:30.809+0800] {logging_mixin.py:190} INFO - [2025-01-30T03:07:30.809+0800] {dag.py:4180} INFO - Setting next_dagrun for dataset_with_extra_from_classic_operator to 2025-01-28 00:00:00+00:00, run_after=2025-01-29 00:00:00+00:00
[2025-01-30T03:07:30.833+0800] {processor.py:208} INFO - Processing /home/anhtupham99/miniforge3/envs/nba/lib/python3.11/site-packages/airflow/example_dags/example_outlet_event_extra.py took 0.379 seconds
[2025-01-30T03:08:42.731+0800] {processor.py:186} INFO - Started process (PID=26355) to work on /home/anhtupham99/miniforge3/envs/nba/lib/python3.11/site-packages/airflow/example_dags/example_outlet_event_extra.py
[2025-01-30T03:08:42.732+0800] {processor.py:914} INFO - Processing file /home/anhtupham99/miniforge3/envs/nba/lib/python3.11/site-packages/airflow/example_dags/example_outlet_event_extra.py for tasks to queue
[2025-01-30T03:08:42.735+0800] {logging_mixin.py:190} INFO - [2025-01-30T03:08:42.734+0800] {dagbag.py:588} INFO - Filling up the DagBag from /home/anhtupham99/miniforge3/envs/nba/lib/python3.11/site-packages/airflow/example_dags/example_outlet_event_extra.py
[2025-01-30T03:08:43.126+0800] {processor.py:925} INFO - DAG(s) 'dataset_with_extra_by_yield', 'dataset_with_extra_from_classic_operator', 'dataset_with_extra_by_context' retrieved from /home/anhtupham99/miniforge3/envs/nba/lib/python3.11/site-packages/airflow/example_dags/example_outlet_event_extra.py
[2025-01-30T03:08:43.160+0800] {logging_mixin.py:190} INFO - [2025-01-30T03:08:43.159+0800] {dag.py:3239} INFO - Sync 3 DAGs
[2025-01-30T03:08:43.182+0800] {logging_mixin.py:190} INFO - [2025-01-30T03:08:43.182+0800] {dag.py:4180} INFO - Setting next_dagrun for dataset_with_extra_by_context to 2025-01-28 00:00:00+00:00, run_after=2025-01-29 00:00:00+00:00
[2025-01-30T03:08:43.186+0800] {logging_mixin.py:190} INFO - [2025-01-30T03:08:43.185+0800] {dag.py:4180} INFO - Setting next_dagrun for dataset_with_extra_by_yield to 2025-01-28 00:00:00+00:00, run_after=2025-01-29 00:00:00+00:00
[2025-01-30T03:08:43.187+0800] {logging_mixin.py:190} INFO - [2025-01-30T03:08:43.187+0800] {dag.py:4180} INFO - Setting next_dagrun for dataset_with_extra_from_classic_operator to 2025-01-28 00:00:00+00:00, run_after=2025-01-29 00:00:00+00:00
[2025-01-30T03:08:43.223+0800] {processor.py:208} INFO - Processing /home/anhtupham99/miniforge3/envs/nba/lib/python3.11/site-packages/airflow/example_dags/example_outlet_event_extra.py took 0.498 seconds
[2025-01-30T06:11:26.698+0800] {processor.py:186} INFO - Started process (PID=26828) to work on /home/anhtupham99/miniforge3/envs/nba/lib/python3.11/site-packages/airflow/example_dags/example_outlet_event_extra.py
[2025-01-30T06:11:26.700+0800] {processor.py:914} INFO - Processing file /home/anhtupham99/miniforge3/envs/nba/lib/python3.11/site-packages/airflow/example_dags/example_outlet_event_extra.py for tasks to queue
[2025-01-30T06:11:26.704+0800] {logging_mixin.py:190} INFO - [2025-01-30T06:11:26.703+0800] {dagbag.py:588} INFO - Filling up the DagBag from /home/anhtupham99/miniforge3/envs/nba/lib/python3.11/site-packages/airflow/example_dags/example_outlet_event_extra.py
[2025-01-30T06:11:27.389+0800] {processor.py:925} INFO - DAG(s) 'dataset_with_extra_by_context', 'dataset_with_extra_from_classic_operator', 'dataset_with_extra_by_yield' retrieved from /home/anhtupham99/miniforge3/envs/nba/lib/python3.11/site-packages/airflow/example_dags/example_outlet_event_extra.py
[2025-01-30T06:11:27.420+0800] {logging_mixin.py:190} INFO - [2025-01-30T06:11:27.420+0800] {dag.py:3239} INFO - Sync 3 DAGs
[2025-01-30T06:11:27.452+0800] {logging_mixin.py:190} INFO - [2025-01-30T06:11:27.451+0800] {dag.py:4180} INFO - Setting next_dagrun for dataset_with_extra_by_context to 2025-01-28 00:00:00+00:00, run_after=2025-01-29 00:00:00+00:00
[2025-01-30T06:11:27.460+0800] {logging_mixin.py:190} INFO - [2025-01-30T06:11:27.459+0800] {dag.py:4180} INFO - Setting next_dagrun for dataset_with_extra_by_yield to 2025-01-28 00:00:00+00:00, run_after=2025-01-29 00:00:00+00:00
[2025-01-30T06:11:27.463+0800] {logging_mixin.py:190} INFO - [2025-01-30T06:11:27.462+0800] {dag.py:4180} INFO - Setting next_dagrun for dataset_with_extra_from_classic_operator to 2025-01-28 00:00:00+00:00, run_after=2025-01-29 00:00:00+00:00
[2025-01-30T06:11:27.512+0800] {processor.py:208} INFO - Processing /home/anhtupham99/miniforge3/envs/nba/lib/python3.11/site-packages/airflow/example_dags/example_outlet_event_extra.py took 0.823 seconds
[2025-01-30T06:12:44.223+0800] {processor.py:186} INFO - Started process (PID=27300) to work on /home/anhtupham99/miniforge3/envs/nba/lib/python3.11/site-packages/airflow/example_dags/example_outlet_event_extra.py
[2025-01-30T06:12:44.225+0800] {processor.py:914} INFO - Processing file /home/anhtupham99/miniforge3/envs/nba/lib/python3.11/site-packages/airflow/example_dags/example_outlet_event_extra.py for tasks to queue
[2025-01-30T06:12:44.229+0800] {logging_mixin.py:190} INFO - [2025-01-30T06:12:44.228+0800] {dagbag.py:588} INFO - Filling up the DagBag from /home/anhtupham99/miniforge3/envs/nba/lib/python3.11/site-packages/airflow/example_dags/example_outlet_event_extra.py
[2025-01-30T06:12:44.518+0800] {processor.py:925} INFO - DAG(s) 'dataset_with_extra_by_context', 'dataset_with_extra_by_yield', 'dataset_with_extra_from_classic_operator' retrieved from /home/anhtupham99/miniforge3/envs/nba/lib/python3.11/site-packages/airflow/example_dags/example_outlet_event_extra.py
[2025-01-30T06:12:44.528+0800] {logging_mixin.py:190} INFO - [2025-01-30T06:12:44.528+0800] {dag.py:3239} INFO - Sync 3 DAGs
[2025-01-30T06:12:44.539+0800] {logging_mixin.py:190} INFO - [2025-01-30T06:12:44.539+0800] {dag.py:4180} INFO - Setting next_dagrun for dataset_with_extra_by_context to 2025-01-28 00:00:00+00:00, run_after=2025-01-29 00:00:00+00:00
[2025-01-30T06:12:44.542+0800] {logging_mixin.py:190} INFO - [2025-01-30T06:12:44.542+0800] {dag.py:4180} INFO - Setting next_dagrun for dataset_with_extra_by_yield to 2025-01-28 00:00:00+00:00, run_after=2025-01-29 00:00:00+00:00
[2025-01-30T06:12:44.543+0800] {logging_mixin.py:190} INFO - [2025-01-30T06:12:44.543+0800] {dag.py:4180} INFO - Setting next_dagrun for dataset_with_extra_from_classic_operator to 2025-01-28 00:00:00+00:00, run_after=2025-01-29 00:00:00+00:00
[2025-01-30T06:12:44.569+0800] {processor.py:208} INFO - Processing /home/anhtupham99/miniforge3/envs/nba/lib/python3.11/site-packages/airflow/example_dags/example_outlet_event_extra.py took 0.357 seconds
