[2025-01-30T02:35:18.317+0800] {processor.py:186} INFO - Started process (PID=14551) to work on /home/anhtupham99/miniforge3/envs/nba/lib/python3.11/site-packages/airflow/example_dags/example_inlet_event_extra.py
[2025-01-30T02:35:18.318+0800] {processor.py:914} INFO - Processing file /home/anhtupham99/miniforge3/envs/nba/lib/python3.11/site-packages/airflow/example_dags/example_inlet_event_extra.py for tasks to queue
[2025-01-30T02:35:18.320+0800] {logging_mixin.py:190} INFO - [2025-01-30T02:35:18.320+0800] {dagbag.py:588} INFO - Filling up the DagBag from /home/anhtupham99/miniforge3/envs/nba/lib/python3.11/site-packages/airflow/example_dags/example_inlet_event_extra.py
[2025-01-30T02:35:17.015+0800] {processor.py:925} INFO - DAG(s) 'read_dataset_event', 'read_dataset_event_from_classic' retrieved from /home/anhtupham99/miniforge3/envs/nba/lib/python3.11/site-packages/airflow/example_dags/example_inlet_event_extra.py
[2025-01-30T02:35:17.240+0800] {logging_mixin.py:190} INFO - [2025-01-30T02:35:17.239+0800] {override.py:1911} INFO - Created Permission View: can delete on DAG:read_dataset_event
[2025-01-30T02:35:17.269+0800] {logging_mixin.py:190} INFO - [2025-01-30T02:35:17.269+0800] {override.py:1911} INFO - Created Permission View: can read on DAG:read_dataset_event
[2025-01-30T02:35:17.299+0800] {logging_mixin.py:190} INFO - [2025-01-30T02:35:17.299+0800] {override.py:1911} INFO - Created Permission View: can edit on DAG:read_dataset_event
[2025-01-30T02:35:17.340+0800] {logging_mixin.py:190} INFO - [2025-01-30T02:35:17.340+0800] {override.py:1911} INFO - Created Permission View: can delete on DAG Run:read_dataset_event
[2025-01-30T02:35:17.359+0800] {logging_mixin.py:190} INFO - [2025-01-30T02:35:17.359+0800] {override.py:1911} INFO - Created Permission View: can create on DAG Run:read_dataset_event
[2025-01-30T02:35:17.383+0800] {logging_mixin.py:190} INFO - [2025-01-30T02:35:17.383+0800] {override.py:1911} INFO - Created Permission View: menu access on DAG Run:read_dataset_event
[2025-01-30T02:35:17.404+0800] {logging_mixin.py:190} INFO - [2025-01-30T02:35:17.404+0800] {override.py:1911} INFO - Created Permission View: can read on DAG Run:read_dataset_event
[2025-01-30T02:35:17.445+0800] {logging_mixin.py:190} INFO - [2025-01-30T02:35:17.445+0800] {override.py:1911} INFO - Created Permission View: can delete on DAG:read_dataset_event_from_classic
[2025-01-30T02:35:17.463+0800] {logging_mixin.py:190} INFO - [2025-01-30T02:35:17.463+0800] {override.py:1911} INFO - Created Permission View: can read on DAG:read_dataset_event_from_classic
[2025-01-30T02:35:17.483+0800] {logging_mixin.py:190} INFO - [2025-01-30T02:35:17.483+0800] {override.py:1911} INFO - Created Permission View: can edit on DAG:read_dataset_event_from_classic
[2025-01-30T02:35:17.508+0800] {logging_mixin.py:190} INFO - [2025-01-30T02:35:17.507+0800] {override.py:1911} INFO - Created Permission View: can delete on DAG Run:read_dataset_event_from_classic
[2025-01-30T02:35:17.521+0800] {logging_mixin.py:190} INFO - [2025-01-30T02:35:17.520+0800] {override.py:1911} INFO - Created Permission View: can create on DAG Run:read_dataset_event_from_classic
[2025-01-30T02:35:17.535+0800] {logging_mixin.py:190} INFO - [2025-01-30T02:35:17.535+0800] {override.py:1911} INFO - Created Permission View: menu access on DAG Run:read_dataset_event_from_classic
[2025-01-30T02:35:17.553+0800] {logging_mixin.py:190} INFO - [2025-01-30T02:35:17.552+0800] {override.py:1911} INFO - Created Permission View: can read on DAG Run:read_dataset_event_from_classic
[2025-01-30T02:35:17.553+0800] {logging_mixin.py:190} INFO - [2025-01-30T02:35:17.553+0800] {dag.py:3239} INFO - Sync 2 DAGs
[2025-01-30T02:35:17.560+0800] {logging_mixin.py:190} INFO - [2025-01-30T02:35:17.560+0800] {dag.py:3262} INFO - Creating ORM DAG for read_dataset_event_from_classic
[2025-01-30T02:35:17.560+0800] {logging_mixin.py:190} INFO - [2025-01-30T02:35:17.560+0800] {dag.py:3262} INFO - Creating ORM DAG for read_dataset_event
[2025-01-30T02:35:17.567+0800] {logging_mixin.py:190} INFO - [2025-01-30T02:35:17.566+0800] {dag.py:4180} INFO - Setting next_dagrun for read_dataset_event to 2025-01-28 00:00:00+00:00, run_after=2025-01-29 00:00:00+00:00
[2025-01-30T02:35:17.568+0800] {logging_mixin.py:190} INFO - [2025-01-30T02:35:17.567+0800] {dag.py:4180} INFO - Setting next_dagrun for read_dataset_event_from_classic to 2025-01-28 00:00:00+00:00, run_after=2025-01-29 00:00:00+00:00
[2025-01-30T02:35:17.593+0800] {processor.py:208} INFO - Processing /home/anhtupham99/miniforge3/envs/nba/lib/python3.11/site-packages/airflow/example_dags/example_inlet_event_extra.py took 0.766 seconds
[2025-01-30T02:36:21.693+0800] {processor.py:186} INFO - Started process (PID=14950) to work on /home/anhtupham99/miniforge3/envs/nba/lib/python3.11/site-packages/airflow/example_dags/example_inlet_event_extra.py
[2025-01-30T02:36:21.698+0800] {processor.py:914} INFO - Processing file /home/anhtupham99/miniforge3/envs/nba/lib/python3.11/site-packages/airflow/example_dags/example_inlet_event_extra.py for tasks to queue
[2025-01-30T02:36:21.699+0800] {logging_mixin.py:190} INFO - [2025-01-30T02:36:21.699+0800] {dagbag.py:588} INFO - Filling up the DagBag from /home/anhtupham99/miniforge3/envs/nba/lib/python3.11/site-packages/airflow/example_dags/example_inlet_event_extra.py
[2025-01-30T02:36:21.858+0800] {processor.py:925} INFO - DAG(s) 'read_dataset_event', 'read_dataset_event_from_classic' retrieved from /home/anhtupham99/miniforge3/envs/nba/lib/python3.11/site-packages/airflow/example_dags/example_inlet_event_extra.py
[2025-01-30T02:36:21.868+0800] {logging_mixin.py:190} INFO - [2025-01-30T02:36:21.868+0800] {dag.py:3239} INFO - Sync 2 DAGs
[2025-01-30T02:36:21.880+0800] {logging_mixin.py:190} INFO - [2025-01-30T02:36:21.880+0800] {dag.py:4180} INFO - Setting next_dagrun for read_dataset_event to 2025-01-28 00:00:00+00:00, run_after=2025-01-29 00:00:00+00:00
[2025-01-30T02:36:21.883+0800] {logging_mixin.py:190} INFO - [2025-01-30T02:36:21.883+0800] {dag.py:4180} INFO - Setting next_dagrun for read_dataset_event_from_classic to 2025-01-28 00:00:00+00:00, run_after=2025-01-29 00:00:00+00:00
[2025-01-30T02:36:21.913+0800] {processor.py:208} INFO - Processing /home/anhtupham99/miniforge3/envs/nba/lib/python3.11/site-packages/airflow/example_dags/example_inlet_event_extra.py took 0.231 seconds
[2025-01-30T02:48:19.690+0800] {processor.py:186} INFO - Started process (PID=19160) to work on /home/anhtupham99/miniforge3/envs/nba/lib/python3.11/site-packages/airflow/example_dags/example_inlet_event_extra.py
[2025-01-30T02:48:19.691+0800] {processor.py:914} INFO - Processing file /home/anhtupham99/miniforge3/envs/nba/lib/python3.11/site-packages/airflow/example_dags/example_inlet_event_extra.py for tasks to queue
[2025-01-30T02:48:19.694+0800] {logging_mixin.py:190} INFO - [2025-01-30T02:48:19.694+0800] {dagbag.py:588} INFO - Filling up the DagBag from /home/anhtupham99/miniforge3/envs/nba/lib/python3.11/site-packages/airflow/example_dags/example_inlet_event_extra.py
[2025-01-30T02:48:19.846+0800] {processor.py:925} INFO - DAG(s) 'read_dataset_event_from_classic', 'read_dataset_event' retrieved from /home/anhtupham99/miniforge3/envs/nba/lib/python3.11/site-packages/airflow/example_dags/example_inlet_event_extra.py
[2025-01-30T02:48:19.856+0800] {logging_mixin.py:190} INFO - [2025-01-30T02:48:19.856+0800] {dag.py:3239} INFO - Sync 2 DAGs
[2025-01-30T02:48:19.869+0800] {logging_mixin.py:190} INFO - [2025-01-30T02:48:19.868+0800] {dag.py:4180} INFO - Setting next_dagrun for read_dataset_event to 2025-01-28 00:00:00+00:00, run_after=2025-01-29 00:00:00+00:00
[2025-01-30T02:48:19.871+0800] {logging_mixin.py:190} INFO - [2025-01-30T02:48:19.871+0800] {dag.py:4180} INFO - Setting next_dagrun for read_dataset_event_from_classic to 2025-01-28 00:00:00+00:00, run_after=2025-01-29 00:00:00+00:00
[2025-01-30T02:48:19.909+0800] {processor.py:208} INFO - Processing /home/anhtupham99/miniforge3/envs/nba/lib/python3.11/site-packages/airflow/example_dags/example_inlet_event_extra.py took 0.223 seconds
[2025-01-30T02:49:16.256+0800] {processor.py:186} INFO - Started process (PID=19472) to work on /home/anhtupham99/miniforge3/envs/nba/lib/python3.11/site-packages/airflow/example_dags/example_inlet_event_extra.py
[2025-01-30T02:49:16.260+0800] {processor.py:914} INFO - Processing file /home/anhtupham99/miniforge3/envs/nba/lib/python3.11/site-packages/airflow/example_dags/example_inlet_event_extra.py for tasks to queue
[2025-01-30T02:49:16.266+0800] {logging_mixin.py:190} INFO - [2025-01-30T02:49:16.265+0800] {dagbag.py:588} INFO - Filling up the DagBag from /home/anhtupham99/miniforge3/envs/nba/lib/python3.11/site-packages/airflow/example_dags/example_inlet_event_extra.py
[2025-01-30T02:49:16.490+0800] {processor.py:925} INFO - DAG(s) 'read_dataset_event', 'read_dataset_event_from_classic' retrieved from /home/anhtupham99/miniforge3/envs/nba/lib/python3.11/site-packages/airflow/example_dags/example_inlet_event_extra.py
[2025-01-30T02:49:16.502+0800] {logging_mixin.py:190} INFO - [2025-01-30T02:49:16.502+0800] {dag.py:3239} INFO - Sync 2 DAGs
[2025-01-30T02:49:16.516+0800] {logging_mixin.py:190} INFO - [2025-01-30T02:49:16.516+0800] {dag.py:4180} INFO - Setting next_dagrun for read_dataset_event to 2025-01-28 00:00:00+00:00, run_after=2025-01-29 00:00:00+00:00
[2025-01-30T02:49:16.519+0800] {logging_mixin.py:190} INFO - [2025-01-30T02:49:16.519+0800] {dag.py:4180} INFO - Setting next_dagrun for read_dataset_event_from_classic to 2025-01-28 00:00:00+00:00, run_after=2025-01-29 00:00:00+00:00
[2025-01-30T02:49:16.559+0800] {processor.py:208} INFO - Processing /home/anhtupham99/miniforge3/envs/nba/lib/python3.11/site-packages/airflow/example_dags/example_inlet_event_extra.py took 0.318 seconds
[2025-01-30T02:50:14.088+0800] {processor.py:186} INFO - Started process (PID=19813) to work on /home/anhtupham99/miniforge3/envs/nba/lib/python3.11/site-packages/airflow/example_dags/example_inlet_event_extra.py
[2025-01-30T02:50:14.090+0800] {processor.py:914} INFO - Processing file /home/anhtupham99/miniforge3/envs/nba/lib/python3.11/site-packages/airflow/example_dags/example_inlet_event_extra.py for tasks to queue
[2025-01-30T02:50:14.094+0800] {logging_mixin.py:190} INFO - [2025-01-30T02:50:14.093+0800] {dagbag.py:588} INFO - Filling up the DagBag from /home/anhtupham99/miniforge3/envs/nba/lib/python3.11/site-packages/airflow/example_dags/example_inlet_event_extra.py
[2025-01-30T02:50:14.259+0800] {processor.py:925} INFO - DAG(s) 'read_dataset_event', 'read_dataset_event_from_classic' retrieved from /home/anhtupham99/miniforge3/envs/nba/lib/python3.11/site-packages/airflow/example_dags/example_inlet_event_extra.py
[2025-01-30T02:50:14.269+0800] {logging_mixin.py:190} INFO - [2025-01-30T02:50:14.269+0800] {dag.py:3239} INFO - Sync 2 DAGs
[2025-01-30T02:50:14.405+0800] {logging_mixin.py:190} INFO - [2025-01-30T02:50:14.404+0800] {dag.py:4180} INFO - Setting next_dagrun for read_dataset_event to 2025-01-28 00:00:00+00:00, run_after=2025-01-29 00:00:00+00:00
[2025-01-30T02:50:14.407+0800] {logging_mixin.py:190} INFO - [2025-01-30T02:50:14.407+0800] {dag.py:4180} INFO - Setting next_dagrun for read_dataset_event_from_classic to 2025-01-28 00:00:00+00:00, run_after=2025-01-29 00:00:00+00:00
[2025-01-30T02:50:14.428+0800] {processor.py:208} INFO - Processing /home/anhtupham99/miniforge3/envs/nba/lib/python3.11/site-packages/airflow/example_dags/example_inlet_event_extra.py took 0.356 seconds
[2025-01-30T02:51:09.043+0800] {processor.py:186} INFO - Started process (PID=20135) to work on /home/anhtupham99/miniforge3/envs/nba/lib/python3.11/site-packages/airflow/example_dags/example_inlet_event_extra.py
[2025-01-30T02:51:09.048+0800] {processor.py:914} INFO - Processing file /home/anhtupham99/miniforge3/envs/nba/lib/python3.11/site-packages/airflow/example_dags/example_inlet_event_extra.py for tasks to queue
[2025-01-30T02:51:09.053+0800] {logging_mixin.py:190} INFO - [2025-01-30T02:51:09.052+0800] {dagbag.py:588} INFO - Filling up the DagBag from /home/anhtupham99/miniforge3/envs/nba/lib/python3.11/site-packages/airflow/example_dags/example_inlet_event_extra.py
[2025-01-30T02:51:09.217+0800] {processor.py:925} INFO - DAG(s) 'read_dataset_event', 'read_dataset_event_from_classic' retrieved from /home/anhtupham99/miniforge3/envs/nba/lib/python3.11/site-packages/airflow/example_dags/example_inlet_event_extra.py
[2025-01-30T02:51:09.227+0800] {logging_mixin.py:190} INFO - [2025-01-30T02:51:09.227+0800] {dag.py:3239} INFO - Sync 2 DAGs
[2025-01-30T02:51:09.370+0800] {logging_mixin.py:190} INFO - [2025-01-30T02:51:09.370+0800] {dag.py:4180} INFO - Setting next_dagrun for read_dataset_event to 2025-01-28 00:00:00+00:00, run_after=2025-01-29 00:00:00+00:00
[2025-01-30T02:51:09.373+0800] {logging_mixin.py:190} INFO - [2025-01-30T02:51:09.373+0800] {dag.py:4180} INFO - Setting next_dagrun for read_dataset_event_from_classic to 2025-01-28 00:00:00+00:00, run_after=2025-01-29 00:00:00+00:00
[2025-01-30T02:51:09.408+0800] {processor.py:208} INFO - Processing /home/anhtupham99/miniforge3/envs/nba/lib/python3.11/site-packages/airflow/example_dags/example_inlet_event_extra.py took 0.374 seconds
[2025-01-30T02:52:02.120+0800] {processor.py:186} INFO - Started process (PID=20427) to work on /home/anhtupham99/miniforge3/envs/nba/lib/python3.11/site-packages/airflow/example_dags/example_inlet_event_extra.py
[2025-01-30T02:52:02.123+0800] {processor.py:914} INFO - Processing file /home/anhtupham99/miniforge3/envs/nba/lib/python3.11/site-packages/airflow/example_dags/example_inlet_event_extra.py for tasks to queue
[2025-01-30T02:52:02.131+0800] {logging_mixin.py:190} INFO - [2025-01-30T02:52:02.130+0800] {dagbag.py:588} INFO - Filling up the DagBag from /home/anhtupham99/miniforge3/envs/nba/lib/python3.11/site-packages/airflow/example_dags/example_inlet_event_extra.py
[2025-01-30T02:52:02.306+0800] {processor.py:925} INFO - DAG(s) 'read_dataset_event', 'read_dataset_event_from_classic' retrieved from /home/anhtupham99/miniforge3/envs/nba/lib/python3.11/site-packages/airflow/example_dags/example_inlet_event_extra.py
[2025-01-30T02:52:02.317+0800] {logging_mixin.py:190} INFO - [2025-01-30T02:52:02.317+0800] {dag.py:3239} INFO - Sync 2 DAGs
[2025-01-30T02:52:02.332+0800] {logging_mixin.py:190} INFO - [2025-01-30T02:52:02.332+0800] {dag.py:4180} INFO - Setting next_dagrun for read_dataset_event to 2025-01-28 00:00:00+00:00, run_after=2025-01-29 00:00:00+00:00
[2025-01-30T02:52:02.334+0800] {logging_mixin.py:190} INFO - [2025-01-30T02:52:02.334+0800] {dag.py:4180} INFO - Setting next_dagrun for read_dataset_event_from_classic to 2025-01-28 00:00:00+00:00, run_after=2025-01-29 00:00:00+00:00
[2025-01-30T02:52:02.371+0800] {processor.py:208} INFO - Processing /home/anhtupham99/miniforge3/envs/nba/lib/python3.11/site-packages/airflow/example_dags/example_inlet_event_extra.py took 0.267 seconds
[2025-01-30T02:52:53.946+0800] {processor.py:186} INFO - Started process (PID=20755) to work on /home/anhtupham99/miniforge3/envs/nba/lib/python3.11/site-packages/airflow/example_dags/example_inlet_event_extra.py
[2025-01-30T02:52:53.948+0800] {processor.py:914} INFO - Processing file /home/anhtupham99/miniforge3/envs/nba/lib/python3.11/site-packages/airflow/example_dags/example_inlet_event_extra.py for tasks to queue
[2025-01-30T02:52:53.953+0800] {logging_mixin.py:190} INFO - [2025-01-30T02:52:53.952+0800] {dagbag.py:588} INFO - Filling up the DagBag from /home/anhtupham99/miniforge3/envs/nba/lib/python3.11/site-packages/airflow/example_dags/example_inlet_event_extra.py
[2025-01-30T02:52:54.132+0800] {processor.py:925} INFO - DAG(s) 'read_dataset_event_from_classic', 'read_dataset_event' retrieved from /home/anhtupham99/miniforge3/envs/nba/lib/python3.11/site-packages/airflow/example_dags/example_inlet_event_extra.py
[2025-01-30T02:52:54.303+0800] {logging_mixin.py:190} INFO - [2025-01-30T02:52:54.303+0800] {dag.py:3239} INFO - Sync 2 DAGs
[2025-01-30T02:52:54.314+0800] {logging_mixin.py:190} INFO - [2025-01-30T02:52:54.314+0800] {dag.py:4180} INFO - Setting next_dagrun for read_dataset_event to 2025-01-28 00:00:00+00:00, run_after=2025-01-29 00:00:00+00:00
[2025-01-30T02:52:54.317+0800] {logging_mixin.py:190} INFO - [2025-01-30T02:52:54.316+0800] {dag.py:4180} INFO - Setting next_dagrun for read_dataset_event_from_classic to 2025-01-28 00:00:00+00:00, run_after=2025-01-29 00:00:00+00:00
[2025-01-30T02:52:54.342+0800] {processor.py:208} INFO - Processing /home/anhtupham99/miniforge3/envs/nba/lib/python3.11/site-packages/airflow/example_dags/example_inlet_event_extra.py took 0.407 seconds
[2025-01-30T02:53:49.209+0800] {processor.py:186} INFO - Started process (PID=21056) to work on /home/anhtupham99/miniforge3/envs/nba/lib/python3.11/site-packages/airflow/example_dags/example_inlet_event_extra.py
[2025-01-30T02:53:49.210+0800] {processor.py:914} INFO - Processing file /home/anhtupham99/miniforge3/envs/nba/lib/python3.11/site-packages/airflow/example_dags/example_inlet_event_extra.py for tasks to queue
[2025-01-30T02:53:49.211+0800] {logging_mixin.py:190} INFO - [2025-01-30T02:53:49.211+0800] {dagbag.py:588} INFO - Filling up the DagBag from /home/anhtupham99/miniforge3/envs/nba/lib/python3.11/site-packages/airflow/example_dags/example_inlet_event_extra.py
[2025-01-30T02:53:49.370+0800] {processor.py:925} INFO - DAG(s) 'read_dataset_event', 'read_dataset_event_from_classic' retrieved from /home/anhtupham99/miniforge3/envs/nba/lib/python3.11/site-packages/airflow/example_dags/example_inlet_event_extra.py
[2025-01-30T02:53:49.381+0800] {logging_mixin.py:190} INFO - [2025-01-30T02:53:49.381+0800] {dag.py:3239} INFO - Sync 2 DAGs
[2025-01-30T02:53:49.530+0800] {logging_mixin.py:190} INFO - [2025-01-30T02:53:49.530+0800] {dag.py:4180} INFO - Setting next_dagrun for read_dataset_event to 2025-01-28 00:00:00+00:00, run_after=2025-01-29 00:00:00+00:00
[2025-01-30T02:53:49.533+0800] {logging_mixin.py:190} INFO - [2025-01-30T02:53:49.533+0800] {dag.py:4180} INFO - Setting next_dagrun for read_dataset_event_from_classic to 2025-01-28 00:00:00+00:00, run_after=2025-01-29 00:00:00+00:00
[2025-01-30T02:53:49.557+0800] {processor.py:208} INFO - Processing /home/anhtupham99/miniforge3/envs/nba/lib/python3.11/site-packages/airflow/example_dags/example_inlet_event_extra.py took 0.352 seconds
[2025-01-30T02:54:37.856+0800] {processor.py:186} INFO - Started process (PID=21336) to work on /home/anhtupham99/miniforge3/envs/nba/lib/python3.11/site-packages/airflow/example_dags/example_inlet_event_extra.py
[2025-01-30T02:54:37.857+0800] {processor.py:914} INFO - Processing file /home/anhtupham99/miniforge3/envs/nba/lib/python3.11/site-packages/airflow/example_dags/example_inlet_event_extra.py for tasks to queue
[2025-01-30T02:54:37.859+0800] {logging_mixin.py:190} INFO - [2025-01-30T02:54:37.858+0800] {dagbag.py:588} INFO - Filling up the DagBag from /home/anhtupham99/miniforge3/envs/nba/lib/python3.11/site-packages/airflow/example_dags/example_inlet_event_extra.py
[2025-01-30T02:54:38.040+0800] {processor.py:925} INFO - DAG(s) 'read_dataset_event', 'read_dataset_event_from_classic' retrieved from /home/anhtupham99/miniforge3/envs/nba/lib/python3.11/site-packages/airflow/example_dags/example_inlet_event_extra.py
[2025-01-30T02:54:38.052+0800] {logging_mixin.py:190} INFO - [2025-01-30T02:54:38.052+0800] {dag.py:3239} INFO - Sync 2 DAGs
[2025-01-30T02:54:38.067+0800] {logging_mixin.py:190} INFO - [2025-01-30T02:54:38.066+0800] {dag.py:4180} INFO - Setting next_dagrun for read_dataset_event to 2025-01-28 00:00:00+00:00, run_after=2025-01-29 00:00:00+00:00
[2025-01-30T02:54:38.069+0800] {logging_mixin.py:190} INFO - [2025-01-30T02:54:38.069+0800] {dag.py:4180} INFO - Setting next_dagrun for read_dataset_event_from_classic to 2025-01-28 00:00:00+00:00, run_after=2025-01-29 00:00:00+00:00
[2025-01-30T02:54:38.093+0800] {processor.py:208} INFO - Processing /home/anhtupham99/miniforge3/envs/nba/lib/python3.11/site-packages/airflow/example_dags/example_inlet_event_extra.py took 0.242 seconds
[2025-01-30T02:55:28.912+0800] {processor.py:186} INFO - Started process (PID=21648) to work on /home/anhtupham99/miniforge3/envs/nba/lib/python3.11/site-packages/airflow/example_dags/example_inlet_event_extra.py
[2025-01-30T02:55:28.914+0800] {processor.py:914} INFO - Processing file /home/anhtupham99/miniforge3/envs/nba/lib/python3.11/site-packages/airflow/example_dags/example_inlet_event_extra.py for tasks to queue
[2025-01-30T02:55:28.915+0800] {logging_mixin.py:190} INFO - [2025-01-30T02:55:28.915+0800] {dagbag.py:588} INFO - Filling up the DagBag from /home/anhtupham99/miniforge3/envs/nba/lib/python3.11/site-packages/airflow/example_dags/example_inlet_event_extra.py
[2025-01-30T02:55:29.078+0800] {processor.py:925} INFO - DAG(s) 'read_dataset_event', 'read_dataset_event_from_classic' retrieved from /home/anhtupham99/miniforge3/envs/nba/lib/python3.11/site-packages/airflow/example_dags/example_inlet_event_extra.py
[2025-01-30T02:55:29.212+0800] {logging_mixin.py:190} INFO - [2025-01-30T02:55:29.212+0800] {dag.py:3239} INFO - Sync 2 DAGs
[2025-01-30T02:55:29.223+0800] {logging_mixin.py:190} INFO - [2025-01-30T02:55:29.223+0800] {dag.py:4180} INFO - Setting next_dagrun for read_dataset_event to 2025-01-28 00:00:00+00:00, run_after=2025-01-29 00:00:00+00:00
[2025-01-30T02:55:29.226+0800] {logging_mixin.py:190} INFO - [2025-01-30T02:55:29.226+0800] {dag.py:4180} INFO - Setting next_dagrun for read_dataset_event_from_classic to 2025-01-28 00:00:00+00:00, run_after=2025-01-29 00:00:00+00:00
[2025-01-30T02:55:29.247+0800] {processor.py:208} INFO - Processing /home/anhtupham99/miniforge3/envs/nba/lib/python3.11/site-packages/airflow/example_dags/example_inlet_event_extra.py took 0.339 seconds
[2025-01-30T02:56:16.434+0800] {processor.py:186} INFO - Started process (PID=21921) to work on /home/anhtupham99/miniforge3/envs/nba/lib/python3.11/site-packages/airflow/example_dags/example_inlet_event_extra.py
[2025-01-30T02:56:16.436+0800] {processor.py:914} INFO - Processing file /home/anhtupham99/miniforge3/envs/nba/lib/python3.11/site-packages/airflow/example_dags/example_inlet_event_extra.py for tasks to queue
[2025-01-30T02:56:16.437+0800] {logging_mixin.py:190} INFO - [2025-01-30T02:56:16.437+0800] {dagbag.py:588} INFO - Filling up the DagBag from /home/anhtupham99/miniforge3/envs/nba/lib/python3.11/site-packages/airflow/example_dags/example_inlet_event_extra.py
[2025-01-30T02:56:16.590+0800] {processor.py:925} INFO - DAG(s) 'read_dataset_event', 'read_dataset_event_from_classic' retrieved from /home/anhtupham99/miniforge3/envs/nba/lib/python3.11/site-packages/airflow/example_dags/example_inlet_event_extra.py
[2025-01-30T02:56:16.600+0800] {logging_mixin.py:190} INFO - [2025-01-30T02:56:16.600+0800] {dag.py:3239} INFO - Sync 2 DAGs
[2025-01-30T02:56:16.725+0800] {logging_mixin.py:190} INFO - [2025-01-30T02:56:16.725+0800] {dag.py:4180} INFO - Setting next_dagrun for read_dataset_event to 2025-01-28 00:00:00+00:00, run_after=2025-01-29 00:00:00+00:00
[2025-01-30T02:56:16.728+0800] {logging_mixin.py:190} INFO - [2025-01-30T02:56:16.728+0800] {dag.py:4180} INFO - Setting next_dagrun for read_dataset_event_from_classic to 2025-01-28 00:00:00+00:00, run_after=2025-01-29 00:00:00+00:00
[2025-01-30T02:56:16.749+0800] {processor.py:208} INFO - Processing /home/anhtupham99/miniforge3/envs/nba/lib/python3.11/site-packages/airflow/example_dags/example_inlet_event_extra.py took 0.319 seconds
[2025-01-30T02:57:02.581+0800] {processor.py:186} INFO - Started process (PID=22187) to work on /home/anhtupham99/miniforge3/envs/nba/lib/python3.11/site-packages/airflow/example_dags/example_inlet_event_extra.py
[2025-01-30T02:57:02.582+0800] {processor.py:914} INFO - Processing file /home/anhtupham99/miniforge3/envs/nba/lib/python3.11/site-packages/airflow/example_dags/example_inlet_event_extra.py for tasks to queue
[2025-01-30T02:57:02.584+0800] {logging_mixin.py:190} INFO - [2025-01-30T02:57:02.583+0800] {dagbag.py:588} INFO - Filling up the DagBag from /home/anhtupham99/miniforge3/envs/nba/lib/python3.11/site-packages/airflow/example_dags/example_inlet_event_extra.py
[2025-01-30T02:57:02.739+0800] {processor.py:925} INFO - DAG(s) 'read_dataset_event_from_classic', 'read_dataset_event' retrieved from /home/anhtupham99/miniforge3/envs/nba/lib/python3.11/site-packages/airflow/example_dags/example_inlet_event_extra.py
[2025-01-30T02:57:02.749+0800] {logging_mixin.py:190} INFO - [2025-01-30T02:57:02.749+0800] {dag.py:3239} INFO - Sync 2 DAGs
[2025-01-30T02:57:02.761+0800] {logging_mixin.py:190} INFO - [2025-01-30T02:57:02.761+0800] {dag.py:4180} INFO - Setting next_dagrun for read_dataset_event to 2025-01-28 00:00:00+00:00, run_after=2025-01-29 00:00:00+00:00
[2025-01-30T02:57:02.764+0800] {logging_mixin.py:190} INFO - [2025-01-30T02:57:02.764+0800] {dag.py:4180} INFO - Setting next_dagrun for read_dataset_event_from_classic to 2025-01-28 00:00:00+00:00, run_after=2025-01-29 00:00:00+00:00
[2025-01-30T02:57:02.911+0800] {processor.py:208} INFO - Processing /home/anhtupham99/miniforge3/envs/nba/lib/python3.11/site-packages/airflow/example_dags/example_inlet_event_extra.py took 0.335 seconds
[2025-01-30T02:57:52.524+0800] {processor.py:186} INFO - Started process (PID=22521) to work on /home/anhtupham99/miniforge3/envs/nba/lib/python3.11/site-packages/airflow/example_dags/example_inlet_event_extra.py
[2025-01-30T02:57:52.527+0800] {processor.py:914} INFO - Processing file /home/anhtupham99/miniforge3/envs/nba/lib/python3.11/site-packages/airflow/example_dags/example_inlet_event_extra.py for tasks to queue
[2025-01-30T02:57:52.529+0800] {logging_mixin.py:190} INFO - [2025-01-30T02:57:52.528+0800] {dagbag.py:588} INFO - Filling up the DagBag from /home/anhtupham99/miniforge3/envs/nba/lib/python3.11/site-packages/airflow/example_dags/example_inlet_event_extra.py
[2025-01-30T02:57:52.823+0800] {processor.py:925} INFO - DAG(s) 'read_dataset_event_from_classic', 'read_dataset_event' retrieved from /home/anhtupham99/miniforge3/envs/nba/lib/python3.11/site-packages/airflow/example_dags/example_inlet_event_extra.py
[2025-01-30T02:57:52.832+0800] {logging_mixin.py:190} INFO - [2025-01-30T02:57:52.832+0800] {dag.py:3239} INFO - Sync 2 DAGs
[2025-01-30T02:57:52.844+0800] {logging_mixin.py:190} INFO - [2025-01-30T02:57:52.844+0800] {dag.py:4180} INFO - Setting next_dagrun for read_dataset_event to 2025-01-28 00:00:00+00:00, run_after=2025-01-29 00:00:00+00:00
[2025-01-30T02:57:52.846+0800] {logging_mixin.py:190} INFO - [2025-01-30T02:57:52.846+0800] {dag.py:4180} INFO - Setting next_dagrun for read_dataset_event_from_classic to 2025-01-28 00:00:00+00:00, run_after=2025-01-29 00:00:00+00:00
[2025-01-30T02:57:52.867+0800] {processor.py:208} INFO - Processing /home/anhtupham99/miniforge3/envs/nba/lib/python3.11/site-packages/airflow/example_dags/example_inlet_event_extra.py took 0.348 seconds
[2025-01-30T02:58:42.603+0800] {processor.py:186} INFO - Started process (PID=22800) to work on /home/anhtupham99/miniforge3/envs/nba/lib/python3.11/site-packages/airflow/example_dags/example_inlet_event_extra.py
[2025-01-30T02:58:42.604+0800] {processor.py:914} INFO - Processing file /home/anhtupham99/miniforge3/envs/nba/lib/python3.11/site-packages/airflow/example_dags/example_inlet_event_extra.py for tasks to queue
[2025-01-30T02:58:42.605+0800] {logging_mixin.py:190} INFO - [2025-01-30T02:58:42.605+0800] {dagbag.py:588} INFO - Filling up the DagBag from /home/anhtupham99/miniforge3/envs/nba/lib/python3.11/site-packages/airflow/example_dags/example_inlet_event_extra.py
[2025-01-30T02:58:42.769+0800] {processor.py:925} INFO - DAG(s) 'read_dataset_event_from_classic', 'read_dataset_event' retrieved from /home/anhtupham99/miniforge3/envs/nba/lib/python3.11/site-packages/airflow/example_dags/example_inlet_event_extra.py
[2025-01-30T02:58:42.781+0800] {logging_mixin.py:190} INFO - [2025-01-30T02:58:42.781+0800] {dag.py:3239} INFO - Sync 2 DAGs
[2025-01-30T02:58:42.928+0800] {logging_mixin.py:190} INFO - [2025-01-30T02:58:42.928+0800] {dag.py:4180} INFO - Setting next_dagrun for read_dataset_event to 2025-01-28 00:00:00+00:00, run_after=2025-01-29 00:00:00+00:00
[2025-01-30T02:58:42.931+0800] {logging_mixin.py:190} INFO - [2025-01-30T02:58:42.931+0800] {dag.py:4180} INFO - Setting next_dagrun for read_dataset_event_from_classic to 2025-01-28 00:00:00+00:00, run_after=2025-01-29 00:00:00+00:00
[2025-01-30T02:58:42.953+0800] {processor.py:208} INFO - Processing /home/anhtupham99/miniforge3/envs/nba/lib/python3.11/site-packages/airflow/example_dags/example_inlet_event_extra.py took 0.354 seconds
[2025-01-30T02:59:33.123+0800] {processor.py:186} INFO - Started process (PID=23090) to work on /home/anhtupham99/miniforge3/envs/nba/lib/python3.11/site-packages/airflow/example_dags/example_inlet_event_extra.py
[2025-01-30T02:59:33.124+0800] {processor.py:914} INFO - Processing file /home/anhtupham99/miniforge3/envs/nba/lib/python3.11/site-packages/airflow/example_dags/example_inlet_event_extra.py for tasks to queue
[2025-01-30T02:59:33.126+0800] {logging_mixin.py:190} INFO - [2025-01-30T02:59:33.125+0800] {dagbag.py:588} INFO - Filling up the DagBag from /home/anhtupham99/miniforge3/envs/nba/lib/python3.11/site-packages/airflow/example_dags/example_inlet_event_extra.py
[2025-01-30T02:59:33.281+0800] {processor.py:925} INFO - DAG(s) 'read_dataset_event', 'read_dataset_event_from_classic' retrieved from /home/anhtupham99/miniforge3/envs/nba/lib/python3.11/site-packages/airflow/example_dags/example_inlet_event_extra.py
[2025-01-30T02:59:33.291+0800] {logging_mixin.py:190} INFO - [2025-01-30T02:59:33.291+0800] {dag.py:3239} INFO - Sync 2 DAGs
[2025-01-30T02:59:33.421+0800] {logging_mixin.py:190} INFO - [2025-01-30T02:59:33.421+0800] {dag.py:4180} INFO - Setting next_dagrun for read_dataset_event to 2025-01-28 00:00:00+00:00, run_after=2025-01-29 00:00:00+00:00
[2025-01-30T02:59:33.424+0800] {logging_mixin.py:190} INFO - [2025-01-30T02:59:33.423+0800] {dag.py:4180} INFO - Setting next_dagrun for read_dataset_event_from_classic to 2025-01-28 00:00:00+00:00, run_after=2025-01-29 00:00:00+00:00
[2025-01-30T02:59:33.445+0800] {processor.py:208} INFO - Processing /home/anhtupham99/miniforge3/envs/nba/lib/python3.11/site-packages/airflow/example_dags/example_inlet_event_extra.py took 0.327 seconds
[2025-01-30T03:00:22.887+0800] {processor.py:186} INFO - Started process (PID=23397) to work on /home/anhtupham99/miniforge3/envs/nba/lib/python3.11/site-packages/airflow/example_dags/example_inlet_event_extra.py
[2025-01-30T03:00:22.888+0800] {processor.py:914} INFO - Processing file /home/anhtupham99/miniforge3/envs/nba/lib/python3.11/site-packages/airflow/example_dags/example_inlet_event_extra.py for tasks to queue
[2025-01-30T03:00:22.890+0800] {logging_mixin.py:190} INFO - [2025-01-30T03:00:22.890+0800] {dagbag.py:588} INFO - Filling up the DagBag from /home/anhtupham99/miniforge3/envs/nba/lib/python3.11/site-packages/airflow/example_dags/example_inlet_event_extra.py
[2025-01-30T03:00:23.153+0800] {processor.py:925} INFO - DAG(s) 'read_dataset_event', 'read_dataset_event_from_classic' retrieved from /home/anhtupham99/miniforge3/envs/nba/lib/python3.11/site-packages/airflow/example_dags/example_inlet_event_extra.py
[2025-01-30T03:00:23.160+0800] {logging_mixin.py:190} INFO - [2025-01-30T03:00:23.160+0800] {dag.py:3239} INFO - Sync 2 DAGs
[2025-01-30T03:00:23.171+0800] {logging_mixin.py:190} INFO - [2025-01-30T03:00:23.171+0800] {dag.py:4180} INFO - Setting next_dagrun for read_dataset_event to 2025-01-28 00:00:00+00:00, run_after=2025-01-29 00:00:00+00:00
[2025-01-30T03:00:23.174+0800] {logging_mixin.py:190} INFO - [2025-01-30T03:00:23.174+0800] {dag.py:4180} INFO - Setting next_dagrun for read_dataset_event_from_classic to 2025-01-28 00:00:00+00:00, run_after=2025-01-29 00:00:00+00:00
[2025-01-30T03:00:23.195+0800] {processor.py:208} INFO - Processing /home/anhtupham99/miniforge3/envs/nba/lib/python3.11/site-packages/airflow/example_dags/example_inlet_event_extra.py took 0.312 seconds
[2025-01-30T03:01:11.758+0800] {processor.py:186} INFO - Started process (PID=23668) to work on /home/anhtupham99/miniforge3/envs/nba/lib/python3.11/site-packages/airflow/example_dags/example_inlet_event_extra.py
[2025-01-30T03:01:11.759+0800] {processor.py:914} INFO - Processing file /home/anhtupham99/miniforge3/envs/nba/lib/python3.11/site-packages/airflow/example_dags/example_inlet_event_extra.py for tasks to queue
[2025-01-30T03:01:11.761+0800] {logging_mixin.py:190} INFO - [2025-01-30T03:01:11.761+0800] {dagbag.py:588} INFO - Filling up the DagBag from /home/anhtupham99/miniforge3/envs/nba/lib/python3.11/site-packages/airflow/example_dags/example_inlet_event_extra.py
[2025-01-30T03:01:11.913+0800] {processor.py:925} INFO - DAG(s) 'read_dataset_event_from_classic', 'read_dataset_event' retrieved from /home/anhtupham99/miniforge3/envs/nba/lib/python3.11/site-packages/airflow/example_dags/example_inlet_event_extra.py
[2025-01-30T03:01:12.037+0800] {logging_mixin.py:190} INFO - [2025-01-30T03:01:12.037+0800] {dag.py:3239} INFO - Sync 2 DAGs
[2025-01-30T03:01:12.048+0800] {logging_mixin.py:190} INFO - [2025-01-30T03:01:12.047+0800] {dag.py:4180} INFO - Setting next_dagrun for read_dataset_event to 2025-01-28 00:00:00+00:00, run_after=2025-01-29 00:00:00+00:00
[2025-01-30T03:01:12.051+0800] {logging_mixin.py:190} INFO - [2025-01-30T03:01:12.050+0800] {dag.py:4180} INFO - Setting next_dagrun for read_dataset_event_from_classic to 2025-01-28 00:00:00+00:00, run_after=2025-01-29 00:00:00+00:00
[2025-01-30T03:01:12.070+0800] {processor.py:208} INFO - Processing /home/anhtupham99/miniforge3/envs/nba/lib/python3.11/site-packages/airflow/example_dags/example_inlet_event_extra.py took 0.316 seconds
[2025-01-30T03:01:58.341+0800] {processor.py:186} INFO - Started process (PID=23936) to work on /home/anhtupham99/miniforge3/envs/nba/lib/python3.11/site-packages/airflow/example_dags/example_inlet_event_extra.py
[2025-01-30T03:01:58.342+0800] {processor.py:914} INFO - Processing file /home/anhtupham99/miniforge3/envs/nba/lib/python3.11/site-packages/airflow/example_dags/example_inlet_event_extra.py for tasks to queue
[2025-01-30T03:01:58.344+0800] {logging_mixin.py:190} INFO - [2025-01-30T03:01:58.343+0800] {dagbag.py:588} INFO - Filling up the DagBag from /home/anhtupham99/miniforge3/envs/nba/lib/python3.11/site-packages/airflow/example_dags/example_inlet_event_extra.py
[2025-01-30T03:01:58.507+0800] {processor.py:925} INFO - DAG(s) 'read_dataset_event', 'read_dataset_event_from_classic' retrieved from /home/anhtupham99/miniforge3/envs/nba/lib/python3.11/site-packages/airflow/example_dags/example_inlet_event_extra.py
[2025-01-30T03:01:58.518+0800] {logging_mixin.py:190} INFO - [2025-01-30T03:01:58.518+0800] {dag.py:3239} INFO - Sync 2 DAGs
[2025-01-30T03:01:58.655+0800] {logging_mixin.py:190} INFO - [2025-01-30T03:01:58.655+0800] {dag.py:4180} INFO - Setting next_dagrun for read_dataset_event to 2025-01-28 00:00:00+00:00, run_after=2025-01-29 00:00:00+00:00
[2025-01-30T03:01:58.657+0800] {logging_mixin.py:190} INFO - [2025-01-30T03:01:58.657+0800] {dag.py:4180} INFO - Setting next_dagrun for read_dataset_event_from_classic to 2025-01-28 00:00:00+00:00, run_after=2025-01-29 00:00:00+00:00
[2025-01-30T03:01:58.678+0800] {processor.py:208} INFO - Processing /home/anhtupham99/miniforge3/envs/nba/lib/python3.11/site-packages/airflow/example_dags/example_inlet_event_extra.py took 0.342 seconds
[2025-01-30T03:02:46.720+0800] {processor.py:186} INFO - Started process (PID=24250) to work on /home/anhtupham99/miniforge3/envs/nba/lib/python3.11/site-packages/airflow/example_dags/example_inlet_event_extra.py
[2025-01-30T03:02:46.722+0800] {processor.py:914} INFO - Processing file /home/anhtupham99/miniforge3/envs/nba/lib/python3.11/site-packages/airflow/example_dags/example_inlet_event_extra.py for tasks to queue
[2025-01-30T03:02:46.723+0800] {logging_mixin.py:190} INFO - [2025-01-30T03:02:46.723+0800] {dagbag.py:588} INFO - Filling up the DagBag from /home/anhtupham99/miniforge3/envs/nba/lib/python3.11/site-packages/airflow/example_dags/example_inlet_event_extra.py
[2025-01-30T03:02:47.024+0800] {processor.py:925} INFO - DAG(s) 'read_dataset_event', 'read_dataset_event_from_classic' retrieved from /home/anhtupham99/miniforge3/envs/nba/lib/python3.11/site-packages/airflow/example_dags/example_inlet_event_extra.py
[2025-01-30T03:02:47.032+0800] {logging_mixin.py:190} INFO - [2025-01-30T03:02:47.032+0800] {dag.py:3239} INFO - Sync 2 DAGs
[2025-01-30T03:02:47.043+0800] {logging_mixin.py:190} INFO - [2025-01-30T03:02:47.043+0800] {dag.py:4180} INFO - Setting next_dagrun for read_dataset_event to 2025-01-28 00:00:00+00:00, run_after=2025-01-29 00:00:00+00:00
[2025-01-30T03:02:47.046+0800] {logging_mixin.py:190} INFO - [2025-01-30T03:02:47.046+0800] {dag.py:4180} INFO - Setting next_dagrun for read_dataset_event_from_classic to 2025-01-28 00:00:00+00:00, run_after=2025-01-29 00:00:00+00:00
[2025-01-30T03:02:47.072+0800] {processor.py:208} INFO - Processing /home/anhtupham99/miniforge3/envs/nba/lib/python3.11/site-packages/airflow/example_dags/example_inlet_event_extra.py took 0.355 seconds
[2025-01-30T03:03:35.019+0800] {processor.py:186} INFO - Started process (PID=24527) to work on /home/anhtupham99/miniforge3/envs/nba/lib/python3.11/site-packages/airflow/example_dags/example_inlet_event_extra.py
[2025-01-30T03:03:35.023+0800] {processor.py:914} INFO - Processing file /home/anhtupham99/miniforge3/envs/nba/lib/python3.11/site-packages/airflow/example_dags/example_inlet_event_extra.py for tasks to queue
[2025-01-30T03:03:35.025+0800] {logging_mixin.py:190} INFO - [2025-01-30T03:03:35.025+0800] {dagbag.py:588} INFO - Filling up the DagBag from /home/anhtupham99/miniforge3/envs/nba/lib/python3.11/site-packages/airflow/example_dags/example_inlet_event_extra.py
[2025-01-30T03:03:35.292+0800] {processor.py:925} INFO - DAG(s) 'read_dataset_event', 'read_dataset_event_from_classic' retrieved from /home/anhtupham99/miniforge3/envs/nba/lib/python3.11/site-packages/airflow/example_dags/example_inlet_event_extra.py
[2025-01-30T03:03:35.300+0800] {logging_mixin.py:190} INFO - [2025-01-30T03:03:35.300+0800] {dag.py:3239} INFO - Sync 2 DAGs
[2025-01-30T03:03:35.311+0800] {logging_mixin.py:190} INFO - [2025-01-30T03:03:35.310+0800] {dag.py:4180} INFO - Setting next_dagrun for read_dataset_event to 2025-01-28 00:00:00+00:00, run_after=2025-01-29 00:00:00+00:00
[2025-01-30T03:03:35.313+0800] {logging_mixin.py:190} INFO - [2025-01-30T03:03:35.313+0800] {dag.py:4180} INFO - Setting next_dagrun for read_dataset_event_from_classic to 2025-01-28 00:00:00+00:00, run_after=2025-01-29 00:00:00+00:00
[2025-01-30T03:03:35.332+0800] {processor.py:208} INFO - Processing /home/anhtupham99/miniforge3/envs/nba/lib/python3.11/site-packages/airflow/example_dags/example_inlet_event_extra.py took 0.317 seconds
[2025-01-30T03:04:24.708+0800] {processor.py:186} INFO - Started process (PID=24837) to work on /home/anhtupham99/miniforge3/envs/nba/lib/python3.11/site-packages/airflow/example_dags/example_inlet_event_extra.py
[2025-01-30T03:04:24.709+0800] {processor.py:914} INFO - Processing file /home/anhtupham99/miniforge3/envs/nba/lib/python3.11/site-packages/airflow/example_dags/example_inlet_event_extra.py for tasks to queue
[2025-01-30T03:04:24.711+0800] {logging_mixin.py:190} INFO - [2025-01-30T03:04:24.710+0800] {dagbag.py:588} INFO - Filling up the DagBag from /home/anhtupham99/miniforge3/envs/nba/lib/python3.11/site-packages/airflow/example_dags/example_inlet_event_extra.py
[2025-01-30T03:04:24.979+0800] {processor.py:925} INFO - DAG(s) 'read_dataset_event', 'read_dataset_event_from_classic' retrieved from /home/anhtupham99/miniforge3/envs/nba/lib/python3.11/site-packages/airflow/example_dags/example_inlet_event_extra.py
[2025-01-30T03:04:24.988+0800] {logging_mixin.py:190} INFO - [2025-01-30T03:04:24.988+0800] {dag.py:3239} INFO - Sync 2 DAGs
[2025-01-30T03:04:25.001+0800] {logging_mixin.py:190} INFO - [2025-01-30T03:04:25.000+0800] {dag.py:4180} INFO - Setting next_dagrun for read_dataset_event to 2025-01-28 00:00:00+00:00, run_after=2025-01-29 00:00:00+00:00
[2025-01-30T03:04:25.003+0800] {logging_mixin.py:190} INFO - [2025-01-30T03:04:25.003+0800] {dag.py:4180} INFO - Setting next_dagrun for read_dataset_event_from_classic to 2025-01-28 00:00:00+00:00, run_after=2025-01-29 00:00:00+00:00
[2025-01-30T03:04:25.023+0800] {processor.py:208} INFO - Processing /home/anhtupham99/miniforge3/envs/nba/lib/python3.11/site-packages/airflow/example_dags/example_inlet_event_extra.py took 0.320 seconds
[2025-01-30T03:05:14.397+0800] {processor.py:186} INFO - Started process (PID=25130) to work on /home/anhtupham99/miniforge3/envs/nba/lib/python3.11/site-packages/airflow/example_dags/example_inlet_event_extra.py
[2025-01-30T03:05:14.398+0800] {processor.py:914} INFO - Processing file /home/anhtupham99/miniforge3/envs/nba/lib/python3.11/site-packages/airflow/example_dags/example_inlet_event_extra.py for tasks to queue
[2025-01-30T03:05:14.400+0800] {logging_mixin.py:190} INFO - [2025-01-30T03:05:14.400+0800] {dagbag.py:588} INFO - Filling up the DagBag from /home/anhtupham99/miniforge3/envs/nba/lib/python3.11/site-packages/airflow/example_dags/example_inlet_event_extra.py
[2025-01-30T03:05:14.683+0800] {processor.py:925} INFO - DAG(s) 'read_dataset_event', 'read_dataset_event_from_classic' retrieved from /home/anhtupham99/miniforge3/envs/nba/lib/python3.11/site-packages/airflow/example_dags/example_inlet_event_extra.py
[2025-01-30T03:05:14.691+0800] {logging_mixin.py:190} INFO - [2025-01-30T03:05:14.691+0800] {dag.py:3239} INFO - Sync 2 DAGs
[2025-01-30T03:05:14.701+0800] {logging_mixin.py:190} INFO - [2025-01-30T03:05:14.701+0800] {dag.py:4180} INFO - Setting next_dagrun for read_dataset_event to 2025-01-28 00:00:00+00:00, run_after=2025-01-29 00:00:00+00:00
[2025-01-30T03:05:14.704+0800] {logging_mixin.py:190} INFO - [2025-01-30T03:05:14.704+0800] {dag.py:4180} INFO - Setting next_dagrun for read_dataset_event_from_classic to 2025-01-28 00:00:00+00:00, run_after=2025-01-29 00:00:00+00:00
[2025-01-30T03:05:14.726+0800] {processor.py:208} INFO - Processing /home/anhtupham99/miniforge3/envs/nba/lib/python3.11/site-packages/airflow/example_dags/example_inlet_event_extra.py took 0.333 seconds
[2025-01-30T03:06:02.427+0800] {processor.py:186} INFO - Started process (PID=25405) to work on /home/anhtupham99/miniforge3/envs/nba/lib/python3.11/site-packages/airflow/example_dags/example_inlet_event_extra.py
[2025-01-30T03:06:02.429+0800] {processor.py:914} INFO - Processing file /home/anhtupham99/miniforge3/envs/nba/lib/python3.11/site-packages/airflow/example_dags/example_inlet_event_extra.py for tasks to queue
[2025-01-30T03:06:02.430+0800] {logging_mixin.py:190} INFO - [2025-01-30T03:06:02.430+0800] {dagbag.py:588} INFO - Filling up the DagBag from /home/anhtupham99/miniforge3/envs/nba/lib/python3.11/site-packages/airflow/example_dags/example_inlet_event_extra.py
[2025-01-30T03:06:02.701+0800] {processor.py:925} INFO - DAG(s) 'read_dataset_event', 'read_dataset_event_from_classic' retrieved from /home/anhtupham99/miniforge3/envs/nba/lib/python3.11/site-packages/airflow/example_dags/example_inlet_event_extra.py
[2025-01-30T03:06:02.709+0800] {logging_mixin.py:190} INFO - [2025-01-30T03:06:02.708+0800] {dag.py:3239} INFO - Sync 2 DAGs
[2025-01-30T03:06:02.719+0800] {logging_mixin.py:190} INFO - [2025-01-30T03:06:02.719+0800] {dag.py:4180} INFO - Setting next_dagrun for read_dataset_event to 2025-01-28 00:00:00+00:00, run_after=2025-01-29 00:00:00+00:00
[2025-01-30T03:06:02.721+0800] {logging_mixin.py:190} INFO - [2025-01-30T03:06:02.721+0800] {dag.py:4180} INFO - Setting next_dagrun for read_dataset_event_from_classic to 2025-01-28 00:00:00+00:00, run_after=2025-01-29 00:00:00+00:00
[2025-01-30T03:06:02.741+0800] {processor.py:208} INFO - Processing /home/anhtupham99/miniforge3/envs/nba/lib/python3.11/site-packages/airflow/example_dags/example_inlet_event_extra.py took 0.318 seconds
[2025-01-30T03:06:52.614+0800] {processor.py:186} INFO - Started process (PID=25683) to work on /home/anhtupham99/miniforge3/envs/nba/lib/python3.11/site-packages/airflow/example_dags/example_inlet_event_extra.py
[2025-01-30T03:06:52.615+0800] {processor.py:914} INFO - Processing file /home/anhtupham99/miniforge3/envs/nba/lib/python3.11/site-packages/airflow/example_dags/example_inlet_event_extra.py for tasks to queue
[2025-01-30T03:06:52.617+0800] {logging_mixin.py:190} INFO - [2025-01-30T03:06:52.617+0800] {dagbag.py:588} INFO - Filling up the DagBag from /home/anhtupham99/miniforge3/envs/nba/lib/python3.11/site-packages/airflow/example_dags/example_inlet_event_extra.py
[2025-01-30T03:06:52.951+0800] {processor.py:925} INFO - DAG(s) 'read_dataset_event', 'read_dataset_event_from_classic' retrieved from /home/anhtupham99/miniforge3/envs/nba/lib/python3.11/site-packages/airflow/example_dags/example_inlet_event_extra.py
[2025-01-30T03:06:52.960+0800] {logging_mixin.py:190} INFO - [2025-01-30T03:06:52.960+0800] {dag.py:3239} INFO - Sync 2 DAGs
[2025-01-30T03:06:52.974+0800] {logging_mixin.py:190} INFO - [2025-01-30T03:06:52.974+0800] {dag.py:4180} INFO - Setting next_dagrun for read_dataset_event to 2025-01-28 00:00:00+00:00, run_after=2025-01-29 00:00:00+00:00
[2025-01-30T03:06:52.977+0800] {logging_mixin.py:190} INFO - [2025-01-30T03:06:52.977+0800] {dag.py:4180} INFO - Setting next_dagrun for read_dataset_event_from_classic to 2025-01-28 00:00:00+00:00, run_after=2025-01-29 00:00:00+00:00
[2025-01-30T03:06:53.002+0800] {processor.py:208} INFO - Processing /home/anhtupham99/miniforge3/envs/nba/lib/python3.11/site-packages/airflow/example_dags/example_inlet_event_extra.py took 0.394 seconds
[2025-01-30T03:07:42.757+0800] {processor.py:186} INFO - Started process (PID=26013) to work on /home/anhtupham99/miniforge3/envs/nba/lib/python3.11/site-packages/airflow/example_dags/example_inlet_event_extra.py
[2025-01-30T03:07:42.760+0800] {processor.py:914} INFO - Processing file /home/anhtupham99/miniforge3/envs/nba/lib/python3.11/site-packages/airflow/example_dags/example_inlet_event_extra.py for tasks to queue
[2025-01-30T03:07:42.762+0800] {logging_mixin.py:190} INFO - [2025-01-30T03:07:42.761+0800] {dagbag.py:588} INFO - Filling up the DagBag from /home/anhtupham99/miniforge3/envs/nba/lib/python3.11/site-packages/airflow/example_dags/example_inlet_event_extra.py
[2025-01-30T03:07:43.088+0800] {processor.py:925} INFO - DAG(s) 'read_dataset_event', 'read_dataset_event_from_classic' retrieved from /home/anhtupham99/miniforge3/envs/nba/lib/python3.11/site-packages/airflow/example_dags/example_inlet_event_extra.py
[2025-01-30T03:07:43.099+0800] {logging_mixin.py:190} INFO - [2025-01-30T03:07:43.099+0800] {dag.py:3239} INFO - Sync 2 DAGs
[2025-01-30T03:07:43.113+0800] {logging_mixin.py:190} INFO - [2025-01-30T03:07:43.113+0800] {dag.py:4180} INFO - Setting next_dagrun for read_dataset_event to 2025-01-28 00:00:00+00:00, run_after=2025-01-29 00:00:00+00:00
[2025-01-30T03:07:43.116+0800] {logging_mixin.py:190} INFO - [2025-01-30T03:07:43.116+0800] {dag.py:4180} INFO - Setting next_dagrun for read_dataset_event_from_classic to 2025-01-28 00:00:00+00:00, run_after=2025-01-29 00:00:00+00:00
[2025-01-30T03:07:43.140+0800] {processor.py:208} INFO - Processing /home/anhtupham99/miniforge3/envs/nba/lib/python3.11/site-packages/airflow/example_dags/example_inlet_event_extra.py took 0.389 seconds
[2025-01-30T03:08:31.468+0800] {processor.py:186} INFO - Started process (PID=26289) to work on /home/anhtupham99/miniforge3/envs/nba/lib/python3.11/site-packages/airflow/example_dags/example_inlet_event_extra.py
[2025-01-30T03:08:31.469+0800] {processor.py:914} INFO - Processing file /home/anhtupham99/miniforge3/envs/nba/lib/python3.11/site-packages/airflow/example_dags/example_inlet_event_extra.py for tasks to queue
[2025-01-30T03:08:31.472+0800] {logging_mixin.py:190} INFO - [2025-01-30T03:08:31.471+0800] {dagbag.py:588} INFO - Filling up the DagBag from /home/anhtupham99/miniforge3/envs/nba/lib/python3.11/site-packages/airflow/example_dags/example_inlet_event_extra.py
[2025-01-30T03:08:31.796+0800] {processor.py:925} INFO - DAG(s) 'read_dataset_event_from_classic', 'read_dataset_event' retrieved from /home/anhtupham99/miniforge3/envs/nba/lib/python3.11/site-packages/airflow/example_dags/example_inlet_event_extra.py
[2025-01-30T03:08:31.805+0800] {logging_mixin.py:190} INFO - [2025-01-30T03:08:31.805+0800] {dag.py:3239} INFO - Sync 2 DAGs
[2025-01-30T03:08:31.818+0800] {logging_mixin.py:190} INFO - [2025-01-30T03:08:31.817+0800] {dag.py:4180} INFO - Setting next_dagrun for read_dataset_event to 2025-01-28 00:00:00+00:00, run_after=2025-01-29 00:00:00+00:00
[2025-01-30T03:08:31.820+0800] {logging_mixin.py:190} INFO - [2025-01-30T03:08:31.820+0800] {dag.py:4180} INFO - Setting next_dagrun for read_dataset_event_from_classic to 2025-01-28 00:00:00+00:00, run_after=2025-01-29 00:00:00+00:00
[2025-01-30T03:08:31.841+0800] {processor.py:208} INFO - Processing /home/anhtupham99/miniforge3/envs/nba/lib/python3.11/site-packages/airflow/example_dags/example_inlet_event_extra.py took 0.378 seconds
[2025-01-30T03:09:18.001+0800] {processor.py:186} INFO - Started process (PID=26560) to work on /home/anhtupham99/miniforge3/envs/nba/lib/python3.11/site-packages/airflow/example_dags/example_inlet_event_extra.py
[2025-01-30T03:09:18.002+0800] {processor.py:914} INFO - Processing file /home/anhtupham99/miniforge3/envs/nba/lib/python3.11/site-packages/airflow/example_dags/example_inlet_event_extra.py for tasks to queue
[2025-01-30T03:09:18.005+0800] {logging_mixin.py:190} INFO - [2025-01-30T03:09:18.004+0800] {dagbag.py:588} INFO - Filling up the DagBag from /home/anhtupham99/miniforge3/envs/nba/lib/python3.11/site-packages/airflow/example_dags/example_inlet_event_extra.py
[2025-01-30T03:09:18.332+0800] {processor.py:925} INFO - DAG(s) 'read_dataset_event', 'read_dataset_event_from_classic' retrieved from /home/anhtupham99/miniforge3/envs/nba/lib/python3.11/site-packages/airflow/example_dags/example_inlet_event_extra.py
[2025-01-30T03:09:18.342+0800] {logging_mixin.py:190} INFO - [2025-01-30T03:09:18.342+0800] {dag.py:3239} INFO - Sync 2 DAGs
[2025-01-30T03:09:18.357+0800] {logging_mixin.py:190} INFO - [2025-01-30T03:09:18.357+0800] {dag.py:4180} INFO - Setting next_dagrun for read_dataset_event to 2025-01-28 00:00:00+00:00, run_after=2025-01-29 00:00:00+00:00
[2025-01-30T03:09:18.360+0800] {logging_mixin.py:190} INFO - [2025-01-30T03:09:18.360+0800] {dag.py:4180} INFO - Setting next_dagrun for read_dataset_event_from_classic to 2025-01-28 00:00:00+00:00, run_after=2025-01-29 00:00:00+00:00
[2025-01-30T03:09:18.380+0800] {processor.py:208} INFO - Processing /home/anhtupham99/miniforge3/envs/nba/lib/python3.11/site-packages/airflow/example_dags/example_inlet_event_extra.py took 0.385 seconds
[2025-01-30T06:11:56.123+0800] {processor.py:186} INFO - Started process (PID=27021) to work on /home/anhtupham99/miniforge3/envs/nba/lib/python3.11/site-packages/airflow/example_dags/example_inlet_event_extra.py
[2025-01-30T06:11:56.128+0800] {processor.py:914} INFO - Processing file /home/anhtupham99/miniforge3/envs/nba/lib/python3.11/site-packages/airflow/example_dags/example_inlet_event_extra.py for tasks to queue
[2025-01-30T06:11:56.131+0800] {logging_mixin.py:190} INFO - [2025-01-30T06:11:56.131+0800] {dagbag.py:588} INFO - Filling up the DagBag from /home/anhtupham99/miniforge3/envs/nba/lib/python3.11/site-packages/airflow/example_dags/example_inlet_event_extra.py
[2025-01-30T06:11:56.481+0800] {processor.py:925} INFO - DAG(s) 'read_dataset_event_from_classic', 'read_dataset_event' retrieved from /home/anhtupham99/miniforge3/envs/nba/lib/python3.11/site-packages/airflow/example_dags/example_inlet_event_extra.py
[2025-01-30T06:11:56.490+0800] {logging_mixin.py:190} INFO - [2025-01-30T06:11:56.490+0800] {dag.py:3239} INFO - Sync 2 DAGs
[2025-01-30T06:11:56.503+0800] {logging_mixin.py:190} INFO - [2025-01-30T06:11:56.502+0800] {dag.py:4180} INFO - Setting next_dagrun for read_dataset_event to 2025-01-28 00:00:00+00:00, run_after=2025-01-29 00:00:00+00:00
[2025-01-30T06:11:56.505+0800] {logging_mixin.py:190} INFO - [2025-01-30T06:11:56.505+0800] {dag.py:4180} INFO - Setting next_dagrun for read_dataset_event_from_classic to 2025-01-28 00:00:00+00:00, run_after=2025-01-29 00:00:00+00:00
[2025-01-30T06:11:56.535+0800] {processor.py:208} INFO - Processing /home/anhtupham99/miniforge3/envs/nba/lib/python3.11/site-packages/airflow/example_dags/example_inlet_event_extra.py took 0.419 seconds
[2025-01-30T06:12:50.644+0800] {processor.py:186} INFO - Started process (PID=27332) to work on /home/anhtupham99/miniforge3/envs/nba/lib/python3.11/site-packages/airflow/example_dags/example_inlet_event_extra.py
[2025-01-30T06:12:50.646+0800] {processor.py:914} INFO - Processing file /home/anhtupham99/miniforge3/envs/nba/lib/python3.11/site-packages/airflow/example_dags/example_inlet_event_extra.py for tasks to queue
[2025-01-30T06:12:50.649+0800] {logging_mixin.py:190} INFO - [2025-01-30T06:12:50.649+0800] {dagbag.py:588} INFO - Filling up the DagBag from /home/anhtupham99/miniforge3/envs/nba/lib/python3.11/site-packages/airflow/example_dags/example_inlet_event_extra.py
[2025-01-30T06:12:50.942+0800] {processor.py:925} INFO - DAG(s) 'read_dataset_event_from_classic', 'read_dataset_event' retrieved from /home/anhtupham99/miniforge3/envs/nba/lib/python3.11/site-packages/airflow/example_dags/example_inlet_event_extra.py
[2025-01-30T06:12:50.952+0800] {logging_mixin.py:190} INFO - [2025-01-30T06:12:50.952+0800] {dag.py:3239} INFO - Sync 2 DAGs
[2025-01-30T06:12:50.967+0800] {logging_mixin.py:190} INFO - [2025-01-30T06:12:50.967+0800] {dag.py:4180} INFO - Setting next_dagrun for read_dataset_event to 2025-01-28 00:00:00+00:00, run_after=2025-01-29 00:00:00+00:00
[2025-01-30T06:12:50.972+0800] {logging_mixin.py:190} INFO - [2025-01-30T06:12:50.972+0800] {dag.py:4180} INFO - Setting next_dagrun for read_dataset_event_from_classic to 2025-01-28 00:00:00+00:00, run_after=2025-01-29 00:00:00+00:00
[2025-01-30T06:12:51.000+0800] {processor.py:208} INFO - Processing /home/anhtupham99/miniforge3/envs/nba/lib/python3.11/site-packages/airflow/example_dags/example_inlet_event_extra.py took 0.367 seconds
[2025-01-30T06:13:40.156+0800] {processor.py:186} INFO - Started process (PID=27656) to work on /home/anhtupham99/miniforge3/envs/nba/lib/python3.11/site-packages/airflow/example_dags/example_inlet_event_extra.py
[2025-01-30T06:13:40.157+0800] {processor.py:914} INFO - Processing file /home/anhtupham99/miniforge3/envs/nba/lib/python3.11/site-packages/airflow/example_dags/example_inlet_event_extra.py for tasks to queue
[2025-01-30T06:13:40.159+0800] {logging_mixin.py:190} INFO - [2025-01-30T06:13:40.159+0800] {dagbag.py:588} INFO - Filling up the DagBag from /home/anhtupham99/miniforge3/envs/nba/lib/python3.11/site-packages/airflow/example_dags/example_inlet_event_extra.py
[2025-01-30T06:13:40.469+0800] {processor.py:925} INFO - DAG(s) 'read_dataset_event', 'read_dataset_event_from_classic' retrieved from /home/anhtupham99/miniforge3/envs/nba/lib/python3.11/site-packages/airflow/example_dags/example_inlet_event_extra.py
[2025-01-30T06:13:40.478+0800] {logging_mixin.py:190} INFO - [2025-01-30T06:13:40.478+0800] {dag.py:3239} INFO - Sync 2 DAGs
[2025-01-30T06:13:40.490+0800] {logging_mixin.py:190} INFO - [2025-01-30T06:13:40.490+0800] {dag.py:4180} INFO - Setting next_dagrun for read_dataset_event to 2025-01-28 00:00:00+00:00, run_after=2025-01-29 00:00:00+00:00
[2025-01-30T06:13:40.492+0800] {logging_mixin.py:190} INFO - [2025-01-30T06:13:40.492+0800] {dag.py:4180} INFO - Setting next_dagrun for read_dataset_event_from_classic to 2025-01-28 00:00:00+00:00, run_after=2025-01-29 00:00:00+00:00
[2025-01-30T06:13:40.514+0800] {processor.py:208} INFO - Processing /home/anhtupham99/miniforge3/envs/nba/lib/python3.11/site-packages/airflow/example_dags/example_inlet_event_extra.py took 0.362 seconds
