[2025-01-30T02:35:31.779+0800] {processor.py:186} INFO - Started process (PID=14655) to work on /home/anhtupham99/miniforge3/envs/nba/lib/python3.11/site-packages/airflow/example_dags/example_sensor_decorator.py
[2025-01-30T02:35:31.781+0800] {processor.py:914} INFO - Processing file /home/anhtupham99/miniforge3/envs/nba/lib/python3.11/site-packages/airflow/example_dags/example_sensor_decorator.py for tasks to queue
[2025-01-30T02:35:31.786+0800] {logging_mixin.py:190} INFO - [2025-01-30T02:35:31.786+0800] {dagbag.py:588} INFO - Filling up the DagBag from /home/anhtupham99/miniforge3/envs/nba/lib/python3.11/site-packages/airflow/example_dags/example_sensor_decorator.py
[2025-01-30T02:35:31.796+0800] {processor.py:925} INFO - DAG(s) 'example_sensor_decorator' retrieved from /home/anhtupham99/miniforge3/envs/nba/lib/python3.11/site-packages/airflow/example_dags/example_sensor_decorator.py
[2025-01-30T02:35:31.893+0800] {logging_mixin.py:190} INFO - [2025-01-30T02:35:31.892+0800] {override.py:1911} INFO - Created Permission View: can delete on DAG:example_sensor_decorator
[2025-01-30T02:35:31.911+0800] {logging_mixin.py:190} INFO - [2025-01-30T02:35:31.910+0800] {override.py:1911} INFO - Created Permission View: can read on DAG:example_sensor_decorator
[2025-01-30T02:35:31.926+0800] {logging_mixin.py:190} INFO - [2025-01-30T02:35:31.926+0800] {override.py:1911} INFO - Created Permission View: can edit on DAG:example_sensor_decorator
[2025-01-30T02:35:31.957+0800] {logging_mixin.py:190} INFO - [2025-01-30T02:35:31.956+0800] {override.py:1911} INFO - Created Permission View: can delete on DAG Run:example_sensor_decorator
[2025-01-30T02:35:31.972+0800] {logging_mixin.py:190} INFO - [2025-01-30T02:35:31.971+0800] {override.py:1911} INFO - Created Permission View: can create on DAG Run:example_sensor_decorator
[2025-01-30T02:35:31.995+0800] {logging_mixin.py:190} INFO - [2025-01-30T02:35:31.994+0800] {override.py:1911} INFO - Created Permission View: menu access on DAG Run:example_sensor_decorator
[2025-01-30T02:35:32.017+0800] {logging_mixin.py:190} INFO - [2025-01-30T02:35:32.016+0800] {override.py:1911} INFO - Created Permission View: can read on DAG Run:example_sensor_decorator
[2025-01-30T02:35:32.017+0800] {logging_mixin.py:190} INFO - [2025-01-30T02:35:32.017+0800] {dag.py:3239} INFO - Sync 1 DAGs
[2025-01-30T02:35:32.034+0800] {logging_mixin.py:190} INFO - [2025-01-30T02:35:32.034+0800] {dag.py:3262} INFO - Creating ORM DAG for example_sensor_decorator
[2025-01-30T02:35:32.034+0800] {logging_mixin.py:190} INFO - [2025-01-30T02:35:32.034+0800] {dag.py:4180} INFO - Setting next_dagrun for example_sensor_decorator to None, run_after=None
[2025-01-30T02:35:32.059+0800] {processor.py:208} INFO - Processing /home/anhtupham99/miniforge3/envs/nba/lib/python3.11/site-packages/airflow/example_dags/example_sensor_decorator.py took 0.295 seconds
[2025-01-30T02:36:35.854+0800] {processor.py:186} INFO - Started process (PID=15038) to work on /home/anhtupham99/miniforge3/envs/nba/lib/python3.11/site-packages/airflow/example_dags/example_sensor_decorator.py
[2025-01-30T02:36:35.856+0800] {processor.py:914} INFO - Processing file /home/anhtupham99/miniforge3/envs/nba/lib/python3.11/site-packages/airflow/example_dags/example_sensor_decorator.py for tasks to queue
[2025-01-30T02:36:35.859+0800] {logging_mixin.py:190} INFO - [2025-01-30T02:36:35.858+0800] {dagbag.py:588} INFO - Filling up the DagBag from /home/anhtupham99/miniforge3/envs/nba/lib/python3.11/site-packages/airflow/example_dags/example_sensor_decorator.py
[2025-01-30T02:36:35.875+0800] {processor.py:925} INFO - DAG(s) 'example_sensor_decorator' retrieved from /home/anhtupham99/miniforge3/envs/nba/lib/python3.11/site-packages/airflow/example_dags/example_sensor_decorator.py
[2025-01-30T02:36:35.885+0800] {logging_mixin.py:190} INFO - [2025-01-30T02:36:35.884+0800] {dag.py:3239} INFO - Sync 1 DAGs
[2025-01-30T02:36:35.892+0800] {logging_mixin.py:190} INFO - [2025-01-30T02:36:35.892+0800] {dag.py:4180} INFO - Setting next_dagrun for example_sensor_decorator to None, run_after=None
[2025-01-30T02:36:35.918+0800] {processor.py:208} INFO - Processing /home/anhtupham99/miniforge3/envs/nba/lib/python3.11/site-packages/airflow/example_dags/example_sensor_decorator.py took 0.072 seconds
[2025-01-30T02:48:31.224+0800] {processor.py:186} INFO - Started process (PID=19216) to work on /home/anhtupham99/miniforge3/envs/nba/lib/python3.11/site-packages/airflow/example_dags/example_sensor_decorator.py
[2025-01-30T02:48:31.226+0800] {processor.py:914} INFO - Processing file /home/anhtupham99/miniforge3/envs/nba/lib/python3.11/site-packages/airflow/example_dags/example_sensor_decorator.py for tasks to queue
[2025-01-30T02:48:31.227+0800] {logging_mixin.py:190} INFO - [2025-01-30T02:48:31.227+0800] {dagbag.py:588} INFO - Filling up the DagBag from /home/anhtupham99/miniforge3/envs/nba/lib/python3.11/site-packages/airflow/example_dags/example_sensor_decorator.py
[2025-01-30T02:48:31.234+0800] {processor.py:925} INFO - DAG(s) 'example_sensor_decorator' retrieved from /home/anhtupham99/miniforge3/envs/nba/lib/python3.11/site-packages/airflow/example_dags/example_sensor_decorator.py
[2025-01-30T02:48:31.245+0800] {logging_mixin.py:190} INFO - [2025-01-30T02:48:31.245+0800] {dag.py:3239} INFO - Sync 1 DAGs
[2025-01-30T02:48:31.253+0800] {logging_mixin.py:190} INFO - [2025-01-30T02:48:31.253+0800] {dag.py:4180} INFO - Setting next_dagrun for example_sensor_decorator to None, run_after=None
[2025-01-30T02:48:31.279+0800] {processor.py:208} INFO - Processing /home/anhtupham99/miniforge3/envs/nba/lib/python3.11/site-packages/airflow/example_dags/example_sensor_decorator.py took 0.059 seconds
[2025-01-30T02:49:28.884+0800] {processor.py:186} INFO - Started process (PID=19535) to work on /home/anhtupham99/miniforge3/envs/nba/lib/python3.11/site-packages/airflow/example_dags/example_sensor_decorator.py
[2025-01-30T02:49:28.889+0800] {processor.py:914} INFO - Processing file /home/anhtupham99/miniforge3/envs/nba/lib/python3.11/site-packages/airflow/example_dags/example_sensor_decorator.py for tasks to queue
[2025-01-30T02:49:28.893+0800] {logging_mixin.py:190} INFO - [2025-01-30T02:49:28.893+0800] {dagbag.py:588} INFO - Filling up the DagBag from /home/anhtupham99/miniforge3/envs/nba/lib/python3.11/site-packages/airflow/example_dags/example_sensor_decorator.py
[2025-01-30T02:49:28.904+0800] {processor.py:925} INFO - DAG(s) 'example_sensor_decorator' retrieved from /home/anhtupham99/miniforge3/envs/nba/lib/python3.11/site-packages/airflow/example_dags/example_sensor_decorator.py
[2025-01-30T02:49:28.921+0800] {logging_mixin.py:190} INFO - [2025-01-30T02:49:28.921+0800] {dag.py:3239} INFO - Sync 1 DAGs
[2025-01-30T02:49:28.929+0800] {logging_mixin.py:190} INFO - [2025-01-30T02:49:28.929+0800] {dag.py:4180} INFO - Setting next_dagrun for example_sensor_decorator to None, run_after=None
[2025-01-30T02:49:28.975+0800] {processor.py:208} INFO - Processing /home/anhtupham99/miniforge3/envs/nba/lib/python3.11/site-packages/airflow/example_dags/example_sensor_decorator.py took 0.106 seconds
[2025-01-30T02:50:25.360+0800] {processor.py:186} INFO - Started process (PID=19879) to work on /home/anhtupham99/miniforge3/envs/nba/lib/python3.11/site-packages/airflow/example_dags/example_sensor_decorator.py
[2025-01-30T02:50:25.364+0800] {processor.py:914} INFO - Processing file /home/anhtupham99/miniforge3/envs/nba/lib/python3.11/site-packages/airflow/example_dags/example_sensor_decorator.py for tasks to queue
[2025-01-30T02:50:25.367+0800] {logging_mixin.py:190} INFO - [2025-01-30T02:50:25.367+0800] {dagbag.py:588} INFO - Filling up the DagBag from /home/anhtupham99/miniforge3/envs/nba/lib/python3.11/site-packages/airflow/example_dags/example_sensor_decorator.py
[2025-01-30T02:50:25.382+0800] {processor.py:925} INFO - DAG(s) 'example_sensor_decorator' retrieved from /home/anhtupham99/miniforge3/envs/nba/lib/python3.11/site-packages/airflow/example_dags/example_sensor_decorator.py
[2025-01-30T02:50:25.402+0800] {logging_mixin.py:190} INFO - [2025-01-30T02:50:25.401+0800] {dag.py:3239} INFO - Sync 1 DAGs
[2025-01-30T02:50:25.409+0800] {logging_mixin.py:190} INFO - [2025-01-30T02:50:25.409+0800] {dag.py:4180} INFO - Setting next_dagrun for example_sensor_decorator to None, run_after=None
[2025-01-30T02:50:25.447+0800] {processor.py:208} INFO - Processing /home/anhtupham99/miniforge3/envs/nba/lib/python3.11/site-packages/airflow/example_dags/example_sensor_decorator.py took 0.103 seconds
[2025-01-30T02:51:19.199+0800] {processor.py:186} INFO - Started process (PID=20197) to work on /home/anhtupham99/miniforge3/envs/nba/lib/python3.11/site-packages/airflow/example_dags/example_sensor_decorator.py
[2025-01-30T02:51:19.201+0800] {processor.py:914} INFO - Processing file /home/anhtupham99/miniforge3/envs/nba/lib/python3.11/site-packages/airflow/example_dags/example_sensor_decorator.py for tasks to queue
[2025-01-30T02:51:19.206+0800] {logging_mixin.py:190} INFO - [2025-01-30T02:51:19.206+0800] {dagbag.py:588} INFO - Filling up the DagBag from /home/anhtupham99/miniforge3/envs/nba/lib/python3.11/site-packages/airflow/example_dags/example_sensor_decorator.py
[2025-01-30T02:51:19.227+0800] {processor.py:925} INFO - DAG(s) 'example_sensor_decorator' retrieved from /home/anhtupham99/miniforge3/envs/nba/lib/python3.11/site-packages/airflow/example_dags/example_sensor_decorator.py
[2025-01-30T02:51:19.243+0800] {logging_mixin.py:190} INFO - [2025-01-30T02:51:19.243+0800] {dag.py:3239} INFO - Sync 1 DAGs
[2025-01-30T02:51:19.258+0800] {logging_mixin.py:190} INFO - [2025-01-30T02:51:19.258+0800] {dag.py:4180} INFO - Setting next_dagrun for example_sensor_decorator to None, run_after=None
[2025-01-30T02:51:19.295+0800] {processor.py:208} INFO - Processing /home/anhtupham99/miniforge3/envs/nba/lib/python3.11/site-packages/airflow/example_dags/example_sensor_decorator.py took 0.107 seconds
[2025-01-30T02:52:13.057+0800] {processor.py:186} INFO - Started process (PID=20486) to work on /home/anhtupham99/miniforge3/envs/nba/lib/python3.11/site-packages/airflow/example_dags/example_sensor_decorator.py
[2025-01-30T02:52:13.061+0800] {processor.py:914} INFO - Processing file /home/anhtupham99/miniforge3/envs/nba/lib/python3.11/site-packages/airflow/example_dags/example_sensor_decorator.py for tasks to queue
[2025-01-30T02:52:13.067+0800] {logging_mixin.py:190} INFO - [2025-01-30T02:52:13.066+0800] {dagbag.py:588} INFO - Filling up the DagBag from /home/anhtupham99/miniforge3/envs/nba/lib/python3.11/site-packages/airflow/example_dags/example_sensor_decorator.py
[2025-01-30T02:52:13.087+0800] {processor.py:925} INFO - DAG(s) 'example_sensor_decorator' retrieved from /home/anhtupham99/miniforge3/envs/nba/lib/python3.11/site-packages/airflow/example_dags/example_sensor_decorator.py
[2025-01-30T02:52:13.108+0800] {logging_mixin.py:190} INFO - [2025-01-30T02:52:13.107+0800] {dag.py:3239} INFO - Sync 1 DAGs
[2025-01-30T02:52:13.116+0800] {logging_mixin.py:190} INFO - [2025-01-30T02:52:13.116+0800] {dag.py:4180} INFO - Setting next_dagrun for example_sensor_decorator to None, run_after=None
[2025-01-30T02:52:13.139+0800] {processor.py:208} INFO - Processing /home/anhtupham99/miniforge3/envs/nba/lib/python3.11/site-packages/airflow/example_dags/example_sensor_decorator.py took 0.096 seconds
[2025-01-30T02:53:05.539+0800] {processor.py:186} INFO - Started process (PID=20811) to work on /home/anhtupham99/miniforge3/envs/nba/lib/python3.11/site-packages/airflow/example_dags/example_sensor_decorator.py
[2025-01-30T02:53:05.544+0800] {processor.py:914} INFO - Processing file /home/anhtupham99/miniforge3/envs/nba/lib/python3.11/site-packages/airflow/example_dags/example_sensor_decorator.py for tasks to queue
[2025-01-30T02:53:05.550+0800] {logging_mixin.py:190} INFO - [2025-01-30T02:53:05.549+0800] {dagbag.py:588} INFO - Filling up the DagBag from /home/anhtupham99/miniforge3/envs/nba/lib/python3.11/site-packages/airflow/example_dags/example_sensor_decorator.py
[2025-01-30T02:53:05.570+0800] {processor.py:925} INFO - DAG(s) 'example_sensor_decorator' retrieved from /home/anhtupham99/miniforge3/envs/nba/lib/python3.11/site-packages/airflow/example_dags/example_sensor_decorator.py
[2025-01-30T02:53:05.579+0800] {logging_mixin.py:190} INFO - [2025-01-30T02:53:05.579+0800] {dag.py:3239} INFO - Sync 1 DAGs
[2025-01-30T02:53:05.587+0800] {logging_mixin.py:190} INFO - [2025-01-30T02:53:05.587+0800] {dag.py:4180} INFO - Setting next_dagrun for example_sensor_decorator to None, run_after=None
[2025-01-30T02:53:05.613+0800] {processor.py:208} INFO - Processing /home/anhtupham99/miniforge3/envs/nba/lib/python3.11/site-packages/airflow/example_dags/example_sensor_decorator.py took 0.089 seconds
[2025-01-30T02:53:58.952+0800] {processor.py:186} INFO - Started process (PID=21118) to work on /home/anhtupham99/miniforge3/envs/nba/lib/python3.11/site-packages/airflow/example_dags/example_sensor_decorator.py
[2025-01-30T02:53:58.953+0800] {processor.py:914} INFO - Processing file /home/anhtupham99/miniforge3/envs/nba/lib/python3.11/site-packages/airflow/example_dags/example_sensor_decorator.py for tasks to queue
[2025-01-30T02:53:58.955+0800] {logging_mixin.py:190} INFO - [2025-01-30T02:53:58.954+0800] {dagbag.py:588} INFO - Filling up the DagBag from /home/anhtupham99/miniforge3/envs/nba/lib/python3.11/site-packages/airflow/example_dags/example_sensor_decorator.py
[2025-01-30T02:53:58.961+0800] {processor.py:925} INFO - DAG(s) 'example_sensor_decorator' retrieved from /home/anhtupham99/miniforge3/envs/nba/lib/python3.11/site-packages/airflow/example_dags/example_sensor_decorator.py
[2025-01-30T02:53:58.970+0800] {logging_mixin.py:190} INFO - [2025-01-30T02:53:58.970+0800] {dag.py:3239} INFO - Sync 1 DAGs
[2025-01-30T02:53:58.979+0800] {logging_mixin.py:190} INFO - [2025-01-30T02:53:58.979+0800] {dag.py:4180} INFO - Setting next_dagrun for example_sensor_decorator to None, run_after=None
[2025-01-30T02:53:59.005+0800] {processor.py:208} INFO - Processing /home/anhtupham99/miniforge3/envs/nba/lib/python3.11/site-packages/airflow/example_dags/example_sensor_decorator.py took 0.057 seconds
[2025-01-30T02:54:49.276+0800] {processor.py:186} INFO - Started process (PID=21400) to work on /home/anhtupham99/miniforge3/envs/nba/lib/python3.11/site-packages/airflow/example_dags/example_sensor_decorator.py
[2025-01-30T02:54:49.277+0800] {processor.py:914} INFO - Processing file /home/anhtupham99/miniforge3/envs/nba/lib/python3.11/site-packages/airflow/example_dags/example_sensor_decorator.py for tasks to queue
[2025-01-30T02:54:49.279+0800] {logging_mixin.py:190} INFO - [2025-01-30T02:54:49.278+0800] {dagbag.py:588} INFO - Filling up the DagBag from /home/anhtupham99/miniforge3/envs/nba/lib/python3.11/site-packages/airflow/example_dags/example_sensor_decorator.py
[2025-01-30T02:54:49.285+0800] {processor.py:925} INFO - DAG(s) 'example_sensor_decorator' retrieved from /home/anhtupham99/miniforge3/envs/nba/lib/python3.11/site-packages/airflow/example_dags/example_sensor_decorator.py
[2025-01-30T02:54:49.294+0800] {logging_mixin.py:190} INFO - [2025-01-30T02:54:49.294+0800] {dag.py:3239} INFO - Sync 1 DAGs
[2025-01-30T02:54:49.303+0800] {logging_mixin.py:190} INFO - [2025-01-30T02:54:49.303+0800] {dag.py:4180} INFO - Setting next_dagrun for example_sensor_decorator to None, run_after=None
[2025-01-30T02:54:49.326+0800] {processor.py:208} INFO - Processing /home/anhtupham99/miniforge3/envs/nba/lib/python3.11/site-packages/airflow/example_dags/example_sensor_decorator.py took 0.054 seconds
[2025-01-30T02:55:39.011+0800] {processor.py:186} INFO - Started process (PID=21705) to work on /home/anhtupham99/miniforge3/envs/nba/lib/python3.11/site-packages/airflow/example_dags/example_sensor_decorator.py
[2025-01-30T02:55:39.013+0800] {processor.py:914} INFO - Processing file /home/anhtupham99/miniforge3/envs/nba/lib/python3.11/site-packages/airflow/example_dags/example_sensor_decorator.py for tasks to queue
[2025-01-30T02:55:39.015+0800] {logging_mixin.py:190} INFO - [2025-01-30T02:55:39.014+0800] {dagbag.py:588} INFO - Filling up the DagBag from /home/anhtupham99/miniforge3/envs/nba/lib/python3.11/site-packages/airflow/example_dags/example_sensor_decorator.py
[2025-01-30T02:55:39.022+0800] {processor.py:925} INFO - DAG(s) 'example_sensor_decorator' retrieved from /home/anhtupham99/miniforge3/envs/nba/lib/python3.11/site-packages/airflow/example_dags/example_sensor_decorator.py
[2025-01-30T02:55:39.033+0800] {logging_mixin.py:190} INFO - [2025-01-30T02:55:39.032+0800] {dag.py:3239} INFO - Sync 1 DAGs
[2025-01-30T02:55:39.041+0800] {logging_mixin.py:190} INFO - [2025-01-30T02:55:39.041+0800] {dag.py:4180} INFO - Setting next_dagrun for example_sensor_decorator to None, run_after=None
[2025-01-30T02:55:39.065+0800] {processor.py:208} INFO - Processing /home/anhtupham99/miniforge3/envs/nba/lib/python3.11/site-packages/airflow/example_dags/example_sensor_decorator.py took 0.059 seconds
[2025-01-30T02:56:49.902+0800] {processor.py:186} INFO - Started process (PID=22110) to work on /home/anhtupham99/miniforge3/envs/nba/lib/python3.11/site-packages/airflow/example_dags/example_sensor_decorator.py
[2025-01-30T02:56:49.903+0800] {processor.py:914} INFO - Processing file /home/anhtupham99/miniforge3/envs/nba/lib/python3.11/site-packages/airflow/example_dags/example_sensor_decorator.py for tasks to queue
[2025-01-30T02:56:49.905+0800] {logging_mixin.py:190} INFO - [2025-01-30T02:56:49.905+0800] {dagbag.py:588} INFO - Filling up the DagBag from /home/anhtupham99/miniforge3/envs/nba/lib/python3.11/site-packages/airflow/example_dags/example_sensor_decorator.py
[2025-01-30T02:56:49.911+0800] {processor.py:925} INFO - DAG(s) 'example_sensor_decorator' retrieved from /home/anhtupham99/miniforge3/envs/nba/lib/python3.11/site-packages/airflow/example_dags/example_sensor_decorator.py
[2025-01-30T02:56:49.920+0800] {logging_mixin.py:190} INFO - [2025-01-30T02:56:49.920+0800] {dag.py:3239} INFO - Sync 1 DAGs
[2025-01-30T02:56:49.928+0800] {logging_mixin.py:190} INFO - [2025-01-30T02:56:49.928+0800] {dag.py:4180} INFO - Setting next_dagrun for example_sensor_decorator to None, run_after=None
[2025-01-30T02:56:49.951+0800] {processor.py:208} INFO - Processing /home/anhtupham99/miniforge3/envs/nba/lib/python3.11/site-packages/airflow/example_dags/example_sensor_decorator.py took 0.053 seconds
[2025-01-30T02:58:01.503+0800] {processor.py:186} INFO - Started process (PID=22568) to work on /home/anhtupham99/miniforge3/envs/nba/lib/python3.11/site-packages/airflow/example_dags/example_sensor_decorator.py
[2025-01-30T02:58:01.504+0800] {processor.py:914} INFO - Processing file /home/anhtupham99/miniforge3/envs/nba/lib/python3.11/site-packages/airflow/example_dags/example_sensor_decorator.py for tasks to queue
[2025-01-30T02:58:01.506+0800] {logging_mixin.py:190} INFO - [2025-01-30T02:58:01.506+0800] {dagbag.py:588} INFO - Filling up the DagBag from /home/anhtupham99/miniforge3/envs/nba/lib/python3.11/site-packages/airflow/example_dags/example_sensor_decorator.py
[2025-01-30T02:58:01.512+0800] {processor.py:925} INFO - DAG(s) 'example_sensor_decorator' retrieved from /home/anhtupham99/miniforge3/envs/nba/lib/python3.11/site-packages/airflow/example_dags/example_sensor_decorator.py
[2025-01-30T02:58:01.523+0800] {logging_mixin.py:190} INFO - [2025-01-30T02:58:01.522+0800] {dag.py:3239} INFO - Sync 1 DAGs
[2025-01-30T02:58:01.531+0800] {logging_mixin.py:190} INFO - [2025-01-30T02:58:01.531+0800] {dag.py:4180} INFO - Setting next_dagrun for example_sensor_decorator to None, run_after=None
[2025-01-30T02:58:01.558+0800] {processor.py:208} INFO - Processing /home/anhtupham99/miniforge3/envs/nba/lib/python3.11/site-packages/airflow/example_dags/example_sensor_decorator.py took 0.059 seconds
[2025-01-30T02:58:51.668+0800] {processor.py:186} INFO - Started process (PID=22854) to work on /home/anhtupham99/miniforge3/envs/nba/lib/python3.11/site-packages/airflow/example_dags/example_sensor_decorator.py
[2025-01-30T02:58:51.669+0800] {processor.py:914} INFO - Processing file /home/anhtupham99/miniforge3/envs/nba/lib/python3.11/site-packages/airflow/example_dags/example_sensor_decorator.py for tasks to queue
[2025-01-30T02:58:51.671+0800] {logging_mixin.py:190} INFO - [2025-01-30T02:58:51.671+0800] {dagbag.py:588} INFO - Filling up the DagBag from /home/anhtupham99/miniforge3/envs/nba/lib/python3.11/site-packages/airflow/example_dags/example_sensor_decorator.py
[2025-01-30T02:58:51.677+0800] {processor.py:925} INFO - DAG(s) 'example_sensor_decorator' retrieved from /home/anhtupham99/miniforge3/envs/nba/lib/python3.11/site-packages/airflow/example_dags/example_sensor_decorator.py
[2025-01-30T02:58:51.687+0800] {logging_mixin.py:190} INFO - [2025-01-30T02:58:51.687+0800] {dag.py:3239} INFO - Sync 1 DAGs
[2025-01-30T02:58:51.695+0800] {logging_mixin.py:190} INFO - [2025-01-30T02:58:51.695+0800] {dag.py:4180} INFO - Setting next_dagrun for example_sensor_decorator to None, run_after=None
[2025-01-30T02:58:51.719+0800] {processor.py:208} INFO - Processing /home/anhtupham99/miniforge3/envs/nba/lib/python3.11/site-packages/airflow/example_dags/example_sensor_decorator.py took 0.055 seconds
[2025-01-30T02:59:43.397+0800] {processor.py:186} INFO - Started process (PID=23145) to work on /home/anhtupham99/miniforge3/envs/nba/lib/python3.11/site-packages/airflow/example_dags/example_sensor_decorator.py
[2025-01-30T02:59:43.398+0800] {processor.py:914} INFO - Processing file /home/anhtupham99/miniforge3/envs/nba/lib/python3.11/site-packages/airflow/example_dags/example_sensor_decorator.py for tasks to queue
[2025-01-30T02:59:43.400+0800] {logging_mixin.py:190} INFO - [2025-01-30T02:59:43.400+0800] {dagbag.py:588} INFO - Filling up the DagBag from /home/anhtupham99/miniforge3/envs/nba/lib/python3.11/site-packages/airflow/example_dags/example_sensor_decorator.py
[2025-01-30T02:59:43.409+0800] {processor.py:925} INFO - DAG(s) 'example_sensor_decorator' retrieved from /home/anhtupham99/miniforge3/envs/nba/lib/python3.11/site-packages/airflow/example_dags/example_sensor_decorator.py
[2025-01-30T02:59:43.423+0800] {logging_mixin.py:190} INFO - [2025-01-30T02:59:43.423+0800] {dag.py:3239} INFO - Sync 1 DAGs
[2025-01-30T02:59:43.434+0800] {logging_mixin.py:190} INFO - [2025-01-30T02:59:43.433+0800] {dag.py:4180} INFO - Setting next_dagrun for example_sensor_decorator to None, run_after=None
[2025-01-30T02:59:43.457+0800] {processor.py:208} INFO - Processing /home/anhtupham99/miniforge3/envs/nba/lib/python3.11/site-packages/airflow/example_dags/example_sensor_decorator.py took 0.068 seconds
[2025-01-30T03:00:32.657+0800] {processor.py:186} INFO - Started process (PID=23451) to work on /home/anhtupham99/miniforge3/envs/nba/lib/python3.11/site-packages/airflow/example_dags/example_sensor_decorator.py
[2025-01-30T03:00:32.659+0800] {processor.py:914} INFO - Processing file /home/anhtupham99/miniforge3/envs/nba/lib/python3.11/site-packages/airflow/example_dags/example_sensor_decorator.py for tasks to queue
[2025-01-30T03:00:32.660+0800] {logging_mixin.py:190} INFO - [2025-01-30T03:00:32.660+0800] {dagbag.py:588} INFO - Filling up the DagBag from /home/anhtupham99/miniforge3/envs/nba/lib/python3.11/site-packages/airflow/example_dags/example_sensor_decorator.py
[2025-01-30T03:00:32.666+0800] {processor.py:925} INFO - DAG(s) 'example_sensor_decorator' retrieved from /home/anhtupham99/miniforge3/envs/nba/lib/python3.11/site-packages/airflow/example_dags/example_sensor_decorator.py
[2025-01-30T03:00:32.676+0800] {logging_mixin.py:190} INFO - [2025-01-30T03:00:32.675+0800] {dag.py:3239} INFO - Sync 1 DAGs
[2025-01-30T03:00:32.683+0800] {logging_mixin.py:190} INFO - [2025-01-30T03:00:32.683+0800] {dag.py:4180} INFO - Setting next_dagrun for example_sensor_decorator to None, run_after=None
[2025-01-30T03:00:32.706+0800] {processor.py:208} INFO - Processing /home/anhtupham99/miniforge3/envs/nba/lib/python3.11/site-packages/airflow/example_dags/example_sensor_decorator.py took 0.053 seconds
[2025-01-30T03:01:20.752+0800] {processor.py:186} INFO - Started process (PID=23723) to work on /home/anhtupham99/miniforge3/envs/nba/lib/python3.11/site-packages/airflow/example_dags/example_sensor_decorator.py
[2025-01-30T03:01:20.753+0800] {processor.py:914} INFO - Processing file /home/anhtupham99/miniforge3/envs/nba/lib/python3.11/site-packages/airflow/example_dags/example_sensor_decorator.py for tasks to queue
[2025-01-30T03:01:20.755+0800] {logging_mixin.py:190} INFO - [2025-01-30T03:01:20.754+0800] {dagbag.py:588} INFO - Filling up the DagBag from /home/anhtupham99/miniforge3/envs/nba/lib/python3.11/site-packages/airflow/example_dags/example_sensor_decorator.py
[2025-01-30T03:01:20.761+0800] {processor.py:925} INFO - DAG(s) 'example_sensor_decorator' retrieved from /home/anhtupham99/miniforge3/envs/nba/lib/python3.11/site-packages/airflow/example_dags/example_sensor_decorator.py
[2025-01-30T03:01:20.771+0800] {logging_mixin.py:190} INFO - [2025-01-30T03:01:20.771+0800] {dag.py:3239} INFO - Sync 1 DAGs
[2025-01-30T03:01:20.779+0800] {logging_mixin.py:190} INFO - [2025-01-30T03:01:20.779+0800] {dag.py:4180} INFO - Setting next_dagrun for example_sensor_decorator to None, run_after=None
[2025-01-30T03:01:20.800+0800] {processor.py:208} INFO - Processing /home/anhtupham99/miniforge3/envs/nba/lib/python3.11/site-packages/airflow/example_dags/example_sensor_decorator.py took 0.052 seconds
[2025-01-30T03:02:30.056+0800] {processor.py:186} INFO - Started process (PID=24162) to work on /home/anhtupham99/miniforge3/envs/nba/lib/python3.11/site-packages/airflow/example_dags/example_sensor_decorator.py
[2025-01-30T03:02:30.057+0800] {processor.py:914} INFO - Processing file /home/anhtupham99/miniforge3/envs/nba/lib/python3.11/site-packages/airflow/example_dags/example_sensor_decorator.py for tasks to queue
[2025-01-30T03:02:30.059+0800] {logging_mixin.py:190} INFO - [2025-01-30T03:02:30.059+0800] {dagbag.py:588} INFO - Filling up the DagBag from /home/anhtupham99/miniforge3/envs/nba/lib/python3.11/site-packages/airflow/example_dags/example_sensor_decorator.py
[2025-01-30T03:02:30.065+0800] {processor.py:925} INFO - DAG(s) 'example_sensor_decorator' retrieved from /home/anhtupham99/miniforge3/envs/nba/lib/python3.11/site-packages/airflow/example_dags/example_sensor_decorator.py
[2025-01-30T03:02:30.075+0800] {logging_mixin.py:190} INFO - [2025-01-30T03:02:30.075+0800] {dag.py:3239} INFO - Sync 1 DAGs
[2025-01-30T03:02:30.083+0800] {logging_mixin.py:190} INFO - [2025-01-30T03:02:30.083+0800] {dag.py:4180} INFO - Setting next_dagrun for example_sensor_decorator to None, run_after=None
[2025-01-30T03:02:30.106+0800] {processor.py:208} INFO - Processing /home/anhtupham99/miniforge3/envs/nba/lib/python3.11/site-packages/airflow/example_dags/example_sensor_decorator.py took 0.055 seconds
[2025-01-30T03:03:41.553+0800] {processor.py:186} INFO - Started process (PID=24559) to work on /home/anhtupham99/miniforge3/envs/nba/lib/python3.11/site-packages/airflow/example_dags/example_sensor_decorator.py
[2025-01-30T03:03:41.556+0800] {processor.py:914} INFO - Processing file /home/anhtupham99/miniforge3/envs/nba/lib/python3.11/site-packages/airflow/example_dags/example_sensor_decorator.py for tasks to queue
[2025-01-30T03:03:41.558+0800] {logging_mixin.py:190} INFO - [2025-01-30T03:03:41.557+0800] {dagbag.py:588} INFO - Filling up the DagBag from /home/anhtupham99/miniforge3/envs/nba/lib/python3.11/site-packages/airflow/example_dags/example_sensor_decorator.py
[2025-01-30T03:03:41.564+0800] {processor.py:925} INFO - DAG(s) 'example_sensor_decorator' retrieved from /home/anhtupham99/miniforge3/envs/nba/lib/python3.11/site-packages/airflow/example_dags/example_sensor_decorator.py
[2025-01-30T03:03:41.573+0800] {logging_mixin.py:190} INFO - [2025-01-30T03:03:41.573+0800] {dag.py:3239} INFO - Sync 1 DAGs
[2025-01-30T03:03:41.581+0800] {logging_mixin.py:190} INFO - [2025-01-30T03:03:41.581+0800] {dag.py:4180} INFO - Setting next_dagrun for example_sensor_decorator to None, run_after=None
[2025-01-30T03:03:41.603+0800] {processor.py:208} INFO - Processing /home/anhtupham99/miniforge3/envs/nba/lib/python3.11/site-packages/airflow/example_dags/example_sensor_decorator.py took 0.054 seconds
[2025-01-30T03:04:29.041+0800] {processor.py:186} INFO - Started process (PID=24869) to work on /home/anhtupham99/miniforge3/envs/nba/lib/python3.11/site-packages/airflow/example_dags/example_sensor_decorator.py
[2025-01-30T03:04:29.042+0800] {processor.py:914} INFO - Processing file /home/anhtupham99/miniforge3/envs/nba/lib/python3.11/site-packages/airflow/example_dags/example_sensor_decorator.py for tasks to queue
[2025-01-30T03:04:29.044+0800] {logging_mixin.py:190} INFO - [2025-01-30T03:04:29.044+0800] {dagbag.py:588} INFO - Filling up the DagBag from /home/anhtupham99/miniforge3/envs/nba/lib/python3.11/site-packages/airflow/example_dags/example_sensor_decorator.py
[2025-01-30T03:04:29.050+0800] {processor.py:925} INFO - DAG(s) 'example_sensor_decorator' retrieved from /home/anhtupham99/miniforge3/envs/nba/lib/python3.11/site-packages/airflow/example_dags/example_sensor_decorator.py
[2025-01-30T03:04:29.061+0800] {logging_mixin.py:190} INFO - [2025-01-30T03:04:29.060+0800] {dag.py:3239} INFO - Sync 1 DAGs
[2025-01-30T03:04:29.069+0800] {logging_mixin.py:190} INFO - [2025-01-30T03:04:29.069+0800] {dag.py:4180} INFO - Setting next_dagrun for example_sensor_decorator to None, run_after=None
[2025-01-30T03:04:29.091+0800] {processor.py:208} INFO - Processing /home/anhtupham99/miniforge3/envs/nba/lib/python3.11/site-packages/airflow/example_dags/example_sensor_decorator.py took 0.055 seconds
[2025-01-30T03:05:21.513+0800] {processor.py:186} INFO - Started process (PID=25170) to work on /home/anhtupham99/miniforge3/envs/nba/lib/python3.11/site-packages/airflow/example_dags/example_sensor_decorator.py
[2025-01-30T03:05:21.514+0800] {processor.py:914} INFO - Processing file /home/anhtupham99/miniforge3/envs/nba/lib/python3.11/site-packages/airflow/example_dags/example_sensor_decorator.py for tasks to queue
[2025-01-30T03:05:21.516+0800] {logging_mixin.py:190} INFO - [2025-01-30T03:05:21.516+0800] {dagbag.py:588} INFO - Filling up the DagBag from /home/anhtupham99/miniforge3/envs/nba/lib/python3.11/site-packages/airflow/example_dags/example_sensor_decorator.py
[2025-01-30T03:05:21.522+0800] {processor.py:925} INFO - DAG(s) 'example_sensor_decorator' retrieved from /home/anhtupham99/miniforge3/envs/nba/lib/python3.11/site-packages/airflow/example_dags/example_sensor_decorator.py
[2025-01-30T03:05:21.532+0800] {logging_mixin.py:190} INFO - [2025-01-30T03:05:21.532+0800] {dag.py:3239} INFO - Sync 1 DAGs
[2025-01-30T03:05:21.540+0800] {logging_mixin.py:190} INFO - [2025-01-30T03:05:21.540+0800] {dag.py:4180} INFO - Setting next_dagrun for example_sensor_decorator to None, run_after=None
[2025-01-30T03:05:21.565+0800] {processor.py:208} INFO - Processing /home/anhtupham99/miniforge3/envs/nba/lib/python3.11/site-packages/airflow/example_dags/example_sensor_decorator.py took 0.056 seconds
[2025-01-30T03:06:09.584+0800] {processor.py:186} INFO - Started process (PID=25449) to work on /home/anhtupham99/miniforge3/envs/nba/lib/python3.11/site-packages/airflow/example_dags/example_sensor_decorator.py
[2025-01-30T03:06:09.587+0800] {processor.py:914} INFO - Processing file /home/anhtupham99/miniforge3/envs/nba/lib/python3.11/site-packages/airflow/example_dags/example_sensor_decorator.py for tasks to queue
[2025-01-30T03:06:09.589+0800] {logging_mixin.py:190} INFO - [2025-01-30T03:06:09.589+0800] {dagbag.py:588} INFO - Filling up the DagBag from /home/anhtupham99/miniforge3/envs/nba/lib/python3.11/site-packages/airflow/example_dags/example_sensor_decorator.py
[2025-01-30T03:06:09.595+0800] {processor.py:925} INFO - DAG(s) 'example_sensor_decorator' retrieved from /home/anhtupham99/miniforge3/envs/nba/lib/python3.11/site-packages/airflow/example_dags/example_sensor_decorator.py
[2025-01-30T03:06:09.604+0800] {logging_mixin.py:190} INFO - [2025-01-30T03:06:09.604+0800] {dag.py:3239} INFO - Sync 1 DAGs
[2025-01-30T03:06:09.612+0800] {logging_mixin.py:190} INFO - [2025-01-30T03:06:09.612+0800] {dag.py:4180} INFO - Setting next_dagrun for example_sensor_decorator to None, run_after=None
[2025-01-30T03:06:09.634+0800] {processor.py:208} INFO - Processing /home/anhtupham99/miniforge3/envs/nba/lib/python3.11/site-packages/airflow/example_dags/example_sensor_decorator.py took 0.055 seconds
[2025-01-30T03:07:00.013+0800] {processor.py:186} INFO - Started process (PID=25773) to work on /home/anhtupham99/miniforge3/envs/nba/lib/python3.11/site-packages/airflow/example_dags/example_sensor_decorator.py
[2025-01-30T03:07:00.015+0800] {processor.py:914} INFO - Processing file /home/anhtupham99/miniforge3/envs/nba/lib/python3.11/site-packages/airflow/example_dags/example_sensor_decorator.py for tasks to queue
[2025-01-30T03:07:00.017+0800] {logging_mixin.py:190} INFO - [2025-01-30T03:07:00.017+0800] {dagbag.py:588} INFO - Filling up the DagBag from /home/anhtupham99/miniforge3/envs/nba/lib/python3.11/site-packages/airflow/example_dags/example_sensor_decorator.py
[2025-01-30T03:07:00.024+0800] {processor.py:925} INFO - DAG(s) 'example_sensor_decorator' retrieved from /home/anhtupham99/miniforge3/envs/nba/lib/python3.11/site-packages/airflow/example_dags/example_sensor_decorator.py
[2025-01-30T03:07:00.038+0800] {logging_mixin.py:190} INFO - [2025-01-30T03:07:00.038+0800] {dag.py:3239} INFO - Sync 1 DAGs
[2025-01-30T03:07:00.049+0800] {logging_mixin.py:190} INFO - [2025-01-30T03:07:00.048+0800] {dag.py:4180} INFO - Setting next_dagrun for example_sensor_decorator to None, run_after=None
[2025-01-30T03:07:00.076+0800] {processor.py:208} INFO - Processing /home/anhtupham99/miniforge3/envs/nba/lib/python3.11/site-packages/airflow/example_dags/example_sensor_decorator.py took 0.068 seconds
[2025-01-30T03:07:51.044+0800] {processor.py:186} INFO - Started process (PID=26057) to work on /home/anhtupham99/miniforge3/envs/nba/lib/python3.11/site-packages/airflow/example_dags/example_sensor_decorator.py
[2025-01-30T03:07:51.045+0800] {processor.py:914} INFO - Processing file /home/anhtupham99/miniforge3/envs/nba/lib/python3.11/site-packages/airflow/example_dags/example_sensor_decorator.py for tasks to queue
[2025-01-30T03:07:51.047+0800] {logging_mixin.py:190} INFO - [2025-01-30T03:07:51.047+0800] {dagbag.py:588} INFO - Filling up the DagBag from /home/anhtupham99/miniforge3/envs/nba/lib/python3.11/site-packages/airflow/example_dags/example_sensor_decorator.py
[2025-01-30T03:07:51.054+0800] {processor.py:925} INFO - DAG(s) 'example_sensor_decorator' retrieved from /home/anhtupham99/miniforge3/envs/nba/lib/python3.11/site-packages/airflow/example_dags/example_sensor_decorator.py
[2025-01-30T03:07:51.064+0800] {logging_mixin.py:190} INFO - [2025-01-30T03:07:51.064+0800] {dag.py:3239} INFO - Sync 1 DAGs
[2025-01-30T03:07:51.074+0800] {logging_mixin.py:190} INFO - [2025-01-30T03:07:51.074+0800] {dag.py:4180} INFO - Setting next_dagrun for example_sensor_decorator to None, run_after=None
[2025-01-30T03:07:51.098+0800] {processor.py:208} INFO - Processing /home/anhtupham99/miniforge3/envs/nba/lib/python3.11/site-packages/airflow/example_dags/example_sensor_decorator.py took 0.058 seconds
[2025-01-30T03:09:03.080+0800] {processor.py:186} INFO - Started process (PID=26467) to work on /home/anhtupham99/miniforge3/envs/nba/lib/python3.11/site-packages/airflow/example_dags/example_sensor_decorator.py
[2025-01-30T03:09:03.081+0800] {processor.py:914} INFO - Processing file /home/anhtupham99/miniforge3/envs/nba/lib/python3.11/site-packages/airflow/example_dags/example_sensor_decorator.py for tasks to queue
[2025-01-30T03:09:03.084+0800] {logging_mixin.py:190} INFO - [2025-01-30T03:09:03.083+0800] {dagbag.py:588} INFO - Filling up the DagBag from /home/anhtupham99/miniforge3/envs/nba/lib/python3.11/site-packages/airflow/example_dags/example_sensor_decorator.py
[2025-01-30T03:09:03.092+0800] {processor.py:925} INFO - DAG(s) 'example_sensor_decorator' retrieved from /home/anhtupham99/miniforge3/envs/nba/lib/python3.11/site-packages/airflow/example_dags/example_sensor_decorator.py
[2025-01-30T03:09:03.105+0800] {logging_mixin.py:190} INFO - [2025-01-30T03:09:03.104+0800] {dag.py:3239} INFO - Sync 1 DAGs
[2025-01-30T03:09:03.115+0800] {logging_mixin.py:190} INFO - [2025-01-30T03:09:03.114+0800] {dag.py:4180} INFO - Setting next_dagrun for example_sensor_decorator to None, run_after=None
[2025-01-30T03:09:03.142+0800] {processor.py:208} INFO - Processing /home/anhtupham99/miniforge3/envs/nba/lib/python3.11/site-packages/airflow/example_dags/example_sensor_decorator.py took 0.068 seconds
[2025-01-30T06:12:07.834+0800] {processor.py:186} INFO - Started process (PID=27084) to work on /home/anhtupham99/miniforge3/envs/nba/lib/python3.11/site-packages/airflow/example_dags/example_sensor_decorator.py
[2025-01-30T06:12:07.836+0800] {processor.py:914} INFO - Processing file /home/anhtupham99/miniforge3/envs/nba/lib/python3.11/site-packages/airflow/example_dags/example_sensor_decorator.py for tasks to queue
[2025-01-30T06:12:07.838+0800] {logging_mixin.py:190} INFO - [2025-01-30T06:12:07.838+0800] {dagbag.py:588} INFO - Filling up the DagBag from /home/anhtupham99/miniforge3/envs/nba/lib/python3.11/site-packages/airflow/example_dags/example_sensor_decorator.py
[2025-01-30T06:12:07.845+0800] {processor.py:925} INFO - DAG(s) 'example_sensor_decorator' retrieved from /home/anhtupham99/miniforge3/envs/nba/lib/python3.11/site-packages/airflow/example_dags/example_sensor_decorator.py
[2025-01-30T06:12:07.855+0800] {logging_mixin.py:190} INFO - [2025-01-30T06:12:07.855+0800] {dag.py:3239} INFO - Sync 1 DAGs
[2025-01-30T06:12:07.864+0800] {logging_mixin.py:190} INFO - [2025-01-30T06:12:07.863+0800] {dag.py:4180} INFO - Setting next_dagrun for example_sensor_decorator to None, run_after=None
[2025-01-30T06:12:07.891+0800] {processor.py:208} INFO - Processing /home/anhtupham99/miniforge3/envs/nba/lib/python3.11/site-packages/airflow/example_dags/example_sensor_decorator.py took 0.063 seconds
[2025-01-30T06:13:02.018+0800] {processor.py:186} INFO - Started process (PID=27389) to work on /home/anhtupham99/miniforge3/envs/nba/lib/python3.11/site-packages/airflow/example_dags/example_sensor_decorator.py
[2025-01-30T06:13:02.019+0800] {processor.py:914} INFO - Processing file /home/anhtupham99/miniforge3/envs/nba/lib/python3.11/site-packages/airflow/example_dags/example_sensor_decorator.py for tasks to queue
[2025-01-30T06:13:02.021+0800] {logging_mixin.py:190} INFO - [2025-01-30T06:13:02.021+0800] {dagbag.py:588} INFO - Filling up the DagBag from /home/anhtupham99/miniforge3/envs/nba/lib/python3.11/site-packages/airflow/example_dags/example_sensor_decorator.py
[2025-01-30T06:13:02.028+0800] {processor.py:925} INFO - DAG(s) 'example_sensor_decorator' retrieved from /home/anhtupham99/miniforge3/envs/nba/lib/python3.11/site-packages/airflow/example_dags/example_sensor_decorator.py
[2025-01-30T06:13:02.038+0800] {logging_mixin.py:190} INFO - [2025-01-30T06:13:02.038+0800] {dag.py:3239} INFO - Sync 1 DAGs
[2025-01-30T06:13:02.046+0800] {logging_mixin.py:190} INFO - [2025-01-30T06:13:02.046+0800] {dag.py:4180} INFO - Setting next_dagrun for example_sensor_decorator to None, run_after=None
[2025-01-30T06:13:02.072+0800] {processor.py:208} INFO - Processing /home/anhtupham99/miniforge3/envs/nba/lib/python3.11/site-packages/airflow/example_dags/example_sensor_decorator.py took 0.061 seconds
[2025-01-30T06:13:51.953+0800] {processor.py:186} INFO - Started process (PID=27727) to work on /home/anhtupham99/miniforge3/envs/nba/lib/python3.11/site-packages/airflow/example_dags/example_sensor_decorator.py
[2025-01-30T06:13:51.954+0800] {processor.py:914} INFO - Processing file /home/anhtupham99/miniforge3/envs/nba/lib/python3.11/site-packages/airflow/example_dags/example_sensor_decorator.py for tasks to queue
[2025-01-30T06:13:51.956+0800] {logging_mixin.py:190} INFO - [2025-01-30T06:13:51.956+0800] {dagbag.py:588} INFO - Filling up the DagBag from /home/anhtupham99/miniforge3/envs/nba/lib/python3.11/site-packages/airflow/example_dags/example_sensor_decorator.py
[2025-01-30T06:13:51.963+0800] {processor.py:925} INFO - DAG(s) 'example_sensor_decorator' retrieved from /home/anhtupham99/miniforge3/envs/nba/lib/python3.11/site-packages/airflow/example_dags/example_sensor_decorator.py
[2025-01-30T06:13:51.978+0800] {logging_mixin.py:190} INFO - [2025-01-30T06:13:51.977+0800] {dag.py:3239} INFO - Sync 1 DAGs
[2025-01-30T06:13:51.988+0800] {logging_mixin.py:190} INFO - [2025-01-30T06:13:51.987+0800] {dag.py:4180} INFO - Setting next_dagrun for example_sensor_decorator to None, run_after=None
[2025-01-30T06:13:52.027+0800] {processor.py:208} INFO - Processing /home/anhtupham99/miniforge3/envs/nba/lib/python3.11/site-packages/airflow/example_dags/example_sensor_decorator.py took 0.080 seconds
