[2025-01-30T02:34:49.188+0800] {processor.py:186} INFO - Started process (PID=14411) to work on /home/anhtupham99/miniforge3/envs/nba/lib/python3.11/site-packages/airflow/example_dags/example_branch_labels.py
[2025-01-30T02:34:49.190+0800] {processor.py:914} INFO - Processing file /home/anhtupham99/miniforge3/envs/nba/lib/python3.11/site-packages/airflow/example_dags/example_branch_labels.py for tasks to queue
[2025-01-30T02:34:49.195+0800] {logging_mixin.py:190} INFO - [2025-01-30T02:34:49.195+0800] {dagbag.py:588} INFO - Filling up the DagBag from /home/anhtupham99/miniforge3/envs/nba/lib/python3.11/site-packages/airflow/example_dags/example_branch_labels.py
[2025-01-30T02:34:49.222+0800] {processor.py:925} INFO - DAG(s) 'example_branch_labels' retrieved from /home/anhtupham99/miniforge3/envs/nba/lib/python3.11/site-packages/airflow/example_dags/example_branch_labels.py
[2025-01-30T02:34:49.344+0800] {logging_mixin.py:190} INFO - [2025-01-30T02:34:49.343+0800] {override.py:1911} INFO - Created Permission View: can delete on DAG:example_branch_labels
[2025-01-30T02:34:49.378+0800] {logging_mixin.py:190} INFO - [2025-01-30T02:34:49.377+0800] {override.py:1911} INFO - Created Permission View: can read on DAG:example_branch_labels
[2025-01-30T02:34:49.404+0800] {logging_mixin.py:190} INFO - [2025-01-30T02:34:49.403+0800] {override.py:1911} INFO - Created Permission View: can edit on DAG:example_branch_labels
[2025-01-30T02:34:49.445+0800] {logging_mixin.py:190} INFO - [2025-01-30T02:34:49.444+0800] {override.py:1911} INFO - Created Permission View: can delete on DAG Run:example_branch_labels
[2025-01-30T02:34:49.469+0800] {logging_mixin.py:190} INFO - [2025-01-30T02:34:49.469+0800] {override.py:1911} INFO - Created Permission View: can create on DAG Run:example_branch_labels
[2025-01-30T02:34:49.495+0800] {logging_mixin.py:190} INFO - [2025-01-30T02:34:49.495+0800] {override.py:1911} INFO - Created Permission View: menu access on DAG Run:example_branch_labels
[2025-01-30T02:34:49.520+0800] {logging_mixin.py:190} INFO - [2025-01-30T02:34:49.520+0800] {override.py:1911} INFO - Created Permission View: can read on DAG Run:example_branch_labels
[2025-01-30T02:34:49.521+0800] {logging_mixin.py:190} INFO - [2025-01-30T02:34:49.521+0800] {dag.py:3239} INFO - Sync 1 DAGs
[2025-01-30T02:34:49.545+0800] {logging_mixin.py:190} INFO - [2025-01-30T02:34:49.545+0800] {dag.py:3262} INFO - Creating ORM DAG for example_branch_labels
[2025-01-30T02:34:49.561+0800] {logging_mixin.py:190} INFO - [2025-01-30T02:34:49.561+0800] {dag.py:4180} INFO - Setting next_dagrun for example_branch_labels to 2025-01-28 00:00:00+00:00, run_after=2025-01-29 00:00:00+00:00
[2025-01-30T02:34:49.593+0800] {processor.py:208} INFO - Processing /home/anhtupham99/miniforge3/envs/nba/lib/python3.11/site-packages/airflow/example_dags/example_branch_labels.py took 0.418 seconds
[2025-01-30T02:36:01.513+0800] {processor.py:186} INFO - Started process (PID=14843) to work on /home/anhtupham99/miniforge3/envs/nba/lib/python3.11/site-packages/airflow/example_dags/example_branch_labels.py
[2025-01-30T02:36:01.517+0800] {processor.py:914} INFO - Processing file /home/anhtupham99/miniforge3/envs/nba/lib/python3.11/site-packages/airflow/example_dags/example_branch_labels.py for tasks to queue
[2025-01-30T02:36:01.519+0800] {logging_mixin.py:190} INFO - [2025-01-30T02:36:01.518+0800] {dagbag.py:588} INFO - Filling up the DagBag from /home/anhtupham99/miniforge3/envs/nba/lib/python3.11/site-packages/airflow/example_dags/example_branch_labels.py
[2025-01-30T02:36:01.528+0800] {processor.py:925} INFO - DAG(s) 'example_branch_labels' retrieved from /home/anhtupham99/miniforge3/envs/nba/lib/python3.11/site-packages/airflow/example_dags/example_branch_labels.py
[2025-01-30T02:36:01.540+0800] {logging_mixin.py:190} INFO - [2025-01-30T02:36:01.540+0800] {dag.py:3239} INFO - Sync 1 DAGs
[2025-01-30T02:36:01.554+0800] {logging_mixin.py:190} INFO - [2025-01-30T02:36:01.554+0800] {dag.py:4180} INFO - Setting next_dagrun for example_branch_labels to 2025-01-28 00:00:00+00:00, run_after=2025-01-29 00:00:00+00:00
[2025-01-30T02:36:01.578+0800] {processor.py:208} INFO - Processing /home/anhtupham99/miniforge3/envs/nba/lib/python3.11/site-packages/airflow/example_dags/example_branch_labels.py took 0.070 seconds
[2025-01-30T02:48:00.079+0800] {processor.py:186} INFO - Started process (PID=18965) to work on /home/anhtupham99/miniforge3/envs/nba/lib/python3.11/site-packages/airflow/example_dags/example_branch_labels.py
[2025-01-30T02:48:00.082+0800] {processor.py:914} INFO - Processing file /home/anhtupham99/miniforge3/envs/nba/lib/python3.11/site-packages/airflow/example_dags/example_branch_labels.py for tasks to queue
[2025-01-30T02:48:00.084+0800] {logging_mixin.py:190} INFO - [2025-01-30T02:48:00.083+0800] {dagbag.py:588} INFO - Filling up the DagBag from /home/anhtupham99/miniforge3/envs/nba/lib/python3.11/site-packages/airflow/example_dags/example_branch_labels.py
[2025-01-30T02:48:00.092+0800] {processor.py:925} INFO - DAG(s) 'example_branch_labels' retrieved from /home/anhtupham99/miniforge3/envs/nba/lib/python3.11/site-packages/airflow/example_dags/example_branch_labels.py
[2025-01-30T02:48:00.109+0800] {logging_mixin.py:190} INFO - [2025-01-30T02:48:00.109+0800] {dag.py:3239} INFO - Sync 1 DAGs
[2025-01-30T02:48:00.123+0800] {logging_mixin.py:190} INFO - [2025-01-30T02:48:00.123+0800] {dag.py:4180} INFO - Setting next_dagrun for example_branch_labels to 2025-01-28 00:00:00+00:00, run_after=2025-01-29 00:00:00+00:00
[2025-01-30T02:48:00.160+0800] {processor.py:208} INFO - Processing /home/anhtupham99/miniforge3/envs/nba/lib/python3.11/site-packages/airflow/example_dags/example_branch_labels.py took 0.094 seconds
[2025-01-30T02:48:56.688+0800] {processor.py:186} INFO - Started process (PID=19358) to work on /home/anhtupham99/miniforge3/envs/nba/lib/python3.11/site-packages/airflow/example_dags/example_branch_labels.py
[2025-01-30T02:48:56.690+0800] {processor.py:914} INFO - Processing file /home/anhtupham99/miniforge3/envs/nba/lib/python3.11/site-packages/airflow/example_dags/example_branch_labels.py for tasks to queue
[2025-01-30T02:48:56.693+0800] {logging_mixin.py:190} INFO - [2025-01-30T02:48:56.693+0800] {dagbag.py:588} INFO - Filling up the DagBag from /home/anhtupham99/miniforge3/envs/nba/lib/python3.11/site-packages/airflow/example_dags/example_branch_labels.py
[2025-01-30T02:48:56.719+0800] {processor.py:925} INFO - DAG(s) 'example_branch_labels' retrieved from /home/anhtupham99/miniforge3/envs/nba/lib/python3.11/site-packages/airflow/example_dags/example_branch_labels.py
[2025-01-30T02:48:56.739+0800] {logging_mixin.py:190} INFO - [2025-01-30T02:48:56.739+0800] {dag.py:3239} INFO - Sync 1 DAGs
[2025-01-30T02:48:56.761+0800] {logging_mixin.py:190} INFO - [2025-01-30T02:48:56.761+0800] {dag.py:4180} INFO - Setting next_dagrun for example_branch_labels to 2025-01-28 00:00:00+00:00, run_after=2025-01-29 00:00:00+00:00
[2025-01-30T02:48:56.794+0800] {processor.py:208} INFO - Processing /home/anhtupham99/miniforge3/envs/nba/lib/python3.11/site-packages/airflow/example_dags/example_branch_labels.py took 0.110 seconds
[2025-01-30T02:49:48.893+0800] {processor.py:186} INFO - Started process (PID=19679) to work on /home/anhtupham99/miniforge3/envs/nba/lib/python3.11/site-packages/airflow/example_dags/example_branch_labels.py
[2025-01-30T02:49:48.895+0800] {processor.py:914} INFO - Processing file /home/anhtupham99/miniforge3/envs/nba/lib/python3.11/site-packages/airflow/example_dags/example_branch_labels.py for tasks to queue
[2025-01-30T02:49:48.899+0800] {logging_mixin.py:190} INFO - [2025-01-30T02:49:48.899+0800] {dagbag.py:588} INFO - Filling up the DagBag from /home/anhtupham99/miniforge3/envs/nba/lib/python3.11/site-packages/airflow/example_dags/example_branch_labels.py
[2025-01-30T02:49:48.912+0800] {processor.py:925} INFO - DAG(s) 'example_branch_labels' retrieved from /home/anhtupham99/miniforge3/envs/nba/lib/python3.11/site-packages/airflow/example_dags/example_branch_labels.py
[2025-01-30T02:49:48.923+0800] {logging_mixin.py:190} INFO - [2025-01-30T02:49:48.922+0800] {dag.py:3239} INFO - Sync 1 DAGs
[2025-01-30T02:49:48.937+0800] {logging_mixin.py:190} INFO - [2025-01-30T02:49:48.937+0800] {dag.py:4180} INFO - Setting next_dagrun for example_branch_labels to 2025-01-28 00:00:00+00:00, run_after=2025-01-29 00:00:00+00:00
[2025-01-30T02:49:48.963+0800] {processor.py:208} INFO - Processing /home/anhtupham99/miniforge3/envs/nba/lib/python3.11/site-packages/airflow/example_dags/example_branch_labels.py took 0.081 seconds
[2025-01-30T02:50:43.968+0800] {processor.py:186} INFO - Started process (PID=19994) to work on /home/anhtupham99/miniforge3/envs/nba/lib/python3.11/site-packages/airflow/example_dags/example_branch_labels.py
[2025-01-30T02:50:43.970+0800] {processor.py:914} INFO - Processing file /home/anhtupham99/miniforge3/envs/nba/lib/python3.11/site-packages/airflow/example_dags/example_branch_labels.py for tasks to queue
[2025-01-30T02:50:43.973+0800] {logging_mixin.py:190} INFO - [2025-01-30T02:50:43.973+0800] {dagbag.py:588} INFO - Filling up the DagBag from /home/anhtupham99/miniforge3/envs/nba/lib/python3.11/site-packages/airflow/example_dags/example_branch_labels.py
[2025-01-30T02:50:43.986+0800] {processor.py:925} INFO - DAG(s) 'example_branch_labels' retrieved from /home/anhtupham99/miniforge3/envs/nba/lib/python3.11/site-packages/airflow/example_dags/example_branch_labels.py
[2025-01-30T02:50:44.001+0800] {logging_mixin.py:190} INFO - [2025-01-30T02:50:44.001+0800] {dag.py:3239} INFO - Sync 1 DAGs
[2025-01-30T02:50:44.016+0800] {logging_mixin.py:190} INFO - [2025-01-30T02:50:44.016+0800] {dag.py:4180} INFO - Setting next_dagrun for example_branch_labels to 2025-01-28 00:00:00+00:00, run_after=2025-01-29 00:00:00+00:00
[2025-01-30T02:50:44.041+0800] {processor.py:208} INFO - Processing /home/anhtupham99/miniforge3/envs/nba/lib/python3.11/site-packages/airflow/example_dags/example_branch_labels.py took 0.090 seconds
[2025-01-30T02:51:39.102+0800] {processor.py:186} INFO - Started process (PID=20297) to work on /home/anhtupham99/miniforge3/envs/nba/lib/python3.11/site-packages/airflow/example_dags/example_branch_labels.py
[2025-01-30T02:51:39.106+0800] {processor.py:914} INFO - Processing file /home/anhtupham99/miniforge3/envs/nba/lib/python3.11/site-packages/airflow/example_dags/example_branch_labels.py for tasks to queue
[2025-01-30T02:51:39.111+0800] {logging_mixin.py:190} INFO - [2025-01-30T02:51:39.110+0800] {dagbag.py:588} INFO - Filling up the DagBag from /home/anhtupham99/miniforge3/envs/nba/lib/python3.11/site-packages/airflow/example_dags/example_branch_labels.py
[2025-01-30T02:51:39.124+0800] {processor.py:925} INFO - DAG(s) 'example_branch_labels' retrieved from /home/anhtupham99/miniforge3/envs/nba/lib/python3.11/site-packages/airflow/example_dags/example_branch_labels.py
[2025-01-30T02:51:39.134+0800] {logging_mixin.py:190} INFO - [2025-01-30T02:51:39.134+0800] {dag.py:3239} INFO - Sync 1 DAGs
[2025-01-30T02:51:39.147+0800] {logging_mixin.py:190} INFO - [2025-01-30T02:51:39.147+0800] {dag.py:4180} INFO - Setting next_dagrun for example_branch_labels to 2025-01-28 00:00:00+00:00, run_after=2025-01-29 00:00:00+00:00
[2025-01-30T02:51:39.185+0800] {processor.py:208} INFO - Processing /home/anhtupham99/miniforge3/envs/nba/lib/python3.11/site-packages/airflow/example_dags/example_branch_labels.py took 0.095 seconds
[2025-01-30T02:52:31.663+0800] {processor.py:186} INFO - Started process (PID=20587) to work on /home/anhtupham99/miniforge3/envs/nba/lib/python3.11/site-packages/airflow/example_dags/example_branch_labels.py
[2025-01-30T02:52:31.668+0800] {processor.py:914} INFO - Processing file /home/anhtupham99/miniforge3/envs/nba/lib/python3.11/site-packages/airflow/example_dags/example_branch_labels.py for tasks to queue
[2025-01-30T02:52:31.671+0800] {logging_mixin.py:190} INFO - [2025-01-30T02:52:31.671+0800] {dagbag.py:588} INFO - Filling up the DagBag from /home/anhtupham99/miniforge3/envs/nba/lib/python3.11/site-packages/airflow/example_dags/example_branch_labels.py
[2025-01-30T02:52:31.694+0800] {processor.py:925} INFO - DAG(s) 'example_branch_labels' retrieved from /home/anhtupham99/miniforge3/envs/nba/lib/python3.11/site-packages/airflow/example_dags/example_branch_labels.py
[2025-01-30T02:52:31.715+0800] {logging_mixin.py:190} INFO - [2025-01-30T02:52:31.715+0800] {dag.py:3239} INFO - Sync 1 DAGs
[2025-01-30T02:52:31.736+0800] {logging_mixin.py:190} INFO - [2025-01-30T02:52:31.735+0800] {dag.py:4180} INFO - Setting next_dagrun for example_branch_labels to 2025-01-28 00:00:00+00:00, run_after=2025-01-29 00:00:00+00:00
[2025-01-30T02:52:31.761+0800] {processor.py:208} INFO - Processing /home/anhtupham99/miniforge3/envs/nba/lib/python3.11/site-packages/airflow/example_dags/example_branch_labels.py took 0.114 seconds
[2025-01-30T02:53:24.187+0800] {processor.py:186} INFO - Started process (PID=20923) to work on /home/anhtupham99/miniforge3/envs/nba/lib/python3.11/site-packages/airflow/example_dags/example_branch_labels.py
[2025-01-30T02:53:24.189+0800] {processor.py:914} INFO - Processing file /home/anhtupham99/miniforge3/envs/nba/lib/python3.11/site-packages/airflow/example_dags/example_branch_labels.py for tasks to queue
[2025-01-30T02:53:24.191+0800] {logging_mixin.py:190} INFO - [2025-01-30T02:53:24.190+0800] {dagbag.py:588} INFO - Filling up the DagBag from /home/anhtupham99/miniforge3/envs/nba/lib/python3.11/site-packages/airflow/example_dags/example_branch_labels.py
[2025-01-30T02:53:24.198+0800] {processor.py:925} INFO - DAG(s) 'example_branch_labels' retrieved from /home/anhtupham99/miniforge3/envs/nba/lib/python3.11/site-packages/airflow/example_dags/example_branch_labels.py
[2025-01-30T02:53:24.209+0800] {logging_mixin.py:190} INFO - [2025-01-30T02:53:24.209+0800] {dag.py:3239} INFO - Sync 1 DAGs
[2025-01-30T02:53:24.223+0800] {logging_mixin.py:190} INFO - [2025-01-30T02:53:24.222+0800] {dag.py:4180} INFO - Setting next_dagrun for example_branch_labels to 2025-01-28 00:00:00+00:00, run_after=2025-01-29 00:00:00+00:00
[2025-01-30T02:53:24.251+0800] {processor.py:208} INFO - Processing /home/anhtupham99/miniforge3/envs/nba/lib/python3.11/site-packages/airflow/example_dags/example_branch_labels.py took 0.068 seconds
[2025-01-30T02:54:17.158+0800] {processor.py:186} INFO - Started process (PID=21221) to work on /home/anhtupham99/miniforge3/envs/nba/lib/python3.11/site-packages/airflow/example_dags/example_branch_labels.py
[2025-01-30T02:54:17.160+0800] {processor.py:914} INFO - Processing file /home/anhtupham99/miniforge3/envs/nba/lib/python3.11/site-packages/airflow/example_dags/example_branch_labels.py for tasks to queue
[2025-01-30T02:54:17.161+0800] {logging_mixin.py:190} INFO - [2025-01-30T02:54:17.161+0800] {dagbag.py:588} INFO - Filling up the DagBag from /home/anhtupham99/miniforge3/envs/nba/lib/python3.11/site-packages/airflow/example_dags/example_branch_labels.py
[2025-01-30T02:54:17.168+0800] {processor.py:925} INFO - DAG(s) 'example_branch_labels' retrieved from /home/anhtupham99/miniforge3/envs/nba/lib/python3.11/site-packages/airflow/example_dags/example_branch_labels.py
[2025-01-30T02:54:17.178+0800] {logging_mixin.py:190} INFO - [2025-01-30T02:54:17.178+0800] {dag.py:3239} INFO - Sync 1 DAGs
[2025-01-30T02:54:17.191+0800] {logging_mixin.py:190} INFO - [2025-01-30T02:54:17.191+0800] {dag.py:4180} INFO - Setting next_dagrun for example_branch_labels to 2025-01-28 00:00:00+00:00, run_after=2025-01-29 00:00:00+00:00
[2025-01-30T02:54:17.214+0800] {processor.py:208} INFO - Processing /home/anhtupham99/miniforge3/envs/nba/lib/python3.11/site-packages/airflow/example_dags/example_branch_labels.py took 0.060 seconds
[2025-01-30T02:55:03.033+0800] {processor.py:186} INFO - Started process (PID=21481) to work on /home/anhtupham99/miniforge3/envs/nba/lib/python3.11/site-packages/airflow/example_dags/example_branch_labels.py
[2025-01-30T02:55:03.035+0800] {processor.py:914} INFO - Processing file /home/anhtupham99/miniforge3/envs/nba/lib/python3.11/site-packages/airflow/example_dags/example_branch_labels.py for tasks to queue
[2025-01-30T02:55:03.036+0800] {logging_mixin.py:190} INFO - [2025-01-30T02:55:03.036+0800] {dagbag.py:588} INFO - Filling up the DagBag from /home/anhtupham99/miniforge3/envs/nba/lib/python3.11/site-packages/airflow/example_dags/example_branch_labels.py
[2025-01-30T02:55:03.044+0800] {processor.py:925} INFO - DAG(s) 'example_branch_labels' retrieved from /home/anhtupham99/miniforge3/envs/nba/lib/python3.11/site-packages/airflow/example_dags/example_branch_labels.py
[2025-01-30T02:55:03.055+0800] {logging_mixin.py:190} INFO - [2025-01-30T02:55:03.055+0800] {dag.py:3239} INFO - Sync 1 DAGs
[2025-01-30T02:55:03.070+0800] {logging_mixin.py:190} INFO - [2025-01-30T02:55:03.069+0800] {dag.py:4180} INFO - Setting next_dagrun for example_branch_labels to 2025-01-28 00:00:00+00:00, run_after=2025-01-29 00:00:00+00:00
[2025-01-30T02:55:03.092+0800] {processor.py:208} INFO - Processing /home/anhtupham99/miniforge3/envs/nba/lib/python3.11/site-packages/airflow/example_dags/example_branch_labels.py took 0.064 seconds
[2025-01-30T02:55:53.733+0800] {processor.py:186} INFO - Started process (PID=21784) to work on /home/anhtupham99/miniforge3/envs/nba/lib/python3.11/site-packages/airflow/example_dags/example_branch_labels.py
[2025-01-30T02:55:53.734+0800] {processor.py:914} INFO - Processing file /home/anhtupham99/miniforge3/envs/nba/lib/python3.11/site-packages/airflow/example_dags/example_branch_labels.py for tasks to queue
[2025-01-30T02:55:53.735+0800] {logging_mixin.py:190} INFO - [2025-01-30T02:55:53.735+0800] {dagbag.py:588} INFO - Filling up the DagBag from /home/anhtupham99/miniforge3/envs/nba/lib/python3.11/site-packages/airflow/example_dags/example_branch_labels.py
[2025-01-30T02:55:53.743+0800] {processor.py:925} INFO - DAG(s) 'example_branch_labels' retrieved from /home/anhtupham99/miniforge3/envs/nba/lib/python3.11/site-packages/airflow/example_dags/example_branch_labels.py
[2025-01-30T02:55:53.753+0800] {logging_mixin.py:190} INFO - [2025-01-30T02:55:53.753+0800] {dag.py:3239} INFO - Sync 1 DAGs
[2025-01-30T02:55:53.766+0800] {logging_mixin.py:190} INFO - [2025-01-30T02:55:53.766+0800] {dag.py:4180} INFO - Setting next_dagrun for example_branch_labels to 2025-01-28 00:00:00+00:00, run_after=2025-01-29 00:00:00+00:00
[2025-01-30T02:55:53.786+0800] {processor.py:208} INFO - Processing /home/anhtupham99/miniforge3/envs/nba/lib/python3.11/site-packages/airflow/example_dags/example_branch_labels.py took 0.058 seconds
[2025-01-30T02:56:38.413+0800] {processor.py:186} INFO - Started process (PID=22044) to work on /home/anhtupham99/miniforge3/envs/nba/lib/python3.11/site-packages/airflow/example_dags/example_branch_labels.py
[2025-01-30T02:56:38.414+0800] {processor.py:914} INFO - Processing file /home/anhtupham99/miniforge3/envs/nba/lib/python3.11/site-packages/airflow/example_dags/example_branch_labels.py for tasks to queue
[2025-01-30T02:56:38.415+0800] {logging_mixin.py:190} INFO - [2025-01-30T02:56:38.415+0800] {dagbag.py:588} INFO - Filling up the DagBag from /home/anhtupham99/miniforge3/envs/nba/lib/python3.11/site-packages/airflow/example_dags/example_branch_labels.py
[2025-01-30T02:56:38.423+0800] {processor.py:925} INFO - DAG(s) 'example_branch_labels' retrieved from /home/anhtupham99/miniforge3/envs/nba/lib/python3.11/site-packages/airflow/example_dags/example_branch_labels.py
[2025-01-30T02:56:38.433+0800] {logging_mixin.py:190} INFO - [2025-01-30T02:56:38.433+0800] {dag.py:3239} INFO - Sync 1 DAGs
[2025-01-30T02:56:38.446+0800] {logging_mixin.py:190} INFO - [2025-01-30T02:56:38.446+0800] {dag.py:4180} INFO - Setting next_dagrun for example_branch_labels to 2025-01-28 00:00:00+00:00, run_after=2025-01-29 00:00:00+00:00
[2025-01-30T02:56:38.468+0800] {processor.py:208} INFO - Processing /home/anhtupham99/miniforge3/envs/nba/lib/python3.11/site-packages/airflow/example_dags/example_branch_labels.py took 0.060 seconds
[2025-01-30T02:57:26.957+0800] {processor.py:186} INFO - Started process (PID=22370) to work on /home/anhtupham99/miniforge3/envs/nba/lib/python3.11/site-packages/airflow/example_dags/example_branch_labels.py
[2025-01-30T02:57:26.958+0800] {processor.py:914} INFO - Processing file /home/anhtupham99/miniforge3/envs/nba/lib/python3.11/site-packages/airflow/example_dags/example_branch_labels.py for tasks to queue
[2025-01-30T02:57:26.960+0800] {logging_mixin.py:190} INFO - [2025-01-30T02:57:26.960+0800] {dagbag.py:588} INFO - Filling up the DagBag from /home/anhtupham99/miniforge3/envs/nba/lib/python3.11/site-packages/airflow/example_dags/example_branch_labels.py
[2025-01-30T02:57:26.967+0800] {processor.py:925} INFO - DAG(s) 'example_branch_labels' retrieved from /home/anhtupham99/miniforge3/envs/nba/lib/python3.11/site-packages/airflow/example_dags/example_branch_labels.py
[2025-01-30T02:57:26.978+0800] {logging_mixin.py:190} INFO - [2025-01-30T02:57:26.977+0800] {dag.py:3239} INFO - Sync 1 DAGs
[2025-01-30T02:57:26.991+0800] {logging_mixin.py:190} INFO - [2025-01-30T02:57:26.991+0800] {dag.py:4180} INFO - Setting next_dagrun for example_branch_labels to 2025-01-28 00:00:00+00:00, run_after=2025-01-29 00:00:00+00:00
[2025-01-30T02:57:27.012+0800] {processor.py:208} INFO - Processing /home/anhtupham99/miniforge3/envs/nba/lib/python3.11/site-packages/airflow/example_dags/example_branch_labels.py took 0.060 seconds
[2025-01-30T02:58:15.952+0800] {processor.py:186} INFO - Started process (PID=22645) to work on /home/anhtupham99/miniforge3/envs/nba/lib/python3.11/site-packages/airflow/example_dags/example_branch_labels.py
[2025-01-30T02:58:15.956+0800] {processor.py:914} INFO - Processing file /home/anhtupham99/miniforge3/envs/nba/lib/python3.11/site-packages/airflow/example_dags/example_branch_labels.py for tasks to queue
[2025-01-30T02:58:15.958+0800] {logging_mixin.py:190} INFO - [2025-01-30T02:58:15.957+0800] {dagbag.py:588} INFO - Filling up the DagBag from /home/anhtupham99/miniforge3/envs/nba/lib/python3.11/site-packages/airflow/example_dags/example_branch_labels.py
[2025-01-30T02:58:15.965+0800] {processor.py:925} INFO - DAG(s) 'example_branch_labels' retrieved from /home/anhtupham99/miniforge3/envs/nba/lib/python3.11/site-packages/airflow/example_dags/example_branch_labels.py
[2025-01-30T02:58:15.975+0800] {logging_mixin.py:190} INFO - [2025-01-30T02:58:15.975+0800] {dag.py:3239} INFO - Sync 1 DAGs
[2025-01-30T02:58:15.988+0800] {logging_mixin.py:190} INFO - [2025-01-30T02:58:15.988+0800] {dag.py:4180} INFO - Setting next_dagrun for example_branch_labels to 2025-01-28 00:00:00+00:00, run_after=2025-01-29 00:00:00+00:00
[2025-01-30T02:58:16.016+0800] {processor.py:208} INFO - Processing /home/anhtupham99/miniforge3/envs/nba/lib/python3.11/site-packages/airflow/example_dags/example_branch_labels.py took 0.068 seconds
[2025-01-30T02:59:06.045+0800] {processor.py:186} INFO - Started process (PID=22933) to work on /home/anhtupham99/miniforge3/envs/nba/lib/python3.11/site-packages/airflow/example_dags/example_branch_labels.py
[2025-01-30T02:59:06.046+0800] {processor.py:914} INFO - Processing file /home/anhtupham99/miniforge3/envs/nba/lib/python3.11/site-packages/airflow/example_dags/example_branch_labels.py for tasks to queue
[2025-01-30T02:59:06.048+0800] {logging_mixin.py:190} INFO - [2025-01-30T02:59:06.048+0800] {dagbag.py:588} INFO - Filling up the DagBag from /home/anhtupham99/miniforge3/envs/nba/lib/python3.11/site-packages/airflow/example_dags/example_branch_labels.py
[2025-01-30T02:59:06.055+0800] {processor.py:925} INFO - DAG(s) 'example_branch_labels' retrieved from /home/anhtupham99/miniforge3/envs/nba/lib/python3.11/site-packages/airflow/example_dags/example_branch_labels.py
[2025-01-30T02:59:06.065+0800] {logging_mixin.py:190} INFO - [2025-01-30T02:59:06.065+0800] {dag.py:3239} INFO - Sync 1 DAGs
[2025-01-30T02:59:06.078+0800] {logging_mixin.py:190} INFO - [2025-01-30T02:59:06.078+0800] {dag.py:4180} INFO - Setting next_dagrun for example_branch_labels to 2025-01-28 00:00:00+00:00, run_after=2025-01-29 00:00:00+00:00
[2025-01-30T02:59:06.100+0800] {processor.py:208} INFO - Processing /home/anhtupham99/miniforge3/envs/nba/lib/python3.11/site-packages/airflow/example_dags/example_branch_labels.py took 0.059 seconds
[2025-01-30T02:59:56.081+0800] {processor.py:186} INFO - Started process (PID=23222) to work on /home/anhtupham99/miniforge3/envs/nba/lib/python3.11/site-packages/airflow/example_dags/example_branch_labels.py
[2025-01-30T02:59:56.083+0800] {processor.py:914} INFO - Processing file /home/anhtupham99/miniforge3/envs/nba/lib/python3.11/site-packages/airflow/example_dags/example_branch_labels.py for tasks to queue
[2025-01-30T02:59:56.084+0800] {logging_mixin.py:190} INFO - [2025-01-30T02:59:56.084+0800] {dagbag.py:588} INFO - Filling up the DagBag from /home/anhtupham99/miniforge3/envs/nba/lib/python3.11/site-packages/airflow/example_dags/example_branch_labels.py
[2025-01-30T02:59:56.092+0800] {processor.py:925} INFO - DAG(s) 'example_branch_labels' retrieved from /home/anhtupham99/miniforge3/envs/nba/lib/python3.11/site-packages/airflow/example_dags/example_branch_labels.py
[2025-01-30T02:59:56.102+0800] {logging_mixin.py:190} INFO - [2025-01-30T02:59:56.102+0800] {dag.py:3239} INFO - Sync 1 DAGs
[2025-01-30T02:59:56.116+0800] {logging_mixin.py:190} INFO - [2025-01-30T02:59:56.116+0800] {dag.py:4180} INFO - Setting next_dagrun for example_branch_labels to 2025-01-28 00:00:00+00:00, run_after=2025-01-29 00:00:00+00:00
[2025-01-30T02:59:56.152+0800] {processor.py:208} INFO - Processing /home/anhtupham99/miniforge3/envs/nba/lib/python3.11/site-packages/airflow/example_dags/example_branch_labels.py took 0.076 seconds
[2025-01-30T03:00:48.047+0800] {processor.py:186} INFO - Started process (PID=23529) to work on /home/anhtupham99/miniforge3/envs/nba/lib/python3.11/site-packages/airflow/example_dags/example_branch_labels.py
[2025-01-30T03:00:48.048+0800] {processor.py:914} INFO - Processing file /home/anhtupham99/miniforge3/envs/nba/lib/python3.11/site-packages/airflow/example_dags/example_branch_labels.py for tasks to queue
[2025-01-30T03:00:48.050+0800] {logging_mixin.py:190} INFO - [2025-01-30T03:00:48.050+0800] {dagbag.py:588} INFO - Filling up the DagBag from /home/anhtupham99/miniforge3/envs/nba/lib/python3.11/site-packages/airflow/example_dags/example_branch_labels.py
[2025-01-30T03:00:48.057+0800] {processor.py:925} INFO - DAG(s) 'example_branch_labels' retrieved from /home/anhtupham99/miniforge3/envs/nba/lib/python3.11/site-packages/airflow/example_dags/example_branch_labels.py
[2025-01-30T03:00:48.066+0800] {logging_mixin.py:190} INFO - [2025-01-30T03:00:48.066+0800] {dag.py:3239} INFO - Sync 1 DAGs
[2025-01-30T03:00:48.079+0800] {logging_mixin.py:190} INFO - [2025-01-30T03:00:48.079+0800] {dag.py:4180} INFO - Setting next_dagrun for example_branch_labels to 2025-01-28 00:00:00+00:00, run_after=2025-01-29 00:00:00+00:00
[2025-01-30T03:00:48.101+0800] {processor.py:208} INFO - Processing /home/anhtupham99/miniforge3/envs/nba/lib/python3.11/site-packages/airflow/example_dags/example_branch_labels.py took 0.058 seconds
[2025-01-30T03:01:33.069+0800] {processor.py:186} INFO - Started process (PID=23792) to work on /home/anhtupham99/miniforge3/envs/nba/lib/python3.11/site-packages/airflow/example_dags/example_branch_labels.py
[2025-01-30T03:01:33.070+0800] {processor.py:914} INFO - Processing file /home/anhtupham99/miniforge3/envs/nba/lib/python3.11/site-packages/airflow/example_dags/example_branch_labels.py for tasks to queue
[2025-01-30T03:01:33.072+0800] {logging_mixin.py:190} INFO - [2025-01-30T03:01:33.072+0800] {dagbag.py:588} INFO - Filling up the DagBag from /home/anhtupham99/miniforge3/envs/nba/lib/python3.11/site-packages/airflow/example_dags/example_branch_labels.py
[2025-01-30T03:01:33.079+0800] {processor.py:925} INFO - DAG(s) 'example_branch_labels' retrieved from /home/anhtupham99/miniforge3/envs/nba/lib/python3.11/site-packages/airflow/example_dags/example_branch_labels.py
[2025-01-30T03:01:33.089+0800] {logging_mixin.py:190} INFO - [2025-01-30T03:01:33.089+0800] {dag.py:3239} INFO - Sync 1 DAGs
[2025-01-30T03:01:33.102+0800] {logging_mixin.py:190} INFO - [2025-01-30T03:01:33.102+0800] {dag.py:4180} INFO - Setting next_dagrun for example_branch_labels to 2025-01-28 00:00:00+00:00, run_after=2025-01-29 00:00:00+00:00
[2025-01-30T03:01:33.124+0800] {processor.py:208} INFO - Processing /home/anhtupham99/miniforge3/envs/nba/lib/python3.11/site-packages/airflow/example_dags/example_branch_labels.py took 0.059 seconds
[2025-01-30T03:02:20.242+0800] {processor.py:186} INFO - Started process (PID=24096) to work on /home/anhtupham99/miniforge3/envs/nba/lib/python3.11/site-packages/airflow/example_dags/example_branch_labels.py
[2025-01-30T03:02:20.243+0800] {processor.py:914} INFO - Processing file /home/anhtupham99/miniforge3/envs/nba/lib/python3.11/site-packages/airflow/example_dags/example_branch_labels.py for tasks to queue
[2025-01-30T03:02:20.245+0800] {logging_mixin.py:190} INFO - [2025-01-30T03:02:20.245+0800] {dagbag.py:588} INFO - Filling up the DagBag from /home/anhtupham99/miniforge3/envs/nba/lib/python3.11/site-packages/airflow/example_dags/example_branch_labels.py
[2025-01-30T03:02:20.252+0800] {processor.py:925} INFO - DAG(s) 'example_branch_labels' retrieved from /home/anhtupham99/miniforge3/envs/nba/lib/python3.11/site-packages/airflow/example_dags/example_branch_labels.py
[2025-01-30T03:02:20.263+0800] {logging_mixin.py:190} INFO - [2025-01-30T03:02:20.263+0800] {dag.py:3239} INFO - Sync 1 DAGs
[2025-01-30T03:02:20.277+0800] {logging_mixin.py:190} INFO - [2025-01-30T03:02:20.277+0800] {dag.py:4180} INFO - Setting next_dagrun for example_branch_labels to 2025-01-28 00:00:00+00:00, run_after=2025-01-29 00:00:00+00:00
[2025-01-30T03:02:20.305+0800] {processor.py:208} INFO - Processing /home/anhtupham99/miniforge3/envs/nba/lib/python3.11/site-packages/airflow/example_dags/example_branch_labels.py took 0.067 seconds
[2025-01-30T03:03:07.162+0800] {processor.py:186} INFO - Started process (PID=24363) to work on /home/anhtupham99/miniforge3/envs/nba/lib/python3.11/site-packages/airflow/example_dags/example_branch_labels.py
[2025-01-30T03:03:07.164+0800] {processor.py:914} INFO - Processing file /home/anhtupham99/miniforge3/envs/nba/lib/python3.11/site-packages/airflow/example_dags/example_branch_labels.py for tasks to queue
[2025-01-30T03:03:07.165+0800] {logging_mixin.py:190} INFO - [2025-01-30T03:03:07.165+0800] {dagbag.py:588} INFO - Filling up the DagBag from /home/anhtupham99/miniforge3/envs/nba/lib/python3.11/site-packages/airflow/example_dags/example_branch_labels.py
[2025-01-30T03:03:07.173+0800] {processor.py:925} INFO - DAG(s) 'example_branch_labels' retrieved from /home/anhtupham99/miniforge3/envs/nba/lib/python3.11/site-packages/airflow/example_dags/example_branch_labels.py
[2025-01-30T03:03:07.184+0800] {logging_mixin.py:190} INFO - [2025-01-30T03:03:07.184+0800] {dag.py:3239} INFO - Sync 1 DAGs
[2025-01-30T03:03:07.198+0800] {logging_mixin.py:190} INFO - [2025-01-30T03:03:07.198+0800] {dag.py:4180} INFO - Setting next_dagrun for example_branch_labels to 2025-01-28 00:00:00+00:00, run_after=2025-01-29 00:00:00+00:00
[2025-01-30T03:03:07.222+0800] {processor.py:208} INFO - Processing /home/anhtupham99/miniforge3/envs/nba/lib/python3.11/site-packages/airflow/example_dags/example_branch_labels.py took 0.064 seconds
[2025-01-30T03:03:55.278+0800] {processor.py:186} INFO - Started process (PID=24638) to work on /home/anhtupham99/miniforge3/envs/nba/lib/python3.11/site-packages/airflow/example_dags/example_branch_labels.py
[2025-01-30T03:03:55.280+0800] {processor.py:914} INFO - Processing file /home/anhtupham99/miniforge3/envs/nba/lib/python3.11/site-packages/airflow/example_dags/example_branch_labels.py for tasks to queue
[2025-01-30T03:03:55.281+0800] {logging_mixin.py:190} INFO - [2025-01-30T03:03:55.281+0800] {dagbag.py:588} INFO - Filling up the DagBag from /home/anhtupham99/miniforge3/envs/nba/lib/python3.11/site-packages/airflow/example_dags/example_branch_labels.py
[2025-01-30T03:03:55.288+0800] {processor.py:925} INFO - DAG(s) 'example_branch_labels' retrieved from /home/anhtupham99/miniforge3/envs/nba/lib/python3.11/site-packages/airflow/example_dags/example_branch_labels.py
[2025-01-30T03:03:55.298+0800] {logging_mixin.py:190} INFO - [2025-01-30T03:03:55.298+0800] {dag.py:3239} INFO - Sync 1 DAGs
[2025-01-30T03:03:55.311+0800] {logging_mixin.py:190} INFO - [2025-01-30T03:03:55.311+0800] {dag.py:4180} INFO - Setting next_dagrun for example_branch_labels to 2025-01-28 00:00:00+00:00, run_after=2025-01-29 00:00:00+00:00
[2025-01-30T03:03:55.333+0800] {processor.py:208} INFO - Processing /home/anhtupham99/miniforge3/envs/nba/lib/python3.11/site-packages/airflow/example_dags/example_branch_labels.py took 0.059 seconds
[2025-01-30T03:04:43.968+0800] {processor.py:186} INFO - Started process (PID=24946) to work on /home/anhtupham99/miniforge3/envs/nba/lib/python3.11/site-packages/airflow/example_dags/example_branch_labels.py
[2025-01-30T03:04:43.972+0800] {processor.py:914} INFO - Processing file /home/anhtupham99/miniforge3/envs/nba/lib/python3.11/site-packages/airflow/example_dags/example_branch_labels.py for tasks to queue
[2025-01-30T03:04:43.973+0800] {logging_mixin.py:190} INFO - [2025-01-30T03:04:43.973+0800] {dagbag.py:588} INFO - Filling up the DagBag from /home/anhtupham99/miniforge3/envs/nba/lib/python3.11/site-packages/airflow/example_dags/example_branch_labels.py
[2025-01-30T03:04:43.980+0800] {processor.py:925} INFO - DAG(s) 'example_branch_labels' retrieved from /home/anhtupham99/miniforge3/envs/nba/lib/python3.11/site-packages/airflow/example_dags/example_branch_labels.py
[2025-01-30T03:04:43.990+0800] {logging_mixin.py:190} INFO - [2025-01-30T03:04:43.990+0800] {dag.py:3239} INFO - Sync 1 DAGs
[2025-01-30T03:04:44.003+0800] {logging_mixin.py:190} INFO - [2025-01-30T03:04:44.003+0800] {dag.py:4180} INFO - Setting next_dagrun for example_branch_labels to 2025-01-28 00:00:00+00:00, run_after=2025-01-29 00:00:00+00:00
[2025-01-30T03:04:44.025+0800] {processor.py:208} INFO - Processing /home/anhtupham99/miniforge3/envs/nba/lib/python3.11/site-packages/airflow/example_dags/example_branch_labels.py took 0.060 seconds
[2025-01-30T03:05:35.623+0800] {processor.py:186} INFO - Started process (PID=25252) to work on /home/anhtupham99/miniforge3/envs/nba/lib/python3.11/site-packages/airflow/example_dags/example_branch_labels.py
[2025-01-30T03:05:35.628+0800] {processor.py:914} INFO - Processing file /home/anhtupham99/miniforge3/envs/nba/lib/python3.11/site-packages/airflow/example_dags/example_branch_labels.py for tasks to queue
[2025-01-30T03:05:35.629+0800] {logging_mixin.py:190} INFO - [2025-01-30T03:05:35.629+0800] {dagbag.py:588} INFO - Filling up the DagBag from /home/anhtupham99/miniforge3/envs/nba/lib/python3.11/site-packages/airflow/example_dags/example_branch_labels.py
[2025-01-30T03:05:35.637+0800] {processor.py:925} INFO - DAG(s) 'example_branch_labels' retrieved from /home/anhtupham99/miniforge3/envs/nba/lib/python3.11/site-packages/airflow/example_dags/example_branch_labels.py
[2025-01-30T03:05:35.648+0800] {logging_mixin.py:190} INFO - [2025-01-30T03:05:35.648+0800] {dag.py:3239} INFO - Sync 1 DAGs
[2025-01-30T03:05:35.663+0800] {logging_mixin.py:190} INFO - [2025-01-30T03:05:35.663+0800] {dag.py:4180} INFO - Setting next_dagrun for example_branch_labels to 2025-01-28 00:00:00+00:00, run_after=2025-01-29 00:00:00+00:00
[2025-01-30T03:05:35.687+0800] {processor.py:208} INFO - Processing /home/anhtupham99/miniforge3/envs/nba/lib/python3.11/site-packages/airflow/example_dags/example_branch_labels.py took 0.068 seconds
[2025-01-30T03:06:22.997+0800] {processor.py:186} INFO - Started process (PID=25517) to work on /home/anhtupham99/miniforge3/envs/nba/lib/python3.11/site-packages/airflow/example_dags/example_branch_labels.py
[2025-01-30T03:06:22.998+0800] {processor.py:914} INFO - Processing file /home/anhtupham99/miniforge3/envs/nba/lib/python3.11/site-packages/airflow/example_dags/example_branch_labels.py for tasks to queue
[2025-01-30T03:06:23.000+0800] {logging_mixin.py:190} INFO - [2025-01-30T03:06:22.999+0800] {dagbag.py:588} INFO - Filling up the DagBag from /home/anhtupham99/miniforge3/envs/nba/lib/python3.11/site-packages/airflow/example_dags/example_branch_labels.py
[2025-01-30T03:06:23.007+0800] {processor.py:925} INFO - DAG(s) 'example_branch_labels' retrieved from /home/anhtupham99/miniforge3/envs/nba/lib/python3.11/site-packages/airflow/example_dags/example_branch_labels.py
[2025-01-30T03:06:23.017+0800] {logging_mixin.py:190} INFO - [2025-01-30T03:06:23.017+0800] {dag.py:3239} INFO - Sync 1 DAGs
[2025-01-30T03:06:23.031+0800] {logging_mixin.py:190} INFO - [2025-01-30T03:06:23.031+0800] {dag.py:4180} INFO - Setting next_dagrun for example_branch_labels to 2025-01-28 00:00:00+00:00, run_after=2025-01-29 00:00:00+00:00
[2025-01-30T03:06:23.053+0800] {processor.py:208} INFO - Processing /home/anhtupham99/miniforge3/envs/nba/lib/python3.11/site-packages/airflow/example_dags/example_branch_labels.py took 0.061 seconds
[2025-01-30T03:07:14.320+0800] {processor.py:186} INFO - Started process (PID=25856) to work on /home/anhtupham99/miniforge3/envs/nba/lib/python3.11/site-packages/airflow/example_dags/example_branch_labels.py
[2025-01-30T03:07:14.321+0800] {processor.py:914} INFO - Processing file /home/anhtupham99/miniforge3/envs/nba/lib/python3.11/site-packages/airflow/example_dags/example_branch_labels.py for tasks to queue
[2025-01-30T03:07:14.323+0800] {logging_mixin.py:190} INFO - [2025-01-30T03:07:14.323+0800] {dagbag.py:588} INFO - Filling up the DagBag from /home/anhtupham99/miniforge3/envs/nba/lib/python3.11/site-packages/airflow/example_dags/example_branch_labels.py
[2025-01-30T03:07:14.331+0800] {processor.py:925} INFO - DAG(s) 'example_branch_labels' retrieved from /home/anhtupham99/miniforge3/envs/nba/lib/python3.11/site-packages/airflow/example_dags/example_branch_labels.py
[2025-01-30T03:07:14.343+0800] {logging_mixin.py:190} INFO - [2025-01-30T03:07:14.343+0800] {dag.py:3239} INFO - Sync 1 DAGs
[2025-01-30T03:07:14.359+0800] {logging_mixin.py:190} INFO - [2025-01-30T03:07:14.359+0800] {dag.py:4180} INFO - Setting next_dagrun for example_branch_labels to 2025-01-28 00:00:00+00:00, run_after=2025-01-29 00:00:00+00:00
[2025-01-30T03:07:14.385+0800] {processor.py:208} INFO - Processing /home/anhtupham99/miniforge3/envs/nba/lib/python3.11/site-packages/airflow/example_dags/example_branch_labels.py took 0.071 seconds
[2025-01-30T03:08:04.190+0800] {processor.py:186} INFO - Started process (PID=26134) to work on /home/anhtupham99/miniforge3/envs/nba/lib/python3.11/site-packages/airflow/example_dags/example_branch_labels.py
[2025-01-30T03:08:04.192+0800] {processor.py:914} INFO - Processing file /home/anhtupham99/miniforge3/envs/nba/lib/python3.11/site-packages/airflow/example_dags/example_branch_labels.py for tasks to queue
[2025-01-30T03:08:04.193+0800] {logging_mixin.py:190} INFO - [2025-01-30T03:08:04.193+0800] {dagbag.py:588} INFO - Filling up the DagBag from /home/anhtupham99/miniforge3/envs/nba/lib/python3.11/site-packages/airflow/example_dags/example_branch_labels.py
[2025-01-30T03:08:04.202+0800] {processor.py:925} INFO - DAG(s) 'example_branch_labels' retrieved from /home/anhtupham99/miniforge3/envs/nba/lib/python3.11/site-packages/airflow/example_dags/example_branch_labels.py
[2025-01-30T03:08:04.214+0800] {logging_mixin.py:190} INFO - [2025-01-30T03:08:04.214+0800] {dag.py:3239} INFO - Sync 1 DAGs
[2025-01-30T03:08:04.229+0800] {logging_mixin.py:190} INFO - [2025-01-30T03:08:04.229+0800] {dag.py:4180} INFO - Setting next_dagrun for example_branch_labels to 2025-01-28 00:00:00+00:00, run_after=2025-01-29 00:00:00+00:00
[2025-01-30T03:08:04.253+0800] {processor.py:208} INFO - Processing /home/anhtupham99/miniforge3/envs/nba/lib/python3.11/site-packages/airflow/example_dags/example_branch_labels.py took 0.067 seconds
[2025-01-30T03:08:51.043+0800] {processor.py:186} INFO - Started process (PID=26401) to work on /home/anhtupham99/miniforge3/envs/nba/lib/python3.11/site-packages/airflow/example_dags/example_branch_labels.py
[2025-01-30T03:08:51.045+0800] {processor.py:914} INFO - Processing file /home/anhtupham99/miniforge3/envs/nba/lib/python3.11/site-packages/airflow/example_dags/example_branch_labels.py for tasks to queue
[2025-01-30T03:08:51.048+0800] {logging_mixin.py:190} INFO - [2025-01-30T03:08:51.047+0800] {dagbag.py:588} INFO - Filling up the DagBag from /home/anhtupham99/miniforge3/envs/nba/lib/python3.11/site-packages/airflow/example_dags/example_branch_labels.py
[2025-01-30T03:08:51.059+0800] {processor.py:925} INFO - DAG(s) 'example_branch_labels' retrieved from /home/anhtupham99/miniforge3/envs/nba/lib/python3.11/site-packages/airflow/example_dags/example_branch_labels.py
[2025-01-30T03:08:51.075+0800] {logging_mixin.py:190} INFO - [2025-01-30T03:08:51.075+0800] {dag.py:3239} INFO - Sync 1 DAGs
[2025-01-30T03:08:51.094+0800] {logging_mixin.py:190} INFO - [2025-01-30T03:08:51.094+0800] {dag.py:4180} INFO - Setting next_dagrun for example_branch_labels to 2025-01-28 00:00:00+00:00, run_after=2025-01-29 00:00:00+00:00
[2025-01-30T03:08:51.119+0800] {processor.py:208} INFO - Processing /home/anhtupham99/miniforge3/envs/nba/lib/python3.11/site-packages/airflow/example_dags/example_branch_labels.py took 0.081 seconds
[2025-01-30T03:09:39.774+0800] {processor.py:186} INFO - Started process (PID=26696) to work on /home/anhtupham99/miniforge3/envs/nba/lib/python3.11/site-packages/airflow/example_dags/example_branch_labels.py
[2025-01-30T03:09:39.775+0800] {processor.py:914} INFO - Processing file /home/anhtupham99/miniforge3/envs/nba/lib/python3.11/site-packages/airflow/example_dags/example_branch_labels.py for tasks to queue
[2025-01-30T03:09:39.776+0800] {logging_mixin.py:190} INFO - [2025-01-30T03:09:39.776+0800] {dagbag.py:588} INFO - Filling up the DagBag from /home/anhtupham99/miniforge3/envs/nba/lib/python3.11/site-packages/airflow/example_dags/example_branch_labels.py
[2025-01-30T03:09:39.784+0800] {processor.py:925} INFO - DAG(s) 'example_branch_labels' retrieved from /home/anhtupham99/miniforge3/envs/nba/lib/python3.11/site-packages/airflow/example_dags/example_branch_labels.py
[2025-01-30T03:09:39.796+0800] {logging_mixin.py:190} INFO - [2025-01-30T03:09:39.796+0800] {dag.py:3239} INFO - Sync 1 DAGs
[2025-01-30T03:09:39.810+0800] {logging_mixin.py:190} INFO - [2025-01-30T03:09:39.810+0800] {dag.py:4180} INFO - Setting next_dagrun for example_branch_labels to 2025-01-28 00:00:00+00:00, run_after=2025-01-29 00:00:00+00:00
[2025-01-30T03:09:39.831+0800] {processor.py:208} INFO - Processing /home/anhtupham99/miniforge3/envs/nba/lib/python3.11/site-packages/airflow/example_dags/example_branch_labels.py took 0.062 seconds
[2025-01-30T06:11:35.768+0800] {processor.py:186} INFO - Started process (PID=26900) to work on /home/anhtupham99/miniforge3/envs/nba/lib/python3.11/site-packages/airflow/example_dags/example_branch_labels.py
[2025-01-30T06:11:35.769+0800] {processor.py:914} INFO - Processing file /home/anhtupham99/miniforge3/envs/nba/lib/python3.11/site-packages/airflow/example_dags/example_branch_labels.py for tasks to queue
[2025-01-30T06:11:35.772+0800] {logging_mixin.py:190} INFO - [2025-01-30T06:11:35.771+0800] {dagbag.py:588} INFO - Filling up the DagBag from /home/anhtupham99/miniforge3/envs/nba/lib/python3.11/site-packages/airflow/example_dags/example_branch_labels.py
[2025-01-30T06:11:35.779+0800] {processor.py:925} INFO - DAG(s) 'example_branch_labels' retrieved from /home/anhtupham99/miniforge3/envs/nba/lib/python3.11/site-packages/airflow/example_dags/example_branch_labels.py
[2025-01-30T06:11:35.790+0800] {logging_mixin.py:190} INFO - [2025-01-30T06:11:35.789+0800] {dag.py:3239} INFO - Sync 1 DAGs
[2025-01-30T06:11:35.804+0800] {logging_mixin.py:190} INFO - [2025-01-30T06:11:35.804+0800] {dag.py:4180} INFO - Setting next_dagrun for example_branch_labels to 2025-01-28 00:00:00+00:00, run_after=2025-01-29 00:00:00+00:00
[2025-01-30T06:11:35.832+0800] {processor.py:208} INFO - Processing /home/anhtupham99/miniforge3/envs/nba/lib/python3.11/site-packages/airflow/example_dags/example_branch_labels.py took 0.073 seconds
[2025-01-30T06:12:28.725+0800] {processor.py:186} INFO - Started process (PID=27202) to work on /home/anhtupham99/miniforge3/envs/nba/lib/python3.11/site-packages/airflow/example_dags/example_branch_labels.py
[2025-01-30T06:12:28.727+0800] {processor.py:914} INFO - Processing file /home/anhtupham99/miniforge3/envs/nba/lib/python3.11/site-packages/airflow/example_dags/example_branch_labels.py for tasks to queue
[2025-01-30T06:12:28.730+0800] {logging_mixin.py:190} INFO - [2025-01-30T06:12:28.730+0800] {dagbag.py:588} INFO - Filling up the DagBag from /home/anhtupham99/miniforge3/envs/nba/lib/python3.11/site-packages/airflow/example_dags/example_branch_labels.py
[2025-01-30T06:12:28.744+0800] {processor.py:925} INFO - DAG(s) 'example_branch_labels' retrieved from /home/anhtupham99/miniforge3/envs/nba/lib/python3.11/site-packages/airflow/example_dags/example_branch_labels.py
[2025-01-30T06:12:28.759+0800] {logging_mixin.py:190} INFO - [2025-01-30T06:12:28.759+0800] {dag.py:3239} INFO - Sync 1 DAGs
[2025-01-30T06:12:28.778+0800] {logging_mixin.py:190} INFO - [2025-01-30T06:12:28.778+0800] {dag.py:4180} INFO - Setting next_dagrun for example_branch_labels to 2025-01-28 00:00:00+00:00, run_after=2025-01-29 00:00:00+00:00
[2025-01-30T06:12:28.806+0800] {processor.py:208} INFO - Processing /home/anhtupham99/miniforge3/envs/nba/lib/python3.11/site-packages/airflow/example_dags/example_branch_labels.py took 0.087 seconds
[2025-01-30T06:13:17.300+0800] {processor.py:186} INFO - Started process (PID=27520) to work on /home/anhtupham99/miniforge3/envs/nba/lib/python3.11/site-packages/airflow/example_dags/example_branch_labels.py
[2025-01-30T06:13:17.304+0800] {processor.py:914} INFO - Processing file /home/anhtupham99/miniforge3/envs/nba/lib/python3.11/site-packages/airflow/example_dags/example_branch_labels.py for tasks to queue
[2025-01-30T06:13:17.306+0800] {logging_mixin.py:190} INFO - [2025-01-30T06:13:17.306+0800] {dagbag.py:588} INFO - Filling up the DagBag from /home/anhtupham99/miniforge3/envs/nba/lib/python3.11/site-packages/airflow/example_dags/example_branch_labels.py
[2025-01-30T06:13:17.316+0800] {processor.py:925} INFO - DAG(s) 'example_branch_labels' retrieved from /home/anhtupham99/miniforge3/envs/nba/lib/python3.11/site-packages/airflow/example_dags/example_branch_labels.py
[2025-01-30T06:13:17.332+0800] {logging_mixin.py:190} INFO - [2025-01-30T06:13:17.332+0800] {dag.py:3239} INFO - Sync 1 DAGs
[2025-01-30T06:13:17.347+0800] {logging_mixin.py:190} INFO - [2025-01-30T06:13:17.347+0800] {dag.py:4180} INFO - Setting next_dagrun for example_branch_labels to 2025-01-28 00:00:00+00:00, run_after=2025-01-29 00:00:00+00:00
[2025-01-30T06:13:17.372+0800] {processor.py:208} INFO - Processing /home/anhtupham99/miniforge3/envs/nba/lib/python3.11/site-packages/airflow/example_dags/example_branch_labels.py took 0.077 seconds
