[2025-01-30T02:35:49.933+0800] {processor.py:186} INFO - Started process (PID=14760) to work on /home/anhtupham99/miniforge3/envs/nba/lib/python3.11/site-packages/airflow/example_dags/example_nested_branch_dag.py
[2025-01-30T02:35:49.935+0800] {processor.py:914} INFO - Processing file /home/anhtupham99/miniforge3/envs/nba/lib/python3.11/site-packages/airflow/example_dags/example_nested_branch_dag.py for tasks to queue
[2025-01-30T02:35:49.940+0800] {logging_mixin.py:190} INFO - [2025-01-30T02:35:49.939+0800] {dagbag.py:588} INFO - Filling up the DagBag from /home/anhtupham99/miniforge3/envs/nba/lib/python3.11/site-packages/airflow/example_dags/example_nested_branch_dag.py
[2025-01-30T02:35:49.947+0800] {processor.py:925} INFO - DAG(s) 'example_nested_branch_dag' retrieved from /home/anhtupham99/miniforge3/envs/nba/lib/python3.11/site-packages/airflow/example_dags/example_nested_branch_dag.py
[2025-01-30T02:35:50.048+0800] {logging_mixin.py:190} INFO - [2025-01-30T02:35:50.047+0800] {override.py:1911} INFO - Created Permission View: can delete on DAG:example_nested_branch_dag
[2025-01-30T02:35:50.083+0800] {logging_mixin.py:190} INFO - [2025-01-30T02:35:50.083+0800] {override.py:1911} INFO - Created Permission View: can read on DAG:example_nested_branch_dag
[2025-01-30T02:35:50.113+0800] {logging_mixin.py:190} INFO - [2025-01-30T02:35:50.112+0800] {override.py:1911} INFO - Created Permission View: can edit on DAG:example_nested_branch_dag
[2025-01-30T02:35:50.156+0800] {logging_mixin.py:190} INFO - [2025-01-30T02:35:50.155+0800] {override.py:1911} INFO - Created Permission View: can delete on DAG Run:example_nested_branch_dag
[2025-01-30T02:35:50.181+0800] {logging_mixin.py:190} INFO - [2025-01-30T02:35:50.180+0800] {override.py:1911} INFO - Created Permission View: can create on DAG Run:example_nested_branch_dag
[2025-01-30T02:35:50.205+0800] {logging_mixin.py:190} INFO - [2025-01-30T02:35:50.204+0800] {override.py:1911} INFO - Created Permission View: menu access on DAG Run:example_nested_branch_dag
[2025-01-30T02:35:50.227+0800] {logging_mixin.py:190} INFO - [2025-01-30T02:35:50.227+0800] {override.py:1911} INFO - Created Permission View: can read on DAG Run:example_nested_branch_dag
[2025-01-30T02:35:50.228+0800] {logging_mixin.py:190} INFO - [2025-01-30T02:35:50.228+0800] {dag.py:3239} INFO - Sync 1 DAGs
[2025-01-30T02:35:50.253+0800] {logging_mixin.py:190} INFO - [2025-01-30T02:35:50.253+0800] {dag.py:3262} INFO - Creating ORM DAG for example_nested_branch_dag
[2025-01-30T02:35:50.265+0800] {logging_mixin.py:190} INFO - [2025-01-30T02:35:50.265+0800] {dag.py:4180} INFO - Setting next_dagrun for example_nested_branch_dag to 2025-01-28 00:00:00+00:00, run_after=2025-01-29 00:00:00+00:00
[2025-01-30T02:35:50.300+0800] {processor.py:208} INFO - Processing /home/anhtupham99/miniforge3/envs/nba/lib/python3.11/site-packages/airflow/example_dags/example_nested_branch_dag.py took 0.382 seconds
[2025-01-30T02:36:50.567+0800] {processor.py:186} INFO - Started process (PID=15113) to work on /home/anhtupham99/miniforge3/envs/nba/lib/python3.11/site-packages/airflow/example_dags/example_nested_branch_dag.py
[2025-01-30T02:36:50.573+0800] {processor.py:914} INFO - Processing file /home/anhtupham99/miniforge3/envs/nba/lib/python3.11/site-packages/airflow/example_dags/example_nested_branch_dag.py for tasks to queue
[2025-01-30T02:36:50.577+0800] {logging_mixin.py:190} INFO - [2025-01-30T02:36:50.576+0800] {dagbag.py:588} INFO - Filling up the DagBag from /home/anhtupham99/miniforge3/envs/nba/lib/python3.11/site-packages/airflow/example_dags/example_nested_branch_dag.py
[2025-01-30T02:36:50.594+0800] {processor.py:925} INFO - DAG(s) 'example_nested_branch_dag' retrieved from /home/anhtupham99/miniforge3/envs/nba/lib/python3.11/site-packages/airflow/example_dags/example_nested_branch_dag.py
[2025-01-30T02:36:50.608+0800] {logging_mixin.py:190} INFO - [2025-01-30T02:36:50.608+0800] {dag.py:3239} INFO - Sync 1 DAGs
[2025-01-30T02:36:50.620+0800] {logging_mixin.py:190} INFO - [2025-01-30T02:36:50.620+0800] {dag.py:4180} INFO - Setting next_dagrun for example_nested_branch_dag to 2025-01-28 00:00:00+00:00, run_after=2025-01-29 00:00:00+00:00
[2025-01-30T02:36:50.651+0800] {processor.py:208} INFO - Processing /home/anhtupham99/miniforge3/envs/nba/lib/python3.11/site-packages/airflow/example_dags/example_nested_branch_dag.py took 0.099 seconds
[2025-01-30T02:48:45.176+0800] {processor.py:186} INFO - Started process (PID=19300) to work on /home/anhtupham99/miniforge3/envs/nba/lib/python3.11/site-packages/airflow/example_dags/example_nested_branch_dag.py
[2025-01-30T02:48:45.178+0800] {processor.py:914} INFO - Processing file /home/anhtupham99/miniforge3/envs/nba/lib/python3.11/site-packages/airflow/example_dags/example_nested_branch_dag.py for tasks to queue
[2025-01-30T02:48:45.184+0800] {logging_mixin.py:190} INFO - [2025-01-30T02:48:45.183+0800] {dagbag.py:588} INFO - Filling up the DagBag from /home/anhtupham99/miniforge3/envs/nba/lib/python3.11/site-packages/airflow/example_dags/example_nested_branch_dag.py
[2025-01-30T02:48:45.196+0800] {processor.py:925} INFO - DAG(s) 'example_nested_branch_dag' retrieved from /home/anhtupham99/miniforge3/envs/nba/lib/python3.11/site-packages/airflow/example_dags/example_nested_branch_dag.py
[2025-01-30T02:48:45.208+0800] {logging_mixin.py:190} INFO - [2025-01-30T02:48:45.208+0800] {dag.py:3239} INFO - Sync 1 DAGs
[2025-01-30T02:48:45.223+0800] {logging_mixin.py:190} INFO - [2025-01-30T02:48:45.223+0800] {dag.py:4180} INFO - Setting next_dagrun for example_nested_branch_dag to 2025-01-28 00:00:00+00:00, run_after=2025-01-29 00:00:00+00:00
[2025-01-30T02:48:45.248+0800] {processor.py:208} INFO - Processing /home/anhtupham99/miniforge3/envs/nba/lib/python3.11/site-packages/airflow/example_dags/example_nested_branch_dag.py took 0.087 seconds
[2025-01-30T02:50:06.309+0800] {processor.py:186} INFO - Started process (PID=19776) to work on /home/anhtupham99/miniforge3/envs/nba/lib/python3.11/site-packages/airflow/example_dags/example_nested_branch_dag.py
[2025-01-30T02:50:06.313+0800] {processor.py:914} INFO - Processing file /home/anhtupham99/miniforge3/envs/nba/lib/python3.11/site-packages/airflow/example_dags/example_nested_branch_dag.py for tasks to queue
[2025-01-30T02:50:06.320+0800] {logging_mixin.py:190} INFO - [2025-01-30T02:50:06.319+0800] {dagbag.py:588} INFO - Filling up the DagBag from /home/anhtupham99/miniforge3/envs/nba/lib/python3.11/site-packages/airflow/example_dags/example_nested_branch_dag.py
[2025-01-30T02:50:06.349+0800] {processor.py:925} INFO - DAG(s) 'example_nested_branch_dag' retrieved from /home/anhtupham99/miniforge3/envs/nba/lib/python3.11/site-packages/airflow/example_dags/example_nested_branch_dag.py
[2025-01-30T02:50:06.359+0800] {logging_mixin.py:190} INFO - [2025-01-30T02:50:06.359+0800] {dag.py:3239} INFO - Sync 1 DAGs
[2025-01-30T02:50:06.372+0800] {logging_mixin.py:190} INFO - [2025-01-30T02:50:06.372+0800] {dag.py:4180} INFO - Setting next_dagrun for example_nested_branch_dag to 2025-01-28 00:00:00+00:00, run_after=2025-01-29 00:00:00+00:00
[2025-01-30T02:50:06.411+0800] {processor.py:208} INFO - Processing /home/anhtupham99/miniforge3/envs/nba/lib/python3.11/site-packages/airflow/example_dags/example_nested_branch_dag.py took 0.117 seconds
[2025-01-30T02:51:27.489+0800] {processor.py:186} INFO - Started process (PID=20238) to work on /home/anhtupham99/miniforge3/envs/nba/lib/python3.11/site-packages/airflow/example_dags/example_nested_branch_dag.py
[2025-01-30T02:51:27.494+0800] {processor.py:914} INFO - Processing file /home/anhtupham99/miniforge3/envs/nba/lib/python3.11/site-packages/airflow/example_dags/example_nested_branch_dag.py for tasks to queue
[2025-01-30T02:51:27.499+0800] {logging_mixin.py:190} INFO - [2025-01-30T02:51:27.498+0800] {dagbag.py:588} INFO - Filling up the DagBag from /home/anhtupham99/miniforge3/envs/nba/lib/python3.11/site-packages/airflow/example_dags/example_nested_branch_dag.py
[2025-01-30T02:51:27.515+0800] {processor.py:925} INFO - DAG(s) 'example_nested_branch_dag' retrieved from /home/anhtupham99/miniforge3/envs/nba/lib/python3.11/site-packages/airflow/example_dags/example_nested_branch_dag.py
[2025-01-30T02:51:27.527+0800] {logging_mixin.py:190} INFO - [2025-01-30T02:51:27.527+0800] {dag.py:3239} INFO - Sync 1 DAGs
[2025-01-30T02:51:27.541+0800] {logging_mixin.py:190} INFO - [2025-01-30T02:51:27.541+0800] {dag.py:4180} INFO - Setting next_dagrun for example_nested_branch_dag to 2025-01-28 00:00:00+00:00, run_after=2025-01-29 00:00:00+00:00
[2025-01-30T02:51:27.565+0800] {processor.py:208} INFO - Processing /home/anhtupham99/miniforge3/envs/nba/lib/python3.11/site-packages/airflow/example_dags/example_nested_branch_dag.py took 0.086 seconds
[2025-01-30T02:52:22.046+0800] {processor.py:186} INFO - Started process (PID=20541) to work on /home/anhtupham99/miniforge3/envs/nba/lib/python3.11/site-packages/airflow/example_dags/example_nested_branch_dag.py
[2025-01-30T02:52:22.048+0800] {processor.py:914} INFO - Processing file /home/anhtupham99/miniforge3/envs/nba/lib/python3.11/site-packages/airflow/example_dags/example_nested_branch_dag.py for tasks to queue
[2025-01-30T02:52:22.049+0800] {logging_mixin.py:190} INFO - [2025-01-30T02:52:22.049+0800] {dagbag.py:588} INFO - Filling up the DagBag from /home/anhtupham99/miniforge3/envs/nba/lib/python3.11/site-packages/airflow/example_dags/example_nested_branch_dag.py
[2025-01-30T02:52:22.058+0800] {processor.py:925} INFO - DAG(s) 'example_nested_branch_dag' retrieved from /home/anhtupham99/miniforge3/envs/nba/lib/python3.11/site-packages/airflow/example_dags/example_nested_branch_dag.py
[2025-01-30T02:52:22.069+0800] {logging_mixin.py:190} INFO - [2025-01-30T02:52:22.069+0800] {dag.py:3239} INFO - Sync 1 DAGs
[2025-01-30T02:52:22.083+0800] {logging_mixin.py:190} INFO - [2025-01-30T02:52:22.083+0800] {dag.py:4180} INFO - Setting next_dagrun for example_nested_branch_dag to 2025-01-28 00:00:00+00:00, run_after=2025-01-29 00:00:00+00:00
[2025-01-30T02:52:22.111+0800] {processor.py:208} INFO - Processing /home/anhtupham99/miniforge3/envs/nba/lib/python3.11/site-packages/airflow/example_dags/example_nested_branch_dag.py took 0.079 seconds
[2025-01-30T02:53:41.512+0800] {processor.py:186} INFO - Started process (PID=21013) to work on /home/anhtupham99/miniforge3/envs/nba/lib/python3.11/site-packages/airflow/example_dags/example_nested_branch_dag.py
[2025-01-30T02:53:41.514+0800] {processor.py:914} INFO - Processing file /home/anhtupham99/miniforge3/envs/nba/lib/python3.11/site-packages/airflow/example_dags/example_nested_branch_dag.py for tasks to queue
[2025-01-30T02:53:41.515+0800] {logging_mixin.py:190} INFO - [2025-01-30T02:53:41.515+0800] {dagbag.py:588} INFO - Filling up the DagBag from /home/anhtupham99/miniforge3/envs/nba/lib/python3.11/site-packages/airflow/example_dags/example_nested_branch_dag.py
[2025-01-30T02:53:41.524+0800] {processor.py:925} INFO - DAG(s) 'example_nested_branch_dag' retrieved from /home/anhtupham99/miniforge3/envs/nba/lib/python3.11/site-packages/airflow/example_dags/example_nested_branch_dag.py
[2025-01-30T02:53:41.534+0800] {logging_mixin.py:190} INFO - [2025-01-30T02:53:41.534+0800] {dag.py:3239} INFO - Sync 1 DAGs
[2025-01-30T02:53:41.548+0800] {logging_mixin.py:190} INFO - [2025-01-30T02:53:41.548+0800] {dag.py:4180} INFO - Setting next_dagrun for example_nested_branch_dag to 2025-01-28 00:00:00+00:00, run_after=2025-01-29 00:00:00+00:00
[2025-01-30T02:53:41.571+0800] {processor.py:208} INFO - Processing /home/anhtupham99/miniforge3/envs/nba/lib/python3.11/site-packages/airflow/example_dags/example_nested_branch_dag.py took 0.063 seconds
[2025-01-30T02:54:54.404+0800] {processor.py:186} INFO - Started process (PID=21424) to work on /home/anhtupham99/miniforge3/envs/nba/lib/python3.11/site-packages/airflow/example_dags/example_nested_branch_dag.py
[2025-01-30T02:54:54.405+0800] {processor.py:914} INFO - Processing file /home/anhtupham99/miniforge3/envs/nba/lib/python3.11/site-packages/airflow/example_dags/example_nested_branch_dag.py for tasks to queue
[2025-01-30T02:54:54.407+0800] {logging_mixin.py:190} INFO - [2025-01-30T02:54:54.406+0800] {dagbag.py:588} INFO - Filling up the DagBag from /home/anhtupham99/miniforge3/envs/nba/lib/python3.11/site-packages/airflow/example_dags/example_nested_branch_dag.py
[2025-01-30T02:54:54.416+0800] {processor.py:925} INFO - DAG(s) 'example_nested_branch_dag' retrieved from /home/anhtupham99/miniforge3/envs/nba/lib/python3.11/site-packages/airflow/example_dags/example_nested_branch_dag.py
[2025-01-30T02:54:54.428+0800] {logging_mixin.py:190} INFO - [2025-01-30T02:54:54.428+0800] {dag.py:3239} INFO - Sync 1 DAGs
[2025-01-30T02:54:54.443+0800] {logging_mixin.py:190} INFO - [2025-01-30T02:54:54.443+0800] {dag.py:4180} INFO - Setting next_dagrun for example_nested_branch_dag to 2025-01-28 00:00:00+00:00, run_after=2025-01-29 00:00:00+00:00
[2025-01-30T02:54:54.467+0800] {processor.py:208} INFO - Processing /home/anhtupham99/miniforge3/envs/nba/lib/python3.11/site-packages/airflow/example_dags/example_nested_branch_dag.py took 0.068 seconds
[2025-01-30T02:56:05.541+0800] {processor.py:186} INFO - Started process (PID=21856) to work on /home/anhtupham99/miniforge3/envs/nba/lib/python3.11/site-packages/airflow/example_dags/example_nested_branch_dag.py
[2025-01-30T02:56:05.543+0800] {processor.py:914} INFO - Processing file /home/anhtupham99/miniforge3/envs/nba/lib/python3.11/site-packages/airflow/example_dags/example_nested_branch_dag.py for tasks to queue
[2025-01-30T02:56:05.545+0800] {logging_mixin.py:190} INFO - [2025-01-30T02:56:05.544+0800] {dagbag.py:588} INFO - Filling up the DagBag from /home/anhtupham99/miniforge3/envs/nba/lib/python3.11/site-packages/airflow/example_dags/example_nested_branch_dag.py
[2025-01-30T02:56:05.553+0800] {processor.py:925} INFO - DAG(s) 'example_nested_branch_dag' retrieved from /home/anhtupham99/miniforge3/envs/nba/lib/python3.11/site-packages/airflow/example_dags/example_nested_branch_dag.py
[2025-01-30T02:56:05.564+0800] {logging_mixin.py:190} INFO - [2025-01-30T02:56:05.563+0800] {dag.py:3239} INFO - Sync 1 DAGs
[2025-01-30T02:56:05.577+0800] {logging_mixin.py:190} INFO - [2025-01-30T02:56:05.577+0800] {dag.py:4180} INFO - Setting next_dagrun for example_nested_branch_dag to 2025-01-28 00:00:00+00:00, run_after=2025-01-29 00:00:00+00:00
[2025-01-30T02:56:05.598+0800] {processor.py:208} INFO - Processing /home/anhtupham99/miniforge3/envs/nba/lib/python3.11/site-packages/airflow/example_dags/example_nested_branch_dag.py took 0.061 seconds
[2025-01-30T02:57:17.738+0800] {processor.py:186} INFO - Started process (PID=22267) to work on /home/anhtupham99/miniforge3/envs/nba/lib/python3.11/site-packages/airflow/example_dags/example_nested_branch_dag.py
[2025-01-30T02:57:17.739+0800] {processor.py:914} INFO - Processing file /home/anhtupham99/miniforge3/envs/nba/lib/python3.11/site-packages/airflow/example_dags/example_nested_branch_dag.py for tasks to queue
[2025-01-30T02:57:17.741+0800] {logging_mixin.py:190} INFO - [2025-01-30T02:57:17.741+0800] {dagbag.py:588} INFO - Filling up the DagBag from /home/anhtupham99/miniforge3/envs/nba/lib/python3.11/site-packages/airflow/example_dags/example_nested_branch_dag.py
[2025-01-30T02:57:17.749+0800] {processor.py:925} INFO - DAG(s) 'example_nested_branch_dag' retrieved from /home/anhtupham99/miniforge3/envs/nba/lib/python3.11/site-packages/airflow/example_dags/example_nested_branch_dag.py
[2025-01-30T02:57:17.760+0800] {logging_mixin.py:190} INFO - [2025-01-30T02:57:17.760+0800] {dag.py:3239} INFO - Sync 1 DAGs
[2025-01-30T02:57:17.773+0800] {logging_mixin.py:190} INFO - [2025-01-30T02:57:17.773+0800] {dag.py:4180} INFO - Setting next_dagrun for example_nested_branch_dag to 2025-01-28 00:00:00+00:00, run_after=2025-01-29 00:00:00+00:00
[2025-01-30T02:57:17.796+0800] {processor.py:208} INFO - Processing /home/anhtupham99/miniforge3/envs/nba/lib/python3.11/site-packages/airflow/example_dags/example_nested_branch_dag.py took 0.062 seconds
[2025-01-30T02:58:30.880+0800] {processor.py:186} INFO - Started process (PID=22737) to work on /home/anhtupham99/miniforge3/envs/nba/lib/python3.11/site-packages/airflow/example_dags/example_nested_branch_dag.py
[2025-01-30T02:58:30.881+0800] {processor.py:914} INFO - Processing file /home/anhtupham99/miniforge3/envs/nba/lib/python3.11/site-packages/airflow/example_dags/example_nested_branch_dag.py for tasks to queue
[2025-01-30T02:58:30.883+0800] {logging_mixin.py:190} INFO - [2025-01-30T02:58:30.883+0800] {dagbag.py:588} INFO - Filling up the DagBag from /home/anhtupham99/miniforge3/envs/nba/lib/python3.11/site-packages/airflow/example_dags/example_nested_branch_dag.py
[2025-01-30T02:58:30.892+0800] {processor.py:925} INFO - DAG(s) 'example_nested_branch_dag' retrieved from /home/anhtupham99/miniforge3/envs/nba/lib/python3.11/site-packages/airflow/example_dags/example_nested_branch_dag.py
[2025-01-30T02:58:30.902+0800] {logging_mixin.py:190} INFO - [2025-01-30T02:58:30.902+0800] {dag.py:3239} INFO - Sync 1 DAGs
[2025-01-30T02:58:30.915+0800] {logging_mixin.py:190} INFO - [2025-01-30T02:58:30.915+0800] {dag.py:4180} INFO - Setting next_dagrun for example_nested_branch_dag to 2025-01-28 00:00:00+00:00, run_after=2025-01-29 00:00:00+00:00
[2025-01-30T02:58:30.937+0800] {processor.py:208} INFO - Processing /home/anhtupham99/miniforge3/envs/nba/lib/python3.11/site-packages/airflow/example_dags/example_nested_branch_dag.py took 0.061 seconds
[2025-01-30T02:59:47.387+0800] {processor.py:186} INFO - Started process (PID=23168) to work on /home/anhtupham99/miniforge3/envs/nba/lib/python3.11/site-packages/airflow/example_dags/example_nested_branch_dag.py
[2025-01-30T02:59:47.388+0800] {processor.py:914} INFO - Processing file /home/anhtupham99/miniforge3/envs/nba/lib/python3.11/site-packages/airflow/example_dags/example_nested_branch_dag.py for tasks to queue
[2025-01-30T02:59:47.390+0800] {logging_mixin.py:190} INFO - [2025-01-30T02:59:47.390+0800] {dagbag.py:588} INFO - Filling up the DagBag from /home/anhtupham99/miniforge3/envs/nba/lib/python3.11/site-packages/airflow/example_dags/example_nested_branch_dag.py
[2025-01-30T02:59:47.398+0800] {processor.py:925} INFO - DAG(s) 'example_nested_branch_dag' retrieved from /home/anhtupham99/miniforge3/envs/nba/lib/python3.11/site-packages/airflow/example_dags/example_nested_branch_dag.py
[2025-01-30T02:59:47.410+0800] {logging_mixin.py:190} INFO - [2025-01-30T02:59:47.409+0800] {dag.py:3239} INFO - Sync 1 DAGs
[2025-01-30T02:59:47.425+0800] {logging_mixin.py:190} INFO - [2025-01-30T02:59:47.424+0800] {dag.py:4180} INFO - Setting next_dagrun for example_nested_branch_dag to 2025-01-28 00:00:00+00:00, run_after=2025-01-29 00:00:00+00:00
[2025-01-30T02:59:47.456+0800] {processor.py:208} INFO - Processing /home/anhtupham99/miniforge3/envs/nba/lib/python3.11/site-packages/airflow/example_dags/example_nested_branch_dag.py took 0.073 seconds
[2025-01-30T03:01:00.792+0800] {processor.py:186} INFO - Started process (PID=23609) to work on /home/anhtupham99/miniforge3/envs/nba/lib/python3.11/site-packages/airflow/example_dags/example_nested_branch_dag.py
[2025-01-30T03:01:00.795+0800] {processor.py:914} INFO - Processing file /home/anhtupham99/miniforge3/envs/nba/lib/python3.11/site-packages/airflow/example_dags/example_nested_branch_dag.py for tasks to queue
[2025-01-30T03:01:00.797+0800] {logging_mixin.py:190} INFO - [2025-01-30T03:01:00.797+0800] {dagbag.py:588} INFO - Filling up the DagBag from /home/anhtupham99/miniforge3/envs/nba/lib/python3.11/site-packages/airflow/example_dags/example_nested_branch_dag.py
[2025-01-30T03:01:00.806+0800] {processor.py:925} INFO - DAG(s) 'example_nested_branch_dag' retrieved from /home/anhtupham99/miniforge3/envs/nba/lib/python3.11/site-packages/airflow/example_dags/example_nested_branch_dag.py
[2025-01-30T03:01:00.816+0800] {logging_mixin.py:190} INFO - [2025-01-30T03:01:00.816+0800] {dag.py:3239} INFO - Sync 1 DAGs
[2025-01-30T03:01:00.831+0800] {logging_mixin.py:190} INFO - [2025-01-30T03:01:00.831+0800] {dag.py:4180} INFO - Setting next_dagrun for example_nested_branch_dag to 2025-01-28 00:00:00+00:00, run_after=2025-01-29 00:00:00+00:00
[2025-01-30T03:01:00.855+0800] {processor.py:208} INFO - Processing /home/anhtupham99/miniforge3/envs/nba/lib/python3.11/site-packages/airflow/example_dags/example_nested_branch_dag.py took 0.067 seconds
[2025-01-30T03:02:10.525+0800] {processor.py:186} INFO - Started process (PID=24042) to work on /home/anhtupham99/miniforge3/envs/nba/lib/python3.11/site-packages/airflow/example_dags/example_nested_branch_dag.py
[2025-01-30T03:02:10.526+0800] {processor.py:914} INFO - Processing file /home/anhtupham99/miniforge3/envs/nba/lib/python3.11/site-packages/airflow/example_dags/example_nested_branch_dag.py for tasks to queue
[2025-01-30T03:02:10.528+0800] {logging_mixin.py:190} INFO - [2025-01-30T03:02:10.528+0800] {dagbag.py:588} INFO - Filling up the DagBag from /home/anhtupham99/miniforge3/envs/nba/lib/python3.11/site-packages/airflow/example_dags/example_nested_branch_dag.py
[2025-01-30T03:02:10.537+0800] {processor.py:925} INFO - DAG(s) 'example_nested_branch_dag' retrieved from /home/anhtupham99/miniforge3/envs/nba/lib/python3.11/site-packages/airflow/example_dags/example_nested_branch_dag.py
[2025-01-30T03:02:10.548+0800] {logging_mixin.py:190} INFO - [2025-01-30T03:02:10.548+0800] {dag.py:3239} INFO - Sync 1 DAGs
[2025-01-30T03:02:10.562+0800] {logging_mixin.py:190} INFO - [2025-01-30T03:02:10.562+0800] {dag.py:4180} INFO - Setting next_dagrun for example_nested_branch_dag to 2025-01-28 00:00:00+00:00, run_after=2025-01-29 00:00:00+00:00
[2025-01-30T03:02:10.592+0800] {processor.py:208} INFO - Processing /home/anhtupham99/miniforge3/envs/nba/lib/python3.11/site-packages/airflow/example_dags/example_nested_branch_dag.py took 0.071 seconds
[2025-01-30T03:03:22.531+0800] {processor.py:186} INFO - Started process (PID=24452) to work on /home/anhtupham99/miniforge3/envs/nba/lib/python3.11/site-packages/airflow/example_dags/example_nested_branch_dag.py
[2025-01-30T03:03:22.533+0800] {processor.py:914} INFO - Processing file /home/anhtupham99/miniforge3/envs/nba/lib/python3.11/site-packages/airflow/example_dags/example_nested_branch_dag.py for tasks to queue
[2025-01-30T03:03:22.534+0800] {logging_mixin.py:190} INFO - [2025-01-30T03:03:22.534+0800] {dagbag.py:588} INFO - Filling up the DagBag from /home/anhtupham99/miniforge3/envs/nba/lib/python3.11/site-packages/airflow/example_dags/example_nested_branch_dag.py
[2025-01-30T03:03:22.543+0800] {processor.py:925} INFO - DAG(s) 'example_nested_branch_dag' retrieved from /home/anhtupham99/miniforge3/envs/nba/lib/python3.11/site-packages/airflow/example_dags/example_nested_branch_dag.py
[2025-01-30T03:03:22.554+0800] {logging_mixin.py:190} INFO - [2025-01-30T03:03:22.554+0800] {dag.py:3239} INFO - Sync 1 DAGs
[2025-01-30T03:03:22.568+0800] {logging_mixin.py:190} INFO - [2025-01-30T03:03:22.568+0800] {dag.py:4180} INFO - Setting next_dagrun for example_nested_branch_dag to 2025-01-28 00:00:00+00:00, run_after=2025-01-29 00:00:00+00:00
[2025-01-30T03:03:22.592+0800] {processor.py:208} INFO - Processing /home/anhtupham99/miniforge3/envs/nba/lib/python3.11/site-packages/airflow/example_dags/example_nested_branch_dag.py took 0.065 seconds
[2025-01-30T03:04:34.254+0800] {processor.py:186} INFO - Started process (PID=24893) to work on /home/anhtupham99/miniforge3/envs/nba/lib/python3.11/site-packages/airflow/example_dags/example_nested_branch_dag.py
[2025-01-30T03:04:34.256+0800] {processor.py:914} INFO - Processing file /home/anhtupham99/miniforge3/envs/nba/lib/python3.11/site-packages/airflow/example_dags/example_nested_branch_dag.py for tasks to queue
[2025-01-30T03:04:34.258+0800] {logging_mixin.py:190} INFO - [2025-01-30T03:04:34.257+0800] {dagbag.py:588} INFO - Filling up the DagBag from /home/anhtupham99/miniforge3/envs/nba/lib/python3.11/site-packages/airflow/example_dags/example_nested_branch_dag.py
[2025-01-30T03:04:34.266+0800] {processor.py:925} INFO - DAG(s) 'example_nested_branch_dag' retrieved from /home/anhtupham99/miniforge3/envs/nba/lib/python3.11/site-packages/airflow/example_dags/example_nested_branch_dag.py
[2025-01-30T03:04:34.276+0800] {logging_mixin.py:190} INFO - [2025-01-30T03:04:34.276+0800] {dag.py:3239} INFO - Sync 1 DAGs
[2025-01-30T03:04:34.289+0800] {logging_mixin.py:190} INFO - [2025-01-30T03:04:34.289+0800] {dag.py:4180} INFO - Setting next_dagrun for example_nested_branch_dag to 2025-01-28 00:00:00+00:00, run_after=2025-01-29 00:00:00+00:00
[2025-01-30T03:04:34.311+0800] {processor.py:208} INFO - Processing /home/anhtupham99/miniforge3/envs/nba/lib/python3.11/site-packages/airflow/example_dags/example_nested_branch_dag.py took 0.060 seconds
[2025-01-30T03:05:49.580+0800] {processor.py:186} INFO - Started process (PID=25330) to work on /home/anhtupham99/miniforge3/envs/nba/lib/python3.11/site-packages/airflow/example_dags/example_nested_branch_dag.py
[2025-01-30T03:05:49.582+0800] {processor.py:914} INFO - Processing file /home/anhtupham99/miniforge3/envs/nba/lib/python3.11/site-packages/airflow/example_dags/example_nested_branch_dag.py for tasks to queue
[2025-01-30T03:05:49.583+0800] {logging_mixin.py:190} INFO - [2025-01-30T03:05:49.583+0800] {dagbag.py:588} INFO - Filling up the DagBag from /home/anhtupham99/miniforge3/envs/nba/lib/python3.11/site-packages/airflow/example_dags/example_nested_branch_dag.py
[2025-01-30T03:05:49.591+0800] {processor.py:925} INFO - DAG(s) 'example_nested_branch_dag' retrieved from /home/anhtupham99/miniforge3/envs/nba/lib/python3.11/site-packages/airflow/example_dags/example_nested_branch_dag.py
[2025-01-30T03:05:49.602+0800] {logging_mixin.py:190} INFO - [2025-01-30T03:05:49.602+0800] {dag.py:3239} INFO - Sync 1 DAGs
[2025-01-30T03:05:49.615+0800] {logging_mixin.py:190} INFO - [2025-01-30T03:05:49.615+0800] {dag.py:4180} INFO - Setting next_dagrun for example_nested_branch_dag to 2025-01-28 00:00:00+00:00, run_after=2025-01-29 00:00:00+00:00
[2025-01-30T03:05:49.637+0800] {processor.py:208} INFO - Processing /home/anhtupham99/miniforge3/envs/nba/lib/python3.11/site-packages/airflow/example_dags/example_nested_branch_dag.py took 0.061 seconds
[2025-01-30T03:07:03.993+0800] {processor.py:186} INFO - Started process (PID=25798) to work on /home/anhtupham99/miniforge3/envs/nba/lib/python3.11/site-packages/airflow/example_dags/example_nested_branch_dag.py
[2025-01-30T03:07:03.995+0800] {processor.py:914} INFO - Processing file /home/anhtupham99/miniforge3/envs/nba/lib/python3.11/site-packages/airflow/example_dags/example_nested_branch_dag.py for tasks to queue
[2025-01-30T03:07:03.996+0800] {logging_mixin.py:190} INFO - [2025-01-30T03:07:03.996+0800] {dagbag.py:588} INFO - Filling up the DagBag from /home/anhtupham99/miniforge3/envs/nba/lib/python3.11/site-packages/airflow/example_dags/example_nested_branch_dag.py
[2025-01-30T03:07:04.005+0800] {processor.py:925} INFO - DAG(s) 'example_nested_branch_dag' retrieved from /home/anhtupham99/miniforge3/envs/nba/lib/python3.11/site-packages/airflow/example_dags/example_nested_branch_dag.py
[2025-01-30T03:07:04.016+0800] {logging_mixin.py:190} INFO - [2025-01-30T03:07:04.016+0800] {dag.py:3239} INFO - Sync 1 DAGs
[2025-01-30T03:07:04.030+0800] {logging_mixin.py:190} INFO - [2025-01-30T03:07:04.030+0800] {dag.py:4180} INFO - Setting next_dagrun for example_nested_branch_dag to 2025-01-28 00:00:00+00:00, run_after=2025-01-29 00:00:00+00:00
[2025-01-30T03:07:04.056+0800] {processor.py:208} INFO - Processing /home/anhtupham99/miniforge3/envs/nba/lib/python3.11/site-packages/airflow/example_dags/example_nested_branch_dag.py took 0.067 seconds
[2025-01-30T03:08:18.152+0800] {processor.py:186} INFO - Started process (PID=26214) to work on /home/anhtupham99/miniforge3/envs/nba/lib/python3.11/site-packages/airflow/example_dags/example_nested_branch_dag.py
[2025-01-30T03:08:18.156+0800] {processor.py:914} INFO - Processing file /home/anhtupham99/miniforge3/envs/nba/lib/python3.11/site-packages/airflow/example_dags/example_nested_branch_dag.py for tasks to queue
[2025-01-30T03:08:18.158+0800] {logging_mixin.py:190} INFO - [2025-01-30T03:08:18.158+0800] {dagbag.py:588} INFO - Filling up the DagBag from /home/anhtupham99/miniforge3/envs/nba/lib/python3.11/site-packages/airflow/example_dags/example_nested_branch_dag.py
[2025-01-30T03:08:18.168+0800] {processor.py:925} INFO - DAG(s) 'example_nested_branch_dag' retrieved from /home/anhtupham99/miniforge3/envs/nba/lib/python3.11/site-packages/airflow/example_dags/example_nested_branch_dag.py
[2025-01-30T03:08:18.180+0800] {logging_mixin.py:190} INFO - [2025-01-30T03:08:18.180+0800] {dag.py:3239} INFO - Sync 1 DAGs
[2025-01-30T03:08:18.195+0800] {logging_mixin.py:190} INFO - [2025-01-30T03:08:18.195+0800] {dag.py:4180} INFO - Setting next_dagrun for example_nested_branch_dag to 2025-01-28 00:00:00+00:00, run_after=2025-01-29 00:00:00+00:00
[2025-01-30T03:08:18.218+0800] {processor.py:208} INFO - Processing /home/anhtupham99/miniforge3/envs/nba/lib/python3.11/site-packages/airflow/example_dags/example_nested_branch_dag.py took 0.070 seconds
[2025-01-30T03:09:30.553+0800] {processor.py:186} INFO - Started process (PID=26627) to work on /home/anhtupham99/miniforge3/envs/nba/lib/python3.11/site-packages/airflow/example_dags/example_nested_branch_dag.py
[2025-01-30T03:09:30.555+0800] {processor.py:914} INFO - Processing file /home/anhtupham99/miniforge3/envs/nba/lib/python3.11/site-packages/airflow/example_dags/example_nested_branch_dag.py for tasks to queue
[2025-01-30T03:09:30.557+0800] {logging_mixin.py:190} INFO - [2025-01-30T03:09:30.557+0800] {dagbag.py:588} INFO - Filling up the DagBag from /home/anhtupham99/miniforge3/envs/nba/lib/python3.11/site-packages/airflow/example_dags/example_nested_branch_dag.py
[2025-01-30T03:09:30.567+0800] {processor.py:925} INFO - DAG(s) 'example_nested_branch_dag' retrieved from /home/anhtupham99/miniforge3/envs/nba/lib/python3.11/site-packages/airflow/example_dags/example_nested_branch_dag.py
[2025-01-30T03:09:30.581+0800] {logging_mixin.py:190} INFO - [2025-01-30T03:09:30.580+0800] {dag.py:3239} INFO - Sync 1 DAGs
[2025-01-30T03:09:30.597+0800] {logging_mixin.py:190} INFO - [2025-01-30T03:09:30.597+0800] {dag.py:4180} INFO - Setting next_dagrun for example_nested_branch_dag to 2025-01-28 00:00:00+00:00, run_after=2025-01-29 00:00:00+00:00
[2025-01-30T03:09:30.620+0800] {processor.py:208} INFO - Processing /home/anhtupham99/miniforge3/envs/nba/lib/python3.11/site-packages/airflow/example_dags/example_nested_branch_dag.py took 0.073 seconds
[2025-01-30T06:12:18.477+0800] {processor.py:186} INFO - Started process (PID=27150) to work on /home/anhtupham99/miniforge3/envs/nba/lib/python3.11/site-packages/airflow/example_dags/example_nested_branch_dag.py
[2025-01-30T06:12:18.479+0800] {processor.py:914} INFO - Processing file /home/anhtupham99/miniforge3/envs/nba/lib/python3.11/site-packages/airflow/example_dags/example_nested_branch_dag.py for tasks to queue
[2025-01-30T06:12:18.482+0800] {logging_mixin.py:190} INFO - [2025-01-30T06:12:18.482+0800] {dagbag.py:588} INFO - Filling up the DagBag from /home/anhtupham99/miniforge3/envs/nba/lib/python3.11/site-packages/airflow/example_dags/example_nested_branch_dag.py
[2025-01-30T06:12:18.495+0800] {processor.py:925} INFO - DAG(s) 'example_nested_branch_dag' retrieved from /home/anhtupham99/miniforge3/envs/nba/lib/python3.11/site-packages/airflow/example_dags/example_nested_branch_dag.py
[2025-01-30T06:12:18.511+0800] {logging_mixin.py:190} INFO - [2025-01-30T06:12:18.511+0800] {dag.py:3239} INFO - Sync 1 DAGs
[2025-01-30T06:12:18.530+0800] {logging_mixin.py:190} INFO - [2025-01-30T06:12:18.530+0800] {dag.py:4180} INFO - Setting next_dagrun for example_nested_branch_dag to 2025-01-28 00:00:00+00:00, run_after=2025-01-29 00:00:00+00:00
[2025-01-30T06:12:18.562+0800] {processor.py:208} INFO - Processing /home/anhtupham99/miniforge3/envs/nba/lib/python3.11/site-packages/airflow/example_dags/example_nested_branch_dag.py took 0.092 seconds
[2025-01-30T06:13:31.499+0800] {processor.py:186} INFO - Started process (PID=27597) to work on /home/anhtupham99/miniforge3/envs/nba/lib/python3.11/site-packages/airflow/example_dags/example_nested_branch_dag.py
[2025-01-30T06:13:31.502+0800] {processor.py:914} INFO - Processing file /home/anhtupham99/miniforge3/envs/nba/lib/python3.11/site-packages/airflow/example_dags/example_nested_branch_dag.py for tasks to queue
[2025-01-30T06:13:31.504+0800] {logging_mixin.py:190} INFO - [2025-01-30T06:13:31.504+0800] {dagbag.py:588} INFO - Filling up the DagBag from /home/anhtupham99/miniforge3/envs/nba/lib/python3.11/site-packages/airflow/example_dags/example_nested_branch_dag.py
[2025-01-30T06:13:31.513+0800] {processor.py:925} INFO - DAG(s) 'example_nested_branch_dag' retrieved from /home/anhtupham99/miniforge3/envs/nba/lib/python3.11/site-packages/airflow/example_dags/example_nested_branch_dag.py
[2025-01-30T06:13:31.524+0800] {logging_mixin.py:190} INFO - [2025-01-30T06:13:31.524+0800] {dag.py:3239} INFO - Sync 1 DAGs
[2025-01-30T06:13:31.538+0800] {logging_mixin.py:190} INFO - [2025-01-30T06:13:31.538+0800] {dag.py:4180} INFO - Setting next_dagrun for example_nested_branch_dag to 2025-01-28 00:00:00+00:00, run_after=2025-01-29 00:00:00+00:00
[2025-01-30T06:13:31.566+0800] {processor.py:208} INFO - Processing /home/anhtupham99/miniforge3/envs/nba/lib/python3.11/site-packages/airflow/example_dags/example_nested_branch_dag.py took 0.071 seconds
