[2025-01-30T02:35:40.223+0800] {processor.py:186} INFO - Started process (PID=14699) to work on /home/anhtupham99/miniforge3/envs/nba/lib/python3.11/site-packages/airflow/example_dags/example_bash_operator.py
[2025-01-30T02:35:40.224+0800] {processor.py:914} INFO - Processing file /home/anhtupham99/miniforge3/envs/nba/lib/python3.11/site-packages/airflow/example_dags/example_bash_operator.py for tasks to queue
[2025-01-30T02:35:40.227+0800] {logging_mixin.py:190} INFO - [2025-01-30T02:35:40.227+0800] {dagbag.py:588} INFO - Filling up the DagBag from /home/anhtupham99/miniforge3/envs/nba/lib/python3.11/site-packages/airflow/example_dags/example_bash_operator.py
[2025-01-30T02:35:40.245+0800] {processor.py:925} INFO - DAG(s) 'example_bash_operator' retrieved from /home/anhtupham99/miniforge3/envs/nba/lib/python3.11/site-packages/airflow/example_dags/example_bash_operator.py
[2025-01-30T02:35:40.347+0800] {logging_mixin.py:190} INFO - [2025-01-30T02:35:40.347+0800] {override.py:1911} INFO - Created Permission View: can delete on DAG:example_bash_operator
[2025-01-30T02:35:40.367+0800] {logging_mixin.py:190} INFO - [2025-01-30T02:35:40.366+0800] {override.py:1911} INFO - Created Permission View: can read on DAG:example_bash_operator
[2025-01-30T02:35:40.391+0800] {logging_mixin.py:190} INFO - [2025-01-30T02:35:40.391+0800] {override.py:1911} INFO - Created Permission View: can edit on DAG:example_bash_operator
[2025-01-30T02:35:40.423+0800] {logging_mixin.py:190} INFO - [2025-01-30T02:35:40.422+0800] {override.py:1911} INFO - Created Permission View: can delete on DAG Run:example_bash_operator
[2025-01-30T02:35:40.446+0800] {logging_mixin.py:190} INFO - [2025-01-30T02:35:40.445+0800] {override.py:1911} INFO - Created Permission View: can create on DAG Run:example_bash_operator
[2025-01-30T02:35:40.468+0800] {logging_mixin.py:190} INFO - [2025-01-30T02:35:40.467+0800] {override.py:1911} INFO - Created Permission View: menu access on DAG Run:example_bash_operator
[2025-01-30T02:35:40.489+0800] {logging_mixin.py:190} INFO - [2025-01-30T02:35:40.488+0800] {override.py:1911} INFO - Created Permission View: can read on DAG Run:example_bash_operator
[2025-01-30T02:35:40.489+0800] {logging_mixin.py:190} INFO - [2025-01-30T02:35:40.489+0800] {dag.py:3239} INFO - Sync 1 DAGs
[2025-01-30T02:35:40.503+0800] {logging_mixin.py:190} INFO - [2025-01-30T02:35:40.503+0800] {dag.py:3262} INFO - Creating ORM DAG for example_bash_operator
[2025-01-30T02:35:40.510+0800] {logging_mixin.py:190} INFO - [2025-01-30T02:35:40.510+0800] {dag.py:4180} INFO - Setting next_dagrun for example_bash_operator to 2025-01-28 00:00:00+00:00, run_after=2025-01-29 00:00:00+00:00
[2025-01-30T02:35:40.539+0800] {processor.py:208} INFO - Processing /home/anhtupham99/miniforge3/envs/nba/lib/python3.11/site-packages/airflow/example_dags/example_bash_operator.py took 0.331 seconds
[2025-01-30T02:36:41.945+0800] {processor.py:186} INFO - Started process (PID=15062) to work on /home/anhtupham99/miniforge3/envs/nba/lib/python3.11/site-packages/airflow/example_dags/example_bash_operator.py
[2025-01-30T02:36:41.950+0800] {processor.py:914} INFO - Processing file /home/anhtupham99/miniforge3/envs/nba/lib/python3.11/site-packages/airflow/example_dags/example_bash_operator.py for tasks to queue
[2025-01-30T02:36:41.957+0800] {logging_mixin.py:190} INFO - [2025-01-30T02:36:41.956+0800] {dagbag.py:588} INFO - Filling up the DagBag from /home/anhtupham99/miniforge3/envs/nba/lib/python3.11/site-packages/airflow/example_dags/example_bash_operator.py
[2025-01-30T02:36:41.982+0800] {processor.py:925} INFO - DAG(s) 'example_bash_operator' retrieved from /home/anhtupham99/miniforge3/envs/nba/lib/python3.11/site-packages/airflow/example_dags/example_bash_operator.py
[2025-01-30T02:36:41.996+0800] {logging_mixin.py:190} INFO - [2025-01-30T02:36:41.996+0800] {dag.py:3239} INFO - Sync 1 DAGs
[2025-01-30T02:36:42.008+0800] {logging_mixin.py:190} INFO - [2025-01-30T02:36:42.008+0800] {dag.py:4180} INFO - Setting next_dagrun for example_bash_operator to 2025-01-28 00:00:00+00:00, run_after=2025-01-29 00:00:00+00:00
[2025-01-30T02:36:42.035+0800] {processor.py:208} INFO - Processing /home/anhtupham99/miniforge3/envs/nba/lib/python3.11/site-packages/airflow/example_dags/example_bash_operator.py took 0.101 seconds
[2025-01-30T02:48:37.613+0800] {processor.py:186} INFO - Started process (PID=19249) to work on /home/anhtupham99/miniforge3/envs/nba/lib/python3.11/site-packages/airflow/example_dags/example_bash_operator.py
[2025-01-30T02:48:37.615+0800] {processor.py:914} INFO - Processing file /home/anhtupham99/miniforge3/envs/nba/lib/python3.11/site-packages/airflow/example_dags/example_bash_operator.py for tasks to queue
[2025-01-30T02:48:37.617+0800] {logging_mixin.py:190} INFO - [2025-01-30T02:48:37.616+0800] {dagbag.py:588} INFO - Filling up the DagBag from /home/anhtupham99/miniforge3/envs/nba/lib/python3.11/site-packages/airflow/example_dags/example_bash_operator.py
[2025-01-30T02:48:37.625+0800] {processor.py:925} INFO - DAG(s) 'example_bash_operator' retrieved from /home/anhtupham99/miniforge3/envs/nba/lib/python3.11/site-packages/airflow/example_dags/example_bash_operator.py
[2025-01-30T02:48:37.639+0800] {logging_mixin.py:190} INFO - [2025-01-30T02:48:37.639+0800] {dag.py:3239} INFO - Sync 1 DAGs
[2025-01-30T02:48:37.652+0800] {logging_mixin.py:190} INFO - [2025-01-30T02:48:37.651+0800] {dag.py:4180} INFO - Setting next_dagrun for example_bash_operator to 2025-01-28 00:00:00+00:00, run_after=2025-01-29 00:00:00+00:00
[2025-01-30T02:48:37.688+0800] {processor.py:208} INFO - Processing /home/anhtupham99/miniforge3/envs/nba/lib/python3.11/site-packages/airflow/example_dags/example_bash_operator.py took 0.088 seconds
[2025-01-30T02:49:35.315+0800] {processor.py:186} INFO - Started process (PID=19570) to work on /home/anhtupham99/miniforge3/envs/nba/lib/python3.11/site-packages/airflow/example_dags/example_bash_operator.py
[2025-01-30T02:49:35.317+0800] {processor.py:914} INFO - Processing file /home/anhtupham99/miniforge3/envs/nba/lib/python3.11/site-packages/airflow/example_dags/example_bash_operator.py for tasks to queue
[2025-01-30T02:49:35.319+0800] {logging_mixin.py:190} INFO - [2025-01-30T02:49:35.319+0800] {dagbag.py:588} INFO - Filling up the DagBag from /home/anhtupham99/miniforge3/envs/nba/lib/python3.11/site-packages/airflow/example_dags/example_bash_operator.py
[2025-01-30T02:49:35.333+0800] {processor.py:925} INFO - DAG(s) 'example_bash_operator' retrieved from /home/anhtupham99/miniforge3/envs/nba/lib/python3.11/site-packages/airflow/example_dags/example_bash_operator.py
[2025-01-30T02:49:35.362+0800] {logging_mixin.py:190} INFO - [2025-01-30T02:49:35.362+0800] {dag.py:3239} INFO - Sync 1 DAGs
[2025-01-30T02:49:35.374+0800] {logging_mixin.py:190} INFO - [2025-01-30T02:49:35.374+0800] {dag.py:4180} INFO - Setting next_dagrun for example_bash_operator to 2025-01-28 00:00:00+00:00, run_after=2025-01-29 00:00:00+00:00
[2025-01-30T02:49:35.412+0800] {processor.py:208} INFO - Processing /home/anhtupham99/miniforge3/envs/nba/lib/python3.11/site-packages/airflow/example_dags/example_bash_operator.py took 0.110 seconds
[2025-01-30T02:50:31.510+0800] {processor.py:186} INFO - Started process (PID=19913) to work on /home/anhtupham99/miniforge3/envs/nba/lib/python3.11/site-packages/airflow/example_dags/example_bash_operator.py
[2025-01-30T02:50:31.511+0800] {processor.py:914} INFO - Processing file /home/anhtupham99/miniforge3/envs/nba/lib/python3.11/site-packages/airflow/example_dags/example_bash_operator.py for tasks to queue
[2025-01-30T02:50:31.513+0800] {logging_mixin.py:190} INFO - [2025-01-30T02:50:31.513+0800] {dagbag.py:588} INFO - Filling up the DagBag from /home/anhtupham99/miniforge3/envs/nba/lib/python3.11/site-packages/airflow/example_dags/example_bash_operator.py
[2025-01-30T02:50:31.525+0800] {processor.py:925} INFO - DAG(s) 'example_bash_operator' retrieved from /home/anhtupham99/miniforge3/envs/nba/lib/python3.11/site-packages/airflow/example_dags/example_bash_operator.py
[2025-01-30T02:50:31.540+0800] {logging_mixin.py:190} INFO - [2025-01-30T02:50:31.540+0800] {dag.py:3239} INFO - Sync 1 DAGs
[2025-01-30T02:50:31.555+0800] {logging_mixin.py:190} INFO - [2025-01-30T02:50:31.555+0800] {dag.py:4180} INFO - Setting next_dagrun for example_bash_operator to 2025-01-28 00:00:00+00:00, run_after=2025-01-29 00:00:00+00:00
[2025-01-30T02:50:31.576+0800] {processor.py:208} INFO - Processing /home/anhtupham99/miniforge3/envs/nba/lib/python3.11/site-packages/airflow/example_dags/example_bash_operator.py took 0.072 seconds
[2025-01-30T02:51:25.034+0800] {processor.py:186} INFO - Started process (PID=20222) to work on /home/anhtupham99/miniforge3/envs/nba/lib/python3.11/site-packages/airflow/example_dags/example_bash_operator.py
[2025-01-30T02:51:25.036+0800] {processor.py:914} INFO - Processing file /home/anhtupham99/miniforge3/envs/nba/lib/python3.11/site-packages/airflow/example_dags/example_bash_operator.py for tasks to queue
[2025-01-30T02:51:25.040+0800] {logging_mixin.py:190} INFO - [2025-01-30T02:51:25.039+0800] {dagbag.py:588} INFO - Filling up the DagBag from /home/anhtupham99/miniforge3/envs/nba/lib/python3.11/site-packages/airflow/example_dags/example_bash_operator.py
[2025-01-30T02:51:25.056+0800] {processor.py:925} INFO - DAG(s) 'example_bash_operator' retrieved from /home/anhtupham99/miniforge3/envs/nba/lib/python3.11/site-packages/airflow/example_dags/example_bash_operator.py
[2025-01-30T02:51:25.074+0800] {logging_mixin.py:190} INFO - [2025-01-30T02:51:25.074+0800] {dag.py:3239} INFO - Sync 1 DAGs
[2025-01-30T02:51:25.087+0800] {logging_mixin.py:190} INFO - [2025-01-30T02:51:25.087+0800] {dag.py:4180} INFO - Setting next_dagrun for example_bash_operator to 2025-01-28 00:00:00+00:00, run_after=2025-01-29 00:00:00+00:00
[2025-01-30T02:51:25.132+0800] {processor.py:208} INFO - Processing /home/anhtupham99/miniforge3/envs/nba/lib/python3.11/site-packages/airflow/example_dags/example_bash_operator.py took 0.110 seconds
[2025-01-30T02:52:18.917+0800] {processor.py:186} INFO - Started process (PID=20517) to work on /home/anhtupham99/miniforge3/envs/nba/lib/python3.11/site-packages/airflow/example_dags/example_bash_operator.py
[2025-01-30T02:52:18.922+0800] {processor.py:914} INFO - Processing file /home/anhtupham99/miniforge3/envs/nba/lib/python3.11/site-packages/airflow/example_dags/example_bash_operator.py for tasks to queue
[2025-01-30T02:52:18.926+0800] {logging_mixin.py:190} INFO - [2025-01-30T02:52:18.926+0800] {dagbag.py:588} INFO - Filling up the DagBag from /home/anhtupham99/miniforge3/envs/nba/lib/python3.11/site-packages/airflow/example_dags/example_bash_operator.py
[2025-01-30T02:52:18.939+0800] {processor.py:925} INFO - DAG(s) 'example_bash_operator' retrieved from /home/anhtupham99/miniforge3/envs/nba/lib/python3.11/site-packages/airflow/example_dags/example_bash_operator.py
[2025-01-30T02:52:18.953+0800] {logging_mixin.py:190} INFO - [2025-01-30T02:52:18.952+0800] {dag.py:3239} INFO - Sync 1 DAGs
[2025-01-30T02:52:18.965+0800] {logging_mixin.py:190} INFO - [2025-01-30T02:52:18.965+0800] {dag.py:4180} INFO - Setting next_dagrun for example_bash_operator to 2025-01-28 00:00:00+00:00, run_after=2025-01-29 00:00:00+00:00
[2025-01-30T02:52:19.001+0800] {processor.py:208} INFO - Processing /home/anhtupham99/miniforge3/envs/nba/lib/python3.11/site-packages/airflow/example_dags/example_bash_operator.py took 0.095 seconds
[2025-01-30T02:53:11.560+0800] {processor.py:186} INFO - Started process (PID=20846) to work on /home/anhtupham99/miniforge3/envs/nba/lib/python3.11/site-packages/airflow/example_dags/example_bash_operator.py
[2025-01-30T02:53:11.561+0800] {processor.py:914} INFO - Processing file /home/anhtupham99/miniforge3/envs/nba/lib/python3.11/site-packages/airflow/example_dags/example_bash_operator.py for tasks to queue
[2025-01-30T02:53:11.563+0800] {logging_mixin.py:190} INFO - [2025-01-30T02:53:11.563+0800] {dagbag.py:588} INFO - Filling up the DagBag from /home/anhtupham99/miniforge3/envs/nba/lib/python3.11/site-packages/airflow/example_dags/example_bash_operator.py
[2025-01-30T02:53:11.574+0800] {processor.py:925} INFO - DAG(s) 'example_bash_operator' retrieved from /home/anhtupham99/miniforge3/envs/nba/lib/python3.11/site-packages/airflow/example_dags/example_bash_operator.py
[2025-01-30T02:53:11.589+0800] {logging_mixin.py:190} INFO - [2025-01-30T02:53:11.589+0800] {dag.py:3239} INFO - Sync 1 DAGs
[2025-01-30T02:53:11.604+0800] {logging_mixin.py:190} INFO - [2025-01-30T02:53:11.604+0800] {dag.py:4180} INFO - Setting next_dagrun for example_bash_operator to 2025-01-28 00:00:00+00:00, run_after=2025-01-29 00:00:00+00:00
[2025-01-30T02:53:11.630+0800] {processor.py:208} INFO - Processing /home/anhtupham99/miniforge3/envs/nba/lib/python3.11/site-packages/airflow/example_dags/example_bash_operator.py took 0.075 seconds
[2025-01-30T02:54:05.332+0800] {processor.py:186} INFO - Started process (PID=21152) to work on /home/anhtupham99/miniforge3/envs/nba/lib/python3.11/site-packages/airflow/example_dags/example_bash_operator.py
[2025-01-30T02:54:05.336+0800] {processor.py:914} INFO - Processing file /home/anhtupham99/miniforge3/envs/nba/lib/python3.11/site-packages/airflow/example_dags/example_bash_operator.py for tasks to queue
[2025-01-30T02:54:05.338+0800] {logging_mixin.py:190} INFO - [2025-01-30T02:54:05.338+0800] {dagbag.py:588} INFO - Filling up the DagBag from /home/anhtupham99/miniforge3/envs/nba/lib/python3.11/site-packages/airflow/example_dags/example_bash_operator.py
[2025-01-30T02:54:05.350+0800] {processor.py:925} INFO - DAG(s) 'example_bash_operator' retrieved from /home/anhtupham99/miniforge3/envs/nba/lib/python3.11/site-packages/airflow/example_dags/example_bash_operator.py
[2025-01-30T02:54:05.365+0800] {logging_mixin.py:190} INFO - [2025-01-30T02:54:05.365+0800] {dag.py:3239} INFO - Sync 1 DAGs
[2025-01-30T02:54:05.379+0800] {logging_mixin.py:190} INFO - [2025-01-30T02:54:05.379+0800] {dag.py:4180} INFO - Setting next_dagrun for example_bash_operator to 2025-01-28 00:00:00+00:00, run_after=2025-01-29 00:00:00+00:00
[2025-01-30T02:54:05.404+0800] {processor.py:208} INFO - Processing /home/anhtupham99/miniforge3/envs/nba/lib/python3.11/site-packages/airflow/example_dags/example_bash_operator.py took 0.077 seconds
[2025-01-30T02:55:16.904+0800] {processor.py:186} INFO - Started process (PID=21559) to work on /home/anhtupham99/miniforge3/envs/nba/lib/python3.11/site-packages/airflow/example_dags/example_bash_operator.py
[2025-01-30T02:55:16.905+0800] {processor.py:914} INFO - Processing file /home/anhtupham99/miniforge3/envs/nba/lib/python3.11/site-packages/airflow/example_dags/example_bash_operator.py for tasks to queue
[2025-01-30T02:55:16.907+0800] {logging_mixin.py:190} INFO - [2025-01-30T02:55:16.906+0800] {dagbag.py:588} INFO - Filling up the DagBag from /home/anhtupham99/miniforge3/envs/nba/lib/python3.11/site-packages/airflow/example_dags/example_bash_operator.py
[2025-01-30T02:55:16.916+0800] {processor.py:925} INFO - DAG(s) 'example_bash_operator' retrieved from /home/anhtupham99/miniforge3/envs/nba/lib/python3.11/site-packages/airflow/example_dags/example_bash_operator.py
[2025-01-30T02:55:16.931+0800] {logging_mixin.py:190} INFO - [2025-01-30T02:55:16.931+0800] {dag.py:3239} INFO - Sync 1 DAGs
[2025-01-30T02:55:16.945+0800] {logging_mixin.py:190} INFO - [2025-01-30T02:55:16.944+0800] {dag.py:4180} INFO - Setting next_dagrun for example_bash_operator to 2025-01-28 00:00:00+00:00, run_after=2025-01-29 00:00:00+00:00
[2025-01-30T02:55:16.968+0800] {processor.py:208} INFO - Processing /home/anhtupham99/miniforge3/envs/nba/lib/python3.11/site-packages/airflow/example_dags/example_bash_operator.py took 0.068 seconds
[2025-01-30T02:56:27.290+0800] {processor.py:186} INFO - Started process (PID=21985) to work on /home/anhtupham99/miniforge3/envs/nba/lib/python3.11/site-packages/airflow/example_dags/example_bash_operator.py
[2025-01-30T02:56:27.294+0800] {processor.py:914} INFO - Processing file /home/anhtupham99/miniforge3/envs/nba/lib/python3.11/site-packages/airflow/example_dags/example_bash_operator.py for tasks to queue
[2025-01-30T02:56:27.296+0800] {logging_mixin.py:190} INFO - [2025-01-30T02:56:27.296+0800] {dagbag.py:588} INFO - Filling up the DagBag from /home/anhtupham99/miniforge3/envs/nba/lib/python3.11/site-packages/airflow/example_dags/example_bash_operator.py
[2025-01-30T02:56:27.305+0800] {processor.py:925} INFO - DAG(s) 'example_bash_operator' retrieved from /home/anhtupham99/miniforge3/envs/nba/lib/python3.11/site-packages/airflow/example_dags/example_bash_operator.py
[2025-01-30T02:56:27.319+0800] {logging_mixin.py:190} INFO - [2025-01-30T02:56:27.319+0800] {dag.py:3239} INFO - Sync 1 DAGs
[2025-01-30T02:56:27.332+0800] {logging_mixin.py:190} INFO - [2025-01-30T02:56:27.332+0800] {dag.py:4180} INFO - Setting next_dagrun for example_bash_operator to 2025-01-28 00:00:00+00:00, run_after=2025-01-29 00:00:00+00:00
[2025-01-30T02:56:27.354+0800] {processor.py:208} INFO - Processing /home/anhtupham99/miniforge3/envs/nba/lib/python3.11/site-packages/airflow/example_dags/example_bash_operator.py took 0.068 seconds
[2025-01-30T02:57:38.833+0800] {processor.py:186} INFO - Started process (PID=22445) to work on /home/anhtupham99/miniforge3/envs/nba/lib/python3.11/site-packages/airflow/example_dags/example_bash_operator.py
[2025-01-30T02:57:38.834+0800] {processor.py:914} INFO - Processing file /home/anhtupham99/miniforge3/envs/nba/lib/python3.11/site-packages/airflow/example_dags/example_bash_operator.py for tasks to queue
[2025-01-30T02:57:38.837+0800] {logging_mixin.py:190} INFO - [2025-01-30T02:57:38.836+0800] {dagbag.py:588} INFO - Filling up the DagBag from /home/anhtupham99/miniforge3/envs/nba/lib/python3.11/site-packages/airflow/example_dags/example_bash_operator.py
[2025-01-30T02:57:38.849+0800] {processor.py:925} INFO - DAG(s) 'example_bash_operator' retrieved from /home/anhtupham99/miniforge3/envs/nba/lib/python3.11/site-packages/airflow/example_dags/example_bash_operator.py
[2025-01-30T02:57:38.864+0800] {logging_mixin.py:190} INFO - [2025-01-30T02:57:38.864+0800] {dag.py:3239} INFO - Sync 1 DAGs
[2025-01-30T02:57:38.878+0800] {logging_mixin.py:190} INFO - [2025-01-30T02:57:38.878+0800] {dag.py:4180} INFO - Setting next_dagrun for example_bash_operator to 2025-01-28 00:00:00+00:00, run_after=2025-01-29 00:00:00+00:00
[2025-01-30T02:57:38.903+0800] {processor.py:208} INFO - Processing /home/anhtupham99/miniforge3/envs/nba/lib/python3.11/site-packages/airflow/example_dags/example_bash_operator.py took 0.075 seconds
[2025-01-30T02:58:53.935+0800] {processor.py:186} INFO - Started process (PID=22867) to work on /home/anhtupham99/miniforge3/envs/nba/lib/python3.11/site-packages/airflow/example_dags/example_bash_operator.py
[2025-01-30T02:58:53.936+0800] {processor.py:914} INFO - Processing file /home/anhtupham99/miniforge3/envs/nba/lib/python3.11/site-packages/airflow/example_dags/example_bash_operator.py for tasks to queue
[2025-01-30T02:58:53.938+0800] {logging_mixin.py:190} INFO - [2025-01-30T02:58:53.938+0800] {dagbag.py:588} INFO - Filling up the DagBag from /home/anhtupham99/miniforge3/envs/nba/lib/python3.11/site-packages/airflow/example_dags/example_bash_operator.py
[2025-01-30T02:58:53.947+0800] {processor.py:925} INFO - DAG(s) 'example_bash_operator' retrieved from /home/anhtupham99/miniforge3/envs/nba/lib/python3.11/site-packages/airflow/example_dags/example_bash_operator.py
[2025-01-30T02:58:53.961+0800] {logging_mixin.py:190} INFO - [2025-01-30T02:58:53.961+0800] {dag.py:3239} INFO - Sync 1 DAGs
[2025-01-30T02:58:53.974+0800] {logging_mixin.py:190} INFO - [2025-01-30T02:58:53.974+0800] {dag.py:4180} INFO - Setting next_dagrun for example_bash_operator to 2025-01-28 00:00:00+00:00, run_after=2025-01-29 00:00:00+00:00
[2025-01-30T02:58:53.999+0800] {processor.py:208} INFO - Processing /home/anhtupham99/miniforge3/envs/nba/lib/python3.11/site-packages/airflow/example_dags/example_bash_operator.py took 0.068 seconds
[2025-01-30T03:00:11.364+0800] {processor.py:186} INFO - Started process (PID=23327) to work on /home/anhtupham99/miniforge3/envs/nba/lib/python3.11/site-packages/airflow/example_dags/example_bash_operator.py
[2025-01-30T03:00:11.366+0800] {processor.py:914} INFO - Processing file /home/anhtupham99/miniforge3/envs/nba/lib/python3.11/site-packages/airflow/example_dags/example_bash_operator.py for tasks to queue
[2025-01-30T03:00:11.367+0800] {logging_mixin.py:190} INFO - [2025-01-30T03:00:11.367+0800] {dagbag.py:588} INFO - Filling up the DagBag from /home/anhtupham99/miniforge3/envs/nba/lib/python3.11/site-packages/airflow/example_dags/example_bash_operator.py
[2025-01-30T03:00:11.377+0800] {processor.py:925} INFO - DAG(s) 'example_bash_operator' retrieved from /home/anhtupham99/miniforge3/envs/nba/lib/python3.11/site-packages/airflow/example_dags/example_bash_operator.py
[2025-01-30T03:00:11.391+0800] {logging_mixin.py:190} INFO - [2025-01-30T03:00:11.391+0800] {dag.py:3239} INFO - Sync 1 DAGs
[2025-01-30T03:00:11.405+0800] {logging_mixin.py:190} INFO - [2025-01-30T03:00:11.405+0800] {dag.py:4180} INFO - Setting next_dagrun for example_bash_operator to 2025-01-28 00:00:00+00:00, run_after=2025-01-29 00:00:00+00:00
[2025-01-30T03:00:11.430+0800] {processor.py:208} INFO - Processing /home/anhtupham99/miniforge3/envs/nba/lib/python3.11/site-packages/airflow/example_dags/example_bash_operator.py took 0.070 seconds
[2025-01-30T03:01:21.585+0800] {processor.py:186} INFO - Started process (PID=23733) to work on /home/anhtupham99/miniforge3/envs/nba/lib/python3.11/site-packages/airflow/example_dags/example_bash_operator.py
[2025-01-30T03:01:21.586+0800] {processor.py:914} INFO - Processing file /home/anhtupham99/miniforge3/envs/nba/lib/python3.11/site-packages/airflow/example_dags/example_bash_operator.py for tasks to queue
[2025-01-30T03:01:21.588+0800] {logging_mixin.py:190} INFO - [2025-01-30T03:01:21.587+0800] {dagbag.py:588} INFO - Filling up the DagBag from /home/anhtupham99/miniforge3/envs/nba/lib/python3.11/site-packages/airflow/example_dags/example_bash_operator.py
[2025-01-30T03:01:21.597+0800] {processor.py:925} INFO - DAG(s) 'example_bash_operator' retrieved from /home/anhtupham99/miniforge3/envs/nba/lib/python3.11/site-packages/airflow/example_dags/example_bash_operator.py
[2025-01-30T03:01:21.610+0800] {logging_mixin.py:190} INFO - [2025-01-30T03:01:21.610+0800] {dag.py:3239} INFO - Sync 1 DAGs
[2025-01-30T03:01:21.623+0800] {logging_mixin.py:190} INFO - [2025-01-30T03:01:21.623+0800] {dag.py:4180} INFO - Setting next_dagrun for example_bash_operator to 2025-01-28 00:00:00+00:00, run_after=2025-01-29 00:00:00+00:00
[2025-01-30T03:01:21.645+0800] {processor.py:208} INFO - Processing /home/anhtupham99/miniforge3/envs/nba/lib/python3.11/site-packages/airflow/example_dags/example_bash_operator.py took 0.065 seconds
[2025-01-30T03:02:31.576+0800] {processor.py:186} INFO - Started process (PID=24165) to work on /home/anhtupham99/miniforge3/envs/nba/lib/python3.11/site-packages/airflow/example_dags/example_bash_operator.py
[2025-01-30T03:02:31.577+0800] {processor.py:914} INFO - Processing file /home/anhtupham99/miniforge3/envs/nba/lib/python3.11/site-packages/airflow/example_dags/example_bash_operator.py for tasks to queue
[2025-01-30T03:02:31.579+0800] {logging_mixin.py:190} INFO - [2025-01-30T03:02:31.579+0800] {dagbag.py:588} INFO - Filling up the DagBag from /home/anhtupham99/miniforge3/envs/nba/lib/python3.11/site-packages/airflow/example_dags/example_bash_operator.py
[2025-01-30T03:02:31.589+0800] {processor.py:925} INFO - DAG(s) 'example_bash_operator' retrieved from /home/anhtupham99/miniforge3/envs/nba/lib/python3.11/site-packages/airflow/example_dags/example_bash_operator.py
[2025-01-30T03:02:31.603+0800] {logging_mixin.py:190} INFO - [2025-01-30T03:02:31.603+0800] {dag.py:3239} INFO - Sync 1 DAGs
[2025-01-30T03:02:31.617+0800] {logging_mixin.py:190} INFO - [2025-01-30T03:02:31.617+0800] {dag.py:4180} INFO - Setting next_dagrun for example_bash_operator to 2025-01-28 00:00:00+00:00, run_after=2025-01-29 00:00:00+00:00
[2025-01-30T03:02:31.640+0800] {processor.py:208} INFO - Processing /home/anhtupham99/miniforge3/envs/nba/lib/python3.11/site-packages/airflow/example_dags/example_bash_operator.py took 0.068 seconds
[2025-01-30T03:03:44.263+0800] {processor.py:186} INFO - Started process (PID=24573) to work on /home/anhtupham99/miniforge3/envs/nba/lib/python3.11/site-packages/airflow/example_dags/example_bash_operator.py
[2025-01-30T03:03:44.265+0800] {processor.py:914} INFO - Processing file /home/anhtupham99/miniforge3/envs/nba/lib/python3.11/site-packages/airflow/example_dags/example_bash_operator.py for tasks to queue
[2025-01-30T03:03:44.266+0800] {logging_mixin.py:190} INFO - [2025-01-30T03:03:44.266+0800] {dagbag.py:588} INFO - Filling up the DagBag from /home/anhtupham99/miniforge3/envs/nba/lib/python3.11/site-packages/airflow/example_dags/example_bash_operator.py
[2025-01-30T03:03:44.276+0800] {processor.py:925} INFO - DAG(s) 'example_bash_operator' retrieved from /home/anhtupham99/miniforge3/envs/nba/lib/python3.11/site-packages/airflow/example_dags/example_bash_operator.py
[2025-01-30T03:03:44.291+0800] {logging_mixin.py:190} INFO - [2025-01-30T03:03:44.290+0800] {dag.py:3239} INFO - Sync 1 DAGs
[2025-01-30T03:03:44.303+0800] {logging_mixin.py:190} INFO - [2025-01-30T03:03:44.303+0800] {dag.py:4180} INFO - Setting next_dagrun for example_bash_operator to 2025-01-28 00:00:00+00:00, run_after=2025-01-29 00:00:00+00:00
[2025-01-30T03:03:44.327+0800] {processor.py:208} INFO - Processing /home/anhtupham99/miniforge3/envs/nba/lib/python3.11/site-packages/airflow/example_dags/example_bash_operator.py took 0.068 seconds
[2025-01-30T03:04:59.247+0800] {processor.py:186} INFO - Started process (PID=25046) to work on /home/anhtupham99/miniforge3/envs/nba/lib/python3.11/site-packages/airflow/example_dags/example_bash_operator.py
[2025-01-30T03:04:59.259+0800] {processor.py:914} INFO - Processing file /home/anhtupham99/miniforge3/envs/nba/lib/python3.11/site-packages/airflow/example_dags/example_bash_operator.py for tasks to queue
[2025-01-30T03:04:59.260+0800] {logging_mixin.py:190} INFO - [2025-01-30T03:04:59.260+0800] {dagbag.py:588} INFO - Filling up the DagBag from /home/anhtupham99/miniforge3/envs/nba/lib/python3.11/site-packages/airflow/example_dags/example_bash_operator.py
[2025-01-30T03:04:59.270+0800] {processor.py:925} INFO - DAG(s) 'example_bash_operator' retrieved from /home/anhtupham99/miniforge3/envs/nba/lib/python3.11/site-packages/airflow/example_dags/example_bash_operator.py
[2025-01-30T03:04:59.283+0800] {logging_mixin.py:190} INFO - [2025-01-30T03:04:59.283+0800] {dag.py:3239} INFO - Sync 1 DAGs
[2025-01-30T03:04:59.295+0800] {logging_mixin.py:190} INFO - [2025-01-30T03:04:59.295+0800] {dag.py:4180} INFO - Setting next_dagrun for example_bash_operator to 2025-01-28 00:00:00+00:00, run_after=2025-01-29 00:00:00+00:00
[2025-01-30T03:04:59.362+0800] {processor.py:208} INFO - Processing /home/anhtupham99/miniforge3/envs/nba/lib/python3.11/site-packages/airflow/example_dags/example_bash_operator.py took 0.119 seconds
[2025-01-30T03:06:10.760+0800] {processor.py:186} INFO - Started process (PID=25453) to work on /home/anhtupham99/miniforge3/envs/nba/lib/python3.11/site-packages/airflow/example_dags/example_bash_operator.py
[2025-01-30T03:06:10.762+0800] {processor.py:914} INFO - Processing file /home/anhtupham99/miniforge3/envs/nba/lib/python3.11/site-packages/airflow/example_dags/example_bash_operator.py for tasks to queue
[2025-01-30T03:06:10.763+0800] {logging_mixin.py:190} INFO - [2025-01-30T03:06:10.763+0800] {dagbag.py:588} INFO - Filling up the DagBag from /home/anhtupham99/miniforge3/envs/nba/lib/python3.11/site-packages/airflow/example_dags/example_bash_operator.py
[2025-01-30T03:06:10.772+0800] {processor.py:925} INFO - DAG(s) 'example_bash_operator' retrieved from /home/anhtupham99/miniforge3/envs/nba/lib/python3.11/site-packages/airflow/example_dags/example_bash_operator.py
[2025-01-30T03:06:10.785+0800] {logging_mixin.py:190} INFO - [2025-01-30T03:06:10.785+0800] {dag.py:3239} INFO - Sync 1 DAGs
[2025-01-30T03:06:10.798+0800] {logging_mixin.py:190} INFO - [2025-01-30T03:06:10.798+0800] {dag.py:4180} INFO - Setting next_dagrun for example_bash_operator to 2025-01-28 00:00:00+00:00, run_after=2025-01-29 00:00:00+00:00
[2025-01-30T03:06:10.820+0800] {processor.py:208} INFO - Processing /home/anhtupham99/miniforge3/envs/nba/lib/python3.11/site-packages/airflow/example_dags/example_bash_operator.py took 0.064 seconds
[2025-01-30T03:07:01.630+0800] {processor.py:186} INFO - Started process (PID=25786) to work on /home/anhtupham99/miniforge3/envs/nba/lib/python3.11/site-packages/airflow/example_dags/example_bash_operator.py
[2025-01-30T03:07:01.631+0800] {processor.py:914} INFO - Processing file /home/anhtupham99/miniforge3/envs/nba/lib/python3.11/site-packages/airflow/example_dags/example_bash_operator.py for tasks to queue
[2025-01-30T03:07:01.634+0800] {logging_mixin.py:190} INFO - [2025-01-30T03:07:01.634+0800] {dagbag.py:588} INFO - Filling up the DagBag from /home/anhtupham99/miniforge3/envs/nba/lib/python3.11/site-packages/airflow/example_dags/example_bash_operator.py
[2025-01-30T03:07:01.647+0800] {processor.py:925} INFO - DAG(s) 'example_bash_operator' retrieved from /home/anhtupham99/miniforge3/envs/nba/lib/python3.11/site-packages/airflow/example_dags/example_bash_operator.py
[2025-01-30T03:07:01.664+0800] {logging_mixin.py:190} INFO - [2025-01-30T03:07:01.664+0800] {dag.py:3239} INFO - Sync 1 DAGs
[2025-01-30T03:07:01.681+0800] {logging_mixin.py:190} INFO - [2025-01-30T03:07:01.681+0800] {dag.py:4180} INFO - Setting next_dagrun for example_bash_operator to 2025-01-28 00:00:00+00:00, run_after=2025-01-29 00:00:00+00:00
[2025-01-30T03:07:01.707+0800] {processor.py:208} INFO - Processing /home/anhtupham99/miniforge3/envs/nba/lib/python3.11/site-packages/airflow/example_dags/example_bash_operator.py took 0.082 seconds
[2025-01-30T03:08:16.388+0800] {processor.py:186} INFO - Started process (PID=26204) to work on /home/anhtupham99/miniforge3/envs/nba/lib/python3.11/site-packages/airflow/example_dags/example_bash_operator.py
[2025-01-30T03:08:16.391+0800] {processor.py:914} INFO - Processing file /home/anhtupham99/miniforge3/envs/nba/lib/python3.11/site-packages/airflow/example_dags/example_bash_operator.py for tasks to queue
[2025-01-30T03:08:16.393+0800] {logging_mixin.py:190} INFO - [2025-01-30T03:08:16.393+0800] {dagbag.py:588} INFO - Filling up the DagBag from /home/anhtupham99/miniforge3/envs/nba/lib/python3.11/site-packages/airflow/example_dags/example_bash_operator.py
[2025-01-30T03:08:16.404+0800] {processor.py:925} INFO - DAG(s) 'example_bash_operator' retrieved from /home/anhtupham99/miniforge3/envs/nba/lib/python3.11/site-packages/airflow/example_dags/example_bash_operator.py
[2025-01-30T03:08:16.419+0800] {logging_mixin.py:190} INFO - [2025-01-30T03:08:16.418+0800] {dag.py:3239} INFO - Sync 1 DAGs
[2025-01-30T03:08:16.433+0800] {logging_mixin.py:190} INFO - [2025-01-30T03:08:16.433+0800] {dag.py:4180} INFO - Setting next_dagrun for example_bash_operator to 2025-01-28 00:00:00+00:00, run_after=2025-01-29 00:00:00+00:00
[2025-01-30T03:08:16.456+0800] {processor.py:208} INFO - Processing /home/anhtupham99/miniforge3/envs/nba/lib/python3.11/site-packages/airflow/example_dags/example_bash_operator.py took 0.072 seconds
[2025-01-30T03:09:29.520+0800] {processor.py:186} INFO - Started process (PID=26621) to work on /home/anhtupham99/miniforge3/envs/nba/lib/python3.11/site-packages/airflow/example_dags/example_bash_operator.py
[2025-01-30T03:09:29.523+0800] {processor.py:914} INFO - Processing file /home/anhtupham99/miniforge3/envs/nba/lib/python3.11/site-packages/airflow/example_dags/example_bash_operator.py for tasks to queue
[2025-01-30T03:09:29.525+0800] {logging_mixin.py:190} INFO - [2025-01-30T03:09:29.525+0800] {dagbag.py:588} INFO - Filling up the DagBag from /home/anhtupham99/miniforge3/envs/nba/lib/python3.11/site-packages/airflow/example_dags/example_bash_operator.py
[2025-01-30T03:09:29.537+0800] {processor.py:925} INFO - DAG(s) 'example_bash_operator' retrieved from /home/anhtupham99/miniforge3/envs/nba/lib/python3.11/site-packages/airflow/example_dags/example_bash_operator.py
[2025-01-30T03:09:29.553+0800] {logging_mixin.py:190} INFO - [2025-01-30T03:09:29.553+0800] {dag.py:3239} INFO - Sync 1 DAGs
[2025-01-30T03:09:29.567+0800] {logging_mixin.py:190} INFO - [2025-01-30T03:09:29.567+0800] {dag.py:4180} INFO - Setting next_dagrun for example_bash_operator to 2025-01-28 00:00:00+00:00, run_after=2025-01-29 00:00:00+00:00
[2025-01-30T03:09:29.589+0800] {processor.py:208} INFO - Processing /home/anhtupham99/miniforge3/envs/nba/lib/python3.11/site-packages/airflow/example_dags/example_bash_operator.py took 0.074 seconds
[2025-01-30T06:12:12.296+0800] {processor.py:186} INFO - Started process (PID=27119) to work on /home/anhtupham99/miniforge3/envs/nba/lib/python3.11/site-packages/airflow/example_dags/example_bash_operator.py
[2025-01-30T06:12:12.297+0800] {processor.py:914} INFO - Processing file /home/anhtupham99/miniforge3/envs/nba/lib/python3.11/site-packages/airflow/example_dags/example_bash_operator.py for tasks to queue
[2025-01-30T06:12:12.299+0800] {logging_mixin.py:190} INFO - [2025-01-30T06:12:12.299+0800] {dagbag.py:588} INFO - Filling up the DagBag from /home/anhtupham99/miniforge3/envs/nba/lib/python3.11/site-packages/airflow/example_dags/example_bash_operator.py
[2025-01-30T06:12:12.311+0800] {processor.py:925} INFO - DAG(s) 'example_bash_operator' retrieved from /home/anhtupham99/miniforge3/envs/nba/lib/python3.11/site-packages/airflow/example_dags/example_bash_operator.py
[2025-01-30T06:12:12.325+0800] {logging_mixin.py:190} INFO - [2025-01-30T06:12:12.325+0800] {dag.py:3239} INFO - Sync 1 DAGs
[2025-01-30T06:12:12.338+0800] {logging_mixin.py:190} INFO - [2025-01-30T06:12:12.338+0800] {dag.py:4180} INFO - Setting next_dagrun for example_bash_operator to 2025-01-28 00:00:00+00:00, run_after=2025-01-29 00:00:00+00:00
[2025-01-30T06:12:12.368+0800] {processor.py:208} INFO - Processing /home/anhtupham99/miniforge3/envs/nba/lib/python3.11/site-packages/airflow/example_dags/example_bash_operator.py took 0.078 seconds
[2025-01-30T06:13:07.303+0800] {processor.py:186} INFO - Started process (PID=27423) to work on /home/anhtupham99/miniforge3/envs/nba/lib/python3.11/site-packages/airflow/example_dags/example_bash_operator.py
[2025-01-30T06:13:07.305+0800] {processor.py:914} INFO - Processing file /home/anhtupham99/miniforge3/envs/nba/lib/python3.11/site-packages/airflow/example_dags/example_bash_operator.py for tasks to queue
[2025-01-30T06:13:07.307+0800] {logging_mixin.py:190} INFO - [2025-01-30T06:13:07.306+0800] {dagbag.py:588} INFO - Filling up the DagBag from /home/anhtupham99/miniforge3/envs/nba/lib/python3.11/site-packages/airflow/example_dags/example_bash_operator.py
[2025-01-30T06:13:07.318+0800] {processor.py:925} INFO - DAG(s) 'example_bash_operator' retrieved from /home/anhtupham99/miniforge3/envs/nba/lib/python3.11/site-packages/airflow/example_dags/example_bash_operator.py
[2025-01-30T06:13:07.332+0800] {logging_mixin.py:190} INFO - [2025-01-30T06:13:07.332+0800] {dag.py:3239} INFO - Sync 1 DAGs
[2025-01-30T06:13:07.345+0800] {logging_mixin.py:190} INFO - [2025-01-30T06:13:07.345+0800] {dag.py:4180} INFO - Setting next_dagrun for example_bash_operator to 2025-01-28 00:00:00+00:00, run_after=2025-01-29 00:00:00+00:00
[2025-01-30T06:13:07.373+0800] {processor.py:208} INFO - Processing /home/anhtupham99/miniforge3/envs/nba/lib/python3.11/site-packages/airflow/example_dags/example_bash_operator.py took 0.074 seconds
