[2025-01-30T02:35:02.646+0800] {processor.py:186} INFO - Started process (PID=14472) to work on /home/anhtupham99/miniforge3/envs/nba/lib/python3.11/site-packages/airflow/example_dags/example_task_group.py
[2025-01-30T02:35:02.647+0800] {processor.py:914} INFO - Processing file /home/anhtupham99/miniforge3/envs/nba/lib/python3.11/site-packages/airflow/example_dags/example_task_group.py for tasks to queue
[2025-01-30T02:35:02.650+0800] {logging_mixin.py:190} INFO - [2025-01-30T02:35:02.649+0800] {dagbag.py:588} INFO - Filling up the DagBag from /home/anhtupham99/miniforge3/envs/nba/lib/python3.11/site-packages/airflow/example_dags/example_task_group.py
[2025-01-30T02:35:02.662+0800] {processor.py:925} INFO - DAG(s) 'example_task_group' retrieved from /home/anhtupham99/miniforge3/envs/nba/lib/python3.11/site-packages/airflow/example_dags/example_task_group.py
[2025-01-30T02:35:02.765+0800] {logging_mixin.py:190} INFO - [2025-01-30T02:35:02.764+0800] {override.py:1911} INFO - Created Permission View: can delete on DAG:example_task_group
[2025-01-30T02:35:02.793+0800] {logging_mixin.py:190} INFO - [2025-01-30T02:35:02.793+0800] {override.py:1911} INFO - Created Permission View: can read on DAG:example_task_group
[2025-01-30T02:35:02.816+0800] {logging_mixin.py:190} INFO - [2025-01-30T02:35:02.815+0800] {override.py:1911} INFO - Created Permission View: can edit on DAG:example_task_group
[2025-01-30T02:35:02.853+0800] {logging_mixin.py:190} INFO - [2025-01-30T02:35:02.852+0800] {override.py:1911} INFO - Created Permission View: can delete on DAG Run:example_task_group
[2025-01-30T02:35:02.874+0800] {logging_mixin.py:190} INFO - [2025-01-30T02:35:02.873+0800] {override.py:1911} INFO - Created Permission View: can create on DAG Run:example_task_group
[2025-01-30T02:35:02.896+0800] {logging_mixin.py:190} INFO - [2025-01-30T02:35:02.896+0800] {override.py:1911} INFO - Created Permission View: menu access on DAG Run:example_task_group
[2025-01-30T02:35:02.910+0800] {logging_mixin.py:190} INFO - [2025-01-30T02:35:02.910+0800] {override.py:1911} INFO - Created Permission View: can read on DAG Run:example_task_group
[2025-01-30T02:35:02.910+0800] {logging_mixin.py:190} INFO - [2025-01-30T02:35:02.910+0800] {dag.py:3239} INFO - Sync 1 DAGs
[2025-01-30T02:35:02.917+0800] {logging_mixin.py:190} INFO - [2025-01-30T02:35:02.917+0800] {dag.py:3262} INFO - Creating ORM DAG for example_task_group
[2025-01-30T02:35:02.918+0800] {logging_mixin.py:190} INFO - [2025-01-30T02:35:02.918+0800] {dag.py:4180} INFO - Setting next_dagrun for example_task_group to None, run_after=None
[2025-01-30T02:35:02.945+0800] {processor.py:208} INFO - Processing /home/anhtupham99/miniforge3/envs/nba/lib/python3.11/site-packages/airflow/example_dags/example_task_group.py took 0.315 seconds
[2025-01-30T02:36:11.709+0800] {processor.py:186} INFO - Started process (PID=14892) to work on /home/anhtupham99/miniforge3/envs/nba/lib/python3.11/site-packages/airflow/example_dags/example_task_group.py
[2025-01-30T02:36:11.713+0800] {processor.py:914} INFO - Processing file /home/anhtupham99/miniforge3/envs/nba/lib/python3.11/site-packages/airflow/example_dags/example_task_group.py for tasks to queue
[2025-01-30T02:36:11.718+0800] {logging_mixin.py:190} INFO - [2025-01-30T02:36:11.717+0800] {dagbag.py:588} INFO - Filling up the DagBag from /home/anhtupham99/miniforge3/envs/nba/lib/python3.11/site-packages/airflow/example_dags/example_task_group.py
[2025-01-30T02:36:11.733+0800] {processor.py:925} INFO - DAG(s) 'example_task_group' retrieved from /home/anhtupham99/miniforge3/envs/nba/lib/python3.11/site-packages/airflow/example_dags/example_task_group.py
[2025-01-30T02:36:11.748+0800] {logging_mixin.py:190} INFO - [2025-01-30T02:36:11.748+0800] {dag.py:3239} INFO - Sync 1 DAGs
[2025-01-30T02:36:11.755+0800] {logging_mixin.py:190} INFO - [2025-01-30T02:36:11.755+0800] {dag.py:4180} INFO - Setting next_dagrun for example_task_group to None, run_after=None
[2025-01-30T02:36:11.781+0800] {processor.py:208} INFO - Processing /home/anhtupham99/miniforge3/envs/nba/lib/python3.11/site-packages/airflow/example_dags/example_task_group.py took 0.086 seconds
[2025-01-30T02:48:10.230+0800] {processor.py:186} INFO - Started process (PID=19105) to work on /home/anhtupham99/miniforge3/envs/nba/lib/python3.11/site-packages/airflow/example_dags/example_task_group.py
[2025-01-30T02:48:10.231+0800] {processor.py:914} INFO - Processing file /home/anhtupham99/miniforge3/envs/nba/lib/python3.11/site-packages/airflow/example_dags/example_task_group.py for tasks to queue
[2025-01-30T02:48:10.233+0800] {logging_mixin.py:190} INFO - [2025-01-30T02:48:10.232+0800] {dagbag.py:588} INFO - Filling up the DagBag from /home/anhtupham99/miniforge3/envs/nba/lib/python3.11/site-packages/airflow/example_dags/example_task_group.py
[2025-01-30T02:48:10.239+0800] {processor.py:925} INFO - DAG(s) 'example_task_group' retrieved from /home/anhtupham99/miniforge3/envs/nba/lib/python3.11/site-packages/airflow/example_dags/example_task_group.py
[2025-01-30T02:48:10.253+0800] {logging_mixin.py:190} INFO - [2025-01-30T02:48:10.252+0800] {dag.py:3239} INFO - Sync 1 DAGs
[2025-01-30T02:48:10.261+0800] {logging_mixin.py:190} INFO - [2025-01-30T02:48:10.261+0800] {dag.py:4180} INFO - Setting next_dagrun for example_task_group to None, run_after=None
[2025-01-30T02:48:10.284+0800] {processor.py:208} INFO - Processing /home/anhtupham99/miniforge3/envs/nba/lib/python3.11/site-packages/airflow/example_dags/example_task_group.py took 0.062 seconds
[2025-01-30T02:49:07.279+0800] {processor.py:186} INFO - Started process (PID=19414) to work on /home/anhtupham99/miniforge3/envs/nba/lib/python3.11/site-packages/airflow/example_dags/example_task_group.py
[2025-01-30T02:49:07.281+0800] {processor.py:914} INFO - Processing file /home/anhtupham99/miniforge3/envs/nba/lib/python3.11/site-packages/airflow/example_dags/example_task_group.py for tasks to queue
[2025-01-30T02:49:07.283+0800] {logging_mixin.py:190} INFO - [2025-01-30T02:49:07.283+0800] {dagbag.py:588} INFO - Filling up the DagBag from /home/anhtupham99/miniforge3/envs/nba/lib/python3.11/site-packages/airflow/example_dags/example_task_group.py
[2025-01-30T02:49:07.289+0800] {processor.py:925} INFO - DAG(s) 'example_task_group' retrieved from /home/anhtupham99/miniforge3/envs/nba/lib/python3.11/site-packages/airflow/example_dags/example_task_group.py
[2025-01-30T02:49:07.300+0800] {logging_mixin.py:190} INFO - [2025-01-30T02:49:07.300+0800] {dag.py:3239} INFO - Sync 1 DAGs
[2025-01-30T02:49:07.310+0800] {logging_mixin.py:190} INFO - [2025-01-30T02:49:07.310+0800] {dag.py:4180} INFO - Setting next_dagrun for example_task_group to None, run_after=None
[2025-01-30T02:49:07.347+0800] {processor.py:208} INFO - Processing /home/anhtupham99/miniforge3/envs/nba/lib/python3.11/site-packages/airflow/example_dags/example_task_group.py took 0.072 seconds
[2025-01-30T02:49:59.262+0800] {processor.py:186} INFO - Started process (PID=19736) to work on /home/anhtupham99/miniforge3/envs/nba/lib/python3.11/site-packages/airflow/example_dags/example_task_group.py
[2025-01-30T02:49:59.264+0800] {processor.py:914} INFO - Processing file /home/anhtupham99/miniforge3/envs/nba/lib/python3.11/site-packages/airflow/example_dags/example_task_group.py for tasks to queue
[2025-01-30T02:49:59.268+0800] {logging_mixin.py:190} INFO - [2025-01-30T02:49:59.268+0800] {dagbag.py:588} INFO - Filling up the DagBag from /home/anhtupham99/miniforge3/envs/nba/lib/python3.11/site-packages/airflow/example_dags/example_task_group.py
[2025-01-30T02:49:59.282+0800] {processor.py:925} INFO - DAG(s) 'example_task_group' retrieved from /home/anhtupham99/miniforge3/envs/nba/lib/python3.11/site-packages/airflow/example_dags/example_task_group.py
[2025-01-30T02:49:59.294+0800] {logging_mixin.py:190} INFO - [2025-01-30T02:49:59.294+0800] {dag.py:3239} INFO - Sync 1 DAGs
[2025-01-30T02:49:59.301+0800] {logging_mixin.py:190} INFO - [2025-01-30T02:49:59.301+0800] {dag.py:4180} INFO - Setting next_dagrun for example_task_group to None, run_after=None
[2025-01-30T02:49:59.340+0800] {processor.py:208} INFO - Processing /home/anhtupham99/miniforge3/envs/nba/lib/python3.11/site-packages/airflow/example_dags/example_task_group.py took 0.088 seconds
[2025-01-30T02:50:52.421+0800] {processor.py:186} INFO - Started process (PID=20048) to work on /home/anhtupham99/miniforge3/envs/nba/lib/python3.11/site-packages/airflow/example_dags/example_task_group.py
[2025-01-30T02:50:52.426+0800] {processor.py:914} INFO - Processing file /home/anhtupham99/miniforge3/envs/nba/lib/python3.11/site-packages/airflow/example_dags/example_task_group.py for tasks to queue
[2025-01-30T02:50:52.430+0800] {logging_mixin.py:190} INFO - [2025-01-30T02:50:52.430+0800] {dagbag.py:588} INFO - Filling up the DagBag from /home/anhtupham99/miniforge3/envs/nba/lib/python3.11/site-packages/airflow/example_dags/example_task_group.py
[2025-01-30T02:50:52.450+0800] {processor.py:925} INFO - DAG(s) 'example_task_group' retrieved from /home/anhtupham99/miniforge3/envs/nba/lib/python3.11/site-packages/airflow/example_dags/example_task_group.py
[2025-01-30T02:50:52.468+0800] {logging_mixin.py:190} INFO - [2025-01-30T02:50:52.468+0800] {dag.py:3239} INFO - Sync 1 DAGs
[2025-01-30T02:50:52.481+0800] {logging_mixin.py:190} INFO - [2025-01-30T02:50:52.481+0800] {dag.py:4180} INFO - Setting next_dagrun for example_task_group to None, run_after=None
[2025-01-30T02:50:52.518+0800] {processor.py:208} INFO - Processing /home/anhtupham99/miniforge3/envs/nba/lib/python3.11/site-packages/airflow/example_dags/example_task_group.py took 0.109 seconds
[2025-01-30T02:51:49.201+0800] {processor.py:186} INFO - Started process (PID=20351) to work on /home/anhtupham99/miniforge3/envs/nba/lib/python3.11/site-packages/airflow/example_dags/example_task_group.py
[2025-01-30T02:51:49.203+0800] {processor.py:914} INFO - Processing file /home/anhtupham99/miniforge3/envs/nba/lib/python3.11/site-packages/airflow/example_dags/example_task_group.py for tasks to queue
[2025-01-30T02:51:49.208+0800] {logging_mixin.py:190} INFO - [2025-01-30T02:51:49.208+0800] {dagbag.py:588} INFO - Filling up the DagBag from /home/anhtupham99/miniforge3/envs/nba/lib/python3.11/site-packages/airflow/example_dags/example_task_group.py
[2025-01-30T02:51:49.226+0800] {processor.py:925} INFO - DAG(s) 'example_task_group' retrieved from /home/anhtupham99/miniforge3/envs/nba/lib/python3.11/site-packages/airflow/example_dags/example_task_group.py
[2025-01-30T02:51:49.237+0800] {logging_mixin.py:190} INFO - [2025-01-30T02:51:49.237+0800] {dag.py:3239} INFO - Sync 1 DAGs
[2025-01-30T02:51:49.245+0800] {logging_mixin.py:190} INFO - [2025-01-30T02:51:49.245+0800] {dag.py:4180} INFO - Setting next_dagrun for example_task_group to None, run_after=None
[2025-01-30T02:51:49.267+0800] {processor.py:208} INFO - Processing /home/anhtupham99/miniforge3/envs/nba/lib/python3.11/site-packages/airflow/example_dags/example_task_group.py took 0.078 seconds
[2025-01-30T02:52:41.847+0800] {processor.py:186} INFO - Started process (PID=20682) to work on /home/anhtupham99/miniforge3/envs/nba/lib/python3.11/site-packages/airflow/example_dags/example_task_group.py
[2025-01-30T02:52:41.853+0800] {processor.py:914} INFO - Processing file /home/anhtupham99/miniforge3/envs/nba/lib/python3.11/site-packages/airflow/example_dags/example_task_group.py for tasks to queue
[2025-01-30T02:52:41.858+0800] {logging_mixin.py:190} INFO - [2025-01-30T02:52:41.857+0800] {dagbag.py:588} INFO - Filling up the DagBag from /home/anhtupham99/miniforge3/envs/nba/lib/python3.11/site-packages/airflow/example_dags/example_task_group.py
[2025-01-30T02:52:41.871+0800] {processor.py:925} INFO - DAG(s) 'example_task_group' retrieved from /home/anhtupham99/miniforge3/envs/nba/lib/python3.11/site-packages/airflow/example_dags/example_task_group.py
[2025-01-30T02:52:41.891+0800] {logging_mixin.py:190} INFO - [2025-01-30T02:52:41.891+0800] {dag.py:3239} INFO - Sync 1 DAGs
[2025-01-30T02:52:41.899+0800] {logging_mixin.py:190} INFO - [2025-01-30T02:52:41.899+0800] {dag.py:4180} INFO - Setting next_dagrun for example_task_group to None, run_after=None
[2025-01-30T02:52:41.936+0800] {processor.py:208} INFO - Processing /home/anhtupham99/miniforge3/envs/nba/lib/python3.11/site-packages/airflow/example_dags/example_task_group.py took 0.105 seconds
[2025-01-30T02:53:33.926+0800] {processor.py:186} INFO - Started process (PID=20976) to work on /home/anhtupham99/miniforge3/envs/nba/lib/python3.11/site-packages/airflow/example_dags/example_task_group.py
[2025-01-30T02:53:33.927+0800] {processor.py:914} INFO - Processing file /home/anhtupham99/miniforge3/envs/nba/lib/python3.11/site-packages/airflow/example_dags/example_task_group.py for tasks to queue
[2025-01-30T02:53:33.929+0800] {logging_mixin.py:190} INFO - [2025-01-30T02:53:33.929+0800] {dagbag.py:588} INFO - Filling up the DagBag from /home/anhtupham99/miniforge3/envs/nba/lib/python3.11/site-packages/airflow/example_dags/example_task_group.py
[2025-01-30T02:53:33.935+0800] {processor.py:925} INFO - DAG(s) 'example_task_group' retrieved from /home/anhtupham99/miniforge3/envs/nba/lib/python3.11/site-packages/airflow/example_dags/example_task_group.py
[2025-01-30T02:53:33.946+0800] {logging_mixin.py:190} INFO - [2025-01-30T02:53:33.946+0800] {dag.py:3239} INFO - Sync 1 DAGs
[2025-01-30T02:53:33.954+0800] {logging_mixin.py:190} INFO - [2025-01-30T02:53:33.954+0800] {dag.py:4180} INFO - Setting next_dagrun for example_task_group to None, run_after=None
[2025-01-30T02:53:33.977+0800] {processor.py:208} INFO - Processing /home/anhtupham99/miniforge3/envs/nba/lib/python3.11/site-packages/airflow/example_dags/example_task_group.py took 0.055 seconds
[2025-01-30T02:54:24.492+0800] {processor.py:186} INFO - Started process (PID=21269) to work on /home/anhtupham99/miniforge3/envs/nba/lib/python3.11/site-packages/airflow/example_dags/example_task_group.py
[2025-01-30T02:54:24.493+0800] {processor.py:914} INFO - Processing file /home/anhtupham99/miniforge3/envs/nba/lib/python3.11/site-packages/airflow/example_dags/example_task_group.py for tasks to queue
[2025-01-30T02:54:24.496+0800] {logging_mixin.py:190} INFO - [2025-01-30T02:54:24.495+0800] {dagbag.py:588} INFO - Filling up the DagBag from /home/anhtupham99/miniforge3/envs/nba/lib/python3.11/site-packages/airflow/example_dags/example_task_group.py
[2025-01-30T02:54:24.502+0800] {processor.py:925} INFO - DAG(s) 'example_task_group' retrieved from /home/anhtupham99/miniforge3/envs/nba/lib/python3.11/site-packages/airflow/example_dags/example_task_group.py
[2025-01-30T02:54:24.514+0800] {logging_mixin.py:190} INFO - [2025-01-30T02:54:24.514+0800] {dag.py:3239} INFO - Sync 1 DAGs
[2025-01-30T02:54:24.523+0800] {logging_mixin.py:190} INFO - [2025-01-30T02:54:24.523+0800] {dag.py:4180} INFO - Setting next_dagrun for example_task_group to None, run_after=None
[2025-01-30T02:54:24.546+0800] {processor.py:208} INFO - Processing /home/anhtupham99/miniforge3/envs/nba/lib/python3.11/site-packages/airflow/example_dags/example_task_group.py took 0.058 seconds
[2025-01-30T02:55:13.278+0800] {processor.py:186} INFO - Started process (PID=21539) to work on /home/anhtupham99/miniforge3/envs/nba/lib/python3.11/site-packages/airflow/example_dags/example_task_group.py
[2025-01-30T02:55:13.279+0800] {processor.py:914} INFO - Processing file /home/anhtupham99/miniforge3/envs/nba/lib/python3.11/site-packages/airflow/example_dags/example_task_group.py for tasks to queue
[2025-01-30T02:55:13.281+0800] {logging_mixin.py:190} INFO - [2025-01-30T02:55:13.281+0800] {dagbag.py:588} INFO - Filling up the DagBag from /home/anhtupham99/miniforge3/envs/nba/lib/python3.11/site-packages/airflow/example_dags/example_task_group.py
[2025-01-30T02:55:13.288+0800] {processor.py:925} INFO - DAG(s) 'example_task_group' retrieved from /home/anhtupham99/miniforge3/envs/nba/lib/python3.11/site-packages/airflow/example_dags/example_task_group.py
[2025-01-30T02:55:13.299+0800] {logging_mixin.py:190} INFO - [2025-01-30T02:55:13.298+0800] {dag.py:3239} INFO - Sync 1 DAGs
[2025-01-30T02:55:13.308+0800] {logging_mixin.py:190} INFO - [2025-01-30T02:55:13.308+0800] {dag.py:4180} INFO - Setting next_dagrun for example_task_group to None, run_after=None
[2025-01-30T02:55:13.331+0800] {processor.py:208} INFO - Processing /home/anhtupham99/miniforge3/envs/nba/lib/python3.11/site-packages/airflow/example_dags/example_task_group.py took 0.057 seconds
[2025-01-30T02:56:01.279+0800] {processor.py:186} INFO - Started process (PID=21832) to work on /home/anhtupham99/miniforge3/envs/nba/lib/python3.11/site-packages/airflow/example_dags/example_task_group.py
[2025-01-30T02:56:01.280+0800] {processor.py:914} INFO - Processing file /home/anhtupham99/miniforge3/envs/nba/lib/python3.11/site-packages/airflow/example_dags/example_task_group.py for tasks to queue
[2025-01-30T02:56:01.282+0800] {logging_mixin.py:190} INFO - [2025-01-30T02:56:01.282+0800] {dagbag.py:588} INFO - Filling up the DagBag from /home/anhtupham99/miniforge3/envs/nba/lib/python3.11/site-packages/airflow/example_dags/example_task_group.py
[2025-01-30T02:56:01.288+0800] {processor.py:925} INFO - DAG(s) 'example_task_group' retrieved from /home/anhtupham99/miniforge3/envs/nba/lib/python3.11/site-packages/airflow/example_dags/example_task_group.py
[2025-01-30T02:56:01.299+0800] {logging_mixin.py:190} INFO - [2025-01-30T02:56:01.299+0800] {dag.py:3239} INFO - Sync 1 DAGs
[2025-01-30T02:56:01.307+0800] {logging_mixin.py:190} INFO - [2025-01-30T02:56:01.306+0800] {dag.py:4180} INFO - Setting next_dagrun for example_task_group to None, run_after=None
[2025-01-30T02:56:01.328+0800] {processor.py:208} INFO - Processing /home/anhtupham99/miniforge3/envs/nba/lib/python3.11/site-packages/airflow/example_dags/example_task_group.py took 0.054 seconds
[2025-01-30T02:56:48.074+0800] {processor.py:186} INFO - Started process (PID=22098) to work on /home/anhtupham99/miniforge3/envs/nba/lib/python3.11/site-packages/airflow/example_dags/example_task_group.py
[2025-01-30T02:56:48.078+0800] {processor.py:914} INFO - Processing file /home/anhtupham99/miniforge3/envs/nba/lib/python3.11/site-packages/airflow/example_dags/example_task_group.py for tasks to queue
[2025-01-30T02:56:48.080+0800] {logging_mixin.py:190} INFO - [2025-01-30T02:56:48.080+0800] {dagbag.py:588} INFO - Filling up the DagBag from /home/anhtupham99/miniforge3/envs/nba/lib/python3.11/site-packages/airflow/example_dags/example_task_group.py
[2025-01-30T02:56:48.087+0800] {processor.py:925} INFO - DAG(s) 'example_task_group' retrieved from /home/anhtupham99/miniforge3/envs/nba/lib/python3.11/site-packages/airflow/example_dags/example_task_group.py
[2025-01-30T02:56:48.098+0800] {logging_mixin.py:190} INFO - [2025-01-30T02:56:48.097+0800] {dag.py:3239} INFO - Sync 1 DAGs
[2025-01-30T02:56:48.105+0800] {logging_mixin.py:190} INFO - [2025-01-30T02:56:48.105+0800] {dag.py:4180} INFO - Setting next_dagrun for example_task_group to None, run_after=None
[2025-01-30T02:56:48.126+0800] {processor.py:208} INFO - Processing /home/anhtupham99/miniforge3/envs/nba/lib/python3.11/site-packages/airflow/example_dags/example_task_group.py took 0.056 seconds
[2025-01-30T02:57:34.713+0800] {processor.py:186} INFO - Started process (PID=22421) to work on /home/anhtupham99/miniforge3/envs/nba/lib/python3.11/site-packages/airflow/example_dags/example_task_group.py
[2025-01-30T02:57:34.715+0800] {processor.py:914} INFO - Processing file /home/anhtupham99/miniforge3/envs/nba/lib/python3.11/site-packages/airflow/example_dags/example_task_group.py for tasks to queue
[2025-01-30T02:57:34.716+0800] {logging_mixin.py:190} INFO - [2025-01-30T02:57:34.716+0800] {dagbag.py:588} INFO - Filling up the DagBag from /home/anhtupham99/miniforge3/envs/nba/lib/python3.11/site-packages/airflow/example_dags/example_task_group.py
[2025-01-30T02:57:34.723+0800] {processor.py:925} INFO - DAG(s) 'example_task_group' retrieved from /home/anhtupham99/miniforge3/envs/nba/lib/python3.11/site-packages/airflow/example_dags/example_task_group.py
[2025-01-30T02:57:34.733+0800] {logging_mixin.py:190} INFO - [2025-01-30T02:57:34.732+0800] {dag.py:3239} INFO - Sync 1 DAGs
[2025-01-30T02:57:34.740+0800] {logging_mixin.py:190} INFO - [2025-01-30T02:57:34.740+0800] {dag.py:4180} INFO - Setting next_dagrun for example_task_group to None, run_after=None
[2025-01-30T02:57:34.764+0800] {processor.py:208} INFO - Processing /home/anhtupham99/miniforge3/envs/nba/lib/python3.11/site-packages/airflow/example_dags/example_task_group.py took 0.055 seconds
[2025-01-30T02:58:22.889+0800] {processor.py:186} INFO - Started process (PID=22695) to work on /home/anhtupham99/miniforge3/envs/nba/lib/python3.11/site-packages/airflow/example_dags/example_task_group.py
[2025-01-30T02:58:22.894+0800] {processor.py:914} INFO - Processing file /home/anhtupham99/miniforge3/envs/nba/lib/python3.11/site-packages/airflow/example_dags/example_task_group.py for tasks to queue
[2025-01-30T02:58:22.896+0800] {logging_mixin.py:190} INFO - [2025-01-30T02:58:22.896+0800] {dagbag.py:588} INFO - Filling up the DagBag from /home/anhtupham99/miniforge3/envs/nba/lib/python3.11/site-packages/airflow/example_dags/example_task_group.py
[2025-01-30T02:58:22.903+0800] {processor.py:925} INFO - DAG(s) 'example_task_group' retrieved from /home/anhtupham99/miniforge3/envs/nba/lib/python3.11/site-packages/airflow/example_dags/example_task_group.py
[2025-01-30T02:58:22.914+0800] {logging_mixin.py:190} INFO - [2025-01-30T02:58:22.914+0800] {dag.py:3239} INFO - Sync 1 DAGs
[2025-01-30T02:58:22.922+0800] {logging_mixin.py:190} INFO - [2025-01-30T02:58:22.922+0800] {dag.py:4180} INFO - Setting next_dagrun for example_task_group to None, run_after=None
[2025-01-30T02:58:22.954+0800] {processor.py:208} INFO - Processing /home/anhtupham99/miniforge3/envs/nba/lib/python3.11/site-packages/airflow/example_dags/example_task_group.py took 0.070 seconds
[2025-01-30T02:59:15.092+0800] {processor.py:186} INFO - Started process (PID=22989) to work on /home/anhtupham99/miniforge3/envs/nba/lib/python3.11/site-packages/airflow/example_dags/example_task_group.py
[2025-01-30T02:59:15.093+0800] {processor.py:914} INFO - Processing file /home/anhtupham99/miniforge3/envs/nba/lib/python3.11/site-packages/airflow/example_dags/example_task_group.py for tasks to queue
[2025-01-30T02:59:15.095+0800] {logging_mixin.py:190} INFO - [2025-01-30T02:59:15.095+0800] {dagbag.py:588} INFO - Filling up the DagBag from /home/anhtupham99/miniforge3/envs/nba/lib/python3.11/site-packages/airflow/example_dags/example_task_group.py
[2025-01-30T02:59:15.102+0800] {processor.py:925} INFO - DAG(s) 'example_task_group' retrieved from /home/anhtupham99/miniforge3/envs/nba/lib/python3.11/site-packages/airflow/example_dags/example_task_group.py
[2025-01-30T02:59:15.112+0800] {logging_mixin.py:190} INFO - [2025-01-30T02:59:15.112+0800] {dag.py:3239} INFO - Sync 1 DAGs
[2025-01-30T02:59:15.120+0800] {logging_mixin.py:190} INFO - [2025-01-30T02:59:15.120+0800] {dag.py:4180} INFO - Setting next_dagrun for example_task_group to None, run_after=None
[2025-01-30T02:59:15.142+0800] {processor.py:208} INFO - Processing /home/anhtupham99/miniforge3/envs/nba/lib/python3.11/site-packages/airflow/example_dags/example_task_group.py took 0.054 seconds
[2025-01-30T03:00:06.289+0800] {processor.py:186} INFO - Started process (PID=23284) to work on /home/anhtupham99/miniforge3/envs/nba/lib/python3.11/site-packages/airflow/example_dags/example_task_group.py
[2025-01-30T03:00:06.290+0800] {processor.py:914} INFO - Processing file /home/anhtupham99/miniforge3/envs/nba/lib/python3.11/site-packages/airflow/example_dags/example_task_group.py for tasks to queue
[2025-01-30T03:00:06.293+0800] {logging_mixin.py:190} INFO - [2025-01-30T03:00:06.292+0800] {dagbag.py:588} INFO - Filling up the DagBag from /home/anhtupham99/miniforge3/envs/nba/lib/python3.11/site-packages/airflow/example_dags/example_task_group.py
[2025-01-30T03:00:06.299+0800] {processor.py:925} INFO - DAG(s) 'example_task_group' retrieved from /home/anhtupham99/miniforge3/envs/nba/lib/python3.11/site-packages/airflow/example_dags/example_task_group.py
[2025-01-30T03:00:06.309+0800] {logging_mixin.py:190} INFO - [2025-01-30T03:00:06.309+0800] {dag.py:3239} INFO - Sync 1 DAGs
[2025-01-30T03:00:06.317+0800] {logging_mixin.py:190} INFO - [2025-01-30T03:00:06.317+0800] {dag.py:4180} INFO - Setting next_dagrun for example_task_group to None, run_after=None
[2025-01-30T03:00:06.338+0800] {processor.py:208} INFO - Processing /home/anhtupham99/miniforge3/envs/nba/lib/python3.11/site-packages/airflow/example_dags/example_task_group.py took 0.054 seconds
[2025-01-30T03:00:55.644+0800] {processor.py:186} INFO - Started process (PID=23584) to work on /home/anhtupham99/miniforge3/envs/nba/lib/python3.11/site-packages/airflow/example_dags/example_task_group.py
[2025-01-30T03:00:55.648+0800] {processor.py:914} INFO - Processing file /home/anhtupham99/miniforge3/envs/nba/lib/python3.11/site-packages/airflow/example_dags/example_task_group.py for tasks to queue
[2025-01-30T03:00:55.650+0800] {logging_mixin.py:190} INFO - [2025-01-30T03:00:55.650+0800] {dagbag.py:588} INFO - Filling up the DagBag from /home/anhtupham99/miniforge3/envs/nba/lib/python3.11/site-packages/airflow/example_dags/example_task_group.py
[2025-01-30T03:00:55.656+0800] {processor.py:925} INFO - DAG(s) 'example_task_group' retrieved from /home/anhtupham99/miniforge3/envs/nba/lib/python3.11/site-packages/airflow/example_dags/example_task_group.py
[2025-01-30T03:00:55.666+0800] {logging_mixin.py:190} INFO - [2025-01-30T03:00:55.666+0800] {dag.py:3239} INFO - Sync 1 DAGs
[2025-01-30T03:00:55.674+0800] {logging_mixin.py:190} INFO - [2025-01-30T03:00:55.674+0800] {dag.py:4180} INFO - Setting next_dagrun for example_task_group to None, run_after=None
[2025-01-30T03:00:55.695+0800] {processor.py:208} INFO - Processing /home/anhtupham99/miniforge3/envs/nba/lib/python3.11/site-packages/airflow/example_dags/example_task_group.py took 0.056 seconds
[2025-01-30T03:01:49.511+0800] {processor.py:186} INFO - Started process (PID=23881) to work on /home/anhtupham99/miniforge3/envs/nba/lib/python3.11/site-packages/airflow/example_dags/example_task_group.py
[2025-01-30T03:01:49.512+0800] {processor.py:914} INFO - Processing file /home/anhtupham99/miniforge3/envs/nba/lib/python3.11/site-packages/airflow/example_dags/example_task_group.py for tasks to queue
[2025-01-30T03:01:49.514+0800] {logging_mixin.py:190} INFO - [2025-01-30T03:01:49.514+0800] {dagbag.py:588} INFO - Filling up the DagBag from /home/anhtupham99/miniforge3/envs/nba/lib/python3.11/site-packages/airflow/example_dags/example_task_group.py
[2025-01-30T03:01:49.521+0800] {processor.py:925} INFO - DAG(s) 'example_task_group' retrieved from /home/anhtupham99/miniforge3/envs/nba/lib/python3.11/site-packages/airflow/example_dags/example_task_group.py
[2025-01-30T03:01:49.532+0800] {logging_mixin.py:190} INFO - [2025-01-30T03:01:49.532+0800] {dag.py:3239} INFO - Sync 1 DAGs
[2025-01-30T03:01:49.541+0800] {logging_mixin.py:190} INFO - [2025-01-30T03:01:49.541+0800] {dag.py:4180} INFO - Setting next_dagrun for example_task_group to None, run_after=None
[2025-01-30T03:01:49.567+0800] {processor.py:208} INFO - Processing /home/anhtupham99/miniforge3/envs/nba/lib/python3.11/site-packages/airflow/example_dags/example_task_group.py took 0.061 seconds
[2025-01-30T03:02:36.621+0800] {processor.py:186} INFO - Started process (PID=24195) to work on /home/anhtupham99/miniforge3/envs/nba/lib/python3.11/site-packages/airflow/example_dags/example_task_group.py
[2025-01-30T03:02:36.624+0800] {processor.py:914} INFO - Processing file /home/anhtupham99/miniforge3/envs/nba/lib/python3.11/site-packages/airflow/example_dags/example_task_group.py for tasks to queue
[2025-01-30T03:02:36.626+0800] {logging_mixin.py:190} INFO - [2025-01-30T03:02:36.625+0800] {dagbag.py:588} INFO - Filling up the DagBag from /home/anhtupham99/miniforge3/envs/nba/lib/python3.11/site-packages/airflow/example_dags/example_task_group.py
[2025-01-30T03:02:36.633+0800] {processor.py:925} INFO - DAG(s) 'example_task_group' retrieved from /home/anhtupham99/miniforge3/envs/nba/lib/python3.11/site-packages/airflow/example_dags/example_task_group.py
[2025-01-30T03:02:36.644+0800] {logging_mixin.py:190} INFO - [2025-01-30T03:02:36.644+0800] {dag.py:3239} INFO - Sync 1 DAGs
[2025-01-30T03:02:36.652+0800] {logging_mixin.py:190} INFO - [2025-01-30T03:02:36.652+0800] {dag.py:4180} INFO - Setting next_dagrun for example_task_group to None, run_after=None
[2025-01-30T03:02:36.676+0800] {processor.py:208} INFO - Processing /home/anhtupham99/miniforge3/envs/nba/lib/python3.11/site-packages/airflow/example_dags/example_task_group.py took 0.059 seconds
[2025-01-30T03:03:24.386+0800] {processor.py:186} INFO - Started process (PID=24473) to work on /home/anhtupham99/miniforge3/envs/nba/lib/python3.11/site-packages/airflow/example_dags/example_task_group.py
[2025-01-30T03:03:24.387+0800] {processor.py:914} INFO - Processing file /home/anhtupham99/miniforge3/envs/nba/lib/python3.11/site-packages/airflow/example_dags/example_task_group.py for tasks to queue
[2025-01-30T03:03:24.389+0800] {logging_mixin.py:190} INFO - [2025-01-30T03:03:24.389+0800] {dagbag.py:588} INFO - Filling up the DagBag from /home/anhtupham99/miniforge3/envs/nba/lib/python3.11/site-packages/airflow/example_dags/example_task_group.py
[2025-01-30T03:03:24.395+0800] {processor.py:925} INFO - DAG(s) 'example_task_group' retrieved from /home/anhtupham99/miniforge3/envs/nba/lib/python3.11/site-packages/airflow/example_dags/example_task_group.py
[2025-01-30T03:03:24.406+0800] {logging_mixin.py:190} INFO - [2025-01-30T03:03:24.406+0800] {dag.py:3239} INFO - Sync 1 DAGs
[2025-01-30T03:03:24.414+0800] {logging_mixin.py:190} INFO - [2025-01-30T03:03:24.414+0800] {dag.py:4180} INFO - Setting next_dagrun for example_task_group to None, run_after=None
[2025-01-30T03:03:24.436+0800] {processor.py:208} INFO - Processing /home/anhtupham99/miniforge3/envs/nba/lib/python3.11/site-packages/airflow/example_dags/example_task_group.py took 0.054 seconds
[2025-01-30T03:04:14.126+0800] {processor.py:186} INFO - Started process (PID=24782) to work on /home/anhtupham99/miniforge3/envs/nba/lib/python3.11/site-packages/airflow/example_dags/example_task_group.py
[2025-01-30T03:04:14.131+0800] {processor.py:914} INFO - Processing file /home/anhtupham99/miniforge3/envs/nba/lib/python3.11/site-packages/airflow/example_dags/example_task_group.py for tasks to queue
[2025-01-30T03:04:14.132+0800] {logging_mixin.py:190} INFO - [2025-01-30T03:04:14.132+0800] {dagbag.py:588} INFO - Filling up the DagBag from /home/anhtupham99/miniforge3/envs/nba/lib/python3.11/site-packages/airflow/example_dags/example_task_group.py
[2025-01-30T03:04:14.139+0800] {processor.py:925} INFO - DAG(s) 'example_task_group' retrieved from /home/anhtupham99/miniforge3/envs/nba/lib/python3.11/site-packages/airflow/example_dags/example_task_group.py
[2025-01-30T03:04:14.150+0800] {logging_mixin.py:190} INFO - [2025-01-30T03:04:14.150+0800] {dag.py:3239} INFO - Sync 1 DAGs
[2025-01-30T03:04:14.158+0800] {logging_mixin.py:190} INFO - [2025-01-30T03:04:14.158+0800] {dag.py:4180} INFO - Setting next_dagrun for example_task_group to None, run_after=None
[2025-01-30T03:04:14.187+0800] {processor.py:208} INFO - Processing /home/anhtupham99/miniforge3/envs/nba/lib/python3.11/site-packages/airflow/example_dags/example_task_group.py took 0.066 seconds
[2025-01-30T03:05:04.062+0800] {processor.py:186} INFO - Started process (PID=25073) to work on /home/anhtupham99/miniforge3/envs/nba/lib/python3.11/site-packages/airflow/example_dags/example_task_group.py
[2025-01-30T03:05:04.065+0800] {processor.py:914} INFO - Processing file /home/anhtupham99/miniforge3/envs/nba/lib/python3.11/site-packages/airflow/example_dags/example_task_group.py for tasks to queue
[2025-01-30T03:05:04.066+0800] {logging_mixin.py:190} INFO - [2025-01-30T03:05:04.066+0800] {dagbag.py:588} INFO - Filling up the DagBag from /home/anhtupham99/miniforge3/envs/nba/lib/python3.11/site-packages/airflow/example_dags/example_task_group.py
[2025-01-30T03:05:04.073+0800] {processor.py:925} INFO - DAG(s) 'example_task_group' retrieved from /home/anhtupham99/miniforge3/envs/nba/lib/python3.11/site-packages/airflow/example_dags/example_task_group.py
[2025-01-30T03:05:04.084+0800] {logging_mixin.py:190} INFO - [2025-01-30T03:05:04.083+0800] {dag.py:3239} INFO - Sync 1 DAGs
[2025-01-30T03:05:04.091+0800] {logging_mixin.py:190} INFO - [2025-01-30T03:05:04.091+0800] {dag.py:4180} INFO - Setting next_dagrun for example_task_group to None, run_after=None
[2025-01-30T03:05:04.154+0800] {processor.py:208} INFO - Processing /home/anhtupham99/miniforge3/envs/nba/lib/python3.11/site-packages/airflow/example_dags/example_task_group.py took 0.096 seconds
[2025-01-30T03:05:53.134+0800] {processor.py:186} INFO - Started process (PID=25351) to work on /home/anhtupham99/miniforge3/envs/nba/lib/python3.11/site-packages/airflow/example_dags/example_task_group.py
[2025-01-30T03:05:53.135+0800] {processor.py:914} INFO - Processing file /home/anhtupham99/miniforge3/envs/nba/lib/python3.11/site-packages/airflow/example_dags/example_task_group.py for tasks to queue
[2025-01-30T03:05:53.137+0800] {logging_mixin.py:190} INFO - [2025-01-30T03:05:53.136+0800] {dagbag.py:588} INFO - Filling up the DagBag from /home/anhtupham99/miniforge3/envs/nba/lib/python3.11/site-packages/airflow/example_dags/example_task_group.py
[2025-01-30T03:05:53.144+0800] {processor.py:925} INFO - DAG(s) 'example_task_group' retrieved from /home/anhtupham99/miniforge3/envs/nba/lib/python3.11/site-packages/airflow/example_dags/example_task_group.py
[2025-01-30T03:05:53.154+0800] {logging_mixin.py:190} INFO - [2025-01-30T03:05:53.154+0800] {dag.py:3239} INFO - Sync 1 DAGs
[2025-01-30T03:05:53.163+0800] {logging_mixin.py:190} INFO - [2025-01-30T03:05:53.163+0800] {dag.py:4180} INFO - Setting next_dagrun for example_task_group to None, run_after=None
[2025-01-30T03:05:53.188+0800] {processor.py:208} INFO - Processing /home/anhtupham99/miniforge3/envs/nba/lib/python3.11/site-packages/airflow/example_dags/example_task_group.py took 0.058 seconds
[2025-01-30T03:06:42.466+0800] {processor.py:186} INFO - Started process (PID=25631) to work on /home/anhtupham99/miniforge3/envs/nba/lib/python3.11/site-packages/airflow/example_dags/example_task_group.py
[2025-01-30T03:06:42.467+0800] {processor.py:914} INFO - Processing file /home/anhtupham99/miniforge3/envs/nba/lib/python3.11/site-packages/airflow/example_dags/example_task_group.py for tasks to queue
[2025-01-30T03:06:42.469+0800] {logging_mixin.py:190} INFO - [2025-01-30T03:06:42.468+0800] {dagbag.py:588} INFO - Filling up the DagBag from /home/anhtupham99/miniforge3/envs/nba/lib/python3.11/site-packages/airflow/example_dags/example_task_group.py
[2025-01-30T03:06:42.476+0800] {processor.py:925} INFO - DAG(s) 'example_task_group' retrieved from /home/anhtupham99/miniforge3/envs/nba/lib/python3.11/site-packages/airflow/example_dags/example_task_group.py
[2025-01-30T03:06:42.486+0800] {logging_mixin.py:190} INFO - [2025-01-30T03:06:42.486+0800] {dag.py:3239} INFO - Sync 1 DAGs
[2025-01-30T03:06:42.495+0800] {logging_mixin.py:190} INFO - [2025-01-30T03:06:42.495+0800] {dag.py:4180} INFO - Setting next_dagrun for example_task_group to None, run_after=None
[2025-01-30T03:06:42.517+0800] {processor.py:208} INFO - Processing /home/anhtupham99/miniforge3/envs/nba/lib/python3.11/site-packages/airflow/example_dags/example_task_group.py took 0.056 seconds
[2025-01-30T03:07:32.181+0800] {processor.py:186} INFO - Started process (PID=25959) to work on /home/anhtupham99/miniforge3/envs/nba/lib/python3.11/site-packages/airflow/example_dags/example_task_group.py
[2025-01-30T03:07:32.182+0800] {processor.py:914} INFO - Processing file /home/anhtupham99/miniforge3/envs/nba/lib/python3.11/site-packages/airflow/example_dags/example_task_group.py for tasks to queue
[2025-01-30T03:07:32.184+0800] {logging_mixin.py:190} INFO - [2025-01-30T03:07:32.184+0800] {dagbag.py:588} INFO - Filling up the DagBag from /home/anhtupham99/miniforge3/envs/nba/lib/python3.11/site-packages/airflow/example_dags/example_task_group.py
[2025-01-30T03:07:32.191+0800] {processor.py:925} INFO - DAG(s) 'example_task_group' retrieved from /home/anhtupham99/miniforge3/envs/nba/lib/python3.11/site-packages/airflow/example_dags/example_task_group.py
[2025-01-30T03:07:32.203+0800] {logging_mixin.py:190} INFO - [2025-01-30T03:07:32.202+0800] {dag.py:3239} INFO - Sync 1 DAGs
[2025-01-30T03:07:32.212+0800] {logging_mixin.py:190} INFO - [2025-01-30T03:07:32.212+0800] {dag.py:4180} INFO - Setting next_dagrun for example_task_group to None, run_after=None
[2025-01-30T03:07:32.235+0800] {processor.py:208} INFO - Processing /home/anhtupham99/miniforge3/envs/nba/lib/python3.11/site-packages/airflow/example_dags/example_task_group.py took 0.058 seconds
[2025-01-30T03:08:21.034+0800] {processor.py:186} INFO - Started process (PID=26234) to work on /home/anhtupham99/miniforge3/envs/nba/lib/python3.11/site-packages/airflow/example_dags/example_task_group.py
[2025-01-30T03:08:21.035+0800] {processor.py:914} INFO - Processing file /home/anhtupham99/miniforge3/envs/nba/lib/python3.11/site-packages/airflow/example_dags/example_task_group.py for tasks to queue
[2025-01-30T03:08:21.037+0800] {logging_mixin.py:190} INFO - [2025-01-30T03:08:21.037+0800] {dagbag.py:588} INFO - Filling up the DagBag from /home/anhtupham99/miniforge3/envs/nba/lib/python3.11/site-packages/airflow/example_dags/example_task_group.py
[2025-01-30T03:08:21.044+0800] {processor.py:925} INFO - DAG(s) 'example_task_group' retrieved from /home/anhtupham99/miniforge3/envs/nba/lib/python3.11/site-packages/airflow/example_dags/example_task_group.py
[2025-01-30T03:08:21.056+0800] {logging_mixin.py:190} INFO - [2025-01-30T03:08:21.056+0800] {dag.py:3239} INFO - Sync 1 DAGs
[2025-01-30T03:08:21.065+0800] {logging_mixin.py:190} INFO - [2025-01-30T03:08:21.065+0800] {dag.py:4180} INFO - Setting next_dagrun for example_task_group to None, run_after=None
[2025-01-30T03:08:21.089+0800] {processor.py:208} INFO - Processing /home/anhtupham99/miniforge3/envs/nba/lib/python3.11/site-packages/airflow/example_dags/example_task_group.py took 0.059 seconds
[2025-01-30T03:09:07.883+0800] {processor.py:186} INFO - Started process (PID=26503) to work on /home/anhtupham99/miniforge3/envs/nba/lib/python3.11/site-packages/airflow/example_dags/example_task_group.py
[2025-01-30T03:09:07.884+0800] {processor.py:914} INFO - Processing file /home/anhtupham99/miniforge3/envs/nba/lib/python3.11/site-packages/airflow/example_dags/example_task_group.py for tasks to queue
[2025-01-30T03:09:07.886+0800] {logging_mixin.py:190} INFO - [2025-01-30T03:09:07.886+0800] {dagbag.py:588} INFO - Filling up the DagBag from /home/anhtupham99/miniforge3/envs/nba/lib/python3.11/site-packages/airflow/example_dags/example_task_group.py
[2025-01-30T03:09:07.893+0800] {processor.py:925} INFO - DAG(s) 'example_task_group' retrieved from /home/anhtupham99/miniforge3/envs/nba/lib/python3.11/site-packages/airflow/example_dags/example_task_group.py
[2025-01-30T03:09:07.905+0800] {logging_mixin.py:190} INFO - [2025-01-30T03:09:07.905+0800] {dag.py:3239} INFO - Sync 1 DAGs
[2025-01-30T03:09:07.915+0800] {logging_mixin.py:190} INFO - [2025-01-30T03:09:07.915+0800] {dag.py:4180} INFO - Setting next_dagrun for example_task_group to None, run_after=None
[2025-01-30T03:09:07.939+0800] {processor.py:208} INFO - Processing /home/anhtupham99/miniforge3/envs/nba/lib/python3.11/site-packages/airflow/example_dags/example_task_group.py took 0.061 seconds
[2025-01-30T06:11:44.454+0800] {processor.py:186} INFO - Started process (PID=26959) to work on /home/anhtupham99/miniforge3/envs/nba/lib/python3.11/site-packages/airflow/example_dags/example_task_group.py
[2025-01-30T06:11:44.455+0800] {processor.py:914} INFO - Processing file /home/anhtupham99/miniforge3/envs/nba/lib/python3.11/site-packages/airflow/example_dags/example_task_group.py for tasks to queue
[2025-01-30T06:11:44.457+0800] {logging_mixin.py:190} INFO - [2025-01-30T06:11:44.457+0800] {dagbag.py:588} INFO - Filling up the DagBag from /home/anhtupham99/miniforge3/envs/nba/lib/python3.11/site-packages/airflow/example_dags/example_task_group.py
[2025-01-30T06:11:44.464+0800] {processor.py:925} INFO - DAG(s) 'example_task_group' retrieved from /home/anhtupham99/miniforge3/envs/nba/lib/python3.11/site-packages/airflow/example_dags/example_task_group.py
[2025-01-30T06:11:44.475+0800] {logging_mixin.py:190} INFO - [2025-01-30T06:11:44.475+0800] {dag.py:3239} INFO - Sync 1 DAGs
[2025-01-30T06:11:44.484+0800] {logging_mixin.py:190} INFO - [2025-01-30T06:11:44.484+0800] {dag.py:4180} INFO - Setting next_dagrun for example_task_group to None, run_after=None
[2025-01-30T06:11:44.510+0800] {processor.py:208} INFO - Processing /home/anhtupham99/miniforge3/envs/nba/lib/python3.11/site-packages/airflow/example_dags/example_task_group.py took 0.064 seconds
[2025-01-30T06:12:39.076+0800] {processor.py:186} INFO - Started process (PID=27261) to work on /home/anhtupham99/miniforge3/envs/nba/lib/python3.11/site-packages/airflow/example_dags/example_task_group.py
[2025-01-30T06:12:39.078+0800] {processor.py:914} INFO - Processing file /home/anhtupham99/miniforge3/envs/nba/lib/python3.11/site-packages/airflow/example_dags/example_task_group.py for tasks to queue
[2025-01-30T06:12:39.081+0800] {logging_mixin.py:190} INFO - [2025-01-30T06:12:39.081+0800] {dagbag.py:588} INFO - Filling up the DagBag from /home/anhtupham99/miniforge3/envs/nba/lib/python3.11/site-packages/airflow/example_dags/example_task_group.py
[2025-01-30T06:12:39.090+0800] {processor.py:925} INFO - DAG(s) 'example_task_group' retrieved from /home/anhtupham99/miniforge3/envs/nba/lib/python3.11/site-packages/airflow/example_dags/example_task_group.py
[2025-01-30T06:12:39.105+0800] {logging_mixin.py:190} INFO - [2025-01-30T06:12:39.104+0800] {dag.py:3239} INFO - Sync 1 DAGs
[2025-01-30T06:12:39.116+0800] {logging_mixin.py:190} INFO - [2025-01-30T06:12:39.116+0800] {dag.py:4180} INFO - Setting next_dagrun for example_task_group to None, run_after=None
[2025-01-30T06:12:39.164+0800] {processor.py:208} INFO - Processing /home/anhtupham99/miniforge3/envs/nba/lib/python3.11/site-packages/airflow/example_dags/example_task_group.py took 0.094 seconds
[2025-01-30T06:13:27.479+0800] {processor.py:186} INFO - Started process (PID=27575) to work on /home/anhtupham99/miniforge3/envs/nba/lib/python3.11/site-packages/airflow/example_dags/example_task_group.py
[2025-01-30T06:13:27.481+0800] {processor.py:914} INFO - Processing file /home/anhtupham99/miniforge3/envs/nba/lib/python3.11/site-packages/airflow/example_dags/example_task_group.py for tasks to queue
[2025-01-30T06:13:27.483+0800] {logging_mixin.py:190} INFO - [2025-01-30T06:13:27.483+0800] {dagbag.py:588} INFO - Filling up the DagBag from /home/anhtupham99/miniforge3/envs/nba/lib/python3.11/site-packages/airflow/example_dags/example_task_group.py
[2025-01-30T06:13:27.494+0800] {processor.py:925} INFO - DAG(s) 'example_task_group' retrieved from /home/anhtupham99/miniforge3/envs/nba/lib/python3.11/site-packages/airflow/example_dags/example_task_group.py
[2025-01-30T06:13:27.510+0800] {logging_mixin.py:190} INFO - [2025-01-30T06:13:27.509+0800] {dag.py:3239} INFO - Sync 1 DAGs
[2025-01-30T06:13:27.519+0800] {logging_mixin.py:190} INFO - [2025-01-30T06:13:27.519+0800] {dag.py:4180} INFO - Setting next_dagrun for example_task_group to None, run_after=None
[2025-01-30T06:13:27.546+0800] {processor.py:208} INFO - Processing /home/anhtupham99/miniforge3/envs/nba/lib/python3.11/site-packages/airflow/example_dags/example_task_group.py took 0.072 seconds
