[2025-01-30T02:35:20.111+0800] {processor.py:186} INFO - Started process (PID=14589) to work on /home/anhtupham99/miniforge3/envs/nba/lib/python3.11/site-packages/airflow/example_dags/example_complex.py
[2025-01-30T02:35:20.112+0800] {processor.py:914} INFO - Processing file /home/anhtupham99/miniforge3/envs/nba/lib/python3.11/site-packages/airflow/example_dags/example_complex.py for tasks to queue
[2025-01-30T02:35:20.116+0800] {logging_mixin.py:190} INFO - [2025-01-30T02:35:20.115+0800] {dagbag.py:588} INFO - Filling up the DagBag from /home/anhtupham99/miniforge3/envs/nba/lib/python3.11/site-packages/airflow/example_dags/example_complex.py
[2025-01-30T02:35:20.134+0800] {processor.py:925} INFO - DAG(s) 'example_complex' retrieved from /home/anhtupham99/miniforge3/envs/nba/lib/python3.11/site-packages/airflow/example_dags/example_complex.py
[2025-01-30T02:35:20.235+0800] {logging_mixin.py:190} INFO - [2025-01-30T02:35:20.235+0800] {override.py:1911} INFO - Created Permission View: can delete on DAG:example_complex
[2025-01-30T02:35:20.254+0800] {logging_mixin.py:190} INFO - [2025-01-30T02:35:20.253+0800] {override.py:1911} INFO - Created Permission View: can read on DAG:example_complex
[2025-01-30T02:35:20.273+0800] {logging_mixin.py:190} INFO - [2025-01-30T02:35:20.273+0800] {override.py:1911} INFO - Created Permission View: can edit on DAG:example_complex
[2025-01-30T02:35:20.299+0800] {logging_mixin.py:190} INFO - [2025-01-30T02:35:20.299+0800] {override.py:1911} INFO - Created Permission View: can delete on DAG Run:example_complex
[2025-01-30T02:35:20.313+0800] {logging_mixin.py:190} INFO - [2025-01-30T02:35:20.313+0800] {override.py:1911} INFO - Created Permission View: can create on DAG Run:example_complex
[2025-01-30T02:35:20.326+0800] {logging_mixin.py:190} INFO - [2025-01-30T02:35:20.326+0800] {override.py:1911} INFO - Created Permission View: menu access on DAG Run:example_complex
[2025-01-30T02:35:20.340+0800] {logging_mixin.py:190} INFO - [2025-01-30T02:35:20.340+0800] {override.py:1911} INFO - Created Permission View: can read on DAG Run:example_complex
[2025-01-30T02:35:20.341+0800] {logging_mixin.py:190} INFO - [2025-01-30T02:35:20.340+0800] {dag.py:3239} INFO - Sync 1 DAGs
[2025-01-30T02:35:20.348+0800] {logging_mixin.py:190} INFO - [2025-01-30T02:35:20.347+0800] {dag.py:3262} INFO - Creating ORM DAG for example_complex
[2025-01-30T02:35:20.348+0800] {logging_mixin.py:190} INFO - [2025-01-30T02:35:20.348+0800] {dag.py:4180} INFO - Setting next_dagrun for example_complex to None, run_after=None
[2025-01-30T02:35:20.390+0800] {processor.py:208} INFO - Processing /home/anhtupham99/miniforge3/envs/nba/lib/python3.11/site-packages/airflow/example_dags/example_complex.py took 0.290 seconds
[2025-01-30T02:36:23.104+0800] {processor.py:186} INFO - Started process (PID=14972) to work on /home/anhtupham99/miniforge3/envs/nba/lib/python3.11/site-packages/airflow/example_dags/example_complex.py
[2025-01-30T02:36:23.107+0800] {processor.py:914} INFO - Processing file /home/anhtupham99/miniforge3/envs/nba/lib/python3.11/site-packages/airflow/example_dags/example_complex.py for tasks to queue
[2025-01-30T02:36:23.109+0800] {logging_mixin.py:190} INFO - [2025-01-30T02:36:23.109+0800] {dagbag.py:588} INFO - Filling up the DagBag from /home/anhtupham99/miniforge3/envs/nba/lib/python3.11/site-packages/airflow/example_dags/example_complex.py
[2025-01-30T02:36:23.117+0800] {processor.py:925} INFO - DAG(s) 'example_complex' retrieved from /home/anhtupham99/miniforge3/envs/nba/lib/python3.11/site-packages/airflow/example_dags/example_complex.py
[2025-01-30T02:36:23.133+0800] {logging_mixin.py:190} INFO - [2025-01-30T02:36:23.133+0800] {dag.py:3239} INFO - Sync 1 DAGs
[2025-01-30T02:36:23.141+0800] {logging_mixin.py:190} INFO - [2025-01-30T02:36:23.141+0800] {dag.py:4180} INFO - Setting next_dagrun for example_complex to None, run_after=None
[2025-01-30T02:36:23.177+0800] {processor.py:208} INFO - Processing /home/anhtupham99/miniforge3/envs/nba/lib/python3.11/site-packages/airflow/example_dags/example_complex.py took 0.077 seconds
[2025-01-30T02:48:21.965+0800] {processor.py:186} INFO - Started process (PID=19169) to work on /home/anhtupham99/miniforge3/envs/nba/lib/python3.11/site-packages/airflow/example_dags/example_complex.py
[2025-01-30T02:48:21.970+0800] {processor.py:914} INFO - Processing file /home/anhtupham99/miniforge3/envs/nba/lib/python3.11/site-packages/airflow/example_dags/example_complex.py for tasks to queue
[2025-01-30T02:48:21.974+0800] {logging_mixin.py:190} INFO - [2025-01-30T02:48:21.973+0800] {dagbag.py:588} INFO - Filling up the DagBag from /home/anhtupham99/miniforge3/envs/nba/lib/python3.11/site-packages/airflow/example_dags/example_complex.py
[2025-01-30T02:48:21.993+0800] {processor.py:925} INFO - DAG(s) 'example_complex' retrieved from /home/anhtupham99/miniforge3/envs/nba/lib/python3.11/site-packages/airflow/example_dags/example_complex.py
[2025-01-30T02:48:22.013+0800] {logging_mixin.py:190} INFO - [2025-01-30T02:48:22.013+0800] {dag.py:3239} INFO - Sync 1 DAGs
[2025-01-30T02:48:22.022+0800] {logging_mixin.py:190} INFO - [2025-01-30T02:48:22.022+0800] {dag.py:4180} INFO - Setting next_dagrun for example_complex to None, run_after=None
[2025-01-30T02:48:22.057+0800] {processor.py:208} INFO - Processing /home/anhtupham99/miniforge3/envs/nba/lib/python3.11/site-packages/airflow/example_dags/example_complex.py took 0.105 seconds
[2025-01-30T02:49:18.766+0800] {processor.py:186} INFO - Started process (PID=19483) to work on /home/anhtupham99/miniforge3/envs/nba/lib/python3.11/site-packages/airflow/example_dags/example_complex.py
[2025-01-30T02:49:18.769+0800] {processor.py:914} INFO - Processing file /home/anhtupham99/miniforge3/envs/nba/lib/python3.11/site-packages/airflow/example_dags/example_complex.py for tasks to queue
[2025-01-30T02:49:18.773+0800] {logging_mixin.py:190} INFO - [2025-01-30T02:49:18.772+0800] {dagbag.py:588} INFO - Filling up the DagBag from /home/anhtupham99/miniforge3/envs/nba/lib/python3.11/site-packages/airflow/example_dags/example_complex.py
[2025-01-30T02:49:18.790+0800] {processor.py:925} INFO - DAG(s) 'example_complex' retrieved from /home/anhtupham99/miniforge3/envs/nba/lib/python3.11/site-packages/airflow/example_dags/example_complex.py
[2025-01-30T02:49:18.812+0800] {logging_mixin.py:190} INFO - [2025-01-30T02:49:18.812+0800] {dag.py:3239} INFO - Sync 1 DAGs
[2025-01-30T02:49:18.820+0800] {logging_mixin.py:190} INFO - [2025-01-30T02:49:18.820+0800] {dag.py:4180} INFO - Setting next_dagrun for example_complex to None, run_after=None
[2025-01-30T02:49:18.845+0800] {processor.py:208} INFO - Processing /home/anhtupham99/miniforge3/envs/nba/lib/python3.11/site-packages/airflow/example_dags/example_complex.py took 0.093 seconds
[2025-01-30T02:50:16.705+0800] {processor.py:186} INFO - Started process (PID=19832) to work on /home/anhtupham99/miniforge3/envs/nba/lib/python3.11/site-packages/airflow/example_dags/example_complex.py
[2025-01-30T02:50:16.706+0800] {processor.py:914} INFO - Processing file /home/anhtupham99/miniforge3/envs/nba/lib/python3.11/site-packages/airflow/example_dags/example_complex.py for tasks to queue
[2025-01-30T02:50:16.710+0800] {logging_mixin.py:190} INFO - [2025-01-30T02:50:16.709+0800] {dagbag.py:588} INFO - Filling up the DagBag from /home/anhtupham99/miniforge3/envs/nba/lib/python3.11/site-packages/airflow/example_dags/example_complex.py
[2025-01-30T02:50:16.726+0800] {processor.py:925} INFO - DAG(s) 'example_complex' retrieved from /home/anhtupham99/miniforge3/envs/nba/lib/python3.11/site-packages/airflow/example_dags/example_complex.py
[2025-01-30T02:50:16.743+0800] {logging_mixin.py:190} INFO - [2025-01-30T02:50:16.743+0800] {dag.py:3239} INFO - Sync 1 DAGs
[2025-01-30T02:50:16.751+0800] {logging_mixin.py:190} INFO - [2025-01-30T02:50:16.751+0800] {dag.py:4180} INFO - Setting next_dagrun for example_complex to None, run_after=None
[2025-01-30T02:50:16.776+0800] {processor.py:208} INFO - Processing /home/anhtupham99/miniforge3/envs/nba/lib/python3.11/site-packages/airflow/example_dags/example_complex.py took 0.081 seconds
[2025-01-30T02:51:11.851+0800] {processor.py:186} INFO - Started process (PID=20147) to work on /home/anhtupham99/miniforge3/envs/nba/lib/python3.11/site-packages/airflow/example_dags/example_complex.py
[2025-01-30T02:51:11.854+0800] {processor.py:914} INFO - Processing file /home/anhtupham99/miniforge3/envs/nba/lib/python3.11/site-packages/airflow/example_dags/example_complex.py for tasks to queue
[2025-01-30T02:51:11.857+0800] {logging_mixin.py:190} INFO - [2025-01-30T02:51:11.857+0800] {dagbag.py:588} INFO - Filling up the DagBag from /home/anhtupham99/miniforge3/envs/nba/lib/python3.11/site-packages/airflow/example_dags/example_complex.py
[2025-01-30T02:51:11.865+0800] {processor.py:925} INFO - DAG(s) 'example_complex' retrieved from /home/anhtupham99/miniforge3/envs/nba/lib/python3.11/site-packages/airflow/example_dags/example_complex.py
[2025-01-30T02:51:11.882+0800] {logging_mixin.py:190} INFO - [2025-01-30T02:51:11.881+0800] {dag.py:3239} INFO - Sync 1 DAGs
[2025-01-30T02:51:11.891+0800] {logging_mixin.py:190} INFO - [2025-01-30T02:51:11.891+0800] {dag.py:4180} INFO - Setting next_dagrun for example_complex to None, run_after=None
[2025-01-30T02:51:11.918+0800] {processor.py:208} INFO - Processing /home/anhtupham99/miniforge3/envs/nba/lib/python3.11/site-packages/airflow/example_dags/example_complex.py took 0.080 seconds
[2025-01-30T02:52:03.590+0800] {processor.py:186} INFO - Started process (PID=20430) to work on /home/anhtupham99/miniforge3/envs/nba/lib/python3.11/site-packages/airflow/example_dags/example_complex.py
[2025-01-30T02:52:03.593+0800] {processor.py:914} INFO - Processing file /home/anhtupham99/miniforge3/envs/nba/lib/python3.11/site-packages/airflow/example_dags/example_complex.py for tasks to queue
[2025-01-30T02:52:03.598+0800] {logging_mixin.py:190} INFO - [2025-01-30T02:52:03.597+0800] {dagbag.py:588} INFO - Filling up the DagBag from /home/anhtupham99/miniforge3/envs/nba/lib/python3.11/site-packages/airflow/example_dags/example_complex.py
[2025-01-30T02:52:03.620+0800] {processor.py:925} INFO - DAG(s) 'example_complex' retrieved from /home/anhtupham99/miniforge3/envs/nba/lib/python3.11/site-packages/airflow/example_dags/example_complex.py
[2025-01-30T02:52:03.647+0800] {logging_mixin.py:190} INFO - [2025-01-30T02:52:03.647+0800] {dag.py:3239} INFO - Sync 1 DAGs
[2025-01-30T02:52:03.655+0800] {logging_mixin.py:190} INFO - [2025-01-30T02:52:03.655+0800] {dag.py:4180} INFO - Setting next_dagrun for example_complex to None, run_after=None
[2025-01-30T02:52:03.691+0800] {processor.py:208} INFO - Processing /home/anhtupham99/miniforge3/envs/nba/lib/python3.11/site-packages/airflow/example_dags/example_complex.py took 0.109 seconds
[2025-01-30T02:52:56.570+0800] {processor.py:186} INFO - Started process (PID=20765) to work on /home/anhtupham99/miniforge3/envs/nba/lib/python3.11/site-packages/airflow/example_dags/example_complex.py
[2025-01-30T02:52:56.576+0800] {processor.py:914} INFO - Processing file /home/anhtupham99/miniforge3/envs/nba/lib/python3.11/site-packages/airflow/example_dags/example_complex.py for tasks to queue
[2025-01-30T02:52:56.581+0800] {logging_mixin.py:190} INFO - [2025-01-30T02:52:56.581+0800] {dagbag.py:588} INFO - Filling up the DagBag from /home/anhtupham99/miniforge3/envs/nba/lib/python3.11/site-packages/airflow/example_dags/example_complex.py
[2025-01-30T02:52:56.590+0800] {processor.py:925} INFO - DAG(s) 'example_complex' retrieved from /home/anhtupham99/miniforge3/envs/nba/lib/python3.11/site-packages/airflow/example_dags/example_complex.py
[2025-01-30T02:52:56.606+0800] {logging_mixin.py:190} INFO - [2025-01-30T02:52:56.606+0800] {dag.py:3239} INFO - Sync 1 DAGs
[2025-01-30T02:52:56.614+0800] {logging_mixin.py:190} INFO - [2025-01-30T02:52:56.614+0800] {dag.py:4180} INFO - Setting next_dagrun for example_complex to None, run_after=None
[2025-01-30T02:52:56.640+0800] {processor.py:208} INFO - Processing /home/anhtupham99/miniforge3/envs/nba/lib/python3.11/site-packages/airflow/example_dags/example_complex.py took 0.085 seconds
[2025-01-30T02:53:51.643+0800] {processor.py:186} INFO - Started process (PID=21066) to work on /home/anhtupham99/miniforge3/envs/nba/lib/python3.11/site-packages/airflow/example_dags/example_complex.py
[2025-01-30T02:53:51.647+0800] {processor.py:914} INFO - Processing file /home/anhtupham99/miniforge3/envs/nba/lib/python3.11/site-packages/airflow/example_dags/example_complex.py for tasks to queue
[2025-01-30T02:53:51.649+0800] {logging_mixin.py:190} INFO - [2025-01-30T02:53:51.648+0800] {dagbag.py:588} INFO - Filling up the DagBag from /home/anhtupham99/miniforge3/envs/nba/lib/python3.11/site-packages/airflow/example_dags/example_complex.py
[2025-01-30T02:53:51.657+0800] {processor.py:925} INFO - DAG(s) 'example_complex' retrieved from /home/anhtupham99/miniforge3/envs/nba/lib/python3.11/site-packages/airflow/example_dags/example_complex.py
[2025-01-30T02:53:51.673+0800] {logging_mixin.py:190} INFO - [2025-01-30T02:53:51.673+0800] {dag.py:3239} INFO - Sync 1 DAGs
[2025-01-30T02:53:51.681+0800] {logging_mixin.py:190} INFO - [2025-01-30T02:53:51.681+0800] {dag.py:4180} INFO - Setting next_dagrun for example_complex to None, run_after=None
[2025-01-30T02:53:51.708+0800] {processor.py:208} INFO - Processing /home/anhtupham99/miniforge3/envs/nba/lib/python3.11/site-packages/airflow/example_dags/example_complex.py took 0.068 seconds
[2025-01-30T02:54:40.322+0800] {processor.py:186} INFO - Started process (PID=21354) to work on /home/anhtupham99/miniforge3/envs/nba/lib/python3.11/site-packages/airflow/example_dags/example_complex.py
[2025-01-30T02:54:40.323+0800] {processor.py:914} INFO - Processing file /home/anhtupham99/miniforge3/envs/nba/lib/python3.11/site-packages/airflow/example_dags/example_complex.py for tasks to queue
[2025-01-30T02:54:40.325+0800] {logging_mixin.py:190} INFO - [2025-01-30T02:54:40.325+0800] {dagbag.py:588} INFO - Filling up the DagBag from /home/anhtupham99/miniforge3/envs/nba/lib/python3.11/site-packages/airflow/example_dags/example_complex.py
[2025-01-30T02:54:40.335+0800] {processor.py:925} INFO - DAG(s) 'example_complex' retrieved from /home/anhtupham99/miniforge3/envs/nba/lib/python3.11/site-packages/airflow/example_dags/example_complex.py
[2025-01-30T02:54:40.353+0800] {logging_mixin.py:190} INFO - [2025-01-30T02:54:40.352+0800] {dag.py:3239} INFO - Sync 1 DAGs
[2025-01-30T02:54:40.361+0800] {logging_mixin.py:190} INFO - [2025-01-30T02:54:40.361+0800] {dag.py:4180} INFO - Setting next_dagrun for example_complex to None, run_after=None
[2025-01-30T02:54:40.385+0800] {processor.py:208} INFO - Processing /home/anhtupham99/miniforge3/envs/nba/lib/python3.11/site-packages/airflow/example_dags/example_complex.py took 0.069 seconds
[2025-01-30T02:55:31.131+0800] {processor.py:186} INFO - Started process (PID=21659) to work on /home/anhtupham99/miniforge3/envs/nba/lib/python3.11/site-packages/airflow/example_dags/example_complex.py
[2025-01-30T02:55:31.132+0800] {processor.py:914} INFO - Processing file /home/anhtupham99/miniforge3/envs/nba/lib/python3.11/site-packages/airflow/example_dags/example_complex.py for tasks to queue
[2025-01-30T02:55:31.134+0800] {logging_mixin.py:190} INFO - [2025-01-30T02:55:31.134+0800] {dagbag.py:588} INFO - Filling up the DagBag from /home/anhtupham99/miniforge3/envs/nba/lib/python3.11/site-packages/airflow/example_dags/example_complex.py
[2025-01-30T02:55:31.144+0800] {processor.py:925} INFO - DAG(s) 'example_complex' retrieved from /home/anhtupham99/miniforge3/envs/nba/lib/python3.11/site-packages/airflow/example_dags/example_complex.py
[2025-01-30T02:55:31.163+0800] {logging_mixin.py:190} INFO - [2025-01-30T02:55:31.163+0800] {dag.py:3239} INFO - Sync 1 DAGs
[2025-01-30T02:55:31.173+0800] {logging_mixin.py:190} INFO - [2025-01-30T02:55:31.173+0800] {dag.py:4180} INFO - Setting next_dagrun for example_complex to None, run_after=None
[2025-01-30T02:55:31.202+0800] {processor.py:208} INFO - Processing /home/anhtupham99/miniforge3/envs/nba/lib/python3.11/site-packages/airflow/example_dags/example_complex.py took 0.077 seconds
[2025-01-30T02:56:19.033+0800] {processor.py:186} INFO - Started process (PID=21931) to work on /home/anhtupham99/miniforge3/envs/nba/lib/python3.11/site-packages/airflow/example_dags/example_complex.py
[2025-01-30T02:56:19.034+0800] {processor.py:914} INFO - Processing file /home/anhtupham99/miniforge3/envs/nba/lib/python3.11/site-packages/airflow/example_dags/example_complex.py for tasks to queue
[2025-01-30T02:56:19.036+0800] {logging_mixin.py:190} INFO - [2025-01-30T02:56:19.035+0800] {dagbag.py:588} INFO - Filling up the DagBag from /home/anhtupham99/miniforge3/envs/nba/lib/python3.11/site-packages/airflow/example_dags/example_complex.py
[2025-01-30T02:56:19.044+0800] {processor.py:925} INFO - DAG(s) 'example_complex' retrieved from /home/anhtupham99/miniforge3/envs/nba/lib/python3.11/site-packages/airflow/example_dags/example_complex.py
[2025-01-30T02:56:19.060+0800] {logging_mixin.py:190} INFO - [2025-01-30T02:56:19.060+0800] {dag.py:3239} INFO - Sync 1 DAGs
[2025-01-30T02:56:19.068+0800] {logging_mixin.py:190} INFO - [2025-01-30T02:56:19.068+0800] {dag.py:4180} INFO - Setting next_dagrun for example_complex to None, run_after=None
[2025-01-30T02:56:19.090+0800] {processor.py:208} INFO - Processing /home/anhtupham99/miniforge3/envs/nba/lib/python3.11/site-packages/airflow/example_dags/example_complex.py took 0.062 seconds
[2025-01-30T02:57:05.170+0800] {processor.py:186} INFO - Started process (PID=22198) to work on /home/anhtupham99/miniforge3/envs/nba/lib/python3.11/site-packages/airflow/example_dags/example_complex.py
[2025-01-30T02:57:05.172+0800] {processor.py:914} INFO - Processing file /home/anhtupham99/miniforge3/envs/nba/lib/python3.11/site-packages/airflow/example_dags/example_complex.py for tasks to queue
[2025-01-30T02:57:05.173+0800] {logging_mixin.py:190} INFO - [2025-01-30T02:57:05.173+0800] {dagbag.py:588} INFO - Filling up the DagBag from /home/anhtupham99/miniforge3/envs/nba/lib/python3.11/site-packages/airflow/example_dags/example_complex.py
[2025-01-30T02:57:05.182+0800] {processor.py:925} INFO - DAG(s) 'example_complex' retrieved from /home/anhtupham99/miniforge3/envs/nba/lib/python3.11/site-packages/airflow/example_dags/example_complex.py
[2025-01-30T02:57:05.197+0800] {logging_mixin.py:190} INFO - [2025-01-30T02:57:05.197+0800] {dag.py:3239} INFO - Sync 1 DAGs
[2025-01-30T02:57:05.205+0800] {logging_mixin.py:190} INFO - [2025-01-30T02:57:05.205+0800] {dag.py:4180} INFO - Setting next_dagrun for example_complex to None, run_after=None
[2025-01-30T02:57:05.225+0800] {processor.py:208} INFO - Processing /home/anhtupham99/miniforge3/envs/nba/lib/python3.11/site-packages/airflow/example_dags/example_complex.py took 0.059 seconds
[2025-01-30T02:57:54.246+0800] {processor.py:186} INFO - Started process (PID=22530) to work on /home/anhtupham99/miniforge3/envs/nba/lib/python3.11/site-packages/airflow/example_dags/example_complex.py
[2025-01-30T02:57:54.250+0800] {processor.py:914} INFO - Processing file /home/anhtupham99/miniforge3/envs/nba/lib/python3.11/site-packages/airflow/example_dags/example_complex.py for tasks to queue
[2025-01-30T02:57:54.252+0800] {logging_mixin.py:190} INFO - [2025-01-30T02:57:54.251+0800] {dagbag.py:588} INFO - Filling up the DagBag from /home/anhtupham99/miniforge3/envs/nba/lib/python3.11/site-packages/airflow/example_dags/example_complex.py
[2025-01-30T02:57:54.261+0800] {processor.py:925} INFO - DAG(s) 'example_complex' retrieved from /home/anhtupham99/miniforge3/envs/nba/lib/python3.11/site-packages/airflow/example_dags/example_complex.py
[2025-01-30T02:57:54.277+0800] {logging_mixin.py:190} INFO - [2025-01-30T02:57:54.277+0800] {dag.py:3239} INFO - Sync 1 DAGs
[2025-01-30T02:57:54.285+0800] {logging_mixin.py:190} INFO - [2025-01-30T02:57:54.285+0800] {dag.py:4180} INFO - Setting next_dagrun for example_complex to None, run_after=None
[2025-01-30T02:57:54.309+0800] {processor.py:208} INFO - Processing /home/anhtupham99/miniforge3/envs/nba/lib/python3.11/site-packages/airflow/example_dags/example_complex.py took 0.067 seconds
[2025-01-30T02:58:45.176+0800] {processor.py:186} INFO - Started process (PID=22812) to work on /home/anhtupham99/miniforge3/envs/nba/lib/python3.11/site-packages/airflow/example_dags/example_complex.py
[2025-01-30T02:58:45.177+0800] {processor.py:914} INFO - Processing file /home/anhtupham99/miniforge3/envs/nba/lib/python3.11/site-packages/airflow/example_dags/example_complex.py for tasks to queue
[2025-01-30T02:58:45.178+0800] {logging_mixin.py:190} INFO - [2025-01-30T02:58:45.178+0800] {dagbag.py:588} INFO - Filling up the DagBag from /home/anhtupham99/miniforge3/envs/nba/lib/python3.11/site-packages/airflow/example_dags/example_complex.py
[2025-01-30T02:58:45.187+0800] {processor.py:925} INFO - DAG(s) 'example_complex' retrieved from /home/anhtupham99/miniforge3/envs/nba/lib/python3.11/site-packages/airflow/example_dags/example_complex.py
[2025-01-30T02:58:45.202+0800] {logging_mixin.py:190} INFO - [2025-01-30T02:58:45.202+0800] {dag.py:3239} INFO - Sync 1 DAGs
[2025-01-30T02:58:45.210+0800] {logging_mixin.py:190} INFO - [2025-01-30T02:58:45.210+0800] {dag.py:4180} INFO - Setting next_dagrun for example_complex to None, run_after=None
[2025-01-30T02:58:45.232+0800] {processor.py:208} INFO - Processing /home/anhtupham99/miniforge3/envs/nba/lib/python3.11/site-packages/airflow/example_dags/example_complex.py took 0.061 seconds
[2025-01-30T02:59:35.712+0800] {processor.py:186} INFO - Started process (PID=23100) to work on /home/anhtupham99/miniforge3/envs/nba/lib/python3.11/site-packages/airflow/example_dags/example_complex.py
[2025-01-30T02:59:35.714+0800] {processor.py:914} INFO - Processing file /home/anhtupham99/miniforge3/envs/nba/lib/python3.11/site-packages/airflow/example_dags/example_complex.py for tasks to queue
[2025-01-30T02:59:35.715+0800] {logging_mixin.py:190} INFO - [2025-01-30T02:59:35.715+0800] {dagbag.py:588} INFO - Filling up the DagBag from /home/anhtupham99/miniforge3/envs/nba/lib/python3.11/site-packages/airflow/example_dags/example_complex.py
[2025-01-30T02:59:35.724+0800] {processor.py:925} INFO - DAG(s) 'example_complex' retrieved from /home/anhtupham99/miniforge3/envs/nba/lib/python3.11/site-packages/airflow/example_dags/example_complex.py
[2025-01-30T02:59:35.739+0800] {logging_mixin.py:190} INFO - [2025-01-30T02:59:35.739+0800] {dag.py:3239} INFO - Sync 1 DAGs
[2025-01-30T02:59:35.748+0800] {logging_mixin.py:190} INFO - [2025-01-30T02:59:35.748+0800] {dag.py:4180} INFO - Setting next_dagrun for example_complex to None, run_after=None
[2025-01-30T02:59:35.770+0800] {processor.py:208} INFO - Processing /home/anhtupham99/miniforge3/envs/nba/lib/python3.11/site-packages/airflow/example_dags/example_complex.py took 0.062 seconds
[2025-01-30T03:00:25.237+0800] {processor.py:186} INFO - Started process (PID=23409) to work on /home/anhtupham99/miniforge3/envs/nba/lib/python3.11/site-packages/airflow/example_dags/example_complex.py
[2025-01-30T03:00:25.238+0800] {processor.py:914} INFO - Processing file /home/anhtupham99/miniforge3/envs/nba/lib/python3.11/site-packages/airflow/example_dags/example_complex.py for tasks to queue
[2025-01-30T03:00:25.240+0800] {logging_mixin.py:190} INFO - [2025-01-30T03:00:25.239+0800] {dagbag.py:588} INFO - Filling up the DagBag from /home/anhtupham99/miniforge3/envs/nba/lib/python3.11/site-packages/airflow/example_dags/example_complex.py
[2025-01-30T03:00:25.248+0800] {processor.py:925} INFO - DAG(s) 'example_complex' retrieved from /home/anhtupham99/miniforge3/envs/nba/lib/python3.11/site-packages/airflow/example_dags/example_complex.py
[2025-01-30T03:00:25.263+0800] {logging_mixin.py:190} INFO - [2025-01-30T03:00:25.263+0800] {dag.py:3239} INFO - Sync 1 DAGs
[2025-01-30T03:00:25.271+0800] {logging_mixin.py:190} INFO - [2025-01-30T03:00:25.271+0800] {dag.py:4180} INFO - Setting next_dagrun for example_complex to None, run_after=None
[2025-01-30T03:00:25.294+0800] {processor.py:208} INFO - Processing /home/anhtupham99/miniforge3/envs/nba/lib/python3.11/site-packages/airflow/example_dags/example_complex.py took 0.062 seconds
[2025-01-30T03:01:13.542+0800] {processor.py:186} INFO - Started process (PID=23679) to work on /home/anhtupham99/miniforge3/envs/nba/lib/python3.11/site-packages/airflow/example_dags/example_complex.py
[2025-01-30T03:01:13.543+0800] {processor.py:914} INFO - Processing file /home/anhtupham99/miniforge3/envs/nba/lib/python3.11/site-packages/airflow/example_dags/example_complex.py for tasks to queue
[2025-01-30T03:01:13.544+0800] {logging_mixin.py:190} INFO - [2025-01-30T03:01:13.544+0800] {dagbag.py:588} INFO - Filling up the DagBag from /home/anhtupham99/miniforge3/envs/nba/lib/python3.11/site-packages/airflow/example_dags/example_complex.py
[2025-01-30T03:01:13.553+0800] {processor.py:925} INFO - DAG(s) 'example_complex' retrieved from /home/anhtupham99/miniforge3/envs/nba/lib/python3.11/site-packages/airflow/example_dags/example_complex.py
[2025-01-30T03:01:13.568+0800] {logging_mixin.py:190} INFO - [2025-01-30T03:01:13.568+0800] {dag.py:3239} INFO - Sync 1 DAGs
[2025-01-30T03:01:13.576+0800] {logging_mixin.py:190} INFO - [2025-01-30T03:01:13.576+0800] {dag.py:4180} INFO - Setting next_dagrun for example_complex to None, run_after=None
[2025-01-30T03:01:13.598+0800] {processor.py:208} INFO - Processing /home/anhtupham99/miniforge3/envs/nba/lib/python3.11/site-packages/airflow/example_dags/example_complex.py took 0.061 seconds
[2025-01-30T03:02:00.911+0800] {processor.py:186} INFO - Started process (PID=23955) to work on /home/anhtupham99/miniforge3/envs/nba/lib/python3.11/site-packages/airflow/example_dags/example_complex.py
[2025-01-30T03:02:00.912+0800] {processor.py:914} INFO - Processing file /home/anhtupham99/miniforge3/envs/nba/lib/python3.11/site-packages/airflow/example_dags/example_complex.py for tasks to queue
[2025-01-30T03:02:00.915+0800] {logging_mixin.py:190} INFO - [2025-01-30T03:02:00.914+0800] {dagbag.py:588} INFO - Filling up the DagBag from /home/anhtupham99/miniforge3/envs/nba/lib/python3.11/site-packages/airflow/example_dags/example_complex.py
[2025-01-30T03:02:00.924+0800] {processor.py:925} INFO - DAG(s) 'example_complex' retrieved from /home/anhtupham99/miniforge3/envs/nba/lib/python3.11/site-packages/airflow/example_dags/example_complex.py
[2025-01-30T03:02:00.941+0800] {logging_mixin.py:190} INFO - [2025-01-30T03:02:00.941+0800] {dag.py:3239} INFO - Sync 1 DAGs
[2025-01-30T03:02:00.950+0800] {logging_mixin.py:190} INFO - [2025-01-30T03:02:00.950+0800] {dag.py:4180} INFO - Setting next_dagrun for example_complex to None, run_after=None
[2025-01-30T03:02:00.980+0800] {processor.py:208} INFO - Processing /home/anhtupham99/miniforge3/envs/nba/lib/python3.11/site-packages/airflow/example_dags/example_complex.py took 0.075 seconds
[2025-01-30T03:02:49.407+0800] {processor.py:186} INFO - Started process (PID=24261) to work on /home/anhtupham99/miniforge3/envs/nba/lib/python3.11/site-packages/airflow/example_dags/example_complex.py
[2025-01-30T03:02:49.408+0800] {processor.py:914} INFO - Processing file /home/anhtupham99/miniforge3/envs/nba/lib/python3.11/site-packages/airflow/example_dags/example_complex.py for tasks to queue
[2025-01-30T03:02:49.410+0800] {logging_mixin.py:190} INFO - [2025-01-30T03:02:49.410+0800] {dagbag.py:588} INFO - Filling up the DagBag from /home/anhtupham99/miniforge3/envs/nba/lib/python3.11/site-packages/airflow/example_dags/example_complex.py
[2025-01-30T03:02:49.419+0800] {processor.py:925} INFO - DAG(s) 'example_complex' retrieved from /home/anhtupham99/miniforge3/envs/nba/lib/python3.11/site-packages/airflow/example_dags/example_complex.py
[2025-01-30T03:02:49.435+0800] {logging_mixin.py:190} INFO - [2025-01-30T03:02:49.435+0800] {dag.py:3239} INFO - Sync 1 DAGs
[2025-01-30T03:02:49.444+0800] {logging_mixin.py:190} INFO - [2025-01-30T03:02:49.444+0800] {dag.py:4180} INFO - Setting next_dagrun for example_complex to None, run_after=None
[2025-01-30T03:02:49.469+0800] {processor.py:208} INFO - Processing /home/anhtupham99/miniforge3/envs/nba/lib/python3.11/site-packages/airflow/example_dags/example_complex.py took 0.067 seconds
[2025-01-30T03:03:37.593+0800] {processor.py:186} INFO - Started process (PID=24539) to work on /home/anhtupham99/miniforge3/envs/nba/lib/python3.11/site-packages/airflow/example_dags/example_complex.py
[2025-01-30T03:03:37.594+0800] {processor.py:914} INFO - Processing file /home/anhtupham99/miniforge3/envs/nba/lib/python3.11/site-packages/airflow/example_dags/example_complex.py for tasks to queue
[2025-01-30T03:03:37.596+0800] {logging_mixin.py:190} INFO - [2025-01-30T03:03:37.596+0800] {dagbag.py:588} INFO - Filling up the DagBag from /home/anhtupham99/miniforge3/envs/nba/lib/python3.11/site-packages/airflow/example_dags/example_complex.py
[2025-01-30T03:03:37.604+0800] {processor.py:925} INFO - DAG(s) 'example_complex' retrieved from /home/anhtupham99/miniforge3/envs/nba/lib/python3.11/site-packages/airflow/example_dags/example_complex.py
[2025-01-30T03:03:37.620+0800] {logging_mixin.py:190} INFO - [2025-01-30T03:03:37.619+0800] {dag.py:3239} INFO - Sync 1 DAGs
[2025-01-30T03:03:37.628+0800] {logging_mixin.py:190} INFO - [2025-01-30T03:03:37.627+0800] {dag.py:4180} INFO - Setting next_dagrun for example_complex to None, run_after=None
[2025-01-30T03:03:37.653+0800] {processor.py:208} INFO - Processing /home/anhtupham99/miniforge3/envs/nba/lib/python3.11/site-packages/airflow/example_dags/example_complex.py took 0.065 seconds
[2025-01-30T03:04:25.693+0800] {processor.py:186} INFO - Started process (PID=24850) to work on /home/anhtupham99/miniforge3/envs/nba/lib/python3.11/site-packages/airflow/example_dags/example_complex.py
[2025-01-30T03:04:25.694+0800] {processor.py:914} INFO - Processing file /home/anhtupham99/miniforge3/envs/nba/lib/python3.11/site-packages/airflow/example_dags/example_complex.py for tasks to queue
[2025-01-30T03:04:25.696+0800] {logging_mixin.py:190} INFO - [2025-01-30T03:04:25.695+0800] {dagbag.py:588} INFO - Filling up the DagBag from /home/anhtupham99/miniforge3/envs/nba/lib/python3.11/site-packages/airflow/example_dags/example_complex.py
[2025-01-30T03:04:25.704+0800] {processor.py:925} INFO - DAG(s) 'example_complex' retrieved from /home/anhtupham99/miniforge3/envs/nba/lib/python3.11/site-packages/airflow/example_dags/example_complex.py
[2025-01-30T03:04:25.719+0800] {logging_mixin.py:190} INFO - [2025-01-30T03:04:25.719+0800] {dag.py:3239} INFO - Sync 1 DAGs
[2025-01-30T03:04:25.727+0800] {logging_mixin.py:190} INFO - [2025-01-30T03:04:25.727+0800] {dag.py:4180} INFO - Setting next_dagrun for example_complex to None, run_after=None
[2025-01-30T03:04:25.748+0800] {processor.py:208} INFO - Processing /home/anhtupham99/miniforge3/envs/nba/lib/python3.11/site-packages/airflow/example_dags/example_complex.py took 0.060 seconds
[2025-01-30T03:05:15.804+0800] {processor.py:186} INFO - Started process (PID=25139) to work on /home/anhtupham99/miniforge3/envs/nba/lib/python3.11/site-packages/airflow/example_dags/example_complex.py
[2025-01-30T03:05:15.805+0800] {processor.py:914} INFO - Processing file /home/anhtupham99/miniforge3/envs/nba/lib/python3.11/site-packages/airflow/example_dags/example_complex.py for tasks to queue
[2025-01-30T03:05:15.806+0800] {logging_mixin.py:190} INFO - [2025-01-30T03:05:15.806+0800] {dagbag.py:588} INFO - Filling up the DagBag from /home/anhtupham99/miniforge3/envs/nba/lib/python3.11/site-packages/airflow/example_dags/example_complex.py
[2025-01-30T03:05:15.815+0800] {processor.py:925} INFO - DAG(s) 'example_complex' retrieved from /home/anhtupham99/miniforge3/envs/nba/lib/python3.11/site-packages/airflow/example_dags/example_complex.py
[2025-01-30T03:05:15.831+0800] {logging_mixin.py:190} INFO - [2025-01-30T03:05:15.830+0800] {dag.py:3239} INFO - Sync 1 DAGs
[2025-01-30T03:05:15.838+0800] {logging_mixin.py:190} INFO - [2025-01-30T03:05:15.838+0800] {dag.py:4180} INFO - Setting next_dagrun for example_complex to None, run_after=None
[2025-01-30T03:05:15.863+0800] {processor.py:208} INFO - Processing /home/anhtupham99/miniforge3/envs/nba/lib/python3.11/site-packages/airflow/example_dags/example_complex.py took 0.064 seconds
[2025-01-30T03:06:04.419+0800] {processor.py:186} INFO - Started process (PID=25415) to work on /home/anhtupham99/miniforge3/envs/nba/lib/python3.11/site-packages/airflow/example_dags/example_complex.py
[2025-01-30T03:06:04.420+0800] {processor.py:914} INFO - Processing file /home/anhtupham99/miniforge3/envs/nba/lib/python3.11/site-packages/airflow/example_dags/example_complex.py for tasks to queue
[2025-01-30T03:06:04.422+0800] {logging_mixin.py:190} INFO - [2025-01-30T03:06:04.421+0800] {dagbag.py:588} INFO - Filling up the DagBag from /home/anhtupham99/miniforge3/envs/nba/lib/python3.11/site-packages/airflow/example_dags/example_complex.py
[2025-01-30T03:06:04.431+0800] {processor.py:925} INFO - DAG(s) 'example_complex' retrieved from /home/anhtupham99/miniforge3/envs/nba/lib/python3.11/site-packages/airflow/example_dags/example_complex.py
[2025-01-30T03:06:04.447+0800] {logging_mixin.py:190} INFO - [2025-01-30T03:06:04.446+0800] {dag.py:3239} INFO - Sync 1 DAGs
[2025-01-30T03:06:04.455+0800] {logging_mixin.py:190} INFO - [2025-01-30T03:06:04.455+0800] {dag.py:4180} INFO - Setting next_dagrun for example_complex to None, run_after=None
[2025-01-30T03:06:04.481+0800] {processor.py:208} INFO - Processing /home/anhtupham99/miniforge3/envs/nba/lib/python3.11/site-packages/airflow/example_dags/example_complex.py took 0.067 seconds
[2025-01-30T03:06:54.572+0800] {processor.py:186} INFO - Started process (PID=25712) to work on /home/anhtupham99/miniforge3/envs/nba/lib/python3.11/site-packages/airflow/example_dags/example_complex.py
[2025-01-30T03:06:54.573+0800] {processor.py:914} INFO - Processing file /home/anhtupham99/miniforge3/envs/nba/lib/python3.11/site-packages/airflow/example_dags/example_complex.py for tasks to queue
[2025-01-30T03:06:54.575+0800] {logging_mixin.py:190} INFO - [2025-01-30T03:06:54.575+0800] {dagbag.py:588} INFO - Filling up the DagBag from /home/anhtupham99/miniforge3/envs/nba/lib/python3.11/site-packages/airflow/example_dags/example_complex.py
[2025-01-30T03:06:54.586+0800] {processor.py:925} INFO - DAG(s) 'example_complex' retrieved from /home/anhtupham99/miniforge3/envs/nba/lib/python3.11/site-packages/airflow/example_dags/example_complex.py
[2025-01-30T03:06:54.606+0800] {logging_mixin.py:190} INFO - [2025-01-30T03:06:54.606+0800] {dag.py:3239} INFO - Sync 1 DAGs
[2025-01-30T03:06:54.619+0800] {logging_mixin.py:190} INFO - [2025-01-30T03:06:54.618+0800] {dag.py:4180} INFO - Setting next_dagrun for example_complex to None, run_after=None
[2025-01-30T03:06:54.646+0800] {processor.py:208} INFO - Processing /home/anhtupham99/miniforge3/envs/nba/lib/python3.11/site-packages/airflow/example_dags/example_complex.py took 0.082 seconds
[2025-01-30T03:07:45.391+0800] {processor.py:186} INFO - Started process (PID=26030) to work on /home/anhtupham99/miniforge3/envs/nba/lib/python3.11/site-packages/airflow/example_dags/example_complex.py
[2025-01-30T03:07:45.393+0800] {processor.py:914} INFO - Processing file /home/anhtupham99/miniforge3/envs/nba/lib/python3.11/site-packages/airflow/example_dags/example_complex.py for tasks to queue
[2025-01-30T03:07:45.394+0800] {logging_mixin.py:190} INFO - [2025-01-30T03:07:45.394+0800] {dagbag.py:588} INFO - Filling up the DagBag from /home/anhtupham99/miniforge3/envs/nba/lib/python3.11/site-packages/airflow/example_dags/example_complex.py
[2025-01-30T03:07:45.404+0800] {processor.py:925} INFO - DAG(s) 'example_complex' retrieved from /home/anhtupham99/miniforge3/envs/nba/lib/python3.11/site-packages/airflow/example_dags/example_complex.py
[2025-01-30T03:07:45.422+0800] {logging_mixin.py:190} INFO - [2025-01-30T03:07:45.422+0800] {dag.py:3239} INFO - Sync 1 DAGs
[2025-01-30T03:07:45.431+0800] {logging_mixin.py:190} INFO - [2025-01-30T03:07:45.430+0800] {dag.py:4180} INFO - Setting next_dagrun for example_complex to None, run_after=None
[2025-01-30T03:07:45.453+0800] {processor.py:208} INFO - Processing /home/anhtupham99/miniforge3/envs/nba/lib/python3.11/site-packages/airflow/example_dags/example_complex.py took 0.067 seconds
[2025-01-30T03:08:33.290+0800] {processor.py:186} INFO - Started process (PID=26299) to work on /home/anhtupham99/miniforge3/envs/nba/lib/python3.11/site-packages/airflow/example_dags/example_complex.py
[2025-01-30T03:08:33.291+0800] {processor.py:914} INFO - Processing file /home/anhtupham99/miniforge3/envs/nba/lib/python3.11/site-packages/airflow/example_dags/example_complex.py for tasks to queue
[2025-01-30T03:08:33.293+0800] {logging_mixin.py:190} INFO - [2025-01-30T03:08:33.292+0800] {dagbag.py:588} INFO - Filling up the DagBag from /home/anhtupham99/miniforge3/envs/nba/lib/python3.11/site-packages/airflow/example_dags/example_complex.py
[2025-01-30T03:08:33.301+0800] {processor.py:925} INFO - DAG(s) 'example_complex' retrieved from /home/anhtupham99/miniforge3/envs/nba/lib/python3.11/site-packages/airflow/example_dags/example_complex.py
[2025-01-30T03:08:33.322+0800] {logging_mixin.py:190} INFO - [2025-01-30T03:08:33.322+0800] {dag.py:3239} INFO - Sync 1 DAGs
[2025-01-30T03:08:33.331+0800] {logging_mixin.py:190} INFO - [2025-01-30T03:08:33.331+0800] {dag.py:4180} INFO - Setting next_dagrun for example_complex to None, run_after=None
[2025-01-30T03:08:33.355+0800] {processor.py:208} INFO - Processing /home/anhtupham99/miniforge3/envs/nba/lib/python3.11/site-packages/airflow/example_dags/example_complex.py took 0.070 seconds
[2025-01-30T03:09:19.740+0800] {processor.py:186} INFO - Started process (PID=26572) to work on /home/anhtupham99/miniforge3/envs/nba/lib/python3.11/site-packages/airflow/example_dags/example_complex.py
[2025-01-30T03:09:19.742+0800] {processor.py:914} INFO - Processing file /home/anhtupham99/miniforge3/envs/nba/lib/python3.11/site-packages/airflow/example_dags/example_complex.py for tasks to queue
[2025-01-30T03:09:19.744+0800] {logging_mixin.py:190} INFO - [2025-01-30T03:09:19.743+0800] {dagbag.py:588} INFO - Filling up the DagBag from /home/anhtupham99/miniforge3/envs/nba/lib/python3.11/site-packages/airflow/example_dags/example_complex.py
[2025-01-30T03:09:19.753+0800] {processor.py:925} INFO - DAG(s) 'example_complex' retrieved from /home/anhtupham99/miniforge3/envs/nba/lib/python3.11/site-packages/airflow/example_dags/example_complex.py
[2025-01-30T03:09:19.771+0800] {logging_mixin.py:190} INFO - [2025-01-30T03:09:19.771+0800] {dag.py:3239} INFO - Sync 1 DAGs
[2025-01-30T03:09:19.779+0800] {logging_mixin.py:190} INFO - [2025-01-30T03:09:19.779+0800] {dag.py:4180} INFO - Setting next_dagrun for example_complex to None, run_after=None
[2025-01-30T03:09:19.802+0800] {processor.py:208} INFO - Processing /home/anhtupham99/miniforge3/envs/nba/lib/python3.11/site-packages/airflow/example_dags/example_complex.py took 0.066 seconds
[2025-01-30T06:11:58.664+0800] {processor.py:186} INFO - Started process (PID=27035) to work on /home/anhtupham99/miniforge3/envs/nba/lib/python3.11/site-packages/airflow/example_dags/example_complex.py
[2025-01-30T06:11:58.666+0800] {processor.py:914} INFO - Processing file /home/anhtupham99/miniforge3/envs/nba/lib/python3.11/site-packages/airflow/example_dags/example_complex.py for tasks to queue
[2025-01-30T06:11:58.668+0800] {logging_mixin.py:190} INFO - [2025-01-30T06:11:58.667+0800] {dagbag.py:588} INFO - Filling up the DagBag from /home/anhtupham99/miniforge3/envs/nba/lib/python3.11/site-packages/airflow/example_dags/example_complex.py
[2025-01-30T06:11:58.680+0800] {processor.py:925} INFO - DAG(s) 'example_complex' retrieved from /home/anhtupham99/miniforge3/envs/nba/lib/python3.11/site-packages/airflow/example_dags/example_complex.py
[2025-01-30T06:11:58.701+0800] {logging_mixin.py:190} INFO - [2025-01-30T06:11:58.701+0800] {dag.py:3239} INFO - Sync 1 DAGs
[2025-01-30T06:11:58.709+0800] {logging_mixin.py:190} INFO - [2025-01-30T06:11:58.709+0800] {dag.py:4180} INFO - Setting next_dagrun for example_complex to None, run_after=None
[2025-01-30T06:11:58.739+0800] {processor.py:208} INFO - Processing /home/anhtupham99/miniforge3/envs/nba/lib/python3.11/site-packages/airflow/example_dags/example_complex.py took 0.083 seconds
[2025-01-30T06:12:53.180+0800] {processor.py:186} INFO - Started process (PID=27342) to work on /home/anhtupham99/miniforge3/envs/nba/lib/python3.11/site-packages/airflow/example_dags/example_complex.py
[2025-01-30T06:12:53.183+0800] {processor.py:914} INFO - Processing file /home/anhtupham99/miniforge3/envs/nba/lib/python3.11/site-packages/airflow/example_dags/example_complex.py for tasks to queue
[2025-01-30T06:12:53.185+0800] {logging_mixin.py:190} INFO - [2025-01-30T06:12:53.185+0800] {dagbag.py:588} INFO - Filling up the DagBag from /home/anhtupham99/miniforge3/envs/nba/lib/python3.11/site-packages/airflow/example_dags/example_complex.py
[2025-01-30T06:12:53.194+0800] {processor.py:925} INFO - DAG(s) 'example_complex' retrieved from /home/anhtupham99/miniforge3/envs/nba/lib/python3.11/site-packages/airflow/example_dags/example_complex.py
[2025-01-30T06:12:53.210+0800] {logging_mixin.py:190} INFO - [2025-01-30T06:12:53.209+0800] {dag.py:3239} INFO - Sync 1 DAGs
[2025-01-30T06:12:53.218+0800] {logging_mixin.py:190} INFO - [2025-01-30T06:12:53.218+0800] {dag.py:4180} INFO - Setting next_dagrun for example_complex to None, run_after=None
[2025-01-30T06:12:53.244+0800] {processor.py:208} INFO - Processing /home/anhtupham99/miniforge3/envs/nba/lib/python3.11/site-packages/airflow/example_dags/example_complex.py took 0.068 seconds
[2025-01-30T06:13:42.456+0800] {processor.py:186} INFO - Started process (PID=27668) to work on /home/anhtupham99/miniforge3/envs/nba/lib/python3.11/site-packages/airflow/example_dags/example_complex.py
[2025-01-30T06:13:42.460+0800] {processor.py:914} INFO - Processing file /home/anhtupham99/miniforge3/envs/nba/lib/python3.11/site-packages/airflow/example_dags/example_complex.py for tasks to queue
[2025-01-30T06:13:42.462+0800] {logging_mixin.py:190} INFO - [2025-01-30T06:13:42.461+0800] {dagbag.py:588} INFO - Filling up the DagBag from /home/anhtupham99/miniforge3/envs/nba/lib/python3.11/site-packages/airflow/example_dags/example_complex.py
[2025-01-30T06:13:42.470+0800] {processor.py:925} INFO - DAG(s) 'example_complex' retrieved from /home/anhtupham99/miniforge3/envs/nba/lib/python3.11/site-packages/airflow/example_dags/example_complex.py
[2025-01-30T06:13:42.486+0800] {logging_mixin.py:190} INFO - [2025-01-30T06:13:42.485+0800] {dag.py:3239} INFO - Sync 1 DAGs
[2025-01-30T06:13:42.494+0800] {logging_mixin.py:190} INFO - [2025-01-30T06:13:42.493+0800] {dag.py:4180} INFO - Setting next_dagrun for example_complex to None, run_after=None
[2025-01-30T06:13:42.517+0800] {processor.py:208} INFO - Processing /home/anhtupham99/miniforge3/envs/nba/lib/python3.11/site-packages/airflow/example_dags/example_complex.py took 0.066 seconds
