[2025-01-30T02:34:45.806+0800] {processor.py:186} INFO - Started process (PID=14384) to work on /home/anhtupham99/miniforge3/envs/nba/lib/python3.11/site-packages/airflow/example_dags/example_dataset_alias.py
[2025-01-30T02:34:45.806+0800] {processor.py:914} INFO - Processing file /home/anhtupham99/miniforge3/envs/nba/lib/python3.11/site-packages/airflow/example_dags/example_dataset_alias.py for tasks to queue
[2025-01-30T02:34:45.808+0800] {logging_mixin.py:190} INFO - [2025-01-30T02:34:45.808+0800] {dagbag.py:588} INFO - Filling up the DagBag from /home/anhtupham99/miniforge3/envs/nba/lib/python3.11/site-packages/airflow/example_dags/example_dataset_alias.py
[2025-01-30T02:34:46.069+0800] {processor.py:925} INFO - DAG(s) 'dataset_s3_bucket_consumer', 'dataset_alias_example_alias_consumer', 'dataset_s3_bucket_producer', 'dataset_alias_example_alias_producer' retrieved from /home/anhtupham99/miniforge3/envs/nba/lib/python3.11/site-packages/airflow/example_dags/example_dataset_alias.py
[2025-01-30T02:34:46.297+0800] {logging_mixin.py:190} INFO - [2025-01-30T02:34:46.297+0800] {override.py:1911} INFO - Created Permission View: can delete on DAG:dataset_s3_bucket_consumer
[2025-01-30T02:34:46.315+0800] {logging_mixin.py:190} INFO - [2025-01-30T02:34:46.314+0800] {override.py:1911} INFO - Created Permission View: can read on DAG:dataset_s3_bucket_consumer
[2025-01-30T02:34:46.329+0800] {logging_mixin.py:190} INFO - [2025-01-30T02:34:46.329+0800] {override.py:1911} INFO - Created Permission View: can edit on DAG:dataset_s3_bucket_consumer
[2025-01-30T02:34:46.354+0800] {logging_mixin.py:190} INFO - [2025-01-30T02:34:46.353+0800] {override.py:1911} INFO - Created Permission View: can delete on DAG Run:dataset_s3_bucket_consumer
[2025-01-30T02:34:46.370+0800] {logging_mixin.py:190} INFO - [2025-01-30T02:34:46.369+0800] {override.py:1911} INFO - Created Permission View: can create on DAG Run:dataset_s3_bucket_consumer
[2025-01-30T02:34:46.385+0800] {logging_mixin.py:190} INFO - [2025-01-30T02:34:46.385+0800] {override.py:1911} INFO - Created Permission View: menu access on DAG Run:dataset_s3_bucket_consumer
[2025-01-30T02:34:46.400+0800] {logging_mixin.py:190} INFO - [2025-01-30T02:34:46.400+0800] {override.py:1911} INFO - Created Permission View: can read on DAG Run:dataset_s3_bucket_consumer
[2025-01-30T02:34:46.432+0800] {logging_mixin.py:190} INFO - [2025-01-30T02:34:46.432+0800] {override.py:1911} INFO - Created Permission View: can delete on DAG:dataset_alias_example_alias_consumer
[2025-01-30T02:34:46.446+0800] {logging_mixin.py:190} INFO - [2025-01-30T02:34:46.446+0800] {override.py:1911} INFO - Created Permission View: can read on DAG:dataset_alias_example_alias_consumer
[2025-01-30T02:34:46.459+0800] {logging_mixin.py:190} INFO - [2025-01-30T02:34:46.459+0800] {override.py:1911} INFO - Created Permission View: can edit on DAG:dataset_alias_example_alias_consumer
[2025-01-30T02:34:46.483+0800] {logging_mixin.py:190} INFO - [2025-01-30T02:34:46.483+0800] {override.py:1911} INFO - Created Permission View: can delete on DAG Run:dataset_alias_example_alias_consumer
[2025-01-30T02:34:46.497+0800] {logging_mixin.py:190} INFO - [2025-01-30T02:34:46.497+0800] {override.py:1911} INFO - Created Permission View: can create on DAG Run:dataset_alias_example_alias_consumer
[2025-01-30T02:34:46.512+0800] {logging_mixin.py:190} INFO - [2025-01-30T02:34:46.512+0800] {override.py:1911} INFO - Created Permission View: menu access on DAG Run:dataset_alias_example_alias_consumer
[2025-01-30T02:34:46.526+0800] {logging_mixin.py:190} INFO - [2025-01-30T02:34:46.526+0800] {override.py:1911} INFO - Created Permission View: can read on DAG Run:dataset_alias_example_alias_consumer
[2025-01-30T02:34:46.560+0800] {logging_mixin.py:190} INFO - [2025-01-30T02:34:46.559+0800] {override.py:1911} INFO - Created Permission View: can delete on DAG:dataset_s3_bucket_producer
[2025-01-30T02:34:46.575+0800] {logging_mixin.py:190} INFO - [2025-01-30T02:34:46.574+0800] {override.py:1911} INFO - Created Permission View: can read on DAG:dataset_s3_bucket_producer
[2025-01-30T02:34:46.590+0800] {logging_mixin.py:190} INFO - [2025-01-30T02:34:46.590+0800] {override.py:1911} INFO - Created Permission View: can edit on DAG:dataset_s3_bucket_producer
[2025-01-30T02:34:46.625+0800] {logging_mixin.py:190} INFO - [2025-01-30T02:34:46.624+0800] {override.py:1911} INFO - Created Permission View: can delete on DAG Run:dataset_s3_bucket_producer
[2025-01-30T02:34:46.650+0800] {logging_mixin.py:190} INFO - [2025-01-30T02:34:46.649+0800] {override.py:1911} INFO - Created Permission View: can create on DAG Run:dataset_s3_bucket_producer
[2025-01-30T02:34:46.673+0800] {logging_mixin.py:190} INFO - [2025-01-30T02:34:46.672+0800] {override.py:1911} INFO - Created Permission View: menu access on DAG Run:dataset_s3_bucket_producer
[2025-01-30T02:34:46.697+0800] {logging_mixin.py:190} INFO - [2025-01-30T02:34:46.697+0800] {override.py:1911} INFO - Created Permission View: can read on DAG Run:dataset_s3_bucket_producer
[2025-01-30T02:34:46.738+0800] {logging_mixin.py:190} INFO - [2025-01-30T02:34:46.738+0800] {override.py:1911} INFO - Created Permission View: can delete on DAG:dataset_alias_example_alias_producer
[2025-01-30T02:34:46.754+0800] {logging_mixin.py:190} INFO - [2025-01-30T02:34:46.754+0800] {override.py:1911} INFO - Created Permission View: can read on DAG:dataset_alias_example_alias_producer
[2025-01-30T02:34:46.769+0800] {logging_mixin.py:190} INFO - [2025-01-30T02:34:46.769+0800] {override.py:1911} INFO - Created Permission View: can edit on DAG:dataset_alias_example_alias_producer
[2025-01-30T02:34:46.794+0800] {logging_mixin.py:190} INFO - [2025-01-30T02:34:46.794+0800] {override.py:1911} INFO - Created Permission View: can delete on DAG Run:dataset_alias_example_alias_producer
[2025-01-30T02:34:46.808+0800] {logging_mixin.py:190} INFO - [2025-01-30T02:34:46.808+0800] {override.py:1911} INFO - Created Permission View: can create on DAG Run:dataset_alias_example_alias_producer
[2025-01-30T02:34:46.822+0800] {logging_mixin.py:190} INFO - [2025-01-30T02:34:46.822+0800] {override.py:1911} INFO - Created Permission View: menu access on DAG Run:dataset_alias_example_alias_producer
[2025-01-30T02:34:46.836+0800] {logging_mixin.py:190} INFO - [2025-01-30T02:34:46.836+0800] {override.py:1911} INFO - Created Permission View: can read on DAG Run:dataset_alias_example_alias_producer
[2025-01-30T02:34:46.837+0800] {logging_mixin.py:190} INFO - [2025-01-30T02:34:46.836+0800] {dag.py:3239} INFO - Sync 4 DAGs
[2025-01-30T02:34:46.843+0800] {logging_mixin.py:190} INFO - [2025-01-30T02:34:46.843+0800] {dag.py:3262} INFO - Creating ORM DAG for dataset_alias_example_alias_consumer
[2025-01-30T02:34:46.844+0800] {logging_mixin.py:190} INFO - [2025-01-30T02:34:46.843+0800] {dag.py:3262} INFO - Creating ORM DAG for dataset_s3_bucket_producer
[2025-01-30T02:34:46.844+0800] {logging_mixin.py:190} INFO - [2025-01-30T02:34:46.844+0800] {dag.py:3262} INFO - Creating ORM DAG for dataset_s3_bucket_consumer
[2025-01-30T02:34:46.844+0800] {logging_mixin.py:190} INFO - [2025-01-30T02:34:46.844+0800] {dag.py:3262} INFO - Creating ORM DAG for dataset_alias_example_alias_producer
[2025-01-30T02:34:46.849+0800] {logging_mixin.py:190} INFO - [2025-01-30T02:34:46.849+0800] {dag.py:4180} INFO - Setting next_dagrun for dataset_alias_example_alias_consumer to None, run_after=None
[2025-01-30T02:34:46.849+0800] {logging_mixin.py:190} INFO - [2025-01-30T02:34:46.849+0800] {dag.py:4180} INFO - Setting next_dagrun for dataset_alias_example_alias_producer to None, run_after=None
[2025-01-30T02:34:46.850+0800] {logging_mixin.py:190} INFO - [2025-01-30T02:34:46.850+0800] {dag.py:4180} INFO - Setting next_dagrun for dataset_s3_bucket_consumer to None, run_after=None
[2025-01-30T02:34:46.850+0800] {logging_mixin.py:190} INFO - [2025-01-30T02:34:46.850+0800] {dag.py:4180} INFO - Setting next_dagrun for dataset_s3_bucket_producer to None, run_after=None
[2025-01-30T02:34:46.880+0800] {processor.py:208} INFO - Processing /home/anhtupham99/miniforge3/envs/nba/lib/python3.11/site-packages/airflow/example_dags/example_dataset_alias.py took 1.078 seconds
[2025-01-30T02:35:57.938+0800] {processor.py:186} INFO - Started process (PID=14822) to work on /home/anhtupham99/miniforge3/envs/nba/lib/python3.11/site-packages/airflow/example_dags/example_dataset_alias.py
[2025-01-30T02:35:57.940+0800] {processor.py:914} INFO - Processing file /home/anhtupham99/miniforge3/envs/nba/lib/python3.11/site-packages/airflow/example_dags/example_dataset_alias.py for tasks to queue
[2025-01-30T02:35:57.943+0800] {logging_mixin.py:190} INFO - [2025-01-30T02:35:57.943+0800] {dagbag.py:588} INFO - Filling up the DagBag from /home/anhtupham99/miniforge3/envs/nba/lib/python3.11/site-packages/airflow/example_dags/example_dataset_alias.py
[2025-01-30T02:35:58.133+0800] {processor.py:925} INFO - DAG(s) 'dataset_alias_example_alias_producer', 'dataset_alias_example_alias_consumer', 'dataset_s3_bucket_producer', 'dataset_s3_bucket_consumer' retrieved from /home/anhtupham99/miniforge3/envs/nba/lib/python3.11/site-packages/airflow/example_dags/example_dataset_alias.py
[2025-01-30T02:35:58.146+0800] {logging_mixin.py:190} INFO - [2025-01-30T02:35:58.146+0800] {dag.py:3239} INFO - Sync 4 DAGs
[2025-01-30T02:35:58.159+0800] {logging_mixin.py:190} INFO - [2025-01-30T02:35:58.159+0800] {dag.py:4180} INFO - Setting next_dagrun for dataset_alias_example_alias_consumer to None, run_after=None
[2025-01-30T02:35:58.160+0800] {logging_mixin.py:190} INFO - [2025-01-30T02:35:58.160+0800] {dag.py:4180} INFO - Setting next_dagrun for dataset_alias_example_alias_producer to None, run_after=None
[2025-01-30T02:35:58.161+0800] {logging_mixin.py:190} INFO - [2025-01-30T02:35:58.161+0800] {dag.py:4180} INFO - Setting next_dagrun for dataset_s3_bucket_consumer to None, run_after=None
[2025-01-30T02:35:58.161+0800] {logging_mixin.py:190} INFO - [2025-01-30T02:35:58.161+0800] {dag.py:4180} INFO - Setting next_dagrun for dataset_s3_bucket_producer to None, run_after=None
[2025-01-30T02:35:58.203+0800] {processor.py:208} INFO - Processing /home/anhtupham99/miniforge3/envs/nba/lib/python3.11/site-packages/airflow/example_dags/example_dataset_alias.py took 0.279 seconds
[2025-01-30T02:47:56.183+0800] {processor.py:186} INFO - Started process (PID=18905) to work on /home/anhtupham99/miniforge3/envs/nba/lib/python3.11/site-packages/airflow/example_dags/example_dataset_alias.py
[2025-01-30T02:47:56.185+0800] {processor.py:914} INFO - Processing file /home/anhtupham99/miniforge3/envs/nba/lib/python3.11/site-packages/airflow/example_dags/example_dataset_alias.py for tasks to queue
[2025-01-30T02:47:56.187+0800] {logging_mixin.py:190} INFO - [2025-01-30T02:47:56.187+0800] {dagbag.py:588} INFO - Filling up the DagBag from /home/anhtupham99/miniforge3/envs/nba/lib/python3.11/site-packages/airflow/example_dags/example_dataset_alias.py
[2025-01-30T02:47:56.375+0800] {processor.py:925} INFO - DAG(s) 'dataset_s3_bucket_consumer', 'dataset_s3_bucket_producer', 'dataset_alias_example_alias_consumer', 'dataset_alias_example_alias_producer' retrieved from /home/anhtupham99/miniforge3/envs/nba/lib/python3.11/site-packages/airflow/example_dags/example_dataset_alias.py
[2025-01-30T02:47:56.395+0800] {logging_mixin.py:190} INFO - [2025-01-30T02:47:56.395+0800] {dag.py:3239} INFO - Sync 4 DAGs
[2025-01-30T02:47:56.412+0800] {logging_mixin.py:190} INFO - [2025-01-30T02:47:56.412+0800] {dag.py:4180} INFO - Setting next_dagrun for dataset_alias_example_alias_consumer to None, run_after=None
[2025-01-30T02:47:56.414+0800] {logging_mixin.py:190} INFO - [2025-01-30T02:47:56.414+0800] {dag.py:4180} INFO - Setting next_dagrun for dataset_alias_example_alias_producer to None, run_after=None
[2025-01-30T02:47:56.415+0800] {logging_mixin.py:190} INFO - [2025-01-30T02:47:56.415+0800] {dag.py:4180} INFO - Setting next_dagrun for dataset_s3_bucket_consumer to None, run_after=None
[2025-01-30T02:47:56.416+0800] {logging_mixin.py:190} INFO - [2025-01-30T02:47:56.415+0800] {dag.py:4180} INFO - Setting next_dagrun for dataset_s3_bucket_producer to None, run_after=None
[2025-01-30T02:47:56.446+0800] {processor.py:208} INFO - Processing /home/anhtupham99/miniforge3/envs/nba/lib/python3.11/site-packages/airflow/example_dags/example_dataset_alias.py took 0.277 seconds
[2025-01-30T02:48:52.741+0800] {processor.py:186} INFO - Started process (PID=19336) to work on /home/anhtupham99/miniforge3/envs/nba/lib/python3.11/site-packages/airflow/example_dags/example_dataset_alias.py
[2025-01-30T02:48:52.742+0800] {processor.py:914} INFO - Processing file /home/anhtupham99/miniforge3/envs/nba/lib/python3.11/site-packages/airflow/example_dags/example_dataset_alias.py for tasks to queue
[2025-01-30T02:48:52.744+0800] {logging_mixin.py:190} INFO - [2025-01-30T02:48:52.743+0800] {dagbag.py:588} INFO - Filling up the DagBag from /home/anhtupham99/miniforge3/envs/nba/lib/python3.11/site-packages/airflow/example_dags/example_dataset_alias.py
[2025-01-30T02:48:52.943+0800] {processor.py:925} INFO - DAG(s) 'dataset_alias_example_alias_consumer', 'dataset_s3_bucket_producer', 'dataset_s3_bucket_consumer', 'dataset_alias_example_alias_producer' retrieved from /home/anhtupham99/miniforge3/envs/nba/lib/python3.11/site-packages/airflow/example_dags/example_dataset_alias.py
[2025-01-30T02:48:52.955+0800] {logging_mixin.py:190} INFO - [2025-01-30T02:48:52.955+0800] {dag.py:3239} INFO - Sync 4 DAGs
[2025-01-30T02:48:52.968+0800] {logging_mixin.py:190} INFO - [2025-01-30T02:48:52.968+0800] {dag.py:4180} INFO - Setting next_dagrun for dataset_alias_example_alias_consumer to None, run_after=None
[2025-01-30T02:48:52.969+0800] {logging_mixin.py:190} INFO - [2025-01-30T02:48:52.969+0800] {dag.py:4180} INFO - Setting next_dagrun for dataset_alias_example_alias_producer to None, run_after=None
[2025-01-30T02:48:52.970+0800] {logging_mixin.py:190} INFO - [2025-01-30T02:48:52.970+0800] {dag.py:4180} INFO - Setting next_dagrun for dataset_s3_bucket_consumer to None, run_after=None
[2025-01-30T02:48:52.970+0800] {logging_mixin.py:190} INFO - [2025-01-30T02:48:52.970+0800] {dag.py:4180} INFO - Setting next_dagrun for dataset_s3_bucket_producer to None, run_after=None
[2025-01-30T02:48:53.007+0800] {processor.py:208} INFO - Processing /home/anhtupham99/miniforge3/envs/nba/lib/python3.11/site-packages/airflow/example_dags/example_dataset_alias.py took 0.271 seconds
[2025-01-30T02:49:46.524+0800] {processor.py:186} INFO - Started process (PID=19667) to work on /home/anhtupham99/miniforge3/envs/nba/lib/python3.11/site-packages/airflow/example_dags/example_dataset_alias.py
[2025-01-30T02:49:46.526+0800] {processor.py:914} INFO - Processing file /home/anhtupham99/miniforge3/envs/nba/lib/python3.11/site-packages/airflow/example_dags/example_dataset_alias.py for tasks to queue
[2025-01-30T02:49:46.530+0800] {logging_mixin.py:190} INFO - [2025-01-30T02:49:46.529+0800] {dagbag.py:588} INFO - Filling up the DagBag from /home/anhtupham99/miniforge3/envs/nba/lib/python3.11/site-packages/airflow/example_dags/example_dataset_alias.py
[2025-01-30T02:49:45.140+0800] {processor.py:925} INFO - DAG(s) 'dataset_s3_bucket_producer', 'dataset_alias_example_alias_producer', 'dataset_alias_example_alias_consumer', 'dataset_s3_bucket_consumer' retrieved from /home/anhtupham99/miniforge3/envs/nba/lib/python3.11/site-packages/airflow/example_dags/example_dataset_alias.py
[2025-01-30T02:49:45.151+0800] {logging_mixin.py:190} INFO - [2025-01-30T02:49:45.151+0800] {dag.py:3239} INFO - Sync 4 DAGs
[2025-01-30T02:49:45.291+0800] {logging_mixin.py:190} INFO - [2025-01-30T02:49:45.290+0800] {dag.py:4180} INFO - Setting next_dagrun for dataset_alias_example_alias_consumer to None, run_after=None
[2025-01-30T02:49:45.292+0800] {logging_mixin.py:190} INFO - [2025-01-30T02:49:45.292+0800] {dag.py:4180} INFO - Setting next_dagrun for dataset_alias_example_alias_producer to None, run_after=None
[2025-01-30T02:49:45.293+0800] {logging_mixin.py:190} INFO - [2025-01-30T02:49:45.292+0800] {dag.py:4180} INFO - Setting next_dagrun for dataset_s3_bucket_consumer to None, run_after=None
[2025-01-30T02:49:45.293+0800] {logging_mixin.py:190} INFO - [2025-01-30T02:49:45.293+0800] {dag.py:4180} INFO - Setting next_dagrun for dataset_s3_bucket_producer to None, run_after=None
[2025-01-30T02:49:45.336+0800] {processor.py:208} INFO - Processing /home/anhtupham99/miniforge3/envs/nba/lib/python3.11/site-packages/airflow/example_dags/example_dataset_alias.py took 0.398 seconds
[2025-01-30T02:50:41.051+0800] {processor.py:186} INFO - Started process (PID=19980) to work on /home/anhtupham99/miniforge3/envs/nba/lib/python3.11/site-packages/airflow/example_dags/example_dataset_alias.py
[2025-01-30T02:50:41.054+0800] {processor.py:914} INFO - Processing file /home/anhtupham99/miniforge3/envs/nba/lib/python3.11/site-packages/airflow/example_dags/example_dataset_alias.py for tasks to queue
[2025-01-30T02:50:41.059+0800] {logging_mixin.py:190} INFO - [2025-01-30T02:50:41.058+0800] {dagbag.py:588} INFO - Filling up the DagBag from /home/anhtupham99/miniforge3/envs/nba/lib/python3.11/site-packages/airflow/example_dags/example_dataset_alias.py
[2025-01-30T02:50:41.228+0800] {processor.py:925} INFO - DAG(s) 'dataset_alias_example_alias_producer', 'dataset_s3_bucket_producer', 'dataset_alias_example_alias_consumer', 'dataset_s3_bucket_consumer' retrieved from /home/anhtupham99/miniforge3/envs/nba/lib/python3.11/site-packages/airflow/example_dags/example_dataset_alias.py
[2025-01-30T02:50:41.240+0800] {logging_mixin.py:190} INFO - [2025-01-30T02:50:41.239+0800] {dag.py:3239} INFO - Sync 4 DAGs
[2025-01-30T02:50:41.252+0800] {logging_mixin.py:190} INFO - [2025-01-30T02:50:41.252+0800] {dag.py:4180} INFO - Setting next_dagrun for dataset_alias_example_alias_consumer to None, run_after=None
[2025-01-30T02:50:41.254+0800] {logging_mixin.py:190} INFO - [2025-01-30T02:50:41.253+0800] {dag.py:4180} INFO - Setting next_dagrun for dataset_alias_example_alias_producer to None, run_after=None
[2025-01-30T02:50:41.254+0800] {logging_mixin.py:190} INFO - [2025-01-30T02:50:41.254+0800] {dag.py:4180} INFO - Setting next_dagrun for dataset_s3_bucket_consumer to None, run_after=None
[2025-01-30T02:50:41.255+0800] {logging_mixin.py:190} INFO - [2025-01-30T02:50:41.255+0800] {dag.py:4180} INFO - Setting next_dagrun for dataset_s3_bucket_producer to None, run_after=None
[2025-01-30T02:50:41.410+0800] {processor.py:208} INFO - Processing /home/anhtupham99/miniforge3/envs/nba/lib/python3.11/site-packages/airflow/example_dags/example_dataset_alias.py took 0.373 seconds
[2025-01-30T02:51:35.148+0800] {processor.py:186} INFO - Started process (PID=20277) to work on /home/anhtupham99/miniforge3/envs/nba/lib/python3.11/site-packages/airflow/example_dags/example_dataset_alias.py
[2025-01-30T02:51:35.153+0800] {processor.py:914} INFO - Processing file /home/anhtupham99/miniforge3/envs/nba/lib/python3.11/site-packages/airflow/example_dags/example_dataset_alias.py for tasks to queue
[2025-01-30T02:51:35.159+0800] {logging_mixin.py:190} INFO - [2025-01-30T02:51:35.158+0800] {dagbag.py:588} INFO - Filling up the DagBag from /home/anhtupham99/miniforge3/envs/nba/lib/python3.11/site-packages/airflow/example_dags/example_dataset_alias.py
[2025-01-30T02:51:35.349+0800] {processor.py:925} INFO - DAG(s) 'dataset_alias_example_alias_consumer', 'dataset_alias_example_alias_producer', 'dataset_s3_bucket_consumer', 'dataset_s3_bucket_producer' retrieved from /home/anhtupham99/miniforge3/envs/nba/lib/python3.11/site-packages/airflow/example_dags/example_dataset_alias.py
[2025-01-30T02:51:35.362+0800] {logging_mixin.py:190} INFO - [2025-01-30T02:51:35.361+0800] {dag.py:3239} INFO - Sync 4 DAGs
[2025-01-30T02:51:35.376+0800] {logging_mixin.py:190} INFO - [2025-01-30T02:51:35.375+0800] {dag.py:4180} INFO - Setting next_dagrun for dataset_alias_example_alias_consumer to None, run_after=None
[2025-01-30T02:51:35.377+0800] {logging_mixin.py:190} INFO - [2025-01-30T02:51:35.377+0800] {dag.py:4180} INFO - Setting next_dagrun for dataset_alias_example_alias_producer to None, run_after=None
[2025-01-30T02:51:35.377+0800] {logging_mixin.py:190} INFO - [2025-01-30T02:51:35.377+0800] {dag.py:4180} INFO - Setting next_dagrun for dataset_s3_bucket_consumer to None, run_after=None
[2025-01-30T02:51:35.378+0800] {logging_mixin.py:190} INFO - [2025-01-30T02:51:35.378+0800] {dag.py:4180} INFO - Setting next_dagrun for dataset_s3_bucket_producer to None, run_after=None
[2025-01-30T02:51:35.445+0800] {processor.py:208} INFO - Processing /home/anhtupham99/miniforge3/envs/nba/lib/python3.11/site-packages/airflow/example_dags/example_dataset_alias.py took 0.313 seconds
[2025-01-30T02:52:27.810+0800] {processor.py:186} INFO - Started process (PID=20572) to work on /home/anhtupham99/miniforge3/envs/nba/lib/python3.11/site-packages/airflow/example_dags/example_dataset_alias.py
[2025-01-30T02:52:27.812+0800] {processor.py:914} INFO - Processing file /home/anhtupham99/miniforge3/envs/nba/lib/python3.11/site-packages/airflow/example_dags/example_dataset_alias.py for tasks to queue
[2025-01-30T02:52:27.816+0800] {logging_mixin.py:190} INFO - [2025-01-30T02:52:27.815+0800] {dagbag.py:588} INFO - Filling up the DagBag from /home/anhtupham99/miniforge3/envs/nba/lib/python3.11/site-packages/airflow/example_dags/example_dataset_alias.py
[2025-01-30T02:52:28.005+0800] {processor.py:925} INFO - DAG(s) 'dataset_s3_bucket_producer', 'dataset_alias_example_alias_producer', 'dataset_s3_bucket_consumer', 'dataset_alias_example_alias_consumer' retrieved from /home/anhtupham99/miniforge3/envs/nba/lib/python3.11/site-packages/airflow/example_dags/example_dataset_alias.py
[2025-01-30T02:52:28.017+0800] {logging_mixin.py:190} INFO - [2025-01-30T02:52:28.016+0800] {dag.py:3239} INFO - Sync 4 DAGs
[2025-01-30T02:52:28.154+0800] {logging_mixin.py:190} INFO - [2025-01-30T02:52:28.154+0800] {dag.py:4180} INFO - Setting next_dagrun for dataset_alias_example_alias_consumer to None, run_after=None
[2025-01-30T02:52:28.155+0800] {logging_mixin.py:190} INFO - [2025-01-30T02:52:28.155+0800] {dag.py:4180} INFO - Setting next_dagrun for dataset_alias_example_alias_producer to None, run_after=None
[2025-01-30T02:52:28.156+0800] {logging_mixin.py:190} INFO - [2025-01-30T02:52:28.156+0800] {dag.py:4180} INFO - Setting next_dagrun for dataset_s3_bucket_consumer to None, run_after=None
[2025-01-30T02:52:28.156+0800] {logging_mixin.py:190} INFO - [2025-01-30T02:52:28.156+0800] {dag.py:4180} INFO - Setting next_dagrun for dataset_s3_bucket_producer to None, run_after=None
[2025-01-30T02:52:28.198+0800] {processor.py:208} INFO - Processing /home/anhtupham99/miniforge3/envs/nba/lib/python3.11/site-packages/airflow/example_dags/example_dataset_alias.py took 0.391 seconds
[2025-01-30T02:53:22.823+0800] {processor.py:186} INFO - Started process (PID=20908) to work on /home/anhtupham99/miniforge3/envs/nba/lib/python3.11/site-packages/airflow/example_dags/example_dataset_alias.py
[2025-01-30T02:53:22.825+0800] {processor.py:914} INFO - Processing file /home/anhtupham99/miniforge3/envs/nba/lib/python3.11/site-packages/airflow/example_dags/example_dataset_alias.py for tasks to queue
[2025-01-30T02:53:22.826+0800] {logging_mixin.py:190} INFO - [2025-01-30T02:53:22.826+0800] {dagbag.py:588} INFO - Filling up the DagBag from /home/anhtupham99/miniforge3/envs/nba/lib/python3.11/site-packages/airflow/example_dags/example_dataset_alias.py
[2025-01-30T02:53:21.401+0800] {processor.py:925} INFO - DAG(s) 'dataset_s3_bucket_consumer', 'dataset_s3_bucket_producer', 'dataset_alias_example_alias_producer', 'dataset_alias_example_alias_consumer' retrieved from /home/anhtupham99/miniforge3/envs/nba/lib/python3.11/site-packages/airflow/example_dags/example_dataset_alias.py
[2025-01-30T02:53:21.413+0800] {logging_mixin.py:190} INFO - [2025-01-30T02:53:21.412+0800] {dag.py:3239} INFO - Sync 4 DAGs
[2025-01-30T02:53:21.427+0800] {logging_mixin.py:190} INFO - [2025-01-30T02:53:21.427+0800] {dag.py:4180} INFO - Setting next_dagrun for dataset_alias_example_alias_consumer to None, run_after=None
[2025-01-30T02:53:21.558+0800] {logging_mixin.py:190} INFO - [2025-01-30T02:53:21.558+0800] {dag.py:4180} INFO - Setting next_dagrun for dataset_alias_example_alias_producer to None, run_after=None
[2025-01-30T02:53:21.560+0800] {logging_mixin.py:190} INFO - [2025-01-30T02:53:21.559+0800] {dag.py:4180} INFO - Setting next_dagrun for dataset_s3_bucket_consumer to None, run_after=None
[2025-01-30T02:53:21.560+0800] {logging_mixin.py:190} INFO - [2025-01-30T02:53:21.560+0800] {dag.py:4180} INFO - Setting next_dagrun for dataset_s3_bucket_producer to None, run_after=None
[2025-01-30T02:53:21.590+0800] {processor.py:208} INFO - Processing /home/anhtupham99/miniforge3/envs/nba/lib/python3.11/site-packages/airflow/example_dags/example_dataset_alias.py took 0.362 seconds
[2025-01-30T02:54:13.567+0800] {processor.py:186} INFO - Started process (PID=21200) to work on /home/anhtupham99/miniforge3/envs/nba/lib/python3.11/site-packages/airflow/example_dags/example_dataset_alias.py
[2025-01-30T02:54:13.569+0800] {processor.py:914} INFO - Processing file /home/anhtupham99/miniforge3/envs/nba/lib/python3.11/site-packages/airflow/example_dags/example_dataset_alias.py for tasks to queue
[2025-01-30T02:54:13.571+0800] {logging_mixin.py:190} INFO - [2025-01-30T02:54:13.571+0800] {dagbag.py:588} INFO - Filling up the DagBag from /home/anhtupham99/miniforge3/envs/nba/lib/python3.11/site-packages/airflow/example_dags/example_dataset_alias.py
[2025-01-30T02:54:13.738+0800] {processor.py:925} INFO - DAG(s) 'dataset_alias_example_alias_consumer', 'dataset_s3_bucket_producer', 'dataset_s3_bucket_consumer', 'dataset_alias_example_alias_producer' retrieved from /home/anhtupham99/miniforge3/envs/nba/lib/python3.11/site-packages/airflow/example_dags/example_dataset_alias.py
[2025-01-30T02:54:13.750+0800] {logging_mixin.py:190} INFO - [2025-01-30T02:54:13.750+0800] {dag.py:3239} INFO - Sync 4 DAGs
[2025-01-30T02:54:13.763+0800] {logging_mixin.py:190} INFO - [2025-01-30T02:54:13.763+0800] {dag.py:4180} INFO - Setting next_dagrun for dataset_alias_example_alias_consumer to None, run_after=None
[2025-01-30T02:54:13.764+0800] {logging_mixin.py:190} INFO - [2025-01-30T02:54:13.764+0800] {dag.py:4180} INFO - Setting next_dagrun for dataset_alias_example_alias_producer to None, run_after=None
[2025-01-30T02:54:13.765+0800] {logging_mixin.py:190} INFO - [2025-01-30T02:54:13.765+0800] {dag.py:4180} INFO - Setting next_dagrun for dataset_s3_bucket_consumer to None, run_after=None
[2025-01-30T02:54:13.766+0800] {logging_mixin.py:190} INFO - [2025-01-30T02:54:13.765+0800] {dag.py:4180} INFO - Setting next_dagrun for dataset_s3_bucket_producer to None, run_after=None
[2025-01-30T02:54:13.791+0800] {processor.py:208} INFO - Processing /home/anhtupham99/miniforge3/envs/nba/lib/python3.11/site-packages/airflow/example_dags/example_dataset_alias.py took 0.227 seconds
[2025-01-30T02:55:00.031+0800] {processor.py:186} INFO - Started process (PID=21464) to work on /home/anhtupham99/miniforge3/envs/nba/lib/python3.11/site-packages/airflow/example_dags/example_dataset_alias.py
[2025-01-30T02:55:00.032+0800] {processor.py:914} INFO - Processing file /home/anhtupham99/miniforge3/envs/nba/lib/python3.11/site-packages/airflow/example_dags/example_dataset_alias.py for tasks to queue
[2025-01-30T02:55:00.034+0800] {logging_mixin.py:190} INFO - [2025-01-30T02:55:00.034+0800] {dagbag.py:588} INFO - Filling up the DagBag from /home/anhtupham99/miniforge3/envs/nba/lib/python3.11/site-packages/airflow/example_dags/example_dataset_alias.py
[2025-01-30T02:55:00.200+0800] {processor.py:925} INFO - DAG(s) 'dataset_s3_bucket_producer', 'dataset_alias_example_alias_consumer', 'dataset_s3_bucket_consumer', 'dataset_alias_example_alias_producer' retrieved from /home/anhtupham99/miniforge3/envs/nba/lib/python3.11/site-packages/airflow/example_dags/example_dataset_alias.py
[2025-01-30T02:55:00.211+0800] {logging_mixin.py:190} INFO - [2025-01-30T02:55:00.211+0800] {dag.py:3239} INFO - Sync 4 DAGs
[2025-01-30T02:55:00.357+0800] {logging_mixin.py:190} INFO - [2025-01-30T02:55:00.357+0800] {dag.py:4180} INFO - Setting next_dagrun for dataset_alias_example_alias_consumer to None, run_after=None
[2025-01-30T02:55:00.358+0800] {logging_mixin.py:190} INFO - [2025-01-30T02:55:00.358+0800] {dag.py:4180} INFO - Setting next_dagrun for dataset_alias_example_alias_producer to None, run_after=None
[2025-01-30T02:55:00.359+0800] {logging_mixin.py:190} INFO - [2025-01-30T02:55:00.359+0800] {dag.py:4180} INFO - Setting next_dagrun for dataset_s3_bucket_consumer to None, run_after=None
[2025-01-30T02:55:00.359+0800] {logging_mixin.py:190} INFO - [2025-01-30T02:55:00.359+0800] {dag.py:4180} INFO - Setting next_dagrun for dataset_s3_bucket_producer to None, run_after=None
[2025-01-30T02:55:00.383+0800] {processor.py:208} INFO - Processing /home/anhtupham99/miniforge3/envs/nba/lib/python3.11/site-packages/airflow/example_dags/example_dataset_alias.py took 0.356 seconds
[2025-01-30T02:55:50.010+0800] {processor.py:186} INFO - Started process (PID=21763) to work on /home/anhtupham99/miniforge3/envs/nba/lib/python3.11/site-packages/airflow/example_dags/example_dataset_alias.py
[2025-01-30T02:55:50.012+0800] {processor.py:914} INFO - Processing file /home/anhtupham99/miniforge3/envs/nba/lib/python3.11/site-packages/airflow/example_dags/example_dataset_alias.py for tasks to queue
[2025-01-30T02:55:50.013+0800] {logging_mixin.py:190} INFO - [2025-01-30T02:55:50.013+0800] {dagbag.py:588} INFO - Filling up the DagBag from /home/anhtupham99/miniforge3/envs/nba/lib/python3.11/site-packages/airflow/example_dags/example_dataset_alias.py
[2025-01-30T02:55:50.186+0800] {processor.py:925} INFO - DAG(s) 'dataset_s3_bucket_consumer', 'dataset_alias_example_alias_producer', 'dataset_alias_example_alias_consumer', 'dataset_s3_bucket_producer' retrieved from /home/anhtupham99/miniforge3/envs/nba/lib/python3.11/site-packages/airflow/example_dags/example_dataset_alias.py
[2025-01-30T02:55:50.197+0800] {logging_mixin.py:190} INFO - [2025-01-30T02:55:50.197+0800] {dag.py:3239} INFO - Sync 4 DAGs
[2025-01-30T02:55:50.208+0800] {logging_mixin.py:190} INFO - [2025-01-30T02:55:50.208+0800] {dag.py:4180} INFO - Setting next_dagrun for dataset_alias_example_alias_consumer to None, run_after=None
[2025-01-30T02:55:50.211+0800] {logging_mixin.py:190} INFO - [2025-01-30T02:55:50.211+0800] {dag.py:4180} INFO - Setting next_dagrun for dataset_alias_example_alias_producer to None, run_after=None
[2025-01-30T02:55:50.211+0800] {logging_mixin.py:190} INFO - [2025-01-30T02:55:50.211+0800] {dag.py:4180} INFO - Setting next_dagrun for dataset_s3_bucket_consumer to None, run_after=None
[2025-01-30T02:55:50.212+0800] {logging_mixin.py:190} INFO - [2025-01-30T02:55:50.212+0800] {dag.py:4180} INFO - Setting next_dagrun for dataset_s3_bucket_producer to None, run_after=None
[2025-01-30T02:55:50.371+0800] {processor.py:208} INFO - Processing /home/anhtupham99/miniforge3/envs/nba/lib/python3.11/site-packages/airflow/example_dags/example_dataset_alias.py took 0.365 seconds
[2025-01-30T02:56:35.543+0800] {processor.py:186} INFO - Started process (PID=22032) to work on /home/anhtupham99/miniforge3/envs/nba/lib/python3.11/site-packages/airflow/example_dags/example_dataset_alias.py
[2025-01-30T02:56:35.547+0800] {processor.py:914} INFO - Processing file /home/anhtupham99/miniforge3/envs/nba/lib/python3.11/site-packages/airflow/example_dags/example_dataset_alias.py for tasks to queue
[2025-01-30T02:56:35.549+0800] {logging_mixin.py:190} INFO - [2025-01-30T02:56:35.548+0800] {dagbag.py:588} INFO - Filling up the DagBag from /home/anhtupham99/miniforge3/envs/nba/lib/python3.11/site-packages/airflow/example_dags/example_dataset_alias.py
[2025-01-30T02:56:35.868+0800] {processor.py:925} INFO - DAG(s) 'dataset_s3_bucket_consumer', 'dataset_alias_example_alias_consumer', 'dataset_s3_bucket_producer', 'dataset_alias_example_alias_producer' retrieved from /home/anhtupham99/miniforge3/envs/nba/lib/python3.11/site-packages/airflow/example_dags/example_dataset_alias.py
[2025-01-30T02:56:35.880+0800] {logging_mixin.py:190} INFO - [2025-01-30T02:56:35.880+0800] {dag.py:3239} INFO - Sync 4 DAGs
[2025-01-30T02:56:35.891+0800] {logging_mixin.py:190} INFO - [2025-01-30T02:56:35.891+0800] {dag.py:4180} INFO - Setting next_dagrun for dataset_alias_example_alias_consumer to None, run_after=None
[2025-01-30T02:56:35.892+0800] {logging_mixin.py:190} INFO - [2025-01-30T02:56:35.892+0800] {dag.py:4180} INFO - Setting next_dagrun for dataset_alias_example_alias_producer to None, run_after=None
[2025-01-30T02:56:35.893+0800] {logging_mixin.py:190} INFO - [2025-01-30T02:56:35.893+0800] {dag.py:4180} INFO - Setting next_dagrun for dataset_s3_bucket_consumer to None, run_after=None
[2025-01-30T02:56:35.894+0800] {logging_mixin.py:190} INFO - [2025-01-30T02:56:35.893+0800] {dag.py:4180} INFO - Setting next_dagrun for dataset_s3_bucket_producer to None, run_after=None
[2025-01-30T02:56:35.916+0800] {processor.py:208} INFO - Processing /home/anhtupham99/miniforge3/envs/nba/lib/python3.11/site-packages/airflow/example_dags/example_dataset_alias.py took 0.377 seconds
[2025-01-30T02:57:23.455+0800] {processor.py:186} INFO - Started process (PID=22300) to work on /home/anhtupham99/miniforge3/envs/nba/lib/python3.11/site-packages/airflow/example_dags/example_dataset_alias.py
[2025-01-30T02:57:23.456+0800] {processor.py:914} INFO - Processing file /home/anhtupham99/miniforge3/envs/nba/lib/python3.11/site-packages/airflow/example_dags/example_dataset_alias.py for tasks to queue
[2025-01-30T02:57:23.458+0800] {logging_mixin.py:190} INFO - [2025-01-30T02:57:23.458+0800] {dagbag.py:588} INFO - Filling up the DagBag from /home/anhtupham99/miniforge3/envs/nba/lib/python3.11/site-packages/airflow/example_dags/example_dataset_alias.py
[2025-01-30T02:57:23.663+0800] {processor.py:925} INFO - DAG(s) 'dataset_alias_example_alias_consumer', 'dataset_s3_bucket_consumer', 'dataset_s3_bucket_producer', 'dataset_alias_example_alias_producer' retrieved from /home/anhtupham99/miniforge3/envs/nba/lib/python3.11/site-packages/airflow/example_dags/example_dataset_alias.py
[2025-01-30T02:57:23.679+0800] {logging_mixin.py:190} INFO - [2025-01-30T02:57:23.679+0800] {dag.py:3239} INFO - Sync 4 DAGs
[2025-01-30T02:57:23.861+0800] {logging_mixin.py:190} INFO - [2025-01-30T02:57:23.861+0800] {dag.py:4180} INFO - Setting next_dagrun for dataset_alias_example_alias_consumer to None, run_after=None
[2025-01-30T02:57:23.863+0800] {logging_mixin.py:190} INFO - [2025-01-30T02:57:23.863+0800] {dag.py:4180} INFO - Setting next_dagrun for dataset_alias_example_alias_producer to None, run_after=None
[2025-01-30T02:57:23.863+0800] {logging_mixin.py:190} INFO - [2025-01-30T02:57:23.863+0800] {dag.py:4180} INFO - Setting next_dagrun for dataset_s3_bucket_consumer to None, run_after=None
[2025-01-30T02:57:23.864+0800] {logging_mixin.py:190} INFO - [2025-01-30T02:57:23.864+0800] {dag.py:4180} INFO - Setting next_dagrun for dataset_s3_bucket_producer to None, run_after=None
[2025-01-30T02:57:23.887+0800] {processor.py:208} INFO - Processing /home/anhtupham99/miniforge3/envs/nba/lib/python3.11/site-packages/airflow/example_dags/example_dataset_alias.py took 0.437 seconds
[2025-01-30T02:58:12.790+0800] {processor.py:186} INFO - Started process (PID=22633) to work on /home/anhtupham99/miniforge3/envs/nba/lib/python3.11/site-packages/airflow/example_dags/example_dataset_alias.py
[2025-01-30T02:58:12.791+0800] {processor.py:914} INFO - Processing file /home/anhtupham99/miniforge3/envs/nba/lib/python3.11/site-packages/airflow/example_dags/example_dataset_alias.py for tasks to queue
[2025-01-30T02:58:12.793+0800] {logging_mixin.py:190} INFO - [2025-01-30T02:58:12.792+0800] {dagbag.py:588} INFO - Filling up the DagBag from /home/anhtupham99/miniforge3/envs/nba/lib/python3.11/site-packages/airflow/example_dags/example_dataset_alias.py
[2025-01-30T02:58:12.953+0800] {processor.py:925} INFO - DAG(s) 'dataset_s3_bucket_consumer', 'dataset_alias_example_alias_consumer', 'dataset_s3_bucket_producer', 'dataset_alias_example_alias_producer' retrieved from /home/anhtupham99/miniforge3/envs/nba/lib/python3.11/site-packages/airflow/example_dags/example_dataset_alias.py
[2025-01-30T02:58:12.964+0800] {logging_mixin.py:190} INFO - [2025-01-30T02:58:12.964+0800] {dag.py:3239} INFO - Sync 4 DAGs
[2025-01-30T02:58:13.103+0800] {logging_mixin.py:190} INFO - [2025-01-30T02:58:13.102+0800] {dag.py:4180} INFO - Setting next_dagrun for dataset_alias_example_alias_consumer to None, run_after=None
[2025-01-30T02:58:13.104+0800] {logging_mixin.py:190} INFO - [2025-01-30T02:58:13.104+0800] {dag.py:4180} INFO - Setting next_dagrun for dataset_alias_example_alias_producer to None, run_after=None
[2025-01-30T02:58:13.105+0800] {logging_mixin.py:190} INFO - [2025-01-30T02:58:13.104+0800] {dag.py:4180} INFO - Setting next_dagrun for dataset_s3_bucket_consumer to None, run_after=None
[2025-01-30T02:58:13.105+0800] {logging_mixin.py:190} INFO - [2025-01-30T02:58:13.105+0800] {dag.py:4180} INFO - Setting next_dagrun for dataset_s3_bucket_producer to None, run_after=None
[2025-01-30T02:58:13.128+0800] {processor.py:208} INFO - Processing /home/anhtupham99/miniforge3/envs/nba/lib/python3.11/site-packages/airflow/example_dags/example_dataset_alias.py took 0.343 seconds
[2025-01-30T02:59:02.256+0800] {processor.py:186} INFO - Started process (PID=22910) to work on /home/anhtupham99/miniforge3/envs/nba/lib/python3.11/site-packages/airflow/example_dags/example_dataset_alias.py
[2025-01-30T02:59:02.258+0800] {processor.py:914} INFO - Processing file /home/anhtupham99/miniforge3/envs/nba/lib/python3.11/site-packages/airflow/example_dags/example_dataset_alias.py for tasks to queue
[2025-01-30T02:59:02.259+0800] {logging_mixin.py:190} INFO - [2025-01-30T02:59:02.259+0800] {dagbag.py:588} INFO - Filling up the DagBag from /home/anhtupham99/miniforge3/envs/nba/lib/python3.11/site-packages/airflow/example_dags/example_dataset_alias.py
[2025-01-30T02:59:02.555+0800] {processor.py:925} INFO - DAG(s) 'dataset_s3_bucket_consumer', 'dataset_alias_example_alias_consumer', 'dataset_s3_bucket_producer', 'dataset_alias_example_alias_producer' retrieved from /home/anhtupham99/miniforge3/envs/nba/lib/python3.11/site-packages/airflow/example_dags/example_dataset_alias.py
[2025-01-30T02:59:02.567+0800] {logging_mixin.py:190} INFO - [2025-01-30T02:59:02.567+0800] {dag.py:3239} INFO - Sync 4 DAGs
[2025-01-30T02:59:02.578+0800] {logging_mixin.py:190} INFO - [2025-01-30T02:59:02.578+0800] {dag.py:4180} INFO - Setting next_dagrun for dataset_alias_example_alias_consumer to None, run_after=None
[2025-01-30T02:59:02.580+0800] {logging_mixin.py:190} INFO - [2025-01-30T02:59:02.580+0800] {dag.py:4180} INFO - Setting next_dagrun for dataset_alias_example_alias_producer to None, run_after=None
[2025-01-30T02:59:02.580+0800] {logging_mixin.py:190} INFO - [2025-01-30T02:59:02.580+0800] {dag.py:4180} INFO - Setting next_dagrun for dataset_s3_bucket_consumer to None, run_after=None
[2025-01-30T02:59:02.581+0800] {logging_mixin.py:190} INFO - [2025-01-30T02:59:02.581+0800] {dag.py:4180} INFO - Setting next_dagrun for dataset_s3_bucket_producer to None, run_after=None
[2025-01-30T02:59:02.606+0800] {processor.py:208} INFO - Processing /home/anhtupham99/miniforge3/envs/nba/lib/python3.11/site-packages/airflow/example_dags/example_dataset_alias.py took 0.353 seconds
[2025-01-30T02:59:52.405+0800] {processor.py:186} INFO - Started process (PID=23202) to work on /home/anhtupham99/miniforge3/envs/nba/lib/python3.11/site-packages/airflow/example_dags/example_dataset_alias.py
[2025-01-30T02:59:52.407+0800] {processor.py:914} INFO - Processing file /home/anhtupham99/miniforge3/envs/nba/lib/python3.11/site-packages/airflow/example_dags/example_dataset_alias.py for tasks to queue
[2025-01-30T02:59:52.408+0800] {logging_mixin.py:190} INFO - [2025-01-30T02:59:52.408+0800] {dagbag.py:588} INFO - Filling up the DagBag from /home/anhtupham99/miniforge3/envs/nba/lib/python3.11/site-packages/airflow/example_dags/example_dataset_alias.py
[2025-01-30T02:59:52.571+0800] {processor.py:925} INFO - DAG(s) 'dataset_alias_example_alias_producer', 'dataset_s3_bucket_producer', 'dataset_s3_bucket_consumer', 'dataset_alias_example_alias_consumer' retrieved from /home/anhtupham99/miniforge3/envs/nba/lib/python3.11/site-packages/airflow/example_dags/example_dataset_alias.py
[2025-01-30T02:59:52.709+0800] {logging_mixin.py:190} INFO - [2025-01-30T02:59:52.709+0800] {dag.py:3239} INFO - Sync 4 DAGs
[2025-01-30T02:59:52.720+0800] {logging_mixin.py:190} INFO - [2025-01-30T02:59:52.720+0800] {dag.py:4180} INFO - Setting next_dagrun for dataset_alias_example_alias_consumer to None, run_after=None
[2025-01-30T02:59:52.721+0800] {logging_mixin.py:190} INFO - [2025-01-30T02:59:52.721+0800] {dag.py:4180} INFO - Setting next_dagrun for dataset_alias_example_alias_producer to None, run_after=None
[2025-01-30T02:59:52.721+0800] {logging_mixin.py:190} INFO - [2025-01-30T02:59:52.721+0800] {dag.py:4180} INFO - Setting next_dagrun for dataset_s3_bucket_consumer to None, run_after=None
[2025-01-30T02:59:52.722+0800] {logging_mixin.py:190} INFO - [2025-01-30T02:59:52.722+0800] {dag.py:4180} INFO - Setting next_dagrun for dataset_s3_bucket_producer to None, run_after=None
[2025-01-30T02:59:52.744+0800] {processor.py:208} INFO - Processing /home/anhtupham99/miniforge3/envs/nba/lib/python3.11/site-packages/airflow/example_dags/example_dataset_alias.py took 0.342 seconds
[2025-01-30T03:00:45.197+0800] {processor.py:186} INFO - Started process (PID=23518) to work on /home/anhtupham99/miniforge3/envs/nba/lib/python3.11/site-packages/airflow/example_dags/example_dataset_alias.py
[2025-01-30T03:00:45.198+0800] {processor.py:914} INFO - Processing file /home/anhtupham99/miniforge3/envs/nba/lib/python3.11/site-packages/airflow/example_dags/example_dataset_alias.py for tasks to queue
[2025-01-30T03:00:45.200+0800] {logging_mixin.py:190} INFO - [2025-01-30T03:00:45.199+0800] {dagbag.py:588} INFO - Filling up the DagBag from /home/anhtupham99/miniforge3/envs/nba/lib/python3.11/site-packages/airflow/example_dags/example_dataset_alias.py
[2025-01-30T03:00:45.369+0800] {processor.py:925} INFO - DAG(s) 'dataset_alias_example_alias_producer', 'dataset_s3_bucket_consumer', 'dataset_s3_bucket_producer', 'dataset_alias_example_alias_consumer' retrieved from /home/anhtupham99/miniforge3/envs/nba/lib/python3.11/site-packages/airflow/example_dags/example_dataset_alias.py
[2025-01-30T03:00:45.382+0800] {logging_mixin.py:190} INFO - [2025-01-30T03:00:45.381+0800] {dag.py:3239} INFO - Sync 4 DAGs
[2025-01-30T03:00:45.521+0800] {logging_mixin.py:190} INFO - [2025-01-30T03:00:45.521+0800] {dag.py:4180} INFO - Setting next_dagrun for dataset_alias_example_alias_consumer to None, run_after=None
[2025-01-30T03:00:45.522+0800] {logging_mixin.py:190} INFO - [2025-01-30T03:00:45.522+0800] {dag.py:4180} INFO - Setting next_dagrun for dataset_alias_example_alias_producer to None, run_after=None
[2025-01-30T03:00:45.523+0800] {logging_mixin.py:190} INFO - [2025-01-30T03:00:45.523+0800] {dag.py:4180} INFO - Setting next_dagrun for dataset_s3_bucket_consumer to None, run_after=None
[2025-01-30T03:00:45.523+0800] {logging_mixin.py:190} INFO - [2025-01-30T03:00:45.523+0800] {dag.py:4180} INFO - Setting next_dagrun for dataset_s3_bucket_producer to None, run_after=None
[2025-01-30T03:00:45.545+0800] {processor.py:208} INFO - Processing /home/anhtupham99/miniforge3/envs/nba/lib/python3.11/site-packages/airflow/example_dags/example_dataset_alias.py took 0.352 seconds
[2025-01-30T03:01:30.334+0800] {processor.py:186} INFO - Started process (PID=23779) to work on /home/anhtupham99/miniforge3/envs/nba/lib/python3.11/site-packages/airflow/example_dags/example_dataset_alias.py
[2025-01-30T03:01:30.335+0800] {processor.py:914} INFO - Processing file /home/anhtupham99/miniforge3/envs/nba/lib/python3.11/site-packages/airflow/example_dags/example_dataset_alias.py for tasks to queue
[2025-01-30T03:01:30.336+0800] {logging_mixin.py:190} INFO - [2025-01-30T03:01:30.336+0800] {dagbag.py:588} INFO - Filling up the DagBag from /home/anhtupham99/miniforge3/envs/nba/lib/python3.11/site-packages/airflow/example_dags/example_dataset_alias.py
[2025-01-30T03:01:30.636+0800] {processor.py:925} INFO - DAG(s) 'dataset_alias_example_alias_consumer', 'dataset_s3_bucket_producer', 'dataset_alias_example_alias_producer', 'dataset_s3_bucket_consumer' retrieved from /home/anhtupham99/miniforge3/envs/nba/lib/python3.11/site-packages/airflow/example_dags/example_dataset_alias.py
[2025-01-30T03:01:30.647+0800] {logging_mixin.py:190} INFO - [2025-01-30T03:01:30.646+0800] {dag.py:3239} INFO - Sync 4 DAGs
[2025-01-30T03:01:30.657+0800] {logging_mixin.py:190} INFO - [2025-01-30T03:01:30.657+0800] {dag.py:4180} INFO - Setting next_dagrun for dataset_alias_example_alias_consumer to None, run_after=None
[2025-01-30T03:01:30.660+0800] {logging_mixin.py:190} INFO - [2025-01-30T03:01:30.660+0800] {dag.py:4180} INFO - Setting next_dagrun for dataset_alias_example_alias_producer to None, run_after=None
[2025-01-30T03:01:30.660+0800] {logging_mixin.py:190} INFO - [2025-01-30T03:01:30.660+0800] {dag.py:4180} INFO - Setting next_dagrun for dataset_s3_bucket_consumer to None, run_after=None
[2025-01-30T03:01:30.661+0800] {logging_mixin.py:190} INFO - [2025-01-30T03:01:30.661+0800] {dag.py:4180} INFO - Setting next_dagrun for dataset_s3_bucket_producer to None, run_after=None
[2025-01-30T03:01:30.689+0800] {processor.py:208} INFO - Processing /home/anhtupham99/miniforge3/envs/nba/lib/python3.11/site-packages/airflow/example_dags/example_dataset_alias.py took 0.359 seconds
[2025-01-30T03:02:17.389+0800] {processor.py:186} INFO - Started process (PID=24084) to work on /home/anhtupham99/miniforge3/envs/nba/lib/python3.11/site-packages/airflow/example_dags/example_dataset_alias.py
[2025-01-30T03:02:17.390+0800] {processor.py:914} INFO - Processing file /home/anhtupham99/miniforge3/envs/nba/lib/python3.11/site-packages/airflow/example_dags/example_dataset_alias.py for tasks to queue
[2025-01-30T03:02:17.392+0800] {logging_mixin.py:190} INFO - [2025-01-30T03:02:17.391+0800] {dagbag.py:588} INFO - Filling up the DagBag from /home/anhtupham99/miniforge3/envs/nba/lib/python3.11/site-packages/airflow/example_dags/example_dataset_alias.py
[2025-01-30T03:02:17.718+0800] {processor.py:925} INFO - DAG(s) 'dataset_alias_example_alias_consumer', 'dataset_alias_example_alias_producer', 'dataset_s3_bucket_consumer', 'dataset_s3_bucket_producer' retrieved from /home/anhtupham99/miniforge3/envs/nba/lib/python3.11/site-packages/airflow/example_dags/example_dataset_alias.py
[2025-01-30T03:02:17.731+0800] {logging_mixin.py:190} INFO - [2025-01-30T03:02:17.731+0800] {dag.py:3239} INFO - Sync 4 DAGs
[2025-01-30T03:02:17.742+0800] {logging_mixin.py:190} INFO - [2025-01-30T03:02:17.742+0800] {dag.py:4180} INFO - Setting next_dagrun for dataset_alias_example_alias_consumer to None, run_after=None
[2025-01-30T03:02:17.744+0800] {logging_mixin.py:190} INFO - [2025-01-30T03:02:17.744+0800] {dag.py:4180} INFO - Setting next_dagrun for dataset_alias_example_alias_producer to None, run_after=None
[2025-01-30T03:02:17.744+0800] {logging_mixin.py:190} INFO - [2025-01-30T03:02:17.744+0800] {dag.py:4180} INFO - Setting next_dagrun for dataset_s3_bucket_consumer to None, run_after=None
[2025-01-30T03:02:17.745+0800] {logging_mixin.py:190} INFO - [2025-01-30T03:02:17.745+0800] {dag.py:4180} INFO - Setting next_dagrun for dataset_s3_bucket_producer to None, run_after=None
[2025-01-30T03:02:17.772+0800] {processor.py:208} INFO - Processing /home/anhtupham99/miniforge3/envs/nba/lib/python3.11/site-packages/airflow/example_dags/example_dataset_alias.py took 0.388 seconds
[2025-01-30T03:03:04.323+0800] {processor.py:186} INFO - Started process (PID=24350) to work on /home/anhtupham99/miniforge3/envs/nba/lib/python3.11/site-packages/airflow/example_dags/example_dataset_alias.py
[2025-01-30T03:03:04.324+0800] {processor.py:914} INFO - Processing file /home/anhtupham99/miniforge3/envs/nba/lib/python3.11/site-packages/airflow/example_dags/example_dataset_alias.py for tasks to queue
[2025-01-30T03:03:04.326+0800] {logging_mixin.py:190} INFO - [2025-01-30T03:03:04.326+0800] {dagbag.py:588} INFO - Filling up the DagBag from /home/anhtupham99/miniforge3/envs/nba/lib/python3.11/site-packages/airflow/example_dags/example_dataset_alias.py
[2025-01-30T03:03:04.668+0800] {processor.py:925} INFO - DAG(s) 'dataset_s3_bucket_consumer', 'dataset_alias_example_alias_producer', 'dataset_alias_example_alias_consumer', 'dataset_s3_bucket_producer' retrieved from /home/anhtupham99/miniforge3/envs/nba/lib/python3.11/site-packages/airflow/example_dags/example_dataset_alias.py
[2025-01-30T03:03:04.680+0800] {logging_mixin.py:190} INFO - [2025-01-30T03:03:04.679+0800] {dag.py:3239} INFO - Sync 4 DAGs
[2025-01-30T03:03:04.693+0800] {logging_mixin.py:190} INFO - [2025-01-30T03:03:04.693+0800] {dag.py:4180} INFO - Setting next_dagrun for dataset_alias_example_alias_consumer to None, run_after=None
[2025-01-30T03:03:04.695+0800] {logging_mixin.py:190} INFO - [2025-01-30T03:03:04.695+0800] {dag.py:4180} INFO - Setting next_dagrun for dataset_alias_example_alias_producer to None, run_after=None
[2025-01-30T03:03:04.695+0800] {logging_mixin.py:190} INFO - [2025-01-30T03:03:04.695+0800] {dag.py:4180} INFO - Setting next_dagrun for dataset_s3_bucket_consumer to None, run_after=None
[2025-01-30T03:03:04.696+0800] {logging_mixin.py:190} INFO - [2025-01-30T03:03:04.696+0800] {dag.py:4180} INFO - Setting next_dagrun for dataset_s3_bucket_producer to None, run_after=None
[2025-01-30T03:03:04.721+0800] {processor.py:208} INFO - Processing /home/anhtupham99/miniforge3/envs/nba/lib/python3.11/site-packages/airflow/example_dags/example_dataset_alias.py took 0.402 seconds
[2025-01-30T03:03:54.037+0800] {processor.py:186} INFO - Started process (PID=24626) to work on /home/anhtupham99/miniforge3/envs/nba/lib/python3.11/site-packages/airflow/example_dags/example_dataset_alias.py
[2025-01-30T03:03:54.038+0800] {processor.py:914} INFO - Processing file /home/anhtupham99/miniforge3/envs/nba/lib/python3.11/site-packages/airflow/example_dags/example_dataset_alias.py for tasks to queue
[2025-01-30T03:03:54.040+0800] {logging_mixin.py:190} INFO - [2025-01-30T03:03:54.040+0800] {dagbag.py:588} INFO - Filling up the DagBag from /home/anhtupham99/miniforge3/envs/nba/lib/python3.11/site-packages/airflow/example_dags/example_dataset_alias.py
[2025-01-30T03:03:54.328+0800] {processor.py:925} INFO - DAG(s) 'dataset_s3_bucket_consumer', 'dataset_alias_example_alias_producer', 'dataset_alias_example_alias_consumer', 'dataset_s3_bucket_producer' retrieved from /home/anhtupham99/miniforge3/envs/nba/lib/python3.11/site-packages/airflow/example_dags/example_dataset_alias.py
[2025-01-30T03:03:54.339+0800] {logging_mixin.py:190} INFO - [2025-01-30T03:03:54.338+0800] {dag.py:3239} INFO - Sync 4 DAGs
[2025-01-30T03:03:54.349+0800] {logging_mixin.py:190} INFO - [2025-01-30T03:03:54.349+0800] {dag.py:4180} INFO - Setting next_dagrun for dataset_alias_example_alias_consumer to None, run_after=None
[2025-01-30T03:03:54.351+0800] {logging_mixin.py:190} INFO - [2025-01-30T03:03:54.351+0800] {dag.py:4180} INFO - Setting next_dagrun for dataset_alias_example_alias_producer to None, run_after=None
[2025-01-30T03:03:54.352+0800] {logging_mixin.py:190} INFO - [2025-01-30T03:03:54.352+0800] {dag.py:4180} INFO - Setting next_dagrun for dataset_s3_bucket_consumer to None, run_after=None
[2025-01-30T03:03:54.352+0800] {logging_mixin.py:190} INFO - [2025-01-30T03:03:54.352+0800] {dag.py:4180} INFO - Setting next_dagrun for dataset_s3_bucket_producer to None, run_after=None
[2025-01-30T03:03:54.376+0800] {processor.py:208} INFO - Processing /home/anhtupham99/miniforge3/envs/nba/lib/python3.11/site-packages/airflow/example_dags/example_dataset_alias.py took 0.343 seconds
[2025-01-30T03:04:41.116+0800] {processor.py:186} INFO - Started process (PID=24929) to work on /home/anhtupham99/miniforge3/envs/nba/lib/python3.11/site-packages/airflow/example_dags/example_dataset_alias.py
[2025-01-30T03:04:41.117+0800] {processor.py:914} INFO - Processing file /home/anhtupham99/miniforge3/envs/nba/lib/python3.11/site-packages/airflow/example_dags/example_dataset_alias.py for tasks to queue
[2025-01-30T03:04:41.119+0800] {logging_mixin.py:190} INFO - [2025-01-30T03:04:41.118+0800] {dagbag.py:588} INFO - Filling up the DagBag from /home/anhtupham99/miniforge3/envs/nba/lib/python3.11/site-packages/airflow/example_dags/example_dataset_alias.py
[2025-01-30T03:04:41.408+0800] {processor.py:925} INFO - DAG(s) 'dataset_alias_example_alias_producer', 'dataset_s3_bucket_producer', 'dataset_s3_bucket_consumer', 'dataset_alias_example_alias_consumer' retrieved from /home/anhtupham99/miniforge3/envs/nba/lib/python3.11/site-packages/airflow/example_dags/example_dataset_alias.py
[2025-01-30T03:04:41.419+0800] {logging_mixin.py:190} INFO - [2025-01-30T03:04:41.419+0800] {dag.py:3239} INFO - Sync 4 DAGs
[2025-01-30T03:04:41.430+0800] {logging_mixin.py:190} INFO - [2025-01-30T03:04:41.430+0800] {dag.py:4180} INFO - Setting next_dagrun for dataset_alias_example_alias_consumer to None, run_after=None
[2025-01-30T03:04:41.431+0800] {logging_mixin.py:190} INFO - [2025-01-30T03:04:41.431+0800] {dag.py:4180} INFO - Setting next_dagrun for dataset_alias_example_alias_producer to None, run_after=None
[2025-01-30T03:04:41.431+0800] {logging_mixin.py:190} INFO - [2025-01-30T03:04:41.431+0800] {dag.py:4180} INFO - Setting next_dagrun for dataset_s3_bucket_consumer to None, run_after=None
[2025-01-30T03:04:41.432+0800] {logging_mixin.py:190} INFO - [2025-01-30T03:04:41.432+0800] {dag.py:4180} INFO - Setting next_dagrun for dataset_s3_bucket_producer to None, run_after=None
[2025-01-30T03:04:41.455+0800] {processor.py:208} INFO - Processing /home/anhtupham99/miniforge3/envs/nba/lib/python3.11/site-packages/airflow/example_dags/example_dataset_alias.py took 0.343 seconds
[2025-01-30T03:05:33.587+0800] {processor.py:186} INFO - Started process (PID=25242) to work on /home/anhtupham99/miniforge3/envs/nba/lib/python3.11/site-packages/airflow/example_dags/example_dataset_alias.py
[2025-01-30T03:05:33.588+0800] {processor.py:914} INFO - Processing file /home/anhtupham99/miniforge3/envs/nba/lib/python3.11/site-packages/airflow/example_dags/example_dataset_alias.py for tasks to queue
[2025-01-30T03:05:33.590+0800] {logging_mixin.py:190} INFO - [2025-01-30T03:05:33.589+0800] {dagbag.py:588} INFO - Filling up the DagBag from /home/anhtupham99/miniforge3/envs/nba/lib/python3.11/site-packages/airflow/example_dags/example_dataset_alias.py
[2025-01-30T03:05:33.892+0800] {processor.py:925} INFO - DAG(s) 'dataset_s3_bucket_producer', 'dataset_alias_example_alias_consumer', 'dataset_s3_bucket_consumer', 'dataset_alias_example_alias_producer' retrieved from /home/anhtupham99/miniforge3/envs/nba/lib/python3.11/site-packages/airflow/example_dags/example_dataset_alias.py
[2025-01-30T03:05:33.903+0800] {logging_mixin.py:190} INFO - [2025-01-30T03:05:33.903+0800] {dag.py:3239} INFO - Sync 4 DAGs
[2025-01-30T03:05:33.915+0800] {logging_mixin.py:190} INFO - [2025-01-30T03:05:33.915+0800] {dag.py:4180} INFO - Setting next_dagrun for dataset_alias_example_alias_consumer to None, run_after=None
[2025-01-30T03:05:33.916+0800] {logging_mixin.py:190} INFO - [2025-01-30T03:05:33.916+0800] {dag.py:4180} INFO - Setting next_dagrun for dataset_alias_example_alias_producer to None, run_after=None
[2025-01-30T03:05:33.917+0800] {logging_mixin.py:190} INFO - [2025-01-30T03:05:33.917+0800] {dag.py:4180} INFO - Setting next_dagrun for dataset_s3_bucket_consumer to None, run_after=None
[2025-01-30T03:05:33.918+0800] {logging_mixin.py:190} INFO - [2025-01-30T03:05:33.917+0800] {dag.py:4180} INFO - Setting next_dagrun for dataset_s3_bucket_producer to None, run_after=None
[2025-01-30T03:05:33.941+0800] {processor.py:208} INFO - Processing /home/anhtupham99/miniforge3/envs/nba/lib/python3.11/site-packages/airflow/example_dags/example_dataset_alias.py took 0.359 seconds
[2025-01-30T03:06:20.024+0800] {processor.py:186} INFO - Started process (PID=25504) to work on /home/anhtupham99/miniforge3/envs/nba/lib/python3.11/site-packages/airflow/example_dags/example_dataset_alias.py
[2025-01-30T03:06:20.025+0800] {processor.py:914} INFO - Processing file /home/anhtupham99/miniforge3/envs/nba/lib/python3.11/site-packages/airflow/example_dags/example_dataset_alias.py for tasks to queue
[2025-01-30T03:06:20.027+0800] {logging_mixin.py:190} INFO - [2025-01-30T03:06:20.027+0800] {dagbag.py:588} INFO - Filling up the DagBag from /home/anhtupham99/miniforge3/envs/nba/lib/python3.11/site-packages/airflow/example_dags/example_dataset_alias.py
[2025-01-30T03:06:20.318+0800] {processor.py:925} INFO - DAG(s) 'dataset_alias_example_alias_producer', 'dataset_alias_example_alias_consumer', 'dataset_s3_bucket_producer', 'dataset_s3_bucket_consumer' retrieved from /home/anhtupham99/miniforge3/envs/nba/lib/python3.11/site-packages/airflow/example_dags/example_dataset_alias.py
[2025-01-30T03:06:20.329+0800] {logging_mixin.py:190} INFO - [2025-01-30T03:06:20.329+0800] {dag.py:3239} INFO - Sync 4 DAGs
[2025-01-30T03:06:20.339+0800] {logging_mixin.py:190} INFO - [2025-01-30T03:06:20.339+0800] {dag.py:4180} INFO - Setting next_dagrun for dataset_alias_example_alias_consumer to None, run_after=None
[2025-01-30T03:06:20.342+0800] {logging_mixin.py:190} INFO - [2025-01-30T03:06:20.342+0800] {dag.py:4180} INFO - Setting next_dagrun for dataset_alias_example_alias_producer to None, run_after=None
[2025-01-30T03:06:20.342+0800] {logging_mixin.py:190} INFO - [2025-01-30T03:06:20.342+0800] {dag.py:4180} INFO - Setting next_dagrun for dataset_s3_bucket_consumer to None, run_after=None
[2025-01-30T03:06:20.343+0800] {logging_mixin.py:190} INFO - [2025-01-30T03:06:20.343+0800] {dag.py:4180} INFO - Setting next_dagrun for dataset_s3_bucket_producer to None, run_after=None
[2025-01-30T03:06:20.366+0800] {processor.py:208} INFO - Processing /home/anhtupham99/miniforge3/envs/nba/lib/python3.11/site-packages/airflow/example_dags/example_dataset_alias.py took 0.347 seconds
[2025-01-30T03:07:11.469+0800] {processor.py:186} INFO - Started process (PID=25837) to work on /home/anhtupham99/miniforge3/envs/nba/lib/python3.11/site-packages/airflow/example_dags/example_dataset_alias.py
[2025-01-30T03:07:11.470+0800] {processor.py:914} INFO - Processing file /home/anhtupham99/miniforge3/envs/nba/lib/python3.11/site-packages/airflow/example_dags/example_dataset_alias.py for tasks to queue
[2025-01-30T03:07:11.472+0800] {logging_mixin.py:190} INFO - [2025-01-30T03:07:11.472+0800] {dagbag.py:588} INFO - Filling up the DagBag from /home/anhtupham99/miniforge3/envs/nba/lib/python3.11/site-packages/airflow/example_dags/example_dataset_alias.py
[2025-01-30T03:07:11.792+0800] {processor.py:925} INFO - DAG(s) 'dataset_alias_example_alias_producer', 'dataset_s3_bucket_producer', 'dataset_s3_bucket_consumer', 'dataset_alias_example_alias_consumer' retrieved from /home/anhtupham99/miniforge3/envs/nba/lib/python3.11/site-packages/airflow/example_dags/example_dataset_alias.py
[2025-01-30T03:07:11.805+0800] {logging_mixin.py:190} INFO - [2025-01-30T03:07:11.805+0800] {dag.py:3239} INFO - Sync 4 DAGs
[2025-01-30T03:07:11.818+0800] {logging_mixin.py:190} INFO - [2025-01-30T03:07:11.818+0800] {dag.py:4180} INFO - Setting next_dagrun for dataset_alias_example_alias_consumer to None, run_after=None
[2025-01-30T03:07:11.820+0800] {logging_mixin.py:190} INFO - [2025-01-30T03:07:11.820+0800] {dag.py:4180} INFO - Setting next_dagrun for dataset_alias_example_alias_producer to None, run_after=None
[2025-01-30T03:07:11.820+0800] {logging_mixin.py:190} INFO - [2025-01-30T03:07:11.820+0800] {dag.py:4180} INFO - Setting next_dagrun for dataset_s3_bucket_consumer to None, run_after=None
[2025-01-30T03:07:11.821+0800] {logging_mixin.py:190} INFO - [2025-01-30T03:07:11.821+0800] {dag.py:4180} INFO - Setting next_dagrun for dataset_s3_bucket_producer to None, run_after=None
[2025-01-30T03:07:11.843+0800] {processor.py:208} INFO - Processing /home/anhtupham99/miniforge3/envs/nba/lib/python3.11/site-packages/airflow/example_dags/example_dataset_alias.py took 0.379 seconds
[2025-01-30T03:08:02.207+0800] {processor.py:186} INFO - Started process (PID=26121) to work on /home/anhtupham99/miniforge3/envs/nba/lib/python3.11/site-packages/airflow/example_dags/example_dataset_alias.py
[2025-01-30T03:08:02.208+0800] {processor.py:914} INFO - Processing file /home/anhtupham99/miniforge3/envs/nba/lib/python3.11/site-packages/airflow/example_dags/example_dataset_alias.py for tasks to queue
[2025-01-30T03:08:02.210+0800] {logging_mixin.py:190} INFO - [2025-01-30T03:08:02.209+0800] {dagbag.py:588} INFO - Filling up the DagBag from /home/anhtupham99/miniforge3/envs/nba/lib/python3.11/site-packages/airflow/example_dags/example_dataset_alias.py
[2025-01-30T03:08:02.531+0800] {processor.py:925} INFO - DAG(s) 'dataset_s3_bucket_producer', 'dataset_s3_bucket_consumer', 'dataset_alias_example_alias_consumer', 'dataset_alias_example_alias_producer' retrieved from /home/anhtupham99/miniforge3/envs/nba/lib/python3.11/site-packages/airflow/example_dags/example_dataset_alias.py
[2025-01-30T03:08:02.542+0800] {logging_mixin.py:190} INFO - [2025-01-30T03:08:02.541+0800] {dag.py:3239} INFO - Sync 4 DAGs
[2025-01-30T03:08:02.555+0800] {logging_mixin.py:190} INFO - [2025-01-30T03:08:02.554+0800] {dag.py:4180} INFO - Setting next_dagrun for dataset_alias_example_alias_consumer to None, run_after=None
[2025-01-30T03:08:02.556+0800] {logging_mixin.py:190} INFO - [2025-01-30T03:08:02.556+0800] {dag.py:4180} INFO - Setting next_dagrun for dataset_alias_example_alias_producer to None, run_after=None
[2025-01-30T03:08:02.556+0800] {logging_mixin.py:190} INFO - [2025-01-30T03:08:02.556+0800] {dag.py:4180} INFO - Setting next_dagrun for dataset_s3_bucket_consumer to None, run_after=None
[2025-01-30T03:08:02.557+0800] {logging_mixin.py:190} INFO - [2025-01-30T03:08:02.557+0800] {dag.py:4180} INFO - Setting next_dagrun for dataset_s3_bucket_producer to None, run_after=None
[2025-01-30T03:08:02.582+0800] {processor.py:208} INFO - Processing /home/anhtupham99/miniforge3/envs/nba/lib/python3.11/site-packages/airflow/example_dags/example_dataset_alias.py took 0.379 seconds
[2025-01-30T03:08:48.753+0800] {processor.py:186} INFO - Started process (PID=26388) to work on /home/anhtupham99/miniforge3/envs/nba/lib/python3.11/site-packages/airflow/example_dags/example_dataset_alias.py
[2025-01-30T03:08:48.755+0800] {processor.py:914} INFO - Processing file /home/anhtupham99/miniforge3/envs/nba/lib/python3.11/site-packages/airflow/example_dags/example_dataset_alias.py for tasks to queue
[2025-01-30T03:08:48.757+0800] {logging_mixin.py:190} INFO - [2025-01-30T03:08:48.757+0800] {dagbag.py:588} INFO - Filling up the DagBag from /home/anhtupham99/miniforge3/envs/nba/lib/python3.11/site-packages/airflow/example_dags/example_dataset_alias.py
[2025-01-30T03:08:49.186+0800] {processor.py:925} INFO - DAG(s) 'dataset_s3_bucket_producer', 'dataset_alias_example_alias_producer', 'dataset_alias_example_alias_consumer', 'dataset_s3_bucket_consumer' retrieved from /home/anhtupham99/miniforge3/envs/nba/lib/python3.11/site-packages/airflow/example_dags/example_dataset_alias.py
[2025-01-30T03:08:49.201+0800] {logging_mixin.py:190} INFO - [2025-01-30T03:08:49.200+0800] {dag.py:3239} INFO - Sync 4 DAGs
[2025-01-30T03:08:49.222+0800] {logging_mixin.py:190} INFO - [2025-01-30T03:08:49.222+0800] {dag.py:4180} INFO - Setting next_dagrun for dataset_alias_example_alias_consumer to None, run_after=None
[2025-01-30T03:08:49.225+0800] {logging_mixin.py:190} INFO - [2025-01-30T03:08:49.225+0800] {dag.py:4180} INFO - Setting next_dagrun for dataset_alias_example_alias_producer to None, run_after=None
[2025-01-30T03:08:49.226+0800] {logging_mixin.py:190} INFO - [2025-01-30T03:08:49.226+0800] {dag.py:4180} INFO - Setting next_dagrun for dataset_s3_bucket_consumer to None, run_after=None
[2025-01-30T03:08:49.226+0800] {logging_mixin.py:190} INFO - [2025-01-30T03:08:49.226+0800] {dag.py:4180} INFO - Setting next_dagrun for dataset_s3_bucket_producer to None, run_after=None
[2025-01-30T03:08:49.255+0800] {processor.py:208} INFO - Processing /home/anhtupham99/miniforge3/envs/nba/lib/python3.11/site-packages/airflow/example_dags/example_dataset_alias.py took 0.507 seconds
[2025-01-30T03:09:36.907+0800] {processor.py:186} INFO - Started process (PID=26669) to work on /home/anhtupham99/miniforge3/envs/nba/lib/python3.11/site-packages/airflow/example_dags/example_dataset_alias.py
[2025-01-30T03:09:36.908+0800] {processor.py:914} INFO - Processing file /home/anhtupham99/miniforge3/envs/nba/lib/python3.11/site-packages/airflow/example_dags/example_dataset_alias.py for tasks to queue
[2025-01-30T03:09:36.911+0800] {logging_mixin.py:190} INFO - [2025-01-30T03:09:36.910+0800] {dagbag.py:588} INFO - Filling up the DagBag from /home/anhtupham99/miniforge3/envs/nba/lib/python3.11/site-packages/airflow/example_dags/example_dataset_alias.py
[2025-01-30T03:09:37.288+0800] {processor.py:925} INFO - DAG(s) 'dataset_alias_example_alias_consumer', 'dataset_s3_bucket_producer', 'dataset_alias_example_alias_producer', 'dataset_s3_bucket_consumer' retrieved from /home/anhtupham99/miniforge3/envs/nba/lib/python3.11/site-packages/airflow/example_dags/example_dataset_alias.py
[2025-01-30T03:09:37.304+0800] {logging_mixin.py:190} INFO - [2025-01-30T03:09:37.304+0800] {dag.py:3239} INFO - Sync 4 DAGs
[2025-01-30T03:09:37.319+0800] {logging_mixin.py:190} INFO - [2025-01-30T03:09:37.319+0800] {dag.py:4180} INFO - Setting next_dagrun for dataset_alias_example_alias_consumer to None, run_after=None
[2025-01-30T03:09:37.321+0800] {logging_mixin.py:190} INFO - [2025-01-30T03:09:37.321+0800] {dag.py:4180} INFO - Setting next_dagrun for dataset_alias_example_alias_producer to None, run_after=None
[2025-01-30T03:09:37.322+0800] {logging_mixin.py:190} INFO - [2025-01-30T03:09:37.322+0800] {dag.py:4180} INFO - Setting next_dagrun for dataset_s3_bucket_consumer to None, run_after=None
[2025-01-30T03:09:37.323+0800] {logging_mixin.py:190} INFO - [2025-01-30T03:09:37.323+0800] {dag.py:4180} INFO - Setting next_dagrun for dataset_s3_bucket_producer to None, run_after=None
[2025-01-30T03:09:37.377+0800] {processor.py:208} INFO - Processing /home/anhtupham99/miniforge3/envs/nba/lib/python3.11/site-packages/airflow/example_dags/example_dataset_alias.py took 0.476 seconds
[2025-01-30T06:11:32.928+0800] {processor.py:186} INFO - Started process (PID=26887) to work on /home/anhtupham99/miniforge3/envs/nba/lib/python3.11/site-packages/airflow/example_dags/example_dataset_alias.py
[2025-01-30T06:11:32.930+0800] {processor.py:914} INFO - Processing file /home/anhtupham99/miniforge3/envs/nba/lib/python3.11/site-packages/airflow/example_dags/example_dataset_alias.py for tasks to queue
[2025-01-30T06:11:32.932+0800] {logging_mixin.py:190} INFO - [2025-01-30T06:11:32.932+0800] {dagbag.py:588} INFO - Filling up the DagBag from /home/anhtupham99/miniforge3/envs/nba/lib/python3.11/site-packages/airflow/example_dags/example_dataset_alias.py
[2025-01-30T06:11:33.272+0800] {processor.py:925} INFO - DAG(s) 'dataset_alias_example_alias_consumer', 'dataset_s3_bucket_producer', 'dataset_alias_example_alias_producer', 'dataset_s3_bucket_consumer' retrieved from /home/anhtupham99/miniforge3/envs/nba/lib/python3.11/site-packages/airflow/example_dags/example_dataset_alias.py
[2025-01-30T06:11:33.283+0800] {logging_mixin.py:190} INFO - [2025-01-30T06:11:33.283+0800] {dag.py:3239} INFO - Sync 4 DAGs
[2025-01-30T06:11:33.295+0800] {logging_mixin.py:190} INFO - [2025-01-30T06:11:33.295+0800] {dag.py:4180} INFO - Setting next_dagrun for dataset_alias_example_alias_consumer to None, run_after=None
[2025-01-30T06:11:33.297+0800] {logging_mixin.py:190} INFO - [2025-01-30T06:11:33.297+0800] {dag.py:4180} INFO - Setting next_dagrun for dataset_alias_example_alias_producer to None, run_after=None
[2025-01-30T06:11:33.297+0800] {logging_mixin.py:190} INFO - [2025-01-30T06:11:33.297+0800] {dag.py:4180} INFO - Setting next_dagrun for dataset_s3_bucket_consumer to None, run_after=None
[2025-01-30T06:11:33.298+0800] {logging_mixin.py:190} INFO - [2025-01-30T06:11:33.298+0800] {dag.py:4180} INFO - Setting next_dagrun for dataset_s3_bucket_producer to None, run_after=None
[2025-01-30T06:11:33.326+0800] {processor.py:208} INFO - Processing /home/anhtupham99/miniforge3/envs/nba/lib/python3.11/site-packages/airflow/example_dags/example_dataset_alias.py took 0.408 seconds
[2025-01-30T06:12:25.185+0800] {processor.py:186} INFO - Started process (PID=27187) to work on /home/anhtupham99/miniforge3/envs/nba/lib/python3.11/site-packages/airflow/example_dags/example_dataset_alias.py
[2025-01-30T06:12:25.188+0800] {processor.py:914} INFO - Processing file /home/anhtupham99/miniforge3/envs/nba/lib/python3.11/site-packages/airflow/example_dags/example_dataset_alias.py for tasks to queue
[2025-01-30T06:12:25.191+0800] {logging_mixin.py:190} INFO - [2025-01-30T06:12:25.191+0800] {dagbag.py:588} INFO - Filling up the DagBag from /home/anhtupham99/miniforge3/envs/nba/lib/python3.11/site-packages/airflow/example_dags/example_dataset_alias.py
[2025-01-30T06:12:25.676+0800] {processor.py:925} INFO - DAG(s) 'dataset_alias_example_alias_consumer', 'dataset_s3_bucket_consumer', 'dataset_s3_bucket_producer', 'dataset_alias_example_alias_producer' retrieved from /home/anhtupham99/miniforge3/envs/nba/lib/python3.11/site-packages/airflow/example_dags/example_dataset_alias.py
[2025-01-30T06:12:25.692+0800] {logging_mixin.py:190} INFO - [2025-01-30T06:12:25.691+0800] {dag.py:3239} INFO - Sync 4 DAGs
[2025-01-30T06:12:25.708+0800] {logging_mixin.py:190} INFO - [2025-01-30T06:12:25.708+0800] {dag.py:4180} INFO - Setting next_dagrun for dataset_alias_example_alias_consumer to None, run_after=None
[2025-01-30T06:12:25.711+0800] {logging_mixin.py:190} INFO - [2025-01-30T06:12:25.711+0800] {dag.py:4180} INFO - Setting next_dagrun for dataset_alias_example_alias_producer to None, run_after=None
[2025-01-30T06:12:25.712+0800] {logging_mixin.py:190} INFO - [2025-01-30T06:12:25.712+0800] {dag.py:4180} INFO - Setting next_dagrun for dataset_s3_bucket_consumer to None, run_after=None
[2025-01-30T06:12:25.713+0800] {logging_mixin.py:190} INFO - [2025-01-30T06:12:25.713+0800] {dag.py:4180} INFO - Setting next_dagrun for dataset_s3_bucket_producer to None, run_after=None
[2025-01-30T06:12:25.751+0800] {processor.py:208} INFO - Processing /home/anhtupham99/miniforge3/envs/nba/lib/python3.11/site-packages/airflow/example_dags/example_dataset_alias.py took 0.577 seconds
[2025-01-30T06:13:13.546+0800] {processor.py:186} INFO - Started process (PID=27507) to work on /home/anhtupham99/miniforge3/envs/nba/lib/python3.11/site-packages/airflow/example_dags/example_dataset_alias.py
[2025-01-30T06:13:13.550+0800] {processor.py:914} INFO - Processing file /home/anhtupham99/miniforge3/envs/nba/lib/python3.11/site-packages/airflow/example_dags/example_dataset_alias.py for tasks to queue
[2025-01-30T06:13:13.552+0800] {logging_mixin.py:190} INFO - [2025-01-30T06:13:13.551+0800] {dagbag.py:588} INFO - Filling up the DagBag from /home/anhtupham99/miniforge3/envs/nba/lib/python3.11/site-packages/airflow/example_dags/example_dataset_alias.py
[2025-01-30T06:13:13.862+0800] {processor.py:925} INFO - DAG(s) 'dataset_alias_example_alias_producer', 'dataset_s3_bucket_consumer', 'dataset_alias_example_alias_consumer', 'dataset_s3_bucket_producer' retrieved from /home/anhtupham99/miniforge3/envs/nba/lib/python3.11/site-packages/airflow/example_dags/example_dataset_alias.py
[2025-01-30T06:13:13.874+0800] {logging_mixin.py:190} INFO - [2025-01-30T06:13:13.874+0800] {dag.py:3239} INFO - Sync 4 DAGs
[2025-01-30T06:13:13.884+0800] {logging_mixin.py:190} INFO - [2025-01-30T06:13:13.884+0800] {dag.py:4180} INFO - Setting next_dagrun for dataset_alias_example_alias_consumer to None, run_after=None
[2025-01-30T06:13:13.885+0800] {logging_mixin.py:190} INFO - [2025-01-30T06:13:13.885+0800] {dag.py:4180} INFO - Setting next_dagrun for dataset_alias_example_alias_producer to None, run_after=None
[2025-01-30T06:13:13.886+0800] {logging_mixin.py:190} INFO - [2025-01-30T06:13:13.886+0800] {dag.py:4180} INFO - Setting next_dagrun for dataset_s3_bucket_consumer to None, run_after=None
[2025-01-30T06:13:13.886+0800] {logging_mixin.py:190} INFO - [2025-01-30T06:13:13.886+0800] {dag.py:4180} INFO - Setting next_dagrun for dataset_s3_bucket_producer to None, run_after=None
[2025-01-30T06:13:13.912+0800] {processor.py:208} INFO - Processing /home/anhtupham99/miniforge3/envs/nba/lib/python3.11/site-packages/airflow/example_dags/example_dataset_alias.py took 0.370 seconds
