[2025-01-30T02:34:57.164+0800] {processor.py:186} INFO - Started process (PID=14441) to work on /home/anhtupham99/miniforge3/envs/nba/lib/python3.11/site-packages/airflow/example_dags/example_task_group_decorator.py
[2025-01-30T02:34:57.165+0800] {processor.py:914} INFO - Processing file /home/anhtupham99/miniforge3/envs/nba/lib/python3.11/site-packages/airflow/example_dags/example_task_group_decorator.py for tasks to queue
[2025-01-30T02:34:57.169+0800] {logging_mixin.py:190} INFO - [2025-01-30T02:34:57.169+0800] {dagbag.py:588} INFO - Filling up the DagBag from /home/anhtupham99/miniforge3/envs/nba/lib/python3.11/site-packages/airflow/example_dags/example_task_group_decorator.py
[2025-01-30T02:34:57.193+0800] {processor.py:925} INFO - DAG(s) 'example_task_group_decorator' retrieved from /home/anhtupham99/miniforge3/envs/nba/lib/python3.11/site-packages/airflow/example_dags/example_task_group_decorator.py
[2025-01-30T02:34:57.288+0800] {logging_mixin.py:190} INFO - [2025-01-30T02:34:57.287+0800] {override.py:1911} INFO - Created Permission View: can delete on DAG:example_task_group_decorator
[2025-01-30T02:34:57.305+0800] {logging_mixin.py:190} INFO - [2025-01-30T02:34:57.304+0800] {override.py:1911} INFO - Created Permission View: can read on DAG:example_task_group_decorator
[2025-01-30T02:34:57.321+0800] {logging_mixin.py:190} INFO - [2025-01-30T02:34:57.320+0800] {override.py:1911} INFO - Created Permission View: can edit on DAG:example_task_group_decorator
[2025-01-30T02:34:57.356+0800] {logging_mixin.py:190} INFO - [2025-01-30T02:34:57.355+0800] {override.py:1911} INFO - Created Permission View: can delete on DAG Run:example_task_group_decorator
[2025-01-30T02:34:57.379+0800] {logging_mixin.py:190} INFO - [2025-01-30T02:34:57.379+0800] {override.py:1911} INFO - Created Permission View: can create on DAG Run:example_task_group_decorator
[2025-01-30T02:34:57.394+0800] {logging_mixin.py:190} INFO - [2025-01-30T02:34:57.394+0800] {override.py:1911} INFO - Created Permission View: menu access on DAG Run:example_task_group_decorator
[2025-01-30T02:34:57.408+0800] {logging_mixin.py:190} INFO - [2025-01-30T02:34:57.408+0800] {override.py:1911} INFO - Created Permission View: can read on DAG Run:example_task_group_decorator
[2025-01-30T02:34:57.409+0800] {logging_mixin.py:190} INFO - [2025-01-30T02:34:57.409+0800] {dag.py:3239} INFO - Sync 1 DAGs
[2025-01-30T02:34:57.417+0800] {logging_mixin.py:190} INFO - [2025-01-30T02:34:57.416+0800] {dag.py:3262} INFO - Creating ORM DAG for example_task_group_decorator
[2025-01-30T02:34:57.417+0800] {logging_mixin.py:190} INFO - [2025-01-30T02:34:57.417+0800] {dag.py:4180} INFO - Setting next_dagrun for example_task_group_decorator to None, run_after=None
[2025-01-30T02:34:57.443+0800] {processor.py:208} INFO - Processing /home/anhtupham99/miniforge3/envs/nba/lib/python3.11/site-packages/airflow/example_dags/example_task_group_decorator.py took 0.291 seconds
[2025-01-30T02:36:08.070+0800] {processor.py:186} INFO - Started process (PID=14876) to work on /home/anhtupham99/miniforge3/envs/nba/lib/python3.11/site-packages/airflow/example_dags/example_task_group_decorator.py
[2025-01-30T02:36:08.073+0800] {processor.py:914} INFO - Processing file /home/anhtupham99/miniforge3/envs/nba/lib/python3.11/site-packages/airflow/example_dags/example_task_group_decorator.py for tasks to queue
[2025-01-30T02:36:08.076+0800] {logging_mixin.py:190} INFO - [2025-01-30T02:36:08.076+0800] {dagbag.py:588} INFO - Filling up the DagBag from /home/anhtupham99/miniforge3/envs/nba/lib/python3.11/site-packages/airflow/example_dags/example_task_group_decorator.py
[2025-01-30T02:36:08.095+0800] {processor.py:925} INFO - DAG(s) 'example_task_group_decorator' retrieved from /home/anhtupham99/miniforge3/envs/nba/lib/python3.11/site-packages/airflow/example_dags/example_task_group_decorator.py
[2025-01-30T02:36:08.111+0800] {logging_mixin.py:190} INFO - [2025-01-30T02:36:08.111+0800] {dag.py:3239} INFO - Sync 1 DAGs
[2025-01-30T02:36:08.119+0800] {logging_mixin.py:190} INFO - [2025-01-30T02:36:08.119+0800] {dag.py:4180} INFO - Setting next_dagrun for example_task_group_decorator to None, run_after=None
[2025-01-30T02:36:08.155+0800] {processor.py:208} INFO - Processing /home/anhtupham99/miniforge3/envs/nba/lib/python3.11/site-packages/airflow/example_dags/example_task_group_decorator.py took 0.101 seconds
[2025-01-30T02:48:06.179+0800] {processor.py:186} INFO - Started process (PID=19039) to work on /home/anhtupham99/miniforge3/envs/nba/lib/python3.11/site-packages/airflow/example_dags/example_task_group_decorator.py
[2025-01-30T02:48:06.182+0800] {processor.py:914} INFO - Processing file /home/anhtupham99/miniforge3/envs/nba/lib/python3.11/site-packages/airflow/example_dags/example_task_group_decorator.py for tasks to queue
[2025-01-30T02:48:06.186+0800] {logging_mixin.py:190} INFO - [2025-01-30T02:48:06.185+0800] {dagbag.py:588} INFO - Filling up the DagBag from /home/anhtupham99/miniforge3/envs/nba/lib/python3.11/site-packages/airflow/example_dags/example_task_group_decorator.py
[2025-01-30T02:48:06.205+0800] {processor.py:925} INFO - DAG(s) 'example_task_group_decorator' retrieved from /home/anhtupham99/miniforge3/envs/nba/lib/python3.11/site-packages/airflow/example_dags/example_task_group_decorator.py
[2025-01-30T02:48:06.219+0800] {logging_mixin.py:190} INFO - [2025-01-30T02:48:06.219+0800] {dag.py:3239} INFO - Sync 1 DAGs
[2025-01-30T02:48:06.229+0800] {logging_mixin.py:190} INFO - [2025-01-30T02:48:06.229+0800] {dag.py:4180} INFO - Setting next_dagrun for example_task_group_decorator to None, run_after=None
[2025-01-30T02:48:06.258+0800] {processor.py:208} INFO - Processing /home/anhtupham99/miniforge3/envs/nba/lib/python3.11/site-packages/airflow/example_dags/example_task_group_decorator.py took 0.091 seconds
[2025-01-30T02:49:03.232+0800] {processor.py:186} INFO - Started process (PID=19390) to work on /home/anhtupham99/miniforge3/envs/nba/lib/python3.11/site-packages/airflow/example_dags/example_task_group_decorator.py
[2025-01-30T02:49:03.236+0800] {processor.py:914} INFO - Processing file /home/anhtupham99/miniforge3/envs/nba/lib/python3.11/site-packages/airflow/example_dags/example_task_group_decorator.py for tasks to queue
[2025-01-30T02:49:03.240+0800] {logging_mixin.py:190} INFO - [2025-01-30T02:49:03.239+0800] {dagbag.py:588} INFO - Filling up the DagBag from /home/anhtupham99/miniforge3/envs/nba/lib/python3.11/site-packages/airflow/example_dags/example_task_group_decorator.py
[2025-01-30T02:49:03.255+0800] {processor.py:925} INFO - DAG(s) 'example_task_group_decorator' retrieved from /home/anhtupham99/miniforge3/envs/nba/lib/python3.11/site-packages/airflow/example_dags/example_task_group_decorator.py
[2025-01-30T02:49:03.268+0800] {logging_mixin.py:190} INFO - [2025-01-30T02:49:03.268+0800] {dag.py:3239} INFO - Sync 1 DAGs
[2025-01-30T02:49:03.276+0800] {logging_mixin.py:190} INFO - [2025-01-30T02:49:03.276+0800] {dag.py:4180} INFO - Setting next_dagrun for example_task_group_decorator to None, run_after=None
[2025-01-30T02:49:03.302+0800] {processor.py:208} INFO - Processing /home/anhtupham99/miniforge3/envs/nba/lib/python3.11/site-packages/airflow/example_dags/example_task_group_decorator.py took 0.077 seconds
[2025-01-30T02:49:54.685+0800] {processor.py:186} INFO - Started process (PID=19714) to work on /home/anhtupham99/miniforge3/envs/nba/lib/python3.11/site-packages/airflow/example_dags/example_task_group_decorator.py
[2025-01-30T02:49:54.688+0800] {processor.py:914} INFO - Processing file /home/anhtupham99/miniforge3/envs/nba/lib/python3.11/site-packages/airflow/example_dags/example_task_group_decorator.py for tasks to queue
[2025-01-30T02:49:54.694+0800] {logging_mixin.py:190} INFO - [2025-01-30T02:49:54.693+0800] {dagbag.py:588} INFO - Filling up the DagBag from /home/anhtupham99/miniforge3/envs/nba/lib/python3.11/site-packages/airflow/example_dags/example_task_group_decorator.py
[2025-01-30T02:49:54.722+0800] {processor.py:925} INFO - DAG(s) 'example_task_group_decorator' retrieved from /home/anhtupham99/miniforge3/envs/nba/lib/python3.11/site-packages/airflow/example_dags/example_task_group_decorator.py
[2025-01-30T02:49:54.744+0800] {logging_mixin.py:190} INFO - [2025-01-30T02:49:54.744+0800] {dag.py:3239} INFO - Sync 1 DAGs
[2025-01-30T02:49:54.752+0800] {logging_mixin.py:190} INFO - [2025-01-30T02:49:54.752+0800] {dag.py:4180} INFO - Setting next_dagrun for example_task_group_decorator to None, run_after=None
[2025-01-30T02:49:54.777+0800] {processor.py:208} INFO - Processing /home/anhtupham99/miniforge3/envs/nba/lib/python3.11/site-packages/airflow/example_dags/example_task_group_decorator.py took 0.104 seconds
[2025-01-30T02:50:48.342+0800] {processor.py:186} INFO - Started process (PID=20026) to work on /home/anhtupham99/miniforge3/envs/nba/lib/python3.11/site-packages/airflow/example_dags/example_task_group_decorator.py
[2025-01-30T02:50:48.348+0800] {processor.py:914} INFO - Processing file /home/anhtupham99/miniforge3/envs/nba/lib/python3.11/site-packages/airflow/example_dags/example_task_group_decorator.py for tasks to queue
[2025-01-30T02:50:48.353+0800] {logging_mixin.py:190} INFO - [2025-01-30T02:50:48.353+0800] {dagbag.py:588} INFO - Filling up the DagBag from /home/anhtupham99/miniforge3/envs/nba/lib/python3.11/site-packages/airflow/example_dags/example_task_group_decorator.py
[2025-01-30T02:50:48.372+0800] {processor.py:925} INFO - DAG(s) 'example_task_group_decorator' retrieved from /home/anhtupham99/miniforge3/envs/nba/lib/python3.11/site-packages/airflow/example_dags/example_task_group_decorator.py
[2025-01-30T02:50:48.390+0800] {logging_mixin.py:190} INFO - [2025-01-30T02:50:48.390+0800] {dag.py:3239} INFO - Sync 1 DAGs
[2025-01-30T02:50:48.397+0800] {logging_mixin.py:190} INFO - [2025-01-30T02:50:48.397+0800] {dag.py:4180} INFO - Setting next_dagrun for example_task_group_decorator to None, run_after=None
[2025-01-30T02:50:48.422+0800] {processor.py:208} INFO - Processing /home/anhtupham99/miniforge3/envs/nba/lib/python3.11/site-packages/airflow/example_dags/example_task_group_decorator.py took 0.095 seconds
[2025-01-30T02:51:44.347+0800] {processor.py:186} INFO - Started process (PID=20321) to work on /home/anhtupham99/miniforge3/envs/nba/lib/python3.11/site-packages/airflow/example_dags/example_task_group_decorator.py
[2025-01-30T02:51:44.349+0800] {processor.py:914} INFO - Processing file /home/anhtupham99/miniforge3/envs/nba/lib/python3.11/site-packages/airflow/example_dags/example_task_group_decorator.py for tasks to queue
[2025-01-30T02:51:44.355+0800] {logging_mixin.py:190} INFO - [2025-01-30T02:51:44.354+0800] {dagbag.py:588} INFO - Filling up the DagBag from /home/anhtupham99/miniforge3/envs/nba/lib/python3.11/site-packages/airflow/example_dags/example_task_group_decorator.py
[2025-01-30T02:51:44.380+0800] {processor.py:925} INFO - DAG(s) 'example_task_group_decorator' retrieved from /home/anhtupham99/miniforge3/envs/nba/lib/python3.11/site-packages/airflow/example_dags/example_task_group_decorator.py
[2025-01-30T02:51:44.392+0800] {logging_mixin.py:190} INFO - [2025-01-30T02:51:44.392+0800] {dag.py:3239} INFO - Sync 1 DAGs
[2025-01-30T02:51:44.401+0800] {logging_mixin.py:190} INFO - [2025-01-30T02:51:44.400+0800] {dag.py:4180} INFO - Setting next_dagrun for example_task_group_decorator to None, run_after=None
[2025-01-30T02:51:44.437+0800] {processor.py:208} INFO - Processing /home/anhtupham99/miniforge3/envs/nba/lib/python3.11/site-packages/airflow/example_dags/example_task_group_decorator.py took 0.095 seconds
[2025-01-30T02:52:37.793+0800] {processor.py:186} INFO - Started process (PID=20618) to work on /home/anhtupham99/miniforge3/envs/nba/lib/python3.11/site-packages/airflow/example_dags/example_task_group_decorator.py
[2025-01-30T02:52:37.796+0800] {processor.py:914} INFO - Processing file /home/anhtupham99/miniforge3/envs/nba/lib/python3.11/site-packages/airflow/example_dags/example_task_group_decorator.py for tasks to queue
[2025-01-30T02:52:37.802+0800] {logging_mixin.py:190} INFO - [2025-01-30T02:52:37.801+0800] {dagbag.py:588} INFO - Filling up the DagBag from /home/anhtupham99/miniforge3/envs/nba/lib/python3.11/site-packages/airflow/example_dags/example_task_group_decorator.py
[2025-01-30T02:52:37.839+0800] {processor.py:925} INFO - DAG(s) 'example_task_group_decorator' retrieved from /home/anhtupham99/miniforge3/envs/nba/lib/python3.11/site-packages/airflow/example_dags/example_task_group_decorator.py
[2025-01-30T02:52:37.860+0800] {logging_mixin.py:190} INFO - [2025-01-30T02:52:37.859+0800] {dag.py:3239} INFO - Sync 1 DAGs
[2025-01-30T02:52:37.868+0800] {logging_mixin.py:190} INFO - [2025-01-30T02:52:37.868+0800] {dag.py:4180} INFO - Setting next_dagrun for example_task_group_decorator to None, run_after=None
[2025-01-30T02:52:37.906+0800] {processor.py:208} INFO - Processing /home/anhtupham99/miniforge3/envs/nba/lib/python3.11/site-packages/airflow/example_dags/example_task_group_decorator.py took 0.125 seconds
[2025-01-30T02:53:30.231+0800] {processor.py:186} INFO - Started process (PID=20955) to work on /home/anhtupham99/miniforge3/envs/nba/lib/python3.11/site-packages/airflow/example_dags/example_task_group_decorator.py
[2025-01-30T02:53:30.233+0800] {processor.py:914} INFO - Processing file /home/anhtupham99/miniforge3/envs/nba/lib/python3.11/site-packages/airflow/example_dags/example_task_group_decorator.py for tasks to queue
[2025-01-30T02:53:30.234+0800] {logging_mixin.py:190} INFO - [2025-01-30T02:53:30.234+0800] {dagbag.py:588} INFO - Filling up the DagBag from /home/anhtupham99/miniforge3/envs/nba/lib/python3.11/site-packages/airflow/example_dags/example_task_group_decorator.py
[2025-01-30T02:53:30.245+0800] {processor.py:925} INFO - DAG(s) 'example_task_group_decorator' retrieved from /home/anhtupham99/miniforge3/envs/nba/lib/python3.11/site-packages/airflow/example_dags/example_task_group_decorator.py
[2025-01-30T02:53:30.258+0800] {logging_mixin.py:190} INFO - [2025-01-30T02:53:30.257+0800] {dag.py:3239} INFO - Sync 1 DAGs
[2025-01-30T02:53:30.265+0800] {logging_mixin.py:190} INFO - [2025-01-30T02:53:30.265+0800] {dag.py:4180} INFO - Setting next_dagrun for example_task_group_decorator to None, run_after=None
[2025-01-30T02:53:30.289+0800] {processor.py:208} INFO - Processing /home/anhtupham99/miniforge3/envs/nba/lib/python3.11/site-packages/airflow/example_dags/example_task_group_decorator.py took 0.062 seconds
[2025-01-30T02:54:21.805+0800] {processor.py:186} INFO - Started process (PID=21246) to work on /home/anhtupham99/miniforge3/envs/nba/lib/python3.11/site-packages/airflow/example_dags/example_task_group_decorator.py
[2025-01-30T02:54:21.806+0800] {processor.py:914} INFO - Processing file /home/anhtupham99/miniforge3/envs/nba/lib/python3.11/site-packages/airflow/example_dags/example_task_group_decorator.py for tasks to queue
[2025-01-30T02:54:21.807+0800] {logging_mixin.py:190} INFO - [2025-01-30T02:54:21.807+0800] {dagbag.py:588} INFO - Filling up the DagBag from /home/anhtupham99/miniforge3/envs/nba/lib/python3.11/site-packages/airflow/example_dags/example_task_group_decorator.py
[2025-01-30T02:54:21.819+0800] {processor.py:925} INFO - DAG(s) 'example_task_group_decorator' retrieved from /home/anhtupham99/miniforge3/envs/nba/lib/python3.11/site-packages/airflow/example_dags/example_task_group_decorator.py
[2025-01-30T02:54:21.832+0800] {logging_mixin.py:190} INFO - [2025-01-30T02:54:21.832+0800] {dag.py:3239} INFO - Sync 1 DAGs
[2025-01-30T02:54:21.840+0800] {logging_mixin.py:190} INFO - [2025-01-30T02:54:21.840+0800] {dag.py:4180} INFO - Setting next_dagrun for example_task_group_decorator to None, run_after=None
[2025-01-30T02:54:21.863+0800] {processor.py:208} INFO - Processing /home/anhtupham99/miniforge3/envs/nba/lib/python3.11/site-packages/airflow/example_dags/example_task_group_decorator.py took 0.062 seconds
[2025-01-30T02:55:09.048+0800] {processor.py:186} INFO - Started process (PID=21517) to work on /home/anhtupham99/miniforge3/envs/nba/lib/python3.11/site-packages/airflow/example_dags/example_task_group_decorator.py
[2025-01-30T02:55:09.049+0800] {processor.py:914} INFO - Processing file /home/anhtupham99/miniforge3/envs/nba/lib/python3.11/site-packages/airflow/example_dags/example_task_group_decorator.py for tasks to queue
[2025-01-30T02:55:09.051+0800] {logging_mixin.py:190} INFO - [2025-01-30T02:55:09.050+0800] {dagbag.py:588} INFO - Filling up the DagBag from /home/anhtupham99/miniforge3/envs/nba/lib/python3.11/site-packages/airflow/example_dags/example_task_group_decorator.py
[2025-01-30T02:55:09.063+0800] {processor.py:925} INFO - DAG(s) 'example_task_group_decorator' retrieved from /home/anhtupham99/miniforge3/envs/nba/lib/python3.11/site-packages/airflow/example_dags/example_task_group_decorator.py
[2025-01-30T02:55:09.077+0800] {logging_mixin.py:190} INFO - [2025-01-30T02:55:09.077+0800] {dag.py:3239} INFO - Sync 1 DAGs
[2025-01-30T02:55:09.087+0800] {logging_mixin.py:190} INFO - [2025-01-30T02:55:09.087+0800] {dag.py:4180} INFO - Setting next_dagrun for example_task_group_decorator to None, run_after=None
[2025-01-30T02:55:09.110+0800] {processor.py:208} INFO - Processing /home/anhtupham99/miniforge3/envs/nba/lib/python3.11/site-packages/airflow/example_dags/example_task_group_decorator.py took 0.067 seconds
[2025-01-30T02:55:57.664+0800] {processor.py:186} INFO - Started process (PID=21815) to work on /home/anhtupham99/miniforge3/envs/nba/lib/python3.11/site-packages/airflow/example_dags/example_task_group_decorator.py
[2025-01-30T02:55:57.666+0800] {processor.py:914} INFO - Processing file /home/anhtupham99/miniforge3/envs/nba/lib/python3.11/site-packages/airflow/example_dags/example_task_group_decorator.py for tasks to queue
[2025-01-30T02:55:57.667+0800] {logging_mixin.py:190} INFO - [2025-01-30T02:55:57.667+0800] {dagbag.py:588} INFO - Filling up the DagBag from /home/anhtupham99/miniforge3/envs/nba/lib/python3.11/site-packages/airflow/example_dags/example_task_group_decorator.py
[2025-01-30T02:55:57.678+0800] {processor.py:925} INFO - DAG(s) 'example_task_group_decorator' retrieved from /home/anhtupham99/miniforge3/envs/nba/lib/python3.11/site-packages/airflow/example_dags/example_task_group_decorator.py
[2025-01-30T02:55:57.690+0800] {logging_mixin.py:190} INFO - [2025-01-30T02:55:57.690+0800] {dag.py:3239} INFO - Sync 1 DAGs
[2025-01-30T02:55:57.698+0800] {logging_mixin.py:190} INFO - [2025-01-30T02:55:57.698+0800] {dag.py:4180} INFO - Setting next_dagrun for example_task_group_decorator to None, run_after=None
[2025-01-30T02:55:57.720+0800] {processor.py:208} INFO - Processing /home/anhtupham99/miniforge3/envs/nba/lib/python3.11/site-packages/airflow/example_dags/example_task_group_decorator.py took 0.060 seconds
[2025-01-30T02:56:43.584+0800] {processor.py:186} INFO - Started process (PID=22076) to work on /home/anhtupham99/miniforge3/envs/nba/lib/python3.11/site-packages/airflow/example_dags/example_task_group_decorator.py
[2025-01-30T02:56:43.586+0800] {processor.py:914} INFO - Processing file /home/anhtupham99/miniforge3/envs/nba/lib/python3.11/site-packages/airflow/example_dags/example_task_group_decorator.py for tasks to queue
[2025-01-30T02:56:43.587+0800] {logging_mixin.py:190} INFO - [2025-01-30T02:56:43.587+0800] {dagbag.py:588} INFO - Filling up the DagBag from /home/anhtupham99/miniforge3/envs/nba/lib/python3.11/site-packages/airflow/example_dags/example_task_group_decorator.py
[2025-01-30T02:56:43.598+0800] {processor.py:925} INFO - DAG(s) 'example_task_group_decorator' retrieved from /home/anhtupham99/miniforge3/envs/nba/lib/python3.11/site-packages/airflow/example_dags/example_task_group_decorator.py
[2025-01-30T02:56:43.610+0800] {logging_mixin.py:190} INFO - [2025-01-30T02:56:43.610+0800] {dag.py:3239} INFO - Sync 1 DAGs
[2025-01-30T02:56:43.618+0800] {logging_mixin.py:190} INFO - [2025-01-30T02:56:43.618+0800] {dag.py:4180} INFO - Setting next_dagrun for example_task_group_decorator to None, run_after=None
[2025-01-30T02:56:43.643+0800] {processor.py:208} INFO - Processing /home/anhtupham99/miniforge3/envs/nba/lib/python3.11/site-packages/airflow/example_dags/example_task_group_decorator.py took 0.063 seconds
[2025-01-30T02:57:30.793+0800] {processor.py:186} INFO - Started process (PID=22400) to work on /home/anhtupham99/miniforge3/envs/nba/lib/python3.11/site-packages/airflow/example_dags/example_task_group_decorator.py
[2025-01-30T02:57:30.795+0800] {processor.py:914} INFO - Processing file /home/anhtupham99/miniforge3/envs/nba/lib/python3.11/site-packages/airflow/example_dags/example_task_group_decorator.py for tasks to queue
[2025-01-30T02:57:30.796+0800] {logging_mixin.py:190} INFO - [2025-01-30T02:57:30.796+0800] {dagbag.py:588} INFO - Filling up the DagBag from /home/anhtupham99/miniforge3/envs/nba/lib/python3.11/site-packages/airflow/example_dags/example_task_group_decorator.py
[2025-01-30T02:57:30.807+0800] {processor.py:925} INFO - DAG(s) 'example_task_group_decorator' retrieved from /home/anhtupham99/miniforge3/envs/nba/lib/python3.11/site-packages/airflow/example_dags/example_task_group_decorator.py
[2025-01-30T02:57:30.820+0800] {logging_mixin.py:190} INFO - [2025-01-30T02:57:30.820+0800] {dag.py:3239} INFO - Sync 1 DAGs
[2025-01-30T02:57:30.827+0800] {logging_mixin.py:190} INFO - [2025-01-30T02:57:30.827+0800] {dag.py:4180} INFO - Setting next_dagrun for example_task_group_decorator to None, run_after=None
[2025-01-30T02:57:30.849+0800] {processor.py:208} INFO - Processing /home/anhtupham99/miniforge3/envs/nba/lib/python3.11/site-packages/airflow/example_dags/example_task_group_decorator.py took 0.061 seconds
[2025-01-30T02:58:19.597+0800] {processor.py:186} INFO - Started process (PID=22679) to work on /home/anhtupham99/miniforge3/envs/nba/lib/python3.11/site-packages/airflow/example_dags/example_task_group_decorator.py
[2025-01-30T02:58:19.599+0800] {processor.py:914} INFO - Processing file /home/anhtupham99/miniforge3/envs/nba/lib/python3.11/site-packages/airflow/example_dags/example_task_group_decorator.py for tasks to queue
[2025-01-30T02:58:19.600+0800] {logging_mixin.py:190} INFO - [2025-01-30T02:58:19.600+0800] {dagbag.py:588} INFO - Filling up the DagBag from /home/anhtupham99/miniforge3/envs/nba/lib/python3.11/site-packages/airflow/example_dags/example_task_group_decorator.py
[2025-01-30T02:58:19.611+0800] {processor.py:925} INFO - DAG(s) 'example_task_group_decorator' retrieved from /home/anhtupham99/miniforge3/envs/nba/lib/python3.11/site-packages/airflow/example_dags/example_task_group_decorator.py
[2025-01-30T02:58:19.623+0800] {logging_mixin.py:190} INFO - [2025-01-30T02:58:19.623+0800] {dag.py:3239} INFO - Sync 1 DAGs
[2025-01-30T02:58:19.631+0800] {logging_mixin.py:190} INFO - [2025-01-30T02:58:19.631+0800] {dag.py:4180} INFO - Setting next_dagrun for example_task_group_decorator to None, run_after=None
[2025-01-30T02:58:19.654+0800] {processor.py:208} INFO - Processing /home/anhtupham99/miniforge3/envs/nba/lib/python3.11/site-packages/airflow/example_dags/example_task_group_decorator.py took 0.061 seconds
[2025-01-30T02:59:11.355+0800] {processor.py:186} INFO - Started process (PID=22967) to work on /home/anhtupham99/miniforge3/envs/nba/lib/python3.11/site-packages/airflow/example_dags/example_task_group_decorator.py
[2025-01-30T02:59:11.357+0800] {processor.py:914} INFO - Processing file /home/anhtupham99/miniforge3/envs/nba/lib/python3.11/site-packages/airflow/example_dags/example_task_group_decorator.py for tasks to queue
[2025-01-30T02:59:11.358+0800] {logging_mixin.py:190} INFO - [2025-01-30T02:59:11.358+0800] {dagbag.py:588} INFO - Filling up the DagBag from /home/anhtupham99/miniforge3/envs/nba/lib/python3.11/site-packages/airflow/example_dags/example_task_group_decorator.py
[2025-01-30T02:59:11.369+0800] {processor.py:925} INFO - DAG(s) 'example_task_group_decorator' retrieved from /home/anhtupham99/miniforge3/envs/nba/lib/python3.11/site-packages/airflow/example_dags/example_task_group_decorator.py
[2025-01-30T02:59:11.381+0800] {logging_mixin.py:190} INFO - [2025-01-30T02:59:11.381+0800] {dag.py:3239} INFO - Sync 1 DAGs
[2025-01-30T02:59:11.389+0800] {logging_mixin.py:190} INFO - [2025-01-30T02:59:11.389+0800] {dag.py:4180} INFO - Setting next_dagrun for example_task_group_decorator to None, run_after=None
[2025-01-30T02:59:11.411+0800] {processor.py:208} INFO - Processing /home/anhtupham99/miniforge3/envs/nba/lib/python3.11/site-packages/airflow/example_dags/example_task_group_decorator.py took 0.060 seconds
[2025-01-30T03:00:02.294+0800] {processor.py:186} INFO - Started process (PID=23254) to work on /home/anhtupham99/miniforge3/envs/nba/lib/python3.11/site-packages/airflow/example_dags/example_task_group_decorator.py
[2025-01-30T03:00:02.294+0800] {processor.py:914} INFO - Processing file /home/anhtupham99/miniforge3/envs/nba/lib/python3.11/site-packages/airflow/example_dags/example_task_group_decorator.py for tasks to queue
[2025-01-30T03:00:02.296+0800] {logging_mixin.py:190} INFO - [2025-01-30T03:00:02.296+0800] {dagbag.py:588} INFO - Filling up the DagBag from /home/anhtupham99/miniforge3/envs/nba/lib/python3.11/site-packages/airflow/example_dags/example_task_group_decorator.py
[2025-01-30T03:00:02.306+0800] {processor.py:925} INFO - DAG(s) 'example_task_group_decorator' retrieved from /home/anhtupham99/miniforge3/envs/nba/lib/python3.11/site-packages/airflow/example_dags/example_task_group_decorator.py
[2025-01-30T03:00:02.318+0800] {logging_mixin.py:190} INFO - [2025-01-30T03:00:02.318+0800] {dag.py:3239} INFO - Sync 1 DAGs
[2025-01-30T03:00:02.326+0800] {logging_mixin.py:190} INFO - [2025-01-30T03:00:02.325+0800] {dag.py:4180} INFO - Setting next_dagrun for example_task_group_decorator to None, run_after=None
[2025-01-30T03:00:02.348+0800] {processor.py:208} INFO - Processing /home/anhtupham99/miniforge3/envs/nba/lib/python3.11/site-packages/airflow/example_dags/example_task_group_decorator.py took 0.059 seconds
[2025-01-30T03:00:52.763+0800] {processor.py:186} INFO - Started process (PID=23563) to work on /home/anhtupham99/miniforge3/envs/nba/lib/python3.11/site-packages/airflow/example_dags/example_task_group_decorator.py
[2025-01-30T03:00:52.764+0800] {processor.py:914} INFO - Processing file /home/anhtupham99/miniforge3/envs/nba/lib/python3.11/site-packages/airflow/example_dags/example_task_group_decorator.py for tasks to queue
[2025-01-30T03:00:52.766+0800] {logging_mixin.py:190} INFO - [2025-01-30T03:00:52.765+0800] {dagbag.py:588} INFO - Filling up the DagBag from /home/anhtupham99/miniforge3/envs/nba/lib/python3.11/site-packages/airflow/example_dags/example_task_group_decorator.py
[2025-01-30T03:00:52.776+0800] {processor.py:925} INFO - DAG(s) 'example_task_group_decorator' retrieved from /home/anhtupham99/miniforge3/envs/nba/lib/python3.11/site-packages/airflow/example_dags/example_task_group_decorator.py
[2025-01-30T03:00:52.788+0800] {logging_mixin.py:190} INFO - [2025-01-30T03:00:52.788+0800] {dag.py:3239} INFO - Sync 1 DAGs
[2025-01-30T03:00:52.796+0800] {logging_mixin.py:190} INFO - [2025-01-30T03:00:52.796+0800] {dag.py:4180} INFO - Setting next_dagrun for example_task_group_decorator to None, run_after=None
[2025-01-30T03:00:52.819+0800] {processor.py:208} INFO - Processing /home/anhtupham99/miniforge3/envs/nba/lib/python3.11/site-packages/airflow/example_dags/example_task_group_decorator.py took 0.060 seconds
[2025-01-30T03:01:39.357+0800] {processor.py:186} INFO - Started process (PID=23825) to work on /home/anhtupham99/miniforge3/envs/nba/lib/python3.11/site-packages/airflow/example_dags/example_task_group_decorator.py
[2025-01-30T03:01:39.358+0800] {processor.py:914} INFO - Processing file /home/anhtupham99/miniforge3/envs/nba/lib/python3.11/site-packages/airflow/example_dags/example_task_group_decorator.py for tasks to queue
[2025-01-30T03:01:39.360+0800] {logging_mixin.py:190} INFO - [2025-01-30T03:01:39.360+0800] {dagbag.py:588} INFO - Filling up the DagBag from /home/anhtupham99/miniforge3/envs/nba/lib/python3.11/site-packages/airflow/example_dags/example_task_group_decorator.py
[2025-01-30T03:01:39.370+0800] {processor.py:925} INFO - DAG(s) 'example_task_group_decorator' retrieved from /home/anhtupham99/miniforge3/envs/nba/lib/python3.11/site-packages/airflow/example_dags/example_task_group_decorator.py
[2025-01-30T03:01:39.383+0800] {logging_mixin.py:190} INFO - [2025-01-30T03:01:39.383+0800] {dag.py:3239} INFO - Sync 1 DAGs
[2025-01-30T03:01:39.391+0800] {logging_mixin.py:190} INFO - [2025-01-30T03:01:39.391+0800] {dag.py:4180} INFO - Setting next_dagrun for example_task_group_decorator to None, run_after=None
[2025-01-30T03:01:39.413+0800] {processor.py:208} INFO - Processing /home/anhtupham99/miniforge3/envs/nba/lib/python3.11/site-packages/airflow/example_dags/example_task_group_decorator.py took 0.061 seconds
[2025-01-30T03:02:24.934+0800] {processor.py:186} INFO - Started process (PID=24130) to work on /home/anhtupham99/miniforge3/envs/nba/lib/python3.11/site-packages/airflow/example_dags/example_task_group_decorator.py
[2025-01-30T03:02:24.935+0800] {processor.py:914} INFO - Processing file /home/anhtupham99/miniforge3/envs/nba/lib/python3.11/site-packages/airflow/example_dags/example_task_group_decorator.py for tasks to queue
[2025-01-30T03:02:24.937+0800] {logging_mixin.py:190} INFO - [2025-01-30T03:02:24.936+0800] {dagbag.py:588} INFO - Filling up the DagBag from /home/anhtupham99/miniforge3/envs/nba/lib/python3.11/site-packages/airflow/example_dags/example_task_group_decorator.py
[2025-01-30T03:02:24.947+0800] {processor.py:925} INFO - DAG(s) 'example_task_group_decorator' retrieved from /home/anhtupham99/miniforge3/envs/nba/lib/python3.11/site-packages/airflow/example_dags/example_task_group_decorator.py
[2025-01-30T03:02:24.960+0800] {logging_mixin.py:190} INFO - [2025-01-30T03:02:24.960+0800] {dag.py:3239} INFO - Sync 1 DAGs
[2025-01-30T03:02:24.969+0800] {logging_mixin.py:190} INFO - [2025-01-30T03:02:24.969+0800] {dag.py:4180} INFO - Setting next_dagrun for example_task_group_decorator to None, run_after=None
[2025-01-30T03:02:24.994+0800] {processor.py:208} INFO - Processing /home/anhtupham99/miniforge3/envs/nba/lib/python3.11/site-packages/airflow/example_dags/example_task_group_decorator.py took 0.064 seconds
[2025-01-30T03:03:12.314+0800] {processor.py:186} INFO - Started process (PID=24397) to work on /home/anhtupham99/miniforge3/envs/nba/lib/python3.11/site-packages/airflow/example_dags/example_task_group_decorator.py
[2025-01-30T03:03:12.315+0800] {processor.py:914} INFO - Processing file /home/anhtupham99/miniforge3/envs/nba/lib/python3.11/site-packages/airflow/example_dags/example_task_group_decorator.py for tasks to queue
[2025-01-30T03:03:12.317+0800] {logging_mixin.py:190} INFO - [2025-01-30T03:03:12.317+0800] {dagbag.py:588} INFO - Filling up the DagBag from /home/anhtupham99/miniforge3/envs/nba/lib/python3.11/site-packages/airflow/example_dags/example_task_group_decorator.py
[2025-01-30T03:03:12.328+0800] {processor.py:925} INFO - DAG(s) 'example_task_group_decorator' retrieved from /home/anhtupham99/miniforge3/envs/nba/lib/python3.11/site-packages/airflow/example_dags/example_task_group_decorator.py
[2025-01-30T03:03:12.341+0800] {logging_mixin.py:190} INFO - [2025-01-30T03:03:12.341+0800] {dag.py:3239} INFO - Sync 1 DAGs
[2025-01-30T03:03:12.349+0800] {logging_mixin.py:190} INFO - [2025-01-30T03:03:12.349+0800] {dag.py:4180} INFO - Setting next_dagrun for example_task_group_decorator to None, run_after=None
[2025-01-30T03:03:12.374+0800] {processor.py:208} INFO - Processing /home/anhtupham99/miniforge3/envs/nba/lib/python3.11/site-packages/airflow/example_dags/example_task_group_decorator.py took 0.064 seconds
[2025-01-30T03:04:00.231+0800] {processor.py:186} INFO - Started process (PID=24701) to work on /home/anhtupham99/miniforge3/envs/nba/lib/python3.11/site-packages/airflow/example_dags/example_task_group_decorator.py
[2025-01-30T03:04:00.234+0800] {processor.py:914} INFO - Processing file /home/anhtupham99/miniforge3/envs/nba/lib/python3.11/site-packages/airflow/example_dags/example_task_group_decorator.py for tasks to queue
[2025-01-30T03:04:00.235+0800] {logging_mixin.py:190} INFO - [2025-01-30T03:04:00.235+0800] {dagbag.py:588} INFO - Filling up the DagBag from /home/anhtupham99/miniforge3/envs/nba/lib/python3.11/site-packages/airflow/example_dags/example_task_group_decorator.py
[2025-01-30T03:04:00.246+0800] {processor.py:925} INFO - DAG(s) 'example_task_group_decorator' retrieved from /home/anhtupham99/miniforge3/envs/nba/lib/python3.11/site-packages/airflow/example_dags/example_task_group_decorator.py
[2025-01-30T03:04:00.258+0800] {logging_mixin.py:190} INFO - [2025-01-30T03:04:00.258+0800] {dag.py:3239} INFO - Sync 1 DAGs
[2025-01-30T03:04:00.266+0800] {logging_mixin.py:190} INFO - [2025-01-30T03:04:00.266+0800] {dag.py:4180} INFO - Setting next_dagrun for example_task_group_decorator to None, run_after=None
[2025-01-30T03:04:00.290+0800] {processor.py:208} INFO - Processing /home/anhtupham99/miniforge3/envs/nba/lib/python3.11/site-packages/airflow/example_dags/example_task_group_decorator.py took 0.064 seconds
[2025-01-30T03:04:50.252+0800] {processor.py:186} INFO - Started process (PID=24981) to work on /home/anhtupham99/miniforge3/envs/nba/lib/python3.11/site-packages/airflow/example_dags/example_task_group_decorator.py
[2025-01-30T03:04:50.255+0800] {processor.py:914} INFO - Processing file /home/anhtupham99/miniforge3/envs/nba/lib/python3.11/site-packages/airflow/example_dags/example_task_group_decorator.py for tasks to queue
[2025-01-30T03:04:50.257+0800] {logging_mixin.py:190} INFO - [2025-01-30T03:04:50.257+0800] {dagbag.py:588} INFO - Filling up the DagBag from /home/anhtupham99/miniforge3/envs/nba/lib/python3.11/site-packages/airflow/example_dags/example_task_group_decorator.py
[2025-01-30T03:04:50.267+0800] {processor.py:925} INFO - DAG(s) 'example_task_group_decorator' retrieved from /home/anhtupham99/miniforge3/envs/nba/lib/python3.11/site-packages/airflow/example_dags/example_task_group_decorator.py
[2025-01-30T03:04:50.279+0800] {logging_mixin.py:190} INFO - [2025-01-30T03:04:50.279+0800] {dag.py:3239} INFO - Sync 1 DAGs
[2025-01-30T03:04:50.287+0800] {logging_mixin.py:190} INFO - [2025-01-30T03:04:50.287+0800] {dag.py:4180} INFO - Setting next_dagrun for example_task_group_decorator to None, run_after=None
[2025-01-30T03:04:50.417+0800] {processor.py:208} INFO - Processing /home/anhtupham99/miniforge3/envs/nba/lib/python3.11/site-packages/airflow/example_dags/example_task_group_decorator.py took 0.170 seconds
[2025-01-30T03:05:41.613+0800] {processor.py:186} INFO - Started process (PID=25285) to work on /home/anhtupham99/miniforge3/envs/nba/lib/python3.11/site-packages/airflow/example_dags/example_task_group_decorator.py
[2025-01-30T03:05:41.616+0800] {processor.py:914} INFO - Processing file /home/anhtupham99/miniforge3/envs/nba/lib/python3.11/site-packages/airflow/example_dags/example_task_group_decorator.py for tasks to queue
[2025-01-30T03:05:41.618+0800] {logging_mixin.py:190} INFO - [2025-01-30T03:05:41.618+0800] {dagbag.py:588} INFO - Filling up the DagBag from /home/anhtupham99/miniforge3/envs/nba/lib/python3.11/site-packages/airflow/example_dags/example_task_group_decorator.py
[2025-01-30T03:05:41.628+0800] {processor.py:925} INFO - DAG(s) 'example_task_group_decorator' retrieved from /home/anhtupham99/miniforge3/envs/nba/lib/python3.11/site-packages/airflow/example_dags/example_task_group_decorator.py
[2025-01-30T03:05:41.640+0800] {logging_mixin.py:190} INFO - [2025-01-30T03:05:41.640+0800] {dag.py:3239} INFO - Sync 1 DAGs
[2025-01-30T03:05:41.648+0800] {logging_mixin.py:190} INFO - [2025-01-30T03:05:41.648+0800] {dag.py:4180} INFO - Setting next_dagrun for example_task_group_decorator to None, run_after=None
[2025-01-30T03:05:41.670+0800] {processor.py:208} INFO - Processing /home/anhtupham99/miniforge3/envs/nba/lib/python3.11/site-packages/airflow/example_dags/example_task_group_decorator.py took 0.061 seconds
[2025-01-30T03:06:29.036+0800] {processor.py:186} INFO - Started process (PID=25551) to work on /home/anhtupham99/miniforge3/envs/nba/lib/python3.11/site-packages/airflow/example_dags/example_task_group_decorator.py
[2025-01-30T03:06:29.038+0800] {processor.py:914} INFO - Processing file /home/anhtupham99/miniforge3/envs/nba/lib/python3.11/site-packages/airflow/example_dags/example_task_group_decorator.py for tasks to queue
[2025-01-30T03:06:29.039+0800] {logging_mixin.py:190} INFO - [2025-01-30T03:06:29.039+0800] {dagbag.py:588} INFO - Filling up the DagBag from /home/anhtupham99/miniforge3/envs/nba/lib/python3.11/site-packages/airflow/example_dags/example_task_group_decorator.py
[2025-01-30T03:06:29.050+0800] {processor.py:925} INFO - DAG(s) 'example_task_group_decorator' retrieved from /home/anhtupham99/miniforge3/envs/nba/lib/python3.11/site-packages/airflow/example_dags/example_task_group_decorator.py
[2025-01-30T03:06:29.062+0800] {logging_mixin.py:190} INFO - [2025-01-30T03:06:29.062+0800] {dag.py:3239} INFO - Sync 1 DAGs
[2025-01-30T03:06:29.070+0800] {logging_mixin.py:190} INFO - [2025-01-30T03:06:29.070+0800] {dag.py:4180} INFO - Setting next_dagrun for example_task_group_decorator to None, run_after=None
[2025-01-30T03:06:29.096+0800] {processor.py:208} INFO - Processing /home/anhtupham99/miniforge3/envs/nba/lib/python3.11/site-packages/airflow/example_dags/example_task_group_decorator.py took 0.064 seconds
[2025-01-30T03:07:20.665+0800] {processor.py:186} INFO - Started process (PID=25890) to work on /home/anhtupham99/miniforge3/envs/nba/lib/python3.11/site-packages/airflow/example_dags/example_task_group_decorator.py
[2025-01-30T03:07:20.667+0800] {processor.py:914} INFO - Processing file /home/anhtupham99/miniforge3/envs/nba/lib/python3.11/site-packages/airflow/example_dags/example_task_group_decorator.py for tasks to queue
[2025-01-30T03:07:20.669+0800] {logging_mixin.py:190} INFO - [2025-01-30T03:07:20.669+0800] {dagbag.py:588} INFO - Filling up the DagBag from /home/anhtupham99/miniforge3/envs/nba/lib/python3.11/site-packages/airflow/example_dags/example_task_group_decorator.py
[2025-01-30T03:07:20.682+0800] {processor.py:925} INFO - DAG(s) 'example_task_group_decorator' retrieved from /home/anhtupham99/miniforge3/envs/nba/lib/python3.11/site-packages/airflow/example_dags/example_task_group_decorator.py
[2025-01-30T03:07:20.697+0800] {logging_mixin.py:190} INFO - [2025-01-30T03:07:20.697+0800] {dag.py:3239} INFO - Sync 1 DAGs
[2025-01-30T03:07:20.707+0800] {logging_mixin.py:190} INFO - [2025-01-30T03:07:20.706+0800] {dag.py:4180} INFO - Setting next_dagrun for example_task_group_decorator to None, run_after=None
[2025-01-30T03:07:20.730+0800] {processor.py:208} INFO - Processing /home/anhtupham99/miniforge3/envs/nba/lib/python3.11/site-packages/airflow/example_dags/example_task_group_decorator.py took 0.070 seconds
[2025-01-30T03:08:09.736+0800] {processor.py:186} INFO - Started process (PID=26168) to work on /home/anhtupham99/miniforge3/envs/nba/lib/python3.11/site-packages/airflow/example_dags/example_task_group_decorator.py
[2025-01-30T03:08:09.737+0800] {processor.py:914} INFO - Processing file /home/anhtupham99/miniforge3/envs/nba/lib/python3.11/site-packages/airflow/example_dags/example_task_group_decorator.py for tasks to queue
[2025-01-30T03:08:09.739+0800] {logging_mixin.py:190} INFO - [2025-01-30T03:08:09.739+0800] {dagbag.py:588} INFO - Filling up the DagBag from /home/anhtupham99/miniforge3/envs/nba/lib/python3.11/site-packages/airflow/example_dags/example_task_group_decorator.py
[2025-01-30T03:08:09.750+0800] {processor.py:925} INFO - DAG(s) 'example_task_group_decorator' retrieved from /home/anhtupham99/miniforge3/envs/nba/lib/python3.11/site-packages/airflow/example_dags/example_task_group_decorator.py
[2025-01-30T03:08:09.765+0800] {logging_mixin.py:190} INFO - [2025-01-30T03:08:09.765+0800] {dag.py:3239} INFO - Sync 1 DAGs
[2025-01-30T03:08:09.774+0800] {logging_mixin.py:190} INFO - [2025-01-30T03:08:09.774+0800] {dag.py:4180} INFO - Setting next_dagrun for example_task_group_decorator to None, run_after=None
[2025-01-30T03:08:09.797+0800] {processor.py:208} INFO - Processing /home/anhtupham99/miniforge3/envs/nba/lib/python3.11/site-packages/airflow/example_dags/example_task_group_decorator.py took 0.066 seconds
[2025-01-30T03:08:58.008+0800] {processor.py:186} INFO - Started process (PID=26435) to work on /home/anhtupham99/miniforge3/envs/nba/lib/python3.11/site-packages/airflow/example_dags/example_task_group_decorator.py
[2025-01-30T03:08:58.009+0800] {processor.py:914} INFO - Processing file /home/anhtupham99/miniforge3/envs/nba/lib/python3.11/site-packages/airflow/example_dags/example_task_group_decorator.py for tasks to queue
[2025-01-30T03:08:58.011+0800] {logging_mixin.py:190} INFO - [2025-01-30T03:08:58.011+0800] {dagbag.py:588} INFO - Filling up the DagBag from /home/anhtupham99/miniforge3/envs/nba/lib/python3.11/site-packages/airflow/example_dags/example_task_group_decorator.py
[2025-01-30T03:08:58.024+0800] {processor.py:925} INFO - DAG(s) 'example_task_group_decorator' retrieved from /home/anhtupham99/miniforge3/envs/nba/lib/python3.11/site-packages/airflow/example_dags/example_task_group_decorator.py
[2025-01-30T03:08:58.038+0800] {logging_mixin.py:190} INFO - [2025-01-30T03:08:58.037+0800] {dag.py:3239} INFO - Sync 1 DAGs
[2025-01-30T03:08:58.047+0800] {logging_mixin.py:190} INFO - [2025-01-30T03:08:58.046+0800] {dag.py:4180} INFO - Setting next_dagrun for example_task_group_decorator to None, run_after=None
[2025-01-30T03:08:58.068+0800] {processor.py:208} INFO - Processing /home/anhtupham99/miniforge3/envs/nba/lib/python3.11/site-packages/airflow/example_dags/example_task_group_decorator.py took 0.065 seconds
[2025-01-30T03:09:45.225+0800] {processor.py:186} INFO - Started process (PID=26727) to work on /home/anhtupham99/miniforge3/envs/nba/lib/python3.11/site-packages/airflow/example_dags/example_task_group_decorator.py
[2025-01-30T03:09:45.226+0800] {processor.py:914} INFO - Processing file /home/anhtupham99/miniforge3/envs/nba/lib/python3.11/site-packages/airflow/example_dags/example_task_group_decorator.py for tasks to queue
[2025-01-30T03:09:45.228+0800] {logging_mixin.py:190} INFO - [2025-01-30T03:09:45.228+0800] {dagbag.py:588} INFO - Filling up the DagBag from /home/anhtupham99/miniforge3/envs/nba/lib/python3.11/site-packages/airflow/example_dags/example_task_group_decorator.py
[2025-01-30T03:09:45.242+0800] {processor.py:925} INFO - DAG(s) 'example_task_group_decorator' retrieved from /home/anhtupham99/miniforge3/envs/nba/lib/python3.11/site-packages/airflow/example_dags/example_task_group_decorator.py
[2025-01-30T03:09:45.258+0800] {logging_mixin.py:190} INFO - [2025-01-30T03:09:45.257+0800] {dag.py:3239} INFO - Sync 1 DAGs
[2025-01-30T03:09:45.268+0800] {logging_mixin.py:190} INFO - [2025-01-30T03:09:45.268+0800] {dag.py:4180} INFO - Setting next_dagrun for example_task_group_decorator to None, run_after=None
[2025-01-30T03:09:45.295+0800] {processor.py:208} INFO - Processing /home/anhtupham99/miniforge3/envs/nba/lib/python3.11/site-packages/airflow/example_dags/example_task_group_decorator.py took 0.075 seconds
[2025-01-30T06:11:40.404+0800] {processor.py:186} INFO - Started process (PID=26936) to work on /home/anhtupham99/miniforge3/envs/nba/lib/python3.11/site-packages/airflow/example_dags/example_task_group_decorator.py
[2025-01-30T06:11:40.406+0800] {processor.py:914} INFO - Processing file /home/anhtupham99/miniforge3/envs/nba/lib/python3.11/site-packages/airflow/example_dags/example_task_group_decorator.py for tasks to queue
[2025-01-30T06:11:40.408+0800] {logging_mixin.py:190} INFO - [2025-01-30T06:11:40.408+0800] {dagbag.py:588} INFO - Filling up the DagBag from /home/anhtupham99/miniforge3/envs/nba/lib/python3.11/site-packages/airflow/example_dags/example_task_group_decorator.py
[2025-01-30T06:11:40.422+0800] {processor.py:925} INFO - DAG(s) 'example_task_group_decorator' retrieved from /home/anhtupham99/miniforge3/envs/nba/lib/python3.11/site-packages/airflow/example_dags/example_task_group_decorator.py
[2025-01-30T06:11:40.440+0800] {logging_mixin.py:190} INFO - [2025-01-30T06:11:40.439+0800] {dag.py:3239} INFO - Sync 1 DAGs
[2025-01-30T06:11:40.450+0800] {logging_mixin.py:190} INFO - [2025-01-30T06:11:40.450+0800] {dag.py:4180} INFO - Setting next_dagrun for example_task_group_decorator to None, run_after=None
[2025-01-30T06:11:40.479+0800] {processor.py:208} INFO - Processing /home/anhtupham99/miniforge3/envs/nba/lib/python3.11/site-packages/airflow/example_dags/example_task_group_decorator.py took 0.082 seconds
[2025-01-30T06:12:35.170+0800] {processor.py:186} INFO - Started process (PID=27236) to work on /home/anhtupham99/miniforge3/envs/nba/lib/python3.11/site-packages/airflow/example_dags/example_task_group_decorator.py
[2025-01-30T06:12:35.172+0800] {processor.py:914} INFO - Processing file /home/anhtupham99/miniforge3/envs/nba/lib/python3.11/site-packages/airflow/example_dags/example_task_group_decorator.py for tasks to queue
[2025-01-30T06:12:35.175+0800] {logging_mixin.py:190} INFO - [2025-01-30T06:12:35.175+0800] {dagbag.py:588} INFO - Filling up the DagBag from /home/anhtupham99/miniforge3/envs/nba/lib/python3.11/site-packages/airflow/example_dags/example_task_group_decorator.py
[2025-01-30T06:12:35.190+0800] {processor.py:925} INFO - DAG(s) 'example_task_group_decorator' retrieved from /home/anhtupham99/miniforge3/envs/nba/lib/python3.11/site-packages/airflow/example_dags/example_task_group_decorator.py
[2025-01-30T06:12:35.211+0800] {logging_mixin.py:190} INFO - [2025-01-30T06:12:35.210+0800] {dag.py:3239} INFO - Sync 1 DAGs
[2025-01-30T06:12:35.222+0800] {logging_mixin.py:190} INFO - [2025-01-30T06:12:35.222+0800] {dag.py:4180} INFO - Setting next_dagrun for example_task_group_decorator to None, run_after=None
[2025-01-30T06:12:35.261+0800] {processor.py:208} INFO - Processing /home/anhtupham99/miniforge3/envs/nba/lib/python3.11/site-packages/airflow/example_dags/example_task_group_decorator.py took 0.098 seconds
[2025-01-30T06:13:23.568+0800] {processor.py:186} INFO - Started process (PID=27554) to work on /home/anhtupham99/miniforge3/envs/nba/lib/python3.11/site-packages/airflow/example_dags/example_task_group_decorator.py
[2025-01-30T06:13:23.572+0800] {processor.py:914} INFO - Processing file /home/anhtupham99/miniforge3/envs/nba/lib/python3.11/site-packages/airflow/example_dags/example_task_group_decorator.py for tasks to queue
[2025-01-30T06:13:23.574+0800] {logging_mixin.py:190} INFO - [2025-01-30T06:13:23.574+0800] {dagbag.py:588} INFO - Filling up the DagBag from /home/anhtupham99/miniforge3/envs/nba/lib/python3.11/site-packages/airflow/example_dags/example_task_group_decorator.py
[2025-01-30T06:13:23.585+0800] {processor.py:925} INFO - DAG(s) 'example_task_group_decorator' retrieved from /home/anhtupham99/miniforge3/envs/nba/lib/python3.11/site-packages/airflow/example_dags/example_task_group_decorator.py
[2025-01-30T06:13:23.601+0800] {logging_mixin.py:190} INFO - [2025-01-30T06:13:23.601+0800] {dag.py:3239} INFO - Sync 1 DAGs
[2025-01-30T06:13:23.610+0800] {logging_mixin.py:190} INFO - [2025-01-30T06:13:23.610+0800] {dag.py:4180} INFO - Setting next_dagrun for example_task_group_decorator to None, run_after=None
[2025-01-30T06:13:23.636+0800] {processor.py:208} INFO - Processing /home/anhtupham99/miniforge3/envs/nba/lib/python3.11/site-packages/airflow/example_dags/example_task_group_decorator.py took 0.073 seconds
