[2025-01-30T02:35:34.582+0800] {processor.py:186} INFO - Started process (PID=14671) to work on /home/anhtupham99/miniforge3/envs/nba/lib/python3.11/site-packages/airflow/example_dags/example_time_delta_sensor_async.py
[2025-01-30T02:35:34.583+0800] {processor.py:914} INFO - Processing file /home/anhtupham99/miniforge3/envs/nba/lib/python3.11/site-packages/airflow/example_dags/example_time_delta_sensor_async.py for tasks to queue
[2025-01-30T02:35:34.586+0800] {logging_mixin.py:190} INFO - [2025-01-30T02:35:34.586+0800] {dagbag.py:588} INFO - Filling up the DagBag from /home/anhtupham99/miniforge3/envs/nba/lib/python3.11/site-packages/airflow/example_dags/example_time_delta_sensor_async.py
[2025-01-30T02:35:34.595+0800] {processor.py:925} INFO - DAG(s) 'example_time_delta_sensor_async' retrieved from /home/anhtupham99/miniforge3/envs/nba/lib/python3.11/site-packages/airflow/example_dags/example_time_delta_sensor_async.py
[2025-01-30T02:35:34.704+0800] {logging_mixin.py:190} INFO - [2025-01-30T02:35:34.703+0800] {override.py:1911} INFO - Created Permission View: can delete on DAG:example_time_delta_sensor_async
[2025-01-30T02:35:34.723+0800] {logging_mixin.py:190} INFO - [2025-01-30T02:35:34.723+0800] {override.py:1911} INFO - Created Permission View: can read on DAG:example_time_delta_sensor_async
[2025-01-30T02:35:34.739+0800] {logging_mixin.py:190} INFO - [2025-01-30T02:35:34.739+0800] {override.py:1911} INFO - Created Permission View: can edit on DAG:example_time_delta_sensor_async
[2025-01-30T02:35:34.771+0800] {logging_mixin.py:190} INFO - [2025-01-30T02:35:34.771+0800] {override.py:1911} INFO - Created Permission View: can delete on DAG Run:example_time_delta_sensor_async
[2025-01-30T02:35:34.786+0800] {logging_mixin.py:190} INFO - [2025-01-30T02:35:34.786+0800] {override.py:1911} INFO - Created Permission View: can create on DAG Run:example_time_delta_sensor_async
[2025-01-30T02:35:34.808+0800] {logging_mixin.py:190} INFO - [2025-01-30T02:35:34.808+0800] {override.py:1911} INFO - Created Permission View: menu access on DAG Run:example_time_delta_sensor_async
[2025-01-30T02:35:34.825+0800] {logging_mixin.py:190} INFO - [2025-01-30T02:35:34.824+0800] {override.py:1911} INFO - Created Permission View: can read on DAG Run:example_time_delta_sensor_async
[2025-01-30T02:35:34.825+0800] {logging_mixin.py:190} INFO - [2025-01-30T02:35:34.825+0800] {dag.py:3239} INFO - Sync 1 DAGs
[2025-01-30T02:35:34.832+0800] {logging_mixin.py:190} INFO - [2025-01-30T02:35:34.832+0800] {dag.py:3262} INFO - Creating ORM DAG for example_time_delta_sensor_async
[2025-01-30T02:35:34.832+0800] {logging_mixin.py:190} INFO - [2025-01-30T02:35:34.832+0800] {dag.py:4180} INFO - Setting next_dagrun for example_time_delta_sensor_async to None, run_after=None
[2025-01-30T02:35:34.860+0800] {processor.py:208} INFO - Processing /home/anhtupham99/miniforge3/envs/nba/lib/python3.11/site-packages/airflow/example_dags/example_time_delta_sensor_async.py took 0.286 seconds
[2025-01-30T02:36:38.020+0800] {processor.py:186} INFO - Started process (PID=15046) to work on /home/anhtupham99/miniforge3/envs/nba/lib/python3.11/site-packages/airflow/example_dags/example_time_delta_sensor_async.py
[2025-01-30T02:36:38.022+0800] {processor.py:914} INFO - Processing file /home/anhtupham99/miniforge3/envs/nba/lib/python3.11/site-packages/airflow/example_dags/example_time_delta_sensor_async.py for tasks to queue
[2025-01-30T02:36:38.028+0800] {logging_mixin.py:190} INFO - [2025-01-30T02:36:38.027+0800] {dagbag.py:588} INFO - Filling up the DagBag from /home/anhtupham99/miniforge3/envs/nba/lib/python3.11/site-packages/airflow/example_dags/example_time_delta_sensor_async.py
[2025-01-30T02:36:38.045+0800] {processor.py:925} INFO - DAG(s) 'example_time_delta_sensor_async' retrieved from /home/anhtupham99/miniforge3/envs/nba/lib/python3.11/site-packages/airflow/example_dags/example_time_delta_sensor_async.py
[2025-01-30T02:36:38.058+0800] {logging_mixin.py:190} INFO - [2025-01-30T02:36:38.058+0800] {dag.py:3239} INFO - Sync 1 DAGs
[2025-01-30T02:36:38.065+0800] {logging_mixin.py:190} INFO - [2025-01-30T02:36:38.065+0800] {dag.py:4180} INFO - Setting next_dagrun for example_time_delta_sensor_async to None, run_after=None
[2025-01-30T02:36:38.105+0800] {processor.py:208} INFO - Processing /home/anhtupham99/miniforge3/envs/nba/lib/python3.11/site-packages/airflow/example_dags/example_time_delta_sensor_async.py took 0.095 seconds
[2025-01-30T02:48:33.670+0800] {processor.py:186} INFO - Started process (PID=19234) to work on /home/anhtupham99/miniforge3/envs/nba/lib/python3.11/site-packages/airflow/example_dags/example_time_delta_sensor_async.py
[2025-01-30T02:48:33.672+0800] {processor.py:914} INFO - Processing file /home/anhtupham99/miniforge3/envs/nba/lib/python3.11/site-packages/airflow/example_dags/example_time_delta_sensor_async.py for tasks to queue
[2025-01-30T02:48:33.676+0800] {logging_mixin.py:190} INFO - [2025-01-30T02:48:33.676+0800] {dagbag.py:588} INFO - Filling up the DagBag from /home/anhtupham99/miniforge3/envs/nba/lib/python3.11/site-packages/airflow/example_dags/example_time_delta_sensor_async.py
[2025-01-30T02:48:33.682+0800] {processor.py:925} INFO - DAG(s) 'example_time_delta_sensor_async' retrieved from /home/anhtupham99/miniforge3/envs/nba/lib/python3.11/site-packages/airflow/example_dags/example_time_delta_sensor_async.py
[2025-01-30T02:48:33.694+0800] {logging_mixin.py:190} INFO - [2025-01-30T02:48:33.693+0800] {dag.py:3239} INFO - Sync 1 DAGs
[2025-01-30T02:48:33.703+0800] {logging_mixin.py:190} INFO - [2025-01-30T02:48:33.703+0800] {dag.py:4180} INFO - Setting next_dagrun for example_time_delta_sensor_async to None, run_after=None
[2025-01-30T02:48:33.727+0800] {processor.py:208} INFO - Processing /home/anhtupham99/miniforge3/envs/nba/lib/python3.11/site-packages/airflow/example_dags/example_time_delta_sensor_async.py took 0.070 seconds
[2025-01-30T02:49:30.451+0800] {processor.py:186} INFO - Started process (PID=19547) to work on /home/anhtupham99/miniforge3/envs/nba/lib/python3.11/site-packages/airflow/example_dags/example_time_delta_sensor_async.py
[2025-01-30T02:49:30.454+0800] {processor.py:914} INFO - Processing file /home/anhtupham99/miniforge3/envs/nba/lib/python3.11/site-packages/airflow/example_dags/example_time_delta_sensor_async.py for tasks to queue
[2025-01-30T02:49:30.460+0800] {logging_mixin.py:190} INFO - [2025-01-30T02:49:30.459+0800] {dagbag.py:588} INFO - Filling up the DagBag from /home/anhtupham99/miniforge3/envs/nba/lib/python3.11/site-packages/airflow/example_dags/example_time_delta_sensor_async.py
[2025-01-30T02:49:30.471+0800] {processor.py:925} INFO - DAG(s) 'example_time_delta_sensor_async' retrieved from /home/anhtupham99/miniforge3/envs/nba/lib/python3.11/site-packages/airflow/example_dags/example_time_delta_sensor_async.py
[2025-01-30T02:49:30.481+0800] {logging_mixin.py:190} INFO - [2025-01-30T02:49:30.480+0800] {dag.py:3239} INFO - Sync 1 DAGs
[2025-01-30T02:49:30.488+0800] {logging_mixin.py:190} INFO - [2025-01-30T02:49:30.488+0800] {dag.py:4180} INFO - Setting next_dagrun for example_time_delta_sensor_async to None, run_after=None
[2025-01-30T02:49:30.514+0800] {processor.py:208} INFO - Processing /home/anhtupham99/miniforge3/envs/nba/lib/python3.11/site-packages/airflow/example_dags/example_time_delta_sensor_async.py took 0.077 seconds
[2025-01-30T02:50:27.140+0800] {processor.py:186} INFO - Started process (PID=19889) to work on /home/anhtupham99/miniforge3/envs/nba/lib/python3.11/site-packages/airflow/example_dags/example_time_delta_sensor_async.py
[2025-01-30T02:50:27.142+0800] {processor.py:914} INFO - Processing file /home/anhtupham99/miniforge3/envs/nba/lib/python3.11/site-packages/airflow/example_dags/example_time_delta_sensor_async.py for tasks to queue
[2025-01-30T02:50:27.145+0800] {logging_mixin.py:190} INFO - [2025-01-30T02:50:27.145+0800] {dagbag.py:588} INFO - Filling up the DagBag from /home/anhtupham99/miniforge3/envs/nba/lib/python3.11/site-packages/airflow/example_dags/example_time_delta_sensor_async.py
[2025-01-30T02:50:27.158+0800] {processor.py:925} INFO - DAG(s) 'example_time_delta_sensor_async' retrieved from /home/anhtupham99/miniforge3/envs/nba/lib/python3.11/site-packages/airflow/example_dags/example_time_delta_sensor_async.py
[2025-01-30T02:50:27.172+0800] {logging_mixin.py:190} INFO - [2025-01-30T02:50:27.172+0800] {dag.py:3239} INFO - Sync 1 DAGs
[2025-01-30T02:50:27.180+0800] {logging_mixin.py:190} INFO - [2025-01-30T02:50:27.179+0800] {dag.py:4180} INFO - Setting next_dagrun for example_time_delta_sensor_async to None, run_after=None
[2025-01-30T02:50:27.219+0800] {processor.py:208} INFO - Processing /home/anhtupham99/miniforge3/envs/nba/lib/python3.11/site-packages/airflow/example_dags/example_time_delta_sensor_async.py took 0.087 seconds
[2025-01-30T02:51:21.648+0800] {processor.py:186} INFO - Started process (PID=20209) to work on /home/anhtupham99/miniforge3/envs/nba/lib/python3.11/site-packages/airflow/example_dags/example_time_delta_sensor_async.py
[2025-01-30T02:51:21.651+0800] {processor.py:914} INFO - Processing file /home/anhtupham99/miniforge3/envs/nba/lib/python3.11/site-packages/airflow/example_dags/example_time_delta_sensor_async.py for tasks to queue
[2025-01-30T02:51:21.654+0800] {logging_mixin.py:190} INFO - [2025-01-30T02:51:21.653+0800] {dagbag.py:588} INFO - Filling up the DagBag from /home/anhtupham99/miniforge3/envs/nba/lib/python3.11/site-packages/airflow/example_dags/example_time_delta_sensor_async.py
[2025-01-30T02:51:21.663+0800] {processor.py:925} INFO - DAG(s) 'example_time_delta_sensor_async' retrieved from /home/anhtupham99/miniforge3/envs/nba/lib/python3.11/site-packages/airflow/example_dags/example_time_delta_sensor_async.py
[2025-01-30T02:51:21.681+0800] {logging_mixin.py:190} INFO - [2025-01-30T02:51:21.681+0800] {dag.py:3239} INFO - Sync 1 DAGs
[2025-01-30T02:51:21.692+0800] {logging_mixin.py:190} INFO - [2025-01-30T02:51:21.692+0800] {dag.py:4180} INFO - Setting next_dagrun for example_time_delta_sensor_async to None, run_after=None
[2025-01-30T02:51:21.732+0800] {processor.py:208} INFO - Processing /home/anhtupham99/miniforge3/envs/nba/lib/python3.11/site-packages/airflow/example_dags/example_time_delta_sensor_async.py took 0.099 seconds
[2025-01-30T02:52:14.155+0800] {processor.py:186} INFO - Started process (PID=20489) to work on /home/anhtupham99/miniforge3/envs/nba/lib/python3.11/site-packages/airflow/example_dags/example_time_delta_sensor_async.py
[2025-01-30T02:52:14.160+0800] {processor.py:914} INFO - Processing file /home/anhtupham99/miniforge3/envs/nba/lib/python3.11/site-packages/airflow/example_dags/example_time_delta_sensor_async.py for tasks to queue
[2025-01-30T02:52:14.165+0800] {logging_mixin.py:190} INFO - [2025-01-30T02:52:14.164+0800] {dagbag.py:588} INFO - Filling up the DagBag from /home/anhtupham99/miniforge3/envs/nba/lib/python3.11/site-packages/airflow/example_dags/example_time_delta_sensor_async.py
[2025-01-30T02:52:14.178+0800] {processor.py:925} INFO - DAG(s) 'example_time_delta_sensor_async' retrieved from /home/anhtupham99/miniforge3/envs/nba/lib/python3.11/site-packages/airflow/example_dags/example_time_delta_sensor_async.py
[2025-01-30T02:52:14.194+0800] {logging_mixin.py:190} INFO - [2025-01-30T02:52:14.194+0800] {dag.py:3239} INFO - Sync 1 DAGs
[2025-01-30T02:52:14.206+0800] {logging_mixin.py:190} INFO - [2025-01-30T02:52:14.206+0800] {dag.py:4180} INFO - Setting next_dagrun for example_time_delta_sensor_async to None, run_after=None
[2025-01-30T02:52:14.233+0800] {processor.py:208} INFO - Processing /home/anhtupham99/miniforge3/envs/nba/lib/python3.11/site-packages/airflow/example_dags/example_time_delta_sensor_async.py took 0.088 seconds
[2025-01-30T02:53:07.941+0800] {processor.py:186} INFO - Started process (PID=20824) to work on /home/anhtupham99/miniforge3/envs/nba/lib/python3.11/site-packages/airflow/example_dags/example_time_delta_sensor_async.py
[2025-01-30T02:53:07.943+0800] {processor.py:914} INFO - Processing file /home/anhtupham99/miniforge3/envs/nba/lib/python3.11/site-packages/airflow/example_dags/example_time_delta_sensor_async.py for tasks to queue
[2025-01-30T02:53:07.947+0800] {logging_mixin.py:190} INFO - [2025-01-30T02:53:07.946+0800] {dagbag.py:588} INFO - Filling up the DagBag from /home/anhtupham99/miniforge3/envs/nba/lib/python3.11/site-packages/airflow/example_dags/example_time_delta_sensor_async.py
[2025-01-30T02:53:07.962+0800] {processor.py:925} INFO - DAG(s) 'example_time_delta_sensor_async' retrieved from /home/anhtupham99/miniforge3/envs/nba/lib/python3.11/site-packages/airflow/example_dags/example_time_delta_sensor_async.py
[2025-01-30T02:53:07.981+0800] {logging_mixin.py:190} INFO - [2025-01-30T02:53:07.981+0800] {dag.py:3239} INFO - Sync 1 DAGs
[2025-01-30T02:53:07.995+0800] {logging_mixin.py:190} INFO - [2025-01-30T02:53:07.995+0800] {dag.py:4180} INFO - Setting next_dagrun for example_time_delta_sensor_async to None, run_after=None
[2025-01-30T02:53:08.026+0800] {processor.py:208} INFO - Processing /home/anhtupham99/miniforge3/envs/nba/lib/python3.11/site-packages/airflow/example_dags/example_time_delta_sensor_async.py took 0.097 seconds
[2025-01-30T02:54:01.211+0800] {processor.py:186} INFO - Started process (PID=21130) to work on /home/anhtupham99/miniforge3/envs/nba/lib/python3.11/site-packages/airflow/example_dags/example_time_delta_sensor_async.py
[2025-01-30T02:54:01.212+0800] {processor.py:914} INFO - Processing file /home/anhtupham99/miniforge3/envs/nba/lib/python3.11/site-packages/airflow/example_dags/example_time_delta_sensor_async.py for tasks to queue
[2025-01-30T02:54:01.214+0800] {logging_mixin.py:190} INFO - [2025-01-30T02:54:01.214+0800] {dagbag.py:588} INFO - Filling up the DagBag from /home/anhtupham99/miniforge3/envs/nba/lib/python3.11/site-packages/airflow/example_dags/example_time_delta_sensor_async.py
[2025-01-30T02:54:01.219+0800] {processor.py:925} INFO - DAG(s) 'example_time_delta_sensor_async' retrieved from /home/anhtupham99/miniforge3/envs/nba/lib/python3.11/site-packages/airflow/example_dags/example_time_delta_sensor_async.py
[2025-01-30T02:54:01.229+0800] {logging_mixin.py:190} INFO - [2025-01-30T02:54:01.228+0800] {dag.py:3239} INFO - Sync 1 DAGs
[2025-01-30T02:54:01.237+0800] {logging_mixin.py:190} INFO - [2025-01-30T02:54:01.237+0800] {dag.py:4180} INFO - Setting next_dagrun for example_time_delta_sensor_async to None, run_after=None
[2025-01-30T02:54:01.260+0800] {processor.py:208} INFO - Processing /home/anhtupham99/miniforge3/envs/nba/lib/python3.11/site-packages/airflow/example_dags/example_time_delta_sensor_async.py took 0.053 seconds
[2025-01-30T02:54:51.543+0800] {processor.py:186} INFO - Started process (PID=21410) to work on /home/anhtupham99/miniforge3/envs/nba/lib/python3.11/site-packages/airflow/example_dags/example_time_delta_sensor_async.py
[2025-01-30T02:54:51.545+0800] {processor.py:914} INFO - Processing file /home/anhtupham99/miniforge3/envs/nba/lib/python3.11/site-packages/airflow/example_dags/example_time_delta_sensor_async.py for tasks to queue
[2025-01-30T02:54:51.548+0800] {logging_mixin.py:190} INFO - [2025-01-30T02:54:51.547+0800] {dagbag.py:588} INFO - Filling up the DagBag from /home/anhtupham99/miniforge3/envs/nba/lib/python3.11/site-packages/airflow/example_dags/example_time_delta_sensor_async.py
[2025-01-30T02:54:51.556+0800] {processor.py:925} INFO - DAG(s) 'example_time_delta_sensor_async' retrieved from /home/anhtupham99/miniforge3/envs/nba/lib/python3.11/site-packages/airflow/example_dags/example_time_delta_sensor_async.py
[2025-01-30T02:54:51.568+0800] {logging_mixin.py:190} INFO - [2025-01-30T02:54:51.568+0800] {dag.py:3239} INFO - Sync 1 DAGs
[2025-01-30T02:54:51.578+0800] {logging_mixin.py:190} INFO - [2025-01-30T02:54:51.577+0800] {dag.py:4180} INFO - Setting next_dagrun for example_time_delta_sensor_async to None, run_after=None
[2025-01-30T02:54:51.602+0800] {processor.py:208} INFO - Processing /home/anhtupham99/miniforge3/envs/nba/lib/python3.11/site-packages/airflow/example_dags/example_time_delta_sensor_async.py took 0.064 seconds
[2025-01-30T02:56:02.442+0800] {processor.py:186} INFO - Started process (PID=21840) to work on /home/anhtupham99/miniforge3/envs/nba/lib/python3.11/site-packages/airflow/example_dags/example_time_delta_sensor_async.py
[2025-01-30T02:56:02.443+0800] {processor.py:914} INFO - Processing file /home/anhtupham99/miniforge3/envs/nba/lib/python3.11/site-packages/airflow/example_dags/example_time_delta_sensor_async.py for tasks to queue
[2025-01-30T02:56:02.445+0800] {logging_mixin.py:190} INFO - [2025-01-30T02:56:02.445+0800] {dagbag.py:588} INFO - Filling up the DagBag from /home/anhtupham99/miniforge3/envs/nba/lib/python3.11/site-packages/airflow/example_dags/example_time_delta_sensor_async.py
[2025-01-30T02:56:02.450+0800] {processor.py:925} INFO - DAG(s) 'example_time_delta_sensor_async' retrieved from /home/anhtupham99/miniforge3/envs/nba/lib/python3.11/site-packages/airflow/example_dags/example_time_delta_sensor_async.py
[2025-01-30T02:56:02.460+0800] {logging_mixin.py:190} INFO - [2025-01-30T02:56:02.460+0800] {dag.py:3239} INFO - Sync 1 DAGs
[2025-01-30T02:56:02.468+0800] {logging_mixin.py:190} INFO - [2025-01-30T02:56:02.468+0800] {dag.py:4180} INFO - Setting next_dagrun for example_time_delta_sensor_async to None, run_after=None
[2025-01-30T02:56:02.490+0800] {processor.py:208} INFO - Processing /home/anhtupham99/miniforge3/envs/nba/lib/python3.11/site-packages/airflow/example_dags/example_time_delta_sensor_async.py took 0.053 seconds
[2025-01-30T02:57:13.176+0800] {processor.py:186} INFO - Started process (PID=22245) to work on /home/anhtupham99/miniforge3/envs/nba/lib/python3.11/site-packages/airflow/example_dags/example_time_delta_sensor_async.py
[2025-01-30T02:57:13.177+0800] {processor.py:914} INFO - Processing file /home/anhtupham99/miniforge3/envs/nba/lib/python3.11/site-packages/airflow/example_dags/example_time_delta_sensor_async.py for tasks to queue
[2025-01-30T02:57:13.179+0800] {logging_mixin.py:190} INFO - [2025-01-30T02:57:13.179+0800] {dagbag.py:588} INFO - Filling up the DagBag from /home/anhtupham99/miniforge3/envs/nba/lib/python3.11/site-packages/airflow/example_dags/example_time_delta_sensor_async.py
[2025-01-30T02:57:13.185+0800] {processor.py:925} INFO - DAG(s) 'example_time_delta_sensor_async' retrieved from /home/anhtupham99/miniforge3/envs/nba/lib/python3.11/site-packages/airflow/example_dags/example_time_delta_sensor_async.py
[2025-01-30T02:57:13.194+0800] {logging_mixin.py:190} INFO - [2025-01-30T02:57:13.194+0800] {dag.py:3239} INFO - Sync 1 DAGs
[2025-01-30T02:57:13.203+0800] {logging_mixin.py:190} INFO - [2025-01-30T02:57:13.202+0800] {dag.py:4180} INFO - Setting next_dagrun for example_time_delta_sensor_async to None, run_after=None
[2025-01-30T02:57:13.233+0800] {processor.py:208} INFO - Processing /home/anhtupham99/miniforge3/envs/nba/lib/python3.11/site-packages/airflow/example_dags/example_time_delta_sensor_async.py took 0.061 seconds
[2025-01-30T02:58:25.172+0800] {processor.py:186} INFO - Started process (PID=22711) to work on /home/anhtupham99/miniforge3/envs/nba/lib/python3.11/site-packages/airflow/example_dags/example_time_delta_sensor_async.py
[2025-01-30T02:58:25.174+0800] {processor.py:914} INFO - Processing file /home/anhtupham99/miniforge3/envs/nba/lib/python3.11/site-packages/airflow/example_dags/example_time_delta_sensor_async.py for tasks to queue
[2025-01-30T02:58:25.176+0800] {logging_mixin.py:190} INFO - [2025-01-30T02:58:25.175+0800] {dagbag.py:588} INFO - Filling up the DagBag from /home/anhtupham99/miniforge3/envs/nba/lib/python3.11/site-packages/airflow/example_dags/example_time_delta_sensor_async.py
[2025-01-30T02:58:25.180+0800] {processor.py:925} INFO - DAG(s) 'example_time_delta_sensor_async' retrieved from /home/anhtupham99/miniforge3/envs/nba/lib/python3.11/site-packages/airflow/example_dags/example_time_delta_sensor_async.py
[2025-01-30T02:58:25.190+0800] {logging_mixin.py:190} INFO - [2025-01-30T02:58:25.190+0800] {dag.py:3239} INFO - Sync 1 DAGs
[2025-01-30T02:58:25.198+0800] {logging_mixin.py:190} INFO - [2025-01-30T02:58:25.198+0800] {dag.py:4180} INFO - Setting next_dagrun for example_time_delta_sensor_async to None, run_after=None
[2025-01-30T02:58:25.222+0800] {processor.py:208} INFO - Processing /home/anhtupham99/miniforge3/envs/nba/lib/python3.11/site-packages/airflow/example_dags/example_time_delta_sensor_async.py took 0.054 seconds
[2025-01-30T02:59:17.373+0800] {processor.py:186} INFO - Started process (PID=22999) to work on /home/anhtupham99/miniforge3/envs/nba/lib/python3.11/site-packages/airflow/example_dags/example_time_delta_sensor_async.py
[2025-01-30T02:59:17.374+0800] {processor.py:914} INFO - Processing file /home/anhtupham99/miniforge3/envs/nba/lib/python3.11/site-packages/airflow/example_dags/example_time_delta_sensor_async.py for tasks to queue
[2025-01-30T02:59:17.376+0800] {logging_mixin.py:190} INFO - [2025-01-30T02:59:17.376+0800] {dagbag.py:588} INFO - Filling up the DagBag from /home/anhtupham99/miniforge3/envs/nba/lib/python3.11/site-packages/airflow/example_dags/example_time_delta_sensor_async.py
[2025-01-30T02:59:17.381+0800] {processor.py:925} INFO - DAG(s) 'example_time_delta_sensor_async' retrieved from /home/anhtupham99/miniforge3/envs/nba/lib/python3.11/site-packages/airflow/example_dags/example_time_delta_sensor_async.py
[2025-01-30T02:59:17.391+0800] {logging_mixin.py:190} INFO - [2025-01-30T02:59:17.390+0800] {dag.py:3239} INFO - Sync 1 DAGs
[2025-01-30T02:59:17.398+0800] {logging_mixin.py:190} INFO - [2025-01-30T02:59:17.398+0800] {dag.py:4180} INFO - Setting next_dagrun for example_time_delta_sensor_async to None, run_after=None
[2025-01-30T02:59:17.419+0800] {processor.py:208} INFO - Processing /home/anhtupham99/miniforge3/envs/nba/lib/python3.11/site-packages/airflow/example_dags/example_time_delta_sensor_async.py took 0.050 seconds
[2025-01-30T03:00:07.855+0800] {processor.py:186} INFO - Started process (PID=23296) to work on /home/anhtupham99/miniforge3/envs/nba/lib/python3.11/site-packages/airflow/example_dags/example_time_delta_sensor_async.py
[2025-01-30T03:00:07.858+0800] {processor.py:914} INFO - Processing file /home/anhtupham99/miniforge3/envs/nba/lib/python3.11/site-packages/airflow/example_dags/example_time_delta_sensor_async.py for tasks to queue
[2025-01-30T03:00:07.860+0800] {logging_mixin.py:190} INFO - [2025-01-30T03:00:07.860+0800] {dagbag.py:588} INFO - Filling up the DagBag from /home/anhtupham99/miniforge3/envs/nba/lib/python3.11/site-packages/airflow/example_dags/example_time_delta_sensor_async.py
[2025-01-30T03:00:07.865+0800] {processor.py:925} INFO - DAG(s) 'example_time_delta_sensor_async' retrieved from /home/anhtupham99/miniforge3/envs/nba/lib/python3.11/site-packages/airflow/example_dags/example_time_delta_sensor_async.py
[2025-01-30T03:00:07.874+0800] {logging_mixin.py:190} INFO - [2025-01-30T03:00:07.874+0800] {dag.py:3239} INFO - Sync 1 DAGs
[2025-01-30T03:00:07.883+0800] {logging_mixin.py:190} INFO - [2025-01-30T03:00:07.882+0800] {dag.py:4180} INFO - Setting next_dagrun for example_time_delta_sensor_async to None, run_after=None
[2025-01-30T03:00:07.905+0800] {processor.py:208} INFO - Processing /home/anhtupham99/miniforge3/envs/nba/lib/python3.11/site-packages/airflow/example_dags/example_time_delta_sensor_async.py took 0.055 seconds
[2025-01-30T03:00:57.927+0800] {processor.py:186} INFO - Started process (PID=23594) to work on /home/anhtupham99/miniforge3/envs/nba/lib/python3.11/site-packages/airflow/example_dags/example_time_delta_sensor_async.py
[2025-01-30T03:00:57.931+0800] {processor.py:914} INFO - Processing file /home/anhtupham99/miniforge3/envs/nba/lib/python3.11/site-packages/airflow/example_dags/example_time_delta_sensor_async.py for tasks to queue
[2025-01-30T03:00:57.933+0800] {logging_mixin.py:190} INFO - [2025-01-30T03:00:57.933+0800] {dagbag.py:588} INFO - Filling up the DagBag from /home/anhtupham99/miniforge3/envs/nba/lib/python3.11/site-packages/airflow/example_dags/example_time_delta_sensor_async.py
[2025-01-30T03:00:57.938+0800] {processor.py:925} INFO - DAG(s) 'example_time_delta_sensor_async' retrieved from /home/anhtupham99/miniforge3/envs/nba/lib/python3.11/site-packages/airflow/example_dags/example_time_delta_sensor_async.py
[2025-01-30T03:00:57.947+0800] {logging_mixin.py:190} INFO - [2025-01-30T03:00:57.947+0800] {dag.py:3239} INFO - Sync 1 DAGs
[2025-01-30T03:00:57.955+0800] {logging_mixin.py:190} INFO - [2025-01-30T03:00:57.955+0800] {dag.py:4180} INFO - Setting next_dagrun for example_time_delta_sensor_async to None, run_after=None
[2025-01-30T03:00:57.977+0800] {processor.py:208} INFO - Processing /home/anhtupham99/miniforge3/envs/nba/lib/python3.11/site-packages/airflow/example_dags/example_time_delta_sensor_async.py took 0.054 seconds
[2025-01-30T03:02:07.641+0800] {processor.py:186} INFO - Started process (PID=23991) to work on /home/anhtupham99/miniforge3/envs/nba/lib/python3.11/site-packages/airflow/example_dags/example_time_delta_sensor_async.py
[2025-01-30T03:02:07.643+0800] {processor.py:914} INFO - Processing file /home/anhtupham99/miniforge3/envs/nba/lib/python3.11/site-packages/airflow/example_dags/example_time_delta_sensor_async.py for tasks to queue
[2025-01-30T03:02:07.645+0800] {logging_mixin.py:190} INFO - [2025-01-30T03:02:07.644+0800] {dagbag.py:588} INFO - Filling up the DagBag from /home/anhtupham99/miniforge3/envs/nba/lib/python3.11/site-packages/airflow/example_dags/example_time_delta_sensor_async.py
[2025-01-30T03:02:07.651+0800] {processor.py:925} INFO - DAG(s) 'example_time_delta_sensor_async' retrieved from /home/anhtupham99/miniforge3/envs/nba/lib/python3.11/site-packages/airflow/example_dags/example_time_delta_sensor_async.py
[2025-01-30T03:02:07.662+0800] {logging_mixin.py:190} INFO - [2025-01-30T03:02:07.662+0800] {dag.py:3239} INFO - Sync 1 DAGs
[2025-01-30T03:02:07.671+0800] {logging_mixin.py:190} INFO - [2025-01-30T03:02:07.671+0800] {dag.py:4180} INFO - Setting next_dagrun for example_time_delta_sensor_async to None, run_after=None
[2025-01-30T03:02:07.700+0800] {processor.py:208} INFO - Processing /home/anhtupham99/miniforge3/envs/nba/lib/python3.11/site-packages/airflow/example_dags/example_time_delta_sensor_async.py took 0.063 seconds
[2025-01-30T03:03:19.773+0800] {processor.py:186} INFO - Started process (PID=24440) to work on /home/anhtupham99/miniforge3/envs/nba/lib/python3.11/site-packages/airflow/example_dags/example_time_delta_sensor_async.py
[2025-01-30T03:03:19.775+0800] {processor.py:914} INFO - Processing file /home/anhtupham99/miniforge3/envs/nba/lib/python3.11/site-packages/airflow/example_dags/example_time_delta_sensor_async.py for tasks to queue
[2025-01-30T03:03:19.776+0800] {logging_mixin.py:190} INFO - [2025-01-30T03:03:19.776+0800] {dagbag.py:588} INFO - Filling up the DagBag from /home/anhtupham99/miniforge3/envs/nba/lib/python3.11/site-packages/airflow/example_dags/example_time_delta_sensor_async.py
[2025-01-30T03:03:19.782+0800] {processor.py:925} INFO - DAG(s) 'example_time_delta_sensor_async' retrieved from /home/anhtupham99/miniforge3/envs/nba/lib/python3.11/site-packages/airflow/example_dags/example_time_delta_sensor_async.py
[2025-01-30T03:03:19.792+0800] {logging_mixin.py:190} INFO - [2025-01-30T03:03:19.792+0800] {dag.py:3239} INFO - Sync 1 DAGs
[2025-01-30T03:03:19.800+0800] {logging_mixin.py:190} INFO - [2025-01-30T03:03:19.800+0800] {dag.py:4180} INFO - Setting next_dagrun for example_time_delta_sensor_async to None, run_after=None
[2025-01-30T03:03:19.822+0800] {processor.py:208} INFO - Processing /home/anhtupham99/miniforge3/envs/nba/lib/python3.11/site-packages/airflow/example_dags/example_time_delta_sensor_async.py took 0.054 seconds
[2025-01-30T03:04:30.833+0800] {processor.py:186} INFO - Started process (PID=24874) to work on /home/anhtupham99/miniforge3/envs/nba/lib/python3.11/site-packages/airflow/example_dags/example_time_delta_sensor_async.py
[2025-01-30T03:04:30.835+0800] {processor.py:914} INFO - Processing file /home/anhtupham99/miniforge3/envs/nba/lib/python3.11/site-packages/airflow/example_dags/example_time_delta_sensor_async.py for tasks to queue
[2025-01-30T03:04:30.836+0800] {logging_mixin.py:190} INFO - [2025-01-30T03:04:30.836+0800] {dagbag.py:588} INFO - Filling up the DagBag from /home/anhtupham99/miniforge3/envs/nba/lib/python3.11/site-packages/airflow/example_dags/example_time_delta_sensor_async.py
[2025-01-30T03:04:30.841+0800] {processor.py:925} INFO - DAG(s) 'example_time_delta_sensor_async' retrieved from /home/anhtupham99/miniforge3/envs/nba/lib/python3.11/site-packages/airflow/example_dags/example_time_delta_sensor_async.py
[2025-01-30T03:04:30.850+0800] {logging_mixin.py:190} INFO - [2025-01-30T03:04:30.850+0800] {dag.py:3239} INFO - Sync 1 DAGs
[2025-01-30T03:04:30.859+0800] {logging_mixin.py:190} INFO - [2025-01-30T03:04:30.858+0800] {dag.py:4180} INFO - Setting next_dagrun for example_time_delta_sensor_async to None, run_after=None
[2025-01-30T03:04:30.881+0800] {processor.py:208} INFO - Processing /home/anhtupham99/miniforge3/envs/nba/lib/python3.11/site-packages/airflow/example_dags/example_time_delta_sensor_async.py took 0.052 seconds
[2025-01-30T03:05:23.780+0800] {processor.py:186} INFO - Started process (PID=25182) to work on /home/anhtupham99/miniforge3/envs/nba/lib/python3.11/site-packages/airflow/example_dags/example_time_delta_sensor_async.py
[2025-01-30T03:05:23.781+0800] {processor.py:914} INFO - Processing file /home/anhtupham99/miniforge3/envs/nba/lib/python3.11/site-packages/airflow/example_dags/example_time_delta_sensor_async.py for tasks to queue
[2025-01-30T03:05:23.783+0800] {logging_mixin.py:190} INFO - [2025-01-30T03:05:23.783+0800] {dagbag.py:588} INFO - Filling up the DagBag from /home/anhtupham99/miniforge3/envs/nba/lib/python3.11/site-packages/airflow/example_dags/example_time_delta_sensor_async.py
[2025-01-30T03:05:23.788+0800] {processor.py:925} INFO - DAG(s) 'example_time_delta_sensor_async' retrieved from /home/anhtupham99/miniforge3/envs/nba/lib/python3.11/site-packages/airflow/example_dags/example_time_delta_sensor_async.py
[2025-01-30T03:05:23.798+0800] {logging_mixin.py:190} INFO - [2025-01-30T03:05:23.798+0800] {dag.py:3239} INFO - Sync 1 DAGs
[2025-01-30T03:05:23.806+0800] {logging_mixin.py:190} INFO - [2025-01-30T03:05:23.806+0800] {dag.py:4180} INFO - Setting next_dagrun for example_time_delta_sensor_async to None, run_after=None
[2025-01-30T03:05:23.828+0800] {processor.py:208} INFO - Processing /home/anhtupham99/miniforge3/envs/nba/lib/python3.11/site-packages/airflow/example_dags/example_time_delta_sensor_async.py took 0.052 seconds
[2025-01-30T03:06:32.587+0800] {processor.py:186} INFO - Started process (PID=25581) to work on /home/anhtupham99/miniforge3/envs/nba/lib/python3.11/site-packages/airflow/example_dags/example_time_delta_sensor_async.py
[2025-01-30T03:06:32.588+0800] {processor.py:914} INFO - Processing file /home/anhtupham99/miniforge3/envs/nba/lib/python3.11/site-packages/airflow/example_dags/example_time_delta_sensor_async.py for tasks to queue
[2025-01-30T03:06:32.589+0800] {logging_mixin.py:190} INFO - [2025-01-30T03:06:32.589+0800] {dagbag.py:588} INFO - Filling up the DagBag from /home/anhtupham99/miniforge3/envs/nba/lib/python3.11/site-packages/airflow/example_dags/example_time_delta_sensor_async.py
[2025-01-30T03:06:32.595+0800] {processor.py:925} INFO - DAG(s) 'example_time_delta_sensor_async' retrieved from /home/anhtupham99/miniforge3/envs/nba/lib/python3.11/site-packages/airflow/example_dags/example_time_delta_sensor_async.py
[2025-01-30T03:06:32.604+0800] {logging_mixin.py:190} INFO - [2025-01-30T03:06:32.604+0800] {dag.py:3239} INFO - Sync 1 DAGs
[2025-01-30T03:06:32.612+0800] {logging_mixin.py:190} INFO - [2025-01-30T03:06:32.611+0800] {dag.py:4180} INFO - Setting next_dagrun for example_time_delta_sensor_async to None, run_after=None
[2025-01-30T03:06:32.634+0800] {processor.py:208} INFO - Processing /home/anhtupham99/miniforge3/envs/nba/lib/python3.11/site-packages/airflow/example_dags/example_time_delta_sensor_async.py took 0.052 seconds
[2025-01-30T03:07:27.027+0800] {processor.py:186} INFO - Started process (PID=25923) to work on /home/anhtupham99/miniforge3/envs/nba/lib/python3.11/site-packages/airflow/example_dags/example_time_delta_sensor_async.py
[2025-01-30T03:07:27.028+0800] {processor.py:914} INFO - Processing file /home/anhtupham99/miniforge3/envs/nba/lib/python3.11/site-packages/airflow/example_dags/example_time_delta_sensor_async.py for tasks to queue
[2025-01-30T03:07:27.030+0800] {logging_mixin.py:190} INFO - [2025-01-30T03:07:27.029+0800] {dagbag.py:588} INFO - Filling up the DagBag from /home/anhtupham99/miniforge3/envs/nba/lib/python3.11/site-packages/airflow/example_dags/example_time_delta_sensor_async.py
[2025-01-30T03:07:27.035+0800] {processor.py:925} INFO - DAG(s) 'example_time_delta_sensor_async' retrieved from /home/anhtupham99/miniforge3/envs/nba/lib/python3.11/site-packages/airflow/example_dags/example_time_delta_sensor_async.py
[2025-01-30T03:07:27.045+0800] {logging_mixin.py:190} INFO - [2025-01-30T03:07:27.045+0800] {dag.py:3239} INFO - Sync 1 DAGs
[2025-01-30T03:07:27.054+0800] {logging_mixin.py:190} INFO - [2025-01-30T03:07:27.054+0800] {dag.py:4180} INFO - Setting next_dagrun for example_time_delta_sensor_async to None, run_after=None
[2025-01-30T03:07:27.079+0800] {processor.py:208} INFO - Processing /home/anhtupham99/miniforge3/envs/nba/lib/python3.11/site-packages/airflow/example_dags/example_time_delta_sensor_async.py took 0.056 seconds
[2025-01-30T03:08:37.578+0800] {processor.py:186} INFO - Started process (PID=26325) to work on /home/anhtupham99/miniforge3/envs/nba/lib/python3.11/site-packages/airflow/example_dags/example_time_delta_sensor_async.py
[2025-01-30T03:08:37.580+0800] {processor.py:914} INFO - Processing file /home/anhtupham99/miniforge3/envs/nba/lib/python3.11/site-packages/airflow/example_dags/example_time_delta_sensor_async.py for tasks to queue
[2025-01-30T03:08:37.581+0800] {logging_mixin.py:190} INFO - [2025-01-30T03:08:37.581+0800] {dagbag.py:588} INFO - Filling up the DagBag from /home/anhtupham99/miniforge3/envs/nba/lib/python3.11/site-packages/airflow/example_dags/example_time_delta_sensor_async.py
[2025-01-30T03:08:37.587+0800] {processor.py:925} INFO - DAG(s) 'example_time_delta_sensor_async' retrieved from /home/anhtupham99/miniforge3/envs/nba/lib/python3.11/site-packages/airflow/example_dags/example_time_delta_sensor_async.py
[2025-01-30T03:08:37.597+0800] {logging_mixin.py:190} INFO - [2025-01-30T03:08:37.597+0800] {dag.py:3239} INFO - Sync 1 DAGs
[2025-01-30T03:08:37.606+0800] {logging_mixin.py:190} INFO - [2025-01-30T03:08:37.606+0800] {dag.py:4180} INFO - Setting next_dagrun for example_time_delta_sensor_async to None, run_after=None
[2025-01-30T03:08:37.630+0800] {processor.py:208} INFO - Processing /home/anhtupham99/miniforge3/envs/nba/lib/python3.11/site-packages/airflow/example_dags/example_time_delta_sensor_async.py took 0.056 seconds
[2025-01-30T03:09:27.136+0800] {processor.py:186} INFO - Started process (PID=26606) to work on /home/anhtupham99/miniforge3/envs/nba/lib/python3.11/site-packages/airflow/example_dags/example_time_delta_sensor_async.py
[2025-01-30T03:09:27.137+0800] {processor.py:914} INFO - Processing file /home/anhtupham99/miniforge3/envs/nba/lib/python3.11/site-packages/airflow/example_dags/example_time_delta_sensor_async.py for tasks to queue
[2025-01-30T03:09:27.139+0800] {logging_mixin.py:190} INFO - [2025-01-30T03:09:27.138+0800] {dagbag.py:588} INFO - Filling up the DagBag from /home/anhtupham99/miniforge3/envs/nba/lib/python3.11/site-packages/airflow/example_dags/example_time_delta_sensor_async.py
[2025-01-30T03:09:27.145+0800] {processor.py:925} INFO - DAG(s) 'example_time_delta_sensor_async' retrieved from /home/anhtupham99/miniforge3/envs/nba/lib/python3.11/site-packages/airflow/example_dags/example_time_delta_sensor_async.py
[2025-01-30T03:09:27.155+0800] {logging_mixin.py:190} INFO - [2025-01-30T03:09:27.155+0800] {dag.py:3239} INFO - Sync 1 DAGs
[2025-01-30T03:09:27.164+0800] {logging_mixin.py:190} INFO - [2025-01-30T03:09:27.163+0800] {dag.py:4180} INFO - Setting next_dagrun for example_time_delta_sensor_async to None, run_after=None
[2025-01-30T03:09:27.187+0800] {processor.py:208} INFO - Processing /home/anhtupham99/miniforge3/envs/nba/lib/python3.11/site-packages/airflow/example_dags/example_time_delta_sensor_async.py took 0.056 seconds
[2025-01-30T06:12:08.299+0800] {processor.py:186} INFO - Started process (PID=27095) to work on /home/anhtupham99/miniforge3/envs/nba/lib/python3.11/site-packages/airflow/example_dags/example_time_delta_sensor_async.py
[2025-01-30T06:12:08.303+0800] {processor.py:914} INFO - Processing file /home/anhtupham99/miniforge3/envs/nba/lib/python3.11/site-packages/airflow/example_dags/example_time_delta_sensor_async.py for tasks to queue
[2025-01-30T06:12:08.305+0800] {logging_mixin.py:190} INFO - [2025-01-30T06:12:08.305+0800] {dagbag.py:588} INFO - Filling up the DagBag from /home/anhtupham99/miniforge3/envs/nba/lib/python3.11/site-packages/airflow/example_dags/example_time_delta_sensor_async.py
[2025-01-30T06:12:08.311+0800] {processor.py:925} INFO - DAG(s) 'example_time_delta_sensor_async' retrieved from /home/anhtupham99/miniforge3/envs/nba/lib/python3.11/site-packages/airflow/example_dags/example_time_delta_sensor_async.py
[2025-01-30T06:12:08.321+0800] {logging_mixin.py:190} INFO - [2025-01-30T06:12:08.321+0800] {dag.py:3239} INFO - Sync 1 DAGs
[2025-01-30T06:12:08.332+0800] {logging_mixin.py:190} INFO - [2025-01-30T06:12:08.332+0800] {dag.py:4180} INFO - Setting next_dagrun for example_time_delta_sensor_async to None, run_after=None
[2025-01-30T06:12:08.360+0800] {processor.py:208} INFO - Processing /home/anhtupham99/miniforge3/envs/nba/lib/python3.11/site-packages/airflow/example_dags/example_time_delta_sensor_async.py took 0.066 seconds
[2025-01-30T06:13:03.524+0800] {processor.py:186} INFO - Started process (PID=27400) to work on /home/anhtupham99/miniforge3/envs/nba/lib/python3.11/site-packages/airflow/example_dags/example_time_delta_sensor_async.py
[2025-01-30T06:13:03.528+0800] {processor.py:914} INFO - Processing file /home/anhtupham99/miniforge3/envs/nba/lib/python3.11/site-packages/airflow/example_dags/example_time_delta_sensor_async.py for tasks to queue
[2025-01-30T06:13:03.530+0800] {logging_mixin.py:190} INFO - [2025-01-30T06:13:03.530+0800] {dagbag.py:588} INFO - Filling up the DagBag from /home/anhtupham99/miniforge3/envs/nba/lib/python3.11/site-packages/airflow/example_dags/example_time_delta_sensor_async.py
[2025-01-30T06:13:03.536+0800] {processor.py:925} INFO - DAG(s) 'example_time_delta_sensor_async' retrieved from /home/anhtupham99/miniforge3/envs/nba/lib/python3.11/site-packages/airflow/example_dags/example_time_delta_sensor_async.py
[2025-01-30T06:13:03.545+0800] {logging_mixin.py:190} INFO - [2025-01-30T06:13:03.545+0800] {dag.py:3239} INFO - Sync 1 DAGs
[2025-01-30T06:13:03.554+0800] {logging_mixin.py:190} INFO - [2025-01-30T06:13:03.554+0800] {dag.py:4180} INFO - Setting next_dagrun for example_time_delta_sensor_async to None, run_after=None
[2025-01-30T06:13:03.578+0800] {processor.py:208} INFO - Processing /home/anhtupham99/miniforge3/envs/nba/lib/python3.11/site-packages/airflow/example_dags/example_time_delta_sensor_async.py took 0.058 seconds
