[2025-01-30T02:35:05.593+0800] {processor.py:186} INFO - Started process (PID=14486) to work on /home/anhtupham99/miniforge3/envs/nba/lib/python3.11/site-packages/airflow/example_dags/example_latest_only_with_trigger.py
[2025-01-30T02:35:05.595+0800] {processor.py:914} INFO - Processing file /home/anhtupham99/miniforge3/envs/nba/lib/python3.11/site-packages/airflow/example_dags/example_latest_only_with_trigger.py for tasks to queue
[2025-01-30T02:35:05.600+0800] {logging_mixin.py:190} INFO - [2025-01-30T02:35:05.600+0800] {dagbag.py:588} INFO - Filling up the DagBag from /home/anhtupham99/miniforge3/envs/nba/lib/python3.11/site-packages/airflow/example_dags/example_latest_only_with_trigger.py
[2025-01-30T02:35:05.606+0800] {processor.py:925} INFO - DAG(s) 'latest_only_with_trigger' retrieved from /home/anhtupham99/miniforge3/envs/nba/lib/python3.11/site-packages/airflow/example_dags/example_latest_only_with_trigger.py
[2025-01-30T02:35:05.695+0800] {logging_mixin.py:190} INFO - [2025-01-30T02:35:05.694+0800] {override.py:1911} INFO - Created Permission View: can delete on DAG:latest_only_with_trigger
[2025-01-30T02:35:05.716+0800] {logging_mixin.py:190} INFO - [2025-01-30T02:35:05.715+0800] {override.py:1911} INFO - Created Permission View: can read on DAG:latest_only_with_trigger
[2025-01-30T02:35:05.735+0800] {logging_mixin.py:190} INFO - [2025-01-30T02:35:05.734+0800] {override.py:1911} INFO - Created Permission View: can edit on DAG:latest_only_with_trigger
[2025-01-30T02:35:05.765+0800] {logging_mixin.py:190} INFO - [2025-01-30T02:35:05.764+0800] {override.py:1911} INFO - Created Permission View: can delete on DAG Run:latest_only_with_trigger
[2025-01-30T02:35:05.786+0800] {logging_mixin.py:190} INFO - [2025-01-30T02:35:05.786+0800] {override.py:1911} INFO - Created Permission View: can create on DAG Run:latest_only_with_trigger
[2025-01-30T02:35:05.809+0800] {logging_mixin.py:190} INFO - [2025-01-30T02:35:05.808+0800] {override.py:1911} INFO - Created Permission View: menu access on DAG Run:latest_only_with_trigger
[2025-01-30T02:35:05.824+0800] {logging_mixin.py:190} INFO - [2025-01-30T02:35:05.823+0800] {override.py:1911} INFO - Created Permission View: can read on DAG Run:latest_only_with_trigger
[2025-01-30T02:35:05.824+0800] {logging_mixin.py:190} INFO - [2025-01-30T02:35:05.824+0800] {dag.py:3239} INFO - Sync 1 DAGs
[2025-01-30T02:35:05.831+0800] {logging_mixin.py:190} INFO - [2025-01-30T02:35:05.830+0800] {dag.py:3262} INFO - Creating ORM DAG for latest_only_with_trigger
[2025-01-30T02:35:05.836+0800] {logging_mixin.py:190} INFO - [2025-01-30T02:35:05.835+0800] {dag.py:4180} INFO - Setting next_dagrun for latest_only_with_trigger to 2025-01-29 12:00:00+00:00, run_after=2025-01-29 16:00:00+00:00
[2025-01-30T02:35:05.863+0800] {processor.py:208} INFO - Processing /home/anhtupham99/miniforge3/envs/nba/lib/python3.11/site-packages/airflow/example_dags/example_latest_only_with_trigger.py took 0.286 seconds
[2025-01-30T02:36:13.636+0800] {processor.py:186} INFO - Started process (PID=14900) to work on /home/anhtupham99/miniforge3/envs/nba/lib/python3.11/site-packages/airflow/example_dags/example_latest_only_with_trigger.py
[2025-01-30T02:36:13.638+0800] {processor.py:914} INFO - Processing file /home/anhtupham99/miniforge3/envs/nba/lib/python3.11/site-packages/airflow/example_dags/example_latest_only_with_trigger.py for tasks to queue
[2025-01-30T02:36:13.642+0800] {logging_mixin.py:190} INFO - [2025-01-30T02:36:13.642+0800] {dagbag.py:588} INFO - Filling up the DagBag from /home/anhtupham99/miniforge3/envs/nba/lib/python3.11/site-packages/airflow/example_dags/example_latest_only_with_trigger.py
[2025-01-30T02:36:13.654+0800] {processor.py:925} INFO - DAG(s) 'latest_only_with_trigger' retrieved from /home/anhtupham99/miniforge3/envs/nba/lib/python3.11/site-packages/airflow/example_dags/example_latest_only_with_trigger.py
[2025-01-30T02:36:13.673+0800] {logging_mixin.py:190} INFO - [2025-01-30T02:36:13.673+0800] {dag.py:3239} INFO - Sync 1 DAGs
[2025-01-30T02:36:13.688+0800] {logging_mixin.py:190} INFO - [2025-01-30T02:36:13.687+0800] {dag.py:4180} INFO - Setting next_dagrun for latest_only_with_trigger to 2025-01-29 12:00:00+00:00, run_after=2025-01-29 16:00:00+00:00
[2025-01-30T02:36:13.723+0800] {processor.py:208} INFO - Processing /home/anhtupham99/miniforge3/envs/nba/lib/python3.11/site-packages/airflow/example_dags/example_latest_only_with_trigger.py took 0.099 seconds
[2025-01-30T02:48:11.902+0800] {processor.py:186} INFO - Started process (PID=19108) to work on /home/anhtupham99/miniforge3/envs/nba/lib/python3.11/site-packages/airflow/example_dags/example_latest_only_with_trigger.py
[2025-01-30T02:48:11.904+0800] {processor.py:914} INFO - Processing file /home/anhtupham99/miniforge3/envs/nba/lib/python3.11/site-packages/airflow/example_dags/example_latest_only_with_trigger.py for tasks to queue
[2025-01-30T02:48:11.908+0800] {logging_mixin.py:190} INFO - [2025-01-30T02:48:11.907+0800] {dagbag.py:588} INFO - Filling up the DagBag from /home/anhtupham99/miniforge3/envs/nba/lib/python3.11/site-packages/airflow/example_dags/example_latest_only_with_trigger.py
[2025-01-30T02:48:11.919+0800] {processor.py:925} INFO - DAG(s) 'latest_only_with_trigger' retrieved from /home/anhtupham99/miniforge3/envs/nba/lib/python3.11/site-packages/airflow/example_dags/example_latest_only_with_trigger.py
[2025-01-30T02:48:11.936+0800] {logging_mixin.py:190} INFO - [2025-01-30T02:48:11.936+0800] {dag.py:3239} INFO - Sync 1 DAGs
[2025-01-30T02:48:11.948+0800] {logging_mixin.py:190} INFO - [2025-01-30T02:48:11.948+0800] {dag.py:4180} INFO - Setting next_dagrun for latest_only_with_trigger to 2025-01-29 12:00:00+00:00, run_after=2025-01-29 16:00:00+00:00
[2025-01-30T02:48:11.988+0800] {processor.py:208} INFO - Processing /home/anhtupham99/miniforge3/envs/nba/lib/python3.11/site-packages/airflow/example_dags/example_latest_only_with_trigger.py took 0.097 seconds
[2025-01-30T02:49:09.054+0800] {processor.py:186} INFO - Started process (PID=19425) to work on /home/anhtupham99/miniforge3/envs/nba/lib/python3.11/site-packages/airflow/example_dags/example_latest_only_with_trigger.py
[2025-01-30T02:49:09.055+0800] {processor.py:914} INFO - Processing file /home/anhtupham99/miniforge3/envs/nba/lib/python3.11/site-packages/airflow/example_dags/example_latest_only_with_trigger.py for tasks to queue
[2025-01-30T02:49:09.059+0800] {logging_mixin.py:190} INFO - [2025-01-30T02:49:09.058+0800] {dagbag.py:588} INFO - Filling up the DagBag from /home/anhtupham99/miniforge3/envs/nba/lib/python3.11/site-packages/airflow/example_dags/example_latest_only_with_trigger.py
[2025-01-30T02:49:09.069+0800] {processor.py:925} INFO - DAG(s) 'latest_only_with_trigger' retrieved from /home/anhtupham99/miniforge3/envs/nba/lib/python3.11/site-packages/airflow/example_dags/example_latest_only_with_trigger.py
[2025-01-30T02:49:09.089+0800] {logging_mixin.py:190} INFO - [2025-01-30T02:49:09.088+0800] {dag.py:3239} INFO - Sync 1 DAGs
[2025-01-30T02:49:09.108+0800] {logging_mixin.py:190} INFO - [2025-01-30T02:49:09.108+0800] {dag.py:4180} INFO - Setting next_dagrun for latest_only_with_trigger to 2025-01-29 12:00:00+00:00, run_after=2025-01-29 16:00:00+00:00
[2025-01-30T02:49:09.140+0800] {processor.py:208} INFO - Processing /home/anhtupham99/miniforge3/envs/nba/lib/python3.11/site-packages/airflow/example_dags/example_latest_only_with_trigger.py took 0.094 seconds
[2025-01-30T02:50:01.142+0800] {processor.py:186} INFO - Started process (PID=19746) to work on /home/anhtupham99/miniforge3/envs/nba/lib/python3.11/site-packages/airflow/example_dags/example_latest_only_with_trigger.py
[2025-01-30T02:50:01.146+0800] {processor.py:914} INFO - Processing file /home/anhtupham99/miniforge3/envs/nba/lib/python3.11/site-packages/airflow/example_dags/example_latest_only_with_trigger.py for tasks to queue
[2025-01-30T02:50:01.149+0800] {logging_mixin.py:190} INFO - [2025-01-30T02:50:01.149+0800] {dagbag.py:588} INFO - Filling up the DagBag from /home/anhtupham99/miniforge3/envs/nba/lib/python3.11/site-packages/airflow/example_dags/example_latest_only_with_trigger.py
[2025-01-30T02:50:01.159+0800] {processor.py:925} INFO - DAG(s) 'latest_only_with_trigger' retrieved from /home/anhtupham99/miniforge3/envs/nba/lib/python3.11/site-packages/airflow/example_dags/example_latest_only_with_trigger.py
[2025-01-30T02:50:01.177+0800] {logging_mixin.py:190} INFO - [2025-01-30T02:50:01.177+0800] {dag.py:3239} INFO - Sync 1 DAGs
[2025-01-30T02:50:01.189+0800] {logging_mixin.py:190} INFO - [2025-01-30T02:50:01.189+0800] {dag.py:4180} INFO - Setting next_dagrun for latest_only_with_trigger to 2025-01-29 12:00:00+00:00, run_after=2025-01-29 16:00:00+00:00
[2025-01-30T02:50:01.216+0800] {processor.py:208} INFO - Processing /home/anhtupham99/miniforge3/envs/nba/lib/python3.11/site-packages/airflow/example_dags/example_latest_only_with_trigger.py took 0.089 seconds
[2025-01-30T02:50:54.887+0800] {processor.py:186} INFO - Started process (PID=20059) to work on /home/anhtupham99/miniforge3/envs/nba/lib/python3.11/site-packages/airflow/example_dags/example_latest_only_with_trigger.py
[2025-01-30T02:50:54.889+0800] {processor.py:914} INFO - Processing file /home/anhtupham99/miniforge3/envs/nba/lib/python3.11/site-packages/airflow/example_dags/example_latest_only_with_trigger.py for tasks to queue
[2025-01-30T02:50:54.894+0800] {logging_mixin.py:190} INFO - [2025-01-30T02:50:54.893+0800] {dagbag.py:588} INFO - Filling up the DagBag from /home/anhtupham99/miniforge3/envs/nba/lib/python3.11/site-packages/airflow/example_dags/example_latest_only_with_trigger.py
[2025-01-30T02:50:54.909+0800] {processor.py:925} INFO - DAG(s) 'latest_only_with_trigger' retrieved from /home/anhtupham99/miniforge3/envs/nba/lib/python3.11/site-packages/airflow/example_dags/example_latest_only_with_trigger.py
[2025-01-30T02:50:54.919+0800] {logging_mixin.py:190} INFO - [2025-01-30T02:50:54.919+0800] {dag.py:3239} INFO - Sync 1 DAGs
[2025-01-30T02:50:54.931+0800] {logging_mixin.py:190} INFO - [2025-01-30T02:50:54.930+0800] {dag.py:4180} INFO - Setting next_dagrun for latest_only_with_trigger to 2025-01-29 12:00:00+00:00, run_after=2025-01-29 16:00:00+00:00
[2025-01-30T02:50:54.964+0800] {processor.py:208} INFO - Processing /home/anhtupham99/miniforge3/envs/nba/lib/python3.11/site-packages/airflow/example_dags/example_latest_only_with_trigger.py took 0.087 seconds
[2025-01-30T02:51:49.099+0800] {processor.py:186} INFO - Started process (PID=20357) to work on /home/anhtupham99/miniforge3/envs/nba/lib/python3.11/site-packages/airflow/example_dags/example_latest_only_with_trigger.py
[2025-01-30T02:51:49.104+0800] {processor.py:914} INFO - Processing file /home/anhtupham99/miniforge3/envs/nba/lib/python3.11/site-packages/airflow/example_dags/example_latest_only_with_trigger.py for tasks to queue
[2025-01-30T02:51:49.107+0800] {logging_mixin.py:190} INFO - [2025-01-30T02:51:49.107+0800] {dagbag.py:588} INFO - Filling up the DagBag from /home/anhtupham99/miniforge3/envs/nba/lib/python3.11/site-packages/airflow/example_dags/example_latest_only_with_trigger.py
[2025-01-30T02:51:49.117+0800] {processor.py:925} INFO - DAG(s) 'latest_only_with_trigger' retrieved from /home/anhtupham99/miniforge3/envs/nba/lib/python3.11/site-packages/airflow/example_dags/example_latest_only_with_trigger.py
[2025-01-30T02:51:49.129+0800] {logging_mixin.py:190} INFO - [2025-01-30T02:51:49.129+0800] {dag.py:3239} INFO - Sync 1 DAGs
[2025-01-30T02:51:49.143+0800] {logging_mixin.py:190} INFO - [2025-01-30T02:51:49.143+0800] {dag.py:4180} INFO - Setting next_dagrun for latest_only_with_trigger to 2025-01-29 12:00:00+00:00, run_after=2025-01-29 16:00:00+00:00
[2025-01-30T02:51:49.164+0800] {processor.py:208} INFO - Processing /home/anhtupham99/miniforge3/envs/nba/lib/python3.11/site-packages/airflow/example_dags/example_latest_only_with_trigger.py took 0.073 seconds
[2025-01-30T02:52:43.618+0800] {processor.py:186} INFO - Started process (PID=20691) to work on /home/anhtupham99/miniforge3/envs/nba/lib/python3.11/site-packages/airflow/example_dags/example_latest_only_with_trigger.py
[2025-01-30T02:52:43.621+0800] {processor.py:914} INFO - Processing file /home/anhtupham99/miniforge3/envs/nba/lib/python3.11/site-packages/airflow/example_dags/example_latest_only_with_trigger.py for tasks to queue
[2025-01-30T02:52:43.625+0800] {logging_mixin.py:190} INFO - [2025-01-30T02:52:43.624+0800] {dagbag.py:588} INFO - Filling up the DagBag from /home/anhtupham99/miniforge3/envs/nba/lib/python3.11/site-packages/airflow/example_dags/example_latest_only_with_trigger.py
[2025-01-30T02:52:43.639+0800] {processor.py:925} INFO - DAG(s) 'latest_only_with_trigger' retrieved from /home/anhtupham99/miniforge3/envs/nba/lib/python3.11/site-packages/airflow/example_dags/example_latest_only_with_trigger.py
[2025-01-30T02:52:43.665+0800] {logging_mixin.py:190} INFO - [2025-01-30T02:52:43.664+0800] {dag.py:3239} INFO - Sync 1 DAGs
[2025-01-30T02:52:43.687+0800] {logging_mixin.py:190} INFO - [2025-01-30T02:52:43.686+0800] {dag.py:4180} INFO - Setting next_dagrun for latest_only_with_trigger to 2025-01-29 12:00:00+00:00, run_after=2025-01-29 16:00:00+00:00
[2025-01-30T02:52:43.721+0800] {processor.py:208} INFO - Processing /home/anhtupham99/miniforge3/envs/nba/lib/python3.11/site-packages/airflow/example_dags/example_latest_only_with_trigger.py took 0.117 seconds
[2025-01-30T02:53:36.008+0800] {processor.py:186} INFO - Started process (PID=20986) to work on /home/anhtupham99/miniforge3/envs/nba/lib/python3.11/site-packages/airflow/example_dags/example_latest_only_with_trigger.py
[2025-01-30T02:53:36.012+0800] {processor.py:914} INFO - Processing file /home/anhtupham99/miniforge3/envs/nba/lib/python3.11/site-packages/airflow/example_dags/example_latest_only_with_trigger.py for tasks to queue
[2025-01-30T02:53:36.014+0800] {logging_mixin.py:190} INFO - [2025-01-30T02:53:36.014+0800] {dagbag.py:588} INFO - Filling up the DagBag from /home/anhtupham99/miniforge3/envs/nba/lib/python3.11/site-packages/airflow/example_dags/example_latest_only_with_trigger.py
[2025-01-30T02:53:36.019+0800] {processor.py:925} INFO - DAG(s) 'latest_only_with_trigger' retrieved from /home/anhtupham99/miniforge3/envs/nba/lib/python3.11/site-packages/airflow/example_dags/example_latest_only_with_trigger.py
[2025-01-30T02:53:36.029+0800] {logging_mixin.py:190} INFO - [2025-01-30T02:53:36.029+0800] {dag.py:3239} INFO - Sync 1 DAGs
[2025-01-30T02:53:36.042+0800] {logging_mixin.py:190} INFO - [2025-01-30T02:53:36.041+0800] {dag.py:4180} INFO - Setting next_dagrun for latest_only_with_trigger to 2025-01-29 12:00:00+00:00, run_after=2025-01-29 16:00:00+00:00
[2025-01-30T02:53:36.064+0800] {processor.py:208} INFO - Processing /home/anhtupham99/miniforge3/envs/nba/lib/python3.11/site-packages/airflow/example_dags/example_latest_only_with_trigger.py took 0.060 seconds
[2025-01-30T02:54:26.228+0800] {processor.py:186} INFO - Started process (PID=21278) to work on /home/anhtupham99/miniforge3/envs/nba/lib/python3.11/site-packages/airflow/example_dags/example_latest_only_with_trigger.py
[2025-01-30T02:54:26.229+0800] {processor.py:914} INFO - Processing file /home/anhtupham99/miniforge3/envs/nba/lib/python3.11/site-packages/airflow/example_dags/example_latest_only_with_trigger.py for tasks to queue
[2025-01-30T02:54:26.231+0800] {logging_mixin.py:190} INFO - [2025-01-30T02:54:26.230+0800] {dagbag.py:588} INFO - Filling up the DagBag from /home/anhtupham99/miniforge3/envs/nba/lib/python3.11/site-packages/airflow/example_dags/example_latest_only_with_trigger.py
[2025-01-30T02:54:26.236+0800] {processor.py:925} INFO - DAG(s) 'latest_only_with_trigger' retrieved from /home/anhtupham99/miniforge3/envs/nba/lib/python3.11/site-packages/airflow/example_dags/example_latest_only_with_trigger.py
[2025-01-30T02:54:26.246+0800] {logging_mixin.py:190} INFO - [2025-01-30T02:54:26.246+0800] {dag.py:3239} INFO - Sync 1 DAGs
[2025-01-30T02:54:26.259+0800] {logging_mixin.py:190} INFO - [2025-01-30T02:54:26.258+0800] {dag.py:4180} INFO - Setting next_dagrun for latest_only_with_trigger to 2025-01-29 12:00:00+00:00, run_after=2025-01-29 16:00:00+00:00
[2025-01-30T02:54:26.279+0800] {processor.py:208} INFO - Processing /home/anhtupham99/miniforge3/envs/nba/lib/python3.11/site-packages/airflow/example_dags/example_latest_only_with_trigger.py took 0.056 seconds
[2025-01-30T02:55:22.411+0800] {processor.py:186} INFO - Started process (PID=21590) to work on /home/anhtupham99/miniforge3/envs/nba/lib/python3.11/site-packages/airflow/example_dags/example_latest_only_with_trigger.py
[2025-01-30T02:55:22.412+0800] {processor.py:914} INFO - Processing file /home/anhtupham99/miniforge3/envs/nba/lib/python3.11/site-packages/airflow/example_dags/example_latest_only_with_trigger.py for tasks to queue
[2025-01-30T02:55:22.414+0800] {logging_mixin.py:190} INFO - [2025-01-30T02:55:22.414+0800] {dagbag.py:588} INFO - Filling up the DagBag from /home/anhtupham99/miniforge3/envs/nba/lib/python3.11/site-packages/airflow/example_dags/example_latest_only_with_trigger.py
[2025-01-30T02:55:22.420+0800] {processor.py:925} INFO - DAG(s) 'latest_only_with_trigger' retrieved from /home/anhtupham99/miniforge3/envs/nba/lib/python3.11/site-packages/airflow/example_dags/example_latest_only_with_trigger.py
[2025-01-30T02:55:22.430+0800] {logging_mixin.py:190} INFO - [2025-01-30T02:55:22.430+0800] {dag.py:3239} INFO - Sync 1 DAGs
[2025-01-30T02:55:22.443+0800] {logging_mixin.py:190} INFO - [2025-01-30T02:55:22.443+0800] {dag.py:4180} INFO - Setting next_dagrun for latest_only_with_trigger to 2025-01-29 12:00:00+00:00, run_after=2025-01-29 16:00:00+00:00
[2025-01-30T02:55:22.465+0800] {processor.py:208} INFO - Processing /home/anhtupham99/miniforge3/envs/nba/lib/python3.11/site-packages/airflow/example_dags/example_latest_only_with_trigger.py took 0.059 seconds
[2025-01-30T02:56:08.975+0800] {processor.py:186} INFO - Started process (PID=21877) to work on /home/anhtupham99/miniforge3/envs/nba/lib/python3.11/site-packages/airflow/example_dags/example_latest_only_with_trigger.py
[2025-01-30T02:56:08.976+0800] {processor.py:914} INFO - Processing file /home/anhtupham99/miniforge3/envs/nba/lib/python3.11/site-packages/airflow/example_dags/example_latest_only_with_trigger.py for tasks to queue
[2025-01-30T02:56:08.978+0800] {logging_mixin.py:190} INFO - [2025-01-30T02:56:08.977+0800] {dagbag.py:588} INFO - Filling up the DagBag from /home/anhtupham99/miniforge3/envs/nba/lib/python3.11/site-packages/airflow/example_dags/example_latest_only_with_trigger.py
[2025-01-30T02:56:08.983+0800] {processor.py:925} INFO - DAG(s) 'latest_only_with_trigger' retrieved from /home/anhtupham99/miniforge3/envs/nba/lib/python3.11/site-packages/airflow/example_dags/example_latest_only_with_trigger.py
[2025-01-30T02:56:08.993+0800] {logging_mixin.py:190} INFO - [2025-01-30T02:56:08.993+0800] {dag.py:3239} INFO - Sync 1 DAGs
[2025-01-30T02:56:09.006+0800] {logging_mixin.py:190} INFO - [2025-01-30T02:56:09.006+0800] {dag.py:4180} INFO - Setting next_dagrun for latest_only_with_trigger to 2025-01-29 12:00:00+00:00, run_after=2025-01-29 16:00:00+00:00
[2025-01-30T02:56:09.028+0800] {processor.py:208} INFO - Processing /home/anhtupham99/miniforge3/envs/nba/lib/python3.11/site-packages/airflow/example_dags/example_latest_only_with_trigger.py took 0.058 seconds
[2025-01-30T02:56:57.388+0800] {processor.py:186} INFO - Started process (PID=22144) to work on /home/anhtupham99/miniforge3/envs/nba/lib/python3.11/site-packages/airflow/example_dags/example_latest_only_with_trigger.py
[2025-01-30T02:56:57.390+0800] {processor.py:914} INFO - Processing file /home/anhtupham99/miniforge3/envs/nba/lib/python3.11/site-packages/airflow/example_dags/example_latest_only_with_trigger.py for tasks to queue
[2025-01-30T02:56:57.392+0800] {logging_mixin.py:190} INFO - [2025-01-30T02:56:57.392+0800] {dagbag.py:588} INFO - Filling up the DagBag from /home/anhtupham99/miniforge3/envs/nba/lib/python3.11/site-packages/airflow/example_dags/example_latest_only_with_trigger.py
[2025-01-30T02:56:57.398+0800] {processor.py:925} INFO - DAG(s) 'latest_only_with_trigger' retrieved from /home/anhtupham99/miniforge3/envs/nba/lib/python3.11/site-packages/airflow/example_dags/example_latest_only_with_trigger.py
[2025-01-30T02:56:57.408+0800] {logging_mixin.py:190} INFO - [2025-01-30T02:56:57.408+0800] {dag.py:3239} INFO - Sync 1 DAGs
[2025-01-30T02:56:57.421+0800] {logging_mixin.py:190} INFO - [2025-01-30T02:56:57.421+0800] {dag.py:4180} INFO - Setting next_dagrun for latest_only_with_trigger to 2025-01-29 12:00:00+00:00, run_after=2025-01-29 16:00:00+00:00
[2025-01-30T02:56:57.442+0800] {processor.py:208} INFO - Processing /home/anhtupham99/miniforge3/envs/nba/lib/python3.11/site-packages/airflow/example_dags/example_latest_only_with_trigger.py took 0.057 seconds
[2025-01-30T02:57:43.971+0800] {processor.py:186} INFO - Started process (PID=22476) to work on /home/anhtupham99/miniforge3/envs/nba/lib/python3.11/site-packages/airflow/example_dags/example_latest_only_with_trigger.py
[2025-01-30T02:57:43.972+0800] {processor.py:914} INFO - Processing file /home/anhtupham99/miniforge3/envs/nba/lib/python3.11/site-packages/airflow/example_dags/example_latest_only_with_trigger.py for tasks to queue
[2025-01-30T02:57:43.973+0800] {logging_mixin.py:190} INFO - [2025-01-30T02:57:43.973+0800] {dagbag.py:588} INFO - Filling up the DagBag from /home/anhtupham99/miniforge3/envs/nba/lib/python3.11/site-packages/airflow/example_dags/example_latest_only_with_trigger.py
[2025-01-30T02:57:43.980+0800] {processor.py:925} INFO - DAG(s) 'latest_only_with_trigger' retrieved from /home/anhtupham99/miniforge3/envs/nba/lib/python3.11/site-packages/airflow/example_dags/example_latest_only_with_trigger.py
[2025-01-30T02:57:43.991+0800] {logging_mixin.py:190} INFO - [2025-01-30T02:57:43.990+0800] {dag.py:3239} INFO - Sync 1 DAGs
[2025-01-30T02:57:44.004+0800] {logging_mixin.py:190} INFO - [2025-01-30T02:57:44.003+0800] {dag.py:4180} INFO - Setting next_dagrun for latest_only_with_trigger to 2025-01-29 12:00:00+00:00, run_after=2025-01-29 16:00:00+00:00
[2025-01-30T02:57:44.032+0800] {processor.py:208} INFO - Processing /home/anhtupham99/miniforge3/envs/nba/lib/python3.11/site-packages/airflow/example_dags/example_latest_only_with_trigger.py took 0.065 seconds
[2025-01-30T02:58:34.286+0800] {processor.py:186} INFO - Started process (PID=22755) to work on /home/anhtupham99/miniforge3/envs/nba/lib/python3.11/site-packages/airflow/example_dags/example_latest_only_with_trigger.py
[2025-01-30T02:58:34.288+0800] {processor.py:914} INFO - Processing file /home/anhtupham99/miniforge3/envs/nba/lib/python3.11/site-packages/airflow/example_dags/example_latest_only_with_trigger.py for tasks to queue
[2025-01-30T02:58:34.289+0800] {logging_mixin.py:190} INFO - [2025-01-30T02:58:34.289+0800] {dagbag.py:588} INFO - Filling up the DagBag from /home/anhtupham99/miniforge3/envs/nba/lib/python3.11/site-packages/airflow/example_dags/example_latest_only_with_trigger.py
[2025-01-30T02:58:34.295+0800] {processor.py:925} INFO - DAG(s) 'latest_only_with_trigger' retrieved from /home/anhtupham99/miniforge3/envs/nba/lib/python3.11/site-packages/airflow/example_dags/example_latest_only_with_trigger.py
[2025-01-30T02:58:34.306+0800] {logging_mixin.py:190} INFO - [2025-01-30T02:58:34.305+0800] {dag.py:3239} INFO - Sync 1 DAGs
[2025-01-30T02:58:34.318+0800] {logging_mixin.py:190} INFO - [2025-01-30T02:58:34.318+0800] {dag.py:4180} INFO - Setting next_dagrun for latest_only_with_trigger to 2025-01-29 12:00:00+00:00, run_after=2025-01-29 16:00:00+00:00
[2025-01-30T02:58:34.340+0800] {processor.py:208} INFO - Processing /home/anhtupham99/miniforge3/envs/nba/lib/python3.11/site-packages/airflow/example_dags/example_latest_only_with_trigger.py took 0.058 seconds
[2025-01-30T02:59:24.860+0800] {processor.py:186} INFO - Started process (PID=23045) to work on /home/anhtupham99/miniforge3/envs/nba/lib/python3.11/site-packages/airflow/example_dags/example_latest_only_with_trigger.py
[2025-01-30T02:59:24.864+0800] {processor.py:914} INFO - Processing file /home/anhtupham99/miniforge3/envs/nba/lib/python3.11/site-packages/airflow/example_dags/example_latest_only_with_trigger.py for tasks to queue
[2025-01-30T02:59:24.866+0800] {logging_mixin.py:190} INFO - [2025-01-30T02:59:24.865+0800] {dagbag.py:588} INFO - Filling up the DagBag from /home/anhtupham99/miniforge3/envs/nba/lib/python3.11/site-packages/airflow/example_dags/example_latest_only_with_trigger.py
[2025-01-30T02:59:24.871+0800] {processor.py:925} INFO - DAG(s) 'latest_only_with_trigger' retrieved from /home/anhtupham99/miniforge3/envs/nba/lib/python3.11/site-packages/airflow/example_dags/example_latest_only_with_trigger.py
[2025-01-30T02:59:24.881+0800] {logging_mixin.py:190} INFO - [2025-01-30T02:59:24.881+0800] {dag.py:3239} INFO - Sync 1 DAGs
[2025-01-30T02:59:24.894+0800] {logging_mixin.py:190} INFO - [2025-01-30T02:59:24.894+0800] {dag.py:4180} INFO - Setting next_dagrun for latest_only_with_trigger to 2025-01-29 12:00:00+00:00, run_after=2025-01-29 16:00:00+00:00
[2025-01-30T02:59:24.917+0800] {processor.py:208} INFO - Processing /home/anhtupham99/miniforge3/envs/nba/lib/python3.11/site-packages/airflow/example_dags/example_latest_only_with_trigger.py took 0.062 seconds
[2025-01-30T03:00:16.518+0800] {processor.py:186} INFO - Started process (PID=23354) to work on /home/anhtupham99/miniforge3/envs/nba/lib/python3.11/site-packages/airflow/example_dags/example_latest_only_with_trigger.py
[2025-01-30T03:00:16.520+0800] {processor.py:914} INFO - Processing file /home/anhtupham99/miniforge3/envs/nba/lib/python3.11/site-packages/airflow/example_dags/example_latest_only_with_trigger.py for tasks to queue
[2025-01-30T03:00:16.522+0800] {logging_mixin.py:190} INFO - [2025-01-30T03:00:16.522+0800] {dagbag.py:588} INFO - Filling up the DagBag from /home/anhtupham99/miniforge3/envs/nba/lib/python3.11/site-packages/airflow/example_dags/example_latest_only_with_trigger.py
[2025-01-30T03:00:16.527+0800] {processor.py:925} INFO - DAG(s) 'latest_only_with_trigger' retrieved from /home/anhtupham99/miniforge3/envs/nba/lib/python3.11/site-packages/airflow/example_dags/example_latest_only_with_trigger.py
[2025-01-30T03:00:16.537+0800] {logging_mixin.py:190} INFO - [2025-01-30T03:00:16.537+0800] {dag.py:3239} INFO - Sync 1 DAGs
[2025-01-30T03:00:16.550+0800] {logging_mixin.py:190} INFO - [2025-01-30T03:00:16.549+0800] {dag.py:4180} INFO - Setting next_dagrun for latest_only_with_trigger to 2025-01-29 12:00:00+00:00, run_after=2025-01-29 16:00:00+00:00
[2025-01-30T03:00:16.572+0800] {processor.py:208} INFO - Processing /home/anhtupham99/miniforge3/envs/nba/lib/python3.11/site-packages/airflow/example_dags/example_latest_only_with_trigger.py took 0.057 seconds
[2025-01-30T03:01:04.228+0800] {processor.py:186} INFO - Started process (PID=23630) to work on /home/anhtupham99/miniforge3/envs/nba/lib/python3.11/site-packages/airflow/example_dags/example_latest_only_with_trigger.py
[2025-01-30T03:01:04.229+0800] {processor.py:914} INFO - Processing file /home/anhtupham99/miniforge3/envs/nba/lib/python3.11/site-packages/airflow/example_dags/example_latest_only_with_trigger.py for tasks to queue
[2025-01-30T03:01:04.231+0800] {logging_mixin.py:190} INFO - [2025-01-30T03:01:04.231+0800] {dagbag.py:588} INFO - Filling up the DagBag from /home/anhtupham99/miniforge3/envs/nba/lib/python3.11/site-packages/airflow/example_dags/example_latest_only_with_trigger.py
[2025-01-30T03:01:04.236+0800] {processor.py:925} INFO - DAG(s) 'latest_only_with_trigger' retrieved from /home/anhtupham99/miniforge3/envs/nba/lib/python3.11/site-packages/airflow/example_dags/example_latest_only_with_trigger.py
[2025-01-30T03:01:04.246+0800] {logging_mixin.py:190} INFO - [2025-01-30T03:01:04.246+0800] {dag.py:3239} INFO - Sync 1 DAGs
[2025-01-30T03:01:04.259+0800] {logging_mixin.py:190} INFO - [2025-01-30T03:01:04.259+0800] {dag.py:4180} INFO - Setting next_dagrun for latest_only_with_trigger to 2025-01-29 12:00:00+00:00, run_after=2025-01-29 16:00:00+00:00
[2025-01-30T03:01:04.280+0800] {processor.py:208} INFO - Processing /home/anhtupham99/miniforge3/envs/nba/lib/python3.11/site-packages/airflow/example_dags/example_latest_only_with_trigger.py took 0.058 seconds
[2025-01-30T03:01:51.796+0800] {processor.py:186} INFO - Started process (PID=23894) to work on /home/anhtupham99/miniforge3/envs/nba/lib/python3.11/site-packages/airflow/example_dags/example_latest_only_with_trigger.py
[2025-01-30T03:01:51.797+0800] {processor.py:914} INFO - Processing file /home/anhtupham99/miniforge3/envs/nba/lib/python3.11/site-packages/airflow/example_dags/example_latest_only_with_trigger.py for tasks to queue
[2025-01-30T03:01:51.799+0800] {logging_mixin.py:190} INFO - [2025-01-30T03:01:51.798+0800] {dagbag.py:588} INFO - Filling up the DagBag from /home/anhtupham99/miniforge3/envs/nba/lib/python3.11/site-packages/airflow/example_dags/example_latest_only_with_trigger.py
[2025-01-30T03:01:51.805+0800] {processor.py:925} INFO - DAG(s) 'latest_only_with_trigger' retrieved from /home/anhtupham99/miniforge3/envs/nba/lib/python3.11/site-packages/airflow/example_dags/example_latest_only_with_trigger.py
[2025-01-30T03:01:51.817+0800] {logging_mixin.py:190} INFO - [2025-01-30T03:01:51.817+0800] {dag.py:3239} INFO - Sync 1 DAGs
[2025-01-30T03:01:51.831+0800] {logging_mixin.py:190} INFO - [2025-01-30T03:01:51.831+0800] {dag.py:4180} INFO - Setting next_dagrun for latest_only_with_trigger to 2025-01-29 12:00:00+00:00, run_after=2025-01-29 16:00:00+00:00
[2025-01-30T03:01:51.853+0800] {processor.py:208} INFO - Processing /home/anhtupham99/miniforge3/envs/nba/lib/python3.11/site-packages/airflow/example_dags/example_latest_only_with_trigger.py took 0.063 seconds
[2025-01-30T03:02:38.033+0800] {processor.py:186} INFO - Started process (PID=24202) to work on /home/anhtupham99/miniforge3/envs/nba/lib/python3.11/site-packages/airflow/example_dags/example_latest_only_with_trigger.py
[2025-01-30T03:02:38.034+0800] {processor.py:914} INFO - Processing file /home/anhtupham99/miniforge3/envs/nba/lib/python3.11/site-packages/airflow/example_dags/example_latest_only_with_trigger.py for tasks to queue
[2025-01-30T03:02:38.037+0800] {logging_mixin.py:190} INFO - [2025-01-30T03:02:38.036+0800] {dagbag.py:588} INFO - Filling up the DagBag from /home/anhtupham99/miniforge3/envs/nba/lib/python3.11/site-packages/airflow/example_dags/example_latest_only_with_trigger.py
[2025-01-30T03:02:38.043+0800] {processor.py:925} INFO - DAG(s) 'latest_only_with_trigger' retrieved from /home/anhtupham99/miniforge3/envs/nba/lib/python3.11/site-packages/airflow/example_dags/example_latest_only_with_trigger.py
[2025-01-30T03:02:38.054+0800] {logging_mixin.py:190} INFO - [2025-01-30T03:02:38.054+0800] {dag.py:3239} INFO - Sync 1 DAGs
[2025-01-30T03:02:38.067+0800] {logging_mixin.py:190} INFO - [2025-01-30T03:02:38.067+0800] {dag.py:4180} INFO - Setting next_dagrun for latest_only_with_trigger to 2025-01-29 12:00:00+00:00, run_after=2025-01-29 16:00:00+00:00
[2025-01-30T03:02:38.090+0800] {processor.py:208} INFO - Processing /home/anhtupham99/miniforge3/envs/nba/lib/python3.11/site-packages/airflow/example_dags/example_latest_only_with_trigger.py took 0.062 seconds
[2025-01-30T03:03:26.145+0800] {processor.py:186} INFO - Started process (PID=24476) to work on /home/anhtupham99/miniforge3/envs/nba/lib/python3.11/site-packages/airflow/example_dags/example_latest_only_with_trigger.py
[2025-01-30T03:03:26.146+0800] {processor.py:914} INFO - Processing file /home/anhtupham99/miniforge3/envs/nba/lib/python3.11/site-packages/airflow/example_dags/example_latest_only_with_trigger.py for tasks to queue
[2025-01-30T03:03:26.148+0800] {logging_mixin.py:190} INFO - [2025-01-30T03:03:26.148+0800] {dagbag.py:588} INFO - Filling up the DagBag from /home/anhtupham99/miniforge3/envs/nba/lib/python3.11/site-packages/airflow/example_dags/example_latest_only_with_trigger.py
[2025-01-30T03:03:26.154+0800] {processor.py:925} INFO - DAG(s) 'latest_only_with_trigger' retrieved from /home/anhtupham99/miniforge3/envs/nba/lib/python3.11/site-packages/airflow/example_dags/example_latest_only_with_trigger.py
[2025-01-30T03:03:26.165+0800] {logging_mixin.py:190} INFO - [2025-01-30T03:03:26.165+0800] {dag.py:3239} INFO - Sync 1 DAGs
[2025-01-30T03:03:26.178+0800] {logging_mixin.py:190} INFO - [2025-01-30T03:03:26.178+0800] {dag.py:4180} INFO - Setting next_dagrun for latest_only_with_trigger to 2025-01-29 12:00:00+00:00, run_after=2025-01-29 16:00:00+00:00
[2025-01-30T03:03:26.199+0800] {processor.py:208} INFO - Processing /home/anhtupham99/miniforge3/envs/nba/lib/python3.11/site-packages/airflow/example_dags/example_latest_only_with_trigger.py took 0.058 seconds
[2025-01-30T03:04:15.837+0800] {processor.py:186} INFO - Started process (PID=24787) to work on /home/anhtupham99/miniforge3/envs/nba/lib/python3.11/site-packages/airflow/example_dags/example_latest_only_with_trigger.py
[2025-01-30T03:04:15.841+0800] {processor.py:914} INFO - Processing file /home/anhtupham99/miniforge3/envs/nba/lib/python3.11/site-packages/airflow/example_dags/example_latest_only_with_trigger.py for tasks to queue
[2025-01-30T03:04:15.843+0800] {logging_mixin.py:190} INFO - [2025-01-30T03:04:15.842+0800] {dagbag.py:588} INFO - Filling up the DagBag from /home/anhtupham99/miniforge3/envs/nba/lib/python3.11/site-packages/airflow/example_dags/example_latest_only_with_trigger.py
[2025-01-30T03:04:15.850+0800] {processor.py:925} INFO - DAG(s) 'latest_only_with_trigger' retrieved from /home/anhtupham99/miniforge3/envs/nba/lib/python3.11/site-packages/airflow/example_dags/example_latest_only_with_trigger.py
[2025-01-30T03:04:15.862+0800] {logging_mixin.py:190} INFO - [2025-01-30T03:04:15.862+0800] {dag.py:3239} INFO - Sync 1 DAGs
[2025-01-30T03:04:15.876+0800] {logging_mixin.py:190} INFO - [2025-01-30T03:04:15.876+0800] {dag.py:4180} INFO - Setting next_dagrun for latest_only_with_trigger to 2025-01-29 12:00:00+00:00, run_after=2025-01-29 16:00:00+00:00
[2025-01-30T03:04:15.897+0800] {processor.py:208} INFO - Processing /home/anhtupham99/miniforge3/envs/nba/lib/python3.11/site-packages/airflow/example_dags/example_latest_only_with_trigger.py took 0.065 seconds
[2025-01-30T03:05:05.670+0800] {processor.py:186} INFO - Started process (PID=25082) to work on /home/anhtupham99/miniforge3/envs/nba/lib/python3.11/site-packages/airflow/example_dags/example_latest_only_with_trigger.py
[2025-01-30T03:05:05.675+0800] {processor.py:914} INFO - Processing file /home/anhtupham99/miniforge3/envs/nba/lib/python3.11/site-packages/airflow/example_dags/example_latest_only_with_trigger.py for tasks to queue
[2025-01-30T03:05:05.678+0800] {logging_mixin.py:190} INFO - [2025-01-30T03:05:05.677+0800] {dagbag.py:588} INFO - Filling up the DagBag from /home/anhtupham99/miniforge3/envs/nba/lib/python3.11/site-packages/airflow/example_dags/example_latest_only_with_trigger.py
[2025-01-30T03:05:05.683+0800] {processor.py:925} INFO - DAG(s) 'latest_only_with_trigger' retrieved from /home/anhtupham99/miniforge3/envs/nba/lib/python3.11/site-packages/airflow/example_dags/example_latest_only_with_trigger.py
[2025-01-30T03:05:05.693+0800] {logging_mixin.py:190} INFO - [2025-01-30T03:05:05.693+0800] {dag.py:3239} INFO - Sync 1 DAGs
[2025-01-30T03:05:05.706+0800] {logging_mixin.py:190} INFO - [2025-01-30T03:05:05.705+0800] {dag.py:4180} INFO - Setting next_dagrun for latest_only_with_trigger to 2025-01-29 12:00:00+00:00, run_after=2025-01-29 16:00:00+00:00
[2025-01-30T03:05:05.758+0800] {processor.py:208} INFO - Processing /home/anhtupham99/miniforge3/envs/nba/lib/python3.11/site-packages/airflow/example_dags/example_latest_only_with_trigger.py took 0.093 seconds
[2025-01-30T03:05:54.724+0800] {processor.py:186} INFO - Started process (PID=25360) to work on /home/anhtupham99/miniforge3/envs/nba/lib/python3.11/site-packages/airflow/example_dags/example_latest_only_with_trigger.py
[2025-01-30T03:05:54.726+0800] {processor.py:914} INFO - Processing file /home/anhtupham99/miniforge3/envs/nba/lib/python3.11/site-packages/airflow/example_dags/example_latest_only_with_trigger.py for tasks to queue
[2025-01-30T03:05:54.727+0800] {logging_mixin.py:190} INFO - [2025-01-30T03:05:54.727+0800] {dagbag.py:588} INFO - Filling up the DagBag from /home/anhtupham99/miniforge3/envs/nba/lib/python3.11/site-packages/airflow/example_dags/example_latest_only_with_trigger.py
[2025-01-30T03:05:54.733+0800] {processor.py:925} INFO - DAG(s) 'latest_only_with_trigger' retrieved from /home/anhtupham99/miniforge3/envs/nba/lib/python3.11/site-packages/airflow/example_dags/example_latest_only_with_trigger.py
[2025-01-30T03:05:54.743+0800] {logging_mixin.py:190} INFO - [2025-01-30T03:05:54.743+0800] {dag.py:3239} INFO - Sync 1 DAGs
[2025-01-30T03:05:54.755+0800] {logging_mixin.py:190} INFO - [2025-01-30T03:05:54.755+0800] {dag.py:4180} INFO - Setting next_dagrun for latest_only_with_trigger to 2025-01-29 12:00:00+00:00, run_after=2025-01-29 16:00:00+00:00
[2025-01-30T03:05:54.777+0800] {processor.py:208} INFO - Processing /home/anhtupham99/miniforge3/envs/nba/lib/python3.11/site-packages/airflow/example_dags/example_latest_only_with_trigger.py took 0.056 seconds
[2025-01-30T03:06:44.058+0800] {processor.py:186} INFO - Started process (PID=25637) to work on /home/anhtupham99/miniforge3/envs/nba/lib/python3.11/site-packages/airflow/example_dags/example_latest_only_with_trigger.py
[2025-01-30T03:06:44.062+0800] {processor.py:914} INFO - Processing file /home/anhtupham99/miniforge3/envs/nba/lib/python3.11/site-packages/airflow/example_dags/example_latest_only_with_trigger.py for tasks to queue
[2025-01-30T03:06:44.064+0800] {logging_mixin.py:190} INFO - [2025-01-30T03:06:44.063+0800] {dagbag.py:588} INFO - Filling up the DagBag from /home/anhtupham99/miniforge3/envs/nba/lib/python3.11/site-packages/airflow/example_dags/example_latest_only_with_trigger.py
[2025-01-30T03:06:44.069+0800] {processor.py:925} INFO - DAG(s) 'latest_only_with_trigger' retrieved from /home/anhtupham99/miniforge3/envs/nba/lib/python3.11/site-packages/airflow/example_dags/example_latest_only_with_trigger.py
[2025-01-30T03:06:44.079+0800] {logging_mixin.py:190} INFO - [2025-01-30T03:06:44.079+0800] {dag.py:3239} INFO - Sync 1 DAGs
[2025-01-30T03:06:44.092+0800] {logging_mixin.py:190} INFO - [2025-01-30T03:06:44.092+0800] {dag.py:4180} INFO - Setting next_dagrun for latest_only_with_trigger to 2025-01-29 12:00:00+00:00, run_after=2025-01-29 16:00:00+00:00
[2025-01-30T03:06:44.113+0800] {processor.py:208} INFO - Processing /home/anhtupham99/miniforge3/envs/nba/lib/python3.11/site-packages/airflow/example_dags/example_latest_only_with_trigger.py took 0.059 seconds
[2025-01-30T03:07:34.267+0800] {processor.py:186} INFO - Started process (PID=25969) to work on /home/anhtupham99/miniforge3/envs/nba/lib/python3.11/site-packages/airflow/example_dags/example_latest_only_with_trigger.py
[2025-01-30T03:07:34.268+0800] {processor.py:914} INFO - Processing file /home/anhtupham99/miniforge3/envs/nba/lib/python3.11/site-packages/airflow/example_dags/example_latest_only_with_trigger.py for tasks to queue
[2025-01-30T03:07:34.270+0800] {logging_mixin.py:190} INFO - [2025-01-30T03:07:34.270+0800] {dagbag.py:588} INFO - Filling up the DagBag from /home/anhtupham99/miniforge3/envs/nba/lib/python3.11/site-packages/airflow/example_dags/example_latest_only_with_trigger.py
[2025-01-30T03:07:34.276+0800] {processor.py:925} INFO - DAG(s) 'latest_only_with_trigger' retrieved from /home/anhtupham99/miniforge3/envs/nba/lib/python3.11/site-packages/airflow/example_dags/example_latest_only_with_trigger.py
[2025-01-30T03:07:34.289+0800] {logging_mixin.py:190} INFO - [2025-01-30T03:07:34.289+0800] {dag.py:3239} INFO - Sync 1 DAGs
[2025-01-30T03:07:34.303+0800] {logging_mixin.py:190} INFO - [2025-01-30T03:07:34.303+0800] {dag.py:4180} INFO - Setting next_dagrun for latest_only_with_trigger to 2025-01-29 12:00:00+00:00, run_after=2025-01-29 16:00:00+00:00
[2025-01-30T03:07:34.326+0800] {processor.py:208} INFO - Processing /home/anhtupham99/miniforge3/envs/nba/lib/python3.11/site-packages/airflow/example_dags/example_latest_only_with_trigger.py took 0.065 seconds
[2025-01-30T03:08:22.682+0800] {processor.py:186} INFO - Started process (PID=26238) to work on /home/anhtupham99/miniforge3/envs/nba/lib/python3.11/site-packages/airflow/example_dags/example_latest_only_with_trigger.py
[2025-01-30T03:08:22.684+0800] {processor.py:914} INFO - Processing file /home/anhtupham99/miniforge3/envs/nba/lib/python3.11/site-packages/airflow/example_dags/example_latest_only_with_trigger.py for tasks to queue
[2025-01-30T03:08:22.686+0800] {logging_mixin.py:190} INFO - [2025-01-30T03:08:22.685+0800] {dagbag.py:588} INFO - Filling up the DagBag from /home/anhtupham99/miniforge3/envs/nba/lib/python3.11/site-packages/airflow/example_dags/example_latest_only_with_trigger.py
[2025-01-30T03:08:22.692+0800] {processor.py:925} INFO - DAG(s) 'latest_only_with_trigger' retrieved from /home/anhtupham99/miniforge3/envs/nba/lib/python3.11/site-packages/airflow/example_dags/example_latest_only_with_trigger.py
[2025-01-30T03:08:22.704+0800] {logging_mixin.py:190} INFO - [2025-01-30T03:08:22.703+0800] {dag.py:3239} INFO - Sync 1 DAGs
[2025-01-30T03:08:22.718+0800] {logging_mixin.py:190} INFO - [2025-01-30T03:08:22.717+0800] {dag.py:4180} INFO - Setting next_dagrun for latest_only_with_trigger to 2025-01-29 12:00:00+00:00, run_after=2025-01-29 16:00:00+00:00
[2025-01-30T03:08:22.740+0800] {processor.py:208} INFO - Processing /home/anhtupham99/miniforge3/envs/nba/lib/python3.11/site-packages/airflow/example_dags/example_latest_only_with_trigger.py took 0.063 seconds
[2025-01-30T03:09:09.476+0800] {processor.py:186} INFO - Started process (PID=26515) to work on /home/anhtupham99/miniforge3/envs/nba/lib/python3.11/site-packages/airflow/example_dags/example_latest_only_with_trigger.py
[2025-01-30T03:09:09.477+0800] {processor.py:914} INFO - Processing file /home/anhtupham99/miniforge3/envs/nba/lib/python3.11/site-packages/airflow/example_dags/example_latest_only_with_trigger.py for tasks to queue
[2025-01-30T03:09:09.479+0800] {logging_mixin.py:190} INFO - [2025-01-30T03:09:09.479+0800] {dagbag.py:588} INFO - Filling up the DagBag from /home/anhtupham99/miniforge3/envs/nba/lib/python3.11/site-packages/airflow/example_dags/example_latest_only_with_trigger.py
[2025-01-30T03:09:09.485+0800] {processor.py:925} INFO - DAG(s) 'latest_only_with_trigger' retrieved from /home/anhtupham99/miniforge3/envs/nba/lib/python3.11/site-packages/airflow/example_dags/example_latest_only_with_trigger.py
[2025-01-30T03:09:09.496+0800] {logging_mixin.py:190} INFO - [2025-01-30T03:09:09.496+0800] {dag.py:3239} INFO - Sync 1 DAGs
[2025-01-30T03:09:09.510+0800] {logging_mixin.py:190} INFO - [2025-01-30T03:09:09.509+0800] {dag.py:4180} INFO - Setting next_dagrun for latest_only_with_trigger to 2025-01-29 12:00:00+00:00, run_after=2025-01-29 16:00:00+00:00
[2025-01-30T03:09:09.533+0800] {processor.py:208} INFO - Processing /home/anhtupham99/miniforge3/envs/nba/lib/python3.11/site-packages/airflow/example_dags/example_latest_only_with_trigger.py took 0.061 seconds
[2025-01-30T06:11:46.536+0800] {processor.py:186} INFO - Started process (PID=26971) to work on /home/anhtupham99/miniforge3/envs/nba/lib/python3.11/site-packages/airflow/example_dags/example_latest_only_with_trigger.py
[2025-01-30T06:11:46.540+0800] {processor.py:914} INFO - Processing file /home/anhtupham99/miniforge3/envs/nba/lib/python3.11/site-packages/airflow/example_dags/example_latest_only_with_trigger.py for tasks to queue
[2025-01-30T06:11:46.543+0800] {logging_mixin.py:190} INFO - [2025-01-30T06:11:46.543+0800] {dagbag.py:588} INFO - Filling up the DagBag from /home/anhtupham99/miniforge3/envs/nba/lib/python3.11/site-packages/airflow/example_dags/example_latest_only_with_trigger.py
[2025-01-30T06:11:46.550+0800] {processor.py:925} INFO - DAG(s) 'latest_only_with_trigger' retrieved from /home/anhtupham99/miniforge3/envs/nba/lib/python3.11/site-packages/airflow/example_dags/example_latest_only_with_trigger.py
[2025-01-30T06:11:46.561+0800] {logging_mixin.py:190} INFO - [2025-01-30T06:11:46.561+0800] {dag.py:3239} INFO - Sync 1 DAGs
[2025-01-30T06:11:46.574+0800] {logging_mixin.py:190} INFO - [2025-01-30T06:11:46.574+0800] {dag.py:4180} INFO - Setting next_dagrun for latest_only_with_trigger to 2025-01-29 16:00:00+00:00, run_after=2025-01-29 20:00:00+00:00
[2025-01-30T06:11:46.603+0800] {processor.py:208} INFO - Processing /home/anhtupham99/miniforge3/envs/nba/lib/python3.11/site-packages/airflow/example_dags/example_latest_only_with_trigger.py took 0.072 seconds
[2025-01-30T06:12:39.590+0800] {processor.py:186} INFO - Started process (PID=27273) to work on /home/anhtupham99/miniforge3/envs/nba/lib/python3.11/site-packages/airflow/example_dags/example_latest_only_with_trigger.py
[2025-01-30T06:12:39.592+0800] {processor.py:914} INFO - Processing file /home/anhtupham99/miniforge3/envs/nba/lib/python3.11/site-packages/airflow/example_dags/example_latest_only_with_trigger.py for tasks to queue
[2025-01-30T06:12:39.595+0800] {logging_mixin.py:190} INFO - [2025-01-30T06:12:39.594+0800] {dagbag.py:588} INFO - Filling up the DagBag from /home/anhtupham99/miniforge3/envs/nba/lib/python3.11/site-packages/airflow/example_dags/example_latest_only_with_trigger.py
[2025-01-30T06:12:39.601+0800] {processor.py:925} INFO - DAG(s) 'latest_only_with_trigger' retrieved from /home/anhtupham99/miniforge3/envs/nba/lib/python3.11/site-packages/airflow/example_dags/example_latest_only_with_trigger.py
[2025-01-30T06:12:39.613+0800] {logging_mixin.py:190} INFO - [2025-01-30T06:12:39.613+0800] {dag.py:3239} INFO - Sync 1 DAGs
[2025-01-30T06:12:39.627+0800] {logging_mixin.py:190} INFO - [2025-01-30T06:12:39.627+0800] {dag.py:4180} INFO - Setting next_dagrun for latest_only_with_trigger to 2025-01-29 16:00:00+00:00, run_after=2025-01-29 20:00:00+00:00
[2025-01-30T06:12:39.665+0800] {processor.py:208} INFO - Processing /home/anhtupham99/miniforge3/envs/nba/lib/python3.11/site-packages/airflow/example_dags/example_latest_only_with_trigger.py took 0.080 seconds
[2025-01-30T06:13:33.813+0800] {processor.py:186} INFO - Started process (PID=27609) to work on /home/anhtupham99/miniforge3/envs/nba/lib/python3.11/site-packages/airflow/example_dags/example_latest_only_with_trigger.py
[2025-01-30T06:13:33.815+0800] {processor.py:914} INFO - Processing file /home/anhtupham99/miniforge3/envs/nba/lib/python3.11/site-packages/airflow/example_dags/example_latest_only_with_trigger.py for tasks to queue
[2025-01-30T06:13:33.816+0800] {logging_mixin.py:190} INFO - [2025-01-30T06:13:33.816+0800] {dagbag.py:588} INFO - Filling up the DagBag from /home/anhtupham99/miniforge3/envs/nba/lib/python3.11/site-packages/airflow/example_dags/example_latest_only_with_trigger.py
[2025-01-30T06:13:33.822+0800] {processor.py:925} INFO - DAG(s) 'latest_only_with_trigger' retrieved from /home/anhtupham99/miniforge3/envs/nba/lib/python3.11/site-packages/airflow/example_dags/example_latest_only_with_trigger.py
[2025-01-30T06:13:33.833+0800] {logging_mixin.py:190} INFO - [2025-01-30T06:13:33.833+0800] {dag.py:3239} INFO - Sync 1 DAGs
[2025-01-30T06:13:33.846+0800] {logging_mixin.py:190} INFO - [2025-01-30T06:13:33.845+0800] {dag.py:4180} INFO - Setting next_dagrun for latest_only_with_trigger to 2025-01-29 16:00:00+00:00, run_after=2025-01-29 20:00:00+00:00
[2025-01-30T06:13:33.871+0800] {processor.py:208} INFO - Processing /home/anhtupham99/miniforge3/envs/nba/lib/python3.11/site-packages/airflow/example_dags/example_latest_only_with_trigger.py took 0.062 seconds
