[2025-01-30T02:34:55.670+0800] {processor.py:186} INFO - Started process (PID=14440) to work on /home/anhtupham99/miniforge3/envs/nba/lib/python3.11/site-packages/airflow/example_dags/example_short_circuit_operator.py
[2025-01-30T02:34:55.673+0800] {processor.py:914} INFO - Processing file /home/anhtupham99/miniforge3/envs/nba/lib/python3.11/site-packages/airflow/example_dags/example_short_circuit_operator.py for tasks to queue
[2025-01-30T02:34:55.679+0800] {logging_mixin.py:190} INFO - [2025-01-30T02:34:55.679+0800] {dagbag.py:588} INFO - Filling up the DagBag from /home/anhtupham99/miniforge3/envs/nba/lib/python3.11/site-packages/airflow/example_dags/example_short_circuit_operator.py
[2025-01-30T02:34:55.703+0800] {processor.py:925} INFO - DAG(s) 'example_short_circuit_operator' retrieved from /home/anhtupham99/miniforge3/envs/nba/lib/python3.11/site-packages/airflow/example_dags/example_short_circuit_operator.py
[2025-01-30T02:34:55.819+0800] {logging_mixin.py:190} INFO - [2025-01-30T02:34:55.818+0800] {override.py:1911} INFO - Created Permission View: can delete on DAG:example_short_circuit_operator
[2025-01-30T02:34:55.848+0800] {logging_mixin.py:190} INFO - [2025-01-30T02:34:55.848+0800] {override.py:1911} INFO - Created Permission View: can read on DAG:example_short_circuit_operator
[2025-01-30T02:34:55.867+0800] {logging_mixin.py:190} INFO - [2025-01-30T02:34:55.866+0800] {override.py:1911} INFO - Created Permission View: can edit on DAG:example_short_circuit_operator
[2025-01-30T02:34:55.901+0800] {logging_mixin.py:190} INFO - [2025-01-30T02:34:55.900+0800] {override.py:1911} INFO - Created Permission View: can delete on DAG Run:example_short_circuit_operator
[2025-01-30T02:34:55.919+0800] {logging_mixin.py:190} INFO - [2025-01-30T02:34:55.919+0800] {override.py:1911} INFO - Created Permission View: can create on DAG Run:example_short_circuit_operator
[2025-01-30T02:34:55.938+0800] {logging_mixin.py:190} INFO - [2025-01-30T02:34:55.937+0800] {override.py:1911} INFO - Created Permission View: menu access on DAG Run:example_short_circuit_operator
[2025-01-30T02:34:55.955+0800] {logging_mixin.py:190} INFO - [2025-01-30T02:34:55.955+0800] {override.py:1911} INFO - Created Permission View: can read on DAG Run:example_short_circuit_operator
[2025-01-30T02:34:55.956+0800] {logging_mixin.py:190} INFO - [2025-01-30T02:34:55.955+0800] {dag.py:3239} INFO - Sync 1 DAGs
[2025-01-30T02:34:55.970+0800] {logging_mixin.py:190} INFO - [2025-01-30T02:34:55.970+0800] {dag.py:3262} INFO - Creating ORM DAG for example_short_circuit_operator
[2025-01-30T02:34:55.971+0800] {logging_mixin.py:190} INFO - [2025-01-30T02:34:55.971+0800] {dag.py:4180} INFO - Setting next_dagrun for example_short_circuit_operator to None, run_after=None
[2025-01-30T02:34:55.999+0800] {processor.py:208} INFO - Processing /home/anhtupham99/miniforge3/envs/nba/lib/python3.11/site-packages/airflow/example_dags/example_short_circuit_operator.py took 0.342 seconds
[2025-01-30T02:36:06.882+0800] {processor.py:186} INFO - Started process (PID=14867) to work on /home/anhtupham99/miniforge3/envs/nba/lib/python3.11/site-packages/airflow/example_dags/example_short_circuit_operator.py
[2025-01-30T02:36:06.885+0800] {processor.py:914} INFO - Processing file /home/anhtupham99/miniforge3/envs/nba/lib/python3.11/site-packages/airflow/example_dags/example_short_circuit_operator.py for tasks to queue
[2025-01-30T02:36:06.892+0800] {logging_mixin.py:190} INFO - [2025-01-30T02:36:06.891+0800] {dagbag.py:588} INFO - Filling up the DagBag from /home/anhtupham99/miniforge3/envs/nba/lib/python3.11/site-packages/airflow/example_dags/example_short_circuit_operator.py
[2025-01-30T02:36:06.900+0800] {processor.py:925} INFO - DAG(s) 'example_short_circuit_operator' retrieved from /home/anhtupham99/miniforge3/envs/nba/lib/python3.11/site-packages/airflow/example_dags/example_short_circuit_operator.py
[2025-01-30T02:36:06.912+0800] {logging_mixin.py:190} INFO - [2025-01-30T02:36:06.912+0800] {dag.py:3239} INFO - Sync 1 DAGs
[2025-01-30T02:36:06.921+0800] {logging_mixin.py:190} INFO - [2025-01-30T02:36:06.921+0800] {dag.py:4180} INFO - Setting next_dagrun for example_short_circuit_operator to None, run_after=None
[2025-01-30T02:36:06.947+0800] {processor.py:208} INFO - Processing /home/anhtupham99/miniforge3/envs/nba/lib/python3.11/site-packages/airflow/example_dags/example_short_circuit_operator.py took 0.080 seconds
[2025-01-30T02:48:05.256+0800] {processor.py:186} INFO - Started process (PID=19031) to work on /home/anhtupham99/miniforge3/envs/nba/lib/python3.11/site-packages/airflow/example_dags/example_short_circuit_operator.py
[2025-01-30T02:48:05.258+0800] {processor.py:914} INFO - Processing file /home/anhtupham99/miniforge3/envs/nba/lib/python3.11/site-packages/airflow/example_dags/example_short_circuit_operator.py for tasks to queue
[2025-01-30T02:48:05.263+0800] {logging_mixin.py:190} INFO - [2025-01-30T02:48:05.263+0800] {dagbag.py:588} INFO - Filling up the DagBag from /home/anhtupham99/miniforge3/envs/nba/lib/python3.11/site-packages/airflow/example_dags/example_short_circuit_operator.py
[2025-01-30T02:48:05.283+0800] {processor.py:925} INFO - DAG(s) 'example_short_circuit_operator' retrieved from /home/anhtupham99/miniforge3/envs/nba/lib/python3.11/site-packages/airflow/example_dags/example_short_circuit_operator.py
[2025-01-30T02:48:05.316+0800] {logging_mixin.py:190} INFO - [2025-01-30T02:48:05.316+0800] {dag.py:3239} INFO - Sync 1 DAGs
[2025-01-30T02:48:05.324+0800] {logging_mixin.py:190} INFO - [2025-01-30T02:48:05.323+0800] {dag.py:4180} INFO - Setting next_dagrun for example_short_circuit_operator to None, run_after=None
[2025-01-30T02:48:05.361+0800] {processor.py:208} INFO - Processing /home/anhtupham99/miniforge3/envs/nba/lib/python3.11/site-packages/airflow/example_dags/example_short_circuit_operator.py took 0.119 seconds
[2025-01-30T02:49:01.993+0800] {processor.py:186} INFO - Started process (PID=19388) to work on /home/anhtupham99/miniforge3/envs/nba/lib/python3.11/site-packages/airflow/example_dags/example_short_circuit_operator.py
[2025-01-30T02:49:01.996+0800] {processor.py:914} INFO - Processing file /home/anhtupham99/miniforge3/envs/nba/lib/python3.11/site-packages/airflow/example_dags/example_short_circuit_operator.py for tasks to queue
[2025-01-30T02:49:02.005+0800] {logging_mixin.py:190} INFO - [2025-01-30T02:49:02.004+0800] {dagbag.py:588} INFO - Filling up the DagBag from /home/anhtupham99/miniforge3/envs/nba/lib/python3.11/site-packages/airflow/example_dags/example_short_circuit_operator.py
[2025-01-30T02:49:02.025+0800] {processor.py:925} INFO - DAG(s) 'example_short_circuit_operator' retrieved from /home/anhtupham99/miniforge3/envs/nba/lib/python3.11/site-packages/airflow/example_dags/example_short_circuit_operator.py
[2025-01-30T02:49:02.049+0800] {logging_mixin.py:190} INFO - [2025-01-30T02:49:02.049+0800] {dag.py:3239} INFO - Sync 1 DAGs
[2025-01-30T02:49:02.062+0800] {logging_mixin.py:190} INFO - [2025-01-30T02:49:02.062+0800] {dag.py:4180} INFO - Setting next_dagrun for example_short_circuit_operator to None, run_after=None
[2025-01-30T02:49:02.087+0800] {processor.py:208} INFO - Processing /home/anhtupham99/miniforge3/envs/nba/lib/python3.11/site-packages/airflow/example_dags/example_short_circuit_operator.py took 0.102 seconds
[2025-01-30T02:49:54.386+0800] {processor.py:186} INFO - Started process (PID=19713) to work on /home/anhtupham99/miniforge3/envs/nba/lib/python3.11/site-packages/airflow/example_dags/example_short_circuit_operator.py
[2025-01-30T02:49:54.388+0800] {processor.py:914} INFO - Processing file /home/anhtupham99/miniforge3/envs/nba/lib/python3.11/site-packages/airflow/example_dags/example_short_circuit_operator.py for tasks to queue
[2025-01-30T02:49:54.393+0800] {logging_mixin.py:190} INFO - [2025-01-30T02:49:54.392+0800] {dagbag.py:588} INFO - Filling up the DagBag from /home/anhtupham99/miniforge3/envs/nba/lib/python3.11/site-packages/airflow/example_dags/example_short_circuit_operator.py
[2025-01-30T02:49:54.417+0800] {processor.py:925} INFO - DAG(s) 'example_short_circuit_operator' retrieved from /home/anhtupham99/miniforge3/envs/nba/lib/python3.11/site-packages/airflow/example_dags/example_short_circuit_operator.py
[2025-01-30T02:49:54.440+0800] {logging_mixin.py:190} INFO - [2025-01-30T02:49:54.440+0800] {dag.py:3239} INFO - Sync 1 DAGs
[2025-01-30T02:49:54.449+0800] {logging_mixin.py:190} INFO - [2025-01-30T02:49:54.449+0800] {dag.py:4180} INFO - Setting next_dagrun for example_short_circuit_operator to None, run_after=None
[2025-01-30T02:49:54.474+0800] {processor.py:208} INFO - Processing /home/anhtupham99/miniforge3/envs/nba/lib/python3.11/site-packages/airflow/example_dags/example_short_circuit_operator.py took 0.101 seconds
[2025-01-30T02:50:47.153+0800] {processor.py:186} INFO - Started process (PID=20024) to work on /home/anhtupham99/miniforge3/envs/nba/lib/python3.11/site-packages/airflow/example_dags/example_short_circuit_operator.py
[2025-01-30T02:50:47.154+0800] {processor.py:914} INFO - Processing file /home/anhtupham99/miniforge3/envs/nba/lib/python3.11/site-packages/airflow/example_dags/example_short_circuit_operator.py for tasks to queue
[2025-01-30T02:50:47.156+0800] {logging_mixin.py:190} INFO - [2025-01-30T02:50:47.156+0800] {dagbag.py:588} INFO - Filling up the DagBag from /home/anhtupham99/miniforge3/envs/nba/lib/python3.11/site-packages/airflow/example_dags/example_short_circuit_operator.py
[2025-01-30T02:50:47.163+0800] {processor.py:925} INFO - DAG(s) 'example_short_circuit_operator' retrieved from /home/anhtupham99/miniforge3/envs/nba/lib/python3.11/site-packages/airflow/example_dags/example_short_circuit_operator.py
[2025-01-30T02:50:47.174+0800] {logging_mixin.py:190} INFO - [2025-01-30T02:50:47.174+0800] {dag.py:3239} INFO - Sync 1 DAGs
[2025-01-30T02:50:47.182+0800] {logging_mixin.py:190} INFO - [2025-01-30T02:50:47.181+0800] {dag.py:4180} INFO - Setting next_dagrun for example_short_circuit_operator to None, run_after=None
[2025-01-30T02:50:47.207+0800] {processor.py:208} INFO - Processing /home/anhtupham99/miniforge3/envs/nba/lib/python3.11/site-packages/airflow/example_dags/example_short_circuit_operator.py took 0.058 seconds
[2025-01-30T02:51:44.108+0800] {processor.py:186} INFO - Started process (PID=20320) to work on /home/anhtupham99/miniforge3/envs/nba/lib/python3.11/site-packages/airflow/example_dags/example_short_circuit_operator.py
[2025-01-30T02:51:44.113+0800] {processor.py:914} INFO - Processing file /home/anhtupham99/miniforge3/envs/nba/lib/python3.11/site-packages/airflow/example_dags/example_short_circuit_operator.py for tasks to queue
[2025-01-30T02:51:44.117+0800] {logging_mixin.py:190} INFO - [2025-01-30T02:51:44.117+0800] {dagbag.py:588} INFO - Filling up the DagBag from /home/anhtupham99/miniforge3/envs/nba/lib/python3.11/site-packages/airflow/example_dags/example_short_circuit_operator.py
[2025-01-30T02:51:44.142+0800] {processor.py:925} INFO - DAG(s) 'example_short_circuit_operator' retrieved from /home/anhtupham99/miniforge3/envs/nba/lib/python3.11/site-packages/airflow/example_dags/example_short_circuit_operator.py
[2025-01-30T02:51:44.166+0800] {logging_mixin.py:190} INFO - [2025-01-30T02:51:44.166+0800] {dag.py:3239} INFO - Sync 1 DAGs
[2025-01-30T02:51:44.179+0800] {logging_mixin.py:190} INFO - [2025-01-30T02:51:44.178+0800] {dag.py:4180} INFO - Setting next_dagrun for example_short_circuit_operator to None, run_after=None
[2025-01-30T02:51:44.212+0800] {processor.py:208} INFO - Processing /home/anhtupham99/miniforge3/envs/nba/lib/python3.11/site-packages/airflow/example_dags/example_short_circuit_operator.py took 0.120 seconds
[2025-01-30T02:52:36.725+0800] {processor.py:186} INFO - Started process (PID=20616) to work on /home/anhtupham99/miniforge3/envs/nba/lib/python3.11/site-packages/airflow/example_dags/example_short_circuit_operator.py
[2025-01-30T02:52:36.728+0800] {processor.py:914} INFO - Processing file /home/anhtupham99/miniforge3/envs/nba/lib/python3.11/site-packages/airflow/example_dags/example_short_circuit_operator.py for tasks to queue
[2025-01-30T02:52:36.731+0800] {logging_mixin.py:190} INFO - [2025-01-30T02:52:36.731+0800] {dagbag.py:588} INFO - Filling up the DagBag from /home/anhtupham99/miniforge3/envs/nba/lib/python3.11/site-packages/airflow/example_dags/example_short_circuit_operator.py
[2025-01-30T02:52:36.745+0800] {processor.py:925} INFO - DAG(s) 'example_short_circuit_operator' retrieved from /home/anhtupham99/miniforge3/envs/nba/lib/python3.11/site-packages/airflow/example_dags/example_short_circuit_operator.py
[2025-01-30T02:52:36.769+0800] {logging_mixin.py:190} INFO - [2025-01-30T02:52:36.768+0800] {dag.py:3239} INFO - Sync 1 DAGs
[2025-01-30T02:52:36.782+0800] {logging_mixin.py:190} INFO - [2025-01-30T02:52:36.782+0800] {dag.py:4180} INFO - Setting next_dagrun for example_short_circuit_operator to None, run_after=None
[2025-01-30T02:52:36.805+0800] {processor.py:208} INFO - Processing /home/anhtupham99/miniforge3/envs/nba/lib/python3.11/site-packages/airflow/example_dags/example_short_circuit_operator.py took 0.090 seconds
[2025-01-30T02:53:29.538+0800] {processor.py:186} INFO - Started process (PID=20953) to work on /home/anhtupham99/miniforge3/envs/nba/lib/python3.11/site-packages/airflow/example_dags/example_short_circuit_operator.py
[2025-01-30T02:53:29.540+0800] {processor.py:914} INFO - Processing file /home/anhtupham99/miniforge3/envs/nba/lib/python3.11/site-packages/airflow/example_dags/example_short_circuit_operator.py for tasks to queue
[2025-01-30T02:53:29.541+0800] {logging_mixin.py:190} INFO - [2025-01-30T02:53:29.541+0800] {dagbag.py:588} INFO - Filling up the DagBag from /home/anhtupham99/miniforge3/envs/nba/lib/python3.11/site-packages/airflow/example_dags/example_short_circuit_operator.py
[2025-01-30T02:53:29.548+0800] {processor.py:925} INFO - DAG(s) 'example_short_circuit_operator' retrieved from /home/anhtupham99/miniforge3/envs/nba/lib/python3.11/site-packages/airflow/example_dags/example_short_circuit_operator.py
[2025-01-30T02:53:29.560+0800] {logging_mixin.py:190} INFO - [2025-01-30T02:53:29.559+0800] {dag.py:3239} INFO - Sync 1 DAGs
[2025-01-30T02:53:29.568+0800] {logging_mixin.py:190} INFO - [2025-01-30T02:53:29.567+0800] {dag.py:4180} INFO - Setting next_dagrun for example_short_circuit_operator to None, run_after=None
[2025-01-30T02:53:29.592+0800] {processor.py:208} INFO - Processing /home/anhtupham99/miniforge3/envs/nba/lib/python3.11/site-packages/airflow/example_dags/example_short_circuit_operator.py took 0.058 seconds
[2025-01-30T02:54:21.475+0800] {processor.py:186} INFO - Started process (PID=21245) to work on /home/anhtupham99/miniforge3/envs/nba/lib/python3.11/site-packages/airflow/example_dags/example_short_circuit_operator.py
[2025-01-30T02:54:21.476+0800] {processor.py:914} INFO - Processing file /home/anhtupham99/miniforge3/envs/nba/lib/python3.11/site-packages/airflow/example_dags/example_short_circuit_operator.py for tasks to queue
[2025-01-30T02:54:21.478+0800] {logging_mixin.py:190} INFO - [2025-01-30T02:54:21.478+0800] {dagbag.py:588} INFO - Filling up the DagBag from /home/anhtupham99/miniforge3/envs/nba/lib/python3.11/site-packages/airflow/example_dags/example_short_circuit_operator.py
[2025-01-30T02:54:21.484+0800] {processor.py:925} INFO - DAG(s) 'example_short_circuit_operator' retrieved from /home/anhtupham99/miniforge3/envs/nba/lib/python3.11/site-packages/airflow/example_dags/example_short_circuit_operator.py
[2025-01-30T02:54:21.496+0800] {logging_mixin.py:190} INFO - [2025-01-30T02:54:21.496+0800] {dag.py:3239} INFO - Sync 1 DAGs
[2025-01-30T02:54:21.504+0800] {logging_mixin.py:190} INFO - [2025-01-30T02:54:21.504+0800] {dag.py:4180} INFO - Setting next_dagrun for example_short_circuit_operator to None, run_after=None
[2025-01-30T02:54:21.528+0800] {processor.py:208} INFO - Processing /home/anhtupham99/miniforge3/envs/nba/lib/python3.11/site-packages/airflow/example_dags/example_short_circuit_operator.py took 0.057 seconds
[2025-01-30T02:55:07.902+0800] {processor.py:186} INFO - Started process (PID=21515) to work on /home/anhtupham99/miniforge3/envs/nba/lib/python3.11/site-packages/airflow/example_dags/example_short_circuit_operator.py
[2025-01-30T02:55:07.903+0800] {processor.py:914} INFO - Processing file /home/anhtupham99/miniforge3/envs/nba/lib/python3.11/site-packages/airflow/example_dags/example_short_circuit_operator.py for tasks to queue
[2025-01-30T02:55:07.905+0800] {logging_mixin.py:190} INFO - [2025-01-30T02:55:07.905+0800] {dagbag.py:588} INFO - Filling up the DagBag from /home/anhtupham99/miniforge3/envs/nba/lib/python3.11/site-packages/airflow/example_dags/example_short_circuit_operator.py
[2025-01-30T02:55:07.912+0800] {processor.py:925} INFO - DAG(s) 'example_short_circuit_operator' retrieved from /home/anhtupham99/miniforge3/envs/nba/lib/python3.11/site-packages/airflow/example_dags/example_short_circuit_operator.py
[2025-01-30T02:55:07.924+0800] {logging_mixin.py:190} INFO - [2025-01-30T02:55:07.924+0800] {dag.py:3239} INFO - Sync 1 DAGs
[2025-01-30T02:55:07.933+0800] {logging_mixin.py:190} INFO - [2025-01-30T02:55:07.932+0800] {dag.py:4180} INFO - Setting next_dagrun for example_short_circuit_operator to None, run_after=None
[2025-01-30T02:55:07.955+0800] {processor.py:208} INFO - Processing /home/anhtupham99/miniforge3/envs/nba/lib/python3.11/site-packages/airflow/example_dags/example_short_circuit_operator.py took 0.058 seconds
[2025-01-30T02:55:56.527+0800] {processor.py:186} INFO - Started process (PID=21807) to work on /home/anhtupham99/miniforge3/envs/nba/lib/python3.11/site-packages/airflow/example_dags/example_short_circuit_operator.py
[2025-01-30T02:55:56.531+0800] {processor.py:914} INFO - Processing file /home/anhtupham99/miniforge3/envs/nba/lib/python3.11/site-packages/airflow/example_dags/example_short_circuit_operator.py for tasks to queue
[2025-01-30T02:55:56.533+0800] {logging_mixin.py:190} INFO - [2025-01-30T02:55:56.532+0800] {dagbag.py:588} INFO - Filling up the DagBag from /home/anhtupham99/miniforge3/envs/nba/lib/python3.11/site-packages/airflow/example_dags/example_short_circuit_operator.py
[2025-01-30T02:55:56.539+0800] {processor.py:925} INFO - DAG(s) 'example_short_circuit_operator' retrieved from /home/anhtupham99/miniforge3/envs/nba/lib/python3.11/site-packages/airflow/example_dags/example_short_circuit_operator.py
[2025-01-30T02:55:56.550+0800] {logging_mixin.py:190} INFO - [2025-01-30T02:55:56.550+0800] {dag.py:3239} INFO - Sync 1 DAGs
[2025-01-30T02:55:56.558+0800] {logging_mixin.py:190} INFO - [2025-01-30T02:55:56.558+0800] {dag.py:4180} INFO - Setting next_dagrun for example_short_circuit_operator to None, run_after=None
[2025-01-30T02:55:56.580+0800] {processor.py:208} INFO - Processing /home/anhtupham99/miniforge3/envs/nba/lib/python3.11/site-packages/airflow/example_dags/example_short_circuit_operator.py took 0.057 seconds
[2025-01-30T02:56:43.245+0800] {processor.py:186} INFO - Started process (PID=22074) to work on /home/anhtupham99/miniforge3/envs/nba/lib/python3.11/site-packages/airflow/example_dags/example_short_circuit_operator.py
[2025-01-30T02:56:43.246+0800] {processor.py:914} INFO - Processing file /home/anhtupham99/miniforge3/envs/nba/lib/python3.11/site-packages/airflow/example_dags/example_short_circuit_operator.py for tasks to queue
[2025-01-30T02:56:43.248+0800] {logging_mixin.py:190} INFO - [2025-01-30T02:56:43.248+0800] {dagbag.py:588} INFO - Filling up the DagBag from /home/anhtupham99/miniforge3/envs/nba/lib/python3.11/site-packages/airflow/example_dags/example_short_circuit_operator.py
[2025-01-30T02:56:43.255+0800] {processor.py:925} INFO - DAG(s) 'example_short_circuit_operator' retrieved from /home/anhtupham99/miniforge3/envs/nba/lib/python3.11/site-packages/airflow/example_dags/example_short_circuit_operator.py
[2025-01-30T02:56:43.266+0800] {logging_mixin.py:190} INFO - [2025-01-30T02:56:43.266+0800] {dag.py:3239} INFO - Sync 1 DAGs
[2025-01-30T02:56:43.274+0800] {logging_mixin.py:190} INFO - [2025-01-30T02:56:43.274+0800] {dag.py:4180} INFO - Setting next_dagrun for example_short_circuit_operator to None, run_after=None
[2025-01-30T02:56:43.296+0800] {processor.py:208} INFO - Processing /home/anhtupham99/miniforge3/envs/nba/lib/python3.11/site-packages/airflow/example_dags/example_short_circuit_operator.py took 0.055 seconds
[2025-01-30T02:57:30.025+0800] {processor.py:186} INFO - Started process (PID=22398) to work on /home/anhtupham99/miniforge3/envs/nba/lib/python3.11/site-packages/airflow/example_dags/example_short_circuit_operator.py
[2025-01-30T02:57:30.027+0800] {processor.py:914} INFO - Processing file /home/anhtupham99/miniforge3/envs/nba/lib/python3.11/site-packages/airflow/example_dags/example_short_circuit_operator.py for tasks to queue
[2025-01-30T02:57:30.028+0800] {logging_mixin.py:190} INFO - [2025-01-30T02:57:30.028+0800] {dagbag.py:588} INFO - Filling up the DagBag from /home/anhtupham99/miniforge3/envs/nba/lib/python3.11/site-packages/airflow/example_dags/example_short_circuit_operator.py
[2025-01-30T02:57:30.034+0800] {processor.py:925} INFO - DAG(s) 'example_short_circuit_operator' retrieved from /home/anhtupham99/miniforge3/envs/nba/lib/python3.11/site-packages/airflow/example_dags/example_short_circuit_operator.py
[2025-01-30T02:57:30.046+0800] {logging_mixin.py:190} INFO - [2025-01-30T02:57:30.046+0800] {dag.py:3239} INFO - Sync 1 DAGs
[2025-01-30T02:57:30.054+0800] {logging_mixin.py:190} INFO - [2025-01-30T02:57:30.054+0800] {dag.py:4180} INFO - Setting next_dagrun for example_short_circuit_operator to None, run_after=None
[2025-01-30T02:57:30.076+0800] {processor.py:208} INFO - Processing /home/anhtupham99/miniforge3/envs/nba/lib/python3.11/site-packages/airflow/example_dags/example_short_circuit_operator.py took 0.055 seconds
[2025-01-30T02:58:18.902+0800] {processor.py:186} INFO - Started process (PID=22675) to work on /home/anhtupham99/miniforge3/envs/nba/lib/python3.11/site-packages/airflow/example_dags/example_short_circuit_operator.py
[2025-01-30T02:58:18.903+0800] {processor.py:914} INFO - Processing file /home/anhtupham99/miniforge3/envs/nba/lib/python3.11/site-packages/airflow/example_dags/example_short_circuit_operator.py for tasks to queue
[2025-01-30T02:58:18.905+0800] {logging_mixin.py:190} INFO - [2025-01-30T02:58:18.905+0800] {dagbag.py:588} INFO - Filling up the DagBag from /home/anhtupham99/miniforge3/envs/nba/lib/python3.11/site-packages/airflow/example_dags/example_short_circuit_operator.py
[2025-01-30T02:58:18.912+0800] {processor.py:925} INFO - DAG(s) 'example_short_circuit_operator' retrieved from /home/anhtupham99/miniforge3/envs/nba/lib/python3.11/site-packages/airflow/example_dags/example_short_circuit_operator.py
[2025-01-30T02:58:18.923+0800] {logging_mixin.py:190} INFO - [2025-01-30T02:58:18.923+0800] {dag.py:3239} INFO - Sync 1 DAGs
[2025-01-30T02:58:18.932+0800] {logging_mixin.py:190} INFO - [2025-01-30T02:58:18.931+0800] {dag.py:4180} INFO - Setting next_dagrun for example_short_circuit_operator to None, run_after=None
[2025-01-30T02:58:18.961+0800] {processor.py:208} INFO - Processing /home/anhtupham99/miniforge3/envs/nba/lib/python3.11/site-packages/airflow/example_dags/example_short_circuit_operator.py took 0.063 seconds
[2025-01-30T02:59:10.220+0800] {processor.py:186} INFO - Started process (PID=22959) to work on /home/anhtupham99/miniforge3/envs/nba/lib/python3.11/site-packages/airflow/example_dags/example_short_circuit_operator.py
[2025-01-30T02:59:10.221+0800] {processor.py:914} INFO - Processing file /home/anhtupham99/miniforge3/envs/nba/lib/python3.11/site-packages/airflow/example_dags/example_short_circuit_operator.py for tasks to queue
[2025-01-30T02:59:10.223+0800] {logging_mixin.py:190} INFO - [2025-01-30T02:59:10.223+0800] {dagbag.py:588} INFO - Filling up the DagBag from /home/anhtupham99/miniforge3/envs/nba/lib/python3.11/site-packages/airflow/example_dags/example_short_circuit_operator.py
[2025-01-30T02:59:10.229+0800] {processor.py:925} INFO - DAG(s) 'example_short_circuit_operator' retrieved from /home/anhtupham99/miniforge3/envs/nba/lib/python3.11/site-packages/airflow/example_dags/example_short_circuit_operator.py
[2025-01-30T02:59:10.240+0800] {logging_mixin.py:190} INFO - [2025-01-30T02:59:10.240+0800] {dag.py:3239} INFO - Sync 1 DAGs
[2025-01-30T02:59:10.248+0800] {logging_mixin.py:190} INFO - [2025-01-30T02:59:10.248+0800] {dag.py:4180} INFO - Setting next_dagrun for example_short_circuit_operator to None, run_after=None
[2025-01-30T02:59:10.275+0800] {processor.py:208} INFO - Processing /home/anhtupham99/miniforge3/envs/nba/lib/python3.11/site-packages/airflow/example_dags/example_short_circuit_operator.py took 0.061 seconds
[2025-01-30T03:00:01.144+0800] {processor.py:186} INFO - Started process (PID=23252) to work on /home/anhtupham99/miniforge3/envs/nba/lib/python3.11/site-packages/airflow/example_dags/example_short_circuit_operator.py
[2025-01-30T03:00:01.145+0800] {processor.py:914} INFO - Processing file /home/anhtupham99/miniforge3/envs/nba/lib/python3.11/site-packages/airflow/example_dags/example_short_circuit_operator.py for tasks to queue
[2025-01-30T03:00:01.147+0800] {logging_mixin.py:190} INFO - [2025-01-30T03:00:01.146+0800] {dagbag.py:588} INFO - Filling up the DagBag from /home/anhtupham99/miniforge3/envs/nba/lib/python3.11/site-packages/airflow/example_dags/example_short_circuit_operator.py
[2025-01-30T03:00:01.153+0800] {processor.py:925} INFO - DAG(s) 'example_short_circuit_operator' retrieved from /home/anhtupham99/miniforge3/envs/nba/lib/python3.11/site-packages/airflow/example_dags/example_short_circuit_operator.py
[2025-01-30T03:00:01.165+0800] {logging_mixin.py:190} INFO - [2025-01-30T03:00:01.165+0800] {dag.py:3239} INFO - Sync 1 DAGs
[2025-01-30T03:00:01.173+0800] {logging_mixin.py:190} INFO - [2025-01-30T03:00:01.173+0800] {dag.py:4180} INFO - Setting next_dagrun for example_short_circuit_operator to None, run_after=None
[2025-01-30T03:00:01.194+0800] {processor.py:208} INFO - Processing /home/anhtupham99/miniforge3/envs/nba/lib/python3.11/site-packages/airflow/example_dags/example_short_circuit_operator.py took 0.055 seconds
[2025-01-30T03:00:51.610+0800] {processor.py:186} INFO - Started process (PID=23561) to work on /home/anhtupham99/miniforge3/envs/nba/lib/python3.11/site-packages/airflow/example_dags/example_short_circuit_operator.py
[2025-01-30T03:00:51.611+0800] {processor.py:914} INFO - Processing file /home/anhtupham99/miniforge3/envs/nba/lib/python3.11/site-packages/airflow/example_dags/example_short_circuit_operator.py for tasks to queue
[2025-01-30T03:00:51.613+0800] {logging_mixin.py:190} INFO - [2025-01-30T03:00:51.613+0800] {dagbag.py:588} INFO - Filling up the DagBag from /home/anhtupham99/miniforge3/envs/nba/lib/python3.11/site-packages/airflow/example_dags/example_short_circuit_operator.py
[2025-01-30T03:00:51.619+0800] {processor.py:925} INFO - DAG(s) 'example_short_circuit_operator' retrieved from /home/anhtupham99/miniforge3/envs/nba/lib/python3.11/site-packages/airflow/example_dags/example_short_circuit_operator.py
[2025-01-30T03:00:51.631+0800] {logging_mixin.py:190} INFO - [2025-01-30T03:00:51.631+0800] {dag.py:3239} INFO - Sync 1 DAGs
[2025-01-30T03:00:51.639+0800] {logging_mixin.py:190} INFO - [2025-01-30T03:00:51.639+0800] {dag.py:4180} INFO - Setting next_dagrun for example_short_circuit_operator to None, run_after=None
[2025-01-30T03:00:51.661+0800] {processor.py:208} INFO - Processing /home/anhtupham99/miniforge3/envs/nba/lib/python3.11/site-packages/airflow/example_dags/example_short_circuit_operator.py took 0.055 seconds
[2025-01-30T03:01:38.781+0800] {processor.py:186} INFO - Started process (PID=23823) to work on /home/anhtupham99/miniforge3/envs/nba/lib/python3.11/site-packages/airflow/example_dags/example_short_circuit_operator.py
[2025-01-30T03:01:38.782+0800] {processor.py:914} INFO - Processing file /home/anhtupham99/miniforge3/envs/nba/lib/python3.11/site-packages/airflow/example_dags/example_short_circuit_operator.py for tasks to queue
[2025-01-30T03:01:38.784+0800] {logging_mixin.py:190} INFO - [2025-01-30T03:01:38.783+0800] {dagbag.py:588} INFO - Filling up the DagBag from /home/anhtupham99/miniforge3/envs/nba/lib/python3.11/site-packages/airflow/example_dags/example_short_circuit_operator.py
[2025-01-30T03:01:38.790+0800] {processor.py:925} INFO - DAG(s) 'example_short_circuit_operator' retrieved from /home/anhtupham99/miniforge3/envs/nba/lib/python3.11/site-packages/airflow/example_dags/example_short_circuit_operator.py
[2025-01-30T03:01:38.801+0800] {logging_mixin.py:190} INFO - [2025-01-30T03:01:38.801+0800] {dag.py:3239} INFO - Sync 1 DAGs
[2025-01-30T03:01:38.809+0800] {logging_mixin.py:190} INFO - [2025-01-30T03:01:38.809+0800] {dag.py:4180} INFO - Setting next_dagrun for example_short_circuit_operator to None, run_after=None
[2025-01-30T03:01:38.832+0800] {processor.py:208} INFO - Processing /home/anhtupham99/miniforge3/envs/nba/lib/python3.11/site-packages/airflow/example_dags/example_short_circuit_operator.py took 0.055 seconds
[2025-01-30T03:02:23.768+0800] {processor.py:186} INFO - Started process (PID=24126) to work on /home/anhtupham99/miniforge3/envs/nba/lib/python3.11/site-packages/airflow/example_dags/example_short_circuit_operator.py
[2025-01-30T03:02:23.770+0800] {processor.py:914} INFO - Processing file /home/anhtupham99/miniforge3/envs/nba/lib/python3.11/site-packages/airflow/example_dags/example_short_circuit_operator.py for tasks to queue
[2025-01-30T03:02:23.772+0800] {logging_mixin.py:190} INFO - [2025-01-30T03:02:23.771+0800] {dagbag.py:588} INFO - Filling up the DagBag from /home/anhtupham99/miniforge3/envs/nba/lib/python3.11/site-packages/airflow/example_dags/example_short_circuit_operator.py
[2025-01-30T03:02:23.778+0800] {processor.py:925} INFO - DAG(s) 'example_short_circuit_operator' retrieved from /home/anhtupham99/miniforge3/envs/nba/lib/python3.11/site-packages/airflow/example_dags/example_short_circuit_operator.py
[2025-01-30T03:02:23.790+0800] {logging_mixin.py:190} INFO - [2025-01-30T03:02:23.790+0800] {dag.py:3239} INFO - Sync 1 DAGs
[2025-01-30T03:02:23.798+0800] {logging_mixin.py:190} INFO - [2025-01-30T03:02:23.798+0800] {dag.py:4180} INFO - Setting next_dagrun for example_short_circuit_operator to None, run_after=None
[2025-01-30T03:02:23.822+0800] {processor.py:208} INFO - Processing /home/anhtupham99/miniforge3/envs/nba/lib/python3.11/site-packages/airflow/example_dags/example_short_circuit_operator.py took 0.058 seconds
[2025-01-30T03:03:11.255+0800] {processor.py:186} INFO - Started process (PID=24388) to work on /home/anhtupham99/miniforge3/envs/nba/lib/python3.11/site-packages/airflow/example_dags/example_short_circuit_operator.py
[2025-01-30T03:03:11.256+0800] {processor.py:914} INFO - Processing file /home/anhtupham99/miniforge3/envs/nba/lib/python3.11/site-packages/airflow/example_dags/example_short_circuit_operator.py for tasks to queue
[2025-01-30T03:03:11.258+0800] {logging_mixin.py:190} INFO - [2025-01-30T03:03:11.258+0800] {dagbag.py:588} INFO - Filling up the DagBag from /home/anhtupham99/miniforge3/envs/nba/lib/python3.11/site-packages/airflow/example_dags/example_short_circuit_operator.py
[2025-01-30T03:03:11.265+0800] {processor.py:925} INFO - DAG(s) 'example_short_circuit_operator' retrieved from /home/anhtupham99/miniforge3/envs/nba/lib/python3.11/site-packages/airflow/example_dags/example_short_circuit_operator.py
[2025-01-30T03:03:11.277+0800] {logging_mixin.py:190} INFO - [2025-01-30T03:03:11.276+0800] {dag.py:3239} INFO - Sync 1 DAGs
[2025-01-30T03:03:11.286+0800] {logging_mixin.py:190} INFO - [2025-01-30T03:03:11.286+0800] {dag.py:4180} INFO - Setting next_dagrun for example_short_circuit_operator to None, run_after=None
[2025-01-30T03:03:11.315+0800] {processor.py:208} INFO - Processing /home/anhtupham99/miniforge3/envs/nba/lib/python3.11/site-packages/airflow/example_dags/example_short_circuit_operator.py took 0.064 seconds
[2025-01-30T03:03:59.095+0800] {processor.py:186} INFO - Started process (PID=24692) to work on /home/anhtupham99/miniforge3/envs/nba/lib/python3.11/site-packages/airflow/example_dags/example_short_circuit_operator.py
[2025-01-30T03:03:59.099+0800] {processor.py:914} INFO - Processing file /home/anhtupham99/miniforge3/envs/nba/lib/python3.11/site-packages/airflow/example_dags/example_short_circuit_operator.py for tasks to queue
[2025-01-30T03:03:59.101+0800] {logging_mixin.py:190} INFO - [2025-01-30T03:03:59.101+0800] {dagbag.py:588} INFO - Filling up the DagBag from /home/anhtupham99/miniforge3/envs/nba/lib/python3.11/site-packages/airflow/example_dags/example_short_circuit_operator.py
[2025-01-30T03:03:59.107+0800] {processor.py:925} INFO - DAG(s) 'example_short_circuit_operator' retrieved from /home/anhtupham99/miniforge3/envs/nba/lib/python3.11/site-packages/airflow/example_dags/example_short_circuit_operator.py
[2025-01-30T03:03:59.120+0800] {logging_mixin.py:190} INFO - [2025-01-30T03:03:59.120+0800] {dag.py:3239} INFO - Sync 1 DAGs
[2025-01-30T03:03:59.128+0800] {logging_mixin.py:190} INFO - [2025-01-30T03:03:59.128+0800] {dag.py:4180} INFO - Setting next_dagrun for example_short_circuit_operator to None, run_after=None
[2025-01-30T03:03:59.157+0800] {processor.py:208} INFO - Processing /home/anhtupham99/miniforge3/envs/nba/lib/python3.11/site-packages/airflow/example_dags/example_short_circuit_operator.py took 0.065 seconds
[2025-01-30T03:04:49.301+0800] {processor.py:186} INFO - Started process (PID=24971) to work on /home/anhtupham99/miniforge3/envs/nba/lib/python3.11/site-packages/airflow/example_dags/example_short_circuit_operator.py
[2025-01-30T03:04:49.306+0800] {processor.py:914} INFO - Processing file /home/anhtupham99/miniforge3/envs/nba/lib/python3.11/site-packages/airflow/example_dags/example_short_circuit_operator.py for tasks to queue
[2025-01-30T03:04:49.307+0800] {logging_mixin.py:190} INFO - [2025-01-30T03:04:49.307+0800] {dagbag.py:588} INFO - Filling up the DagBag from /home/anhtupham99/miniforge3/envs/nba/lib/python3.11/site-packages/airflow/example_dags/example_short_circuit_operator.py
[2025-01-30T03:04:49.314+0800] {processor.py:925} INFO - DAG(s) 'example_short_circuit_operator' retrieved from /home/anhtupham99/miniforge3/envs/nba/lib/python3.11/site-packages/airflow/example_dags/example_short_circuit_operator.py
[2025-01-30T03:04:49.328+0800] {logging_mixin.py:190} INFO - [2025-01-30T03:04:49.328+0800] {dag.py:3239} INFO - Sync 1 DAGs
[2025-01-30T03:04:49.337+0800] {logging_mixin.py:190} INFO - [2025-01-30T03:04:49.337+0800] {dag.py:4180} INFO - Setting next_dagrun for example_short_circuit_operator to None, run_after=None
[2025-01-30T03:04:49.563+0800] {processor.py:208} INFO - Processing /home/anhtupham99/miniforge3/envs/nba/lib/python3.11/site-packages/airflow/example_dags/example_short_circuit_operator.py took 0.267 seconds
[2025-01-30T03:05:40.426+0800] {processor.py:186} INFO - Started process (PID=25283) to work on /home/anhtupham99/miniforge3/envs/nba/lib/python3.11/site-packages/airflow/example_dags/example_short_circuit_operator.py
[2025-01-30T03:05:40.427+0800] {processor.py:914} INFO - Processing file /home/anhtupham99/miniforge3/envs/nba/lib/python3.11/site-packages/airflow/example_dags/example_short_circuit_operator.py for tasks to queue
[2025-01-30T03:05:40.429+0800] {logging_mixin.py:190} INFO - [2025-01-30T03:05:40.428+0800] {dagbag.py:588} INFO - Filling up the DagBag from /home/anhtupham99/miniforge3/envs/nba/lib/python3.11/site-packages/airflow/example_dags/example_short_circuit_operator.py
[2025-01-30T03:05:40.435+0800] {processor.py:925} INFO - DAG(s) 'example_short_circuit_operator' retrieved from /home/anhtupham99/miniforge3/envs/nba/lib/python3.11/site-packages/airflow/example_dags/example_short_circuit_operator.py
[2025-01-30T03:05:40.446+0800] {logging_mixin.py:190} INFO - [2025-01-30T03:05:40.446+0800] {dag.py:3239} INFO - Sync 1 DAGs
[2025-01-30T03:05:40.454+0800] {logging_mixin.py:190} INFO - [2025-01-30T03:05:40.454+0800] {dag.py:4180} INFO - Setting next_dagrun for example_short_circuit_operator to None, run_after=None
[2025-01-30T03:05:40.476+0800] {processor.py:208} INFO - Processing /home/anhtupham99/miniforge3/envs/nba/lib/python3.11/site-packages/airflow/example_dags/example_short_circuit_operator.py took 0.055 seconds
[2025-01-30T03:06:28.613+0800] {processor.py:186} INFO - Started process (PID=25549) to work on /home/anhtupham99/miniforge3/envs/nba/lib/python3.11/site-packages/airflow/example_dags/example_short_circuit_operator.py
[2025-01-30T03:06:28.614+0800] {processor.py:914} INFO - Processing file /home/anhtupham99/miniforge3/envs/nba/lib/python3.11/site-packages/airflow/example_dags/example_short_circuit_operator.py for tasks to queue
[2025-01-30T03:06:28.616+0800] {logging_mixin.py:190} INFO - [2025-01-30T03:06:28.616+0800] {dagbag.py:588} INFO - Filling up the DagBag from /home/anhtupham99/miniforge3/envs/nba/lib/python3.11/site-packages/airflow/example_dags/example_short_circuit_operator.py
[2025-01-30T03:06:28.623+0800] {processor.py:925} INFO - DAG(s) 'example_short_circuit_operator' retrieved from /home/anhtupham99/miniforge3/envs/nba/lib/python3.11/site-packages/airflow/example_dags/example_short_circuit_operator.py
[2025-01-30T03:06:28.635+0800] {logging_mixin.py:190} INFO - [2025-01-30T03:06:28.635+0800] {dag.py:3239} INFO - Sync 1 DAGs
[2025-01-30T03:06:28.643+0800] {logging_mixin.py:190} INFO - [2025-01-30T03:06:28.643+0800] {dag.py:4180} INFO - Setting next_dagrun for example_short_circuit_operator to None, run_after=None
[2025-01-30T03:06:28.666+0800] {processor.py:208} INFO - Processing /home/anhtupham99/miniforge3/envs/nba/lib/python3.11/site-packages/airflow/example_dags/example_short_circuit_operator.py took 0.057 seconds
[2025-01-30T03:07:19.500+0800] {processor.py:186} INFO - Started process (PID=25882) to work on /home/anhtupham99/miniforge3/envs/nba/lib/python3.11/site-packages/airflow/example_dags/example_short_circuit_operator.py
[2025-01-30T03:07:19.501+0800] {processor.py:914} INFO - Processing file /home/anhtupham99/miniforge3/envs/nba/lib/python3.11/site-packages/airflow/example_dags/example_short_circuit_operator.py for tasks to queue
[2025-01-30T03:07:19.503+0800] {logging_mixin.py:190} INFO - [2025-01-30T03:07:19.503+0800] {dagbag.py:588} INFO - Filling up the DagBag from /home/anhtupham99/miniforge3/envs/nba/lib/python3.11/site-packages/airflow/example_dags/example_short_circuit_operator.py
[2025-01-30T03:07:19.511+0800] {processor.py:925} INFO - DAG(s) 'example_short_circuit_operator' retrieved from /home/anhtupham99/miniforge3/envs/nba/lib/python3.11/site-packages/airflow/example_dags/example_short_circuit_operator.py
[2025-01-30T03:07:19.525+0800] {logging_mixin.py:190} INFO - [2025-01-30T03:07:19.525+0800] {dag.py:3239} INFO - Sync 1 DAGs
[2025-01-30T03:07:19.536+0800] {logging_mixin.py:190} INFO - [2025-01-30T03:07:19.535+0800] {dag.py:4180} INFO - Setting next_dagrun for example_short_circuit_operator to None, run_after=None
[2025-01-30T03:07:19.559+0800] {processor.py:208} INFO - Processing /home/anhtupham99/miniforge3/envs/nba/lib/python3.11/site-packages/airflow/example_dags/example_short_circuit_operator.py took 0.064 seconds
[2025-01-30T03:08:09.569+0800] {processor.py:186} INFO - Started process (PID=26167) to work on /home/anhtupham99/miniforge3/envs/nba/lib/python3.11/site-packages/airflow/example_dags/example_short_circuit_operator.py
[2025-01-30T03:08:09.571+0800] {processor.py:914} INFO - Processing file /home/anhtupham99/miniforge3/envs/nba/lib/python3.11/site-packages/airflow/example_dags/example_short_circuit_operator.py for tasks to queue
[2025-01-30T03:08:09.572+0800] {logging_mixin.py:190} INFO - [2025-01-30T03:08:09.572+0800] {dagbag.py:588} INFO - Filling up the DagBag from /home/anhtupham99/miniforge3/envs/nba/lib/python3.11/site-packages/airflow/example_dags/example_short_circuit_operator.py
[2025-01-30T03:08:09.580+0800] {processor.py:925} INFO - DAG(s) 'example_short_circuit_operator' retrieved from /home/anhtupham99/miniforge3/envs/nba/lib/python3.11/site-packages/airflow/example_dags/example_short_circuit_operator.py
[2025-01-30T03:08:09.592+0800] {logging_mixin.py:190} INFO - [2025-01-30T03:08:09.592+0800] {dag.py:3239} INFO - Sync 1 DAGs
[2025-01-30T03:08:09.601+0800] {logging_mixin.py:190} INFO - [2025-01-30T03:08:09.601+0800] {dag.py:4180} INFO - Setting next_dagrun for example_short_circuit_operator to None, run_after=None
[2025-01-30T03:08:09.623+0800] {processor.py:208} INFO - Processing /home/anhtupham99/miniforge3/envs/nba/lib/python3.11/site-packages/airflow/example_dags/example_short_circuit_operator.py took 0.058 seconds
[2025-01-30T03:08:56.875+0800] {processor.py:186} INFO - Started process (PID=26433) to work on /home/anhtupham99/miniforge3/envs/nba/lib/python3.11/site-packages/airflow/example_dags/example_short_circuit_operator.py
[2025-01-30T03:08:56.876+0800] {processor.py:914} INFO - Processing file /home/anhtupham99/miniforge3/envs/nba/lib/python3.11/site-packages/airflow/example_dags/example_short_circuit_operator.py for tasks to queue
[2025-01-30T03:08:56.878+0800] {logging_mixin.py:190} INFO - [2025-01-30T03:08:56.878+0800] {dagbag.py:588} INFO - Filling up the DagBag from /home/anhtupham99/miniforge3/envs/nba/lib/python3.11/site-packages/airflow/example_dags/example_short_circuit_operator.py
[2025-01-30T03:08:56.886+0800] {processor.py:925} INFO - DAG(s) 'example_short_circuit_operator' retrieved from /home/anhtupham99/miniforge3/envs/nba/lib/python3.11/site-packages/airflow/example_dags/example_short_circuit_operator.py
[2025-01-30T03:08:56.899+0800] {logging_mixin.py:190} INFO - [2025-01-30T03:08:56.899+0800] {dag.py:3239} INFO - Sync 1 DAGs
[2025-01-30T03:08:56.908+0800] {logging_mixin.py:190} INFO - [2025-01-30T03:08:56.908+0800] {dag.py:4180} INFO - Setting next_dagrun for example_short_circuit_operator to None, run_after=None
[2025-01-30T03:08:56.930+0800] {processor.py:208} INFO - Processing /home/anhtupham99/miniforge3/envs/nba/lib/python3.11/site-packages/airflow/example_dags/example_short_circuit_operator.py took 0.059 seconds
[2025-01-30T03:09:44.087+0800] {processor.py:186} INFO - Started process (PID=26719) to work on /home/anhtupham99/miniforge3/envs/nba/lib/python3.11/site-packages/airflow/example_dags/example_short_circuit_operator.py
[2025-01-30T03:09:44.088+0800] {processor.py:914} INFO - Processing file /home/anhtupham99/miniforge3/envs/nba/lib/python3.11/site-packages/airflow/example_dags/example_short_circuit_operator.py for tasks to queue
[2025-01-30T03:09:44.090+0800] {logging_mixin.py:190} INFO - [2025-01-30T03:09:44.090+0800] {dagbag.py:588} INFO - Filling up the DagBag from /home/anhtupham99/miniforge3/envs/nba/lib/python3.11/site-packages/airflow/example_dags/example_short_circuit_operator.py
[2025-01-30T03:09:44.097+0800] {processor.py:925} INFO - DAG(s) 'example_short_circuit_operator' retrieved from /home/anhtupham99/miniforge3/envs/nba/lib/python3.11/site-packages/airflow/example_dags/example_short_circuit_operator.py
[2025-01-30T03:09:44.109+0800] {logging_mixin.py:190} INFO - [2025-01-30T03:09:44.109+0800] {dag.py:3239} INFO - Sync 1 DAGs
[2025-01-30T03:09:44.117+0800] {logging_mixin.py:190} INFO - [2025-01-30T03:09:44.117+0800] {dag.py:4180} INFO - Setting next_dagrun for example_short_circuit_operator to None, run_after=None
[2025-01-30T03:09:44.140+0800] {processor.py:208} INFO - Processing /home/anhtupham99/miniforge3/envs/nba/lib/python3.11/site-packages/airflow/example_dags/example_short_circuit_operator.py took 0.057 seconds
[2025-01-30T06:11:39.267+0800] {processor.py:186} INFO - Started process (PID=26934) to work on /home/anhtupham99/miniforge3/envs/nba/lib/python3.11/site-packages/airflow/example_dags/example_short_circuit_operator.py
[2025-01-30T06:11:39.269+0800] {processor.py:914} INFO - Processing file /home/anhtupham99/miniforge3/envs/nba/lib/python3.11/site-packages/airflow/example_dags/example_short_circuit_operator.py for tasks to queue
[2025-01-30T06:11:39.271+0800] {logging_mixin.py:190} INFO - [2025-01-30T06:11:39.271+0800] {dagbag.py:588} INFO - Filling up the DagBag from /home/anhtupham99/miniforge3/envs/nba/lib/python3.11/site-packages/airflow/example_dags/example_short_circuit_operator.py
[2025-01-30T06:11:39.281+0800] {processor.py:925} INFO - DAG(s) 'example_short_circuit_operator' retrieved from /home/anhtupham99/miniforge3/envs/nba/lib/python3.11/site-packages/airflow/example_dags/example_short_circuit_operator.py
[2025-01-30T06:11:39.295+0800] {logging_mixin.py:190} INFO - [2025-01-30T06:11:39.294+0800] {dag.py:3239} INFO - Sync 1 DAGs
[2025-01-30T06:11:39.309+0800] {logging_mixin.py:190} INFO - [2025-01-30T06:11:39.308+0800] {dag.py:4180} INFO - Setting next_dagrun for example_short_circuit_operator to None, run_after=None
[2025-01-30T06:11:39.338+0800] {processor.py:208} INFO - Processing /home/anhtupham99/miniforge3/envs/nba/lib/python3.11/site-packages/airflow/example_dags/example_short_circuit_operator.py took 0.077 seconds
[2025-01-30T06:12:33.893+0800] {processor.py:186} INFO - Started process (PID=27228) to work on /home/anhtupham99/miniforge3/envs/nba/lib/python3.11/site-packages/airflow/example_dags/example_short_circuit_operator.py
[2025-01-30T06:12:33.896+0800] {processor.py:914} INFO - Processing file /home/anhtupham99/miniforge3/envs/nba/lib/python3.11/site-packages/airflow/example_dags/example_short_circuit_operator.py for tasks to queue
[2025-01-30T06:12:33.900+0800] {logging_mixin.py:190} INFO - [2025-01-30T06:12:33.899+0800] {dagbag.py:588} INFO - Filling up the DagBag from /home/anhtupham99/miniforge3/envs/nba/lib/python3.11/site-packages/airflow/example_dags/example_short_circuit_operator.py
[2025-01-30T06:12:33.913+0800] {processor.py:925} INFO - DAG(s) 'example_short_circuit_operator' retrieved from /home/anhtupham99/miniforge3/envs/nba/lib/python3.11/site-packages/airflow/example_dags/example_short_circuit_operator.py
[2025-01-30T06:12:33.934+0800] {logging_mixin.py:190} INFO - [2025-01-30T06:12:33.934+0800] {dag.py:3239} INFO - Sync 1 DAGs
[2025-01-30T06:12:33.948+0800] {logging_mixin.py:190} INFO - [2025-01-30T06:12:33.947+0800] {dag.py:4180} INFO - Setting next_dagrun for example_short_circuit_operator to None, run_after=None
[2025-01-30T06:12:33.985+0800] {processor.py:208} INFO - Processing /home/anhtupham99/miniforge3/envs/nba/lib/python3.11/site-packages/airflow/example_dags/example_short_circuit_operator.py took 0.100 seconds
[2025-01-30T06:13:22.426+0800] {processor.py:186} INFO - Started process (PID=27551) to work on /home/anhtupham99/miniforge3/envs/nba/lib/python3.11/site-packages/airflow/example_dags/example_short_circuit_operator.py
[2025-01-30T06:13:22.427+0800] {processor.py:914} INFO - Processing file /home/anhtupham99/miniforge3/envs/nba/lib/python3.11/site-packages/airflow/example_dags/example_short_circuit_operator.py for tasks to queue
[2025-01-30T06:13:22.430+0800] {logging_mixin.py:190} INFO - [2025-01-30T06:13:22.429+0800] {dagbag.py:588} INFO - Filling up the DagBag from /home/anhtupham99/miniforge3/envs/nba/lib/python3.11/site-packages/airflow/example_dags/example_short_circuit_operator.py
[2025-01-30T06:13:22.439+0800] {processor.py:925} INFO - DAG(s) 'example_short_circuit_operator' retrieved from /home/anhtupham99/miniforge3/envs/nba/lib/python3.11/site-packages/airflow/example_dags/example_short_circuit_operator.py
[2025-01-30T06:13:22.451+0800] {logging_mixin.py:190} INFO - [2025-01-30T06:13:22.451+0800] {dag.py:3239} INFO - Sync 1 DAGs
[2025-01-30T06:13:22.461+0800] {logging_mixin.py:190} INFO - [2025-01-30T06:13:22.461+0800] {dag.py:4180} INFO - Setting next_dagrun for example_short_circuit_operator to None, run_after=None
[2025-01-30T06:13:22.495+0800] {processor.py:208} INFO - Processing /home/anhtupham99/miniforge3/envs/nba/lib/python3.11/site-packages/airflow/example_dags/example_short_circuit_operator.py took 0.076 seconds
