[2025-01-30T02:35:45.382+0800] {processor.py:186} INFO - Started process (PID=14721) to work on /home/anhtupham99/miniforge3/envs/nba/lib/python3.11/site-packages/airflow/example_dags/example_branch_datetime_operator.py
[2025-01-30T02:35:45.384+0800] {processor.py:914} INFO - Processing file /home/anhtupham99/miniforge3/envs/nba/lib/python3.11/site-packages/airflow/example_dags/example_branch_datetime_operator.py for tasks to queue
[2025-01-30T02:35:45.390+0800] {logging_mixin.py:190} INFO - [2025-01-30T02:35:45.389+0800] {dagbag.py:588} INFO - Filling up the DagBag from /home/anhtupham99/miniforge3/envs/nba/lib/python3.11/site-packages/airflow/example_dags/example_branch_datetime_operator.py
[2025-01-30T02:35:45.410+0800] {processor.py:925} INFO - DAG(s) 'example_branch_datetime_operator', 'example_branch_datetime_operator_3', 'example_branch_datetime_operator_2' retrieved from /home/anhtupham99/miniforge3/envs/nba/lib/python3.11/site-packages/airflow/example_dags/example_branch_datetime_operator.py
[2025-01-30T02:35:45.505+0800] {logging_mixin.py:190} INFO - [2025-01-30T02:35:45.504+0800] {override.py:1911} INFO - Created Permission View: can delete on DAG:example_branch_datetime_operator
[2025-01-30T02:35:45.538+0800] {logging_mixin.py:190} INFO - [2025-01-30T02:35:45.537+0800] {override.py:1911} INFO - Created Permission View: can read on DAG:example_branch_datetime_operator
[2025-01-30T02:35:45.560+0800] {logging_mixin.py:190} INFO - [2025-01-30T02:35:45.559+0800] {override.py:1911} INFO - Created Permission View: can edit on DAG:example_branch_datetime_operator
[2025-01-30T02:35:45.600+0800] {logging_mixin.py:190} INFO - [2025-01-30T02:35:45.599+0800] {override.py:1911} INFO - Created Permission View: can delete on DAG Run:example_branch_datetime_operator
[2025-01-30T02:35:45.621+0800] {logging_mixin.py:190} INFO - [2025-01-30T02:35:45.621+0800] {override.py:1911} INFO - Created Permission View: can create on DAG Run:example_branch_datetime_operator
[2025-01-30T02:35:45.643+0800] {logging_mixin.py:190} INFO - [2025-01-30T02:35:45.643+0800] {override.py:1911} INFO - Created Permission View: menu access on DAG Run:example_branch_datetime_operator
[2025-01-30T02:35:45.665+0800] {logging_mixin.py:190} INFO - [2025-01-30T02:35:45.665+0800] {override.py:1911} INFO - Created Permission View: can read on DAG Run:example_branch_datetime_operator
[2025-01-30T02:35:45.720+0800] {logging_mixin.py:190} INFO - [2025-01-30T02:35:45.720+0800] {override.py:1911} INFO - Created Permission View: can delete on DAG:example_branch_datetime_operator_3
[2025-01-30T02:35:45.740+0800] {logging_mixin.py:190} INFO - [2025-01-30T02:35:45.740+0800] {override.py:1911} INFO - Created Permission View: can read on DAG:example_branch_datetime_operator_3
[2025-01-30T02:35:45.760+0800] {logging_mixin.py:190} INFO - [2025-01-30T02:35:45.759+0800] {override.py:1911} INFO - Created Permission View: can edit on DAG:example_branch_datetime_operator_3
[2025-01-30T02:35:45.794+0800] {logging_mixin.py:190} INFO - [2025-01-30T02:35:45.793+0800] {override.py:1911} INFO - Created Permission View: can delete on DAG Run:example_branch_datetime_operator_3
[2025-01-30T02:35:45.813+0800] {logging_mixin.py:190} INFO - [2025-01-30T02:35:45.812+0800] {override.py:1911} INFO - Created Permission View: can create on DAG Run:example_branch_datetime_operator_3
[2025-01-30T02:35:45.832+0800] {logging_mixin.py:190} INFO - [2025-01-30T02:35:45.831+0800] {override.py:1911} INFO - Created Permission View: menu access on DAG Run:example_branch_datetime_operator_3
[2025-01-30T02:35:45.851+0800] {logging_mixin.py:190} INFO - [2025-01-30T02:35:45.851+0800] {override.py:1911} INFO - Created Permission View: can read on DAG Run:example_branch_datetime_operator_3
[2025-01-30T02:35:45.898+0800] {logging_mixin.py:190} INFO - [2025-01-30T02:35:45.898+0800] {override.py:1911} INFO - Created Permission View: can delete on DAG:example_branch_datetime_operator_2
[2025-01-30T02:35:45.919+0800] {logging_mixin.py:190} INFO - [2025-01-30T02:35:45.919+0800] {override.py:1911} INFO - Created Permission View: can read on DAG:example_branch_datetime_operator_2
[2025-01-30T02:35:45.940+0800] {logging_mixin.py:190} INFO - [2025-01-30T02:35:45.940+0800] {override.py:1911} INFO - Created Permission View: can edit on DAG:example_branch_datetime_operator_2
[2025-01-30T02:35:45.974+0800] {logging_mixin.py:190} INFO - [2025-01-30T02:35:45.974+0800] {override.py:1911} INFO - Created Permission View: can delete on DAG Run:example_branch_datetime_operator_2
[2025-01-30T02:35:45.994+0800] {logging_mixin.py:190} INFO - [2025-01-30T02:35:45.994+0800] {override.py:1911} INFO - Created Permission View: can create on DAG Run:example_branch_datetime_operator_2
[2025-01-30T02:35:46.013+0800] {logging_mixin.py:190} INFO - [2025-01-30T02:35:46.012+0800] {override.py:1911} INFO - Created Permission View: menu access on DAG Run:example_branch_datetime_operator_2
[2025-01-30T02:35:46.030+0800] {logging_mixin.py:190} INFO - [2025-01-30T02:35:46.030+0800] {override.py:1911} INFO - Created Permission View: can read on DAG Run:example_branch_datetime_operator_2
[2025-01-30T02:35:46.031+0800] {logging_mixin.py:190} INFO - [2025-01-30T02:35:46.031+0800] {dag.py:3239} INFO - Sync 3 DAGs
[2025-01-30T02:35:46.048+0800] {logging_mixin.py:190} INFO - [2025-01-30T02:35:46.048+0800] {dag.py:3262} INFO - Creating ORM DAG for example_branch_datetime_operator
[2025-01-30T02:35:46.049+0800] {logging_mixin.py:190} INFO - [2025-01-30T02:35:46.049+0800] {dag.py:3262} INFO - Creating ORM DAG for example_branch_datetime_operator_2
[2025-01-30T02:35:46.049+0800] {logging_mixin.py:190} INFO - [2025-01-30T02:35:46.049+0800] {dag.py:3262} INFO - Creating ORM DAG for example_branch_datetime_operator_3
[2025-01-30T02:35:46.055+0800] {logging_mixin.py:190} INFO - [2025-01-30T02:35:46.055+0800] {dag.py:4180} INFO - Setting next_dagrun for example_branch_datetime_operator to 2025-01-28 00:00:00+00:00, run_after=2025-01-29 00:00:00+00:00
[2025-01-30T02:35:46.056+0800] {logging_mixin.py:190} INFO - [2025-01-30T02:35:46.056+0800] {dag.py:4180} INFO - Setting next_dagrun for example_branch_datetime_operator_2 to 2025-01-28 00:00:00+00:00, run_after=2025-01-29 00:00:00+00:00
[2025-01-30T02:35:46.057+0800] {logging_mixin.py:190} INFO - [2025-01-30T02:35:46.057+0800] {dag.py:4180} INFO - Setting next_dagrun for example_branch_datetime_operator_3 to 2025-01-28 00:00:00+00:00, run_after=2025-01-29 00:00:00+00:00
[2025-01-30T02:35:46.085+0800] {processor.py:208} INFO - Processing /home/anhtupham99/miniforge3/envs/nba/lib/python3.11/site-packages/airflow/example_dags/example_branch_datetime_operator.py took 0.718 seconds
[2025-01-30T02:36:46.741+0800] {processor.py:186} INFO - Started process (PID=15090) to work on /home/anhtupham99/miniforge3/envs/nba/lib/python3.11/site-packages/airflow/example_dags/example_branch_datetime_operator.py
[2025-01-30T02:36:46.744+0800] {processor.py:914} INFO - Processing file /home/anhtupham99/miniforge3/envs/nba/lib/python3.11/site-packages/airflow/example_dags/example_branch_datetime_operator.py for tasks to queue
[2025-01-30T02:36:46.746+0800] {logging_mixin.py:190} INFO - [2025-01-30T02:36:46.745+0800] {dagbag.py:588} INFO - Filling up the DagBag from /home/anhtupham99/miniforge3/envs/nba/lib/python3.11/site-packages/airflow/example_dags/example_branch_datetime_operator.py
[2025-01-30T02:36:46.754+0800] {processor.py:925} INFO - DAG(s) 'example_branch_datetime_operator_2', 'example_branch_datetime_operator_3', 'example_branch_datetime_operator' retrieved from /home/anhtupham99/miniforge3/envs/nba/lib/python3.11/site-packages/airflow/example_dags/example_branch_datetime_operator.py
[2025-01-30T02:36:46.767+0800] {logging_mixin.py:190} INFO - [2025-01-30T02:36:46.767+0800] {dag.py:3239} INFO - Sync 3 DAGs
[2025-01-30T02:36:46.780+0800] {logging_mixin.py:190} INFO - [2025-01-30T02:36:46.780+0800] {dag.py:4180} INFO - Setting next_dagrun for example_branch_datetime_operator to 2025-01-28 00:00:00+00:00, run_after=2025-01-29 00:00:00+00:00
[2025-01-30T02:36:46.782+0800] {logging_mixin.py:190} INFO - [2025-01-30T02:36:46.782+0800] {dag.py:4180} INFO - Setting next_dagrun for example_branch_datetime_operator_2 to 2025-01-28 00:00:00+00:00, run_after=2025-01-29 00:00:00+00:00
[2025-01-30T02:36:46.783+0800] {logging_mixin.py:190} INFO - [2025-01-30T02:36:46.783+0800] {dag.py:4180} INFO - Setting next_dagrun for example_branch_datetime_operator_3 to 2025-01-28 00:00:00+00:00, run_after=2025-01-29 00:00:00+00:00
[2025-01-30T02:36:46.817+0800] {processor.py:208} INFO - Processing /home/anhtupham99/miniforge3/envs/nba/lib/python3.11/site-packages/airflow/example_dags/example_branch_datetime_operator.py took 0.081 seconds
[2025-01-30T02:48:41.538+0800] {processor.py:186} INFO - Started process (PID=19269) to work on /home/anhtupham99/miniforge3/envs/nba/lib/python3.11/site-packages/airflow/example_dags/example_branch_datetime_operator.py
[2025-01-30T02:48:41.541+0800] {processor.py:914} INFO - Processing file /home/anhtupham99/miniforge3/envs/nba/lib/python3.11/site-packages/airflow/example_dags/example_branch_datetime_operator.py for tasks to queue
[2025-01-30T02:48:41.544+0800] {logging_mixin.py:190} INFO - [2025-01-30T02:48:41.544+0800] {dagbag.py:588} INFO - Filling up the DagBag from /home/anhtupham99/miniforge3/envs/nba/lib/python3.11/site-packages/airflow/example_dags/example_branch_datetime_operator.py
[2025-01-30T02:48:41.561+0800] {processor.py:925} INFO - DAG(s) 'example_branch_datetime_operator_3', 'example_branch_datetime_operator_2', 'example_branch_datetime_operator' retrieved from /home/anhtupham99/miniforge3/envs/nba/lib/python3.11/site-packages/airflow/example_dags/example_branch_datetime_operator.py
[2025-01-30T02:48:41.580+0800] {logging_mixin.py:190} INFO - [2025-01-30T02:48:41.580+0800] {dag.py:3239} INFO - Sync 3 DAGs
[2025-01-30T02:48:41.598+0800] {logging_mixin.py:190} INFO - [2025-01-30T02:48:41.598+0800] {dag.py:4180} INFO - Setting next_dagrun for example_branch_datetime_operator to 2025-01-28 00:00:00+00:00, run_after=2025-01-29 00:00:00+00:00
[2025-01-30T02:48:41.602+0800] {logging_mixin.py:190} INFO - [2025-01-30T02:48:41.602+0800] {dag.py:4180} INFO - Setting next_dagrun for example_branch_datetime_operator_2 to 2025-01-28 00:00:00+00:00, run_after=2025-01-29 00:00:00+00:00
[2025-01-30T02:48:41.604+0800] {logging_mixin.py:190} INFO - [2025-01-30T02:48:41.604+0800] {dag.py:4180} INFO - Setting next_dagrun for example_branch_datetime_operator_3 to 2025-01-28 00:00:00+00:00, run_after=2025-01-29 00:00:00+00:00
[2025-01-30T02:48:41.636+0800] {processor.py:208} INFO - Processing /home/anhtupham99/miniforge3/envs/nba/lib/python3.11/site-packages/airflow/example_dags/example_branch_datetime_operator.py took 0.112 seconds
[2025-01-30T02:49:39.124+0800] {processor.py:186} INFO - Started process (PID=19590) to work on /home/anhtupham99/miniforge3/envs/nba/lib/python3.11/site-packages/airflow/example_dags/example_branch_datetime_operator.py
[2025-01-30T02:49:39.129+0800] {processor.py:914} INFO - Processing file /home/anhtupham99/miniforge3/envs/nba/lib/python3.11/site-packages/airflow/example_dags/example_branch_datetime_operator.py for tasks to queue
[2025-01-30T02:49:39.134+0800] {logging_mixin.py:190} INFO - [2025-01-30T02:49:39.133+0800] {dagbag.py:588} INFO - Filling up the DagBag from /home/anhtupham99/miniforge3/envs/nba/lib/python3.11/site-packages/airflow/example_dags/example_branch_datetime_operator.py
[2025-01-30T02:49:39.146+0800] {processor.py:925} INFO - DAG(s) 'example_branch_datetime_operator_3', 'example_branch_datetime_operator_2', 'example_branch_datetime_operator' retrieved from /home/anhtupham99/miniforge3/envs/nba/lib/python3.11/site-packages/airflow/example_dags/example_branch_datetime_operator.py
[2025-01-30T02:49:39.160+0800] {logging_mixin.py:190} INFO - [2025-01-30T02:49:39.160+0800] {dag.py:3239} INFO - Sync 3 DAGs
[2025-01-30T02:49:39.174+0800] {logging_mixin.py:190} INFO - [2025-01-30T02:49:39.173+0800] {dag.py:4180} INFO - Setting next_dagrun for example_branch_datetime_operator to 2025-01-28 00:00:00+00:00, run_after=2025-01-29 00:00:00+00:00
[2025-01-30T02:49:39.176+0800] {logging_mixin.py:190} INFO - [2025-01-30T02:49:39.176+0800] {dag.py:4180} INFO - Setting next_dagrun for example_branch_datetime_operator_2 to 2025-01-28 00:00:00+00:00, run_after=2025-01-29 00:00:00+00:00
[2025-01-30T02:49:39.177+0800] {logging_mixin.py:190} INFO - [2025-01-30T02:49:39.177+0800] {dag.py:4180} INFO - Setting next_dagrun for example_branch_datetime_operator_3 to 2025-01-28 00:00:00+00:00, run_after=2025-01-29 00:00:00+00:00
[2025-01-30T02:49:39.205+0800] {processor.py:208} INFO - Processing /home/anhtupham99/miniforge3/envs/nba/lib/python3.11/site-packages/airflow/example_dags/example_branch_datetime_operator.py took 0.094 seconds
[2025-01-30T02:50:35.883+0800] {processor.py:186} INFO - Started process (PID=19935) to work on /home/anhtupham99/miniforge3/envs/nba/lib/python3.11/site-packages/airflow/example_dags/example_branch_datetime_operator.py
[2025-01-30T02:50:35.885+0800] {processor.py:914} INFO - Processing file /home/anhtupham99/miniforge3/envs/nba/lib/python3.11/site-packages/airflow/example_dags/example_branch_datetime_operator.py for tasks to queue
[2025-01-30T02:50:35.889+0800] {logging_mixin.py:190} INFO - [2025-01-30T02:50:35.889+0800] {dagbag.py:588} INFO - Filling up the DagBag from /home/anhtupham99/miniforge3/envs/nba/lib/python3.11/site-packages/airflow/example_dags/example_branch_datetime_operator.py
[2025-01-30T02:50:35.915+0800] {processor.py:925} INFO - DAG(s) 'example_branch_datetime_operator', 'example_branch_datetime_operator_2', 'example_branch_datetime_operator_3' retrieved from /home/anhtupham99/miniforge3/envs/nba/lib/python3.11/site-packages/airflow/example_dags/example_branch_datetime_operator.py
[2025-01-30T02:50:35.942+0800] {logging_mixin.py:190} INFO - [2025-01-30T02:50:35.942+0800] {dag.py:3239} INFO - Sync 3 DAGs
[2025-01-30T02:50:35.956+0800] {logging_mixin.py:190} INFO - [2025-01-30T02:50:35.955+0800] {dag.py:4180} INFO - Setting next_dagrun for example_branch_datetime_operator to 2025-01-28 00:00:00+00:00, run_after=2025-01-29 00:00:00+00:00
[2025-01-30T02:50:35.958+0800] {logging_mixin.py:190} INFO - [2025-01-30T02:50:35.958+0800] {dag.py:4180} INFO - Setting next_dagrun for example_branch_datetime_operator_2 to 2025-01-28 00:00:00+00:00, run_after=2025-01-29 00:00:00+00:00
[2025-01-30T02:50:35.959+0800] {logging_mixin.py:190} INFO - [2025-01-30T02:50:35.959+0800] {dag.py:4180} INFO - Setting next_dagrun for example_branch_datetime_operator_3 to 2025-01-28 00:00:00+00:00, run_after=2025-01-29 00:00:00+00:00
[2025-01-30T02:50:35.998+0800] {processor.py:208} INFO - Processing /home/anhtupham99/miniforge3/envs/nba/lib/python3.11/site-packages/airflow/example_dags/example_branch_datetime_operator.py took 0.129 seconds
[2025-01-30T02:51:55.441+0800] {processor.py:186} INFO - Started process (PID=20394) to work on /home/anhtupham99/miniforge3/envs/nba/lib/python3.11/site-packages/airflow/example_dags/example_branch_datetime_operator.py
[2025-01-30T02:51:55.444+0800] {processor.py:914} INFO - Processing file /home/anhtupham99/miniforge3/envs/nba/lib/python3.11/site-packages/airflow/example_dags/example_branch_datetime_operator.py for tasks to queue
[2025-01-30T02:51:55.446+0800] {logging_mixin.py:190} INFO - [2025-01-30T02:51:55.446+0800] {dagbag.py:588} INFO - Filling up the DagBag from /home/anhtupham99/miniforge3/envs/nba/lib/python3.11/site-packages/airflow/example_dags/example_branch_datetime_operator.py
[2025-01-30T02:51:55.454+0800] {processor.py:925} INFO - DAG(s) 'example_branch_datetime_operator_2', 'example_branch_datetime_operator_3', 'example_branch_datetime_operator' retrieved from /home/anhtupham99/miniforge3/envs/nba/lib/python3.11/site-packages/airflow/example_dags/example_branch_datetime_operator.py
[2025-01-30T02:51:55.467+0800] {logging_mixin.py:190} INFO - [2025-01-30T02:51:55.467+0800] {dag.py:3239} INFO - Sync 3 DAGs
[2025-01-30T02:51:55.480+0800] {logging_mixin.py:190} INFO - [2025-01-30T02:51:55.480+0800] {dag.py:4180} INFO - Setting next_dagrun for example_branch_datetime_operator to 2025-01-28 00:00:00+00:00, run_after=2025-01-29 00:00:00+00:00
[2025-01-30T02:51:55.482+0800] {logging_mixin.py:190} INFO - [2025-01-30T02:51:55.482+0800] {dag.py:4180} INFO - Setting next_dagrun for example_branch_datetime_operator_2 to 2025-01-28 00:00:00+00:00, run_after=2025-01-29 00:00:00+00:00
[2025-01-30T02:51:55.483+0800] {logging_mixin.py:190} INFO - [2025-01-30T02:51:55.483+0800] {dag.py:4180} INFO - Setting next_dagrun for example_branch_datetime_operator_3 to 2025-01-28 00:00:00+00:00, run_after=2025-01-29 00:00:00+00:00
[2025-01-30T02:51:55.516+0800] {processor.py:208} INFO - Processing /home/anhtupham99/miniforge3/envs/nba/lib/python3.11/site-packages/airflow/example_dags/example_branch_datetime_operator.py took 0.080 seconds
[2025-01-30T02:53:15.726+0800] {processor.py:186} INFO - Started process (PID=20868) to work on /home/anhtupham99/miniforge3/envs/nba/lib/python3.11/site-packages/airflow/example_dags/example_branch_datetime_operator.py
[2025-01-30T02:53:15.727+0800] {processor.py:914} INFO - Processing file /home/anhtupham99/miniforge3/envs/nba/lib/python3.11/site-packages/airflow/example_dags/example_branch_datetime_operator.py for tasks to queue
[2025-01-30T02:53:15.729+0800] {logging_mixin.py:190} INFO - [2025-01-30T02:53:15.728+0800] {dagbag.py:588} INFO - Filling up the DagBag from /home/anhtupham99/miniforge3/envs/nba/lib/python3.11/site-packages/airflow/example_dags/example_branch_datetime_operator.py
[2025-01-30T02:53:15.738+0800] {processor.py:925} INFO - DAG(s) 'example_branch_datetime_operator_3', 'example_branch_datetime_operator', 'example_branch_datetime_operator_2' retrieved from /home/anhtupham99/miniforge3/envs/nba/lib/python3.11/site-packages/airflow/example_dags/example_branch_datetime_operator.py
[2025-01-30T02:53:15.755+0800] {logging_mixin.py:190} INFO - [2025-01-30T02:53:15.755+0800] {dag.py:3239} INFO - Sync 3 DAGs
[2025-01-30T02:53:15.773+0800] {logging_mixin.py:190} INFO - [2025-01-30T02:53:15.773+0800] {dag.py:4180} INFO - Setting next_dagrun for example_branch_datetime_operator to 2025-01-28 00:00:00+00:00, run_after=2025-01-29 00:00:00+00:00
[2025-01-30T02:53:15.776+0800] {logging_mixin.py:190} INFO - [2025-01-30T02:53:15.776+0800] {dag.py:4180} INFO - Setting next_dagrun for example_branch_datetime_operator_2 to 2025-01-28 00:00:00+00:00, run_after=2025-01-29 00:00:00+00:00
[2025-01-30T02:53:15.777+0800] {logging_mixin.py:190} INFO - [2025-01-30T02:53:15.777+0800] {dag.py:4180} INFO - Setting next_dagrun for example_branch_datetime_operator_3 to 2025-01-28 00:00:00+00:00, run_after=2025-01-29 00:00:00+00:00
[2025-01-30T02:53:15.799+0800] {processor.py:208} INFO - Processing /home/anhtupham99/miniforge3/envs/nba/lib/python3.11/site-packages/airflow/example_dags/example_branch_datetime_operator.py took 0.078 seconds
[2025-01-30T02:54:29.991+0800] {processor.py:186} INFO - Started process (PID=21300) to work on /home/anhtupham99/miniforge3/envs/nba/lib/python3.11/site-packages/airflow/example_dags/example_branch_datetime_operator.py
[2025-01-30T02:54:29.992+0800] {processor.py:914} INFO - Processing file /home/anhtupham99/miniforge3/envs/nba/lib/python3.11/site-packages/airflow/example_dags/example_branch_datetime_operator.py for tasks to queue
[2025-01-30T02:54:29.994+0800] {logging_mixin.py:190} INFO - [2025-01-30T02:54:29.993+0800] {dagbag.py:588} INFO - Filling up the DagBag from /home/anhtupham99/miniforge3/envs/nba/lib/python3.11/site-packages/airflow/example_dags/example_branch_datetime_operator.py
[2025-01-30T02:54:30.002+0800] {processor.py:925} INFO - DAG(s) 'example_branch_datetime_operator_3', 'example_branch_datetime_operator_2', 'example_branch_datetime_operator' retrieved from /home/anhtupham99/miniforge3/envs/nba/lib/python3.11/site-packages/airflow/example_dags/example_branch_datetime_operator.py
[2025-01-30T02:54:30.015+0800] {logging_mixin.py:190} INFO - [2025-01-30T02:54:30.015+0800] {dag.py:3239} INFO - Sync 3 DAGs
[2025-01-30T02:54:30.028+0800] {logging_mixin.py:190} INFO - [2025-01-30T02:54:30.028+0800] {dag.py:4180} INFO - Setting next_dagrun for example_branch_datetime_operator to 2025-01-28 00:00:00+00:00, run_after=2025-01-29 00:00:00+00:00
[2025-01-30T02:54:30.030+0800] {logging_mixin.py:190} INFO - [2025-01-30T02:54:30.030+0800] {dag.py:4180} INFO - Setting next_dagrun for example_branch_datetime_operator_2 to 2025-01-28 00:00:00+00:00, run_after=2025-01-29 00:00:00+00:00
[2025-01-30T02:54:30.032+0800] {logging_mixin.py:190} INFO - [2025-01-30T02:54:30.031+0800] {dag.py:4180} INFO - Setting next_dagrun for example_branch_datetime_operator_3 to 2025-01-28 00:00:00+00:00, run_after=2025-01-29 00:00:00+00:00
[2025-01-30T02:54:30.052+0800] {processor.py:208} INFO - Processing /home/anhtupham99/miniforge3/envs/nba/lib/python3.11/site-packages/airflow/example_dags/example_branch_datetime_operator.py took 0.066 seconds
[2025-01-30T02:55:42.426+0800] {processor.py:186} INFO - Started process (PID=21720) to work on /home/anhtupham99/miniforge3/envs/nba/lib/python3.11/site-packages/airflow/example_dags/example_branch_datetime_operator.py
[2025-01-30T02:55:42.427+0800] {processor.py:914} INFO - Processing file /home/anhtupham99/miniforge3/envs/nba/lib/python3.11/site-packages/airflow/example_dags/example_branch_datetime_operator.py for tasks to queue
[2025-01-30T02:55:42.429+0800] {logging_mixin.py:190} INFO - [2025-01-30T02:55:42.428+0800] {dagbag.py:588} INFO - Filling up the DagBag from /home/anhtupham99/miniforge3/envs/nba/lib/python3.11/site-packages/airflow/example_dags/example_branch_datetime_operator.py
[2025-01-30T02:55:42.437+0800] {processor.py:925} INFO - DAG(s) 'example_branch_datetime_operator', 'example_branch_datetime_operator_3', 'example_branch_datetime_operator_2' retrieved from /home/anhtupham99/miniforge3/envs/nba/lib/python3.11/site-packages/airflow/example_dags/example_branch_datetime_operator.py
[2025-01-30T02:55:42.451+0800] {logging_mixin.py:190} INFO - [2025-01-30T02:55:42.451+0800] {dag.py:3239} INFO - Sync 3 DAGs
[2025-01-30T02:55:42.465+0800] {logging_mixin.py:190} INFO - [2025-01-30T02:55:42.465+0800] {dag.py:4180} INFO - Setting next_dagrun for example_branch_datetime_operator to 2025-01-28 00:00:00+00:00, run_after=2025-01-29 00:00:00+00:00
[2025-01-30T02:55:42.467+0800] {logging_mixin.py:190} INFO - [2025-01-30T02:55:42.467+0800] {dag.py:4180} INFO - Setting next_dagrun for example_branch_datetime_operator_2 to 2025-01-28 00:00:00+00:00, run_after=2025-01-29 00:00:00+00:00
[2025-01-30T02:55:42.468+0800] {logging_mixin.py:190} INFO - [2025-01-30T02:55:42.468+0800] {dag.py:4180} INFO - Setting next_dagrun for example_branch_datetime_operator_3 to 2025-01-28 00:00:00+00:00, run_after=2025-01-29 00:00:00+00:00
[2025-01-30T02:55:42.492+0800] {processor.py:208} INFO - Processing /home/anhtupham99/miniforge3/envs/nba/lib/python3.11/site-packages/airflow/example_dags/example_branch_datetime_operator.py took 0.071 seconds
[2025-01-30T02:56:53.313+0800] {processor.py:186} INFO - Started process (PID=22122) to work on /home/anhtupham99/miniforge3/envs/nba/lib/python3.11/site-packages/airflow/example_dags/example_branch_datetime_operator.py
[2025-01-30T02:56:53.315+0800] {processor.py:914} INFO - Processing file /home/anhtupham99/miniforge3/envs/nba/lib/python3.11/site-packages/airflow/example_dags/example_branch_datetime_operator.py for tasks to queue
[2025-01-30T02:56:53.316+0800] {logging_mixin.py:190} INFO - [2025-01-30T02:56:53.316+0800] {dagbag.py:588} INFO - Filling up the DagBag from /home/anhtupham99/miniforge3/envs/nba/lib/python3.11/site-packages/airflow/example_dags/example_branch_datetime_operator.py
[2025-01-30T02:56:53.325+0800] {processor.py:925} INFO - DAG(s) 'example_branch_datetime_operator', 'example_branch_datetime_operator_3', 'example_branch_datetime_operator_2' retrieved from /home/anhtupham99/miniforge3/envs/nba/lib/python3.11/site-packages/airflow/example_dags/example_branch_datetime_operator.py
[2025-01-30T02:56:53.339+0800] {logging_mixin.py:190} INFO - [2025-01-30T02:56:53.339+0800] {dag.py:3239} INFO - Sync 3 DAGs
[2025-01-30T02:56:53.353+0800] {logging_mixin.py:190} INFO - [2025-01-30T02:56:53.353+0800] {dag.py:4180} INFO - Setting next_dagrun for example_branch_datetime_operator to 2025-01-28 00:00:00+00:00, run_after=2025-01-29 00:00:00+00:00
[2025-01-30T02:56:53.356+0800] {logging_mixin.py:190} INFO - [2025-01-30T02:56:53.356+0800] {dag.py:4180} INFO - Setting next_dagrun for example_branch_datetime_operator_2 to 2025-01-28 00:00:00+00:00, run_after=2025-01-29 00:00:00+00:00
[2025-01-30T02:56:53.357+0800] {logging_mixin.py:190} INFO - [2025-01-30T02:56:53.357+0800] {dag.py:4180} INFO - Setting next_dagrun for example_branch_datetime_operator_3 to 2025-01-28 00:00:00+00:00, run_after=2025-01-29 00:00:00+00:00
[2025-01-30T02:56:53.378+0800] {processor.py:208} INFO - Processing /home/anhtupham99/miniforge3/envs/nba/lib/python3.11/site-packages/airflow/example_dags/example_branch_datetime_operator.py took 0.069 seconds
[2025-01-30T02:58:04.532+0800] {processor.py:186} INFO - Started process (PID=22586) to work on /home/anhtupham99/miniforge3/envs/nba/lib/python3.11/site-packages/airflow/example_dags/example_branch_datetime_operator.py
[2025-01-30T02:58:04.534+0800] {processor.py:914} INFO - Processing file /home/anhtupham99/miniforge3/envs/nba/lib/python3.11/site-packages/airflow/example_dags/example_branch_datetime_operator.py for tasks to queue
[2025-01-30T02:58:04.535+0800] {logging_mixin.py:190} INFO - [2025-01-30T02:58:04.535+0800] {dagbag.py:588} INFO - Filling up the DagBag from /home/anhtupham99/miniforge3/envs/nba/lib/python3.11/site-packages/airflow/example_dags/example_branch_datetime_operator.py
[2025-01-30T02:58:04.543+0800] {processor.py:925} INFO - DAG(s) 'example_branch_datetime_operator_3', 'example_branch_datetime_operator', 'example_branch_datetime_operator_2' retrieved from /home/anhtupham99/miniforge3/envs/nba/lib/python3.11/site-packages/airflow/example_dags/example_branch_datetime_operator.py
[2025-01-30T02:58:04.556+0800] {logging_mixin.py:190} INFO - [2025-01-30T02:58:04.556+0800] {dag.py:3239} INFO - Sync 3 DAGs
[2025-01-30T02:58:04.570+0800] {logging_mixin.py:190} INFO - [2025-01-30T02:58:04.570+0800] {dag.py:4180} INFO - Setting next_dagrun for example_branch_datetime_operator to 2025-01-28 00:00:00+00:00, run_after=2025-01-29 00:00:00+00:00
[2025-01-30T02:58:04.573+0800] {logging_mixin.py:190} INFO - [2025-01-30T02:58:04.572+0800] {dag.py:4180} INFO - Setting next_dagrun for example_branch_datetime_operator_2 to 2025-01-28 00:00:00+00:00, run_after=2025-01-29 00:00:00+00:00
[2025-01-30T02:58:04.574+0800] {logging_mixin.py:190} INFO - [2025-01-30T02:58:04.574+0800] {dag.py:4180} INFO - Setting next_dagrun for example_branch_datetime_operator_3 to 2025-01-28 00:00:00+00:00, run_after=2025-01-29 00:00:00+00:00
[2025-01-30T02:58:04.596+0800] {processor.py:208} INFO - Processing /home/anhtupham99/miniforge3/envs/nba/lib/python3.11/site-packages/airflow/example_dags/example_branch_datetime_operator.py took 0.067 seconds
[2025-01-30T02:59:20.269+0800] {processor.py:186} INFO - Started process (PID=23022) to work on /home/anhtupham99/miniforge3/envs/nba/lib/python3.11/site-packages/airflow/example_dags/example_branch_datetime_operator.py
[2025-01-30T02:59:20.270+0800] {processor.py:914} INFO - Processing file /home/anhtupham99/miniforge3/envs/nba/lib/python3.11/site-packages/airflow/example_dags/example_branch_datetime_operator.py for tasks to queue
[2025-01-30T02:59:20.272+0800] {logging_mixin.py:190} INFO - [2025-01-30T02:59:20.272+0800] {dagbag.py:588} INFO - Filling up the DagBag from /home/anhtupham99/miniforge3/envs/nba/lib/python3.11/site-packages/airflow/example_dags/example_branch_datetime_operator.py
[2025-01-30T02:59:20.280+0800] {processor.py:925} INFO - DAG(s) 'example_branch_datetime_operator_3', 'example_branch_datetime_operator', 'example_branch_datetime_operator_2' retrieved from /home/anhtupham99/miniforge3/envs/nba/lib/python3.11/site-packages/airflow/example_dags/example_branch_datetime_operator.py
[2025-01-30T02:59:20.293+0800] {logging_mixin.py:190} INFO - [2025-01-30T02:59:20.293+0800] {dag.py:3239} INFO - Sync 3 DAGs
[2025-01-30T02:59:20.307+0800] {logging_mixin.py:190} INFO - [2025-01-30T02:59:20.307+0800] {dag.py:4180} INFO - Setting next_dagrun for example_branch_datetime_operator to 2025-01-28 00:00:00+00:00, run_after=2025-01-29 00:00:00+00:00
[2025-01-30T02:59:20.310+0800] {logging_mixin.py:190} INFO - [2025-01-30T02:59:20.310+0800] {dag.py:4180} INFO - Setting next_dagrun for example_branch_datetime_operator_2 to 2025-01-28 00:00:00+00:00, run_after=2025-01-29 00:00:00+00:00
[2025-01-30T02:59:20.311+0800] {logging_mixin.py:190} INFO - [2025-01-30T02:59:20.311+0800] {dag.py:4180} INFO - Setting next_dagrun for example_branch_datetime_operator_3 to 2025-01-28 00:00:00+00:00, run_after=2025-01-29 00:00:00+00:00
[2025-01-30T02:59:20.332+0800] {processor.py:208} INFO - Processing /home/anhtupham99/miniforge3/envs/nba/lib/python3.11/site-packages/airflow/example_dags/example_branch_datetime_operator.py took 0.067 seconds
[2025-01-30T03:00:36.649+0800] {processor.py:186} INFO - Started process (PID=23472) to work on /home/anhtupham99/miniforge3/envs/nba/lib/python3.11/site-packages/airflow/example_dags/example_branch_datetime_operator.py
[2025-01-30T03:00:36.653+0800] {processor.py:914} INFO - Processing file /home/anhtupham99/miniforge3/envs/nba/lib/python3.11/site-packages/airflow/example_dags/example_branch_datetime_operator.py for tasks to queue
[2025-01-30T03:00:36.655+0800] {logging_mixin.py:190} INFO - [2025-01-30T03:00:36.655+0800] {dagbag.py:588} INFO - Filling up the DagBag from /home/anhtupham99/miniforge3/envs/nba/lib/python3.11/site-packages/airflow/example_dags/example_branch_datetime_operator.py
[2025-01-30T03:00:36.663+0800] {processor.py:925} INFO - DAG(s) 'example_branch_datetime_operator', 'example_branch_datetime_operator_3', 'example_branch_datetime_operator_2' retrieved from /home/anhtupham99/miniforge3/envs/nba/lib/python3.11/site-packages/airflow/example_dags/example_branch_datetime_operator.py
[2025-01-30T03:00:36.676+0800] {logging_mixin.py:190} INFO - [2025-01-30T03:00:36.676+0800] {dag.py:3239} INFO - Sync 3 DAGs
[2025-01-30T03:00:36.689+0800] {logging_mixin.py:190} INFO - [2025-01-30T03:00:36.689+0800] {dag.py:4180} INFO - Setting next_dagrun for example_branch_datetime_operator to 2025-01-28 00:00:00+00:00, run_after=2025-01-29 00:00:00+00:00
[2025-01-30T03:00:36.691+0800] {logging_mixin.py:190} INFO - [2025-01-30T03:00:36.691+0800] {dag.py:4180} INFO - Setting next_dagrun for example_branch_datetime_operator_2 to 2025-01-28 00:00:00+00:00, run_after=2025-01-29 00:00:00+00:00
[2025-01-30T03:00:36.693+0800] {logging_mixin.py:190} INFO - [2025-01-30T03:00:36.692+0800] {dag.py:4180} INFO - Setting next_dagrun for example_branch_datetime_operator_3 to 2025-01-28 00:00:00+00:00, run_after=2025-01-29 00:00:00+00:00
[2025-01-30T03:00:36.712+0800] {processor.py:208} INFO - Processing /home/anhtupham99/miniforge3/envs/nba/lib/python3.11/site-packages/airflow/example_dags/example_branch_datetime_operator.py took 0.067 seconds
[2025-01-30T03:01:46.649+0800] {processor.py:186} INFO - Started process (PID=23864) to work on /home/anhtupham99/miniforge3/envs/nba/lib/python3.11/site-packages/airflow/example_dags/example_branch_datetime_operator.py
[2025-01-30T03:01:46.653+0800] {processor.py:914} INFO - Processing file /home/anhtupham99/miniforge3/envs/nba/lib/python3.11/site-packages/airflow/example_dags/example_branch_datetime_operator.py for tasks to queue
[2025-01-30T03:01:46.654+0800] {logging_mixin.py:190} INFO - [2025-01-30T03:01:46.654+0800] {dagbag.py:588} INFO - Filling up the DagBag from /home/anhtupham99/miniforge3/envs/nba/lib/python3.11/site-packages/airflow/example_dags/example_branch_datetime_operator.py
[2025-01-30T03:01:46.663+0800] {processor.py:925} INFO - DAG(s) 'example_branch_datetime_operator', 'example_branch_datetime_operator_2', 'example_branch_datetime_operator_3' retrieved from /home/anhtupham99/miniforge3/envs/nba/lib/python3.11/site-packages/airflow/example_dags/example_branch_datetime_operator.py
[2025-01-30T03:01:46.676+0800] {logging_mixin.py:190} INFO - [2025-01-30T03:01:46.676+0800] {dag.py:3239} INFO - Sync 3 DAGs
[2025-01-30T03:01:46.698+0800] {logging_mixin.py:190} INFO - [2025-01-30T03:01:46.698+0800] {dag.py:4180} INFO - Setting next_dagrun for example_branch_datetime_operator to 2025-01-28 00:00:00+00:00, run_after=2025-01-29 00:00:00+00:00
[2025-01-30T03:01:46.702+0800] {logging_mixin.py:190} INFO - [2025-01-30T03:01:46.702+0800] {dag.py:4180} INFO - Setting next_dagrun for example_branch_datetime_operator_2 to 2025-01-28 00:00:00+00:00, run_after=2025-01-29 00:00:00+00:00
[2025-01-30T03:01:46.703+0800] {logging_mixin.py:190} INFO - [2025-01-30T03:01:46.703+0800] {dag.py:4180} INFO - Setting next_dagrun for example_branch_datetime_operator_3 to 2025-01-28 00:00:00+00:00, run_after=2025-01-29 00:00:00+00:00
[2025-01-30T03:01:46.726+0800] {processor.py:208} INFO - Processing /home/anhtupham99/miniforge3/envs/nba/lib/python3.11/site-packages/airflow/example_dags/example_branch_datetime_operator.py took 0.082 seconds
[2025-01-30T03:02:56.269+0800] {processor.py:186} INFO - Started process (PID=24306) to work on /home/anhtupham99/miniforge3/envs/nba/lib/python3.11/site-packages/airflow/example_dags/example_branch_datetime_operator.py
[2025-01-30T03:02:56.270+0800] {processor.py:914} INFO - Processing file /home/anhtupham99/miniforge3/envs/nba/lib/python3.11/site-packages/airflow/example_dags/example_branch_datetime_operator.py for tasks to queue
[2025-01-30T03:02:56.272+0800] {logging_mixin.py:190} INFO - [2025-01-30T03:02:56.272+0800] {dagbag.py:588} INFO - Filling up the DagBag from /home/anhtupham99/miniforge3/envs/nba/lib/python3.11/site-packages/airflow/example_dags/example_branch_datetime_operator.py
[2025-01-30T03:02:56.281+0800] {processor.py:925} INFO - DAG(s) 'example_branch_datetime_operator', 'example_branch_datetime_operator_3', 'example_branch_datetime_operator_2' retrieved from /home/anhtupham99/miniforge3/envs/nba/lib/python3.11/site-packages/airflow/example_dags/example_branch_datetime_operator.py
[2025-01-30T03:02:56.294+0800] {logging_mixin.py:190} INFO - [2025-01-30T03:02:56.294+0800] {dag.py:3239} INFO - Sync 3 DAGs
[2025-01-30T03:02:56.308+0800] {logging_mixin.py:190} INFO - [2025-01-30T03:02:56.308+0800] {dag.py:4180} INFO - Setting next_dagrun for example_branch_datetime_operator to 2025-01-28 00:00:00+00:00, run_after=2025-01-29 00:00:00+00:00
[2025-01-30T03:02:56.311+0800] {logging_mixin.py:190} INFO - [2025-01-30T03:02:56.311+0800] {dag.py:4180} INFO - Setting next_dagrun for example_branch_datetime_operator_2 to 2025-01-28 00:00:00+00:00, run_after=2025-01-29 00:00:00+00:00
[2025-01-30T03:02:56.312+0800] {logging_mixin.py:190} INFO - [2025-01-30T03:02:56.312+0800] {dag.py:4180} INFO - Setting next_dagrun for example_branch_datetime_operator_3 to 2025-01-28 00:00:00+00:00, run_after=2025-01-29 00:00:00+00:00
[2025-01-30T03:02:56.331+0800] {processor.py:208} INFO - Processing /home/anhtupham99/miniforge3/envs/nba/lib/python3.11/site-packages/airflow/example_dags/example_branch_datetime_operator.py took 0.067 seconds
[2025-01-30T03:04:09.237+0800] {processor.py:186} INFO - Started process (PID=24751) to work on /home/anhtupham99/miniforge3/envs/nba/lib/python3.11/site-packages/airflow/example_dags/example_branch_datetime_operator.py
[2025-01-30T03:04:09.239+0800] {processor.py:914} INFO - Processing file /home/anhtupham99/miniforge3/envs/nba/lib/python3.11/site-packages/airflow/example_dags/example_branch_datetime_operator.py for tasks to queue
[2025-01-30T03:04:09.240+0800] {logging_mixin.py:190} INFO - [2025-01-30T03:04:09.240+0800] {dagbag.py:588} INFO - Filling up the DagBag from /home/anhtupham99/miniforge3/envs/nba/lib/python3.11/site-packages/airflow/example_dags/example_branch_datetime_operator.py
[2025-01-30T03:04:09.249+0800] {processor.py:925} INFO - DAG(s) 'example_branch_datetime_operator_3', 'example_branch_datetime_operator', 'example_branch_datetime_operator_2' retrieved from /home/anhtupham99/miniforge3/envs/nba/lib/python3.11/site-packages/airflow/example_dags/example_branch_datetime_operator.py
[2025-01-30T03:04:09.262+0800] {logging_mixin.py:190} INFO - [2025-01-30T03:04:09.261+0800] {dag.py:3239} INFO - Sync 3 DAGs
[2025-01-30T03:04:09.275+0800] {logging_mixin.py:190} INFO - [2025-01-30T03:04:09.275+0800] {dag.py:4180} INFO - Setting next_dagrun for example_branch_datetime_operator to 2025-01-28 00:00:00+00:00, run_after=2025-01-29 00:00:00+00:00
[2025-01-30T03:04:09.278+0800] {logging_mixin.py:190} INFO - [2025-01-30T03:04:09.278+0800] {dag.py:4180} INFO - Setting next_dagrun for example_branch_datetime_operator_2 to 2025-01-28 00:00:00+00:00, run_after=2025-01-29 00:00:00+00:00
[2025-01-30T03:04:09.279+0800] {logging_mixin.py:190} INFO - [2025-01-30T03:04:09.279+0800] {dag.py:4180} INFO - Setting next_dagrun for example_branch_datetime_operator_3 to 2025-01-28 00:00:00+00:00, run_after=2025-01-29 00:00:00+00:00
[2025-01-30T03:04:09.305+0800] {processor.py:208} INFO - Processing /home/anhtupham99/miniforge3/envs/nba/lib/python3.11/site-packages/airflow/example_dags/example_branch_datetime_operator.py took 0.072 seconds
[2025-01-30T03:05:25.940+0800] {processor.py:186} INFO - Started process (PID=25195) to work on /home/anhtupham99/miniforge3/envs/nba/lib/python3.11/site-packages/airflow/example_dags/example_branch_datetime_operator.py
[2025-01-30T03:05:25.941+0800] {processor.py:914} INFO - Processing file /home/anhtupham99/miniforge3/envs/nba/lib/python3.11/site-packages/airflow/example_dags/example_branch_datetime_operator.py for tasks to queue
[2025-01-30T03:05:25.943+0800] {logging_mixin.py:190} INFO - [2025-01-30T03:05:25.942+0800] {dagbag.py:588} INFO - Filling up the DagBag from /home/anhtupham99/miniforge3/envs/nba/lib/python3.11/site-packages/airflow/example_dags/example_branch_datetime_operator.py
[2025-01-30T03:05:25.951+0800] {processor.py:925} INFO - DAG(s) 'example_branch_datetime_operator', 'example_branch_datetime_operator_3', 'example_branch_datetime_operator_2' retrieved from /home/anhtupham99/miniforge3/envs/nba/lib/python3.11/site-packages/airflow/example_dags/example_branch_datetime_operator.py
[2025-01-30T03:05:25.964+0800] {logging_mixin.py:190} INFO - [2025-01-30T03:05:25.964+0800] {dag.py:3239} INFO - Sync 3 DAGs
[2025-01-30T03:05:25.978+0800] {logging_mixin.py:190} INFO - [2025-01-30T03:05:25.978+0800] {dag.py:4180} INFO - Setting next_dagrun for example_branch_datetime_operator to 2025-01-28 00:00:00+00:00, run_after=2025-01-29 00:00:00+00:00
[2025-01-30T03:05:25.981+0800] {logging_mixin.py:190} INFO - [2025-01-30T03:05:25.981+0800] {dag.py:4180} INFO - Setting next_dagrun for example_branch_datetime_operator_2 to 2025-01-28 00:00:00+00:00, run_after=2025-01-29 00:00:00+00:00
[2025-01-30T03:05:25.982+0800] {logging_mixin.py:190} INFO - [2025-01-30T03:05:25.982+0800] {dag.py:4180} INFO - Setting next_dagrun for example_branch_datetime_operator_3 to 2025-01-28 00:00:00+00:00, run_after=2025-01-29 00:00:00+00:00
[2025-01-30T03:05:26.003+0800] {processor.py:208} INFO - Processing /home/anhtupham99/miniforge3/envs/nba/lib/python3.11/site-packages/airflow/example_dags/example_branch_datetime_operator.py took 0.068 seconds
[2025-01-30T03:06:36.541+0800] {processor.py:186} INFO - Started process (PID=25602) to work on /home/anhtupham99/miniforge3/envs/nba/lib/python3.11/site-packages/airflow/example_dags/example_branch_datetime_operator.py
[2025-01-30T03:06:36.543+0800] {processor.py:914} INFO - Processing file /home/anhtupham99/miniforge3/envs/nba/lib/python3.11/site-packages/airflow/example_dags/example_branch_datetime_operator.py for tasks to queue
[2025-01-30T03:06:36.544+0800] {logging_mixin.py:190} INFO - [2025-01-30T03:06:36.544+0800] {dagbag.py:588} INFO - Filling up the DagBag from /home/anhtupham99/miniforge3/envs/nba/lib/python3.11/site-packages/airflow/example_dags/example_branch_datetime_operator.py
[2025-01-30T03:06:36.553+0800] {processor.py:925} INFO - DAG(s) 'example_branch_datetime_operator_3', 'example_branch_datetime_operator', 'example_branch_datetime_operator_2' retrieved from /home/anhtupham99/miniforge3/envs/nba/lib/python3.11/site-packages/airflow/example_dags/example_branch_datetime_operator.py
[2025-01-30T03:06:36.566+0800] {logging_mixin.py:190} INFO - [2025-01-30T03:06:36.566+0800] {dag.py:3239} INFO - Sync 3 DAGs
[2025-01-30T03:06:36.579+0800] {logging_mixin.py:190} INFO - [2025-01-30T03:06:36.579+0800] {dag.py:4180} INFO - Setting next_dagrun for example_branch_datetime_operator to 2025-01-28 00:00:00+00:00, run_after=2025-01-29 00:00:00+00:00
[2025-01-30T03:06:36.582+0800] {logging_mixin.py:190} INFO - [2025-01-30T03:06:36.581+0800] {dag.py:4180} INFO - Setting next_dagrun for example_branch_datetime_operator_2 to 2025-01-28 00:00:00+00:00, run_after=2025-01-29 00:00:00+00:00
[2025-01-30T03:06:36.583+0800] {logging_mixin.py:190} INFO - [2025-01-30T03:06:36.583+0800] {dag.py:4180} INFO - Setting next_dagrun for example_branch_datetime_operator_3 to 2025-01-28 00:00:00+00:00, run_after=2025-01-29 00:00:00+00:00
[2025-01-30T03:06:36.608+0800] {processor.py:208} INFO - Processing /home/anhtupham99/miniforge3/envs/nba/lib/python3.11/site-packages/airflow/example_dags/example_branch_datetime_operator.py took 0.071 seconds
[2025-01-30T03:07:53.076+0800] {processor.py:186} INFO - Started process (PID=26068) to work on /home/anhtupham99/miniforge3/envs/nba/lib/python3.11/site-packages/airflow/example_dags/example_branch_datetime_operator.py
[2025-01-30T03:07:53.080+0800] {processor.py:914} INFO - Processing file /home/anhtupham99/miniforge3/envs/nba/lib/python3.11/site-packages/airflow/example_dags/example_branch_datetime_operator.py for tasks to queue
[2025-01-30T03:07:53.082+0800] {logging_mixin.py:190} INFO - [2025-01-30T03:07:53.081+0800] {dagbag.py:588} INFO - Filling up the DagBag from /home/anhtupham99/miniforge3/envs/nba/lib/python3.11/site-packages/airflow/example_dags/example_branch_datetime_operator.py
[2025-01-30T03:07:53.091+0800] {processor.py:925} INFO - DAG(s) 'example_branch_datetime_operator_2', 'example_branch_datetime_operator_3', 'example_branch_datetime_operator' retrieved from /home/anhtupham99/miniforge3/envs/nba/lib/python3.11/site-packages/airflow/example_dags/example_branch_datetime_operator.py
[2025-01-30T03:07:53.105+0800] {logging_mixin.py:190} INFO - [2025-01-30T03:07:53.105+0800] {dag.py:3239} INFO - Sync 3 DAGs
[2025-01-30T03:07:53.121+0800] {logging_mixin.py:190} INFO - [2025-01-30T03:07:53.121+0800] {dag.py:4180} INFO - Setting next_dagrun for example_branch_datetime_operator to 2025-01-28 00:00:00+00:00, run_after=2025-01-29 00:00:00+00:00
[2025-01-30T03:07:53.124+0800] {logging_mixin.py:190} INFO - [2025-01-30T03:07:53.123+0800] {dag.py:4180} INFO - Setting next_dagrun for example_branch_datetime_operator_2 to 2025-01-28 00:00:00+00:00, run_after=2025-01-29 00:00:00+00:00
[2025-01-30T03:07:53.125+0800] {logging_mixin.py:190} INFO - [2025-01-30T03:07:53.125+0800] {dag.py:4180} INFO - Setting next_dagrun for example_branch_datetime_operator_3 to 2025-01-28 00:00:00+00:00, run_after=2025-01-29 00:00:00+00:00
[2025-01-30T03:07:53.152+0800] {processor.py:208} INFO - Processing /home/anhtupham99/miniforge3/envs/nba/lib/python3.11/site-packages/airflow/example_dags/example_branch_datetime_operator.py took 0.080 seconds
[2025-01-30T03:09:03.677+0800] {processor.py:186} INFO - Started process (PID=26479) to work on /home/anhtupham99/miniforge3/envs/nba/lib/python3.11/site-packages/airflow/example_dags/example_branch_datetime_operator.py
[2025-01-30T03:09:03.678+0800] {processor.py:914} INFO - Processing file /home/anhtupham99/miniforge3/envs/nba/lib/python3.11/site-packages/airflow/example_dags/example_branch_datetime_operator.py for tasks to queue
[2025-01-30T03:09:03.680+0800] {logging_mixin.py:190} INFO - [2025-01-30T03:09:03.680+0800] {dagbag.py:588} INFO - Filling up the DagBag from /home/anhtupham99/miniforge3/envs/nba/lib/python3.11/site-packages/airflow/example_dags/example_branch_datetime_operator.py
[2025-01-30T03:09:03.690+0800] {processor.py:925} INFO - DAG(s) 'example_branch_datetime_operator_3', 'example_branch_datetime_operator_2', 'example_branch_datetime_operator' retrieved from /home/anhtupham99/miniforge3/envs/nba/lib/python3.11/site-packages/airflow/example_dags/example_branch_datetime_operator.py
[2025-01-30T03:09:03.706+0800] {logging_mixin.py:190} INFO - [2025-01-30T03:09:03.706+0800] {dag.py:3239} INFO - Sync 3 DAGs
[2025-01-30T03:09:03.722+0800] {logging_mixin.py:190} INFO - [2025-01-30T03:09:03.722+0800] {dag.py:4180} INFO - Setting next_dagrun for example_branch_datetime_operator to 2025-01-28 00:00:00+00:00, run_after=2025-01-29 00:00:00+00:00
[2025-01-30T03:09:03.725+0800] {logging_mixin.py:190} INFO - [2025-01-30T03:09:03.724+0800] {dag.py:4180} INFO - Setting next_dagrun for example_branch_datetime_operator_2 to 2025-01-28 00:00:00+00:00, run_after=2025-01-29 00:00:00+00:00
[2025-01-30T03:09:03.726+0800] {logging_mixin.py:190} INFO - [2025-01-30T03:09:03.726+0800] {dag.py:4180} INFO - Setting next_dagrun for example_branch_datetime_operator_3 to 2025-01-28 00:00:00+00:00, run_after=2025-01-29 00:00:00+00:00
[2025-01-30T03:09:03.747+0800] {processor.py:208} INFO - Processing /home/anhtupham99/miniforge3/envs/nba/lib/python3.11/site-packages/airflow/example_dags/example_branch_datetime_operator.py took 0.075 seconds
[2025-01-30T06:12:14.008+0800] {processor.py:186} INFO - Started process (PID=27123) to work on /home/anhtupham99/miniforge3/envs/nba/lib/python3.11/site-packages/airflow/example_dags/example_branch_datetime_operator.py
[2025-01-30T06:12:14.010+0800] {processor.py:914} INFO - Processing file /home/anhtupham99/miniforge3/envs/nba/lib/python3.11/site-packages/airflow/example_dags/example_branch_datetime_operator.py for tasks to queue
[2025-01-30T06:12:14.013+0800] {logging_mixin.py:190} INFO - [2025-01-30T06:12:14.013+0800] {dagbag.py:588} INFO - Filling up the DagBag from /home/anhtupham99/miniforge3/envs/nba/lib/python3.11/site-packages/airflow/example_dags/example_branch_datetime_operator.py
[2025-01-30T06:12:14.027+0800] {processor.py:925} INFO - DAG(s) 'example_branch_datetime_operator_3', 'example_branch_datetime_operator', 'example_branch_datetime_operator_2' retrieved from /home/anhtupham99/miniforge3/envs/nba/lib/python3.11/site-packages/airflow/example_dags/example_branch_datetime_operator.py
[2025-01-30T06:12:14.045+0800] {logging_mixin.py:190} INFO - [2025-01-30T06:12:14.045+0800] {dag.py:3239} INFO - Sync 3 DAGs
[2025-01-30T06:12:14.065+0800] {logging_mixin.py:190} INFO - [2025-01-30T06:12:14.065+0800] {dag.py:4180} INFO - Setting next_dagrun for example_branch_datetime_operator to 2025-01-28 00:00:00+00:00, run_after=2025-01-29 00:00:00+00:00
[2025-01-30T06:12:14.069+0800] {logging_mixin.py:190} INFO - [2025-01-30T06:12:14.069+0800] {dag.py:4180} INFO - Setting next_dagrun for example_branch_datetime_operator_2 to 2025-01-28 00:00:00+00:00, run_after=2025-01-29 00:00:00+00:00
[2025-01-30T06:12:14.070+0800] {logging_mixin.py:190} INFO - [2025-01-30T06:12:14.070+0800] {dag.py:4180} INFO - Setting next_dagrun for example_branch_datetime_operator_3 to 2025-01-28 00:00:00+00:00, run_after=2025-01-29 00:00:00+00:00
[2025-01-30T06:12:14.100+0800] {processor.py:208} INFO - Processing /home/anhtupham99/miniforge3/envs/nba/lib/python3.11/site-packages/airflow/example_dags/example_branch_datetime_operator.py took 0.098 seconds
[2025-01-30T06:13:08.681+0800] {processor.py:186} INFO - Started process (PID=27432) to work on /home/anhtupham99/miniforge3/envs/nba/lib/python3.11/site-packages/airflow/example_dags/example_branch_datetime_operator.py
[2025-01-30T06:13:08.682+0800] {processor.py:914} INFO - Processing file /home/anhtupham99/miniforge3/envs/nba/lib/python3.11/site-packages/airflow/example_dags/example_branch_datetime_operator.py for tasks to queue
[2025-01-30T06:13:08.684+0800] {logging_mixin.py:190} INFO - [2025-01-30T06:13:08.683+0800] {dagbag.py:588} INFO - Filling up the DagBag from /home/anhtupham99/miniforge3/envs/nba/lib/python3.11/site-packages/airflow/example_dags/example_branch_datetime_operator.py
[2025-01-30T06:13:08.692+0800] {processor.py:925} INFO - DAG(s) 'example_branch_datetime_operator', 'example_branch_datetime_operator_3', 'example_branch_datetime_operator_2' retrieved from /home/anhtupham99/miniforge3/envs/nba/lib/python3.11/site-packages/airflow/example_dags/example_branch_datetime_operator.py
[2025-01-30T06:13:08.706+0800] {logging_mixin.py:190} INFO - [2025-01-30T06:13:08.706+0800] {dag.py:3239} INFO - Sync 3 DAGs
[2025-01-30T06:13:08.720+0800] {logging_mixin.py:190} INFO - [2025-01-30T06:13:08.720+0800] {dag.py:4180} INFO - Setting next_dagrun for example_branch_datetime_operator to 2025-01-28 00:00:00+00:00, run_after=2025-01-29 00:00:00+00:00
[2025-01-30T06:13:08.723+0800] {logging_mixin.py:190} INFO - [2025-01-30T06:13:08.723+0800] {dag.py:4180} INFO - Setting next_dagrun for example_branch_datetime_operator_2 to 2025-01-28 00:00:00+00:00, run_after=2025-01-29 00:00:00+00:00
[2025-01-30T06:13:08.724+0800] {logging_mixin.py:190} INFO - [2025-01-30T06:13:08.724+0800] {dag.py:4180} INFO - Setting next_dagrun for example_branch_datetime_operator_3 to 2025-01-28 00:00:00+00:00, run_after=2025-01-29 00:00:00+00:00
[2025-01-30T06:13:08.745+0800] {processor.py:208} INFO - Processing /home/anhtupham99/miniforge3/envs/nba/lib/python3.11/site-packages/airflow/example_dags/example_branch_datetime_operator.py took 0.069 seconds
