[2025-01-30T02:35:30.491+0800] {processor.py:186} INFO - Started process (PID=14648) to work on /home/anhtupham99/miniforge3/envs/nba/lib/python3.11/site-packages/airflow/example_dags/tutorial_dag.py
[2025-01-30T02:35:30.492+0800] {processor.py:914} INFO - Processing file /home/anhtupham99/miniforge3/envs/nba/lib/python3.11/site-packages/airflow/example_dags/tutorial_dag.py for tasks to queue
[2025-01-30T02:35:30.496+0800] {logging_mixin.py:190} INFO - [2025-01-30T02:35:30.495+0800] {dagbag.py:588} INFO - Filling up the DagBag from /home/anhtupham99/miniforge3/envs/nba/lib/python3.11/site-packages/airflow/example_dags/tutorial_dag.py
[2025-01-30T02:35:30.509+0800] {processor.py:925} INFO - DAG(s) 'tutorial_dag' retrieved from /home/anhtupham99/miniforge3/envs/nba/lib/python3.11/site-packages/airflow/example_dags/tutorial_dag.py
[2025-01-30T02:35:30.622+0800] {logging_mixin.py:190} INFO - [2025-01-30T02:35:30.620+0800] {override.py:1911} INFO - Created Permission View: can delete on DAG:tutorial_dag
[2025-01-30T02:35:30.659+0800] {logging_mixin.py:190} INFO - [2025-01-30T02:35:30.659+0800] {override.py:1911} INFO - Created Permission View: can read on DAG:tutorial_dag
[2025-01-30T02:35:30.676+0800] {logging_mixin.py:190} INFO - [2025-01-30T02:35:30.675+0800] {override.py:1911} INFO - Created Permission View: can edit on DAG:tutorial_dag
[2025-01-30T02:35:30.710+0800] {logging_mixin.py:190} INFO - [2025-01-30T02:35:30.710+0800] {override.py:1911} INFO - Created Permission View: can delete on DAG Run:tutorial_dag
[2025-01-30T02:35:30.729+0800] {logging_mixin.py:190} INFO - [2025-01-30T02:35:30.729+0800] {override.py:1911} INFO - Created Permission View: can create on DAG Run:tutorial_dag
[2025-01-30T02:35:30.749+0800] {logging_mixin.py:190} INFO - [2025-01-30T02:35:30.748+0800] {override.py:1911} INFO - Created Permission View: menu access on DAG Run:tutorial_dag
[2025-01-30T02:35:30.769+0800] {logging_mixin.py:190} INFO - [2025-01-30T02:35:30.768+0800] {override.py:1911} INFO - Created Permission View: can read on DAG Run:tutorial_dag
[2025-01-30T02:35:30.769+0800] {logging_mixin.py:190} INFO - [2025-01-30T02:35:30.769+0800] {dag.py:3239} INFO - Sync 1 DAGs
[2025-01-30T02:35:30.786+0800] {logging_mixin.py:190} INFO - [2025-01-30T02:35:30.785+0800] {dag.py:3262} INFO - Creating ORM DAG for tutorial_dag
[2025-01-30T02:35:30.786+0800] {logging_mixin.py:190} INFO - [2025-01-30T02:35:30.786+0800] {dag.py:4180} INFO - Setting next_dagrun for tutorial_dag to None, run_after=None
[2025-01-30T02:35:30.821+0800] {processor.py:208} INFO - Processing /home/anhtupham99/miniforge3/envs/nba/lib/python3.11/site-packages/airflow/example_dags/tutorial_dag.py took 0.340 seconds
[2025-01-30T02:36:34.682+0800] {processor.py:186} INFO - Started process (PID=15025) to work on /home/anhtupham99/miniforge3/envs/nba/lib/python3.11/site-packages/airflow/example_dags/tutorial_dag.py
[2025-01-30T02:36:34.684+0800] {processor.py:914} INFO - Processing file /home/anhtupham99/miniforge3/envs/nba/lib/python3.11/site-packages/airflow/example_dags/tutorial_dag.py for tasks to queue
[2025-01-30T02:36:34.687+0800] {logging_mixin.py:190} INFO - [2025-01-30T02:36:34.687+0800] {dagbag.py:588} INFO - Filling up the DagBag from /home/anhtupham99/miniforge3/envs/nba/lib/python3.11/site-packages/airflow/example_dags/tutorial_dag.py
[2025-01-30T02:36:34.699+0800] {processor.py:925} INFO - DAG(s) 'tutorial_dag' retrieved from /home/anhtupham99/miniforge3/envs/nba/lib/python3.11/site-packages/airflow/example_dags/tutorial_dag.py
[2025-01-30T02:36:34.715+0800] {logging_mixin.py:190} INFO - [2025-01-30T02:36:34.715+0800] {dag.py:3239} INFO - Sync 1 DAGs
[2025-01-30T02:36:34.723+0800] {logging_mixin.py:190} INFO - [2025-01-30T02:36:34.723+0800] {dag.py:4180} INFO - Setting next_dagrun for tutorial_dag to None, run_after=None
[2025-01-30T02:36:34.749+0800] {processor.py:208} INFO - Processing /home/anhtupham99/miniforge3/envs/nba/lib/python3.11/site-packages/airflow/example_dags/tutorial_dag.py took 0.082 seconds
[2025-01-30T02:48:30.102+0800] {processor.py:186} INFO - Started process (PID=19214) to work on /home/anhtupham99/miniforge3/envs/nba/lib/python3.11/site-packages/airflow/example_dags/tutorial_dag.py
[2025-01-30T02:48:30.106+0800] {processor.py:914} INFO - Processing file /home/anhtupham99/miniforge3/envs/nba/lib/python3.11/site-packages/airflow/example_dags/tutorial_dag.py for tasks to queue
[2025-01-30T02:48:30.110+0800] {logging_mixin.py:190} INFO - [2025-01-30T02:48:30.110+0800] {dagbag.py:588} INFO - Filling up the DagBag from /home/anhtupham99/miniforge3/envs/nba/lib/python3.11/site-packages/airflow/example_dags/tutorial_dag.py
[2025-01-30T02:48:30.120+0800] {processor.py:925} INFO - DAG(s) 'tutorial_dag' retrieved from /home/anhtupham99/miniforge3/envs/nba/lib/python3.11/site-packages/airflow/example_dags/tutorial_dag.py
[2025-01-30T02:48:30.138+0800] {logging_mixin.py:190} INFO - [2025-01-30T02:48:30.138+0800] {dag.py:3239} INFO - Sync 1 DAGs
[2025-01-30T02:48:30.147+0800] {logging_mixin.py:190} INFO - [2025-01-30T02:48:30.147+0800] {dag.py:4180} INFO - Setting next_dagrun for tutorial_dag to None, run_after=None
[2025-01-30T02:48:30.174+0800] {processor.py:208} INFO - Processing /home/anhtupham99/miniforge3/envs/nba/lib/python3.11/site-packages/airflow/example_dags/tutorial_dag.py took 0.086 seconds
[2025-01-30T02:49:27.709+0800] {processor.py:186} INFO - Started process (PID=19534) to work on /home/anhtupham99/miniforge3/envs/nba/lib/python3.11/site-packages/airflow/example_dags/tutorial_dag.py
[2025-01-30T02:49:27.712+0800] {processor.py:914} INFO - Processing file /home/anhtupham99/miniforge3/envs/nba/lib/python3.11/site-packages/airflow/example_dags/tutorial_dag.py for tasks to queue
[2025-01-30T02:49:27.717+0800] {logging_mixin.py:190} INFO - [2025-01-30T02:49:27.716+0800] {dagbag.py:588} INFO - Filling up the DagBag from /home/anhtupham99/miniforge3/envs/nba/lib/python3.11/site-packages/airflow/example_dags/tutorial_dag.py
[2025-01-30T02:49:27.728+0800] {processor.py:925} INFO - DAG(s) 'tutorial_dag' retrieved from /home/anhtupham99/miniforge3/envs/nba/lib/python3.11/site-packages/airflow/example_dags/tutorial_dag.py
[2025-01-30T02:49:27.737+0800] {logging_mixin.py:190} INFO - [2025-01-30T02:49:27.737+0800] {dag.py:3239} INFO - Sync 1 DAGs
[2025-01-30T02:49:27.745+0800] {logging_mixin.py:190} INFO - [2025-01-30T02:49:27.745+0800] {dag.py:4180} INFO - Setting next_dagrun for tutorial_dag to None, run_after=None
[2025-01-30T02:49:27.776+0800] {processor.py:208} INFO - Processing /home/anhtupham99/miniforge3/envs/nba/lib/python3.11/site-packages/airflow/example_dags/tutorial_dag.py took 0.079 seconds
[2025-01-30T02:50:24.073+0800] {processor.py:186} INFO - Started process (PID=19877) to work on /home/anhtupham99/miniforge3/envs/nba/lib/python3.11/site-packages/airflow/example_dags/tutorial_dag.py
[2025-01-30T02:50:24.075+0800] {processor.py:914} INFO - Processing file /home/anhtupham99/miniforge3/envs/nba/lib/python3.11/site-packages/airflow/example_dags/tutorial_dag.py for tasks to queue
[2025-01-30T02:50:24.078+0800] {logging_mixin.py:190} INFO - [2025-01-30T02:50:24.077+0800] {dagbag.py:588} INFO - Filling up the DagBag from /home/anhtupham99/miniforge3/envs/nba/lib/python3.11/site-packages/airflow/example_dags/tutorial_dag.py
[2025-01-30T02:50:24.088+0800] {processor.py:925} INFO - DAG(s) 'tutorial_dag' retrieved from /home/anhtupham99/miniforge3/envs/nba/lib/python3.11/site-packages/airflow/example_dags/tutorial_dag.py
[2025-01-30T02:50:24.105+0800] {logging_mixin.py:190} INFO - [2025-01-30T02:50:24.104+0800] {dag.py:3239} INFO - Sync 1 DAGs
[2025-01-30T02:50:24.112+0800] {logging_mixin.py:190} INFO - [2025-01-30T02:50:24.112+0800] {dag.py:4180} INFO - Setting next_dagrun for tutorial_dag to None, run_after=None
[2025-01-30T02:50:24.153+0800] {processor.py:208} INFO - Processing /home/anhtupham99/miniforge3/envs/nba/lib/python3.11/site-packages/airflow/example_dags/tutorial_dag.py took 0.093 seconds
[2025-01-30T02:51:18.031+0800] {processor.py:186} INFO - Started process (PID=20189) to work on /home/anhtupham99/miniforge3/envs/nba/lib/python3.11/site-packages/airflow/example_dags/tutorial_dag.py
[2025-01-30T02:51:18.033+0800] {processor.py:914} INFO - Processing file /home/anhtupham99/miniforge3/envs/nba/lib/python3.11/site-packages/airflow/example_dags/tutorial_dag.py for tasks to queue
[2025-01-30T02:51:18.034+0800] {logging_mixin.py:190} INFO - [2025-01-30T02:51:18.034+0800] {dagbag.py:588} INFO - Filling up the DagBag from /home/anhtupham99/miniforge3/envs/nba/lib/python3.11/site-packages/airflow/example_dags/tutorial_dag.py
[2025-01-30T02:51:18.040+0800] {processor.py:925} INFO - DAG(s) 'tutorial_dag' retrieved from /home/anhtupham99/miniforge3/envs/nba/lib/python3.11/site-packages/airflow/example_dags/tutorial_dag.py
[2025-01-30T02:51:18.049+0800] {logging_mixin.py:190} INFO - [2025-01-30T02:51:18.049+0800] {dag.py:3239} INFO - Sync 1 DAGs
[2025-01-30T02:51:18.057+0800] {logging_mixin.py:190} INFO - [2025-01-30T02:51:18.057+0800] {dag.py:4180} INFO - Setting next_dagrun for tutorial_dag to None, run_after=None
[2025-01-30T02:51:18.093+0800] {processor.py:208} INFO - Processing /home/anhtupham99/miniforge3/envs/nba/lib/python3.11/site-packages/airflow/example_dags/tutorial_dag.py took 0.071 seconds
[2025-01-30T02:52:11.884+0800] {processor.py:186} INFO - Started process (PID=20478) to work on /home/anhtupham99/miniforge3/envs/nba/lib/python3.11/site-packages/airflow/example_dags/tutorial_dag.py
[2025-01-30T02:52:11.886+0800] {processor.py:914} INFO - Processing file /home/anhtupham99/miniforge3/envs/nba/lib/python3.11/site-packages/airflow/example_dags/tutorial_dag.py for tasks to queue
[2025-01-30T02:52:11.890+0800] {logging_mixin.py:190} INFO - [2025-01-30T02:52:11.889+0800] {dagbag.py:588} INFO - Filling up the DagBag from /home/anhtupham99/miniforge3/envs/nba/lib/python3.11/site-packages/airflow/example_dags/tutorial_dag.py
[2025-01-30T02:52:11.903+0800] {processor.py:925} INFO - DAG(s) 'tutorial_dag' retrieved from /home/anhtupham99/miniforge3/envs/nba/lib/python3.11/site-packages/airflow/example_dags/tutorial_dag.py
[2025-01-30T02:52:11.912+0800] {logging_mixin.py:190} INFO - [2025-01-30T02:52:11.912+0800] {dag.py:3239} INFO - Sync 1 DAGs
[2025-01-30T02:52:11.920+0800] {logging_mixin.py:190} INFO - [2025-01-30T02:52:11.920+0800] {dag.py:4180} INFO - Setting next_dagrun for tutorial_dag to None, run_after=None
[2025-01-30T02:52:11.948+0800] {processor.py:208} INFO - Processing /home/anhtupham99/miniforge3/envs/nba/lib/python3.11/site-packages/airflow/example_dags/tutorial_dag.py took 0.074 seconds
[2025-01-30T02:53:04.301+0800] {processor.py:186} INFO - Started process (PID=20808) to work on /home/anhtupham99/miniforge3/envs/nba/lib/python3.11/site-packages/airflow/example_dags/tutorial_dag.py
[2025-01-30T02:53:04.307+0800] {processor.py:914} INFO - Processing file /home/anhtupham99/miniforge3/envs/nba/lib/python3.11/site-packages/airflow/example_dags/tutorial_dag.py for tasks to queue
[2025-01-30T02:53:04.310+0800] {logging_mixin.py:190} INFO - [2025-01-30T02:53:04.310+0800] {dagbag.py:588} INFO - Filling up the DagBag from /home/anhtupham99/miniforge3/envs/nba/lib/python3.11/site-packages/airflow/example_dags/tutorial_dag.py
[2025-01-30T02:53:04.328+0800] {processor.py:925} INFO - DAG(s) 'tutorial_dag' retrieved from /home/anhtupham99/miniforge3/envs/nba/lib/python3.11/site-packages/airflow/example_dags/tutorial_dag.py
[2025-01-30T02:53:04.350+0800] {logging_mixin.py:190} INFO - [2025-01-30T02:53:04.349+0800] {dag.py:3239} INFO - Sync 1 DAGs
[2025-01-30T02:53:04.364+0800] {logging_mixin.py:190} INFO - [2025-01-30T02:53:04.363+0800] {dag.py:4180} INFO - Setting next_dagrun for tutorial_dag to None, run_after=None
[2025-01-30T02:53:04.403+0800] {processor.py:208} INFO - Processing /home/anhtupham99/miniforge3/envs/nba/lib/python3.11/site-packages/airflow/example_dags/tutorial_dag.py took 0.118 seconds
[2025-01-30T02:53:57.821+0800] {processor.py:186} INFO - Started process (PID=21110) to work on /home/anhtupham99/miniforge3/envs/nba/lib/python3.11/site-packages/airflow/example_dags/tutorial_dag.py
[2025-01-30T02:53:57.824+0800] {processor.py:914} INFO - Processing file /home/anhtupham99/miniforge3/envs/nba/lib/python3.11/site-packages/airflow/example_dags/tutorial_dag.py for tasks to queue
[2025-01-30T02:53:57.825+0800] {logging_mixin.py:190} INFO - [2025-01-30T02:53:57.825+0800] {dagbag.py:588} INFO - Filling up the DagBag from /home/anhtupham99/miniforge3/envs/nba/lib/python3.11/site-packages/airflow/example_dags/tutorial_dag.py
[2025-01-30T02:53:57.831+0800] {processor.py:925} INFO - DAG(s) 'tutorial_dag' retrieved from /home/anhtupham99/miniforge3/envs/nba/lib/python3.11/site-packages/airflow/example_dags/tutorial_dag.py
[2025-01-30T02:53:57.840+0800] {logging_mixin.py:190} INFO - [2025-01-30T02:53:57.840+0800] {dag.py:3239} INFO - Sync 1 DAGs
[2025-01-30T02:53:57.849+0800] {logging_mixin.py:190} INFO - [2025-01-30T02:53:57.848+0800] {dag.py:4180} INFO - Setting next_dagrun for tutorial_dag to None, run_after=None
[2025-01-30T02:53:57.872+0800] {processor.py:208} INFO - Processing /home/anhtupham99/miniforge3/envs/nba/lib/python3.11/site-packages/airflow/example_dags/tutorial_dag.py took 0.055 seconds
[2025-01-30T02:54:48.145+0800] {processor.py:186} INFO - Started process (PID=21390) to work on /home/anhtupham99/miniforge3/envs/nba/lib/python3.11/site-packages/airflow/example_dags/tutorial_dag.py
[2025-01-30T02:54:48.146+0800] {processor.py:914} INFO - Processing file /home/anhtupham99/miniforge3/envs/nba/lib/python3.11/site-packages/airflow/example_dags/tutorial_dag.py for tasks to queue
[2025-01-30T02:54:48.148+0800] {logging_mixin.py:190} INFO - [2025-01-30T02:54:48.147+0800] {dagbag.py:588} INFO - Filling up the DagBag from /home/anhtupham99/miniforge3/envs/nba/lib/python3.11/site-packages/airflow/example_dags/tutorial_dag.py
[2025-01-30T02:54:48.153+0800] {processor.py:925} INFO - DAG(s) 'tutorial_dag' retrieved from /home/anhtupham99/miniforge3/envs/nba/lib/python3.11/site-packages/airflow/example_dags/tutorial_dag.py
[2025-01-30T02:54:48.163+0800] {logging_mixin.py:190} INFO - [2025-01-30T02:54:48.163+0800] {dag.py:3239} INFO - Sync 1 DAGs
[2025-01-30T02:54:48.171+0800] {logging_mixin.py:190} INFO - [2025-01-30T02:54:48.171+0800] {dag.py:4180} INFO - Setting next_dagrun for tutorial_dag to None, run_after=None
[2025-01-30T02:54:48.197+0800] {processor.py:208} INFO - Processing /home/anhtupham99/miniforge3/envs/nba/lib/python3.11/site-packages/airflow/example_dags/tutorial_dag.py took 0.057 seconds
[2025-01-30T02:55:37.875+0800] {processor.py:186} INFO - Started process (PID=21697) to work on /home/anhtupham99/miniforge3/envs/nba/lib/python3.11/site-packages/airflow/example_dags/tutorial_dag.py
[2025-01-30T02:55:37.876+0800] {processor.py:914} INFO - Processing file /home/anhtupham99/miniforge3/envs/nba/lib/python3.11/site-packages/airflow/example_dags/tutorial_dag.py for tasks to queue
[2025-01-30T02:55:37.878+0800] {logging_mixin.py:190} INFO - [2025-01-30T02:55:37.878+0800] {dagbag.py:588} INFO - Filling up the DagBag from /home/anhtupham99/miniforge3/envs/nba/lib/python3.11/site-packages/airflow/example_dags/tutorial_dag.py
[2025-01-30T02:55:37.883+0800] {processor.py:925} INFO - DAG(s) 'tutorial_dag' retrieved from /home/anhtupham99/miniforge3/envs/nba/lib/python3.11/site-packages/airflow/example_dags/tutorial_dag.py
[2025-01-30T02:55:37.893+0800] {logging_mixin.py:190} INFO - [2025-01-30T02:55:37.893+0800] {dag.py:3239} INFO - Sync 1 DAGs
[2025-01-30T02:55:37.901+0800] {logging_mixin.py:190} INFO - [2025-01-30T02:55:37.901+0800] {dag.py:4180} INFO - Setting next_dagrun for tutorial_dag to None, run_after=None
[2025-01-30T02:55:37.923+0800] {processor.py:208} INFO - Processing /home/anhtupham99/miniforge3/envs/nba/lib/python3.11/site-packages/airflow/example_dags/tutorial_dag.py took 0.053 seconds
[2025-01-30T02:56:48.740+0800] {processor.py:186} INFO - Started process (PID=22100) to work on /home/anhtupham99/miniforge3/envs/nba/lib/python3.11/site-packages/airflow/example_dags/tutorial_dag.py
[2025-01-30T02:56:48.742+0800] {processor.py:914} INFO - Processing file /home/anhtupham99/miniforge3/envs/nba/lib/python3.11/site-packages/airflow/example_dags/tutorial_dag.py for tasks to queue
[2025-01-30T02:56:48.744+0800] {logging_mixin.py:190} INFO - [2025-01-30T02:56:48.743+0800] {dagbag.py:588} INFO - Filling up the DagBag from /home/anhtupham99/miniforge3/envs/nba/lib/python3.11/site-packages/airflow/example_dags/tutorial_dag.py
[2025-01-30T02:56:48.749+0800] {processor.py:925} INFO - DAG(s) 'tutorial_dag' retrieved from /home/anhtupham99/miniforge3/envs/nba/lib/python3.11/site-packages/airflow/example_dags/tutorial_dag.py
[2025-01-30T02:56:48.758+0800] {logging_mixin.py:190} INFO - [2025-01-30T02:56:48.758+0800] {dag.py:3239} INFO - Sync 1 DAGs
[2025-01-30T02:56:48.767+0800] {logging_mixin.py:190} INFO - [2025-01-30T02:56:48.767+0800] {dag.py:4180} INFO - Setting next_dagrun for tutorial_dag to None, run_after=None
[2025-01-30T02:56:48.790+0800] {processor.py:208} INFO - Processing /home/anhtupham99/miniforge3/envs/nba/lib/python3.11/site-packages/airflow/example_dags/tutorial_dag.py took 0.054 seconds
[2025-01-30T02:57:35.854+0800] {processor.py:186} INFO - Started process (PID=22429) to work on /home/anhtupham99/miniforge3/envs/nba/lib/python3.11/site-packages/airflow/example_dags/tutorial_dag.py
[2025-01-30T02:57:35.855+0800] {processor.py:914} INFO - Processing file /home/anhtupham99/miniforge3/envs/nba/lib/python3.11/site-packages/airflow/example_dags/tutorial_dag.py for tasks to queue
[2025-01-30T02:57:35.857+0800] {logging_mixin.py:190} INFO - [2025-01-30T02:57:35.857+0800] {dagbag.py:588} INFO - Filling up the DagBag from /home/anhtupham99/miniforge3/envs/nba/lib/python3.11/site-packages/airflow/example_dags/tutorial_dag.py
[2025-01-30T02:57:35.862+0800] {processor.py:925} INFO - DAG(s) 'tutorial_dag' retrieved from /home/anhtupham99/miniforge3/envs/nba/lib/python3.11/site-packages/airflow/example_dags/tutorial_dag.py
[2025-01-30T02:57:35.872+0800] {logging_mixin.py:190} INFO - [2025-01-30T02:57:35.871+0800] {dag.py:3239} INFO - Sync 1 DAGs
[2025-01-30T02:57:35.880+0800] {logging_mixin.py:190} INFO - [2025-01-30T02:57:35.879+0800] {dag.py:4180} INFO - Setting next_dagrun for tutorial_dag to None, run_after=None
[2025-01-30T02:57:35.902+0800] {processor.py:208} INFO - Processing /home/anhtupham99/miniforge3/envs/nba/lib/python3.11/site-packages/airflow/example_dags/tutorial_dag.py took 0.052 seconds
[2025-01-30T02:58:24.022+0800] {processor.py:186} INFO - Started process (PID=22700) to work on /home/anhtupham99/miniforge3/envs/nba/lib/python3.11/site-packages/airflow/example_dags/tutorial_dag.py
[2025-01-30T02:58:24.026+0800] {processor.py:914} INFO - Processing file /home/anhtupham99/miniforge3/envs/nba/lib/python3.11/site-packages/airflow/example_dags/tutorial_dag.py for tasks to queue
[2025-01-30T02:58:24.028+0800] {logging_mixin.py:190} INFO - [2025-01-30T02:58:24.027+0800] {dagbag.py:588} INFO - Filling up the DagBag from /home/anhtupham99/miniforge3/envs/nba/lib/python3.11/site-packages/airflow/example_dags/tutorial_dag.py
[2025-01-30T02:58:24.033+0800] {processor.py:925} INFO - DAG(s) 'tutorial_dag' retrieved from /home/anhtupham99/miniforge3/envs/nba/lib/python3.11/site-packages/airflow/example_dags/tutorial_dag.py
[2025-01-30T02:58:24.043+0800] {logging_mixin.py:190} INFO - [2025-01-30T02:58:24.043+0800] {dag.py:3239} INFO - Sync 1 DAGs
[2025-01-30T02:58:24.051+0800] {logging_mixin.py:190} INFO - [2025-01-30T02:58:24.051+0800] {dag.py:4180} INFO - Setting next_dagrun for tutorial_dag to None, run_after=None
[2025-01-30T02:58:24.081+0800] {processor.py:208} INFO - Processing /home/anhtupham99/miniforge3/envs/nba/lib/python3.11/site-packages/airflow/example_dags/tutorial_dag.py took 0.063 seconds
[2025-01-30T02:59:16.231+0800] {processor.py:186} INFO - Started process (PID=22991) to work on /home/anhtupham99/miniforge3/envs/nba/lib/python3.11/site-packages/airflow/example_dags/tutorial_dag.py
[2025-01-30T02:59:16.232+0800] {processor.py:914} INFO - Processing file /home/anhtupham99/miniforge3/envs/nba/lib/python3.11/site-packages/airflow/example_dags/tutorial_dag.py for tasks to queue
[2025-01-30T02:59:16.234+0800] {logging_mixin.py:190} INFO - [2025-01-30T02:59:16.234+0800] {dagbag.py:588} INFO - Filling up the DagBag from /home/anhtupham99/miniforge3/envs/nba/lib/python3.11/site-packages/airflow/example_dags/tutorial_dag.py
[2025-01-30T02:59:16.240+0800] {processor.py:925} INFO - DAG(s) 'tutorial_dag' retrieved from /home/anhtupham99/miniforge3/envs/nba/lib/python3.11/site-packages/airflow/example_dags/tutorial_dag.py
[2025-01-30T02:59:16.250+0800] {logging_mixin.py:190} INFO - [2025-01-30T02:59:16.250+0800] {dag.py:3239} INFO - Sync 1 DAGs
[2025-01-30T02:59:16.258+0800] {logging_mixin.py:190} INFO - [2025-01-30T02:59:16.258+0800] {dag.py:4180} INFO - Setting next_dagrun for tutorial_dag to None, run_after=None
[2025-01-30T02:59:16.281+0800] {processor.py:208} INFO - Processing /home/anhtupham99/miniforge3/envs/nba/lib/python3.11/site-packages/airflow/example_dags/tutorial_dag.py took 0.055 seconds
[2025-01-30T03:00:06.740+0800] {processor.py:186} INFO - Started process (PID=23285) to work on /home/anhtupham99/miniforge3/envs/nba/lib/python3.11/site-packages/airflow/example_dags/tutorial_dag.py
[2025-01-30T03:00:06.741+0800] {processor.py:914} INFO - Processing file /home/anhtupham99/miniforge3/envs/nba/lib/python3.11/site-packages/airflow/example_dags/tutorial_dag.py for tasks to queue
[2025-01-30T03:00:06.743+0800] {logging_mixin.py:190} INFO - [2025-01-30T03:00:06.743+0800] {dagbag.py:588} INFO - Filling up the DagBag from /home/anhtupham99/miniforge3/envs/nba/lib/python3.11/site-packages/airflow/example_dags/tutorial_dag.py
[2025-01-30T03:00:06.748+0800] {processor.py:925} INFO - DAG(s) 'tutorial_dag' retrieved from /home/anhtupham99/miniforge3/envs/nba/lib/python3.11/site-packages/airflow/example_dags/tutorial_dag.py
[2025-01-30T03:00:06.758+0800] {logging_mixin.py:190} INFO - [2025-01-30T03:00:06.757+0800] {dag.py:3239} INFO - Sync 1 DAGs
[2025-01-30T03:00:06.765+0800] {logging_mixin.py:190} INFO - [2025-01-30T03:00:06.765+0800] {dag.py:4180} INFO - Setting next_dagrun for tutorial_dag to None, run_after=None
[2025-01-30T03:00:06.788+0800] {processor.py:208} INFO - Processing /home/anhtupham99/miniforge3/envs/nba/lib/python3.11/site-packages/airflow/example_dags/tutorial_dag.py took 0.052 seconds
[2025-01-30T03:00:56.781+0800] {processor.py:186} INFO - Started process (PID=23586) to work on /home/anhtupham99/miniforge3/envs/nba/lib/python3.11/site-packages/airflow/example_dags/tutorial_dag.py
[2025-01-30T03:00:56.785+0800] {processor.py:914} INFO - Processing file /home/anhtupham99/miniforge3/envs/nba/lib/python3.11/site-packages/airflow/example_dags/tutorial_dag.py for tasks to queue
[2025-01-30T03:00:56.787+0800] {logging_mixin.py:190} INFO - [2025-01-30T03:00:56.786+0800] {dagbag.py:588} INFO - Filling up the DagBag from /home/anhtupham99/miniforge3/envs/nba/lib/python3.11/site-packages/airflow/example_dags/tutorial_dag.py
[2025-01-30T03:00:56.792+0800] {processor.py:925} INFO - DAG(s) 'tutorial_dag' retrieved from /home/anhtupham99/miniforge3/envs/nba/lib/python3.11/site-packages/airflow/example_dags/tutorial_dag.py
[2025-01-30T03:00:56.802+0800] {logging_mixin.py:190} INFO - [2025-01-30T03:00:56.802+0800] {dag.py:3239} INFO - Sync 1 DAGs
[2025-01-30T03:00:56.811+0800] {logging_mixin.py:190} INFO - [2025-01-30T03:00:56.811+0800] {dag.py:4180} INFO - Setting next_dagrun for tutorial_dag to None, run_after=None
[2025-01-30T03:00:56.833+0800] {processor.py:208} INFO - Processing /home/anhtupham99/miniforge3/envs/nba/lib/python3.11/site-packages/airflow/example_dags/tutorial_dag.py took 0.057 seconds
[2025-01-30T03:02:07.224+0800] {processor.py:186} INFO - Started process (PID=23987) to work on /home/anhtupham99/miniforge3/envs/nba/lib/python3.11/site-packages/airflow/example_dags/tutorial_dag.py
[2025-01-30T03:02:07.226+0800] {processor.py:914} INFO - Processing file /home/anhtupham99/miniforge3/envs/nba/lib/python3.11/site-packages/airflow/example_dags/tutorial_dag.py for tasks to queue
[2025-01-30T03:02:07.228+0800] {logging_mixin.py:190} INFO - [2025-01-30T03:02:07.228+0800] {dagbag.py:588} INFO - Filling up the DagBag from /home/anhtupham99/miniforge3/envs/nba/lib/python3.11/site-packages/airflow/example_dags/tutorial_dag.py
[2025-01-30T03:02:07.237+0800] {processor.py:925} INFO - DAG(s) 'tutorial_dag' retrieved from /home/anhtupham99/miniforge3/envs/nba/lib/python3.11/site-packages/airflow/example_dags/tutorial_dag.py
[2025-01-30T03:02:07.254+0800] {logging_mixin.py:190} INFO - [2025-01-30T03:02:07.253+0800] {dag.py:3239} INFO - Sync 1 DAGs
[2025-01-30T03:02:07.270+0800] {logging_mixin.py:190} INFO - [2025-01-30T03:02:07.269+0800] {dag.py:4180} INFO - Setting next_dagrun for tutorial_dag to None, run_after=None
[2025-01-30T03:02:07.306+0800] {processor.py:208} INFO - Processing /home/anhtupham99/miniforge3/envs/nba/lib/python3.11/site-packages/airflow/example_dags/tutorial_dag.py took 0.088 seconds
[2025-01-30T03:03:18.643+0800] {processor.py:186} INFO - Started process (PID=24432) to work on /home/anhtupham99/miniforge3/envs/nba/lib/python3.11/site-packages/airflow/example_dags/tutorial_dag.py
[2025-01-30T03:03:18.645+0800] {processor.py:914} INFO - Processing file /home/anhtupham99/miniforge3/envs/nba/lib/python3.11/site-packages/airflow/example_dags/tutorial_dag.py for tasks to queue
[2025-01-30T03:03:18.648+0800] {logging_mixin.py:190} INFO - [2025-01-30T03:03:18.648+0800] {dagbag.py:588} INFO - Filling up the DagBag from /home/anhtupham99/miniforge3/envs/nba/lib/python3.11/site-packages/airflow/example_dags/tutorial_dag.py
[2025-01-30T03:03:18.658+0800] {processor.py:925} INFO - DAG(s) 'tutorial_dag' retrieved from /home/anhtupham99/miniforge3/envs/nba/lib/python3.11/site-packages/airflow/example_dags/tutorial_dag.py
[2025-01-30T03:03:18.670+0800] {logging_mixin.py:190} INFO - [2025-01-30T03:03:18.670+0800] {dag.py:3239} INFO - Sync 1 DAGs
[2025-01-30T03:03:18.681+0800] {logging_mixin.py:190} INFO - [2025-01-30T03:03:18.680+0800] {dag.py:4180} INFO - Setting next_dagrun for tutorial_dag to None, run_after=None
[2025-01-30T03:03:18.706+0800] {processor.py:208} INFO - Processing /home/anhtupham99/miniforge3/envs/nba/lib/python3.11/site-packages/airflow/example_dags/tutorial_dag.py took 0.069 seconds
[2025-01-30T03:04:06.701+0800] {processor.py:186} INFO - Started process (PID=24736) to work on /home/anhtupham99/miniforge3/envs/nba/lib/python3.11/site-packages/airflow/example_dags/tutorial_dag.py
[2025-01-30T03:04:06.705+0800] {processor.py:914} INFO - Processing file /home/anhtupham99/miniforge3/envs/nba/lib/python3.11/site-packages/airflow/example_dags/tutorial_dag.py for tasks to queue
[2025-01-30T03:04:06.707+0800] {logging_mixin.py:190} INFO - [2025-01-30T03:04:06.707+0800] {dagbag.py:588} INFO - Filling up the DagBag from /home/anhtupham99/miniforge3/envs/nba/lib/python3.11/site-packages/airflow/example_dags/tutorial_dag.py
[2025-01-30T03:04:06.712+0800] {processor.py:925} INFO - DAG(s) 'tutorial_dag' retrieved from /home/anhtupham99/miniforge3/envs/nba/lib/python3.11/site-packages/airflow/example_dags/tutorial_dag.py
[2025-01-30T03:04:06.722+0800] {logging_mixin.py:190} INFO - [2025-01-30T03:04:06.722+0800] {dag.py:3239} INFO - Sync 1 DAGs
[2025-01-30T03:04:06.730+0800] {logging_mixin.py:190} INFO - [2025-01-30T03:04:06.730+0800] {dag.py:4180} INFO - Setting next_dagrun for tutorial_dag to None, run_after=None
[2025-01-30T03:04:06.754+0800] {processor.py:208} INFO - Processing /home/anhtupham99/miniforge3/envs/nba/lib/python3.11/site-packages/airflow/example_dags/tutorial_dag.py took 0.057 seconds
[2025-01-30T03:05:20.374+0800] {processor.py:186} INFO - Started process (PID=25161) to work on /home/anhtupham99/miniforge3/envs/nba/lib/python3.11/site-packages/airflow/example_dags/tutorial_dag.py
[2025-01-30T03:05:20.376+0800] {processor.py:914} INFO - Processing file /home/anhtupham99/miniforge3/envs/nba/lib/python3.11/site-packages/airflow/example_dags/tutorial_dag.py for tasks to queue
[2025-01-30T03:05:20.377+0800] {logging_mixin.py:190} INFO - [2025-01-30T03:05:20.377+0800] {dagbag.py:588} INFO - Filling up the DagBag from /home/anhtupham99/miniforge3/envs/nba/lib/python3.11/site-packages/airflow/example_dags/tutorial_dag.py
[2025-01-30T03:05:20.383+0800] {processor.py:925} INFO - DAG(s) 'tutorial_dag' retrieved from /home/anhtupham99/miniforge3/envs/nba/lib/python3.11/site-packages/airflow/example_dags/tutorial_dag.py
[2025-01-30T03:05:20.393+0800] {logging_mixin.py:190} INFO - [2025-01-30T03:05:20.393+0800] {dag.py:3239} INFO - Sync 1 DAGs
[2025-01-30T03:05:20.401+0800] {logging_mixin.py:190} INFO - [2025-01-30T03:05:20.400+0800] {dag.py:4180} INFO - Setting next_dagrun for tutorial_dag to None, run_after=None
[2025-01-30T03:05:20.426+0800] {processor.py:208} INFO - Processing /home/anhtupham99/miniforge3/envs/nba/lib/python3.11/site-packages/airflow/example_dags/tutorial_dag.py took 0.056 seconds
[2025-01-30T03:06:08.403+0800] {processor.py:186} INFO - Started process (PID=25441) to work on /home/anhtupham99/miniforge3/envs/nba/lib/python3.11/site-packages/airflow/example_dags/tutorial_dag.py
[2025-01-30T03:06:08.405+0800] {processor.py:914} INFO - Processing file /home/anhtupham99/miniforge3/envs/nba/lib/python3.11/site-packages/airflow/example_dags/tutorial_dag.py for tasks to queue
[2025-01-30T03:06:08.406+0800] {logging_mixin.py:190} INFO - [2025-01-30T03:06:08.406+0800] {dagbag.py:588} INFO - Filling up the DagBag from /home/anhtupham99/miniforge3/envs/nba/lib/python3.11/site-packages/airflow/example_dags/tutorial_dag.py
[2025-01-30T03:06:08.412+0800] {processor.py:925} INFO - DAG(s) 'tutorial_dag' retrieved from /home/anhtupham99/miniforge3/envs/nba/lib/python3.11/site-packages/airflow/example_dags/tutorial_dag.py
[2025-01-30T03:06:08.422+0800] {logging_mixin.py:190} INFO - [2025-01-30T03:06:08.421+0800] {dag.py:3239} INFO - Sync 1 DAGs
[2025-01-30T03:06:08.429+0800] {logging_mixin.py:190} INFO - [2025-01-30T03:06:08.429+0800] {dag.py:4180} INFO - Setting next_dagrun for tutorial_dag to None, run_after=None
[2025-01-30T03:06:08.452+0800] {processor.py:208} INFO - Processing /home/anhtupham99/miniforge3/envs/nba/lib/python3.11/site-packages/airflow/example_dags/tutorial_dag.py took 0.053 seconds
[2025-01-30T03:07:00.471+0800] {processor.py:186} INFO - Started process (PID=25765) to work on /home/anhtupham99/miniforge3/envs/nba/lib/python3.11/site-packages/airflow/example_dags/tutorial_dag.py
[2025-01-30T03:07:00.473+0800] {processor.py:914} INFO - Processing file /home/anhtupham99/miniforge3/envs/nba/lib/python3.11/site-packages/airflow/example_dags/tutorial_dag.py for tasks to queue
[2025-01-30T03:07:00.475+0800] {logging_mixin.py:190} INFO - [2025-01-30T03:07:00.474+0800] {dagbag.py:588} INFO - Filling up the DagBag from /home/anhtupham99/miniforge3/envs/nba/lib/python3.11/site-packages/airflow/example_dags/tutorial_dag.py
[2025-01-30T03:07:00.482+0800] {processor.py:925} INFO - DAG(s) 'tutorial_dag' retrieved from /home/anhtupham99/miniforge3/envs/nba/lib/python3.11/site-packages/airflow/example_dags/tutorial_dag.py
[2025-01-30T03:07:00.495+0800] {logging_mixin.py:190} INFO - [2025-01-30T03:07:00.495+0800] {dag.py:3239} INFO - Sync 1 DAGs
[2025-01-30T03:07:00.506+0800] {logging_mixin.py:190} INFO - [2025-01-30T03:07:00.505+0800] {dag.py:4180} INFO - Setting next_dagrun for tutorial_dag to None, run_after=None
[2025-01-30T03:07:00.529+0800] {processor.py:208} INFO - Processing /home/anhtupham99/miniforge3/envs/nba/lib/python3.11/site-packages/airflow/example_dags/tutorial_dag.py took 0.063 seconds
[2025-01-30T03:07:50.584+0800] {processor.py:186} INFO - Started process (PID=26055) to work on /home/anhtupham99/miniforge3/envs/nba/lib/python3.11/site-packages/airflow/example_dags/tutorial_dag.py
[2025-01-30T03:07:50.585+0800] {processor.py:914} INFO - Processing file /home/anhtupham99/miniforge3/envs/nba/lib/python3.11/site-packages/airflow/example_dags/tutorial_dag.py for tasks to queue
[2025-01-30T03:07:50.587+0800] {logging_mixin.py:190} INFO - [2025-01-30T03:07:50.587+0800] {dagbag.py:588} INFO - Filling up the DagBag from /home/anhtupham99/miniforge3/envs/nba/lib/python3.11/site-packages/airflow/example_dags/tutorial_dag.py
[2025-01-30T03:07:50.593+0800] {processor.py:925} INFO - DAG(s) 'tutorial_dag' retrieved from /home/anhtupham99/miniforge3/envs/nba/lib/python3.11/site-packages/airflow/example_dags/tutorial_dag.py
[2025-01-30T03:07:50.605+0800] {logging_mixin.py:190} INFO - [2025-01-30T03:07:50.605+0800] {dag.py:3239} INFO - Sync 1 DAGs
[2025-01-30T03:07:50.614+0800] {logging_mixin.py:190} INFO - [2025-01-30T03:07:50.614+0800] {dag.py:4180} INFO - Setting next_dagrun for tutorial_dag to None, run_after=None
[2025-01-30T03:07:50.637+0800] {processor.py:208} INFO - Processing /home/anhtupham99/miniforge3/envs/nba/lib/python3.11/site-packages/airflow/example_dags/tutorial_dag.py took 0.057 seconds
[2025-01-30T03:09:01.940+0800] {processor.py:186} INFO - Started process (PID=26459) to work on /home/anhtupham99/miniforge3/envs/nba/lib/python3.11/site-packages/airflow/example_dags/tutorial_dag.py
[2025-01-30T03:09:01.941+0800] {processor.py:914} INFO - Processing file /home/anhtupham99/miniforge3/envs/nba/lib/python3.11/site-packages/airflow/example_dags/tutorial_dag.py for tasks to queue
[2025-01-30T03:09:01.943+0800] {logging_mixin.py:190} INFO - [2025-01-30T03:09:01.943+0800] {dagbag.py:588} INFO - Filling up the DagBag from /home/anhtupham99/miniforge3/envs/nba/lib/python3.11/site-packages/airflow/example_dags/tutorial_dag.py
[2025-01-30T03:09:01.949+0800] {processor.py:925} INFO - DAG(s) 'tutorial_dag' retrieved from /home/anhtupham99/miniforge3/envs/nba/lib/python3.11/site-packages/airflow/example_dags/tutorial_dag.py
[2025-01-30T03:09:01.960+0800] {logging_mixin.py:190} INFO - [2025-01-30T03:09:01.959+0800] {dag.py:3239} INFO - Sync 1 DAGs
[2025-01-30T03:09:01.969+0800] {logging_mixin.py:190} INFO - [2025-01-30T03:09:01.969+0800] {dag.py:4180} INFO - Setting next_dagrun for tutorial_dag to None, run_after=None
[2025-01-30T03:09:01.991+0800] {processor.py:208} INFO - Processing /home/anhtupham99/miniforge3/envs/nba/lib/python3.11/site-packages/airflow/example_dags/tutorial_dag.py took 0.056 seconds
[2025-01-30T03:09:50.069+0800] {processor.py:186} INFO - Started process (PID=26751) to work on /home/anhtupham99/miniforge3/envs/nba/lib/python3.11/site-packages/airflow/example_dags/tutorial_dag.py
[2025-01-30T03:09:50.070+0800] {processor.py:914} INFO - Processing file /home/anhtupham99/miniforge3/envs/nba/lib/python3.11/site-packages/airflow/example_dags/tutorial_dag.py for tasks to queue
[2025-01-30T03:09:50.072+0800] {logging_mixin.py:190} INFO - [2025-01-30T03:09:50.071+0800] {dagbag.py:588} INFO - Filling up the DagBag from /home/anhtupham99/miniforge3/envs/nba/lib/python3.11/site-packages/airflow/example_dags/tutorial_dag.py
[2025-01-30T03:09:50.079+0800] {processor.py:925} INFO - DAG(s) 'tutorial_dag' retrieved from /home/anhtupham99/miniforge3/envs/nba/lib/python3.11/site-packages/airflow/example_dags/tutorial_dag.py
[2025-01-30T03:09:50.089+0800] {logging_mixin.py:190} INFO - [2025-01-30T03:09:50.089+0800] {dag.py:3239} INFO - Sync 1 DAGs
[2025-01-30T03:09:50.099+0800] {logging_mixin.py:190} INFO - [2025-01-30T03:09:50.098+0800] {dag.py:4180} INFO - Setting next_dagrun for tutorial_dag to None, run_after=None
[2025-01-30T03:09:50.122+0800] {processor.py:208} INFO - Processing /home/anhtupham99/miniforge3/envs/nba/lib/python3.11/site-packages/airflow/example_dags/tutorial_dag.py took 0.059 seconds
[2025-01-30T06:12:06.698+0800] {processor.py:186} INFO - Started process (PID=27076) to work on /home/anhtupham99/miniforge3/envs/nba/lib/python3.11/site-packages/airflow/example_dags/tutorial_dag.py
[2025-01-30T06:12:06.700+0800] {processor.py:914} INFO - Processing file /home/anhtupham99/miniforge3/envs/nba/lib/python3.11/site-packages/airflow/example_dags/tutorial_dag.py for tasks to queue
[2025-01-30T06:12:06.702+0800] {logging_mixin.py:190} INFO - [2025-01-30T06:12:06.702+0800] {dagbag.py:588} INFO - Filling up the DagBag from /home/anhtupham99/miniforge3/envs/nba/lib/python3.11/site-packages/airflow/example_dags/tutorial_dag.py
[2025-01-30T06:12:06.709+0800] {processor.py:925} INFO - DAG(s) 'tutorial_dag' retrieved from /home/anhtupham99/miniforge3/envs/nba/lib/python3.11/site-packages/airflow/example_dags/tutorial_dag.py
[2025-01-30T06:12:06.719+0800] {logging_mixin.py:190} INFO - [2025-01-30T06:12:06.719+0800] {dag.py:3239} INFO - Sync 1 DAGs
[2025-01-30T06:12:06.727+0800] {logging_mixin.py:190} INFO - [2025-01-30T06:12:06.727+0800] {dag.py:4180} INFO - Setting next_dagrun for tutorial_dag to None, run_after=None
[2025-01-30T06:12:06.754+0800] {processor.py:208} INFO - Processing /home/anhtupham99/miniforge3/envs/nba/lib/python3.11/site-packages/airflow/example_dags/tutorial_dag.py took 0.061 seconds
[2025-01-30T06:13:00.830+0800] {processor.py:186} INFO - Started process (PID=27387) to work on /home/anhtupham99/miniforge3/envs/nba/lib/python3.11/site-packages/airflow/example_dags/tutorial_dag.py
[2025-01-30T06:13:00.831+0800] {processor.py:914} INFO - Processing file /home/anhtupham99/miniforge3/envs/nba/lib/python3.11/site-packages/airflow/example_dags/tutorial_dag.py for tasks to queue
[2025-01-30T06:13:00.833+0800] {logging_mixin.py:190} INFO - [2025-01-30T06:13:00.833+0800] {dagbag.py:588} INFO - Filling up the DagBag from /home/anhtupham99/miniforge3/envs/nba/lib/python3.11/site-packages/airflow/example_dags/tutorial_dag.py
[2025-01-30T06:13:00.839+0800] {processor.py:925} INFO - DAG(s) 'tutorial_dag' retrieved from /home/anhtupham99/miniforge3/envs/nba/lib/python3.11/site-packages/airflow/example_dags/tutorial_dag.py
[2025-01-30T06:13:00.849+0800] {logging_mixin.py:190} INFO - [2025-01-30T06:13:00.849+0800] {dag.py:3239} INFO - Sync 1 DAGs
[2025-01-30T06:13:00.858+0800] {logging_mixin.py:190} INFO - [2025-01-30T06:13:00.857+0800] {dag.py:4180} INFO - Setting next_dagrun for tutorial_dag to None, run_after=None
[2025-01-30T06:13:00.882+0800] {processor.py:208} INFO - Processing /home/anhtupham99/miniforge3/envs/nba/lib/python3.11/site-packages/airflow/example_dags/tutorial_dag.py took 0.056 seconds
[2025-01-30T06:13:50.780+0800] {processor.py:186} INFO - Started process (PID=27714) to work on /home/anhtupham99/miniforge3/envs/nba/lib/python3.11/site-packages/airflow/example_dags/tutorial_dag.py
[2025-01-30T06:13:50.781+0800] {processor.py:914} INFO - Processing file /home/anhtupham99/miniforge3/envs/nba/lib/python3.11/site-packages/airflow/example_dags/tutorial_dag.py for tasks to queue
[2025-01-30T06:13:50.783+0800] {logging_mixin.py:190} INFO - [2025-01-30T06:13:50.783+0800] {dagbag.py:588} INFO - Filling up the DagBag from /home/anhtupham99/miniforge3/envs/nba/lib/python3.11/site-packages/airflow/example_dags/tutorial_dag.py
[2025-01-30T06:13:50.789+0800] {processor.py:925} INFO - DAG(s) 'tutorial_dag' retrieved from /home/anhtupham99/miniforge3/envs/nba/lib/python3.11/site-packages/airflow/example_dags/tutorial_dag.py
[2025-01-30T06:13:50.803+0800] {logging_mixin.py:190} INFO - [2025-01-30T06:13:50.803+0800] {dag.py:3239} INFO - Sync 1 DAGs
[2025-01-30T06:13:50.813+0800] {logging_mixin.py:190} INFO - [2025-01-30T06:13:50.813+0800] {dag.py:4180} INFO - Setting next_dagrun for tutorial_dag to None, run_after=None
[2025-01-30T06:13:50.850+0800] {processor.py:208} INFO - Processing /home/anhtupham99/miniforge3/envs/nba/lib/python3.11/site-packages/airflow/example_dags/tutorial_dag.py took 0.074 seconds
