[2025-01-30T02:35:06.626+0800] {processor.py:186} INFO - Started process (PID=14494) to work on /home/anhtupham99/miniforge3/envs/nba/lib/python3.11/site-packages/airflow/example_dags/tutorial_taskflow_api_virtualenv.py
[2025-01-30T02:35:06.627+0800] {processor.py:914} INFO - Processing file /home/anhtupham99/miniforge3/envs/nba/lib/python3.11/site-packages/airflow/example_dags/tutorial_taskflow_api_virtualenv.py for tasks to queue
[2025-01-30T02:35:06.628+0800] {logging_mixin.py:190} INFO - [2025-01-30T02:35:06.628+0800] {dagbag.py:588} INFO - Filling up the DagBag from /home/anhtupham99/miniforge3/envs/nba/lib/python3.11/site-packages/airflow/example_dags/tutorial_taskflow_api_virtualenv.py
[2025-01-30T02:35:06.637+0800] {processor.py:925} INFO - DAG(s) 'tutorial_taskflow_api_virtualenv' retrieved from /home/anhtupham99/miniforge3/envs/nba/lib/python3.11/site-packages/airflow/example_dags/tutorial_taskflow_api_virtualenv.py
[2025-01-30T02:35:06.740+0800] {logging_mixin.py:190} INFO - [2025-01-30T02:35:06.740+0800] {override.py:1911} INFO - Created Permission View: can delete on DAG:tutorial_taskflow_api_virtualenv
[2025-01-30T02:35:06.759+0800] {logging_mixin.py:190} INFO - [2025-01-30T02:35:06.759+0800] {override.py:1911} INFO - Created Permission View: can read on DAG:tutorial_taskflow_api_virtualenv
[2025-01-30T02:35:06.775+0800] {logging_mixin.py:190} INFO - [2025-01-30T02:35:06.775+0800] {override.py:1911} INFO - Created Permission View: can edit on DAG:tutorial_taskflow_api_virtualenv
[2025-01-30T02:35:06.801+0800] {logging_mixin.py:190} INFO - [2025-01-30T02:35:06.801+0800] {override.py:1911} INFO - Created Permission View: can delete on DAG Run:tutorial_taskflow_api_virtualenv
[2025-01-30T02:35:06.815+0800] {logging_mixin.py:190} INFO - [2025-01-30T02:35:06.815+0800] {override.py:1911} INFO - Created Permission View: can create on DAG Run:tutorial_taskflow_api_virtualenv
[2025-01-30T02:35:06.829+0800] {logging_mixin.py:190} INFO - [2025-01-30T02:35:06.829+0800] {override.py:1911} INFO - Created Permission View: menu access on DAG Run:tutorial_taskflow_api_virtualenv
[2025-01-30T02:35:06.843+0800] {logging_mixin.py:190} INFO - [2025-01-30T02:35:06.842+0800] {override.py:1911} INFO - Created Permission View: can read on DAG Run:tutorial_taskflow_api_virtualenv
[2025-01-30T02:35:06.843+0800] {logging_mixin.py:190} INFO - [2025-01-30T02:35:06.843+0800] {dag.py:3239} INFO - Sync 1 DAGs
[2025-01-30T02:35:06.850+0800] {logging_mixin.py:190} INFO - [2025-01-30T02:35:06.850+0800] {dag.py:3262} INFO - Creating ORM DAG for tutorial_taskflow_api_virtualenv
[2025-01-30T02:35:06.851+0800] {logging_mixin.py:190} INFO - [2025-01-30T02:35:06.851+0800] {dag.py:4180} INFO - Setting next_dagrun for tutorial_taskflow_api_virtualenv to None, run_after=None
[2025-01-30T02:35:06.878+0800] {processor.py:208} INFO - Processing /home/anhtupham99/miniforge3/envs/nba/lib/python3.11/site-packages/airflow/example_dags/tutorial_taskflow_api_virtualenv.py took 0.256 seconds
[2025-01-30T02:36:14.918+0800] {processor.py:186} INFO - Started process (PID=14907) to work on /home/anhtupham99/miniforge3/envs/nba/lib/python3.11/site-packages/airflow/example_dags/tutorial_taskflow_api_virtualenv.py
[2025-01-30T02:36:14.922+0800] {processor.py:914} INFO - Processing file /home/anhtupham99/miniforge3/envs/nba/lib/python3.11/site-packages/airflow/example_dags/tutorial_taskflow_api_virtualenv.py for tasks to queue
[2025-01-30T02:36:14.924+0800] {logging_mixin.py:190} INFO - [2025-01-30T02:36:14.924+0800] {dagbag.py:588} INFO - Filling up the DagBag from /home/anhtupham99/miniforge3/envs/nba/lib/python3.11/site-packages/airflow/example_dags/tutorial_taskflow_api_virtualenv.py
[2025-01-30T02:36:14.932+0800] {processor.py:925} INFO - DAG(s) 'tutorial_taskflow_api_virtualenv' retrieved from /home/anhtupham99/miniforge3/envs/nba/lib/python3.11/site-packages/airflow/example_dags/tutorial_taskflow_api_virtualenv.py
[2025-01-30T02:36:14.942+0800] {logging_mixin.py:190} INFO - [2025-01-30T02:36:14.942+0800] {dag.py:3239} INFO - Sync 1 DAGs
[2025-01-30T02:36:14.950+0800] {logging_mixin.py:190} INFO - [2025-01-30T02:36:14.950+0800] {dag.py:4180} INFO - Setting next_dagrun for tutorial_taskflow_api_virtualenv to None, run_after=None
[2025-01-30T02:36:14.976+0800] {processor.py:208} INFO - Processing /home/anhtupham99/miniforge3/envs/nba/lib/python3.11/site-packages/airflow/example_dags/tutorial_taskflow_api_virtualenv.py took 0.073 seconds
[2025-01-30T02:48:13.187+0800] {processor.py:186} INFO - Started process (PID=19116) to work on /home/anhtupham99/miniforge3/envs/nba/lib/python3.11/site-packages/airflow/example_dags/tutorial_taskflow_api_virtualenv.py
[2025-01-30T02:48:13.189+0800] {processor.py:914} INFO - Processing file /home/anhtupham99/miniforge3/envs/nba/lib/python3.11/site-packages/airflow/example_dags/tutorial_taskflow_api_virtualenv.py for tasks to queue
[2025-01-30T02:48:13.195+0800] {logging_mixin.py:190} INFO - [2025-01-30T02:48:13.195+0800] {dagbag.py:588} INFO - Filling up the DagBag from /home/anhtupham99/miniforge3/envs/nba/lib/python3.11/site-packages/airflow/example_dags/tutorial_taskflow_api_virtualenv.py
[2025-01-30T02:48:13.225+0800] {processor.py:925} INFO - DAG(s) 'tutorial_taskflow_api_virtualenv' retrieved from /home/anhtupham99/miniforge3/envs/nba/lib/python3.11/site-packages/airflow/example_dags/tutorial_taskflow_api_virtualenv.py
[2025-01-30T02:48:13.286+0800] {logging_mixin.py:190} INFO - [2025-01-30T02:48:13.286+0800] {dag.py:3239} INFO - Sync 1 DAGs
[2025-01-30T02:48:13.293+0800] {logging_mixin.py:190} INFO - [2025-01-30T02:48:13.293+0800] {dag.py:4180} INFO - Setting next_dagrun for tutorial_taskflow_api_virtualenv to None, run_after=None
[2025-01-30T02:48:13.336+0800] {processor.py:208} INFO - Processing /home/anhtupham99/miniforge3/envs/nba/lib/python3.11/site-packages/airflow/example_dags/tutorial_taskflow_api_virtualenv.py took 0.164 seconds
[2025-01-30T02:49:10.210+0800] {processor.py:186} INFO - Started process (PID=19433) to work on /home/anhtupham99/miniforge3/envs/nba/lib/python3.11/site-packages/airflow/example_dags/tutorial_taskflow_api_virtualenv.py
[2025-01-30T02:49:10.213+0800] {processor.py:914} INFO - Processing file /home/anhtupham99/miniforge3/envs/nba/lib/python3.11/site-packages/airflow/example_dags/tutorial_taskflow_api_virtualenv.py for tasks to queue
[2025-01-30T02:49:10.217+0800] {logging_mixin.py:190} INFO - [2025-01-30T02:49:10.217+0800] {dagbag.py:588} INFO - Filling up the DagBag from /home/anhtupham99/miniforge3/envs/nba/lib/python3.11/site-packages/airflow/example_dags/tutorial_taskflow_api_virtualenv.py
[2025-01-30T02:49:10.243+0800] {processor.py:925} INFO - DAG(s) 'tutorial_taskflow_api_virtualenv' retrieved from /home/anhtupham99/miniforge3/envs/nba/lib/python3.11/site-packages/airflow/example_dags/tutorial_taskflow_api_virtualenv.py
[2025-01-30T02:49:10.264+0800] {logging_mixin.py:190} INFO - [2025-01-30T02:49:10.264+0800] {dag.py:3239} INFO - Sync 1 DAGs
[2025-01-30T02:49:10.279+0800] {logging_mixin.py:190} INFO - [2025-01-30T02:49:10.279+0800] {dag.py:4180} INFO - Setting next_dagrun for tutorial_taskflow_api_virtualenv to None, run_after=None
[2025-01-30T02:49:10.317+0800] {processor.py:208} INFO - Processing /home/anhtupham99/miniforge3/envs/nba/lib/python3.11/site-packages/airflow/example_dags/tutorial_taskflow_api_virtualenv.py took 0.121 seconds
[2025-01-30T02:50:01.708+0800] {processor.py:186} INFO - Started process (PID=19751) to work on /home/anhtupham99/miniforge3/envs/nba/lib/python3.11/site-packages/airflow/example_dags/tutorial_taskflow_api_virtualenv.py
[2025-01-30T02:50:01.710+0800] {processor.py:914} INFO - Processing file /home/anhtupham99/miniforge3/envs/nba/lib/python3.11/site-packages/airflow/example_dags/tutorial_taskflow_api_virtualenv.py for tasks to queue
[2025-01-30T02:50:01.714+0800] {logging_mixin.py:190} INFO - [2025-01-30T02:50:01.713+0800] {dagbag.py:588} INFO - Filling up the DagBag from /home/anhtupham99/miniforge3/envs/nba/lib/python3.11/site-packages/airflow/example_dags/tutorial_taskflow_api_virtualenv.py
[2025-01-30T02:50:01.723+0800] {processor.py:925} INFO - DAG(s) 'tutorial_taskflow_api_virtualenv' retrieved from /home/anhtupham99/miniforge3/envs/nba/lib/python3.11/site-packages/airflow/example_dags/tutorial_taskflow_api_virtualenv.py
[2025-01-30T02:50:01.733+0800] {logging_mixin.py:190} INFO - [2025-01-30T02:50:01.733+0800] {dag.py:3239} INFO - Sync 1 DAGs
[2025-01-30T02:50:01.741+0800] {logging_mixin.py:190} INFO - [2025-01-30T02:50:01.741+0800] {dag.py:4180} INFO - Setting next_dagrun for tutorial_taskflow_api_virtualenv to None, run_after=None
[2025-01-30T02:50:01.766+0800] {processor.py:208} INFO - Processing /home/anhtupham99/miniforge3/envs/nba/lib/python3.11/site-packages/airflow/example_dags/tutorial_taskflow_api_virtualenv.py took 0.067 seconds
[2025-01-30T02:50:56.076+0800] {processor.py:186} INFO - Started process (PID=20067) to work on /home/anhtupham99/miniforge3/envs/nba/lib/python3.11/site-packages/airflow/example_dags/tutorial_taskflow_api_virtualenv.py
[2025-01-30T02:50:56.081+0800] {processor.py:914} INFO - Processing file /home/anhtupham99/miniforge3/envs/nba/lib/python3.11/site-packages/airflow/example_dags/tutorial_taskflow_api_virtualenv.py for tasks to queue
[2025-01-30T02:50:56.084+0800] {logging_mixin.py:190} INFO - [2025-01-30T02:50:56.083+0800] {dagbag.py:588} INFO - Filling up the DagBag from /home/anhtupham99/miniforge3/envs/nba/lib/python3.11/site-packages/airflow/example_dags/tutorial_taskflow_api_virtualenv.py
[2025-01-30T02:50:56.102+0800] {processor.py:925} INFO - DAG(s) 'tutorial_taskflow_api_virtualenv' retrieved from /home/anhtupham99/miniforge3/envs/nba/lib/python3.11/site-packages/airflow/example_dags/tutorial_taskflow_api_virtualenv.py
[2025-01-30T02:50:56.114+0800] {logging_mixin.py:190} INFO - [2025-01-30T02:50:56.114+0800] {dag.py:3239} INFO - Sync 1 DAGs
[2025-01-30T02:50:56.122+0800] {logging_mixin.py:190} INFO - [2025-01-30T02:50:56.122+0800] {dag.py:4180} INFO - Setting next_dagrun for tutorial_taskflow_api_virtualenv to None, run_after=None
[2025-01-30T02:50:56.146+0800] {processor.py:208} INFO - Processing /home/anhtupham99/miniforge3/envs/nba/lib/python3.11/site-packages/airflow/example_dags/tutorial_taskflow_api_virtualenv.py took 0.086 seconds
[2025-01-30T02:51:50.253+0800] {processor.py:186} INFO - Started process (PID=20365) to work on /home/anhtupham99/miniforge3/envs/nba/lib/python3.11/site-packages/airflow/example_dags/tutorial_taskflow_api_virtualenv.py
[2025-01-30T02:51:50.255+0800] {processor.py:914} INFO - Processing file /home/anhtupham99/miniforge3/envs/nba/lib/python3.11/site-packages/airflow/example_dags/tutorial_taskflow_api_virtualenv.py for tasks to queue
[2025-01-30T02:51:50.260+0800] {logging_mixin.py:190} INFO - [2025-01-30T02:51:50.259+0800] {dagbag.py:588} INFO - Filling up the DagBag from /home/anhtupham99/miniforge3/envs/nba/lib/python3.11/site-packages/airflow/example_dags/tutorial_taskflow_api_virtualenv.py
[2025-01-30T02:51:50.284+0800] {processor.py:925} INFO - DAG(s) 'tutorial_taskflow_api_virtualenv' retrieved from /home/anhtupham99/miniforge3/envs/nba/lib/python3.11/site-packages/airflow/example_dags/tutorial_taskflow_api_virtualenv.py
[2025-01-30T02:51:50.293+0800] {logging_mixin.py:190} INFO - [2025-01-30T02:51:50.293+0800] {dag.py:3239} INFO - Sync 1 DAGs
[2025-01-30T02:51:50.301+0800] {logging_mixin.py:190} INFO - [2025-01-30T02:51:50.301+0800] {dag.py:4180} INFO - Setting next_dagrun for tutorial_taskflow_api_virtualenv to None, run_after=None
[2025-01-30T02:51:50.341+0800] {processor.py:208} INFO - Processing /home/anhtupham99/miniforge3/envs/nba/lib/python3.11/site-packages/airflow/example_dags/tutorial_taskflow_api_virtualenv.py took 0.092 seconds
[2025-01-30T02:52:44.880+0800] {processor.py:186} INFO - Started process (PID=20702) to work on /home/anhtupham99/miniforge3/envs/nba/lib/python3.11/site-packages/airflow/example_dags/tutorial_taskflow_api_virtualenv.py
[2025-01-30T02:52:44.884+0800] {processor.py:914} INFO - Processing file /home/anhtupham99/miniforge3/envs/nba/lib/python3.11/site-packages/airflow/example_dags/tutorial_taskflow_api_virtualenv.py for tasks to queue
[2025-01-30T02:52:44.888+0800] {logging_mixin.py:190} INFO - [2025-01-30T02:52:44.887+0800] {dagbag.py:588} INFO - Filling up the DagBag from /home/anhtupham99/miniforge3/envs/nba/lib/python3.11/site-packages/airflow/example_dags/tutorial_taskflow_api_virtualenv.py
[2025-01-30T02:52:44.904+0800] {processor.py:925} INFO - DAG(s) 'tutorial_taskflow_api_virtualenv' retrieved from /home/anhtupham99/miniforge3/envs/nba/lib/python3.11/site-packages/airflow/example_dags/tutorial_taskflow_api_virtualenv.py
[2025-01-30T02:52:44.920+0800] {logging_mixin.py:190} INFO - [2025-01-30T02:52:44.919+0800] {dag.py:3239} INFO - Sync 1 DAGs
[2025-01-30T02:52:44.927+0800] {logging_mixin.py:190} INFO - [2025-01-30T02:52:44.927+0800] {dag.py:4180} INFO - Setting next_dagrun for tutorial_taskflow_api_virtualenv to None, run_after=None
[2025-01-30T02:52:44.967+0800] {processor.py:208} INFO - Processing /home/anhtupham99/miniforge3/envs/nba/lib/python3.11/site-packages/airflow/example_dags/tutorial_taskflow_api_virtualenv.py took 0.101 seconds
[2025-01-30T02:53:37.139+0800] {processor.py:186} INFO - Started process (PID=20991) to work on /home/anhtupham99/miniforge3/envs/nba/lib/python3.11/site-packages/airflow/example_dags/tutorial_taskflow_api_virtualenv.py
[2025-01-30T02:53:37.140+0800] {processor.py:914} INFO - Processing file /home/anhtupham99/miniforge3/envs/nba/lib/python3.11/site-packages/airflow/example_dags/tutorial_taskflow_api_virtualenv.py for tasks to queue
[2025-01-30T02:53:37.142+0800] {logging_mixin.py:190} INFO - [2025-01-30T02:53:37.142+0800] {dagbag.py:588} INFO - Filling up the DagBag from /home/anhtupham99/miniforge3/envs/nba/lib/python3.11/site-packages/airflow/example_dags/tutorial_taskflow_api_virtualenv.py
[2025-01-30T02:53:37.151+0800] {processor.py:925} INFO - DAG(s) 'tutorial_taskflow_api_virtualenv' retrieved from /home/anhtupham99/miniforge3/envs/nba/lib/python3.11/site-packages/airflow/example_dags/tutorial_taskflow_api_virtualenv.py
[2025-01-30T02:53:37.161+0800] {logging_mixin.py:190} INFO - [2025-01-30T02:53:37.161+0800] {dag.py:3239} INFO - Sync 1 DAGs
[2025-01-30T02:53:37.169+0800] {logging_mixin.py:190} INFO - [2025-01-30T02:53:37.168+0800] {dag.py:4180} INFO - Setting next_dagrun for tutorial_taskflow_api_virtualenv to None, run_after=None
[2025-01-30T02:53:37.195+0800] {processor.py:208} INFO - Processing /home/anhtupham99/miniforge3/envs/nba/lib/python3.11/site-packages/airflow/example_dags/tutorial_taskflow_api_virtualenv.py took 0.060 seconds
[2025-01-30T02:54:27.359+0800] {processor.py:186} INFO - Started process (PID=21281) to work on /home/anhtupham99/miniforge3/envs/nba/lib/python3.11/site-packages/airflow/example_dags/tutorial_taskflow_api_virtualenv.py
[2025-01-30T02:54:27.360+0800] {processor.py:914} INFO - Processing file /home/anhtupham99/miniforge3/envs/nba/lib/python3.11/site-packages/airflow/example_dags/tutorial_taskflow_api_virtualenv.py for tasks to queue
[2025-01-30T02:54:27.362+0800] {logging_mixin.py:190} INFO - [2025-01-30T02:54:27.362+0800] {dagbag.py:588} INFO - Filling up the DagBag from /home/anhtupham99/miniforge3/envs/nba/lib/python3.11/site-packages/airflow/example_dags/tutorial_taskflow_api_virtualenv.py
[2025-01-30T02:54:27.371+0800] {processor.py:925} INFO - DAG(s) 'tutorial_taskflow_api_virtualenv' retrieved from /home/anhtupham99/miniforge3/envs/nba/lib/python3.11/site-packages/airflow/example_dags/tutorial_taskflow_api_virtualenv.py
[2025-01-30T02:54:27.380+0800] {logging_mixin.py:190} INFO - [2025-01-30T02:54:27.380+0800] {dag.py:3239} INFO - Sync 1 DAGs
[2025-01-30T02:54:27.388+0800] {logging_mixin.py:190} INFO - [2025-01-30T02:54:27.388+0800] {dag.py:4180} INFO - Setting next_dagrun for tutorial_taskflow_api_virtualenv to None, run_after=None
[2025-01-30T02:54:27.410+0800] {processor.py:208} INFO - Processing /home/anhtupham99/miniforge3/envs/nba/lib/python3.11/site-packages/airflow/example_dags/tutorial_taskflow_api_virtualenv.py took 0.055 seconds
[2025-01-30T02:55:23.540+0800] {processor.py:186} INFO - Started process (PID=21594) to work on /home/anhtupham99/miniforge3/envs/nba/lib/python3.11/site-packages/airflow/example_dags/tutorial_taskflow_api_virtualenv.py
[2025-01-30T02:55:23.541+0800] {processor.py:914} INFO - Processing file /home/anhtupham99/miniforge3/envs/nba/lib/python3.11/site-packages/airflow/example_dags/tutorial_taskflow_api_virtualenv.py for tasks to queue
[2025-01-30T02:55:23.543+0800] {logging_mixin.py:190} INFO - [2025-01-30T02:55:23.543+0800] {dagbag.py:588} INFO - Filling up the DagBag from /home/anhtupham99/miniforge3/envs/nba/lib/python3.11/site-packages/airflow/example_dags/tutorial_taskflow_api_virtualenv.py
[2025-01-30T02:55:23.552+0800] {processor.py:925} INFO - DAG(s) 'tutorial_taskflow_api_virtualenv' retrieved from /home/anhtupham99/miniforge3/envs/nba/lib/python3.11/site-packages/airflow/example_dags/tutorial_taskflow_api_virtualenv.py
[2025-01-30T02:55:23.562+0800] {logging_mixin.py:190} INFO - [2025-01-30T02:55:23.561+0800] {dag.py:3239} INFO - Sync 1 DAGs
[2025-01-30T02:55:23.570+0800] {logging_mixin.py:190} INFO - [2025-01-30T02:55:23.570+0800] {dag.py:4180} INFO - Setting next_dagrun for tutorial_taskflow_api_virtualenv to None, run_after=None
[2025-01-30T02:55:23.594+0800] {processor.py:208} INFO - Processing /home/anhtupham99/miniforge3/envs/nba/lib/python3.11/site-packages/airflow/example_dags/tutorial_taskflow_api_virtualenv.py took 0.059 seconds
[2025-01-30T02:56:09.299+0800] {processor.py:186} INFO - Started process (PID=21878) to work on /home/anhtupham99/miniforge3/envs/nba/lib/python3.11/site-packages/airflow/example_dags/tutorial_taskflow_api_virtualenv.py
[2025-01-30T02:56:09.300+0800] {processor.py:914} INFO - Processing file /home/anhtupham99/miniforge3/envs/nba/lib/python3.11/site-packages/airflow/example_dags/tutorial_taskflow_api_virtualenv.py for tasks to queue
[2025-01-30T02:56:09.302+0800] {logging_mixin.py:190} INFO - [2025-01-30T02:56:09.301+0800] {dagbag.py:588} INFO - Filling up the DagBag from /home/anhtupham99/miniforge3/envs/nba/lib/python3.11/site-packages/airflow/example_dags/tutorial_taskflow_api_virtualenv.py
[2025-01-30T02:56:09.310+0800] {processor.py:925} INFO - DAG(s) 'tutorial_taskflow_api_virtualenv' retrieved from /home/anhtupham99/miniforge3/envs/nba/lib/python3.11/site-packages/airflow/example_dags/tutorial_taskflow_api_virtualenv.py
[2025-01-30T02:56:09.320+0800] {logging_mixin.py:190} INFO - [2025-01-30T02:56:09.320+0800] {dag.py:3239} INFO - Sync 1 DAGs
[2025-01-30T02:56:09.328+0800] {logging_mixin.py:190} INFO - [2025-01-30T02:56:09.328+0800] {dag.py:4180} INFO - Setting next_dagrun for tutorial_taskflow_api_virtualenv to None, run_after=None
[2025-01-30T02:56:09.349+0800] {processor.py:208} INFO - Processing /home/anhtupham99/miniforge3/envs/nba/lib/python3.11/site-packages/airflow/example_dags/tutorial_taskflow_api_virtualenv.py took 0.055 seconds
[2025-01-30T02:56:58.566+0800] {processor.py:186} INFO - Started process (PID=22152) to work on /home/anhtupham99/miniforge3/envs/nba/lib/python3.11/site-packages/airflow/example_dags/tutorial_taskflow_api_virtualenv.py
[2025-01-30T02:56:58.570+0800] {processor.py:914} INFO - Processing file /home/anhtupham99/miniforge3/envs/nba/lib/python3.11/site-packages/airflow/example_dags/tutorial_taskflow_api_virtualenv.py for tasks to queue
[2025-01-30T02:56:58.572+0800] {logging_mixin.py:190} INFO - [2025-01-30T02:56:58.571+0800] {dagbag.py:588} INFO - Filling up the DagBag from /home/anhtupham99/miniforge3/envs/nba/lib/python3.11/site-packages/airflow/example_dags/tutorial_taskflow_api_virtualenv.py
[2025-01-30T02:56:58.581+0800] {processor.py:925} INFO - DAG(s) 'tutorial_taskflow_api_virtualenv' retrieved from /home/anhtupham99/miniforge3/envs/nba/lib/python3.11/site-packages/airflow/example_dags/tutorial_taskflow_api_virtualenv.py
[2025-01-30T02:56:58.591+0800] {logging_mixin.py:190} INFO - [2025-01-30T02:56:58.591+0800] {dag.py:3239} INFO - Sync 1 DAGs
[2025-01-30T02:56:58.601+0800] {logging_mixin.py:190} INFO - [2025-01-30T02:56:58.600+0800] {dag.py:4180} INFO - Setting next_dagrun for tutorial_taskflow_api_virtualenv to None, run_after=None
[2025-01-30T02:56:58.622+0800] {processor.py:208} INFO - Processing /home/anhtupham99/miniforge3/envs/nba/lib/python3.11/site-packages/airflow/example_dags/tutorial_taskflow_api_virtualenv.py took 0.060 seconds
[2025-01-30T02:57:45.105+0800] {processor.py:186} INFO - Started process (PID=22478) to work on /home/anhtupham99/miniforge3/envs/nba/lib/python3.11/site-packages/airflow/example_dags/tutorial_taskflow_api_virtualenv.py
[2025-01-30T02:57:45.107+0800] {processor.py:914} INFO - Processing file /home/anhtupham99/miniforge3/envs/nba/lib/python3.11/site-packages/airflow/example_dags/tutorial_taskflow_api_virtualenv.py for tasks to queue
[2025-01-30T02:57:45.108+0800] {logging_mixin.py:190} INFO - [2025-01-30T02:57:45.108+0800] {dagbag.py:588} INFO - Filling up the DagBag from /home/anhtupham99/miniforge3/envs/nba/lib/python3.11/site-packages/airflow/example_dags/tutorial_taskflow_api_virtualenv.py
[2025-01-30T02:57:45.117+0800] {processor.py:925} INFO - DAG(s) 'tutorial_taskflow_api_virtualenv' retrieved from /home/anhtupham99/miniforge3/envs/nba/lib/python3.11/site-packages/airflow/example_dags/tutorial_taskflow_api_virtualenv.py
[2025-01-30T02:57:45.128+0800] {logging_mixin.py:190} INFO - [2025-01-30T02:57:45.128+0800] {dag.py:3239} INFO - Sync 1 DAGs
[2025-01-30T02:57:45.136+0800] {logging_mixin.py:190} INFO - [2025-01-30T02:57:45.136+0800] {dag.py:4180} INFO - Setting next_dagrun for tutorial_taskflow_api_virtualenv to None, run_after=None
[2025-01-30T02:57:45.166+0800] {processor.py:208} INFO - Processing /home/anhtupham99/miniforge3/envs/nba/lib/python3.11/site-packages/airflow/example_dags/tutorial_taskflow_api_virtualenv.py took 0.065 seconds
[2025-01-30T02:58:35.437+0800] {processor.py:186} INFO - Started process (PID=22765) to work on /home/anhtupham99/miniforge3/envs/nba/lib/python3.11/site-packages/airflow/example_dags/tutorial_taskflow_api_virtualenv.py
[2025-01-30T02:58:35.439+0800] {processor.py:914} INFO - Processing file /home/anhtupham99/miniforge3/envs/nba/lib/python3.11/site-packages/airflow/example_dags/tutorial_taskflow_api_virtualenv.py for tasks to queue
[2025-01-30T02:58:35.440+0800] {logging_mixin.py:190} INFO - [2025-01-30T02:58:35.440+0800] {dagbag.py:588} INFO - Filling up the DagBag from /home/anhtupham99/miniforge3/envs/nba/lib/python3.11/site-packages/airflow/example_dags/tutorial_taskflow_api_virtualenv.py
[2025-01-30T02:58:35.449+0800] {processor.py:925} INFO - DAG(s) 'tutorial_taskflow_api_virtualenv' retrieved from /home/anhtupham99/miniforge3/envs/nba/lib/python3.11/site-packages/airflow/example_dags/tutorial_taskflow_api_virtualenv.py
[2025-01-30T02:58:35.459+0800] {logging_mixin.py:190} INFO - [2025-01-30T02:58:35.459+0800] {dag.py:3239} INFO - Sync 1 DAGs
[2025-01-30T02:58:35.467+0800] {logging_mixin.py:190} INFO - [2025-01-30T02:58:35.467+0800] {dag.py:4180} INFO - Setting next_dagrun for tutorial_taskflow_api_virtualenv to None, run_after=None
[2025-01-30T02:58:35.490+0800] {processor.py:208} INFO - Processing /home/anhtupham99/miniforge3/envs/nba/lib/python3.11/site-packages/airflow/example_dags/tutorial_taskflow_api_virtualenv.py took 0.057 seconds
[2025-01-30T02:59:25.991+0800] {processor.py:186} INFO - Started process (PID=23054) to work on /home/anhtupham99/miniforge3/envs/nba/lib/python3.11/site-packages/airflow/example_dags/tutorial_taskflow_api_virtualenv.py
[2025-01-30T02:59:25.993+0800] {processor.py:914} INFO - Processing file /home/anhtupham99/miniforge3/envs/nba/lib/python3.11/site-packages/airflow/example_dags/tutorial_taskflow_api_virtualenv.py for tasks to queue
[2025-01-30T02:59:25.994+0800] {logging_mixin.py:190} INFO - [2025-01-30T02:59:25.994+0800] {dagbag.py:588} INFO - Filling up the DagBag from /home/anhtupham99/miniforge3/envs/nba/lib/python3.11/site-packages/airflow/example_dags/tutorial_taskflow_api_virtualenv.py
[2025-01-30T02:59:26.003+0800] {processor.py:925} INFO - DAG(s) 'tutorial_taskflow_api_virtualenv' retrieved from /home/anhtupham99/miniforge3/envs/nba/lib/python3.11/site-packages/airflow/example_dags/tutorial_taskflow_api_virtualenv.py
[2025-01-30T02:59:26.013+0800] {logging_mixin.py:190} INFO - [2025-01-30T02:59:26.013+0800] {dag.py:3239} INFO - Sync 1 DAGs
[2025-01-30T02:59:26.021+0800] {logging_mixin.py:190} INFO - [2025-01-30T02:59:26.021+0800] {dag.py:4180} INFO - Setting next_dagrun for tutorial_taskflow_api_virtualenv to None, run_after=None
[2025-01-30T02:59:26.045+0800] {processor.py:208} INFO - Processing /home/anhtupham99/miniforge3/envs/nba/lib/python3.11/site-packages/airflow/example_dags/tutorial_taskflow_api_virtualenv.py took 0.057 seconds
[2025-01-30T03:00:16.874+0800] {processor.py:186} INFO - Started process (PID=23356) to work on /home/anhtupham99/miniforge3/envs/nba/lib/python3.11/site-packages/airflow/example_dags/tutorial_taskflow_api_virtualenv.py
[2025-01-30T03:00:16.875+0800] {processor.py:914} INFO - Processing file /home/anhtupham99/miniforge3/envs/nba/lib/python3.11/site-packages/airflow/example_dags/tutorial_taskflow_api_virtualenv.py for tasks to queue
[2025-01-30T03:00:16.877+0800] {logging_mixin.py:190} INFO - [2025-01-30T03:00:16.877+0800] {dagbag.py:588} INFO - Filling up the DagBag from /home/anhtupham99/miniforge3/envs/nba/lib/python3.11/site-packages/airflow/example_dags/tutorial_taskflow_api_virtualenv.py
[2025-01-30T03:00:16.886+0800] {processor.py:925} INFO - DAG(s) 'tutorial_taskflow_api_virtualenv' retrieved from /home/anhtupham99/miniforge3/envs/nba/lib/python3.11/site-packages/airflow/example_dags/tutorial_taskflow_api_virtualenv.py
[2025-01-30T03:00:16.895+0800] {logging_mixin.py:190} INFO - [2025-01-30T03:00:16.895+0800] {dag.py:3239} INFO - Sync 1 DAGs
[2025-01-30T03:00:16.903+0800] {logging_mixin.py:190} INFO - [2025-01-30T03:00:16.903+0800] {dag.py:4180} INFO - Setting next_dagrun for tutorial_taskflow_api_virtualenv to None, run_after=None
[2025-01-30T03:00:16.925+0800] {processor.py:208} INFO - Processing /home/anhtupham99/miniforge3/envs/nba/lib/python3.11/site-packages/airflow/example_dags/tutorial_taskflow_api_virtualenv.py took 0.055 seconds
[2025-01-30T03:01:04.783+0800] {processor.py:186} INFO - Started process (PID=23631) to work on /home/anhtupham99/miniforge3/envs/nba/lib/python3.11/site-packages/airflow/example_dags/tutorial_taskflow_api_virtualenv.py
[2025-01-30T03:01:04.785+0800] {processor.py:914} INFO - Processing file /home/anhtupham99/miniforge3/envs/nba/lib/python3.11/site-packages/airflow/example_dags/tutorial_taskflow_api_virtualenv.py for tasks to queue
[2025-01-30T03:01:04.786+0800] {logging_mixin.py:190} INFO - [2025-01-30T03:01:04.786+0800] {dagbag.py:588} INFO - Filling up the DagBag from /home/anhtupham99/miniforge3/envs/nba/lib/python3.11/site-packages/airflow/example_dags/tutorial_taskflow_api_virtualenv.py
[2025-01-30T03:01:04.795+0800] {processor.py:925} INFO - DAG(s) 'tutorial_taskflow_api_virtualenv' retrieved from /home/anhtupham99/miniforge3/envs/nba/lib/python3.11/site-packages/airflow/example_dags/tutorial_taskflow_api_virtualenv.py
[2025-01-30T03:01:04.804+0800] {logging_mixin.py:190} INFO - [2025-01-30T03:01:04.804+0800] {dag.py:3239} INFO - Sync 1 DAGs
[2025-01-30T03:01:04.813+0800] {logging_mixin.py:190} INFO - [2025-01-30T03:01:04.813+0800] {dag.py:4180} INFO - Setting next_dagrun for tutorial_taskflow_api_virtualenv to None, run_after=None
[2025-01-30T03:01:04.837+0800] {processor.py:208} INFO - Processing /home/anhtupham99/miniforge3/envs/nba/lib/python3.11/site-packages/airflow/example_dags/tutorial_taskflow_api_virtualenv.py took 0.058 seconds
[2025-01-30T03:01:51.343+0800] {processor.py:186} INFO - Started process (PID=23901) to work on /home/anhtupham99/miniforge3/envs/nba/lib/python3.11/site-packages/airflow/example_dags/tutorial_taskflow_api_virtualenv.py
[2025-01-30T03:01:51.345+0800] {processor.py:914} INFO - Processing file /home/anhtupham99/miniforge3/envs/nba/lib/python3.11/site-packages/airflow/example_dags/tutorial_taskflow_api_virtualenv.py for tasks to queue
[2025-01-30T03:01:51.347+0800] {logging_mixin.py:190} INFO - [2025-01-30T03:01:51.346+0800] {dagbag.py:588} INFO - Filling up the DagBag from /home/anhtupham99/miniforge3/envs/nba/lib/python3.11/site-packages/airflow/example_dags/tutorial_taskflow_api_virtualenv.py
[2025-01-30T03:01:51.355+0800] {processor.py:925} INFO - DAG(s) 'tutorial_taskflow_api_virtualenv' retrieved from /home/anhtupham99/miniforge3/envs/nba/lib/python3.11/site-packages/airflow/example_dags/tutorial_taskflow_api_virtualenv.py
[2025-01-30T03:01:51.365+0800] {logging_mixin.py:190} INFO - [2025-01-30T03:01:51.365+0800] {dag.py:3239} INFO - Sync 1 DAGs
[2025-01-30T03:01:51.373+0800] {logging_mixin.py:190} INFO - [2025-01-30T03:01:51.373+0800] {dag.py:4180} INFO - Setting next_dagrun for tutorial_taskflow_api_virtualenv to None, run_after=None
[2025-01-30T03:01:51.397+0800] {processor.py:208} INFO - Processing /home/anhtupham99/miniforge3/envs/nba/lib/python3.11/site-packages/airflow/example_dags/tutorial_taskflow_api_virtualenv.py took 0.058 seconds
[2025-01-30T03:02:39.211+0800] {processor.py:186} INFO - Started process (PID=24207) to work on /home/anhtupham99/miniforge3/envs/nba/lib/python3.11/site-packages/airflow/example_dags/tutorial_taskflow_api_virtualenv.py
[2025-01-30T03:02:39.213+0800] {processor.py:914} INFO - Processing file /home/anhtupham99/miniforge3/envs/nba/lib/python3.11/site-packages/airflow/example_dags/tutorial_taskflow_api_virtualenv.py for tasks to queue
[2025-01-30T03:02:39.215+0800] {logging_mixin.py:190} INFO - [2025-01-30T03:02:39.214+0800] {dagbag.py:588} INFO - Filling up the DagBag from /home/anhtupham99/miniforge3/envs/nba/lib/python3.11/site-packages/airflow/example_dags/tutorial_taskflow_api_virtualenv.py
[2025-01-30T03:02:39.223+0800] {processor.py:925} INFO - DAG(s) 'tutorial_taskflow_api_virtualenv' retrieved from /home/anhtupham99/miniforge3/envs/nba/lib/python3.11/site-packages/airflow/example_dags/tutorial_taskflow_api_virtualenv.py
[2025-01-30T03:02:39.233+0800] {logging_mixin.py:190} INFO - [2025-01-30T03:02:39.233+0800] {dag.py:3239} INFO - Sync 1 DAGs
[2025-01-30T03:02:39.242+0800] {logging_mixin.py:190} INFO - [2025-01-30T03:02:39.241+0800] {dag.py:4180} INFO - Setting next_dagrun for tutorial_taskflow_api_virtualenv to None, run_after=None
[2025-01-30T03:02:39.265+0800] {processor.py:208} INFO - Processing /home/anhtupham99/miniforge3/envs/nba/lib/python3.11/site-packages/airflow/example_dags/tutorial_taskflow_api_virtualenv.py took 0.058 seconds
[2025-01-30T03:03:27.290+0800] {processor.py:186} INFO - Started process (PID=24487) to work on /home/anhtupham99/miniforge3/envs/nba/lib/python3.11/site-packages/airflow/example_dags/tutorial_taskflow_api_virtualenv.py
[2025-01-30T03:03:27.292+0800] {processor.py:914} INFO - Processing file /home/anhtupham99/miniforge3/envs/nba/lib/python3.11/site-packages/airflow/example_dags/tutorial_taskflow_api_virtualenv.py for tasks to queue
[2025-01-30T03:03:27.293+0800] {logging_mixin.py:190} INFO - [2025-01-30T03:03:27.293+0800] {dagbag.py:588} INFO - Filling up the DagBag from /home/anhtupham99/miniforge3/envs/nba/lib/python3.11/site-packages/airflow/example_dags/tutorial_taskflow_api_virtualenv.py
[2025-01-30T03:03:27.302+0800] {processor.py:925} INFO - DAG(s) 'tutorial_taskflow_api_virtualenv' retrieved from /home/anhtupham99/miniforge3/envs/nba/lib/python3.11/site-packages/airflow/example_dags/tutorial_taskflow_api_virtualenv.py
[2025-01-30T03:03:27.312+0800] {logging_mixin.py:190} INFO - [2025-01-30T03:03:27.312+0800] {dag.py:3239} INFO - Sync 1 DAGs
[2025-01-30T03:03:27.320+0800] {logging_mixin.py:190} INFO - [2025-01-30T03:03:27.320+0800] {dag.py:4180} INFO - Setting next_dagrun for tutorial_taskflow_api_virtualenv to None, run_after=None
[2025-01-30T03:03:27.343+0800] {processor.py:208} INFO - Processing /home/anhtupham99/miniforge3/envs/nba/lib/python3.11/site-packages/airflow/example_dags/tutorial_taskflow_api_virtualenv.py took 0.057 seconds
[2025-01-30T03:04:17.018+0800] {processor.py:186} INFO - Started process (PID=24796) to work on /home/anhtupham99/miniforge3/envs/nba/lib/python3.11/site-packages/airflow/example_dags/tutorial_taskflow_api_virtualenv.py
[2025-01-30T03:04:17.022+0800] {processor.py:914} INFO - Processing file /home/anhtupham99/miniforge3/envs/nba/lib/python3.11/site-packages/airflow/example_dags/tutorial_taskflow_api_virtualenv.py for tasks to queue
[2025-01-30T03:04:17.024+0800] {logging_mixin.py:190} INFO - [2025-01-30T03:04:17.024+0800] {dagbag.py:588} INFO - Filling up the DagBag from /home/anhtupham99/miniforge3/envs/nba/lib/python3.11/site-packages/airflow/example_dags/tutorial_taskflow_api_virtualenv.py
[2025-01-30T03:04:17.033+0800] {processor.py:925} INFO - DAG(s) 'tutorial_taskflow_api_virtualenv' retrieved from /home/anhtupham99/miniforge3/envs/nba/lib/python3.11/site-packages/airflow/example_dags/tutorial_taskflow_api_virtualenv.py
[2025-01-30T03:04:17.043+0800] {logging_mixin.py:190} INFO - [2025-01-30T03:04:17.043+0800] {dag.py:3239} INFO - Sync 1 DAGs
[2025-01-30T03:04:17.052+0800] {logging_mixin.py:190} INFO - [2025-01-30T03:04:17.052+0800] {dag.py:4180} INFO - Setting next_dagrun for tutorial_taskflow_api_virtualenv to None, run_after=None
[2025-01-30T03:04:17.074+0800] {processor.py:208} INFO - Processing /home/anhtupham99/miniforge3/envs/nba/lib/python3.11/site-packages/airflow/example_dags/tutorial_taskflow_api_virtualenv.py took 0.060 seconds
[2025-01-30T03:05:06.806+0800] {processor.py:186} INFO - Started process (PID=25090) to work on /home/anhtupham99/miniforge3/envs/nba/lib/python3.11/site-packages/airflow/example_dags/tutorial_taskflow_api_virtualenv.py
[2025-01-30T03:05:06.807+0800] {processor.py:914} INFO - Processing file /home/anhtupham99/miniforge3/envs/nba/lib/python3.11/site-packages/airflow/example_dags/tutorial_taskflow_api_virtualenv.py for tasks to queue
[2025-01-30T03:05:06.809+0800] {logging_mixin.py:190} INFO - [2025-01-30T03:05:06.809+0800] {dagbag.py:588} INFO - Filling up the DagBag from /home/anhtupham99/miniforge3/envs/nba/lib/python3.11/site-packages/airflow/example_dags/tutorial_taskflow_api_virtualenv.py
[2025-01-30T03:05:06.818+0800] {processor.py:925} INFO - DAG(s) 'tutorial_taskflow_api_virtualenv' retrieved from /home/anhtupham99/miniforge3/envs/nba/lib/python3.11/site-packages/airflow/example_dags/tutorial_taskflow_api_virtualenv.py
[2025-01-30T03:05:06.828+0800] {logging_mixin.py:190} INFO - [2025-01-30T03:05:06.827+0800] {dag.py:3239} INFO - Sync 1 DAGs
[2025-01-30T03:05:06.835+0800] {logging_mixin.py:190} INFO - [2025-01-30T03:05:06.835+0800] {dag.py:4180} INFO - Setting next_dagrun for tutorial_taskflow_api_virtualenv to None, run_after=None
[2025-01-30T03:05:06.857+0800] {processor.py:208} INFO - Processing /home/anhtupham99/miniforge3/envs/nba/lib/python3.11/site-packages/airflow/example_dags/tutorial_taskflow_api_virtualenv.py took 0.056 seconds
[2025-01-30T03:05:55.916+0800] {processor.py:186} INFO - Started process (PID=25362) to work on /home/anhtupham99/miniforge3/envs/nba/lib/python3.11/site-packages/airflow/example_dags/tutorial_taskflow_api_virtualenv.py
[2025-01-30T03:05:55.917+0800] {processor.py:914} INFO - Processing file /home/anhtupham99/miniforge3/envs/nba/lib/python3.11/site-packages/airflow/example_dags/tutorial_taskflow_api_virtualenv.py for tasks to queue
[2025-01-30T03:05:55.919+0800] {logging_mixin.py:190} INFO - [2025-01-30T03:05:55.919+0800] {dagbag.py:588} INFO - Filling up the DagBag from /home/anhtupham99/miniforge3/envs/nba/lib/python3.11/site-packages/airflow/example_dags/tutorial_taskflow_api_virtualenv.py
[2025-01-30T03:05:55.928+0800] {processor.py:925} INFO - DAG(s) 'tutorial_taskflow_api_virtualenv' retrieved from /home/anhtupham99/miniforge3/envs/nba/lib/python3.11/site-packages/airflow/example_dags/tutorial_taskflow_api_virtualenv.py
[2025-01-30T03:05:55.937+0800] {logging_mixin.py:190} INFO - [2025-01-30T03:05:55.937+0800] {dag.py:3239} INFO - Sync 1 DAGs
[2025-01-30T03:05:55.945+0800] {logging_mixin.py:190} INFO - [2025-01-30T03:05:55.945+0800] {dag.py:4180} INFO - Setting next_dagrun for tutorial_taskflow_api_virtualenv to None, run_after=None
[2025-01-30T03:05:55.967+0800] {processor.py:208} INFO - Processing /home/anhtupham99/miniforge3/envs/nba/lib/python3.11/site-packages/airflow/example_dags/tutorial_taskflow_api_virtualenv.py took 0.055 seconds
[2025-01-30T03:06:45.226+0800] {processor.py:186} INFO - Started process (PID=25647) to work on /home/anhtupham99/miniforge3/envs/nba/lib/python3.11/site-packages/airflow/example_dags/tutorial_taskflow_api_virtualenv.py
[2025-01-30T03:06:45.231+0800] {processor.py:914} INFO - Processing file /home/anhtupham99/miniforge3/envs/nba/lib/python3.11/site-packages/airflow/example_dags/tutorial_taskflow_api_virtualenv.py for tasks to queue
[2025-01-30T03:06:45.232+0800] {logging_mixin.py:190} INFO - [2025-01-30T03:06:45.232+0800] {dagbag.py:588} INFO - Filling up the DagBag from /home/anhtupham99/miniforge3/envs/nba/lib/python3.11/site-packages/airflow/example_dags/tutorial_taskflow_api_virtualenv.py
[2025-01-30T03:06:45.241+0800] {processor.py:925} INFO - DAG(s) 'tutorial_taskflow_api_virtualenv' retrieved from /home/anhtupham99/miniforge3/envs/nba/lib/python3.11/site-packages/airflow/example_dags/tutorial_taskflow_api_virtualenv.py
[2025-01-30T03:06:45.250+0800] {logging_mixin.py:190} INFO - [2025-01-30T03:06:45.250+0800] {dag.py:3239} INFO - Sync 1 DAGs
[2025-01-30T03:06:45.258+0800] {logging_mixin.py:190} INFO - [2025-01-30T03:06:45.258+0800] {dag.py:4180} INFO - Setting next_dagrun for tutorial_taskflow_api_virtualenv to None, run_after=None
[2025-01-30T03:06:45.280+0800] {processor.py:208} INFO - Processing /home/anhtupham99/miniforge3/envs/nba/lib/python3.11/site-packages/airflow/example_dags/tutorial_taskflow_api_virtualenv.py took 0.057 seconds
[2025-01-30T03:07:35.457+0800] {processor.py:186} INFO - Started process (PID=25978) to work on /home/anhtupham99/miniforge3/envs/nba/lib/python3.11/site-packages/airflow/example_dags/tutorial_taskflow_api_virtualenv.py
[2025-01-30T03:07:35.458+0800] {processor.py:914} INFO - Processing file /home/anhtupham99/miniforge3/envs/nba/lib/python3.11/site-packages/airflow/example_dags/tutorial_taskflow_api_virtualenv.py for tasks to queue
[2025-01-30T03:07:35.460+0800] {logging_mixin.py:190} INFO - [2025-01-30T03:07:35.460+0800] {dagbag.py:588} INFO - Filling up the DagBag from /home/anhtupham99/miniforge3/envs/nba/lib/python3.11/site-packages/airflow/example_dags/tutorial_taskflow_api_virtualenv.py
[2025-01-30T03:07:35.473+0800] {processor.py:925} INFO - DAG(s) 'tutorial_taskflow_api_virtualenv' retrieved from /home/anhtupham99/miniforge3/envs/nba/lib/python3.11/site-packages/airflow/example_dags/tutorial_taskflow_api_virtualenv.py
[2025-01-30T03:07:35.486+0800] {logging_mixin.py:190} INFO - [2025-01-30T03:07:35.486+0800] {dag.py:3239} INFO - Sync 1 DAGs
[2025-01-30T03:07:35.496+0800] {logging_mixin.py:190} INFO - [2025-01-30T03:07:35.495+0800] {dag.py:4180} INFO - Setting next_dagrun for tutorial_taskflow_api_virtualenv to None, run_after=None
[2025-01-30T03:07:35.518+0800] {processor.py:208} INFO - Processing /home/anhtupham99/miniforge3/envs/nba/lib/python3.11/site-packages/airflow/example_dags/tutorial_taskflow_api_virtualenv.py took 0.068 seconds
[2025-01-30T03:08:23.814+0800] {processor.py:186} INFO - Started process (PID=26246) to work on /home/anhtupham99/miniforge3/envs/nba/lib/python3.11/site-packages/airflow/example_dags/tutorial_taskflow_api_virtualenv.py
[2025-01-30T03:08:23.815+0800] {processor.py:914} INFO - Processing file /home/anhtupham99/miniforge3/envs/nba/lib/python3.11/site-packages/airflow/example_dags/tutorial_taskflow_api_virtualenv.py for tasks to queue
[2025-01-30T03:08:23.817+0800] {logging_mixin.py:190} INFO - [2025-01-30T03:08:23.816+0800] {dagbag.py:588} INFO - Filling up the DagBag from /home/anhtupham99/miniforge3/envs/nba/lib/python3.11/site-packages/airflow/example_dags/tutorial_taskflow_api_virtualenv.py
[2025-01-30T03:08:23.826+0800] {processor.py:925} INFO - DAG(s) 'tutorial_taskflow_api_virtualenv' retrieved from /home/anhtupham99/miniforge3/envs/nba/lib/python3.11/site-packages/airflow/example_dags/tutorial_taskflow_api_virtualenv.py
[2025-01-30T03:08:23.837+0800] {logging_mixin.py:190} INFO - [2025-01-30T03:08:23.836+0800] {dag.py:3239} INFO - Sync 1 DAGs
[2025-01-30T03:08:23.845+0800] {logging_mixin.py:190} INFO - [2025-01-30T03:08:23.845+0800] {dag.py:4180} INFO - Setting next_dagrun for tutorial_taskflow_api_virtualenv to None, run_after=None
[2025-01-30T03:08:23.867+0800] {processor.py:208} INFO - Processing /home/anhtupham99/miniforge3/envs/nba/lib/python3.11/site-packages/airflow/example_dags/tutorial_taskflow_api_virtualenv.py took 0.058 seconds
[2025-01-30T03:09:10.612+0800] {processor.py:186} INFO - Started process (PID=26517) to work on /home/anhtupham99/miniforge3/envs/nba/lib/python3.11/site-packages/airflow/example_dags/tutorial_taskflow_api_virtualenv.py
[2025-01-30T03:09:10.613+0800] {processor.py:914} INFO - Processing file /home/anhtupham99/miniforge3/envs/nba/lib/python3.11/site-packages/airflow/example_dags/tutorial_taskflow_api_virtualenv.py for tasks to queue
[2025-01-30T03:09:10.615+0800] {logging_mixin.py:190} INFO - [2025-01-30T03:09:10.614+0800] {dagbag.py:588} INFO - Filling up the DagBag from /home/anhtupham99/miniforge3/envs/nba/lib/python3.11/site-packages/airflow/example_dags/tutorial_taskflow_api_virtualenv.py
[2025-01-30T03:09:10.625+0800] {processor.py:925} INFO - DAG(s) 'tutorial_taskflow_api_virtualenv' retrieved from /home/anhtupham99/miniforge3/envs/nba/lib/python3.11/site-packages/airflow/example_dags/tutorial_taskflow_api_virtualenv.py
[2025-01-30T03:09:10.636+0800] {logging_mixin.py:190} INFO - [2025-01-30T03:09:10.636+0800] {dag.py:3239} INFO - Sync 1 DAGs
[2025-01-30T03:09:10.645+0800] {logging_mixin.py:190} INFO - [2025-01-30T03:09:10.645+0800] {dag.py:4180} INFO - Setting next_dagrun for tutorial_taskflow_api_virtualenv to None, run_after=None
[2025-01-30T03:09:10.668+0800] {processor.py:208} INFO - Processing /home/anhtupham99/miniforge3/envs/nba/lib/python3.11/site-packages/airflow/example_dags/tutorial_taskflow_api_virtualenv.py took 0.061 seconds
[2025-01-30T06:11:47.686+0800] {processor.py:186} INFO - Started process (PID=26980) to work on /home/anhtupham99/miniforge3/envs/nba/lib/python3.11/site-packages/airflow/example_dags/tutorial_taskflow_api_virtualenv.py
[2025-01-30T06:11:47.688+0800] {processor.py:914} INFO - Processing file /home/anhtupham99/miniforge3/envs/nba/lib/python3.11/site-packages/airflow/example_dags/tutorial_taskflow_api_virtualenv.py for tasks to queue
[2025-01-30T06:11:47.690+0800] {logging_mixin.py:190} INFO - [2025-01-30T06:11:47.690+0800] {dagbag.py:588} INFO - Filling up the DagBag from /home/anhtupham99/miniforge3/envs/nba/lib/python3.11/site-packages/airflow/example_dags/tutorial_taskflow_api_virtualenv.py
[2025-01-30T06:11:47.700+0800] {processor.py:925} INFO - DAG(s) 'tutorial_taskflow_api_virtualenv' retrieved from /home/anhtupham99/miniforge3/envs/nba/lib/python3.11/site-packages/airflow/example_dags/tutorial_taskflow_api_virtualenv.py
[2025-01-30T06:11:47.710+0800] {logging_mixin.py:190} INFO - [2025-01-30T06:11:47.710+0800] {dag.py:3239} INFO - Sync 1 DAGs
[2025-01-30T06:11:47.719+0800] {logging_mixin.py:190} INFO - [2025-01-30T06:11:47.718+0800] {dag.py:4180} INFO - Setting next_dagrun for tutorial_taskflow_api_virtualenv to None, run_after=None
[2025-01-30T06:11:47.747+0800] {processor.py:208} INFO - Processing /home/anhtupham99/miniforge3/envs/nba/lib/python3.11/site-packages/airflow/example_dags/tutorial_taskflow_api_virtualenv.py took 0.068 seconds
[2025-01-30T06:12:39.772+0800] {processor.py:186} INFO - Started process (PID=27275) to work on /home/anhtupham99/miniforge3/envs/nba/lib/python3.11/site-packages/airflow/example_dags/tutorial_taskflow_api_virtualenv.py
[2025-01-30T06:12:39.774+0800] {processor.py:914} INFO - Processing file /home/anhtupham99/miniforge3/envs/nba/lib/python3.11/site-packages/airflow/example_dags/tutorial_taskflow_api_virtualenv.py for tasks to queue
[2025-01-30T06:12:39.777+0800] {logging_mixin.py:190} INFO - [2025-01-30T06:12:39.776+0800] {dagbag.py:588} INFO - Filling up the DagBag from /home/anhtupham99/miniforge3/envs/nba/lib/python3.11/site-packages/airflow/example_dags/tutorial_taskflow_api_virtualenv.py
[2025-01-30T06:12:39.790+0800] {processor.py:925} INFO - DAG(s) 'tutorial_taskflow_api_virtualenv' retrieved from /home/anhtupham99/miniforge3/envs/nba/lib/python3.11/site-packages/airflow/example_dags/tutorial_taskflow_api_virtualenv.py
[2025-01-30T06:12:39.805+0800] {logging_mixin.py:190} INFO - [2025-01-30T06:12:39.804+0800] {dag.py:3239} INFO - Sync 1 DAGs
[2025-01-30T06:12:39.816+0800] {logging_mixin.py:190} INFO - [2025-01-30T06:12:39.815+0800] {dag.py:4180} INFO - Setting next_dagrun for tutorial_taskflow_api_virtualenv to None, run_after=None
[2025-01-30T06:12:39.859+0800] {processor.py:208} INFO - Processing /home/anhtupham99/miniforge3/envs/nba/lib/python3.11/site-packages/airflow/example_dags/tutorial_taskflow_api_virtualenv.py took 0.093 seconds
[2025-01-30T06:13:34.177+0800] {processor.py:186} INFO - Started process (PID=27613) to work on /home/anhtupham99/miniforge3/envs/nba/lib/python3.11/site-packages/airflow/example_dags/tutorial_taskflow_api_virtualenv.py
[2025-01-30T06:13:34.179+0800] {processor.py:914} INFO - Processing file /home/anhtupham99/miniforge3/envs/nba/lib/python3.11/site-packages/airflow/example_dags/tutorial_taskflow_api_virtualenv.py for tasks to queue
[2025-01-30T06:13:34.181+0800] {logging_mixin.py:190} INFO - [2025-01-30T06:13:34.181+0800] {dagbag.py:588} INFO - Filling up the DagBag from /home/anhtupham99/miniforge3/envs/nba/lib/python3.11/site-packages/airflow/example_dags/tutorial_taskflow_api_virtualenv.py
[2025-01-30T06:13:34.192+0800] {processor.py:925} INFO - DAG(s) 'tutorial_taskflow_api_virtualenv' retrieved from /home/anhtupham99/miniforge3/envs/nba/lib/python3.11/site-packages/airflow/example_dags/tutorial_taskflow_api_virtualenv.py
[2025-01-30T06:13:34.206+0800] {logging_mixin.py:190} INFO - [2025-01-30T06:13:34.206+0800] {dag.py:3239} INFO - Sync 1 DAGs
[2025-01-30T06:13:34.216+0800] {logging_mixin.py:190} INFO - [2025-01-30T06:13:34.215+0800] {dag.py:4180} INFO - Setting next_dagrun for tutorial_taskflow_api_virtualenv to None, run_after=None
[2025-01-30T06:13:34.240+0800] {processor.py:208} INFO - Processing /home/anhtupham99/miniforge3/envs/nba/lib/python3.11/site-packages/airflow/example_dags/tutorial_taskflow_api_virtualenv.py took 0.069 seconds
