[2025-01-30T02:35:29.163+0800] {processor.py:186} INFO - Started process (PID=14641) to work on /home/anhtupham99/miniforge3/envs/nba/lib/python3.11/site-packages/airflow/example_dags/tutorial_objectstorage.py
[2025-01-30T02:35:29.165+0800] {processor.py:914} INFO - Processing file /home/anhtupham99/miniforge3/envs/nba/lib/python3.11/site-packages/airflow/example_dags/tutorial_objectstorage.py for tasks to queue
[2025-01-30T02:35:29.171+0800] {logging_mixin.py:190} INFO - [2025-01-30T02:35:29.170+0800] {dagbag.py:588} INFO - Filling up the DagBag from /home/anhtupham99/miniforge3/envs/nba/lib/python3.11/site-packages/airflow/example_dags/tutorial_objectstorage.py
[2025-01-30T02:35:29.185+0800] {processor.py:925} INFO - DAG(s) 'tutorial_objectstorage' retrieved from /home/anhtupham99/miniforge3/envs/nba/lib/python3.11/site-packages/airflow/example_dags/tutorial_objectstorage.py
[2025-01-30T02:35:29.275+0800] {logging_mixin.py:190} INFO - [2025-01-30T02:35:29.274+0800] {override.py:1911} INFO - Created Permission View: can delete on DAG:tutorial_objectstorage
[2025-01-30T02:35:29.297+0800] {logging_mixin.py:190} INFO - [2025-01-30T02:35:29.297+0800] {override.py:1911} INFO - Created Permission View: can read on DAG:tutorial_objectstorage
[2025-01-30T02:35:29.310+0800] {logging_mixin.py:190} INFO - [2025-01-30T02:35:29.310+0800] {override.py:1911} INFO - Created Permission View: can edit on DAG:tutorial_objectstorage
[2025-01-30T02:35:29.336+0800] {logging_mixin.py:190} INFO - [2025-01-30T02:35:29.336+0800] {override.py:1911} INFO - Created Permission View: can delete on DAG Run:tutorial_objectstorage
[2025-01-30T02:35:29.350+0800] {logging_mixin.py:190} INFO - [2025-01-30T02:35:29.350+0800] {override.py:1911} INFO - Created Permission View: can create on DAG Run:tutorial_objectstorage
[2025-01-30T02:35:29.365+0800] {logging_mixin.py:190} INFO - [2025-01-30T02:35:29.365+0800] {override.py:1911} INFO - Created Permission View: menu access on DAG Run:tutorial_objectstorage
[2025-01-30T02:35:29.379+0800] {logging_mixin.py:190} INFO - [2025-01-30T02:35:29.378+0800] {override.py:1911} INFO - Created Permission View: can read on DAG Run:tutorial_objectstorage
[2025-01-30T02:35:29.379+0800] {logging_mixin.py:190} INFO - [2025-01-30T02:35:29.379+0800] {dag.py:3239} INFO - Sync 1 DAGs
[2025-01-30T02:35:29.386+0800] {logging_mixin.py:190} INFO - [2025-01-30T02:35:29.386+0800] {dag.py:3262} INFO - Creating ORM DAG for tutorial_objectstorage
[2025-01-30T02:35:29.387+0800] {logging_mixin.py:190} INFO - [2025-01-30T02:35:29.387+0800] {dag.py:4180} INFO - Setting next_dagrun for tutorial_objectstorage to None, run_after=None
[2025-01-30T02:35:29.411+0800] {processor.py:208} INFO - Processing /home/anhtupham99/miniforge3/envs/nba/lib/python3.11/site-packages/airflow/example_dags/tutorial_objectstorage.py took 0.264 seconds
[2025-01-30T02:36:34.025+0800] {processor.py:186} INFO - Started process (PID=15024) to work on /home/anhtupham99/miniforge3/envs/nba/lib/python3.11/site-packages/airflow/example_dags/tutorial_objectstorage.py
[2025-01-30T02:36:34.027+0800] {processor.py:914} INFO - Processing file /home/anhtupham99/miniforge3/envs/nba/lib/python3.11/site-packages/airflow/example_dags/tutorial_objectstorage.py for tasks to queue
[2025-01-30T02:36:34.030+0800] {logging_mixin.py:190} INFO - [2025-01-30T02:36:34.030+0800] {dagbag.py:588} INFO - Filling up the DagBag from /home/anhtupham99/miniforge3/envs/nba/lib/python3.11/site-packages/airflow/example_dags/tutorial_objectstorage.py
[2025-01-30T02:36:34.045+0800] {processor.py:925} INFO - DAG(s) 'tutorial_objectstorage' retrieved from /home/anhtupham99/miniforge3/envs/nba/lib/python3.11/site-packages/airflow/example_dags/tutorial_objectstorage.py
[2025-01-30T02:36:34.064+0800] {logging_mixin.py:190} INFO - [2025-01-30T02:36:34.064+0800] {dag.py:3239} INFO - Sync 1 DAGs
[2025-01-30T02:36:34.072+0800] {logging_mixin.py:190} INFO - [2025-01-30T02:36:34.072+0800] {dag.py:4180} INFO - Setting next_dagrun for tutorial_objectstorage to None, run_after=None
[2025-01-30T02:36:34.098+0800] {processor.py:208} INFO - Processing /home/anhtupham99/miniforge3/envs/nba/lib/python3.11/site-packages/airflow/example_dags/tutorial_objectstorage.py took 0.088 seconds
[2025-01-30T02:48:29.910+0800] {processor.py:186} INFO - Started process (PID=19213) to work on /home/anhtupham99/miniforge3/envs/nba/lib/python3.11/site-packages/airflow/example_dags/tutorial_objectstorage.py
[2025-01-30T02:48:29.913+0800] {processor.py:914} INFO - Processing file /home/anhtupham99/miniforge3/envs/nba/lib/python3.11/site-packages/airflow/example_dags/tutorial_objectstorage.py for tasks to queue
[2025-01-30T02:48:29.918+0800] {logging_mixin.py:190} INFO - [2025-01-30T02:48:29.917+0800] {dagbag.py:588} INFO - Filling up the DagBag from /home/anhtupham99/miniforge3/envs/nba/lib/python3.11/site-packages/airflow/example_dags/tutorial_objectstorage.py
[2025-01-30T02:48:29.930+0800] {processor.py:925} INFO - DAG(s) 'tutorial_objectstorage' retrieved from /home/anhtupham99/miniforge3/envs/nba/lib/python3.11/site-packages/airflow/example_dags/tutorial_objectstorage.py
[2025-01-30T02:48:29.940+0800] {logging_mixin.py:190} INFO - [2025-01-30T02:48:29.940+0800] {dag.py:3239} INFO - Sync 1 DAGs
[2025-01-30T02:48:29.949+0800] {logging_mixin.py:190} INFO - [2025-01-30T02:48:29.949+0800] {dag.py:4180} INFO - Setting next_dagrun for tutorial_objectstorage to None, run_after=None
[2025-01-30T02:48:29.975+0800] {processor.py:208} INFO - Processing /home/anhtupham99/miniforge3/envs/nba/lib/python3.11/site-packages/airflow/example_dags/tutorial_objectstorage.py took 0.078 seconds
[2025-01-30T02:49:26.459+0800] {processor.py:186} INFO - Started process (PID=19525) to work on /home/anhtupham99/miniforge3/envs/nba/lib/python3.11/site-packages/airflow/example_dags/tutorial_objectstorage.py
[2025-01-30T02:49:26.462+0800] {processor.py:914} INFO - Processing file /home/anhtupham99/miniforge3/envs/nba/lib/python3.11/site-packages/airflow/example_dags/tutorial_objectstorage.py for tasks to queue
[2025-01-30T02:49:26.465+0800] {logging_mixin.py:190} INFO - [2025-01-30T02:49:26.465+0800] {dagbag.py:588} INFO - Filling up the DagBag from /home/anhtupham99/miniforge3/envs/nba/lib/python3.11/site-packages/airflow/example_dags/tutorial_objectstorage.py
[2025-01-30T02:49:26.484+0800] {processor.py:925} INFO - DAG(s) 'tutorial_objectstorage' retrieved from /home/anhtupham99/miniforge3/envs/nba/lib/python3.11/site-packages/airflow/example_dags/tutorial_objectstorage.py
[2025-01-30T02:49:26.508+0800] {logging_mixin.py:190} INFO - [2025-01-30T02:49:26.508+0800] {dag.py:3239} INFO - Sync 1 DAGs
[2025-01-30T02:49:26.525+0800] {logging_mixin.py:190} INFO - [2025-01-30T02:49:26.524+0800] {dag.py:4180} INFO - Setting next_dagrun for tutorial_objectstorage to None, run_after=None
[2025-01-30T02:49:26.553+0800] {processor.py:208} INFO - Processing /home/anhtupham99/miniforge3/envs/nba/lib/python3.11/site-packages/airflow/example_dags/tutorial_objectstorage.py took 0.109 seconds
[2025-01-30T02:50:22.801+0800] {processor.py:186} INFO - Started process (PID=19867) to work on /home/anhtupham99/miniforge3/envs/nba/lib/python3.11/site-packages/airflow/example_dags/tutorial_objectstorage.py
[2025-01-30T02:50:22.804+0800] {processor.py:914} INFO - Processing file /home/anhtupham99/miniforge3/envs/nba/lib/python3.11/site-packages/airflow/example_dags/tutorial_objectstorage.py for tasks to queue
[2025-01-30T02:50:22.810+0800] {logging_mixin.py:190} INFO - [2025-01-30T02:50:22.809+0800] {dagbag.py:588} INFO - Filling up the DagBag from /home/anhtupham99/miniforge3/envs/nba/lib/python3.11/site-packages/airflow/example_dags/tutorial_objectstorage.py
[2025-01-30T02:50:22.834+0800] {processor.py:925} INFO - DAG(s) 'tutorial_objectstorage' retrieved from /home/anhtupham99/miniforge3/envs/nba/lib/python3.11/site-packages/airflow/example_dags/tutorial_objectstorage.py
[2025-01-30T02:50:22.848+0800] {logging_mixin.py:190} INFO - [2025-01-30T02:50:22.848+0800] {dag.py:3239} INFO - Sync 1 DAGs
[2025-01-30T02:50:22.855+0800] {logging_mixin.py:190} INFO - [2025-01-30T02:50:22.855+0800] {dag.py:4180} INFO - Setting next_dagrun for tutorial_objectstorage to None, run_after=None
[2025-01-30T02:50:22.899+0800] {processor.py:208} INFO - Processing /home/anhtupham99/miniforge3/envs/nba/lib/python3.11/site-packages/airflow/example_dags/tutorial_objectstorage.py took 0.113 seconds
[2025-01-30T02:51:18.962+0800] {processor.py:186} INFO - Started process (PID=20187) to work on /home/anhtupham99/miniforge3/envs/nba/lib/python3.11/site-packages/airflow/example_dags/tutorial_objectstorage.py
[2025-01-30T02:51:18.967+0800] {processor.py:914} INFO - Processing file /home/anhtupham99/miniforge3/envs/nba/lib/python3.11/site-packages/airflow/example_dags/tutorial_objectstorage.py for tasks to queue
[2025-01-30T02:51:18.971+0800] {logging_mixin.py:190} INFO - [2025-01-30T02:51:18.971+0800] {dagbag.py:588} INFO - Filling up the DagBag from /home/anhtupham99/miniforge3/envs/nba/lib/python3.11/site-packages/airflow/example_dags/tutorial_objectstorage.py
[2025-01-30T02:51:18.988+0800] {processor.py:925} INFO - DAG(s) 'tutorial_objectstorage' retrieved from /home/anhtupham99/miniforge3/envs/nba/lib/python3.11/site-packages/airflow/example_dags/tutorial_objectstorage.py
[2025-01-30T02:51:18.997+0800] {logging_mixin.py:190} INFO - [2025-01-30T02:51:18.997+0800] {dag.py:3239} INFO - Sync 1 DAGs
[2025-01-30T02:51:19.005+0800] {logging_mixin.py:190} INFO - [2025-01-30T02:51:19.005+0800] {dag.py:4180} INFO - Setting next_dagrun for tutorial_objectstorage to None, run_after=None
[2025-01-30T02:51:19.030+0800] {processor.py:208} INFO - Processing /home/anhtupham99/miniforge3/envs/nba/lib/python3.11/site-packages/airflow/example_dags/tutorial_objectstorage.py took 0.082 seconds
[2025-01-30T02:52:11.281+0800] {processor.py:186} INFO - Started process (PID=20477) to work on /home/anhtupham99/miniforge3/envs/nba/lib/python3.11/site-packages/airflow/example_dags/tutorial_objectstorage.py
[2025-01-30T02:52:11.283+0800] {processor.py:914} INFO - Processing file /home/anhtupham99/miniforge3/envs/nba/lib/python3.11/site-packages/airflow/example_dags/tutorial_objectstorage.py for tasks to queue
[2025-01-30T02:52:11.286+0800] {logging_mixin.py:190} INFO - [2025-01-30T02:52:11.285+0800] {dagbag.py:588} INFO - Filling up the DagBag from /home/anhtupham99/miniforge3/envs/nba/lib/python3.11/site-packages/airflow/example_dags/tutorial_objectstorage.py
[2025-01-30T02:52:11.298+0800] {processor.py:925} INFO - DAG(s) 'tutorial_objectstorage' retrieved from /home/anhtupham99/miniforge3/envs/nba/lib/python3.11/site-packages/airflow/example_dags/tutorial_objectstorage.py
[2025-01-30T02:52:11.311+0800] {logging_mixin.py:190} INFO - [2025-01-30T02:52:11.311+0800] {dag.py:3239} INFO - Sync 1 DAGs
[2025-01-30T02:52:11.320+0800] {logging_mixin.py:190} INFO - [2025-01-30T02:52:11.319+0800] {dag.py:4180} INFO - Setting next_dagrun for tutorial_objectstorage to None, run_after=None
[2025-01-30T02:52:11.349+0800] {processor.py:208} INFO - Processing /home/anhtupham99/miniforge3/envs/nba/lib/python3.11/site-packages/airflow/example_dags/tutorial_objectstorage.py took 0.075 seconds
[2025-01-30T02:53:03.111+0800] {processor.py:186} INFO - Started process (PID=20800) to work on /home/anhtupham99/miniforge3/envs/nba/lib/python3.11/site-packages/airflow/example_dags/tutorial_objectstorage.py
[2025-01-30T02:53:03.114+0800] {processor.py:914} INFO - Processing file /home/anhtupham99/miniforge3/envs/nba/lib/python3.11/site-packages/airflow/example_dags/tutorial_objectstorage.py for tasks to queue
[2025-01-30T02:53:03.117+0800] {logging_mixin.py:190} INFO - [2025-01-30T02:53:03.117+0800] {dagbag.py:588} INFO - Filling up the DagBag from /home/anhtupham99/miniforge3/envs/nba/lib/python3.11/site-packages/airflow/example_dags/tutorial_objectstorage.py
[2025-01-30T02:53:03.133+0800] {processor.py:925} INFO - DAG(s) 'tutorial_objectstorage' retrieved from /home/anhtupham99/miniforge3/envs/nba/lib/python3.11/site-packages/airflow/example_dags/tutorial_objectstorage.py
[2025-01-30T02:53:03.147+0800] {logging_mixin.py:190} INFO - [2025-01-30T02:53:03.146+0800] {dag.py:3239} INFO - Sync 1 DAGs
[2025-01-30T02:53:03.154+0800] {logging_mixin.py:190} INFO - [2025-01-30T02:53:03.154+0800] {dag.py:4180} INFO - Setting next_dagrun for tutorial_objectstorage to None, run_after=None
[2025-01-30T02:53:03.180+0800] {processor.py:208} INFO - Processing /home/anhtupham99/miniforge3/envs/nba/lib/python3.11/site-packages/airflow/example_dags/tutorial_objectstorage.py took 0.083 seconds
[2025-01-30T02:53:56.669+0800] {processor.py:186} INFO - Started process (PID=21108) to work on /home/anhtupham99/miniforge3/envs/nba/lib/python3.11/site-packages/airflow/example_dags/tutorial_objectstorage.py
[2025-01-30T02:53:56.670+0800] {processor.py:914} INFO - Processing file /home/anhtupham99/miniforge3/envs/nba/lib/python3.11/site-packages/airflow/example_dags/tutorial_objectstorage.py for tasks to queue
[2025-01-30T02:53:56.672+0800] {logging_mixin.py:190} INFO - [2025-01-30T02:53:56.672+0800] {dagbag.py:588} INFO - Filling up the DagBag from /home/anhtupham99/miniforge3/envs/nba/lib/python3.11/site-packages/airflow/example_dags/tutorial_objectstorage.py
[2025-01-30T02:53:56.679+0800] {processor.py:925} INFO - DAG(s) 'tutorial_objectstorage' retrieved from /home/anhtupham99/miniforge3/envs/nba/lib/python3.11/site-packages/airflow/example_dags/tutorial_objectstorage.py
[2025-01-30T02:53:56.689+0800] {logging_mixin.py:190} INFO - [2025-01-30T02:53:56.688+0800] {dag.py:3239} INFO - Sync 1 DAGs
[2025-01-30T02:53:56.697+0800] {logging_mixin.py:190} INFO - [2025-01-30T02:53:56.697+0800] {dag.py:4180} INFO - Setting next_dagrun for tutorial_objectstorage to None, run_after=None
[2025-01-30T02:53:56.722+0800] {processor.py:208} INFO - Processing /home/anhtupham99/miniforge3/envs/nba/lib/python3.11/site-packages/airflow/example_dags/tutorial_objectstorage.py took 0.058 seconds
[2025-01-30T02:54:47.014+0800] {processor.py:186} INFO - Started process (PID=21388) to work on /home/anhtupham99/miniforge3/envs/nba/lib/python3.11/site-packages/airflow/example_dags/tutorial_objectstorage.py
[2025-01-30T02:54:47.015+0800] {processor.py:914} INFO - Processing file /home/anhtupham99/miniforge3/envs/nba/lib/python3.11/site-packages/airflow/example_dags/tutorial_objectstorage.py for tasks to queue
[2025-01-30T02:54:47.017+0800] {logging_mixin.py:190} INFO - [2025-01-30T02:54:47.016+0800] {dagbag.py:588} INFO - Filling up the DagBag from /home/anhtupham99/miniforge3/envs/nba/lib/python3.11/site-packages/airflow/example_dags/tutorial_objectstorage.py
[2025-01-30T02:54:47.024+0800] {processor.py:925} INFO - DAG(s) 'tutorial_objectstorage' retrieved from /home/anhtupham99/miniforge3/envs/nba/lib/python3.11/site-packages/airflow/example_dags/tutorial_objectstorage.py
[2025-01-30T02:54:47.034+0800] {logging_mixin.py:190} INFO - [2025-01-30T02:54:47.034+0800] {dag.py:3239} INFO - Sync 1 DAGs
[2025-01-30T02:54:47.042+0800] {logging_mixin.py:190} INFO - [2025-01-30T02:54:47.042+0800] {dag.py:4180} INFO - Setting next_dagrun for tutorial_objectstorage to None, run_after=None
[2025-01-30T02:54:47.066+0800] {processor.py:208} INFO - Processing /home/anhtupham99/miniforge3/envs/nba/lib/python3.11/site-packages/airflow/example_dags/tutorial_objectstorage.py took 0.057 seconds
[2025-01-30T02:55:36.732+0800] {processor.py:186} INFO - Started process (PID=21695) to work on /home/anhtupham99/miniforge3/envs/nba/lib/python3.11/site-packages/airflow/example_dags/tutorial_objectstorage.py
[2025-01-30T02:55:36.733+0800] {processor.py:914} INFO - Processing file /home/anhtupham99/miniforge3/envs/nba/lib/python3.11/site-packages/airflow/example_dags/tutorial_objectstorage.py for tasks to queue
[2025-01-30T02:55:36.735+0800] {logging_mixin.py:190} INFO - [2025-01-30T02:55:36.735+0800] {dagbag.py:588} INFO - Filling up the DagBag from /home/anhtupham99/miniforge3/envs/nba/lib/python3.11/site-packages/airflow/example_dags/tutorial_objectstorage.py
[2025-01-30T02:55:36.742+0800] {processor.py:925} INFO - DAG(s) 'tutorial_objectstorage' retrieved from /home/anhtupham99/miniforge3/envs/nba/lib/python3.11/site-packages/airflow/example_dags/tutorial_objectstorage.py
[2025-01-30T02:55:36.751+0800] {logging_mixin.py:190} INFO - [2025-01-30T02:55:36.751+0800] {dag.py:3239} INFO - Sync 1 DAGs
[2025-01-30T02:55:36.759+0800] {logging_mixin.py:190} INFO - [2025-01-30T02:55:36.759+0800] {dag.py:4180} INFO - Setting next_dagrun for tutorial_objectstorage to None, run_after=None
[2025-01-30T02:55:36.782+0800] {processor.py:208} INFO - Processing /home/anhtupham99/miniforge3/envs/nba/lib/python3.11/site-packages/airflow/example_dags/tutorial_objectstorage.py took 0.054 seconds
[2025-01-30T02:56:25.714+0800] {processor.py:186} INFO - Started process (PID=21967) to work on /home/anhtupham99/miniforge3/envs/nba/lib/python3.11/site-packages/airflow/example_dags/tutorial_objectstorage.py
[2025-01-30T02:56:25.718+0800] {processor.py:914} INFO - Processing file /home/anhtupham99/miniforge3/envs/nba/lib/python3.11/site-packages/airflow/example_dags/tutorial_objectstorage.py for tasks to queue
[2025-01-30T02:56:25.719+0800] {logging_mixin.py:190} INFO - [2025-01-30T02:56:25.719+0800] {dagbag.py:588} INFO - Filling up the DagBag from /home/anhtupham99/miniforge3/envs/nba/lib/python3.11/site-packages/airflow/example_dags/tutorial_objectstorage.py
[2025-01-30T02:56:25.726+0800] {processor.py:925} INFO - DAG(s) 'tutorial_objectstorage' retrieved from /home/anhtupham99/miniforge3/envs/nba/lib/python3.11/site-packages/airflow/example_dags/tutorial_objectstorage.py
[2025-01-30T02:56:25.736+0800] {logging_mixin.py:190} INFO - [2025-01-30T02:56:25.736+0800] {dag.py:3239} INFO - Sync 1 DAGs
[2025-01-30T02:56:25.744+0800] {logging_mixin.py:190} INFO - [2025-01-30T02:56:25.744+0800] {dag.py:4180} INFO - Setting next_dagrun for tutorial_objectstorage to None, run_after=None
[2025-01-30T02:56:25.767+0800] {processor.py:208} INFO - Processing /home/anhtupham99/miniforge3/envs/nba/lib/python3.11/site-packages/airflow/example_dags/tutorial_objectstorage.py took 0.057 seconds
[2025-01-30T02:57:12.273+0800] {processor.py:186} INFO - Started process (PID=22235) to work on /home/anhtupham99/miniforge3/envs/nba/lib/python3.11/site-packages/airflow/example_dags/tutorial_objectstorage.py
[2025-01-30T02:57:12.277+0800] {processor.py:914} INFO - Processing file /home/anhtupham99/miniforge3/envs/nba/lib/python3.11/site-packages/airflow/example_dags/tutorial_objectstorage.py for tasks to queue
[2025-01-30T02:57:12.278+0800] {logging_mixin.py:190} INFO - [2025-01-30T02:57:12.278+0800] {dagbag.py:588} INFO - Filling up the DagBag from /home/anhtupham99/miniforge3/envs/nba/lib/python3.11/site-packages/airflow/example_dags/tutorial_objectstorage.py
[2025-01-30T02:57:12.286+0800] {processor.py:925} INFO - DAG(s) 'tutorial_objectstorage' retrieved from /home/anhtupham99/miniforge3/envs/nba/lib/python3.11/site-packages/airflow/example_dags/tutorial_objectstorage.py
[2025-01-30T02:57:12.296+0800] {logging_mixin.py:190} INFO - [2025-01-30T02:57:12.296+0800] {dag.py:3239} INFO - Sync 1 DAGs
[2025-01-30T02:57:12.304+0800] {logging_mixin.py:190} INFO - [2025-01-30T02:57:12.304+0800] {dag.py:4180} INFO - Setting next_dagrun for tutorial_objectstorage to None, run_after=None
[2025-01-30T02:57:12.333+0800] {processor.py:208} INFO - Processing /home/anhtupham99/miniforge3/envs/nba/lib/python3.11/site-packages/airflow/example_dags/tutorial_objectstorage.py took 0.064 seconds
[2025-01-30T02:58:00.525+0800] {processor.py:186} INFO - Started process (PID=22564) to work on /home/anhtupham99/miniforge3/envs/nba/lib/python3.11/site-packages/airflow/example_dags/tutorial_objectstorage.py
[2025-01-30T02:58:00.529+0800] {processor.py:914} INFO - Processing file /home/anhtupham99/miniforge3/envs/nba/lib/python3.11/site-packages/airflow/example_dags/tutorial_objectstorage.py for tasks to queue
[2025-01-30T02:58:00.531+0800] {logging_mixin.py:190} INFO - [2025-01-30T02:58:00.531+0800] {dagbag.py:588} INFO - Filling up the DagBag from /home/anhtupham99/miniforge3/envs/nba/lib/python3.11/site-packages/airflow/example_dags/tutorial_objectstorage.py
[2025-01-30T02:58:00.538+0800] {processor.py:925} INFO - DAG(s) 'tutorial_objectstorage' retrieved from /home/anhtupham99/miniforge3/envs/nba/lib/python3.11/site-packages/airflow/example_dags/tutorial_objectstorage.py
[2025-01-30T02:58:00.548+0800] {logging_mixin.py:190} INFO - [2025-01-30T02:58:00.548+0800] {dag.py:3239} INFO - Sync 1 DAGs
[2025-01-30T02:58:00.557+0800] {logging_mixin.py:190} INFO - [2025-01-30T02:58:00.557+0800] {dag.py:4180} INFO - Setting next_dagrun for tutorial_objectstorage to None, run_after=None
[2025-01-30T02:58:00.585+0800] {processor.py:208} INFO - Processing /home/anhtupham99/miniforge3/envs/nba/lib/python3.11/site-packages/airflow/example_dags/tutorial_objectstorage.py took 0.064 seconds
[2025-01-30T02:58:50.640+0800] {processor.py:186} INFO - Started process (PID=22852) to work on /home/anhtupham99/miniforge3/envs/nba/lib/python3.11/site-packages/airflow/example_dags/tutorial_objectstorage.py
[2025-01-30T02:58:50.641+0800] {processor.py:914} INFO - Processing file /home/anhtupham99/miniforge3/envs/nba/lib/python3.11/site-packages/airflow/example_dags/tutorial_objectstorage.py for tasks to queue
[2025-01-30T02:58:50.642+0800] {logging_mixin.py:190} INFO - [2025-01-30T02:58:50.642+0800] {dagbag.py:588} INFO - Filling up the DagBag from /home/anhtupham99/miniforge3/envs/nba/lib/python3.11/site-packages/airflow/example_dags/tutorial_objectstorage.py
[2025-01-30T02:58:50.650+0800] {processor.py:925} INFO - DAG(s) 'tutorial_objectstorage' retrieved from /home/anhtupham99/miniforge3/envs/nba/lib/python3.11/site-packages/airflow/example_dags/tutorial_objectstorage.py
[2025-01-30T02:58:50.661+0800] {logging_mixin.py:190} INFO - [2025-01-30T02:58:50.661+0800] {dag.py:3239} INFO - Sync 1 DAGs
[2025-01-30T02:58:50.669+0800] {logging_mixin.py:190} INFO - [2025-01-30T02:58:50.669+0800] {dag.py:4180} INFO - Setting next_dagrun for tutorial_objectstorage to None, run_after=None
[2025-01-30T02:58:50.693+0800] {processor.py:208} INFO - Processing /home/anhtupham99/miniforge3/envs/nba/lib/python3.11/site-packages/airflow/example_dags/tutorial_objectstorage.py took 0.058 seconds
[2025-01-30T02:59:42.254+0800] {processor.py:186} INFO - Started process (PID=23143) to work on /home/anhtupham99/miniforge3/envs/nba/lib/python3.11/site-packages/airflow/example_dags/tutorial_objectstorage.py
[2025-01-30T02:59:42.255+0800] {processor.py:914} INFO - Processing file /home/anhtupham99/miniforge3/envs/nba/lib/python3.11/site-packages/airflow/example_dags/tutorial_objectstorage.py for tasks to queue
[2025-01-30T02:59:42.257+0800] {logging_mixin.py:190} INFO - [2025-01-30T02:59:42.257+0800] {dagbag.py:588} INFO - Filling up the DagBag from /home/anhtupham99/miniforge3/envs/nba/lib/python3.11/site-packages/airflow/example_dags/tutorial_objectstorage.py
[2025-01-30T02:59:42.264+0800] {processor.py:925} INFO - DAG(s) 'tutorial_objectstorage' retrieved from /home/anhtupham99/miniforge3/envs/nba/lib/python3.11/site-packages/airflow/example_dags/tutorial_objectstorage.py
[2025-01-30T02:59:42.274+0800] {logging_mixin.py:190} INFO - [2025-01-30T02:59:42.274+0800] {dag.py:3239} INFO - Sync 1 DAGs
[2025-01-30T02:59:42.283+0800] {logging_mixin.py:190} INFO - [2025-01-30T02:59:42.283+0800] {dag.py:4180} INFO - Setting next_dagrun for tutorial_objectstorage to None, run_after=None
[2025-01-30T02:59:42.305+0800] {processor.py:208} INFO - Processing /home/anhtupham99/miniforge3/envs/nba/lib/python3.11/site-packages/airflow/example_dags/tutorial_objectstorage.py took 0.056 seconds
[2025-01-30T03:00:31.510+0800] {processor.py:186} INFO - Started process (PID=23443) to work on /home/anhtupham99/miniforge3/envs/nba/lib/python3.11/site-packages/airflow/example_dags/tutorial_objectstorage.py
[2025-01-30T03:00:31.511+0800] {processor.py:914} INFO - Processing file /home/anhtupham99/miniforge3/envs/nba/lib/python3.11/site-packages/airflow/example_dags/tutorial_objectstorage.py for tasks to queue
[2025-01-30T03:00:31.513+0800] {logging_mixin.py:190} INFO - [2025-01-30T03:00:31.512+0800] {dagbag.py:588} INFO - Filling up the DagBag from /home/anhtupham99/miniforge3/envs/nba/lib/python3.11/site-packages/airflow/example_dags/tutorial_objectstorage.py
[2025-01-30T03:00:31.519+0800] {processor.py:925} INFO - DAG(s) 'tutorial_objectstorage' retrieved from /home/anhtupham99/miniforge3/envs/nba/lib/python3.11/site-packages/airflow/example_dags/tutorial_objectstorage.py
[2025-01-30T03:00:31.529+0800] {logging_mixin.py:190} INFO - [2025-01-30T03:00:31.529+0800] {dag.py:3239} INFO - Sync 1 DAGs
[2025-01-30T03:00:31.537+0800] {logging_mixin.py:190} INFO - [2025-01-30T03:00:31.537+0800] {dag.py:4180} INFO - Setting next_dagrun for tutorial_objectstorage to None, run_after=None
[2025-01-30T03:00:31.559+0800] {processor.py:208} INFO - Processing /home/anhtupham99/miniforge3/envs/nba/lib/python3.11/site-packages/airflow/example_dags/tutorial_objectstorage.py took 0.054 seconds
[2025-01-30T03:01:20.187+0800] {processor.py:186} INFO - Started process (PID=23715) to work on /home/anhtupham99/miniforge3/envs/nba/lib/python3.11/site-packages/airflow/example_dags/tutorial_objectstorage.py
[2025-01-30T03:01:20.191+0800] {processor.py:914} INFO - Processing file /home/anhtupham99/miniforge3/envs/nba/lib/python3.11/site-packages/airflow/example_dags/tutorial_objectstorage.py for tasks to queue
[2025-01-30T03:01:20.193+0800] {logging_mixin.py:190} INFO - [2025-01-30T03:01:20.193+0800] {dagbag.py:588} INFO - Filling up the DagBag from /home/anhtupham99/miniforge3/envs/nba/lib/python3.11/site-packages/airflow/example_dags/tutorial_objectstorage.py
[2025-01-30T03:01:20.200+0800] {processor.py:925} INFO - DAG(s) 'tutorial_objectstorage' retrieved from /home/anhtupham99/miniforge3/envs/nba/lib/python3.11/site-packages/airflow/example_dags/tutorial_objectstorage.py
[2025-01-30T03:01:20.209+0800] {logging_mixin.py:190} INFO - [2025-01-30T03:01:20.209+0800] {dag.py:3239} INFO - Sync 1 DAGs
[2025-01-30T03:01:20.217+0800] {logging_mixin.py:190} INFO - [2025-01-30T03:01:20.217+0800] {dag.py:4180} INFO - Setting next_dagrun for tutorial_objectstorage to None, run_after=None
[2025-01-30T03:01:20.240+0800] {processor.py:208} INFO - Processing /home/anhtupham99/miniforge3/envs/nba/lib/python3.11/site-packages/airflow/example_dags/tutorial_objectstorage.py took 0.057 seconds
[2025-01-30T03:02:28.898+0800] {processor.py:186} INFO - Started process (PID=24151) to work on /home/anhtupham99/miniforge3/envs/nba/lib/python3.11/site-packages/airflow/example_dags/tutorial_objectstorage.py
[2025-01-30T03:02:28.899+0800] {processor.py:914} INFO - Processing file /home/anhtupham99/miniforge3/envs/nba/lib/python3.11/site-packages/airflow/example_dags/tutorial_objectstorage.py for tasks to queue
[2025-01-30T03:02:28.901+0800] {logging_mixin.py:190} INFO - [2025-01-30T03:02:28.901+0800] {dagbag.py:588} INFO - Filling up the DagBag from /home/anhtupham99/miniforge3/envs/nba/lib/python3.11/site-packages/airflow/example_dags/tutorial_objectstorage.py
[2025-01-30T03:02:28.908+0800] {processor.py:925} INFO - DAG(s) 'tutorial_objectstorage' retrieved from /home/anhtupham99/miniforge3/envs/nba/lib/python3.11/site-packages/airflow/example_dags/tutorial_objectstorage.py
[2025-01-30T03:02:28.918+0800] {logging_mixin.py:190} INFO - [2025-01-30T03:02:28.918+0800] {dag.py:3239} INFO - Sync 1 DAGs
[2025-01-30T03:02:28.926+0800] {logging_mixin.py:190} INFO - [2025-01-30T03:02:28.926+0800] {dag.py:4180} INFO - Setting next_dagrun for tutorial_objectstorage to None, run_after=None
[2025-01-30T03:02:28.957+0800] {processor.py:208} INFO - Processing /home/anhtupham99/miniforge3/envs/nba/lib/python3.11/site-packages/airflow/example_dags/tutorial_objectstorage.py took 0.064 seconds
[2025-01-30T03:03:17.489+0800] {processor.py:186} INFO - Started process (PID=24422) to work on /home/anhtupham99/miniforge3/envs/nba/lib/python3.11/site-packages/airflow/example_dags/tutorial_objectstorage.py
[2025-01-30T03:03:17.491+0800] {processor.py:914} INFO - Processing file /home/anhtupham99/miniforge3/envs/nba/lib/python3.11/site-packages/airflow/example_dags/tutorial_objectstorage.py for tasks to queue
[2025-01-30T03:03:17.493+0800] {logging_mixin.py:190} INFO - [2025-01-30T03:03:17.493+0800] {dagbag.py:588} INFO - Filling up the DagBag from /home/anhtupham99/miniforge3/envs/nba/lib/python3.11/site-packages/airflow/example_dags/tutorial_objectstorage.py
[2025-01-30T03:03:17.502+0800] {processor.py:925} INFO - DAG(s) 'tutorial_objectstorage' retrieved from /home/anhtupham99/miniforge3/envs/nba/lib/python3.11/site-packages/airflow/example_dags/tutorial_objectstorage.py
[2025-01-30T03:03:17.513+0800] {logging_mixin.py:190} INFO - [2025-01-30T03:03:17.513+0800] {dag.py:3239} INFO - Sync 1 DAGs
[2025-01-30T03:03:17.527+0800] {logging_mixin.py:190} INFO - [2025-01-30T03:03:17.526+0800] {dag.py:4180} INFO - Setting next_dagrun for tutorial_objectstorage to None, run_after=None
[2025-01-30T03:03:17.553+0800] {processor.py:208} INFO - Processing /home/anhtupham99/miniforge3/envs/nba/lib/python3.11/site-packages/airflow/example_dags/tutorial_objectstorage.py took 0.069 seconds
[2025-01-30T03:04:05.539+0800] {processor.py:186} INFO - Started process (PID=24726) to work on /home/anhtupham99/miniforge3/envs/nba/lib/python3.11/site-packages/airflow/example_dags/tutorial_objectstorage.py
[2025-01-30T03:04:05.542+0800] {processor.py:914} INFO - Processing file /home/anhtupham99/miniforge3/envs/nba/lib/python3.11/site-packages/airflow/example_dags/tutorial_objectstorage.py for tasks to queue
[2025-01-30T03:04:05.543+0800] {logging_mixin.py:190} INFO - [2025-01-30T03:04:05.543+0800] {dagbag.py:588} INFO - Filling up the DagBag from /home/anhtupham99/miniforge3/envs/nba/lib/python3.11/site-packages/airflow/example_dags/tutorial_objectstorage.py
[2025-01-30T03:04:05.550+0800] {processor.py:925} INFO - DAG(s) 'tutorial_objectstorage' retrieved from /home/anhtupham99/miniforge3/envs/nba/lib/python3.11/site-packages/airflow/example_dags/tutorial_objectstorage.py
[2025-01-30T03:04:05.560+0800] {logging_mixin.py:190} INFO - [2025-01-30T03:04:05.559+0800] {dag.py:3239} INFO - Sync 1 DAGs
[2025-01-30T03:04:05.567+0800] {logging_mixin.py:190} INFO - [2025-01-30T03:04:05.567+0800] {dag.py:4180} INFO - Setting next_dagrun for tutorial_objectstorage to None, run_after=None
[2025-01-30T03:04:05.589+0800] {processor.py:208} INFO - Processing /home/anhtupham99/miniforge3/envs/nba/lib/python3.11/site-packages/airflow/example_dags/tutorial_objectstorage.py took 0.055 seconds
[2025-01-30T03:04:56.678+0800] {processor.py:186} INFO - Started process (PID=25034) to work on /home/anhtupham99/miniforge3/envs/nba/lib/python3.11/site-packages/airflow/example_dags/tutorial_objectstorage.py
[2025-01-30T03:04:56.682+0800] {processor.py:914} INFO - Processing file /home/anhtupham99/miniforge3/envs/nba/lib/python3.11/site-packages/airflow/example_dags/tutorial_objectstorage.py for tasks to queue
[2025-01-30T03:04:56.684+0800] {logging_mixin.py:190} INFO - [2025-01-30T03:04:56.684+0800] {dagbag.py:588} INFO - Filling up the DagBag from /home/anhtupham99/miniforge3/envs/nba/lib/python3.11/site-packages/airflow/example_dags/tutorial_objectstorage.py
[2025-01-30T03:04:56.691+0800] {processor.py:925} INFO - DAG(s) 'tutorial_objectstorage' retrieved from /home/anhtupham99/miniforge3/envs/nba/lib/python3.11/site-packages/airflow/example_dags/tutorial_objectstorage.py
[2025-01-30T03:04:56.700+0800] {logging_mixin.py:190} INFO - [2025-01-30T03:04:56.700+0800] {dag.py:3239} INFO - Sync 1 DAGs
[2025-01-30T03:04:56.708+0800] {logging_mixin.py:190} INFO - [2025-01-30T03:04:56.708+0800] {dag.py:4180} INFO - Setting next_dagrun for tutorial_objectstorage to None, run_after=None
[2025-01-30T03:04:56.896+0800] {processor.py:208} INFO - Processing /home/anhtupham99/miniforge3/envs/nba/lib/python3.11/site-packages/airflow/example_dags/tutorial_objectstorage.py took 0.222 seconds
[2025-01-30T03:05:46.926+0800] {processor.py:186} INFO - Started process (PID=25316) to work on /home/anhtupham99/miniforge3/envs/nba/lib/python3.11/site-packages/airflow/example_dags/tutorial_objectstorage.py
[2025-01-30T03:05:46.931+0800] {processor.py:914} INFO - Processing file /home/anhtupham99/miniforge3/envs/nba/lib/python3.11/site-packages/airflow/example_dags/tutorial_objectstorage.py for tasks to queue
[2025-01-30T03:05:46.933+0800] {logging_mixin.py:190} INFO - [2025-01-30T03:05:46.933+0800] {dagbag.py:588} INFO - Filling up the DagBag from /home/anhtupham99/miniforge3/envs/nba/lib/python3.11/site-packages/airflow/example_dags/tutorial_objectstorage.py
[2025-01-30T03:05:46.942+0800] {processor.py:925} INFO - DAG(s) 'tutorial_objectstorage' retrieved from /home/anhtupham99/miniforge3/envs/nba/lib/python3.11/site-packages/airflow/example_dags/tutorial_objectstorage.py
[2025-01-30T03:05:46.951+0800] {logging_mixin.py:190} INFO - [2025-01-30T03:05:46.951+0800] {dag.py:3239} INFO - Sync 1 DAGs
[2025-01-30T03:05:46.959+0800] {logging_mixin.py:190} INFO - [2025-01-30T03:05:46.959+0800] {dag.py:4180} INFO - Setting next_dagrun for tutorial_objectstorage to None, run_after=None
[2025-01-30T03:05:46.980+0800] {processor.py:208} INFO - Processing /home/anhtupham99/miniforge3/envs/nba/lib/python3.11/site-packages/airflow/example_dags/tutorial_objectstorage.py took 0.059 seconds
[2025-01-30T03:06:59.291+0800] {processor.py:186} INFO - Started process (PID=25761) to work on /home/anhtupham99/miniforge3/envs/nba/lib/python3.11/site-packages/airflow/example_dags/tutorial_objectstorage.py
[2025-01-30T03:06:59.295+0800] {processor.py:914} INFO - Processing file /home/anhtupham99/miniforge3/envs/nba/lib/python3.11/site-packages/airflow/example_dags/tutorial_objectstorage.py for tasks to queue
[2025-01-30T03:06:59.297+0800] {logging_mixin.py:190} INFO - [2025-01-30T03:06:59.296+0800] {dagbag.py:588} INFO - Filling up the DagBag from /home/anhtupham99/miniforge3/envs/nba/lib/python3.11/site-packages/airflow/example_dags/tutorial_objectstorage.py
[2025-01-30T03:06:59.306+0800] {processor.py:925} INFO - DAG(s) 'tutorial_objectstorage' retrieved from /home/anhtupham99/miniforge3/envs/nba/lib/python3.11/site-packages/airflow/example_dags/tutorial_objectstorage.py
[2025-01-30T03:06:59.319+0800] {logging_mixin.py:190} INFO - [2025-01-30T03:06:59.318+0800] {dag.py:3239} INFO - Sync 1 DAGs
[2025-01-30T03:06:59.329+0800] {logging_mixin.py:190} INFO - [2025-01-30T03:06:59.329+0800] {dag.py:4180} INFO - Setting next_dagrun for tutorial_objectstorage to None, run_after=None
[2025-01-30T03:06:59.354+0800] {processor.py:208} INFO - Processing /home/anhtupham99/miniforge3/envs/nba/lib/python3.11/site-packages/airflow/example_dags/tutorial_objectstorage.py took 0.069 seconds
[2025-01-30T03:07:49.418+0800] {processor.py:186} INFO - Started process (PID=26053) to work on /home/anhtupham99/miniforge3/envs/nba/lib/python3.11/site-packages/airflow/example_dags/tutorial_objectstorage.py
[2025-01-30T03:07:49.419+0800] {processor.py:914} INFO - Processing file /home/anhtupham99/miniforge3/envs/nba/lib/python3.11/site-packages/airflow/example_dags/tutorial_objectstorage.py for tasks to queue
[2025-01-30T03:07:49.421+0800] {logging_mixin.py:190} INFO - [2025-01-30T03:07:49.420+0800] {dagbag.py:588} INFO - Filling up the DagBag from /home/anhtupham99/miniforge3/envs/nba/lib/python3.11/site-packages/airflow/example_dags/tutorial_objectstorage.py
[2025-01-30T03:07:49.428+0800] {processor.py:925} INFO - DAG(s) 'tutorial_objectstorage' retrieved from /home/anhtupham99/miniforge3/envs/nba/lib/python3.11/site-packages/airflow/example_dags/tutorial_objectstorage.py
[2025-01-30T03:07:49.439+0800] {logging_mixin.py:190} INFO - [2025-01-30T03:07:49.439+0800] {dag.py:3239} INFO - Sync 1 DAGs
[2025-01-30T03:07:49.448+0800] {logging_mixin.py:190} INFO - [2025-01-30T03:07:49.448+0800] {dag.py:4180} INFO - Setting next_dagrun for tutorial_objectstorage to None, run_after=None
[2025-01-30T03:07:49.471+0800] {processor.py:208} INFO - Processing /home/anhtupham99/miniforge3/envs/nba/lib/python3.11/site-packages/airflow/example_dags/tutorial_objectstorage.py took 0.059 seconds
[2025-01-30T03:08:36.443+0800] {processor.py:186} INFO - Started process (PID=26323) to work on /home/anhtupham99/miniforge3/envs/nba/lib/python3.11/site-packages/airflow/example_dags/tutorial_objectstorage.py
[2025-01-30T03:08:36.444+0800] {processor.py:914} INFO - Processing file /home/anhtupham99/miniforge3/envs/nba/lib/python3.11/site-packages/airflow/example_dags/tutorial_objectstorage.py for tasks to queue
[2025-01-30T03:08:36.446+0800] {logging_mixin.py:190} INFO - [2025-01-30T03:08:36.446+0800] {dagbag.py:588} INFO - Filling up the DagBag from /home/anhtupham99/miniforge3/envs/nba/lib/python3.11/site-packages/airflow/example_dags/tutorial_objectstorage.py
[2025-01-30T03:08:36.453+0800] {processor.py:925} INFO - DAG(s) 'tutorial_objectstorage' retrieved from /home/anhtupham99/miniforge3/envs/nba/lib/python3.11/site-packages/airflow/example_dags/tutorial_objectstorage.py
[2025-01-30T03:08:36.464+0800] {logging_mixin.py:190} INFO - [2025-01-30T03:08:36.464+0800] {dag.py:3239} INFO - Sync 1 DAGs
[2025-01-30T03:08:36.473+0800] {logging_mixin.py:190} INFO - [2025-01-30T03:08:36.472+0800] {dag.py:4180} INFO - Setting next_dagrun for tutorial_objectstorage to None, run_after=None
[2025-01-30T03:08:36.495+0800] {processor.py:208} INFO - Processing /home/anhtupham99/miniforge3/envs/nba/lib/python3.11/site-packages/airflow/example_dags/tutorial_objectstorage.py took 0.057 seconds
[2025-01-30T03:09:24.872+0800] {processor.py:186} INFO - Started process (PID=26596) to work on /home/anhtupham99/miniforge3/envs/nba/lib/python3.11/site-packages/airflow/example_dags/tutorial_objectstorage.py
[2025-01-30T03:09:24.874+0800] {processor.py:914} INFO - Processing file /home/anhtupham99/miniforge3/envs/nba/lib/python3.11/site-packages/airflow/example_dags/tutorial_objectstorage.py for tasks to queue
[2025-01-30T03:09:24.876+0800] {logging_mixin.py:190} INFO - [2025-01-30T03:09:24.875+0800] {dagbag.py:588} INFO - Filling up the DagBag from /home/anhtupham99/miniforge3/envs/nba/lib/python3.11/site-packages/airflow/example_dags/tutorial_objectstorage.py
[2025-01-30T03:09:24.883+0800] {processor.py:925} INFO - DAG(s) 'tutorial_objectstorage' retrieved from /home/anhtupham99/miniforge3/envs/nba/lib/python3.11/site-packages/airflow/example_dags/tutorial_objectstorage.py
[2025-01-30T03:09:24.893+0800] {logging_mixin.py:190} INFO - [2025-01-30T03:09:24.893+0800] {dag.py:3239} INFO - Sync 1 DAGs
[2025-01-30T03:09:24.902+0800] {logging_mixin.py:190} INFO - [2025-01-30T03:09:24.902+0800] {dag.py:4180} INFO - Setting next_dagrun for tutorial_objectstorage to None, run_after=None
[2025-01-30T03:09:24.926+0800] {processor.py:208} INFO - Processing /home/anhtupham99/miniforge3/envs/nba/lib/python3.11/site-packages/airflow/example_dags/tutorial_objectstorage.py took 0.058 seconds
[2025-01-30T06:12:06.115+0800] {processor.py:186} INFO - Started process (PID=27072) to work on /home/anhtupham99/miniforge3/envs/nba/lib/python3.11/site-packages/airflow/example_dags/tutorial_objectstorage.py
[2025-01-30T06:12:06.117+0800] {processor.py:914} INFO - Processing file /home/anhtupham99/miniforge3/envs/nba/lib/python3.11/site-packages/airflow/example_dags/tutorial_objectstorage.py for tasks to queue
[2025-01-30T06:12:06.119+0800] {logging_mixin.py:190} INFO - [2025-01-30T06:12:06.118+0800] {dagbag.py:588} INFO - Filling up the DagBag from /home/anhtupham99/miniforge3/envs/nba/lib/python3.11/site-packages/airflow/example_dags/tutorial_objectstorage.py
[2025-01-30T06:12:06.127+0800] {processor.py:925} INFO - DAG(s) 'tutorial_objectstorage' retrieved from /home/anhtupham99/miniforge3/envs/nba/lib/python3.11/site-packages/airflow/example_dags/tutorial_objectstorage.py
[2025-01-30T06:12:06.139+0800] {logging_mixin.py:190} INFO - [2025-01-30T06:12:06.138+0800] {dag.py:3239} INFO - Sync 1 DAGs
[2025-01-30T06:12:06.147+0800] {logging_mixin.py:190} INFO - [2025-01-30T06:12:06.147+0800] {dag.py:4180} INFO - Setting next_dagrun for tutorial_objectstorage to None, run_after=None
[2025-01-30T06:12:06.174+0800] {processor.py:208} INFO - Processing /home/anhtupham99/miniforge3/envs/nba/lib/python3.11/site-packages/airflow/example_dags/tutorial_objectstorage.py took 0.064 seconds
[2025-01-30T06:12:59.656+0800] {processor.py:186} INFO - Started process (PID=27379) to work on /home/anhtupham99/miniforge3/envs/nba/lib/python3.11/site-packages/airflow/example_dags/tutorial_objectstorage.py
[2025-01-30T06:12:59.660+0800] {processor.py:914} INFO - Processing file /home/anhtupham99/miniforge3/envs/nba/lib/python3.11/site-packages/airflow/example_dags/tutorial_objectstorage.py for tasks to queue
[2025-01-30T06:12:59.662+0800] {logging_mixin.py:190} INFO - [2025-01-30T06:12:59.662+0800] {dagbag.py:588} INFO - Filling up the DagBag from /home/anhtupham99/miniforge3/envs/nba/lib/python3.11/site-packages/airflow/example_dags/tutorial_objectstorage.py
[2025-01-30T06:12:59.669+0800] {processor.py:925} INFO - DAG(s) 'tutorial_objectstorage' retrieved from /home/anhtupham99/miniforge3/envs/nba/lib/python3.11/site-packages/airflow/example_dags/tutorial_objectstorage.py
[2025-01-30T06:12:59.679+0800] {logging_mixin.py:190} INFO - [2025-01-30T06:12:59.679+0800] {dag.py:3239} INFO - Sync 1 DAGs
[2025-01-30T06:12:59.690+0800] {logging_mixin.py:190} INFO - [2025-01-30T06:12:59.690+0800] {dag.py:4180} INFO - Setting next_dagrun for tutorial_objectstorage to None, run_after=None
[2025-01-30T06:12:59.721+0800] {processor.py:208} INFO - Processing /home/anhtupham99/miniforge3/envs/nba/lib/python3.11/site-packages/airflow/example_dags/tutorial_objectstorage.py took 0.070 seconds
[2025-01-30T06:13:50.188+0800] {processor.py:186} INFO - Started process (PID=27712) to work on /home/anhtupham99/miniforge3/envs/nba/lib/python3.11/site-packages/airflow/example_dags/tutorial_objectstorage.py
[2025-01-30T06:13:50.189+0800] {processor.py:914} INFO - Processing file /home/anhtupham99/miniforge3/envs/nba/lib/python3.11/site-packages/airflow/example_dags/tutorial_objectstorage.py for tasks to queue
[2025-01-30T06:13:50.191+0800] {logging_mixin.py:190} INFO - [2025-01-30T06:13:50.190+0800] {dagbag.py:588} INFO - Filling up the DagBag from /home/anhtupham99/miniforge3/envs/nba/lib/python3.11/site-packages/airflow/example_dags/tutorial_objectstorage.py
[2025-01-30T06:13:50.197+0800] {processor.py:925} INFO - DAG(s) 'tutorial_objectstorage' retrieved from /home/anhtupham99/miniforge3/envs/nba/lib/python3.11/site-packages/airflow/example_dags/tutorial_objectstorage.py
[2025-01-30T06:13:50.207+0800] {logging_mixin.py:190} INFO - [2025-01-30T06:13:50.207+0800] {dag.py:3239} INFO - Sync 1 DAGs
[2025-01-30T06:13:50.215+0800] {logging_mixin.py:190} INFO - [2025-01-30T06:13:50.215+0800] {dag.py:4180} INFO - Setting next_dagrun for tutorial_objectstorage to None, run_after=None
[2025-01-30T06:13:50.237+0800] {processor.py:208} INFO - Processing /home/anhtupham99/miniforge3/envs/nba/lib/python3.11/site-packages/airflow/example_dags/tutorial_objectstorage.py took 0.053 seconds
