[2025-01-30T02:35:33.219+0800] {processor.py:186} INFO - Started process (PID=14664) to work on /home/anhtupham99/miniforge3/envs/nba/lib/python3.11/site-packages/airflow/example_dags/tutorial_taskflow_templates.py
[2025-01-30T02:35:33.220+0800] {processor.py:914} INFO - Processing file /home/anhtupham99/miniforge3/envs/nba/lib/python3.11/site-packages/airflow/example_dags/tutorial_taskflow_templates.py for tasks to queue
[2025-01-30T02:35:33.223+0800] {logging_mixin.py:190} INFO - [2025-01-30T02:35:33.223+0800] {dagbag.py:588} INFO - Filling up the DagBag from /home/anhtupham99/miniforge3/envs/nba/lib/python3.11/site-packages/airflow/example_dags/tutorial_taskflow_templates.py
[2025-01-30T02:35:33.235+0800] {processor.py:925} INFO - DAG(s) 'tutorial_taskflow_templates' retrieved from /home/anhtupham99/miniforge3/envs/nba/lib/python3.11/site-packages/airflow/example_dags/tutorial_taskflow_templates.py
[2025-01-30T02:35:33.334+0800] {logging_mixin.py:190} INFO - [2025-01-30T02:35:33.334+0800] {override.py:1911} INFO - Created Permission View: can delete on DAG:tutorial_taskflow_templates
[2025-01-30T02:35:33.352+0800] {logging_mixin.py:190} INFO - [2025-01-30T02:35:33.352+0800] {override.py:1911} INFO - Created Permission View: can read on DAG:tutorial_taskflow_templates
[2025-01-30T02:35:33.367+0800] {logging_mixin.py:190} INFO - [2025-01-30T02:35:33.367+0800] {override.py:1911} INFO - Created Permission View: can edit on DAG:tutorial_taskflow_templates
[2025-01-30T02:35:33.393+0800] {logging_mixin.py:190} INFO - [2025-01-30T02:35:33.393+0800] {override.py:1911} INFO - Created Permission View: can delete on DAG Run:tutorial_taskflow_templates
[2025-01-30T02:35:33.407+0800] {logging_mixin.py:190} INFO - [2025-01-30T02:35:33.407+0800] {override.py:1911} INFO - Created Permission View: can create on DAG Run:tutorial_taskflow_templates
[2025-01-30T02:35:33.421+0800] {logging_mixin.py:190} INFO - [2025-01-30T02:35:33.421+0800] {override.py:1911} INFO - Created Permission View: menu access on DAG Run:tutorial_taskflow_templates
[2025-01-30T02:35:33.436+0800] {logging_mixin.py:190} INFO - [2025-01-30T02:35:33.436+0800] {override.py:1911} INFO - Created Permission View: can read on DAG Run:tutorial_taskflow_templates
[2025-01-30T02:35:33.437+0800] {logging_mixin.py:190} INFO - [2025-01-30T02:35:33.437+0800] {dag.py:3239} INFO - Sync 1 DAGs
[2025-01-30T02:35:33.455+0800] {logging_mixin.py:190} INFO - [2025-01-30T02:35:33.454+0800] {dag.py:3262} INFO - Creating ORM DAG for tutorial_taskflow_templates
[2025-01-30T02:35:33.472+0800] {logging_mixin.py:190} INFO - [2025-01-30T02:35:33.472+0800] {dag.py:4180} INFO - Setting next_dagrun for tutorial_taskflow_templates to 2025-01-28 00:00:00+00:00, run_after=2025-01-29 00:00:00+00:00
[2025-01-30T02:35:33.495+0800] {processor.py:208} INFO - Processing /home/anhtupham99/miniforge3/envs/nba/lib/python3.11/site-packages/airflow/example_dags/tutorial_taskflow_templates.py took 0.285 seconds
[2025-01-30T02:36:37.024+0800] {processor.py:186} INFO - Started process (PID=15039) to work on /home/anhtupham99/miniforge3/envs/nba/lib/python3.11/site-packages/airflow/example_dags/tutorial_taskflow_templates.py
[2025-01-30T02:36:37.029+0800] {processor.py:914} INFO - Processing file /home/anhtupham99/miniforge3/envs/nba/lib/python3.11/site-packages/airflow/example_dags/tutorial_taskflow_templates.py for tasks to queue
[2025-01-30T02:36:37.034+0800] {logging_mixin.py:190} INFO - [2025-01-30T02:36:37.033+0800] {dagbag.py:588} INFO - Filling up the DagBag from /home/anhtupham99/miniforge3/envs/nba/lib/python3.11/site-packages/airflow/example_dags/tutorial_taskflow_templates.py
[2025-01-30T02:36:37.050+0800] {processor.py:925} INFO - DAG(s) 'tutorial_taskflow_templates' retrieved from /home/anhtupham99/miniforge3/envs/nba/lib/python3.11/site-packages/airflow/example_dags/tutorial_taskflow_templates.py
[2025-01-30T02:36:37.060+0800] {logging_mixin.py:190} INFO - [2025-01-30T02:36:37.060+0800] {dag.py:3239} INFO - Sync 1 DAGs
[2025-01-30T02:36:37.073+0800] {logging_mixin.py:190} INFO - [2025-01-30T02:36:37.073+0800] {dag.py:4180} INFO - Setting next_dagrun for tutorial_taskflow_templates to 2025-01-28 00:00:00+00:00, run_after=2025-01-29 00:00:00+00:00
[2025-01-30T02:36:37.114+0800] {processor.py:208} INFO - Processing /home/anhtupham99/miniforge3/envs/nba/lib/python3.11/site-packages/airflow/example_dags/tutorial_taskflow_templates.py took 0.100 seconds
[2025-01-30T02:48:32.411+0800] {processor.py:186} INFO - Started process (PID=19226) to work on /home/anhtupham99/miniforge3/envs/nba/lib/python3.11/site-packages/airflow/example_dags/tutorial_taskflow_templates.py
[2025-01-30T02:48:32.413+0800] {processor.py:914} INFO - Processing file /home/anhtupham99/miniforge3/envs/nba/lib/python3.11/site-packages/airflow/example_dags/tutorial_taskflow_templates.py for tasks to queue
[2025-01-30T02:48:32.418+0800] {logging_mixin.py:190} INFO - [2025-01-30T02:48:32.417+0800] {dagbag.py:588} INFO - Filling up the DagBag from /home/anhtupham99/miniforge3/envs/nba/lib/python3.11/site-packages/airflow/example_dags/tutorial_taskflow_templates.py
[2025-01-30T02:48:32.444+0800] {processor.py:925} INFO - DAG(s) 'tutorial_taskflow_templates' retrieved from /home/anhtupham99/miniforge3/envs/nba/lib/python3.11/site-packages/airflow/example_dags/tutorial_taskflow_templates.py
[2025-01-30T02:48:32.463+0800] {logging_mixin.py:190} INFO - [2025-01-30T02:48:32.462+0800] {dag.py:3239} INFO - Sync 1 DAGs
[2025-01-30T02:48:32.480+0800] {logging_mixin.py:190} INFO - [2025-01-30T02:48:32.480+0800] {dag.py:4180} INFO - Setting next_dagrun for tutorial_taskflow_templates to 2025-01-28 00:00:00+00:00, run_after=2025-01-29 00:00:00+00:00
[2025-01-30T02:48:32.507+0800] {processor.py:208} INFO - Processing /home/anhtupham99/miniforge3/envs/nba/lib/python3.11/site-packages/airflow/example_dags/tutorial_taskflow_templates.py took 0.106 seconds
[2025-01-30T02:49:30.170+0800] {processor.py:186} INFO - Started process (PID=19544) to work on /home/anhtupham99/miniforge3/envs/nba/lib/python3.11/site-packages/airflow/example_dags/tutorial_taskflow_templates.py
[2025-01-30T02:49:30.172+0800] {processor.py:914} INFO - Processing file /home/anhtupham99/miniforge3/envs/nba/lib/python3.11/site-packages/airflow/example_dags/tutorial_taskflow_templates.py for tasks to queue
[2025-01-30T02:49:30.178+0800] {logging_mixin.py:190} INFO - [2025-01-30T02:49:30.177+0800] {dagbag.py:588} INFO - Filling up the DagBag from /home/anhtupham99/miniforge3/envs/nba/lib/python3.11/site-packages/airflow/example_dags/tutorial_taskflow_templates.py
[2025-01-30T02:49:30.193+0800] {processor.py:925} INFO - DAG(s) 'tutorial_taskflow_templates' retrieved from /home/anhtupham99/miniforge3/envs/nba/lib/python3.11/site-packages/airflow/example_dags/tutorial_taskflow_templates.py
[2025-01-30T02:49:30.206+0800] {logging_mixin.py:190} INFO - [2025-01-30T02:49:30.206+0800] {dag.py:3239} INFO - Sync 1 DAGs
[2025-01-30T02:49:30.222+0800] {logging_mixin.py:190} INFO - [2025-01-30T02:49:30.222+0800] {dag.py:4180} INFO - Setting next_dagrun for tutorial_taskflow_templates to 2025-01-28 00:00:00+00:00, run_after=2025-01-29 00:00:00+00:00
[2025-01-30T02:49:30.251+0800] {processor.py:208} INFO - Processing /home/anhtupham99/miniforge3/envs/nba/lib/python3.11/site-packages/airflow/example_dags/tutorial_taskflow_templates.py took 0.095 seconds
[2025-01-30T02:50:25.873+0800] {processor.py:186} INFO - Started process (PID=19886) to work on /home/anhtupham99/miniforge3/envs/nba/lib/python3.11/site-packages/airflow/example_dags/tutorial_taskflow_templates.py
[2025-01-30T02:50:25.879+0800] {processor.py:914} INFO - Processing file /home/anhtupham99/miniforge3/envs/nba/lib/python3.11/site-packages/airflow/example_dags/tutorial_taskflow_templates.py for tasks to queue
[2025-01-30T02:50:25.883+0800] {logging_mixin.py:190} INFO - [2025-01-30T02:50:25.882+0800] {dagbag.py:588} INFO - Filling up the DagBag from /home/anhtupham99/miniforge3/envs/nba/lib/python3.11/site-packages/airflow/example_dags/tutorial_taskflow_templates.py
[2025-01-30T02:50:25.908+0800] {processor.py:925} INFO - DAG(s) 'tutorial_taskflow_templates' retrieved from /home/anhtupham99/miniforge3/envs/nba/lib/python3.11/site-packages/airflow/example_dags/tutorial_taskflow_templates.py
[2025-01-30T02:50:25.925+0800] {logging_mixin.py:190} INFO - [2025-01-30T02:50:25.925+0800] {dag.py:3239} INFO - Sync 1 DAGs
[2025-01-30T02:50:25.941+0800] {logging_mixin.py:190} INFO - [2025-01-30T02:50:25.941+0800] {dag.py:4180} INFO - Setting next_dagrun for tutorial_taskflow_templates to 2025-01-28 00:00:00+00:00, run_after=2025-01-29 00:00:00+00:00
[2025-01-30T02:50:25.979+0800] {processor.py:208} INFO - Processing /home/anhtupham99/miniforge3/envs/nba/lib/python3.11/site-packages/airflow/example_dags/tutorial_taskflow_templates.py took 0.119 seconds
[2025-01-30T02:51:20.481+0800] {processor.py:186} INFO - Started process (PID=20200) to work on /home/anhtupham99/miniforge3/envs/nba/lib/python3.11/site-packages/airflow/example_dags/tutorial_taskflow_templates.py
[2025-01-30T02:51:20.483+0800] {processor.py:914} INFO - Processing file /home/anhtupham99/miniforge3/envs/nba/lib/python3.11/site-packages/airflow/example_dags/tutorial_taskflow_templates.py for tasks to queue
[2025-01-30T02:51:20.488+0800] {logging_mixin.py:190} INFO - [2025-01-30T02:51:20.488+0800] {dagbag.py:588} INFO - Filling up the DagBag from /home/anhtupham99/miniforge3/envs/nba/lib/python3.11/site-packages/airflow/example_dags/tutorial_taskflow_templates.py
[2025-01-30T02:51:20.497+0800] {processor.py:925} INFO - DAG(s) 'tutorial_taskflow_templates' retrieved from /home/anhtupham99/miniforge3/envs/nba/lib/python3.11/site-packages/airflow/example_dags/tutorial_taskflow_templates.py
[2025-01-30T02:51:20.511+0800] {logging_mixin.py:190} INFO - [2025-01-30T02:51:20.510+0800] {dag.py:3239} INFO - Sync 1 DAGs
[2025-01-30T02:51:20.526+0800] {logging_mixin.py:190} INFO - [2025-01-30T02:51:20.526+0800] {dag.py:4180} INFO - Setting next_dagrun for tutorial_taskflow_templates to 2025-01-28 00:00:00+00:00, run_after=2025-01-29 00:00:00+00:00
[2025-01-30T02:51:20.552+0800] {processor.py:208} INFO - Processing /home/anhtupham99/miniforge3/envs/nba/lib/python3.11/site-packages/airflow/example_dags/tutorial_taskflow_templates.py took 0.085 seconds
[2025-01-30T02:52:13.337+0800] {processor.py:186} INFO - Started process (PID=20487) to work on /home/anhtupham99/miniforge3/envs/nba/lib/python3.11/site-packages/airflow/example_dags/tutorial_taskflow_templates.py
[2025-01-30T02:52:13.340+0800] {processor.py:914} INFO - Processing file /home/anhtupham99/miniforge3/envs/nba/lib/python3.11/site-packages/airflow/example_dags/tutorial_taskflow_templates.py for tasks to queue
[2025-01-30T02:52:13.345+0800] {logging_mixin.py:190} INFO - [2025-01-30T02:52:13.344+0800] {dagbag.py:588} INFO - Filling up the DagBag from /home/anhtupham99/miniforge3/envs/nba/lib/python3.11/site-packages/airflow/example_dags/tutorial_taskflow_templates.py
[2025-01-30T02:52:13.368+0800] {processor.py:925} INFO - DAG(s) 'tutorial_taskflow_templates' retrieved from /home/anhtupham99/miniforge3/envs/nba/lib/python3.11/site-packages/airflow/example_dags/tutorial_taskflow_templates.py
[2025-01-30T02:52:13.388+0800] {logging_mixin.py:190} INFO - [2025-01-30T02:52:13.387+0800] {dag.py:3239} INFO - Sync 1 DAGs
[2025-01-30T02:52:13.401+0800] {logging_mixin.py:190} INFO - [2025-01-30T02:52:13.400+0800] {dag.py:4180} INFO - Setting next_dagrun for tutorial_taskflow_templates to 2025-01-28 00:00:00+00:00, run_after=2025-01-29 00:00:00+00:00
[2025-01-30T02:52:13.425+0800] {processor.py:208} INFO - Processing /home/anhtupham99/miniforge3/envs/nba/lib/python3.11/site-packages/airflow/example_dags/tutorial_taskflow_templates.py took 0.103 seconds
[2025-01-30T02:53:06.681+0800] {processor.py:186} INFO - Started process (PID=20819) to work on /home/anhtupham99/miniforge3/envs/nba/lib/python3.11/site-packages/airflow/example_dags/tutorial_taskflow_templates.py
[2025-01-30T02:53:06.685+0800] {processor.py:914} INFO - Processing file /home/anhtupham99/miniforge3/envs/nba/lib/python3.11/site-packages/airflow/example_dags/tutorial_taskflow_templates.py for tasks to queue
[2025-01-30T02:53:06.689+0800] {logging_mixin.py:190} INFO - [2025-01-30T02:53:06.688+0800] {dagbag.py:588} INFO - Filling up the DagBag from /home/anhtupham99/miniforge3/envs/nba/lib/python3.11/site-packages/airflow/example_dags/tutorial_taskflow_templates.py
[2025-01-30T02:53:06.706+0800] {processor.py:925} INFO - DAG(s) 'tutorial_taskflow_templates' retrieved from /home/anhtupham99/miniforge3/envs/nba/lib/python3.11/site-packages/airflow/example_dags/tutorial_taskflow_templates.py
[2025-01-30T02:53:06.723+0800] {logging_mixin.py:190} INFO - [2025-01-30T02:53:06.723+0800] {dag.py:3239} INFO - Sync 1 DAGs
[2025-01-30T02:53:06.742+0800] {logging_mixin.py:190} INFO - [2025-01-30T02:53:06.742+0800] {dag.py:4180} INFO - Setting next_dagrun for tutorial_taskflow_templates to 2025-01-28 00:00:00+00:00, run_after=2025-01-29 00:00:00+00:00
[2025-01-30T02:53:06.766+0800] {processor.py:208} INFO - Processing /home/anhtupham99/miniforge3/envs/nba/lib/python3.11/site-packages/airflow/example_dags/tutorial_taskflow_templates.py took 0.093 seconds
[2025-01-30T02:54:00.082+0800] {processor.py:186} INFO - Started process (PID=21120) to work on /home/anhtupham99/miniforge3/envs/nba/lib/python3.11/site-packages/airflow/example_dags/tutorial_taskflow_templates.py
[2025-01-30T02:54:00.085+0800] {processor.py:914} INFO - Processing file /home/anhtupham99/miniforge3/envs/nba/lib/python3.11/site-packages/airflow/example_dags/tutorial_taskflow_templates.py for tasks to queue
[2025-01-30T02:54:00.087+0800] {logging_mixin.py:190} INFO - [2025-01-30T02:54:00.087+0800] {dagbag.py:588} INFO - Filling up the DagBag from /home/anhtupham99/miniforge3/envs/nba/lib/python3.11/site-packages/airflow/example_dags/tutorial_taskflow_templates.py
[2025-01-30T02:54:00.096+0800] {processor.py:925} INFO - DAG(s) 'tutorial_taskflow_templates' retrieved from /home/anhtupham99/miniforge3/envs/nba/lib/python3.11/site-packages/airflow/example_dags/tutorial_taskflow_templates.py
[2025-01-30T02:54:00.106+0800] {logging_mixin.py:190} INFO - [2025-01-30T02:54:00.106+0800] {dag.py:3239} INFO - Sync 1 DAGs
[2025-01-30T02:54:00.119+0800] {logging_mixin.py:190} INFO - [2025-01-30T02:54:00.119+0800] {dag.py:4180} INFO - Setting next_dagrun for tutorial_taskflow_templates to 2025-01-28 00:00:00+00:00, run_after=2025-01-29 00:00:00+00:00
[2025-01-30T02:54:00.141+0800] {processor.py:208} INFO - Processing /home/anhtupham99/miniforge3/envs/nba/lib/python3.11/site-packages/airflow/example_dags/tutorial_taskflow_templates.py took 0.064 seconds
[2025-01-30T02:54:50.406+0800] {processor.py:186} INFO - Started process (PID=21408) to work on /home/anhtupham99/miniforge3/envs/nba/lib/python3.11/site-packages/airflow/example_dags/tutorial_taskflow_templates.py
[2025-01-30T02:54:50.410+0800] {processor.py:914} INFO - Processing file /home/anhtupham99/miniforge3/envs/nba/lib/python3.11/site-packages/airflow/example_dags/tutorial_taskflow_templates.py for tasks to queue
[2025-01-30T02:54:50.412+0800] {logging_mixin.py:190} INFO - [2025-01-30T02:54:50.412+0800] {dagbag.py:588} INFO - Filling up the DagBag from /home/anhtupham99/miniforge3/envs/nba/lib/python3.11/site-packages/airflow/example_dags/tutorial_taskflow_templates.py
[2025-01-30T02:54:50.421+0800] {processor.py:925} INFO - DAG(s) 'tutorial_taskflow_templates' retrieved from /home/anhtupham99/miniforge3/envs/nba/lib/python3.11/site-packages/airflow/example_dags/tutorial_taskflow_templates.py
[2025-01-30T02:54:50.431+0800] {logging_mixin.py:190} INFO - [2025-01-30T02:54:50.431+0800] {dag.py:3239} INFO - Sync 1 DAGs
[2025-01-30T02:54:50.445+0800] {logging_mixin.py:190} INFO - [2025-01-30T02:54:50.444+0800] {dag.py:4180} INFO - Setting next_dagrun for tutorial_taskflow_templates to 2025-01-28 00:00:00+00:00, run_after=2025-01-29 00:00:00+00:00
[2025-01-30T02:54:50.467+0800] {processor.py:208} INFO - Processing /home/anhtupham99/miniforge3/envs/nba/lib/python3.11/site-packages/airflow/example_dags/tutorial_taskflow_templates.py took 0.065 seconds
[2025-01-30T02:55:40.140+0800] {processor.py:186} INFO - Started process (PID=21707) to work on /home/anhtupham99/miniforge3/envs/nba/lib/python3.11/site-packages/airflow/example_dags/tutorial_taskflow_templates.py
[2025-01-30T02:55:40.142+0800] {processor.py:914} INFO - Processing file /home/anhtupham99/miniforge3/envs/nba/lib/python3.11/site-packages/airflow/example_dags/tutorial_taskflow_templates.py for tasks to queue
[2025-01-30T02:55:40.143+0800] {logging_mixin.py:190} INFO - [2025-01-30T02:55:40.143+0800] {dagbag.py:588} INFO - Filling up the DagBag from /home/anhtupham99/miniforge3/envs/nba/lib/python3.11/site-packages/airflow/example_dags/tutorial_taskflow_templates.py
[2025-01-30T02:55:40.153+0800] {processor.py:925} INFO - DAG(s) 'tutorial_taskflow_templates' retrieved from /home/anhtupham99/miniforge3/envs/nba/lib/python3.11/site-packages/airflow/example_dags/tutorial_taskflow_templates.py
[2025-01-30T02:55:40.164+0800] {logging_mixin.py:190} INFO - [2025-01-30T02:55:40.163+0800] {dag.py:3239} INFO - Sync 1 DAGs
[2025-01-30T02:55:40.177+0800] {logging_mixin.py:190} INFO - [2025-01-30T02:55:40.177+0800] {dag.py:4180} INFO - Setting next_dagrun for tutorial_taskflow_templates to 2025-01-28 00:00:00+00:00, run_after=2025-01-29 00:00:00+00:00
[2025-01-30T02:55:40.200+0800] {processor.py:208} INFO - Processing /home/anhtupham99/miniforge3/envs/nba/lib/python3.11/site-packages/airflow/example_dags/tutorial_taskflow_templates.py took 0.064 seconds
[2025-01-30T02:56:51.036+0800] {processor.py:186} INFO - Started process (PID=22112) to work on /home/anhtupham99/miniforge3/envs/nba/lib/python3.11/site-packages/airflow/example_dags/tutorial_taskflow_templates.py
[2025-01-30T02:56:51.040+0800] {processor.py:914} INFO - Processing file /home/anhtupham99/miniforge3/envs/nba/lib/python3.11/site-packages/airflow/example_dags/tutorial_taskflow_templates.py for tasks to queue
[2025-01-30T02:56:51.042+0800] {logging_mixin.py:190} INFO - [2025-01-30T02:56:51.042+0800] {dagbag.py:588} INFO - Filling up the DagBag from /home/anhtupham99/miniforge3/envs/nba/lib/python3.11/site-packages/airflow/example_dags/tutorial_taskflow_templates.py
[2025-01-30T02:56:51.051+0800] {processor.py:925} INFO - DAG(s) 'tutorial_taskflow_templates' retrieved from /home/anhtupham99/miniforge3/envs/nba/lib/python3.11/site-packages/airflow/example_dags/tutorial_taskflow_templates.py
[2025-01-30T02:56:51.061+0800] {logging_mixin.py:190} INFO - [2025-01-30T02:56:51.061+0800] {dag.py:3239} INFO - Sync 1 DAGs
[2025-01-30T02:56:51.074+0800] {logging_mixin.py:190} INFO - [2025-01-30T02:56:51.074+0800] {dag.py:4180} INFO - Setting next_dagrun for tutorial_taskflow_templates to 2025-01-28 00:00:00+00:00, run_after=2025-01-29 00:00:00+00:00
[2025-01-30T02:56:51.098+0800] {processor.py:208} INFO - Processing /home/anhtupham99/miniforge3/envs/nba/lib/python3.11/site-packages/airflow/example_dags/tutorial_taskflow_templates.py took 0.066 seconds
[2025-01-30T02:58:02.634+0800] {processor.py:186} INFO - Started process (PID=22576) to work on /home/anhtupham99/miniforge3/envs/nba/lib/python3.11/site-packages/airflow/example_dags/tutorial_taskflow_templates.py
[2025-01-30T02:58:02.635+0800] {processor.py:914} INFO - Processing file /home/anhtupham99/miniforge3/envs/nba/lib/python3.11/site-packages/airflow/example_dags/tutorial_taskflow_templates.py for tasks to queue
[2025-01-30T02:58:02.637+0800] {logging_mixin.py:190} INFO - [2025-01-30T02:58:02.637+0800] {dagbag.py:588} INFO - Filling up the DagBag from /home/anhtupham99/miniforge3/envs/nba/lib/python3.11/site-packages/airflow/example_dags/tutorial_taskflow_templates.py
[2025-01-30T02:58:02.646+0800] {processor.py:925} INFO - DAG(s) 'tutorial_taskflow_templates' retrieved from /home/anhtupham99/miniforge3/envs/nba/lib/python3.11/site-packages/airflow/example_dags/tutorial_taskflow_templates.py
[2025-01-30T02:58:02.657+0800] {logging_mixin.py:190} INFO - [2025-01-30T02:58:02.656+0800] {dag.py:3239} INFO - Sync 1 DAGs
[2025-01-30T02:58:02.670+0800] {logging_mixin.py:190} INFO - [2025-01-30T02:58:02.669+0800] {dag.py:4180} INFO - Setting next_dagrun for tutorial_taskflow_templates to 2025-01-28 00:00:00+00:00, run_after=2025-01-29 00:00:00+00:00
[2025-01-30T02:58:02.691+0800] {processor.py:208} INFO - Processing /home/anhtupham99/miniforge3/envs/nba/lib/python3.11/site-packages/airflow/example_dags/tutorial_taskflow_templates.py took 0.061 seconds
[2025-01-30T02:58:52.800+0800] {processor.py:186} INFO - Started process (PID=22862) to work on /home/anhtupham99/miniforge3/envs/nba/lib/python3.11/site-packages/airflow/example_dags/tutorial_taskflow_templates.py
[2025-01-30T02:58:52.802+0800] {processor.py:914} INFO - Processing file /home/anhtupham99/miniforge3/envs/nba/lib/python3.11/site-packages/airflow/example_dags/tutorial_taskflow_templates.py for tasks to queue
[2025-01-30T02:58:52.803+0800] {logging_mixin.py:190} INFO - [2025-01-30T02:58:52.803+0800] {dagbag.py:588} INFO - Filling up the DagBag from /home/anhtupham99/miniforge3/envs/nba/lib/python3.11/site-packages/airflow/example_dags/tutorial_taskflow_templates.py
[2025-01-30T02:58:52.813+0800] {processor.py:925} INFO - DAG(s) 'tutorial_taskflow_templates' retrieved from /home/anhtupham99/miniforge3/envs/nba/lib/python3.11/site-packages/airflow/example_dags/tutorial_taskflow_templates.py
[2025-01-30T02:58:52.823+0800] {logging_mixin.py:190} INFO - [2025-01-30T02:58:52.823+0800] {dag.py:3239} INFO - Sync 1 DAGs
[2025-01-30T02:58:52.837+0800] {logging_mixin.py:190} INFO - [2025-01-30T02:58:52.837+0800] {dag.py:4180} INFO - Setting next_dagrun for tutorial_taskflow_templates to 2025-01-28 00:00:00+00:00, run_after=2025-01-29 00:00:00+00:00
[2025-01-30T02:58:52.860+0800] {processor.py:208} INFO - Processing /home/anhtupham99/miniforge3/envs/nba/lib/python3.11/site-packages/airflow/example_dags/tutorial_taskflow_templates.py took 0.065 seconds
[2025-01-30T02:59:44.526+0800] {processor.py:186} INFO - Started process (PID=23153) to work on /home/anhtupham99/miniforge3/envs/nba/lib/python3.11/site-packages/airflow/example_dags/tutorial_taskflow_templates.py
[2025-01-30T02:59:44.529+0800] {processor.py:914} INFO - Processing file /home/anhtupham99/miniforge3/envs/nba/lib/python3.11/site-packages/airflow/example_dags/tutorial_taskflow_templates.py for tasks to queue
[2025-01-30T02:59:44.531+0800] {logging_mixin.py:190} INFO - [2025-01-30T02:59:44.531+0800] {dagbag.py:588} INFO - Filling up the DagBag from /home/anhtupham99/miniforge3/envs/nba/lib/python3.11/site-packages/airflow/example_dags/tutorial_taskflow_templates.py
[2025-01-30T02:59:44.540+0800] {processor.py:925} INFO - DAG(s) 'tutorial_taskflow_templates' retrieved from /home/anhtupham99/miniforge3/envs/nba/lib/python3.11/site-packages/airflow/example_dags/tutorial_taskflow_templates.py
[2025-01-30T02:59:44.550+0800] {logging_mixin.py:190} INFO - [2025-01-30T02:59:44.550+0800] {dag.py:3239} INFO - Sync 1 DAGs
[2025-01-30T02:59:44.562+0800] {logging_mixin.py:190} INFO - [2025-01-30T02:59:44.562+0800] {dag.py:4180} INFO - Setting next_dagrun for tutorial_taskflow_templates to 2025-01-28 00:00:00+00:00, run_after=2025-01-29 00:00:00+00:00
[2025-01-30T02:59:44.584+0800] {processor.py:208} INFO - Processing /home/anhtupham99/miniforge3/envs/nba/lib/python3.11/site-packages/airflow/example_dags/tutorial_taskflow_templates.py took 0.062 seconds
[2025-01-30T03:00:33.794+0800] {processor.py:186} INFO - Started process (PID=23453) to work on /home/anhtupham99/miniforge3/envs/nba/lib/python3.11/site-packages/airflow/example_dags/tutorial_taskflow_templates.py
[2025-01-30T03:00:33.795+0800] {processor.py:914} INFO - Processing file /home/anhtupham99/miniforge3/envs/nba/lib/python3.11/site-packages/airflow/example_dags/tutorial_taskflow_templates.py for tasks to queue
[2025-01-30T03:00:33.797+0800] {logging_mixin.py:190} INFO - [2025-01-30T03:00:33.797+0800] {dagbag.py:588} INFO - Filling up the DagBag from /home/anhtupham99/miniforge3/envs/nba/lib/python3.11/site-packages/airflow/example_dags/tutorial_taskflow_templates.py
[2025-01-30T03:00:33.806+0800] {processor.py:925} INFO - DAG(s) 'tutorial_taskflow_templates' retrieved from /home/anhtupham99/miniforge3/envs/nba/lib/python3.11/site-packages/airflow/example_dags/tutorial_taskflow_templates.py
[2025-01-30T03:00:33.816+0800] {logging_mixin.py:190} INFO - [2025-01-30T03:00:33.816+0800] {dag.py:3239} INFO - Sync 1 DAGs
[2025-01-30T03:00:33.828+0800] {logging_mixin.py:190} INFO - [2025-01-30T03:00:33.828+0800] {dag.py:4180} INFO - Setting next_dagrun for tutorial_taskflow_templates to 2025-01-28 00:00:00+00:00, run_after=2025-01-29 00:00:00+00:00
[2025-01-30T03:00:33.849+0800] {processor.py:208} INFO - Processing /home/anhtupham99/miniforge3/envs/nba/lib/python3.11/site-packages/airflow/example_dags/tutorial_taskflow_templates.py took 0.060 seconds
[2025-01-30T03:01:43.207+0800] {processor.py:186} INFO - Started process (PID=23846) to work on /home/anhtupham99/miniforge3/envs/nba/lib/python3.11/site-packages/airflow/example_dags/tutorial_taskflow_templates.py
[2025-01-30T03:01:43.209+0800] {processor.py:914} INFO - Processing file /home/anhtupham99/miniforge3/envs/nba/lib/python3.11/site-packages/airflow/example_dags/tutorial_taskflow_templates.py for tasks to queue
[2025-01-30T03:01:43.211+0800] {logging_mixin.py:190} INFO - [2025-01-30T03:01:43.211+0800] {dagbag.py:588} INFO - Filling up the DagBag from /home/anhtupham99/miniforge3/envs/nba/lib/python3.11/site-packages/airflow/example_dags/tutorial_taskflow_templates.py
[2025-01-30T03:01:43.220+0800] {processor.py:925} INFO - DAG(s) 'tutorial_taskflow_templates' retrieved from /home/anhtupham99/miniforge3/envs/nba/lib/python3.11/site-packages/airflow/example_dags/tutorial_taskflow_templates.py
[2025-01-30T03:01:43.231+0800] {logging_mixin.py:190} INFO - [2025-01-30T03:01:43.231+0800] {dag.py:3239} INFO - Sync 1 DAGs
[2025-01-30T03:01:43.246+0800] {logging_mixin.py:190} INFO - [2025-01-30T03:01:43.246+0800] {dag.py:4180} INFO - Setting next_dagrun for tutorial_taskflow_templates to 2025-01-28 00:00:00+00:00, run_after=2025-01-29 00:00:00+00:00
[2025-01-30T03:01:43.271+0800] {processor.py:208} INFO - Processing /home/anhtupham99/miniforge3/envs/nba/lib/python3.11/site-packages/airflow/example_dags/tutorial_taskflow_templates.py took 0.067 seconds
[2025-01-30T03:02:52.858+0800] {processor.py:186} INFO - Started process (PID=24291) to work on /home/anhtupham99/miniforge3/envs/nba/lib/python3.11/site-packages/airflow/example_dags/tutorial_taskflow_templates.py
[2025-01-30T03:02:52.860+0800] {processor.py:914} INFO - Processing file /home/anhtupham99/miniforge3/envs/nba/lib/python3.11/site-packages/airflow/example_dags/tutorial_taskflow_templates.py for tasks to queue
[2025-01-30T03:02:52.861+0800] {logging_mixin.py:190} INFO - [2025-01-30T03:02:52.861+0800] {dagbag.py:588} INFO - Filling up the DagBag from /home/anhtupham99/miniforge3/envs/nba/lib/python3.11/site-packages/airflow/example_dags/tutorial_taskflow_templates.py
[2025-01-30T03:02:52.871+0800] {processor.py:925} INFO - DAG(s) 'tutorial_taskflow_templates' retrieved from /home/anhtupham99/miniforge3/envs/nba/lib/python3.11/site-packages/airflow/example_dags/tutorial_taskflow_templates.py
[2025-01-30T03:02:52.881+0800] {logging_mixin.py:190} INFO - [2025-01-30T03:02:52.881+0800] {dag.py:3239} INFO - Sync 1 DAGs
[2025-01-30T03:02:52.894+0800] {logging_mixin.py:190} INFO - [2025-01-30T03:02:52.894+0800] {dag.py:4180} INFO - Setting next_dagrun for tutorial_taskflow_templates to 2025-01-28 00:00:00+00:00, run_after=2025-01-29 00:00:00+00:00
[2025-01-30T03:02:52.917+0800] {processor.py:208} INFO - Processing /home/anhtupham99/miniforge3/envs/nba/lib/python3.11/site-packages/airflow/example_dags/tutorial_taskflow_templates.py took 0.063 seconds
[2025-01-30T03:03:42.699+0800] {processor.py:186} INFO - Started process (PID=24567) to work on /home/anhtupham99/miniforge3/envs/nba/lib/python3.11/site-packages/airflow/example_dags/tutorial_taskflow_templates.py
[2025-01-30T03:03:42.703+0800] {processor.py:914} INFO - Processing file /home/anhtupham99/miniforge3/envs/nba/lib/python3.11/site-packages/airflow/example_dags/tutorial_taskflow_templates.py for tasks to queue
[2025-01-30T03:03:42.705+0800] {logging_mixin.py:190} INFO - [2025-01-30T03:03:42.705+0800] {dagbag.py:588} INFO - Filling up the DagBag from /home/anhtupham99/miniforge3/envs/nba/lib/python3.11/site-packages/airflow/example_dags/tutorial_taskflow_templates.py
[2025-01-30T03:03:42.715+0800] {processor.py:925} INFO - DAG(s) 'tutorial_taskflow_templates' retrieved from /home/anhtupham99/miniforge3/envs/nba/lib/python3.11/site-packages/airflow/example_dags/tutorial_taskflow_templates.py
[2025-01-30T03:03:42.726+0800] {logging_mixin.py:190} INFO - [2025-01-30T03:03:42.726+0800] {dag.py:3239} INFO - Sync 1 DAGs
[2025-01-30T03:03:42.741+0800] {logging_mixin.py:190} INFO - [2025-01-30T03:03:42.741+0800] {dag.py:4180} INFO - Setting next_dagrun for tutorial_taskflow_templates to 2025-01-28 00:00:00+00:00, run_after=2025-01-29 00:00:00+00:00
[2025-01-30T03:03:42.763+0800] {processor.py:208} INFO - Processing /home/anhtupham99/miniforge3/envs/nba/lib/python3.11/site-packages/airflow/example_dags/tutorial_taskflow_templates.py took 0.068 seconds
[2025-01-30T03:04:29.691+0800] {processor.py:186} INFO - Started process (PID=24872) to work on /home/anhtupham99/miniforge3/envs/nba/lib/python3.11/site-packages/airflow/example_dags/tutorial_taskflow_templates.py
[2025-01-30T03:04:29.695+0800] {processor.py:914} INFO - Processing file /home/anhtupham99/miniforge3/envs/nba/lib/python3.11/site-packages/airflow/example_dags/tutorial_taskflow_templates.py for tasks to queue
[2025-01-30T03:04:29.696+0800] {logging_mixin.py:190} INFO - [2025-01-30T03:04:29.696+0800] {dagbag.py:588} INFO - Filling up the DagBag from /home/anhtupham99/miniforge3/envs/nba/lib/python3.11/site-packages/airflow/example_dags/tutorial_taskflow_templates.py
[2025-01-30T03:04:29.705+0800] {processor.py:925} INFO - DAG(s) 'tutorial_taskflow_templates' retrieved from /home/anhtupham99/miniforge3/envs/nba/lib/python3.11/site-packages/airflow/example_dags/tutorial_taskflow_templates.py
[2025-01-30T03:04:29.715+0800] {logging_mixin.py:190} INFO - [2025-01-30T03:04:29.715+0800] {dag.py:3239} INFO - Sync 1 DAGs
[2025-01-30T03:04:29.728+0800] {logging_mixin.py:190} INFO - [2025-01-30T03:04:29.728+0800] {dag.py:4180} INFO - Setting next_dagrun for tutorial_taskflow_templates to 2025-01-28 00:00:00+00:00, run_after=2025-01-29 00:00:00+00:00
[2025-01-30T03:04:29.754+0800] {processor.py:208} INFO - Processing /home/anhtupham99/miniforge3/envs/nba/lib/python3.11/site-packages/airflow/example_dags/tutorial_taskflow_templates.py took 0.067 seconds
[2025-01-30T03:05:22.644+0800] {processor.py:186} INFO - Started process (PID=25172) to work on /home/anhtupham99/miniforge3/envs/nba/lib/python3.11/site-packages/airflow/example_dags/tutorial_taskflow_templates.py
[2025-01-30T03:05:22.646+0800] {processor.py:914} INFO - Processing file /home/anhtupham99/miniforge3/envs/nba/lib/python3.11/site-packages/airflow/example_dags/tutorial_taskflow_templates.py for tasks to queue
[2025-01-30T03:05:22.648+0800] {logging_mixin.py:190} INFO - [2025-01-30T03:05:22.648+0800] {dagbag.py:588} INFO - Filling up the DagBag from /home/anhtupham99/miniforge3/envs/nba/lib/python3.11/site-packages/airflow/example_dags/tutorial_taskflow_templates.py
[2025-01-30T03:05:22.658+0800] {processor.py:925} INFO - DAG(s) 'tutorial_taskflow_templates' retrieved from /home/anhtupham99/miniforge3/envs/nba/lib/python3.11/site-packages/airflow/example_dags/tutorial_taskflow_templates.py
[2025-01-30T03:05:22.669+0800] {logging_mixin.py:190} INFO - [2025-01-30T03:05:22.669+0800] {dag.py:3239} INFO - Sync 1 DAGs
[2025-01-30T03:05:22.684+0800] {logging_mixin.py:190} INFO - [2025-01-30T03:05:22.684+0800] {dag.py:4180} INFO - Setting next_dagrun for tutorial_taskflow_templates to 2025-01-28 00:00:00+00:00, run_after=2025-01-29 00:00:00+00:00
[2025-01-30T03:05:22.706+0800] {processor.py:208} INFO - Processing /home/anhtupham99/miniforge3/envs/nba/lib/python3.11/site-packages/airflow/example_dags/tutorial_taskflow_templates.py took 0.066 seconds
[2025-01-30T03:06:32.440+0800] {processor.py:186} INFO - Started process (PID=25580) to work on /home/anhtupham99/miniforge3/envs/nba/lib/python3.11/site-packages/airflow/example_dags/tutorial_taskflow_templates.py
[2025-01-30T03:06:32.441+0800] {processor.py:914} INFO - Processing file /home/anhtupham99/miniforge3/envs/nba/lib/python3.11/site-packages/airflow/example_dags/tutorial_taskflow_templates.py for tasks to queue
[2025-01-30T03:06:32.443+0800] {logging_mixin.py:190} INFO - [2025-01-30T03:06:32.443+0800] {dagbag.py:588} INFO - Filling up the DagBag from /home/anhtupham99/miniforge3/envs/nba/lib/python3.11/site-packages/airflow/example_dags/tutorial_taskflow_templates.py
[2025-01-30T03:06:32.452+0800] {processor.py:925} INFO - DAG(s) 'tutorial_taskflow_templates' retrieved from /home/anhtupham99/miniforge3/envs/nba/lib/python3.11/site-packages/airflow/example_dags/tutorial_taskflow_templates.py
[2025-01-30T03:06:32.462+0800] {logging_mixin.py:190} INFO - [2025-01-30T03:06:32.462+0800] {dag.py:3239} INFO - Sync 1 DAGs
[2025-01-30T03:06:32.475+0800] {logging_mixin.py:190} INFO - [2025-01-30T03:06:32.475+0800] {dag.py:4180} INFO - Setting next_dagrun for tutorial_taskflow_templates to 2025-01-28 00:00:00+00:00, run_after=2025-01-29 00:00:00+00:00
[2025-01-30T03:06:32.497+0800] {processor.py:208} INFO - Processing /home/anhtupham99/miniforge3/envs/nba/lib/python3.11/site-packages/airflow/example_dags/tutorial_taskflow_templates.py took 0.061 seconds
[2025-01-30T03:07:25.843+0800] {processor.py:186} INFO - Started process (PID=25913) to work on /home/anhtupham99/miniforge3/envs/nba/lib/python3.11/site-packages/airflow/example_dags/tutorial_taskflow_templates.py
[2025-01-30T03:07:25.844+0800] {processor.py:914} INFO - Processing file /home/anhtupham99/miniforge3/envs/nba/lib/python3.11/site-packages/airflow/example_dags/tutorial_taskflow_templates.py for tasks to queue
[2025-01-30T03:07:25.846+0800] {logging_mixin.py:190} INFO - [2025-01-30T03:07:25.846+0800] {dagbag.py:588} INFO - Filling up the DagBag from /home/anhtupham99/miniforge3/envs/nba/lib/python3.11/site-packages/airflow/example_dags/tutorial_taskflow_templates.py
[2025-01-30T03:07:25.857+0800] {processor.py:925} INFO - DAG(s) 'tutorial_taskflow_templates' retrieved from /home/anhtupham99/miniforge3/envs/nba/lib/python3.11/site-packages/airflow/example_dags/tutorial_taskflow_templates.py
[2025-01-30T03:07:25.869+0800] {logging_mixin.py:190} INFO - [2025-01-30T03:07:25.869+0800] {dag.py:3239} INFO - Sync 1 DAGs
[2025-01-30T03:07:25.885+0800] {logging_mixin.py:190} INFO - [2025-01-30T03:07:25.885+0800] {dag.py:4180} INFO - Setting next_dagrun for tutorial_taskflow_templates to 2025-01-28 00:00:00+00:00, run_after=2025-01-29 00:00:00+00:00
[2025-01-30T03:07:25.910+0800] {processor.py:208} INFO - Processing /home/anhtupham99/miniforge3/envs/nba/lib/python3.11/site-packages/airflow/example_dags/tutorial_taskflow_templates.py took 0.073 seconds
[2025-01-30T03:08:14.672+0800] {processor.py:186} INFO - Started process (PID=26198) to work on /home/anhtupham99/miniforge3/envs/nba/lib/python3.11/site-packages/airflow/example_dags/tutorial_taskflow_templates.py
[2025-01-30T03:08:14.676+0800] {processor.py:914} INFO - Processing file /home/anhtupham99/miniforge3/envs/nba/lib/python3.11/site-packages/airflow/example_dags/tutorial_taskflow_templates.py for tasks to queue
[2025-01-30T03:08:14.678+0800] {logging_mixin.py:190} INFO - [2025-01-30T03:08:14.678+0800] {dagbag.py:588} INFO - Filling up the DagBag from /home/anhtupham99/miniforge3/envs/nba/lib/python3.11/site-packages/airflow/example_dags/tutorial_taskflow_templates.py
[2025-01-30T03:08:14.689+0800] {processor.py:925} INFO - DAG(s) 'tutorial_taskflow_templates' retrieved from /home/anhtupham99/miniforge3/envs/nba/lib/python3.11/site-packages/airflow/example_dags/tutorial_taskflow_templates.py
[2025-01-30T03:08:14.702+0800] {logging_mixin.py:190} INFO - [2025-01-30T03:08:14.702+0800] {dag.py:3239} INFO - Sync 1 DAGs
[2025-01-30T03:08:14.717+0800] {logging_mixin.py:190} INFO - [2025-01-30T03:08:14.717+0800] {dag.py:4180} INFO - Setting next_dagrun for tutorial_taskflow_templates to 2025-01-28 00:00:00+00:00, run_after=2025-01-29 00:00:00+00:00
[2025-01-30T03:08:14.742+0800] {processor.py:208} INFO - Processing /home/anhtupham99/miniforge3/envs/nba/lib/python3.11/site-packages/airflow/example_dags/tutorial_taskflow_templates.py took 0.075 seconds
[2025-01-30T03:09:26.006+0800] {processor.py:186} INFO - Started process (PID=26604) to work on /home/anhtupham99/miniforge3/envs/nba/lib/python3.11/site-packages/airflow/example_dags/tutorial_taskflow_templates.py
[2025-01-30T03:09:26.007+0800] {processor.py:914} INFO - Processing file /home/anhtupham99/miniforge3/envs/nba/lib/python3.11/site-packages/airflow/example_dags/tutorial_taskflow_templates.py for tasks to queue
[2025-01-30T03:09:26.009+0800] {logging_mixin.py:190} INFO - [2025-01-30T03:09:26.009+0800] {dagbag.py:588} INFO - Filling up the DagBag from /home/anhtupham99/miniforge3/envs/nba/lib/python3.11/site-packages/airflow/example_dags/tutorial_taskflow_templates.py
[2025-01-30T03:09:26.019+0800] {processor.py:925} INFO - DAG(s) 'tutorial_taskflow_templates' retrieved from /home/anhtupham99/miniforge3/envs/nba/lib/python3.11/site-packages/airflow/example_dags/tutorial_taskflow_templates.py
[2025-01-30T03:09:26.030+0800] {logging_mixin.py:190} INFO - [2025-01-30T03:09:26.029+0800] {dag.py:3239} INFO - Sync 1 DAGs
[2025-01-30T03:09:26.043+0800] {logging_mixin.py:190} INFO - [2025-01-30T03:09:26.043+0800] {dag.py:4180} INFO - Setting next_dagrun for tutorial_taskflow_templates to 2025-01-28 00:00:00+00:00, run_after=2025-01-29 00:00:00+00:00
[2025-01-30T03:09:26.066+0800] {processor.py:208} INFO - Processing /home/anhtupham99/miniforge3/envs/nba/lib/python3.11/site-packages/airflow/example_dags/tutorial_taskflow_templates.py took 0.065 seconds
[2025-01-30T06:12:08.969+0800] {processor.py:186} INFO - Started process (PID=27086) to work on /home/anhtupham99/miniforge3/envs/nba/lib/python3.11/site-packages/airflow/example_dags/tutorial_taskflow_templates.py
[2025-01-30T06:12:08.970+0800] {processor.py:914} INFO - Processing file /home/anhtupham99/miniforge3/envs/nba/lib/python3.11/site-packages/airflow/example_dags/tutorial_taskflow_templates.py for tasks to queue
[2025-01-30T06:12:08.972+0800] {logging_mixin.py:190} INFO - [2025-01-30T06:12:08.972+0800] {dagbag.py:588} INFO - Filling up the DagBag from /home/anhtupham99/miniforge3/envs/nba/lib/python3.11/site-packages/airflow/example_dags/tutorial_taskflow_templates.py
[2025-01-30T06:12:08.983+0800] {processor.py:925} INFO - DAG(s) 'tutorial_taskflow_templates' retrieved from /home/anhtupham99/miniforge3/envs/nba/lib/python3.11/site-packages/airflow/example_dags/tutorial_taskflow_templates.py
[2025-01-30T06:12:08.994+0800] {logging_mixin.py:190} INFO - [2025-01-30T06:12:08.993+0800] {dag.py:3239} INFO - Sync 1 DAGs
[2025-01-30T06:12:09.007+0800] {logging_mixin.py:190} INFO - [2025-01-30T06:12:09.007+0800] {dag.py:4180} INFO - Setting next_dagrun for tutorial_taskflow_templates to 2025-01-28 00:00:00+00:00, run_after=2025-01-29 00:00:00+00:00
[2025-01-30T06:12:09.035+0800] {processor.py:208} INFO - Processing /home/anhtupham99/miniforge3/envs/nba/lib/python3.11/site-packages/airflow/example_dags/tutorial_taskflow_templates.py took 0.072 seconds
[2025-01-30T06:13:02.384+0800] {processor.py:186} INFO - Started process (PID=27398) to work on /home/anhtupham99/miniforge3/envs/nba/lib/python3.11/site-packages/airflow/example_dags/tutorial_taskflow_templates.py
[2025-01-30T06:13:02.386+0800] {processor.py:914} INFO - Processing file /home/anhtupham99/miniforge3/envs/nba/lib/python3.11/site-packages/airflow/example_dags/tutorial_taskflow_templates.py for tasks to queue
[2025-01-30T06:13:02.388+0800] {logging_mixin.py:190} INFO - [2025-01-30T06:13:02.388+0800] {dagbag.py:588} INFO - Filling up the DagBag from /home/anhtupham99/miniforge3/envs/nba/lib/python3.11/site-packages/airflow/example_dags/tutorial_taskflow_templates.py
[2025-01-30T06:13:02.401+0800] {processor.py:925} INFO - DAG(s) 'tutorial_taskflow_templates' retrieved from /home/anhtupham99/miniforge3/envs/nba/lib/python3.11/site-packages/airflow/example_dags/tutorial_taskflow_templates.py
[2025-01-30T06:13:02.412+0800] {logging_mixin.py:190} INFO - [2025-01-30T06:13:02.412+0800] {dag.py:3239} INFO - Sync 1 DAGs
[2025-01-30T06:13:02.434+0800] {logging_mixin.py:190} INFO - [2025-01-30T06:13:02.433+0800] {dag.py:4180} INFO - Setting next_dagrun for tutorial_taskflow_templates to 2025-01-28 00:00:00+00:00, run_after=2025-01-29 00:00:00+00:00
[2025-01-30T06:13:02.465+0800] {processor.py:208} INFO - Processing /home/anhtupham99/miniforge3/envs/nba/lib/python3.11/site-packages/airflow/example_dags/tutorial_taskflow_templates.py took 0.085 seconds
[2025-01-30T06:13:52.604+0800] {processor.py:186} INFO - Started process (PID=27730) to work on /home/anhtupham99/miniforge3/envs/nba/lib/python3.11/site-packages/airflow/example_dags/tutorial_taskflow_templates.py
[2025-01-30T06:13:52.606+0800] {processor.py:914} INFO - Processing file /home/anhtupham99/miniforge3/envs/nba/lib/python3.11/site-packages/airflow/example_dags/tutorial_taskflow_templates.py for tasks to queue
[2025-01-30T06:13:52.610+0800] {logging_mixin.py:190} INFO - [2025-01-30T06:13:52.609+0800] {dagbag.py:588} INFO - Filling up the DagBag from /home/anhtupham99/miniforge3/envs/nba/lib/python3.11/site-packages/airflow/example_dags/tutorial_taskflow_templates.py
[2025-01-30T06:13:52.643+0800] {processor.py:925} INFO - DAG(s) 'tutorial_taskflow_templates' retrieved from /home/anhtupham99/miniforge3/envs/nba/lib/python3.11/site-packages/airflow/example_dags/tutorial_taskflow_templates.py
[2025-01-30T06:13:52.663+0800] {logging_mixin.py:190} INFO - [2025-01-30T06:13:52.663+0800] {dag.py:3239} INFO - Sync 1 DAGs
[2025-01-30T06:13:52.698+0800] {logging_mixin.py:190} INFO - [2025-01-30T06:13:52.697+0800] {dag.py:4180} INFO - Setting next_dagrun for tutorial_taskflow_templates to 2025-01-28 00:00:00+00:00, run_after=2025-01-29 00:00:00+00:00
[2025-01-30T06:13:52.735+0800] {processor.py:208} INFO - Processing /home/anhtupham99/miniforge3/envs/nba/lib/python3.11/site-packages/airflow/example_dags/tutorial_taskflow_templates.py took 0.138 seconds
