[2025-01-30T02:35:04.112+0800] {processor.py:186} INFO - Started process (PID=14485) to work on /home/anhtupham99/miniforge3/envs/nba/lib/python3.11/site-packages/airflow/example_dags/tutorial.py
[2025-01-30T02:35:04.114+0800] {processor.py:914} INFO - Processing file /home/anhtupham99/miniforge3/envs/nba/lib/python3.11/site-packages/airflow/example_dags/tutorial.py for tasks to queue
[2025-01-30T02:35:04.119+0800] {logging_mixin.py:190} INFO - [2025-01-30T02:35:04.118+0800] {dagbag.py:588} INFO - Filling up the DagBag from /home/anhtupham99/miniforge3/envs/nba/lib/python3.11/site-packages/airflow/example_dags/tutorial.py
[2025-01-30T02:35:04.142+0800] {processor.py:925} INFO - DAG(s) 'tutorial' retrieved from /home/anhtupham99/miniforge3/envs/nba/lib/python3.11/site-packages/airflow/example_dags/tutorial.py
[2025-01-30T02:35:04.238+0800] {logging_mixin.py:190} INFO - [2025-01-30T02:35:04.238+0800] {override.py:1911} INFO - Created Permission View: can delete on DAG:tutorial
[2025-01-30T02:35:04.258+0800] {logging_mixin.py:190} INFO - [2025-01-30T02:35:04.257+0800] {override.py:1911} INFO - Created Permission View: can read on DAG:tutorial
[2025-01-30T02:35:04.279+0800] {logging_mixin.py:190} INFO - [2025-01-30T02:35:04.279+0800] {override.py:1911} INFO - Created Permission View: can edit on DAG:tutorial
[2025-01-30T02:35:04.312+0800] {logging_mixin.py:190} INFO - [2025-01-30T02:35:04.312+0800] {override.py:1911} INFO - Created Permission View: can delete on DAG Run:tutorial
[2025-01-30T02:35:04.329+0800] {logging_mixin.py:190} INFO - [2025-01-30T02:35:04.329+0800] {override.py:1911} INFO - Created Permission View: can create on DAG Run:tutorial
[2025-01-30T02:35:04.346+0800] {logging_mixin.py:190} INFO - [2025-01-30T02:35:04.346+0800] {override.py:1911} INFO - Created Permission View: menu access on DAG Run:tutorial
[2025-01-30T02:35:04.368+0800] {logging_mixin.py:190} INFO - [2025-01-30T02:35:04.368+0800] {override.py:1911} INFO - Created Permission View: can read on DAG Run:tutorial
[2025-01-30T02:35:04.369+0800] {logging_mixin.py:190} INFO - [2025-01-30T02:35:04.368+0800] {dag.py:3239} INFO - Sync 1 DAGs
[2025-01-30T02:35:04.388+0800] {logging_mixin.py:190} INFO - [2025-01-30T02:35:04.388+0800] {dag.py:3262} INFO - Creating ORM DAG for tutorial
[2025-01-30T02:35:04.394+0800] {logging_mixin.py:190} INFO - [2025-01-30T02:35:04.394+0800] {dag.py:4180} INFO - Setting next_dagrun for tutorial to 2025-01-28 00:00:00+00:00, run_after=2025-01-29 00:00:00+00:00
[2025-01-30T02:35:04.432+0800] {processor.py:208} INFO - Processing /home/anhtupham99/miniforge3/envs/nba/lib/python3.11/site-packages/airflow/example_dags/tutorial.py took 0.336 seconds
[2025-01-30T02:36:12.872+0800] {processor.py:186} INFO - Started process (PID=14899) to work on /home/anhtupham99/miniforge3/envs/nba/lib/python3.11/site-packages/airflow/example_dags/tutorial.py
[2025-01-30T02:36:12.875+0800] {processor.py:914} INFO - Processing file /home/anhtupham99/miniforge3/envs/nba/lib/python3.11/site-packages/airflow/example_dags/tutorial.py for tasks to queue
[2025-01-30T02:36:12.880+0800] {logging_mixin.py:190} INFO - [2025-01-30T02:36:12.880+0800] {dagbag.py:588} INFO - Filling up the DagBag from /home/anhtupham99/miniforge3/envs/nba/lib/python3.11/site-packages/airflow/example_dags/tutorial.py
[2025-01-30T02:36:12.889+0800] {processor.py:925} INFO - DAG(s) 'tutorial' retrieved from /home/anhtupham99/miniforge3/envs/nba/lib/python3.11/site-packages/airflow/example_dags/tutorial.py
[2025-01-30T02:36:12.906+0800] {logging_mixin.py:190} INFO - [2025-01-30T02:36:12.906+0800] {dag.py:3239} INFO - Sync 1 DAGs
[2025-01-30T02:36:12.918+0800] {logging_mixin.py:190} INFO - [2025-01-30T02:36:12.918+0800] {dag.py:4180} INFO - Setting next_dagrun for tutorial to 2025-01-28 00:00:00+00:00, run_after=2025-01-29 00:00:00+00:00
[2025-01-30T02:36:12.946+0800] {processor.py:208} INFO - Processing /home/anhtupham99/miniforge3/envs/nba/lib/python3.11/site-packages/airflow/example_dags/tutorial.py took 0.090 seconds
[2025-01-30T02:48:11.374+0800] {processor.py:186} INFO - Started process (PID=19107) to work on /home/anhtupham99/miniforge3/envs/nba/lib/python3.11/site-packages/airflow/example_dags/tutorial.py
[2025-01-30T02:48:11.377+0800] {processor.py:914} INFO - Processing file /home/anhtupham99/miniforge3/envs/nba/lib/python3.11/site-packages/airflow/example_dags/tutorial.py for tasks to queue
[2025-01-30T02:48:11.383+0800] {logging_mixin.py:190} INFO - [2025-01-30T02:48:11.382+0800] {dagbag.py:588} INFO - Filling up the DagBag from /home/anhtupham99/miniforge3/envs/nba/lib/python3.11/site-packages/airflow/example_dags/tutorial.py
[2025-01-30T02:48:11.403+0800] {processor.py:925} INFO - DAG(s) 'tutorial' retrieved from /home/anhtupham99/miniforge3/envs/nba/lib/python3.11/site-packages/airflow/example_dags/tutorial.py
[2025-01-30T02:48:11.430+0800] {logging_mixin.py:190} INFO - [2025-01-30T02:48:11.430+0800] {dag.py:3239} INFO - Sync 1 DAGs
[2025-01-30T02:48:11.444+0800] {logging_mixin.py:190} INFO - [2025-01-30T02:48:11.444+0800] {dag.py:4180} INFO - Setting next_dagrun for tutorial to 2025-01-28 00:00:00+00:00, run_after=2025-01-29 00:00:00+00:00
[2025-01-30T02:48:11.468+0800] {processor.py:208} INFO - Processing /home/anhtupham99/miniforge3/envs/nba/lib/python3.11/site-packages/airflow/example_dags/tutorial.py took 0.102 seconds
[2025-01-30T02:49:08.460+0800] {processor.py:186} INFO - Started process (PID=19423) to work on /home/anhtupham99/miniforge3/envs/nba/lib/python3.11/site-packages/airflow/example_dags/tutorial.py
[2025-01-30T02:49:08.462+0800] {processor.py:914} INFO - Processing file /home/anhtupham99/miniforge3/envs/nba/lib/python3.11/site-packages/airflow/example_dags/tutorial.py for tasks to queue
[2025-01-30T02:49:08.465+0800] {logging_mixin.py:190} INFO - [2025-01-30T02:49:08.465+0800] {dagbag.py:588} INFO - Filling up the DagBag from /home/anhtupham99/miniforge3/envs/nba/lib/python3.11/site-packages/airflow/example_dags/tutorial.py
[2025-01-30T02:49:08.476+0800] {processor.py:925} INFO - DAG(s) 'tutorial' retrieved from /home/anhtupham99/miniforge3/envs/nba/lib/python3.11/site-packages/airflow/example_dags/tutorial.py
[2025-01-30T02:49:08.490+0800] {logging_mixin.py:190} INFO - [2025-01-30T02:49:08.490+0800] {dag.py:3239} INFO - Sync 1 DAGs
[2025-01-30T02:49:08.504+0800] {logging_mixin.py:190} INFO - [2025-01-30T02:49:08.503+0800] {dag.py:4180} INFO - Setting next_dagrun for tutorial to 2025-01-28 00:00:00+00:00, run_after=2025-01-29 00:00:00+00:00
[2025-01-30T02:49:08.527+0800] {processor.py:208} INFO - Processing /home/anhtupham99/miniforge3/envs/nba/lib/python3.11/site-packages/airflow/example_dags/tutorial.py took 0.077 seconds
[2025-01-30T02:49:59.954+0800] {processor.py:186} INFO - Started process (PID=19745) to work on /home/anhtupham99/miniforge3/envs/nba/lib/python3.11/site-packages/airflow/example_dags/tutorial.py
[2025-01-30T02:49:59.956+0800] {processor.py:914} INFO - Processing file /home/anhtupham99/miniforge3/envs/nba/lib/python3.11/site-packages/airflow/example_dags/tutorial.py for tasks to queue
[2025-01-30T02:49:59.960+0800] {logging_mixin.py:190} INFO - [2025-01-30T02:49:59.959+0800] {dagbag.py:588} INFO - Filling up the DagBag from /home/anhtupham99/miniforge3/envs/nba/lib/python3.11/site-packages/airflow/example_dags/tutorial.py
[2025-01-30T02:49:59.970+0800] {processor.py:925} INFO - DAG(s) 'tutorial' retrieved from /home/anhtupham99/miniforge3/envs/nba/lib/python3.11/site-packages/airflow/example_dags/tutorial.py
[2025-01-30T02:49:59.985+0800] {logging_mixin.py:190} INFO - [2025-01-30T02:49:59.984+0800] {dag.py:3239} INFO - Sync 1 DAGs
[2025-01-30T02:50:00.000+0800] {logging_mixin.py:190} INFO - [2025-01-30T02:49:59.999+0800] {dag.py:4180} INFO - Setting next_dagrun for tutorial to 2025-01-28 00:00:00+00:00, run_after=2025-01-29 00:00:00+00:00
[2025-01-30T02:50:00.038+0800] {processor.py:208} INFO - Processing /home/anhtupham99/miniforge3/envs/nba/lib/python3.11/site-packages/airflow/example_dags/tutorial.py took 0.091 seconds
[2025-01-30T02:50:53.684+0800] {processor.py:186} INFO - Started process (PID=20056) to work on /home/anhtupham99/miniforge3/envs/nba/lib/python3.11/site-packages/airflow/example_dags/tutorial.py
[2025-01-30T02:50:53.689+0800] {processor.py:914} INFO - Processing file /home/anhtupham99/miniforge3/envs/nba/lib/python3.11/site-packages/airflow/example_dags/tutorial.py for tasks to queue
[2025-01-30T02:50:53.694+0800] {logging_mixin.py:190} INFO - [2025-01-30T02:50:53.693+0800] {dagbag.py:588} INFO - Filling up the DagBag from /home/anhtupham99/miniforge3/envs/nba/lib/python3.11/site-packages/airflow/example_dags/tutorial.py
[2025-01-30T02:50:53.706+0800] {processor.py:925} INFO - DAG(s) 'tutorial' retrieved from /home/anhtupham99/miniforge3/envs/nba/lib/python3.11/site-packages/airflow/example_dags/tutorial.py
[2025-01-30T02:50:53.720+0800] {logging_mixin.py:190} INFO - [2025-01-30T02:50:53.719+0800] {dag.py:3239} INFO - Sync 1 DAGs
[2025-01-30T02:50:53.732+0800] {logging_mixin.py:190} INFO - [2025-01-30T02:50:53.731+0800] {dag.py:4180} INFO - Setting next_dagrun for tutorial to 2025-01-28 00:00:00+00:00, run_after=2025-01-29 00:00:00+00:00
[2025-01-30T02:50:53.775+0800] {processor.py:208} INFO - Processing /home/anhtupham99/miniforge3/envs/nba/lib/python3.11/site-packages/airflow/example_dags/tutorial.py took 0.102 seconds
[2025-01-30T02:51:49.584+0800] {processor.py:186} INFO - Started process (PID=20352) to work on /home/anhtupham99/miniforge3/envs/nba/lib/python3.11/site-packages/airflow/example_dags/tutorial.py
[2025-01-30T02:51:49.585+0800] {processor.py:914} INFO - Processing file /home/anhtupham99/miniforge3/envs/nba/lib/python3.11/site-packages/airflow/example_dags/tutorial.py for tasks to queue
[2025-01-30T02:51:49.587+0800] {logging_mixin.py:190} INFO - [2025-01-30T02:51:49.587+0800] {dagbag.py:588} INFO - Filling up the DagBag from /home/anhtupham99/miniforge3/envs/nba/lib/python3.11/site-packages/airflow/example_dags/tutorial.py
[2025-01-30T02:51:49.593+0800] {processor.py:925} INFO - DAG(s) 'tutorial' retrieved from /home/anhtupham99/miniforge3/envs/nba/lib/python3.11/site-packages/airflow/example_dags/tutorial.py
[2025-01-30T02:51:49.603+0800] {logging_mixin.py:190} INFO - [2025-01-30T02:51:49.603+0800] {dag.py:3239} INFO - Sync 1 DAGs
[2025-01-30T02:51:49.615+0800] {logging_mixin.py:190} INFO - [2025-01-30T02:51:49.615+0800] {dag.py:4180} INFO - Setting next_dagrun for tutorial to 2025-01-28 00:00:00+00:00, run_after=2025-01-29 00:00:00+00:00
[2025-01-30T02:51:49.654+0800] {processor.py:208} INFO - Processing /home/anhtupham99/miniforge3/envs/nba/lib/python3.11/site-packages/airflow/example_dags/tutorial.py took 0.074 seconds
[2025-01-30T02:52:42.364+0800] {processor.py:186} INFO - Started process (PID=20683) to work on /home/anhtupham99/miniforge3/envs/nba/lib/python3.11/site-packages/airflow/example_dags/tutorial.py
[2025-01-30T02:52:42.366+0800] {processor.py:914} INFO - Processing file /home/anhtupham99/miniforge3/envs/nba/lib/python3.11/site-packages/airflow/example_dags/tutorial.py for tasks to queue
[2025-01-30T02:52:42.371+0800] {logging_mixin.py:190} INFO - [2025-01-30T02:52:42.371+0800] {dagbag.py:588} INFO - Filling up the DagBag from /home/anhtupham99/miniforge3/envs/nba/lib/python3.11/site-packages/airflow/example_dags/tutorial.py
[2025-01-30T02:52:42.385+0800] {processor.py:925} INFO - DAG(s) 'tutorial' retrieved from /home/anhtupham99/miniforge3/envs/nba/lib/python3.11/site-packages/airflow/example_dags/tutorial.py
[2025-01-30T02:52:42.400+0800] {logging_mixin.py:190} INFO - [2025-01-30T02:52:42.399+0800] {dag.py:3239} INFO - Sync 1 DAGs
[2025-01-30T02:52:42.413+0800] {logging_mixin.py:190} INFO - [2025-01-30T02:52:42.412+0800] {dag.py:4180} INFO - Setting next_dagrun for tutorial to 2025-01-28 00:00:00+00:00, run_after=2025-01-29 00:00:00+00:00
[2025-01-30T02:52:42.444+0800] {processor.py:208} INFO - Processing /home/anhtupham99/miniforge3/envs/nba/lib/python3.11/site-packages/airflow/example_dags/tutorial.py took 0.094 seconds
[2025-01-30T02:53:34.856+0800] {processor.py:186} INFO - Started process (PID=20978) to work on /home/anhtupham99/miniforge3/envs/nba/lib/python3.11/site-packages/airflow/example_dags/tutorial.py
[2025-01-30T02:53:34.860+0800] {processor.py:914} INFO - Processing file /home/anhtupham99/miniforge3/envs/nba/lib/python3.11/site-packages/airflow/example_dags/tutorial.py for tasks to queue
[2025-01-30T02:53:34.862+0800] {logging_mixin.py:190} INFO - [2025-01-30T02:53:34.862+0800] {dagbag.py:588} INFO - Filling up the DagBag from /home/anhtupham99/miniforge3/envs/nba/lib/python3.11/site-packages/airflow/example_dags/tutorial.py
[2025-01-30T02:53:34.867+0800] {processor.py:925} INFO - DAG(s) 'tutorial' retrieved from /home/anhtupham99/miniforge3/envs/nba/lib/python3.11/site-packages/airflow/example_dags/tutorial.py
[2025-01-30T02:53:34.877+0800] {logging_mixin.py:190} INFO - [2025-01-30T02:53:34.877+0800] {dag.py:3239} INFO - Sync 1 DAGs
[2025-01-30T02:53:34.890+0800] {logging_mixin.py:190} INFO - [2025-01-30T02:53:34.890+0800] {dag.py:4180} INFO - Setting next_dagrun for tutorial to 2025-01-28 00:00:00+00:00, run_after=2025-01-29 00:00:00+00:00
[2025-01-30T02:53:34.914+0800] {processor.py:208} INFO - Processing /home/anhtupham99/miniforge3/envs/nba/lib/python3.11/site-packages/airflow/example_dags/tutorial.py took 0.061 seconds
[2025-01-30T02:54:25.622+0800] {processor.py:186} INFO - Started process (PID=21271) to work on /home/anhtupham99/miniforge3/envs/nba/lib/python3.11/site-packages/airflow/example_dags/tutorial.py
[2025-01-30T02:54:25.623+0800] {processor.py:914} INFO - Processing file /home/anhtupham99/miniforge3/envs/nba/lib/python3.11/site-packages/airflow/example_dags/tutorial.py for tasks to queue
[2025-01-30T02:54:25.625+0800] {logging_mixin.py:190} INFO - [2025-01-30T02:54:25.625+0800] {dagbag.py:588} INFO - Filling up the DagBag from /home/anhtupham99/miniforge3/envs/nba/lib/python3.11/site-packages/airflow/example_dags/tutorial.py
[2025-01-30T02:54:25.632+0800] {processor.py:925} INFO - DAG(s) 'tutorial' retrieved from /home/anhtupham99/miniforge3/envs/nba/lib/python3.11/site-packages/airflow/example_dags/tutorial.py
[2025-01-30T02:54:25.642+0800] {logging_mixin.py:190} INFO - [2025-01-30T02:54:25.642+0800] {dag.py:3239} INFO - Sync 1 DAGs
[2025-01-30T02:54:25.656+0800] {logging_mixin.py:190} INFO - [2025-01-30T02:54:25.655+0800] {dag.py:4180} INFO - Setting next_dagrun for tutorial to 2025-01-28 00:00:00+00:00, run_after=2025-01-29 00:00:00+00:00
[2025-01-30T02:54:25.677+0800] {processor.py:208} INFO - Processing /home/anhtupham99/miniforge3/envs/nba/lib/python3.11/site-packages/airflow/example_dags/tutorial.py took 0.060 seconds
[2025-01-30T02:55:21.277+0800] {processor.py:186} INFO - Started process (PID=21581) to work on /home/anhtupham99/miniforge3/envs/nba/lib/python3.11/site-packages/airflow/example_dags/tutorial.py
[2025-01-30T02:55:21.281+0800] {processor.py:914} INFO - Processing file /home/anhtupham99/miniforge3/envs/nba/lib/python3.11/site-packages/airflow/example_dags/tutorial.py for tasks to queue
[2025-01-30T02:55:21.283+0800] {logging_mixin.py:190} INFO - [2025-01-30T02:55:21.282+0800] {dagbag.py:588} INFO - Filling up the DagBag from /home/anhtupham99/miniforge3/envs/nba/lib/python3.11/site-packages/airflow/example_dags/tutorial.py
[2025-01-30T02:55:21.290+0800] {processor.py:925} INFO - DAG(s) 'tutorial' retrieved from /home/anhtupham99/miniforge3/envs/nba/lib/python3.11/site-packages/airflow/example_dags/tutorial.py
[2025-01-30T02:55:21.301+0800] {logging_mixin.py:190} INFO - [2025-01-30T02:55:21.301+0800] {dag.py:3239} INFO - Sync 1 DAGs
[2025-01-30T02:55:21.315+0800] {logging_mixin.py:190} INFO - [2025-01-30T02:55:21.315+0800] {dag.py:4180} INFO - Setting next_dagrun for tutorial to 2025-01-28 00:00:00+00:00, run_after=2025-01-29 00:00:00+00:00
[2025-01-30T02:55:21.338+0800] {processor.py:208} INFO - Processing /home/anhtupham99/miniforge3/envs/nba/lib/python3.11/site-packages/airflow/example_dags/tutorial.py took 0.065 seconds
[2025-01-30T02:56:07.832+0800] {processor.py:186} INFO - Started process (PID=21875) to work on /home/anhtupham99/miniforge3/envs/nba/lib/python3.11/site-packages/airflow/example_dags/tutorial.py
[2025-01-30T02:56:07.834+0800] {processor.py:914} INFO - Processing file /home/anhtupham99/miniforge3/envs/nba/lib/python3.11/site-packages/airflow/example_dags/tutorial.py for tasks to queue
[2025-01-30T02:56:07.835+0800] {logging_mixin.py:190} INFO - [2025-01-30T02:56:07.835+0800] {dagbag.py:588} INFO - Filling up the DagBag from /home/anhtupham99/miniforge3/envs/nba/lib/python3.11/site-packages/airflow/example_dags/tutorial.py
[2025-01-30T02:56:07.841+0800] {processor.py:925} INFO - DAG(s) 'tutorial' retrieved from /home/anhtupham99/miniforge3/envs/nba/lib/python3.11/site-packages/airflow/example_dags/tutorial.py
[2025-01-30T02:56:07.851+0800] {logging_mixin.py:190} INFO - [2025-01-30T02:56:07.851+0800] {dag.py:3239} INFO - Sync 1 DAGs
[2025-01-30T02:56:07.864+0800] {logging_mixin.py:190} INFO - [2025-01-30T02:56:07.864+0800] {dag.py:4180} INFO - Setting next_dagrun for tutorial to 2025-01-28 00:00:00+00:00, run_after=2025-01-29 00:00:00+00:00
[2025-01-30T02:56:07.887+0800] {processor.py:208} INFO - Processing /home/anhtupham99/miniforge3/envs/nba/lib/python3.11/site-packages/airflow/example_dags/tutorial.py took 0.059 seconds
[2025-01-30T02:56:56.222+0800] {processor.py:186} INFO - Started process (PID=22142) to work on /home/anhtupham99/miniforge3/envs/nba/lib/python3.11/site-packages/airflow/example_dags/tutorial.py
[2025-01-30T02:56:56.223+0800] {processor.py:914} INFO - Processing file /home/anhtupham99/miniforge3/envs/nba/lib/python3.11/site-packages/airflow/example_dags/tutorial.py for tasks to queue
[2025-01-30T02:56:56.225+0800] {logging_mixin.py:190} INFO - [2025-01-30T02:56:56.224+0800] {dagbag.py:588} INFO - Filling up the DagBag from /home/anhtupham99/miniforge3/envs/nba/lib/python3.11/site-packages/airflow/example_dags/tutorial.py
[2025-01-30T02:56:56.232+0800] {processor.py:925} INFO - DAG(s) 'tutorial' retrieved from /home/anhtupham99/miniforge3/envs/nba/lib/python3.11/site-packages/airflow/example_dags/tutorial.py
[2025-01-30T02:56:56.243+0800] {logging_mixin.py:190} INFO - [2025-01-30T02:56:56.243+0800] {dag.py:3239} INFO - Sync 1 DAGs
[2025-01-30T02:56:56.257+0800] {logging_mixin.py:190} INFO - [2025-01-30T02:56:56.256+0800] {dag.py:4180} INFO - Setting next_dagrun for tutorial to 2025-01-28 00:00:00+00:00, run_after=2025-01-29 00:00:00+00:00
[2025-01-30T02:56:56.279+0800] {processor.py:208} INFO - Processing /home/anhtupham99/miniforge3/envs/nba/lib/python3.11/site-packages/airflow/example_dags/tutorial.py took 0.062 seconds
[2025-01-30T02:57:42.834+0800] {processor.py:186} INFO - Started process (PID=22468) to work on /home/anhtupham99/miniforge3/envs/nba/lib/python3.11/site-packages/airflow/example_dags/tutorial.py
[2025-01-30T02:57:42.835+0800] {processor.py:914} INFO - Processing file /home/anhtupham99/miniforge3/envs/nba/lib/python3.11/site-packages/airflow/example_dags/tutorial.py for tasks to queue
[2025-01-30T02:57:42.837+0800] {logging_mixin.py:190} INFO - [2025-01-30T02:57:42.836+0800] {dagbag.py:588} INFO - Filling up the DagBag from /home/anhtupham99/miniforge3/envs/nba/lib/python3.11/site-packages/airflow/example_dags/tutorial.py
[2025-01-30T02:57:42.843+0800] {processor.py:925} INFO - DAG(s) 'tutorial' retrieved from /home/anhtupham99/miniforge3/envs/nba/lib/python3.11/site-packages/airflow/example_dags/tutorial.py
[2025-01-30T02:57:42.853+0800] {logging_mixin.py:190} INFO - [2025-01-30T02:57:42.853+0800] {dag.py:3239} INFO - Sync 1 DAGs
[2025-01-30T02:57:42.866+0800] {logging_mixin.py:190} INFO - [2025-01-30T02:57:42.865+0800] {dag.py:4180} INFO - Setting next_dagrun for tutorial to 2025-01-28 00:00:00+00:00, run_after=2025-01-29 00:00:00+00:00
[2025-01-30T02:57:42.892+0800] {processor.py:208} INFO - Processing /home/anhtupham99/miniforge3/envs/nba/lib/python3.11/site-packages/airflow/example_dags/tutorial.py took 0.063 seconds
[2025-01-30T02:58:33.153+0800] {processor.py:186} INFO - Started process (PID=22747) to work on /home/anhtupham99/miniforge3/envs/nba/lib/python3.11/site-packages/airflow/example_dags/tutorial.py
[2025-01-30T02:58:33.157+0800] {processor.py:914} INFO - Processing file /home/anhtupham99/miniforge3/envs/nba/lib/python3.11/site-packages/airflow/example_dags/tutorial.py for tasks to queue
[2025-01-30T02:58:33.158+0800] {logging_mixin.py:190} INFO - [2025-01-30T02:58:33.158+0800] {dagbag.py:588} INFO - Filling up the DagBag from /home/anhtupham99/miniforge3/envs/nba/lib/python3.11/site-packages/airflow/example_dags/tutorial.py
[2025-01-30T02:58:33.165+0800] {processor.py:925} INFO - DAG(s) 'tutorial' retrieved from /home/anhtupham99/miniforge3/envs/nba/lib/python3.11/site-packages/airflow/example_dags/tutorial.py
[2025-01-30T02:58:33.176+0800] {logging_mixin.py:190} INFO - [2025-01-30T02:58:33.176+0800] {dag.py:3239} INFO - Sync 1 DAGs
[2025-01-30T02:58:33.190+0800] {logging_mixin.py:190} INFO - [2025-01-30T02:58:33.190+0800] {dag.py:4180} INFO - Setting next_dagrun for tutorial to 2025-01-28 00:00:00+00:00, run_after=2025-01-29 00:00:00+00:00
[2025-01-30T02:58:33.212+0800] {processor.py:208} INFO - Processing /home/anhtupham99/miniforge3/envs/nba/lib/python3.11/site-packages/airflow/example_dags/tutorial.py took 0.063 seconds
[2025-01-30T02:59:23.698+0800] {processor.py:186} INFO - Started process (PID=23043) to work on /home/anhtupham99/miniforge3/envs/nba/lib/python3.11/site-packages/airflow/example_dags/tutorial.py
[2025-01-30T02:59:23.700+0800] {processor.py:914} INFO - Processing file /home/anhtupham99/miniforge3/envs/nba/lib/python3.11/site-packages/airflow/example_dags/tutorial.py for tasks to queue
[2025-01-30T02:59:23.701+0800] {logging_mixin.py:190} INFO - [2025-01-30T02:59:23.701+0800] {dagbag.py:588} INFO - Filling up the DagBag from /home/anhtupham99/miniforge3/envs/nba/lib/python3.11/site-packages/airflow/example_dags/tutorial.py
[2025-01-30T02:59:23.707+0800] {processor.py:925} INFO - DAG(s) 'tutorial' retrieved from /home/anhtupham99/miniforge3/envs/nba/lib/python3.11/site-packages/airflow/example_dags/tutorial.py
[2025-01-30T02:59:23.717+0800] {logging_mixin.py:190} INFO - [2025-01-30T02:59:23.717+0800] {dag.py:3239} INFO - Sync 1 DAGs
[2025-01-30T02:59:23.729+0800] {logging_mixin.py:190} INFO - [2025-01-30T02:59:23.729+0800] {dag.py:4180} INFO - Setting next_dagrun for tutorial to 2025-01-28 00:00:00+00:00, run_after=2025-01-29 00:00:00+00:00
[2025-01-30T02:59:23.751+0800] {processor.py:208} INFO - Processing /home/anhtupham99/miniforge3/envs/nba/lib/python3.11/site-packages/airflow/example_dags/tutorial.py took 0.057 seconds
[2025-01-30T03:00:16.239+0800] {processor.py:186} INFO - Started process (PID=23353) to work on /home/anhtupham99/miniforge3/envs/nba/lib/python3.11/site-packages/airflow/example_dags/tutorial.py
[2025-01-30T03:00:16.241+0800] {processor.py:914} INFO - Processing file /home/anhtupham99/miniforge3/envs/nba/lib/python3.11/site-packages/airflow/example_dags/tutorial.py for tasks to queue
[2025-01-30T03:00:16.242+0800] {logging_mixin.py:190} INFO - [2025-01-30T03:00:16.242+0800] {dagbag.py:588} INFO - Filling up the DagBag from /home/anhtupham99/miniforge3/envs/nba/lib/python3.11/site-packages/airflow/example_dags/tutorial.py
[2025-01-30T03:00:16.248+0800] {processor.py:925} INFO - DAG(s) 'tutorial' retrieved from /home/anhtupham99/miniforge3/envs/nba/lib/python3.11/site-packages/airflow/example_dags/tutorial.py
[2025-01-30T03:00:16.258+0800] {logging_mixin.py:190} INFO - [2025-01-30T03:00:16.258+0800] {dag.py:3239} INFO - Sync 1 DAGs
[2025-01-30T03:00:16.270+0800] {logging_mixin.py:190} INFO - [2025-01-30T03:00:16.270+0800] {dag.py:4180} INFO - Setting next_dagrun for tutorial to 2025-01-28 00:00:00+00:00, run_after=2025-01-29 00:00:00+00:00
[2025-01-30T03:00:16.291+0800] {processor.py:208} INFO - Processing /home/anhtupham99/miniforge3/envs/nba/lib/python3.11/site-packages/airflow/example_dags/tutorial.py took 0.056 seconds
[2025-01-30T03:01:03.082+0800] {processor.py:186} INFO - Started process (PID=23619) to work on /home/anhtupham99/miniforge3/envs/nba/lib/python3.11/site-packages/airflow/example_dags/tutorial.py
[2025-01-30T03:01:03.084+0800] {processor.py:914} INFO - Processing file /home/anhtupham99/miniforge3/envs/nba/lib/python3.11/site-packages/airflow/example_dags/tutorial.py for tasks to queue
[2025-01-30T03:01:03.085+0800] {logging_mixin.py:190} INFO - [2025-01-30T03:01:03.085+0800] {dagbag.py:588} INFO - Filling up the DagBag from /home/anhtupham99/miniforge3/envs/nba/lib/python3.11/site-packages/airflow/example_dags/tutorial.py
[2025-01-30T03:01:03.091+0800] {processor.py:925} INFO - DAG(s) 'tutorial' retrieved from /home/anhtupham99/miniforge3/envs/nba/lib/python3.11/site-packages/airflow/example_dags/tutorial.py
[2025-01-30T03:01:03.101+0800] {logging_mixin.py:190} INFO - [2025-01-30T03:01:03.101+0800] {dag.py:3239} INFO - Sync 1 DAGs
[2025-01-30T03:01:03.112+0800] {logging_mixin.py:190} INFO - [2025-01-30T03:01:03.112+0800] {dag.py:4180} INFO - Setting next_dagrun for tutorial to 2025-01-28 00:00:00+00:00, run_after=2025-01-29 00:00:00+00:00
[2025-01-30T03:01:03.133+0800] {processor.py:208} INFO - Processing /home/anhtupham99/miniforge3/envs/nba/lib/python3.11/site-packages/airflow/example_dags/tutorial.py took 0.054 seconds
[2025-01-30T03:01:50.663+0800] {processor.py:186} INFO - Started process (PID=23889) to work on /home/anhtupham99/miniforge3/envs/nba/lib/python3.11/site-packages/airflow/example_dags/tutorial.py
[2025-01-30T03:01:50.664+0800] {processor.py:914} INFO - Processing file /home/anhtupham99/miniforge3/envs/nba/lib/python3.11/site-packages/airflow/example_dags/tutorial.py for tasks to queue
[2025-01-30T03:01:50.666+0800] {logging_mixin.py:190} INFO - [2025-01-30T03:01:50.666+0800] {dagbag.py:588} INFO - Filling up the DagBag from /home/anhtupham99/miniforge3/envs/nba/lib/python3.11/site-packages/airflow/example_dags/tutorial.py
[2025-01-30T03:01:50.672+0800] {processor.py:925} INFO - DAG(s) 'tutorial' retrieved from /home/anhtupham99/miniforge3/envs/nba/lib/python3.11/site-packages/airflow/example_dags/tutorial.py
[2025-01-30T03:01:50.682+0800] {logging_mixin.py:190} INFO - [2025-01-30T03:01:50.682+0800] {dag.py:3239} INFO - Sync 1 DAGs
[2025-01-30T03:01:50.695+0800] {logging_mixin.py:190} INFO - [2025-01-30T03:01:50.695+0800] {dag.py:4180} INFO - Setting next_dagrun for tutorial to 2025-01-28 00:00:00+00:00, run_after=2025-01-29 00:00:00+00:00
[2025-01-30T03:01:50.717+0800] {processor.py:208} INFO - Processing /home/anhtupham99/miniforge3/envs/nba/lib/python3.11/site-packages/airflow/example_dags/tutorial.py took 0.058 seconds
[2025-01-30T03:02:37.754+0800] {processor.py:186} INFO - Started process (PID=24198) to work on /home/anhtupham99/miniforge3/envs/nba/lib/python3.11/site-packages/airflow/example_dags/tutorial.py
[2025-01-30T03:02:37.756+0800] {processor.py:914} INFO - Processing file /home/anhtupham99/miniforge3/envs/nba/lib/python3.11/site-packages/airflow/example_dags/tutorial.py for tasks to queue
[2025-01-30T03:02:37.758+0800] {logging_mixin.py:190} INFO - [2025-01-30T03:02:37.758+0800] {dagbag.py:588} INFO - Filling up the DagBag from /home/anhtupham99/miniforge3/envs/nba/lib/python3.11/site-packages/airflow/example_dags/tutorial.py
[2025-01-30T03:02:37.764+0800] {processor.py:925} INFO - DAG(s) 'tutorial' retrieved from /home/anhtupham99/miniforge3/envs/nba/lib/python3.11/site-packages/airflow/example_dags/tutorial.py
[2025-01-30T03:02:37.774+0800] {logging_mixin.py:190} INFO - [2025-01-30T03:02:37.774+0800] {dag.py:3239} INFO - Sync 1 DAGs
[2025-01-30T03:02:37.787+0800] {logging_mixin.py:190} INFO - [2025-01-30T03:02:37.787+0800] {dag.py:4180} INFO - Setting next_dagrun for tutorial to 2025-01-28 00:00:00+00:00, run_after=2025-01-29 00:00:00+00:00
[2025-01-30T03:02:37.810+0800] {processor.py:208} INFO - Processing /home/anhtupham99/miniforge3/envs/nba/lib/python3.11/site-packages/airflow/example_dags/tutorial.py took 0.060 seconds
[2025-01-30T03:03:25.533+0800] {processor.py:186} INFO - Started process (PID=24475) to work on /home/anhtupham99/miniforge3/envs/nba/lib/python3.11/site-packages/airflow/example_dags/tutorial.py
[2025-01-30T03:03:25.534+0800] {processor.py:914} INFO - Processing file /home/anhtupham99/miniforge3/envs/nba/lib/python3.11/site-packages/airflow/example_dags/tutorial.py for tasks to queue
[2025-01-30T03:03:25.536+0800] {logging_mixin.py:190} INFO - [2025-01-30T03:03:25.536+0800] {dagbag.py:588} INFO - Filling up the DagBag from /home/anhtupham99/miniforge3/envs/nba/lib/python3.11/site-packages/airflow/example_dags/tutorial.py
[2025-01-30T03:03:25.542+0800] {processor.py:925} INFO - DAG(s) 'tutorial' retrieved from /home/anhtupham99/miniforge3/envs/nba/lib/python3.11/site-packages/airflow/example_dags/tutorial.py
[2025-01-30T03:03:25.552+0800] {logging_mixin.py:190} INFO - [2025-01-30T03:03:25.552+0800] {dag.py:3239} INFO - Sync 1 DAGs
[2025-01-30T03:03:25.564+0800] {logging_mixin.py:190} INFO - [2025-01-30T03:03:25.564+0800] {dag.py:4180} INFO - Setting next_dagrun for tutorial to 2025-01-28 00:00:00+00:00, run_after=2025-01-29 00:00:00+00:00
[2025-01-30T03:03:25.585+0800] {processor.py:208} INFO - Processing /home/anhtupham99/miniforge3/envs/nba/lib/python3.11/site-packages/airflow/example_dags/tutorial.py took 0.057 seconds
[2025-01-30T03:04:15.257+0800] {processor.py:186} INFO - Started process (PID=24785) to work on /home/anhtupham99/miniforge3/envs/nba/lib/python3.11/site-packages/airflow/example_dags/tutorial.py
[2025-01-30T03:04:15.259+0800] {processor.py:914} INFO - Processing file /home/anhtupham99/miniforge3/envs/nba/lib/python3.11/site-packages/airflow/example_dags/tutorial.py for tasks to queue
[2025-01-30T03:04:15.260+0800] {logging_mixin.py:190} INFO - [2025-01-30T03:04:15.260+0800] {dagbag.py:588} INFO - Filling up the DagBag from /home/anhtupham99/miniforge3/envs/nba/lib/python3.11/site-packages/airflow/example_dags/tutorial.py
[2025-01-30T03:04:15.266+0800] {processor.py:925} INFO - DAG(s) 'tutorial' retrieved from /home/anhtupham99/miniforge3/envs/nba/lib/python3.11/site-packages/airflow/example_dags/tutorial.py
[2025-01-30T03:04:15.276+0800] {logging_mixin.py:190} INFO - [2025-01-30T03:04:15.276+0800] {dag.py:3239} INFO - Sync 1 DAGs
[2025-01-30T03:04:15.288+0800] {logging_mixin.py:190} INFO - [2025-01-30T03:04:15.288+0800] {dag.py:4180} INFO - Setting next_dagrun for tutorial to 2025-01-28 00:00:00+00:00, run_after=2025-01-29 00:00:00+00:00
[2025-01-30T03:04:15.310+0800] {processor.py:208} INFO - Processing /home/anhtupham99/miniforge3/envs/nba/lib/python3.11/site-packages/airflow/example_dags/tutorial.py took 0.057 seconds
[2025-01-30T03:05:04.852+0800] {processor.py:186} INFO - Started process (PID=25080) to work on /home/anhtupham99/miniforge3/envs/nba/lib/python3.11/site-packages/airflow/example_dags/tutorial.py
[2025-01-30T03:05:04.867+0800] {processor.py:914} INFO - Processing file /home/anhtupham99/miniforge3/envs/nba/lib/python3.11/site-packages/airflow/example_dags/tutorial.py for tasks to queue
[2025-01-30T03:05:04.870+0800] {logging_mixin.py:190} INFO - [2025-01-30T03:05:04.869+0800] {dagbag.py:588} INFO - Filling up the DagBag from /home/anhtupham99/miniforge3/envs/nba/lib/python3.11/site-packages/airflow/example_dags/tutorial.py
[2025-01-30T03:05:04.875+0800] {processor.py:925} INFO - DAG(s) 'tutorial' retrieved from /home/anhtupham99/miniforge3/envs/nba/lib/python3.11/site-packages/airflow/example_dags/tutorial.py
[2025-01-30T03:05:04.885+0800] {logging_mixin.py:190} INFO - [2025-01-30T03:05:04.885+0800] {dag.py:3239} INFO - Sync 1 DAGs
[2025-01-30T03:05:04.897+0800] {logging_mixin.py:190} INFO - [2025-01-30T03:05:04.897+0800] {dag.py:4180} INFO - Setting next_dagrun for tutorial to 2025-01-28 00:00:00+00:00, run_after=2025-01-29 00:00:00+00:00
[2025-01-30T03:05:04.958+0800] {processor.py:208} INFO - Processing /home/anhtupham99/miniforge3/envs/nba/lib/python3.11/site-packages/airflow/example_dags/tutorial.py took 0.110 seconds
[2025-01-30T03:05:54.315+0800] {processor.py:186} INFO - Started process (PID=25359) to work on /home/anhtupham99/miniforge3/envs/nba/lib/python3.11/site-packages/airflow/example_dags/tutorial.py
[2025-01-30T03:05:54.316+0800] {processor.py:914} INFO - Processing file /home/anhtupham99/miniforge3/envs/nba/lib/python3.11/site-packages/airflow/example_dags/tutorial.py for tasks to queue
[2025-01-30T03:05:54.318+0800] {logging_mixin.py:190} INFO - [2025-01-30T03:05:54.318+0800] {dagbag.py:588} INFO - Filling up the DagBag from /home/anhtupham99/miniforge3/envs/nba/lib/python3.11/site-packages/airflow/example_dags/tutorial.py
[2025-01-30T03:05:54.324+0800] {processor.py:925} INFO - DAG(s) 'tutorial' retrieved from /home/anhtupham99/miniforge3/envs/nba/lib/python3.11/site-packages/airflow/example_dags/tutorial.py
[2025-01-30T03:05:54.334+0800] {logging_mixin.py:190} INFO - [2025-01-30T03:05:54.334+0800] {dag.py:3239} INFO - Sync 1 DAGs
[2025-01-30T03:05:54.346+0800] {logging_mixin.py:190} INFO - [2025-01-30T03:05:54.346+0800] {dag.py:4180} INFO - Setting next_dagrun for tutorial to 2025-01-28 00:00:00+00:00, run_after=2025-01-29 00:00:00+00:00
[2025-01-30T03:05:54.368+0800] {processor.py:208} INFO - Processing /home/anhtupham99/miniforge3/envs/nba/lib/python3.11/site-packages/airflow/example_dags/tutorial.py took 0.058 seconds
[2025-01-30T03:06:42.872+0800] {processor.py:186} INFO - Started process (PID=25635) to work on /home/anhtupham99/miniforge3/envs/nba/lib/python3.11/site-packages/airflow/example_dags/tutorial.py
[2025-01-30T03:06:42.873+0800] {processor.py:914} INFO - Processing file /home/anhtupham99/miniforge3/envs/nba/lib/python3.11/site-packages/airflow/example_dags/tutorial.py for tasks to queue
[2025-01-30T03:06:42.875+0800] {logging_mixin.py:190} INFO - [2025-01-30T03:06:42.874+0800] {dagbag.py:588} INFO - Filling up the DagBag from /home/anhtupham99/miniforge3/envs/nba/lib/python3.11/site-packages/airflow/example_dags/tutorial.py
[2025-01-30T03:06:42.881+0800] {processor.py:925} INFO - DAG(s) 'tutorial' retrieved from /home/anhtupham99/miniforge3/envs/nba/lib/python3.11/site-packages/airflow/example_dags/tutorial.py
[2025-01-30T03:06:42.890+0800] {logging_mixin.py:190} INFO - [2025-01-30T03:06:42.890+0800] {dag.py:3239} INFO - Sync 1 DAGs
[2025-01-30T03:06:42.903+0800] {logging_mixin.py:190} INFO - [2025-01-30T03:06:42.902+0800] {dag.py:4180} INFO - Setting next_dagrun for tutorial to 2025-01-28 00:00:00+00:00, run_after=2025-01-29 00:00:00+00:00
[2025-01-30T03:06:42.932+0800] {processor.py:208} INFO - Processing /home/anhtupham99/miniforge3/envs/nba/lib/python3.11/site-packages/airflow/example_dags/tutorial.py took 0.064 seconds
[2025-01-30T03:07:33.361+0800] {processor.py:186} INFO - Started process (PID=25967) to work on /home/anhtupham99/miniforge3/envs/nba/lib/python3.11/site-packages/airflow/example_dags/tutorial.py
[2025-01-30T03:07:33.362+0800] {processor.py:914} INFO - Processing file /home/anhtupham99/miniforge3/envs/nba/lib/python3.11/site-packages/airflow/example_dags/tutorial.py for tasks to queue
[2025-01-30T03:07:33.364+0800] {logging_mixin.py:190} INFO - [2025-01-30T03:07:33.364+0800] {dagbag.py:588} INFO - Filling up the DagBag from /home/anhtupham99/miniforge3/envs/nba/lib/python3.11/site-packages/airflow/example_dags/tutorial.py
[2025-01-30T03:07:33.370+0800] {processor.py:925} INFO - DAG(s) 'tutorial' retrieved from /home/anhtupham99/miniforge3/envs/nba/lib/python3.11/site-packages/airflow/example_dags/tutorial.py
[2025-01-30T03:07:33.381+0800] {logging_mixin.py:190} INFO - [2025-01-30T03:07:33.380+0800] {dag.py:3239} INFO - Sync 1 DAGs
[2025-01-30T03:07:33.393+0800] {logging_mixin.py:190} INFO - [2025-01-30T03:07:33.393+0800] {dag.py:4180} INFO - Setting next_dagrun for tutorial to 2025-01-28 00:00:00+00:00, run_after=2025-01-29 00:00:00+00:00
[2025-01-30T03:07:33.416+0800] {processor.py:208} INFO - Processing /home/anhtupham99/miniforge3/envs/nba/lib/python3.11/site-packages/airflow/example_dags/tutorial.py took 0.059 seconds
[2025-01-30T03:08:21.536+0800] {processor.py:186} INFO - Started process (PID=26236) to work on /home/anhtupham99/miniforge3/envs/nba/lib/python3.11/site-packages/airflow/example_dags/tutorial.py
[2025-01-30T03:08:21.539+0800] {processor.py:914} INFO - Processing file /home/anhtupham99/miniforge3/envs/nba/lib/python3.11/site-packages/airflow/example_dags/tutorial.py for tasks to queue
[2025-01-30T03:08:21.541+0800] {logging_mixin.py:190} INFO - [2025-01-30T03:08:21.541+0800] {dagbag.py:588} INFO - Filling up the DagBag from /home/anhtupham99/miniforge3/envs/nba/lib/python3.11/site-packages/airflow/example_dags/tutorial.py
[2025-01-30T03:08:21.548+0800] {processor.py:925} INFO - DAG(s) 'tutorial' retrieved from /home/anhtupham99/miniforge3/envs/nba/lib/python3.11/site-packages/airflow/example_dags/tutorial.py
[2025-01-30T03:08:21.560+0800] {logging_mixin.py:190} INFO - [2025-01-30T03:08:21.560+0800] {dag.py:3239} INFO - Sync 1 DAGs
[2025-01-30T03:08:21.574+0800] {logging_mixin.py:190} INFO - [2025-01-30T03:08:21.574+0800] {dag.py:4180} INFO - Setting next_dagrun for tutorial to 2025-01-28 00:00:00+00:00, run_after=2025-01-29 00:00:00+00:00
[2025-01-30T03:08:21.596+0800] {processor.py:208} INFO - Processing /home/anhtupham99/miniforge3/envs/nba/lib/python3.11/site-packages/airflow/example_dags/tutorial.py took 0.065 seconds
[2025-01-30T03:09:09.014+0800] {processor.py:186} INFO - Started process (PID=26513) to work on /home/anhtupham99/miniforge3/envs/nba/lib/python3.11/site-packages/airflow/example_dags/tutorial.py
[2025-01-30T03:09:09.018+0800] {processor.py:914} INFO - Processing file /home/anhtupham99/miniforge3/envs/nba/lib/python3.11/site-packages/airflow/example_dags/tutorial.py for tasks to queue
[2025-01-30T03:09:09.020+0800] {logging_mixin.py:190} INFO - [2025-01-30T03:09:09.020+0800] {dagbag.py:588} INFO - Filling up the DagBag from /home/anhtupham99/miniforge3/envs/nba/lib/python3.11/site-packages/airflow/example_dags/tutorial.py
[2025-01-30T03:09:09.027+0800] {processor.py:925} INFO - DAG(s) 'tutorial' retrieved from /home/anhtupham99/miniforge3/envs/nba/lib/python3.11/site-packages/airflow/example_dags/tutorial.py
[2025-01-30T03:09:09.037+0800] {logging_mixin.py:190} INFO - [2025-01-30T03:09:09.037+0800] {dag.py:3239} INFO - Sync 1 DAGs
[2025-01-30T03:09:09.051+0800] {logging_mixin.py:190} INFO - [2025-01-30T03:09:09.051+0800] {dag.py:4180} INFO - Setting next_dagrun for tutorial to 2025-01-28 00:00:00+00:00, run_after=2025-01-29 00:00:00+00:00
[2025-01-30T03:09:09.082+0800] {processor.py:208} INFO - Processing /home/anhtupham99/miniforge3/envs/nba/lib/python3.11/site-packages/airflow/example_dags/tutorial.py took 0.072 seconds
[2025-01-30T06:11:45.604+0800] {processor.py:186} INFO - Started process (PID=26967) to work on /home/anhtupham99/miniforge3/envs/nba/lib/python3.11/site-packages/airflow/example_dags/tutorial.py
[2025-01-30T06:11:45.606+0800] {processor.py:914} INFO - Processing file /home/anhtupham99/miniforge3/envs/nba/lib/python3.11/site-packages/airflow/example_dags/tutorial.py for tasks to queue
[2025-01-30T06:11:45.608+0800] {logging_mixin.py:190} INFO - [2025-01-30T06:11:45.608+0800] {dagbag.py:588} INFO - Filling up the DagBag from /home/anhtupham99/miniforge3/envs/nba/lib/python3.11/site-packages/airflow/example_dags/tutorial.py
[2025-01-30T06:11:45.615+0800] {processor.py:925} INFO - DAG(s) 'tutorial' retrieved from /home/anhtupham99/miniforge3/envs/nba/lib/python3.11/site-packages/airflow/example_dags/tutorial.py
[2025-01-30T06:11:45.625+0800] {logging_mixin.py:190} INFO - [2025-01-30T06:11:45.625+0800] {dag.py:3239} INFO - Sync 1 DAGs
[2025-01-30T06:11:45.639+0800] {logging_mixin.py:190} INFO - [2025-01-30T06:11:45.639+0800] {dag.py:4180} INFO - Setting next_dagrun for tutorial to 2025-01-28 00:00:00+00:00, run_after=2025-01-29 00:00:00+00:00
[2025-01-30T06:11:45.666+0800] {processor.py:208} INFO - Processing /home/anhtupham99/miniforge3/envs/nba/lib/python3.11/site-packages/airflow/example_dags/tutorial.py took 0.067 seconds
[2025-01-30T06:12:38.452+0800] {processor.py:186} INFO - Started process (PID=27263) to work on /home/anhtupham99/miniforge3/envs/nba/lib/python3.11/site-packages/airflow/example_dags/tutorial.py
[2025-01-30T06:12:38.454+0800] {processor.py:914} INFO - Processing file /home/anhtupham99/miniforge3/envs/nba/lib/python3.11/site-packages/airflow/example_dags/tutorial.py for tasks to queue
[2025-01-30T06:12:38.457+0800] {logging_mixin.py:190} INFO - [2025-01-30T06:12:38.457+0800] {dagbag.py:588} INFO - Filling up the DagBag from /home/anhtupham99/miniforge3/envs/nba/lib/python3.11/site-packages/airflow/example_dags/tutorial.py
[2025-01-30T06:12:38.465+0800] {processor.py:925} INFO - DAG(s) 'tutorial' retrieved from /home/anhtupham99/miniforge3/envs/nba/lib/python3.11/site-packages/airflow/example_dags/tutorial.py
[2025-01-30T06:12:38.480+0800] {logging_mixin.py:190} INFO - [2025-01-30T06:12:38.480+0800] {dag.py:3239} INFO - Sync 1 DAGs
[2025-01-30T06:12:38.495+0800] {logging_mixin.py:190} INFO - [2025-01-30T06:12:38.495+0800] {dag.py:4180} INFO - Setting next_dagrun for tutorial to 2025-01-28 00:00:00+00:00, run_after=2025-01-29 00:00:00+00:00
[2025-01-30T06:12:38.538+0800] {processor.py:208} INFO - Processing /home/anhtupham99/miniforge3/envs/nba/lib/python3.11/site-packages/airflow/example_dags/tutorial.py took 0.091 seconds
[2025-01-30T06:13:28.633+0800] {processor.py:186} INFO - Started process (PID=27585) to work on /home/anhtupham99/miniforge3/envs/nba/lib/python3.11/site-packages/airflow/example_dags/tutorial.py
[2025-01-30T06:13:28.637+0800] {processor.py:914} INFO - Processing file /home/anhtupham99/miniforge3/envs/nba/lib/python3.11/site-packages/airflow/example_dags/tutorial.py for tasks to queue
[2025-01-30T06:13:28.642+0800] {logging_mixin.py:190} INFO - [2025-01-30T06:13:28.642+0800] {dagbag.py:588} INFO - Filling up the DagBag from /home/anhtupham99/miniforge3/envs/nba/lib/python3.11/site-packages/airflow/example_dags/tutorial.py
[2025-01-30T06:13:28.648+0800] {processor.py:925} INFO - DAG(s) 'tutorial' retrieved from /home/anhtupham99/miniforge3/envs/nba/lib/python3.11/site-packages/airflow/example_dags/tutorial.py
[2025-01-30T06:13:28.659+0800] {logging_mixin.py:190} INFO - [2025-01-30T06:13:28.658+0800] {dag.py:3239} INFO - Sync 1 DAGs
[2025-01-30T06:13:28.671+0800] {logging_mixin.py:190} INFO - [2025-01-30T06:13:28.671+0800] {dag.py:4180} INFO - Setting next_dagrun for tutorial to 2025-01-28 00:00:00+00:00, run_after=2025-01-29 00:00:00+00:00
[2025-01-30T06:13:28.698+0800] {processor.py:208} INFO - Processing /home/anhtupham99/miniforge3/envs/nba/lib/python3.11/site-packages/airflow/example_dags/tutorial.py took 0.069 seconds
