[2025-04-15T23:46:33.994+0700] {processor.py:186} INFO - Started process (PID=297502) to work on /home/anhtupham99/NBA-analytics/py_env/lib/python3.11/site-packages/airflow/example_dags/plugins/event_listener.py
[2025-04-15T23:46:33.995+0700] {processor.py:914} INFO - Processing file /home/anhtupham99/NBA-analytics/py_env/lib/python3.11/site-packages/airflow/example_dags/plugins/event_listener.py for tasks to queue
[2025-04-15T23:46:33.996+0700] {logging_mixin.py:190} INFO - [2025-04-15T23:46:33.996+0700] {dagbag.py:588} INFO - Filling up the DagBag from /home/anhtupham99/NBA-analytics/py_env/lib/python3.11/site-packages/airflow/example_dags/plugins/event_listener.py
[2025-04-15T23:46:33.998+0700] {processor.py:927} WARNING - No viable dags retrieved from /home/anhtupham99/NBA-analytics/py_env/lib/python3.11/site-packages/airflow/example_dags/plugins/event_listener.py
[2025-04-15T23:46:34.005+0700] {processor.py:208} INFO - Processing /home/anhtupham99/NBA-analytics/py_env/lib/python3.11/site-packages/airflow/example_dags/plugins/event_listener.py took 0.014 seconds
[2025-04-15T23:47:39.754+0700] {processor.py:186} INFO - Started process (PID=298939) to work on /home/anhtupham99/NBA-analytics/py_env/lib/python3.11/site-packages/airflow/example_dags/plugins/event_listener.py
[2025-04-15T23:47:39.756+0700] {processor.py:914} INFO - Processing file /home/anhtupham99/NBA-analytics/py_env/lib/python3.11/site-packages/airflow/example_dags/plugins/event_listener.py for tasks to queue
[2025-04-15T23:47:39.757+0700] {logging_mixin.py:190} INFO - [2025-04-15T23:47:39.757+0700] {dagbag.py:588} INFO - Filling up the DagBag from /home/anhtupham99/NBA-analytics/py_env/lib/python3.11/site-packages/airflow/example_dags/plugins/event_listener.py
[2025-04-15T23:47:39.759+0700] {processor.py:927} WARNING - No viable dags retrieved from /home/anhtupham99/NBA-analytics/py_env/lib/python3.11/site-packages/airflow/example_dags/plugins/event_listener.py
[2025-04-15T23:47:39.768+0700] {processor.py:208} INFO - Processing /home/anhtupham99/NBA-analytics/py_env/lib/python3.11/site-packages/airflow/example_dags/plugins/event_listener.py took 0.019 seconds
[2025-04-15T23:48:36.500+0700] {processor.py:186} INFO - Started process (PID=300352) to work on /home/anhtupham99/NBA-analytics/py_env/lib/python3.11/site-packages/airflow/example_dags/plugins/event_listener.py
[2025-04-15T23:48:36.502+0700] {processor.py:914} INFO - Processing file /home/anhtupham99/NBA-analytics/py_env/lib/python3.11/site-packages/airflow/example_dags/plugins/event_listener.py for tasks to queue
[2025-04-15T23:48:36.505+0700] {logging_mixin.py:190} INFO - [2025-04-15T23:48:36.505+0700] {dagbag.py:588} INFO - Filling up the DagBag from /home/anhtupham99/NBA-analytics/py_env/lib/python3.11/site-packages/airflow/example_dags/plugins/event_listener.py
[2025-04-15T23:48:36.509+0700] {processor.py:927} WARNING - No viable dags retrieved from /home/anhtupham99/NBA-analytics/py_env/lib/python3.11/site-packages/airflow/example_dags/plugins/event_listener.py
[2025-04-15T23:48:36.519+0700] {processor.py:208} INFO - Processing /home/anhtupham99/NBA-analytics/py_env/lib/python3.11/site-packages/airflow/example_dags/plugins/event_listener.py took 0.024 seconds
[2025-04-15T23:49:24.228+0700] {processor.py:186} INFO - Started process (PID=301335) to work on /home/anhtupham99/NBA-analytics/py_env/lib/python3.11/site-packages/airflow/example_dags/plugins/event_listener.py
[2025-04-15T23:49:24.230+0700] {processor.py:914} INFO - Processing file /home/anhtupham99/NBA-analytics/py_env/lib/python3.11/site-packages/airflow/example_dags/plugins/event_listener.py for tasks to queue
[2025-04-15T23:49:24.231+0700] {logging_mixin.py:190} INFO - [2025-04-15T23:49:24.231+0700] {dagbag.py:588} INFO - Filling up the DagBag from /home/anhtupham99/NBA-analytics/py_env/lib/python3.11/site-packages/airflow/example_dags/plugins/event_listener.py
[2025-04-15T23:49:24.233+0700] {processor.py:927} WARNING - No viable dags retrieved from /home/anhtupham99/NBA-analytics/py_env/lib/python3.11/site-packages/airflow/example_dags/plugins/event_listener.py
[2025-04-15T23:49:24.244+0700] {processor.py:208} INFO - Processing /home/anhtupham99/NBA-analytics/py_env/lib/python3.11/site-packages/airflow/example_dags/plugins/event_listener.py took 0.020 seconds
[2025-04-15T23:50:09.748+0700] {processor.py:186} INFO - Started process (PID=302325) to work on /home/anhtupham99/NBA-analytics/py_env/lib/python3.11/site-packages/airflow/example_dags/plugins/event_listener.py
[2025-04-15T23:50:09.750+0700] {processor.py:914} INFO - Processing file /home/anhtupham99/NBA-analytics/py_env/lib/python3.11/site-packages/airflow/example_dags/plugins/event_listener.py for tasks to queue
[2025-04-15T23:50:09.753+0700] {logging_mixin.py:190} INFO - [2025-04-15T23:50:09.752+0700] {dagbag.py:588} INFO - Filling up the DagBag from /home/anhtupham99/NBA-analytics/py_env/lib/python3.11/site-packages/airflow/example_dags/plugins/event_listener.py
[2025-04-15T23:50:09.759+0700] {processor.py:927} WARNING - No viable dags retrieved from /home/anhtupham99/NBA-analytics/py_env/lib/python3.11/site-packages/airflow/example_dags/plugins/event_listener.py
[2025-04-15T23:50:09.777+0700] {processor.py:208} INFO - Processing /home/anhtupham99/NBA-analytics/py_env/lib/python3.11/site-packages/airflow/example_dags/plugins/event_listener.py took 0.038 seconds
[2025-04-15T23:51:06.017+0700] {processor.py:186} INFO - Started process (PID=303433) to work on /home/anhtupham99/NBA-analytics/py_env/lib/python3.11/site-packages/airflow/example_dags/plugins/event_listener.py
[2025-04-15T23:51:06.018+0700] {processor.py:914} INFO - Processing file /home/anhtupham99/NBA-analytics/py_env/lib/python3.11/site-packages/airflow/example_dags/plugins/event_listener.py for tasks to queue
[2025-04-15T23:51:06.020+0700] {logging_mixin.py:190} INFO - [2025-04-15T23:51:06.020+0700] {dagbag.py:588} INFO - Filling up the DagBag from /home/anhtupham99/NBA-analytics/py_env/lib/python3.11/site-packages/airflow/example_dags/plugins/event_listener.py
[2025-04-15T23:51:06.022+0700] {processor.py:927} WARNING - No viable dags retrieved from /home/anhtupham99/NBA-analytics/py_env/lib/python3.11/site-packages/airflow/example_dags/plugins/event_listener.py
[2025-04-15T23:51:06.030+0700] {processor.py:208} INFO - Processing /home/anhtupham99/NBA-analytics/py_env/lib/python3.11/site-packages/airflow/example_dags/plugins/event_listener.py took 0.018 seconds
[2025-04-15T23:51:53.357+0700] {processor.py:186} INFO - Started process (PID=304280) to work on /home/anhtupham99/NBA-analytics/py_env/lib/python3.11/site-packages/airflow/example_dags/plugins/event_listener.py
[2025-04-15T23:51:53.359+0700] {processor.py:914} INFO - Processing file /home/anhtupham99/NBA-analytics/py_env/lib/python3.11/site-packages/airflow/example_dags/plugins/event_listener.py for tasks to queue
[2025-04-15T23:51:53.360+0700] {logging_mixin.py:190} INFO - [2025-04-15T23:51:53.360+0700] {dagbag.py:588} INFO - Filling up the DagBag from /home/anhtupham99/NBA-analytics/py_env/lib/python3.11/site-packages/airflow/example_dags/plugins/event_listener.py
[2025-04-15T23:51:53.362+0700] {processor.py:927} WARNING - No viable dags retrieved from /home/anhtupham99/NBA-analytics/py_env/lib/python3.11/site-packages/airflow/example_dags/plugins/event_listener.py
[2025-04-15T23:51:53.370+0700] {processor.py:208} INFO - Processing /home/anhtupham99/NBA-analytics/py_env/lib/python3.11/site-packages/airflow/example_dags/plugins/event_listener.py took 0.017 seconds
[2025-04-15T23:52:39.487+0700] {processor.py:186} INFO - Started process (PID=305270) to work on /home/anhtupham99/NBA-analytics/py_env/lib/python3.11/site-packages/airflow/example_dags/plugins/event_listener.py
[2025-04-15T23:52:39.491+0700] {processor.py:914} INFO - Processing file /home/anhtupham99/NBA-analytics/py_env/lib/python3.11/site-packages/airflow/example_dags/plugins/event_listener.py for tasks to queue
[2025-04-15T23:52:39.494+0700] {logging_mixin.py:190} INFO - [2025-04-15T23:52:39.494+0700] {dagbag.py:588} INFO - Filling up the DagBag from /home/anhtupham99/NBA-analytics/py_env/lib/python3.11/site-packages/airflow/example_dags/plugins/event_listener.py
[2025-04-15T23:52:39.496+0700] {processor.py:927} WARNING - No viable dags retrieved from /home/anhtupham99/NBA-analytics/py_env/lib/python3.11/site-packages/airflow/example_dags/plugins/event_listener.py
[2025-04-15T23:52:39.515+0700] {processor.py:208} INFO - Processing /home/anhtupham99/NBA-analytics/py_env/lib/python3.11/site-packages/airflow/example_dags/plugins/event_listener.py took 0.040 seconds
[2025-04-15T23:53:27.513+0700] {processor.py:186} INFO - Started process (PID=306134) to work on /home/anhtupham99/NBA-analytics/py_env/lib/python3.11/site-packages/airflow/example_dags/plugins/event_listener.py
[2025-04-15T23:53:27.514+0700] {processor.py:914} INFO - Processing file /home/anhtupham99/NBA-analytics/py_env/lib/python3.11/site-packages/airflow/example_dags/plugins/event_listener.py for tasks to queue
[2025-04-15T23:53:27.516+0700] {logging_mixin.py:190} INFO - [2025-04-15T23:53:27.516+0700] {dagbag.py:588} INFO - Filling up the DagBag from /home/anhtupham99/NBA-analytics/py_env/lib/python3.11/site-packages/airflow/example_dags/plugins/event_listener.py
[2025-04-15T23:53:27.518+0700] {processor.py:927} WARNING - No viable dags retrieved from /home/anhtupham99/NBA-analytics/py_env/lib/python3.11/site-packages/airflow/example_dags/plugins/event_listener.py
[2025-04-15T23:53:27.526+0700] {processor.py:208} INFO - Processing /home/anhtupham99/NBA-analytics/py_env/lib/python3.11/site-packages/airflow/example_dags/plugins/event_listener.py took 0.018 seconds
[2025-04-15T23:54:14.520+0700] {processor.py:186} INFO - Started process (PID=307046) to work on /home/anhtupham99/NBA-analytics/py_env/lib/python3.11/site-packages/airflow/example_dags/plugins/event_listener.py
[2025-04-15T23:54:14.522+0700] {processor.py:914} INFO - Processing file /home/anhtupham99/NBA-analytics/py_env/lib/python3.11/site-packages/airflow/example_dags/plugins/event_listener.py for tasks to queue
[2025-04-15T23:54:14.525+0700] {logging_mixin.py:190} INFO - [2025-04-15T23:54:14.524+0700] {dagbag.py:588} INFO - Filling up the DagBag from /home/anhtupham99/NBA-analytics/py_env/lib/python3.11/site-packages/airflow/example_dags/plugins/event_listener.py
[2025-04-15T23:54:14.528+0700] {processor.py:927} WARNING - No viable dags retrieved from /home/anhtupham99/NBA-analytics/py_env/lib/python3.11/site-packages/airflow/example_dags/plugins/event_listener.py
[2025-04-15T23:54:14.538+0700] {processor.py:208} INFO - Processing /home/anhtupham99/NBA-analytics/py_env/lib/python3.11/site-packages/airflow/example_dags/plugins/event_listener.py took 0.025 seconds
[2025-04-15T23:55:02.264+0700] {processor.py:186} INFO - Started process (PID=307988) to work on /home/anhtupham99/NBA-analytics/py_env/lib/python3.11/site-packages/airflow/example_dags/plugins/event_listener.py
[2025-04-15T23:55:02.267+0700] {processor.py:914} INFO - Processing file /home/anhtupham99/NBA-analytics/py_env/lib/python3.11/site-packages/airflow/example_dags/plugins/event_listener.py for tasks to queue
[2025-04-15T23:55:02.269+0700] {logging_mixin.py:190} INFO - [2025-04-15T23:55:02.269+0700] {dagbag.py:588} INFO - Filling up the DagBag from /home/anhtupham99/NBA-analytics/py_env/lib/python3.11/site-packages/airflow/example_dags/plugins/event_listener.py
[2025-04-15T23:55:02.271+0700] {processor.py:927} WARNING - No viable dags retrieved from /home/anhtupham99/NBA-analytics/py_env/lib/python3.11/site-packages/airflow/example_dags/plugins/event_listener.py
[2025-04-15T23:55:02.278+0700] {processor.py:208} INFO - Processing /home/anhtupham99/NBA-analytics/py_env/lib/python3.11/site-packages/airflow/example_dags/plugins/event_listener.py took 0.019 seconds
[2025-04-15T23:55:54.606+0700] {processor.py:186} INFO - Started process (PID=310924) to work on /home/anhtupham99/NBA-analytics/py_env/lib/python3.11/site-packages/airflow/example_dags/plugins/event_listener.py
[2025-04-15T23:55:54.607+0700] {processor.py:914} INFO - Processing file /home/anhtupham99/NBA-analytics/py_env/lib/python3.11/site-packages/airflow/example_dags/plugins/event_listener.py for tasks to queue
[2025-04-15T23:55:54.609+0700] {logging_mixin.py:190} INFO - [2025-04-15T23:55:54.609+0700] {dagbag.py:588} INFO - Filling up the DagBag from /home/anhtupham99/NBA-analytics/py_env/lib/python3.11/site-packages/airflow/example_dags/plugins/event_listener.py
[2025-04-15T23:55:54.611+0700] {processor.py:927} WARNING - No viable dags retrieved from /home/anhtupham99/NBA-analytics/py_env/lib/python3.11/site-packages/airflow/example_dags/plugins/event_listener.py
[2025-04-15T23:55:54.621+0700] {processor.py:208} INFO - Processing /home/anhtupham99/NBA-analytics/py_env/lib/python3.11/site-packages/airflow/example_dags/plugins/event_listener.py took 0.019 seconds
[2025-04-15T23:56:42.792+0700] {processor.py:186} INFO - Started process (PID=312022) to work on /home/anhtupham99/NBA-analytics/py_env/lib/python3.11/site-packages/airflow/example_dags/plugins/event_listener.py
[2025-04-15T23:56:42.794+0700] {processor.py:914} INFO - Processing file /home/anhtupham99/NBA-analytics/py_env/lib/python3.11/site-packages/airflow/example_dags/plugins/event_listener.py for tasks to queue
[2025-04-15T23:56:42.796+0700] {logging_mixin.py:190} INFO - [2025-04-15T23:56:42.795+0700] {dagbag.py:588} INFO - Filling up the DagBag from /home/anhtupham99/NBA-analytics/py_env/lib/python3.11/site-packages/airflow/example_dags/plugins/event_listener.py
[2025-04-15T23:56:42.798+0700] {processor.py:927} WARNING - No viable dags retrieved from /home/anhtupham99/NBA-analytics/py_env/lib/python3.11/site-packages/airflow/example_dags/plugins/event_listener.py
[2025-04-15T23:56:42.807+0700] {processor.py:208} INFO - Processing /home/anhtupham99/NBA-analytics/py_env/lib/python3.11/site-packages/airflow/example_dags/plugins/event_listener.py took 0.020 seconds
[2025-04-15T23:57:29.287+0700] {processor.py:186} INFO - Started process (PID=312912) to work on /home/anhtupham99/NBA-analytics/py_env/lib/python3.11/site-packages/airflow/example_dags/plugins/event_listener.py
[2025-04-15T23:57:29.288+0700] {processor.py:914} INFO - Processing file /home/anhtupham99/NBA-analytics/py_env/lib/python3.11/site-packages/airflow/example_dags/plugins/event_listener.py for tasks to queue
[2025-04-15T23:57:29.290+0700] {logging_mixin.py:190} INFO - [2025-04-15T23:57:29.289+0700] {dagbag.py:588} INFO - Filling up the DagBag from /home/anhtupham99/NBA-analytics/py_env/lib/python3.11/site-packages/airflow/example_dags/plugins/event_listener.py
[2025-04-15T23:57:29.292+0700] {processor.py:927} WARNING - No viable dags retrieved from /home/anhtupham99/NBA-analytics/py_env/lib/python3.11/site-packages/airflow/example_dags/plugins/event_listener.py
[2025-04-15T23:57:29.300+0700] {processor.py:208} INFO - Processing /home/anhtupham99/NBA-analytics/py_env/lib/python3.11/site-packages/airflow/example_dags/plugins/event_listener.py took 0.018 seconds
[2025-04-15T23:58:20.929+0700] {processor.py:186} INFO - Started process (PID=313908) to work on /home/anhtupham99/NBA-analytics/py_env/lib/python3.11/site-packages/airflow/example_dags/plugins/event_listener.py
[2025-04-15T23:58:20.930+0700] {processor.py:914} INFO - Processing file /home/anhtupham99/NBA-analytics/py_env/lib/python3.11/site-packages/airflow/example_dags/plugins/event_listener.py for tasks to queue
[2025-04-15T23:58:20.932+0700] {logging_mixin.py:190} INFO - [2025-04-15T23:58:20.932+0700] {dagbag.py:588} INFO - Filling up the DagBag from /home/anhtupham99/NBA-analytics/py_env/lib/python3.11/site-packages/airflow/example_dags/plugins/event_listener.py
[2025-04-15T23:58:20.934+0700] {processor.py:927} WARNING - No viable dags retrieved from /home/anhtupham99/NBA-analytics/py_env/lib/python3.11/site-packages/airflow/example_dags/plugins/event_listener.py
[2025-04-15T23:58:20.942+0700] {processor.py:208} INFO - Processing /home/anhtupham99/NBA-analytics/py_env/lib/python3.11/site-packages/airflow/example_dags/plugins/event_listener.py took 0.019 seconds
[2025-04-15T23:59:07.737+0700] {processor.py:186} INFO - Started process (PID=314923) to work on /home/anhtupham99/NBA-analytics/py_env/lib/python3.11/site-packages/airflow/example_dags/plugins/event_listener.py
[2025-04-15T23:59:07.739+0700] {processor.py:914} INFO - Processing file /home/anhtupham99/NBA-analytics/py_env/lib/python3.11/site-packages/airflow/example_dags/plugins/event_listener.py for tasks to queue
[2025-04-15T23:59:07.741+0700] {logging_mixin.py:190} INFO - [2025-04-15T23:59:07.741+0700] {dagbag.py:588} INFO - Filling up the DagBag from /home/anhtupham99/NBA-analytics/py_env/lib/python3.11/site-packages/airflow/example_dags/plugins/event_listener.py
[2025-04-15T23:59:07.745+0700] {processor.py:927} WARNING - No viable dags retrieved from /home/anhtupham99/NBA-analytics/py_env/lib/python3.11/site-packages/airflow/example_dags/plugins/event_listener.py
[2025-04-15T23:59:07.755+0700] {processor.py:208} INFO - Processing /home/anhtupham99/NBA-analytics/py_env/lib/python3.11/site-packages/airflow/example_dags/plugins/event_listener.py took 0.026 seconds
[2025-04-15T23:59:57.489+0700] {processor.py:186} INFO - Started process (PID=315793) to work on /home/anhtupham99/NBA-analytics/py_env/lib/python3.11/site-packages/airflow/example_dags/plugins/event_listener.py
[2025-04-15T23:59:57.490+0700] {processor.py:914} INFO - Processing file /home/anhtupham99/NBA-analytics/py_env/lib/python3.11/site-packages/airflow/example_dags/plugins/event_listener.py for tasks to queue
[2025-04-15T23:59:57.492+0700] {logging_mixin.py:190} INFO - [2025-04-15T23:59:57.491+0700] {dagbag.py:588} INFO - Filling up the DagBag from /home/anhtupham99/NBA-analytics/py_env/lib/python3.11/site-packages/airflow/example_dags/plugins/event_listener.py
[2025-04-15T23:59:57.493+0700] {processor.py:927} WARNING - No viable dags retrieved from /home/anhtupham99/NBA-analytics/py_env/lib/python3.11/site-packages/airflow/example_dags/plugins/event_listener.py
[2025-04-15T23:59:57.501+0700] {processor.py:208} INFO - Processing /home/anhtupham99/NBA-analytics/py_env/lib/python3.11/site-packages/airflow/example_dags/plugins/event_listener.py took 0.016 seconds
[2025-04-16T00:00:44.370+0700] {processor.py:186} INFO - Started process (PID=316854) to work on /home/anhtupham99/NBA-analytics/py_env/lib/python3.11/site-packages/airflow/example_dags/plugins/event_listener.py
[2025-04-16T00:00:44.371+0700] {processor.py:914} INFO - Processing file /home/anhtupham99/NBA-analytics/py_env/lib/python3.11/site-packages/airflow/example_dags/plugins/event_listener.py for tasks to queue
[2025-04-16T00:00:44.373+0700] {logging_mixin.py:190} INFO - [2025-04-16T00:00:44.372+0700] {dagbag.py:588} INFO - Filling up the DagBag from /home/anhtupham99/NBA-analytics/py_env/lib/python3.11/site-packages/airflow/example_dags/plugins/event_listener.py
[2025-04-16T00:00:44.375+0700] {processor.py:927} WARNING - No viable dags retrieved from /home/anhtupham99/NBA-analytics/py_env/lib/python3.11/site-packages/airflow/example_dags/plugins/event_listener.py
[2025-04-16T00:00:44.383+0700] {processor.py:208} INFO - Processing /home/anhtupham99/NBA-analytics/py_env/lib/python3.11/site-packages/airflow/example_dags/plugins/event_listener.py took 0.018 seconds
[2025-04-16T00:01:32.249+0700] {processor.py:186} INFO - Started process (PID=317730) to work on /home/anhtupham99/NBA-analytics/py_env/lib/python3.11/site-packages/airflow/example_dags/plugins/event_listener.py
[2025-04-16T00:01:32.251+0700] {processor.py:914} INFO - Processing file /home/anhtupham99/NBA-analytics/py_env/lib/python3.11/site-packages/airflow/example_dags/plugins/event_listener.py for tasks to queue
[2025-04-16T00:01:32.253+0700] {logging_mixin.py:190} INFO - [2025-04-16T00:01:32.252+0700] {dagbag.py:588} INFO - Filling up the DagBag from /home/anhtupham99/NBA-analytics/py_env/lib/python3.11/site-packages/airflow/example_dags/plugins/event_listener.py
[2025-04-16T00:01:32.255+0700] {processor.py:927} WARNING - No viable dags retrieved from /home/anhtupham99/NBA-analytics/py_env/lib/python3.11/site-packages/airflow/example_dags/plugins/event_listener.py
[2025-04-16T00:01:32.266+0700] {processor.py:208} INFO - Processing /home/anhtupham99/NBA-analytics/py_env/lib/python3.11/site-packages/airflow/example_dags/plugins/event_listener.py took 0.022 seconds
[2025-04-16T00:02:17.543+0700] {processor.py:186} INFO - Started process (PID=318614) to work on /home/anhtupham99/NBA-analytics/py_env/lib/python3.11/site-packages/airflow/example_dags/plugins/event_listener.py
[2025-04-16T00:02:17.544+0700] {processor.py:914} INFO - Processing file /home/anhtupham99/NBA-analytics/py_env/lib/python3.11/site-packages/airflow/example_dags/plugins/event_listener.py for tasks to queue
[2025-04-16T00:02:17.546+0700] {logging_mixin.py:190} INFO - [2025-04-16T00:02:17.546+0700] {dagbag.py:588} INFO - Filling up the DagBag from /home/anhtupham99/NBA-analytics/py_env/lib/python3.11/site-packages/airflow/example_dags/plugins/event_listener.py
[2025-04-16T00:02:17.548+0700] {processor.py:927} WARNING - No viable dags retrieved from /home/anhtupham99/NBA-analytics/py_env/lib/python3.11/site-packages/airflow/example_dags/plugins/event_listener.py
[2025-04-16T00:02:17.557+0700] {processor.py:208} INFO - Processing /home/anhtupham99/NBA-analytics/py_env/lib/python3.11/site-packages/airflow/example_dags/plugins/event_listener.py took 0.020 seconds
[2025-04-16T00:03:00.109+0700] {processor.py:186} INFO - Started process (PID=319399) to work on /home/anhtupham99/NBA-analytics/py_env/lib/python3.11/site-packages/airflow/example_dags/plugins/event_listener.py
[2025-04-16T00:03:00.110+0700] {processor.py:914} INFO - Processing file /home/anhtupham99/NBA-analytics/py_env/lib/python3.11/site-packages/airflow/example_dags/plugins/event_listener.py for tasks to queue
[2025-04-16T00:03:00.112+0700] {logging_mixin.py:190} INFO - [2025-04-16T00:03:00.112+0700] {dagbag.py:588} INFO - Filling up the DagBag from /home/anhtupham99/NBA-analytics/py_env/lib/python3.11/site-packages/airflow/example_dags/plugins/event_listener.py
[2025-04-16T00:03:00.114+0700] {processor.py:927} WARNING - No viable dags retrieved from /home/anhtupham99/NBA-analytics/py_env/lib/python3.11/site-packages/airflow/example_dags/plugins/event_listener.py
[2025-04-16T00:03:00.123+0700] {processor.py:208} INFO - Processing /home/anhtupham99/NBA-analytics/py_env/lib/python3.11/site-packages/airflow/example_dags/plugins/event_listener.py took 0.019 seconds
[2025-04-16T00:03:46.011+0700] {processor.py:186} INFO - Started process (PID=320318) to work on /home/anhtupham99/NBA-analytics/py_env/lib/python3.11/site-packages/airflow/example_dags/plugins/event_listener.py
[2025-04-16T00:03:46.013+0700] {processor.py:914} INFO - Processing file /home/anhtupham99/NBA-analytics/py_env/lib/python3.11/site-packages/airflow/example_dags/plugins/event_listener.py for tasks to queue
[2025-04-16T00:03:46.015+0700] {logging_mixin.py:190} INFO - [2025-04-16T00:03:46.015+0700] {dagbag.py:588} INFO - Filling up the DagBag from /home/anhtupham99/NBA-analytics/py_env/lib/python3.11/site-packages/airflow/example_dags/plugins/event_listener.py
[2025-04-16T00:03:46.017+0700] {processor.py:927} WARNING - No viable dags retrieved from /home/anhtupham99/NBA-analytics/py_env/lib/python3.11/site-packages/airflow/example_dags/plugins/event_listener.py
[2025-04-16T00:03:46.026+0700] {processor.py:208} INFO - Processing /home/anhtupham99/NBA-analytics/py_env/lib/python3.11/site-packages/airflow/example_dags/plugins/event_listener.py took 0.020 seconds
[2025-04-16T00:04:32.981+0700] {processor.py:186} INFO - Started process (PID=321458) to work on /home/anhtupham99/NBA-analytics/py_env/lib/python3.11/site-packages/airflow/example_dags/plugins/event_listener.py
[2025-04-16T00:04:32.984+0700] {processor.py:914} INFO - Processing file /home/anhtupham99/NBA-analytics/py_env/lib/python3.11/site-packages/airflow/example_dags/plugins/event_listener.py for tasks to queue
[2025-04-16T00:04:32.986+0700] {logging_mixin.py:190} INFO - [2025-04-16T00:04:32.985+0700] {dagbag.py:588} INFO - Filling up the DagBag from /home/anhtupham99/NBA-analytics/py_env/lib/python3.11/site-packages/airflow/example_dags/plugins/event_listener.py
[2025-04-16T00:04:32.988+0700] {processor.py:927} WARNING - No viable dags retrieved from /home/anhtupham99/NBA-analytics/py_env/lib/python3.11/site-packages/airflow/example_dags/plugins/event_listener.py
[2025-04-16T00:04:32.996+0700] {processor.py:208} INFO - Processing /home/anhtupham99/NBA-analytics/py_env/lib/python3.11/site-packages/airflow/example_dags/plugins/event_listener.py took 0.020 seconds
[2025-04-16T00:05:20.935+0700] {processor.py:186} INFO - Started process (PID=322328) to work on /home/anhtupham99/NBA-analytics/py_env/lib/python3.11/site-packages/airflow/example_dags/plugins/event_listener.py
[2025-04-16T00:05:20.936+0700] {processor.py:914} INFO - Processing file /home/anhtupham99/NBA-analytics/py_env/lib/python3.11/site-packages/airflow/example_dags/plugins/event_listener.py for tasks to queue
[2025-04-16T00:05:20.938+0700] {logging_mixin.py:190} INFO - [2025-04-16T00:05:20.938+0700] {dagbag.py:588} INFO - Filling up the DagBag from /home/anhtupham99/NBA-analytics/py_env/lib/python3.11/site-packages/airflow/example_dags/plugins/event_listener.py
[2025-04-16T00:05:20.940+0700] {processor.py:927} WARNING - No viable dags retrieved from /home/anhtupham99/NBA-analytics/py_env/lib/python3.11/site-packages/airflow/example_dags/plugins/event_listener.py
[2025-04-16T00:05:20.949+0700] {processor.py:208} INFO - Processing /home/anhtupham99/NBA-analytics/py_env/lib/python3.11/site-packages/airflow/example_dags/plugins/event_listener.py took 0.020 seconds
[2025-04-16T00:06:13.103+0700] {processor.py:186} INFO - Started process (PID=323286) to work on /home/anhtupham99/NBA-analytics/py_env/lib/python3.11/site-packages/airflow/example_dags/plugins/event_listener.py
[2025-04-16T00:06:13.107+0700] {processor.py:914} INFO - Processing file /home/anhtupham99/NBA-analytics/py_env/lib/python3.11/site-packages/airflow/example_dags/plugins/event_listener.py for tasks to queue
[2025-04-16T00:06:13.109+0700] {logging_mixin.py:190} INFO - [2025-04-16T00:06:13.108+0700] {dagbag.py:588} INFO - Filling up the DagBag from /home/anhtupham99/NBA-analytics/py_env/lib/python3.11/site-packages/airflow/example_dags/plugins/event_listener.py
[2025-04-16T00:06:13.111+0700] {processor.py:927} WARNING - No viable dags retrieved from /home/anhtupham99/NBA-analytics/py_env/lib/python3.11/site-packages/airflow/example_dags/plugins/event_listener.py
[2025-04-16T00:06:13.121+0700] {processor.py:208} INFO - Processing /home/anhtupham99/NBA-analytics/py_env/lib/python3.11/site-packages/airflow/example_dags/plugins/event_listener.py took 0.023 seconds
[2025-04-16T00:06:58.739+0700] {processor.py:186} INFO - Started process (PID=324352) to work on /home/anhtupham99/NBA-analytics/py_env/lib/python3.11/site-packages/airflow/example_dags/plugins/event_listener.py
[2025-04-16T00:06:58.740+0700] {processor.py:914} INFO - Processing file /home/anhtupham99/NBA-analytics/py_env/lib/python3.11/site-packages/airflow/example_dags/plugins/event_listener.py for tasks to queue
[2025-04-16T00:06:58.742+0700] {logging_mixin.py:190} INFO - [2025-04-16T00:06:58.742+0700] {dagbag.py:588} INFO - Filling up the DagBag from /home/anhtupham99/NBA-analytics/py_env/lib/python3.11/site-packages/airflow/example_dags/plugins/event_listener.py
[2025-04-16T00:06:58.744+0700] {processor.py:927} WARNING - No viable dags retrieved from /home/anhtupham99/NBA-analytics/py_env/lib/python3.11/site-packages/airflow/example_dags/plugins/event_listener.py
[2025-04-16T00:06:58.751+0700] {processor.py:208} INFO - Processing /home/anhtupham99/NBA-analytics/py_env/lib/python3.11/site-packages/airflow/example_dags/plugins/event_listener.py took 0.017 seconds
[2025-04-16T00:07:47.390+0700] {processor.py:186} INFO - Started process (PID=325213) to work on /home/anhtupham99/NBA-analytics/py_env/lib/python3.11/site-packages/airflow/example_dags/plugins/event_listener.py
[2025-04-16T00:07:47.392+0700] {processor.py:914} INFO - Processing file /home/anhtupham99/NBA-analytics/py_env/lib/python3.11/site-packages/airflow/example_dags/plugins/event_listener.py for tasks to queue
[2025-04-16T00:07:47.394+0700] {logging_mixin.py:190} INFO - [2025-04-16T00:07:47.394+0700] {dagbag.py:588} INFO - Filling up the DagBag from /home/anhtupham99/NBA-analytics/py_env/lib/python3.11/site-packages/airflow/example_dags/plugins/event_listener.py
[2025-04-16T00:07:47.397+0700] {processor.py:927} WARNING - No viable dags retrieved from /home/anhtupham99/NBA-analytics/py_env/lib/python3.11/site-packages/airflow/example_dags/plugins/event_listener.py
[2025-04-16T00:07:47.407+0700] {processor.py:208} INFO - Processing /home/anhtupham99/NBA-analytics/py_env/lib/python3.11/site-packages/airflow/example_dags/plugins/event_listener.py took 0.023 seconds
[2025-04-16T00:08:32.152+0700] {processor.py:186} INFO - Started process (PID=326092) to work on /home/anhtupham99/NBA-analytics/py_env/lib/python3.11/site-packages/airflow/example_dags/plugins/event_listener.py
[2025-04-16T00:08:32.153+0700] {processor.py:914} INFO - Processing file /home/anhtupham99/NBA-analytics/py_env/lib/python3.11/site-packages/airflow/example_dags/plugins/event_listener.py for tasks to queue
[2025-04-16T00:08:32.155+0700] {logging_mixin.py:190} INFO - [2025-04-16T00:08:32.154+0700] {dagbag.py:588} INFO - Filling up the DagBag from /home/anhtupham99/NBA-analytics/py_env/lib/python3.11/site-packages/airflow/example_dags/plugins/event_listener.py
[2025-04-16T00:08:32.156+0700] {processor.py:927} WARNING - No viable dags retrieved from /home/anhtupham99/NBA-analytics/py_env/lib/python3.11/site-packages/airflow/example_dags/plugins/event_listener.py
[2025-04-16T00:08:32.165+0700] {processor.py:208} INFO - Processing /home/anhtupham99/NBA-analytics/py_env/lib/python3.11/site-packages/airflow/example_dags/plugins/event_listener.py took 0.017 seconds
[2025-04-16T00:09:21.479+0700] {processor.py:186} INFO - Started process (PID=326952) to work on /home/anhtupham99/NBA-analytics/py_env/lib/python3.11/site-packages/airflow/example_dags/plugins/event_listener.py
[2025-04-16T00:09:21.481+0700] {processor.py:914} INFO - Processing file /home/anhtupham99/NBA-analytics/py_env/lib/python3.11/site-packages/airflow/example_dags/plugins/event_listener.py for tasks to queue
[2025-04-16T00:09:21.485+0700] {logging_mixin.py:190} INFO - [2025-04-16T00:09:21.484+0700] {dagbag.py:588} INFO - Filling up the DagBag from /home/anhtupham99/NBA-analytics/py_env/lib/python3.11/site-packages/airflow/example_dags/plugins/event_listener.py
[2025-04-16T00:09:21.489+0700] {processor.py:927} WARNING - No viable dags retrieved from /home/anhtupham99/NBA-analytics/py_env/lib/python3.11/site-packages/airflow/example_dags/plugins/event_listener.py
[2025-04-16T00:09:21.507+0700] {processor.py:208} INFO - Processing /home/anhtupham99/NBA-analytics/py_env/lib/python3.11/site-packages/airflow/example_dags/plugins/event_listener.py took 0.036 seconds
[2025-04-16T00:10:09.137+0700] {processor.py:186} INFO - Started process (PID=328253) to work on /home/anhtupham99/NBA-analytics/py_env/lib/python3.11/site-packages/airflow/example_dags/plugins/event_listener.py
[2025-04-16T00:10:09.141+0700] {processor.py:914} INFO - Processing file /home/anhtupham99/NBA-analytics/py_env/lib/python3.11/site-packages/airflow/example_dags/plugins/event_listener.py for tasks to queue
[2025-04-16T00:10:09.143+0700] {logging_mixin.py:190} INFO - [2025-04-16T00:10:09.142+0700] {dagbag.py:588} INFO - Filling up the DagBag from /home/anhtupham99/NBA-analytics/py_env/lib/python3.11/site-packages/airflow/example_dags/plugins/event_listener.py
[2025-04-16T00:10:09.145+0700] {processor.py:927} WARNING - No viable dags retrieved from /home/anhtupham99/NBA-analytics/py_env/lib/python3.11/site-packages/airflow/example_dags/plugins/event_listener.py
[2025-04-16T00:10:09.155+0700] {processor.py:208} INFO - Processing /home/anhtupham99/NBA-analytics/py_env/lib/python3.11/site-packages/airflow/example_dags/plugins/event_listener.py took 0.023 seconds
[2025-04-16T00:10:56.733+0700] {processor.py:186} INFO - Started process (PID=329277) to work on /home/anhtupham99/NBA-analytics/py_env/lib/python3.11/site-packages/airflow/example_dags/plugins/event_listener.py
[2025-04-16T00:10:56.736+0700] {processor.py:914} INFO - Processing file /home/anhtupham99/NBA-analytics/py_env/lib/python3.11/site-packages/airflow/example_dags/plugins/event_listener.py for tasks to queue
[2025-04-16T00:10:56.738+0700] {logging_mixin.py:190} INFO - [2025-04-16T00:10:56.737+0700] {dagbag.py:588} INFO - Filling up the DagBag from /home/anhtupham99/NBA-analytics/py_env/lib/python3.11/site-packages/airflow/example_dags/plugins/event_listener.py
[2025-04-16T00:10:56.740+0700] {processor.py:927} WARNING - No viable dags retrieved from /home/anhtupham99/NBA-analytics/py_env/lib/python3.11/site-packages/airflow/example_dags/plugins/event_listener.py
[2025-04-16T00:10:56.747+0700] {processor.py:208} INFO - Processing /home/anhtupham99/NBA-analytics/py_env/lib/python3.11/site-packages/airflow/example_dags/plugins/event_listener.py took 0.020 seconds
[2025-04-16T00:11:45.884+0700] {processor.py:186} INFO - Started process (PID=330316) to work on /home/anhtupham99/NBA-analytics/py_env/lib/python3.11/site-packages/airflow/example_dags/plugins/event_listener.py
[2025-04-16T00:11:45.885+0700] {processor.py:914} INFO - Processing file /home/anhtupham99/NBA-analytics/py_env/lib/python3.11/site-packages/airflow/example_dags/plugins/event_listener.py for tasks to queue
[2025-04-16T00:11:45.887+0700] {logging_mixin.py:190} INFO - [2025-04-16T00:11:45.887+0700] {dagbag.py:588} INFO - Filling up the DagBag from /home/anhtupham99/NBA-analytics/py_env/lib/python3.11/site-packages/airflow/example_dags/plugins/event_listener.py
[2025-04-16T00:11:45.889+0700] {processor.py:927} WARNING - No viable dags retrieved from /home/anhtupham99/NBA-analytics/py_env/lib/python3.11/site-packages/airflow/example_dags/plugins/event_listener.py
[2025-04-16T00:11:45.897+0700] {processor.py:208} INFO - Processing /home/anhtupham99/NBA-analytics/py_env/lib/python3.11/site-packages/airflow/example_dags/plugins/event_listener.py took 0.017 seconds
[2025-04-16T00:12:29.494+0700] {processor.py:186} INFO - Started process (PID=331619) to work on /home/anhtupham99/NBA-analytics/py_env/lib/python3.11/site-packages/airflow/example_dags/plugins/event_listener.py
[2025-04-16T00:12:29.495+0700] {processor.py:914} INFO - Processing file /home/anhtupham99/NBA-analytics/py_env/lib/python3.11/site-packages/airflow/example_dags/plugins/event_listener.py for tasks to queue
[2025-04-16T00:12:29.497+0700] {logging_mixin.py:190} INFO - [2025-04-16T00:12:29.496+0700] {dagbag.py:588} INFO - Filling up the DagBag from /home/anhtupham99/NBA-analytics/py_env/lib/python3.11/site-packages/airflow/example_dags/plugins/event_listener.py
[2025-04-16T00:12:29.499+0700] {processor.py:927} WARNING - No viable dags retrieved from /home/anhtupham99/NBA-analytics/py_env/lib/python3.11/site-packages/airflow/example_dags/plugins/event_listener.py
[2025-04-16T00:12:29.508+0700] {processor.py:208} INFO - Processing /home/anhtupham99/NBA-analytics/py_env/lib/python3.11/site-packages/airflow/example_dags/plugins/event_listener.py took 0.019 seconds
[2025-04-16T00:13:18.875+0700] {processor.py:186} INFO - Started process (PID=333087) to work on /home/anhtupham99/NBA-analytics/py_env/lib/python3.11/site-packages/airflow/example_dags/plugins/event_listener.py
[2025-04-16T00:13:18.877+0700] {processor.py:914} INFO - Processing file /home/anhtupham99/NBA-analytics/py_env/lib/python3.11/site-packages/airflow/example_dags/plugins/event_listener.py for tasks to queue
[2025-04-16T00:13:18.879+0700] {logging_mixin.py:190} INFO - [2025-04-16T00:13:18.878+0700] {dagbag.py:588} INFO - Filling up the DagBag from /home/anhtupham99/NBA-analytics/py_env/lib/python3.11/site-packages/airflow/example_dags/plugins/event_listener.py
[2025-04-16T00:13:18.881+0700] {processor.py:927} WARNING - No viable dags retrieved from /home/anhtupham99/NBA-analytics/py_env/lib/python3.11/site-packages/airflow/example_dags/plugins/event_listener.py
[2025-04-16T00:13:18.890+0700] {processor.py:208} INFO - Processing /home/anhtupham99/NBA-analytics/py_env/lib/python3.11/site-packages/airflow/example_dags/plugins/event_listener.py took 0.020 seconds
[2025-04-16T00:14:10.960+0700] {processor.py:186} INFO - Started process (PID=335295) to work on /home/anhtupham99/NBA-analytics/py_env/lib/python3.11/site-packages/airflow/example_dags/plugins/event_listener.py
[2025-04-16T00:14:10.961+0700] {processor.py:914} INFO - Processing file /home/anhtupham99/NBA-analytics/py_env/lib/python3.11/site-packages/airflow/example_dags/plugins/event_listener.py for tasks to queue
[2025-04-16T00:14:10.963+0700] {logging_mixin.py:190} INFO - [2025-04-16T00:14:10.963+0700] {dagbag.py:588} INFO - Filling up the DagBag from /home/anhtupham99/NBA-analytics/py_env/lib/python3.11/site-packages/airflow/example_dags/plugins/event_listener.py
[2025-04-16T00:14:10.965+0700] {processor.py:927} WARNING - No viable dags retrieved from /home/anhtupham99/NBA-analytics/py_env/lib/python3.11/site-packages/airflow/example_dags/plugins/event_listener.py
[2025-04-16T00:14:10.972+0700] {processor.py:208} INFO - Processing /home/anhtupham99/NBA-analytics/py_env/lib/python3.11/site-packages/airflow/example_dags/plugins/event_listener.py took 0.016 seconds
[2025-04-16T00:14:58.692+0700] {processor.py:186} INFO - Started process (PID=337348) to work on /home/anhtupham99/NBA-analytics/py_env/lib/python3.11/site-packages/airflow/example_dags/plugins/event_listener.py
[2025-04-16T00:14:58.693+0700] {processor.py:914} INFO - Processing file /home/anhtupham99/NBA-analytics/py_env/lib/python3.11/site-packages/airflow/example_dags/plugins/event_listener.py for tasks to queue
[2025-04-16T00:14:58.695+0700] {logging_mixin.py:190} INFO - [2025-04-16T00:14:58.694+0700] {dagbag.py:588} INFO - Filling up the DagBag from /home/anhtupham99/NBA-analytics/py_env/lib/python3.11/site-packages/airflow/example_dags/plugins/event_listener.py
[2025-04-16T00:14:58.696+0700] {processor.py:927} WARNING - No viable dags retrieved from /home/anhtupham99/NBA-analytics/py_env/lib/python3.11/site-packages/airflow/example_dags/plugins/event_listener.py
[2025-04-16T00:14:58.704+0700] {processor.py:208} INFO - Processing /home/anhtupham99/NBA-analytics/py_env/lib/python3.11/site-packages/airflow/example_dags/plugins/event_listener.py took 0.017 seconds
[2025-04-16T00:15:49.170+0700] {processor.py:186} INFO - Started process (PID=339649) to work on /home/anhtupham99/NBA-analytics/py_env/lib/python3.11/site-packages/airflow/example_dags/plugins/event_listener.py
[2025-04-16T00:15:49.171+0700] {processor.py:914} INFO - Processing file /home/anhtupham99/NBA-analytics/py_env/lib/python3.11/site-packages/airflow/example_dags/plugins/event_listener.py for tasks to queue
[2025-04-16T00:15:49.173+0700] {logging_mixin.py:190} INFO - [2025-04-16T00:15:49.173+0700] {dagbag.py:588} INFO - Filling up the DagBag from /home/anhtupham99/NBA-analytics/py_env/lib/python3.11/site-packages/airflow/example_dags/plugins/event_listener.py
[2025-04-16T00:15:49.175+0700] {processor.py:927} WARNING - No viable dags retrieved from /home/anhtupham99/NBA-analytics/py_env/lib/python3.11/site-packages/airflow/example_dags/plugins/event_listener.py
[2025-04-16T00:15:49.185+0700] {processor.py:208} INFO - Processing /home/anhtupham99/NBA-analytics/py_env/lib/python3.11/site-packages/airflow/example_dags/plugins/event_listener.py took 0.020 seconds
[2025-04-16T00:16:39.169+0700] {processor.py:186} INFO - Started process (PID=342240) to work on /home/anhtupham99/NBA-analytics/py_env/lib/python3.11/site-packages/airflow/example_dags/plugins/event_listener.py
[2025-04-16T00:16:39.172+0700] {processor.py:914} INFO - Processing file /home/anhtupham99/NBA-analytics/py_env/lib/python3.11/site-packages/airflow/example_dags/plugins/event_listener.py for tasks to queue
[2025-04-16T00:16:39.174+0700] {logging_mixin.py:190} INFO - [2025-04-16T00:16:39.174+0700] {dagbag.py:588} INFO - Filling up the DagBag from /home/anhtupham99/NBA-analytics/py_env/lib/python3.11/site-packages/airflow/example_dags/plugins/event_listener.py
[2025-04-16T00:16:39.177+0700] {processor.py:927} WARNING - No viable dags retrieved from /home/anhtupham99/NBA-analytics/py_env/lib/python3.11/site-packages/airflow/example_dags/plugins/event_listener.py
[2025-04-16T00:16:39.186+0700] {processor.py:208} INFO - Processing /home/anhtupham99/NBA-analytics/py_env/lib/python3.11/site-packages/airflow/example_dags/plugins/event_listener.py took 0.022 seconds
[2025-04-16T00:17:28.158+0700] {processor.py:186} INFO - Started process (PID=344257) to work on /home/anhtupham99/NBA-analytics/py_env/lib/python3.11/site-packages/airflow/example_dags/plugins/event_listener.py
[2025-04-16T00:17:28.159+0700] {processor.py:914} INFO - Processing file /home/anhtupham99/NBA-analytics/py_env/lib/python3.11/site-packages/airflow/example_dags/plugins/event_listener.py for tasks to queue
[2025-04-16T00:17:28.163+0700] {logging_mixin.py:190} INFO - [2025-04-16T00:17:28.162+0700] {dagbag.py:588} INFO - Filling up the DagBag from /home/anhtupham99/NBA-analytics/py_env/lib/python3.11/site-packages/airflow/example_dags/plugins/event_listener.py
[2025-04-16T00:17:28.165+0700] {processor.py:927} WARNING - No viable dags retrieved from /home/anhtupham99/NBA-analytics/py_env/lib/python3.11/site-packages/airflow/example_dags/plugins/event_listener.py
[2025-04-16T00:17:28.176+0700] {processor.py:208} INFO - Processing /home/anhtupham99/NBA-analytics/py_env/lib/python3.11/site-packages/airflow/example_dags/plugins/event_listener.py took 0.022 seconds
[2025-04-16T00:18:18.674+0700] {processor.py:186} INFO - Started process (PID=346238) to work on /home/anhtupham99/NBA-analytics/py_env/lib/python3.11/site-packages/airflow/example_dags/plugins/event_listener.py
[2025-04-16T00:18:18.676+0700] {processor.py:914} INFO - Processing file /home/anhtupham99/NBA-analytics/py_env/lib/python3.11/site-packages/airflow/example_dags/plugins/event_listener.py for tasks to queue
[2025-04-16T00:18:18.678+0700] {logging_mixin.py:190} INFO - [2025-04-16T00:18:18.678+0700] {dagbag.py:588} INFO - Filling up the DagBag from /home/anhtupham99/NBA-analytics/py_env/lib/python3.11/site-packages/airflow/example_dags/plugins/event_listener.py
[2025-04-16T00:18:18.680+0700] {processor.py:927} WARNING - No viable dags retrieved from /home/anhtupham99/NBA-analytics/py_env/lib/python3.11/site-packages/airflow/example_dags/plugins/event_listener.py
[2025-04-16T00:18:18.690+0700] {processor.py:208} INFO - Processing /home/anhtupham99/NBA-analytics/py_env/lib/python3.11/site-packages/airflow/example_dags/plugins/event_listener.py took 0.022 seconds
[2025-04-16T00:19:07.866+0700] {processor.py:186} INFO - Started process (PID=349088) to work on /home/anhtupham99/NBA-analytics/py_env/lib/python3.11/site-packages/airflow/example_dags/plugins/event_listener.py
[2025-04-16T00:19:07.867+0700] {processor.py:914} INFO - Processing file /home/anhtupham99/NBA-analytics/py_env/lib/python3.11/site-packages/airflow/example_dags/plugins/event_listener.py for tasks to queue
[2025-04-16T00:19:07.869+0700] {logging_mixin.py:190} INFO - [2025-04-16T00:19:07.868+0700] {dagbag.py:588} INFO - Filling up the DagBag from /home/anhtupham99/NBA-analytics/py_env/lib/python3.11/site-packages/airflow/example_dags/plugins/event_listener.py
[2025-04-16T00:19:07.871+0700] {processor.py:927} WARNING - No viable dags retrieved from /home/anhtupham99/NBA-analytics/py_env/lib/python3.11/site-packages/airflow/example_dags/plugins/event_listener.py
[2025-04-16T00:19:07.878+0700] {processor.py:208} INFO - Processing /home/anhtupham99/NBA-analytics/py_env/lib/python3.11/site-packages/airflow/example_dags/plugins/event_listener.py took 0.017 seconds
[2025-04-16T00:19:58.819+0700] {processor.py:186} INFO - Started process (PID=350919) to work on /home/anhtupham99/NBA-analytics/py_env/lib/python3.11/site-packages/airflow/example_dags/plugins/event_listener.py
[2025-04-16T00:19:58.820+0700] {processor.py:914} INFO - Processing file /home/anhtupham99/NBA-analytics/py_env/lib/python3.11/site-packages/airflow/example_dags/plugins/event_listener.py for tasks to queue
[2025-04-16T00:19:58.823+0700] {logging_mixin.py:190} INFO - [2025-04-16T00:19:58.822+0700] {dagbag.py:588} INFO - Filling up the DagBag from /home/anhtupham99/NBA-analytics/py_env/lib/python3.11/site-packages/airflow/example_dags/plugins/event_listener.py
[2025-04-16T00:19:58.825+0700] {processor.py:927} WARNING - No viable dags retrieved from /home/anhtupham99/NBA-analytics/py_env/lib/python3.11/site-packages/airflow/example_dags/plugins/event_listener.py
[2025-04-16T00:19:58.836+0700] {processor.py:208} INFO - Processing /home/anhtupham99/NBA-analytics/py_env/lib/python3.11/site-packages/airflow/example_dags/plugins/event_listener.py took 0.023 seconds
[2025-04-16T00:20:47.102+0700] {processor.py:186} INFO - Started process (PID=352837) to work on /home/anhtupham99/NBA-analytics/py_env/lib/python3.11/site-packages/airflow/example_dags/plugins/event_listener.py
[2025-04-16T00:20:47.104+0700] {processor.py:914} INFO - Processing file /home/anhtupham99/NBA-analytics/py_env/lib/python3.11/site-packages/airflow/example_dags/plugins/event_listener.py for tasks to queue
[2025-04-16T00:20:47.105+0700] {logging_mixin.py:190} INFO - [2025-04-16T00:20:47.105+0700] {dagbag.py:588} INFO - Filling up the DagBag from /home/anhtupham99/NBA-analytics/py_env/lib/python3.11/site-packages/airflow/example_dags/plugins/event_listener.py
[2025-04-16T00:20:47.107+0700] {processor.py:927} WARNING - No viable dags retrieved from /home/anhtupham99/NBA-analytics/py_env/lib/python3.11/site-packages/airflow/example_dags/plugins/event_listener.py
[2025-04-16T00:20:47.114+0700] {processor.py:208} INFO - Processing /home/anhtupham99/NBA-analytics/py_env/lib/python3.11/site-packages/airflow/example_dags/plugins/event_listener.py took 0.016 seconds
[2025-04-16T00:21:37.163+0700] {processor.py:186} INFO - Started process (PID=354848) to work on /home/anhtupham99/NBA-analytics/py_env/lib/python3.11/site-packages/airflow/example_dags/plugins/event_listener.py
[2025-04-16T00:21:37.164+0700] {processor.py:914} INFO - Processing file /home/anhtupham99/NBA-analytics/py_env/lib/python3.11/site-packages/airflow/example_dags/plugins/event_listener.py for tasks to queue
[2025-04-16T00:21:37.166+0700] {logging_mixin.py:190} INFO - [2025-04-16T00:21:37.166+0700] {dagbag.py:588} INFO - Filling up the DagBag from /home/anhtupham99/NBA-analytics/py_env/lib/python3.11/site-packages/airflow/example_dags/plugins/event_listener.py
[2025-04-16T00:21:37.168+0700] {processor.py:927} WARNING - No viable dags retrieved from /home/anhtupham99/NBA-analytics/py_env/lib/python3.11/site-packages/airflow/example_dags/plugins/event_listener.py
[2025-04-16T00:21:37.179+0700] {processor.py:208} INFO - Processing /home/anhtupham99/NBA-analytics/py_env/lib/python3.11/site-packages/airflow/example_dags/plugins/event_listener.py took 0.022 seconds
[2025-04-16T00:22:29.731+0700] {processor.py:186} INFO - Started process (PID=356835) to work on /home/anhtupham99/NBA-analytics/py_env/lib/python3.11/site-packages/airflow/example_dags/plugins/event_listener.py
[2025-04-16T00:22:29.733+0700] {processor.py:914} INFO - Processing file /home/anhtupham99/NBA-analytics/py_env/lib/python3.11/site-packages/airflow/example_dags/plugins/event_listener.py for tasks to queue
[2025-04-16T00:22:29.735+0700] {logging_mixin.py:190} INFO - [2025-04-16T00:22:29.735+0700] {dagbag.py:588} INFO - Filling up the DagBag from /home/anhtupham99/NBA-analytics/py_env/lib/python3.11/site-packages/airflow/example_dags/plugins/event_listener.py
[2025-04-16T00:22:29.738+0700] {processor.py:927} WARNING - No viable dags retrieved from /home/anhtupham99/NBA-analytics/py_env/lib/python3.11/site-packages/airflow/example_dags/plugins/event_listener.py
[2025-04-16T00:22:29.748+0700] {processor.py:208} INFO - Processing /home/anhtupham99/NBA-analytics/py_env/lib/python3.11/site-packages/airflow/example_dags/plugins/event_listener.py took 0.022 seconds
[2025-04-16T00:23:17.693+0700] {processor.py:186} INFO - Started process (PID=358149) to work on /home/anhtupham99/NBA-analytics/py_env/lib/python3.11/site-packages/airflow/example_dags/plugins/event_listener.py
[2025-04-16T00:23:17.694+0700] {processor.py:914} INFO - Processing file /home/anhtupham99/NBA-analytics/py_env/lib/python3.11/site-packages/airflow/example_dags/plugins/event_listener.py for tasks to queue
[2025-04-16T00:23:17.696+0700] {logging_mixin.py:190} INFO - [2025-04-16T00:23:17.695+0700] {dagbag.py:588} INFO - Filling up the DagBag from /home/anhtupham99/NBA-analytics/py_env/lib/python3.11/site-packages/airflow/example_dags/plugins/event_listener.py
[2025-04-16T00:23:17.698+0700] {processor.py:927} WARNING - No viable dags retrieved from /home/anhtupham99/NBA-analytics/py_env/lib/python3.11/site-packages/airflow/example_dags/plugins/event_listener.py
[2025-04-16T00:23:17.705+0700] {processor.py:208} INFO - Processing /home/anhtupham99/NBA-analytics/py_env/lib/python3.11/site-packages/airflow/example_dags/plugins/event_listener.py took 0.017 seconds
[2025-04-16T00:24:03.055+0700] {processor.py:186} INFO - Started process (PID=359661) to work on /home/anhtupham99/NBA-analytics/py_env/lib/python3.11/site-packages/airflow/example_dags/plugins/event_listener.py
[2025-04-16T00:24:03.059+0700] {processor.py:914} INFO - Processing file /home/anhtupham99/NBA-analytics/py_env/lib/python3.11/site-packages/airflow/example_dags/plugins/event_listener.py for tasks to queue
[2025-04-16T00:24:03.061+0700] {logging_mixin.py:190} INFO - [2025-04-16T00:24:03.061+0700] {dagbag.py:588} INFO - Filling up the DagBag from /home/anhtupham99/NBA-analytics/py_env/lib/python3.11/site-packages/airflow/example_dags/plugins/event_listener.py
[2025-04-16T00:24:03.063+0700] {processor.py:927} WARNING - No viable dags retrieved from /home/anhtupham99/NBA-analytics/py_env/lib/python3.11/site-packages/airflow/example_dags/plugins/event_listener.py
[2025-04-16T00:24:03.073+0700] {processor.py:208} INFO - Processing /home/anhtupham99/NBA-analytics/py_env/lib/python3.11/site-packages/airflow/example_dags/plugins/event_listener.py took 0.024 seconds
[2025-04-16T00:24:55.652+0700] {processor.py:186} INFO - Started process (PID=361757) to work on /home/anhtupham99/NBA-analytics/py_env/lib/python3.11/site-packages/airflow/example_dags/plugins/event_listener.py
[2025-04-16T00:24:55.653+0700] {processor.py:914} INFO - Processing file /home/anhtupham99/NBA-analytics/py_env/lib/python3.11/site-packages/airflow/example_dags/plugins/event_listener.py for tasks to queue
[2025-04-16T00:24:55.655+0700] {logging_mixin.py:190} INFO - [2025-04-16T00:24:55.655+0700] {dagbag.py:588} INFO - Filling up the DagBag from /home/anhtupham99/NBA-analytics/py_env/lib/python3.11/site-packages/airflow/example_dags/plugins/event_listener.py
[2025-04-16T00:24:55.658+0700] {processor.py:927} WARNING - No viable dags retrieved from /home/anhtupham99/NBA-analytics/py_env/lib/python3.11/site-packages/airflow/example_dags/plugins/event_listener.py
[2025-04-16T00:24:55.666+0700] {processor.py:208} INFO - Processing /home/anhtupham99/NBA-analytics/py_env/lib/python3.11/site-packages/airflow/example_dags/plugins/event_listener.py took 0.020 seconds
[2025-04-16T00:25:41.951+0700] {processor.py:186} INFO - Started process (PID=363672) to work on /home/anhtupham99/NBA-analytics/py_env/lib/python3.11/site-packages/airflow/example_dags/plugins/event_listener.py
[2025-04-16T00:25:41.952+0700] {processor.py:914} INFO - Processing file /home/anhtupham99/NBA-analytics/py_env/lib/python3.11/site-packages/airflow/example_dags/plugins/event_listener.py for tasks to queue
[2025-04-16T00:25:41.954+0700] {logging_mixin.py:190} INFO - [2025-04-16T00:25:41.953+0700] {dagbag.py:588} INFO - Filling up the DagBag from /home/anhtupham99/NBA-analytics/py_env/lib/python3.11/site-packages/airflow/example_dags/plugins/event_listener.py
[2025-04-16T00:25:41.955+0700] {processor.py:927} WARNING - No viable dags retrieved from /home/anhtupham99/NBA-analytics/py_env/lib/python3.11/site-packages/airflow/example_dags/plugins/event_listener.py
[2025-04-16T00:25:41.962+0700] {processor.py:208} INFO - Processing /home/anhtupham99/NBA-analytics/py_env/lib/python3.11/site-packages/airflow/example_dags/plugins/event_listener.py took 0.015 seconds
[2025-04-16T00:26:30.271+0700] {processor.py:186} INFO - Started process (PID=364843) to work on /home/anhtupham99/NBA-analytics/py_env/lib/python3.11/site-packages/airflow/example_dags/plugins/event_listener.py
[2025-04-16T00:26:30.272+0700] {processor.py:914} INFO - Processing file /home/anhtupham99/NBA-analytics/py_env/lib/python3.11/site-packages/airflow/example_dags/plugins/event_listener.py for tasks to queue
[2025-04-16T00:26:30.275+0700] {logging_mixin.py:190} INFO - [2025-04-16T00:26:30.275+0700] {dagbag.py:588} INFO - Filling up the DagBag from /home/anhtupham99/NBA-analytics/py_env/lib/python3.11/site-packages/airflow/example_dags/plugins/event_listener.py
[2025-04-16T00:26:30.278+0700] {processor.py:927} WARNING - No viable dags retrieved from /home/anhtupham99/NBA-analytics/py_env/lib/python3.11/site-packages/airflow/example_dags/plugins/event_listener.py
[2025-04-16T00:26:30.289+0700] {processor.py:208} INFO - Processing /home/anhtupham99/NBA-analytics/py_env/lib/python3.11/site-packages/airflow/example_dags/plugins/event_listener.py took 0.024 seconds
[2025-04-16T00:27:19.467+0700] {processor.py:186} INFO - Started process (PID=365938) to work on /home/anhtupham99/NBA-analytics/py_env/lib/python3.11/site-packages/airflow/example_dags/plugins/event_listener.py
[2025-04-16T00:27:19.468+0700] {processor.py:914} INFO - Processing file /home/anhtupham99/NBA-analytics/py_env/lib/python3.11/site-packages/airflow/example_dags/plugins/event_listener.py for tasks to queue
[2025-04-16T00:27:19.469+0700] {logging_mixin.py:190} INFO - [2025-04-16T00:27:19.469+0700] {dagbag.py:588} INFO - Filling up the DagBag from /home/anhtupham99/NBA-analytics/py_env/lib/python3.11/site-packages/airflow/example_dags/plugins/event_listener.py
[2025-04-16T00:27:19.471+0700] {processor.py:927} WARNING - No viable dags retrieved from /home/anhtupham99/NBA-analytics/py_env/lib/python3.11/site-packages/airflow/example_dags/plugins/event_listener.py
[2025-04-16T00:27:19.478+0700] {processor.py:208} INFO - Processing /home/anhtupham99/NBA-analytics/py_env/lib/python3.11/site-packages/airflow/example_dags/plugins/event_listener.py took 0.016 seconds
[2025-04-16T00:28:06.868+0700] {processor.py:186} INFO - Started process (PID=367248) to work on /home/anhtupham99/NBA-analytics/py_env/lib/python3.11/site-packages/airflow/example_dags/plugins/event_listener.py
[2025-04-16T00:28:06.870+0700] {processor.py:914} INFO - Processing file /home/anhtupham99/NBA-analytics/py_env/lib/python3.11/site-packages/airflow/example_dags/plugins/event_listener.py for tasks to queue
[2025-04-16T00:28:06.872+0700] {logging_mixin.py:190} INFO - [2025-04-16T00:28:06.871+0700] {dagbag.py:588} INFO - Filling up the DagBag from /home/anhtupham99/NBA-analytics/py_env/lib/python3.11/site-packages/airflow/example_dags/plugins/event_listener.py
[2025-04-16T00:28:06.874+0700] {processor.py:927} WARNING - No viable dags retrieved from /home/anhtupham99/NBA-analytics/py_env/lib/python3.11/site-packages/airflow/example_dags/plugins/event_listener.py
[2025-04-16T00:28:06.884+0700] {processor.py:208} INFO - Processing /home/anhtupham99/NBA-analytics/py_env/lib/python3.11/site-packages/airflow/example_dags/plugins/event_listener.py took 0.020 seconds
[2025-04-16T00:28:54.033+0700] {processor.py:186} INFO - Started process (PID=368341) to work on /home/anhtupham99/NBA-analytics/py_env/lib/python3.11/site-packages/airflow/example_dags/plugins/event_listener.py
[2025-04-16T00:28:54.035+0700] {processor.py:914} INFO - Processing file /home/anhtupham99/NBA-analytics/py_env/lib/python3.11/site-packages/airflow/example_dags/plugins/event_listener.py for tasks to queue
[2025-04-16T00:28:54.037+0700] {logging_mixin.py:190} INFO - [2025-04-16T00:28:54.036+0700] {dagbag.py:588} INFO - Filling up the DagBag from /home/anhtupham99/NBA-analytics/py_env/lib/python3.11/site-packages/airflow/example_dags/plugins/event_listener.py
[2025-04-16T00:28:54.040+0700] {processor.py:927} WARNING - No viable dags retrieved from /home/anhtupham99/NBA-analytics/py_env/lib/python3.11/site-packages/airflow/example_dags/plugins/event_listener.py
[2025-04-16T00:28:54.054+0700] {processor.py:208} INFO - Processing /home/anhtupham99/NBA-analytics/py_env/lib/python3.11/site-packages/airflow/example_dags/plugins/event_listener.py took 0.027 seconds
[2025-04-16T00:29:41.642+0700] {processor.py:186} INFO - Started process (PID=369450) to work on /home/anhtupham99/NBA-analytics/py_env/lib/python3.11/site-packages/airflow/example_dags/plugins/event_listener.py
[2025-04-16T00:29:41.643+0700] {processor.py:914} INFO - Processing file /home/anhtupham99/NBA-analytics/py_env/lib/python3.11/site-packages/airflow/example_dags/plugins/event_listener.py for tasks to queue
[2025-04-16T00:29:41.645+0700] {logging_mixin.py:190} INFO - [2025-04-16T00:29:41.644+0700] {dagbag.py:588} INFO - Filling up the DagBag from /home/anhtupham99/NBA-analytics/py_env/lib/python3.11/site-packages/airflow/example_dags/plugins/event_listener.py
[2025-04-16T00:29:41.647+0700] {processor.py:927} WARNING - No viable dags retrieved from /home/anhtupham99/NBA-analytics/py_env/lib/python3.11/site-packages/airflow/example_dags/plugins/event_listener.py
[2025-04-16T00:29:41.655+0700] {processor.py:208} INFO - Processing /home/anhtupham99/NBA-analytics/py_env/lib/python3.11/site-packages/airflow/example_dags/plugins/event_listener.py took 0.018 seconds
[2025-04-16T00:30:30.779+0700] {processor.py:186} INFO - Started process (PID=370596) to work on /home/anhtupham99/NBA-analytics/py_env/lib/python3.11/site-packages/airflow/example_dags/plugins/event_listener.py
[2025-04-16T00:30:30.780+0700] {processor.py:914} INFO - Processing file /home/anhtupham99/NBA-analytics/py_env/lib/python3.11/site-packages/airflow/example_dags/plugins/event_listener.py for tasks to queue
[2025-04-16T00:30:30.782+0700] {logging_mixin.py:190} INFO - [2025-04-16T00:30:30.782+0700] {dagbag.py:588} INFO - Filling up the DagBag from /home/anhtupham99/NBA-analytics/py_env/lib/python3.11/site-packages/airflow/example_dags/plugins/event_listener.py
[2025-04-16T00:30:30.785+0700] {processor.py:927} WARNING - No viable dags retrieved from /home/anhtupham99/NBA-analytics/py_env/lib/python3.11/site-packages/airflow/example_dags/plugins/event_listener.py
[2025-04-16T00:30:30.794+0700] {processor.py:208} INFO - Processing /home/anhtupham99/NBA-analytics/py_env/lib/python3.11/site-packages/airflow/example_dags/plugins/event_listener.py took 0.021 seconds
[2025-04-16T00:31:17.494+0700] {processor.py:186} INFO - Started process (PID=371984) to work on /home/anhtupham99/NBA-analytics/py_env/lib/python3.11/site-packages/airflow/example_dags/plugins/event_listener.py
[2025-04-16T00:31:17.495+0700] {processor.py:914} INFO - Processing file /home/anhtupham99/NBA-analytics/py_env/lib/python3.11/site-packages/airflow/example_dags/plugins/event_listener.py for tasks to queue
[2025-04-16T00:31:17.497+0700] {logging_mixin.py:190} INFO - [2025-04-16T00:31:17.497+0700] {dagbag.py:588} INFO - Filling up the DagBag from /home/anhtupham99/NBA-analytics/py_env/lib/python3.11/site-packages/airflow/example_dags/plugins/event_listener.py
[2025-04-16T00:31:17.499+0700] {processor.py:927} WARNING - No viable dags retrieved from /home/anhtupham99/NBA-analytics/py_env/lib/python3.11/site-packages/airflow/example_dags/plugins/event_listener.py
[2025-04-16T00:31:17.507+0700] {processor.py:208} INFO - Processing /home/anhtupham99/NBA-analytics/py_env/lib/python3.11/site-packages/airflow/example_dags/plugins/event_listener.py took 0.019 seconds
[2025-04-16T00:32:02.275+0700] {processor.py:186} INFO - Started process (PID=373059) to work on /home/anhtupham99/NBA-analytics/py_env/lib/python3.11/site-packages/airflow/example_dags/plugins/event_listener.py
[2025-04-16T00:32:02.276+0700] {processor.py:914} INFO - Processing file /home/anhtupham99/NBA-analytics/py_env/lib/python3.11/site-packages/airflow/example_dags/plugins/event_listener.py for tasks to queue
[2025-04-16T00:32:02.278+0700] {logging_mixin.py:190} INFO - [2025-04-16T00:32:02.278+0700] {dagbag.py:588} INFO - Filling up the DagBag from /home/anhtupham99/NBA-analytics/py_env/lib/python3.11/site-packages/airflow/example_dags/plugins/event_listener.py
[2025-04-16T00:32:02.280+0700] {processor.py:927} WARNING - No viable dags retrieved from /home/anhtupham99/NBA-analytics/py_env/lib/python3.11/site-packages/airflow/example_dags/plugins/event_listener.py
[2025-04-16T00:32:02.287+0700] {processor.py:208} INFO - Processing /home/anhtupham99/NBA-analytics/py_env/lib/python3.11/site-packages/airflow/example_dags/plugins/event_listener.py took 0.016 seconds
[2025-04-16T00:32:47.227+0700] {processor.py:186} INFO - Started process (PID=374209) to work on /home/anhtupham99/NBA-analytics/py_env/lib/python3.11/site-packages/airflow/example_dags/plugins/event_listener.py
[2025-04-16T00:32:47.228+0700] {processor.py:914} INFO - Processing file /home/anhtupham99/NBA-analytics/py_env/lib/python3.11/site-packages/airflow/example_dags/plugins/event_listener.py for tasks to queue
[2025-04-16T00:32:47.230+0700] {logging_mixin.py:190} INFO - [2025-04-16T00:32:47.230+0700] {dagbag.py:588} INFO - Filling up the DagBag from /home/anhtupham99/NBA-analytics/py_env/lib/python3.11/site-packages/airflow/example_dags/plugins/event_listener.py
[2025-04-16T00:32:47.232+0700] {processor.py:927} WARNING - No viable dags retrieved from /home/anhtupham99/NBA-analytics/py_env/lib/python3.11/site-packages/airflow/example_dags/plugins/event_listener.py
[2025-04-16T00:32:47.243+0700] {processor.py:208} INFO - Processing /home/anhtupham99/NBA-analytics/py_env/lib/python3.11/site-packages/airflow/example_dags/plugins/event_listener.py took 0.020 seconds
[2025-04-16T00:33:34.834+0700] {processor.py:186} INFO - Started process (PID=375319) to work on /home/anhtupham99/NBA-analytics/py_env/lib/python3.11/site-packages/airflow/example_dags/plugins/event_listener.py
[2025-04-16T00:33:34.835+0700] {processor.py:914} INFO - Processing file /home/anhtupham99/NBA-analytics/py_env/lib/python3.11/site-packages/airflow/example_dags/plugins/event_listener.py for tasks to queue
[2025-04-16T00:33:34.836+0700] {logging_mixin.py:190} INFO - [2025-04-16T00:33:34.836+0700] {dagbag.py:588} INFO - Filling up the DagBag from /home/anhtupham99/NBA-analytics/py_env/lib/python3.11/site-packages/airflow/example_dags/plugins/event_listener.py
[2025-04-16T00:33:34.838+0700] {processor.py:927} WARNING - No viable dags retrieved from /home/anhtupham99/NBA-analytics/py_env/lib/python3.11/site-packages/airflow/example_dags/plugins/event_listener.py
[2025-04-16T00:33:34.846+0700] {processor.py:208} INFO - Processing /home/anhtupham99/NBA-analytics/py_env/lib/python3.11/site-packages/airflow/example_dags/plugins/event_listener.py took 0.017 seconds
[2025-04-16T00:34:23.051+0700] {processor.py:186} INFO - Started process (PID=376435) to work on /home/anhtupham99/NBA-analytics/py_env/lib/python3.11/site-packages/airflow/example_dags/plugins/event_listener.py
[2025-04-16T00:34:23.052+0700] {processor.py:914} INFO - Processing file /home/anhtupham99/NBA-analytics/py_env/lib/python3.11/site-packages/airflow/example_dags/plugins/event_listener.py for tasks to queue
[2025-04-16T00:34:23.053+0700] {logging_mixin.py:190} INFO - [2025-04-16T00:34:23.053+0700] {dagbag.py:588} INFO - Filling up the DagBag from /home/anhtupham99/NBA-analytics/py_env/lib/python3.11/site-packages/airflow/example_dags/plugins/event_listener.py
[2025-04-16T00:34:23.056+0700] {processor.py:927} WARNING - No viable dags retrieved from /home/anhtupham99/NBA-analytics/py_env/lib/python3.11/site-packages/airflow/example_dags/plugins/event_listener.py
[2025-04-16T00:34:23.065+0700] {processor.py:208} INFO - Processing /home/anhtupham99/NBA-analytics/py_env/lib/python3.11/site-packages/airflow/example_dags/plugins/event_listener.py took 0.020 seconds
[2025-04-16T00:35:12.501+0700] {processor.py:186} INFO - Started process (PID=377609) to work on /home/anhtupham99/NBA-analytics/py_env/lib/python3.11/site-packages/airflow/example_dags/plugins/event_listener.py
[2025-04-16T00:35:12.502+0700] {processor.py:914} INFO - Processing file /home/anhtupham99/NBA-analytics/py_env/lib/python3.11/site-packages/airflow/example_dags/plugins/event_listener.py for tasks to queue
[2025-04-16T00:35:12.504+0700] {logging_mixin.py:190} INFO - [2025-04-16T00:35:12.503+0700] {dagbag.py:588} INFO - Filling up the DagBag from /home/anhtupham99/NBA-analytics/py_env/lib/python3.11/site-packages/airflow/example_dags/plugins/event_listener.py
[2025-04-16T00:35:12.506+0700] {processor.py:927} WARNING - No viable dags retrieved from /home/anhtupham99/NBA-analytics/py_env/lib/python3.11/site-packages/airflow/example_dags/plugins/event_listener.py
[2025-04-16T00:35:12.515+0700] {processor.py:208} INFO - Processing /home/anhtupham99/NBA-analytics/py_env/lib/python3.11/site-packages/airflow/example_dags/plugins/event_listener.py took 0.019 seconds
[2025-04-16T00:35:57.340+0700] {processor.py:186} INFO - Started process (PID=378776) to work on /home/anhtupham99/NBA-analytics/py_env/lib/python3.11/site-packages/airflow/example_dags/plugins/event_listener.py
[2025-04-16T00:35:57.341+0700] {processor.py:914} INFO - Processing file /home/anhtupham99/NBA-analytics/py_env/lib/python3.11/site-packages/airflow/example_dags/plugins/event_listener.py for tasks to queue
[2025-04-16T00:35:57.343+0700] {logging_mixin.py:190} INFO - [2025-04-16T00:35:57.343+0700] {dagbag.py:588} INFO - Filling up the DagBag from /home/anhtupham99/NBA-analytics/py_env/lib/python3.11/site-packages/airflow/example_dags/plugins/event_listener.py
[2025-04-16T00:35:57.345+0700] {processor.py:927} WARNING - No viable dags retrieved from /home/anhtupham99/NBA-analytics/py_env/lib/python3.11/site-packages/airflow/example_dags/plugins/event_listener.py
[2025-04-16T00:35:57.352+0700] {processor.py:208} INFO - Processing /home/anhtupham99/NBA-analytics/py_env/lib/python3.11/site-packages/airflow/example_dags/plugins/event_listener.py took 0.017 seconds
[2025-04-16T00:36:47.898+0700] {processor.py:186} INFO - Started process (PID=380091) to work on /home/anhtupham99/NBA-analytics/py_env/lib/python3.11/site-packages/airflow/example_dags/plugins/event_listener.py
[2025-04-16T00:36:47.900+0700] {processor.py:914} INFO - Processing file /home/anhtupham99/NBA-analytics/py_env/lib/python3.11/site-packages/airflow/example_dags/plugins/event_listener.py for tasks to queue
[2025-04-16T00:36:47.903+0700] {logging_mixin.py:190} INFO - [2025-04-16T00:36:47.903+0700] {dagbag.py:588} INFO - Filling up the DagBag from /home/anhtupham99/NBA-analytics/py_env/lib/python3.11/site-packages/airflow/example_dags/plugins/event_listener.py
[2025-04-16T00:36:47.907+0700] {processor.py:927} WARNING - No viable dags retrieved from /home/anhtupham99/NBA-analytics/py_env/lib/python3.11/site-packages/airflow/example_dags/plugins/event_listener.py
[2025-04-16T00:36:47.917+0700] {processor.py:208} INFO - Processing /home/anhtupham99/NBA-analytics/py_env/lib/python3.11/site-packages/airflow/example_dags/plugins/event_listener.py took 0.024 seconds
[2025-04-16T00:37:32.045+0700] {processor.py:186} INFO - Started process (PID=381377) to work on /home/anhtupham99/NBA-analytics/py_env/lib/python3.11/site-packages/airflow/example_dags/plugins/event_listener.py
[2025-04-16T00:37:32.047+0700] {processor.py:914} INFO - Processing file /home/anhtupham99/NBA-analytics/py_env/lib/python3.11/site-packages/airflow/example_dags/plugins/event_listener.py for tasks to queue
[2025-04-16T00:37:32.049+0700] {logging_mixin.py:190} INFO - [2025-04-16T00:37:32.048+0700] {dagbag.py:588} INFO - Filling up the DagBag from /home/anhtupham99/NBA-analytics/py_env/lib/python3.11/site-packages/airflow/example_dags/plugins/event_listener.py
[2025-04-16T00:37:32.051+0700] {processor.py:927} WARNING - No viable dags retrieved from /home/anhtupham99/NBA-analytics/py_env/lib/python3.11/site-packages/airflow/example_dags/plugins/event_listener.py
[2025-04-16T00:37:32.062+0700] {processor.py:208} INFO - Processing /home/anhtupham99/NBA-analytics/py_env/lib/python3.11/site-packages/airflow/example_dags/plugins/event_listener.py took 0.023 seconds
