[2025-04-15T23:46:32.853+0700] {processor.py:186} INFO - Started process (PID=297457) to work on /home/anhtupham99/NBA-analytics/py_env/lib/python3.11/site-packages/airflow/example_dags/plugins/listener_plugin.py
[2025-04-15T23:46:32.853+0700] {processor.py:914} INFO - Processing file /home/anhtupham99/NBA-analytics/py_env/lib/python3.11/site-packages/airflow/example_dags/plugins/listener_plugin.py for tasks to queue
[2025-04-15T23:46:32.854+0700] {logging_mixin.py:190} INFO - [2025-04-15T23:46:32.854+0700] {dagbag.py:588} INFO - Filling up the DagBag from /home/anhtupham99/NBA-analytics/py_env/lib/python3.11/site-packages/airflow/example_dags/plugins/listener_plugin.py
[2025-04-15T23:46:32.856+0700] {processor.py:927} WARNING - No viable dags retrieved from /home/anhtupham99/NBA-analytics/py_env/lib/python3.11/site-packages/airflow/example_dags/plugins/listener_plugin.py
[2025-04-15T23:46:32.863+0700] {processor.py:208} INFO - Processing /home/anhtupham99/NBA-analytics/py_env/lib/python3.11/site-packages/airflow/example_dags/plugins/listener_plugin.py took 0.014 seconds
[2025-04-15T23:47:39.573+0700] {processor.py:186} INFO - Started process (PID=298937) to work on /home/anhtupham99/NBA-analytics/py_env/lib/python3.11/site-packages/airflow/example_dags/plugins/listener_plugin.py
[2025-04-15T23:47:39.575+0700] {processor.py:914} INFO - Processing file /home/anhtupham99/NBA-analytics/py_env/lib/python3.11/site-packages/airflow/example_dags/plugins/listener_plugin.py for tasks to queue
[2025-04-15T23:47:39.577+0700] {logging_mixin.py:190} INFO - [2025-04-15T23:47:39.576+0700] {dagbag.py:588} INFO - Filling up the DagBag from /home/anhtupham99/NBA-analytics/py_env/lib/python3.11/site-packages/airflow/example_dags/plugins/listener_plugin.py
[2025-04-15T23:47:39.579+0700] {processor.py:927} WARNING - No viable dags retrieved from /home/anhtupham99/NBA-analytics/py_env/lib/python3.11/site-packages/airflow/example_dags/plugins/listener_plugin.py
[2025-04-15T23:47:39.589+0700] {processor.py:208} INFO - Processing /home/anhtupham99/NBA-analytics/py_env/lib/python3.11/site-packages/airflow/example_dags/plugins/listener_plugin.py took 0.021 seconds
[2025-04-15T23:48:34.299+0700] {processor.py:186} INFO - Started process (PID=300306) to work on /home/anhtupham99/NBA-analytics/py_env/lib/python3.11/site-packages/airflow/example_dags/plugins/listener_plugin.py
[2025-04-15T23:48:34.301+0700] {processor.py:914} INFO - Processing file /home/anhtupham99/NBA-analytics/py_env/lib/python3.11/site-packages/airflow/example_dags/plugins/listener_plugin.py for tasks to queue
[2025-04-15T23:48:34.302+0700] {logging_mixin.py:190} INFO - [2025-04-15T23:48:34.302+0700] {dagbag.py:588} INFO - Filling up the DagBag from /home/anhtupham99/NBA-analytics/py_env/lib/python3.11/site-packages/airflow/example_dags/plugins/listener_plugin.py
[2025-04-15T23:48:34.304+0700] {processor.py:927} WARNING - No viable dags retrieved from /home/anhtupham99/NBA-analytics/py_env/lib/python3.11/site-packages/airflow/example_dags/plugins/listener_plugin.py
[2025-04-15T23:48:34.311+0700] {processor.py:208} INFO - Processing /home/anhtupham99/NBA-analytics/py_env/lib/python3.11/site-packages/airflow/example_dags/plugins/listener_plugin.py took 0.016 seconds
[2025-04-15T23:49:23.096+0700] {processor.py:186} INFO - Started process (PID=301299) to work on /home/anhtupham99/NBA-analytics/py_env/lib/python3.11/site-packages/airflow/example_dags/plugins/listener_plugin.py
[2025-04-15T23:49:23.098+0700] {processor.py:914} INFO - Processing file /home/anhtupham99/NBA-analytics/py_env/lib/python3.11/site-packages/airflow/example_dags/plugins/listener_plugin.py for tasks to queue
[2025-04-15T23:49:23.100+0700] {logging_mixin.py:190} INFO - [2025-04-15T23:49:23.099+0700] {dagbag.py:588} INFO - Filling up the DagBag from /home/anhtupham99/NBA-analytics/py_env/lib/python3.11/site-packages/airflow/example_dags/plugins/listener_plugin.py
[2025-04-15T23:49:23.103+0700] {processor.py:927} WARNING - No viable dags retrieved from /home/anhtupham99/NBA-analytics/py_env/lib/python3.11/site-packages/airflow/example_dags/plugins/listener_plugin.py
[2025-04-15T23:49:23.116+0700] {processor.py:208} INFO - Processing /home/anhtupham99/NBA-analytics/py_env/lib/python3.11/site-packages/airflow/example_dags/plugins/listener_plugin.py took 0.025 seconds
[2025-04-15T23:50:09.448+0700] {processor.py:186} INFO - Started process (PID=302301) to work on /home/anhtupham99/NBA-analytics/py_env/lib/python3.11/site-packages/airflow/example_dags/plugins/listener_plugin.py
[2025-04-15T23:50:09.449+0700] {processor.py:914} INFO - Processing file /home/anhtupham99/NBA-analytics/py_env/lib/python3.11/site-packages/airflow/example_dags/plugins/listener_plugin.py for tasks to queue
[2025-04-15T23:50:09.452+0700] {logging_mixin.py:190} INFO - [2025-04-15T23:50:09.451+0700] {dagbag.py:588} INFO - Filling up the DagBag from /home/anhtupham99/NBA-analytics/py_env/lib/python3.11/site-packages/airflow/example_dags/plugins/listener_plugin.py
[2025-04-15T23:50:09.455+0700] {processor.py:927} WARNING - No viable dags retrieved from /home/anhtupham99/NBA-analytics/py_env/lib/python3.11/site-packages/airflow/example_dags/plugins/listener_plugin.py
[2025-04-15T23:50:09.466+0700] {processor.py:208} INFO - Processing /home/anhtupham99/NBA-analytics/py_env/lib/python3.11/site-packages/airflow/example_dags/plugins/listener_plugin.py took 0.025 seconds
[2025-04-15T23:51:04.887+0700] {processor.py:186} INFO - Started process (PID=303394) to work on /home/anhtupham99/NBA-analytics/py_env/lib/python3.11/site-packages/airflow/example_dags/plugins/listener_plugin.py
[2025-04-15T23:51:04.888+0700] {processor.py:914} INFO - Processing file /home/anhtupham99/NBA-analytics/py_env/lib/python3.11/site-packages/airflow/example_dags/plugins/listener_plugin.py for tasks to queue
[2025-04-15T23:51:04.890+0700] {logging_mixin.py:190} INFO - [2025-04-15T23:51:04.890+0700] {dagbag.py:588} INFO - Filling up the DagBag from /home/anhtupham99/NBA-analytics/py_env/lib/python3.11/site-packages/airflow/example_dags/plugins/listener_plugin.py
[2025-04-15T23:51:04.892+0700] {processor.py:927} WARNING - No viable dags retrieved from /home/anhtupham99/NBA-analytics/py_env/lib/python3.11/site-packages/airflow/example_dags/plugins/listener_plugin.py
[2025-04-15T23:51:04.899+0700] {processor.py:208} INFO - Processing /home/anhtupham99/NBA-analytics/py_env/lib/python3.11/site-packages/airflow/example_dags/plugins/listener_plugin.py took 0.016 seconds
[2025-04-15T23:51:52.222+0700] {processor.py:186} INFO - Started process (PID=304279) to work on /home/anhtupham99/NBA-analytics/py_env/lib/python3.11/site-packages/airflow/example_dags/plugins/listener_plugin.py
[2025-04-15T23:51:52.226+0700] {processor.py:914} INFO - Processing file /home/anhtupham99/NBA-analytics/py_env/lib/python3.11/site-packages/airflow/example_dags/plugins/listener_plugin.py for tasks to queue
[2025-04-15T23:51:52.227+0700] {logging_mixin.py:190} INFO - [2025-04-15T23:51:52.227+0700] {dagbag.py:588} INFO - Filling up the DagBag from /home/anhtupham99/NBA-analytics/py_env/lib/python3.11/site-packages/airflow/example_dags/plugins/listener_plugin.py
[2025-04-15T23:51:52.229+0700] {processor.py:927} WARNING - No viable dags retrieved from /home/anhtupham99/NBA-analytics/py_env/lib/python3.11/site-packages/airflow/example_dags/plugins/listener_plugin.py
[2025-04-15T23:51:52.237+0700] {processor.py:208} INFO - Processing /home/anhtupham99/NBA-analytics/py_env/lib/python3.11/site-packages/airflow/example_dags/plugins/listener_plugin.py took 0.020 seconds
[2025-04-15T23:52:38.330+0700] {processor.py:186} INFO - Started process (PID=305193) to work on /home/anhtupham99/NBA-analytics/py_env/lib/python3.11/site-packages/airflow/example_dags/plugins/listener_plugin.py
[2025-04-15T23:52:38.332+0700] {processor.py:914} INFO - Processing file /home/anhtupham99/NBA-analytics/py_env/lib/python3.11/site-packages/airflow/example_dags/plugins/listener_plugin.py for tasks to queue
[2025-04-15T23:52:38.335+0700] {logging_mixin.py:190} INFO - [2025-04-15T23:52:38.334+0700] {dagbag.py:588} INFO - Filling up the DagBag from /home/anhtupham99/NBA-analytics/py_env/lib/python3.11/site-packages/airflow/example_dags/plugins/listener_plugin.py
[2025-04-15T23:52:38.337+0700] {processor.py:927} WARNING - No viable dags retrieved from /home/anhtupham99/NBA-analytics/py_env/lib/python3.11/site-packages/airflow/example_dags/plugins/listener_plugin.py
[2025-04-15T23:52:38.347+0700] {processor.py:208} INFO - Processing /home/anhtupham99/NBA-analytics/py_env/lib/python3.11/site-packages/airflow/example_dags/plugins/listener_plugin.py took 0.023 seconds
[2025-04-15T23:53:27.265+0700] {processor.py:186} INFO - Started process (PID=306133) to work on /home/anhtupham99/NBA-analytics/py_env/lib/python3.11/site-packages/airflow/example_dags/plugins/listener_plugin.py
[2025-04-15T23:53:27.266+0700] {processor.py:914} INFO - Processing file /home/anhtupham99/NBA-analytics/py_env/lib/python3.11/site-packages/airflow/example_dags/plugins/listener_plugin.py for tasks to queue
[2025-04-15T23:53:27.267+0700] {logging_mixin.py:190} INFO - [2025-04-15T23:53:27.267+0700] {dagbag.py:588} INFO - Filling up the DagBag from /home/anhtupham99/NBA-analytics/py_env/lib/python3.11/site-packages/airflow/example_dags/plugins/listener_plugin.py
[2025-04-15T23:53:27.269+0700] {processor.py:927} WARNING - No viable dags retrieved from /home/anhtupham99/NBA-analytics/py_env/lib/python3.11/site-packages/airflow/example_dags/plugins/listener_plugin.py
[2025-04-15T23:53:27.277+0700] {processor.py:208} INFO - Processing /home/anhtupham99/NBA-analytics/py_env/lib/python3.11/site-packages/airflow/example_dags/plugins/listener_plugin.py took 0.017 seconds
[2025-04-15T23:54:13.382+0700] {processor.py:186} INFO - Started process (PID=307022) to work on /home/anhtupham99/NBA-analytics/py_env/lib/python3.11/site-packages/airflow/example_dags/plugins/listener_plugin.py
[2025-04-15T23:54:13.383+0700] {processor.py:914} INFO - Processing file /home/anhtupham99/NBA-analytics/py_env/lib/python3.11/site-packages/airflow/example_dags/plugins/listener_plugin.py for tasks to queue
[2025-04-15T23:54:13.385+0700] {logging_mixin.py:190} INFO - [2025-04-15T23:54:13.384+0700] {dagbag.py:588} INFO - Filling up the DagBag from /home/anhtupham99/NBA-analytics/py_env/lib/python3.11/site-packages/airflow/example_dags/plugins/listener_plugin.py
[2025-04-15T23:54:13.386+0700] {processor.py:927} WARNING - No viable dags retrieved from /home/anhtupham99/NBA-analytics/py_env/lib/python3.11/site-packages/airflow/example_dags/plugins/listener_plugin.py
[2025-04-15T23:54:13.393+0700] {processor.py:208} INFO - Processing /home/anhtupham99/NBA-analytics/py_env/lib/python3.11/site-packages/airflow/example_dags/plugins/listener_plugin.py took 0.016 seconds
[2025-04-15T23:55:01.112+0700] {processor.py:186} INFO - Started process (PID=307932) to work on /home/anhtupham99/NBA-analytics/py_env/lib/python3.11/site-packages/airflow/example_dags/plugins/listener_plugin.py
[2025-04-15T23:55:01.113+0700] {processor.py:914} INFO - Processing file /home/anhtupham99/NBA-analytics/py_env/lib/python3.11/site-packages/airflow/example_dags/plugins/listener_plugin.py for tasks to queue
[2025-04-15T23:55:01.115+0700] {logging_mixin.py:190} INFO - [2025-04-15T23:55:01.114+0700] {dagbag.py:588} INFO - Filling up the DagBag from /home/anhtupham99/NBA-analytics/py_env/lib/python3.11/site-packages/airflow/example_dags/plugins/listener_plugin.py
[2025-04-15T23:55:01.116+0700] {processor.py:927} WARNING - No viable dags retrieved from /home/anhtupham99/NBA-analytics/py_env/lib/python3.11/site-packages/airflow/example_dags/plugins/listener_plugin.py
[2025-04-15T23:55:01.124+0700] {processor.py:208} INFO - Processing /home/anhtupham99/NBA-analytics/py_env/lib/python3.11/site-packages/airflow/example_dags/plugins/listener_plugin.py took 0.016 seconds
[2025-04-15T23:55:53.466+0700] {processor.py:186} INFO - Started process (PID=310889) to work on /home/anhtupham99/NBA-analytics/py_env/lib/python3.11/site-packages/airflow/example_dags/plugins/listener_plugin.py
[2025-04-15T23:55:53.468+0700] {processor.py:914} INFO - Processing file /home/anhtupham99/NBA-analytics/py_env/lib/python3.11/site-packages/airflow/example_dags/plugins/listener_plugin.py for tasks to queue
[2025-04-15T23:55:53.469+0700] {logging_mixin.py:190} INFO - [2025-04-15T23:55:53.469+0700] {dagbag.py:588} INFO - Filling up the DagBag from /home/anhtupham99/NBA-analytics/py_env/lib/python3.11/site-packages/airflow/example_dags/plugins/listener_plugin.py
[2025-04-15T23:55:53.471+0700] {processor.py:927} WARNING - No viable dags retrieved from /home/anhtupham99/NBA-analytics/py_env/lib/python3.11/site-packages/airflow/example_dags/plugins/listener_plugin.py
[2025-04-15T23:55:53.478+0700] {processor.py:208} INFO - Processing /home/anhtupham99/NBA-analytics/py_env/lib/python3.11/site-packages/airflow/example_dags/plugins/listener_plugin.py took 0.016 seconds
[2025-04-15T23:56:41.661+0700] {processor.py:186} INFO - Started process (PID=312014) to work on /home/anhtupham99/NBA-analytics/py_env/lib/python3.11/site-packages/airflow/example_dags/plugins/listener_plugin.py
[2025-04-15T23:56:41.663+0700] {processor.py:914} INFO - Processing file /home/anhtupham99/NBA-analytics/py_env/lib/python3.11/site-packages/airflow/example_dags/plugins/listener_plugin.py for tasks to queue
[2025-04-15T23:56:41.665+0700] {logging_mixin.py:190} INFO - [2025-04-15T23:56:41.664+0700] {dagbag.py:588} INFO - Filling up the DagBag from /home/anhtupham99/NBA-analytics/py_env/lib/python3.11/site-packages/airflow/example_dags/plugins/listener_plugin.py
[2025-04-15T23:56:41.666+0700] {processor.py:927} WARNING - No viable dags retrieved from /home/anhtupham99/NBA-analytics/py_env/lib/python3.11/site-packages/airflow/example_dags/plugins/listener_plugin.py
[2025-04-15T23:56:41.675+0700] {processor.py:208} INFO - Processing /home/anhtupham99/NBA-analytics/py_env/lib/python3.11/site-packages/airflow/example_dags/plugins/listener_plugin.py took 0.019 seconds
[2025-04-15T23:57:28.155+0700] {processor.py:186} INFO - Started process (PID=312856) to work on /home/anhtupham99/NBA-analytics/py_env/lib/python3.11/site-packages/airflow/example_dags/plugins/listener_plugin.py
[2025-04-15T23:57:28.159+0700] {processor.py:914} INFO - Processing file /home/anhtupham99/NBA-analytics/py_env/lib/python3.11/site-packages/airflow/example_dags/plugins/listener_plugin.py for tasks to queue
[2025-04-15T23:57:28.161+0700] {logging_mixin.py:190} INFO - [2025-04-15T23:57:28.161+0700] {dagbag.py:588} INFO - Filling up the DagBag from /home/anhtupham99/NBA-analytics/py_env/lib/python3.11/site-packages/airflow/example_dags/plugins/listener_plugin.py
[2025-04-15T23:57:28.162+0700] {processor.py:927} WARNING - No viable dags retrieved from /home/anhtupham99/NBA-analytics/py_env/lib/python3.11/site-packages/airflow/example_dags/plugins/listener_plugin.py
[2025-04-15T23:57:28.172+0700] {processor.py:208} INFO - Processing /home/anhtupham99/NBA-analytics/py_env/lib/python3.11/site-packages/airflow/example_dags/plugins/listener_plugin.py took 0.022 seconds
[2025-04-15T23:58:19.779+0700] {processor.py:186} INFO - Started process (PID=313883) to work on /home/anhtupham99/NBA-analytics/py_env/lib/python3.11/site-packages/airflow/example_dags/plugins/listener_plugin.py
[2025-04-15T23:58:19.780+0700] {processor.py:914} INFO - Processing file /home/anhtupham99/NBA-analytics/py_env/lib/python3.11/site-packages/airflow/example_dags/plugins/listener_plugin.py for tasks to queue
[2025-04-15T23:58:19.781+0700] {logging_mixin.py:190} INFO - [2025-04-15T23:58:19.781+0700] {dagbag.py:588} INFO - Filling up the DagBag from /home/anhtupham99/NBA-analytics/py_env/lib/python3.11/site-packages/airflow/example_dags/plugins/listener_plugin.py
[2025-04-15T23:58:19.783+0700] {processor.py:927} WARNING - No viable dags retrieved from /home/anhtupham99/NBA-analytics/py_env/lib/python3.11/site-packages/airflow/example_dags/plugins/listener_plugin.py
[2025-04-15T23:58:19.792+0700] {processor.py:208} INFO - Processing /home/anhtupham99/NBA-analytics/py_env/lib/python3.11/site-packages/airflow/example_dags/plugins/listener_plugin.py took 0.017 seconds
[2025-04-15T23:59:06.601+0700] {processor.py:186} INFO - Started process (PID=314864) to work on /home/anhtupham99/NBA-analytics/py_env/lib/python3.11/site-packages/airflow/example_dags/plugins/listener_plugin.py
[2025-04-15T23:59:06.602+0700] {processor.py:914} INFO - Processing file /home/anhtupham99/NBA-analytics/py_env/lib/python3.11/site-packages/airflow/example_dags/plugins/listener_plugin.py for tasks to queue
[2025-04-15T23:59:06.604+0700] {logging_mixin.py:190} INFO - [2025-04-15T23:59:06.604+0700] {dagbag.py:588} INFO - Filling up the DagBag from /home/anhtupham99/NBA-analytics/py_env/lib/python3.11/site-packages/airflow/example_dags/plugins/listener_plugin.py
[2025-04-15T23:59:06.606+0700] {processor.py:927} WARNING - No viable dags retrieved from /home/anhtupham99/NBA-analytics/py_env/lib/python3.11/site-packages/airflow/example_dags/plugins/listener_plugin.py
[2025-04-15T23:59:06.615+0700] {processor.py:208} INFO - Processing /home/anhtupham99/NBA-analytics/py_env/lib/python3.11/site-packages/airflow/example_dags/plugins/listener_plugin.py took 0.020 seconds
[2025-04-15T23:59:56.331+0700] {processor.py:186} INFO - Started process (PID=315768) to work on /home/anhtupham99/NBA-analytics/py_env/lib/python3.11/site-packages/airflow/example_dags/plugins/listener_plugin.py
[2025-04-15T23:59:56.333+0700] {processor.py:914} INFO - Processing file /home/anhtupham99/NBA-analytics/py_env/lib/python3.11/site-packages/airflow/example_dags/plugins/listener_plugin.py for tasks to queue
[2025-04-15T23:59:56.335+0700] {logging_mixin.py:190} INFO - [2025-04-15T23:59:56.335+0700] {dagbag.py:588} INFO - Filling up the DagBag from /home/anhtupham99/NBA-analytics/py_env/lib/python3.11/site-packages/airflow/example_dags/plugins/listener_plugin.py
[2025-04-15T23:59:56.337+0700] {processor.py:927} WARNING - No viable dags retrieved from /home/anhtupham99/NBA-analytics/py_env/lib/python3.11/site-packages/airflow/example_dags/plugins/listener_plugin.py
[2025-04-15T23:59:56.345+0700] {processor.py:208} INFO - Processing /home/anhtupham99/NBA-analytics/py_env/lib/python3.11/site-packages/airflow/example_dags/plugins/listener_plugin.py took 0.019 seconds
[2025-04-16T00:00:43.234+0700] {processor.py:186} INFO - Started process (PID=316847) to work on /home/anhtupham99/NBA-analytics/py_env/lib/python3.11/site-packages/airflow/example_dags/plugins/listener_plugin.py
[2025-04-16T00:00:43.236+0700] {processor.py:914} INFO - Processing file /home/anhtupham99/NBA-analytics/py_env/lib/python3.11/site-packages/airflow/example_dags/plugins/listener_plugin.py for tasks to queue
[2025-04-16T00:00:43.237+0700] {logging_mixin.py:190} INFO - [2025-04-16T00:00:43.237+0700] {dagbag.py:588} INFO - Filling up the DagBag from /home/anhtupham99/NBA-analytics/py_env/lib/python3.11/site-packages/airflow/example_dags/plugins/listener_plugin.py
[2025-04-16T00:00:43.239+0700] {processor.py:927} WARNING - No viable dags retrieved from /home/anhtupham99/NBA-analytics/py_env/lib/python3.11/site-packages/airflow/example_dags/plugins/listener_plugin.py
[2025-04-16T00:00:43.247+0700] {processor.py:208} INFO - Processing /home/anhtupham99/NBA-analytics/py_env/lib/python3.11/site-packages/airflow/example_dags/plugins/listener_plugin.py took 0.018 seconds
[2025-04-16T00:01:31.091+0700] {processor.py:186} INFO - Started process (PID=317711) to work on /home/anhtupham99/NBA-analytics/py_env/lib/python3.11/site-packages/airflow/example_dags/plugins/listener_plugin.py
[2025-04-16T00:01:31.092+0700] {processor.py:914} INFO - Processing file /home/anhtupham99/NBA-analytics/py_env/lib/python3.11/site-packages/airflow/example_dags/plugins/listener_plugin.py for tasks to queue
[2025-04-16T00:01:31.094+0700] {logging_mixin.py:190} INFO - [2025-04-16T00:01:31.094+0700] {dagbag.py:588} INFO - Filling up the DagBag from /home/anhtupham99/NBA-analytics/py_env/lib/python3.11/site-packages/airflow/example_dags/plugins/listener_plugin.py
[2025-04-16T00:01:31.096+0700] {processor.py:927} WARNING - No viable dags retrieved from /home/anhtupham99/NBA-analytics/py_env/lib/python3.11/site-packages/airflow/example_dags/plugins/listener_plugin.py
[2025-04-16T00:01:31.104+0700] {processor.py:208} INFO - Processing /home/anhtupham99/NBA-analytics/py_env/lib/python3.11/site-packages/airflow/example_dags/plugins/listener_plugin.py took 0.018 seconds
[2025-04-16T00:02:16.855+0700] {processor.py:186} INFO - Started process (PID=318587) to work on /home/anhtupham99/NBA-analytics/py_env/lib/python3.11/site-packages/airflow/example_dags/plugins/listener_plugin.py
[2025-04-16T00:02:16.859+0700] {processor.py:914} INFO - Processing file /home/anhtupham99/NBA-analytics/py_env/lib/python3.11/site-packages/airflow/example_dags/plugins/listener_plugin.py for tasks to queue
[2025-04-16T00:02:16.861+0700] {logging_mixin.py:190} INFO - [2025-04-16T00:02:16.861+0700] {dagbag.py:588} INFO - Filling up the DagBag from /home/anhtupham99/NBA-analytics/py_env/lib/python3.11/site-packages/airflow/example_dags/plugins/listener_plugin.py
[2025-04-16T00:02:16.864+0700] {processor.py:927} WARNING - No viable dags retrieved from /home/anhtupham99/NBA-analytics/py_env/lib/python3.11/site-packages/airflow/example_dags/plugins/listener_plugin.py
[2025-04-16T00:02:16.875+0700] {processor.py:208} INFO - Processing /home/anhtupham99/NBA-analytics/py_env/lib/python3.11/site-packages/airflow/example_dags/plugins/listener_plugin.py took 0.027 seconds
[2025-04-16T00:02:58.949+0700] {processor.py:186} INFO - Started process (PID=319376) to work on /home/anhtupham99/NBA-analytics/py_env/lib/python3.11/site-packages/airflow/example_dags/plugins/listener_plugin.py
[2025-04-16T00:02:58.950+0700] {processor.py:914} INFO - Processing file /home/anhtupham99/NBA-analytics/py_env/lib/python3.11/site-packages/airflow/example_dags/plugins/listener_plugin.py for tasks to queue
[2025-04-16T00:02:58.951+0700] {logging_mixin.py:190} INFO - [2025-04-16T00:02:58.951+0700] {dagbag.py:588} INFO - Filling up the DagBag from /home/anhtupham99/NBA-analytics/py_env/lib/python3.11/site-packages/airflow/example_dags/plugins/listener_plugin.py
[2025-04-16T00:02:58.953+0700] {processor.py:927} WARNING - No viable dags retrieved from /home/anhtupham99/NBA-analytics/py_env/lib/python3.11/site-packages/airflow/example_dags/plugins/listener_plugin.py
[2025-04-16T00:02:58.961+0700] {processor.py:208} INFO - Processing /home/anhtupham99/NBA-analytics/py_env/lib/python3.11/site-packages/airflow/example_dags/plugins/listener_plugin.py took 0.016 seconds
[2025-04-16T00:03:45.855+0700] {processor.py:186} INFO - Started process (PID=320283) to work on /home/anhtupham99/NBA-analytics/py_env/lib/python3.11/site-packages/airflow/example_dags/plugins/listener_plugin.py
[2025-04-16T00:03:45.856+0700] {processor.py:914} INFO - Processing file /home/anhtupham99/NBA-analytics/py_env/lib/python3.11/site-packages/airflow/example_dags/plugins/listener_plugin.py for tasks to queue
[2025-04-16T00:03:45.858+0700] {logging_mixin.py:190} INFO - [2025-04-16T00:03:45.858+0700] {dagbag.py:588} INFO - Filling up the DagBag from /home/anhtupham99/NBA-analytics/py_env/lib/python3.11/site-packages/airflow/example_dags/plugins/listener_plugin.py
[2025-04-16T00:03:45.861+0700] {processor.py:927} WARNING - No viable dags retrieved from /home/anhtupham99/NBA-analytics/py_env/lib/python3.11/site-packages/airflow/example_dags/plugins/listener_plugin.py
[2025-04-16T00:03:45.870+0700] {processor.py:208} INFO - Processing /home/anhtupham99/NBA-analytics/py_env/lib/python3.11/site-packages/airflow/example_dags/plugins/listener_plugin.py took 0.021 seconds
[2025-04-16T00:04:31.844+0700] {processor.py:186} INFO - Started process (PID=321435) to work on /home/anhtupham99/NBA-analytics/py_env/lib/python3.11/site-packages/airflow/example_dags/plugins/listener_plugin.py
[2025-04-16T00:04:31.846+0700] {processor.py:914} INFO - Processing file /home/anhtupham99/NBA-analytics/py_env/lib/python3.11/site-packages/airflow/example_dags/plugins/listener_plugin.py for tasks to queue
[2025-04-16T00:04:31.847+0700] {logging_mixin.py:190} INFO - [2025-04-16T00:04:31.847+0700] {dagbag.py:588} INFO - Filling up the DagBag from /home/anhtupham99/NBA-analytics/py_env/lib/python3.11/site-packages/airflow/example_dags/plugins/listener_plugin.py
[2025-04-16T00:04:31.849+0700] {processor.py:927} WARNING - No viable dags retrieved from /home/anhtupham99/NBA-analytics/py_env/lib/python3.11/site-packages/airflow/example_dags/plugins/listener_plugin.py
[2025-04-16T00:04:31.859+0700] {processor.py:208} INFO - Processing /home/anhtupham99/NBA-analytics/py_env/lib/python3.11/site-packages/airflow/example_dags/plugins/listener_plugin.py took 0.021 seconds
[2025-04-16T00:05:19.797+0700] {processor.py:186} INFO - Started process (PID=322273) to work on /home/anhtupham99/NBA-analytics/py_env/lib/python3.11/site-packages/airflow/example_dags/plugins/listener_plugin.py
[2025-04-16T00:05:19.798+0700] {processor.py:914} INFO - Processing file /home/anhtupham99/NBA-analytics/py_env/lib/python3.11/site-packages/airflow/example_dags/plugins/listener_plugin.py for tasks to queue
[2025-04-16T00:05:19.800+0700] {logging_mixin.py:190} INFO - [2025-04-16T00:05:19.800+0700] {dagbag.py:588} INFO - Filling up the DagBag from /home/anhtupham99/NBA-analytics/py_env/lib/python3.11/site-packages/airflow/example_dags/plugins/listener_plugin.py
[2025-04-16T00:05:19.803+0700] {processor.py:927} WARNING - No viable dags retrieved from /home/anhtupham99/NBA-analytics/py_env/lib/python3.11/site-packages/airflow/example_dags/plugins/listener_plugin.py
[2025-04-16T00:05:19.813+0700] {processor.py:208} INFO - Processing /home/anhtupham99/NBA-analytics/py_env/lib/python3.11/site-packages/airflow/example_dags/plugins/listener_plugin.py took 0.022 seconds
[2025-04-16T00:06:11.955+0700] {processor.py:186} INFO - Started process (PID=323284) to work on /home/anhtupham99/NBA-analytics/py_env/lib/python3.11/site-packages/airflow/example_dags/plugins/listener_plugin.py
[2025-04-16T00:06:11.956+0700] {processor.py:914} INFO - Processing file /home/anhtupham99/NBA-analytics/py_env/lib/python3.11/site-packages/airflow/example_dags/plugins/listener_plugin.py for tasks to queue
[2025-04-16T00:06:11.958+0700] {logging_mixin.py:190} INFO - [2025-04-16T00:06:11.958+0700] {dagbag.py:588} INFO - Filling up the DagBag from /home/anhtupham99/NBA-analytics/py_env/lib/python3.11/site-packages/airflow/example_dags/plugins/listener_plugin.py
[2025-04-16T00:06:11.960+0700] {processor.py:927} WARNING - No viable dags retrieved from /home/anhtupham99/NBA-analytics/py_env/lib/python3.11/site-packages/airflow/example_dags/plugins/listener_plugin.py
[2025-04-16T00:06:11.973+0700] {processor.py:208} INFO - Processing /home/anhtupham99/NBA-analytics/py_env/lib/python3.11/site-packages/airflow/example_dags/plugins/listener_plugin.py took 0.023 seconds
[2025-04-16T00:06:58.492+0700] {processor.py:186} INFO - Started process (PID=324334) to work on /home/anhtupham99/NBA-analytics/py_env/lib/python3.11/site-packages/airflow/example_dags/plugins/listener_plugin.py
[2025-04-16T00:06:58.493+0700] {processor.py:914} INFO - Processing file /home/anhtupham99/NBA-analytics/py_env/lib/python3.11/site-packages/airflow/example_dags/plugins/listener_plugin.py for tasks to queue
[2025-04-16T00:06:58.495+0700] {logging_mixin.py:190} INFO - [2025-04-16T00:06:58.495+0700] {dagbag.py:588} INFO - Filling up the DagBag from /home/anhtupham99/NBA-analytics/py_env/lib/python3.11/site-packages/airflow/example_dags/plugins/listener_plugin.py
[2025-04-16T00:06:58.497+0700] {processor.py:927} WARNING - No viable dags retrieved from /home/anhtupham99/NBA-analytics/py_env/lib/python3.11/site-packages/airflow/example_dags/plugins/listener_plugin.py
[2025-04-16T00:06:58.509+0700] {processor.py:208} INFO - Processing /home/anhtupham99/NBA-analytics/py_env/lib/python3.11/site-packages/airflow/example_dags/plugins/listener_plugin.py took 0.021 seconds
[2025-04-16T00:07:46.239+0700] {processor.py:186} INFO - Started process (PID=325203) to work on /home/anhtupham99/NBA-analytics/py_env/lib/python3.11/site-packages/airflow/example_dags/plugins/listener_plugin.py
[2025-04-16T00:07:46.240+0700] {processor.py:914} INFO - Processing file /home/anhtupham99/NBA-analytics/py_env/lib/python3.11/site-packages/airflow/example_dags/plugins/listener_plugin.py for tasks to queue
[2025-04-16T00:07:46.242+0700] {logging_mixin.py:190} INFO - [2025-04-16T00:07:46.242+0700] {dagbag.py:588} INFO - Filling up the DagBag from /home/anhtupham99/NBA-analytics/py_env/lib/python3.11/site-packages/airflow/example_dags/plugins/listener_plugin.py
[2025-04-16T00:07:46.244+0700] {processor.py:927} WARNING - No viable dags retrieved from /home/anhtupham99/NBA-analytics/py_env/lib/python3.11/site-packages/airflow/example_dags/plugins/listener_plugin.py
[2025-04-16T00:07:46.252+0700] {processor.py:208} INFO - Processing /home/anhtupham99/NBA-analytics/py_env/lib/python3.11/site-packages/airflow/example_dags/plugins/listener_plugin.py took 0.018 seconds
[2025-04-16T00:08:31.020+0700] {processor.py:186} INFO - Started process (PID=326078) to work on /home/anhtupham99/NBA-analytics/py_env/lib/python3.11/site-packages/airflow/example_dags/plugins/listener_plugin.py
[2025-04-16T00:08:31.021+0700] {processor.py:914} INFO - Processing file /home/anhtupham99/NBA-analytics/py_env/lib/python3.11/site-packages/airflow/example_dags/plugins/listener_plugin.py for tasks to queue
[2025-04-16T00:08:31.023+0700] {logging_mixin.py:190} INFO - [2025-04-16T00:08:31.023+0700] {dagbag.py:588} INFO - Filling up the DagBag from /home/anhtupham99/NBA-analytics/py_env/lib/python3.11/site-packages/airflow/example_dags/plugins/listener_plugin.py
[2025-04-16T00:08:31.025+0700] {processor.py:927} WARNING - No viable dags retrieved from /home/anhtupham99/NBA-analytics/py_env/lib/python3.11/site-packages/airflow/example_dags/plugins/listener_plugin.py
[2025-04-16T00:08:31.033+0700] {processor.py:208} INFO - Processing /home/anhtupham99/NBA-analytics/py_env/lib/python3.11/site-packages/airflow/example_dags/plugins/listener_plugin.py took 0.018 seconds
[2025-04-16T00:09:20.334+0700] {processor.py:186} INFO - Started process (PID=326945) to work on /home/anhtupham99/NBA-analytics/py_env/lib/python3.11/site-packages/airflow/example_dags/plugins/listener_plugin.py
[2025-04-16T00:09:20.335+0700] {processor.py:914} INFO - Processing file /home/anhtupham99/NBA-analytics/py_env/lib/python3.11/site-packages/airflow/example_dags/plugins/listener_plugin.py for tasks to queue
[2025-04-16T00:09:20.337+0700] {logging_mixin.py:190} INFO - [2025-04-16T00:09:20.337+0700] {dagbag.py:588} INFO - Filling up the DagBag from /home/anhtupham99/NBA-analytics/py_env/lib/python3.11/site-packages/airflow/example_dags/plugins/listener_plugin.py
[2025-04-16T00:09:20.339+0700] {processor.py:927} WARNING - No viable dags retrieved from /home/anhtupham99/NBA-analytics/py_env/lib/python3.11/site-packages/airflow/example_dags/plugins/listener_plugin.py
[2025-04-16T00:09:20.349+0700] {processor.py:208} INFO - Processing /home/anhtupham99/NBA-analytics/py_env/lib/python3.11/site-packages/airflow/example_dags/plugins/listener_plugin.py took 0.021 seconds
[2025-04-16T00:10:08.003+0700] {processor.py:186} INFO - Started process (PID=328246) to work on /home/anhtupham99/NBA-analytics/py_env/lib/python3.11/site-packages/airflow/example_dags/plugins/listener_plugin.py
[2025-04-16T00:10:08.005+0700] {processor.py:914} INFO - Processing file /home/anhtupham99/NBA-analytics/py_env/lib/python3.11/site-packages/airflow/example_dags/plugins/listener_plugin.py for tasks to queue
[2025-04-16T00:10:08.007+0700] {logging_mixin.py:190} INFO - [2025-04-16T00:10:08.006+0700] {dagbag.py:588} INFO - Filling up the DagBag from /home/anhtupham99/NBA-analytics/py_env/lib/python3.11/site-packages/airflow/example_dags/plugins/listener_plugin.py
[2025-04-16T00:10:08.009+0700] {processor.py:927} WARNING - No viable dags retrieved from /home/anhtupham99/NBA-analytics/py_env/lib/python3.11/site-packages/airflow/example_dags/plugins/listener_plugin.py
[2025-04-16T00:10:08.019+0700] {processor.py:208} INFO - Processing /home/anhtupham99/NBA-analytics/py_env/lib/python3.11/site-packages/airflow/example_dags/plugins/listener_plugin.py took 0.021 seconds
[2025-04-16T00:10:55.926+0700] {processor.py:186} INFO - Started process (PID=329235) to work on /home/anhtupham99/NBA-analytics/py_env/lib/python3.11/site-packages/airflow/example_dags/plugins/listener_plugin.py
[2025-04-16T00:10:55.928+0700] {processor.py:914} INFO - Processing file /home/anhtupham99/NBA-analytics/py_env/lib/python3.11/site-packages/airflow/example_dags/plugins/listener_plugin.py for tasks to queue
[2025-04-16T00:10:55.930+0700] {logging_mixin.py:190} INFO - [2025-04-16T00:10:55.929+0700] {dagbag.py:588} INFO - Filling up the DagBag from /home/anhtupham99/NBA-analytics/py_env/lib/python3.11/site-packages/airflow/example_dags/plugins/listener_plugin.py
[2025-04-16T00:10:55.932+0700] {processor.py:927} WARNING - No viable dags retrieved from /home/anhtupham99/NBA-analytics/py_env/lib/python3.11/site-packages/airflow/example_dags/plugins/listener_plugin.py
[2025-04-16T00:10:55.942+0700] {processor.py:208} INFO - Processing /home/anhtupham99/NBA-analytics/py_env/lib/python3.11/site-packages/airflow/example_dags/plugins/listener_plugin.py took 0.022 seconds
[2025-04-16T00:11:45.444+0700] {processor.py:186} INFO - Started process (PID=330280) to work on /home/anhtupham99/NBA-analytics/py_env/lib/python3.11/site-packages/airflow/example_dags/plugins/listener_plugin.py
[2025-04-16T00:11:45.445+0700] {processor.py:914} INFO - Processing file /home/anhtupham99/NBA-analytics/py_env/lib/python3.11/site-packages/airflow/example_dags/plugins/listener_plugin.py for tasks to queue
[2025-04-16T00:11:45.446+0700] {logging_mixin.py:190} INFO - [2025-04-16T00:11:45.446+0700] {dagbag.py:588} INFO - Filling up the DagBag from /home/anhtupham99/NBA-analytics/py_env/lib/python3.11/site-packages/airflow/example_dags/plugins/listener_plugin.py
[2025-04-16T00:11:45.448+0700] {processor.py:927} WARNING - No viable dags retrieved from /home/anhtupham99/NBA-analytics/py_env/lib/python3.11/site-packages/airflow/example_dags/plugins/listener_plugin.py
[2025-04-16T00:11:45.456+0700] {processor.py:208} INFO - Processing /home/anhtupham99/NBA-analytics/py_env/lib/python3.11/site-packages/airflow/example_dags/plugins/listener_plugin.py took 0.017 seconds
[2025-04-16T00:12:28.365+0700] {processor.py:186} INFO - Started process (PID=331558) to work on /home/anhtupham99/NBA-analytics/py_env/lib/python3.11/site-packages/airflow/example_dags/plugins/listener_plugin.py
[2025-04-16T00:12:28.367+0700] {processor.py:914} INFO - Processing file /home/anhtupham99/NBA-analytics/py_env/lib/python3.11/site-packages/airflow/example_dags/plugins/listener_plugin.py for tasks to queue
[2025-04-16T00:12:28.370+0700] {logging_mixin.py:190} INFO - [2025-04-16T00:12:28.370+0700] {dagbag.py:588} INFO - Filling up the DagBag from /home/anhtupham99/NBA-analytics/py_env/lib/python3.11/site-packages/airflow/example_dags/plugins/listener_plugin.py
[2025-04-16T00:12:28.373+0700] {processor.py:927} WARNING - No viable dags retrieved from /home/anhtupham99/NBA-analytics/py_env/lib/python3.11/site-packages/airflow/example_dags/plugins/listener_plugin.py
[2025-04-16T00:12:28.385+0700] {processor.py:208} INFO - Processing /home/anhtupham99/NBA-analytics/py_env/lib/python3.11/site-packages/airflow/example_dags/plugins/listener_plugin.py took 0.032 seconds
[2025-04-16T00:13:17.741+0700] {processor.py:186} INFO - Started process (PID=333080) to work on /home/anhtupham99/NBA-analytics/py_env/lib/python3.11/site-packages/airflow/example_dags/plugins/listener_plugin.py
[2025-04-16T00:13:17.743+0700] {processor.py:914} INFO - Processing file /home/anhtupham99/NBA-analytics/py_env/lib/python3.11/site-packages/airflow/example_dags/plugins/listener_plugin.py for tasks to queue
[2025-04-16T00:13:17.745+0700] {logging_mixin.py:190} INFO - [2025-04-16T00:13:17.744+0700] {dagbag.py:588} INFO - Filling up the DagBag from /home/anhtupham99/NBA-analytics/py_env/lib/python3.11/site-packages/airflow/example_dags/plugins/listener_plugin.py
[2025-04-16T00:13:17.747+0700] {processor.py:927} WARNING - No viable dags retrieved from /home/anhtupham99/NBA-analytics/py_env/lib/python3.11/site-packages/airflow/example_dags/plugins/listener_plugin.py
[2025-04-16T00:13:17.757+0700] {processor.py:208} INFO - Processing /home/anhtupham99/NBA-analytics/py_env/lib/python3.11/site-packages/airflow/example_dags/plugins/listener_plugin.py took 0.021 seconds
[2025-04-16T00:14:09.815+0700] {processor.py:186} INFO - Started process (PID=335271) to work on /home/anhtupham99/NBA-analytics/py_env/lib/python3.11/site-packages/airflow/example_dags/plugins/listener_plugin.py
[2025-04-16T00:14:09.816+0700] {processor.py:914} INFO - Processing file /home/anhtupham99/NBA-analytics/py_env/lib/python3.11/site-packages/airflow/example_dags/plugins/listener_plugin.py for tasks to queue
[2025-04-16T00:14:09.817+0700] {logging_mixin.py:190} INFO - [2025-04-16T00:14:09.817+0700] {dagbag.py:588} INFO - Filling up the DagBag from /home/anhtupham99/NBA-analytics/py_env/lib/python3.11/site-packages/airflow/example_dags/plugins/listener_plugin.py
[2025-04-16T00:14:09.819+0700] {processor.py:927} WARNING - No viable dags retrieved from /home/anhtupham99/NBA-analytics/py_env/lib/python3.11/site-packages/airflow/example_dags/plugins/listener_plugin.py
[2025-04-16T00:14:09.826+0700] {processor.py:208} INFO - Processing /home/anhtupham99/NBA-analytics/py_env/lib/python3.11/site-packages/airflow/example_dags/plugins/listener_plugin.py took 0.016 seconds
[2025-04-16T00:14:57.556+0700] {processor.py:186} INFO - Started process (PID=337186) to work on /home/anhtupham99/NBA-analytics/py_env/lib/python3.11/site-packages/airflow/example_dags/plugins/listener_plugin.py
[2025-04-16T00:14:57.558+0700] {processor.py:914} INFO - Processing file /home/anhtupham99/NBA-analytics/py_env/lib/python3.11/site-packages/airflow/example_dags/plugins/listener_plugin.py for tasks to queue
[2025-04-16T00:14:57.560+0700] {logging_mixin.py:190} INFO - [2025-04-16T00:14:57.560+0700] {dagbag.py:588} INFO - Filling up the DagBag from /home/anhtupham99/NBA-analytics/py_env/lib/python3.11/site-packages/airflow/example_dags/plugins/listener_plugin.py
[2025-04-16T00:14:57.563+0700] {processor.py:927} WARNING - No viable dags retrieved from /home/anhtupham99/NBA-analytics/py_env/lib/python3.11/site-packages/airflow/example_dags/plugins/listener_plugin.py
[2025-04-16T00:14:57.572+0700] {processor.py:208} INFO - Processing /home/anhtupham99/NBA-analytics/py_env/lib/python3.11/site-packages/airflow/example_dags/plugins/listener_plugin.py took 0.020 seconds
[2025-04-16T00:15:48.107+0700] {processor.py:186} INFO - Started process (PID=339586) to work on /home/anhtupham99/NBA-analytics/py_env/lib/python3.11/site-packages/airflow/example_dags/plugins/listener_plugin.py
[2025-04-16T00:15:48.111+0700] {processor.py:914} INFO - Processing file /home/anhtupham99/NBA-analytics/py_env/lib/python3.11/site-packages/airflow/example_dags/plugins/listener_plugin.py for tasks to queue
[2025-04-16T00:15:48.113+0700] {logging_mixin.py:190} INFO - [2025-04-16T00:15:48.112+0700] {dagbag.py:588} INFO - Filling up the DagBag from /home/anhtupham99/NBA-analytics/py_env/lib/python3.11/site-packages/airflow/example_dags/plugins/listener_plugin.py
[2025-04-16T00:15:48.114+0700] {processor.py:927} WARNING - No viable dags retrieved from /home/anhtupham99/NBA-analytics/py_env/lib/python3.11/site-packages/airflow/example_dags/plugins/listener_plugin.py
[2025-04-16T00:15:48.123+0700] {processor.py:208} INFO - Processing /home/anhtupham99/NBA-analytics/py_env/lib/python3.11/site-packages/airflow/example_dags/plugins/listener_plugin.py took 0.021 seconds
[2025-04-16T00:16:38.018+0700] {processor.py:186} INFO - Started process (PID=342194) to work on /home/anhtupham99/NBA-analytics/py_env/lib/python3.11/site-packages/airflow/example_dags/plugins/listener_plugin.py
[2025-04-16T00:16:38.020+0700] {processor.py:914} INFO - Processing file /home/anhtupham99/NBA-analytics/py_env/lib/python3.11/site-packages/airflow/example_dags/plugins/listener_plugin.py for tasks to queue
[2025-04-16T00:16:38.024+0700] {logging_mixin.py:190} INFO - [2025-04-16T00:16:38.023+0700] {dagbag.py:588} INFO - Filling up the DagBag from /home/anhtupham99/NBA-analytics/py_env/lib/python3.11/site-packages/airflow/example_dags/plugins/listener_plugin.py
[2025-04-16T00:16:38.027+0700] {processor.py:927} WARNING - No viable dags retrieved from /home/anhtupham99/NBA-analytics/py_env/lib/python3.11/site-packages/airflow/example_dags/plugins/listener_plugin.py
[2025-04-16T00:16:38.039+0700] {processor.py:208} INFO - Processing /home/anhtupham99/NBA-analytics/py_env/lib/python3.11/site-packages/airflow/example_dags/plugins/listener_plugin.py took 0.029 seconds
[2025-04-16T00:17:27.567+0700] {processor.py:186} INFO - Started process (PID=344255) to work on /home/anhtupham99/NBA-analytics/py_env/lib/python3.11/site-packages/airflow/example_dags/plugins/listener_plugin.py
[2025-04-16T00:17:27.568+0700] {processor.py:914} INFO - Processing file /home/anhtupham99/NBA-analytics/py_env/lib/python3.11/site-packages/airflow/example_dags/plugins/listener_plugin.py for tasks to queue
[2025-04-16T00:17:27.570+0700] {logging_mixin.py:190} INFO - [2025-04-16T00:17:27.570+0700] {dagbag.py:588} INFO - Filling up the DagBag from /home/anhtupham99/NBA-analytics/py_env/lib/python3.11/site-packages/airflow/example_dags/plugins/listener_plugin.py
[2025-04-16T00:17:27.572+0700] {processor.py:927} WARNING - No viable dags retrieved from /home/anhtupham99/NBA-analytics/py_env/lib/python3.11/site-packages/airflow/example_dags/plugins/listener_plugin.py
[2025-04-16T00:17:27.582+0700] {processor.py:208} INFO - Processing /home/anhtupham99/NBA-analytics/py_env/lib/python3.11/site-packages/airflow/example_dags/plugins/listener_plugin.py took 0.020 seconds
[2025-04-16T00:18:18.079+0700] {processor.py:186} INFO - Started process (PID=346236) to work on /home/anhtupham99/NBA-analytics/py_env/lib/python3.11/site-packages/airflow/example_dags/plugins/listener_plugin.py
[2025-04-16T00:18:18.084+0700] {processor.py:914} INFO - Processing file /home/anhtupham99/NBA-analytics/py_env/lib/python3.11/site-packages/airflow/example_dags/plugins/listener_plugin.py for tasks to queue
[2025-04-16T00:18:18.086+0700] {logging_mixin.py:190} INFO - [2025-04-16T00:18:18.086+0700] {dagbag.py:588} INFO - Filling up the DagBag from /home/anhtupham99/NBA-analytics/py_env/lib/python3.11/site-packages/airflow/example_dags/plugins/listener_plugin.py
[2025-04-16T00:18:18.088+0700] {processor.py:927} WARNING - No viable dags retrieved from /home/anhtupham99/NBA-analytics/py_env/lib/python3.11/site-packages/airflow/example_dags/plugins/listener_plugin.py
[2025-04-16T00:18:18.098+0700] {processor.py:208} INFO - Processing /home/anhtupham99/NBA-analytics/py_env/lib/python3.11/site-packages/airflow/example_dags/plugins/listener_plugin.py took 0.025 seconds
[2025-04-16T00:19:06.728+0700] {processor.py:186} INFO - Started process (PID=349078) to work on /home/anhtupham99/NBA-analytics/py_env/lib/python3.11/site-packages/airflow/example_dags/plugins/listener_plugin.py
[2025-04-16T00:19:06.729+0700] {processor.py:914} INFO - Processing file /home/anhtupham99/NBA-analytics/py_env/lib/python3.11/site-packages/airflow/example_dags/plugins/listener_plugin.py for tasks to queue
[2025-04-16T00:19:06.731+0700] {logging_mixin.py:190} INFO - [2025-04-16T00:19:06.730+0700] {dagbag.py:588} INFO - Filling up the DagBag from /home/anhtupham99/NBA-analytics/py_env/lib/python3.11/site-packages/airflow/example_dags/plugins/listener_plugin.py
[2025-04-16T00:19:06.733+0700] {processor.py:927} WARNING - No viable dags retrieved from /home/anhtupham99/NBA-analytics/py_env/lib/python3.11/site-packages/airflow/example_dags/plugins/listener_plugin.py
[2025-04-16T00:19:06.741+0700] {processor.py:208} INFO - Processing /home/anhtupham99/NBA-analytics/py_env/lib/python3.11/site-packages/airflow/example_dags/plugins/listener_plugin.py took 0.017 seconds
[2025-04-16T00:19:57.687+0700] {processor.py:186} INFO - Started process (PID=350846) to work on /home/anhtupham99/NBA-analytics/py_env/lib/python3.11/site-packages/airflow/example_dags/plugins/listener_plugin.py
[2025-04-16T00:19:57.688+0700] {processor.py:914} INFO - Processing file /home/anhtupham99/NBA-analytics/py_env/lib/python3.11/site-packages/airflow/example_dags/plugins/listener_plugin.py for tasks to queue
[2025-04-16T00:19:57.691+0700] {logging_mixin.py:190} INFO - [2025-04-16T00:19:57.691+0700] {dagbag.py:588} INFO - Filling up the DagBag from /home/anhtupham99/NBA-analytics/py_env/lib/python3.11/site-packages/airflow/example_dags/plugins/listener_plugin.py
[2025-04-16T00:19:57.695+0700] {processor.py:927} WARNING - No viable dags retrieved from /home/anhtupham99/NBA-analytics/py_env/lib/python3.11/site-packages/airflow/example_dags/plugins/listener_plugin.py
[2025-04-16T00:19:57.709+0700] {processor.py:208} INFO - Processing /home/anhtupham99/NBA-analytics/py_env/lib/python3.11/site-packages/airflow/example_dags/plugins/listener_plugin.py took 0.030 seconds
[2025-04-16T00:20:46.346+0700] {processor.py:186} INFO - Started process (PID=352834) to work on /home/anhtupham99/NBA-analytics/py_env/lib/python3.11/site-packages/airflow/example_dags/plugins/listener_plugin.py
[2025-04-16T00:20:46.347+0700] {processor.py:914} INFO - Processing file /home/anhtupham99/NBA-analytics/py_env/lib/python3.11/site-packages/airflow/example_dags/plugins/listener_plugin.py for tasks to queue
[2025-04-16T00:20:46.349+0700] {logging_mixin.py:190} INFO - [2025-04-16T00:20:46.349+0700] {dagbag.py:588} INFO - Filling up the DagBag from /home/anhtupham99/NBA-analytics/py_env/lib/python3.11/site-packages/airflow/example_dags/plugins/listener_plugin.py
[2025-04-16T00:20:46.351+0700] {processor.py:927} WARNING - No viable dags retrieved from /home/anhtupham99/NBA-analytics/py_env/lib/python3.11/site-packages/airflow/example_dags/plugins/listener_plugin.py
[2025-04-16T00:20:46.358+0700] {processor.py:208} INFO - Processing /home/anhtupham99/NBA-analytics/py_env/lib/python3.11/site-packages/airflow/example_dags/plugins/listener_plugin.py took 0.016 seconds
[2025-04-16T00:21:36.030+0700] {processor.py:186} INFO - Started process (PID=354838) to work on /home/anhtupham99/NBA-analytics/py_env/lib/python3.11/site-packages/airflow/example_dags/plugins/listener_plugin.py
[2025-04-16T00:21:36.032+0700] {processor.py:914} INFO - Processing file /home/anhtupham99/NBA-analytics/py_env/lib/python3.11/site-packages/airflow/example_dags/plugins/listener_plugin.py for tasks to queue
[2025-04-16T00:21:36.034+0700] {logging_mixin.py:190} INFO - [2025-04-16T00:21:36.033+0700] {dagbag.py:588} INFO - Filling up the DagBag from /home/anhtupham99/NBA-analytics/py_env/lib/python3.11/site-packages/airflow/example_dags/plugins/listener_plugin.py
[2025-04-16T00:21:36.036+0700] {processor.py:927} WARNING - No viable dags retrieved from /home/anhtupham99/NBA-analytics/py_env/lib/python3.11/site-packages/airflow/example_dags/plugins/listener_plugin.py
[2025-04-16T00:21:36.047+0700] {processor.py:208} INFO - Processing /home/anhtupham99/NBA-analytics/py_env/lib/python3.11/site-packages/airflow/example_dags/plugins/listener_plugin.py took 0.023 seconds
[2025-04-16T00:22:28.578+0700] {processor.py:186} INFO - Started process (PID=356834) to work on /home/anhtupham99/NBA-analytics/py_env/lib/python3.11/site-packages/airflow/example_dags/plugins/listener_plugin.py
[2025-04-16T00:22:28.580+0700] {processor.py:914} INFO - Processing file /home/anhtupham99/NBA-analytics/py_env/lib/python3.11/site-packages/airflow/example_dags/plugins/listener_plugin.py for tasks to queue
[2025-04-16T00:22:28.582+0700] {logging_mixin.py:190} INFO - [2025-04-16T00:22:28.581+0700] {dagbag.py:588} INFO - Filling up the DagBag from /home/anhtupham99/NBA-analytics/py_env/lib/python3.11/site-packages/airflow/example_dags/plugins/listener_plugin.py
[2025-04-16T00:22:28.584+0700] {processor.py:927} WARNING - No viable dags retrieved from /home/anhtupham99/NBA-analytics/py_env/lib/python3.11/site-packages/airflow/example_dags/plugins/listener_plugin.py
[2025-04-16T00:22:28.593+0700] {processor.py:208} INFO - Processing /home/anhtupham99/NBA-analytics/py_env/lib/python3.11/site-packages/airflow/example_dags/plugins/listener_plugin.py took 0.021 seconds
[2025-04-16T00:23:16.544+0700] {processor.py:186} INFO - Started process (PID=358108) to work on /home/anhtupham99/NBA-analytics/py_env/lib/python3.11/site-packages/airflow/example_dags/plugins/listener_plugin.py
[2025-04-16T00:23:16.545+0700] {processor.py:914} INFO - Processing file /home/anhtupham99/NBA-analytics/py_env/lib/python3.11/site-packages/airflow/example_dags/plugins/listener_plugin.py for tasks to queue
[2025-04-16T00:23:16.548+0700] {logging_mixin.py:190} INFO - [2025-04-16T00:23:16.547+0700] {dagbag.py:588} INFO - Filling up the DagBag from /home/anhtupham99/NBA-analytics/py_env/lib/python3.11/site-packages/airflow/example_dags/plugins/listener_plugin.py
[2025-04-16T00:23:16.550+0700] {processor.py:927} WARNING - No viable dags retrieved from /home/anhtupham99/NBA-analytics/py_env/lib/python3.11/site-packages/airflow/example_dags/plugins/listener_plugin.py
[2025-04-16T00:23:16.562+0700] {processor.py:208} INFO - Processing /home/anhtupham99/NBA-analytics/py_env/lib/python3.11/site-packages/airflow/example_dags/plugins/listener_plugin.py took 0.024 seconds
[2025-04-16T00:24:01.921+0700] {processor.py:186} INFO - Started process (PID=359609) to work on /home/anhtupham99/NBA-analytics/py_env/lib/python3.11/site-packages/airflow/example_dags/plugins/listener_plugin.py
[2025-04-16T00:24:01.923+0700] {processor.py:914} INFO - Processing file /home/anhtupham99/NBA-analytics/py_env/lib/python3.11/site-packages/airflow/example_dags/plugins/listener_plugin.py for tasks to queue
[2025-04-16T00:24:01.924+0700] {logging_mixin.py:190} INFO - [2025-04-16T00:24:01.924+0700] {dagbag.py:588} INFO - Filling up the DagBag from /home/anhtupham99/NBA-analytics/py_env/lib/python3.11/site-packages/airflow/example_dags/plugins/listener_plugin.py
[2025-04-16T00:24:01.927+0700] {processor.py:927} WARNING - No viable dags retrieved from /home/anhtupham99/NBA-analytics/py_env/lib/python3.11/site-packages/airflow/example_dags/plugins/listener_plugin.py
[2025-04-16T00:24:01.938+0700] {processor.py:208} INFO - Processing /home/anhtupham99/NBA-analytics/py_env/lib/python3.11/site-packages/airflow/example_dags/plugins/listener_plugin.py took 0.024 seconds
[2025-04-16T00:24:54.504+0700] {processor.py:186} INFO - Started process (PID=361645) to work on /home/anhtupham99/NBA-analytics/py_env/lib/python3.11/site-packages/airflow/example_dags/plugins/listener_plugin.py
[2025-04-16T00:24:54.506+0700] {processor.py:914} INFO - Processing file /home/anhtupham99/NBA-analytics/py_env/lib/python3.11/site-packages/airflow/example_dags/plugins/listener_plugin.py for tasks to queue
[2025-04-16T00:24:54.508+0700] {logging_mixin.py:190} INFO - [2025-04-16T00:24:54.508+0700] {dagbag.py:588} INFO - Filling up the DagBag from /home/anhtupham99/NBA-analytics/py_env/lib/python3.11/site-packages/airflow/example_dags/plugins/listener_plugin.py
[2025-04-16T00:24:54.510+0700] {processor.py:927} WARNING - No viable dags retrieved from /home/anhtupham99/NBA-analytics/py_env/lib/python3.11/site-packages/airflow/example_dags/plugins/listener_plugin.py
[2025-04-16T00:24:54.518+0700] {processor.py:208} INFO - Processing /home/anhtupham99/NBA-analytics/py_env/lib/python3.11/site-packages/airflow/example_dags/plugins/listener_plugin.py took 0.018 seconds
[2025-04-16T00:25:40.812+0700] {processor.py:186} INFO - Started process (PID=363671) to work on /home/anhtupham99/NBA-analytics/py_env/lib/python3.11/site-packages/airflow/example_dags/plugins/listener_plugin.py
[2025-04-16T00:25:40.816+0700] {processor.py:914} INFO - Processing file /home/anhtupham99/NBA-analytics/py_env/lib/python3.11/site-packages/airflow/example_dags/plugins/listener_plugin.py for tasks to queue
[2025-04-16T00:25:40.817+0700] {logging_mixin.py:190} INFO - [2025-04-16T00:25:40.817+0700] {dagbag.py:588} INFO - Filling up the DagBag from /home/anhtupham99/NBA-analytics/py_env/lib/python3.11/site-packages/airflow/example_dags/plugins/listener_plugin.py
[2025-04-16T00:25:40.819+0700] {processor.py:927} WARNING - No viable dags retrieved from /home/anhtupham99/NBA-analytics/py_env/lib/python3.11/site-packages/airflow/example_dags/plugins/listener_plugin.py
[2025-04-16T00:25:40.826+0700] {processor.py:208} INFO - Processing /home/anhtupham99/NBA-analytics/py_env/lib/python3.11/site-packages/airflow/example_dags/plugins/listener_plugin.py took 0.018 seconds
[2025-04-16T00:26:29.138+0700] {processor.py:186} INFO - Started process (PID=364795) to work on /home/anhtupham99/NBA-analytics/py_env/lib/python3.11/site-packages/airflow/example_dags/plugins/listener_plugin.py
[2025-04-16T00:26:29.139+0700] {processor.py:914} INFO - Processing file /home/anhtupham99/NBA-analytics/py_env/lib/python3.11/site-packages/airflow/example_dags/plugins/listener_plugin.py for tasks to queue
[2025-04-16T00:26:29.141+0700] {logging_mixin.py:190} INFO - [2025-04-16T00:26:29.141+0700] {dagbag.py:588} INFO - Filling up the DagBag from /home/anhtupham99/NBA-analytics/py_env/lib/python3.11/site-packages/airflow/example_dags/plugins/listener_plugin.py
[2025-04-16T00:26:29.143+0700] {processor.py:927} WARNING - No viable dags retrieved from /home/anhtupham99/NBA-analytics/py_env/lib/python3.11/site-packages/airflow/example_dags/plugins/listener_plugin.py
[2025-04-16T00:26:29.151+0700] {processor.py:208} INFO - Processing /home/anhtupham99/NBA-analytics/py_env/lib/python3.11/site-packages/airflow/example_dags/plugins/listener_plugin.py took 0.017 seconds
[2025-04-16T00:27:18.325+0700] {processor.py:186} INFO - Started process (PID=365909) to work on /home/anhtupham99/NBA-analytics/py_env/lib/python3.11/site-packages/airflow/example_dags/plugins/listener_plugin.py
[2025-04-16T00:27:18.326+0700] {processor.py:914} INFO - Processing file /home/anhtupham99/NBA-analytics/py_env/lib/python3.11/site-packages/airflow/example_dags/plugins/listener_plugin.py for tasks to queue
[2025-04-16T00:27:18.327+0700] {logging_mixin.py:190} INFO - [2025-04-16T00:27:18.327+0700] {dagbag.py:588} INFO - Filling up the DagBag from /home/anhtupham99/NBA-analytics/py_env/lib/python3.11/site-packages/airflow/example_dags/plugins/listener_plugin.py
[2025-04-16T00:27:18.329+0700] {processor.py:927} WARNING - No viable dags retrieved from /home/anhtupham99/NBA-analytics/py_env/lib/python3.11/site-packages/airflow/example_dags/plugins/listener_plugin.py
[2025-04-16T00:27:18.338+0700] {processor.py:208} INFO - Processing /home/anhtupham99/NBA-analytics/py_env/lib/python3.11/site-packages/airflow/example_dags/plugins/listener_plugin.py took 0.018 seconds
[2025-04-16T00:28:06.258+0700] {processor.py:186} INFO - Started process (PID=367247) to work on /home/anhtupham99/NBA-analytics/py_env/lib/python3.11/site-packages/airflow/example_dags/plugins/listener_plugin.py
[2025-04-16T00:28:06.259+0700] {processor.py:914} INFO - Processing file /home/anhtupham99/NBA-analytics/py_env/lib/python3.11/site-packages/airflow/example_dags/plugins/listener_plugin.py for tasks to queue
[2025-04-16T00:28:06.261+0700] {logging_mixin.py:190} INFO - [2025-04-16T00:28:06.260+0700] {dagbag.py:588} INFO - Filling up the DagBag from /home/anhtupham99/NBA-analytics/py_env/lib/python3.11/site-packages/airflow/example_dags/plugins/listener_plugin.py
[2025-04-16T00:28:06.263+0700] {processor.py:927} WARNING - No viable dags retrieved from /home/anhtupham99/NBA-analytics/py_env/lib/python3.11/site-packages/airflow/example_dags/plugins/listener_plugin.py
[2025-04-16T00:28:06.271+0700] {processor.py:208} INFO - Processing /home/anhtupham99/NBA-analytics/py_env/lib/python3.11/site-packages/airflow/example_dags/plugins/listener_plugin.py took 0.018 seconds
[2025-04-16T00:28:52.892+0700] {processor.py:186} INFO - Started process (PID=368324) to work on /home/anhtupham99/NBA-analytics/py_env/lib/python3.11/site-packages/airflow/example_dags/plugins/listener_plugin.py
[2025-04-16T00:28:52.897+0700] {processor.py:914} INFO - Processing file /home/anhtupham99/NBA-analytics/py_env/lib/python3.11/site-packages/airflow/example_dags/plugins/listener_plugin.py for tasks to queue
[2025-04-16T00:28:52.899+0700] {logging_mixin.py:190} INFO - [2025-04-16T00:28:52.899+0700] {dagbag.py:588} INFO - Filling up the DagBag from /home/anhtupham99/NBA-analytics/py_env/lib/python3.11/site-packages/airflow/example_dags/plugins/listener_plugin.py
[2025-04-16T00:28:52.902+0700] {processor.py:927} WARNING - No viable dags retrieved from /home/anhtupham99/NBA-analytics/py_env/lib/python3.11/site-packages/airflow/example_dags/plugins/listener_plugin.py
[2025-04-16T00:28:52.913+0700] {processor.py:208} INFO - Processing /home/anhtupham99/NBA-analytics/py_env/lib/python3.11/site-packages/airflow/example_dags/plugins/listener_plugin.py took 0.025 seconds
[2025-04-16T00:29:40.501+0700] {processor.py:186} INFO - Started process (PID=369443) to work on /home/anhtupham99/NBA-analytics/py_env/lib/python3.11/site-packages/airflow/example_dags/plugins/listener_plugin.py
[2025-04-16T00:29:40.502+0700] {processor.py:914} INFO - Processing file /home/anhtupham99/NBA-analytics/py_env/lib/python3.11/site-packages/airflow/example_dags/plugins/listener_plugin.py for tasks to queue
[2025-04-16T00:29:40.504+0700] {logging_mixin.py:190} INFO - [2025-04-16T00:29:40.503+0700] {dagbag.py:588} INFO - Filling up the DagBag from /home/anhtupham99/NBA-analytics/py_env/lib/python3.11/site-packages/airflow/example_dags/plugins/listener_plugin.py
[2025-04-16T00:29:40.505+0700] {processor.py:927} WARNING - No viable dags retrieved from /home/anhtupham99/NBA-analytics/py_env/lib/python3.11/site-packages/airflow/example_dags/plugins/listener_plugin.py
[2025-04-16T00:29:40.513+0700] {processor.py:208} INFO - Processing /home/anhtupham99/NBA-analytics/py_env/lib/python3.11/site-packages/airflow/example_dags/plugins/listener_plugin.py took 0.017 seconds
[2025-04-16T00:30:29.647+0700] {processor.py:186} INFO - Started process (PID=370565) to work on /home/anhtupham99/NBA-analytics/py_env/lib/python3.11/site-packages/airflow/example_dags/plugins/listener_plugin.py
[2025-04-16T00:30:29.649+0700] {processor.py:914} INFO - Processing file /home/anhtupham99/NBA-analytics/py_env/lib/python3.11/site-packages/airflow/example_dags/plugins/listener_plugin.py for tasks to queue
[2025-04-16T00:30:29.651+0700] {logging_mixin.py:190} INFO - [2025-04-16T00:30:29.650+0700] {dagbag.py:588} INFO - Filling up the DagBag from /home/anhtupham99/NBA-analytics/py_env/lib/python3.11/site-packages/airflow/example_dags/plugins/listener_plugin.py
[2025-04-16T00:30:29.654+0700] {processor.py:927} WARNING - No viable dags retrieved from /home/anhtupham99/NBA-analytics/py_env/lib/python3.11/site-packages/airflow/example_dags/plugins/listener_plugin.py
[2025-04-16T00:30:29.663+0700] {processor.py:208} INFO - Processing /home/anhtupham99/NBA-analytics/py_env/lib/python3.11/site-packages/airflow/example_dags/plugins/listener_plugin.py took 0.021 seconds
[2025-04-16T00:31:16.478+0700] {processor.py:186} INFO - Started process (PID=371959) to work on /home/anhtupham99/NBA-analytics/py_env/lib/python3.11/site-packages/airflow/example_dags/plugins/listener_plugin.py
[2025-04-16T00:31:16.480+0700] {processor.py:914} INFO - Processing file /home/anhtupham99/NBA-analytics/py_env/lib/python3.11/site-packages/airflow/example_dags/plugins/listener_plugin.py for tasks to queue
[2025-04-16T00:31:16.482+0700] {logging_mixin.py:190} INFO - [2025-04-16T00:31:16.482+0700] {dagbag.py:588} INFO - Filling up the DagBag from /home/anhtupham99/NBA-analytics/py_env/lib/python3.11/site-packages/airflow/example_dags/plugins/listener_plugin.py
[2025-04-16T00:31:16.485+0700] {processor.py:927} WARNING - No viable dags retrieved from /home/anhtupham99/NBA-analytics/py_env/lib/python3.11/site-packages/airflow/example_dags/plugins/listener_plugin.py
[2025-04-16T00:31:16.493+0700] {processor.py:208} INFO - Processing /home/anhtupham99/NBA-analytics/py_env/lib/python3.11/site-packages/airflow/example_dags/plugins/listener_plugin.py took 0.019 seconds
[2025-04-16T00:32:01.138+0700] {processor.py:186} INFO - Started process (PID=373049) to work on /home/anhtupham99/NBA-analytics/py_env/lib/python3.11/site-packages/airflow/example_dags/plugins/listener_plugin.py
[2025-04-16T00:32:01.140+0700] {processor.py:914} INFO - Processing file /home/anhtupham99/NBA-analytics/py_env/lib/python3.11/site-packages/airflow/example_dags/plugins/listener_plugin.py for tasks to queue
[2025-04-16T00:32:01.143+0700] {logging_mixin.py:190} INFO - [2025-04-16T00:32:01.142+0700] {dagbag.py:588} INFO - Filling up the DagBag from /home/anhtupham99/NBA-analytics/py_env/lib/python3.11/site-packages/airflow/example_dags/plugins/listener_plugin.py
[2025-04-16T00:32:01.145+0700] {processor.py:927} WARNING - No viable dags retrieved from /home/anhtupham99/NBA-analytics/py_env/lib/python3.11/site-packages/airflow/example_dags/plugins/listener_plugin.py
[2025-04-16T00:32:01.154+0700] {processor.py:208} INFO - Processing /home/anhtupham99/NBA-analytics/py_env/lib/python3.11/site-packages/airflow/example_dags/plugins/listener_plugin.py took 0.021 seconds
[2025-04-16T00:32:46.095+0700] {processor.py:186} INFO - Started process (PID=374179) to work on /home/anhtupham99/NBA-analytics/py_env/lib/python3.11/site-packages/airflow/example_dags/plugins/listener_plugin.py
[2025-04-16T00:32:46.096+0700] {processor.py:914} INFO - Processing file /home/anhtupham99/NBA-analytics/py_env/lib/python3.11/site-packages/airflow/example_dags/plugins/listener_plugin.py for tasks to queue
[2025-04-16T00:32:46.099+0700] {logging_mixin.py:190} INFO - [2025-04-16T00:32:46.099+0700] {dagbag.py:588} INFO - Filling up the DagBag from /home/anhtupham99/NBA-analytics/py_env/lib/python3.11/site-packages/airflow/example_dags/plugins/listener_plugin.py
[2025-04-16T00:32:46.101+0700] {processor.py:927} WARNING - No viable dags retrieved from /home/anhtupham99/NBA-analytics/py_env/lib/python3.11/site-packages/airflow/example_dags/plugins/listener_plugin.py
[2025-04-16T00:32:46.112+0700] {processor.py:208} INFO - Processing /home/anhtupham99/NBA-analytics/py_env/lib/python3.11/site-packages/airflow/example_dags/plugins/listener_plugin.py took 0.024 seconds
[2025-04-16T00:33:33.700+0700] {processor.py:186} INFO - Started process (PID=375276) to work on /home/anhtupham99/NBA-analytics/py_env/lib/python3.11/site-packages/airflow/example_dags/plugins/listener_plugin.py
[2025-04-16T00:33:33.701+0700] {processor.py:914} INFO - Processing file /home/anhtupham99/NBA-analytics/py_env/lib/python3.11/site-packages/airflow/example_dags/plugins/listener_plugin.py for tasks to queue
[2025-04-16T00:33:33.703+0700] {logging_mixin.py:190} INFO - [2025-04-16T00:33:33.703+0700] {dagbag.py:588} INFO - Filling up the DagBag from /home/anhtupham99/NBA-analytics/py_env/lib/python3.11/site-packages/airflow/example_dags/plugins/listener_plugin.py
[2025-04-16T00:33:33.705+0700] {processor.py:927} WARNING - No viable dags retrieved from /home/anhtupham99/NBA-analytics/py_env/lib/python3.11/site-packages/airflow/example_dags/plugins/listener_plugin.py
[2025-04-16T00:33:33.713+0700] {processor.py:208} INFO - Processing /home/anhtupham99/NBA-analytics/py_env/lib/python3.11/site-packages/airflow/example_dags/plugins/listener_plugin.py took 0.017 seconds
[2025-04-16T00:34:22.581+0700] {processor.py:186} INFO - Started process (PID=376396) to work on /home/anhtupham99/NBA-analytics/py_env/lib/python3.11/site-packages/airflow/example_dags/plugins/listener_plugin.py
[2025-04-16T00:34:22.585+0700] {processor.py:914} INFO - Processing file /home/anhtupham99/NBA-analytics/py_env/lib/python3.11/site-packages/airflow/example_dags/plugins/listener_plugin.py for tasks to queue
[2025-04-16T00:34:22.587+0700] {logging_mixin.py:190} INFO - [2025-04-16T00:34:22.586+0700] {dagbag.py:588} INFO - Filling up the DagBag from /home/anhtupham99/NBA-analytics/py_env/lib/python3.11/site-packages/airflow/example_dags/plugins/listener_plugin.py
[2025-04-16T00:34:22.589+0700] {processor.py:927} WARNING - No viable dags retrieved from /home/anhtupham99/NBA-analytics/py_env/lib/python3.11/site-packages/airflow/example_dags/plugins/listener_plugin.py
[2025-04-16T00:34:22.598+0700] {processor.py:208} INFO - Processing /home/anhtupham99/NBA-analytics/py_env/lib/python3.11/site-packages/airflow/example_dags/plugins/listener_plugin.py took 0.021 seconds
[2025-04-16T00:35:11.372+0700] {processor.py:186} INFO - Started process (PID=377568) to work on /home/anhtupham99/NBA-analytics/py_env/lib/python3.11/site-packages/airflow/example_dags/plugins/listener_plugin.py
[2025-04-16T00:35:11.373+0700] {processor.py:914} INFO - Processing file /home/anhtupham99/NBA-analytics/py_env/lib/python3.11/site-packages/airflow/example_dags/plugins/listener_plugin.py for tasks to queue
[2025-04-16T00:35:11.375+0700] {logging_mixin.py:190} INFO - [2025-04-16T00:35:11.374+0700] {dagbag.py:588} INFO - Filling up the DagBag from /home/anhtupham99/NBA-analytics/py_env/lib/python3.11/site-packages/airflow/example_dags/plugins/listener_plugin.py
[2025-04-16T00:35:11.376+0700] {processor.py:927} WARNING - No viable dags retrieved from /home/anhtupham99/NBA-analytics/py_env/lib/python3.11/site-packages/airflow/example_dags/plugins/listener_plugin.py
[2025-04-16T00:35:11.385+0700] {processor.py:208} INFO - Processing /home/anhtupham99/NBA-analytics/py_env/lib/python3.11/site-packages/airflow/example_dags/plugins/listener_plugin.py took 0.018 seconds
[2025-04-16T00:35:56.211+0700] {processor.py:186} INFO - Started process (PID=378763) to work on /home/anhtupham99/NBA-analytics/py_env/lib/python3.11/site-packages/airflow/example_dags/plugins/listener_plugin.py
[2025-04-16T00:35:56.212+0700] {processor.py:914} INFO - Processing file /home/anhtupham99/NBA-analytics/py_env/lib/python3.11/site-packages/airflow/example_dags/plugins/listener_plugin.py for tasks to queue
[2025-04-16T00:35:56.214+0700] {logging_mixin.py:190} INFO - [2025-04-16T00:35:56.213+0700] {dagbag.py:588} INFO - Filling up the DagBag from /home/anhtupham99/NBA-analytics/py_env/lib/python3.11/site-packages/airflow/example_dags/plugins/listener_plugin.py
[2025-04-16T00:35:56.216+0700] {processor.py:927} WARNING - No viable dags retrieved from /home/anhtupham99/NBA-analytics/py_env/lib/python3.11/site-packages/airflow/example_dags/plugins/listener_plugin.py
[2025-04-16T00:35:56.225+0700] {processor.py:208} INFO - Processing /home/anhtupham99/NBA-analytics/py_env/lib/python3.11/site-packages/airflow/example_dags/plugins/listener_plugin.py took 0.020 seconds
[2025-04-16T00:36:46.754+0700] {processor.py:186} INFO - Started process (PID=380050) to work on /home/anhtupham99/NBA-analytics/py_env/lib/python3.11/site-packages/airflow/example_dags/plugins/listener_plugin.py
[2025-04-16T00:36:46.755+0700] {processor.py:914} INFO - Processing file /home/anhtupham99/NBA-analytics/py_env/lib/python3.11/site-packages/airflow/example_dags/plugins/listener_plugin.py for tasks to queue
[2025-04-16T00:36:46.758+0700] {logging_mixin.py:190} INFO - [2025-04-16T00:36:46.757+0700] {dagbag.py:588} INFO - Filling up the DagBag from /home/anhtupham99/NBA-analytics/py_env/lib/python3.11/site-packages/airflow/example_dags/plugins/listener_plugin.py
[2025-04-16T00:36:46.760+0700] {processor.py:927} WARNING - No viable dags retrieved from /home/anhtupham99/NBA-analytics/py_env/lib/python3.11/site-packages/airflow/example_dags/plugins/listener_plugin.py
[2025-04-16T00:36:46.768+0700] {processor.py:208} INFO - Processing /home/anhtupham99/NBA-analytics/py_env/lib/python3.11/site-packages/airflow/example_dags/plugins/listener_plugin.py took 0.018 seconds
[2025-04-16T00:37:30.904+0700] {processor.py:186} INFO - Started process (PID=381334) to work on /home/anhtupham99/NBA-analytics/py_env/lib/python3.11/site-packages/airflow/example_dags/plugins/listener_plugin.py
[2025-04-16T00:37:30.906+0700] {processor.py:914} INFO - Processing file /home/anhtupham99/NBA-analytics/py_env/lib/python3.11/site-packages/airflow/example_dags/plugins/listener_plugin.py for tasks to queue
[2025-04-16T00:37:30.909+0700] {logging_mixin.py:190} INFO - [2025-04-16T00:37:30.909+0700] {dagbag.py:588} INFO - Filling up the DagBag from /home/anhtupham99/NBA-analytics/py_env/lib/python3.11/site-packages/airflow/example_dags/plugins/listener_plugin.py
[2025-04-16T00:37:30.912+0700] {processor.py:927} WARNING - No viable dags retrieved from /home/anhtupham99/NBA-analytics/py_env/lib/python3.11/site-packages/airflow/example_dags/plugins/listener_plugin.py
[2025-04-16T00:37:30.926+0700] {processor.py:208} INFO - Processing /home/anhtupham99/NBA-analytics/py_env/lib/python3.11/site-packages/airflow/example_dags/plugins/listener_plugin.py took 0.028 seconds
