[2025-04-15T23:47:00.028+0700] {processor.py:186} INFO - Started process (PID=298056) to work on /home/anhtupham99/NBA-analytics/py_env/lib/python3.11/site-packages/airflow/example_dags/example_branch_day_of_week_operator.py
[2025-04-15T23:47:00.028+0700] {processor.py:914} INFO - Processing file /home/anhtupham99/NBA-analytics/py_env/lib/python3.11/site-packages/airflow/example_dags/example_branch_day_of_week_operator.py for tasks to queue
[2025-04-15T23:47:00.030+0700] {logging_mixin.py:190} INFO - [2025-04-15T23:47:00.030+0700] {dagbag.py:588} INFO - Filling up the DagBag from /home/anhtupham99/NBA-analytics/py_env/lib/python3.11/site-packages/airflow/example_dags/example_branch_day_of_week_operator.py
[2025-04-15T23:47:00.039+0700] {processor.py:925} INFO - DAG(s) 'example_weekday_branch_operator' retrieved from /home/anhtupham99/NBA-analytics/py_env/lib/python3.11/site-packages/airflow/example_dags/example_branch_day_of_week_operator.py
[2025-04-15T23:47:00.140+0700] {logging_mixin.py:190} INFO - [2025-04-15T23:47:00.139+0700] {override.py:1912} INFO - Created Permission View: can delete on DAG:example_weekday_branch_operator
[2025-04-15T23:47:00.157+0700] {logging_mixin.py:190} INFO - [2025-04-15T23:47:00.156+0700] {override.py:1912} INFO - Created Permission View: can edit on DAG:example_weekday_branch_operator
[2025-04-15T23:47:00.172+0700] {logging_mixin.py:190} INFO - [2025-04-15T23:47:00.171+0700] {override.py:1912} INFO - Created Permission View: can read on DAG:example_weekday_branch_operator
[2025-04-15T23:47:00.200+0700] {logging_mixin.py:190} INFO - [2025-04-15T23:47:00.199+0700] {override.py:1912} INFO - Created Permission View: can create on DAG Run:example_weekday_branch_operator
[2025-04-15T23:47:00.217+0700] {logging_mixin.py:190} INFO - [2025-04-15T23:47:00.216+0700] {override.py:1912} INFO - Created Permission View: can delete on DAG Run:example_weekday_branch_operator
[2025-04-15T23:47:00.234+0700] {logging_mixin.py:190} INFO - [2025-04-15T23:47:00.233+0700] {override.py:1912} INFO - Created Permission View: menu access on DAG Run:example_weekday_branch_operator
[2025-04-15T23:47:00.250+0700] {logging_mixin.py:190} INFO - [2025-04-15T23:47:00.250+0700] {override.py:1912} INFO - Created Permission View: can read on DAG Run:example_weekday_branch_operator
[2025-04-15T23:47:00.250+0700] {logging_mixin.py:190} INFO - [2025-04-15T23:47:00.250+0700] {dag.py:3239} INFO - Sync 1 DAGs
[2025-04-15T23:47:00.258+0700] {logging_mixin.py:190} INFO - [2025-04-15T23:47:00.258+0700] {dag.py:3262} INFO - Creating ORM DAG for example_weekday_branch_operator
[2025-04-15T23:47:00.265+0700] {logging_mixin.py:190} INFO - [2025-04-15T23:47:00.265+0700] {dag.py:4180} INFO - Setting next_dagrun for example_weekday_branch_operator to 2025-04-14 00:00:00+00:00, run_after=2025-04-15 00:00:00+00:00
[2025-04-15T23:47:00.294+0700] {processor.py:208} INFO - Processing /home/anhtupham99/NBA-analytics/py_env/lib/python3.11/site-packages/airflow/example_dags/example_branch_day_of_week_operator.py took 0.271 seconds
[2025-04-15T23:48:00.914+0700] {processor.py:186} INFO - Started process (PID=299386) to work on /home/anhtupham99/NBA-analytics/py_env/lib/python3.11/site-packages/airflow/example_dags/example_branch_day_of_week_operator.py
[2025-04-15T23:48:00.916+0700] {processor.py:914} INFO - Processing file /home/anhtupham99/NBA-analytics/py_env/lib/python3.11/site-packages/airflow/example_dags/example_branch_day_of_week_operator.py for tasks to queue
[2025-04-15T23:48:00.918+0700] {logging_mixin.py:190} INFO - [2025-04-15T23:48:00.918+0700] {dagbag.py:588} INFO - Filling up the DagBag from /home/anhtupham99/NBA-analytics/py_env/lib/python3.11/site-packages/airflow/example_dags/example_branch_day_of_week_operator.py
[2025-04-15T23:48:00.927+0700] {processor.py:925} INFO - DAG(s) 'example_weekday_branch_operator' retrieved from /home/anhtupham99/NBA-analytics/py_env/lib/python3.11/site-packages/airflow/example_dags/example_branch_day_of_week_operator.py
[2025-04-15T23:48:00.941+0700] {logging_mixin.py:190} INFO - [2025-04-15T23:48:00.941+0700] {dag.py:3239} INFO - Sync 1 DAGs
[2025-04-15T23:48:00.960+0700] {logging_mixin.py:190} INFO - [2025-04-15T23:48:00.960+0700] {dag.py:4180} INFO - Setting next_dagrun for example_weekday_branch_operator to 2025-04-14 00:00:00+00:00, run_after=2025-04-15 00:00:00+00:00
[2025-04-15T23:48:00.985+0700] {processor.py:208} INFO - Processing /home/anhtupham99/NBA-analytics/py_env/lib/python3.11/site-packages/airflow/example_dags/example_branch_day_of_week_operator.py took 0.076 seconds
[2025-04-15T23:48:56.218+0700] {processor.py:186} INFO - Started process (PID=300729) to work on /home/anhtupham99/NBA-analytics/py_env/lib/python3.11/site-packages/airflow/example_dags/example_branch_day_of_week_operator.py
[2025-04-15T23:48:56.219+0700] {processor.py:914} INFO - Processing file /home/anhtupham99/NBA-analytics/py_env/lib/python3.11/site-packages/airflow/example_dags/example_branch_day_of_week_operator.py for tasks to queue
[2025-04-15T23:48:56.221+0700] {logging_mixin.py:190} INFO - [2025-04-15T23:48:56.220+0700] {dagbag.py:588} INFO - Filling up the DagBag from /home/anhtupham99/NBA-analytics/py_env/lib/python3.11/site-packages/airflow/example_dags/example_branch_day_of_week_operator.py
[2025-04-15T23:48:56.230+0700] {processor.py:925} INFO - DAG(s) 'example_weekday_branch_operator' retrieved from /home/anhtupham99/NBA-analytics/py_env/lib/python3.11/site-packages/airflow/example_dags/example_branch_day_of_week_operator.py
[2025-04-15T23:48:56.245+0700] {logging_mixin.py:190} INFO - [2025-04-15T23:48:56.245+0700] {dag.py:3239} INFO - Sync 1 DAGs
[2025-04-15T23:48:56.262+0700] {logging_mixin.py:190} INFO - [2025-04-15T23:48:56.262+0700] {dag.py:4180} INFO - Setting next_dagrun for example_weekday_branch_operator to 2025-04-14 00:00:00+00:00, run_after=2025-04-15 00:00:00+00:00
[2025-04-15T23:48:56.287+0700] {processor.py:208} INFO - Processing /home/anhtupham99/NBA-analytics/py_env/lib/python3.11/site-packages/airflow/example_dags/example_branch_day_of_week_operator.py took 0.074 seconds
[2025-04-15T23:49:50.215+0700] {processor.py:186} INFO - Started process (PID=301905) to work on /home/anhtupham99/NBA-analytics/py_env/lib/python3.11/site-packages/airflow/example_dags/example_branch_day_of_week_operator.py
[2025-04-15T23:49:50.217+0700] {processor.py:914} INFO - Processing file /home/anhtupham99/NBA-analytics/py_env/lib/python3.11/site-packages/airflow/example_dags/example_branch_day_of_week_operator.py for tasks to queue
[2025-04-15T23:49:50.219+0700] {logging_mixin.py:190} INFO - [2025-04-15T23:49:50.219+0700] {dagbag.py:588} INFO - Filling up the DagBag from /home/anhtupham99/NBA-analytics/py_env/lib/python3.11/site-packages/airflow/example_dags/example_branch_day_of_week_operator.py
[2025-04-15T23:49:50.230+0700] {processor.py:925} INFO - DAG(s) 'example_weekday_branch_operator' retrieved from /home/anhtupham99/NBA-analytics/py_env/lib/python3.11/site-packages/airflow/example_dags/example_branch_day_of_week_operator.py
[2025-04-15T23:49:50.245+0700] {logging_mixin.py:190} INFO - [2025-04-15T23:49:50.245+0700] {dag.py:3239} INFO - Sync 1 DAGs
[2025-04-15T23:49:50.262+0700] {logging_mixin.py:190} INFO - [2025-04-15T23:49:50.261+0700] {dag.py:4180} INFO - Setting next_dagrun for example_weekday_branch_operator to 2025-04-14 00:00:00+00:00, run_after=2025-04-15 00:00:00+00:00
[2025-04-15T23:49:50.286+0700] {processor.py:208} INFO - Processing /home/anhtupham99/NBA-analytics/py_env/lib/python3.11/site-packages/airflow/example_dags/example_branch_day_of_week_operator.py took 0.076 seconds
[2025-04-15T23:50:41.260+0700] {processor.py:186} INFO - Started process (PID=302965) to work on /home/anhtupham99/NBA-analytics/py_env/lib/python3.11/site-packages/airflow/example_dags/example_branch_day_of_week_operator.py
[2025-04-15T23:50:41.262+0700] {processor.py:914} INFO - Processing file /home/anhtupham99/NBA-analytics/py_env/lib/python3.11/site-packages/airflow/example_dags/example_branch_day_of_week_operator.py for tasks to queue
[2025-04-15T23:50:41.264+0700] {logging_mixin.py:190} INFO - [2025-04-15T23:50:41.263+0700] {dagbag.py:588} INFO - Filling up the DagBag from /home/anhtupham99/NBA-analytics/py_env/lib/python3.11/site-packages/airflow/example_dags/example_branch_day_of_week_operator.py
[2025-04-15T23:50:41.275+0700] {processor.py:925} INFO - DAG(s) 'example_weekday_branch_operator' retrieved from /home/anhtupham99/NBA-analytics/py_env/lib/python3.11/site-packages/airflow/example_dags/example_branch_day_of_week_operator.py
[2025-04-15T23:50:41.290+0700] {logging_mixin.py:190} INFO - [2025-04-15T23:50:41.290+0700] {dag.py:3239} INFO - Sync 1 DAGs
[2025-04-15T23:50:41.422+0700] {logging_mixin.py:190} INFO - [2025-04-15T23:50:41.422+0700] {dag.py:4180} INFO - Setting next_dagrun for example_weekday_branch_operator to 2025-04-14 00:00:00+00:00, run_after=2025-04-15 00:00:00+00:00
[2025-04-15T23:50:41.449+0700] {processor.py:208} INFO - Processing /home/anhtupham99/NBA-analytics/py_env/lib/python3.11/site-packages/airflow/example_dags/example_branch_day_of_week_operator.py took 0.197 seconds
[2025-04-15T23:51:34.684+0700] {processor.py:186} INFO - Started process (PID=303937) to work on /home/anhtupham99/NBA-analytics/py_env/lib/python3.11/site-packages/airflow/example_dags/example_branch_day_of_week_operator.py
[2025-04-15T23:51:34.688+0700] {processor.py:914} INFO - Processing file /home/anhtupham99/NBA-analytics/py_env/lib/python3.11/site-packages/airflow/example_dags/example_branch_day_of_week_operator.py for tasks to queue
[2025-04-15T23:51:34.690+0700] {logging_mixin.py:190} INFO - [2025-04-15T23:51:34.690+0700] {dagbag.py:588} INFO - Filling up the DagBag from /home/anhtupham99/NBA-analytics/py_env/lib/python3.11/site-packages/airflow/example_dags/example_branch_day_of_week_operator.py
[2025-04-15T23:51:34.697+0700] {processor.py:925} INFO - DAG(s) 'example_weekday_branch_operator' retrieved from /home/anhtupham99/NBA-analytics/py_env/lib/python3.11/site-packages/airflow/example_dags/example_branch_day_of_week_operator.py
[2025-04-15T23:51:34.709+0700] {logging_mixin.py:190} INFO - [2025-04-15T23:51:34.708+0700] {dag.py:3239} INFO - Sync 1 DAGs
[2025-04-15T23:51:34.723+0700] {logging_mixin.py:190} INFO - [2025-04-15T23:51:34.722+0700] {dag.py:4180} INFO - Setting next_dagrun for example_weekday_branch_operator to 2025-04-14 00:00:00+00:00, run_after=2025-04-15 00:00:00+00:00
[2025-04-15T23:51:34.745+0700] {processor.py:208} INFO - Processing /home/anhtupham99/NBA-analytics/py_env/lib/python3.11/site-packages/airflow/example_dags/example_branch_day_of_week_operator.py took 0.064 seconds
[2025-04-15T23:52:19.936+0700] {processor.py:186} INFO - Started process (PID=304823) to work on /home/anhtupham99/NBA-analytics/py_env/lib/python3.11/site-packages/airflow/example_dags/example_branch_day_of_week_operator.py
[2025-04-15T23:52:19.937+0700] {processor.py:914} INFO - Processing file /home/anhtupham99/NBA-analytics/py_env/lib/python3.11/site-packages/airflow/example_dags/example_branch_day_of_week_operator.py for tasks to queue
[2025-04-15T23:52:19.939+0700] {logging_mixin.py:190} INFO - [2025-04-15T23:52:19.939+0700] {dagbag.py:588} INFO - Filling up the DagBag from /home/anhtupham99/NBA-analytics/py_env/lib/python3.11/site-packages/airflow/example_dags/example_branch_day_of_week_operator.py
[2025-04-15T23:52:19.948+0700] {processor.py:925} INFO - DAG(s) 'example_weekday_branch_operator' retrieved from /home/anhtupham99/NBA-analytics/py_env/lib/python3.11/site-packages/airflow/example_dags/example_branch_day_of_week_operator.py
[2025-04-15T23:52:19.962+0700] {logging_mixin.py:190} INFO - [2025-04-15T23:52:19.962+0700] {dag.py:3239} INFO - Sync 1 DAGs
[2025-04-15T23:52:19.980+0700] {logging_mixin.py:190} INFO - [2025-04-15T23:52:19.980+0700] {dag.py:4180} INFO - Setting next_dagrun for example_weekday_branch_operator to 2025-04-14 00:00:00+00:00, run_after=2025-04-15 00:00:00+00:00
[2025-04-15T23:52:20.008+0700] {processor.py:208} INFO - Processing /home/anhtupham99/NBA-analytics/py_env/lib/python3.11/site-packages/airflow/example_dags/example_branch_day_of_week_operator.py took 0.077 seconds
[2025-04-15T23:53:08.680+0700] {processor.py:186} INFO - Started process (PID=305789) to work on /home/anhtupham99/NBA-analytics/py_env/lib/python3.11/site-packages/airflow/example_dags/example_branch_day_of_week_operator.py
[2025-04-15T23:53:08.683+0700] {processor.py:914} INFO - Processing file /home/anhtupham99/NBA-analytics/py_env/lib/python3.11/site-packages/airflow/example_dags/example_branch_day_of_week_operator.py for tasks to queue
[2025-04-15T23:53:08.685+0700] {logging_mixin.py:190} INFO - [2025-04-15T23:53:08.685+0700] {dagbag.py:588} INFO - Filling up the DagBag from /home/anhtupham99/NBA-analytics/py_env/lib/python3.11/site-packages/airflow/example_dags/example_branch_day_of_week_operator.py
[2025-04-15T23:53:08.694+0700] {processor.py:925} INFO - DAG(s) 'example_weekday_branch_operator' retrieved from /home/anhtupham99/NBA-analytics/py_env/lib/python3.11/site-packages/airflow/example_dags/example_branch_day_of_week_operator.py
[2025-04-15T23:53:08.707+0700] {logging_mixin.py:190} INFO - [2025-04-15T23:53:08.707+0700] {dag.py:3239} INFO - Sync 1 DAGs
[2025-04-15T23:53:08.723+0700] {logging_mixin.py:190} INFO - [2025-04-15T23:53:08.722+0700] {dag.py:4180} INFO - Setting next_dagrun for example_weekday_branch_operator to 2025-04-14 00:00:00+00:00, run_after=2025-04-15 00:00:00+00:00
[2025-04-15T23:53:08.745+0700] {processor.py:208} INFO - Processing /home/anhtupham99/NBA-analytics/py_env/lib/python3.11/site-packages/airflow/example_dags/example_branch_day_of_week_operator.py took 0.070 seconds
[2025-04-15T23:53:56.754+0700] {processor.py:186} INFO - Started process (PID=306669) to work on /home/anhtupham99/NBA-analytics/py_env/lib/python3.11/site-packages/airflow/example_dags/example_branch_day_of_week_operator.py
[2025-04-15T23:53:56.758+0700] {processor.py:914} INFO - Processing file /home/anhtupham99/NBA-analytics/py_env/lib/python3.11/site-packages/airflow/example_dags/example_branch_day_of_week_operator.py for tasks to queue
[2025-04-15T23:53:56.760+0700] {logging_mixin.py:190} INFO - [2025-04-15T23:53:56.760+0700] {dagbag.py:588} INFO - Filling up the DagBag from /home/anhtupham99/NBA-analytics/py_env/lib/python3.11/site-packages/airflow/example_dags/example_branch_day_of_week_operator.py
[2025-04-15T23:53:56.770+0700] {processor.py:925} INFO - DAG(s) 'example_weekday_branch_operator' retrieved from /home/anhtupham99/NBA-analytics/py_env/lib/python3.11/site-packages/airflow/example_dags/example_branch_day_of_week_operator.py
[2025-04-15T23:53:56.784+0700] {logging_mixin.py:190} INFO - [2025-04-15T23:53:56.784+0700] {dag.py:3239} INFO - Sync 1 DAGs
[2025-04-15T23:53:56.801+0700] {logging_mixin.py:190} INFO - [2025-04-15T23:53:56.801+0700] {dag.py:4180} INFO - Setting next_dagrun for example_weekday_branch_operator to 2025-04-14 00:00:00+00:00, run_after=2025-04-15 00:00:00+00:00
[2025-04-15T23:53:56.828+0700] {processor.py:208} INFO - Processing /home/anhtupham99/NBA-analytics/py_env/lib/python3.11/site-packages/airflow/example_dags/example_branch_day_of_week_operator.py took 0.079 seconds
[2025-04-15T23:54:42.478+0700] {processor.py:186} INFO - Started process (PID=307557) to work on /home/anhtupham99/NBA-analytics/py_env/lib/python3.11/site-packages/airflow/example_dags/example_branch_day_of_week_operator.py
[2025-04-15T23:54:42.479+0700] {processor.py:914} INFO - Processing file /home/anhtupham99/NBA-analytics/py_env/lib/python3.11/site-packages/airflow/example_dags/example_branch_day_of_week_operator.py for tasks to queue
[2025-04-15T23:54:42.482+0700] {logging_mixin.py:190} INFO - [2025-04-15T23:54:42.481+0700] {dagbag.py:588} INFO - Filling up the DagBag from /home/anhtupham99/NBA-analytics/py_env/lib/python3.11/site-packages/airflow/example_dags/example_branch_day_of_week_operator.py
[2025-04-15T23:54:42.491+0700] {processor.py:925} INFO - DAG(s) 'example_weekday_branch_operator' retrieved from /home/anhtupham99/NBA-analytics/py_env/lib/python3.11/site-packages/airflow/example_dags/example_branch_day_of_week_operator.py
[2025-04-15T23:54:42.506+0700] {logging_mixin.py:190} INFO - [2025-04-15T23:54:42.506+0700] {dag.py:3239} INFO - Sync 1 DAGs
[2025-04-15T23:54:42.524+0700] {logging_mixin.py:190} INFO - [2025-04-15T23:54:42.523+0700] {dag.py:4180} INFO - Setting next_dagrun for example_weekday_branch_operator to 2025-04-14 00:00:00+00:00, run_after=2025-04-15 00:00:00+00:00
[2025-04-15T23:54:42.552+0700] {processor.py:208} INFO - Processing /home/anhtupham99/NBA-analytics/py_env/lib/python3.11/site-packages/airflow/example_dags/example_branch_day_of_week_operator.py took 0.082 seconds
[2025-04-15T23:55:32.424+0700] {processor.py:186} INFO - Started process (PID=309813) to work on /home/anhtupham99/NBA-analytics/py_env/lib/python3.11/site-packages/airflow/example_dags/example_branch_day_of_week_operator.py
[2025-04-15T23:55:32.425+0700] {processor.py:914} INFO - Processing file /home/anhtupham99/NBA-analytics/py_env/lib/python3.11/site-packages/airflow/example_dags/example_branch_day_of_week_operator.py for tasks to queue
[2025-04-15T23:55:32.427+0700] {logging_mixin.py:190} INFO - [2025-04-15T23:55:32.427+0700] {dagbag.py:588} INFO - Filling up the DagBag from /home/anhtupham99/NBA-analytics/py_env/lib/python3.11/site-packages/airflow/example_dags/example_branch_day_of_week_operator.py
[2025-04-15T23:55:32.434+0700] {processor.py:925} INFO - DAG(s) 'example_weekday_branch_operator' retrieved from /home/anhtupham99/NBA-analytics/py_env/lib/python3.11/site-packages/airflow/example_dags/example_branch_day_of_week_operator.py
[2025-04-15T23:55:32.445+0700] {logging_mixin.py:190} INFO - [2025-04-15T23:55:32.445+0700] {dag.py:3239} INFO - Sync 1 DAGs
[2025-04-15T23:55:32.459+0700] {logging_mixin.py:190} INFO - [2025-04-15T23:55:32.458+0700] {dag.py:4180} INFO - Setting next_dagrun for example_weekday_branch_operator to 2025-04-14 00:00:00+00:00, run_after=2025-04-15 00:00:00+00:00
[2025-04-15T23:55:32.482+0700] {processor.py:208} INFO - Processing /home/anhtupham99/NBA-analytics/py_env/lib/python3.11/site-packages/airflow/example_dags/example_branch_day_of_week_operator.py took 0.062 seconds
[2025-04-15T23:56:24.046+0700] {processor.py:186} INFO - Started process (PID=311644) to work on /home/anhtupham99/NBA-analytics/py_env/lib/python3.11/site-packages/airflow/example_dags/example_branch_day_of_week_operator.py
[2025-04-15T23:56:24.050+0700] {processor.py:914} INFO - Processing file /home/anhtupham99/NBA-analytics/py_env/lib/python3.11/site-packages/airflow/example_dags/example_branch_day_of_week_operator.py for tasks to queue
[2025-04-15T23:56:24.052+0700] {logging_mixin.py:190} INFO - [2025-04-15T23:56:24.052+0700] {dagbag.py:588} INFO - Filling up the DagBag from /home/anhtupham99/NBA-analytics/py_env/lib/python3.11/site-packages/airflow/example_dags/example_branch_day_of_week_operator.py
[2025-04-15T23:56:24.059+0700] {processor.py:925} INFO - DAG(s) 'example_weekday_branch_operator' retrieved from /home/anhtupham99/NBA-analytics/py_env/lib/python3.11/site-packages/airflow/example_dags/example_branch_day_of_week_operator.py
[2025-04-15T23:56:24.070+0700] {logging_mixin.py:190} INFO - [2025-04-15T23:56:24.070+0700] {dag.py:3239} INFO - Sync 1 DAGs
[2025-04-15T23:56:24.084+0700] {logging_mixin.py:190} INFO - [2025-04-15T23:56:24.084+0700] {dag.py:4180} INFO - Setting next_dagrun for example_weekday_branch_operator to 2025-04-14 00:00:00+00:00, run_after=2025-04-15 00:00:00+00:00
[2025-04-15T23:56:24.109+0700] {processor.py:208} INFO - Processing /home/anhtupham99/NBA-analytics/py_env/lib/python3.11/site-packages/airflow/example_dags/example_branch_day_of_week_operator.py took 0.067 seconds
[2025-04-15T23:57:10.744+0700] {processor.py:186} INFO - Started process (PID=312520) to work on /home/anhtupham99/NBA-analytics/py_env/lib/python3.11/site-packages/airflow/example_dags/example_branch_day_of_week_operator.py
[2025-04-15T23:57:10.745+0700] {processor.py:914} INFO - Processing file /home/anhtupham99/NBA-analytics/py_env/lib/python3.11/site-packages/airflow/example_dags/example_branch_day_of_week_operator.py for tasks to queue
[2025-04-15T23:57:10.747+0700] {logging_mixin.py:190} INFO - [2025-04-15T23:57:10.747+0700] {dagbag.py:588} INFO - Filling up the DagBag from /home/anhtupham99/NBA-analytics/py_env/lib/python3.11/site-packages/airflow/example_dags/example_branch_day_of_week_operator.py
[2025-04-15T23:57:10.755+0700] {processor.py:925} INFO - DAG(s) 'example_weekday_branch_operator' retrieved from /home/anhtupham99/NBA-analytics/py_env/lib/python3.11/site-packages/airflow/example_dags/example_branch_day_of_week_operator.py
[2025-04-15T23:57:10.769+0700] {logging_mixin.py:190} INFO - [2025-04-15T23:57:10.768+0700] {dag.py:3239} INFO - Sync 1 DAGs
[2025-04-15T23:57:10.784+0700] {logging_mixin.py:190} INFO - [2025-04-15T23:57:10.784+0700] {dag.py:4180} INFO - Setting next_dagrun for example_weekday_branch_operator to 2025-04-14 00:00:00+00:00, run_after=2025-04-15 00:00:00+00:00
[2025-04-15T23:57:10.811+0700] {processor.py:208} INFO - Processing /home/anhtupham99/NBA-analytics/py_env/lib/python3.11/site-packages/airflow/example_dags/example_branch_day_of_week_operator.py took 0.071 seconds
[2025-04-15T23:57:59.220+0700] {processor.py:186} INFO - Started process (PID=313447) to work on /home/anhtupham99/NBA-analytics/py_env/lib/python3.11/site-packages/airflow/example_dags/example_branch_day_of_week_operator.py
[2025-04-15T23:57:59.221+0700] {processor.py:914} INFO - Processing file /home/anhtupham99/NBA-analytics/py_env/lib/python3.11/site-packages/airflow/example_dags/example_branch_day_of_week_operator.py for tasks to queue
[2025-04-15T23:57:59.223+0700] {logging_mixin.py:190} INFO - [2025-04-15T23:57:59.222+0700] {dagbag.py:588} INFO - Filling up the DagBag from /home/anhtupham99/NBA-analytics/py_env/lib/python3.11/site-packages/airflow/example_dags/example_branch_day_of_week_operator.py
[2025-04-15T23:57:59.230+0700] {processor.py:925} INFO - DAG(s) 'example_weekday_branch_operator' retrieved from /home/anhtupham99/NBA-analytics/py_env/lib/python3.11/site-packages/airflow/example_dags/example_branch_day_of_week_operator.py
[2025-04-15T23:57:59.241+0700] {logging_mixin.py:190} INFO - [2025-04-15T23:57:59.241+0700] {dag.py:3239} INFO - Sync 1 DAGs
[2025-04-15T23:57:59.258+0700] {logging_mixin.py:190} INFO - [2025-04-15T23:57:59.258+0700] {dag.py:4180} INFO - Setting next_dagrun for example_weekday_branch_operator to 2025-04-14 00:00:00+00:00, run_after=2025-04-15 00:00:00+00:00
[2025-04-15T23:57:59.282+0700] {processor.py:208} INFO - Processing /home/anhtupham99/NBA-analytics/py_env/lib/python3.11/site-packages/airflow/example_dags/example_branch_day_of_week_operator.py took 0.067 seconds
[2025-04-15T23:58:49.745+0700] {processor.py:186} INFO - Started process (PID=314482) to work on /home/anhtupham99/NBA-analytics/py_env/lib/python3.11/site-packages/airflow/example_dags/example_branch_day_of_week_operator.py
[2025-04-15T23:58:49.747+0700] {processor.py:914} INFO - Processing file /home/anhtupham99/NBA-analytics/py_env/lib/python3.11/site-packages/airflow/example_dags/example_branch_day_of_week_operator.py for tasks to queue
[2025-04-15T23:58:49.750+0700] {logging_mixin.py:190} INFO - [2025-04-15T23:58:49.749+0700] {dagbag.py:588} INFO - Filling up the DagBag from /home/anhtupham99/NBA-analytics/py_env/lib/python3.11/site-packages/airflow/example_dags/example_branch_day_of_week_operator.py
[2025-04-15T23:58:49.761+0700] {processor.py:925} INFO - DAG(s) 'example_weekday_branch_operator' retrieved from /home/anhtupham99/NBA-analytics/py_env/lib/python3.11/site-packages/airflow/example_dags/example_branch_day_of_week_operator.py
[2025-04-15T23:58:49.779+0700] {logging_mixin.py:190} INFO - [2025-04-15T23:58:49.779+0700] {dag.py:3239} INFO - Sync 1 DAGs
[2025-04-15T23:58:49.800+0700] {logging_mixin.py:190} INFO - [2025-04-15T23:58:49.800+0700] {dag.py:4180} INFO - Setting next_dagrun for example_weekday_branch_operator to 2025-04-14 00:00:00+00:00, run_after=2025-04-15 00:00:00+00:00
[2025-04-15T23:58:49.825+0700] {processor.py:208} INFO - Processing /home/anhtupham99/NBA-analytics/py_env/lib/python3.11/site-packages/airflow/example_dags/example_branch_day_of_week_operator.py took 0.087 seconds
[2025-04-15T23:59:36.085+0700] {processor.py:186} INFO - Started process (PID=315426) to work on /home/anhtupham99/NBA-analytics/py_env/lib/python3.11/site-packages/airflow/example_dags/example_branch_day_of_week_operator.py
[2025-04-15T23:59:36.086+0700] {processor.py:914} INFO - Processing file /home/anhtupham99/NBA-analytics/py_env/lib/python3.11/site-packages/airflow/example_dags/example_branch_day_of_week_operator.py for tasks to queue
[2025-04-15T23:59:36.088+0700] {logging_mixin.py:190} INFO - [2025-04-15T23:59:36.088+0700] {dagbag.py:588} INFO - Filling up the DagBag from /home/anhtupham99/NBA-analytics/py_env/lib/python3.11/site-packages/airflow/example_dags/example_branch_day_of_week_operator.py
[2025-04-15T23:59:36.095+0700] {processor.py:925} INFO - DAG(s) 'example_weekday_branch_operator' retrieved from /home/anhtupham99/NBA-analytics/py_env/lib/python3.11/site-packages/airflow/example_dags/example_branch_day_of_week_operator.py
[2025-04-15T23:59:36.106+0700] {logging_mixin.py:190} INFO - [2025-04-15T23:59:36.106+0700] {dag.py:3239} INFO - Sync 1 DAGs
[2025-04-15T23:59:36.120+0700] {logging_mixin.py:190} INFO - [2025-04-15T23:59:36.120+0700] {dag.py:4180} INFO - Setting next_dagrun for example_weekday_branch_operator to 2025-04-14 00:00:00+00:00, run_after=2025-04-15 00:00:00+00:00
[2025-04-15T23:59:36.143+0700] {processor.py:208} INFO - Processing /home/anhtupham99/NBA-analytics/py_env/lib/python3.11/site-packages/airflow/example_dags/example_branch_day_of_week_operator.py took 0.063 seconds
[2025-04-16T00:00:26.064+0700] {processor.py:186} INFO - Started process (PID=316511) to work on /home/anhtupham99/NBA-analytics/py_env/lib/python3.11/site-packages/airflow/example_dags/example_branch_day_of_week_operator.py
[2025-04-16T00:00:26.065+0700] {processor.py:914} INFO - Processing file /home/anhtupham99/NBA-analytics/py_env/lib/python3.11/site-packages/airflow/example_dags/example_branch_day_of_week_operator.py for tasks to queue
[2025-04-16T00:00:26.066+0700] {logging_mixin.py:190} INFO - [2025-04-16T00:00:26.066+0700] {dagbag.py:588} INFO - Filling up the DagBag from /home/anhtupham99/NBA-analytics/py_env/lib/python3.11/site-packages/airflow/example_dags/example_branch_day_of_week_operator.py
[2025-04-16T00:00:26.077+0700] {processor.py:925} INFO - DAG(s) 'example_weekday_branch_operator' retrieved from /home/anhtupham99/NBA-analytics/py_env/lib/python3.11/site-packages/airflow/example_dags/example_branch_day_of_week_operator.py
[2025-04-16T00:00:26.089+0700] {logging_mixin.py:190} INFO - [2025-04-16T00:00:26.089+0700] {dag.py:3239} INFO - Sync 1 DAGs
[2025-04-16T00:00:26.105+0700] {logging_mixin.py:190} INFO - [2025-04-16T00:00:26.104+0700] {dag.py:4180} INFO - Setting next_dagrun for example_weekday_branch_operator to 2025-04-14 00:00:00+00:00, run_after=2025-04-15 00:00:00+00:00
[2025-04-16T00:00:26.131+0700] {processor.py:208} INFO - Processing /home/anhtupham99/NBA-analytics/py_env/lib/python3.11/site-packages/airflow/example_dags/example_branch_day_of_week_operator.py took 0.073 seconds
[2025-04-16T00:01:11.460+0700] {processor.py:186} INFO - Started process (PID=317373) to work on /home/anhtupham99/NBA-analytics/py_env/lib/python3.11/site-packages/airflow/example_dags/example_branch_day_of_week_operator.py
[2025-04-16T00:01:11.464+0700] {processor.py:914} INFO - Processing file /home/anhtupham99/NBA-analytics/py_env/lib/python3.11/site-packages/airflow/example_dags/example_branch_day_of_week_operator.py for tasks to queue
[2025-04-16T00:01:11.465+0700] {logging_mixin.py:190} INFO - [2025-04-16T00:01:11.465+0700] {dagbag.py:588} INFO - Filling up the DagBag from /home/anhtupham99/NBA-analytics/py_env/lib/python3.11/site-packages/airflow/example_dags/example_branch_day_of_week_operator.py
[2025-04-16T00:01:11.473+0700] {processor.py:925} INFO - DAG(s) 'example_weekday_branch_operator' retrieved from /home/anhtupham99/NBA-analytics/py_env/lib/python3.11/site-packages/airflow/example_dags/example_branch_day_of_week_operator.py
[2025-04-16T00:01:11.483+0700] {logging_mixin.py:190} INFO - [2025-04-16T00:01:11.483+0700] {dag.py:3239} INFO - Sync 1 DAGs
[2025-04-16T00:01:11.498+0700] {logging_mixin.py:190} INFO - [2025-04-16T00:01:11.498+0700] {dag.py:4180} INFO - Setting next_dagrun for example_weekday_branch_operator to 2025-04-14 00:00:00+00:00, run_after=2025-04-15 00:00:00+00:00
[2025-04-16T00:01:11.520+0700] {processor.py:208} INFO - Processing /home/anhtupham99/NBA-analytics/py_env/lib/python3.11/site-packages/airflow/example_dags/example_branch_day_of_week_operator.py took 0.065 seconds
[2025-04-16T00:01:59.946+0700] {processor.py:186} INFO - Started process (PID=318232) to work on /home/anhtupham99/NBA-analytics/py_env/lib/python3.11/site-packages/airflow/example_dags/example_branch_day_of_week_operator.py
[2025-04-16T00:01:59.948+0700] {processor.py:914} INFO - Processing file /home/anhtupham99/NBA-analytics/py_env/lib/python3.11/site-packages/airflow/example_dags/example_branch_day_of_week_operator.py for tasks to queue
[2025-04-16T00:01:59.949+0700] {logging_mixin.py:190} INFO - [2025-04-16T00:01:59.949+0700] {dagbag.py:588} INFO - Filling up the DagBag from /home/anhtupham99/NBA-analytics/py_env/lib/python3.11/site-packages/airflow/example_dags/example_branch_day_of_week_operator.py
[2025-04-16T00:01:59.956+0700] {processor.py:925} INFO - DAG(s) 'example_weekday_branch_operator' retrieved from /home/anhtupham99/NBA-analytics/py_env/lib/python3.11/site-packages/airflow/example_dags/example_branch_day_of_week_operator.py
[2025-04-16T00:01:59.967+0700] {logging_mixin.py:190} INFO - [2025-04-16T00:01:59.967+0700] {dag.py:3239} INFO - Sync 1 DAGs
[2025-04-16T00:01:59.984+0700] {logging_mixin.py:190} INFO - [2025-04-16T00:01:59.984+0700] {dag.py:4180} INFO - Setting next_dagrun for example_weekday_branch_operator to 2025-04-14 00:00:00+00:00, run_after=2025-04-15 00:00:00+00:00
[2025-04-16T00:02:00.008+0700] {processor.py:208} INFO - Processing /home/anhtupham99/NBA-analytics/py_env/lib/python3.11/site-packages/airflow/example_dags/example_branch_day_of_week_operator.py took 0.066 seconds
[2025-04-16T00:02:44.648+0700] {processor.py:186} INFO - Started process (PID=319154) to work on /home/anhtupham99/NBA-analytics/py_env/lib/python3.11/site-packages/airflow/example_dags/example_branch_day_of_week_operator.py
[2025-04-16T00:02:44.649+0700] {processor.py:914} INFO - Processing file /home/anhtupham99/NBA-analytics/py_env/lib/python3.11/site-packages/airflow/example_dags/example_branch_day_of_week_operator.py for tasks to queue
[2025-04-16T00:02:44.651+0700] {logging_mixin.py:190} INFO - [2025-04-16T00:02:44.651+0700] {dagbag.py:588} INFO - Filling up the DagBag from /home/anhtupham99/NBA-analytics/py_env/lib/python3.11/site-packages/airflow/example_dags/example_branch_day_of_week_operator.py
[2025-04-16T00:02:44.659+0700] {processor.py:925} INFO - DAG(s) 'example_weekday_branch_operator' retrieved from /home/anhtupham99/NBA-analytics/py_env/lib/python3.11/site-packages/airflow/example_dags/example_branch_day_of_week_operator.py
[2025-04-16T00:02:44.672+0700] {logging_mixin.py:190} INFO - [2025-04-16T00:02:44.671+0700] {dag.py:3239} INFO - Sync 1 DAGs
[2025-04-16T00:02:44.686+0700] {logging_mixin.py:190} INFO - [2025-04-16T00:02:44.686+0700] {dag.py:4180} INFO - Setting next_dagrun for example_weekday_branch_operator to 2025-04-14 00:00:00+00:00, run_after=2025-04-15 00:00:00+00:00
[2025-04-16T00:02:44.707+0700] {processor.py:208} INFO - Processing /home/anhtupham99/NBA-analytics/py_env/lib/python3.11/site-packages/airflow/example_dags/example_branch_day_of_week_operator.py took 0.064 seconds
[2025-04-16T00:03:32.839+0700] {processor.py:186} INFO - Started process (PID=320056) to work on /home/anhtupham99/NBA-analytics/py_env/lib/python3.11/site-packages/airflow/example_dags/example_branch_day_of_week_operator.py
[2025-04-16T00:03:32.842+0700] {processor.py:914} INFO - Processing file /home/anhtupham99/NBA-analytics/py_env/lib/python3.11/site-packages/airflow/example_dags/example_branch_day_of_week_operator.py for tasks to queue
[2025-04-16T00:03:32.844+0700] {logging_mixin.py:190} INFO - [2025-04-16T00:03:32.844+0700] {dagbag.py:588} INFO - Filling up the DagBag from /home/anhtupham99/NBA-analytics/py_env/lib/python3.11/site-packages/airflow/example_dags/example_branch_day_of_week_operator.py
[2025-04-16T00:03:32.853+0700] {processor.py:925} INFO - DAG(s) 'example_weekday_branch_operator' retrieved from /home/anhtupham99/NBA-analytics/py_env/lib/python3.11/site-packages/airflow/example_dags/example_branch_day_of_week_operator.py
[2025-04-16T00:03:32.866+0700] {logging_mixin.py:190} INFO - [2025-04-16T00:03:32.865+0700] {dag.py:3239} INFO - Sync 1 DAGs
[2025-04-16T00:03:32.882+0700] {logging_mixin.py:190} INFO - [2025-04-16T00:03:32.882+0700] {dag.py:4180} INFO - Setting next_dagrun for example_weekday_branch_operator to 2025-04-14 00:00:00+00:00, run_after=2025-04-15 00:00:00+00:00
[2025-04-16T00:03:32.906+0700] {processor.py:208} INFO - Processing /home/anhtupham99/NBA-analytics/py_env/lib/python3.11/site-packages/airflow/example_dags/example_branch_day_of_week_operator.py took 0.073 seconds
[2025-04-16T00:04:18.706+0700] {processor.py:186} INFO - Started process (PID=321177) to work on /home/anhtupham99/NBA-analytics/py_env/lib/python3.11/site-packages/airflow/example_dags/example_branch_day_of_week_operator.py
[2025-04-16T00:04:18.707+0700] {processor.py:914} INFO - Processing file /home/anhtupham99/NBA-analytics/py_env/lib/python3.11/site-packages/airflow/example_dags/example_branch_day_of_week_operator.py for tasks to queue
[2025-04-16T00:04:18.710+0700] {logging_mixin.py:190} INFO - [2025-04-16T00:04:18.709+0700] {dagbag.py:588} INFO - Filling up the DagBag from /home/anhtupham99/NBA-analytics/py_env/lib/python3.11/site-packages/airflow/example_dags/example_branch_day_of_week_operator.py
[2025-04-16T00:04:18.719+0700] {processor.py:925} INFO - DAG(s) 'example_weekday_branch_operator' retrieved from /home/anhtupham99/NBA-analytics/py_env/lib/python3.11/site-packages/airflow/example_dags/example_branch_day_of_week_operator.py
[2025-04-16T00:04:18.733+0700] {logging_mixin.py:190} INFO - [2025-04-16T00:04:18.732+0700] {dag.py:3239} INFO - Sync 1 DAGs
[2025-04-16T00:04:18.750+0700] {logging_mixin.py:190} INFO - [2025-04-16T00:04:18.750+0700] {dag.py:4180} INFO - Setting next_dagrun for example_weekday_branch_operator to 2025-04-14 00:00:00+00:00, run_after=2025-04-15 00:00:00+00:00
[2025-04-16T00:04:18.777+0700] {processor.py:208} INFO - Processing /home/anhtupham99/NBA-analytics/py_env/lib/python3.11/site-packages/airflow/example_dags/example_branch_day_of_week_operator.py took 0.077 seconds
[2025-04-16T00:05:06.482+0700] {processor.py:186} INFO - Started process (PID=322044) to work on /home/anhtupham99/NBA-analytics/py_env/lib/python3.11/site-packages/airflow/example_dags/example_branch_day_of_week_operator.py
[2025-04-16T00:05:06.484+0700] {processor.py:914} INFO - Processing file /home/anhtupham99/NBA-analytics/py_env/lib/python3.11/site-packages/airflow/example_dags/example_branch_day_of_week_operator.py for tasks to queue
[2025-04-16T00:05:06.486+0700] {logging_mixin.py:190} INFO - [2025-04-16T00:05:06.485+0700] {dagbag.py:588} INFO - Filling up the DagBag from /home/anhtupham99/NBA-analytics/py_env/lib/python3.11/site-packages/airflow/example_dags/example_branch_day_of_week_operator.py
[2025-04-16T00:05:06.495+0700] {processor.py:925} INFO - DAG(s) 'example_weekday_branch_operator' retrieved from /home/anhtupham99/NBA-analytics/py_env/lib/python3.11/site-packages/airflow/example_dags/example_branch_day_of_week_operator.py
[2025-04-16T00:05:06.509+0700] {logging_mixin.py:190} INFO - [2025-04-16T00:05:06.509+0700] {dag.py:3239} INFO - Sync 1 DAGs
[2025-04-16T00:05:06.528+0700] {logging_mixin.py:190} INFO - [2025-04-16T00:05:06.528+0700] {dag.py:4180} INFO - Setting next_dagrun for example_weekday_branch_operator to 2025-04-14 00:00:00+00:00, run_after=2025-04-15 00:00:00+00:00
[2025-04-16T00:05:06.557+0700] {processor.py:208} INFO - Processing /home/anhtupham99/NBA-analytics/py_env/lib/python3.11/site-packages/airflow/example_dags/example_branch_day_of_week_operator.py took 0.080 seconds
[2025-04-16T00:05:56.647+0700] {processor.py:186} INFO - Started process (PID=322971) to work on /home/anhtupham99/NBA-analytics/py_env/lib/python3.11/site-packages/airflow/example_dags/example_branch_day_of_week_operator.py
[2025-04-16T00:05:56.648+0700] {processor.py:914} INFO - Processing file /home/anhtupham99/NBA-analytics/py_env/lib/python3.11/site-packages/airflow/example_dags/example_branch_day_of_week_operator.py for tasks to queue
[2025-04-16T00:05:56.650+0700] {logging_mixin.py:190} INFO - [2025-04-16T00:05:56.650+0700] {dagbag.py:588} INFO - Filling up the DagBag from /home/anhtupham99/NBA-analytics/py_env/lib/python3.11/site-packages/airflow/example_dags/example_branch_day_of_week_operator.py
[2025-04-16T00:05:56.659+0700] {processor.py:925} INFO - DAG(s) 'example_weekday_branch_operator' retrieved from /home/anhtupham99/NBA-analytics/py_env/lib/python3.11/site-packages/airflow/example_dags/example_branch_day_of_week_operator.py
[2025-04-16T00:05:56.675+0700] {logging_mixin.py:190} INFO - [2025-04-16T00:05:56.675+0700] {dag.py:3239} INFO - Sync 1 DAGs
[2025-04-16T00:05:56.692+0700] {logging_mixin.py:190} INFO - [2025-04-16T00:05:56.692+0700] {dag.py:4180} INFO - Setting next_dagrun for example_weekday_branch_operator to 2025-04-14 00:00:00+00:00, run_after=2025-04-15 00:00:00+00:00
[2025-04-16T00:05:56.724+0700] {processor.py:208} INFO - Processing /home/anhtupham99/NBA-analytics/py_env/lib/python3.11/site-packages/airflow/example_dags/example_branch_day_of_week_operator.py took 0.082 seconds
[2025-04-16T00:06:44.962+0700] {processor.py:186} INFO - Started process (PID=323883) to work on /home/anhtupham99/NBA-analytics/py_env/lib/python3.11/site-packages/airflow/example_dags/example_branch_day_of_week_operator.py
[2025-04-16T00:06:44.966+0700] {processor.py:914} INFO - Processing file /home/anhtupham99/NBA-analytics/py_env/lib/python3.11/site-packages/airflow/example_dags/example_branch_day_of_week_operator.py for tasks to queue
[2025-04-16T00:06:44.968+0700] {logging_mixin.py:190} INFO - [2025-04-16T00:06:44.968+0700] {dagbag.py:588} INFO - Filling up the DagBag from /home/anhtupham99/NBA-analytics/py_env/lib/python3.11/site-packages/airflow/example_dags/example_branch_day_of_week_operator.py
[2025-04-16T00:06:44.978+0700] {processor.py:925} INFO - DAG(s) 'example_weekday_branch_operator' retrieved from /home/anhtupham99/NBA-analytics/py_env/lib/python3.11/site-packages/airflow/example_dags/example_branch_day_of_week_operator.py
[2025-04-16T00:06:44.991+0700] {logging_mixin.py:190} INFO - [2025-04-16T00:06:44.991+0700] {dag.py:3239} INFO - Sync 1 DAGs
[2025-04-16T00:06:45.011+0700] {logging_mixin.py:190} INFO - [2025-04-16T00:06:45.010+0700] {dag.py:4180} INFO - Setting next_dagrun for example_weekday_branch_operator to 2025-04-14 00:00:00+00:00, run_after=2025-04-15 00:00:00+00:00
[2025-04-16T00:06:45.038+0700] {processor.py:208} INFO - Processing /home/anhtupham99/NBA-analytics/py_env/lib/python3.11/site-packages/airflow/example_dags/example_branch_day_of_week_operator.py took 0.081 seconds
[2025-04-16T00:07:33.212+0700] {processor.py:186} INFO - Started process (PID=324986) to work on /home/anhtupham99/NBA-analytics/py_env/lib/python3.11/site-packages/airflow/example_dags/example_branch_day_of_week_operator.py
[2025-04-16T00:07:33.214+0700] {processor.py:914} INFO - Processing file /home/anhtupham99/NBA-analytics/py_env/lib/python3.11/site-packages/airflow/example_dags/example_branch_day_of_week_operator.py for tasks to queue
[2025-04-16T00:07:33.216+0700] {logging_mixin.py:190} INFO - [2025-04-16T00:07:33.215+0700] {dagbag.py:588} INFO - Filling up the DagBag from /home/anhtupham99/NBA-analytics/py_env/lib/python3.11/site-packages/airflow/example_dags/example_branch_day_of_week_operator.py
[2025-04-16T00:07:33.224+0700] {processor.py:925} INFO - DAG(s) 'example_weekday_branch_operator' retrieved from /home/anhtupham99/NBA-analytics/py_env/lib/python3.11/site-packages/airflow/example_dags/example_branch_day_of_week_operator.py
[2025-04-16T00:07:33.242+0700] {logging_mixin.py:190} INFO - [2025-04-16T00:07:33.242+0700] {dag.py:3239} INFO - Sync 1 DAGs
[2025-04-16T00:07:33.262+0700] {logging_mixin.py:190} INFO - [2025-04-16T00:07:33.262+0700] {dag.py:4180} INFO - Setting next_dagrun for example_weekday_branch_operator to 2025-04-14 00:00:00+00:00, run_after=2025-04-15 00:00:00+00:00
[2025-04-16T00:07:33.293+0700] {processor.py:208} INFO - Processing /home/anhtupham99/NBA-analytics/py_env/lib/python3.11/site-packages/airflow/example_dags/example_branch_day_of_week_operator.py took 0.087 seconds
[2025-04-16T00:08:18.389+0700] {processor.py:186} INFO - Started process (PID=325823) to work on /home/anhtupham99/NBA-analytics/py_env/lib/python3.11/site-packages/airflow/example_dags/example_branch_day_of_week_operator.py
[2025-04-16T00:08:18.392+0700] {processor.py:914} INFO - Processing file /home/anhtupham99/NBA-analytics/py_env/lib/python3.11/site-packages/airflow/example_dags/example_branch_day_of_week_operator.py for tasks to queue
[2025-04-16T00:08:18.394+0700] {logging_mixin.py:190} INFO - [2025-04-16T00:08:18.393+0700] {dagbag.py:588} INFO - Filling up the DagBag from /home/anhtupham99/NBA-analytics/py_env/lib/python3.11/site-packages/airflow/example_dags/example_branch_day_of_week_operator.py
[2025-04-16T00:08:18.401+0700] {processor.py:925} INFO - DAG(s) 'example_weekday_branch_operator' retrieved from /home/anhtupham99/NBA-analytics/py_env/lib/python3.11/site-packages/airflow/example_dags/example_branch_day_of_week_operator.py
[2025-04-16T00:08:18.414+0700] {logging_mixin.py:190} INFO - [2025-04-16T00:08:18.414+0700] {dag.py:3239} INFO - Sync 1 DAGs
[2025-04-16T00:08:18.429+0700] {logging_mixin.py:190} INFO - [2025-04-16T00:08:18.429+0700] {dag.py:4180} INFO - Setting next_dagrun for example_weekday_branch_operator to 2025-04-14 00:00:00+00:00, run_after=2025-04-15 00:00:00+00:00
[2025-04-16T00:08:18.452+0700] {processor.py:208} INFO - Processing /home/anhtupham99/NBA-analytics/py_env/lib/python3.11/site-packages/airflow/example_dags/example_branch_day_of_week_operator.py took 0.069 seconds
[2025-04-16T00:09:06.112+0700] {processor.py:186} INFO - Started process (PID=326717) to work on /home/anhtupham99/NBA-analytics/py_env/lib/python3.11/site-packages/airflow/example_dags/example_branch_day_of_week_operator.py
[2025-04-16T00:09:06.114+0700] {processor.py:914} INFO - Processing file /home/anhtupham99/NBA-analytics/py_env/lib/python3.11/site-packages/airflow/example_dags/example_branch_day_of_week_operator.py for tasks to queue
[2025-04-16T00:09:06.116+0700] {logging_mixin.py:190} INFO - [2025-04-16T00:09:06.116+0700] {dagbag.py:588} INFO - Filling up the DagBag from /home/anhtupham99/NBA-analytics/py_env/lib/python3.11/site-packages/airflow/example_dags/example_branch_day_of_week_operator.py
[2025-04-16T00:09:06.126+0700] {processor.py:925} INFO - DAG(s) 'example_weekday_branch_operator' retrieved from /home/anhtupham99/NBA-analytics/py_env/lib/python3.11/site-packages/airflow/example_dags/example_branch_day_of_week_operator.py
[2025-04-16T00:09:06.141+0700] {logging_mixin.py:190} INFO - [2025-04-16T00:09:06.141+0700] {dag.py:3239} INFO - Sync 1 DAGs
[2025-04-16T00:09:06.161+0700] {logging_mixin.py:190} INFO - [2025-04-16T00:09:06.161+0700] {dag.py:4180} INFO - Setting next_dagrun for example_weekday_branch_operator to 2025-04-14 00:00:00+00:00, run_after=2025-04-15 00:00:00+00:00
[2025-04-16T00:09:06.190+0700] {processor.py:208} INFO - Processing /home/anhtupham99/NBA-analytics/py_env/lib/python3.11/site-packages/airflow/example_dags/example_branch_day_of_week_operator.py took 0.084 seconds
[2025-04-16T00:09:55.483+0700] {processor.py:186} INFO - Started process (PID=327939) to work on /home/anhtupham99/NBA-analytics/py_env/lib/python3.11/site-packages/airflow/example_dags/example_branch_day_of_week_operator.py
[2025-04-16T00:09:55.484+0700] {processor.py:914} INFO - Processing file /home/anhtupham99/NBA-analytics/py_env/lib/python3.11/site-packages/airflow/example_dags/example_branch_day_of_week_operator.py for tasks to queue
[2025-04-16T00:09:55.486+0700] {logging_mixin.py:190} INFO - [2025-04-16T00:09:55.485+0700] {dagbag.py:588} INFO - Filling up the DagBag from /home/anhtupham99/NBA-analytics/py_env/lib/python3.11/site-packages/airflow/example_dags/example_branch_day_of_week_operator.py
[2025-04-16T00:09:55.496+0700] {processor.py:925} INFO - DAG(s) 'example_weekday_branch_operator' retrieved from /home/anhtupham99/NBA-analytics/py_env/lib/python3.11/site-packages/airflow/example_dags/example_branch_day_of_week_operator.py
[2025-04-16T00:09:55.511+0700] {logging_mixin.py:190} INFO - [2025-04-16T00:09:55.511+0700] {dag.py:3239} INFO - Sync 1 DAGs
[2025-04-16T00:09:55.530+0700] {logging_mixin.py:190} INFO - [2025-04-16T00:09:55.529+0700] {dag.py:4180} INFO - Setting next_dagrun for example_weekday_branch_operator to 2025-04-14 00:00:00+00:00, run_after=2025-04-15 00:00:00+00:00
[2025-04-16T00:09:55.557+0700] {processor.py:208} INFO - Processing /home/anhtupham99/NBA-analytics/py_env/lib/python3.11/site-packages/airflow/example_dags/example_branch_day_of_week_operator.py took 0.080 seconds
[2025-04-16T00:10:41.447+0700] {processor.py:186} INFO - Started process (PID=328903) to work on /home/anhtupham99/NBA-analytics/py_env/lib/python3.11/site-packages/airflow/example_dags/example_branch_day_of_week_operator.py
[2025-04-16T00:10:41.449+0700] {processor.py:914} INFO - Processing file /home/anhtupham99/NBA-analytics/py_env/lib/python3.11/site-packages/airflow/example_dags/example_branch_day_of_week_operator.py for tasks to queue
[2025-04-16T00:10:41.453+0700] {logging_mixin.py:190} INFO - [2025-04-16T00:10:41.452+0700] {dagbag.py:588} INFO - Filling up the DagBag from /home/anhtupham99/NBA-analytics/py_env/lib/python3.11/site-packages/airflow/example_dags/example_branch_day_of_week_operator.py
[2025-04-16T00:10:41.464+0700] {processor.py:925} INFO - DAG(s) 'example_weekday_branch_operator' retrieved from /home/anhtupham99/NBA-analytics/py_env/lib/python3.11/site-packages/airflow/example_dags/example_branch_day_of_week_operator.py
[2025-04-16T00:10:41.484+0700] {logging_mixin.py:190} INFO - [2025-04-16T00:10:41.484+0700] {dag.py:3239} INFO - Sync 1 DAGs
[2025-04-16T00:10:41.503+0700] {logging_mixin.py:190} INFO - [2025-04-16T00:10:41.503+0700] {dag.py:4180} INFO - Setting next_dagrun for example_weekday_branch_operator to 2025-04-14 00:00:00+00:00, run_after=2025-04-15 00:00:00+00:00
[2025-04-16T00:10:41.529+0700] {processor.py:208} INFO - Processing /home/anhtupham99/NBA-analytics/py_env/lib/python3.11/site-packages/airflow/example_dags/example_branch_day_of_week_operator.py took 0.087 seconds
[2025-04-16T00:11:31.951+0700] {processor.py:186} INFO - Started process (PID=329986) to work on /home/anhtupham99/NBA-analytics/py_env/lib/python3.11/site-packages/airflow/example_dags/example_branch_day_of_week_operator.py
[2025-04-16T00:11:31.952+0700] {processor.py:914} INFO - Processing file /home/anhtupham99/NBA-analytics/py_env/lib/python3.11/site-packages/airflow/example_dags/example_branch_day_of_week_operator.py for tasks to queue
[2025-04-16T00:11:31.955+0700] {logging_mixin.py:190} INFO - [2025-04-16T00:11:31.954+0700] {dagbag.py:588} INFO - Filling up the DagBag from /home/anhtupham99/NBA-analytics/py_env/lib/python3.11/site-packages/airflow/example_dags/example_branch_day_of_week_operator.py
[2025-04-16T00:11:31.965+0700] {processor.py:925} INFO - DAG(s) 'example_weekday_branch_operator' retrieved from /home/anhtupham99/NBA-analytics/py_env/lib/python3.11/site-packages/airflow/example_dags/example_branch_day_of_week_operator.py
[2025-04-16T00:11:31.980+0700] {logging_mixin.py:190} INFO - [2025-04-16T00:11:31.980+0700] {dag.py:3239} INFO - Sync 1 DAGs
[2025-04-16T00:11:31.999+0700] {logging_mixin.py:190} INFO - [2025-04-16T00:11:31.999+0700] {dag.py:4180} INFO - Setting next_dagrun for example_weekday_branch_operator to 2025-04-14 00:00:00+00:00, run_after=2025-04-15 00:00:00+00:00
[2025-04-16T00:11:32.030+0700] {processor.py:208} INFO - Processing /home/anhtupham99/NBA-analytics/py_env/lib/python3.11/site-packages/airflow/example_dags/example_branch_day_of_week_operator.py took 0.085 seconds
[2025-04-16T00:12:17.856+0700] {processor.py:186} INFO - Started process (PID=331165) to work on /home/anhtupham99/NBA-analytics/py_env/lib/python3.11/site-packages/airflow/example_dags/example_branch_day_of_week_operator.py
[2025-04-16T00:12:17.861+0700] {processor.py:914} INFO - Processing file /home/anhtupham99/NBA-analytics/py_env/lib/python3.11/site-packages/airflow/example_dags/example_branch_day_of_week_operator.py for tasks to queue
[2025-04-16T00:12:17.863+0700] {logging_mixin.py:190} INFO - [2025-04-16T00:12:17.863+0700] {dagbag.py:588} INFO - Filling up the DagBag from /home/anhtupham99/NBA-analytics/py_env/lib/python3.11/site-packages/airflow/example_dags/example_branch_day_of_week_operator.py
[2025-04-16T00:12:17.879+0700] {processor.py:925} INFO - DAG(s) 'example_weekday_branch_operator' retrieved from /home/anhtupham99/NBA-analytics/py_env/lib/python3.11/site-packages/airflow/example_dags/example_branch_day_of_week_operator.py
[2025-04-16T00:12:17.896+0700] {logging_mixin.py:190} INFO - [2025-04-16T00:12:17.896+0700] {dag.py:3239} INFO - Sync 1 DAGs
[2025-04-16T00:12:17.916+0700] {logging_mixin.py:190} INFO - [2025-04-16T00:12:17.916+0700] {dag.py:4180} INFO - Setting next_dagrun for example_weekday_branch_operator to 2025-04-14 00:00:00+00:00, run_after=2025-04-15 00:00:00+00:00
[2025-04-16T00:12:17.959+0700] {processor.py:208} INFO - Processing /home/anhtupham99/NBA-analytics/py_env/lib/python3.11/site-packages/airflow/example_dags/example_branch_day_of_week_operator.py took 0.114 seconds
[2025-04-16T00:13:04.081+0700] {processor.py:186} INFO - Started process (PID=332781) to work on /home/anhtupham99/NBA-analytics/py_env/lib/python3.11/site-packages/airflow/example_dags/example_branch_day_of_week_operator.py
[2025-04-16T00:13:04.082+0700] {processor.py:914} INFO - Processing file /home/anhtupham99/NBA-analytics/py_env/lib/python3.11/site-packages/airflow/example_dags/example_branch_day_of_week_operator.py for tasks to queue
[2025-04-16T00:13:04.084+0700] {logging_mixin.py:190} INFO - [2025-04-16T00:13:04.084+0700] {dagbag.py:588} INFO - Filling up the DagBag from /home/anhtupham99/NBA-analytics/py_env/lib/python3.11/site-packages/airflow/example_dags/example_branch_day_of_week_operator.py
[2025-04-16T00:13:04.095+0700] {processor.py:925} INFO - DAG(s) 'example_weekday_branch_operator' retrieved from /home/anhtupham99/NBA-analytics/py_env/lib/python3.11/site-packages/airflow/example_dags/example_branch_day_of_week_operator.py
[2025-04-16T00:13:04.110+0700] {logging_mixin.py:190} INFO - [2025-04-16T00:13:04.110+0700] {dag.py:3239} INFO - Sync 1 DAGs
[2025-04-16T00:13:04.129+0700] {logging_mixin.py:190} INFO - [2025-04-16T00:13:04.129+0700] {dag.py:4180} INFO - Setting next_dagrun for example_weekday_branch_operator to 2025-04-14 00:00:00+00:00, run_after=2025-04-15 00:00:00+00:00
[2025-04-16T00:13:04.155+0700] {processor.py:208} INFO - Processing /home/anhtupham99/NBA-analytics/py_env/lib/python3.11/site-packages/airflow/example_dags/example_branch_day_of_week_operator.py took 0.080 seconds
[2025-04-16T00:13:53.543+0700] {processor.py:186} INFO - Started process (PID=334857) to work on /home/anhtupham99/NBA-analytics/py_env/lib/python3.11/site-packages/airflow/example_dags/example_branch_day_of_week_operator.py
[2025-04-16T00:13:53.545+0700] {processor.py:914} INFO - Processing file /home/anhtupham99/NBA-analytics/py_env/lib/python3.11/site-packages/airflow/example_dags/example_branch_day_of_week_operator.py for tasks to queue
[2025-04-16T00:13:53.547+0700] {logging_mixin.py:190} INFO - [2025-04-16T00:13:53.547+0700] {dagbag.py:588} INFO - Filling up the DagBag from /home/anhtupham99/NBA-analytics/py_env/lib/python3.11/site-packages/airflow/example_dags/example_branch_day_of_week_operator.py
[2025-04-16T00:13:53.558+0700] {processor.py:925} INFO - DAG(s) 'example_weekday_branch_operator' retrieved from /home/anhtupham99/NBA-analytics/py_env/lib/python3.11/site-packages/airflow/example_dags/example_branch_day_of_week_operator.py
[2025-04-16T00:13:53.574+0700] {logging_mixin.py:190} INFO - [2025-04-16T00:13:53.574+0700] {dag.py:3239} INFO - Sync 1 DAGs
[2025-04-16T00:13:53.597+0700] {logging_mixin.py:190} INFO - [2025-04-16T00:13:53.597+0700] {dag.py:4180} INFO - Setting next_dagrun for example_weekday_branch_operator to 2025-04-14 00:00:00+00:00, run_after=2025-04-15 00:00:00+00:00
[2025-04-16T00:13:53.642+0700] {processor.py:208} INFO - Processing /home/anhtupham99/NBA-analytics/py_env/lib/python3.11/site-packages/airflow/example_dags/example_branch_day_of_week_operator.py took 0.104 seconds
[2025-04-16T00:14:43.997+0700] {processor.py:186} INFO - Started process (PID=336347) to work on /home/anhtupham99/NBA-analytics/py_env/lib/python3.11/site-packages/airflow/example_dags/example_branch_day_of_week_operator.py
[2025-04-16T00:14:43.998+0700] {processor.py:914} INFO - Processing file /home/anhtupham99/NBA-analytics/py_env/lib/python3.11/site-packages/airflow/example_dags/example_branch_day_of_week_operator.py for tasks to queue
[2025-04-16T00:14:43.999+0700] {logging_mixin.py:190} INFO - [2025-04-16T00:14:43.999+0700] {dagbag.py:588} INFO - Filling up the DagBag from /home/anhtupham99/NBA-analytics/py_env/lib/python3.11/site-packages/airflow/example_dags/example_branch_day_of_week_operator.py
[2025-04-16T00:14:44.006+0700] {processor.py:925} INFO - DAG(s) 'example_weekday_branch_operator' retrieved from /home/anhtupham99/NBA-analytics/py_env/lib/python3.11/site-packages/airflow/example_dags/example_branch_day_of_week_operator.py
[2025-04-16T00:14:44.017+0700] {logging_mixin.py:190} INFO - [2025-04-16T00:14:44.017+0700] {dag.py:3239} INFO - Sync 1 DAGs
[2025-04-16T00:14:44.031+0700] {logging_mixin.py:190} INFO - [2025-04-16T00:14:44.031+0700] {dag.py:4180} INFO - Setting next_dagrun for example_weekday_branch_operator to 2025-04-14 00:00:00+00:00, run_after=2025-04-15 00:00:00+00:00
[2025-04-16T00:14:44.054+0700] {processor.py:208} INFO - Processing /home/anhtupham99/NBA-analytics/py_env/lib/python3.11/site-packages/airflow/example_dags/example_branch_day_of_week_operator.py took 0.061 seconds
[2025-04-16T00:15:32.661+0700] {processor.py:186} INFO - Started process (PID=338779) to work on /home/anhtupham99/NBA-analytics/py_env/lib/python3.11/site-packages/airflow/example_dags/example_branch_day_of_week_operator.py
[2025-04-16T00:15:32.663+0700] {processor.py:914} INFO - Processing file /home/anhtupham99/NBA-analytics/py_env/lib/python3.11/site-packages/airflow/example_dags/example_branch_day_of_week_operator.py for tasks to queue
[2025-04-16T00:15:32.665+0700] {logging_mixin.py:190} INFO - [2025-04-16T00:15:32.665+0700] {dagbag.py:588} INFO - Filling up the DagBag from /home/anhtupham99/NBA-analytics/py_env/lib/python3.11/site-packages/airflow/example_dags/example_branch_day_of_week_operator.py
[2025-04-16T00:15:32.676+0700] {processor.py:925} INFO - DAG(s) 'example_weekday_branch_operator' retrieved from /home/anhtupham99/NBA-analytics/py_env/lib/python3.11/site-packages/airflow/example_dags/example_branch_day_of_week_operator.py
[2025-04-16T00:15:32.691+0700] {logging_mixin.py:190} INFO - [2025-04-16T00:15:32.691+0700] {dag.py:3239} INFO - Sync 1 DAGs
[2025-04-16T00:15:32.706+0700] {logging_mixin.py:190} INFO - [2025-04-16T00:15:32.706+0700] {dag.py:4180} INFO - Setting next_dagrun for example_weekday_branch_operator to 2025-04-14 00:00:00+00:00, run_after=2025-04-15 00:00:00+00:00
[2025-04-16T00:15:32.735+0700] {processor.py:208} INFO - Processing /home/anhtupham99/NBA-analytics/py_env/lib/python3.11/site-packages/airflow/example_dags/example_branch_day_of_week_operator.py took 0.081 seconds
[2025-04-16T00:16:23.318+0700] {processor.py:186} INFO - Started process (PID=341576) to work on /home/anhtupham99/NBA-analytics/py_env/lib/python3.11/site-packages/airflow/example_dags/example_branch_day_of_week_operator.py
[2025-04-16T00:16:23.319+0700] {processor.py:914} INFO - Processing file /home/anhtupham99/NBA-analytics/py_env/lib/python3.11/site-packages/airflow/example_dags/example_branch_day_of_week_operator.py for tasks to queue
[2025-04-16T00:16:23.321+0700] {logging_mixin.py:190} INFO - [2025-04-16T00:16:23.321+0700] {dagbag.py:588} INFO - Filling up the DagBag from /home/anhtupham99/NBA-analytics/py_env/lib/python3.11/site-packages/airflow/example_dags/example_branch_day_of_week_operator.py
[2025-04-16T00:16:23.332+0700] {processor.py:925} INFO - DAG(s) 'example_weekday_branch_operator' retrieved from /home/anhtupham99/NBA-analytics/py_env/lib/python3.11/site-packages/airflow/example_dags/example_branch_day_of_week_operator.py
[2025-04-16T00:16:23.345+0700] {logging_mixin.py:190} INFO - [2025-04-16T00:16:23.345+0700] {dag.py:3239} INFO - Sync 1 DAGs
[2025-04-16T00:16:23.361+0700] {logging_mixin.py:190} INFO - [2025-04-16T00:16:23.361+0700] {dag.py:4180} INFO - Setting next_dagrun for example_weekday_branch_operator to 2025-04-14 00:00:00+00:00, run_after=2025-04-15 00:00:00+00:00
[2025-04-16T00:16:23.386+0700] {processor.py:208} INFO - Processing /home/anhtupham99/NBA-analytics/py_env/lib/python3.11/site-packages/airflow/example_dags/example_branch_day_of_week_operator.py took 0.074 seconds
[2025-04-16T00:17:13.508+0700] {processor.py:186} INFO - Started process (PID=343574) to work on /home/anhtupham99/NBA-analytics/py_env/lib/python3.11/site-packages/airflow/example_dags/example_branch_day_of_week_operator.py
[2025-04-16T00:17:13.509+0700] {processor.py:914} INFO - Processing file /home/anhtupham99/NBA-analytics/py_env/lib/python3.11/site-packages/airflow/example_dags/example_branch_day_of_week_operator.py for tasks to queue
[2025-04-16T00:17:13.511+0700] {logging_mixin.py:190} INFO - [2025-04-16T00:17:13.510+0700] {dagbag.py:588} INFO - Filling up the DagBag from /home/anhtupham99/NBA-analytics/py_env/lib/python3.11/site-packages/airflow/example_dags/example_branch_day_of_week_operator.py
[2025-04-16T00:17:13.518+0700] {processor.py:925} INFO - DAG(s) 'example_weekday_branch_operator' retrieved from /home/anhtupham99/NBA-analytics/py_env/lib/python3.11/site-packages/airflow/example_dags/example_branch_day_of_week_operator.py
[2025-04-16T00:17:13.530+0700] {logging_mixin.py:190} INFO - [2025-04-16T00:17:13.530+0700] {dag.py:3239} INFO - Sync 1 DAGs
[2025-04-16T00:17:13.543+0700] {logging_mixin.py:190} INFO - [2025-04-16T00:17:13.543+0700] {dag.py:4180} INFO - Setting next_dagrun for example_weekday_branch_operator to 2025-04-14 00:00:00+00:00, run_after=2025-04-15 00:00:00+00:00
[2025-04-16T00:17:13.566+0700] {processor.py:208} INFO - Processing /home/anhtupham99/NBA-analytics/py_env/lib/python3.11/site-packages/airflow/example_dags/example_branch_day_of_week_operator.py took 0.062 seconds
[2025-04-16T00:18:02.371+0700] {processor.py:186} INFO - Started process (PID=345549) to work on /home/anhtupham99/NBA-analytics/py_env/lib/python3.11/site-packages/airflow/example_dags/example_branch_day_of_week_operator.py
[2025-04-16T00:18:02.376+0700] {processor.py:914} INFO - Processing file /home/anhtupham99/NBA-analytics/py_env/lib/python3.11/site-packages/airflow/example_dags/example_branch_day_of_week_operator.py for tasks to queue
[2025-04-16T00:18:02.378+0700] {logging_mixin.py:190} INFO - [2025-04-16T00:18:02.378+0700] {dagbag.py:588} INFO - Filling up the DagBag from /home/anhtupham99/NBA-analytics/py_env/lib/python3.11/site-packages/airflow/example_dags/example_branch_day_of_week_operator.py
[2025-04-16T00:18:02.385+0700] {processor.py:925} INFO - DAG(s) 'example_weekday_branch_operator' retrieved from /home/anhtupham99/NBA-analytics/py_env/lib/python3.11/site-packages/airflow/example_dags/example_branch_day_of_week_operator.py
[2025-04-16T00:18:02.396+0700] {logging_mixin.py:190} INFO - [2025-04-16T00:18:02.396+0700] {dag.py:3239} INFO - Sync 1 DAGs
[2025-04-16T00:18:02.410+0700] {logging_mixin.py:190} INFO - [2025-04-16T00:18:02.410+0700] {dag.py:4180} INFO - Setting next_dagrun for example_weekday_branch_operator to 2025-04-14 00:00:00+00:00, run_after=2025-04-15 00:00:00+00:00
[2025-04-16T00:18:02.433+0700] {processor.py:208} INFO - Processing /home/anhtupham99/NBA-analytics/py_env/lib/python3.11/site-packages/airflow/example_dags/example_branch_day_of_week_operator.py took 0.067 seconds
[2025-04-16T00:18:53.386+0700] {processor.py:186} INFO - Started process (PID=348292) to work on /home/anhtupham99/NBA-analytics/py_env/lib/python3.11/site-packages/airflow/example_dags/example_branch_day_of_week_operator.py
[2025-04-16T00:18:53.387+0700] {processor.py:914} INFO - Processing file /home/anhtupham99/NBA-analytics/py_env/lib/python3.11/site-packages/airflow/example_dags/example_branch_day_of_week_operator.py for tasks to queue
[2025-04-16T00:18:53.389+0700] {logging_mixin.py:190} INFO - [2025-04-16T00:18:53.389+0700] {dagbag.py:588} INFO - Filling up the DagBag from /home/anhtupham99/NBA-analytics/py_env/lib/python3.11/site-packages/airflow/example_dags/example_branch_day_of_week_operator.py
[2025-04-16T00:18:53.398+0700] {processor.py:925} INFO - DAG(s) 'example_weekday_branch_operator' retrieved from /home/anhtupham99/NBA-analytics/py_env/lib/python3.11/site-packages/airflow/example_dags/example_branch_day_of_week_operator.py
[2025-04-16T00:18:53.415+0700] {logging_mixin.py:190} INFO - [2025-04-16T00:18:53.414+0700] {dag.py:3239} INFO - Sync 1 DAGs
[2025-04-16T00:18:53.435+0700] {logging_mixin.py:190} INFO - [2025-04-16T00:18:53.434+0700] {dag.py:4180} INFO - Setting next_dagrun for example_weekday_branch_operator to 2025-04-14 00:00:00+00:00, run_after=2025-04-15 00:00:00+00:00
[2025-04-16T00:18:53.460+0700] {processor.py:208} INFO - Processing /home/anhtupham99/NBA-analytics/py_env/lib/python3.11/site-packages/airflow/example_dags/example_branch_day_of_week_operator.py took 0.078 seconds
[2025-04-16T00:19:43.779+0700] {processor.py:186} INFO - Started process (PID=350425) to work on /home/anhtupham99/NBA-analytics/py_env/lib/python3.11/site-packages/airflow/example_dags/example_branch_day_of_week_operator.py
[2025-04-16T00:19:43.781+0700] {processor.py:914} INFO - Processing file /home/anhtupham99/NBA-analytics/py_env/lib/python3.11/site-packages/airflow/example_dags/example_branch_day_of_week_operator.py for tasks to queue
[2025-04-16T00:19:43.783+0700] {logging_mixin.py:190} INFO - [2025-04-16T00:19:43.782+0700] {dagbag.py:588} INFO - Filling up the DagBag from /home/anhtupham99/NBA-analytics/py_env/lib/python3.11/site-packages/airflow/example_dags/example_branch_day_of_week_operator.py
[2025-04-16T00:19:43.798+0700] {processor.py:925} INFO - DAG(s) 'example_weekday_branch_operator' retrieved from /home/anhtupham99/NBA-analytics/py_env/lib/python3.11/site-packages/airflow/example_dags/example_branch_day_of_week_operator.py
[2025-04-16T00:19:43.819+0700] {logging_mixin.py:190} INFO - [2025-04-16T00:19:43.819+0700] {dag.py:3239} INFO - Sync 1 DAGs
[2025-04-16T00:19:43.843+0700] {logging_mixin.py:190} INFO - [2025-04-16T00:19:43.842+0700] {dag.py:4180} INFO - Setting next_dagrun for example_weekday_branch_operator to 2025-04-14 00:00:00+00:00, run_after=2025-04-15 00:00:00+00:00
[2025-04-16T00:19:43.875+0700] {processor.py:208} INFO - Processing /home/anhtupham99/NBA-analytics/py_env/lib/python3.11/site-packages/airflow/example_dags/example_branch_day_of_week_operator.py took 0.103 seconds
[2025-04-16T00:20:31.405+0700] {processor.py:186} INFO - Started process (PID=352365) to work on /home/anhtupham99/NBA-analytics/py_env/lib/python3.11/site-packages/airflow/example_dags/example_branch_day_of_week_operator.py
[2025-04-16T00:20:31.407+0700] {processor.py:914} INFO - Processing file /home/anhtupham99/NBA-analytics/py_env/lib/python3.11/site-packages/airflow/example_dags/example_branch_day_of_week_operator.py for tasks to queue
[2025-04-16T00:20:31.409+0700] {logging_mixin.py:190} INFO - [2025-04-16T00:20:31.408+0700] {dagbag.py:588} INFO - Filling up the DagBag from /home/anhtupham99/NBA-analytics/py_env/lib/python3.11/site-packages/airflow/example_dags/example_branch_day_of_week_operator.py
[2025-04-16T00:20:31.416+0700] {processor.py:925} INFO - DAG(s) 'example_weekday_branch_operator' retrieved from /home/anhtupham99/NBA-analytics/py_env/lib/python3.11/site-packages/airflow/example_dags/example_branch_day_of_week_operator.py
[2025-04-16T00:20:31.428+0700] {logging_mixin.py:190} INFO - [2025-04-16T00:20:31.428+0700] {dag.py:3239} INFO - Sync 1 DAGs
[2025-04-16T00:20:31.444+0700] {logging_mixin.py:190} INFO - [2025-04-16T00:20:31.444+0700] {dag.py:4180} INFO - Setting next_dagrun for example_weekday_branch_operator to 2025-04-14 00:00:00+00:00, run_after=2025-04-15 00:00:00+00:00
[2025-04-16T00:20:31.472+0700] {processor.py:208} INFO - Processing /home/anhtupham99/NBA-analytics/py_env/lib/python3.11/site-packages/airflow/example_dags/example_branch_day_of_week_operator.py took 0.071 seconds
[2025-04-16T00:21:21.370+0700] {processor.py:186} INFO - Started process (PID=354027) to work on /home/anhtupham99/NBA-analytics/py_env/lib/python3.11/site-packages/airflow/example_dags/example_branch_day_of_week_operator.py
[2025-04-16T00:21:21.372+0700] {processor.py:914} INFO - Processing file /home/anhtupham99/NBA-analytics/py_env/lib/python3.11/site-packages/airflow/example_dags/example_branch_day_of_week_operator.py for tasks to queue
[2025-04-16T00:21:21.374+0700] {logging_mixin.py:190} INFO - [2025-04-16T00:21:21.374+0700] {dagbag.py:588} INFO - Filling up the DagBag from /home/anhtupham99/NBA-analytics/py_env/lib/python3.11/site-packages/airflow/example_dags/example_branch_day_of_week_operator.py
[2025-04-16T00:21:21.384+0700] {processor.py:925} INFO - DAG(s) 'example_weekday_branch_operator' retrieved from /home/anhtupham99/NBA-analytics/py_env/lib/python3.11/site-packages/airflow/example_dags/example_branch_day_of_week_operator.py
[2025-04-16T00:21:21.399+0700] {logging_mixin.py:190} INFO - [2025-04-16T00:21:21.399+0700] {dag.py:3239} INFO - Sync 1 DAGs
[2025-04-16T00:21:21.418+0700] {logging_mixin.py:190} INFO - [2025-04-16T00:21:21.418+0700] {dag.py:4180} INFO - Setting next_dagrun for example_weekday_branch_operator to 2025-04-14 00:00:00+00:00, run_after=2025-04-15 00:00:00+00:00
[2025-04-16T00:21:21.446+0700] {processor.py:208} INFO - Processing /home/anhtupham99/NBA-analytics/py_env/lib/python3.11/site-packages/airflow/example_dags/example_branch_day_of_week_operator.py took 0.081 seconds
[2025-04-16T00:22:13.071+0700] {processor.py:186} INFO - Started process (PID=356466) to work on /home/anhtupham99/NBA-analytics/py_env/lib/python3.11/site-packages/airflow/example_dags/example_branch_day_of_week_operator.py
[2025-04-16T00:22:13.072+0700] {processor.py:914} INFO - Processing file /home/anhtupham99/NBA-analytics/py_env/lib/python3.11/site-packages/airflow/example_dags/example_branch_day_of_week_operator.py for tasks to queue
[2025-04-16T00:22:13.074+0700] {logging_mixin.py:190} INFO - [2025-04-16T00:22:13.074+0700] {dagbag.py:588} INFO - Filling up the DagBag from /home/anhtupham99/NBA-analytics/py_env/lib/python3.11/site-packages/airflow/example_dags/example_branch_day_of_week_operator.py
[2025-04-16T00:22:13.083+0700] {processor.py:925} INFO - DAG(s) 'example_weekday_branch_operator' retrieved from /home/anhtupham99/NBA-analytics/py_env/lib/python3.11/site-packages/airflow/example_dags/example_branch_day_of_week_operator.py
[2025-04-16T00:22:13.097+0700] {logging_mixin.py:190} INFO - [2025-04-16T00:22:13.096+0700] {dag.py:3239} INFO - Sync 1 DAGs
[2025-04-16T00:22:13.113+0700] {logging_mixin.py:190} INFO - [2025-04-16T00:22:13.113+0700] {dag.py:4180} INFO - Setting next_dagrun for example_weekday_branch_operator to 2025-04-14 00:00:00+00:00, run_after=2025-04-15 00:00:00+00:00
[2025-04-16T00:22:13.145+0700] {processor.py:208} INFO - Processing /home/anhtupham99/NBA-analytics/py_env/lib/python3.11/site-packages/airflow/example_dags/example_branch_day_of_week_operator.py took 0.079 seconds
[2025-04-16T00:23:04.667+0700] {processor.py:186} INFO - Started process (PID=357517) to work on /home/anhtupham99/NBA-analytics/py_env/lib/python3.11/site-packages/airflow/example_dags/example_branch_day_of_week_operator.py
[2025-04-16T00:23:04.668+0700] {processor.py:914} INFO - Processing file /home/anhtupham99/NBA-analytics/py_env/lib/python3.11/site-packages/airflow/example_dags/example_branch_day_of_week_operator.py for tasks to queue
[2025-04-16T00:23:04.670+0700] {logging_mixin.py:190} INFO - [2025-04-16T00:23:04.669+0700] {dagbag.py:588} INFO - Filling up the DagBag from /home/anhtupham99/NBA-analytics/py_env/lib/python3.11/site-packages/airflow/example_dags/example_branch_day_of_week_operator.py
[2025-04-16T00:23:04.677+0700] {processor.py:925} INFO - DAG(s) 'example_weekday_branch_operator' retrieved from /home/anhtupham99/NBA-analytics/py_env/lib/python3.11/site-packages/airflow/example_dags/example_branch_day_of_week_operator.py
[2025-04-16T00:23:04.689+0700] {logging_mixin.py:190} INFO - [2025-04-16T00:23:04.689+0700] {dag.py:3239} INFO - Sync 1 DAGs
[2025-04-16T00:23:04.704+0700] {logging_mixin.py:190} INFO - [2025-04-16T00:23:04.704+0700] {dag.py:4180} INFO - Setting next_dagrun for example_weekday_branch_operator to 2025-04-14 00:00:00+00:00, run_after=2025-04-15 00:00:00+00:00
[2025-04-16T00:23:04.728+0700] {processor.py:208} INFO - Processing /home/anhtupham99/NBA-analytics/py_env/lib/python3.11/site-packages/airflow/example_dags/example_branch_day_of_week_operator.py took 0.065 seconds
[2025-04-16T00:23:48.872+0700] {processor.py:186} INFO - Started process (PID=358870) to work on /home/anhtupham99/NBA-analytics/py_env/lib/python3.11/site-packages/airflow/example_dags/example_branch_day_of_week_operator.py
[2025-04-16T00:23:48.873+0700] {processor.py:914} INFO - Processing file /home/anhtupham99/NBA-analytics/py_env/lib/python3.11/site-packages/airflow/example_dags/example_branch_day_of_week_operator.py for tasks to queue
[2025-04-16T00:23:48.875+0700] {logging_mixin.py:190} INFO - [2025-04-16T00:23:48.874+0700] {dagbag.py:588} INFO - Filling up the DagBag from /home/anhtupham99/NBA-analytics/py_env/lib/python3.11/site-packages/airflow/example_dags/example_branch_day_of_week_operator.py
[2025-04-16T00:23:48.883+0700] {processor.py:925} INFO - DAG(s) 'example_weekday_branch_operator' retrieved from /home/anhtupham99/NBA-analytics/py_env/lib/python3.11/site-packages/airflow/example_dags/example_branch_day_of_week_operator.py
[2025-04-16T00:23:48.897+0700] {logging_mixin.py:190} INFO - [2025-04-16T00:23:48.896+0700] {dag.py:3239} INFO - Sync 1 DAGs
[2025-04-16T00:23:48.914+0700] {logging_mixin.py:190} INFO - [2025-04-16T00:23:48.914+0700] {dag.py:4180} INFO - Setting next_dagrun for example_weekday_branch_operator to 2025-04-14 00:00:00+00:00, run_after=2025-04-15 00:00:00+00:00
[2025-04-16T00:23:48.945+0700] {processor.py:208} INFO - Processing /home/anhtupham99/NBA-analytics/py_env/lib/python3.11/site-packages/airflow/example_dags/example_branch_day_of_week_operator.py took 0.078 seconds
[2025-04-16T00:24:38.601+0700] {processor.py:186} INFO - Started process (PID=360965) to work on /home/anhtupham99/NBA-analytics/py_env/lib/python3.11/site-packages/airflow/example_dags/example_branch_day_of_week_operator.py
[2025-04-16T00:24:38.602+0700] {processor.py:914} INFO - Processing file /home/anhtupham99/NBA-analytics/py_env/lib/python3.11/site-packages/airflow/example_dags/example_branch_day_of_week_operator.py for tasks to queue
[2025-04-16T00:24:38.604+0700] {logging_mixin.py:190} INFO - [2025-04-16T00:24:38.604+0700] {dagbag.py:588} INFO - Filling up the DagBag from /home/anhtupham99/NBA-analytics/py_env/lib/python3.11/site-packages/airflow/example_dags/example_branch_day_of_week_operator.py
[2025-04-16T00:24:38.613+0700] {processor.py:925} INFO - DAG(s) 'example_weekday_branch_operator' retrieved from /home/anhtupham99/NBA-analytics/py_env/lib/python3.11/site-packages/airflow/example_dags/example_branch_day_of_week_operator.py
[2025-04-16T00:24:38.627+0700] {logging_mixin.py:190} INFO - [2025-04-16T00:24:38.627+0700] {dag.py:3239} INFO - Sync 1 DAGs
[2025-04-16T00:24:38.644+0700] {logging_mixin.py:190} INFO - [2025-04-16T00:24:38.644+0700] {dag.py:4180} INFO - Setting next_dagrun for example_weekday_branch_operator to 2025-04-14 00:00:00+00:00, run_after=2025-04-15 00:00:00+00:00
[2025-04-16T00:24:38.682+0700] {processor.py:208} INFO - Processing /home/anhtupham99/NBA-analytics/py_env/lib/python3.11/site-packages/airflow/example_dags/example_branch_day_of_week_operator.py took 0.087 seconds
[2025-04-16T00:25:28.638+0700] {processor.py:186} INFO - Started process (PID=363338) to work on /home/anhtupham99/NBA-analytics/py_env/lib/python3.11/site-packages/airflow/example_dags/example_branch_day_of_week_operator.py
[2025-04-16T00:25:28.640+0700] {processor.py:914} INFO - Processing file /home/anhtupham99/NBA-analytics/py_env/lib/python3.11/site-packages/airflow/example_dags/example_branch_day_of_week_operator.py for tasks to queue
[2025-04-16T00:25:28.642+0700] {logging_mixin.py:190} INFO - [2025-04-16T00:25:28.642+0700] {dagbag.py:588} INFO - Filling up the DagBag from /home/anhtupham99/NBA-analytics/py_env/lib/python3.11/site-packages/airflow/example_dags/example_branch_day_of_week_operator.py
[2025-04-16T00:25:28.652+0700] {processor.py:925} INFO - DAG(s) 'example_weekday_branch_operator' retrieved from /home/anhtupham99/NBA-analytics/py_env/lib/python3.11/site-packages/airflow/example_dags/example_branch_day_of_week_operator.py
[2025-04-16T00:25:28.666+0700] {logging_mixin.py:190} INFO - [2025-04-16T00:25:28.665+0700] {dag.py:3239} INFO - Sync 1 DAGs
[2025-04-16T00:25:28.682+0700] {logging_mixin.py:190} INFO - [2025-04-16T00:25:28.681+0700] {dag.py:4180} INFO - Setting next_dagrun for example_weekday_branch_operator to 2025-04-14 00:00:00+00:00, run_after=2025-04-15 00:00:00+00:00
[2025-04-16T00:25:28.710+0700] {processor.py:208} INFO - Processing /home/anhtupham99/NBA-analytics/py_env/lib/python3.11/site-packages/airflow/example_dags/example_branch_day_of_week_operator.py took 0.077 seconds
[2025-04-16T00:26:15.433+0700] {processor.py:186} INFO - Started process (PID=364475) to work on /home/anhtupham99/NBA-analytics/py_env/lib/python3.11/site-packages/airflow/example_dags/example_branch_day_of_week_operator.py
[2025-04-16T00:26:15.434+0700] {processor.py:914} INFO - Processing file /home/anhtupham99/NBA-analytics/py_env/lib/python3.11/site-packages/airflow/example_dags/example_branch_day_of_week_operator.py for tasks to queue
[2025-04-16T00:26:15.436+0700] {logging_mixin.py:190} INFO - [2025-04-16T00:26:15.435+0700] {dagbag.py:588} INFO - Filling up the DagBag from /home/anhtupham99/NBA-analytics/py_env/lib/python3.11/site-packages/airflow/example_dags/example_branch_day_of_week_operator.py
[2025-04-16T00:26:15.443+0700] {processor.py:925} INFO - DAG(s) 'example_weekday_branch_operator' retrieved from /home/anhtupham99/NBA-analytics/py_env/lib/python3.11/site-packages/airflow/example_dags/example_branch_day_of_week_operator.py
[2025-04-16T00:26:15.456+0700] {logging_mixin.py:190} INFO - [2025-04-16T00:26:15.456+0700] {dag.py:3239} INFO - Sync 1 DAGs
[2025-04-16T00:26:15.471+0700] {logging_mixin.py:190} INFO - [2025-04-16T00:26:15.471+0700] {dag.py:4180} INFO - Setting next_dagrun for example_weekday_branch_operator to 2025-04-14 00:00:00+00:00, run_after=2025-04-15 00:00:00+00:00
[2025-04-16T00:26:15.495+0700] {processor.py:208} INFO - Processing /home/anhtupham99/NBA-analytics/py_env/lib/python3.11/site-packages/airflow/example_dags/example_branch_day_of_week_operator.py took 0.066 seconds
[2025-04-16T00:27:04.997+0700] {processor.py:186} INFO - Started process (PID=365625) to work on /home/anhtupham99/NBA-analytics/py_env/lib/python3.11/site-packages/airflow/example_dags/example_branch_day_of_week_operator.py
[2025-04-16T00:27:04.998+0700] {processor.py:914} INFO - Processing file /home/anhtupham99/NBA-analytics/py_env/lib/python3.11/site-packages/airflow/example_dags/example_branch_day_of_week_operator.py for tasks to queue
[2025-04-16T00:27:05.000+0700] {logging_mixin.py:190} INFO - [2025-04-16T00:27:04.999+0700] {dagbag.py:588} INFO - Filling up the DagBag from /home/anhtupham99/NBA-analytics/py_env/lib/python3.11/site-packages/airflow/example_dags/example_branch_day_of_week_operator.py
[2025-04-16T00:27:05.007+0700] {processor.py:925} INFO - DAG(s) 'example_weekday_branch_operator' retrieved from /home/anhtupham99/NBA-analytics/py_env/lib/python3.11/site-packages/airflow/example_dags/example_branch_day_of_week_operator.py
[2025-04-16T00:27:05.019+0700] {logging_mixin.py:190} INFO - [2025-04-16T00:27:05.019+0700] {dag.py:3239} INFO - Sync 1 DAGs
[2025-04-16T00:27:05.034+0700] {logging_mixin.py:190} INFO - [2025-04-16T00:27:05.034+0700] {dag.py:4180} INFO - Setting next_dagrun for example_weekday_branch_operator to 2025-04-14 00:00:00+00:00, run_after=2025-04-15 00:00:00+00:00
[2025-04-16T00:27:05.057+0700] {processor.py:208} INFO - Processing /home/anhtupham99/NBA-analytics/py_env/lib/python3.11/site-packages/airflow/example_dags/example_branch_day_of_week_operator.py took 0.065 seconds
[2025-04-16T00:27:51.382+0700] {processor.py:186} INFO - Started process (PID=366765) to work on /home/anhtupham99/NBA-analytics/py_env/lib/python3.11/site-packages/airflow/example_dags/example_branch_day_of_week_operator.py
[2025-04-16T00:27:51.384+0700] {processor.py:914} INFO - Processing file /home/anhtupham99/NBA-analytics/py_env/lib/python3.11/site-packages/airflow/example_dags/example_branch_day_of_week_operator.py for tasks to queue
[2025-04-16T00:27:51.386+0700] {logging_mixin.py:190} INFO - [2025-04-16T00:27:51.386+0700] {dagbag.py:588} INFO - Filling up the DagBag from /home/anhtupham99/NBA-analytics/py_env/lib/python3.11/site-packages/airflow/example_dags/example_branch_day_of_week_operator.py
[2025-04-16T00:27:51.398+0700] {processor.py:925} INFO - DAG(s) 'example_weekday_branch_operator' retrieved from /home/anhtupham99/NBA-analytics/py_env/lib/python3.11/site-packages/airflow/example_dags/example_branch_day_of_week_operator.py
[2025-04-16T00:27:51.416+0700] {logging_mixin.py:190} INFO - [2025-04-16T00:27:51.416+0700] {dag.py:3239} INFO - Sync 1 DAGs
[2025-04-16T00:27:51.433+0700] {logging_mixin.py:190} INFO - [2025-04-16T00:27:51.433+0700] {dag.py:4180} INFO - Setting next_dagrun for example_weekday_branch_operator to 2025-04-14 00:00:00+00:00, run_after=2025-04-15 00:00:00+00:00
[2025-04-16T00:27:51.456+0700] {processor.py:208} INFO - Processing /home/anhtupham99/NBA-analytics/py_env/lib/python3.11/site-packages/airflow/example_dags/example_branch_day_of_week_operator.py took 0.080 seconds
[2025-04-16T00:28:40.304+0700] {processor.py:186} INFO - Started process (PID=368042) to work on /home/anhtupham99/NBA-analytics/py_env/lib/python3.11/site-packages/airflow/example_dags/example_branch_day_of_week_operator.py
[2025-04-16T00:28:40.306+0700] {processor.py:914} INFO - Processing file /home/anhtupham99/NBA-analytics/py_env/lib/python3.11/site-packages/airflow/example_dags/example_branch_day_of_week_operator.py for tasks to queue
[2025-04-16T00:28:40.308+0700] {logging_mixin.py:190} INFO - [2025-04-16T00:28:40.308+0700] {dagbag.py:588} INFO - Filling up the DagBag from /home/anhtupham99/NBA-analytics/py_env/lib/python3.11/site-packages/airflow/example_dags/example_branch_day_of_week_operator.py
[2025-04-16T00:28:40.320+0700] {processor.py:925} INFO - DAG(s) 'example_weekday_branch_operator' retrieved from /home/anhtupham99/NBA-analytics/py_env/lib/python3.11/site-packages/airflow/example_dags/example_branch_day_of_week_operator.py
[2025-04-16T00:28:40.337+0700] {logging_mixin.py:190} INFO - [2025-04-16T00:28:40.337+0700] {dag.py:3239} INFO - Sync 1 DAGs
[2025-04-16T00:28:40.359+0700] {logging_mixin.py:190} INFO - [2025-04-16T00:28:40.359+0700] {dag.py:4180} INFO - Setting next_dagrun for example_weekday_branch_operator to 2025-04-14 00:00:00+00:00, run_after=2025-04-15 00:00:00+00:00
[2025-04-16T00:28:40.385+0700] {processor.py:208} INFO - Processing /home/anhtupham99/NBA-analytics/py_env/lib/python3.11/site-packages/airflow/example_dags/example_branch_day_of_week_operator.py took 0.087 seconds
[2025-04-16T00:29:27.095+0700] {processor.py:186} INFO - Started process (PID=369136) to work on /home/anhtupham99/NBA-analytics/py_env/lib/python3.11/site-packages/airflow/example_dags/example_branch_day_of_week_operator.py
[2025-04-16T00:29:27.096+0700] {processor.py:914} INFO - Processing file /home/anhtupham99/NBA-analytics/py_env/lib/python3.11/site-packages/airflow/example_dags/example_branch_day_of_week_operator.py for tasks to queue
[2025-04-16T00:29:27.098+0700] {logging_mixin.py:190} INFO - [2025-04-16T00:29:27.098+0700] {dagbag.py:588} INFO - Filling up the DagBag from /home/anhtupham99/NBA-analytics/py_env/lib/python3.11/site-packages/airflow/example_dags/example_branch_day_of_week_operator.py
[2025-04-16T00:29:27.107+0700] {processor.py:925} INFO - DAG(s) 'example_weekday_branch_operator' retrieved from /home/anhtupham99/NBA-analytics/py_env/lib/python3.11/site-packages/airflow/example_dags/example_branch_day_of_week_operator.py
[2025-04-16T00:29:27.119+0700] {logging_mixin.py:190} INFO - [2025-04-16T00:29:27.119+0700] {dag.py:3239} INFO - Sync 1 DAGs
[2025-04-16T00:29:27.134+0700] {logging_mixin.py:190} INFO - [2025-04-16T00:29:27.134+0700] {dag.py:4180} INFO - Setting next_dagrun for example_weekday_branch_operator to 2025-04-14 00:00:00+00:00, run_after=2025-04-15 00:00:00+00:00
[2025-04-16T00:29:27.157+0700] {processor.py:208} INFO - Processing /home/anhtupham99/NBA-analytics/py_env/lib/python3.11/site-packages/airflow/example_dags/example_branch_day_of_week_operator.py took 0.066 seconds
[2025-04-16T00:30:16.239+0700] {processor.py:186} INFO - Started process (PID=370255) to work on /home/anhtupham99/NBA-analytics/py_env/lib/python3.11/site-packages/airflow/example_dags/example_branch_day_of_week_operator.py
[2025-04-16T00:30:16.240+0700] {processor.py:914} INFO - Processing file /home/anhtupham99/NBA-analytics/py_env/lib/python3.11/site-packages/airflow/example_dags/example_branch_day_of_week_operator.py for tasks to queue
[2025-04-16T00:30:16.242+0700] {logging_mixin.py:190} INFO - [2025-04-16T00:30:16.241+0700] {dagbag.py:588} INFO - Filling up the DagBag from /home/anhtupham99/NBA-analytics/py_env/lib/python3.11/site-packages/airflow/example_dags/example_branch_day_of_week_operator.py
[2025-04-16T00:30:16.249+0700] {processor.py:925} INFO - DAG(s) 'example_weekday_branch_operator' retrieved from /home/anhtupham99/NBA-analytics/py_env/lib/python3.11/site-packages/airflow/example_dags/example_branch_day_of_week_operator.py
[2025-04-16T00:30:16.260+0700] {logging_mixin.py:190} INFO - [2025-04-16T00:30:16.260+0700] {dag.py:3239} INFO - Sync 1 DAGs
[2025-04-16T00:30:16.274+0700] {logging_mixin.py:190} INFO - [2025-04-16T00:30:16.274+0700] {dag.py:4180} INFO - Setting next_dagrun for example_weekday_branch_operator to 2025-04-14 00:00:00+00:00, run_after=2025-04-15 00:00:00+00:00
[2025-04-16T00:30:16.301+0700] {processor.py:208} INFO - Processing /home/anhtupham99/NBA-analytics/py_env/lib/python3.11/site-packages/airflow/example_dags/example_branch_day_of_week_operator.py took 0.066 seconds
[2025-04-16T00:31:04.363+0700] {processor.py:186} INFO - Started process (PID=371657) to work on /home/anhtupham99/NBA-analytics/py_env/lib/python3.11/site-packages/airflow/example_dags/example_branch_day_of_week_operator.py
[2025-04-16T00:31:04.364+0700] {processor.py:914} INFO - Processing file /home/anhtupham99/NBA-analytics/py_env/lib/python3.11/site-packages/airflow/example_dags/example_branch_day_of_week_operator.py for tasks to queue
[2025-04-16T00:31:04.367+0700] {logging_mixin.py:190} INFO - [2025-04-16T00:31:04.366+0700] {dagbag.py:588} INFO - Filling up the DagBag from /home/anhtupham99/NBA-analytics/py_env/lib/python3.11/site-packages/airflow/example_dags/example_branch_day_of_week_operator.py
[2025-04-16T00:31:04.376+0700] {processor.py:925} INFO - DAG(s) 'example_weekday_branch_operator' retrieved from /home/anhtupham99/NBA-analytics/py_env/lib/python3.11/site-packages/airflow/example_dags/example_branch_day_of_week_operator.py
[2025-04-16T00:31:04.391+0700] {logging_mixin.py:190} INFO - [2025-04-16T00:31:04.390+0700] {dag.py:3239} INFO - Sync 1 DAGs
[2025-04-16T00:31:04.409+0700] {logging_mixin.py:190} INFO - [2025-04-16T00:31:04.409+0700] {dag.py:4180} INFO - Setting next_dagrun for example_weekday_branch_operator to 2025-04-14 00:00:00+00:00, run_after=2025-04-15 00:00:00+00:00
[2025-04-16T00:31:04.434+0700] {processor.py:208} INFO - Processing /home/anhtupham99/NBA-analytics/py_env/lib/python3.11/site-packages/airflow/example_dags/example_branch_day_of_week_operator.py took 0.077 seconds
[2025-04-16T00:31:48.703+0700] {processor.py:186} INFO - Started process (PID=372756) to work on /home/anhtupham99/NBA-analytics/py_env/lib/python3.11/site-packages/airflow/example_dags/example_branch_day_of_week_operator.py
[2025-04-16T00:31:48.704+0700] {processor.py:914} INFO - Processing file /home/anhtupham99/NBA-analytics/py_env/lib/python3.11/site-packages/airflow/example_dags/example_branch_day_of_week_operator.py for tasks to queue
[2025-04-16T00:31:48.706+0700] {logging_mixin.py:190} INFO - [2025-04-16T00:31:48.705+0700] {dagbag.py:588} INFO - Filling up the DagBag from /home/anhtupham99/NBA-analytics/py_env/lib/python3.11/site-packages/airflow/example_dags/example_branch_day_of_week_operator.py
[2025-04-16T00:31:48.714+0700] {processor.py:925} INFO - DAG(s) 'example_weekday_branch_operator' retrieved from /home/anhtupham99/NBA-analytics/py_env/lib/python3.11/site-packages/airflow/example_dags/example_branch_day_of_week_operator.py
[2025-04-16T00:31:48.726+0700] {logging_mixin.py:190} INFO - [2025-04-16T00:31:48.726+0700] {dag.py:3239} INFO - Sync 1 DAGs
[2025-04-16T00:31:48.741+0700] {logging_mixin.py:190} INFO - [2025-04-16T00:31:48.741+0700] {dag.py:4180} INFO - Setting next_dagrun for example_weekday_branch_operator to 2025-04-14 00:00:00+00:00, run_after=2025-04-15 00:00:00+00:00
[2025-04-16T00:31:48.763+0700] {processor.py:208} INFO - Processing /home/anhtupham99/NBA-analytics/py_env/lib/python3.11/site-packages/airflow/example_dags/example_branch_day_of_week_operator.py took 0.065 seconds
[2025-04-16T00:32:33.705+0700] {processor.py:186} INFO - Started process (PID=373858) to work on /home/anhtupham99/NBA-analytics/py_env/lib/python3.11/site-packages/airflow/example_dags/example_branch_day_of_week_operator.py
[2025-04-16T00:32:33.706+0700] {processor.py:914} INFO - Processing file /home/anhtupham99/NBA-analytics/py_env/lib/python3.11/site-packages/airflow/example_dags/example_branch_day_of_week_operator.py for tasks to queue
[2025-04-16T00:32:33.708+0700] {logging_mixin.py:190} INFO - [2025-04-16T00:32:33.708+0700] {dagbag.py:588} INFO - Filling up the DagBag from /home/anhtupham99/NBA-analytics/py_env/lib/python3.11/site-packages/airflow/example_dags/example_branch_day_of_week_operator.py
[2025-04-16T00:32:33.715+0700] {processor.py:925} INFO - DAG(s) 'example_weekday_branch_operator' retrieved from /home/anhtupham99/NBA-analytics/py_env/lib/python3.11/site-packages/airflow/example_dags/example_branch_day_of_week_operator.py
[2025-04-16T00:32:33.726+0700] {logging_mixin.py:190} INFO - [2025-04-16T00:32:33.726+0700] {dag.py:3239} INFO - Sync 1 DAGs
[2025-04-16T00:32:33.744+0700] {logging_mixin.py:190} INFO - [2025-04-16T00:32:33.743+0700] {dag.py:4180} INFO - Setting next_dagrun for example_weekday_branch_operator to 2025-04-14 00:00:00+00:00, run_after=2025-04-15 00:00:00+00:00
[2025-04-16T00:32:33.766+0700] {processor.py:208} INFO - Processing /home/anhtupham99/NBA-analytics/py_env/lib/python3.11/site-packages/airflow/example_dags/example_branch_day_of_week_operator.py took 0.065 seconds
[2025-04-16T00:33:20.741+0700] {processor.py:186} INFO - Started process (PID=375039) to work on /home/anhtupham99/NBA-analytics/py_env/lib/python3.11/site-packages/airflow/example_dags/example_branch_day_of_week_operator.py
[2025-04-16T00:33:20.743+0700] {processor.py:914} INFO - Processing file /home/anhtupham99/NBA-analytics/py_env/lib/python3.11/site-packages/airflow/example_dags/example_branch_day_of_week_operator.py for tasks to queue
[2025-04-16T00:33:20.744+0700] {logging_mixin.py:190} INFO - [2025-04-16T00:33:20.744+0700] {dagbag.py:588} INFO - Filling up the DagBag from /home/anhtupham99/NBA-analytics/py_env/lib/python3.11/site-packages/airflow/example_dags/example_branch_day_of_week_operator.py
[2025-04-16T00:33:20.752+0700] {processor.py:925} INFO - DAG(s) 'example_weekday_branch_operator' retrieved from /home/anhtupham99/NBA-analytics/py_env/lib/python3.11/site-packages/airflow/example_dags/example_branch_day_of_week_operator.py
[2025-04-16T00:33:20.766+0700] {logging_mixin.py:190} INFO - [2025-04-16T00:33:20.766+0700] {dag.py:3239} INFO - Sync 1 DAGs
[2025-04-16T00:33:20.782+0700] {logging_mixin.py:190} INFO - [2025-04-16T00:33:20.782+0700] {dag.py:4180} INFO - Setting next_dagrun for example_weekday_branch_operator to 2025-04-14 00:00:00+00:00, run_after=2025-04-15 00:00:00+00:00
[2025-04-16T00:33:20.810+0700] {processor.py:208} INFO - Processing /home/anhtupham99/NBA-analytics/py_env/lib/python3.11/site-packages/airflow/example_dags/example_branch_day_of_week_operator.py took 0.073 seconds
[2025-04-16T00:34:07.914+0700] {processor.py:186} INFO - Started process (PID=376054) to work on /home/anhtupham99/NBA-analytics/py_env/lib/python3.11/site-packages/airflow/example_dags/example_branch_day_of_week_operator.py
[2025-04-16T00:34:07.916+0700] {processor.py:914} INFO - Processing file /home/anhtupham99/NBA-analytics/py_env/lib/python3.11/site-packages/airflow/example_dags/example_branch_day_of_week_operator.py for tasks to queue
[2025-04-16T00:34:07.917+0700] {logging_mixin.py:190} INFO - [2025-04-16T00:34:07.917+0700] {dagbag.py:588} INFO - Filling up the DagBag from /home/anhtupham99/NBA-analytics/py_env/lib/python3.11/site-packages/airflow/example_dags/example_branch_day_of_week_operator.py
[2025-04-16T00:34:07.924+0700] {processor.py:925} INFO - DAG(s) 'example_weekday_branch_operator' retrieved from /home/anhtupham99/NBA-analytics/py_env/lib/python3.11/site-packages/airflow/example_dags/example_branch_day_of_week_operator.py
[2025-04-16T00:34:07.935+0700] {logging_mixin.py:190} INFO - [2025-04-16T00:34:07.935+0700] {dag.py:3239} INFO - Sync 1 DAGs
[2025-04-16T00:34:07.951+0700] {logging_mixin.py:190} INFO - [2025-04-16T00:34:07.950+0700] {dag.py:4180} INFO - Setting next_dagrun for example_weekday_branch_operator to 2025-04-14 00:00:00+00:00, run_after=2025-04-15 00:00:00+00:00
[2025-04-16T00:34:07.973+0700] {processor.py:208} INFO - Processing /home/anhtupham99/NBA-analytics/py_env/lib/python3.11/site-packages/airflow/example_dags/example_branch_day_of_week_operator.py took 0.063 seconds
[2025-04-16T00:34:57.235+0700] {processor.py:186} INFO - Started process (PID=377274) to work on /home/anhtupham99/NBA-analytics/py_env/lib/python3.11/site-packages/airflow/example_dags/example_branch_day_of_week_operator.py
[2025-04-16T00:34:57.237+0700] {processor.py:914} INFO - Processing file /home/anhtupham99/NBA-analytics/py_env/lib/python3.11/site-packages/airflow/example_dags/example_branch_day_of_week_operator.py for tasks to queue
[2025-04-16T00:34:57.239+0700] {logging_mixin.py:190} INFO - [2025-04-16T00:34:57.238+0700] {dagbag.py:588} INFO - Filling up the DagBag from /home/anhtupham99/NBA-analytics/py_env/lib/python3.11/site-packages/airflow/example_dags/example_branch_day_of_week_operator.py
[2025-04-16T00:34:57.248+0700] {processor.py:925} INFO - DAG(s) 'example_weekday_branch_operator' retrieved from /home/anhtupham99/NBA-analytics/py_env/lib/python3.11/site-packages/airflow/example_dags/example_branch_day_of_week_operator.py
[2025-04-16T00:34:57.261+0700] {logging_mixin.py:190} INFO - [2025-04-16T00:34:57.260+0700] {dag.py:3239} INFO - Sync 1 DAGs
[2025-04-16T00:34:57.277+0700] {logging_mixin.py:190} INFO - [2025-04-16T00:34:57.277+0700] {dag.py:4180} INFO - Setting next_dagrun for example_weekday_branch_operator to 2025-04-14 00:00:00+00:00, run_after=2025-04-15 00:00:00+00:00
[2025-04-16T00:34:57.302+0700] {processor.py:208} INFO - Processing /home/anhtupham99/NBA-analytics/py_env/lib/python3.11/site-packages/airflow/example_dags/example_branch_day_of_week_operator.py took 0.071 seconds
[2025-04-16T00:35:43.228+0700] {processor.py:186} INFO - Started process (PID=378435) to work on /home/anhtupham99/NBA-analytics/py_env/lib/python3.11/site-packages/airflow/example_dags/example_branch_day_of_week_operator.py
[2025-04-16T00:35:43.231+0700] {processor.py:914} INFO - Processing file /home/anhtupham99/NBA-analytics/py_env/lib/python3.11/site-packages/airflow/example_dags/example_branch_day_of_week_operator.py for tasks to queue
[2025-04-16T00:35:43.232+0700] {logging_mixin.py:190} INFO - [2025-04-16T00:35:43.232+0700] {dagbag.py:588} INFO - Filling up the DagBag from /home/anhtupham99/NBA-analytics/py_env/lib/python3.11/site-packages/airflow/example_dags/example_branch_day_of_week_operator.py
[2025-04-16T00:35:43.239+0700] {processor.py:925} INFO - DAG(s) 'example_weekday_branch_operator' retrieved from /home/anhtupham99/NBA-analytics/py_env/lib/python3.11/site-packages/airflow/example_dags/example_branch_day_of_week_operator.py
[2025-04-16T00:35:43.251+0700] {logging_mixin.py:190} INFO - [2025-04-16T00:35:43.251+0700] {dag.py:3239} INFO - Sync 1 DAGs
[2025-04-16T00:35:43.265+0700] {logging_mixin.py:190} INFO - [2025-04-16T00:35:43.264+0700] {dag.py:4180} INFO - Setting next_dagrun for example_weekday_branch_operator to 2025-04-14 00:00:00+00:00, run_after=2025-04-15 00:00:00+00:00
[2025-04-16T00:35:43.287+0700] {processor.py:208} INFO - Processing /home/anhtupham99/NBA-analytics/py_env/lib/python3.11/site-packages/airflow/example_dags/example_branch_day_of_week_operator.py took 0.064 seconds
[2025-04-16T00:36:32.913+0700] {processor.py:186} INFO - Started process (PID=379672) to work on /home/anhtupham99/NBA-analytics/py_env/lib/python3.11/site-packages/airflow/example_dags/example_branch_day_of_week_operator.py
[2025-04-16T00:36:32.914+0700] {processor.py:914} INFO - Processing file /home/anhtupham99/NBA-analytics/py_env/lib/python3.11/site-packages/airflow/example_dags/example_branch_day_of_week_operator.py for tasks to queue
[2025-04-16T00:36:32.916+0700] {logging_mixin.py:190} INFO - [2025-04-16T00:36:32.915+0700] {dagbag.py:588} INFO - Filling up the DagBag from /home/anhtupham99/NBA-analytics/py_env/lib/python3.11/site-packages/airflow/example_dags/example_branch_day_of_week_operator.py
[2025-04-16T00:36:32.925+0700] {processor.py:925} INFO - DAG(s) 'example_weekday_branch_operator' retrieved from /home/anhtupham99/NBA-analytics/py_env/lib/python3.11/site-packages/airflow/example_dags/example_branch_day_of_week_operator.py
[2025-04-16T00:36:32.938+0700] {logging_mixin.py:190} INFO - [2025-04-16T00:36:32.937+0700] {dag.py:3239} INFO - Sync 1 DAGs
[2025-04-16T00:36:32.953+0700] {logging_mixin.py:190} INFO - [2025-04-16T00:36:32.953+0700] {dag.py:4180} INFO - Setting next_dagrun for example_weekday_branch_operator to 2025-04-14 00:00:00+00:00, run_after=2025-04-15 00:00:00+00:00
[2025-04-16T00:36:32.976+0700] {processor.py:208} INFO - Processing /home/anhtupham99/NBA-analytics/py_env/lib/python3.11/site-packages/airflow/example_dags/example_branch_day_of_week_operator.py took 0.069 seconds
[2025-04-16T00:37:18.559+0700] {processor.py:186} INFO - Started process (PID=381086) to work on /home/anhtupham99/NBA-analytics/py_env/lib/python3.11/site-packages/airflow/example_dags/example_branch_day_of_week_operator.py
[2025-04-16T00:37:18.560+0700] {processor.py:914} INFO - Processing file /home/anhtupham99/NBA-analytics/py_env/lib/python3.11/site-packages/airflow/example_dags/example_branch_day_of_week_operator.py for tasks to queue
[2025-04-16T00:37:18.562+0700] {logging_mixin.py:190} INFO - [2025-04-16T00:37:18.562+0700] {dagbag.py:588} INFO - Filling up the DagBag from /home/anhtupham99/NBA-analytics/py_env/lib/python3.11/site-packages/airflow/example_dags/example_branch_day_of_week_operator.py
[2025-04-16T00:37:18.572+0700] {processor.py:925} INFO - DAG(s) 'example_weekday_branch_operator' retrieved from /home/anhtupham99/NBA-analytics/py_env/lib/python3.11/site-packages/airflow/example_dags/example_branch_day_of_week_operator.py
[2025-04-16T00:37:18.587+0700] {logging_mixin.py:190} INFO - [2025-04-16T00:37:18.587+0700] {dag.py:3239} INFO - Sync 1 DAGs
[2025-04-16T00:37:18.606+0700] {logging_mixin.py:190} INFO - [2025-04-16T00:37:18.606+0700] {dag.py:4180} INFO - Setting next_dagrun for example_weekday_branch_operator to 2025-04-14 00:00:00+00:00, run_after=2025-04-15 00:00:00+00:00
[2025-04-16T00:37:18.632+0700] {processor.py:208} INFO - Processing /home/anhtupham99/NBA-analytics/py_env/lib/python3.11/site-packages/airflow/example_dags/example_branch_day_of_week_operator.py took 0.079 seconds
