[2025-04-15T23:47:00.660+0700] {processor.py:186} INFO - Started process (PID=298058) to work on /home/anhtupham99/NBA-analytics/py_env/lib/python3.11/site-packages/airflow/example_dags/example_setup_teardown_taskflow.py
[2025-04-15T23:47:00.661+0700] {processor.py:914} INFO - Processing file /home/anhtupham99/NBA-analytics/py_env/lib/python3.11/site-packages/airflow/example_dags/example_setup_teardown_taskflow.py for tasks to queue
[2025-04-15T23:47:00.663+0700] {logging_mixin.py:190} INFO - [2025-04-15T23:47:00.663+0700] {dagbag.py:588} INFO - Filling up the DagBag from /home/anhtupham99/NBA-analytics/py_env/lib/python3.11/site-packages/airflow/example_dags/example_setup_teardown_taskflow.py
[2025-04-15T23:47:00.673+0700] {processor.py:925} INFO - DAG(s) 'example_setup_teardown_taskflow' retrieved from /home/anhtupham99/NBA-analytics/py_env/lib/python3.11/site-packages/airflow/example_dags/example_setup_teardown_taskflow.py
[2025-04-15T23:47:00.792+0700] {logging_mixin.py:190} INFO - [2025-04-15T23:47:00.791+0700] {override.py:1912} INFO - Created Permission View: can delete on DAG:example_setup_teardown_taskflow
[2025-04-15T23:47:00.815+0700] {logging_mixin.py:190} INFO - [2025-04-15T23:47:00.814+0700] {override.py:1912} INFO - Created Permission View: can edit on DAG:example_setup_teardown_taskflow
[2025-04-15T23:47:00.832+0700] {logging_mixin.py:190} INFO - [2025-04-15T23:47:00.831+0700] {override.py:1912} INFO - Created Permission View: can read on DAG:example_setup_teardown_taskflow
[2025-04-15T23:47:00.861+0700] {logging_mixin.py:190} INFO - [2025-04-15T23:47:00.860+0700] {override.py:1912} INFO - Created Permission View: can create on DAG Run:example_setup_teardown_taskflow
[2025-04-15T23:47:00.875+0700] {logging_mixin.py:190} INFO - [2025-04-15T23:47:00.875+0700] {override.py:1912} INFO - Created Permission View: can delete on DAG Run:example_setup_teardown_taskflow
[2025-04-15T23:47:00.890+0700] {logging_mixin.py:190} INFO - [2025-04-15T23:47:00.890+0700] {override.py:1912} INFO - Created Permission View: menu access on DAG Run:example_setup_teardown_taskflow
[2025-04-15T23:47:00.905+0700] {logging_mixin.py:190} INFO - [2025-04-15T23:47:00.904+0700] {override.py:1912} INFO - Created Permission View: can read on DAG Run:example_setup_teardown_taskflow
[2025-04-15T23:47:00.905+0700] {logging_mixin.py:190} INFO - [2025-04-15T23:47:00.905+0700] {dag.py:3239} INFO - Sync 1 DAGs
[2025-04-15T23:47:00.917+0700] {logging_mixin.py:190} INFO - [2025-04-15T23:47:00.916+0700] {dag.py:3262} INFO - Creating ORM DAG for example_setup_teardown_taskflow
[2025-04-15T23:47:00.918+0700] {logging_mixin.py:190} INFO - [2025-04-15T23:47:00.917+0700] {dag.py:4180} INFO - Setting next_dagrun for example_setup_teardown_taskflow to None, run_after=None
[2025-04-15T23:47:00.947+0700] {processor.py:208} INFO - Processing /home/anhtupham99/NBA-analytics/py_env/lib/python3.11/site-packages/airflow/example_dags/example_setup_teardown_taskflow.py took 0.292 seconds
[2025-04-15T23:48:02.047+0700] {processor.py:186} INFO - Started process (PID=299421) to work on /home/anhtupham99/NBA-analytics/py_env/lib/python3.11/site-packages/airflow/example_dags/example_setup_teardown_taskflow.py
[2025-04-15T23:48:02.048+0700] {processor.py:914} INFO - Processing file /home/anhtupham99/NBA-analytics/py_env/lib/python3.11/site-packages/airflow/example_dags/example_setup_teardown_taskflow.py for tasks to queue
[2025-04-15T23:48:02.050+0700] {logging_mixin.py:190} INFO - [2025-04-15T23:48:02.050+0700] {dagbag.py:588} INFO - Filling up the DagBag from /home/anhtupham99/NBA-analytics/py_env/lib/python3.11/site-packages/airflow/example_dags/example_setup_teardown_taskflow.py
[2025-04-15T23:48:02.060+0700] {processor.py:925} INFO - DAG(s) 'example_setup_teardown_taskflow' retrieved from /home/anhtupham99/NBA-analytics/py_env/lib/python3.11/site-packages/airflow/example_dags/example_setup_teardown_taskflow.py
[2025-04-15T23:48:02.074+0700] {logging_mixin.py:190} INFO - [2025-04-15T23:48:02.074+0700] {dag.py:3239} INFO - Sync 1 DAGs
[2025-04-15T23:48:02.084+0700] {logging_mixin.py:190} INFO - [2025-04-15T23:48:02.084+0700] {dag.py:4180} INFO - Setting next_dagrun for example_setup_teardown_taskflow to None, run_after=None
[2025-04-15T23:48:02.109+0700] {processor.py:208} INFO - Processing /home/anhtupham99/NBA-analytics/py_env/lib/python3.11/site-packages/airflow/example_dags/example_setup_teardown_taskflow.py took 0.067 seconds
[2025-04-15T23:48:57.352+0700] {processor.py:186} INFO - Started process (PID=300769) to work on /home/anhtupham99/NBA-analytics/py_env/lib/python3.11/site-packages/airflow/example_dags/example_setup_teardown_taskflow.py
[2025-04-15T23:48:57.354+0700] {processor.py:914} INFO - Processing file /home/anhtupham99/NBA-analytics/py_env/lib/python3.11/site-packages/airflow/example_dags/example_setup_teardown_taskflow.py for tasks to queue
[2025-04-15T23:48:57.356+0700] {logging_mixin.py:190} INFO - [2025-04-15T23:48:57.355+0700] {dagbag.py:588} INFO - Filling up the DagBag from /home/anhtupham99/NBA-analytics/py_env/lib/python3.11/site-packages/airflow/example_dags/example_setup_teardown_taskflow.py
[2025-04-15T23:48:57.365+0700] {processor.py:925} INFO - DAG(s) 'example_setup_teardown_taskflow' retrieved from /home/anhtupham99/NBA-analytics/py_env/lib/python3.11/site-packages/airflow/example_dags/example_setup_teardown_taskflow.py
[2025-04-15T23:48:57.380+0700] {logging_mixin.py:190} INFO - [2025-04-15T23:48:57.379+0700] {dag.py:3239} INFO - Sync 1 DAGs
[2025-04-15T23:48:57.392+0700] {logging_mixin.py:190} INFO - [2025-04-15T23:48:57.391+0700] {dag.py:4180} INFO - Setting next_dagrun for example_setup_teardown_taskflow to None, run_after=None
[2025-04-15T23:48:57.421+0700] {processor.py:208} INFO - Processing /home/anhtupham99/NBA-analytics/py_env/lib/python3.11/site-packages/airflow/example_dags/example_setup_teardown_taskflow.py took 0.075 seconds
[2025-04-15T23:49:50.932+0700] {processor.py:186} INFO - Started process (PID=301924) to work on /home/anhtupham99/NBA-analytics/py_env/lib/python3.11/site-packages/airflow/example_dags/example_setup_teardown_taskflow.py
[2025-04-15T23:49:50.933+0700] {processor.py:914} INFO - Processing file /home/anhtupham99/NBA-analytics/py_env/lib/python3.11/site-packages/airflow/example_dags/example_setup_teardown_taskflow.py for tasks to queue
[2025-04-15T23:49:50.935+0700] {logging_mixin.py:190} INFO - [2025-04-15T23:49:50.935+0700] {dagbag.py:588} INFO - Filling up the DagBag from /home/anhtupham99/NBA-analytics/py_env/lib/python3.11/site-packages/airflow/example_dags/example_setup_teardown_taskflow.py
[2025-04-15T23:49:50.946+0700] {processor.py:925} INFO - DAG(s) 'example_setup_teardown_taskflow' retrieved from /home/anhtupham99/NBA-analytics/py_env/lib/python3.11/site-packages/airflow/example_dags/example_setup_teardown_taskflow.py
[2025-04-15T23:49:50.962+0700] {logging_mixin.py:190} INFO - [2025-04-15T23:49:50.962+0700] {dag.py:3239} INFO - Sync 1 DAGs
[2025-04-15T23:49:50.973+0700] {logging_mixin.py:190} INFO - [2025-04-15T23:49:50.973+0700] {dag.py:4180} INFO - Setting next_dagrun for example_setup_teardown_taskflow to None, run_after=None
[2025-04-15T23:49:51.001+0700] {processor.py:208} INFO - Processing /home/anhtupham99/NBA-analytics/py_env/lib/python3.11/site-packages/airflow/example_dags/example_setup_teardown_taskflow.py took 0.076 seconds
[2025-04-15T23:50:42.515+0700] {processor.py:186} INFO - Started process (PID=302996) to work on /home/anhtupham99/NBA-analytics/py_env/lib/python3.11/site-packages/airflow/example_dags/example_setup_teardown_taskflow.py
[2025-04-15T23:50:42.516+0700] {processor.py:914} INFO - Processing file /home/anhtupham99/NBA-analytics/py_env/lib/python3.11/site-packages/airflow/example_dags/example_setup_teardown_taskflow.py for tasks to queue
[2025-04-15T23:50:42.517+0700] {logging_mixin.py:190} INFO - [2025-04-15T23:50:42.517+0700] {dagbag.py:588} INFO - Filling up the DagBag from /home/anhtupham99/NBA-analytics/py_env/lib/python3.11/site-packages/airflow/example_dags/example_setup_teardown_taskflow.py
[2025-04-15T23:50:42.529+0700] {processor.py:925} INFO - DAG(s) 'example_setup_teardown_taskflow' retrieved from /home/anhtupham99/NBA-analytics/py_env/lib/python3.11/site-packages/airflow/example_dags/example_setup_teardown_taskflow.py
[2025-04-15T23:50:42.643+0700] {logging_mixin.py:190} INFO - [2025-04-15T23:50:42.643+0700] {dag.py:3239} INFO - Sync 1 DAGs
[2025-04-15T23:50:42.651+0700] {logging_mixin.py:190} INFO - [2025-04-15T23:50:42.650+0700] {dag.py:4180} INFO - Setting next_dagrun for example_setup_teardown_taskflow to None, run_after=None
[2025-04-15T23:50:42.677+0700] {processor.py:208} INFO - Processing /home/anhtupham99/NBA-analytics/py_env/lib/python3.11/site-packages/airflow/example_dags/example_setup_teardown_taskflow.py took 0.167 seconds
[2025-04-15T23:51:35.070+0700] {processor.py:186} INFO - Started process (PID=303988) to work on /home/anhtupham99/NBA-analytics/py_env/lib/python3.11/site-packages/airflow/example_dags/example_setup_teardown_taskflow.py
[2025-04-15T23:51:35.071+0700] {processor.py:914} INFO - Processing file /home/anhtupham99/NBA-analytics/py_env/lib/python3.11/site-packages/airflow/example_dags/example_setup_teardown_taskflow.py for tasks to queue
[2025-04-15T23:51:35.073+0700] {logging_mixin.py:190} INFO - [2025-04-15T23:51:35.072+0700] {dagbag.py:588} INFO - Filling up the DagBag from /home/anhtupham99/NBA-analytics/py_env/lib/python3.11/site-packages/airflow/example_dags/example_setup_teardown_taskflow.py
[2025-04-15T23:51:35.080+0700] {processor.py:925} INFO - DAG(s) 'example_setup_teardown_taskflow' retrieved from /home/anhtupham99/NBA-analytics/py_env/lib/python3.11/site-packages/airflow/example_dags/example_setup_teardown_taskflow.py
[2025-04-15T23:51:35.092+0700] {logging_mixin.py:190} INFO - [2025-04-15T23:51:35.092+0700] {dag.py:3239} INFO - Sync 1 DAGs
[2025-04-15T23:51:35.101+0700] {logging_mixin.py:190} INFO - [2025-04-15T23:51:35.101+0700] {dag.py:4180} INFO - Setting next_dagrun for example_setup_teardown_taskflow to None, run_after=None
[2025-04-15T23:51:35.125+0700] {processor.py:208} INFO - Processing /home/anhtupham99/NBA-analytics/py_env/lib/python3.11/site-packages/airflow/example_dags/example_setup_teardown_taskflow.py took 0.060 seconds
[2025-04-15T23:52:21.076+0700] {processor.py:186} INFO - Started process (PID=304834) to work on /home/anhtupham99/NBA-analytics/py_env/lib/python3.11/site-packages/airflow/example_dags/example_setup_teardown_taskflow.py
[2025-04-15T23:52:21.078+0700] {processor.py:914} INFO - Processing file /home/anhtupham99/NBA-analytics/py_env/lib/python3.11/site-packages/airflow/example_dags/example_setup_teardown_taskflow.py for tasks to queue
[2025-04-15T23:52:21.080+0700] {logging_mixin.py:190} INFO - [2025-04-15T23:52:21.080+0700] {dagbag.py:588} INFO - Filling up the DagBag from /home/anhtupham99/NBA-analytics/py_env/lib/python3.11/site-packages/airflow/example_dags/example_setup_teardown_taskflow.py
[2025-04-15T23:52:21.092+0700] {processor.py:925} INFO - DAG(s) 'example_setup_teardown_taskflow' retrieved from /home/anhtupham99/NBA-analytics/py_env/lib/python3.11/site-packages/airflow/example_dags/example_setup_teardown_taskflow.py
[2025-04-15T23:52:21.108+0700] {logging_mixin.py:190} INFO - [2025-04-15T23:52:21.107+0700] {dag.py:3239} INFO - Sync 1 DAGs
[2025-04-15T23:52:21.118+0700] {logging_mixin.py:190} INFO - [2025-04-15T23:52:21.118+0700] {dag.py:4180} INFO - Setting next_dagrun for example_setup_teardown_taskflow to None, run_after=None
[2025-04-15T23:52:21.147+0700] {processor.py:208} INFO - Processing /home/anhtupham99/NBA-analytics/py_env/lib/python3.11/site-packages/airflow/example_dags/example_setup_teardown_taskflow.py took 0.076 seconds
[2025-04-15T23:53:09.816+0700] {processor.py:186} INFO - Started process (PID=305824) to work on /home/anhtupham99/NBA-analytics/py_env/lib/python3.11/site-packages/airflow/example_dags/example_setup_teardown_taskflow.py
[2025-04-15T23:53:09.817+0700] {processor.py:914} INFO - Processing file /home/anhtupham99/NBA-analytics/py_env/lib/python3.11/site-packages/airflow/example_dags/example_setup_teardown_taskflow.py for tasks to queue
[2025-04-15T23:53:09.818+0700] {logging_mixin.py:190} INFO - [2025-04-15T23:53:09.818+0700] {dagbag.py:588} INFO - Filling up the DagBag from /home/anhtupham99/NBA-analytics/py_env/lib/python3.11/site-packages/airflow/example_dags/example_setup_teardown_taskflow.py
[2025-04-15T23:53:09.826+0700] {processor.py:925} INFO - DAG(s) 'example_setup_teardown_taskflow' retrieved from /home/anhtupham99/NBA-analytics/py_env/lib/python3.11/site-packages/airflow/example_dags/example_setup_teardown_taskflow.py
[2025-04-15T23:53:09.838+0700] {logging_mixin.py:190} INFO - [2025-04-15T23:53:09.838+0700] {dag.py:3239} INFO - Sync 1 DAGs
[2025-04-15T23:53:09.846+0700] {logging_mixin.py:190} INFO - [2025-04-15T23:53:09.846+0700] {dag.py:4180} INFO - Setting next_dagrun for example_setup_teardown_taskflow to None, run_after=None
[2025-04-15T23:53:09.871+0700] {processor.py:208} INFO - Processing /home/anhtupham99/NBA-analytics/py_env/lib/python3.11/site-packages/airflow/example_dags/example_setup_teardown_taskflow.py took 0.059 seconds
[2025-04-15T23:53:57.519+0700] {processor.py:186} INFO - Started process (PID=306676) to work on /home/anhtupham99/NBA-analytics/py_env/lib/python3.11/site-packages/airflow/example_dags/example_setup_teardown_taskflow.py
[2025-04-15T23:53:57.520+0700] {processor.py:914} INFO - Processing file /home/anhtupham99/NBA-analytics/py_env/lib/python3.11/site-packages/airflow/example_dags/example_setup_teardown_taskflow.py for tasks to queue
[2025-04-15T23:53:57.522+0700] {logging_mixin.py:190} INFO - [2025-04-15T23:53:57.522+0700] {dagbag.py:588} INFO - Filling up the DagBag from /home/anhtupham99/NBA-analytics/py_env/lib/python3.11/site-packages/airflow/example_dags/example_setup_teardown_taskflow.py
[2025-04-15T23:53:57.532+0700] {processor.py:925} INFO - DAG(s) 'example_setup_teardown_taskflow' retrieved from /home/anhtupham99/NBA-analytics/py_env/lib/python3.11/site-packages/airflow/example_dags/example_setup_teardown_taskflow.py
[2025-04-15T23:53:57.547+0700] {logging_mixin.py:190} INFO - [2025-04-15T23:53:57.547+0700] {dag.py:3239} INFO - Sync 1 DAGs
[2025-04-15T23:53:57.557+0700] {logging_mixin.py:190} INFO - [2025-04-15T23:53:57.556+0700] {dag.py:4180} INFO - Setting next_dagrun for example_setup_teardown_taskflow to None, run_after=None
[2025-04-15T23:53:57.585+0700] {processor.py:208} INFO - Processing /home/anhtupham99/NBA-analytics/py_env/lib/python3.11/site-packages/airflow/example_dags/example_setup_teardown_taskflow.py took 0.071 seconds
[2025-04-15T23:54:43.057+0700] {processor.py:186} INFO - Started process (PID=307593) to work on /home/anhtupham99/NBA-analytics/py_env/lib/python3.11/site-packages/airflow/example_dags/example_setup_teardown_taskflow.py
[2025-04-15T23:54:43.058+0700] {processor.py:914} INFO - Processing file /home/anhtupham99/NBA-analytics/py_env/lib/python3.11/site-packages/airflow/example_dags/example_setup_teardown_taskflow.py for tasks to queue
[2025-04-15T23:54:43.061+0700] {logging_mixin.py:190} INFO - [2025-04-15T23:54:43.060+0700] {dagbag.py:588} INFO - Filling up the DagBag from /home/anhtupham99/NBA-analytics/py_env/lib/python3.11/site-packages/airflow/example_dags/example_setup_teardown_taskflow.py
[2025-04-15T23:54:43.070+0700] {processor.py:925} INFO - DAG(s) 'example_setup_teardown_taskflow' retrieved from /home/anhtupham99/NBA-analytics/py_env/lib/python3.11/site-packages/airflow/example_dags/example_setup_teardown_taskflow.py
[2025-04-15T23:54:43.083+0700] {logging_mixin.py:190} INFO - [2025-04-15T23:54:43.083+0700] {dag.py:3239} INFO - Sync 1 DAGs
[2025-04-15T23:54:43.094+0700] {logging_mixin.py:190} INFO - [2025-04-15T23:54:43.094+0700] {dag.py:4180} INFO - Setting next_dagrun for example_setup_teardown_taskflow to None, run_after=None
[2025-04-15T23:54:43.119+0700] {processor.py:208} INFO - Processing /home/anhtupham99/NBA-analytics/py_env/lib/python3.11/site-packages/airflow/example_dags/example_setup_teardown_taskflow.py took 0.067 seconds
[2025-04-15T23:55:32.910+0700] {processor.py:186} INFO - Started process (PID=309841) to work on /home/anhtupham99/NBA-analytics/py_env/lib/python3.11/site-packages/airflow/example_dags/example_setup_teardown_taskflow.py
[2025-04-15T23:55:32.911+0700] {processor.py:914} INFO - Processing file /home/anhtupham99/NBA-analytics/py_env/lib/python3.11/site-packages/airflow/example_dags/example_setup_teardown_taskflow.py for tasks to queue
[2025-04-15T23:55:32.913+0700] {logging_mixin.py:190} INFO - [2025-04-15T23:55:32.913+0700] {dagbag.py:588} INFO - Filling up the DagBag from /home/anhtupham99/NBA-analytics/py_env/lib/python3.11/site-packages/airflow/example_dags/example_setup_teardown_taskflow.py
[2025-04-15T23:55:32.924+0700] {processor.py:925} INFO - DAG(s) 'example_setup_teardown_taskflow' retrieved from /home/anhtupham99/NBA-analytics/py_env/lib/python3.11/site-packages/airflow/example_dags/example_setup_teardown_taskflow.py
[2025-04-15T23:55:32.939+0700] {logging_mixin.py:190} INFO - [2025-04-15T23:55:32.939+0700] {dag.py:3239} INFO - Sync 1 DAGs
[2025-04-15T23:55:32.948+0700] {logging_mixin.py:190} INFO - [2025-04-15T23:55:32.948+0700] {dag.py:4180} INFO - Setting next_dagrun for example_setup_teardown_taskflow to None, run_after=None
[2025-04-15T23:55:32.972+0700] {processor.py:208} INFO - Processing /home/anhtupham99/NBA-analytics/py_env/lib/python3.11/site-packages/airflow/example_dags/example_setup_teardown_taskflow.py took 0.067 seconds
[2025-04-15T23:56:25.174+0700] {processor.py:186} INFO - Started process (PID=311668) to work on /home/anhtupham99/NBA-analytics/py_env/lib/python3.11/site-packages/airflow/example_dags/example_setup_teardown_taskflow.py
[2025-04-15T23:56:25.175+0700] {processor.py:914} INFO - Processing file /home/anhtupham99/NBA-analytics/py_env/lib/python3.11/site-packages/airflow/example_dags/example_setup_teardown_taskflow.py for tasks to queue
[2025-04-15T23:56:25.177+0700] {logging_mixin.py:190} INFO - [2025-04-15T23:56:25.177+0700] {dagbag.py:588} INFO - Filling up the DagBag from /home/anhtupham99/NBA-analytics/py_env/lib/python3.11/site-packages/airflow/example_dags/example_setup_teardown_taskflow.py
[2025-04-15T23:56:25.185+0700] {processor.py:925} INFO - DAG(s) 'example_setup_teardown_taskflow' retrieved from /home/anhtupham99/NBA-analytics/py_env/lib/python3.11/site-packages/airflow/example_dags/example_setup_teardown_taskflow.py
[2025-04-15T23:56:25.197+0700] {logging_mixin.py:190} INFO - [2025-04-15T23:56:25.196+0700] {dag.py:3239} INFO - Sync 1 DAGs
[2025-04-15T23:56:25.205+0700] {logging_mixin.py:190} INFO - [2025-04-15T23:56:25.204+0700] {dag.py:4180} INFO - Setting next_dagrun for example_setup_teardown_taskflow to None, run_after=None
[2025-04-15T23:56:25.229+0700] {processor.py:208} INFO - Processing /home/anhtupham99/NBA-analytics/py_env/lib/python3.11/site-packages/airflow/example_dags/example_setup_teardown_taskflow.py took 0.060 seconds
[2025-04-15T23:57:11.875+0700] {processor.py:186} INFO - Started process (PID=312564) to work on /home/anhtupham99/NBA-analytics/py_env/lib/python3.11/site-packages/airflow/example_dags/example_setup_teardown_taskflow.py
[2025-04-15T23:57:11.876+0700] {processor.py:914} INFO - Processing file /home/anhtupham99/NBA-analytics/py_env/lib/python3.11/site-packages/airflow/example_dags/example_setup_teardown_taskflow.py for tasks to queue
[2025-04-15T23:57:11.878+0700] {logging_mixin.py:190} INFO - [2025-04-15T23:57:11.878+0700] {dagbag.py:588} INFO - Filling up the DagBag from /home/anhtupham99/NBA-analytics/py_env/lib/python3.11/site-packages/airflow/example_dags/example_setup_teardown_taskflow.py
[2025-04-15T23:57:11.899+0700] {processor.py:925} INFO - DAG(s) 'example_setup_teardown_taskflow' retrieved from /home/anhtupham99/NBA-analytics/py_env/lib/python3.11/site-packages/airflow/example_dags/example_setup_teardown_taskflow.py
[2025-04-15T23:57:11.917+0700] {logging_mixin.py:190} INFO - [2025-04-15T23:57:11.917+0700] {dag.py:3239} INFO - Sync 1 DAGs
[2025-04-15T23:57:11.930+0700] {logging_mixin.py:190} INFO - [2025-04-15T23:57:11.930+0700] {dag.py:4180} INFO - Setting next_dagrun for example_setup_teardown_taskflow to None, run_after=None
[2025-04-15T23:57:11.964+0700] {processor.py:208} INFO - Processing /home/anhtupham99/NBA-analytics/py_env/lib/python3.11/site-packages/airflow/example_dags/example_setup_teardown_taskflow.py took 0.094 seconds
[2025-04-15T23:58:00.364+0700] {processor.py:186} INFO - Started process (PID=313500) to work on /home/anhtupham99/NBA-analytics/py_env/lib/python3.11/site-packages/airflow/example_dags/example_setup_teardown_taskflow.py
[2025-04-15T23:58:00.366+0700] {processor.py:914} INFO - Processing file /home/anhtupham99/NBA-analytics/py_env/lib/python3.11/site-packages/airflow/example_dags/example_setup_teardown_taskflow.py for tasks to queue
[2025-04-15T23:58:00.368+0700] {logging_mixin.py:190} INFO - [2025-04-15T23:58:00.367+0700] {dagbag.py:588} INFO - Filling up the DagBag from /home/anhtupham99/NBA-analytics/py_env/lib/python3.11/site-packages/airflow/example_dags/example_setup_teardown_taskflow.py
[2025-04-15T23:58:00.379+0700] {processor.py:925} INFO - DAG(s) 'example_setup_teardown_taskflow' retrieved from /home/anhtupham99/NBA-analytics/py_env/lib/python3.11/site-packages/airflow/example_dags/example_setup_teardown_taskflow.py
[2025-04-15T23:58:00.398+0700] {logging_mixin.py:190} INFO - [2025-04-15T23:58:00.397+0700] {dag.py:3239} INFO - Sync 1 DAGs
[2025-04-15T23:58:00.410+0700] {logging_mixin.py:190} INFO - [2025-04-15T23:58:00.410+0700] {dag.py:4180} INFO - Setting next_dagrun for example_setup_teardown_taskflow to None, run_after=None
[2025-04-15T23:58:00.446+0700] {processor.py:208} INFO - Processing /home/anhtupham99/NBA-analytics/py_env/lib/python3.11/site-packages/airflow/example_dags/example_setup_teardown_taskflow.py took 0.087 seconds
[2025-04-15T23:58:50.873+0700] {processor.py:186} INFO - Started process (PID=314544) to work on /home/anhtupham99/NBA-analytics/py_env/lib/python3.11/site-packages/airflow/example_dags/example_setup_teardown_taskflow.py
[2025-04-15T23:58:50.877+0700] {processor.py:914} INFO - Processing file /home/anhtupham99/NBA-analytics/py_env/lib/python3.11/site-packages/airflow/example_dags/example_setup_teardown_taskflow.py for tasks to queue
[2025-04-15T23:58:50.879+0700] {logging_mixin.py:190} INFO - [2025-04-15T23:58:50.878+0700] {dagbag.py:588} INFO - Filling up the DagBag from /home/anhtupham99/NBA-analytics/py_env/lib/python3.11/site-packages/airflow/example_dags/example_setup_teardown_taskflow.py
[2025-04-15T23:58:50.887+0700] {processor.py:925} INFO - DAG(s) 'example_setup_teardown_taskflow' retrieved from /home/anhtupham99/NBA-analytics/py_env/lib/python3.11/site-packages/airflow/example_dags/example_setup_teardown_taskflow.py
[2025-04-15T23:58:50.899+0700] {logging_mixin.py:190} INFO - [2025-04-15T23:58:50.899+0700] {dag.py:3239} INFO - Sync 1 DAGs
[2025-04-15T23:58:50.907+0700] {logging_mixin.py:190} INFO - [2025-04-15T23:58:50.907+0700] {dag.py:4180} INFO - Setting next_dagrun for example_setup_teardown_taskflow to None, run_after=None
[2025-04-15T23:58:50.931+0700] {processor.py:208} INFO - Processing /home/anhtupham99/NBA-analytics/py_env/lib/python3.11/site-packages/airflow/example_dags/example_setup_teardown_taskflow.py took 0.062 seconds
[2025-04-15T23:59:37.213+0700] {processor.py:186} INFO - Started process (PID=315462) to work on /home/anhtupham99/NBA-analytics/py_env/lib/python3.11/site-packages/airflow/example_dags/example_setup_teardown_taskflow.py
[2025-04-15T23:59:37.214+0700] {processor.py:914} INFO - Processing file /home/anhtupham99/NBA-analytics/py_env/lib/python3.11/site-packages/airflow/example_dags/example_setup_teardown_taskflow.py for tasks to queue
[2025-04-15T23:59:37.215+0700] {logging_mixin.py:190} INFO - [2025-04-15T23:59:37.215+0700] {dagbag.py:588} INFO - Filling up the DagBag from /home/anhtupham99/NBA-analytics/py_env/lib/python3.11/site-packages/airflow/example_dags/example_setup_teardown_taskflow.py
[2025-04-15T23:59:37.224+0700] {processor.py:925} INFO - DAG(s) 'example_setup_teardown_taskflow' retrieved from /home/anhtupham99/NBA-analytics/py_env/lib/python3.11/site-packages/airflow/example_dags/example_setup_teardown_taskflow.py
[2025-04-15T23:59:37.235+0700] {logging_mixin.py:190} INFO - [2025-04-15T23:59:37.235+0700] {dag.py:3239} INFO - Sync 1 DAGs
[2025-04-15T23:59:37.243+0700] {logging_mixin.py:190} INFO - [2025-04-15T23:59:37.243+0700] {dag.py:4180} INFO - Setting next_dagrun for example_setup_teardown_taskflow to None, run_after=None
[2025-04-15T23:59:37.266+0700] {processor.py:208} INFO - Processing /home/anhtupham99/NBA-analytics/py_env/lib/python3.11/site-packages/airflow/example_dags/example_setup_teardown_taskflow.py took 0.058 seconds
[2025-04-16T00:00:27.196+0700] {processor.py:186} INFO - Started process (PID=316552) to work on /home/anhtupham99/NBA-analytics/py_env/lib/python3.11/site-packages/airflow/example_dags/example_setup_teardown_taskflow.py
[2025-04-16T00:00:27.201+0700] {processor.py:914} INFO - Processing file /home/anhtupham99/NBA-analytics/py_env/lib/python3.11/site-packages/airflow/example_dags/example_setup_teardown_taskflow.py for tasks to queue
[2025-04-16T00:00:27.203+0700] {logging_mixin.py:190} INFO - [2025-04-16T00:00:27.202+0700] {dagbag.py:588} INFO - Filling up the DagBag from /home/anhtupham99/NBA-analytics/py_env/lib/python3.11/site-packages/airflow/example_dags/example_setup_teardown_taskflow.py
[2025-04-16T00:00:27.213+0700] {processor.py:925} INFO - DAG(s) 'example_setup_teardown_taskflow' retrieved from /home/anhtupham99/NBA-analytics/py_env/lib/python3.11/site-packages/airflow/example_dags/example_setup_teardown_taskflow.py
[2025-04-16T00:00:27.228+0700] {logging_mixin.py:190} INFO - [2025-04-16T00:00:27.227+0700] {dag.py:3239} INFO - Sync 1 DAGs
[2025-04-16T00:00:27.239+0700] {logging_mixin.py:190} INFO - [2025-04-16T00:00:27.238+0700] {dag.py:4180} INFO - Setting next_dagrun for example_setup_teardown_taskflow to None, run_after=None
[2025-04-16T00:00:27.265+0700] {processor.py:208} INFO - Processing /home/anhtupham99/NBA-analytics/py_env/lib/python3.11/site-packages/airflow/example_dags/example_setup_teardown_taskflow.py took 0.075 seconds
[2025-04-16T00:01:12.604+0700] {processor.py:186} INFO - Started process (PID=317394) to work on /home/anhtupham99/NBA-analytics/py_env/lib/python3.11/site-packages/airflow/example_dags/example_setup_teardown_taskflow.py
[2025-04-16T00:01:12.605+0700] {processor.py:914} INFO - Processing file /home/anhtupham99/NBA-analytics/py_env/lib/python3.11/site-packages/airflow/example_dags/example_setup_teardown_taskflow.py for tasks to queue
[2025-04-16T00:01:12.607+0700] {logging_mixin.py:190} INFO - [2025-04-16T00:01:12.607+0700] {dagbag.py:588} INFO - Filling up the DagBag from /home/anhtupham99/NBA-analytics/py_env/lib/python3.11/site-packages/airflow/example_dags/example_setup_teardown_taskflow.py
[2025-04-16T00:01:12.615+0700] {processor.py:925} INFO - DAG(s) 'example_setup_teardown_taskflow' retrieved from /home/anhtupham99/NBA-analytics/py_env/lib/python3.11/site-packages/airflow/example_dags/example_setup_teardown_taskflow.py
[2025-04-16T00:01:12.627+0700] {logging_mixin.py:190} INFO - [2025-04-16T00:01:12.626+0700] {dag.py:3239} INFO - Sync 1 DAGs
[2025-04-16T00:01:12.634+0700] {logging_mixin.py:190} INFO - [2025-04-16T00:01:12.634+0700] {dag.py:4180} INFO - Setting next_dagrun for example_setup_teardown_taskflow to None, run_after=None
[2025-04-16T00:01:12.660+0700] {processor.py:208} INFO - Processing /home/anhtupham99/NBA-analytics/py_env/lib/python3.11/site-packages/airflow/example_dags/example_setup_teardown_taskflow.py took 0.060 seconds
[2025-04-16T00:02:01.088+0700] {processor.py:186} INFO - Started process (PID=318256) to work on /home/anhtupham99/NBA-analytics/py_env/lib/python3.11/site-packages/airflow/example_dags/example_setup_teardown_taskflow.py
[2025-04-16T00:02:01.089+0700] {processor.py:914} INFO - Processing file /home/anhtupham99/NBA-analytics/py_env/lib/python3.11/site-packages/airflow/example_dags/example_setup_teardown_taskflow.py for tasks to queue
[2025-04-16T00:02:01.090+0700] {logging_mixin.py:190} INFO - [2025-04-16T00:02:01.090+0700] {dagbag.py:588} INFO - Filling up the DagBag from /home/anhtupham99/NBA-analytics/py_env/lib/python3.11/site-packages/airflow/example_dags/example_setup_teardown_taskflow.py
[2025-04-16T00:02:01.099+0700] {processor.py:925} INFO - DAG(s) 'example_setup_teardown_taskflow' retrieved from /home/anhtupham99/NBA-analytics/py_env/lib/python3.11/site-packages/airflow/example_dags/example_setup_teardown_taskflow.py
[2025-04-16T00:02:01.111+0700] {logging_mixin.py:190} INFO - [2025-04-16T00:02:01.111+0700] {dag.py:3239} INFO - Sync 1 DAGs
[2025-04-16T00:02:01.119+0700] {logging_mixin.py:190} INFO - [2025-04-16T00:02:01.118+0700] {dag.py:4180} INFO - Setting next_dagrun for example_setup_teardown_taskflow to None, run_after=None
[2025-04-16T00:02:01.141+0700] {processor.py:208} INFO - Processing /home/anhtupham99/NBA-analytics/py_env/lib/python3.11/site-packages/airflow/example_dags/example_setup_teardown_taskflow.py took 0.058 seconds
[2025-04-16T00:02:45.779+0700] {processor.py:186} INFO - Started process (PID=319161) to work on /home/anhtupham99/NBA-analytics/py_env/lib/python3.11/site-packages/airflow/example_dags/example_setup_teardown_taskflow.py
[2025-04-16T00:02:45.780+0700] {processor.py:914} INFO - Processing file /home/anhtupham99/NBA-analytics/py_env/lib/python3.11/site-packages/airflow/example_dags/example_setup_teardown_taskflow.py for tasks to queue
[2025-04-16T00:02:45.782+0700] {logging_mixin.py:190} INFO - [2025-04-16T00:02:45.782+0700] {dagbag.py:588} INFO - Filling up the DagBag from /home/anhtupham99/NBA-analytics/py_env/lib/python3.11/site-packages/airflow/example_dags/example_setup_teardown_taskflow.py
[2025-04-16T00:02:45.791+0700] {processor.py:925} INFO - DAG(s) 'example_setup_teardown_taskflow' retrieved from /home/anhtupham99/NBA-analytics/py_env/lib/python3.11/site-packages/airflow/example_dags/example_setup_teardown_taskflow.py
[2025-04-16T00:02:45.803+0700] {logging_mixin.py:190} INFO - [2025-04-16T00:02:45.803+0700] {dag.py:3239} INFO - Sync 1 DAGs
[2025-04-16T00:02:45.811+0700] {logging_mixin.py:190} INFO - [2025-04-16T00:02:45.811+0700] {dag.py:4180} INFO - Setting next_dagrun for example_setup_teardown_taskflow to None, run_after=None
[2025-04-16T00:02:45.832+0700] {processor.py:208} INFO - Processing /home/anhtupham99/NBA-analytics/py_env/lib/python3.11/site-packages/airflow/example_dags/example_setup_teardown_taskflow.py took 0.058 seconds
[2025-04-16T00:03:33.969+0700] {processor.py:186} INFO - Started process (PID=320090) to work on /home/anhtupham99/NBA-analytics/py_env/lib/python3.11/site-packages/airflow/example_dags/example_setup_teardown_taskflow.py
[2025-04-16T00:03:33.970+0700] {processor.py:914} INFO - Processing file /home/anhtupham99/NBA-analytics/py_env/lib/python3.11/site-packages/airflow/example_dags/example_setup_teardown_taskflow.py for tasks to queue
[2025-04-16T00:03:33.973+0700] {logging_mixin.py:190} INFO - [2025-04-16T00:03:33.972+0700] {dagbag.py:588} INFO - Filling up the DagBag from /home/anhtupham99/NBA-analytics/py_env/lib/python3.11/site-packages/airflow/example_dags/example_setup_teardown_taskflow.py
[2025-04-16T00:03:33.983+0700] {processor.py:925} INFO - DAG(s) 'example_setup_teardown_taskflow' retrieved from /home/anhtupham99/NBA-analytics/py_env/lib/python3.11/site-packages/airflow/example_dags/example_setup_teardown_taskflow.py
[2025-04-16T00:03:34.001+0700] {logging_mixin.py:190} INFO - [2025-04-16T00:03:34.001+0700] {dag.py:3239} INFO - Sync 1 DAGs
[2025-04-16T00:03:34.012+0700] {logging_mixin.py:190} INFO - [2025-04-16T00:03:34.011+0700] {dag.py:4180} INFO - Setting next_dagrun for example_setup_teardown_taskflow to None, run_after=None
[2025-04-16T00:03:34.036+0700] {processor.py:208} INFO - Processing /home/anhtupham99/NBA-analytics/py_env/lib/python3.11/site-packages/airflow/example_dags/example_setup_teardown_taskflow.py took 0.073 seconds
[2025-04-16T00:04:19.841+0700] {processor.py:186} INFO - Started process (PID=321178) to work on /home/anhtupham99/NBA-analytics/py_env/lib/python3.11/site-packages/airflow/example_dags/example_setup_teardown_taskflow.py
[2025-04-16T00:04:19.842+0700] {processor.py:914} INFO - Processing file /home/anhtupham99/NBA-analytics/py_env/lib/python3.11/site-packages/airflow/example_dags/example_setup_teardown_taskflow.py for tasks to queue
[2025-04-16T00:04:19.845+0700] {logging_mixin.py:190} INFO - [2025-04-16T00:04:19.844+0700] {dagbag.py:588} INFO - Filling up the DagBag from /home/anhtupham99/NBA-analytics/py_env/lib/python3.11/site-packages/airflow/example_dags/example_setup_teardown_taskflow.py
[2025-04-16T00:04:19.855+0700] {processor.py:925} INFO - DAG(s) 'example_setup_teardown_taskflow' retrieved from /home/anhtupham99/NBA-analytics/py_env/lib/python3.11/site-packages/airflow/example_dags/example_setup_teardown_taskflow.py
[2025-04-16T00:04:19.871+0700] {logging_mixin.py:190} INFO - [2025-04-16T00:04:19.871+0700] {dag.py:3239} INFO - Sync 1 DAGs
[2025-04-16T00:04:19.881+0700] {logging_mixin.py:190} INFO - [2025-04-16T00:04:19.881+0700] {dag.py:4180} INFO - Setting next_dagrun for example_setup_teardown_taskflow to None, run_after=None
[2025-04-16T00:04:19.907+0700] {processor.py:208} INFO - Processing /home/anhtupham99/NBA-analytics/py_env/lib/python3.11/site-packages/airflow/example_dags/example_setup_teardown_taskflow.py took 0.072 seconds
[2025-04-16T00:05:07.620+0700] {processor.py:186} INFO - Started process (PID=322067) to work on /home/anhtupham99/NBA-analytics/py_env/lib/python3.11/site-packages/airflow/example_dags/example_setup_teardown_taskflow.py
[2025-04-16T00:05:07.621+0700] {processor.py:914} INFO - Processing file /home/anhtupham99/NBA-analytics/py_env/lib/python3.11/site-packages/airflow/example_dags/example_setup_teardown_taskflow.py for tasks to queue
[2025-04-16T00:05:07.623+0700] {logging_mixin.py:190} INFO - [2025-04-16T00:05:07.623+0700] {dagbag.py:588} INFO - Filling up the DagBag from /home/anhtupham99/NBA-analytics/py_env/lib/python3.11/site-packages/airflow/example_dags/example_setup_teardown_taskflow.py
[2025-04-16T00:05:07.634+0700] {processor.py:925} INFO - DAG(s) 'example_setup_teardown_taskflow' retrieved from /home/anhtupham99/NBA-analytics/py_env/lib/python3.11/site-packages/airflow/example_dags/example_setup_teardown_taskflow.py
[2025-04-16T00:05:07.649+0700] {logging_mixin.py:190} INFO - [2025-04-16T00:05:07.649+0700] {dag.py:3239} INFO - Sync 1 DAGs
[2025-04-16T00:05:07.659+0700] {logging_mixin.py:190} INFO - [2025-04-16T00:05:07.659+0700] {dag.py:4180} INFO - Setting next_dagrun for example_setup_teardown_taskflow to None, run_after=None
[2025-04-16T00:05:07.687+0700] {processor.py:208} INFO - Processing /home/anhtupham99/NBA-analytics/py_env/lib/python3.11/site-packages/airflow/example_dags/example_setup_teardown_taskflow.py took 0.073 seconds
[2025-04-16T00:05:57.777+0700] {processor.py:186} INFO - Started process (PID=322990) to work on /home/anhtupham99/NBA-analytics/py_env/lib/python3.11/site-packages/airflow/example_dags/example_setup_teardown_taskflow.py
[2025-04-16T00:05:57.778+0700] {processor.py:914} INFO - Processing file /home/anhtupham99/NBA-analytics/py_env/lib/python3.11/site-packages/airflow/example_dags/example_setup_teardown_taskflow.py for tasks to queue
[2025-04-16T00:05:57.780+0700] {logging_mixin.py:190} INFO - [2025-04-16T00:05:57.780+0700] {dagbag.py:588} INFO - Filling up the DagBag from /home/anhtupham99/NBA-analytics/py_env/lib/python3.11/site-packages/airflow/example_dags/example_setup_teardown_taskflow.py
[2025-04-16T00:05:57.788+0700] {processor.py:925} INFO - DAG(s) 'example_setup_teardown_taskflow' retrieved from /home/anhtupham99/NBA-analytics/py_env/lib/python3.11/site-packages/airflow/example_dags/example_setup_teardown_taskflow.py
[2025-04-16T00:05:57.800+0700] {logging_mixin.py:190} INFO - [2025-04-16T00:05:57.800+0700] {dag.py:3239} INFO - Sync 1 DAGs
[2025-04-16T00:05:57.808+0700] {logging_mixin.py:190} INFO - [2025-04-16T00:05:57.808+0700] {dag.py:4180} INFO - Setting next_dagrun for example_setup_teardown_taskflow to None, run_after=None
[2025-04-16T00:05:57.830+0700] {processor.py:208} INFO - Processing /home/anhtupham99/NBA-analytics/py_env/lib/python3.11/site-packages/airflow/example_dags/example_setup_teardown_taskflow.py took 0.058 seconds
[2025-04-16T00:06:46.112+0700] {processor.py:186} INFO - Started process (PID=323926) to work on /home/anhtupham99/NBA-analytics/py_env/lib/python3.11/site-packages/airflow/example_dags/example_setup_teardown_taskflow.py
[2025-04-16T00:06:46.113+0700] {processor.py:914} INFO - Processing file /home/anhtupham99/NBA-analytics/py_env/lib/python3.11/site-packages/airflow/example_dags/example_setup_teardown_taskflow.py for tasks to queue
[2025-04-16T00:06:46.116+0700] {logging_mixin.py:190} INFO - [2025-04-16T00:06:46.115+0700] {dagbag.py:588} INFO - Filling up the DagBag from /home/anhtupham99/NBA-analytics/py_env/lib/python3.11/site-packages/airflow/example_dags/example_setup_teardown_taskflow.py
[2025-04-16T00:06:46.130+0700] {processor.py:925} INFO - DAG(s) 'example_setup_teardown_taskflow' retrieved from /home/anhtupham99/NBA-analytics/py_env/lib/python3.11/site-packages/airflow/example_dags/example_setup_teardown_taskflow.py
[2025-04-16T00:06:46.147+0700] {logging_mixin.py:190} INFO - [2025-04-16T00:06:46.147+0700] {dag.py:3239} INFO - Sync 1 DAGs
[2025-04-16T00:06:46.158+0700] {logging_mixin.py:190} INFO - [2025-04-16T00:06:46.157+0700] {dag.py:4180} INFO - Setting next_dagrun for example_setup_teardown_taskflow to None, run_after=None
[2025-04-16T00:06:46.184+0700] {processor.py:208} INFO - Processing /home/anhtupham99/NBA-analytics/py_env/lib/python3.11/site-packages/airflow/example_dags/example_setup_teardown_taskflow.py took 0.085 seconds
[2025-04-16T00:07:34.349+0700] {processor.py:186} INFO - Started process (PID=325007) to work on /home/anhtupham99/NBA-analytics/py_env/lib/python3.11/site-packages/airflow/example_dags/example_setup_teardown_taskflow.py
[2025-04-16T00:07:34.351+0700] {processor.py:914} INFO - Processing file /home/anhtupham99/NBA-analytics/py_env/lib/python3.11/site-packages/airflow/example_dags/example_setup_teardown_taskflow.py for tasks to queue
[2025-04-16T00:07:34.353+0700] {logging_mixin.py:190} INFO - [2025-04-16T00:07:34.353+0700] {dagbag.py:588} INFO - Filling up the DagBag from /home/anhtupham99/NBA-analytics/py_env/lib/python3.11/site-packages/airflow/example_dags/example_setup_teardown_taskflow.py
[2025-04-16T00:07:34.364+0700] {processor.py:925} INFO - DAG(s) 'example_setup_teardown_taskflow' retrieved from /home/anhtupham99/NBA-analytics/py_env/lib/python3.11/site-packages/airflow/example_dags/example_setup_teardown_taskflow.py
[2025-04-16T00:07:34.380+0700] {logging_mixin.py:190} INFO - [2025-04-16T00:07:34.380+0700] {dag.py:3239} INFO - Sync 1 DAGs
[2025-04-16T00:07:34.390+0700] {logging_mixin.py:190} INFO - [2025-04-16T00:07:34.390+0700] {dag.py:4180} INFO - Setting next_dagrun for example_setup_teardown_taskflow to None, run_after=None
[2025-04-16T00:07:34.417+0700] {processor.py:208} INFO - Processing /home/anhtupham99/NBA-analytics/py_env/lib/python3.11/site-packages/airflow/example_dags/example_setup_teardown_taskflow.py took 0.074 seconds
[2025-04-16T00:08:19.525+0700] {processor.py:186} INFO - Started process (PID=325857) to work on /home/anhtupham99/NBA-analytics/py_env/lib/python3.11/site-packages/airflow/example_dags/example_setup_teardown_taskflow.py
[2025-04-16T00:08:19.527+0700] {processor.py:914} INFO - Processing file /home/anhtupham99/NBA-analytics/py_env/lib/python3.11/site-packages/airflow/example_dags/example_setup_teardown_taskflow.py for tasks to queue
[2025-04-16T00:08:19.530+0700] {logging_mixin.py:190} INFO - [2025-04-16T00:08:19.529+0700] {dagbag.py:588} INFO - Filling up the DagBag from /home/anhtupham99/NBA-analytics/py_env/lib/python3.11/site-packages/airflow/example_dags/example_setup_teardown_taskflow.py
[2025-04-16T00:08:19.540+0700] {processor.py:925} INFO - DAG(s) 'example_setup_teardown_taskflow' retrieved from /home/anhtupham99/NBA-analytics/py_env/lib/python3.11/site-packages/airflow/example_dags/example_setup_teardown_taskflow.py
[2025-04-16T00:08:19.557+0700] {logging_mixin.py:190} INFO - [2025-04-16T00:08:19.557+0700] {dag.py:3239} INFO - Sync 1 DAGs
[2025-04-16T00:08:19.569+0700] {logging_mixin.py:190} INFO - [2025-04-16T00:08:19.568+0700] {dag.py:4180} INFO - Setting next_dagrun for example_setup_teardown_taskflow to None, run_after=None
[2025-04-16T00:08:19.591+0700] {processor.py:208} INFO - Processing /home/anhtupham99/NBA-analytics/py_env/lib/python3.11/site-packages/airflow/example_dags/example_setup_teardown_taskflow.py took 0.072 seconds
[2025-04-16T00:09:07.262+0700] {processor.py:186} INFO - Started process (PID=326730) to work on /home/anhtupham99/NBA-analytics/py_env/lib/python3.11/site-packages/airflow/example_dags/example_setup_teardown_taskflow.py
[2025-04-16T00:09:07.263+0700] {processor.py:914} INFO - Processing file /home/anhtupham99/NBA-analytics/py_env/lib/python3.11/site-packages/airflow/example_dags/example_setup_teardown_taskflow.py for tasks to queue
[2025-04-16T00:09:07.265+0700] {logging_mixin.py:190} INFO - [2025-04-16T00:09:07.264+0700] {dagbag.py:588} INFO - Filling up the DagBag from /home/anhtupham99/NBA-analytics/py_env/lib/python3.11/site-packages/airflow/example_dags/example_setup_teardown_taskflow.py
[2025-04-16T00:09:07.274+0700] {processor.py:925} INFO - DAG(s) 'example_setup_teardown_taskflow' retrieved from /home/anhtupham99/NBA-analytics/py_env/lib/python3.11/site-packages/airflow/example_dags/example_setup_teardown_taskflow.py
[2025-04-16T00:09:07.289+0700] {logging_mixin.py:190} INFO - [2025-04-16T00:09:07.289+0700] {dag.py:3239} INFO - Sync 1 DAGs
[2025-04-16T00:09:07.299+0700] {logging_mixin.py:190} INFO - [2025-04-16T00:09:07.299+0700] {dag.py:4180} INFO - Setting next_dagrun for example_setup_teardown_taskflow to None, run_after=None
[2025-04-16T00:09:07.327+0700] {processor.py:208} INFO - Processing /home/anhtupham99/NBA-analytics/py_env/lib/python3.11/site-packages/airflow/example_dags/example_setup_teardown_taskflow.py took 0.071 seconds
[2025-04-16T00:09:56.106+0700] {processor.py:186} INFO - Started process (PID=327974) to work on /home/anhtupham99/NBA-analytics/py_env/lib/python3.11/site-packages/airflow/example_dags/example_setup_teardown_taskflow.py
[2025-04-16T00:09:56.108+0700] {processor.py:914} INFO - Processing file /home/anhtupham99/NBA-analytics/py_env/lib/python3.11/site-packages/airflow/example_dags/example_setup_teardown_taskflow.py for tasks to queue
[2025-04-16T00:09:56.110+0700] {logging_mixin.py:190} INFO - [2025-04-16T00:09:56.109+0700] {dagbag.py:588} INFO - Filling up the DagBag from /home/anhtupham99/NBA-analytics/py_env/lib/python3.11/site-packages/airflow/example_dags/example_setup_teardown_taskflow.py
[2025-04-16T00:09:56.122+0700] {processor.py:925} INFO - DAG(s) 'example_setup_teardown_taskflow' retrieved from /home/anhtupham99/NBA-analytics/py_env/lib/python3.11/site-packages/airflow/example_dags/example_setup_teardown_taskflow.py
[2025-04-16T00:09:56.139+0700] {logging_mixin.py:190} INFO - [2025-04-16T00:09:56.139+0700] {dag.py:3239} INFO - Sync 1 DAGs
[2025-04-16T00:09:56.155+0700] {logging_mixin.py:190} INFO - [2025-04-16T00:09:56.155+0700] {dag.py:4180} INFO - Setting next_dagrun for example_setup_teardown_taskflow to None, run_after=None
[2025-04-16T00:09:56.187+0700] {processor.py:208} INFO - Processing /home/anhtupham99/NBA-analytics/py_env/lib/python3.11/site-packages/airflow/example_dags/example_setup_teardown_taskflow.py took 0.085 seconds
[2025-04-16T00:10:42.594+0700] {processor.py:186} INFO - Started process (PID=328951) to work on /home/anhtupham99/NBA-analytics/py_env/lib/python3.11/site-packages/airflow/example_dags/example_setup_teardown_taskflow.py
[2025-04-16T00:10:42.595+0700] {processor.py:914} INFO - Processing file /home/anhtupham99/NBA-analytics/py_env/lib/python3.11/site-packages/airflow/example_dags/example_setup_teardown_taskflow.py for tasks to queue
[2025-04-16T00:10:42.597+0700] {logging_mixin.py:190} INFO - [2025-04-16T00:10:42.597+0700] {dagbag.py:588} INFO - Filling up the DagBag from /home/anhtupham99/NBA-analytics/py_env/lib/python3.11/site-packages/airflow/example_dags/example_setup_teardown_taskflow.py
[2025-04-16T00:10:42.608+0700] {processor.py:925} INFO - DAG(s) 'example_setup_teardown_taskflow' retrieved from /home/anhtupham99/NBA-analytics/py_env/lib/python3.11/site-packages/airflow/example_dags/example_setup_teardown_taskflow.py
[2025-04-16T00:10:42.622+0700] {logging_mixin.py:190} INFO - [2025-04-16T00:10:42.622+0700] {dag.py:3239} INFO - Sync 1 DAGs
[2025-04-16T00:10:42.631+0700] {logging_mixin.py:190} INFO - [2025-04-16T00:10:42.631+0700] {dag.py:4180} INFO - Setting next_dagrun for example_setup_teardown_taskflow to None, run_after=None
[2025-04-16T00:10:42.658+0700] {processor.py:208} INFO - Processing /home/anhtupham99/NBA-analytics/py_env/lib/python3.11/site-packages/airflow/example_dags/example_setup_teardown_taskflow.py took 0.069 seconds
[2025-04-16T00:11:33.103+0700] {processor.py:186} INFO - Started process (PID=329993) to work on /home/anhtupham99/NBA-analytics/py_env/lib/python3.11/site-packages/airflow/example_dags/example_setup_teardown_taskflow.py
[2025-04-16T00:11:33.105+0700] {processor.py:914} INFO - Processing file /home/anhtupham99/NBA-analytics/py_env/lib/python3.11/site-packages/airflow/example_dags/example_setup_teardown_taskflow.py for tasks to queue
[2025-04-16T00:11:33.107+0700] {logging_mixin.py:190} INFO - [2025-04-16T00:11:33.106+0700] {dagbag.py:588} INFO - Filling up the DagBag from /home/anhtupham99/NBA-analytics/py_env/lib/python3.11/site-packages/airflow/example_dags/example_setup_teardown_taskflow.py
[2025-04-16T00:11:33.116+0700] {processor.py:925} INFO - DAG(s) 'example_setup_teardown_taskflow' retrieved from /home/anhtupham99/NBA-analytics/py_env/lib/python3.11/site-packages/airflow/example_dags/example_setup_teardown_taskflow.py
[2025-04-16T00:11:33.131+0700] {logging_mixin.py:190} INFO - [2025-04-16T00:11:33.131+0700] {dag.py:3239} INFO - Sync 1 DAGs
[2025-04-16T00:11:33.142+0700] {logging_mixin.py:190} INFO - [2025-04-16T00:11:33.142+0700] {dag.py:4180} INFO - Setting next_dagrun for example_setup_teardown_taskflow to None, run_after=None
[2025-04-16T00:11:33.168+0700] {processor.py:208} INFO - Processing /home/anhtupham99/NBA-analytics/py_env/lib/python3.11/site-packages/airflow/example_dags/example_setup_teardown_taskflow.py took 0.070 seconds
[2025-04-16T00:12:19.089+0700] {processor.py:186} INFO - Started process (PID=331216) to work on /home/anhtupham99/NBA-analytics/py_env/lib/python3.11/site-packages/airflow/example_dags/example_setup_teardown_taskflow.py
[2025-04-16T00:12:19.092+0700] {processor.py:914} INFO - Processing file /home/anhtupham99/NBA-analytics/py_env/lib/python3.11/site-packages/airflow/example_dags/example_setup_teardown_taskflow.py for tasks to queue
[2025-04-16T00:12:19.096+0700] {logging_mixin.py:190} INFO - [2025-04-16T00:12:19.095+0700] {dagbag.py:588} INFO - Filling up the DagBag from /home/anhtupham99/NBA-analytics/py_env/lib/python3.11/site-packages/airflow/example_dags/example_setup_teardown_taskflow.py
[2025-04-16T00:12:19.116+0700] {processor.py:925} INFO - DAG(s) 'example_setup_teardown_taskflow' retrieved from /home/anhtupham99/NBA-analytics/py_env/lib/python3.11/site-packages/airflow/example_dags/example_setup_teardown_taskflow.py
[2025-04-16T00:12:19.142+0700] {logging_mixin.py:190} INFO - [2025-04-16T00:12:19.142+0700] {dag.py:3239} INFO - Sync 1 DAGs
[2025-04-16T00:12:19.159+0700] {logging_mixin.py:190} INFO - [2025-04-16T00:12:19.158+0700] {dag.py:4180} INFO - Setting next_dagrun for example_setup_teardown_taskflow to None, run_after=None
[2025-04-16T00:12:19.212+0700] {processor.py:208} INFO - Processing /home/anhtupham99/NBA-analytics/py_env/lib/python3.11/site-packages/airflow/example_dags/example_setup_teardown_taskflow.py took 0.133 seconds
[2025-04-16T00:13:05.216+0700] {processor.py:186} INFO - Started process (PID=332813) to work on /home/anhtupham99/NBA-analytics/py_env/lib/python3.11/site-packages/airflow/example_dags/example_setup_teardown_taskflow.py
[2025-04-16T00:13:05.218+0700] {processor.py:914} INFO - Processing file /home/anhtupham99/NBA-analytics/py_env/lib/python3.11/site-packages/airflow/example_dags/example_setup_teardown_taskflow.py for tasks to queue
[2025-04-16T00:13:05.221+0700] {logging_mixin.py:190} INFO - [2025-04-16T00:13:05.220+0700] {dagbag.py:588} INFO - Filling up the DagBag from /home/anhtupham99/NBA-analytics/py_env/lib/python3.11/site-packages/airflow/example_dags/example_setup_teardown_taskflow.py
[2025-04-16T00:13:05.232+0700] {processor.py:925} INFO - DAG(s) 'example_setup_teardown_taskflow' retrieved from /home/anhtupham99/NBA-analytics/py_env/lib/python3.11/site-packages/airflow/example_dags/example_setup_teardown_taskflow.py
[2025-04-16T00:13:05.247+0700] {logging_mixin.py:190} INFO - [2025-04-16T00:13:05.247+0700] {dag.py:3239} INFO - Sync 1 DAGs
[2025-04-16T00:13:05.258+0700] {logging_mixin.py:190} INFO - [2025-04-16T00:13:05.257+0700] {dag.py:4180} INFO - Setting next_dagrun for example_setup_teardown_taskflow to None, run_after=None
[2025-04-16T00:13:05.284+0700] {processor.py:208} INFO - Processing /home/anhtupham99/NBA-analytics/py_env/lib/python3.11/site-packages/airflow/example_dags/example_setup_teardown_taskflow.py took 0.073 seconds
[2025-04-16T00:13:54.599+0700] {processor.py:186} INFO - Started process (PID=334958) to work on /home/anhtupham99/NBA-analytics/py_env/lib/python3.11/site-packages/airflow/example_dags/example_setup_teardown_taskflow.py
[2025-04-16T00:13:54.600+0700] {processor.py:914} INFO - Processing file /home/anhtupham99/NBA-analytics/py_env/lib/python3.11/site-packages/airflow/example_dags/example_setup_teardown_taskflow.py for tasks to queue
[2025-04-16T00:13:54.604+0700] {logging_mixin.py:190} INFO - [2025-04-16T00:13:54.603+0700] {dagbag.py:588} INFO - Filling up the DagBag from /home/anhtupham99/NBA-analytics/py_env/lib/python3.11/site-packages/airflow/example_dags/example_setup_teardown_taskflow.py
[2025-04-16T00:13:54.616+0700] {processor.py:925} INFO - DAG(s) 'example_setup_teardown_taskflow' retrieved from /home/anhtupham99/NBA-analytics/py_env/lib/python3.11/site-packages/airflow/example_dags/example_setup_teardown_taskflow.py
[2025-04-16T00:13:54.634+0700] {logging_mixin.py:190} INFO - [2025-04-16T00:13:54.633+0700] {dag.py:3239} INFO - Sync 1 DAGs
[2025-04-16T00:13:54.647+0700] {logging_mixin.py:190} INFO - [2025-04-16T00:13:54.647+0700] {dag.py:4180} INFO - Setting next_dagrun for example_setup_teardown_taskflow to None, run_after=None
[2025-04-16T00:13:54.677+0700] {processor.py:208} INFO - Processing /home/anhtupham99/NBA-analytics/py_env/lib/python3.11/site-packages/airflow/example_dags/example_setup_teardown_taskflow.py took 0.086 seconds
[2025-04-16T00:14:44.750+0700] {processor.py:186} INFO - Started process (PID=336365) to work on /home/anhtupham99/NBA-analytics/py_env/lib/python3.11/site-packages/airflow/example_dags/example_setup_teardown_taskflow.py
[2025-04-16T00:14:44.751+0700] {processor.py:914} INFO - Processing file /home/anhtupham99/NBA-analytics/py_env/lib/python3.11/site-packages/airflow/example_dags/example_setup_teardown_taskflow.py for tasks to queue
[2025-04-16T00:14:44.752+0700] {logging_mixin.py:190} INFO - [2025-04-16T00:14:44.752+0700] {dagbag.py:588} INFO - Filling up the DagBag from /home/anhtupham99/NBA-analytics/py_env/lib/python3.11/site-packages/airflow/example_dags/example_setup_teardown_taskflow.py
[2025-04-16T00:14:44.760+0700] {processor.py:925} INFO - DAG(s) 'example_setup_teardown_taskflow' retrieved from /home/anhtupham99/NBA-analytics/py_env/lib/python3.11/site-packages/airflow/example_dags/example_setup_teardown_taskflow.py
[2025-04-16T00:14:44.772+0700] {logging_mixin.py:190} INFO - [2025-04-16T00:14:44.772+0700] {dag.py:3239} INFO - Sync 1 DAGs
[2025-04-16T00:14:44.780+0700] {logging_mixin.py:190} INFO - [2025-04-16T00:14:44.780+0700] {dag.py:4180} INFO - Setting next_dagrun for example_setup_teardown_taskflow to None, run_after=None
[2025-04-16T00:14:44.803+0700] {processor.py:208} INFO - Processing /home/anhtupham99/NBA-analytics/py_env/lib/python3.11/site-packages/airflow/example_dags/example_setup_teardown_taskflow.py took 0.058 seconds
[2025-04-16T00:15:33.812+0700] {processor.py:186} INFO - Started process (PID=338816) to work on /home/anhtupham99/NBA-analytics/py_env/lib/python3.11/site-packages/airflow/example_dags/example_setup_teardown_taskflow.py
[2025-04-16T00:15:33.813+0700] {processor.py:914} INFO - Processing file /home/anhtupham99/NBA-analytics/py_env/lib/python3.11/site-packages/airflow/example_dags/example_setup_teardown_taskflow.py for tasks to queue
[2025-04-16T00:15:33.815+0700] {logging_mixin.py:190} INFO - [2025-04-16T00:15:33.815+0700] {dagbag.py:588} INFO - Filling up the DagBag from /home/anhtupham99/NBA-analytics/py_env/lib/python3.11/site-packages/airflow/example_dags/example_setup_teardown_taskflow.py
[2025-04-16T00:15:33.825+0700] {processor.py:925} INFO - DAG(s) 'example_setup_teardown_taskflow' retrieved from /home/anhtupham99/NBA-analytics/py_env/lib/python3.11/site-packages/airflow/example_dags/example_setup_teardown_taskflow.py
[2025-04-16T00:15:33.840+0700] {logging_mixin.py:190} INFO - [2025-04-16T00:15:33.840+0700] {dag.py:3239} INFO - Sync 1 DAGs
[2025-04-16T00:15:33.850+0700] {logging_mixin.py:190} INFO - [2025-04-16T00:15:33.850+0700] {dag.py:4180} INFO - Setting next_dagrun for example_setup_teardown_taskflow to None, run_after=None
[2025-04-16T00:15:33.880+0700] {processor.py:208} INFO - Processing /home/anhtupham99/NBA-analytics/py_env/lib/python3.11/site-packages/airflow/example_dags/example_setup_teardown_taskflow.py took 0.075 seconds
[2025-04-16T00:16:23.912+0700] {processor.py:186} INFO - Started process (PID=341595) to work on /home/anhtupham99/NBA-analytics/py_env/lib/python3.11/site-packages/airflow/example_dags/example_setup_teardown_taskflow.py
[2025-04-16T00:16:23.916+0700] {processor.py:914} INFO - Processing file /home/anhtupham99/NBA-analytics/py_env/lib/python3.11/site-packages/airflow/example_dags/example_setup_teardown_taskflow.py for tasks to queue
[2025-04-16T00:16:23.919+0700] {logging_mixin.py:190} INFO - [2025-04-16T00:16:23.919+0700] {dagbag.py:588} INFO - Filling up the DagBag from /home/anhtupham99/NBA-analytics/py_env/lib/python3.11/site-packages/airflow/example_dags/example_setup_teardown_taskflow.py
[2025-04-16T00:16:23.931+0700] {processor.py:925} INFO - DAG(s) 'example_setup_teardown_taskflow' retrieved from /home/anhtupham99/NBA-analytics/py_env/lib/python3.11/site-packages/airflow/example_dags/example_setup_teardown_taskflow.py
[2025-04-16T00:16:23.946+0700] {logging_mixin.py:190} INFO - [2025-04-16T00:16:23.946+0700] {dag.py:3239} INFO - Sync 1 DAGs
[2025-04-16T00:16:23.956+0700] {logging_mixin.py:190} INFO - [2025-04-16T00:16:23.955+0700] {dag.py:4180} INFO - Setting next_dagrun for example_setup_teardown_taskflow to None, run_after=None
[2025-04-16T00:16:23.989+0700] {processor.py:208} INFO - Processing /home/anhtupham99/NBA-analytics/py_env/lib/python3.11/site-packages/airflow/example_dags/example_setup_teardown_taskflow.py took 0.082 seconds
[2025-04-16T00:17:14.638+0700] {processor.py:186} INFO - Started process (PID=343581) to work on /home/anhtupham99/NBA-analytics/py_env/lib/python3.11/site-packages/airflow/example_dags/example_setup_teardown_taskflow.py
[2025-04-16T00:17:14.639+0700] {processor.py:914} INFO - Processing file /home/anhtupham99/NBA-analytics/py_env/lib/python3.11/site-packages/airflow/example_dags/example_setup_teardown_taskflow.py for tasks to queue
[2025-04-16T00:17:14.641+0700] {logging_mixin.py:190} INFO - [2025-04-16T00:17:14.640+0700] {dagbag.py:588} INFO - Filling up the DagBag from /home/anhtupham99/NBA-analytics/py_env/lib/python3.11/site-packages/airflow/example_dags/example_setup_teardown_taskflow.py
[2025-04-16T00:17:14.649+0700] {processor.py:925} INFO - DAG(s) 'example_setup_teardown_taskflow' retrieved from /home/anhtupham99/NBA-analytics/py_env/lib/python3.11/site-packages/airflow/example_dags/example_setup_teardown_taskflow.py
[2025-04-16T00:17:14.661+0700] {logging_mixin.py:190} INFO - [2025-04-16T00:17:14.661+0700] {dag.py:3239} INFO - Sync 1 DAGs
[2025-04-16T00:17:14.670+0700] {logging_mixin.py:190} INFO - [2025-04-16T00:17:14.670+0700] {dag.py:4180} INFO - Setting next_dagrun for example_setup_teardown_taskflow to None, run_after=None
[2025-04-16T00:17:14.693+0700] {processor.py:208} INFO - Processing /home/anhtupham99/NBA-analytics/py_env/lib/python3.11/site-packages/airflow/example_dags/example_setup_teardown_taskflow.py took 0.060 seconds
[2025-04-16T00:18:03.273+0700] {processor.py:186} INFO - Started process (PID=345561) to work on /home/anhtupham99/NBA-analytics/py_env/lib/python3.11/site-packages/airflow/example_dags/example_setup_teardown_taskflow.py
[2025-04-16T00:18:03.274+0700] {processor.py:914} INFO - Processing file /home/anhtupham99/NBA-analytics/py_env/lib/python3.11/site-packages/airflow/example_dags/example_setup_teardown_taskflow.py for tasks to queue
[2025-04-16T00:18:03.276+0700] {logging_mixin.py:190} INFO - [2025-04-16T00:18:03.276+0700] {dagbag.py:588} INFO - Filling up the DagBag from /home/anhtupham99/NBA-analytics/py_env/lib/python3.11/site-packages/airflow/example_dags/example_setup_teardown_taskflow.py
[2025-04-16T00:18:03.286+0700] {processor.py:925} INFO - DAG(s) 'example_setup_teardown_taskflow' retrieved from /home/anhtupham99/NBA-analytics/py_env/lib/python3.11/site-packages/airflow/example_dags/example_setup_teardown_taskflow.py
[2025-04-16T00:18:03.300+0700] {logging_mixin.py:190} INFO - [2025-04-16T00:18:03.300+0700] {dag.py:3239} INFO - Sync 1 DAGs
[2025-04-16T00:18:03.309+0700] {logging_mixin.py:190} INFO - [2025-04-16T00:18:03.309+0700] {dag.py:4180} INFO - Setting next_dagrun for example_setup_teardown_taskflow to None, run_after=None
[2025-04-16T00:18:03.334+0700] {processor.py:208} INFO - Processing /home/anhtupham99/NBA-analytics/py_env/lib/python3.11/site-packages/airflow/example_dags/example_setup_teardown_taskflow.py took 0.066 seconds
[2025-04-16T00:18:53.787+0700] {processor.py:186} INFO - Started process (PID=348336) to work on /home/anhtupham99/NBA-analytics/py_env/lib/python3.11/site-packages/airflow/example_dags/example_setup_teardown_taskflow.py
[2025-04-16T00:18:53.788+0700] {processor.py:914} INFO - Processing file /home/anhtupham99/NBA-analytics/py_env/lib/python3.11/site-packages/airflow/example_dags/example_setup_teardown_taskflow.py for tasks to queue
[2025-04-16T00:18:53.790+0700] {logging_mixin.py:190} INFO - [2025-04-16T00:18:53.790+0700] {dagbag.py:588} INFO - Filling up the DagBag from /home/anhtupham99/NBA-analytics/py_env/lib/python3.11/site-packages/airflow/example_dags/example_setup_teardown_taskflow.py
[2025-04-16T00:18:53.801+0700] {processor.py:925} INFO - DAG(s) 'example_setup_teardown_taskflow' retrieved from /home/anhtupham99/NBA-analytics/py_env/lib/python3.11/site-packages/airflow/example_dags/example_setup_teardown_taskflow.py
[2025-04-16T00:18:53.817+0700] {logging_mixin.py:190} INFO - [2025-04-16T00:18:53.817+0700] {dag.py:3239} INFO - Sync 1 DAGs
[2025-04-16T00:18:53.829+0700] {logging_mixin.py:190} INFO - [2025-04-16T00:18:53.829+0700] {dag.py:4180} INFO - Setting next_dagrun for example_setup_teardown_taskflow to None, run_after=None
[2025-04-16T00:18:53.863+0700] {processor.py:208} INFO - Processing /home/anhtupham99/NBA-analytics/py_env/lib/python3.11/site-packages/airflow/example_dags/example_setup_teardown_taskflow.py took 0.081 seconds
[2025-04-16T00:19:44.625+0700] {processor.py:186} INFO - Started process (PID=350432) to work on /home/anhtupham99/NBA-analytics/py_env/lib/python3.11/site-packages/airflow/example_dags/example_setup_teardown_taskflow.py
[2025-04-16T00:19:44.627+0700] {processor.py:914} INFO - Processing file /home/anhtupham99/NBA-analytics/py_env/lib/python3.11/site-packages/airflow/example_dags/example_setup_teardown_taskflow.py for tasks to queue
[2025-04-16T00:19:44.629+0700] {logging_mixin.py:190} INFO - [2025-04-16T00:19:44.628+0700] {dagbag.py:588} INFO - Filling up the DagBag from /home/anhtupham99/NBA-analytics/py_env/lib/python3.11/site-packages/airflow/example_dags/example_setup_teardown_taskflow.py
[2025-04-16T00:19:44.640+0700] {processor.py:925} INFO - DAG(s) 'example_setup_teardown_taskflow' retrieved from /home/anhtupham99/NBA-analytics/py_env/lib/python3.11/site-packages/airflow/example_dags/example_setup_teardown_taskflow.py
[2025-04-16T00:19:44.656+0700] {logging_mixin.py:190} INFO - [2025-04-16T00:19:44.656+0700] {dag.py:3239} INFO - Sync 1 DAGs
[2025-04-16T00:19:44.667+0700] {logging_mixin.py:190} INFO - [2025-04-16T00:19:44.667+0700] {dag.py:4180} INFO - Setting next_dagrun for example_setup_teardown_taskflow to None, run_after=None
[2025-04-16T00:19:44.694+0700] {processor.py:208} INFO - Processing /home/anhtupham99/NBA-analytics/py_env/lib/python3.11/site-packages/airflow/example_dags/example_setup_teardown_taskflow.py took 0.074 seconds
[2025-04-16T00:20:31.969+0700] {processor.py:186} INFO - Started process (PID=352416) to work on /home/anhtupham99/NBA-analytics/py_env/lib/python3.11/site-packages/airflow/example_dags/example_setup_teardown_taskflow.py
[2025-04-16T00:20:31.971+0700] {processor.py:914} INFO - Processing file /home/anhtupham99/NBA-analytics/py_env/lib/python3.11/site-packages/airflow/example_dags/example_setup_teardown_taskflow.py for tasks to queue
[2025-04-16T00:20:31.972+0700] {logging_mixin.py:190} INFO - [2025-04-16T00:20:31.972+0700] {dagbag.py:588} INFO - Filling up the DagBag from /home/anhtupham99/NBA-analytics/py_env/lib/python3.11/site-packages/airflow/example_dags/example_setup_teardown_taskflow.py
[2025-04-16T00:20:31.981+0700] {processor.py:925} INFO - DAG(s) 'example_setup_teardown_taskflow' retrieved from /home/anhtupham99/NBA-analytics/py_env/lib/python3.11/site-packages/airflow/example_dags/example_setup_teardown_taskflow.py
[2025-04-16T00:20:31.993+0700] {logging_mixin.py:190} INFO - [2025-04-16T00:20:31.993+0700] {dag.py:3239} INFO - Sync 1 DAGs
[2025-04-16T00:20:32.002+0700] {logging_mixin.py:190} INFO - [2025-04-16T00:20:32.002+0700] {dag.py:4180} INFO - Setting next_dagrun for example_setup_teardown_taskflow to None, run_after=None
[2025-04-16T00:20:32.026+0700] {processor.py:208} INFO - Processing /home/anhtupham99/NBA-analytics/py_env/lib/python3.11/site-packages/airflow/example_dags/example_setup_teardown_taskflow.py took 0.061 seconds
[2025-04-16T00:21:22.514+0700] {processor.py:186} INFO - Started process (PID=354082) to work on /home/anhtupham99/NBA-analytics/py_env/lib/python3.11/site-packages/airflow/example_dags/example_setup_teardown_taskflow.py
[2025-04-16T00:21:22.516+0700] {processor.py:914} INFO - Processing file /home/anhtupham99/NBA-analytics/py_env/lib/python3.11/site-packages/airflow/example_dags/example_setup_teardown_taskflow.py for tasks to queue
[2025-04-16T00:21:22.518+0700] {logging_mixin.py:190} INFO - [2025-04-16T00:21:22.518+0700] {dagbag.py:588} INFO - Filling up the DagBag from /home/anhtupham99/NBA-analytics/py_env/lib/python3.11/site-packages/airflow/example_dags/example_setup_teardown_taskflow.py
[2025-04-16T00:21:22.531+0700] {processor.py:925} INFO - DAG(s) 'example_setup_teardown_taskflow' retrieved from /home/anhtupham99/NBA-analytics/py_env/lib/python3.11/site-packages/airflow/example_dags/example_setup_teardown_taskflow.py
[2025-04-16T00:21:22.551+0700] {logging_mixin.py:190} INFO - [2025-04-16T00:21:22.550+0700] {dag.py:3239} INFO - Sync 1 DAGs
[2025-04-16T00:21:22.567+0700] {logging_mixin.py:190} INFO - [2025-04-16T00:21:22.567+0700] {dag.py:4180} INFO - Setting next_dagrun for example_setup_teardown_taskflow to None, run_after=None
[2025-04-16T00:21:22.599+0700] {processor.py:208} INFO - Processing /home/anhtupham99/NBA-analytics/py_env/lib/python3.11/site-packages/airflow/example_dags/example_setup_teardown_taskflow.py took 0.091 seconds
[2025-04-16T00:22:14.209+0700] {processor.py:186} INFO - Started process (PID=356506) to work on /home/anhtupham99/NBA-analytics/py_env/lib/python3.11/site-packages/airflow/example_dags/example_setup_teardown_taskflow.py
[2025-04-16T00:22:14.211+0700] {processor.py:914} INFO - Processing file /home/anhtupham99/NBA-analytics/py_env/lib/python3.11/site-packages/airflow/example_dags/example_setup_teardown_taskflow.py for tasks to queue
[2025-04-16T00:22:14.213+0700] {logging_mixin.py:190} INFO - [2025-04-16T00:22:14.212+0700] {dagbag.py:588} INFO - Filling up the DagBag from /home/anhtupham99/NBA-analytics/py_env/lib/python3.11/site-packages/airflow/example_dags/example_setup_teardown_taskflow.py
[2025-04-16T00:22:14.225+0700] {processor.py:925} INFO - DAG(s) 'example_setup_teardown_taskflow' retrieved from /home/anhtupham99/NBA-analytics/py_env/lib/python3.11/site-packages/airflow/example_dags/example_setup_teardown_taskflow.py
[2025-04-16T00:22:14.243+0700] {logging_mixin.py:190} INFO - [2025-04-16T00:22:14.243+0700] {dag.py:3239} INFO - Sync 1 DAGs
[2025-04-16T00:22:14.261+0700] {logging_mixin.py:190} INFO - [2025-04-16T00:22:14.261+0700] {dag.py:4180} INFO - Setting next_dagrun for example_setup_teardown_taskflow to None, run_after=None
[2025-04-16T00:22:14.304+0700] {processor.py:208} INFO - Processing /home/anhtupham99/NBA-analytics/py_env/lib/python3.11/site-packages/airflow/example_dags/example_setup_teardown_taskflow.py took 0.102 seconds
[2025-04-16T00:23:05.143+0700] {processor.py:186} INFO - Started process (PID=357524) to work on /home/anhtupham99/NBA-analytics/py_env/lib/python3.11/site-packages/airflow/example_dags/example_setup_teardown_taskflow.py
[2025-04-16T00:23:05.145+0700] {processor.py:914} INFO - Processing file /home/anhtupham99/NBA-analytics/py_env/lib/python3.11/site-packages/airflow/example_dags/example_setup_teardown_taskflow.py for tasks to queue
[2025-04-16T00:23:05.146+0700] {logging_mixin.py:190} INFO - [2025-04-16T00:23:05.146+0700] {dagbag.py:588} INFO - Filling up the DagBag from /home/anhtupham99/NBA-analytics/py_env/lib/python3.11/site-packages/airflow/example_dags/example_setup_teardown_taskflow.py
[2025-04-16T00:23:05.154+0700] {processor.py:925} INFO - DAG(s) 'example_setup_teardown_taskflow' retrieved from /home/anhtupham99/NBA-analytics/py_env/lib/python3.11/site-packages/airflow/example_dags/example_setup_teardown_taskflow.py
[2025-04-16T00:23:05.166+0700] {logging_mixin.py:190} INFO - [2025-04-16T00:23:05.166+0700] {dag.py:3239} INFO - Sync 1 DAGs
[2025-04-16T00:23:05.175+0700] {logging_mixin.py:190} INFO - [2025-04-16T00:23:05.174+0700] {dag.py:4180} INFO - Setting next_dagrun for example_setup_teardown_taskflow to None, run_after=None
[2025-04-16T00:23:05.201+0700] {processor.py:208} INFO - Processing /home/anhtupham99/NBA-analytics/py_env/lib/python3.11/site-packages/airflow/example_dags/example_setup_teardown_taskflow.py took 0.062 seconds
[2025-04-16T00:23:49.513+0700] {processor.py:186} INFO - Started process (PID=358921) to work on /home/anhtupham99/NBA-analytics/py_env/lib/python3.11/site-packages/airflow/example_dags/example_setup_teardown_taskflow.py
[2025-04-16T00:23:49.515+0700] {processor.py:914} INFO - Processing file /home/anhtupham99/NBA-analytics/py_env/lib/python3.11/site-packages/airflow/example_dags/example_setup_teardown_taskflow.py for tasks to queue
[2025-04-16T00:23:49.517+0700] {logging_mixin.py:190} INFO - [2025-04-16T00:23:49.516+0700] {dagbag.py:588} INFO - Filling up the DagBag from /home/anhtupham99/NBA-analytics/py_env/lib/python3.11/site-packages/airflow/example_dags/example_setup_teardown_taskflow.py
[2025-04-16T00:23:49.526+0700] {processor.py:925} INFO - DAG(s) 'example_setup_teardown_taskflow' retrieved from /home/anhtupham99/NBA-analytics/py_env/lib/python3.11/site-packages/airflow/example_dags/example_setup_teardown_taskflow.py
[2025-04-16T00:23:49.541+0700] {logging_mixin.py:190} INFO - [2025-04-16T00:23:49.540+0700] {dag.py:3239} INFO - Sync 1 DAGs
[2025-04-16T00:23:49.552+0700] {logging_mixin.py:190} INFO - [2025-04-16T00:23:49.551+0700] {dag.py:4180} INFO - Setting next_dagrun for example_setup_teardown_taskflow to None, run_after=None
[2025-04-16T00:23:49.577+0700] {processor.py:208} INFO - Processing /home/anhtupham99/NBA-analytics/py_env/lib/python3.11/site-packages/airflow/example_dags/example_setup_teardown_taskflow.py took 0.070 seconds
[2025-04-16T00:24:39.741+0700] {processor.py:186} INFO - Started process (PID=361004) to work on /home/anhtupham99/NBA-analytics/py_env/lib/python3.11/site-packages/airflow/example_dags/example_setup_teardown_taskflow.py
[2025-04-16T00:24:39.742+0700] {processor.py:914} INFO - Processing file /home/anhtupham99/NBA-analytics/py_env/lib/python3.11/site-packages/airflow/example_dags/example_setup_teardown_taskflow.py for tasks to queue
[2025-04-16T00:24:39.744+0700] {logging_mixin.py:190} INFO - [2025-04-16T00:24:39.743+0700] {dagbag.py:588} INFO - Filling up the DagBag from /home/anhtupham99/NBA-analytics/py_env/lib/python3.11/site-packages/airflow/example_dags/example_setup_teardown_taskflow.py
[2025-04-16T00:24:39.752+0700] {processor.py:925} INFO - DAG(s) 'example_setup_teardown_taskflow' retrieved from /home/anhtupham99/NBA-analytics/py_env/lib/python3.11/site-packages/airflow/example_dags/example_setup_teardown_taskflow.py
[2025-04-16T00:24:39.765+0700] {logging_mixin.py:190} INFO - [2025-04-16T00:24:39.765+0700] {dag.py:3239} INFO - Sync 1 DAGs
[2025-04-16T00:24:39.774+0700] {logging_mixin.py:190} INFO - [2025-04-16T00:24:39.774+0700] {dag.py:4180} INFO - Setting next_dagrun for example_setup_teardown_taskflow to None, run_after=None
[2025-04-16T00:24:39.796+0700] {processor.py:208} INFO - Processing /home/anhtupham99/NBA-analytics/py_env/lib/python3.11/site-packages/airflow/example_dags/example_setup_teardown_taskflow.py took 0.060 seconds
[2025-04-16T00:25:29.770+0700] {processor.py:186} INFO - Started process (PID=363386) to work on /home/anhtupham99/NBA-analytics/py_env/lib/python3.11/site-packages/airflow/example_dags/example_setup_teardown_taskflow.py
[2025-04-16T00:25:29.772+0700] {processor.py:914} INFO - Processing file /home/anhtupham99/NBA-analytics/py_env/lib/python3.11/site-packages/airflow/example_dags/example_setup_teardown_taskflow.py for tasks to queue
[2025-04-16T00:25:29.773+0700] {logging_mixin.py:190} INFO - [2025-04-16T00:25:29.773+0700] {dagbag.py:588} INFO - Filling up the DagBag from /home/anhtupham99/NBA-analytics/py_env/lib/python3.11/site-packages/airflow/example_dags/example_setup_teardown_taskflow.py
[2025-04-16T00:25:29.782+0700] {processor.py:925} INFO - DAG(s) 'example_setup_teardown_taskflow' retrieved from /home/anhtupham99/NBA-analytics/py_env/lib/python3.11/site-packages/airflow/example_dags/example_setup_teardown_taskflow.py
[2025-04-16T00:25:29.793+0700] {logging_mixin.py:190} INFO - [2025-04-16T00:25:29.793+0700] {dag.py:3239} INFO - Sync 1 DAGs
[2025-04-16T00:25:29.803+0700] {logging_mixin.py:190} INFO - [2025-04-16T00:25:29.802+0700] {dag.py:4180} INFO - Setting next_dagrun for example_setup_teardown_taskflow to None, run_after=None
[2025-04-16T00:25:29.833+0700] {processor.py:208} INFO - Processing /home/anhtupham99/NBA-analytics/py_env/lib/python3.11/site-packages/airflow/example_dags/example_setup_teardown_taskflow.py took 0.068 seconds
[2025-04-16T00:26:16.028+0700] {processor.py:186} INFO - Started process (PID=364476) to work on /home/anhtupham99/NBA-analytics/py_env/lib/python3.11/site-packages/airflow/example_dags/example_setup_teardown_taskflow.py
[2025-04-16T00:26:16.029+0700] {processor.py:914} INFO - Processing file /home/anhtupham99/NBA-analytics/py_env/lib/python3.11/site-packages/airflow/example_dags/example_setup_teardown_taskflow.py for tasks to queue
[2025-04-16T00:26:16.031+0700] {logging_mixin.py:190} INFO - [2025-04-16T00:26:16.030+0700] {dagbag.py:588} INFO - Filling up the DagBag from /home/anhtupham99/NBA-analytics/py_env/lib/python3.11/site-packages/airflow/example_dags/example_setup_teardown_taskflow.py
[2025-04-16T00:26:16.039+0700] {processor.py:925} INFO - DAG(s) 'example_setup_teardown_taskflow' retrieved from /home/anhtupham99/NBA-analytics/py_env/lib/python3.11/site-packages/airflow/example_dags/example_setup_teardown_taskflow.py
[2025-04-16T00:26:16.050+0700] {logging_mixin.py:190} INFO - [2025-04-16T00:26:16.050+0700] {dag.py:3239} INFO - Sync 1 DAGs
[2025-04-16T00:26:16.058+0700] {logging_mixin.py:190} INFO - [2025-04-16T00:26:16.058+0700] {dag.py:4180} INFO - Setting next_dagrun for example_setup_teardown_taskflow to None, run_after=None
[2025-04-16T00:26:16.082+0700] {processor.py:208} INFO - Processing /home/anhtupham99/NBA-analytics/py_env/lib/python3.11/site-packages/airflow/example_dags/example_setup_teardown_taskflow.py took 0.058 seconds
[2025-04-16T00:27:06.125+0700] {processor.py:186} INFO - Started process (PID=365632) to work on /home/anhtupham99/NBA-analytics/py_env/lib/python3.11/site-packages/airflow/example_dags/example_setup_teardown_taskflow.py
[2025-04-16T00:27:06.126+0700] {processor.py:914} INFO - Processing file /home/anhtupham99/NBA-analytics/py_env/lib/python3.11/site-packages/airflow/example_dags/example_setup_teardown_taskflow.py for tasks to queue
[2025-04-16T00:27:06.128+0700] {logging_mixin.py:190} INFO - [2025-04-16T00:27:06.128+0700] {dagbag.py:588} INFO - Filling up the DagBag from /home/anhtupham99/NBA-analytics/py_env/lib/python3.11/site-packages/airflow/example_dags/example_setup_teardown_taskflow.py
[2025-04-16T00:27:06.136+0700] {processor.py:925} INFO - DAG(s) 'example_setup_teardown_taskflow' retrieved from /home/anhtupham99/NBA-analytics/py_env/lib/python3.11/site-packages/airflow/example_dags/example_setup_teardown_taskflow.py
[2025-04-16T00:27:06.148+0700] {logging_mixin.py:190} INFO - [2025-04-16T00:27:06.148+0700] {dag.py:3239} INFO - Sync 1 DAGs
[2025-04-16T00:27:06.156+0700] {logging_mixin.py:190} INFO - [2025-04-16T00:27:06.156+0700] {dag.py:4180} INFO - Setting next_dagrun for example_setup_teardown_taskflow to None, run_after=None
[2025-04-16T00:27:06.182+0700] {processor.py:208} INFO - Processing /home/anhtupham99/NBA-analytics/py_env/lib/python3.11/site-packages/airflow/example_dags/example_setup_teardown_taskflow.py took 0.061 seconds
[2025-04-16T00:27:52.536+0700] {processor.py:186} INFO - Started process (PID=366770) to work on /home/anhtupham99/NBA-analytics/py_env/lib/python3.11/site-packages/airflow/example_dags/example_setup_teardown_taskflow.py
[2025-04-16T00:27:52.537+0700] {processor.py:914} INFO - Processing file /home/anhtupham99/NBA-analytics/py_env/lib/python3.11/site-packages/airflow/example_dags/example_setup_teardown_taskflow.py for tasks to queue
[2025-04-16T00:27:52.540+0700] {logging_mixin.py:190} INFO - [2025-04-16T00:27:52.540+0700] {dagbag.py:588} INFO - Filling up the DagBag from /home/anhtupham99/NBA-analytics/py_env/lib/python3.11/site-packages/airflow/example_dags/example_setup_teardown_taskflow.py
[2025-04-16T00:27:52.552+0700] {processor.py:925} INFO - DAG(s) 'example_setup_teardown_taskflow' retrieved from /home/anhtupham99/NBA-analytics/py_env/lib/python3.11/site-packages/airflow/example_dags/example_setup_teardown_taskflow.py
[2025-04-16T00:27:52.571+0700] {logging_mixin.py:190} INFO - [2025-04-16T00:27:52.571+0700] {dag.py:3239} INFO - Sync 1 DAGs
[2025-04-16T00:27:52.586+0700] {logging_mixin.py:190} INFO - [2025-04-16T00:27:52.586+0700] {dag.py:4180} INFO - Setting next_dagrun for example_setup_teardown_taskflow to None, run_after=None
[2025-04-16T00:27:52.619+0700] {processor.py:208} INFO - Processing /home/anhtupham99/NBA-analytics/py_env/lib/python3.11/site-packages/airflow/example_dags/example_setup_teardown_taskflow.py took 0.093 seconds
[2025-04-16T00:28:41.481+0700] {processor.py:186} INFO - Started process (PID=368068) to work on /home/anhtupham99/NBA-analytics/py_env/lib/python3.11/site-packages/airflow/example_dags/example_setup_teardown_taskflow.py
[2025-04-16T00:28:41.485+0700] {processor.py:914} INFO - Processing file /home/anhtupham99/NBA-analytics/py_env/lib/python3.11/site-packages/airflow/example_dags/example_setup_teardown_taskflow.py for tasks to queue
[2025-04-16T00:28:41.488+0700] {logging_mixin.py:190} INFO - [2025-04-16T00:28:41.487+0700] {dagbag.py:588} INFO - Filling up the DagBag from /home/anhtupham99/NBA-analytics/py_env/lib/python3.11/site-packages/airflow/example_dags/example_setup_teardown_taskflow.py
[2025-04-16T00:28:41.498+0700] {processor.py:925} INFO - DAG(s) 'example_setup_teardown_taskflow' retrieved from /home/anhtupham99/NBA-analytics/py_env/lib/python3.11/site-packages/airflow/example_dags/example_setup_teardown_taskflow.py
[2025-04-16T00:28:41.513+0700] {logging_mixin.py:190} INFO - [2025-04-16T00:28:41.513+0700] {dag.py:3239} INFO - Sync 1 DAGs
[2025-04-16T00:28:41.524+0700] {logging_mixin.py:190} INFO - [2025-04-16T00:28:41.524+0700] {dag.py:4180} INFO - Setting next_dagrun for example_setup_teardown_taskflow to None, run_after=None
[2025-04-16T00:28:41.554+0700] {processor.py:208} INFO - Processing /home/anhtupham99/NBA-analytics/py_env/lib/python3.11/site-packages/airflow/example_dags/example_setup_teardown_taskflow.py took 0.079 seconds
[2025-04-16T00:29:28.233+0700] {processor.py:186} INFO - Started process (PID=369150) to work on /home/anhtupham99/NBA-analytics/py_env/lib/python3.11/site-packages/airflow/example_dags/example_setup_teardown_taskflow.py
[2025-04-16T00:29:28.235+0700] {processor.py:914} INFO - Processing file /home/anhtupham99/NBA-analytics/py_env/lib/python3.11/site-packages/airflow/example_dags/example_setup_teardown_taskflow.py for tasks to queue
[2025-04-16T00:29:28.236+0700] {logging_mixin.py:190} INFO - [2025-04-16T00:29:28.236+0700] {dagbag.py:588} INFO - Filling up the DagBag from /home/anhtupham99/NBA-analytics/py_env/lib/python3.11/site-packages/airflow/example_dags/example_setup_teardown_taskflow.py
[2025-04-16T00:29:28.244+0700] {processor.py:925} INFO - DAG(s) 'example_setup_teardown_taskflow' retrieved from /home/anhtupham99/NBA-analytics/py_env/lib/python3.11/site-packages/airflow/example_dags/example_setup_teardown_taskflow.py
[2025-04-16T00:29:28.256+0700] {logging_mixin.py:190} INFO - [2025-04-16T00:29:28.255+0700] {dag.py:3239} INFO - Sync 1 DAGs
[2025-04-16T00:29:28.268+0700] {logging_mixin.py:190} INFO - [2025-04-16T00:29:28.268+0700] {dag.py:4180} INFO - Setting next_dagrun for example_setup_teardown_taskflow to None, run_after=None
[2025-04-16T00:29:28.293+0700] {processor.py:208} INFO - Processing /home/anhtupham99/NBA-analytics/py_env/lib/python3.11/site-packages/airflow/example_dags/example_setup_teardown_taskflow.py took 0.065 seconds
[2025-04-16T00:30:17.382+0700] {processor.py:186} INFO - Started process (PID=370305) to work on /home/anhtupham99/NBA-analytics/py_env/lib/python3.11/site-packages/airflow/example_dags/example_setup_teardown_taskflow.py
[2025-04-16T00:30:17.384+0700] {processor.py:914} INFO - Processing file /home/anhtupham99/NBA-analytics/py_env/lib/python3.11/site-packages/airflow/example_dags/example_setup_teardown_taskflow.py for tasks to queue
[2025-04-16T00:30:17.385+0700] {logging_mixin.py:190} INFO - [2025-04-16T00:30:17.385+0700] {dagbag.py:588} INFO - Filling up the DagBag from /home/anhtupham99/NBA-analytics/py_env/lib/python3.11/site-packages/airflow/example_dags/example_setup_teardown_taskflow.py
[2025-04-16T00:30:17.393+0700] {processor.py:925} INFO - DAG(s) 'example_setup_teardown_taskflow' retrieved from /home/anhtupham99/NBA-analytics/py_env/lib/python3.11/site-packages/airflow/example_dags/example_setup_teardown_taskflow.py
[2025-04-16T00:30:17.405+0700] {logging_mixin.py:190} INFO - [2025-04-16T00:30:17.405+0700] {dag.py:3239} INFO - Sync 1 DAGs
[2025-04-16T00:30:17.414+0700] {logging_mixin.py:190} INFO - [2025-04-16T00:30:17.414+0700] {dag.py:4180} INFO - Setting next_dagrun for example_setup_teardown_taskflow to None, run_after=None
[2025-04-16T00:30:17.437+0700] {processor.py:208} INFO - Processing /home/anhtupham99/NBA-analytics/py_env/lib/python3.11/site-packages/airflow/example_dags/example_setup_teardown_taskflow.py took 0.059 seconds
[2025-04-16T00:31:05.209+0700] {processor.py:186} INFO - Started process (PID=371680) to work on /home/anhtupham99/NBA-analytics/py_env/lib/python3.11/site-packages/airflow/example_dags/example_setup_teardown_taskflow.py
[2025-04-16T00:31:05.210+0700] {processor.py:914} INFO - Processing file /home/anhtupham99/NBA-analytics/py_env/lib/python3.11/site-packages/airflow/example_dags/example_setup_teardown_taskflow.py for tasks to queue
[2025-04-16T00:31:05.212+0700] {logging_mixin.py:190} INFO - [2025-04-16T00:31:05.211+0700] {dagbag.py:588} INFO - Filling up the DagBag from /home/anhtupham99/NBA-analytics/py_env/lib/python3.11/site-packages/airflow/example_dags/example_setup_teardown_taskflow.py
[2025-04-16T00:31:05.221+0700] {processor.py:925} INFO - DAG(s) 'example_setup_teardown_taskflow' retrieved from /home/anhtupham99/NBA-analytics/py_env/lib/python3.11/site-packages/airflow/example_dags/example_setup_teardown_taskflow.py
[2025-04-16T00:31:05.235+0700] {logging_mixin.py:190} INFO - [2025-04-16T00:31:05.235+0700] {dag.py:3239} INFO - Sync 1 DAGs
[2025-04-16T00:31:05.245+0700] {logging_mixin.py:190} INFO - [2025-04-16T00:31:05.244+0700] {dag.py:4180} INFO - Setting next_dagrun for example_setup_teardown_taskflow to None, run_after=None
[2025-04-16T00:31:05.268+0700] {processor.py:208} INFO - Processing /home/anhtupham99/NBA-analytics/py_env/lib/python3.11/site-packages/airflow/example_dags/example_setup_teardown_taskflow.py took 0.064 seconds
[2025-04-16T00:31:49.836+0700] {processor.py:186} INFO - Started process (PID=372757) to work on /home/anhtupham99/NBA-analytics/py_env/lib/python3.11/site-packages/airflow/example_dags/example_setup_teardown_taskflow.py
[2025-04-16T00:31:49.838+0700] {processor.py:914} INFO - Processing file /home/anhtupham99/NBA-analytics/py_env/lib/python3.11/site-packages/airflow/example_dags/example_setup_teardown_taskflow.py for tasks to queue
[2025-04-16T00:31:49.839+0700] {logging_mixin.py:190} INFO - [2025-04-16T00:31:49.839+0700] {dagbag.py:588} INFO - Filling up the DagBag from /home/anhtupham99/NBA-analytics/py_env/lib/python3.11/site-packages/airflow/example_dags/example_setup_teardown_taskflow.py
[2025-04-16T00:31:49.848+0700] {processor.py:925} INFO - DAG(s) 'example_setup_teardown_taskflow' retrieved from /home/anhtupham99/NBA-analytics/py_env/lib/python3.11/site-packages/airflow/example_dags/example_setup_teardown_taskflow.py
[2025-04-16T00:31:49.861+0700] {logging_mixin.py:190} INFO - [2025-04-16T00:31:49.861+0700] {dag.py:3239} INFO - Sync 1 DAGs
[2025-04-16T00:31:49.871+0700] {logging_mixin.py:190} INFO - [2025-04-16T00:31:49.871+0700] {dag.py:4180} INFO - Setting next_dagrun for example_setup_teardown_taskflow to None, run_after=None
[2025-04-16T00:31:49.892+0700] {processor.py:208} INFO - Processing /home/anhtupham99/NBA-analytics/py_env/lib/python3.11/site-packages/airflow/example_dags/example_setup_teardown_taskflow.py took 0.060 seconds
[2025-04-16T00:32:34.399+0700] {processor.py:186} INFO - Started process (PID=373896) to work on /home/anhtupham99/NBA-analytics/py_env/lib/python3.11/site-packages/airflow/example_dags/example_setup_teardown_taskflow.py
[2025-04-16T00:32:34.401+0700] {processor.py:914} INFO - Processing file /home/anhtupham99/NBA-analytics/py_env/lib/python3.11/site-packages/airflow/example_dags/example_setup_teardown_taskflow.py for tasks to queue
[2025-04-16T00:32:34.403+0700] {logging_mixin.py:190} INFO - [2025-04-16T00:32:34.402+0700] {dagbag.py:588} INFO - Filling up the DagBag from /home/anhtupham99/NBA-analytics/py_env/lib/python3.11/site-packages/airflow/example_dags/example_setup_teardown_taskflow.py
[2025-04-16T00:32:34.412+0700] {processor.py:925} INFO - DAG(s) 'example_setup_teardown_taskflow' retrieved from /home/anhtupham99/NBA-analytics/py_env/lib/python3.11/site-packages/airflow/example_dags/example_setup_teardown_taskflow.py
[2025-04-16T00:32:34.426+0700] {logging_mixin.py:190} INFO - [2025-04-16T00:32:34.426+0700] {dag.py:3239} INFO - Sync 1 DAGs
[2025-04-16T00:32:34.437+0700] {logging_mixin.py:190} INFO - [2025-04-16T00:32:34.437+0700] {dag.py:4180} INFO - Setting next_dagrun for example_setup_teardown_taskflow to None, run_after=None
[2025-04-16T00:32:34.462+0700] {processor.py:208} INFO - Processing /home/anhtupham99/NBA-analytics/py_env/lib/python3.11/site-packages/airflow/example_dags/example_setup_teardown_taskflow.py took 0.068 seconds
[2025-04-16T00:33:21.877+0700] {processor.py:186} INFO - Started process (PID=375041) to work on /home/anhtupham99/NBA-analytics/py_env/lib/python3.11/site-packages/airflow/example_dags/example_setup_teardown_taskflow.py
[2025-04-16T00:33:21.878+0700] {processor.py:914} INFO - Processing file /home/anhtupham99/NBA-analytics/py_env/lib/python3.11/site-packages/airflow/example_dags/example_setup_teardown_taskflow.py for tasks to queue
[2025-04-16T00:33:21.880+0700] {logging_mixin.py:190} INFO - [2025-04-16T00:33:21.879+0700] {dagbag.py:588} INFO - Filling up the DagBag from /home/anhtupham99/NBA-analytics/py_env/lib/python3.11/site-packages/airflow/example_dags/example_setup_teardown_taskflow.py
[2025-04-16T00:33:21.890+0700] {processor.py:925} INFO - DAG(s) 'example_setup_teardown_taskflow' retrieved from /home/anhtupham99/NBA-analytics/py_env/lib/python3.11/site-packages/airflow/example_dags/example_setup_teardown_taskflow.py
[2025-04-16T00:33:21.905+0700] {logging_mixin.py:190} INFO - [2025-04-16T00:33:21.905+0700] {dag.py:3239} INFO - Sync 1 DAGs
[2025-04-16T00:33:21.916+0700] {logging_mixin.py:190} INFO - [2025-04-16T00:33:21.915+0700] {dag.py:4180} INFO - Setting next_dagrun for example_setup_teardown_taskflow to None, run_after=None
[2025-04-16T00:33:21.946+0700] {processor.py:208} INFO - Processing /home/anhtupham99/NBA-analytics/py_env/lib/python3.11/site-packages/airflow/example_dags/example_setup_teardown_taskflow.py took 0.075 seconds
[2025-04-16T00:34:09.044+0700] {processor.py:186} INFO - Started process (PID=376096) to work on /home/anhtupham99/NBA-analytics/py_env/lib/python3.11/site-packages/airflow/example_dags/example_setup_teardown_taskflow.py
[2025-04-16T00:34:09.045+0700] {processor.py:914} INFO - Processing file /home/anhtupham99/NBA-analytics/py_env/lib/python3.11/site-packages/airflow/example_dags/example_setup_teardown_taskflow.py for tasks to queue
[2025-04-16T00:34:09.047+0700] {logging_mixin.py:190} INFO - [2025-04-16T00:34:09.046+0700] {dagbag.py:588} INFO - Filling up the DagBag from /home/anhtupham99/NBA-analytics/py_env/lib/python3.11/site-packages/airflow/example_dags/example_setup_teardown_taskflow.py
[2025-04-16T00:34:09.055+0700] {processor.py:925} INFO - DAG(s) 'example_setup_teardown_taskflow' retrieved from /home/anhtupham99/NBA-analytics/py_env/lib/python3.11/site-packages/airflow/example_dags/example_setup_teardown_taskflow.py
[2025-04-16T00:34:09.069+0700] {logging_mixin.py:190} INFO - [2025-04-16T00:34:09.068+0700] {dag.py:3239} INFO - Sync 1 DAGs
[2025-04-16T00:34:09.078+0700] {logging_mixin.py:190} INFO - [2025-04-16T00:34:09.078+0700] {dag.py:4180} INFO - Setting next_dagrun for example_setup_teardown_taskflow to None, run_after=None
[2025-04-16T00:34:09.105+0700] {processor.py:208} INFO - Processing /home/anhtupham99/NBA-analytics/py_env/lib/python3.11/site-packages/airflow/example_dags/example_setup_teardown_taskflow.py took 0.066 seconds
[2025-04-16T00:34:57.660+0700] {processor.py:186} INFO - Started process (PID=377282) to work on /home/anhtupham99/NBA-analytics/py_env/lib/python3.11/site-packages/airflow/example_dags/example_setup_teardown_taskflow.py
[2025-04-16T00:34:57.661+0700] {processor.py:914} INFO - Processing file /home/anhtupham99/NBA-analytics/py_env/lib/python3.11/site-packages/airflow/example_dags/example_setup_teardown_taskflow.py for tasks to queue
[2025-04-16T00:34:57.663+0700] {logging_mixin.py:190} INFO - [2025-04-16T00:34:57.663+0700] {dagbag.py:588} INFO - Filling up the DagBag from /home/anhtupham99/NBA-analytics/py_env/lib/python3.11/site-packages/airflow/example_dags/example_setup_teardown_taskflow.py
[2025-04-16T00:34:57.671+0700] {processor.py:925} INFO - DAG(s) 'example_setup_teardown_taskflow' retrieved from /home/anhtupham99/NBA-analytics/py_env/lib/python3.11/site-packages/airflow/example_dags/example_setup_teardown_taskflow.py
[2025-04-16T00:34:57.682+0700] {logging_mixin.py:190} INFO - [2025-04-16T00:34:57.682+0700] {dag.py:3239} INFO - Sync 1 DAGs
[2025-04-16T00:34:57.690+0700] {logging_mixin.py:190} INFO - [2025-04-16T00:34:57.690+0700] {dag.py:4180} INFO - Setting next_dagrun for example_setup_teardown_taskflow to None, run_after=None
[2025-04-16T00:34:57.714+0700] {processor.py:208} INFO - Processing /home/anhtupham99/NBA-analytics/py_env/lib/python3.11/site-packages/airflow/example_dags/example_setup_teardown_taskflow.py took 0.058 seconds
[2025-04-16T00:35:44.366+0700] {processor.py:186} INFO - Started process (PID=378458) to work on /home/anhtupham99/NBA-analytics/py_env/lib/python3.11/site-packages/airflow/example_dags/example_setup_teardown_taskflow.py
[2025-04-16T00:35:44.371+0700] {processor.py:914} INFO - Processing file /home/anhtupham99/NBA-analytics/py_env/lib/python3.11/site-packages/airflow/example_dags/example_setup_teardown_taskflow.py for tasks to queue
[2025-04-16T00:35:44.373+0700] {logging_mixin.py:190} INFO - [2025-04-16T00:35:44.372+0700] {dagbag.py:588} INFO - Filling up the DagBag from /home/anhtupham99/NBA-analytics/py_env/lib/python3.11/site-packages/airflow/example_dags/example_setup_teardown_taskflow.py
[2025-04-16T00:35:44.382+0700] {processor.py:925} INFO - DAG(s) 'example_setup_teardown_taskflow' retrieved from /home/anhtupham99/NBA-analytics/py_env/lib/python3.11/site-packages/airflow/example_dags/example_setup_teardown_taskflow.py
[2025-04-16T00:35:44.395+0700] {logging_mixin.py:190} INFO - [2025-04-16T00:35:44.395+0700] {dag.py:3239} INFO - Sync 1 DAGs
[2025-04-16T00:35:44.403+0700] {logging_mixin.py:190} INFO - [2025-04-16T00:35:44.403+0700] {dag.py:4180} INFO - Setting next_dagrun for example_setup_teardown_taskflow to None, run_after=None
[2025-04-16T00:35:44.426+0700] {processor.py:208} INFO - Processing /home/anhtupham99/NBA-analytics/py_env/lib/python3.11/site-packages/airflow/example_dags/example_setup_teardown_taskflow.py took 0.066 seconds
[2025-04-16T00:36:33.073+0700] {processor.py:186} INFO - Started process (PID=379673) to work on /home/anhtupham99/NBA-analytics/py_env/lib/python3.11/site-packages/airflow/example_dags/example_setup_teardown_taskflow.py
[2025-04-16T00:36:33.074+0700] {processor.py:914} INFO - Processing file /home/anhtupham99/NBA-analytics/py_env/lib/python3.11/site-packages/airflow/example_dags/example_setup_teardown_taskflow.py for tasks to queue
[2025-04-16T00:36:33.076+0700] {logging_mixin.py:190} INFO - [2025-04-16T00:36:33.076+0700] {dagbag.py:588} INFO - Filling up the DagBag from /home/anhtupham99/NBA-analytics/py_env/lib/python3.11/site-packages/airflow/example_dags/example_setup_teardown_taskflow.py
[2025-04-16T00:36:33.084+0700] {processor.py:925} INFO - DAG(s) 'example_setup_teardown_taskflow' retrieved from /home/anhtupham99/NBA-analytics/py_env/lib/python3.11/site-packages/airflow/example_dags/example_setup_teardown_taskflow.py
[2025-04-16T00:36:33.096+0700] {logging_mixin.py:190} INFO - [2025-04-16T00:36:33.095+0700] {dag.py:3239} INFO - Sync 1 DAGs
[2025-04-16T00:36:33.104+0700] {logging_mixin.py:190} INFO - [2025-04-16T00:36:33.103+0700] {dag.py:4180} INFO - Setting next_dagrun for example_setup_teardown_taskflow to None, run_after=None
[2025-04-16T00:36:33.127+0700] {processor.py:208} INFO - Processing /home/anhtupham99/NBA-analytics/py_env/lib/python3.11/site-packages/airflow/example_dags/example_setup_teardown_taskflow.py took 0.058 seconds
[2025-04-16T00:37:19.705+0700] {processor.py:186} INFO - Started process (PID=381111) to work on /home/anhtupham99/NBA-analytics/py_env/lib/python3.11/site-packages/airflow/example_dags/example_setup_teardown_taskflow.py
[2025-04-16T00:37:19.707+0700] {processor.py:914} INFO - Processing file /home/anhtupham99/NBA-analytics/py_env/lib/python3.11/site-packages/airflow/example_dags/example_setup_teardown_taskflow.py for tasks to queue
[2025-04-16T00:37:19.710+0700] {logging_mixin.py:190} INFO - [2025-04-16T00:37:19.709+0700] {dagbag.py:588} INFO - Filling up the DagBag from /home/anhtupham99/NBA-analytics/py_env/lib/python3.11/site-packages/airflow/example_dags/example_setup_teardown_taskflow.py
[2025-04-16T00:37:19.723+0700] {processor.py:925} INFO - DAG(s) 'example_setup_teardown_taskflow' retrieved from /home/anhtupham99/NBA-analytics/py_env/lib/python3.11/site-packages/airflow/example_dags/example_setup_teardown_taskflow.py
[2025-04-16T00:37:19.741+0700] {logging_mixin.py:190} INFO - [2025-04-16T00:37:19.741+0700] {dag.py:3239} INFO - Sync 1 DAGs
[2025-04-16T00:37:19.757+0700] {logging_mixin.py:190} INFO - [2025-04-16T00:37:19.756+0700] {dag.py:4180} INFO - Setting next_dagrun for example_setup_teardown_taskflow to None, run_after=None
[2025-04-16T00:37:19.793+0700] {processor.py:208} INFO - Processing /home/anhtupham99/NBA-analytics/py_env/lib/python3.11/site-packages/airflow/example_dags/example_setup_teardown_taskflow.py took 0.097 seconds
