[2025-04-15T23:47:22.074+0700] {processor.py:186} INFO - Started process (PID=298545) to work on /home/anhtupham99/NBA-analytics/py_env/lib/python3.11/site-packages/airflow/example_dags/example_trigger_controller_dag.py
[2025-04-15T23:47:22.075+0700] {processor.py:914} INFO - Processing file /home/anhtupham99/NBA-analytics/py_env/lib/python3.11/site-packages/airflow/example_dags/example_trigger_controller_dag.py for tasks to queue
[2025-04-15T23:47:22.077+0700] {logging_mixin.py:190} INFO - [2025-04-15T23:47:22.077+0700] {dagbag.py:588} INFO - Filling up the DagBag from /home/anhtupham99/NBA-analytics/py_env/lib/python3.11/site-packages/airflow/example_dags/example_trigger_controller_dag.py
[2025-04-15T23:47:22.088+0700] {processor.py:925} INFO - DAG(s) 'example_trigger_controller_dag' retrieved from /home/anhtupham99/NBA-analytics/py_env/lib/python3.11/site-packages/airflow/example_dags/example_trigger_controller_dag.py
[2025-04-15T23:47:22.180+0700] {logging_mixin.py:190} INFO - [2025-04-15T23:47:22.179+0700] {override.py:1912} INFO - Created Permission View: can delete on DAG:example_trigger_controller_dag
[2025-04-15T23:47:22.196+0700] {logging_mixin.py:190} INFO - [2025-04-15T23:47:22.196+0700] {override.py:1912} INFO - Created Permission View: can edit on DAG:example_trigger_controller_dag
[2025-04-15T23:47:22.210+0700] {logging_mixin.py:190} INFO - [2025-04-15T23:47:22.210+0700] {override.py:1912} INFO - Created Permission View: can read on DAG:example_trigger_controller_dag
[2025-04-15T23:47:22.236+0700] {logging_mixin.py:190} INFO - [2025-04-15T23:47:22.236+0700] {override.py:1912} INFO - Created Permission View: can create on DAG Run:example_trigger_controller_dag
[2025-04-15T23:47:22.249+0700] {logging_mixin.py:190} INFO - [2025-04-15T23:47:22.249+0700] {override.py:1912} INFO - Created Permission View: can delete on DAG Run:example_trigger_controller_dag
[2025-04-15T23:47:22.267+0700] {logging_mixin.py:190} INFO - [2025-04-15T23:47:22.267+0700] {override.py:1912} INFO - Created Permission View: menu access on DAG Run:example_trigger_controller_dag
[2025-04-15T23:47:22.281+0700] {logging_mixin.py:190} INFO - [2025-04-15T23:47:22.281+0700] {override.py:1912} INFO - Created Permission View: can read on DAG Run:example_trigger_controller_dag
[2025-04-15T23:47:22.281+0700] {logging_mixin.py:190} INFO - [2025-04-15T23:47:22.281+0700] {dag.py:3239} INFO - Sync 1 DAGs
[2025-04-15T23:47:22.291+0700] {logging_mixin.py:190} INFO - [2025-04-15T23:47:22.291+0700] {dag.py:3262} INFO - Creating ORM DAG for example_trigger_controller_dag
[2025-04-15T23:47:22.299+0700] {logging_mixin.py:190} INFO - [2025-04-15T23:47:22.298+0700] {dag.py:4180} INFO - Setting next_dagrun for example_trigger_controller_dag to 2021-01-01 00:00:00+00:00, run_after=2021-01-01 00:00:00+00:00
[2025-04-15T23:47:22.322+0700] {processor.py:208} INFO - Processing /home/anhtupham99/NBA-analytics/py_env/lib/python3.11/site-packages/airflow/example_dags/example_trigger_controller_dag.py took 0.253 seconds
[2025-04-15T23:48:22.519+0700] {processor.py:186} INFO - Started process (PID=299979) to work on /home/anhtupham99/NBA-analytics/py_env/lib/python3.11/site-packages/airflow/example_dags/example_trigger_controller_dag.py
[2025-04-15T23:48:22.521+0700] {processor.py:914} INFO - Processing file /home/anhtupham99/NBA-analytics/py_env/lib/python3.11/site-packages/airflow/example_dags/example_trigger_controller_dag.py for tasks to queue
[2025-04-15T23:48:22.522+0700] {logging_mixin.py:190} INFO - [2025-04-15T23:48:22.522+0700] {dagbag.py:588} INFO - Filling up the DagBag from /home/anhtupham99/NBA-analytics/py_env/lib/python3.11/site-packages/airflow/example_dags/example_trigger_controller_dag.py
[2025-04-15T23:48:22.527+0700] {processor.py:925} INFO - DAG(s) 'example_trigger_controller_dag' retrieved from /home/anhtupham99/NBA-analytics/py_env/lib/python3.11/site-packages/airflow/example_dags/example_trigger_controller_dag.py
[2025-04-15T23:48:22.537+0700] {logging_mixin.py:190} INFO - [2025-04-15T23:48:22.537+0700] {dag.py:3239} INFO - Sync 1 DAGs
[2025-04-15T23:48:22.550+0700] {logging_mixin.py:190} INFO - [2025-04-15T23:48:22.549+0700] {dag.py:4180} INFO - Setting next_dagrun for example_trigger_controller_dag to 2021-01-01 00:00:00+00:00, run_after=2021-01-01 00:00:00+00:00
[2025-04-15T23:48:22.572+0700] {processor.py:208} INFO - Processing /home/anhtupham99/NBA-analytics/py_env/lib/python3.11/site-packages/airflow/example_dags/example_trigger_controller_dag.py took 0.056 seconds
[2025-04-15T23:49:15.307+0700] {processor.py:186} INFO - Started process (PID=301075) to work on /home/anhtupham99/NBA-analytics/py_env/lib/python3.11/site-packages/airflow/example_dags/example_trigger_controller_dag.py
[2025-04-15T23:49:15.309+0700] {processor.py:914} INFO - Processing file /home/anhtupham99/NBA-analytics/py_env/lib/python3.11/site-packages/airflow/example_dags/example_trigger_controller_dag.py for tasks to queue
[2025-04-15T23:49:15.311+0700] {logging_mixin.py:190} INFO - [2025-04-15T23:49:15.311+0700] {dagbag.py:588} INFO - Filling up the DagBag from /home/anhtupham99/NBA-analytics/py_env/lib/python3.11/site-packages/airflow/example_dags/example_trigger_controller_dag.py
[2025-04-15T23:49:15.321+0700] {processor.py:925} INFO - DAG(s) 'example_trigger_controller_dag' retrieved from /home/anhtupham99/NBA-analytics/py_env/lib/python3.11/site-packages/airflow/example_dags/example_trigger_controller_dag.py
[2025-04-15T23:49:15.338+0700] {logging_mixin.py:190} INFO - [2025-04-15T23:49:15.338+0700] {dag.py:3239} INFO - Sync 1 DAGs
[2025-04-15T23:49:15.356+0700] {logging_mixin.py:190} INFO - [2025-04-15T23:49:15.356+0700] {dag.py:4180} INFO - Setting next_dagrun for example_trigger_controller_dag to 2021-01-01 00:00:00+00:00, run_after=2021-01-01 00:00:00+00:00
[2025-04-15T23:49:15.383+0700] {processor.py:208} INFO - Processing /home/anhtupham99/NBA-analytics/py_env/lib/python3.11/site-packages/airflow/example_dags/example_trigger_controller_dag.py took 0.084 seconds
[2025-04-15T23:50:27.538+0700] {processor.py:186} INFO - Started process (PID=302645) to work on /home/anhtupham99/NBA-analytics/py_env/lib/python3.11/site-packages/airflow/example_dags/example_trigger_controller_dag.py
[2025-04-15T23:50:27.539+0700] {processor.py:914} INFO - Processing file /home/anhtupham99/NBA-analytics/py_env/lib/python3.11/site-packages/airflow/example_dags/example_trigger_controller_dag.py for tasks to queue
[2025-04-15T23:50:27.542+0700] {logging_mixin.py:190} INFO - [2025-04-15T23:50:27.541+0700] {dagbag.py:588} INFO - Filling up the DagBag from /home/anhtupham99/NBA-analytics/py_env/lib/python3.11/site-packages/airflow/example_dags/example_trigger_controller_dag.py
[2025-04-15T23:50:27.548+0700] {processor.py:925} INFO - DAG(s) 'example_trigger_controller_dag' retrieved from /home/anhtupham99/NBA-analytics/py_env/lib/python3.11/site-packages/airflow/example_dags/example_trigger_controller_dag.py
[2025-04-15T23:50:27.562+0700] {logging_mixin.py:190} INFO - [2025-04-15T23:50:27.562+0700] {dag.py:3239} INFO - Sync 1 DAGs
[2025-04-15T23:50:27.687+0700] {logging_mixin.py:190} INFO - [2025-04-15T23:50:27.687+0700] {dag.py:4180} INFO - Setting next_dagrun for example_trigger_controller_dag to 2021-01-01 00:00:00+00:00, run_after=2021-01-01 00:00:00+00:00
[2025-04-15T23:50:27.712+0700] {processor.py:208} INFO - Processing /home/anhtupham99/NBA-analytics/py_env/lib/python3.11/site-packages/airflow/example_dags/example_trigger_controller_dag.py took 0.179 seconds
[2025-04-15T23:51:23.273+0700] {processor.py:186} INFO - Started process (PID=303710) to work on /home/anhtupham99/NBA-analytics/py_env/lib/python3.11/site-packages/airflow/example_dags/example_trigger_controller_dag.py
[2025-04-15T23:51:23.274+0700] {processor.py:914} INFO - Processing file /home/anhtupham99/NBA-analytics/py_env/lib/python3.11/site-packages/airflow/example_dags/example_trigger_controller_dag.py for tasks to queue
[2025-04-15T23:51:23.276+0700] {logging_mixin.py:190} INFO - [2025-04-15T23:51:23.276+0700] {dagbag.py:588} INFO - Filling up the DagBag from /home/anhtupham99/NBA-analytics/py_env/lib/python3.11/site-packages/airflow/example_dags/example_trigger_controller_dag.py
[2025-04-15T23:51:23.282+0700] {processor.py:925} INFO - DAG(s) 'example_trigger_controller_dag' retrieved from /home/anhtupham99/NBA-analytics/py_env/lib/python3.11/site-packages/airflow/example_dags/example_trigger_controller_dag.py
[2025-04-15T23:51:23.291+0700] {logging_mixin.py:190} INFO - [2025-04-15T23:51:23.291+0700] {dag.py:3239} INFO - Sync 1 DAGs
[2025-04-15T23:51:23.304+0700] {logging_mixin.py:190} INFO - [2025-04-15T23:51:23.303+0700] {dag.py:4180} INFO - Setting next_dagrun for example_trigger_controller_dag to 2021-01-01 00:00:00+00:00, run_after=2021-01-01 00:00:00+00:00
[2025-04-15T23:51:23.330+0700] {processor.py:208} INFO - Processing /home/anhtupham99/NBA-analytics/py_env/lib/python3.11/site-packages/airflow/example_dags/example_trigger_controller_dag.py took 0.061 seconds
[2025-04-15T23:52:31.324+0700] {processor.py:186} INFO - Started process (PID=304992) to work on /home/anhtupham99/NBA-analytics/py_env/lib/python3.11/site-packages/airflow/example_dags/example_trigger_controller_dag.py
[2025-04-15T23:52:31.326+0700] {processor.py:914} INFO - Processing file /home/anhtupham99/NBA-analytics/py_env/lib/python3.11/site-packages/airflow/example_dags/example_trigger_controller_dag.py for tasks to queue
[2025-04-15T23:52:31.328+0700] {logging_mixin.py:190} INFO - [2025-04-15T23:52:31.327+0700] {dagbag.py:588} INFO - Filling up the DagBag from /home/anhtupham99/NBA-analytics/py_env/lib/python3.11/site-packages/airflow/example_dags/example_trigger_controller_dag.py
[2025-04-15T23:52:31.334+0700] {processor.py:925} INFO - DAG(s) 'example_trigger_controller_dag' retrieved from /home/anhtupham99/NBA-analytics/py_env/lib/python3.11/site-packages/airflow/example_dags/example_trigger_controller_dag.py
[2025-04-15T23:52:31.347+0700] {logging_mixin.py:190} INFO - [2025-04-15T23:52:31.347+0700] {dag.py:3239} INFO - Sync 1 DAGs
[2025-04-15T23:52:31.363+0700] {logging_mixin.py:190} INFO - [2025-04-15T23:52:31.363+0700] {dag.py:4180} INFO - Setting next_dagrun for example_trigger_controller_dag to 2021-01-01 00:00:00+00:00, run_after=2021-01-01 00:00:00+00:00
[2025-04-15T23:52:31.388+0700] {processor.py:208} INFO - Processing /home/anhtupham99/NBA-analytics/py_env/lib/python3.11/site-packages/airflow/example_dags/example_trigger_controller_dag.py took 0.069 seconds
[2025-04-15T23:53:21.604+0700] {processor.py:186} INFO - Started process (PID=306034) to work on /home/anhtupham99/NBA-analytics/py_env/lib/python3.11/site-packages/airflow/example_dags/example_trigger_controller_dag.py
[2025-04-15T23:53:21.606+0700] {processor.py:914} INFO - Processing file /home/anhtupham99/NBA-analytics/py_env/lib/python3.11/site-packages/airflow/example_dags/example_trigger_controller_dag.py for tasks to queue
[2025-04-15T23:53:21.608+0700] {logging_mixin.py:190} INFO - [2025-04-15T23:53:21.608+0700] {dagbag.py:588} INFO - Filling up the DagBag from /home/anhtupham99/NBA-analytics/py_env/lib/python3.11/site-packages/airflow/example_dags/example_trigger_controller_dag.py
[2025-04-15T23:53:21.614+0700] {processor.py:925} INFO - DAG(s) 'example_trigger_controller_dag' retrieved from /home/anhtupham99/NBA-analytics/py_env/lib/python3.11/site-packages/airflow/example_dags/example_trigger_controller_dag.py
[2025-04-15T23:53:21.624+0700] {logging_mixin.py:190} INFO - [2025-04-15T23:53:21.624+0700] {dag.py:3239} INFO - Sync 1 DAGs
[2025-04-15T23:53:21.636+0700] {logging_mixin.py:190} INFO - [2025-04-15T23:53:21.636+0700] {dag.py:4180} INFO - Setting next_dagrun for example_trigger_controller_dag to 2021-01-01 00:00:00+00:00, run_after=2021-01-01 00:00:00+00:00
[2025-04-15T23:53:21.658+0700] {processor.py:208} INFO - Processing /home/anhtupham99/NBA-analytics/py_env/lib/python3.11/site-packages/airflow/example_dags/example_trigger_controller_dag.py took 0.059 seconds
[2025-04-15T23:54:30.034+0700] {processor.py:186} INFO - Started process (PID=307304) to work on /home/anhtupham99/NBA-analytics/py_env/lib/python3.11/site-packages/airflow/example_dags/example_trigger_controller_dag.py
[2025-04-15T23:54:30.036+0700] {processor.py:914} INFO - Processing file /home/anhtupham99/NBA-analytics/py_env/lib/python3.11/site-packages/airflow/example_dags/example_trigger_controller_dag.py for tasks to queue
[2025-04-15T23:54:30.038+0700] {logging_mixin.py:190} INFO - [2025-04-15T23:54:30.038+0700] {dagbag.py:588} INFO - Filling up the DagBag from /home/anhtupham99/NBA-analytics/py_env/lib/python3.11/site-packages/airflow/example_dags/example_trigger_controller_dag.py
[2025-04-15T23:54:30.044+0700] {processor.py:925} INFO - DAG(s) 'example_trigger_controller_dag' retrieved from /home/anhtupham99/NBA-analytics/py_env/lib/python3.11/site-packages/airflow/example_dags/example_trigger_controller_dag.py
[2025-04-15T23:54:30.054+0700] {logging_mixin.py:190} INFO - [2025-04-15T23:54:30.054+0700] {dag.py:3239} INFO - Sync 1 DAGs
[2025-04-15T23:54:30.066+0700] {logging_mixin.py:190} INFO - [2025-04-15T23:54:30.066+0700] {dag.py:4180} INFO - Setting next_dagrun for example_trigger_controller_dag to 2021-01-01 00:00:00+00:00, run_after=2021-01-01 00:00:00+00:00
[2025-04-15T23:54:30.090+0700] {processor.py:208} INFO - Processing /home/anhtupham99/NBA-analytics/py_env/lib/python3.11/site-packages/airflow/example_dags/example_trigger_controller_dag.py took 0.061 seconds
[2025-04-15T23:55:44.460+0700] {processor.py:186} INFO - Started process (PID=310243) to work on /home/anhtupham99/NBA-analytics/py_env/lib/python3.11/site-packages/airflow/example_dags/example_trigger_controller_dag.py
[2025-04-15T23:55:44.462+0700] {processor.py:914} INFO - Processing file /home/anhtupham99/NBA-analytics/py_env/lib/python3.11/site-packages/airflow/example_dags/example_trigger_controller_dag.py for tasks to queue
[2025-04-15T23:55:44.464+0700] {logging_mixin.py:190} INFO - [2025-04-15T23:55:44.464+0700] {dagbag.py:588} INFO - Filling up the DagBag from /home/anhtupham99/NBA-analytics/py_env/lib/python3.11/site-packages/airflow/example_dags/example_trigger_controller_dag.py
[2025-04-15T23:55:44.470+0700] {processor.py:925} INFO - DAG(s) 'example_trigger_controller_dag' retrieved from /home/anhtupham99/NBA-analytics/py_env/lib/python3.11/site-packages/airflow/example_dags/example_trigger_controller_dag.py
[2025-04-15T23:55:44.491+0700] {logging_mixin.py:190} INFO - [2025-04-15T23:55:44.491+0700] {dag.py:3239} INFO - Sync 1 DAGs
[2025-04-15T23:55:44.507+0700] {logging_mixin.py:190} INFO - [2025-04-15T23:55:44.507+0700] {dag.py:4180} INFO - Setting next_dagrun for example_trigger_controller_dag to 2021-01-01 00:00:00+00:00, run_after=2021-01-01 00:00:00+00:00
[2025-04-15T23:55:44.543+0700] {processor.py:208} INFO - Processing /home/anhtupham99/NBA-analytics/py_env/lib/python3.11/site-packages/airflow/example_dags/example_trigger_controller_dag.py took 0.089 seconds
[2025-04-15T23:56:37.067+0700] {processor.py:186} INFO - Started process (PID=311905) to work on /home/anhtupham99/NBA-analytics/py_env/lib/python3.11/site-packages/airflow/example_dags/example_trigger_controller_dag.py
[2025-04-15T23:56:37.068+0700] {processor.py:914} INFO - Processing file /home/anhtupham99/NBA-analytics/py_env/lib/python3.11/site-packages/airflow/example_dags/example_trigger_controller_dag.py for tasks to queue
[2025-04-15T23:56:37.070+0700] {logging_mixin.py:190} INFO - [2025-04-15T23:56:37.069+0700] {dagbag.py:588} INFO - Filling up the DagBag from /home/anhtupham99/NBA-analytics/py_env/lib/python3.11/site-packages/airflow/example_dags/example_trigger_controller_dag.py
[2025-04-15T23:56:37.075+0700] {processor.py:925} INFO - DAG(s) 'example_trigger_controller_dag' retrieved from /home/anhtupham99/NBA-analytics/py_env/lib/python3.11/site-packages/airflow/example_dags/example_trigger_controller_dag.py
[2025-04-15T23:56:37.086+0700] {logging_mixin.py:190} INFO - [2025-04-15T23:56:37.086+0700] {dag.py:3239} INFO - Sync 1 DAGs
[2025-04-15T23:56:37.099+0700] {logging_mixin.py:190} INFO - [2025-04-15T23:56:37.099+0700] {dag.py:4180} INFO - Setting next_dagrun for example_trigger_controller_dag to 2021-01-01 00:00:00+00:00, run_after=2021-01-01 00:00:00+00:00
[2025-04-15T23:56:37.124+0700] {processor.py:208} INFO - Processing /home/anhtupham99/NBA-analytics/py_env/lib/python3.11/site-packages/airflow/example_dags/example_trigger_controller_dag.py took 0.062 seconds
[2025-04-15T23:57:48.698+0700] {processor.py:186} INFO - Started process (PID=313253) to work on /home/anhtupham99/NBA-analytics/py_env/lib/python3.11/site-packages/airflow/example_dags/example_trigger_controller_dag.py
[2025-04-15T23:57:48.700+0700] {processor.py:914} INFO - Processing file /home/anhtupham99/NBA-analytics/py_env/lib/python3.11/site-packages/airflow/example_dags/example_trigger_controller_dag.py for tasks to queue
[2025-04-15T23:57:48.702+0700] {logging_mixin.py:190} INFO - [2025-04-15T23:57:48.701+0700] {dagbag.py:588} INFO - Filling up the DagBag from /home/anhtupham99/NBA-analytics/py_env/lib/python3.11/site-packages/airflow/example_dags/example_trigger_controller_dag.py
[2025-04-15T23:57:48.708+0700] {processor.py:925} INFO - DAG(s) 'example_trigger_controller_dag' retrieved from /home/anhtupham99/NBA-analytics/py_env/lib/python3.11/site-packages/airflow/example_dags/example_trigger_controller_dag.py
[2025-04-15T23:57:48.721+0700] {logging_mixin.py:190} INFO - [2025-04-15T23:57:48.721+0700] {dag.py:3239} INFO - Sync 1 DAGs
[2025-04-15T23:57:48.738+0700] {logging_mixin.py:190} INFO - [2025-04-15T23:57:48.738+0700] {dag.py:4180} INFO - Setting next_dagrun for example_trigger_controller_dag to 2021-01-01 00:00:00+00:00, run_after=2021-01-01 00:00:00+00:00
[2025-04-15T23:57:48.764+0700] {processor.py:208} INFO - Processing /home/anhtupham99/NBA-analytics/py_env/lib/python3.11/site-packages/airflow/example_dags/example_trigger_controller_dag.py took 0.072 seconds
[2025-04-15T23:59:02.630+0700] {processor.py:186} INFO - Started process (PID=314808) to work on /home/anhtupham99/NBA-analytics/py_env/lib/python3.11/site-packages/airflow/example_dags/example_trigger_controller_dag.py
[2025-04-15T23:59:02.631+0700] {processor.py:914} INFO - Processing file /home/anhtupham99/NBA-analytics/py_env/lib/python3.11/site-packages/airflow/example_dags/example_trigger_controller_dag.py for tasks to queue
[2025-04-15T23:59:02.633+0700] {logging_mixin.py:190} INFO - [2025-04-15T23:59:02.633+0700] {dagbag.py:588} INFO - Filling up the DagBag from /home/anhtupham99/NBA-analytics/py_env/lib/python3.11/site-packages/airflow/example_dags/example_trigger_controller_dag.py
[2025-04-15T23:59:02.638+0700] {processor.py:925} INFO - DAG(s) 'example_trigger_controller_dag' retrieved from /home/anhtupham99/NBA-analytics/py_env/lib/python3.11/site-packages/airflow/example_dags/example_trigger_controller_dag.py
[2025-04-15T23:59:02.651+0700] {logging_mixin.py:190} INFO - [2025-04-15T23:59:02.651+0700] {dag.py:3239} INFO - Sync 1 DAGs
[2025-04-15T23:59:02.667+0700] {logging_mixin.py:190} INFO - [2025-04-15T23:59:02.667+0700] {dag.py:4180} INFO - Setting next_dagrun for example_trigger_controller_dag to 2021-01-01 00:00:00+00:00, run_after=2021-01-01 00:00:00+00:00
[2025-04-15T23:59:02.691+0700] {processor.py:208} INFO - Processing /home/anhtupham99/NBA-analytics/py_env/lib/python3.11/site-packages/airflow/example_dags/example_trigger_controller_dag.py took 0.066 seconds
[2025-04-16T00:00:13.564+0700] {processor.py:186} INFO - Started process (PID=316307) to work on /home/anhtupham99/NBA-analytics/py_env/lib/python3.11/site-packages/airflow/example_dags/example_trigger_controller_dag.py
[2025-04-16T00:00:13.565+0700] {processor.py:914} INFO - Processing file /home/anhtupham99/NBA-analytics/py_env/lib/python3.11/site-packages/airflow/example_dags/example_trigger_controller_dag.py for tasks to queue
[2025-04-16T00:00:13.567+0700] {logging_mixin.py:190} INFO - [2025-04-16T00:00:13.566+0700] {dagbag.py:588} INFO - Filling up the DagBag from /home/anhtupham99/NBA-analytics/py_env/lib/python3.11/site-packages/airflow/example_dags/example_trigger_controller_dag.py
[2025-04-16T00:00:13.572+0700] {processor.py:925} INFO - DAG(s) 'example_trigger_controller_dag' retrieved from /home/anhtupham99/NBA-analytics/py_env/lib/python3.11/site-packages/airflow/example_dags/example_trigger_controller_dag.py
[2025-04-16T00:00:13.582+0700] {logging_mixin.py:190} INFO - [2025-04-16T00:00:13.582+0700] {dag.py:3239} INFO - Sync 1 DAGs
[2025-04-16T00:00:13.594+0700] {logging_mixin.py:190} INFO - [2025-04-16T00:00:13.594+0700] {dag.py:4180} INFO - Setting next_dagrun for example_trigger_controller_dag to 2021-01-01 00:00:00+00:00, run_after=2021-01-01 00:00:00+00:00
[2025-04-16T00:00:13.617+0700] {processor.py:208} INFO - Processing /home/anhtupham99/NBA-analytics/py_env/lib/python3.11/site-packages/airflow/example_dags/example_trigger_controller_dag.py took 0.059 seconds
[2025-04-16T00:01:23.669+0700] {processor.py:186} INFO - Started process (PID=317591) to work on /home/anhtupham99/NBA-analytics/py_env/lib/python3.11/site-packages/airflow/example_dags/example_trigger_controller_dag.py
[2025-04-16T00:01:23.670+0700] {processor.py:914} INFO - Processing file /home/anhtupham99/NBA-analytics/py_env/lib/python3.11/site-packages/airflow/example_dags/example_trigger_controller_dag.py for tasks to queue
[2025-04-16T00:01:23.672+0700] {logging_mixin.py:190} INFO - [2025-04-16T00:01:23.672+0700] {dagbag.py:588} INFO - Filling up the DagBag from /home/anhtupham99/NBA-analytics/py_env/lib/python3.11/site-packages/airflow/example_dags/example_trigger_controller_dag.py
[2025-04-16T00:01:23.679+0700] {processor.py:925} INFO - DAG(s) 'example_trigger_controller_dag' retrieved from /home/anhtupham99/NBA-analytics/py_env/lib/python3.11/site-packages/airflow/example_dags/example_trigger_controller_dag.py
[2025-04-16T00:01:23.691+0700] {logging_mixin.py:190} INFO - [2025-04-16T00:01:23.691+0700] {dag.py:3239} INFO - Sync 1 DAGs
[2025-04-16T00:01:23.707+0700] {logging_mixin.py:190} INFO - [2025-04-16T00:01:23.706+0700] {dag.py:4180} INFO - Setting next_dagrun for example_trigger_controller_dag to 2021-01-01 00:00:00+00:00, run_after=2021-01-01 00:00:00+00:00
[2025-04-16T00:01:23.730+0700] {processor.py:208} INFO - Processing /home/anhtupham99/NBA-analytics/py_env/lib/python3.11/site-packages/airflow/example_dags/example_trigger_controller_dag.py took 0.066 seconds
[2025-04-16T00:02:32.415+0700] {processor.py:186} INFO - Started process (PID=318863) to work on /home/anhtupham99/NBA-analytics/py_env/lib/python3.11/site-packages/airflow/example_dags/example_trigger_controller_dag.py
[2025-04-16T00:02:32.416+0700] {processor.py:914} INFO - Processing file /home/anhtupham99/NBA-analytics/py_env/lib/python3.11/site-packages/airflow/example_dags/example_trigger_controller_dag.py for tasks to queue
[2025-04-16T00:02:32.418+0700] {logging_mixin.py:190} INFO - [2025-04-16T00:02:32.417+0700] {dagbag.py:588} INFO - Filling up the DagBag from /home/anhtupham99/NBA-analytics/py_env/lib/python3.11/site-packages/airflow/example_dags/example_trigger_controller_dag.py
[2025-04-16T00:02:32.424+0700] {processor.py:925} INFO - DAG(s) 'example_trigger_controller_dag' retrieved from /home/anhtupham99/NBA-analytics/py_env/lib/python3.11/site-packages/airflow/example_dags/example_trigger_controller_dag.py
[2025-04-16T00:02:32.435+0700] {logging_mixin.py:190} INFO - [2025-04-16T00:02:32.435+0700] {dag.py:3239} INFO - Sync 1 DAGs
[2025-04-16T00:02:32.452+0700] {logging_mixin.py:190} INFO - [2025-04-16T00:02:32.451+0700] {dag.py:4180} INFO - Setting next_dagrun for example_trigger_controller_dag to 2021-01-01 00:00:00+00:00, run_after=2021-01-01 00:00:00+00:00
[2025-04-16T00:02:32.478+0700] {processor.py:208} INFO - Processing /home/anhtupham99/NBA-analytics/py_env/lib/python3.11/site-packages/airflow/example_dags/example_trigger_controller_dag.py took 0.068 seconds
[2025-04-16T00:03:40.401+0700] {processor.py:186} INFO - Started process (PID=320155) to work on /home/anhtupham99/NBA-analytics/py_env/lib/python3.11/site-packages/airflow/example_dags/example_trigger_controller_dag.py
[2025-04-16T00:03:40.402+0700] {processor.py:914} INFO - Processing file /home/anhtupham99/NBA-analytics/py_env/lib/python3.11/site-packages/airflow/example_dags/example_trigger_controller_dag.py for tasks to queue
[2025-04-16T00:03:40.403+0700] {logging_mixin.py:190} INFO - [2025-04-16T00:03:40.403+0700] {dagbag.py:588} INFO - Filling up the DagBag from /home/anhtupham99/NBA-analytics/py_env/lib/python3.11/site-packages/airflow/example_dags/example_trigger_controller_dag.py
[2025-04-16T00:03:40.409+0700] {processor.py:925} INFO - DAG(s) 'example_trigger_controller_dag' retrieved from /home/anhtupham99/NBA-analytics/py_env/lib/python3.11/site-packages/airflow/example_dags/example_trigger_controller_dag.py
[2025-04-16T00:03:40.419+0700] {logging_mixin.py:190} INFO - [2025-04-16T00:03:40.419+0700] {dag.py:3239} INFO - Sync 1 DAGs
[2025-04-16T00:03:40.433+0700] {logging_mixin.py:190} INFO - [2025-04-16T00:03:40.432+0700] {dag.py:4180} INFO - Setting next_dagrun for example_trigger_controller_dag to 2021-01-01 00:00:00+00:00, run_after=2021-01-01 00:00:00+00:00
[2025-04-16T00:03:40.456+0700] {processor.py:208} INFO - Processing /home/anhtupham99/NBA-analytics/py_env/lib/python3.11/site-packages/airflow/example_dags/example_trigger_controller_dag.py took 0.060 seconds
[2025-04-16T00:04:48.810+0700] {processor.py:186} INFO - Started process (PID=321723) to work on /home/anhtupham99/NBA-analytics/py_env/lib/python3.11/site-packages/airflow/example_dags/example_trigger_controller_dag.py
[2025-04-16T00:04:48.811+0700] {processor.py:914} INFO - Processing file /home/anhtupham99/NBA-analytics/py_env/lib/python3.11/site-packages/airflow/example_dags/example_trigger_controller_dag.py for tasks to queue
[2025-04-16T00:04:48.813+0700] {logging_mixin.py:190} INFO - [2025-04-16T00:04:48.813+0700] {dagbag.py:588} INFO - Filling up the DagBag from /home/anhtupham99/NBA-analytics/py_env/lib/python3.11/site-packages/airflow/example_dags/example_trigger_controller_dag.py
[2025-04-16T00:04:48.822+0700] {processor.py:925} INFO - DAG(s) 'example_trigger_controller_dag' retrieved from /home/anhtupham99/NBA-analytics/py_env/lib/python3.11/site-packages/airflow/example_dags/example_trigger_controller_dag.py
[2025-04-16T00:04:48.837+0700] {logging_mixin.py:190} INFO - [2025-04-16T00:04:48.837+0700] {dag.py:3239} INFO - Sync 1 DAGs
[2025-04-16T00:04:48.860+0700] {logging_mixin.py:190} INFO - [2025-04-16T00:04:48.860+0700] {dag.py:4180} INFO - Setting next_dagrun for example_trigger_controller_dag to 2021-01-01 00:00:00+00:00, run_after=2021-01-01 00:00:00+00:00
[2025-04-16T00:04:48.888+0700] {processor.py:208} INFO - Processing /home/anhtupham99/NBA-analytics/py_env/lib/python3.11/site-packages/airflow/example_dags/example_trigger_controller_dag.py took 0.083 seconds
[2025-04-16T00:05:42.514+0700] {processor.py:186} INFO - Started process (PID=322693) to work on /home/anhtupham99/NBA-analytics/py_env/lib/python3.11/site-packages/airflow/example_dags/example_trigger_controller_dag.py
[2025-04-16T00:05:42.515+0700] {processor.py:914} INFO - Processing file /home/anhtupham99/NBA-analytics/py_env/lib/python3.11/site-packages/airflow/example_dags/example_trigger_controller_dag.py for tasks to queue
[2025-04-16T00:05:42.518+0700] {logging_mixin.py:190} INFO - [2025-04-16T00:05:42.517+0700] {dagbag.py:588} INFO - Filling up the DagBag from /home/anhtupham99/NBA-analytics/py_env/lib/python3.11/site-packages/airflow/example_dags/example_trigger_controller_dag.py
[2025-04-16T00:05:42.529+0700] {processor.py:925} INFO - DAG(s) 'example_trigger_controller_dag' retrieved from /home/anhtupham99/NBA-analytics/py_env/lib/python3.11/site-packages/airflow/example_dags/example_trigger_controller_dag.py
[2025-04-16T00:05:42.551+0700] {logging_mixin.py:190} INFO - [2025-04-16T00:05:42.550+0700] {dag.py:3239} INFO - Sync 1 DAGs
[2025-04-16T00:05:42.570+0700] {logging_mixin.py:190} INFO - [2025-04-16T00:05:42.570+0700] {dag.py:4180} INFO - Setting next_dagrun for example_trigger_controller_dag to 2021-01-01 00:00:00+00:00, run_after=2021-01-01 00:00:00+00:00
[2025-04-16T00:05:42.596+0700] {processor.py:208} INFO - Processing /home/anhtupham99/NBA-analytics/py_env/lib/python3.11/site-packages/airflow/example_dags/example_trigger_controller_dag.py took 0.088 seconds
[2025-04-16T00:06:53.984+0700] {processor.py:186} INFO - Started process (PID=324256) to work on /home/anhtupham99/NBA-analytics/py_env/lib/python3.11/site-packages/airflow/example_dags/example_trigger_controller_dag.py
[2025-04-16T00:06:53.985+0700] {processor.py:914} INFO - Processing file /home/anhtupham99/NBA-analytics/py_env/lib/python3.11/site-packages/airflow/example_dags/example_trigger_controller_dag.py for tasks to queue
[2025-04-16T00:06:53.988+0700] {logging_mixin.py:190} INFO - [2025-04-16T00:06:53.987+0700] {dagbag.py:588} INFO - Filling up the DagBag from /home/anhtupham99/NBA-analytics/py_env/lib/python3.11/site-packages/airflow/example_dags/example_trigger_controller_dag.py
[2025-04-16T00:06:53.998+0700] {processor.py:925} INFO - DAG(s) 'example_trigger_controller_dag' retrieved from /home/anhtupham99/NBA-analytics/py_env/lib/python3.11/site-packages/airflow/example_dags/example_trigger_controller_dag.py
[2025-04-16T00:06:54.017+0700] {logging_mixin.py:190} INFO - [2025-04-16T00:06:54.017+0700] {dag.py:3239} INFO - Sync 1 DAGs
[2025-04-16T00:06:54.035+0700] {logging_mixin.py:190} INFO - [2025-04-16T00:06:54.034+0700] {dag.py:4180} INFO - Setting next_dagrun for example_trigger_controller_dag to 2021-01-01 00:00:00+00:00, run_after=2021-01-01 00:00:00+00:00
[2025-04-16T00:06:54.059+0700] {processor.py:208} INFO - Processing /home/anhtupham99/NBA-analytics/py_env/lib/python3.11/site-packages/airflow/example_dags/example_trigger_controller_dag.py took 0.080 seconds
[2025-04-16T00:08:03.522+0700] {processor.py:186} INFO - Started process (PID=325571) to work on /home/anhtupham99/NBA-analytics/py_env/lib/python3.11/site-packages/airflow/example_dags/example_trigger_controller_dag.py
[2025-04-16T00:08:03.523+0700] {processor.py:914} INFO - Processing file /home/anhtupham99/NBA-analytics/py_env/lib/python3.11/site-packages/airflow/example_dags/example_trigger_controller_dag.py for tasks to queue
[2025-04-16T00:08:03.525+0700] {logging_mixin.py:190} INFO - [2025-04-16T00:08:03.525+0700] {dagbag.py:588} INFO - Filling up the DagBag from /home/anhtupham99/NBA-analytics/py_env/lib/python3.11/site-packages/airflow/example_dags/example_trigger_controller_dag.py
[2025-04-16T00:08:03.531+0700] {processor.py:925} INFO - DAG(s) 'example_trigger_controller_dag' retrieved from /home/anhtupham99/NBA-analytics/py_env/lib/python3.11/site-packages/airflow/example_dags/example_trigger_controller_dag.py
[2025-04-16T00:08:03.541+0700] {logging_mixin.py:190} INFO - [2025-04-16T00:08:03.541+0700] {dag.py:3239} INFO - Sync 1 DAGs
[2025-04-16T00:08:03.555+0700] {logging_mixin.py:190} INFO - [2025-04-16T00:08:03.555+0700] {dag.py:4180} INFO - Setting next_dagrun for example_trigger_controller_dag to 2021-01-01 00:00:00+00:00, run_after=2021-01-01 00:00:00+00:00
[2025-04-16T00:08:03.577+0700] {processor.py:208} INFO - Processing /home/anhtupham99/NBA-analytics/py_env/lib/python3.11/site-packages/airflow/example_dags/example_trigger_controller_dag.py took 0.060 seconds
[2025-04-16T00:09:15.100+0700] {processor.py:186} INFO - Started process (PID=326855) to work on /home/anhtupham99/NBA-analytics/py_env/lib/python3.11/site-packages/airflow/example_dags/example_trigger_controller_dag.py
[2025-04-16T00:09:15.104+0700] {processor.py:914} INFO - Processing file /home/anhtupham99/NBA-analytics/py_env/lib/python3.11/site-packages/airflow/example_dags/example_trigger_controller_dag.py for tasks to queue
[2025-04-16T00:09:15.108+0700] {logging_mixin.py:190} INFO - [2025-04-16T00:09:15.107+0700] {dagbag.py:588} INFO - Filling up the DagBag from /home/anhtupham99/NBA-analytics/py_env/lib/python3.11/site-packages/airflow/example_dags/example_trigger_controller_dag.py
[2025-04-16T00:09:15.119+0700] {processor.py:925} INFO - DAG(s) 'example_trigger_controller_dag' retrieved from /home/anhtupham99/NBA-analytics/py_env/lib/python3.11/site-packages/airflow/example_dags/example_trigger_controller_dag.py
[2025-04-16T00:09:15.140+0700] {logging_mixin.py:190} INFO - [2025-04-16T00:09:15.138+0700] {dag.py:3239} INFO - Sync 1 DAGs
[2025-04-16T00:09:15.170+0700] {logging_mixin.py:190} INFO - [2025-04-16T00:09:15.170+0700] {dag.py:4180} INFO - Setting next_dagrun for example_trigger_controller_dag to 2021-01-01 00:00:00+00:00, run_after=2021-01-01 00:00:00+00:00
[2025-04-16T00:09:15.202+0700] {processor.py:208} INFO - Processing /home/anhtupham99/NBA-analytics/py_env/lib/python3.11/site-packages/airflow/example_dags/example_trigger_controller_dag.py took 0.111 seconds
[2025-04-16T00:10:26.795+0700] {processor.py:186} INFO - Started process (PID=328570) to work on /home/anhtupham99/NBA-analytics/py_env/lib/python3.11/site-packages/airflow/example_dags/example_trigger_controller_dag.py
[2025-04-16T00:10:26.797+0700] {processor.py:914} INFO - Processing file /home/anhtupham99/NBA-analytics/py_env/lib/python3.11/site-packages/airflow/example_dags/example_trigger_controller_dag.py for tasks to queue
[2025-04-16T00:10:26.799+0700] {logging_mixin.py:190} INFO - [2025-04-16T00:10:26.799+0700] {dagbag.py:588} INFO - Filling up the DagBag from /home/anhtupham99/NBA-analytics/py_env/lib/python3.11/site-packages/airflow/example_dags/example_trigger_controller_dag.py
[2025-04-16T00:10:26.806+0700] {processor.py:925} INFO - DAG(s) 'example_trigger_controller_dag' retrieved from /home/anhtupham99/NBA-analytics/py_env/lib/python3.11/site-packages/airflow/example_dags/example_trigger_controller_dag.py
[2025-04-16T00:10:26.818+0700] {logging_mixin.py:190} INFO - [2025-04-16T00:10:26.818+0700] {dag.py:3239} INFO - Sync 1 DAGs
[2025-04-16T00:10:26.834+0700] {logging_mixin.py:190} INFO - [2025-04-16T00:10:26.834+0700] {dag.py:4180} INFO - Setting next_dagrun for example_trigger_controller_dag to 2021-01-01 00:00:00+00:00, run_after=2021-01-01 00:00:00+00:00
[2025-04-16T00:10:26.859+0700] {processor.py:208} INFO - Processing /home/anhtupham99/NBA-analytics/py_env/lib/python3.11/site-packages/airflow/example_dags/example_trigger_controller_dag.py took 0.069 seconds
[2025-04-16T00:11:40.143+0700] {processor.py:186} INFO - Started process (PID=330154) to work on /home/anhtupham99/NBA-analytics/py_env/lib/python3.11/site-packages/airflow/example_dags/example_trigger_controller_dag.py
[2025-04-16T00:11:40.145+0700] {processor.py:914} INFO - Processing file /home/anhtupham99/NBA-analytics/py_env/lib/python3.11/site-packages/airflow/example_dags/example_trigger_controller_dag.py for tasks to queue
[2025-04-16T00:11:40.147+0700] {logging_mixin.py:190} INFO - [2025-04-16T00:11:40.147+0700] {dagbag.py:588} INFO - Filling up the DagBag from /home/anhtupham99/NBA-analytics/py_env/lib/python3.11/site-packages/airflow/example_dags/example_trigger_controller_dag.py
[2025-04-16T00:11:40.153+0700] {processor.py:925} INFO - DAG(s) 'example_trigger_controller_dag' retrieved from /home/anhtupham99/NBA-analytics/py_env/lib/python3.11/site-packages/airflow/example_dags/example_trigger_controller_dag.py
[2025-04-16T00:11:40.165+0700] {logging_mixin.py:190} INFO - [2025-04-16T00:11:40.164+0700] {dag.py:3239} INFO - Sync 1 DAGs
[2025-04-16T00:11:40.180+0700] {logging_mixin.py:190} INFO - [2025-04-16T00:11:40.180+0700] {dag.py:4180} INFO - Setting next_dagrun for example_trigger_controller_dag to 2021-01-01 00:00:00+00:00, run_after=2021-01-01 00:00:00+00:00
[2025-04-16T00:11:40.205+0700] {processor.py:208} INFO - Processing /home/anhtupham99/NBA-analytics/py_env/lib/python3.11/site-packages/airflow/example_dags/example_trigger_controller_dag.py took 0.066 seconds
[2025-04-16T00:12:47.438+0700] {processor.py:186} INFO - Started process (PID=332356) to work on /home/anhtupham99/NBA-analytics/py_env/lib/python3.11/site-packages/airflow/example_dags/example_trigger_controller_dag.py
[2025-04-16T00:12:47.440+0700] {processor.py:914} INFO - Processing file /home/anhtupham99/NBA-analytics/py_env/lib/python3.11/site-packages/airflow/example_dags/example_trigger_controller_dag.py for tasks to queue
[2025-04-16T00:12:47.442+0700] {logging_mixin.py:190} INFO - [2025-04-16T00:12:47.442+0700] {dagbag.py:588} INFO - Filling up the DagBag from /home/anhtupham99/NBA-analytics/py_env/lib/python3.11/site-packages/airflow/example_dags/example_trigger_controller_dag.py
[2025-04-16T00:12:47.448+0700] {processor.py:925} INFO - DAG(s) 'example_trigger_controller_dag' retrieved from /home/anhtupham99/NBA-analytics/py_env/lib/python3.11/site-packages/airflow/example_dags/example_trigger_controller_dag.py
[2025-04-16T00:12:47.461+0700] {logging_mixin.py:190} INFO - [2025-04-16T00:12:47.460+0700] {dag.py:3239} INFO - Sync 1 DAGs
[2025-04-16T00:12:47.476+0700] {logging_mixin.py:190} INFO - [2025-04-16T00:12:47.476+0700] {dag.py:4180} INFO - Setting next_dagrun for example_trigger_controller_dag to 2021-01-01 00:00:00+00:00, run_after=2021-01-01 00:00:00+00:00
[2025-04-16T00:12:47.501+0700] {processor.py:208} INFO - Processing /home/anhtupham99/NBA-analytics/py_env/lib/python3.11/site-packages/airflow/example_dags/example_trigger_controller_dag.py took 0.068 seconds
[2025-04-16T00:14:03.518+0700] {processor.py:186} INFO - Started process (PID=335158) to work on /home/anhtupham99/NBA-analytics/py_env/lib/python3.11/site-packages/airflow/example_dags/example_trigger_controller_dag.py
[2025-04-16T00:14:03.519+0700] {processor.py:914} INFO - Processing file /home/anhtupham99/NBA-analytics/py_env/lib/python3.11/site-packages/airflow/example_dags/example_trigger_controller_dag.py for tasks to queue
[2025-04-16T00:14:03.521+0700] {logging_mixin.py:190} INFO - [2025-04-16T00:14:03.521+0700] {dagbag.py:588} INFO - Filling up the DagBag from /home/anhtupham99/NBA-analytics/py_env/lib/python3.11/site-packages/airflow/example_dags/example_trigger_controller_dag.py
[2025-04-16T00:14:03.526+0700] {processor.py:925} INFO - DAG(s) 'example_trigger_controller_dag' retrieved from /home/anhtupham99/NBA-analytics/py_env/lib/python3.11/site-packages/airflow/example_dags/example_trigger_controller_dag.py
[2025-04-16T00:14:03.536+0700] {logging_mixin.py:190} INFO - [2025-04-16T00:14:03.536+0700] {dag.py:3239} INFO - Sync 1 DAGs
[2025-04-16T00:14:03.550+0700] {logging_mixin.py:190} INFO - [2025-04-16T00:14:03.550+0700] {dag.py:4180} INFO - Setting next_dagrun for example_trigger_controller_dag to 2021-01-01 00:00:00+00:00, run_after=2021-01-01 00:00:00+00:00
[2025-04-16T00:14:03.575+0700] {processor.py:208} INFO - Processing /home/anhtupham99/NBA-analytics/py_env/lib/python3.11/site-packages/airflow/example_dags/example_trigger_controller_dag.py took 0.061 seconds
[2025-04-16T00:15:16.816+0700] {processor.py:186} INFO - Started process (PID=337981) to work on /home/anhtupham99/NBA-analytics/py_env/lib/python3.11/site-packages/airflow/example_dags/example_trigger_controller_dag.py
[2025-04-16T00:15:16.818+0700] {processor.py:914} INFO - Processing file /home/anhtupham99/NBA-analytics/py_env/lib/python3.11/site-packages/airflow/example_dags/example_trigger_controller_dag.py for tasks to queue
[2025-04-16T00:15:16.820+0700] {logging_mixin.py:190} INFO - [2025-04-16T00:15:16.819+0700] {dagbag.py:588} INFO - Filling up the DagBag from /home/anhtupham99/NBA-analytics/py_env/lib/python3.11/site-packages/airflow/example_dags/example_trigger_controller_dag.py
[2025-04-16T00:15:16.826+0700] {processor.py:925} INFO - DAG(s) 'example_trigger_controller_dag' retrieved from /home/anhtupham99/NBA-analytics/py_env/lib/python3.11/site-packages/airflow/example_dags/example_trigger_controller_dag.py
[2025-04-16T00:15:16.839+0700] {logging_mixin.py:190} INFO - [2025-04-16T00:15:16.839+0700] {dag.py:3239} INFO - Sync 1 DAGs
[2025-04-16T00:15:16.853+0700] {logging_mixin.py:190} INFO - [2025-04-16T00:15:16.853+0700] {dag.py:4180} INFO - Setting next_dagrun for example_trigger_controller_dag to 2021-01-01 00:00:00+00:00, run_after=2021-01-01 00:00:00+00:00
[2025-04-16T00:15:16.880+0700] {processor.py:208} INFO - Processing /home/anhtupham99/NBA-analytics/py_env/lib/python3.11/site-packages/airflow/example_dags/example_trigger_controller_dag.py took 0.069 seconds
[2025-04-16T00:16:06.930+0700] {processor.py:186} INFO - Started process (PID=340884) to work on /home/anhtupham99/NBA-analytics/py_env/lib/python3.11/site-packages/airflow/example_dags/example_trigger_controller_dag.py
[2025-04-16T00:16:06.931+0700] {processor.py:914} INFO - Processing file /home/anhtupham99/NBA-analytics/py_env/lib/python3.11/site-packages/airflow/example_dags/example_trigger_controller_dag.py for tasks to queue
[2025-04-16T00:16:06.933+0700] {logging_mixin.py:190} INFO - [2025-04-16T00:16:06.933+0700] {dagbag.py:588} INFO - Filling up the DagBag from /home/anhtupham99/NBA-analytics/py_env/lib/python3.11/site-packages/airflow/example_dags/example_trigger_controller_dag.py
[2025-04-16T00:16:06.940+0700] {processor.py:925} INFO - DAG(s) 'example_trigger_controller_dag' retrieved from /home/anhtupham99/NBA-analytics/py_env/lib/python3.11/site-packages/airflow/example_dags/example_trigger_controller_dag.py
[2025-04-16T00:16:06.953+0700] {logging_mixin.py:190} INFO - [2025-04-16T00:16:06.953+0700] {dag.py:3239} INFO - Sync 1 DAGs
[2025-04-16T00:16:06.969+0700] {logging_mixin.py:190} INFO - [2025-04-16T00:16:06.969+0700] {dag.py:4180} INFO - Setting next_dagrun for example_trigger_controller_dag to 2021-01-01 00:00:00+00:00, run_after=2021-01-01 00:00:00+00:00
[2025-04-16T00:16:07.003+0700] {processor.py:208} INFO - Processing /home/anhtupham99/NBA-analytics/py_env/lib/python3.11/site-packages/airflow/example_dags/example_trigger_controller_dag.py took 0.080 seconds
[2025-04-16T00:16:58.142+0700] {processor.py:186} INFO - Started process (PID=343247) to work on /home/anhtupham99/NBA-analytics/py_env/lib/python3.11/site-packages/airflow/example_dags/example_trigger_controller_dag.py
[2025-04-16T00:16:58.143+0700] {processor.py:914} INFO - Processing file /home/anhtupham99/NBA-analytics/py_env/lib/python3.11/site-packages/airflow/example_dags/example_trigger_controller_dag.py for tasks to queue
[2025-04-16T00:16:58.145+0700] {logging_mixin.py:190} INFO - [2025-04-16T00:16:58.145+0700] {dagbag.py:588} INFO - Filling up the DagBag from /home/anhtupham99/NBA-analytics/py_env/lib/python3.11/site-packages/airflow/example_dags/example_trigger_controller_dag.py
[2025-04-16T00:16:58.151+0700] {processor.py:925} INFO - DAG(s) 'example_trigger_controller_dag' retrieved from /home/anhtupham99/NBA-analytics/py_env/lib/python3.11/site-packages/airflow/example_dags/example_trigger_controller_dag.py
[2025-04-16T00:16:58.163+0700] {logging_mixin.py:190} INFO - [2025-04-16T00:16:58.163+0700] {dag.py:3239} INFO - Sync 1 DAGs
[2025-04-16T00:16:58.178+0700] {logging_mixin.py:190} INFO - [2025-04-16T00:16:58.178+0700] {dag.py:4180} INFO - Setting next_dagrun for example_trigger_controller_dag to 2021-01-01 00:00:00+00:00, run_after=2021-01-01 00:00:00+00:00
[2025-04-16T00:16:58.202+0700] {processor.py:208} INFO - Processing /home/anhtupham99/NBA-analytics/py_env/lib/python3.11/site-packages/airflow/example_dags/example_trigger_controller_dag.py took 0.065 seconds
[2025-04-16T00:18:11.913+0700] {processor.py:186} INFO - Started process (PID=346028) to work on /home/anhtupham99/NBA-analytics/py_env/lib/python3.11/site-packages/airflow/example_dags/example_trigger_controller_dag.py
[2025-04-16T00:18:11.915+0700] {processor.py:914} INFO - Processing file /home/anhtupham99/NBA-analytics/py_env/lib/python3.11/site-packages/airflow/example_dags/example_trigger_controller_dag.py for tasks to queue
[2025-04-16T00:18:11.918+0700] {logging_mixin.py:190} INFO - [2025-04-16T00:18:11.917+0700] {dagbag.py:588} INFO - Filling up the DagBag from /home/anhtupham99/NBA-analytics/py_env/lib/python3.11/site-packages/airflow/example_dags/example_trigger_controller_dag.py
[2025-04-16T00:18:11.926+0700] {processor.py:925} INFO - DAG(s) 'example_trigger_controller_dag' retrieved from /home/anhtupham99/NBA-analytics/py_env/lib/python3.11/site-packages/airflow/example_dags/example_trigger_controller_dag.py
[2025-04-16T00:18:11.942+0700] {logging_mixin.py:190} INFO - [2025-04-16T00:18:11.942+0700] {dag.py:3239} INFO - Sync 1 DAGs
[2025-04-16T00:18:11.959+0700] {logging_mixin.py:190} INFO - [2025-04-16T00:18:11.959+0700] {dag.py:4180} INFO - Setting next_dagrun for example_trigger_controller_dag to 2021-01-01 00:00:00+00:00, run_after=2021-01-01 00:00:00+00:00
[2025-04-16T00:18:11.991+0700] {processor.py:208} INFO - Processing /home/anhtupham99/NBA-analytics/py_env/lib/python3.11/site-packages/airflow/example_dags/example_trigger_controller_dag.py took 0.087 seconds
[2025-04-16T00:19:27.295+0700] {processor.py:186} INFO - Started process (PID=349800) to work on /home/anhtupham99/NBA-analytics/py_env/lib/python3.11/site-packages/airflow/example_dags/example_trigger_controller_dag.py
[2025-04-16T00:19:27.297+0700] {processor.py:914} INFO - Processing file /home/anhtupham99/NBA-analytics/py_env/lib/python3.11/site-packages/airflow/example_dags/example_trigger_controller_dag.py for tasks to queue
[2025-04-16T00:19:27.300+0700] {logging_mixin.py:190} INFO - [2025-04-16T00:19:27.299+0700] {dagbag.py:588} INFO - Filling up the DagBag from /home/anhtupham99/NBA-analytics/py_env/lib/python3.11/site-packages/airflow/example_dags/example_trigger_controller_dag.py
[2025-04-16T00:19:27.308+0700] {processor.py:925} INFO - DAG(s) 'example_trigger_controller_dag' retrieved from /home/anhtupham99/NBA-analytics/py_env/lib/python3.11/site-packages/airflow/example_dags/example_trigger_controller_dag.py
[2025-04-16T00:19:27.321+0700] {logging_mixin.py:190} INFO - [2025-04-16T00:19:27.321+0700] {dag.py:3239} INFO - Sync 1 DAGs
[2025-04-16T00:19:27.338+0700] {logging_mixin.py:190} INFO - [2025-04-16T00:19:27.338+0700] {dag.py:4180} INFO - Setting next_dagrun for example_trigger_controller_dag to 2021-01-01 00:00:00+00:00, run_after=2021-01-01 00:00:00+00:00
[2025-04-16T00:19:27.362+0700] {processor.py:208} INFO - Processing /home/anhtupham99/NBA-analytics/py_env/lib/python3.11/site-packages/airflow/example_dags/example_trigger_controller_dag.py took 0.078 seconds
[2025-04-16T00:20:40.509+0700] {processor.py:186} INFO - Started process (PID=352670) to work on /home/anhtupham99/NBA-analytics/py_env/lib/python3.11/site-packages/airflow/example_dags/example_trigger_controller_dag.py
[2025-04-16T00:20:40.510+0700] {processor.py:914} INFO - Processing file /home/anhtupham99/NBA-analytics/py_env/lib/python3.11/site-packages/airflow/example_dags/example_trigger_controller_dag.py for tasks to queue
[2025-04-16T00:20:40.512+0700] {logging_mixin.py:190} INFO - [2025-04-16T00:20:40.511+0700] {dagbag.py:588} INFO - Filling up the DagBag from /home/anhtupham99/NBA-analytics/py_env/lib/python3.11/site-packages/airflow/example_dags/example_trigger_controller_dag.py
[2025-04-16T00:20:40.517+0700] {processor.py:925} INFO - DAG(s) 'example_trigger_controller_dag' retrieved from /home/anhtupham99/NBA-analytics/py_env/lib/python3.11/site-packages/airflow/example_dags/example_trigger_controller_dag.py
[2025-04-16T00:20:40.527+0700] {logging_mixin.py:190} INFO - [2025-04-16T00:20:40.526+0700] {dag.py:3239} INFO - Sync 1 DAGs
[2025-04-16T00:20:40.540+0700] {logging_mixin.py:190} INFO - [2025-04-16T00:20:40.540+0700] {dag.py:4180} INFO - Setting next_dagrun for example_trigger_controller_dag to 2021-01-01 00:00:00+00:00, run_after=2021-01-01 00:00:00+00:00
[2025-04-16T00:20:40.562+0700] {processor.py:208} INFO - Processing /home/anhtupham99/NBA-analytics/py_env/lib/python3.11/site-packages/airflow/example_dags/example_trigger_controller_dag.py took 0.058 seconds
[2025-04-16T00:21:55.830+0700] {processor.py:186} INFO - Started process (PID=355427) to work on /home/anhtupham99/NBA-analytics/py_env/lib/python3.11/site-packages/airflow/example_dags/example_trigger_controller_dag.py
[2025-04-16T00:21:55.832+0700] {processor.py:914} INFO - Processing file /home/anhtupham99/NBA-analytics/py_env/lib/python3.11/site-packages/airflow/example_dags/example_trigger_controller_dag.py for tasks to queue
[2025-04-16T00:21:55.834+0700] {logging_mixin.py:190} INFO - [2025-04-16T00:21:55.834+0700] {dagbag.py:588} INFO - Filling up the DagBag from /home/anhtupham99/NBA-analytics/py_env/lib/python3.11/site-packages/airflow/example_dags/example_trigger_controller_dag.py
[2025-04-16T00:21:55.843+0700] {processor.py:925} INFO - DAG(s) 'example_trigger_controller_dag' retrieved from /home/anhtupham99/NBA-analytics/py_env/lib/python3.11/site-packages/airflow/example_dags/example_trigger_controller_dag.py
[2025-04-16T00:21:55.862+0700] {logging_mixin.py:190} INFO - [2025-04-16T00:21:55.862+0700] {dag.py:3239} INFO - Sync 1 DAGs
[2025-04-16T00:21:55.890+0700] {logging_mixin.py:190} INFO - [2025-04-16T00:21:55.889+0700] {dag.py:4180} INFO - Setting next_dagrun for example_trigger_controller_dag to 2021-01-01 00:00:00+00:00, run_after=2021-01-01 00:00:00+00:00
[2025-04-16T00:21:55.927+0700] {processor.py:208} INFO - Processing /home/anhtupham99/NBA-analytics/py_env/lib/python3.11/site-packages/airflow/example_dags/example_trigger_controller_dag.py took 0.105 seconds
[2025-04-16T00:22:49.090+0700] {processor.py:186} INFO - Started process (PID=357202) to work on /home/anhtupham99/NBA-analytics/py_env/lib/python3.11/site-packages/airflow/example_dags/example_trigger_controller_dag.py
[2025-04-16T00:22:49.092+0700] {processor.py:914} INFO - Processing file /home/anhtupham99/NBA-analytics/py_env/lib/python3.11/site-packages/airflow/example_dags/example_trigger_controller_dag.py for tasks to queue
[2025-04-16T00:22:49.094+0700] {logging_mixin.py:190} INFO - [2025-04-16T00:22:49.094+0700] {dagbag.py:588} INFO - Filling up the DagBag from /home/anhtupham99/NBA-analytics/py_env/lib/python3.11/site-packages/airflow/example_dags/example_trigger_controller_dag.py
[2025-04-16T00:22:49.102+0700] {processor.py:925} INFO - DAG(s) 'example_trigger_controller_dag' retrieved from /home/anhtupham99/NBA-analytics/py_env/lib/python3.11/site-packages/airflow/example_dags/example_trigger_controller_dag.py
[2025-04-16T00:22:49.116+0700] {logging_mixin.py:190} INFO - [2025-04-16T00:22:49.116+0700] {dag.py:3239} INFO - Sync 1 DAGs
[2025-04-16T00:22:49.134+0700] {logging_mixin.py:190} INFO - [2025-04-16T00:22:49.134+0700] {dag.py:4180} INFO - Setting next_dagrun for example_trigger_controller_dag to 2021-01-01 00:00:00+00:00, run_after=2021-01-01 00:00:00+00:00
[2025-04-16T00:22:49.161+0700] {processor.py:208} INFO - Processing /home/anhtupham99/NBA-analytics/py_env/lib/python3.11/site-packages/airflow/example_dags/example_trigger_controller_dag.py took 0.076 seconds
[2025-04-16T00:23:55.173+0700] {processor.py:186} INFO - Started process (PID=359203) to work on /home/anhtupham99/NBA-analytics/py_env/lib/python3.11/site-packages/airflow/example_dags/example_trigger_controller_dag.py
[2025-04-16T00:23:55.175+0700] {processor.py:914} INFO - Processing file /home/anhtupham99/NBA-analytics/py_env/lib/python3.11/site-packages/airflow/example_dags/example_trigger_controller_dag.py for tasks to queue
[2025-04-16T00:23:55.177+0700] {logging_mixin.py:190} INFO - [2025-04-16T00:23:55.176+0700] {dagbag.py:588} INFO - Filling up the DagBag from /home/anhtupham99/NBA-analytics/py_env/lib/python3.11/site-packages/airflow/example_dags/example_trigger_controller_dag.py
[2025-04-16T00:23:55.184+0700] {processor.py:925} INFO - DAG(s) 'example_trigger_controller_dag' retrieved from /home/anhtupham99/NBA-analytics/py_env/lib/python3.11/site-packages/airflow/example_dags/example_trigger_controller_dag.py
[2025-04-16T00:23:55.197+0700] {logging_mixin.py:190} INFO - [2025-04-16T00:23:55.197+0700] {dag.py:3239} INFO - Sync 1 DAGs
[2025-04-16T00:23:55.220+0700] {logging_mixin.py:190} INFO - [2025-04-16T00:23:55.219+0700] {dag.py:4180} INFO - Setting next_dagrun for example_trigger_controller_dag to 2021-01-01 00:00:00+00:00, run_after=2021-01-01 00:00:00+00:00
[2025-04-16T00:23:55.242+0700] {processor.py:208} INFO - Processing /home/anhtupham99/NBA-analytics/py_env/lib/python3.11/site-packages/airflow/example_dags/example_trigger_controller_dag.py took 0.073 seconds
[2025-04-16T00:24:45.860+0700] {processor.py:186} INFO - Started process (PID=361179) to work on /home/anhtupham99/NBA-analytics/py_env/lib/python3.11/site-packages/airflow/example_dags/example_trigger_controller_dag.py
[2025-04-16T00:24:45.861+0700] {processor.py:914} INFO - Processing file /home/anhtupham99/NBA-analytics/py_env/lib/python3.11/site-packages/airflow/example_dags/example_trigger_controller_dag.py for tasks to queue
[2025-04-16T00:24:45.864+0700] {logging_mixin.py:190} INFO - [2025-04-16T00:24:45.863+0700] {dagbag.py:588} INFO - Filling up the DagBag from /home/anhtupham99/NBA-analytics/py_env/lib/python3.11/site-packages/airflow/example_dags/example_trigger_controller_dag.py
[2025-04-16T00:24:45.871+0700] {processor.py:925} INFO - DAG(s) 'example_trigger_controller_dag' retrieved from /home/anhtupham99/NBA-analytics/py_env/lib/python3.11/site-packages/airflow/example_dags/example_trigger_controller_dag.py
[2025-04-16T00:24:45.886+0700] {logging_mixin.py:190} INFO - [2025-04-16T00:24:45.886+0700] {dag.py:3239} INFO - Sync 1 DAGs
[2025-04-16T00:24:45.904+0700] {logging_mixin.py:190} INFO - [2025-04-16T00:24:45.903+0700] {dag.py:4180} INFO - Setting next_dagrun for example_trigger_controller_dag to 2021-01-01 00:00:00+00:00, run_after=2021-01-01 00:00:00+00:00
[2025-04-16T00:24:45.933+0700] {processor.py:208} INFO - Processing /home/anhtupham99/NBA-analytics/py_env/lib/python3.11/site-packages/airflow/example_dags/example_trigger_controller_dag.py took 0.079 seconds
[2025-04-16T00:25:36.472+0700] {processor.py:186} INFO - Started process (PID=363549) to work on /home/anhtupham99/NBA-analytics/py_env/lib/python3.11/site-packages/airflow/example_dags/example_trigger_controller_dag.py
[2025-04-16T00:25:36.473+0700] {processor.py:914} INFO - Processing file /home/anhtupham99/NBA-analytics/py_env/lib/python3.11/site-packages/airflow/example_dags/example_trigger_controller_dag.py for tasks to queue
[2025-04-16T00:25:36.475+0700] {logging_mixin.py:190} INFO - [2025-04-16T00:25:36.474+0700] {dagbag.py:588} INFO - Filling up the DagBag from /home/anhtupham99/NBA-analytics/py_env/lib/python3.11/site-packages/airflow/example_dags/example_trigger_controller_dag.py
[2025-04-16T00:25:36.481+0700] {processor.py:925} INFO - DAG(s) 'example_trigger_controller_dag' retrieved from /home/anhtupham99/NBA-analytics/py_env/lib/python3.11/site-packages/airflow/example_dags/example_trigger_controller_dag.py
[2025-04-16T00:25:36.491+0700] {logging_mixin.py:190} INFO - [2025-04-16T00:25:36.491+0700] {dag.py:3239} INFO - Sync 1 DAGs
[2025-04-16T00:25:36.504+0700] {logging_mixin.py:190} INFO - [2025-04-16T00:25:36.504+0700] {dag.py:4180} INFO - Setting next_dagrun for example_trigger_controller_dag to 2021-01-01 00:00:00+00:00, run_after=2021-01-01 00:00:00+00:00
[2025-04-16T00:25:36.525+0700] {processor.py:208} INFO - Processing /home/anhtupham99/NBA-analytics/py_env/lib/python3.11/site-packages/airflow/example_dags/example_trigger_controller_dag.py took 0.057 seconds
[2025-04-16T00:26:48.666+0700] {processor.py:186} INFO - Started process (PID=365218) to work on /home/anhtupham99/NBA-analytics/py_env/lib/python3.11/site-packages/airflow/example_dags/example_trigger_controller_dag.py
[2025-04-16T00:26:48.668+0700] {processor.py:914} INFO - Processing file /home/anhtupham99/NBA-analytics/py_env/lib/python3.11/site-packages/airflow/example_dags/example_trigger_controller_dag.py for tasks to queue
[2025-04-16T00:26:48.669+0700] {logging_mixin.py:190} INFO - [2025-04-16T00:26:48.669+0700] {dagbag.py:588} INFO - Filling up the DagBag from /home/anhtupham99/NBA-analytics/py_env/lib/python3.11/site-packages/airflow/example_dags/example_trigger_controller_dag.py
[2025-04-16T00:26:48.675+0700] {processor.py:925} INFO - DAG(s) 'example_trigger_controller_dag' retrieved from /home/anhtupham99/NBA-analytics/py_env/lib/python3.11/site-packages/airflow/example_dags/example_trigger_controller_dag.py
[2025-04-16T00:26:48.688+0700] {logging_mixin.py:190} INFO - [2025-04-16T00:26:48.688+0700] {dag.py:3239} INFO - Sync 1 DAGs
[2025-04-16T00:26:48.702+0700] {logging_mixin.py:190} INFO - [2025-04-16T00:26:48.702+0700] {dag.py:4180} INFO - Setting next_dagrun for example_trigger_controller_dag to 2021-01-01 00:00:00+00:00, run_after=2021-01-01 00:00:00+00:00
[2025-04-16T00:26:48.723+0700] {processor.py:208} INFO - Processing /home/anhtupham99/NBA-analytics/py_env/lib/python3.11/site-packages/airflow/example_dags/example_trigger_controller_dag.py took 0.061 seconds
[2025-04-16T00:27:59.356+0700] {processor.py:186} INFO - Started process (PID=367054) to work on /home/anhtupham99/NBA-analytics/py_env/lib/python3.11/site-packages/airflow/example_dags/example_trigger_controller_dag.py
[2025-04-16T00:27:59.357+0700] {processor.py:914} INFO - Processing file /home/anhtupham99/NBA-analytics/py_env/lib/python3.11/site-packages/airflow/example_dags/example_trigger_controller_dag.py for tasks to queue
[2025-04-16T00:27:59.359+0700] {logging_mixin.py:190} INFO - [2025-04-16T00:27:59.358+0700] {dagbag.py:588} INFO - Filling up the DagBag from /home/anhtupham99/NBA-analytics/py_env/lib/python3.11/site-packages/airflow/example_dags/example_trigger_controller_dag.py
[2025-04-16T00:27:59.364+0700] {processor.py:925} INFO - DAG(s) 'example_trigger_controller_dag' retrieved from /home/anhtupham99/NBA-analytics/py_env/lib/python3.11/site-packages/airflow/example_dags/example_trigger_controller_dag.py
[2025-04-16T00:27:59.375+0700] {logging_mixin.py:190} INFO - [2025-04-16T00:27:59.375+0700] {dag.py:3239} INFO - Sync 1 DAGs
[2025-04-16T00:27:59.388+0700] {logging_mixin.py:190} INFO - [2025-04-16T00:27:59.388+0700] {dag.py:4180} INFO - Setting next_dagrun for example_trigger_controller_dag to 2021-01-01 00:00:00+00:00, run_after=2021-01-01 00:00:00+00:00
[2025-04-16T00:27:59.412+0700] {processor.py:208} INFO - Processing /home/anhtupham99/NBA-analytics/py_env/lib/python3.11/site-packages/airflow/example_dags/example_trigger_controller_dag.py took 0.061 seconds
[2025-04-16T00:29:11.005+0700] {processor.py:186} INFO - Started process (PID=368720) to work on /home/anhtupham99/NBA-analytics/py_env/lib/python3.11/site-packages/airflow/example_dags/example_trigger_controller_dag.py
[2025-04-16T00:29:11.008+0700] {processor.py:914} INFO - Processing file /home/anhtupham99/NBA-analytics/py_env/lib/python3.11/site-packages/airflow/example_dags/example_trigger_controller_dag.py for tasks to queue
[2025-04-16T00:29:11.010+0700] {logging_mixin.py:190} INFO - [2025-04-16T00:29:11.010+0700] {dagbag.py:588} INFO - Filling up the DagBag from /home/anhtupham99/NBA-analytics/py_env/lib/python3.11/site-packages/airflow/example_dags/example_trigger_controller_dag.py
[2025-04-16T00:29:11.015+0700] {processor.py:925} INFO - DAG(s) 'example_trigger_controller_dag' retrieved from /home/anhtupham99/NBA-analytics/py_env/lib/python3.11/site-packages/airflow/example_dags/example_trigger_controller_dag.py
[2025-04-16T00:29:11.027+0700] {logging_mixin.py:190} INFO - [2025-04-16T00:29:11.027+0700] {dag.py:3239} INFO - Sync 1 DAGs
[2025-04-16T00:29:11.041+0700] {logging_mixin.py:190} INFO - [2025-04-16T00:29:11.041+0700] {dag.py:4180} INFO - Setting next_dagrun for example_trigger_controller_dag to 2021-01-01 00:00:00+00:00, run_after=2021-01-01 00:00:00+00:00
[2025-04-16T00:29:11.065+0700] {processor.py:208} INFO - Processing /home/anhtupham99/NBA-analytics/py_env/lib/python3.11/site-packages/airflow/example_dags/example_trigger_controller_dag.py took 0.065 seconds
[2025-04-16T00:30:24.415+0700] {processor.py:186} INFO - Started process (PID=370450) to work on /home/anhtupham99/NBA-analytics/py_env/lib/python3.11/site-packages/airflow/example_dags/example_trigger_controller_dag.py
[2025-04-16T00:30:24.418+0700] {processor.py:914} INFO - Processing file /home/anhtupham99/NBA-analytics/py_env/lib/python3.11/site-packages/airflow/example_dags/example_trigger_controller_dag.py for tasks to queue
[2025-04-16T00:30:24.420+0700] {logging_mixin.py:190} INFO - [2025-04-16T00:30:24.420+0700] {dagbag.py:588} INFO - Filling up the DagBag from /home/anhtupham99/NBA-analytics/py_env/lib/python3.11/site-packages/airflow/example_dags/example_trigger_controller_dag.py
[2025-04-16T00:30:24.426+0700] {processor.py:925} INFO - DAG(s) 'example_trigger_controller_dag' retrieved from /home/anhtupham99/NBA-analytics/py_env/lib/python3.11/site-packages/airflow/example_dags/example_trigger_controller_dag.py
[2025-04-16T00:30:24.436+0700] {logging_mixin.py:190} INFO - [2025-04-16T00:30:24.436+0700] {dag.py:3239} INFO - Sync 1 DAGs
[2025-04-16T00:30:24.450+0700] {logging_mixin.py:190} INFO - [2025-04-16T00:30:24.450+0700] {dag.py:4180} INFO - Setting next_dagrun for example_trigger_controller_dag to 2021-01-01 00:00:00+00:00, run_after=2021-01-01 00:00:00+00:00
[2025-04-16T00:30:24.472+0700] {processor.py:208} INFO - Processing /home/anhtupham99/NBA-analytics/py_env/lib/python3.11/site-packages/airflow/example_dags/example_trigger_controller_dag.py took 0.061 seconds
[2025-04-16T00:31:34.564+0700] {processor.py:186} INFO - Started process (PID=372399) to work on /home/anhtupham99/NBA-analytics/py_env/lib/python3.11/site-packages/airflow/example_dags/example_trigger_controller_dag.py
[2025-04-16T00:31:34.565+0700] {processor.py:914} INFO - Processing file /home/anhtupham99/NBA-analytics/py_env/lib/python3.11/site-packages/airflow/example_dags/example_trigger_controller_dag.py for tasks to queue
[2025-04-16T00:31:34.567+0700] {logging_mixin.py:190} INFO - [2025-04-16T00:31:34.566+0700] {dagbag.py:588} INFO - Filling up the DagBag from /home/anhtupham99/NBA-analytics/py_env/lib/python3.11/site-packages/airflow/example_dags/example_trigger_controller_dag.py
[2025-04-16T00:31:34.573+0700] {processor.py:925} INFO - DAG(s) 'example_trigger_controller_dag' retrieved from /home/anhtupham99/NBA-analytics/py_env/lib/python3.11/site-packages/airflow/example_dags/example_trigger_controller_dag.py
[2025-04-16T00:31:34.586+0700] {logging_mixin.py:190} INFO - [2025-04-16T00:31:34.586+0700] {dag.py:3239} INFO - Sync 1 DAGs
[2025-04-16T00:31:34.602+0700] {logging_mixin.py:190} INFO - [2025-04-16T00:31:34.601+0700] {dag.py:4180} INFO - Setting next_dagrun for example_trigger_controller_dag to 2021-01-01 00:00:00+00:00, run_after=2021-01-01 00:00:00+00:00
[2025-04-16T00:31:34.633+0700] {processor.py:208} INFO - Processing /home/anhtupham99/NBA-analytics/py_env/lib/python3.11/site-packages/airflow/example_dags/example_trigger_controller_dag.py took 0.073 seconds
[2025-04-16T00:32:41.130+0700] {processor.py:186} INFO - Started process (PID=374041) to work on /home/anhtupham99/NBA-analytics/py_env/lib/python3.11/site-packages/airflow/example_dags/example_trigger_controller_dag.py
[2025-04-16T00:32:41.131+0700] {processor.py:914} INFO - Processing file /home/anhtupham99/NBA-analytics/py_env/lib/python3.11/site-packages/airflow/example_dags/example_trigger_controller_dag.py for tasks to queue
[2025-04-16T00:32:41.133+0700] {logging_mixin.py:190} INFO - [2025-04-16T00:32:41.132+0700] {dagbag.py:588} INFO - Filling up the DagBag from /home/anhtupham99/NBA-analytics/py_env/lib/python3.11/site-packages/airflow/example_dags/example_trigger_controller_dag.py
[2025-04-16T00:32:41.138+0700] {processor.py:925} INFO - DAG(s) 'example_trigger_controller_dag' retrieved from /home/anhtupham99/NBA-analytics/py_env/lib/python3.11/site-packages/airflow/example_dags/example_trigger_controller_dag.py
[2025-04-16T00:32:41.148+0700] {logging_mixin.py:190} INFO - [2025-04-16T00:32:41.147+0700] {dag.py:3239} INFO - Sync 1 DAGs
[2025-04-16T00:32:41.160+0700] {logging_mixin.py:190} INFO - [2025-04-16T00:32:41.160+0700] {dag.py:4180} INFO - Setting next_dagrun for example_trigger_controller_dag to 2021-01-01 00:00:00+00:00, run_after=2021-01-01 00:00:00+00:00
[2025-04-16T00:32:41.182+0700] {processor.py:208} INFO - Processing /home/anhtupham99/NBA-analytics/py_env/lib/python3.11/site-packages/airflow/example_dags/example_trigger_controller_dag.py took 0.056 seconds
[2025-04-16T00:33:51.438+0700] {processor.py:186} INFO - Started process (PID=375731) to work on /home/anhtupham99/NBA-analytics/py_env/lib/python3.11/site-packages/airflow/example_dags/example_trigger_controller_dag.py
[2025-04-16T00:33:51.440+0700] {processor.py:914} INFO - Processing file /home/anhtupham99/NBA-analytics/py_env/lib/python3.11/site-packages/airflow/example_dags/example_trigger_controller_dag.py for tasks to queue
[2025-04-16T00:33:51.443+0700] {logging_mixin.py:190} INFO - [2025-04-16T00:33:51.442+0700] {dagbag.py:588} INFO - Filling up the DagBag from /home/anhtupham99/NBA-analytics/py_env/lib/python3.11/site-packages/airflow/example_dags/example_trigger_controller_dag.py
[2025-04-16T00:33:51.452+0700] {processor.py:925} INFO - DAG(s) 'example_trigger_controller_dag' retrieved from /home/anhtupham99/NBA-analytics/py_env/lib/python3.11/site-packages/airflow/example_dags/example_trigger_controller_dag.py
[2025-04-16T00:33:51.471+0700] {logging_mixin.py:190} INFO - [2025-04-16T00:33:51.471+0700] {dag.py:3239} INFO - Sync 1 DAGs
[2025-04-16T00:33:51.495+0700] {logging_mixin.py:190} INFO - [2025-04-16T00:33:51.494+0700] {dag.py:4180} INFO - Setting next_dagrun for example_trigger_controller_dag to 2021-01-01 00:00:00+00:00, run_after=2021-01-01 00:00:00+00:00
[2025-04-16T00:33:51.523+0700] {processor.py:208} INFO - Processing /home/anhtupham99/NBA-analytics/py_env/lib/python3.11/site-packages/airflow/example_dags/example_trigger_controller_dag.py took 0.093 seconds
[2025-04-16T00:34:42.995+0700] {processor.py:186} INFO - Started process (PID=376830) to work on /home/anhtupham99/NBA-analytics/py_env/lib/python3.11/site-packages/airflow/example_dags/example_trigger_controller_dag.py
[2025-04-16T00:34:42.996+0700] {processor.py:914} INFO - Processing file /home/anhtupham99/NBA-analytics/py_env/lib/python3.11/site-packages/airflow/example_dags/example_trigger_controller_dag.py for tasks to queue
[2025-04-16T00:34:42.998+0700] {logging_mixin.py:190} INFO - [2025-04-16T00:34:42.998+0700] {dagbag.py:588} INFO - Filling up the DagBag from /home/anhtupham99/NBA-analytics/py_env/lib/python3.11/site-packages/airflow/example_dags/example_trigger_controller_dag.py
[2025-04-16T00:34:43.003+0700] {processor.py:925} INFO - DAG(s) 'example_trigger_controller_dag' retrieved from /home/anhtupham99/NBA-analytics/py_env/lib/python3.11/site-packages/airflow/example_dags/example_trigger_controller_dag.py
[2025-04-16T00:34:43.014+0700] {logging_mixin.py:190} INFO - [2025-04-16T00:34:43.014+0700] {dag.py:3239} INFO - Sync 1 DAGs
[2025-04-16T00:34:43.027+0700] {logging_mixin.py:190} INFO - [2025-04-16T00:34:43.027+0700] {dag.py:4180} INFO - Setting next_dagrun for example_trigger_controller_dag to 2021-01-01 00:00:00+00:00, run_after=2021-01-01 00:00:00+00:00
[2025-04-16T00:34:43.052+0700] {processor.py:208} INFO - Processing /home/anhtupham99/NBA-analytics/py_env/lib/python3.11/site-packages/airflow/example_dags/example_trigger_controller_dag.py took 0.061 seconds
[2025-04-16T00:35:51.632+0700] {processor.py:186} INFO - Started process (PID=378629) to work on /home/anhtupham99/NBA-analytics/py_env/lib/python3.11/site-packages/airflow/example_dags/example_trigger_controller_dag.py
[2025-04-16T00:35:51.633+0700] {processor.py:914} INFO - Processing file /home/anhtupham99/NBA-analytics/py_env/lib/python3.11/site-packages/airflow/example_dags/example_trigger_controller_dag.py for tasks to queue
[2025-04-16T00:35:51.635+0700] {logging_mixin.py:190} INFO - [2025-04-16T00:35:51.635+0700] {dagbag.py:588} INFO - Filling up the DagBag from /home/anhtupham99/NBA-analytics/py_env/lib/python3.11/site-packages/airflow/example_dags/example_trigger_controller_dag.py
[2025-04-16T00:35:51.642+0700] {processor.py:925} INFO - DAG(s) 'example_trigger_controller_dag' retrieved from /home/anhtupham99/NBA-analytics/py_env/lib/python3.11/site-packages/airflow/example_dags/example_trigger_controller_dag.py
[2025-04-16T00:35:51.655+0700] {logging_mixin.py:190} INFO - [2025-04-16T00:35:51.655+0700] {dag.py:3239} INFO - Sync 1 DAGs
[2025-04-16T00:35:51.672+0700] {logging_mixin.py:190} INFO - [2025-04-16T00:35:51.671+0700] {dag.py:4180} INFO - Setting next_dagrun for example_trigger_controller_dag to 2021-01-01 00:00:00+00:00, run_after=2021-01-01 00:00:00+00:00
[2025-04-16T00:35:51.700+0700] {processor.py:208} INFO - Processing /home/anhtupham99/NBA-analytics/py_env/lib/python3.11/site-packages/airflow/example_dags/example_trigger_controller_dag.py took 0.074 seconds
[2025-04-16T00:36:40.590+0700] {processor.py:186} INFO - Started process (PID=379863) to work on /home/anhtupham99/NBA-analytics/py_env/lib/python3.11/site-packages/airflow/example_dags/example_trigger_controller_dag.py
[2025-04-16T00:36:40.591+0700] {processor.py:914} INFO - Processing file /home/anhtupham99/NBA-analytics/py_env/lib/python3.11/site-packages/airflow/example_dags/example_trigger_controller_dag.py for tasks to queue
[2025-04-16T00:36:40.593+0700] {logging_mixin.py:190} INFO - [2025-04-16T00:36:40.592+0700] {dagbag.py:588} INFO - Filling up the DagBag from /home/anhtupham99/NBA-analytics/py_env/lib/python3.11/site-packages/airflow/example_dags/example_trigger_controller_dag.py
[2025-04-16T00:36:40.598+0700] {processor.py:925} INFO - DAG(s) 'example_trigger_controller_dag' retrieved from /home/anhtupham99/NBA-analytics/py_env/lib/python3.11/site-packages/airflow/example_dags/example_trigger_controller_dag.py
[2025-04-16T00:36:40.609+0700] {logging_mixin.py:190} INFO - [2025-04-16T00:36:40.609+0700] {dag.py:3239} INFO - Sync 1 DAGs
[2025-04-16T00:36:40.623+0700] {logging_mixin.py:190} INFO - [2025-04-16T00:36:40.623+0700] {dag.py:4180} INFO - Setting next_dagrun for example_trigger_controller_dag to 2021-01-01 00:00:00+00:00, run_after=2021-01-01 00:00:00+00:00
[2025-04-16T00:36:40.644+0700] {processor.py:208} INFO - Processing /home/anhtupham99/NBA-analytics/py_env/lib/python3.11/site-packages/airflow/example_dags/example_trigger_controller_dag.py took 0.058 seconds
[2025-04-16T00:37:49.945+0700] {processor.py:186} INFO - Started process (PID=381785) to work on /home/anhtupham99/NBA-analytics/py_env/lib/python3.11/site-packages/airflow/example_dags/example_trigger_controller_dag.py
[2025-04-16T00:37:49.947+0700] {processor.py:914} INFO - Processing file /home/anhtupham99/NBA-analytics/py_env/lib/python3.11/site-packages/airflow/example_dags/example_trigger_controller_dag.py for tasks to queue
[2025-04-16T00:37:49.949+0700] {logging_mixin.py:190} INFO - [2025-04-16T00:37:49.948+0700] {dagbag.py:588} INFO - Filling up the DagBag from /home/anhtupham99/NBA-analytics/py_env/lib/python3.11/site-packages/airflow/example_dags/example_trigger_controller_dag.py
[2025-04-16T00:37:49.956+0700] {processor.py:925} INFO - DAG(s) 'example_trigger_controller_dag' retrieved from /home/anhtupham99/NBA-analytics/py_env/lib/python3.11/site-packages/airflow/example_dags/example_trigger_controller_dag.py
[2025-04-16T00:37:49.970+0700] {logging_mixin.py:190} INFO - [2025-04-16T00:37:49.970+0700] {dag.py:3239} INFO - Sync 1 DAGs
[2025-04-16T00:37:49.987+0700] {logging_mixin.py:190} INFO - [2025-04-16T00:37:49.987+0700] {dag.py:4180} INFO - Setting next_dagrun for example_trigger_controller_dag to 2021-01-01 00:00:00+00:00, run_after=2021-01-01 00:00:00+00:00
[2025-04-16T00:37:50.012+0700] {processor.py:208} INFO - Processing /home/anhtupham99/NBA-analytics/py_env/lib/python3.11/site-packages/airflow/example_dags/example_trigger_controller_dag.py took 0.073 seconds
