[2025-04-15T23:47:16.710+0700] {processor.py:186} INFO - Started process (PID=298393) to work on /home/anhtupham99/NBA-analytics/py_env/lib/python3.11/site-packages/airflow/example_dags/example_sensor_decorator.py
[2025-04-15T23:47:16.711+0700] {processor.py:914} INFO - Processing file /home/anhtupham99/NBA-analytics/py_env/lib/python3.11/site-packages/airflow/example_dags/example_sensor_decorator.py for tasks to queue
[2025-04-15T23:47:16.713+0700] {logging_mixin.py:190} INFO - [2025-04-15T23:47:16.712+0700] {dagbag.py:588} INFO - Filling up the DagBag from /home/anhtupham99/NBA-analytics/py_env/lib/python3.11/site-packages/airflow/example_dags/example_sensor_decorator.py
[2025-04-15T23:47:16.720+0700] {processor.py:925} INFO - DAG(s) 'example_sensor_decorator' retrieved from /home/anhtupham99/NBA-analytics/py_env/lib/python3.11/site-packages/airflow/example_dags/example_sensor_decorator.py
[2025-04-15T23:47:16.809+0700] {logging_mixin.py:190} INFO - [2025-04-15T23:47:16.808+0700] {override.py:1912} INFO - Created Permission View: can delete on DAG:example_sensor_decorator
[2025-04-15T23:47:16.826+0700] {logging_mixin.py:190} INFO - [2025-04-15T23:47:16.825+0700] {override.py:1912} INFO - Created Permission View: can edit on DAG:example_sensor_decorator
[2025-04-15T23:47:16.839+0700] {logging_mixin.py:190} INFO - [2025-04-15T23:47:16.839+0700] {override.py:1912} INFO - Created Permission View: can read on DAG:example_sensor_decorator
[2025-04-15T23:47:16.863+0700] {logging_mixin.py:190} INFO - [2025-04-15T23:47:16.862+0700] {override.py:1912} INFO - Created Permission View: can create on DAG Run:example_sensor_decorator
[2025-04-15T23:47:16.876+0700] {logging_mixin.py:190} INFO - [2025-04-15T23:47:16.876+0700] {override.py:1912} INFO - Created Permission View: can delete on DAG Run:example_sensor_decorator
[2025-04-15T23:47:16.889+0700] {logging_mixin.py:190} INFO - [2025-04-15T23:47:16.889+0700] {override.py:1912} INFO - Created Permission View: menu access on DAG Run:example_sensor_decorator
[2025-04-15T23:47:16.903+0700] {logging_mixin.py:190} INFO - [2025-04-15T23:47:16.903+0700] {override.py:1912} INFO - Created Permission View: can read on DAG Run:example_sensor_decorator
[2025-04-15T23:47:16.903+0700] {logging_mixin.py:190} INFO - [2025-04-15T23:47:16.903+0700] {dag.py:3239} INFO - Sync 1 DAGs
[2025-04-15T23:47:16.911+0700] {logging_mixin.py:190} INFO - [2025-04-15T23:47:16.911+0700] {dag.py:3262} INFO - Creating ORM DAG for example_sensor_decorator
[2025-04-15T23:47:16.912+0700] {logging_mixin.py:190} INFO - [2025-04-15T23:47:16.911+0700] {dag.py:4180} INFO - Setting next_dagrun for example_sensor_decorator to None, run_after=None
[2025-04-15T23:47:16.935+0700] {processor.py:208} INFO - Processing /home/anhtupham99/NBA-analytics/py_env/lib/python3.11/site-packages/airflow/example_dags/example_sensor_decorator.py took 0.230 seconds
[2025-04-15T23:48:16.040+0700] {processor.py:186} INFO - Started process (PID=299759) to work on /home/anhtupham99/NBA-analytics/py_env/lib/python3.11/site-packages/airflow/example_dags/example_sensor_decorator.py
[2025-04-15T23:48:16.043+0700] {processor.py:914} INFO - Processing file /home/anhtupham99/NBA-analytics/py_env/lib/python3.11/site-packages/airflow/example_dags/example_sensor_decorator.py for tasks to queue
[2025-04-15T23:48:16.045+0700] {logging_mixin.py:190} INFO - [2025-04-15T23:48:16.045+0700] {dagbag.py:588} INFO - Filling up the DagBag from /home/anhtupham99/NBA-analytics/py_env/lib/python3.11/site-packages/airflow/example_dags/example_sensor_decorator.py
[2025-04-15T23:48:16.052+0700] {processor.py:925} INFO - DAG(s) 'example_sensor_decorator' retrieved from /home/anhtupham99/NBA-analytics/py_env/lib/python3.11/site-packages/airflow/example_dags/example_sensor_decorator.py
[2025-04-15T23:48:16.064+0700] {logging_mixin.py:190} INFO - [2025-04-15T23:48:16.064+0700] {dag.py:3239} INFO - Sync 1 DAGs
[2025-04-15T23:48:16.073+0700] {logging_mixin.py:190} INFO - [2025-04-15T23:48:16.073+0700] {dag.py:4180} INFO - Setting next_dagrun for example_sensor_decorator to None, run_after=None
[2025-04-15T23:48:16.101+0700] {processor.py:208} INFO - Processing /home/anhtupham99/NBA-analytics/py_env/lib/python3.11/site-packages/airflow/example_dags/example_sensor_decorator.py took 0.066 seconds
[2025-04-15T23:49:09.904+0700] {processor.py:186} INFO - Started process (PID=300995) to work on /home/anhtupham99/NBA-analytics/py_env/lib/python3.11/site-packages/airflow/example_dags/example_sensor_decorator.py
[2025-04-15T23:49:09.905+0700] {processor.py:914} INFO - Processing file /home/anhtupham99/NBA-analytics/py_env/lib/python3.11/site-packages/airflow/example_dags/example_sensor_decorator.py for tasks to queue
[2025-04-15T23:49:09.907+0700] {logging_mixin.py:190} INFO - [2025-04-15T23:49:09.907+0700] {dagbag.py:588} INFO - Filling up the DagBag from /home/anhtupham99/NBA-analytics/py_env/lib/python3.11/site-packages/airflow/example_dags/example_sensor_decorator.py
[2025-04-15T23:49:09.915+0700] {processor.py:925} INFO - DAG(s) 'example_sensor_decorator' retrieved from /home/anhtupham99/NBA-analytics/py_env/lib/python3.11/site-packages/airflow/example_dags/example_sensor_decorator.py
[2025-04-15T23:49:09.928+0700] {logging_mixin.py:190} INFO - [2025-04-15T23:49:09.928+0700] {dag.py:3239} INFO - Sync 1 DAGs
[2025-04-15T23:49:09.937+0700] {logging_mixin.py:190} INFO - [2025-04-15T23:49:09.937+0700] {dag.py:4180} INFO - Setting next_dagrun for example_sensor_decorator to None, run_after=None
[2025-04-15T23:49:09.962+0700] {processor.py:208} INFO - Processing /home/anhtupham99/NBA-analytics/py_env/lib/python3.11/site-packages/airflow/example_dags/example_sensor_decorator.py took 0.063 seconds
[2025-04-15T23:50:02.752+0700] {processor.py:186} INFO - Started process (PID=302135) to work on /home/anhtupham99/NBA-analytics/py_env/lib/python3.11/site-packages/airflow/example_dags/example_sensor_decorator.py
[2025-04-15T23:50:02.754+0700] {processor.py:914} INFO - Processing file /home/anhtupham99/NBA-analytics/py_env/lib/python3.11/site-packages/airflow/example_dags/example_sensor_decorator.py for tasks to queue
[2025-04-15T23:50:02.756+0700] {logging_mixin.py:190} INFO - [2025-04-15T23:50:02.756+0700] {dagbag.py:588} INFO - Filling up the DagBag from /home/anhtupham99/NBA-analytics/py_env/lib/python3.11/site-packages/airflow/example_dags/example_sensor_decorator.py
[2025-04-15T23:50:02.763+0700] {processor.py:925} INFO - DAG(s) 'example_sensor_decorator' retrieved from /home/anhtupham99/NBA-analytics/py_env/lib/python3.11/site-packages/airflow/example_dags/example_sensor_decorator.py
[2025-04-15T23:50:02.778+0700] {logging_mixin.py:190} INFO - [2025-04-15T23:50:02.777+0700] {dag.py:3239} INFO - Sync 1 DAGs
[2025-04-15T23:50:02.787+0700] {logging_mixin.py:190} INFO - [2025-04-15T23:50:02.787+0700] {dag.py:4180} INFO - Setting next_dagrun for example_sensor_decorator to None, run_after=None
[2025-04-15T23:50:02.809+0700] {processor.py:208} INFO - Processing /home/anhtupham99/NBA-analytics/py_env/lib/python3.11/site-packages/airflow/example_dags/example_sensor_decorator.py took 0.061 seconds
[2025-04-15T23:50:56.812+0700] {processor.py:186} INFO - Started process (PID=303241) to work on /home/anhtupham99/NBA-analytics/py_env/lib/python3.11/site-packages/airflow/example_dags/example_sensor_decorator.py
[2025-04-15T23:50:56.814+0700] {processor.py:914} INFO - Processing file /home/anhtupham99/NBA-analytics/py_env/lib/python3.11/site-packages/airflow/example_dags/example_sensor_decorator.py for tasks to queue
[2025-04-15T23:50:56.815+0700] {logging_mixin.py:190} INFO - [2025-04-15T23:50:56.815+0700] {dagbag.py:588} INFO - Filling up the DagBag from /home/anhtupham99/NBA-analytics/py_env/lib/python3.11/site-packages/airflow/example_dags/example_sensor_decorator.py
[2025-04-15T23:50:56.899+0700] {processor.py:925} INFO - DAG(s) 'example_sensor_decorator' retrieved from /home/anhtupham99/NBA-analytics/py_env/lib/python3.11/site-packages/airflow/example_dags/example_sensor_decorator.py
[2025-04-15T23:50:56.906+0700] {logging_mixin.py:190} INFO - [2025-04-15T23:50:56.906+0700] {dag.py:3239} INFO - Sync 1 DAGs
[2025-04-15T23:50:56.912+0700] {logging_mixin.py:190} INFO - [2025-04-15T23:50:56.912+0700] {dag.py:4180} INFO - Setting next_dagrun for example_sensor_decorator to None, run_after=None
[2025-04-15T23:50:56.936+0700] {processor.py:208} INFO - Processing /home/anhtupham99/NBA-analytics/py_env/lib/python3.11/site-packages/airflow/example_dags/example_sensor_decorator.py took 0.128 seconds
[2025-04-15T23:51:47.082+0700] {processor.py:186} INFO - Started process (PID=304216) to work on /home/anhtupham99/NBA-analytics/py_env/lib/python3.11/site-packages/airflow/example_dags/example_sensor_decorator.py
[2025-04-15T23:51:47.083+0700] {processor.py:914} INFO - Processing file /home/anhtupham99/NBA-analytics/py_env/lib/python3.11/site-packages/airflow/example_dags/example_sensor_decorator.py for tasks to queue
[2025-04-15T23:51:47.085+0700] {logging_mixin.py:190} INFO - [2025-04-15T23:51:47.085+0700] {dagbag.py:588} INFO - Filling up the DagBag from /home/anhtupham99/NBA-analytics/py_env/lib/python3.11/site-packages/airflow/example_dags/example_sensor_decorator.py
[2025-04-15T23:51:47.091+0700] {processor.py:925} INFO - DAG(s) 'example_sensor_decorator' retrieved from /home/anhtupham99/NBA-analytics/py_env/lib/python3.11/site-packages/airflow/example_dags/example_sensor_decorator.py
[2025-04-15T23:51:47.101+0700] {logging_mixin.py:190} INFO - [2025-04-15T23:51:47.101+0700] {dag.py:3239} INFO - Sync 1 DAGs
[2025-04-15T23:51:47.109+0700] {logging_mixin.py:190} INFO - [2025-04-15T23:51:47.109+0700] {dag.py:4180} INFO - Setting next_dagrun for example_sensor_decorator to None, run_after=None
[2025-04-15T23:51:47.131+0700] {processor.py:208} INFO - Processing /home/anhtupham99/NBA-analytics/py_env/lib/python3.11/site-packages/airflow/example_dags/example_sensor_decorator.py took 0.053 seconds
[2025-04-15T23:52:57.397+0700] {processor.py:186} INFO - Started process (PID=305591) to work on /home/anhtupham99/NBA-analytics/py_env/lib/python3.11/site-packages/airflow/example_dags/example_sensor_decorator.py
[2025-04-15T23:52:57.402+0700] {processor.py:914} INFO - Processing file /home/anhtupham99/NBA-analytics/py_env/lib/python3.11/site-packages/airflow/example_dags/example_sensor_decorator.py for tasks to queue
[2025-04-15T23:52:57.403+0700] {logging_mixin.py:190} INFO - [2025-04-15T23:52:57.403+0700] {dagbag.py:588} INFO - Filling up the DagBag from /home/anhtupham99/NBA-analytics/py_env/lib/python3.11/site-packages/airflow/example_dags/example_sensor_decorator.py
[2025-04-15T23:52:57.412+0700] {processor.py:925} INFO - DAG(s) 'example_sensor_decorator' retrieved from /home/anhtupham99/NBA-analytics/py_env/lib/python3.11/site-packages/airflow/example_dags/example_sensor_decorator.py
[2025-04-15T23:52:57.423+0700] {logging_mixin.py:190} INFO - [2025-04-15T23:52:57.423+0700] {dag.py:3239} INFO - Sync 1 DAGs
[2025-04-15T23:52:57.431+0700] {logging_mixin.py:190} INFO - [2025-04-15T23:52:57.431+0700] {dag.py:4180} INFO - Setting next_dagrun for example_sensor_decorator to None, run_after=None
[2025-04-15T23:52:57.457+0700] {processor.py:208} INFO - Processing /home/anhtupham99/NBA-analytics/py_env/lib/python3.11/site-packages/airflow/example_dags/example_sensor_decorator.py took 0.064 seconds
[2025-04-15T23:54:07.833+0700] {processor.py:186} INFO - Started process (PID=306884) to work on /home/anhtupham99/NBA-analytics/py_env/lib/python3.11/site-packages/airflow/example_dags/example_sensor_decorator.py
[2025-04-15T23:54:07.835+0700] {processor.py:914} INFO - Processing file /home/anhtupham99/NBA-analytics/py_env/lib/python3.11/site-packages/airflow/example_dags/example_sensor_decorator.py for tasks to queue
[2025-04-15T23:54:07.837+0700] {logging_mixin.py:190} INFO - [2025-04-15T23:54:07.836+0700] {dagbag.py:588} INFO - Filling up the DagBag from /home/anhtupham99/NBA-analytics/py_env/lib/python3.11/site-packages/airflow/example_dags/example_sensor_decorator.py
[2025-04-15T23:54:07.846+0700] {processor.py:925} INFO - DAG(s) 'example_sensor_decorator' retrieved from /home/anhtupham99/NBA-analytics/py_env/lib/python3.11/site-packages/airflow/example_dags/example_sensor_decorator.py
[2025-04-15T23:54:07.859+0700] {logging_mixin.py:190} INFO - [2025-04-15T23:54:07.859+0700] {dag.py:3239} INFO - Sync 1 DAGs
[2025-04-15T23:54:07.870+0700] {logging_mixin.py:190} INFO - [2025-04-15T23:54:07.870+0700] {dag.py:4180} INFO - Setting next_dagrun for example_sensor_decorator to None, run_after=None
[2025-04-15T23:54:07.899+0700] {processor.py:208} INFO - Processing /home/anhtupham99/NBA-analytics/py_env/lib/python3.11/site-packages/airflow/example_dags/example_sensor_decorator.py took 0.071 seconds
[2025-04-15T23:55:19.168+0700] {processor.py:186} INFO - Started process (PID=308900) to work on /home/anhtupham99/NBA-analytics/py_env/lib/python3.11/site-packages/airflow/example_dags/example_sensor_decorator.py
[2025-04-15T23:55:19.169+0700] {processor.py:914} INFO - Processing file /home/anhtupham99/NBA-analytics/py_env/lib/python3.11/site-packages/airflow/example_dags/example_sensor_decorator.py for tasks to queue
[2025-04-15T23:55:19.172+0700] {logging_mixin.py:190} INFO - [2025-04-15T23:55:19.171+0700] {dagbag.py:588} INFO - Filling up the DagBag from /home/anhtupham99/NBA-analytics/py_env/lib/python3.11/site-packages/airflow/example_dags/example_sensor_decorator.py
[2025-04-15T23:55:19.181+0700] {processor.py:925} INFO - DAG(s) 'example_sensor_decorator' retrieved from /home/anhtupham99/NBA-analytics/py_env/lib/python3.11/site-packages/airflow/example_dags/example_sensor_decorator.py
[2025-04-15T23:55:19.203+0700] {logging_mixin.py:190} INFO - [2025-04-15T23:55:19.202+0700] {dag.py:3239} INFO - Sync 1 DAGs
[2025-04-15T23:55:19.215+0700] {logging_mixin.py:190} INFO - [2025-04-15T23:55:19.215+0700] {dag.py:4180} INFO - Setting next_dagrun for example_sensor_decorator to None, run_after=None
[2025-04-15T23:55:19.254+0700] {processor.py:208} INFO - Processing /home/anhtupham99/NBA-analytics/py_env/lib/python3.11/site-packages/airflow/example_dags/example_sensor_decorator.py took 0.092 seconds
[2025-04-15T23:56:12.041+0700] {processor.py:186} INFO - Started process (PID=311432) to work on /home/anhtupham99/NBA-analytics/py_env/lib/python3.11/site-packages/airflow/example_dags/example_sensor_decorator.py
[2025-04-15T23:56:12.042+0700] {processor.py:914} INFO - Processing file /home/anhtupham99/NBA-analytics/py_env/lib/python3.11/site-packages/airflow/example_dags/example_sensor_decorator.py for tasks to queue
[2025-04-15T23:56:12.044+0700] {logging_mixin.py:190} INFO - [2025-04-15T23:56:12.044+0700] {dagbag.py:588} INFO - Filling up the DagBag from /home/anhtupham99/NBA-analytics/py_env/lib/python3.11/site-packages/airflow/example_dags/example_sensor_decorator.py
[2025-04-15T23:56:12.051+0700] {processor.py:925} INFO - DAG(s) 'example_sensor_decorator' retrieved from /home/anhtupham99/NBA-analytics/py_env/lib/python3.11/site-packages/airflow/example_dags/example_sensor_decorator.py
[2025-04-15T23:56:12.062+0700] {logging_mixin.py:190} INFO - [2025-04-15T23:56:12.062+0700] {dag.py:3239} INFO - Sync 1 DAGs
[2025-04-15T23:56:12.071+0700] {logging_mixin.py:190} INFO - [2025-04-15T23:56:12.071+0700] {dag.py:4180} INFO - Setting next_dagrun for example_sensor_decorator to None, run_after=None
[2025-04-15T23:56:12.096+0700] {processor.py:208} INFO - Processing /home/anhtupham99/NBA-analytics/py_env/lib/python3.11/site-packages/airflow/example_dags/example_sensor_decorator.py took 0.061 seconds
[2025-04-15T23:57:21.005+0700] {processor.py:186} INFO - Started process (PID=312748) to work on /home/anhtupham99/NBA-analytics/py_env/lib/python3.11/site-packages/airflow/example_dags/example_sensor_decorator.py
[2025-04-15T23:57:21.007+0700] {processor.py:914} INFO - Processing file /home/anhtupham99/NBA-analytics/py_env/lib/python3.11/site-packages/airflow/example_dags/example_sensor_decorator.py for tasks to queue
[2025-04-15T23:57:21.008+0700] {logging_mixin.py:190} INFO - [2025-04-15T23:57:21.008+0700] {dagbag.py:588} INFO - Filling up the DagBag from /home/anhtupham99/NBA-analytics/py_env/lib/python3.11/site-packages/airflow/example_dags/example_sensor_decorator.py
[2025-04-15T23:57:21.015+0700] {processor.py:925} INFO - DAG(s) 'example_sensor_decorator' retrieved from /home/anhtupham99/NBA-analytics/py_env/lib/python3.11/site-packages/airflow/example_dags/example_sensor_decorator.py
[2025-04-15T23:57:21.027+0700] {logging_mixin.py:190} INFO - [2025-04-15T23:57:21.027+0700] {dag.py:3239} INFO - Sync 1 DAGs
[2025-04-15T23:57:21.036+0700] {logging_mixin.py:190} INFO - [2025-04-15T23:57:21.035+0700] {dag.py:4180} INFO - Setting next_dagrun for example_sensor_decorator to None, run_after=None
[2025-04-15T23:57:21.058+0700] {processor.py:208} INFO - Processing /home/anhtupham99/NBA-analytics/py_env/lib/python3.11/site-packages/airflow/example_dags/example_sensor_decorator.py took 0.058 seconds
[2025-04-15T23:58:09.490+0700] {processor.py:186} INFO - Started process (PID=313685) to work on /home/anhtupham99/NBA-analytics/py_env/lib/python3.11/site-packages/airflow/example_dags/example_sensor_decorator.py
[2025-04-15T23:58:09.491+0700] {processor.py:914} INFO - Processing file /home/anhtupham99/NBA-analytics/py_env/lib/python3.11/site-packages/airflow/example_dags/example_sensor_decorator.py for tasks to queue
[2025-04-15T23:58:09.493+0700] {logging_mixin.py:190} INFO - [2025-04-15T23:58:09.492+0700] {dagbag.py:588} INFO - Filling up the DagBag from /home/anhtupham99/NBA-analytics/py_env/lib/python3.11/site-packages/airflow/example_dags/example_sensor_decorator.py
[2025-04-15T23:58:09.501+0700] {processor.py:925} INFO - DAG(s) 'example_sensor_decorator' retrieved from /home/anhtupham99/NBA-analytics/py_env/lib/python3.11/site-packages/airflow/example_dags/example_sensor_decorator.py
[2025-04-15T23:58:09.517+0700] {logging_mixin.py:190} INFO - [2025-04-15T23:58:09.517+0700] {dag.py:3239} INFO - Sync 1 DAGs
[2025-04-15T23:58:09.528+0700] {logging_mixin.py:190} INFO - [2025-04-15T23:58:09.528+0700] {dag.py:4180} INFO - Setting next_dagrun for example_sensor_decorator to None, run_after=None
[2025-04-15T23:58:09.557+0700] {processor.py:208} INFO - Processing /home/anhtupham99/NBA-analytics/py_env/lib/python3.11/site-packages/airflow/example_dags/example_sensor_decorator.py took 0.073 seconds
[2025-04-15T23:58:59.240+0700] {processor.py:186} INFO - Started process (PID=314710) to work on /home/anhtupham99/NBA-analytics/py_env/lib/python3.11/site-packages/airflow/example_dags/example_sensor_decorator.py
[2025-04-15T23:58:59.243+0700] {processor.py:914} INFO - Processing file /home/anhtupham99/NBA-analytics/py_env/lib/python3.11/site-packages/airflow/example_dags/example_sensor_decorator.py for tasks to queue
[2025-04-15T23:58:59.246+0700] {logging_mixin.py:190} INFO - [2025-04-15T23:58:59.245+0700] {dagbag.py:588} INFO - Filling up the DagBag from /home/anhtupham99/NBA-analytics/py_env/lib/python3.11/site-packages/airflow/example_dags/example_sensor_decorator.py
[2025-04-15T23:58:59.255+0700] {processor.py:925} INFO - DAG(s) 'example_sensor_decorator' retrieved from /home/anhtupham99/NBA-analytics/py_env/lib/python3.11/site-packages/airflow/example_dags/example_sensor_decorator.py
[2025-04-15T23:58:59.270+0700] {logging_mixin.py:190} INFO - [2025-04-15T23:58:59.270+0700] {dag.py:3239} INFO - Sync 1 DAGs
[2025-04-15T23:58:59.282+0700] {logging_mixin.py:190} INFO - [2025-04-15T23:58:59.282+0700] {dag.py:4180} INFO - Setting next_dagrun for example_sensor_decorator to None, run_after=None
[2025-04-15T23:58:59.305+0700] {processor.py:208} INFO - Processing /home/anhtupham99/NBA-analytics/py_env/lib/python3.11/site-packages/airflow/example_dags/example_sensor_decorator.py took 0.071 seconds
[2025-04-15T23:59:50.086+0700] {processor.py:186} INFO - Started process (PID=315670) to work on /home/anhtupham99/NBA-analytics/py_env/lib/python3.11/site-packages/airflow/example_dags/example_sensor_decorator.py
[2025-04-15T23:59:50.087+0700] {processor.py:914} INFO - Processing file /home/anhtupham99/NBA-analytics/py_env/lib/python3.11/site-packages/airflow/example_dags/example_sensor_decorator.py for tasks to queue
[2025-04-15T23:59:50.088+0700] {logging_mixin.py:190} INFO - [2025-04-15T23:59:50.088+0700] {dagbag.py:588} INFO - Filling up the DagBag from /home/anhtupham99/NBA-analytics/py_env/lib/python3.11/site-packages/airflow/example_dags/example_sensor_decorator.py
[2025-04-15T23:59:50.095+0700] {processor.py:925} INFO - DAG(s) 'example_sensor_decorator' retrieved from /home/anhtupham99/NBA-analytics/py_env/lib/python3.11/site-packages/airflow/example_dags/example_sensor_decorator.py
[2025-04-15T23:59:50.109+0700] {logging_mixin.py:190} INFO - [2025-04-15T23:59:50.109+0700] {dag.py:3239} INFO - Sync 1 DAGs
[2025-04-15T23:59:50.118+0700] {logging_mixin.py:190} INFO - [2025-04-15T23:59:50.118+0700] {dag.py:4180} INFO - Setting next_dagrun for example_sensor_decorator to None, run_after=None
[2025-04-15T23:59:50.142+0700] {processor.py:208} INFO - Processing /home/anhtupham99/NBA-analytics/py_env/lib/python3.11/site-packages/airflow/example_dags/example_sensor_decorator.py took 0.062 seconds
[2025-04-16T00:01:01.016+0700] {processor.py:186} INFO - Started process (PID=317128) to work on /home/anhtupham99/NBA-analytics/py_env/lib/python3.11/site-packages/airflow/example_dags/example_sensor_decorator.py
[2025-04-16T00:01:01.017+0700] {processor.py:914} INFO - Processing file /home/anhtupham99/NBA-analytics/py_env/lib/python3.11/site-packages/airflow/example_dags/example_sensor_decorator.py for tasks to queue
[2025-04-16T00:01:01.020+0700] {logging_mixin.py:190} INFO - [2025-04-16T00:01:01.019+0700] {dagbag.py:588} INFO - Filling up the DagBag from /home/anhtupham99/NBA-analytics/py_env/lib/python3.11/site-packages/airflow/example_dags/example_sensor_decorator.py
[2025-04-16T00:01:01.027+0700] {processor.py:925} INFO - DAG(s) 'example_sensor_decorator' retrieved from /home/anhtupham99/NBA-analytics/py_env/lib/python3.11/site-packages/airflow/example_dags/example_sensor_decorator.py
[2025-04-16T00:01:01.040+0700] {logging_mixin.py:190} INFO - [2025-04-16T00:01:01.040+0700] {dag.py:3239} INFO - Sync 1 DAGs
[2025-04-16T00:01:01.051+0700] {logging_mixin.py:190} INFO - [2025-04-16T00:01:01.051+0700] {dag.py:4180} INFO - Setting next_dagrun for example_sensor_decorator to None, run_after=None
[2025-04-16T00:01:01.085+0700] {processor.py:208} INFO - Processing /home/anhtupham99/NBA-analytics/py_env/lib/python3.11/site-packages/airflow/example_dags/example_sensor_decorator.py took 0.075 seconds
[2025-04-16T00:02:09.908+0700] {processor.py:186} INFO - Started process (PID=318480) to work on /home/anhtupham99/NBA-analytics/py_env/lib/python3.11/site-packages/airflow/example_dags/example_sensor_decorator.py
[2025-04-16T00:02:09.909+0700] {processor.py:914} INFO - Processing file /home/anhtupham99/NBA-analytics/py_env/lib/python3.11/site-packages/airflow/example_dags/example_sensor_decorator.py for tasks to queue
[2025-04-16T00:02:09.911+0700] {logging_mixin.py:190} INFO - [2025-04-16T00:02:09.911+0700] {dagbag.py:588} INFO - Filling up the DagBag from /home/anhtupham99/NBA-analytics/py_env/lib/python3.11/site-packages/airflow/example_dags/example_sensor_decorator.py
[2025-04-16T00:02:09.917+0700] {processor.py:925} INFO - DAG(s) 'example_sensor_decorator' retrieved from /home/anhtupham99/NBA-analytics/py_env/lib/python3.11/site-packages/airflow/example_dags/example_sensor_decorator.py
[2025-04-16T00:02:09.928+0700] {logging_mixin.py:190} INFO - [2025-04-16T00:02:09.928+0700] {dag.py:3239} INFO - Sync 1 DAGs
[2025-04-16T00:02:09.937+0700] {logging_mixin.py:190} INFO - [2025-04-16T00:02:09.937+0700] {dag.py:4180} INFO - Setting next_dagrun for example_sensor_decorator to None, run_after=None
[2025-04-16T00:02:09.961+0700] {processor.py:208} INFO - Processing /home/anhtupham99/NBA-analytics/py_env/lib/python3.11/site-packages/airflow/example_dags/example_sensor_decorator.py took 0.058 seconds
[2025-04-16T00:03:13.597+0700] {processor.py:186} INFO - Started process (PID=319728) to work on /home/anhtupham99/NBA-analytics/py_env/lib/python3.11/site-packages/airflow/example_dags/example_sensor_decorator.py
[2025-04-16T00:03:13.598+0700] {processor.py:914} INFO - Processing file /home/anhtupham99/NBA-analytics/py_env/lib/python3.11/site-packages/airflow/example_dags/example_sensor_decorator.py for tasks to queue
[2025-04-16T00:03:13.600+0700] {logging_mixin.py:190} INFO - [2025-04-16T00:03:13.600+0700] {dagbag.py:588} INFO - Filling up the DagBag from /home/anhtupham99/NBA-analytics/py_env/lib/python3.11/site-packages/airflow/example_dags/example_sensor_decorator.py
[2025-04-16T00:03:13.607+0700] {processor.py:925} INFO - DAG(s) 'example_sensor_decorator' retrieved from /home/anhtupham99/NBA-analytics/py_env/lib/python3.11/site-packages/airflow/example_dags/example_sensor_decorator.py
[2025-04-16T00:03:13.619+0700] {logging_mixin.py:190} INFO - [2025-04-16T00:03:13.619+0700] {dag.py:3239} INFO - Sync 1 DAGs
[2025-04-16T00:03:13.628+0700] {logging_mixin.py:190} INFO - [2025-04-16T00:03:13.627+0700] {dag.py:4180} INFO - Setting next_dagrun for example_sensor_decorator to None, run_after=None
[2025-04-16T00:03:13.652+0700] {processor.py:208} INFO - Processing /home/anhtupham99/NBA-analytics/py_env/lib/python3.11/site-packages/airflow/example_dags/example_sensor_decorator.py took 0.061 seconds
[2025-04-16T00:04:03.446+0700] {processor.py:186} INFO - Started process (PID=320916) to work on /home/anhtupham99/NBA-analytics/py_env/lib/python3.11/site-packages/airflow/example_dags/example_sensor_decorator.py
[2025-04-16T00:04:03.450+0700] {processor.py:914} INFO - Processing file /home/anhtupham99/NBA-analytics/py_env/lib/python3.11/site-packages/airflow/example_dags/example_sensor_decorator.py for tasks to queue
[2025-04-16T00:04:03.452+0700] {logging_mixin.py:190} INFO - [2025-04-16T00:04:03.452+0700] {dagbag.py:588} INFO - Filling up the DagBag from /home/anhtupham99/NBA-analytics/py_env/lib/python3.11/site-packages/airflow/example_dags/example_sensor_decorator.py
[2025-04-16T00:04:03.460+0700] {processor.py:925} INFO - DAG(s) 'example_sensor_decorator' retrieved from /home/anhtupham99/NBA-analytics/py_env/lib/python3.11/site-packages/airflow/example_dags/example_sensor_decorator.py
[2025-04-16T00:04:03.474+0700] {logging_mixin.py:190} INFO - [2025-04-16T00:04:03.473+0700] {dag.py:3239} INFO - Sync 1 DAGs
[2025-04-16T00:04:03.484+0700] {logging_mixin.py:190} INFO - [2025-04-16T00:04:03.483+0700] {dag.py:4180} INFO - Setting next_dagrun for example_sensor_decorator to None, run_after=None
[2025-04-16T00:04:03.522+0700] {processor.py:208} INFO - Processing /home/anhtupham99/NBA-analytics/py_env/lib/python3.11/site-packages/airflow/example_dags/example_sensor_decorator.py took 0.081 seconds
[2025-04-16T00:05:14.599+0700] {processor.py:186} INFO - Started process (PID=322183) to work on /home/anhtupham99/NBA-analytics/py_env/lib/python3.11/site-packages/airflow/example_dags/example_sensor_decorator.py
[2025-04-16T00:05:14.601+0700] {processor.py:914} INFO - Processing file /home/anhtupham99/NBA-analytics/py_env/lib/python3.11/site-packages/airflow/example_dags/example_sensor_decorator.py for tasks to queue
[2025-04-16T00:05:14.603+0700] {logging_mixin.py:190} INFO - [2025-04-16T00:05:14.603+0700] {dagbag.py:588} INFO - Filling up the DagBag from /home/anhtupham99/NBA-analytics/py_env/lib/python3.11/site-packages/airflow/example_dags/example_sensor_decorator.py
[2025-04-16T00:05:14.611+0700] {processor.py:925} INFO - DAG(s) 'example_sensor_decorator' retrieved from /home/anhtupham99/NBA-analytics/py_env/lib/python3.11/site-packages/airflow/example_dags/example_sensor_decorator.py
[2025-04-16T00:05:14.624+0700] {logging_mixin.py:190} INFO - [2025-04-16T00:05:14.624+0700] {dag.py:3239} INFO - Sync 1 DAGs
[2025-04-16T00:05:14.635+0700] {logging_mixin.py:190} INFO - [2025-04-16T00:05:14.634+0700] {dag.py:4180} INFO - Setting next_dagrun for example_sensor_decorator to None, run_after=None
[2025-04-16T00:05:14.659+0700] {processor.py:208} INFO - Processing /home/anhtupham99/NBA-analytics/py_env/lib/python3.11/site-packages/airflow/example_dags/example_sensor_decorator.py took 0.067 seconds
[2025-04-16T00:06:03.590+0700] {processor.py:186} INFO - Started process (PID=323111) to work on /home/anhtupham99/NBA-analytics/py_env/lib/python3.11/site-packages/airflow/example_dags/example_sensor_decorator.py
[2025-04-16T00:06:03.592+0700] {processor.py:914} INFO - Processing file /home/anhtupham99/NBA-analytics/py_env/lib/python3.11/site-packages/airflow/example_dags/example_sensor_decorator.py for tasks to queue
[2025-04-16T00:06:03.593+0700] {logging_mixin.py:190} INFO - [2025-04-16T00:06:03.593+0700] {dagbag.py:588} INFO - Filling up the DagBag from /home/anhtupham99/NBA-analytics/py_env/lib/python3.11/site-packages/airflow/example_dags/example_sensor_decorator.py
[2025-04-16T00:06:03.603+0700] {processor.py:925} INFO - DAG(s) 'example_sensor_decorator' retrieved from /home/anhtupham99/NBA-analytics/py_env/lib/python3.11/site-packages/airflow/example_dags/example_sensor_decorator.py
[2025-04-16T00:06:03.618+0700] {logging_mixin.py:190} INFO - [2025-04-16T00:06:03.618+0700] {dag.py:3239} INFO - Sync 1 DAGs
[2025-04-16T00:06:03.630+0700] {logging_mixin.py:190} INFO - [2025-04-16T00:06:03.630+0700] {dag.py:4180} INFO - Setting next_dagrun for example_sensor_decorator to None, run_after=None
[2025-04-16T00:06:03.659+0700] {processor.py:208} INFO - Processing /home/anhtupham99/NBA-analytics/py_env/lib/python3.11/site-packages/airflow/example_dags/example_sensor_decorator.py took 0.074 seconds
[2025-04-16T00:07:15.017+0700] {processor.py:186} INFO - Started process (PID=324630) to work on /home/anhtupham99/NBA-analytics/py_env/lib/python3.11/site-packages/airflow/example_dags/example_sensor_decorator.py
[2025-04-16T00:07:15.018+0700] {processor.py:914} INFO - Processing file /home/anhtupham99/NBA-analytics/py_env/lib/python3.11/site-packages/airflow/example_dags/example_sensor_decorator.py for tasks to queue
[2025-04-16T00:07:15.020+0700] {logging_mixin.py:190} INFO - [2025-04-16T00:07:15.019+0700] {dagbag.py:588} INFO - Filling up the DagBag from /home/anhtupham99/NBA-analytics/py_env/lib/python3.11/site-packages/airflow/example_dags/example_sensor_decorator.py
[2025-04-16T00:07:15.026+0700] {processor.py:925} INFO - DAG(s) 'example_sensor_decorator' retrieved from /home/anhtupham99/NBA-analytics/py_env/lib/python3.11/site-packages/airflow/example_dags/example_sensor_decorator.py
[2025-04-16T00:07:15.043+0700] {logging_mixin.py:190} INFO - [2025-04-16T00:07:15.043+0700] {dag.py:3239} INFO - Sync 1 DAGs
[2025-04-16T00:07:15.051+0700] {logging_mixin.py:190} INFO - [2025-04-16T00:07:15.051+0700] {dag.py:4180} INFO - Setting next_dagrun for example_sensor_decorator to None, run_after=None
[2025-04-16T00:07:15.075+0700] {processor.py:208} INFO - Processing /home/anhtupham99/NBA-analytics/py_env/lib/python3.11/site-packages/airflow/example_dags/example_sensor_decorator.py took 0.062 seconds
[2025-04-16T00:08:23.807+0700] {processor.py:186} INFO - Started process (PID=325903) to work on /home/anhtupham99/NBA-analytics/py_env/lib/python3.11/site-packages/airflow/example_dags/example_sensor_decorator.py
[2025-04-16T00:08:23.808+0700] {processor.py:914} INFO - Processing file /home/anhtupham99/NBA-analytics/py_env/lib/python3.11/site-packages/airflow/example_dags/example_sensor_decorator.py for tasks to queue
[2025-04-16T00:08:23.809+0700] {logging_mixin.py:190} INFO - [2025-04-16T00:08:23.809+0700] {dagbag.py:588} INFO - Filling up the DagBag from /home/anhtupham99/NBA-analytics/py_env/lib/python3.11/site-packages/airflow/example_dags/example_sensor_decorator.py
[2025-04-16T00:08:23.816+0700] {processor.py:925} INFO - DAG(s) 'example_sensor_decorator' retrieved from /home/anhtupham99/NBA-analytics/py_env/lib/python3.11/site-packages/airflow/example_dags/example_sensor_decorator.py
[2025-04-16T00:08:23.827+0700] {logging_mixin.py:190} INFO - [2025-04-16T00:08:23.827+0700] {dag.py:3239} INFO - Sync 1 DAGs
[2025-04-16T00:08:23.836+0700] {logging_mixin.py:190} INFO - [2025-04-16T00:08:23.836+0700] {dag.py:4180} INFO - Setting next_dagrun for example_sensor_decorator to None, run_after=None
[2025-04-16T00:08:23.860+0700] {processor.py:208} INFO - Processing /home/anhtupham99/NBA-analytics/py_env/lib/python3.11/site-packages/airflow/example_dags/example_sensor_decorator.py took 0.057 seconds
[2025-04-16T00:09:12.725+0700] {processor.py:186} INFO - Started process (PID=326830) to work on /home/anhtupham99/NBA-analytics/py_env/lib/python3.11/site-packages/airflow/example_dags/example_sensor_decorator.py
[2025-04-16T00:09:12.726+0700] {processor.py:914} INFO - Processing file /home/anhtupham99/NBA-analytics/py_env/lib/python3.11/site-packages/airflow/example_dags/example_sensor_decorator.py for tasks to queue
[2025-04-16T00:09:12.728+0700] {logging_mixin.py:190} INFO - [2025-04-16T00:09:12.728+0700] {dagbag.py:588} INFO - Filling up the DagBag from /home/anhtupham99/NBA-analytics/py_env/lib/python3.11/site-packages/airflow/example_dags/example_sensor_decorator.py
[2025-04-16T00:09:12.737+0700] {processor.py:925} INFO - DAG(s) 'example_sensor_decorator' retrieved from /home/anhtupham99/NBA-analytics/py_env/lib/python3.11/site-packages/airflow/example_dags/example_sensor_decorator.py
[2025-04-16T00:09:12.751+0700] {logging_mixin.py:190} INFO - [2025-04-16T00:09:12.750+0700] {dag.py:3239} INFO - Sync 1 DAGs
[2025-04-16T00:09:12.764+0700] {logging_mixin.py:190} INFO - [2025-04-16T00:09:12.763+0700] {dag.py:4180} INFO - Setting next_dagrun for example_sensor_decorator to None, run_after=None
[2025-04-16T00:09:12.789+0700] {processor.py:208} INFO - Processing /home/anhtupham99/NBA-analytics/py_env/lib/python3.11/site-packages/airflow/example_dags/example_sensor_decorator.py took 0.070 seconds
[2025-04-16T00:10:01.757+0700] {processor.py:186} INFO - Started process (PID=328073) to work on /home/anhtupham99/NBA-analytics/py_env/lib/python3.11/site-packages/airflow/example_dags/example_sensor_decorator.py
[2025-04-16T00:10:01.759+0700] {processor.py:914} INFO - Processing file /home/anhtupham99/NBA-analytics/py_env/lib/python3.11/site-packages/airflow/example_dags/example_sensor_decorator.py for tasks to queue
[2025-04-16T00:10:01.761+0700] {logging_mixin.py:190} INFO - [2025-04-16T00:10:01.760+0700] {dagbag.py:588} INFO - Filling up the DagBag from /home/anhtupham99/NBA-analytics/py_env/lib/python3.11/site-packages/airflow/example_dags/example_sensor_decorator.py
[2025-04-16T00:10:01.770+0700] {processor.py:925} INFO - DAG(s) 'example_sensor_decorator' retrieved from /home/anhtupham99/NBA-analytics/py_env/lib/python3.11/site-packages/airflow/example_dags/example_sensor_decorator.py
[2025-04-16T00:10:01.784+0700] {logging_mixin.py:190} INFO - [2025-04-16T00:10:01.784+0700] {dag.py:3239} INFO - Sync 1 DAGs
[2025-04-16T00:10:01.795+0700] {logging_mixin.py:190} INFO - [2025-04-16T00:10:01.795+0700] {dag.py:4180} INFO - Setting next_dagrun for example_sensor_decorator to None, run_after=None
[2025-04-16T00:10:01.824+0700] {processor.py:208} INFO - Processing /home/anhtupham99/NBA-analytics/py_env/lib/python3.11/site-packages/airflow/example_dags/example_sensor_decorator.py took 0.073 seconds
[2025-04-16T00:11:13.781+0700] {processor.py:186} INFO - Started process (PID=329647) to work on /home/anhtupham99/NBA-analytics/py_env/lib/python3.11/site-packages/airflow/example_dags/example_sensor_decorator.py
[2025-04-16T00:11:13.785+0700] {processor.py:914} INFO - Processing file /home/anhtupham99/NBA-analytics/py_env/lib/python3.11/site-packages/airflow/example_dags/example_sensor_decorator.py for tasks to queue
[2025-04-16T00:11:13.788+0700] {logging_mixin.py:190} INFO - [2025-04-16T00:11:13.787+0700] {dagbag.py:588} INFO - Filling up the DagBag from /home/anhtupham99/NBA-analytics/py_env/lib/python3.11/site-packages/airflow/example_dags/example_sensor_decorator.py
[2025-04-16T00:11:13.797+0700] {processor.py:925} INFO - DAG(s) 'example_sensor_decorator' retrieved from /home/anhtupham99/NBA-analytics/py_env/lib/python3.11/site-packages/airflow/example_dags/example_sensor_decorator.py
[2025-04-16T00:11:13.812+0700] {logging_mixin.py:190} INFO - [2025-04-16T00:11:13.812+0700] {dag.py:3239} INFO - Sync 1 DAGs
[2025-04-16T00:11:13.823+0700] {logging_mixin.py:190} INFO - [2025-04-16T00:11:13.823+0700] {dag.py:4180} INFO - Setting next_dagrun for example_sensor_decorator to None, run_after=None
[2025-04-16T00:11:13.850+0700] {processor.py:208} INFO - Processing /home/anhtupham99/NBA-analytics/py_env/lib/python3.11/site-packages/airflow/example_dags/example_sensor_decorator.py took 0.077 seconds
[2025-04-16T00:11:59.790+0700] {processor.py:186} INFO - Started process (PID=330622) to work on /home/anhtupham99/NBA-analytics/py_env/lib/python3.11/site-packages/airflow/example_dags/example_sensor_decorator.py
[2025-04-16T00:11:59.791+0700] {processor.py:914} INFO - Processing file /home/anhtupham99/NBA-analytics/py_env/lib/python3.11/site-packages/airflow/example_dags/example_sensor_decorator.py for tasks to queue
[2025-04-16T00:11:59.794+0700] {logging_mixin.py:190} INFO - [2025-04-16T00:11:59.793+0700] {dagbag.py:588} INFO - Filling up the DagBag from /home/anhtupham99/NBA-analytics/py_env/lib/python3.11/site-packages/airflow/example_dags/example_sensor_decorator.py
[2025-04-16T00:11:59.803+0700] {processor.py:925} INFO - DAG(s) 'example_sensor_decorator' retrieved from /home/anhtupham99/NBA-analytics/py_env/lib/python3.11/site-packages/airflow/example_dags/example_sensor_decorator.py
[2025-04-16T00:11:59.818+0700] {logging_mixin.py:190} INFO - [2025-04-16T00:11:59.817+0700] {dag.py:3239} INFO - Sync 1 DAGs
[2025-04-16T00:11:59.829+0700] {logging_mixin.py:190} INFO - [2025-04-16T00:11:59.829+0700] {dag.py:4180} INFO - Setting next_dagrun for example_sensor_decorator to None, run_after=None
[2025-04-16T00:11:59.867+0700] {processor.py:208} INFO - Processing /home/anhtupham99/NBA-analytics/py_env/lib/python3.11/site-packages/airflow/example_dags/example_sensor_decorator.py took 0.084 seconds
[2025-04-16T00:13:10.697+0700] {processor.py:186} INFO - Started process (PID=332892) to work on /home/anhtupham99/NBA-analytics/py_env/lib/python3.11/site-packages/airflow/example_dags/example_sensor_decorator.py
[2025-04-16T00:13:10.699+0700] {processor.py:914} INFO - Processing file /home/anhtupham99/NBA-analytics/py_env/lib/python3.11/site-packages/airflow/example_dags/example_sensor_decorator.py for tasks to queue
[2025-04-16T00:13:10.700+0700] {logging_mixin.py:190} INFO - [2025-04-16T00:13:10.700+0700] {dagbag.py:588} INFO - Filling up the DagBag from /home/anhtupham99/NBA-analytics/py_env/lib/python3.11/site-packages/airflow/example_dags/example_sensor_decorator.py
[2025-04-16T00:13:10.707+0700] {processor.py:925} INFO - DAG(s) 'example_sensor_decorator' retrieved from /home/anhtupham99/NBA-analytics/py_env/lib/python3.11/site-packages/airflow/example_dags/example_sensor_decorator.py
[2025-04-16T00:13:10.719+0700] {logging_mixin.py:190} INFO - [2025-04-16T00:13:10.718+0700] {dag.py:3239} INFO - Sync 1 DAGs
[2025-04-16T00:13:10.728+0700] {logging_mixin.py:190} INFO - [2025-04-16T00:13:10.728+0700] {dag.py:4180} INFO - Setting next_dagrun for example_sensor_decorator to None, run_after=None
[2025-04-16T00:13:10.752+0700] {processor.py:208} INFO - Processing /home/anhtupham99/NBA-analytics/py_env/lib/python3.11/site-packages/airflow/example_dags/example_sensor_decorator.py took 0.059 seconds
[2025-04-16T00:14:01.769+0700] {processor.py:186} INFO - Started process (PID=335122) to work on /home/anhtupham99/NBA-analytics/py_env/lib/python3.11/site-packages/airflow/example_dags/example_sensor_decorator.py
[2025-04-16T00:14:01.770+0700] {processor.py:914} INFO - Processing file /home/anhtupham99/NBA-analytics/py_env/lib/python3.11/site-packages/airflow/example_dags/example_sensor_decorator.py for tasks to queue
[2025-04-16T00:14:01.772+0700] {logging_mixin.py:190} INFO - [2025-04-16T00:14:01.772+0700] {dagbag.py:588} INFO - Filling up the DagBag from /home/anhtupham99/NBA-analytics/py_env/lib/python3.11/site-packages/airflow/example_dags/example_sensor_decorator.py
[2025-04-16T00:14:01.778+0700] {processor.py:925} INFO - DAG(s) 'example_sensor_decorator' retrieved from /home/anhtupham99/NBA-analytics/py_env/lib/python3.11/site-packages/airflow/example_dags/example_sensor_decorator.py
[2025-04-16T00:14:01.793+0700] {logging_mixin.py:190} INFO - [2025-04-16T00:14:01.793+0700] {dag.py:3239} INFO - Sync 1 DAGs
[2025-04-16T00:14:01.806+0700] {logging_mixin.py:190} INFO - [2025-04-16T00:14:01.806+0700] {dag.py:4180} INFO - Setting next_dagrun for example_sensor_decorator to None, run_after=None
[2025-04-16T00:14:01.833+0700] {processor.py:208} INFO - Processing /home/anhtupham99/NBA-analytics/py_env/lib/python3.11/site-packages/airflow/example_dags/example_sensor_decorator.py took 0.069 seconds
[2025-04-16T00:14:51.478+0700] {processor.py:186} INFO - Started process (PID=336853) to work on /home/anhtupham99/NBA-analytics/py_env/lib/python3.11/site-packages/airflow/example_dags/example_sensor_decorator.py
[2025-04-16T00:14:51.479+0700] {processor.py:914} INFO - Processing file /home/anhtupham99/NBA-analytics/py_env/lib/python3.11/site-packages/airflow/example_dags/example_sensor_decorator.py for tasks to queue
[2025-04-16T00:14:51.480+0700] {logging_mixin.py:190} INFO - [2025-04-16T00:14:51.480+0700] {dagbag.py:588} INFO - Filling up the DagBag from /home/anhtupham99/NBA-analytics/py_env/lib/python3.11/site-packages/airflow/example_dags/example_sensor_decorator.py
[2025-04-16T00:14:51.486+0700] {processor.py:925} INFO - DAG(s) 'example_sensor_decorator' retrieved from /home/anhtupham99/NBA-analytics/py_env/lib/python3.11/site-packages/airflow/example_dags/example_sensor_decorator.py
[2025-04-16T00:14:51.498+0700] {logging_mixin.py:190} INFO - [2025-04-16T00:14:51.498+0700] {dag.py:3239} INFO - Sync 1 DAGs
[2025-04-16T00:14:51.511+0700] {logging_mixin.py:190} INFO - [2025-04-16T00:14:51.510+0700] {dag.py:4180} INFO - Setting next_dagrun for example_sensor_decorator to None, run_after=None
[2025-04-16T00:14:51.539+0700] {processor.py:208} INFO - Processing /home/anhtupham99/NBA-analytics/py_env/lib/python3.11/site-packages/airflow/example_dags/example_sensor_decorator.py took 0.066 seconds
[2025-04-16T00:15:40.098+0700] {processor.py:186} INFO - Started process (PID=339088) to work on /home/anhtupham99/NBA-analytics/py_env/lib/python3.11/site-packages/airflow/example_dags/example_sensor_decorator.py
[2025-04-16T00:15:40.099+0700] {processor.py:914} INFO - Processing file /home/anhtupham99/NBA-analytics/py_env/lib/python3.11/site-packages/airflow/example_dags/example_sensor_decorator.py for tasks to queue
[2025-04-16T00:15:40.101+0700] {logging_mixin.py:190} INFO - [2025-04-16T00:15:40.101+0700] {dagbag.py:588} INFO - Filling up the DagBag from /home/anhtupham99/NBA-analytics/py_env/lib/python3.11/site-packages/airflow/example_dags/example_sensor_decorator.py
[2025-04-16T00:15:40.107+0700] {processor.py:925} INFO - DAG(s) 'example_sensor_decorator' retrieved from /home/anhtupham99/NBA-analytics/py_env/lib/python3.11/site-packages/airflow/example_dags/example_sensor_decorator.py
[2025-04-16T00:15:40.118+0700] {logging_mixin.py:190} INFO - [2025-04-16T00:15:40.118+0700] {dag.py:3239} INFO - Sync 1 DAGs
[2025-04-16T00:15:40.128+0700] {logging_mixin.py:190} INFO - [2025-04-16T00:15:40.128+0700] {dag.py:4180} INFO - Setting next_dagrun for example_sensor_decorator to None, run_after=None
[2025-04-16T00:15:40.158+0700] {processor.py:208} INFO - Processing /home/anhtupham99/NBA-analytics/py_env/lib/python3.11/site-packages/airflow/example_dags/example_sensor_decorator.py took 0.065 seconds
[2025-04-16T00:16:31.130+0700] {processor.py:186} INFO - Started process (PID=341807) to work on /home/anhtupham99/NBA-analytics/py_env/lib/python3.11/site-packages/airflow/example_dags/example_sensor_decorator.py
[2025-04-16T00:16:31.132+0700] {processor.py:914} INFO - Processing file /home/anhtupham99/NBA-analytics/py_env/lib/python3.11/site-packages/airflow/example_dags/example_sensor_decorator.py for tasks to queue
[2025-04-16T00:16:31.134+0700] {logging_mixin.py:190} INFO - [2025-04-16T00:16:31.134+0700] {dagbag.py:588} INFO - Filling up the DagBag from /home/anhtupham99/NBA-analytics/py_env/lib/python3.11/site-packages/airflow/example_dags/example_sensor_decorator.py
[2025-04-16T00:16:31.143+0700] {processor.py:925} INFO - DAG(s) 'example_sensor_decorator' retrieved from /home/anhtupham99/NBA-analytics/py_env/lib/python3.11/site-packages/airflow/example_dags/example_sensor_decorator.py
[2025-04-16T00:16:31.159+0700] {logging_mixin.py:190} INFO - [2025-04-16T00:16:31.159+0700] {dag.py:3239} INFO - Sync 1 DAGs
[2025-04-16T00:16:31.171+0700] {logging_mixin.py:190} INFO - [2025-04-16T00:16:31.171+0700] {dag.py:4180} INFO - Setting next_dagrun for example_sensor_decorator to None, run_after=None
[2025-04-16T00:16:31.200+0700] {processor.py:208} INFO - Processing /home/anhtupham99/NBA-analytics/py_env/lib/python3.11/site-packages/airflow/example_dags/example_sensor_decorator.py took 0.076 seconds
[2025-04-16T00:17:21.254+0700] {processor.py:186} INFO - Started process (PID=343819) to work on /home/anhtupham99/NBA-analytics/py_env/lib/python3.11/site-packages/airflow/example_dags/example_sensor_decorator.py
[2025-04-16T00:17:21.255+0700] {processor.py:914} INFO - Processing file /home/anhtupham99/NBA-analytics/py_env/lib/python3.11/site-packages/airflow/example_dags/example_sensor_decorator.py for tasks to queue
[2025-04-16T00:17:21.258+0700] {logging_mixin.py:190} INFO - [2025-04-16T00:17:21.257+0700] {dagbag.py:588} INFO - Filling up the DagBag from /home/anhtupham99/NBA-analytics/py_env/lib/python3.11/site-packages/airflow/example_dags/example_sensor_decorator.py
[2025-04-16T00:17:21.267+0700] {processor.py:925} INFO - DAG(s) 'example_sensor_decorator' retrieved from /home/anhtupham99/NBA-analytics/py_env/lib/python3.11/site-packages/airflow/example_dags/example_sensor_decorator.py
[2025-04-16T00:17:21.288+0700] {logging_mixin.py:190} INFO - [2025-04-16T00:17:21.287+0700] {dag.py:3239} INFO - Sync 1 DAGs
[2025-04-16T00:17:21.303+0700] {logging_mixin.py:190} INFO - [2025-04-16T00:17:21.303+0700] {dag.py:4180} INFO - Setting next_dagrun for example_sensor_decorator to None, run_after=None
[2025-04-16T00:17:21.342+0700] {processor.py:208} INFO - Processing /home/anhtupham99/NBA-analytics/py_env/lib/python3.11/site-packages/airflow/example_dags/example_sensor_decorator.py took 0.094 seconds
[2025-04-16T00:18:33.591+0700] {processor.py:186} INFO - Started process (PID=347288) to work on /home/anhtupham99/NBA-analytics/py_env/lib/python3.11/site-packages/airflow/example_dags/example_sensor_decorator.py
[2025-04-16T00:18:33.593+0700] {processor.py:914} INFO - Processing file /home/anhtupham99/NBA-analytics/py_env/lib/python3.11/site-packages/airflow/example_dags/example_sensor_decorator.py for tasks to queue
[2025-04-16T00:18:33.594+0700] {logging_mixin.py:190} INFO - [2025-04-16T00:18:33.594+0700] {dagbag.py:588} INFO - Filling up the DagBag from /home/anhtupham99/NBA-analytics/py_env/lib/python3.11/site-packages/airflow/example_dags/example_sensor_decorator.py
[2025-04-16T00:18:33.602+0700] {processor.py:925} INFO - DAG(s) 'example_sensor_decorator' retrieved from /home/anhtupham99/NBA-analytics/py_env/lib/python3.11/site-packages/airflow/example_dags/example_sensor_decorator.py
[2025-04-16T00:18:33.613+0700] {logging_mixin.py:190} INFO - [2025-04-16T00:18:33.613+0700] {dag.py:3239} INFO - Sync 1 DAGs
[2025-04-16T00:18:33.623+0700] {logging_mixin.py:190} INFO - [2025-04-16T00:18:33.623+0700] {dag.py:4180} INFO - Setting next_dagrun for example_sensor_decorator to None, run_after=None
[2025-04-16T00:18:33.647+0700] {processor.py:208} INFO - Processing /home/anhtupham99/NBA-analytics/py_env/lib/python3.11/site-packages/airflow/example_dags/example_sensor_decorator.py took 0.061 seconds
[2025-04-16T00:19:25.004+0700] {processor.py:186} INFO - Started process (PID=349641) to work on /home/anhtupham99/NBA-analytics/py_env/lib/python3.11/site-packages/airflow/example_dags/example_sensor_decorator.py
[2025-04-16T00:19:25.006+0700] {processor.py:914} INFO - Processing file /home/anhtupham99/NBA-analytics/py_env/lib/python3.11/site-packages/airflow/example_dags/example_sensor_decorator.py for tasks to queue
[2025-04-16T00:19:25.009+0700] {logging_mixin.py:190} INFO - [2025-04-16T00:19:25.008+0700] {dagbag.py:588} INFO - Filling up the DagBag from /home/anhtupham99/NBA-analytics/py_env/lib/python3.11/site-packages/airflow/example_dags/example_sensor_decorator.py
[2025-04-16T00:19:25.019+0700] {processor.py:925} INFO - DAG(s) 'example_sensor_decorator' retrieved from /home/anhtupham99/NBA-analytics/py_env/lib/python3.11/site-packages/airflow/example_dags/example_sensor_decorator.py
[2025-04-16T00:19:25.032+0700] {logging_mixin.py:190} INFO - [2025-04-16T00:19:25.031+0700] {dag.py:3239} INFO - Sync 1 DAGs
[2025-04-16T00:19:25.042+0700] {logging_mixin.py:190} INFO - [2025-04-16T00:19:25.042+0700] {dag.py:4180} INFO - Setting next_dagrun for example_sensor_decorator to None, run_after=None
[2025-04-16T00:19:25.066+0700] {processor.py:208} INFO - Processing /home/anhtupham99/NBA-analytics/py_env/lib/python3.11/site-packages/airflow/example_dags/example_sensor_decorator.py took 0.068 seconds
[2025-04-16T00:20:14.499+0700] {processor.py:186} INFO - Started process (PID=351521) to work on /home/anhtupham99/NBA-analytics/py_env/lib/python3.11/site-packages/airflow/example_dags/example_sensor_decorator.py
[2025-04-16T00:20:14.501+0700] {processor.py:914} INFO - Processing file /home/anhtupham99/NBA-analytics/py_env/lib/python3.11/site-packages/airflow/example_dags/example_sensor_decorator.py for tasks to queue
[2025-04-16T00:20:14.502+0700] {logging_mixin.py:190} INFO - [2025-04-16T00:20:14.502+0700] {dagbag.py:588} INFO - Filling up the DagBag from /home/anhtupham99/NBA-analytics/py_env/lib/python3.11/site-packages/airflow/example_dags/example_sensor_decorator.py
[2025-04-16T00:20:14.508+0700] {processor.py:925} INFO - DAG(s) 'example_sensor_decorator' retrieved from /home/anhtupham99/NBA-analytics/py_env/lib/python3.11/site-packages/airflow/example_dags/example_sensor_decorator.py
[2025-04-16T00:20:14.518+0700] {logging_mixin.py:190} INFO - [2025-04-16T00:20:14.518+0700] {dag.py:3239} INFO - Sync 1 DAGs
[2025-04-16T00:20:14.526+0700] {logging_mixin.py:190} INFO - [2025-04-16T00:20:14.526+0700] {dag.py:4180} INFO - Setting next_dagrun for example_sensor_decorator to None, run_after=None
[2025-04-16T00:20:14.550+0700] {processor.py:208} INFO - Processing /home/anhtupham99/NBA-analytics/py_env/lib/python3.11/site-packages/airflow/example_dags/example_sensor_decorator.py took 0.055 seconds
[2025-04-16T00:21:02.800+0700] {processor.py:186} INFO - Started process (PID=353594) to work on /home/anhtupham99/NBA-analytics/py_env/lib/python3.11/site-packages/airflow/example_dags/example_sensor_decorator.py
[2025-04-16T00:21:02.802+0700] {processor.py:914} INFO - Processing file /home/anhtupham99/NBA-analytics/py_env/lib/python3.11/site-packages/airflow/example_dags/example_sensor_decorator.py for tasks to queue
[2025-04-16T00:21:02.804+0700] {logging_mixin.py:190} INFO - [2025-04-16T00:21:02.804+0700] {dagbag.py:588} INFO - Filling up the DagBag from /home/anhtupham99/NBA-analytics/py_env/lib/python3.11/site-packages/airflow/example_dags/example_sensor_decorator.py
[2025-04-16T00:21:02.814+0700] {processor.py:925} INFO - DAG(s) 'example_sensor_decorator' retrieved from /home/anhtupham99/NBA-analytics/py_env/lib/python3.11/site-packages/airflow/example_dags/example_sensor_decorator.py
[2025-04-16T00:21:02.832+0700] {logging_mixin.py:190} INFO - [2025-04-16T00:21:02.832+0700] {dag.py:3239} INFO - Sync 1 DAGs
[2025-04-16T00:21:02.846+0700] {logging_mixin.py:190} INFO - [2025-04-16T00:21:02.846+0700] {dag.py:4180} INFO - Setting next_dagrun for example_sensor_decorator to None, run_after=None
[2025-04-16T00:21:02.876+0700] {processor.py:208} INFO - Processing /home/anhtupham99/NBA-analytics/py_env/lib/python3.11/site-packages/airflow/example_dags/example_sensor_decorator.py took 0.081 seconds
[2025-04-16T00:21:53.357+0700] {processor.py:186} INFO - Started process (PID=355261) to work on /home/anhtupham99/NBA-analytics/py_env/lib/python3.11/site-packages/airflow/example_dags/example_sensor_decorator.py
[2025-04-16T00:21:53.359+0700] {processor.py:914} INFO - Processing file /home/anhtupham99/NBA-analytics/py_env/lib/python3.11/site-packages/airflow/example_dags/example_sensor_decorator.py for tasks to queue
[2025-04-16T00:21:53.361+0700] {logging_mixin.py:190} INFO - [2025-04-16T00:21:53.361+0700] {dagbag.py:588} INFO - Filling up the DagBag from /home/anhtupham99/NBA-analytics/py_env/lib/python3.11/site-packages/airflow/example_dags/example_sensor_decorator.py
[2025-04-16T00:21:53.369+0700] {processor.py:925} INFO - DAG(s) 'example_sensor_decorator' retrieved from /home/anhtupham99/NBA-analytics/py_env/lib/python3.11/site-packages/airflow/example_dags/example_sensor_decorator.py
[2025-04-16T00:21:53.382+0700] {logging_mixin.py:190} INFO - [2025-04-16T00:21:53.382+0700] {dag.py:3239} INFO - Sync 1 DAGs
[2025-04-16T00:21:53.392+0700] {logging_mixin.py:190} INFO - [2025-04-16T00:21:53.392+0700] {dag.py:4180} INFO - Setting next_dagrun for example_sensor_decorator to None, run_after=None
[2025-04-16T00:21:53.419+0700] {processor.py:208} INFO - Processing /home/anhtupham99/NBA-analytics/py_env/lib/python3.11/site-packages/airflow/example_dags/example_sensor_decorator.py took 0.066 seconds
[2025-04-16T00:22:45.672+0700] {processor.py:186} INFO - Started process (PID=357147) to work on /home/anhtupham99/NBA-analytics/py_env/lib/python3.11/site-packages/airflow/example_dags/example_sensor_decorator.py
[2025-04-16T00:22:45.674+0700] {processor.py:914} INFO - Processing file /home/anhtupham99/NBA-analytics/py_env/lib/python3.11/site-packages/airflow/example_dags/example_sensor_decorator.py for tasks to queue
[2025-04-16T00:22:45.676+0700] {logging_mixin.py:190} INFO - [2025-04-16T00:22:45.676+0700] {dagbag.py:588} INFO - Filling up the DagBag from /home/anhtupham99/NBA-analytics/py_env/lib/python3.11/site-packages/airflow/example_dags/example_sensor_decorator.py
[2025-04-16T00:22:45.685+0700] {processor.py:925} INFO - DAG(s) 'example_sensor_decorator' retrieved from /home/anhtupham99/NBA-analytics/py_env/lib/python3.11/site-packages/airflow/example_dags/example_sensor_decorator.py
[2025-04-16T00:22:45.699+0700] {logging_mixin.py:190} INFO - [2025-04-16T00:22:45.699+0700] {dag.py:3239} INFO - Sync 1 DAGs
[2025-04-16T00:22:45.712+0700] {logging_mixin.py:190} INFO - [2025-04-16T00:22:45.712+0700] {dag.py:4180} INFO - Setting next_dagrun for example_sensor_decorator to None, run_after=None
[2025-04-16T00:22:45.747+0700] {processor.py:208} INFO - Processing /home/anhtupham99/NBA-analytics/py_env/lib/python3.11/site-packages/airflow/example_dags/example_sensor_decorator.py took 0.083 seconds
[2025-04-16T00:23:51.744+0700] {processor.py:186} INFO - Started process (PID=359088) to work on /home/anhtupham99/NBA-analytics/py_env/lib/python3.11/site-packages/airflow/example_dags/example_sensor_decorator.py
[2025-04-16T00:23:51.745+0700] {processor.py:914} INFO - Processing file /home/anhtupham99/NBA-analytics/py_env/lib/python3.11/site-packages/airflow/example_dags/example_sensor_decorator.py for tasks to queue
[2025-04-16T00:23:51.747+0700] {logging_mixin.py:190} INFO - [2025-04-16T00:23:51.747+0700] {dagbag.py:588} INFO - Filling up the DagBag from /home/anhtupham99/NBA-analytics/py_env/lib/python3.11/site-packages/airflow/example_dags/example_sensor_decorator.py
[2025-04-16T00:23:51.756+0700] {processor.py:925} INFO - DAG(s) 'example_sensor_decorator' retrieved from /home/anhtupham99/NBA-analytics/py_env/lib/python3.11/site-packages/airflow/example_dags/example_sensor_decorator.py
[2025-04-16T00:23:51.770+0700] {logging_mixin.py:190} INFO - [2025-04-16T00:23:51.770+0700] {dag.py:3239} INFO - Sync 1 DAGs
[2025-04-16T00:23:51.782+0700] {logging_mixin.py:190} INFO - [2025-04-16T00:23:51.782+0700] {dag.py:4180} INFO - Setting next_dagrun for example_sensor_decorator to None, run_after=None
[2025-04-16T00:23:51.808+0700] {processor.py:208} INFO - Processing /home/anhtupham99/NBA-analytics/py_env/lib/python3.11/site-packages/airflow/example_dags/example_sensor_decorator.py took 0.069 seconds
[2025-04-16T00:24:43.301+0700] {processor.py:186} INFO - Started process (PID=361107) to work on /home/anhtupham99/NBA-analytics/py_env/lib/python3.11/site-packages/airflow/example_dags/example_sensor_decorator.py
[2025-04-16T00:24:43.302+0700] {processor.py:914} INFO - Processing file /home/anhtupham99/NBA-analytics/py_env/lib/python3.11/site-packages/airflow/example_dags/example_sensor_decorator.py for tasks to queue
[2025-04-16T00:24:43.303+0700] {logging_mixin.py:190} INFO - [2025-04-16T00:24:43.303+0700] {dagbag.py:588} INFO - Filling up the DagBag from /home/anhtupham99/NBA-analytics/py_env/lib/python3.11/site-packages/airflow/example_dags/example_sensor_decorator.py
[2025-04-16T00:24:43.310+0700] {processor.py:925} INFO - DAG(s) 'example_sensor_decorator' retrieved from /home/anhtupham99/NBA-analytics/py_env/lib/python3.11/site-packages/airflow/example_dags/example_sensor_decorator.py
[2025-04-16T00:24:43.322+0700] {logging_mixin.py:190} INFO - [2025-04-16T00:24:43.322+0700] {dag.py:3239} INFO - Sync 1 DAGs
[2025-04-16T00:24:43.331+0700] {logging_mixin.py:190} INFO - [2025-04-16T00:24:43.331+0700] {dag.py:4180} INFO - Setting next_dagrun for example_sensor_decorator to None, run_after=None
[2025-04-16T00:24:43.353+0700] {processor.py:208} INFO - Processing /home/anhtupham99/NBA-analytics/py_env/lib/python3.11/site-packages/airflow/example_dags/example_sensor_decorator.py took 0.058 seconds
[2025-04-16T00:25:33.641+0700] {processor.py:186} INFO - Started process (PID=363441) to work on /home/anhtupham99/NBA-analytics/py_env/lib/python3.11/site-packages/airflow/example_dags/example_sensor_decorator.py
[2025-04-16T00:25:33.642+0700] {processor.py:914} INFO - Processing file /home/anhtupham99/NBA-analytics/py_env/lib/python3.11/site-packages/airflow/example_dags/example_sensor_decorator.py for tasks to queue
[2025-04-16T00:25:33.644+0700] {logging_mixin.py:190} INFO - [2025-04-16T00:25:33.644+0700] {dagbag.py:588} INFO - Filling up the DagBag from /home/anhtupham99/NBA-analytics/py_env/lib/python3.11/site-packages/airflow/example_dags/example_sensor_decorator.py
[2025-04-16T00:25:33.650+0700] {processor.py:925} INFO - DAG(s) 'example_sensor_decorator' retrieved from /home/anhtupham99/NBA-analytics/py_env/lib/python3.11/site-packages/airflow/example_dags/example_sensor_decorator.py
[2025-04-16T00:25:33.663+0700] {logging_mixin.py:190} INFO - [2025-04-16T00:25:33.663+0700] {dag.py:3239} INFO - Sync 1 DAGs
[2025-04-16T00:25:33.672+0700] {logging_mixin.py:190} INFO - [2025-04-16T00:25:33.672+0700] {dag.py:4180} INFO - Setting next_dagrun for example_sensor_decorator to None, run_after=None
[2025-04-16T00:25:33.696+0700] {processor.py:208} INFO - Processing /home/anhtupham99/NBA-analytics/py_env/lib/python3.11/site-packages/airflow/example_dags/example_sensor_decorator.py took 0.059 seconds
[2025-04-16T00:26:46.068+0700] {processor.py:186} INFO - Started process (PID=365132) to work on /home/anhtupham99/NBA-analytics/py_env/lib/python3.11/site-packages/airflow/example_dags/example_sensor_decorator.py
[2025-04-16T00:26:46.070+0700] {processor.py:914} INFO - Processing file /home/anhtupham99/NBA-analytics/py_env/lib/python3.11/site-packages/airflow/example_dags/example_sensor_decorator.py for tasks to queue
[2025-04-16T00:26:46.071+0700] {logging_mixin.py:190} INFO - [2025-04-16T00:26:46.071+0700] {dagbag.py:588} INFO - Filling up the DagBag from /home/anhtupham99/NBA-analytics/py_env/lib/python3.11/site-packages/airflow/example_dags/example_sensor_decorator.py
[2025-04-16T00:26:46.077+0700] {processor.py:925} INFO - DAG(s) 'example_sensor_decorator' retrieved from /home/anhtupham99/NBA-analytics/py_env/lib/python3.11/site-packages/airflow/example_dags/example_sensor_decorator.py
[2025-04-16T00:26:46.089+0700] {logging_mixin.py:190} INFO - [2025-04-16T00:26:46.089+0700] {dag.py:3239} INFO - Sync 1 DAGs
[2025-04-16T00:26:46.101+0700] {logging_mixin.py:190} INFO - [2025-04-16T00:26:46.101+0700] {dag.py:4180} INFO - Setting next_dagrun for example_sensor_decorator to None, run_after=None
[2025-04-16T00:26:46.124+0700] {processor.py:208} INFO - Processing /home/anhtupham99/NBA-analytics/py_env/lib/python3.11/site-packages/airflow/example_dags/example_sensor_decorator.py took 0.061 seconds
[2025-04-16T00:27:35.615+0700] {processor.py:186} INFO - Started process (PID=366370) to work on /home/anhtupham99/NBA-analytics/py_env/lib/python3.11/site-packages/airflow/example_dags/example_sensor_decorator.py
[2025-04-16T00:27:35.617+0700] {processor.py:914} INFO - Processing file /home/anhtupham99/NBA-analytics/py_env/lib/python3.11/site-packages/airflow/example_dags/example_sensor_decorator.py for tasks to queue
[2025-04-16T00:27:35.618+0700] {logging_mixin.py:190} INFO - [2025-04-16T00:27:35.618+0700] {dagbag.py:588} INFO - Filling up the DagBag from /home/anhtupham99/NBA-analytics/py_env/lib/python3.11/site-packages/airflow/example_dags/example_sensor_decorator.py
[2025-04-16T00:27:35.625+0700] {processor.py:925} INFO - DAG(s) 'example_sensor_decorator' retrieved from /home/anhtupham99/NBA-analytics/py_env/lib/python3.11/site-packages/airflow/example_dags/example_sensor_decorator.py
[2025-04-16T00:27:35.637+0700] {logging_mixin.py:190} INFO - [2025-04-16T00:27:35.637+0700] {dag.py:3239} INFO - Sync 1 DAGs
[2025-04-16T00:27:35.646+0700] {logging_mixin.py:190} INFO - [2025-04-16T00:27:35.645+0700] {dag.py:4180} INFO - Setting next_dagrun for example_sensor_decorator to None, run_after=None
[2025-04-16T00:27:35.669+0700] {processor.py:208} INFO - Processing /home/anhtupham99/NBA-analytics/py_env/lib/python3.11/site-packages/airflow/example_dags/example_sensor_decorator.py took 0.058 seconds
[2025-04-16T00:28:46.817+0700] {processor.py:186} INFO - Started process (PID=368162) to work on /home/anhtupham99/NBA-analytics/py_env/lib/python3.11/site-packages/airflow/example_dags/example_sensor_decorator.py
[2025-04-16T00:28:46.819+0700] {processor.py:914} INFO - Processing file /home/anhtupham99/NBA-analytics/py_env/lib/python3.11/site-packages/airflow/example_dags/example_sensor_decorator.py for tasks to queue
[2025-04-16T00:28:46.821+0700] {logging_mixin.py:190} INFO - [2025-04-16T00:28:46.821+0700] {dagbag.py:588} INFO - Filling up the DagBag from /home/anhtupham99/NBA-analytics/py_env/lib/python3.11/site-packages/airflow/example_dags/example_sensor_decorator.py
[2025-04-16T00:28:46.829+0700] {processor.py:925} INFO - DAG(s) 'example_sensor_decorator' retrieved from /home/anhtupham99/NBA-analytics/py_env/lib/python3.11/site-packages/airflow/example_dags/example_sensor_decorator.py
[2025-04-16T00:28:46.844+0700] {logging_mixin.py:190} INFO - [2025-04-16T00:28:46.843+0700] {dag.py:3239} INFO - Sync 1 DAGs
[2025-04-16T00:28:46.855+0700] {logging_mixin.py:190} INFO - [2025-04-16T00:28:46.854+0700] {dag.py:4180} INFO - Setting next_dagrun for example_sensor_decorator to None, run_after=None
[2025-04-16T00:28:46.882+0700] {processor.py:208} INFO - Processing /home/anhtupham99/NBA-analytics/py_env/lib/python3.11/site-packages/airflow/example_dags/example_sensor_decorator.py took 0.070 seconds
[2025-04-16T00:29:57.102+0700] {processor.py:186} INFO - Started process (PID=369824) to work on /home/anhtupham99/NBA-analytics/py_env/lib/python3.11/site-packages/airflow/example_dags/example_sensor_decorator.py
[2025-04-16T00:29:57.103+0700] {processor.py:914} INFO - Processing file /home/anhtupham99/NBA-analytics/py_env/lib/python3.11/site-packages/airflow/example_dags/example_sensor_decorator.py for tasks to queue
[2025-04-16T00:29:57.105+0700] {logging_mixin.py:190} INFO - [2025-04-16T00:29:57.104+0700] {dagbag.py:588} INFO - Filling up the DagBag from /home/anhtupham99/NBA-analytics/py_env/lib/python3.11/site-packages/airflow/example_dags/example_sensor_decorator.py
[2025-04-16T00:29:57.111+0700] {processor.py:925} INFO - DAG(s) 'example_sensor_decorator' retrieved from /home/anhtupham99/NBA-analytics/py_env/lib/python3.11/site-packages/airflow/example_dags/example_sensor_decorator.py
[2025-04-16T00:29:57.122+0700] {logging_mixin.py:190} INFO - [2025-04-16T00:29:57.122+0700] {dag.py:3239} INFO - Sync 1 DAGs
[2025-04-16T00:29:57.130+0700] {logging_mixin.py:190} INFO - [2025-04-16T00:29:57.130+0700] {dag.py:4180} INFO - Setting next_dagrun for example_sensor_decorator to None, run_after=None
[2025-04-16T00:29:57.154+0700] {processor.py:208} INFO - Processing /home/anhtupham99/NBA-analytics/py_env/lib/python3.11/site-packages/airflow/example_dags/example_sensor_decorator.py took 0.057 seconds
[2025-04-16T00:30:45.806+0700] {processor.py:186} INFO - Started process (PID=370956) to work on /home/anhtupham99/NBA-analytics/py_env/lib/python3.11/site-packages/airflow/example_dags/example_sensor_decorator.py
[2025-04-16T00:30:45.807+0700] {processor.py:914} INFO - Processing file /home/anhtupham99/NBA-analytics/py_env/lib/python3.11/site-packages/airflow/example_dags/example_sensor_decorator.py for tasks to queue
[2025-04-16T00:30:45.809+0700] {logging_mixin.py:190} INFO - [2025-04-16T00:30:45.808+0700] {dagbag.py:588} INFO - Filling up the DagBag from /home/anhtupham99/NBA-analytics/py_env/lib/python3.11/site-packages/airflow/example_dags/example_sensor_decorator.py
[2025-04-16T00:30:45.815+0700] {processor.py:925} INFO - DAG(s) 'example_sensor_decorator' retrieved from /home/anhtupham99/NBA-analytics/py_env/lib/python3.11/site-packages/airflow/example_dags/example_sensor_decorator.py
[2025-04-16T00:30:45.826+0700] {logging_mixin.py:190} INFO - [2025-04-16T00:30:45.825+0700] {dag.py:3239} INFO - Sync 1 DAGs
[2025-04-16T00:30:45.834+0700] {logging_mixin.py:190} INFO - [2025-04-16T00:30:45.834+0700] {dag.py:4180} INFO - Setting next_dagrun for example_sensor_decorator to None, run_after=None
[2025-04-16T00:30:45.858+0700] {processor.py:208} INFO - Processing /home/anhtupham99/NBA-analytics/py_env/lib/python3.11/site-packages/airflow/example_dags/example_sensor_decorator.py took 0.057 seconds
[2025-04-16T00:31:53.720+0700] {processor.py:186} INFO - Started process (PID=372862) to work on /home/anhtupham99/NBA-analytics/py_env/lib/python3.11/site-packages/airflow/example_dags/example_sensor_decorator.py
[2025-04-16T00:31:53.721+0700] {processor.py:914} INFO - Processing file /home/anhtupham99/NBA-analytics/py_env/lib/python3.11/site-packages/airflow/example_dags/example_sensor_decorator.py for tasks to queue
[2025-04-16T00:31:53.723+0700] {logging_mixin.py:190} INFO - [2025-04-16T00:31:53.722+0700] {dagbag.py:588} INFO - Filling up the DagBag from /home/anhtupham99/NBA-analytics/py_env/lib/python3.11/site-packages/airflow/example_dags/example_sensor_decorator.py
[2025-04-16T00:31:53.729+0700] {processor.py:925} INFO - DAG(s) 'example_sensor_decorator' retrieved from /home/anhtupham99/NBA-analytics/py_env/lib/python3.11/site-packages/airflow/example_dags/example_sensor_decorator.py
[2025-04-16T00:31:53.740+0700] {logging_mixin.py:190} INFO - [2025-04-16T00:31:53.740+0700] {dag.py:3239} INFO - Sync 1 DAGs
[2025-04-16T00:31:53.749+0700] {logging_mixin.py:190} INFO - [2025-04-16T00:31:53.748+0700] {dag.py:4180} INFO - Setting next_dagrun for example_sensor_decorator to None, run_after=None
[2025-04-16T00:31:53.773+0700] {processor.py:208} INFO - Processing /home/anhtupham99/NBA-analytics/py_env/lib/python3.11/site-packages/airflow/example_dags/example_sensor_decorator.py took 0.058 seconds
[2025-04-16T00:33:03.773+0700] {processor.py:186} INFO - Started process (PID=374583) to work on /home/anhtupham99/NBA-analytics/py_env/lib/python3.11/site-packages/airflow/example_dags/example_sensor_decorator.py
[2025-04-16T00:33:03.774+0700] {processor.py:914} INFO - Processing file /home/anhtupham99/NBA-analytics/py_env/lib/python3.11/site-packages/airflow/example_dags/example_sensor_decorator.py for tasks to queue
[2025-04-16T00:33:03.776+0700] {logging_mixin.py:190} INFO - [2025-04-16T00:33:03.776+0700] {dagbag.py:588} INFO - Filling up the DagBag from /home/anhtupham99/NBA-analytics/py_env/lib/python3.11/site-packages/airflow/example_dags/example_sensor_decorator.py
[2025-04-16T00:33:03.783+0700] {processor.py:925} INFO - DAG(s) 'example_sensor_decorator' retrieved from /home/anhtupham99/NBA-analytics/py_env/lib/python3.11/site-packages/airflow/example_dags/example_sensor_decorator.py
[2025-04-16T00:33:03.794+0700] {logging_mixin.py:190} INFO - [2025-04-16T00:33:03.793+0700] {dag.py:3239} INFO - Sync 1 DAGs
[2025-04-16T00:33:03.802+0700] {logging_mixin.py:190} INFO - [2025-04-16T00:33:03.802+0700] {dag.py:4180} INFO - Setting next_dagrun for example_sensor_decorator to None, run_after=None
[2025-04-16T00:33:03.825+0700] {processor.py:208} INFO - Processing /home/anhtupham99/NBA-analytics/py_env/lib/python3.11/site-packages/airflow/example_dags/example_sensor_decorator.py took 0.057 seconds
[2025-04-16T00:34:15.881+0700] {processor.py:186} INFO - Started process (PID=376236) to work on /home/anhtupham99/NBA-analytics/py_env/lib/python3.11/site-packages/airflow/example_dags/example_sensor_decorator.py
[2025-04-16T00:34:15.882+0700] {processor.py:914} INFO - Processing file /home/anhtupham99/NBA-analytics/py_env/lib/python3.11/site-packages/airflow/example_dags/example_sensor_decorator.py for tasks to queue
[2025-04-16T00:34:15.884+0700] {logging_mixin.py:190} INFO - [2025-04-16T00:34:15.883+0700] {dagbag.py:588} INFO - Filling up the DagBag from /home/anhtupham99/NBA-analytics/py_env/lib/python3.11/site-packages/airflow/example_dags/example_sensor_decorator.py
[2025-04-16T00:34:15.890+0700] {processor.py:925} INFO - DAG(s) 'example_sensor_decorator' retrieved from /home/anhtupham99/NBA-analytics/py_env/lib/python3.11/site-packages/airflow/example_dags/example_sensor_decorator.py
[2025-04-16T00:34:15.901+0700] {logging_mixin.py:190} INFO - [2025-04-16T00:34:15.901+0700] {dag.py:3239} INFO - Sync 1 DAGs
[2025-04-16T00:34:15.910+0700] {logging_mixin.py:190} INFO - [2025-04-16T00:34:15.910+0700] {dag.py:4180} INFO - Setting next_dagrun for example_sensor_decorator to None, run_after=None
[2025-04-16T00:34:15.932+0700] {processor.py:208} INFO - Processing /home/anhtupham99/NBA-analytics/py_env/lib/python3.11/site-packages/airflow/example_dags/example_sensor_decorator.py took 0.055 seconds
[2025-04-16T00:35:04.541+0700] {processor.py:186} INFO - Started process (PID=377452) to work on /home/anhtupham99/NBA-analytics/py_env/lib/python3.11/site-packages/airflow/example_dags/example_sensor_decorator.py
[2025-04-16T00:35:04.542+0700] {processor.py:914} INFO - Processing file /home/anhtupham99/NBA-analytics/py_env/lib/python3.11/site-packages/airflow/example_dags/example_sensor_decorator.py for tasks to queue
[2025-04-16T00:35:04.544+0700] {logging_mixin.py:190} INFO - [2025-04-16T00:35:04.543+0700] {dagbag.py:588} INFO - Filling up the DagBag from /home/anhtupham99/NBA-analytics/py_env/lib/python3.11/site-packages/airflow/example_dags/example_sensor_decorator.py
[2025-04-16T00:35:04.550+0700] {processor.py:925} INFO - DAG(s) 'example_sensor_decorator' retrieved from /home/anhtupham99/NBA-analytics/py_env/lib/python3.11/site-packages/airflow/example_dags/example_sensor_decorator.py
[2025-04-16T00:35:04.560+0700] {logging_mixin.py:190} INFO - [2025-04-16T00:35:04.560+0700] {dag.py:3239} INFO - Sync 1 DAGs
[2025-04-16T00:35:04.569+0700] {logging_mixin.py:190} INFO - [2025-04-16T00:35:04.569+0700] {dag.py:4180} INFO - Setting next_dagrun for example_sensor_decorator to None, run_after=None
[2025-04-16T00:35:04.591+0700] {processor.py:208} INFO - Processing /home/anhtupham99/NBA-analytics/py_env/lib/python3.11/site-packages/airflow/example_dags/example_sensor_decorator.py took 0.055 seconds
[2025-04-16T00:36:17.868+0700] {processor.py:186} INFO - Started process (PID=379276) to work on /home/anhtupham99/NBA-analytics/py_env/lib/python3.11/site-packages/airflow/example_dags/example_sensor_decorator.py
[2025-04-16T00:36:17.870+0700] {processor.py:914} INFO - Processing file /home/anhtupham99/NBA-analytics/py_env/lib/python3.11/site-packages/airflow/example_dags/example_sensor_decorator.py for tasks to queue
[2025-04-16T00:36:17.871+0700] {logging_mixin.py:190} INFO - [2025-04-16T00:36:17.871+0700] {dagbag.py:588} INFO - Filling up the DagBag from /home/anhtupham99/NBA-analytics/py_env/lib/python3.11/site-packages/airflow/example_dags/example_sensor_decorator.py
[2025-04-16T00:36:17.879+0700] {processor.py:925} INFO - DAG(s) 'example_sensor_decorator' retrieved from /home/anhtupham99/NBA-analytics/py_env/lib/python3.11/site-packages/airflow/example_dags/example_sensor_decorator.py
[2025-04-16T00:36:17.890+0700] {logging_mixin.py:190} INFO - [2025-04-16T00:36:17.890+0700] {dag.py:3239} INFO - Sync 1 DAGs
[2025-04-16T00:36:17.900+0700] {logging_mixin.py:190} INFO - [2025-04-16T00:36:17.900+0700] {dag.py:4180} INFO - Setting next_dagrun for example_sensor_decorator to None, run_after=None
[2025-04-16T00:36:17.923+0700] {processor.py:208} INFO - Processing /home/anhtupham99/NBA-analytics/py_env/lib/python3.11/site-packages/airflow/example_dags/example_sensor_decorator.py took 0.060 seconds
[2025-04-16T00:37:25.416+0700] {processor.py:186} INFO - Started process (PID=381227) to work on /home/anhtupham99/NBA-analytics/py_env/lib/python3.11/site-packages/airflow/example_dags/example_sensor_decorator.py
[2025-04-16T00:37:25.417+0700] {processor.py:914} INFO - Processing file /home/anhtupham99/NBA-analytics/py_env/lib/python3.11/site-packages/airflow/example_dags/example_sensor_decorator.py for tasks to queue
[2025-04-16T00:37:25.420+0700] {logging_mixin.py:190} INFO - [2025-04-16T00:37:25.420+0700] {dagbag.py:588} INFO - Filling up the DagBag from /home/anhtupham99/NBA-analytics/py_env/lib/python3.11/site-packages/airflow/example_dags/example_sensor_decorator.py
[2025-04-16T00:37:25.432+0700] {processor.py:925} INFO - DAG(s) 'example_sensor_decorator' retrieved from /home/anhtupham99/NBA-analytics/py_env/lib/python3.11/site-packages/airflow/example_dags/example_sensor_decorator.py
[2025-04-16T00:37:25.452+0700] {logging_mixin.py:190} INFO - [2025-04-16T00:37:25.452+0700] {dag.py:3239} INFO - Sync 1 DAGs
[2025-04-16T00:37:25.468+0700] {logging_mixin.py:190} INFO - [2025-04-16T00:37:25.468+0700] {dag.py:4180} INFO - Setting next_dagrun for example_sensor_decorator to None, run_after=None
[2025-04-16T00:37:25.497+0700] {processor.py:208} INFO - Processing /home/anhtupham99/NBA-analytics/py_env/lib/python3.11/site-packages/airflow/example_dags/example_sensor_decorator.py took 0.090 seconds
