[2025-04-15T23:46:46.654+0700] {processor.py:186} INFO - Started process (PID=297766) to work on /home/anhtupham99/NBA-analytics/py_env/lib/python3.11/site-packages/airflow/example_dags/example_task_group_decorator.py
[2025-04-15T23:46:46.655+0700] {processor.py:914} INFO - Processing file /home/anhtupham99/NBA-analytics/py_env/lib/python3.11/site-packages/airflow/example_dags/example_task_group_decorator.py for tasks to queue
[2025-04-15T23:46:46.657+0700] {logging_mixin.py:190} INFO - [2025-04-15T23:46:46.656+0700] {dagbag.py:588} INFO - Filling up the DagBag from /home/anhtupham99/NBA-analytics/py_env/lib/python3.11/site-packages/airflow/example_dags/example_task_group_decorator.py
[2025-04-15T23:46:46.670+0700] {processor.py:925} INFO - DAG(s) 'example_task_group_decorator' retrieved from /home/anhtupham99/NBA-analytics/py_env/lib/python3.11/site-packages/airflow/example_dags/example_task_group_decorator.py
[2025-04-15T23:46:46.756+0700] {logging_mixin.py:190} INFO - [2025-04-15T23:46:46.756+0700] {override.py:1912} INFO - Created Permission View: can delete on DAG:example_task_group_decorator
[2025-04-15T23:46:46.772+0700] {logging_mixin.py:190} INFO - [2025-04-15T23:46:46.772+0700] {override.py:1912} INFO - Created Permission View: can edit on DAG:example_task_group_decorator
[2025-04-15T23:46:46.787+0700] {logging_mixin.py:190} INFO - [2025-04-15T23:46:46.786+0700] {override.py:1912} INFO - Created Permission View: can read on DAG:example_task_group_decorator
[2025-04-15T23:46:46.813+0700] {logging_mixin.py:190} INFO - [2025-04-15T23:46:46.813+0700] {override.py:1912} INFO - Created Permission View: can create on DAG Run:example_task_group_decorator
[2025-04-15T23:46:46.828+0700] {logging_mixin.py:190} INFO - [2025-04-15T23:46:46.827+0700] {override.py:1912} INFO - Created Permission View: can delete on DAG Run:example_task_group_decorator
[2025-04-15T23:46:46.843+0700] {logging_mixin.py:190} INFO - [2025-04-15T23:46:46.842+0700] {override.py:1912} INFO - Created Permission View: menu access on DAG Run:example_task_group_decorator
[2025-04-15T23:46:46.859+0700] {logging_mixin.py:190} INFO - [2025-04-15T23:46:46.859+0700] {override.py:1912} INFO - Created Permission View: can read on DAG Run:example_task_group_decorator
[2025-04-15T23:46:46.860+0700] {logging_mixin.py:190} INFO - [2025-04-15T23:46:46.859+0700] {dag.py:3239} INFO - Sync 1 DAGs
[2025-04-15T23:46:46.872+0700] {logging_mixin.py:190} INFO - [2025-04-15T23:46:46.872+0700] {dag.py:3262} INFO - Creating ORM DAG for example_task_group_decorator
[2025-04-15T23:46:46.872+0700] {logging_mixin.py:190} INFO - [2025-04-15T23:46:46.872+0700] {dag.py:4180} INFO - Setting next_dagrun for example_task_group_decorator to None, run_after=None
[2025-04-15T23:46:46.902+0700] {processor.py:208} INFO - Processing /home/anhtupham99/NBA-analytics/py_env/lib/python3.11/site-packages/airflow/example_dags/example_task_group_decorator.py took 0.252 seconds
[2025-04-15T23:47:51.026+0700] {processor.py:186} INFO - Started process (PID=299132) to work on /home/anhtupham99/NBA-analytics/py_env/lib/python3.11/site-packages/airflow/example_dags/example_task_group_decorator.py
[2025-04-15T23:47:51.027+0700] {processor.py:914} INFO - Processing file /home/anhtupham99/NBA-analytics/py_env/lib/python3.11/site-packages/airflow/example_dags/example_task_group_decorator.py for tasks to queue
[2025-04-15T23:47:51.029+0700] {logging_mixin.py:190} INFO - [2025-04-15T23:47:51.028+0700] {dagbag.py:588} INFO - Filling up the DagBag from /home/anhtupham99/NBA-analytics/py_env/lib/python3.11/site-packages/airflow/example_dags/example_task_group_decorator.py
[2025-04-15T23:47:51.040+0700] {processor.py:925} INFO - DAG(s) 'example_task_group_decorator' retrieved from /home/anhtupham99/NBA-analytics/py_env/lib/python3.11/site-packages/airflow/example_dags/example_task_group_decorator.py
[2025-04-15T23:47:51.053+0700] {logging_mixin.py:190} INFO - [2025-04-15T23:47:51.053+0700] {dag.py:3239} INFO - Sync 1 DAGs
[2025-04-15T23:47:51.061+0700] {logging_mixin.py:190} INFO - [2025-04-15T23:47:51.060+0700] {dag.py:4180} INFO - Setting next_dagrun for example_task_group_decorator to None, run_after=None
[2025-04-15T23:47:51.087+0700] {processor.py:208} INFO - Processing /home/anhtupham99/NBA-analytics/py_env/lib/python3.11/site-packages/airflow/example_dags/example_task_group_decorator.py took 0.065 seconds
[2025-04-15T23:48:45.629+0700] {processor.py:186} INFO - Started process (PID=300530) to work on /home/anhtupham99/NBA-analytics/py_env/lib/python3.11/site-packages/airflow/example_dags/example_task_group_decorator.py
[2025-04-15T23:48:45.630+0700] {processor.py:914} INFO - Processing file /home/anhtupham99/NBA-analytics/py_env/lib/python3.11/site-packages/airflow/example_dags/example_task_group_decorator.py for tasks to queue
[2025-04-15T23:48:45.632+0700] {logging_mixin.py:190} INFO - [2025-04-15T23:48:45.632+0700] {dagbag.py:588} INFO - Filling up the DagBag from /home/anhtupham99/NBA-analytics/py_env/lib/python3.11/site-packages/airflow/example_dags/example_task_group_decorator.py
[2025-04-15T23:48:45.645+0700] {processor.py:925} INFO - DAG(s) 'example_task_group_decorator' retrieved from /home/anhtupham99/NBA-analytics/py_env/lib/python3.11/site-packages/airflow/example_dags/example_task_group_decorator.py
[2025-04-15T23:48:45.661+0700] {logging_mixin.py:190} INFO - [2025-04-15T23:48:45.661+0700] {dag.py:3239} INFO - Sync 1 DAGs
[2025-04-15T23:48:45.671+0700] {logging_mixin.py:190} INFO - [2025-04-15T23:48:45.671+0700] {dag.py:4180} INFO - Setting next_dagrun for example_task_group_decorator to None, run_after=None
[2025-04-15T23:48:45.698+0700] {processor.py:208} INFO - Processing /home/anhtupham99/NBA-analytics/py_env/lib/python3.11/site-packages/airflow/example_dags/example_task_group_decorator.py took 0.075 seconds
[2025-04-15T23:49:32.664+0700] {processor.py:186} INFO - Started process (PID=301492) to work on /home/anhtupham99/NBA-analytics/py_env/lib/python3.11/site-packages/airflow/example_dags/example_task_group_decorator.py
[2025-04-15T23:49:32.668+0700] {processor.py:914} INFO - Processing file /home/anhtupham99/NBA-analytics/py_env/lib/python3.11/site-packages/airflow/example_dags/example_task_group_decorator.py for tasks to queue
[2025-04-15T23:49:32.670+0700] {logging_mixin.py:190} INFO - [2025-04-15T23:49:32.669+0700] {dagbag.py:588} INFO - Filling up the DagBag from /home/anhtupham99/NBA-analytics/py_env/lib/python3.11/site-packages/airflow/example_dags/example_task_group_decorator.py
[2025-04-15T23:49:32.683+0700] {processor.py:925} INFO - DAG(s) 'example_task_group_decorator' retrieved from /home/anhtupham99/NBA-analytics/py_env/lib/python3.11/site-packages/airflow/example_dags/example_task_group_decorator.py
[2025-04-15T23:49:32.700+0700] {logging_mixin.py:190} INFO - [2025-04-15T23:49:32.700+0700] {dag.py:3239} INFO - Sync 1 DAGs
[2025-04-15T23:49:32.710+0700] {logging_mixin.py:190} INFO - [2025-04-15T23:49:32.710+0700] {dag.py:4180} INFO - Setting next_dagrun for example_task_group_decorator to None, run_after=None
[2025-04-15T23:49:32.739+0700] {processor.py:208} INFO - Processing /home/anhtupham99/NBA-analytics/py_env/lib/python3.11/site-packages/airflow/example_dags/example_task_group_decorator.py took 0.080 seconds
[2025-04-15T23:50:22.300+0700] {processor.py:186} INFO - Started process (PID=302566) to work on /home/anhtupham99/NBA-analytics/py_env/lib/python3.11/site-packages/airflow/example_dags/example_task_group_decorator.py
[2025-04-15T23:50:22.302+0700] {processor.py:914} INFO - Processing file /home/anhtupham99/NBA-analytics/py_env/lib/python3.11/site-packages/airflow/example_dags/example_task_group_decorator.py for tasks to queue
[2025-04-15T23:50:22.304+0700] {logging_mixin.py:190} INFO - [2025-04-15T23:50:22.303+0700] {dagbag.py:588} INFO - Filling up the DagBag from /home/anhtupham99/NBA-analytics/py_env/lib/python3.11/site-packages/airflow/example_dags/example_task_group_decorator.py
[2025-04-15T23:50:22.317+0700] {processor.py:925} INFO - DAG(s) 'example_task_group_decorator' retrieved from /home/anhtupham99/NBA-analytics/py_env/lib/python3.11/site-packages/airflow/example_dags/example_task_group_decorator.py
[2025-04-15T23:50:22.334+0700] {logging_mixin.py:190} INFO - [2025-04-15T23:50:22.334+0700] {dag.py:3239} INFO - Sync 1 DAGs
[2025-04-15T23:50:22.451+0700] {logging_mixin.py:190} INFO - [2025-04-15T23:50:22.451+0700] {dag.py:4180} INFO - Setting next_dagrun for example_task_group_decorator to None, run_after=None
[2025-04-15T23:50:22.477+0700] {processor.py:208} INFO - Processing /home/anhtupham99/NBA-analytics/py_env/lib/python3.11/site-packages/airflow/example_dags/example_task_group_decorator.py took 0.182 seconds
[2025-04-15T23:51:16.256+0700] {processor.py:186} INFO - Started process (PID=303606) to work on /home/anhtupham99/NBA-analytics/py_env/lib/python3.11/site-packages/airflow/example_dags/example_task_group_decorator.py
[2025-04-15T23:51:16.257+0700] {processor.py:914} INFO - Processing file /home/anhtupham99/NBA-analytics/py_env/lib/python3.11/site-packages/airflow/example_dags/example_task_group_decorator.py for tasks to queue
[2025-04-15T23:51:16.259+0700] {logging_mixin.py:190} INFO - [2025-04-15T23:51:16.258+0700] {dagbag.py:588} INFO - Filling up the DagBag from /home/anhtupham99/NBA-analytics/py_env/lib/python3.11/site-packages/airflow/example_dags/example_task_group_decorator.py
[2025-04-15T23:51:16.270+0700] {processor.py:925} INFO - DAG(s) 'example_task_group_decorator' retrieved from /home/anhtupham99/NBA-analytics/py_env/lib/python3.11/site-packages/airflow/example_dags/example_task_group_decorator.py
[2025-04-15T23:51:16.284+0700] {logging_mixin.py:190} INFO - [2025-04-15T23:51:16.284+0700] {dag.py:3239} INFO - Sync 1 DAGs
[2025-04-15T23:51:16.292+0700] {logging_mixin.py:190} INFO - [2025-04-15T23:51:16.292+0700] {dag.py:4180} INFO - Setting next_dagrun for example_task_group_decorator to None, run_after=None
[2025-04-15T23:51:16.314+0700] {processor.py:208} INFO - Processing /home/anhtupham99/NBA-analytics/py_env/lib/python3.11/site-packages/airflow/example_dags/example_task_group_decorator.py took 0.063 seconds
[2025-04-15T23:52:03.645+0700] {processor.py:186} INFO - Started process (PID=304473) to work on /home/anhtupham99/NBA-analytics/py_env/lib/python3.11/site-packages/airflow/example_dags/example_task_group_decorator.py
[2025-04-15T23:52:03.647+0700] {processor.py:914} INFO - Processing file /home/anhtupham99/NBA-analytics/py_env/lib/python3.11/site-packages/airflow/example_dags/example_task_group_decorator.py for tasks to queue
[2025-04-15T23:52:03.650+0700] {logging_mixin.py:190} INFO - [2025-04-15T23:52:03.650+0700] {dagbag.py:588} INFO - Filling up the DagBag from /home/anhtupham99/NBA-analytics/py_env/lib/python3.11/site-packages/airflow/example_dags/example_task_group_decorator.py
[2025-04-15T23:52:03.670+0700] {processor.py:925} INFO - DAG(s) 'example_task_group_decorator' retrieved from /home/anhtupham99/NBA-analytics/py_env/lib/python3.11/site-packages/airflow/example_dags/example_task_group_decorator.py
[2025-04-15T23:52:03.689+0700] {logging_mixin.py:190} INFO - [2025-04-15T23:52:03.688+0700] {dag.py:3239} INFO - Sync 1 DAGs
[2025-04-15T23:52:03.704+0700] {logging_mixin.py:190} INFO - [2025-04-15T23:52:03.704+0700] {dag.py:4180} INFO - Setting next_dagrun for example_task_group_decorator to None, run_after=None
[2025-04-15T23:52:03.738+0700] {processor.py:208} INFO - Processing /home/anhtupham99/NBA-analytics/py_env/lib/python3.11/site-packages/airflow/example_dags/example_task_group_decorator.py took 0.103 seconds
[2025-04-15T23:52:49.640+0700] {processor.py:186} INFO - Started process (PID=305484) to work on /home/anhtupham99/NBA-analytics/py_env/lib/python3.11/site-packages/airflow/example_dags/example_task_group_decorator.py
[2025-04-15T23:52:49.643+0700] {processor.py:914} INFO - Processing file /home/anhtupham99/NBA-analytics/py_env/lib/python3.11/site-packages/airflow/example_dags/example_task_group_decorator.py for tasks to queue
[2025-04-15T23:52:49.645+0700] {logging_mixin.py:190} INFO - [2025-04-15T23:52:49.644+0700] {dagbag.py:588} INFO - Filling up the DagBag from /home/anhtupham99/NBA-analytics/py_env/lib/python3.11/site-packages/airflow/example_dags/example_task_group_decorator.py
[2025-04-15T23:52:49.658+0700] {processor.py:925} INFO - DAG(s) 'example_task_group_decorator' retrieved from /home/anhtupham99/NBA-analytics/py_env/lib/python3.11/site-packages/airflow/example_dags/example_task_group_decorator.py
[2025-04-15T23:52:49.674+0700] {logging_mixin.py:190} INFO - [2025-04-15T23:52:49.673+0700] {dag.py:3239} INFO - Sync 1 DAGs
[2025-04-15T23:52:49.683+0700] {logging_mixin.py:190} INFO - [2025-04-15T23:52:49.682+0700] {dag.py:4180} INFO - Setting next_dagrun for example_task_group_decorator to None, run_after=None
[2025-04-15T23:52:49.704+0700] {processor.py:208} INFO - Processing /home/anhtupham99/NBA-analytics/py_env/lib/python3.11/site-packages/airflow/example_dags/example_task_group_decorator.py took 0.068 seconds
[2025-04-15T23:53:38.355+0700] {processor.py:186} INFO - Started process (PID=306341) to work on /home/anhtupham99/NBA-analytics/py_env/lib/python3.11/site-packages/airflow/example_dags/example_task_group_decorator.py
[2025-04-15T23:53:38.356+0700] {processor.py:914} INFO - Processing file /home/anhtupham99/NBA-analytics/py_env/lib/python3.11/site-packages/airflow/example_dags/example_task_group_decorator.py for tasks to queue
[2025-04-15T23:53:38.358+0700] {logging_mixin.py:190} INFO - [2025-04-15T23:53:38.358+0700] {dagbag.py:588} INFO - Filling up the DagBag from /home/anhtupham99/NBA-analytics/py_env/lib/python3.11/site-packages/airflow/example_dags/example_task_group_decorator.py
[2025-04-15T23:53:38.370+0700] {processor.py:925} INFO - DAG(s) 'example_task_group_decorator' retrieved from /home/anhtupham99/NBA-analytics/py_env/lib/python3.11/site-packages/airflow/example_dags/example_task_group_decorator.py
[2025-04-15T23:53:38.384+0700] {logging_mixin.py:190} INFO - [2025-04-15T23:53:38.384+0700] {dag.py:3239} INFO - Sync 1 DAGs
[2025-04-15T23:53:38.393+0700] {logging_mixin.py:190} INFO - [2025-04-15T23:53:38.393+0700] {dag.py:4180} INFO - Setting next_dagrun for example_task_group_decorator to None, run_after=None
[2025-04-15T23:53:38.417+0700] {processor.py:208} INFO - Processing /home/anhtupham99/NBA-analytics/py_env/lib/python3.11/site-packages/airflow/example_dags/example_task_group_decorator.py took 0.066 seconds
[2025-04-15T23:54:23.653+0700] {processor.py:186} INFO - Started process (PID=307200) to work on /home/anhtupham99/NBA-analytics/py_env/lib/python3.11/site-packages/airflow/example_dags/example_task_group_decorator.py
[2025-04-15T23:54:23.655+0700] {processor.py:914} INFO - Processing file /home/anhtupham99/NBA-analytics/py_env/lib/python3.11/site-packages/airflow/example_dags/example_task_group_decorator.py for tasks to queue
[2025-04-15T23:54:23.657+0700] {logging_mixin.py:190} INFO - [2025-04-15T23:54:23.656+0700] {dagbag.py:588} INFO - Filling up the DagBag from /home/anhtupham99/NBA-analytics/py_env/lib/python3.11/site-packages/airflow/example_dags/example_task_group_decorator.py
[2025-04-15T23:54:23.669+0700] {processor.py:925} INFO - DAG(s) 'example_task_group_decorator' retrieved from /home/anhtupham99/NBA-analytics/py_env/lib/python3.11/site-packages/airflow/example_dags/example_task_group_decorator.py
[2025-04-15T23:54:23.683+0700] {logging_mixin.py:190} INFO - [2025-04-15T23:54:23.683+0700] {dag.py:3239} INFO - Sync 1 DAGs
[2025-04-15T23:54:23.691+0700] {logging_mixin.py:190} INFO - [2025-04-15T23:54:23.691+0700] {dag.py:4180} INFO - Setting next_dagrun for example_task_group_decorator to None, run_after=None
[2025-04-15T23:54:23.716+0700] {processor.py:208} INFO - Processing /home/anhtupham99/NBA-analytics/py_env/lib/python3.11/site-packages/airflow/example_dags/example_task_group_decorator.py took 0.067 seconds
[2025-04-15T23:55:13.100+0700] {processor.py:186} INFO - Started process (PID=308186) to work on /home/anhtupham99/NBA-analytics/py_env/lib/python3.11/site-packages/airflow/example_dags/example_task_group_decorator.py
[2025-04-15T23:55:13.101+0700] {processor.py:914} INFO - Processing file /home/anhtupham99/NBA-analytics/py_env/lib/python3.11/site-packages/airflow/example_dags/example_task_group_decorator.py for tasks to queue
[2025-04-15T23:55:13.103+0700] {logging_mixin.py:190} INFO - [2025-04-15T23:55:13.103+0700] {dagbag.py:588} INFO - Filling up the DagBag from /home/anhtupham99/NBA-analytics/py_env/lib/python3.11/site-packages/airflow/example_dags/example_task_group_decorator.py
[2025-04-15T23:55:13.115+0700] {processor.py:925} INFO - DAG(s) 'example_task_group_decorator' retrieved from /home/anhtupham99/NBA-analytics/py_env/lib/python3.11/site-packages/airflow/example_dags/example_task_group_decorator.py
[2025-04-15T23:55:13.129+0700] {logging_mixin.py:190} INFO - [2025-04-15T23:55:13.129+0700] {dag.py:3239} INFO - Sync 1 DAGs
[2025-04-15T23:55:13.138+0700] {logging_mixin.py:190} INFO - [2025-04-15T23:55:13.137+0700] {dag.py:4180} INFO - Setting next_dagrun for example_task_group_decorator to None, run_after=None
[2025-04-15T23:55:13.158+0700] {processor.py:208} INFO - Processing /home/anhtupham99/NBA-analytics/py_env/lib/python3.11/site-packages/airflow/example_dags/example_task_group_decorator.py took 0.063 seconds
[2025-04-15T23:56:05.352+0700] {processor.py:186} INFO - Started process (PID=311137) to work on /home/anhtupham99/NBA-analytics/py_env/lib/python3.11/site-packages/airflow/example_dags/example_task_group_decorator.py
[2025-04-15T23:56:05.353+0700] {processor.py:914} INFO - Processing file /home/anhtupham99/NBA-analytics/py_env/lib/python3.11/site-packages/airflow/example_dags/example_task_group_decorator.py for tasks to queue
[2025-04-15T23:56:05.355+0700] {logging_mixin.py:190} INFO - [2025-04-15T23:56:05.355+0700] {dagbag.py:588} INFO - Filling up the DagBag from /home/anhtupham99/NBA-analytics/py_env/lib/python3.11/site-packages/airflow/example_dags/example_task_group_decorator.py
[2025-04-15T23:56:05.366+0700] {processor.py:925} INFO - DAG(s) 'example_task_group_decorator' retrieved from /home/anhtupham99/NBA-analytics/py_env/lib/python3.11/site-packages/airflow/example_dags/example_task_group_decorator.py
[2025-04-15T23:56:05.379+0700] {logging_mixin.py:190} INFO - [2025-04-15T23:56:05.379+0700] {dag.py:3239} INFO - Sync 1 DAGs
[2025-04-15T23:56:05.389+0700] {logging_mixin.py:190} INFO - [2025-04-15T23:56:05.388+0700] {dag.py:4180} INFO - Setting next_dagrun for example_task_group_decorator to None, run_after=None
[2025-04-15T23:56:05.413+0700] {processor.py:208} INFO - Processing /home/anhtupham99/NBA-analytics/py_env/lib/python3.11/site-packages/airflow/example_dags/example_task_group_decorator.py took 0.065 seconds
[2025-04-15T23:56:52.350+0700] {processor.py:186} INFO - Started process (PID=312180) to work on /home/anhtupham99/NBA-analytics/py_env/lib/python3.11/site-packages/airflow/example_dags/example_task_group_decorator.py
[2025-04-15T23:56:52.351+0700] {processor.py:914} INFO - Processing file /home/anhtupham99/NBA-analytics/py_env/lib/python3.11/site-packages/airflow/example_dags/example_task_group_decorator.py for tasks to queue
[2025-04-15T23:56:52.354+0700] {logging_mixin.py:190} INFO - [2025-04-15T23:56:52.353+0700] {dagbag.py:588} INFO - Filling up the DagBag from /home/anhtupham99/NBA-analytics/py_env/lib/python3.11/site-packages/airflow/example_dags/example_task_group_decorator.py
[2025-04-15T23:56:52.368+0700] {processor.py:925} INFO - DAG(s) 'example_task_group_decorator' retrieved from /home/anhtupham99/NBA-analytics/py_env/lib/python3.11/site-packages/airflow/example_dags/example_task_group_decorator.py
[2025-04-15T23:56:52.385+0700] {logging_mixin.py:190} INFO - [2025-04-15T23:56:52.384+0700] {dag.py:3239} INFO - Sync 1 DAGs
[2025-04-15T23:56:52.395+0700] {logging_mixin.py:190} INFO - [2025-04-15T23:56:52.395+0700] {dag.py:4180} INFO - Setting next_dagrun for example_task_group_decorator to None, run_after=None
[2025-04-15T23:56:52.420+0700] {processor.py:208} INFO - Processing /home/anhtupham99/NBA-analytics/py_env/lib/python3.11/site-packages/airflow/example_dags/example_task_group_decorator.py took 0.075 seconds
[2025-04-15T23:57:39.562+0700] {processor.py:186} INFO - Started process (PID=313103) to work on /home/anhtupham99/NBA-analytics/py_env/lib/python3.11/site-packages/airflow/example_dags/example_task_group_decorator.py
[2025-04-15T23:57:39.564+0700] {processor.py:914} INFO - Processing file /home/anhtupham99/NBA-analytics/py_env/lib/python3.11/site-packages/airflow/example_dags/example_task_group_decorator.py for tasks to queue
[2025-04-15T23:57:39.567+0700] {logging_mixin.py:190} INFO - [2025-04-15T23:57:39.566+0700] {dagbag.py:588} INFO - Filling up the DagBag from /home/anhtupham99/NBA-analytics/py_env/lib/python3.11/site-packages/airflow/example_dags/example_task_group_decorator.py
[2025-04-15T23:57:39.592+0700] {processor.py:925} INFO - DAG(s) 'example_task_group_decorator' retrieved from /home/anhtupham99/NBA-analytics/py_env/lib/python3.11/site-packages/airflow/example_dags/example_task_group_decorator.py
[2025-04-15T23:57:39.639+0700] {logging_mixin.py:190} INFO - [2025-04-15T23:57:39.638+0700] {dag.py:3239} INFO - Sync 1 DAGs
[2025-04-15T23:57:39.671+0700] {logging_mixin.py:190} INFO - [2025-04-15T23:57:39.670+0700] {dag.py:4180} INFO - Setting next_dagrun for example_task_group_decorator to None, run_after=None
[2025-04-15T23:57:39.711+0700] {processor.py:208} INFO - Processing /home/anhtupham99/NBA-analytics/py_env/lib/python3.11/site-packages/airflow/example_dags/example_task_group_decorator.py took 0.155 seconds
[2025-04-15T23:58:30.422+0700] {processor.py:186} INFO - Started process (PID=314079) to work on /home/anhtupham99/NBA-analytics/py_env/lib/python3.11/site-packages/airflow/example_dags/example_task_group_decorator.py
[2025-04-15T23:58:30.423+0700] {processor.py:914} INFO - Processing file /home/anhtupham99/NBA-analytics/py_env/lib/python3.11/site-packages/airflow/example_dags/example_task_group_decorator.py for tasks to queue
[2025-04-15T23:58:30.425+0700] {logging_mixin.py:190} INFO - [2025-04-15T23:58:30.425+0700] {dagbag.py:588} INFO - Filling up the DagBag from /home/anhtupham99/NBA-analytics/py_env/lib/python3.11/site-packages/airflow/example_dags/example_task_group_decorator.py
[2025-04-15T23:58:30.436+0700] {processor.py:925} INFO - DAG(s) 'example_task_group_decorator' retrieved from /home/anhtupham99/NBA-analytics/py_env/lib/python3.11/site-packages/airflow/example_dags/example_task_group_decorator.py
[2025-04-15T23:58:30.450+0700] {logging_mixin.py:190} INFO - [2025-04-15T23:58:30.450+0700] {dag.py:3239} INFO - Sync 1 DAGs
[2025-04-15T23:58:30.458+0700] {logging_mixin.py:190} INFO - [2025-04-15T23:58:30.458+0700] {dag.py:4180} INFO - Setting next_dagrun for example_task_group_decorator to None, run_after=None
[2025-04-15T23:58:30.480+0700] {processor.py:208} INFO - Processing /home/anhtupham99/NBA-analytics/py_env/lib/python3.11/site-packages/airflow/example_dags/example_task_group_decorator.py took 0.063 seconds
[2025-04-15T23:59:17.796+0700] {processor.py:186} INFO - Started process (PID=315081) to work on /home/anhtupham99/NBA-analytics/py_env/lib/python3.11/site-packages/airflow/example_dags/example_task_group_decorator.py
[2025-04-15T23:59:17.797+0700] {processor.py:914} INFO - Processing file /home/anhtupham99/NBA-analytics/py_env/lib/python3.11/site-packages/airflow/example_dags/example_task_group_decorator.py for tasks to queue
[2025-04-15T23:59:17.800+0700] {logging_mixin.py:190} INFO - [2025-04-15T23:59:17.800+0700] {dagbag.py:588} INFO - Filling up the DagBag from /home/anhtupham99/NBA-analytics/py_env/lib/python3.11/site-packages/airflow/example_dags/example_task_group_decorator.py
[2025-04-15T23:59:17.817+0700] {processor.py:925} INFO - DAG(s) 'example_task_group_decorator' retrieved from /home/anhtupham99/NBA-analytics/py_env/lib/python3.11/site-packages/airflow/example_dags/example_task_group_decorator.py
[2025-04-15T23:59:17.834+0700] {logging_mixin.py:190} INFO - [2025-04-15T23:59:17.834+0700] {dag.py:3239} INFO - Sync 1 DAGs
[2025-04-15T23:59:17.845+0700] {logging_mixin.py:190} INFO - [2025-04-15T23:59:17.845+0700] {dag.py:4180} INFO - Setting next_dagrun for example_task_group_decorator to None, run_after=None
[2025-04-15T23:59:17.869+0700] {processor.py:208} INFO - Processing /home/anhtupham99/NBA-analytics/py_env/lib/python3.11/site-packages/airflow/example_dags/example_task_group_decorator.py took 0.081 seconds
[2025-04-16T00:00:07.963+0700] {processor.py:186} INFO - Started process (PID=316225) to work on /home/anhtupham99/NBA-analytics/py_env/lib/python3.11/site-packages/airflow/example_dags/example_task_group_decorator.py
[2025-04-16T00:00:07.965+0700] {processor.py:914} INFO - Processing file /home/anhtupham99/NBA-analytics/py_env/lib/python3.11/site-packages/airflow/example_dags/example_task_group_decorator.py for tasks to queue
[2025-04-16T00:00:07.966+0700] {logging_mixin.py:190} INFO - [2025-04-16T00:00:07.966+0700] {dagbag.py:588} INFO - Filling up the DagBag from /home/anhtupham99/NBA-analytics/py_env/lib/python3.11/site-packages/airflow/example_dags/example_task_group_decorator.py
[2025-04-16T00:00:07.978+0700] {processor.py:925} INFO - DAG(s) 'example_task_group_decorator' retrieved from /home/anhtupham99/NBA-analytics/py_env/lib/python3.11/site-packages/airflow/example_dags/example_task_group_decorator.py
[2025-04-16T00:00:07.992+0700] {logging_mixin.py:190} INFO - [2025-04-16T00:00:07.992+0700] {dag.py:3239} INFO - Sync 1 DAGs
[2025-04-16T00:00:08.001+0700] {logging_mixin.py:190} INFO - [2025-04-16T00:00:08.001+0700] {dag.py:4180} INFO - Setting next_dagrun for example_task_group_decorator to None, run_after=None
[2025-04-16T00:00:08.025+0700] {processor.py:208} INFO - Processing /home/anhtupham99/NBA-analytics/py_env/lib/python3.11/site-packages/airflow/example_dags/example_task_group_decorator.py took 0.066 seconds
[2025-04-16T00:00:54.756+0700] {processor.py:186} INFO - Started process (PID=317031) to work on /home/anhtupham99/NBA-analytics/py_env/lib/python3.11/site-packages/airflow/example_dags/example_task_group_decorator.py
[2025-04-16T00:00:54.758+0700] {processor.py:914} INFO - Processing file /home/anhtupham99/NBA-analytics/py_env/lib/python3.11/site-packages/airflow/example_dags/example_task_group_decorator.py for tasks to queue
[2025-04-16T00:00:54.760+0700] {logging_mixin.py:190} INFO - [2025-04-16T00:00:54.759+0700] {dagbag.py:588} INFO - Filling up the DagBag from /home/anhtupham99/NBA-analytics/py_env/lib/python3.11/site-packages/airflow/example_dags/example_task_group_decorator.py
[2025-04-16T00:00:54.772+0700] {processor.py:925} INFO - DAG(s) 'example_task_group_decorator' retrieved from /home/anhtupham99/NBA-analytics/py_env/lib/python3.11/site-packages/airflow/example_dags/example_task_group_decorator.py
[2025-04-16T00:00:54.787+0700] {logging_mixin.py:190} INFO - [2025-04-16T00:00:54.786+0700] {dag.py:3239} INFO - Sync 1 DAGs
[2025-04-16T00:00:54.795+0700] {logging_mixin.py:190} INFO - [2025-04-16T00:00:54.795+0700] {dag.py:4180} INFO - Setting next_dagrun for example_task_group_decorator to None, run_after=None
[2025-04-16T00:00:54.819+0700] {processor.py:208} INFO - Processing /home/anhtupham99/NBA-analytics/py_env/lib/python3.11/site-packages/airflow/example_dags/example_task_group_decorator.py took 0.067 seconds
[2025-04-16T00:01:41.765+0700] {processor.py:186} INFO - Started process (PID=317924) to work on /home/anhtupham99/NBA-analytics/py_env/lib/python3.11/site-packages/airflow/example_dags/example_task_group_decorator.py
[2025-04-16T00:01:41.766+0700] {processor.py:914} INFO - Processing file /home/anhtupham99/NBA-analytics/py_env/lib/python3.11/site-packages/airflow/example_dags/example_task_group_decorator.py for tasks to queue
[2025-04-16T00:01:41.768+0700] {logging_mixin.py:190} INFO - [2025-04-16T00:01:41.767+0700] {dagbag.py:588} INFO - Filling up the DagBag from /home/anhtupham99/NBA-analytics/py_env/lib/python3.11/site-packages/airflow/example_dags/example_task_group_decorator.py
[2025-04-16T00:01:41.778+0700] {processor.py:925} INFO - DAG(s) 'example_task_group_decorator' retrieved from /home/anhtupham99/NBA-analytics/py_env/lib/python3.11/site-packages/airflow/example_dags/example_task_group_decorator.py
[2025-04-16T00:01:41.791+0700] {logging_mixin.py:190} INFO - [2025-04-16T00:01:41.791+0700] {dag.py:3239} INFO - Sync 1 DAGs
[2025-04-16T00:01:41.799+0700] {logging_mixin.py:190} INFO - [2025-04-16T00:01:41.799+0700] {dag.py:4180} INFO - Setting next_dagrun for example_task_group_decorator to None, run_after=None
[2025-04-16T00:01:41.822+0700] {processor.py:208} INFO - Processing /home/anhtupham99/NBA-analytics/py_env/lib/python3.11/site-packages/airflow/example_dags/example_task_group_decorator.py took 0.061 seconds
[2025-04-16T00:02:28.285+0700] {processor.py:186} INFO - Started process (PID=318788) to work on /home/anhtupham99/NBA-analytics/py_env/lib/python3.11/site-packages/airflow/example_dags/example_task_group_decorator.py
[2025-04-16T00:02:28.287+0700] {processor.py:914} INFO - Processing file /home/anhtupham99/NBA-analytics/py_env/lib/python3.11/site-packages/airflow/example_dags/example_task_group_decorator.py for tasks to queue
[2025-04-16T00:02:28.289+0700] {logging_mixin.py:190} INFO - [2025-04-16T00:02:28.289+0700] {dagbag.py:588} INFO - Filling up the DagBag from /home/anhtupham99/NBA-analytics/py_env/lib/python3.11/site-packages/airflow/example_dags/example_task_group_decorator.py
[2025-04-16T00:02:28.302+0700] {processor.py:925} INFO - DAG(s) 'example_task_group_decorator' retrieved from /home/anhtupham99/NBA-analytics/py_env/lib/python3.11/site-packages/airflow/example_dags/example_task_group_decorator.py
[2025-04-16T00:02:28.317+0700] {logging_mixin.py:190} INFO - [2025-04-16T00:02:28.317+0700] {dag.py:3239} INFO - Sync 1 DAGs
[2025-04-16T00:02:28.327+0700] {logging_mixin.py:190} INFO - [2025-04-16T00:02:28.327+0700] {dag.py:4180} INFO - Setting next_dagrun for example_task_group_decorator to None, run_after=None
[2025-04-16T00:02:28.353+0700] {processor.py:208} INFO - Processing /home/anhtupham99/NBA-analytics/py_env/lib/python3.11/site-packages/airflow/example_dags/example_task_group_decorator.py took 0.072 seconds
[2025-04-16T00:03:21.594+0700] {processor.py:186} INFO - Started process (PID=319840) to work on /home/anhtupham99/NBA-analytics/py_env/lib/python3.11/site-packages/airflow/example_dags/example_task_group_decorator.py
[2025-04-16T00:03:21.595+0700] {processor.py:914} INFO - Processing file /home/anhtupham99/NBA-analytics/py_env/lib/python3.11/site-packages/airflow/example_dags/example_task_group_decorator.py for tasks to queue
[2025-04-16T00:03:21.597+0700] {logging_mixin.py:190} INFO - [2025-04-16T00:03:21.596+0700] {dagbag.py:588} INFO - Filling up the DagBag from /home/anhtupham99/NBA-analytics/py_env/lib/python3.11/site-packages/airflow/example_dags/example_task_group_decorator.py
[2025-04-16T00:03:21.608+0700] {processor.py:925} INFO - DAG(s) 'example_task_group_decorator' retrieved from /home/anhtupham99/NBA-analytics/py_env/lib/python3.11/site-packages/airflow/example_dags/example_task_group_decorator.py
[2025-04-16T00:03:21.623+0700] {logging_mixin.py:190} INFO - [2025-04-16T00:03:21.623+0700] {dag.py:3239} INFO - Sync 1 DAGs
[2025-04-16T00:03:21.632+0700] {logging_mixin.py:190} INFO - [2025-04-16T00:03:21.632+0700] {dag.py:4180} INFO - Setting next_dagrun for example_task_group_decorator to None, run_after=None
[2025-04-16T00:03:21.654+0700] {processor.py:208} INFO - Processing /home/anhtupham99/NBA-analytics/py_env/lib/python3.11/site-packages/airflow/example_dags/example_task_group_decorator.py took 0.065 seconds
[2025-04-16T00:04:09.087+0700] {processor.py:186} INFO - Started process (PID=320982) to work on /home/anhtupham99/NBA-analytics/py_env/lib/python3.11/site-packages/airflow/example_dags/example_task_group_decorator.py
[2025-04-16T00:04:09.090+0700] {processor.py:914} INFO - Processing file /home/anhtupham99/NBA-analytics/py_env/lib/python3.11/site-packages/airflow/example_dags/example_task_group_decorator.py for tasks to queue
[2025-04-16T00:04:09.093+0700] {logging_mixin.py:190} INFO - [2025-04-16T00:04:09.092+0700] {dagbag.py:588} INFO - Filling up the DagBag from /home/anhtupham99/NBA-analytics/py_env/lib/python3.11/site-packages/airflow/example_dags/example_task_group_decorator.py
[2025-04-16T00:04:09.107+0700] {processor.py:925} INFO - DAG(s) 'example_task_group_decorator' retrieved from /home/anhtupham99/NBA-analytics/py_env/lib/python3.11/site-packages/airflow/example_dags/example_task_group_decorator.py
[2025-04-16T00:04:09.124+0700] {logging_mixin.py:190} INFO - [2025-04-16T00:04:09.124+0700] {dag.py:3239} INFO - Sync 1 DAGs
[2025-04-16T00:04:09.135+0700] {logging_mixin.py:190} INFO - [2025-04-16T00:04:09.134+0700] {dag.py:4180} INFO - Setting next_dagrun for example_task_group_decorator to None, run_after=None
[2025-04-16T00:04:09.165+0700] {processor.py:208} INFO - Processing /home/anhtupham99/NBA-analytics/py_env/lib/python3.11/site-packages/airflow/example_dags/example_task_group_decorator.py took 0.084 seconds
[2025-04-16T00:04:55.085+0700] {processor.py:186} INFO - Started process (PID=321829) to work on /home/anhtupham99/NBA-analytics/py_env/lib/python3.11/site-packages/airflow/example_dags/example_task_group_decorator.py
[2025-04-16T00:04:55.087+0700] {processor.py:914} INFO - Processing file /home/anhtupham99/NBA-analytics/py_env/lib/python3.11/site-packages/airflow/example_dags/example_task_group_decorator.py for tasks to queue
[2025-04-16T00:04:55.088+0700] {logging_mixin.py:190} INFO - [2025-04-16T00:04:55.088+0700] {dagbag.py:588} INFO - Filling up the DagBag from /home/anhtupham99/NBA-analytics/py_env/lib/python3.11/site-packages/airflow/example_dags/example_task_group_decorator.py
[2025-04-16T00:04:55.104+0700] {processor.py:925} INFO - DAG(s) 'example_task_group_decorator' retrieved from /home/anhtupham99/NBA-analytics/py_env/lib/python3.11/site-packages/airflow/example_dags/example_task_group_decorator.py
[2025-04-16T00:04:55.122+0700] {logging_mixin.py:190} INFO - [2025-04-16T00:04:55.121+0700] {dag.py:3239} INFO - Sync 1 DAGs
[2025-04-16T00:04:55.133+0700] {logging_mixin.py:190} INFO - [2025-04-16T00:04:55.132+0700] {dag.py:4180} INFO - Setting next_dagrun for example_task_group_decorator to None, run_after=None
[2025-04-16T00:04:55.157+0700] {processor.py:208} INFO - Processing /home/anhtupham99/NBA-analytics/py_env/lib/python3.11/site-packages/airflow/example_dags/example_task_group_decorator.py took 0.078 seconds
[2025-04-16T00:05:47.309+0700] {processor.py:186} INFO - Started process (PID=322775) to work on /home/anhtupham99/NBA-analytics/py_env/lib/python3.11/site-packages/airflow/example_dags/example_task_group_decorator.py
[2025-04-16T00:05:47.314+0700] {processor.py:914} INFO - Processing file /home/anhtupham99/NBA-analytics/py_env/lib/python3.11/site-packages/airflow/example_dags/example_task_group_decorator.py for tasks to queue
[2025-04-16T00:05:47.316+0700] {logging_mixin.py:190} INFO - [2025-04-16T00:05:47.316+0700] {dagbag.py:588} INFO - Filling up the DagBag from /home/anhtupham99/NBA-analytics/py_env/lib/python3.11/site-packages/airflow/example_dags/example_task_group_decorator.py
[2025-04-16T00:05:47.331+0700] {processor.py:925} INFO - DAG(s) 'example_task_group_decorator' retrieved from /home/anhtupham99/NBA-analytics/py_env/lib/python3.11/site-packages/airflow/example_dags/example_task_group_decorator.py
[2025-04-16T00:05:47.350+0700] {logging_mixin.py:190} INFO - [2025-04-16T00:05:47.349+0700] {dag.py:3239} INFO - Sync 1 DAGs
[2025-04-16T00:05:47.362+0700] {logging_mixin.py:190} INFO - [2025-04-16T00:05:47.362+0700] {dag.py:4180} INFO - Setting next_dagrun for example_task_group_decorator to None, run_after=None
[2025-04-16T00:05:47.389+0700] {processor.py:208} INFO - Processing /home/anhtupham99/NBA-analytics/py_env/lib/python3.11/site-packages/airflow/example_dags/example_task_group_decorator.py took 0.086 seconds
[2025-04-16T00:06:34.231+0700] {processor.py:186} INFO - Started process (PID=323686) to work on /home/anhtupham99/NBA-analytics/py_env/lib/python3.11/site-packages/airflow/example_dags/example_task_group_decorator.py
[2025-04-16T00:06:34.232+0700] {processor.py:914} INFO - Processing file /home/anhtupham99/NBA-analytics/py_env/lib/python3.11/site-packages/airflow/example_dags/example_task_group_decorator.py for tasks to queue
[2025-04-16T00:06:34.234+0700] {logging_mixin.py:190} INFO - [2025-04-16T00:06:34.234+0700] {dagbag.py:588} INFO - Filling up the DagBag from /home/anhtupham99/NBA-analytics/py_env/lib/python3.11/site-packages/airflow/example_dags/example_task_group_decorator.py
[2025-04-16T00:06:34.248+0700] {processor.py:925} INFO - DAG(s) 'example_task_group_decorator' retrieved from /home/anhtupham99/NBA-analytics/py_env/lib/python3.11/site-packages/airflow/example_dags/example_task_group_decorator.py
[2025-04-16T00:06:34.265+0700] {logging_mixin.py:190} INFO - [2025-04-16T00:06:34.265+0700] {dag.py:3239} INFO - Sync 1 DAGs
[2025-04-16T00:06:34.276+0700] {logging_mixin.py:190} INFO - [2025-04-16T00:06:34.276+0700] {dag.py:4180} INFO - Setting next_dagrun for example_task_group_decorator to None, run_after=None
[2025-04-16T00:06:34.303+0700] {processor.py:208} INFO - Processing /home/anhtupham99/NBA-analytics/py_env/lib/python3.11/site-packages/airflow/example_dags/example_task_group_decorator.py took 0.079 seconds
[2025-04-16T00:07:23.569+0700] {processor.py:186} INFO - Started process (PID=324759) to work on /home/anhtupham99/NBA-analytics/py_env/lib/python3.11/site-packages/airflow/example_dags/example_task_group_decorator.py
[2025-04-16T00:07:23.570+0700] {processor.py:914} INFO - Processing file /home/anhtupham99/NBA-analytics/py_env/lib/python3.11/site-packages/airflow/example_dags/example_task_group_decorator.py for tasks to queue
[2025-04-16T00:07:23.572+0700] {logging_mixin.py:190} INFO - [2025-04-16T00:07:23.571+0700] {dagbag.py:588} INFO - Filling up the DagBag from /home/anhtupham99/NBA-analytics/py_env/lib/python3.11/site-packages/airflow/example_dags/example_task_group_decorator.py
[2025-04-16T00:07:23.582+0700] {processor.py:925} INFO - DAG(s) 'example_task_group_decorator' retrieved from /home/anhtupham99/NBA-analytics/py_env/lib/python3.11/site-packages/airflow/example_dags/example_task_group_decorator.py
[2025-04-16T00:07:23.595+0700] {logging_mixin.py:190} INFO - [2025-04-16T00:07:23.595+0700] {dag.py:3239} INFO - Sync 1 DAGs
[2025-04-16T00:07:23.604+0700] {logging_mixin.py:190} INFO - [2025-04-16T00:07:23.604+0700] {dag.py:4180} INFO - Setting next_dagrun for example_task_group_decorator to None, run_after=None
[2025-04-16T00:07:23.633+0700] {processor.py:208} INFO - Processing /home/anhtupham99/NBA-analytics/py_env/lib/python3.11/site-packages/airflow/example_dags/example_task_group_decorator.py took 0.069 seconds
[2025-04-16T00:08:08.251+0700] {processor.py:186} INFO - Started process (PID=325646) to work on /home/anhtupham99/NBA-analytics/py_env/lib/python3.11/site-packages/airflow/example_dags/example_task_group_decorator.py
[2025-04-16T00:08:08.252+0700] {processor.py:914} INFO - Processing file /home/anhtupham99/NBA-analytics/py_env/lib/python3.11/site-packages/airflow/example_dags/example_task_group_decorator.py for tasks to queue
[2025-04-16T00:08:08.255+0700] {logging_mixin.py:190} INFO - [2025-04-16T00:08:08.254+0700] {dagbag.py:588} INFO - Filling up the DagBag from /home/anhtupham99/NBA-analytics/py_env/lib/python3.11/site-packages/airflow/example_dags/example_task_group_decorator.py
[2025-04-16T00:08:08.270+0700] {processor.py:925} INFO - DAG(s) 'example_task_group_decorator' retrieved from /home/anhtupham99/NBA-analytics/py_env/lib/python3.11/site-packages/airflow/example_dags/example_task_group_decorator.py
[2025-04-16T00:08:08.288+0700] {logging_mixin.py:190} INFO - [2025-04-16T00:08:08.287+0700] {dag.py:3239} INFO - Sync 1 DAGs
[2025-04-16T00:08:08.299+0700] {logging_mixin.py:190} INFO - [2025-04-16T00:08:08.299+0700] {dag.py:4180} INFO - Setting next_dagrun for example_task_group_decorator to None, run_after=None
[2025-04-16T00:08:08.325+0700] {processor.py:208} INFO - Processing /home/anhtupham99/NBA-analytics/py_env/lib/python3.11/site-packages/airflow/example_dags/example_task_group_decorator.py took 0.080 seconds
[2025-04-16T00:08:56.585+0700] {processor.py:186} INFO - Started process (PID=326492) to work on /home/anhtupham99/NBA-analytics/py_env/lib/python3.11/site-packages/airflow/example_dags/example_task_group_decorator.py
[2025-04-16T00:08:56.586+0700] {processor.py:914} INFO - Processing file /home/anhtupham99/NBA-analytics/py_env/lib/python3.11/site-packages/airflow/example_dags/example_task_group_decorator.py for tasks to queue
[2025-04-16T00:08:56.589+0700] {logging_mixin.py:190} INFO - [2025-04-16T00:08:56.588+0700] {dagbag.py:588} INFO - Filling up the DagBag from /home/anhtupham99/NBA-analytics/py_env/lib/python3.11/site-packages/airflow/example_dags/example_task_group_decorator.py
[2025-04-16T00:08:56.605+0700] {processor.py:925} INFO - DAG(s) 'example_task_group_decorator' retrieved from /home/anhtupham99/NBA-analytics/py_env/lib/python3.11/site-packages/airflow/example_dags/example_task_group_decorator.py
[2025-04-16T00:08:56.624+0700] {logging_mixin.py:190} INFO - [2025-04-16T00:08:56.624+0700] {dag.py:3239} INFO - Sync 1 DAGs
[2025-04-16T00:08:56.636+0700] {logging_mixin.py:190} INFO - [2025-04-16T00:08:56.636+0700] {dag.py:4180} INFO - Setting next_dagrun for example_task_group_decorator to None, run_after=None
[2025-04-16T00:08:56.667+0700] {processor.py:208} INFO - Processing /home/anhtupham99/NBA-analytics/py_env/lib/python3.11/site-packages/airflow/example_dags/example_task_group_decorator.py took 0.087 seconds
[2025-04-16T00:09:44.404+0700] {processor.py:186} INFO - Started process (PID=327619) to work on /home/anhtupham99/NBA-analytics/py_env/lib/python3.11/site-packages/airflow/example_dags/example_task_group_decorator.py
[2025-04-16T00:09:44.405+0700] {processor.py:914} INFO - Processing file /home/anhtupham99/NBA-analytics/py_env/lib/python3.11/site-packages/airflow/example_dags/example_task_group_decorator.py for tasks to queue
[2025-04-16T00:09:44.408+0700] {logging_mixin.py:190} INFO - [2025-04-16T00:09:44.407+0700] {dagbag.py:588} INFO - Filling up the DagBag from /home/anhtupham99/NBA-analytics/py_env/lib/python3.11/site-packages/airflow/example_dags/example_task_group_decorator.py
[2025-04-16T00:09:44.427+0700] {processor.py:925} INFO - DAG(s) 'example_task_group_decorator' retrieved from /home/anhtupham99/NBA-analytics/py_env/lib/python3.11/site-packages/airflow/example_dags/example_task_group_decorator.py
[2025-04-16T00:09:44.447+0700] {logging_mixin.py:190} INFO - [2025-04-16T00:09:44.447+0700] {dag.py:3239} INFO - Sync 1 DAGs
[2025-04-16T00:09:44.459+0700] {logging_mixin.py:190} INFO - [2025-04-16T00:09:44.459+0700] {dag.py:4180} INFO - Setting next_dagrun for example_task_group_decorator to None, run_after=None
[2025-04-16T00:09:44.489+0700] {processor.py:208} INFO - Processing /home/anhtupham99/NBA-analytics/py_env/lib/python3.11/site-packages/airflow/example_dags/example_task_group_decorator.py took 0.093 seconds
[2025-04-16T00:10:31.944+0700] {processor.py:186} INFO - Started process (PID=328687) to work on /home/anhtupham99/NBA-analytics/py_env/lib/python3.11/site-packages/airflow/example_dags/example_task_group_decorator.py
[2025-04-16T00:10:31.946+0700] {processor.py:914} INFO - Processing file /home/anhtupham99/NBA-analytics/py_env/lib/python3.11/site-packages/airflow/example_dags/example_task_group_decorator.py for tasks to queue
[2025-04-16T00:10:31.947+0700] {logging_mixin.py:190} INFO - [2025-04-16T00:10:31.947+0700] {dagbag.py:588} INFO - Filling up the DagBag from /home/anhtupham99/NBA-analytics/py_env/lib/python3.11/site-packages/airflow/example_dags/example_task_group_decorator.py
[2025-04-16T00:10:31.959+0700] {processor.py:925} INFO - DAG(s) 'example_task_group_decorator' retrieved from /home/anhtupham99/NBA-analytics/py_env/lib/python3.11/site-packages/airflow/example_dags/example_task_group_decorator.py
[2025-04-16T00:10:31.974+0700] {logging_mixin.py:190} INFO - [2025-04-16T00:10:31.974+0700] {dag.py:3239} INFO - Sync 1 DAGs
[2025-04-16T00:10:31.984+0700] {logging_mixin.py:190} INFO - [2025-04-16T00:10:31.984+0700] {dag.py:4180} INFO - Setting next_dagrun for example_task_group_decorator to None, run_after=None
[2025-04-16T00:10:32.011+0700] {processor.py:208} INFO - Processing /home/anhtupham99/NBA-analytics/py_env/lib/python3.11/site-packages/airflow/example_dags/example_task_group_decorator.py took 0.072 seconds
[2025-04-16T00:11:20.621+0700] {processor.py:186} INFO - Started process (PID=329742) to work on /home/anhtupham99/NBA-analytics/py_env/lib/python3.11/site-packages/airflow/example_dags/example_task_group_decorator.py
[2025-04-16T00:11:20.624+0700] {processor.py:914} INFO - Processing file /home/anhtupham99/NBA-analytics/py_env/lib/python3.11/site-packages/airflow/example_dags/example_task_group_decorator.py for tasks to queue
[2025-04-16T00:11:20.626+0700] {logging_mixin.py:190} INFO - [2025-04-16T00:11:20.625+0700] {dagbag.py:588} INFO - Filling up the DagBag from /home/anhtupham99/NBA-analytics/py_env/lib/python3.11/site-packages/airflow/example_dags/example_task_group_decorator.py
[2025-04-16T00:11:20.637+0700] {processor.py:925} INFO - DAG(s) 'example_task_group_decorator' retrieved from /home/anhtupham99/NBA-analytics/py_env/lib/python3.11/site-packages/airflow/example_dags/example_task_group_decorator.py
[2025-04-16T00:11:20.651+0700] {logging_mixin.py:190} INFO - [2025-04-16T00:11:20.651+0700] {dag.py:3239} INFO - Sync 1 DAGs
[2025-04-16T00:11:20.660+0700] {logging_mixin.py:190} INFO - [2025-04-16T00:11:20.660+0700] {dag.py:4180} INFO - Setting next_dagrun for example_task_group_decorator to None, run_after=None
[2025-04-16T00:11:20.685+0700] {processor.py:208} INFO - Processing /home/anhtupham99/NBA-analytics/py_env/lib/python3.11/site-packages/airflow/example_dags/example_task_group_decorator.py took 0.069 seconds
[2025-04-16T00:12:07.293+0700] {processor.py:186} INFO - Started process (PID=330916) to work on /home/anhtupham99/NBA-analytics/py_env/lib/python3.11/site-packages/airflow/example_dags/example_task_group_decorator.py
[2025-04-16T00:12:07.295+0700] {processor.py:914} INFO - Processing file /home/anhtupham99/NBA-analytics/py_env/lib/python3.11/site-packages/airflow/example_dags/example_task_group_decorator.py for tasks to queue
[2025-04-16T00:12:07.299+0700] {logging_mixin.py:190} INFO - [2025-04-16T00:12:07.298+0700] {dagbag.py:588} INFO - Filling up the DagBag from /home/anhtupham99/NBA-analytics/py_env/lib/python3.11/site-packages/airflow/example_dags/example_task_group_decorator.py
[2025-04-16T00:12:07.317+0700] {processor.py:925} INFO - DAG(s) 'example_task_group_decorator' retrieved from /home/anhtupham99/NBA-analytics/py_env/lib/python3.11/site-packages/airflow/example_dags/example_task_group_decorator.py
[2025-04-16T00:12:07.339+0700] {logging_mixin.py:190} INFO - [2025-04-16T00:12:07.339+0700] {dag.py:3239} INFO - Sync 1 DAGs
[2025-04-16T00:12:07.355+0700] {logging_mixin.py:190} INFO - [2025-04-16T00:12:07.354+0700] {dag.py:4180} INFO - Setting next_dagrun for example_task_group_decorator to None, run_after=None
[2025-04-16T00:12:07.392+0700] {processor.py:208} INFO - Processing /home/anhtupham99/NBA-analytics/py_env/lib/python3.11/site-packages/airflow/example_dags/example_task_group_decorator.py took 0.107 seconds
[2025-04-16T00:12:53.302+0700] {processor.py:186} INFO - Started process (PID=332549) to work on /home/anhtupham99/NBA-analytics/py_env/lib/python3.11/site-packages/airflow/example_dags/example_task_group_decorator.py
[2025-04-16T00:12:53.306+0700] {processor.py:914} INFO - Processing file /home/anhtupham99/NBA-analytics/py_env/lib/python3.11/site-packages/airflow/example_dags/example_task_group_decorator.py for tasks to queue
[2025-04-16T00:12:53.307+0700] {logging_mixin.py:190} INFO - [2025-04-16T00:12:53.307+0700] {dagbag.py:588} INFO - Filling up the DagBag from /home/anhtupham99/NBA-analytics/py_env/lib/python3.11/site-packages/airflow/example_dags/example_task_group_decorator.py
[2025-04-16T00:12:53.318+0700] {processor.py:925} INFO - DAG(s) 'example_task_group_decorator' retrieved from /home/anhtupham99/NBA-analytics/py_env/lib/python3.11/site-packages/airflow/example_dags/example_task_group_decorator.py
[2025-04-16T00:12:53.332+0700] {logging_mixin.py:190} INFO - [2025-04-16T00:12:53.332+0700] {dag.py:3239} INFO - Sync 1 DAGs
[2025-04-16T00:12:53.344+0700] {logging_mixin.py:190} INFO - [2025-04-16T00:12:53.343+0700] {dag.py:4180} INFO - Setting next_dagrun for example_task_group_decorator to None, run_after=None
[2025-04-16T00:12:53.378+0700] {processor.py:208} INFO - Processing /home/anhtupham99/NBA-analytics/py_env/lib/python3.11/site-packages/airflow/example_dags/example_task_group_decorator.py took 0.081 seconds
[2025-04-16T00:13:43.657+0700] {processor.py:186} INFO - Started process (PID=334139) to work on /home/anhtupham99/NBA-analytics/py_env/lib/python3.11/site-packages/airflow/example_dags/example_task_group_decorator.py
[2025-04-16T00:13:43.659+0700] {processor.py:914} INFO - Processing file /home/anhtupham99/NBA-analytics/py_env/lib/python3.11/site-packages/airflow/example_dags/example_task_group_decorator.py for tasks to queue
[2025-04-16T00:13:43.662+0700] {logging_mixin.py:190} INFO - [2025-04-16T00:13:43.661+0700] {dagbag.py:588} INFO - Filling up the DagBag from /home/anhtupham99/NBA-analytics/py_env/lib/python3.11/site-packages/airflow/example_dags/example_task_group_decorator.py
[2025-04-16T00:13:43.694+0700] {processor.py:925} INFO - DAG(s) 'example_task_group_decorator' retrieved from /home/anhtupham99/NBA-analytics/py_env/lib/python3.11/site-packages/airflow/example_dags/example_task_group_decorator.py
[2025-04-16T00:13:43.727+0700] {logging_mixin.py:190} INFO - [2025-04-16T00:13:43.727+0700] {dag.py:3239} INFO - Sync 1 DAGs
[2025-04-16T00:13:43.744+0700] {logging_mixin.py:190} INFO - [2025-04-16T00:13:43.744+0700] {dag.py:4180} INFO - Setting next_dagrun for example_task_group_decorator to None, run_after=None
[2025-04-16T00:13:43.778+0700] {processor.py:208} INFO - Processing /home/anhtupham99/NBA-analytics/py_env/lib/python3.11/site-packages/airflow/example_dags/example_task_group_decorator.py took 0.130 seconds
[2025-04-16T00:14:33.720+0700] {processor.py:186} INFO - Started process (PID=336170) to work on /home/anhtupham99/NBA-analytics/py_env/lib/python3.11/site-packages/airflow/example_dags/example_task_group_decorator.py
[2025-04-16T00:14:33.724+0700] {processor.py:914} INFO - Processing file /home/anhtupham99/NBA-analytics/py_env/lib/python3.11/site-packages/airflow/example_dags/example_task_group_decorator.py for tasks to queue
[2025-04-16T00:14:33.726+0700] {logging_mixin.py:190} INFO - [2025-04-16T00:14:33.726+0700] {dagbag.py:588} INFO - Filling up the DagBag from /home/anhtupham99/NBA-analytics/py_env/lib/python3.11/site-packages/airflow/example_dags/example_task_group_decorator.py
[2025-04-16T00:14:33.737+0700] {processor.py:925} INFO - DAG(s) 'example_task_group_decorator' retrieved from /home/anhtupham99/NBA-analytics/py_env/lib/python3.11/site-packages/airflow/example_dags/example_task_group_decorator.py
[2025-04-16T00:14:33.750+0700] {logging_mixin.py:190} INFO - [2025-04-16T00:14:33.750+0700] {dag.py:3239} INFO - Sync 1 DAGs
[2025-04-16T00:14:33.758+0700] {logging_mixin.py:190} INFO - [2025-04-16T00:14:33.758+0700] {dag.py:4180} INFO - Setting next_dagrun for example_task_group_decorator to None, run_after=None
[2025-04-16T00:14:33.780+0700] {processor.py:208} INFO - Processing /home/anhtupham99/NBA-analytics/py_env/lib/python3.11/site-packages/airflow/example_dags/example_task_group_decorator.py took 0.064 seconds
[2025-04-16T00:15:22.395+0700] {processor.py:186} INFO - Started process (PID=338264) to work on /home/anhtupham99/NBA-analytics/py_env/lib/python3.11/site-packages/airflow/example_dags/example_task_group_decorator.py
[2025-04-16T00:15:22.396+0700] {processor.py:914} INFO - Processing file /home/anhtupham99/NBA-analytics/py_env/lib/python3.11/site-packages/airflow/example_dags/example_task_group_decorator.py for tasks to queue
[2025-04-16T00:15:22.397+0700] {logging_mixin.py:190} INFO - [2025-04-16T00:15:22.397+0700] {dagbag.py:588} INFO - Filling up the DagBag from /home/anhtupham99/NBA-analytics/py_env/lib/python3.11/site-packages/airflow/example_dags/example_task_group_decorator.py
[2025-04-16T00:15:22.410+0700] {processor.py:925} INFO - DAG(s) 'example_task_group_decorator' retrieved from /home/anhtupham99/NBA-analytics/py_env/lib/python3.11/site-packages/airflow/example_dags/example_task_group_decorator.py
[2025-04-16T00:15:22.425+0700] {logging_mixin.py:190} INFO - [2025-04-16T00:15:22.425+0700] {dag.py:3239} INFO - Sync 1 DAGs
[2025-04-16T00:15:22.435+0700] {logging_mixin.py:190} INFO - [2025-04-16T00:15:22.434+0700] {dag.py:4180} INFO - Setting next_dagrun for example_task_group_decorator to None, run_after=None
[2025-04-16T00:15:22.457+0700] {processor.py:208} INFO - Processing /home/anhtupham99/NBA-analytics/py_env/lib/python3.11/site-packages/airflow/example_dags/example_task_group_decorator.py took 0.067 seconds
[2025-04-16T00:16:12.578+0700] {processor.py:186} INFO - Started process (PID=341047) to work on /home/anhtupham99/NBA-analytics/py_env/lib/python3.11/site-packages/airflow/example_dags/example_task_group_decorator.py
[2025-04-16T00:16:12.579+0700] {processor.py:914} INFO - Processing file /home/anhtupham99/NBA-analytics/py_env/lib/python3.11/site-packages/airflow/example_dags/example_task_group_decorator.py for tasks to queue
[2025-04-16T00:16:12.581+0700] {logging_mixin.py:190} INFO - [2025-04-16T00:16:12.581+0700] {dagbag.py:588} INFO - Filling up the DagBag from /home/anhtupham99/NBA-analytics/py_env/lib/python3.11/site-packages/airflow/example_dags/example_task_group_decorator.py
[2025-04-16T00:16:12.593+0700] {processor.py:925} INFO - DAG(s) 'example_task_group_decorator' retrieved from /home/anhtupham99/NBA-analytics/py_env/lib/python3.11/site-packages/airflow/example_dags/example_task_group_decorator.py
[2025-04-16T00:16:12.611+0700] {logging_mixin.py:190} INFO - [2025-04-16T00:16:12.611+0700] {dag.py:3239} INFO - Sync 1 DAGs
[2025-04-16T00:16:12.622+0700] {logging_mixin.py:190} INFO - [2025-04-16T00:16:12.622+0700] {dag.py:4180} INFO - Setting next_dagrun for example_task_group_decorator to None, run_after=None
[2025-04-16T00:16:12.645+0700] {processor.py:208} INFO - Processing /home/anhtupham99/NBA-analytics/py_env/lib/python3.11/site-packages/airflow/example_dags/example_task_group_decorator.py took 0.072 seconds
[2025-04-16T00:17:03.277+0700] {processor.py:186} INFO - Started process (PID=343366) to work on /home/anhtupham99/NBA-analytics/py_env/lib/python3.11/site-packages/airflow/example_dags/example_task_group_decorator.py
[2025-04-16T00:17:03.278+0700] {processor.py:914} INFO - Processing file /home/anhtupham99/NBA-analytics/py_env/lib/python3.11/site-packages/airflow/example_dags/example_task_group_decorator.py for tasks to queue
[2025-04-16T00:17:03.280+0700] {logging_mixin.py:190} INFO - [2025-04-16T00:17:03.279+0700] {dagbag.py:588} INFO - Filling up the DagBag from /home/anhtupham99/NBA-analytics/py_env/lib/python3.11/site-packages/airflow/example_dags/example_task_group_decorator.py
[2025-04-16T00:17:03.293+0700] {processor.py:925} INFO - DAG(s) 'example_task_group_decorator' retrieved from /home/anhtupham99/NBA-analytics/py_env/lib/python3.11/site-packages/airflow/example_dags/example_task_group_decorator.py
[2025-04-16T00:17:03.308+0700] {logging_mixin.py:190} INFO - [2025-04-16T00:17:03.308+0700] {dag.py:3239} INFO - Sync 1 DAGs
[2025-04-16T00:17:03.318+0700] {logging_mixin.py:190} INFO - [2025-04-16T00:17:03.317+0700] {dag.py:4180} INFO - Setting next_dagrun for example_task_group_decorator to None, run_after=None
[2025-04-16T00:17:03.339+0700] {processor.py:208} INFO - Processing /home/anhtupham99/NBA-analytics/py_env/lib/python3.11/site-packages/airflow/example_dags/example_task_group_decorator.py took 0.068 seconds
[2025-04-16T00:17:52.285+0700] {processor.py:186} INFO - Started process (PID=345155) to work on /home/anhtupham99/NBA-analytics/py_env/lib/python3.11/site-packages/airflow/example_dags/example_task_group_decorator.py
[2025-04-16T00:17:52.286+0700] {processor.py:914} INFO - Processing file /home/anhtupham99/NBA-analytics/py_env/lib/python3.11/site-packages/airflow/example_dags/example_task_group_decorator.py for tasks to queue
[2025-04-16T00:17:52.288+0700] {logging_mixin.py:190} INFO - [2025-04-16T00:17:52.288+0700] {dagbag.py:588} INFO - Filling up the DagBag from /home/anhtupham99/NBA-analytics/py_env/lib/python3.11/site-packages/airflow/example_dags/example_task_group_decorator.py
[2025-04-16T00:17:52.298+0700] {processor.py:925} INFO - DAG(s) 'example_task_group_decorator' retrieved from /home/anhtupham99/NBA-analytics/py_env/lib/python3.11/site-packages/airflow/example_dags/example_task_group_decorator.py
[2025-04-16T00:17:52.312+0700] {logging_mixin.py:190} INFO - [2025-04-16T00:17:52.312+0700] {dag.py:3239} INFO - Sync 1 DAGs
[2025-04-16T00:17:52.320+0700] {logging_mixin.py:190} INFO - [2025-04-16T00:17:52.320+0700] {dag.py:4180} INFO - Setting next_dagrun for example_task_group_decorator to None, run_after=None
[2025-04-16T00:17:52.343+0700] {processor.py:208} INFO - Processing /home/anhtupham99/NBA-analytics/py_env/lib/python3.11/site-packages/airflow/example_dags/example_task_group_decorator.py took 0.062 seconds
[2025-04-16T00:18:42.027+0700] {processor.py:186} INFO - Started process (PID=347867) to work on /home/anhtupham99/NBA-analytics/py_env/lib/python3.11/site-packages/airflow/example_dags/example_task_group_decorator.py
[2025-04-16T00:18:42.029+0700] {processor.py:914} INFO - Processing file /home/anhtupham99/NBA-analytics/py_env/lib/python3.11/site-packages/airflow/example_dags/example_task_group_decorator.py for tasks to queue
[2025-04-16T00:18:42.032+0700] {logging_mixin.py:190} INFO - [2025-04-16T00:18:42.032+0700] {dagbag.py:588} INFO - Filling up the DagBag from /home/anhtupham99/NBA-analytics/py_env/lib/python3.11/site-packages/airflow/example_dags/example_task_group_decorator.py
[2025-04-16T00:18:42.050+0700] {processor.py:925} INFO - DAG(s) 'example_task_group_decorator' retrieved from /home/anhtupham99/NBA-analytics/py_env/lib/python3.11/site-packages/airflow/example_dags/example_task_group_decorator.py
[2025-04-16T00:18:42.071+0700] {logging_mixin.py:190} INFO - [2025-04-16T00:18:42.071+0700] {dag.py:3239} INFO - Sync 1 DAGs
[2025-04-16T00:18:42.085+0700] {logging_mixin.py:190} INFO - [2025-04-16T00:18:42.085+0700] {dag.py:4180} INFO - Setting next_dagrun for example_task_group_decorator to None, run_after=None
[2025-04-16T00:18:42.124+0700] {processor.py:208} INFO - Processing /home/anhtupham99/NBA-analytics/py_env/lib/python3.11/site-packages/airflow/example_dags/example_task_group_decorator.py took 0.102 seconds
[2025-04-16T00:19:33.248+0700] {processor.py:186} INFO - Started process (PID=350089) to work on /home/anhtupham99/NBA-analytics/py_env/lib/python3.11/site-packages/airflow/example_dags/example_task_group_decorator.py
[2025-04-16T00:19:33.250+0700] {processor.py:914} INFO - Processing file /home/anhtupham99/NBA-analytics/py_env/lib/python3.11/site-packages/airflow/example_dags/example_task_group_decorator.py for tasks to queue
[2025-04-16T00:19:33.252+0700] {logging_mixin.py:190} INFO - [2025-04-16T00:19:33.251+0700] {dagbag.py:588} INFO - Filling up the DagBag from /home/anhtupham99/NBA-analytics/py_env/lib/python3.11/site-packages/airflow/example_dags/example_task_group_decorator.py
[2025-04-16T00:19:33.266+0700] {processor.py:925} INFO - DAG(s) 'example_task_group_decorator' retrieved from /home/anhtupham99/NBA-analytics/py_env/lib/python3.11/site-packages/airflow/example_dags/example_task_group_decorator.py
[2025-04-16T00:19:33.283+0700] {logging_mixin.py:190} INFO - [2025-04-16T00:19:33.283+0700] {dag.py:3239} INFO - Sync 1 DAGs
[2025-04-16T00:19:33.294+0700] {logging_mixin.py:190} INFO - [2025-04-16T00:19:33.293+0700] {dag.py:4180} INFO - Setting next_dagrun for example_task_group_decorator to None, run_after=None
[2025-04-16T00:19:33.321+0700] {processor.py:208} INFO - Processing /home/anhtupham99/NBA-analytics/py_env/lib/python3.11/site-packages/airflow/example_dags/example_task_group_decorator.py took 0.079 seconds
[2025-04-16T00:20:21.129+0700] {processor.py:186} INFO - Started process (PID=351731) to work on /home/anhtupham99/NBA-analytics/py_env/lib/python3.11/site-packages/airflow/example_dags/example_task_group_decorator.py
[2025-04-16T00:20:21.130+0700] {processor.py:914} INFO - Processing file /home/anhtupham99/NBA-analytics/py_env/lib/python3.11/site-packages/airflow/example_dags/example_task_group_decorator.py for tasks to queue
[2025-04-16T00:20:21.132+0700] {logging_mixin.py:190} INFO - [2025-04-16T00:20:21.132+0700] {dagbag.py:588} INFO - Filling up the DagBag from /home/anhtupham99/NBA-analytics/py_env/lib/python3.11/site-packages/airflow/example_dags/example_task_group_decorator.py
[2025-04-16T00:20:21.143+0700] {processor.py:925} INFO - DAG(s) 'example_task_group_decorator' retrieved from /home/anhtupham99/NBA-analytics/py_env/lib/python3.11/site-packages/airflow/example_dags/example_task_group_decorator.py
[2025-04-16T00:20:21.157+0700] {logging_mixin.py:190} INFO - [2025-04-16T00:20:21.157+0700] {dag.py:3239} INFO - Sync 1 DAGs
[2025-04-16T00:20:21.166+0700] {logging_mixin.py:190} INFO - [2025-04-16T00:20:21.165+0700] {dag.py:4180} INFO - Setting next_dagrun for example_task_group_decorator to None, run_after=None
[2025-04-16T00:20:21.188+0700] {processor.py:208} INFO - Processing /home/anhtupham99/NBA-analytics/py_env/lib/python3.11/site-packages/airflow/example_dags/example_task_group_decorator.py took 0.064 seconds
[2025-04-16T00:21:10.712+0700] {processor.py:186} INFO - Started process (PID=353798) to work on /home/anhtupham99/NBA-analytics/py_env/lib/python3.11/site-packages/airflow/example_dags/example_task_group_decorator.py
[2025-04-16T00:21:10.717+0700] {processor.py:914} INFO - Processing file /home/anhtupham99/NBA-analytics/py_env/lib/python3.11/site-packages/airflow/example_dags/example_task_group_decorator.py for tasks to queue
[2025-04-16T00:21:10.719+0700] {logging_mixin.py:190} INFO - [2025-04-16T00:21:10.718+0700] {dagbag.py:588} INFO - Filling up the DagBag from /home/anhtupham99/NBA-analytics/py_env/lib/python3.11/site-packages/airflow/example_dags/example_task_group_decorator.py
[2025-04-16T00:21:10.733+0700] {processor.py:925} INFO - DAG(s) 'example_task_group_decorator' retrieved from /home/anhtupham99/NBA-analytics/py_env/lib/python3.11/site-packages/airflow/example_dags/example_task_group_decorator.py
[2025-04-16T00:21:10.754+0700] {logging_mixin.py:190} INFO - [2025-04-16T00:21:10.754+0700] {dag.py:3239} INFO - Sync 1 DAGs
[2025-04-16T00:21:10.768+0700] {logging_mixin.py:190} INFO - [2025-04-16T00:21:10.768+0700] {dag.py:4180} INFO - Setting next_dagrun for example_task_group_decorator to None, run_after=None
[2025-04-16T00:21:10.795+0700] {processor.py:208} INFO - Processing /home/anhtupham99/NBA-analytics/py_env/lib/python3.11/site-packages/airflow/example_dags/example_task_group_decorator.py took 0.088 seconds
[2025-04-16T00:22:00.916+0700] {processor.py:186} INFO - Started process (PID=355663) to work on /home/anhtupham99/NBA-analytics/py_env/lib/python3.11/site-packages/airflow/example_dags/example_task_group_decorator.py
[2025-04-16T00:22:00.918+0700] {processor.py:914} INFO - Processing file /home/anhtupham99/NBA-analytics/py_env/lib/python3.11/site-packages/airflow/example_dags/example_task_group_decorator.py for tasks to queue
[2025-04-16T00:22:00.920+0700] {logging_mixin.py:190} INFO - [2025-04-16T00:22:00.919+0700] {dagbag.py:588} INFO - Filling up the DagBag from /home/anhtupham99/NBA-analytics/py_env/lib/python3.11/site-packages/airflow/example_dags/example_task_group_decorator.py
[2025-04-16T00:22:00.936+0700] {processor.py:925} INFO - DAG(s) 'example_task_group_decorator' retrieved from /home/anhtupham99/NBA-analytics/py_env/lib/python3.11/site-packages/airflow/example_dags/example_task_group_decorator.py
[2025-04-16T00:22:00.954+0700] {logging_mixin.py:190} INFO - [2025-04-16T00:22:00.954+0700] {dag.py:3239} INFO - Sync 1 DAGs
[2025-04-16T00:22:00.963+0700] {logging_mixin.py:190} INFO - [2025-04-16T00:22:00.963+0700] {dag.py:4180} INFO - Setting next_dagrun for example_task_group_decorator to None, run_after=None
[2025-04-16T00:22:00.986+0700] {processor.py:208} INFO - Processing /home/anhtupham99/NBA-analytics/py_env/lib/python3.11/site-packages/airflow/example_dags/example_task_group_decorator.py took 0.075 seconds
[2025-04-16T00:22:55.152+0700] {processor.py:186} INFO - Started process (PID=357317) to work on /home/anhtupham99/NBA-analytics/py_env/lib/python3.11/site-packages/airflow/example_dags/example_task_group_decorator.py
[2025-04-16T00:22:55.153+0700] {processor.py:914} INFO - Processing file /home/anhtupham99/NBA-analytics/py_env/lib/python3.11/site-packages/airflow/example_dags/example_task_group_decorator.py for tasks to queue
[2025-04-16T00:22:55.155+0700] {logging_mixin.py:190} INFO - [2025-04-16T00:22:55.155+0700] {dagbag.py:588} INFO - Filling up the DagBag from /home/anhtupham99/NBA-analytics/py_env/lib/python3.11/site-packages/airflow/example_dags/example_task_group_decorator.py
[2025-04-16T00:22:55.167+0700] {processor.py:925} INFO - DAG(s) 'example_task_group_decorator' retrieved from /home/anhtupham99/NBA-analytics/py_env/lib/python3.11/site-packages/airflow/example_dags/example_task_group_decorator.py
[2025-04-16T00:22:55.181+0700] {logging_mixin.py:190} INFO - [2025-04-16T00:22:55.181+0700] {dag.py:3239} INFO - Sync 1 DAGs
[2025-04-16T00:22:55.190+0700] {logging_mixin.py:190} INFO - [2025-04-16T00:22:55.190+0700] {dag.py:4180} INFO - Setting next_dagrun for example_task_group_decorator to None, run_after=None
[2025-04-16T00:22:55.212+0700] {processor.py:208} INFO - Processing /home/anhtupham99/NBA-analytics/py_env/lib/python3.11/site-packages/airflow/example_dags/example_task_group_decorator.py took 0.066 seconds
[2025-04-16T00:23:37.479+0700] {processor.py:186} INFO - Started process (PID=358666) to work on /home/anhtupham99/NBA-analytics/py_env/lib/python3.11/site-packages/airflow/example_dags/example_task_group_decorator.py
[2025-04-16T00:23:37.481+0700] {processor.py:914} INFO - Processing file /home/anhtupham99/NBA-analytics/py_env/lib/python3.11/site-packages/airflow/example_dags/example_task_group_decorator.py for tasks to queue
[2025-04-16T00:23:37.483+0700] {logging_mixin.py:190} INFO - [2025-04-16T00:23:37.482+0700] {dagbag.py:588} INFO - Filling up the DagBag from /home/anhtupham99/NBA-analytics/py_env/lib/python3.11/site-packages/airflow/example_dags/example_task_group_decorator.py
[2025-04-16T00:23:37.496+0700] {processor.py:925} INFO - DAG(s) 'example_task_group_decorator' retrieved from /home/anhtupham99/NBA-analytics/py_env/lib/python3.11/site-packages/airflow/example_dags/example_task_group_decorator.py
[2025-04-16T00:23:37.512+0700] {logging_mixin.py:190} INFO - [2025-04-16T00:23:37.512+0700] {dag.py:3239} INFO - Sync 1 DAGs
[2025-04-16T00:23:37.523+0700] {logging_mixin.py:190} INFO - [2025-04-16T00:23:37.523+0700] {dag.py:4180} INFO - Setting next_dagrun for example_task_group_decorator to None, run_after=None
[2025-04-16T00:23:37.549+0700] {processor.py:208} INFO - Processing /home/anhtupham99/NBA-analytics/py_env/lib/python3.11/site-packages/airflow/example_dags/example_task_group_decorator.py took 0.075 seconds
[2025-04-16T00:24:28.213+0700] {processor.py:186} INFO - Started process (PID=360620) to work on /home/anhtupham99/NBA-analytics/py_env/lib/python3.11/site-packages/airflow/example_dags/example_task_group_decorator.py
[2025-04-16T00:24:28.215+0700] {processor.py:914} INFO - Processing file /home/anhtupham99/NBA-analytics/py_env/lib/python3.11/site-packages/airflow/example_dags/example_task_group_decorator.py for tasks to queue
[2025-04-16T00:24:28.217+0700] {logging_mixin.py:190} INFO - [2025-04-16T00:24:28.217+0700] {dagbag.py:588} INFO - Filling up the DagBag from /home/anhtupham99/NBA-analytics/py_env/lib/python3.11/site-packages/airflow/example_dags/example_task_group_decorator.py
[2025-04-16T00:24:28.230+0700] {processor.py:925} INFO - DAG(s) 'example_task_group_decorator' retrieved from /home/anhtupham99/NBA-analytics/py_env/lib/python3.11/site-packages/airflow/example_dags/example_task_group_decorator.py
[2025-04-16T00:24:28.245+0700] {logging_mixin.py:190} INFO - [2025-04-16T00:24:28.245+0700] {dag.py:3239} INFO - Sync 1 DAGs
[2025-04-16T00:24:28.255+0700] {logging_mixin.py:190} INFO - [2025-04-16T00:24:28.255+0700] {dag.py:4180} INFO - Setting next_dagrun for example_task_group_decorator to None, run_after=None
[2025-04-16T00:24:28.292+0700] {processor.py:208} INFO - Processing /home/anhtupham99/NBA-analytics/py_env/lib/python3.11/site-packages/airflow/example_dags/example_task_group_decorator.py took 0.084 seconds
[2025-04-16T00:25:18.505+0700] {processor.py:186} INFO - Started process (PID=362833) to work on /home/anhtupham99/NBA-analytics/py_env/lib/python3.11/site-packages/airflow/example_dags/example_task_group_decorator.py
[2025-04-16T00:25:18.507+0700] {processor.py:914} INFO - Processing file /home/anhtupham99/NBA-analytics/py_env/lib/python3.11/site-packages/airflow/example_dags/example_task_group_decorator.py for tasks to queue
[2025-04-16T00:25:18.509+0700] {logging_mixin.py:190} INFO - [2025-04-16T00:25:18.509+0700] {dagbag.py:588} INFO - Filling up the DagBag from /home/anhtupham99/NBA-analytics/py_env/lib/python3.11/site-packages/airflow/example_dags/example_task_group_decorator.py
[2025-04-16T00:25:18.522+0700] {processor.py:925} INFO - DAG(s) 'example_task_group_decorator' retrieved from /home/anhtupham99/NBA-analytics/py_env/lib/python3.11/site-packages/airflow/example_dags/example_task_group_decorator.py
[2025-04-16T00:25:18.539+0700] {logging_mixin.py:190} INFO - [2025-04-16T00:25:18.538+0700] {dag.py:3239} INFO - Sync 1 DAGs
[2025-04-16T00:25:18.553+0700] {logging_mixin.py:190} INFO - [2025-04-16T00:25:18.553+0700] {dag.py:4180} INFO - Setting next_dagrun for example_task_group_decorator to None, run_after=None
[2025-04-16T00:25:18.581+0700] {processor.py:208} INFO - Processing /home/anhtupham99/NBA-analytics/py_env/lib/python3.11/site-packages/airflow/example_dags/example_task_group_decorator.py took 0.081 seconds
[2025-04-16T00:26:04.769+0700] {processor.py:186} INFO - Started process (PID=364262) to work on /home/anhtupham99/NBA-analytics/py_env/lib/python3.11/site-packages/airflow/example_dags/example_task_group_decorator.py
[2025-04-16T00:26:04.770+0700] {processor.py:914} INFO - Processing file /home/anhtupham99/NBA-analytics/py_env/lib/python3.11/site-packages/airflow/example_dags/example_task_group_decorator.py for tasks to queue
[2025-04-16T00:26:04.773+0700] {logging_mixin.py:190} INFO - [2025-04-16T00:26:04.772+0700] {dagbag.py:588} INFO - Filling up the DagBag from /home/anhtupham99/NBA-analytics/py_env/lib/python3.11/site-packages/airflow/example_dags/example_task_group_decorator.py
[2025-04-16T00:26:04.786+0700] {processor.py:925} INFO - DAG(s) 'example_task_group_decorator' retrieved from /home/anhtupham99/NBA-analytics/py_env/lib/python3.11/site-packages/airflow/example_dags/example_task_group_decorator.py
[2025-04-16T00:26:04.806+0700] {logging_mixin.py:190} INFO - [2025-04-16T00:26:04.806+0700] {dag.py:3239} INFO - Sync 1 DAGs
[2025-04-16T00:26:04.820+0700] {logging_mixin.py:190} INFO - [2025-04-16T00:26:04.819+0700] {dag.py:4180} INFO - Setting next_dagrun for example_task_group_decorator to None, run_after=None
[2025-04-16T00:26:04.849+0700] {processor.py:208} INFO - Processing /home/anhtupham99/NBA-analytics/py_env/lib/python3.11/site-packages/airflow/example_dags/example_task_group_decorator.py took 0.085 seconds
[2025-04-16T00:26:54.596+0700] {processor.py:186} INFO - Started process (PID=365334) to work on /home/anhtupham99/NBA-analytics/py_env/lib/python3.11/site-packages/airflow/example_dags/example_task_group_decorator.py
[2025-04-16T00:26:54.598+0700] {processor.py:914} INFO - Processing file /home/anhtupham99/NBA-analytics/py_env/lib/python3.11/site-packages/airflow/example_dags/example_task_group_decorator.py for tasks to queue
[2025-04-16T00:26:54.599+0700] {logging_mixin.py:190} INFO - [2025-04-16T00:26:54.599+0700] {dagbag.py:588} INFO - Filling up the DagBag from /home/anhtupham99/NBA-analytics/py_env/lib/python3.11/site-packages/airflow/example_dags/example_task_group_decorator.py
[2025-04-16T00:26:54.613+0700] {processor.py:925} INFO - DAG(s) 'example_task_group_decorator' retrieved from /home/anhtupham99/NBA-analytics/py_env/lib/python3.11/site-packages/airflow/example_dags/example_task_group_decorator.py
[2025-04-16T00:26:54.629+0700] {logging_mixin.py:190} INFO - [2025-04-16T00:26:54.629+0700] {dag.py:3239} INFO - Sync 1 DAGs
[2025-04-16T00:26:54.639+0700] {logging_mixin.py:190} INFO - [2025-04-16T00:26:54.639+0700] {dag.py:4180} INFO - Setting next_dagrun for example_task_group_decorator to None, run_after=None
[2025-04-16T00:26:54.664+0700] {processor.py:208} INFO - Processing /home/anhtupham99/NBA-analytics/py_env/lib/python3.11/site-packages/airflow/example_dags/example_task_group_decorator.py took 0.072 seconds
[2025-04-16T00:27:41.337+0700] {processor.py:186} INFO - Started process (PID=366483) to work on /home/anhtupham99/NBA-analytics/py_env/lib/python3.11/site-packages/airflow/example_dags/example_task_group_decorator.py
[2025-04-16T00:27:41.339+0700] {processor.py:914} INFO - Processing file /home/anhtupham99/NBA-analytics/py_env/lib/python3.11/site-packages/airflow/example_dags/example_task_group_decorator.py for tasks to queue
[2025-04-16T00:27:41.340+0700] {logging_mixin.py:190} INFO - [2025-04-16T00:27:41.340+0700] {dagbag.py:588} INFO - Filling up the DagBag from /home/anhtupham99/NBA-analytics/py_env/lib/python3.11/site-packages/airflow/example_dags/example_task_group_decorator.py
[2025-04-16T00:27:41.354+0700] {processor.py:925} INFO - DAG(s) 'example_task_group_decorator' retrieved from /home/anhtupham99/NBA-analytics/py_env/lib/python3.11/site-packages/airflow/example_dags/example_task_group_decorator.py
[2025-04-16T00:27:41.372+0700] {logging_mixin.py:190} INFO - [2025-04-16T00:27:41.371+0700] {dag.py:3239} INFO - Sync 1 DAGs
[2025-04-16T00:27:41.381+0700] {logging_mixin.py:190} INFO - [2025-04-16T00:27:41.381+0700] {dag.py:4180} INFO - Setting next_dagrun for example_task_group_decorator to None, run_after=None
[2025-04-16T00:27:41.402+0700] {processor.py:208} INFO - Processing /home/anhtupham99/NBA-analytics/py_env/lib/python3.11/site-packages/airflow/example_dags/example_task_group_decorator.py took 0.069 seconds
[2025-04-16T00:28:29.168+0700] {processor.py:186} INFO - Started process (PID=367785) to work on /home/anhtupham99/NBA-analytics/py_env/lib/python3.11/site-packages/airflow/example_dags/example_task_group_decorator.py
[2025-04-16T00:28:29.169+0700] {processor.py:914} INFO - Processing file /home/anhtupham99/NBA-analytics/py_env/lib/python3.11/site-packages/airflow/example_dags/example_task_group_decorator.py for tasks to queue
[2025-04-16T00:28:29.172+0700] {logging_mixin.py:190} INFO - [2025-04-16T00:28:29.172+0700] {dagbag.py:588} INFO - Filling up the DagBag from /home/anhtupham99/NBA-analytics/py_env/lib/python3.11/site-packages/airflow/example_dags/example_task_group_decorator.py
[2025-04-16T00:28:29.186+0700] {processor.py:925} INFO - DAG(s) 'example_task_group_decorator' retrieved from /home/anhtupham99/NBA-analytics/py_env/lib/python3.11/site-packages/airflow/example_dags/example_task_group_decorator.py
[2025-04-16T00:28:29.204+0700] {logging_mixin.py:190} INFO - [2025-04-16T00:28:29.203+0700] {dag.py:3239} INFO - Sync 1 DAGs
[2025-04-16T00:28:29.215+0700] {logging_mixin.py:190} INFO - [2025-04-16T00:28:29.215+0700] {dag.py:4180} INFO - Setting next_dagrun for example_task_group_decorator to None, run_after=None
[2025-04-16T00:28:29.242+0700] {processor.py:208} INFO - Processing /home/anhtupham99/NBA-analytics/py_env/lib/python3.11/site-packages/airflow/example_dags/example_task_group_decorator.py took 0.080 seconds
[2025-04-16T00:29:16.921+0700] {processor.py:186} INFO - Started process (PID=368835) to work on /home/anhtupham99/NBA-analytics/py_env/lib/python3.11/site-packages/airflow/example_dags/example_task_group_decorator.py
[2025-04-16T00:29:16.922+0700] {processor.py:914} INFO - Processing file /home/anhtupham99/NBA-analytics/py_env/lib/python3.11/site-packages/airflow/example_dags/example_task_group_decorator.py for tasks to queue
[2025-04-16T00:29:16.924+0700] {logging_mixin.py:190} INFO - [2025-04-16T00:29:16.924+0700] {dagbag.py:588} INFO - Filling up the DagBag from /home/anhtupham99/NBA-analytics/py_env/lib/python3.11/site-packages/airflow/example_dags/example_task_group_decorator.py
[2025-04-16T00:29:16.935+0700] {processor.py:925} INFO - DAG(s) 'example_task_group_decorator' retrieved from /home/anhtupham99/NBA-analytics/py_env/lib/python3.11/site-packages/airflow/example_dags/example_task_group_decorator.py
[2025-04-16T00:29:16.948+0700] {logging_mixin.py:190} INFO - [2025-04-16T00:29:16.948+0700] {dag.py:3239} INFO - Sync 1 DAGs
[2025-04-16T00:29:16.956+0700] {logging_mixin.py:190} INFO - [2025-04-16T00:29:16.956+0700] {dag.py:4180} INFO - Setting next_dagrun for example_task_group_decorator to None, run_after=None
[2025-04-16T00:29:16.978+0700] {processor.py:208} INFO - Processing /home/anhtupham99/NBA-analytics/py_env/lib/python3.11/site-packages/airflow/example_dags/example_task_group_decorator.py took 0.064 seconds
[2025-04-16T00:30:05.636+0700] {processor.py:186} INFO - Started process (PID=370003) to work on /home/anhtupham99/NBA-analytics/py_env/lib/python3.11/site-packages/airflow/example_dags/example_task_group_decorator.py
[2025-04-16T00:30:05.637+0700] {processor.py:914} INFO - Processing file /home/anhtupham99/NBA-analytics/py_env/lib/python3.11/site-packages/airflow/example_dags/example_task_group_decorator.py for tasks to queue
[2025-04-16T00:30:05.640+0700] {logging_mixin.py:190} INFO - [2025-04-16T00:30:05.639+0700] {dagbag.py:588} INFO - Filling up the DagBag from /home/anhtupham99/NBA-analytics/py_env/lib/python3.11/site-packages/airflow/example_dags/example_task_group_decorator.py
[2025-04-16T00:30:05.653+0700] {processor.py:925} INFO - DAG(s) 'example_task_group_decorator' retrieved from /home/anhtupham99/NBA-analytics/py_env/lib/python3.11/site-packages/airflow/example_dags/example_task_group_decorator.py
[2025-04-16T00:30:05.667+0700] {logging_mixin.py:190} INFO - [2025-04-16T00:30:05.666+0700] {dag.py:3239} INFO - Sync 1 DAGs
[2025-04-16T00:30:05.675+0700] {logging_mixin.py:190} INFO - [2025-04-16T00:30:05.674+0700] {dag.py:4180} INFO - Setting next_dagrun for example_task_group_decorator to None, run_after=None
[2025-04-16T00:30:05.701+0700] {processor.py:208} INFO - Processing /home/anhtupham99/NBA-analytics/py_env/lib/python3.11/site-packages/airflow/example_dags/example_task_group_decorator.py took 0.071 seconds
[2025-04-16T00:30:53.548+0700] {processor.py:186} INFO - Started process (PID=371389) to work on /home/anhtupham99/NBA-analytics/py_env/lib/python3.11/site-packages/airflow/example_dags/example_task_group_decorator.py
[2025-04-16T00:30:53.550+0700] {processor.py:914} INFO - Processing file /home/anhtupham99/NBA-analytics/py_env/lib/python3.11/site-packages/airflow/example_dags/example_task_group_decorator.py for tasks to queue
[2025-04-16T00:30:53.551+0700] {logging_mixin.py:190} INFO - [2025-04-16T00:30:53.551+0700] {dagbag.py:588} INFO - Filling up the DagBag from /home/anhtupham99/NBA-analytics/py_env/lib/python3.11/site-packages/airflow/example_dags/example_task_group_decorator.py
[2025-04-16T00:30:53.561+0700] {processor.py:925} INFO - DAG(s) 'example_task_group_decorator' retrieved from /home/anhtupham99/NBA-analytics/py_env/lib/python3.11/site-packages/airflow/example_dags/example_task_group_decorator.py
[2025-04-16T00:30:53.574+0700] {logging_mixin.py:190} INFO - [2025-04-16T00:30:53.574+0700] {dag.py:3239} INFO - Sync 1 DAGs
[2025-04-16T00:30:53.582+0700] {logging_mixin.py:190} INFO - [2025-04-16T00:30:53.582+0700] {dag.py:4180} INFO - Setting next_dagrun for example_task_group_decorator to None, run_after=None
[2025-04-16T00:30:53.604+0700] {processor.py:208} INFO - Processing /home/anhtupham99/NBA-analytics/py_env/lib/python3.11/site-packages/airflow/example_dags/example_task_group_decorator.py took 0.059 seconds
[2025-04-16T00:31:38.571+0700] {processor.py:186} INFO - Started process (PID=372486) to work on /home/anhtupham99/NBA-analytics/py_env/lib/python3.11/site-packages/airflow/example_dags/example_task_group_decorator.py
[2025-04-16T00:31:38.572+0700] {processor.py:914} INFO - Processing file /home/anhtupham99/NBA-analytics/py_env/lib/python3.11/site-packages/airflow/example_dags/example_task_group_decorator.py for tasks to queue
[2025-04-16T00:31:38.574+0700] {logging_mixin.py:190} INFO - [2025-04-16T00:31:38.574+0700] {dagbag.py:588} INFO - Filling up the DagBag from /home/anhtupham99/NBA-analytics/py_env/lib/python3.11/site-packages/airflow/example_dags/example_task_group_decorator.py
[2025-04-16T00:31:38.585+0700] {processor.py:925} INFO - DAG(s) 'example_task_group_decorator' retrieved from /home/anhtupham99/NBA-analytics/py_env/lib/python3.11/site-packages/airflow/example_dags/example_task_group_decorator.py
[2025-04-16T00:31:38.598+0700] {logging_mixin.py:190} INFO - [2025-04-16T00:31:38.597+0700] {dag.py:3239} INFO - Sync 1 DAGs
[2025-04-16T00:31:38.606+0700] {logging_mixin.py:190} INFO - [2025-04-16T00:31:38.606+0700] {dag.py:4180} INFO - Setting next_dagrun for example_task_group_decorator to None, run_after=None
[2025-04-16T00:31:38.631+0700] {processor.py:208} INFO - Processing /home/anhtupham99/NBA-analytics/py_env/lib/python3.11/site-packages/airflow/example_dags/example_task_group_decorator.py took 0.064 seconds
[2025-04-16T00:32:23.442+0700] {processor.py:186} INFO - Started process (PID=373617) to work on /home/anhtupham99/NBA-analytics/py_env/lib/python3.11/site-packages/airflow/example_dags/example_task_group_decorator.py
[2025-04-16T00:32:23.443+0700] {processor.py:914} INFO - Processing file /home/anhtupham99/NBA-analytics/py_env/lib/python3.11/site-packages/airflow/example_dags/example_task_group_decorator.py for tasks to queue
[2025-04-16T00:32:23.445+0700] {logging_mixin.py:190} INFO - [2025-04-16T00:32:23.444+0700] {dagbag.py:588} INFO - Filling up the DagBag from /home/anhtupham99/NBA-analytics/py_env/lib/python3.11/site-packages/airflow/example_dags/example_task_group_decorator.py
[2025-04-16T00:32:23.457+0700] {processor.py:925} INFO - DAG(s) 'example_task_group_decorator' retrieved from /home/anhtupham99/NBA-analytics/py_env/lib/python3.11/site-packages/airflow/example_dags/example_task_group_decorator.py
[2025-04-16T00:32:23.473+0700] {logging_mixin.py:190} INFO - [2025-04-16T00:32:23.473+0700] {dag.py:3239} INFO - Sync 1 DAGs
[2025-04-16T00:32:23.482+0700] {logging_mixin.py:190} INFO - [2025-04-16T00:32:23.482+0700] {dag.py:4180} INFO - Setting next_dagrun for example_task_group_decorator to None, run_after=None
[2025-04-16T00:32:23.509+0700] {processor.py:208} INFO - Processing /home/anhtupham99/NBA-analytics/py_env/lib/python3.11/site-packages/airflow/example_dags/example_task_group_decorator.py took 0.073 seconds
[2025-04-16T00:33:11.163+0700] {processor.py:186} INFO - Started process (PID=374770) to work on /home/anhtupham99/NBA-analytics/py_env/lib/python3.11/site-packages/airflow/example_dags/example_task_group_decorator.py
[2025-04-16T00:33:11.166+0700] {processor.py:914} INFO - Processing file /home/anhtupham99/NBA-analytics/py_env/lib/python3.11/site-packages/airflow/example_dags/example_task_group_decorator.py for tasks to queue
[2025-04-16T00:33:11.168+0700] {logging_mixin.py:190} INFO - [2025-04-16T00:33:11.168+0700] {dagbag.py:588} INFO - Filling up the DagBag from /home/anhtupham99/NBA-analytics/py_env/lib/python3.11/site-packages/airflow/example_dags/example_task_group_decorator.py
[2025-04-16T00:33:11.179+0700] {processor.py:925} INFO - DAG(s) 'example_task_group_decorator' retrieved from /home/anhtupham99/NBA-analytics/py_env/lib/python3.11/site-packages/airflow/example_dags/example_task_group_decorator.py
[2025-04-16T00:33:11.193+0700] {logging_mixin.py:190} INFO - [2025-04-16T00:33:11.193+0700] {dag.py:3239} INFO - Sync 1 DAGs
[2025-04-16T00:33:11.202+0700] {logging_mixin.py:190} INFO - [2025-04-16T00:33:11.201+0700] {dag.py:4180} INFO - Setting next_dagrun for example_task_group_decorator to None, run_after=None
[2025-04-16T00:33:11.225+0700] {processor.py:208} INFO - Processing /home/anhtupham99/NBA-analytics/py_env/lib/python3.11/site-packages/airflow/example_dags/example_task_group_decorator.py took 0.067 seconds
[2025-04-16T00:33:57.636+0700] {processor.py:186} INFO - Started process (PID=375841) to work on /home/anhtupham99/NBA-analytics/py_env/lib/python3.11/site-packages/airflow/example_dags/example_task_group_decorator.py
[2025-04-16T00:33:57.638+0700] {processor.py:914} INFO - Processing file /home/anhtupham99/NBA-analytics/py_env/lib/python3.11/site-packages/airflow/example_dags/example_task_group_decorator.py for tasks to queue
[2025-04-16T00:33:57.639+0700] {logging_mixin.py:190} INFO - [2025-04-16T00:33:57.639+0700] {dagbag.py:588} INFO - Filling up the DagBag from /home/anhtupham99/NBA-analytics/py_env/lib/python3.11/site-packages/airflow/example_dags/example_task_group_decorator.py
[2025-04-16T00:33:57.649+0700] {processor.py:925} INFO - DAG(s) 'example_task_group_decorator' retrieved from /home/anhtupham99/NBA-analytics/py_env/lib/python3.11/site-packages/airflow/example_dags/example_task_group_decorator.py
[2025-04-16T00:33:57.665+0700] {logging_mixin.py:190} INFO - [2025-04-16T00:33:57.665+0700] {dag.py:3239} INFO - Sync 1 DAGs
[2025-04-16T00:33:57.675+0700] {logging_mixin.py:190} INFO - [2025-04-16T00:33:57.675+0700] {dag.py:4180} INFO - Setting next_dagrun for example_task_group_decorator to None, run_after=None
[2025-04-16T00:33:57.698+0700] {processor.py:208} INFO - Processing /home/anhtupham99/NBA-analytics/py_env/lib/python3.11/site-packages/airflow/example_dags/example_task_group_decorator.py took 0.066 seconds
[2025-04-16T00:34:47.863+0700] {processor.py:186} INFO - Started process (PID=376947) to work on /home/anhtupham99/NBA-analytics/py_env/lib/python3.11/site-packages/airflow/example_dags/example_task_group_decorator.py
[2025-04-16T00:34:47.864+0700] {processor.py:914} INFO - Processing file /home/anhtupham99/NBA-analytics/py_env/lib/python3.11/site-packages/airflow/example_dags/example_task_group_decorator.py for tasks to queue
[2025-04-16T00:34:47.866+0700] {logging_mixin.py:190} INFO - [2025-04-16T00:34:47.865+0700] {dagbag.py:588} INFO - Filling up the DagBag from /home/anhtupham99/NBA-analytics/py_env/lib/python3.11/site-packages/airflow/example_dags/example_task_group_decorator.py
[2025-04-16T00:34:47.877+0700] {processor.py:925} INFO - DAG(s) 'example_task_group_decorator' retrieved from /home/anhtupham99/NBA-analytics/py_env/lib/python3.11/site-packages/airflow/example_dags/example_task_group_decorator.py
[2025-04-16T00:34:47.891+0700] {logging_mixin.py:190} INFO - [2025-04-16T00:34:47.890+0700] {dag.py:3239} INFO - Sync 1 DAGs
[2025-04-16T00:34:47.899+0700] {logging_mixin.py:190} INFO - [2025-04-16T00:34:47.899+0700] {dag.py:4180} INFO - Setting next_dagrun for example_task_group_decorator to None, run_after=None
[2025-04-16T00:34:47.922+0700] {processor.py:208} INFO - Processing /home/anhtupham99/NBA-analytics/py_env/lib/python3.11/site-packages/airflow/example_dags/example_task_group_decorator.py took 0.064 seconds
[2025-04-16T00:35:32.386+0700] {processor.py:186} INFO - Started process (PID=378168) to work on /home/anhtupham99/NBA-analytics/py_env/lib/python3.11/site-packages/airflow/example_dags/example_task_group_decorator.py
[2025-04-16T00:35:32.387+0700] {processor.py:914} INFO - Processing file /home/anhtupham99/NBA-analytics/py_env/lib/python3.11/site-packages/airflow/example_dags/example_task_group_decorator.py for tasks to queue
[2025-04-16T00:35:32.389+0700] {logging_mixin.py:190} INFO - [2025-04-16T00:35:32.389+0700] {dagbag.py:588} INFO - Filling up the DagBag from /home/anhtupham99/NBA-analytics/py_env/lib/python3.11/site-packages/airflow/example_dags/example_task_group_decorator.py
[2025-04-16T00:35:32.401+0700] {processor.py:925} INFO - DAG(s) 'example_task_group_decorator' retrieved from /home/anhtupham99/NBA-analytics/py_env/lib/python3.11/site-packages/airflow/example_dags/example_task_group_decorator.py
[2025-04-16T00:35:32.416+0700] {logging_mixin.py:190} INFO - [2025-04-16T00:35:32.416+0700] {dag.py:3239} INFO - Sync 1 DAGs
[2025-04-16T00:35:32.425+0700] {logging_mixin.py:190} INFO - [2025-04-16T00:35:32.425+0700] {dag.py:4180} INFO - Setting next_dagrun for example_task_group_decorator to None, run_after=None
[2025-04-16T00:35:32.449+0700] {processor.py:208} INFO - Processing /home/anhtupham99/NBA-analytics/py_env/lib/python3.11/site-packages/airflow/example_dags/example_task_group_decorator.py took 0.068 seconds
[2025-04-16T00:36:22.370+0700] {processor.py:186} INFO - Started process (PID=379381) to work on /home/anhtupham99/NBA-analytics/py_env/lib/python3.11/site-packages/airflow/example_dags/example_task_group_decorator.py
[2025-04-16T00:36:22.371+0700] {processor.py:914} INFO - Processing file /home/anhtupham99/NBA-analytics/py_env/lib/python3.11/site-packages/airflow/example_dags/example_task_group_decorator.py for tasks to queue
[2025-04-16T00:36:22.373+0700] {logging_mixin.py:190} INFO - [2025-04-16T00:36:22.373+0700] {dagbag.py:588} INFO - Filling up the DagBag from /home/anhtupham99/NBA-analytics/py_env/lib/python3.11/site-packages/airflow/example_dags/example_task_group_decorator.py
[2025-04-16T00:36:22.386+0700] {processor.py:925} INFO - DAG(s) 'example_task_group_decorator' retrieved from /home/anhtupham99/NBA-analytics/py_env/lib/python3.11/site-packages/airflow/example_dags/example_task_group_decorator.py
[2025-04-16T00:36:22.402+0700] {logging_mixin.py:190} INFO - [2025-04-16T00:36:22.401+0700] {dag.py:3239} INFO - Sync 1 DAGs
[2025-04-16T00:36:22.410+0700] {logging_mixin.py:190} INFO - [2025-04-16T00:36:22.410+0700] {dag.py:4180} INFO - Setting next_dagrun for example_task_group_decorator to None, run_after=None
[2025-04-16T00:36:22.434+0700] {processor.py:208} INFO - Processing /home/anhtupham99/NBA-analytics/py_env/lib/python3.11/site-packages/airflow/example_dags/example_task_group_decorator.py took 0.068 seconds
[2025-04-16T00:37:07.811+0700] {processor.py:186} INFO - Started process (PID=380807) to work on /home/anhtupham99/NBA-analytics/py_env/lib/python3.11/site-packages/airflow/example_dags/example_task_group_decorator.py
[2025-04-16T00:37:07.813+0700] {processor.py:914} INFO - Processing file /home/anhtupham99/NBA-analytics/py_env/lib/python3.11/site-packages/airflow/example_dags/example_task_group_decorator.py for tasks to queue
[2025-04-16T00:37:07.814+0700] {logging_mixin.py:190} INFO - [2025-04-16T00:37:07.814+0700] {dagbag.py:588} INFO - Filling up the DagBag from /home/anhtupham99/NBA-analytics/py_env/lib/python3.11/site-packages/airflow/example_dags/example_task_group_decorator.py
[2025-04-16T00:37:07.825+0700] {processor.py:925} INFO - DAG(s) 'example_task_group_decorator' retrieved from /home/anhtupham99/NBA-analytics/py_env/lib/python3.11/site-packages/airflow/example_dags/example_task_group_decorator.py
[2025-04-16T00:37:07.838+0700] {logging_mixin.py:190} INFO - [2025-04-16T00:37:07.838+0700] {dag.py:3239} INFO - Sync 1 DAGs
[2025-04-16T00:37:07.846+0700] {logging_mixin.py:190} INFO - [2025-04-16T00:37:07.846+0700] {dag.py:4180} INFO - Setting next_dagrun for example_task_group_decorator to None, run_after=None
[2025-04-16T00:37:07.870+0700] {processor.py:208} INFO - Processing /home/anhtupham99/NBA-analytics/py_env/lib/python3.11/site-packages/airflow/example_dags/example_task_group_decorator.py took 0.064 seconds
[2025-04-16T00:37:57.363+0700] {processor.py:186} INFO - Started process (PID=381917) to work on /home/anhtupham99/NBA-analytics/py_env/lib/python3.11/site-packages/airflow/example_dags/example_task_group_decorator.py
[2025-04-16T00:37:57.367+0700] {processor.py:914} INFO - Processing file /home/anhtupham99/NBA-analytics/py_env/lib/python3.11/site-packages/airflow/example_dags/example_task_group_decorator.py for tasks to queue
[2025-04-16T00:37:57.368+0700] {logging_mixin.py:190} INFO - [2025-04-16T00:37:57.368+0700] {dagbag.py:588} INFO - Filling up the DagBag from /home/anhtupham99/NBA-analytics/py_env/lib/python3.11/site-packages/airflow/example_dags/example_task_group_decorator.py
[2025-04-16T00:37:57.379+0700] {processor.py:925} INFO - DAG(s) 'example_task_group_decorator' retrieved from /home/anhtupham99/NBA-analytics/py_env/lib/python3.11/site-packages/airflow/example_dags/example_task_group_decorator.py
[2025-04-16T00:37:57.393+0700] {logging_mixin.py:190} INFO - [2025-04-16T00:37:57.393+0700] {dag.py:3239} INFO - Sync 1 DAGs
[2025-04-16T00:37:57.403+0700] {logging_mixin.py:190} INFO - [2025-04-16T00:37:57.403+0700] {dag.py:4180} INFO - Setting next_dagrun for example_task_group_decorator to None, run_after=None
[2025-04-16T00:37:57.427+0700] {processor.py:208} INFO - Processing /home/anhtupham99/NBA-analytics/py_env/lib/python3.11/site-packages/airflow/example_dags/example_task_group_decorator.py took 0.068 seconds
