[2025-04-15T23:46:38.544+0700] {processor.py:186} INFO - Started process (PID=297582) to work on /home/anhtupham99/NBA-analytics/py_env/lib/python3.11/site-packages/airflow/example_dags/example_params_ui_tutorial.py
[2025-04-15T23:46:38.544+0700] {processor.py:914} INFO - Processing file /home/anhtupham99/NBA-analytics/py_env/lib/python3.11/site-packages/airflow/example_dags/example_params_ui_tutorial.py for tasks to queue
[2025-04-15T23:46:38.547+0700] {logging_mixin.py:190} INFO - [2025-04-15T23:46:38.546+0700] {dagbag.py:588} INFO - Filling up the DagBag from /home/anhtupham99/NBA-analytics/py_env/lib/python3.11/site-packages/airflow/example_dags/example_params_ui_tutorial.py
[2025-04-15T23:46:38.554+0700] {processor.py:925} INFO - DAG(s) 'example_params_ui_tutorial' retrieved from /home/anhtupham99/NBA-analytics/py_env/lib/python3.11/site-packages/airflow/example_dags/example_params_ui_tutorial.py
[2025-04-15T23:46:38.679+0700] {logging_mixin.py:190} INFO - [2025-04-15T23:46:38.678+0700] {override.py:1912} INFO - Created Permission View: can delete on DAG:example_params_ui_tutorial
[2025-04-15T23:46:38.697+0700] {logging_mixin.py:190} INFO - [2025-04-15T23:46:38.696+0700] {override.py:1912} INFO - Created Permission View: can edit on DAG:example_params_ui_tutorial
[2025-04-15T23:46:38.711+0700] {logging_mixin.py:190} INFO - [2025-04-15T23:46:38.710+0700] {override.py:1912} INFO - Created Permission View: can read on DAG:example_params_ui_tutorial
[2025-04-15T23:46:38.736+0700] {logging_mixin.py:190} INFO - [2025-04-15T23:46:38.736+0700] {override.py:1912} INFO - Created Permission View: can create on DAG Run:example_params_ui_tutorial
[2025-04-15T23:46:38.750+0700] {logging_mixin.py:190} INFO - [2025-04-15T23:46:38.749+0700] {override.py:1912} INFO - Created Permission View: can delete on DAG Run:example_params_ui_tutorial
[2025-04-15T23:46:38.764+0700] {logging_mixin.py:190} INFO - [2025-04-15T23:46:38.764+0700] {override.py:1912} INFO - Created Permission View: menu access on DAG Run:example_params_ui_tutorial
[2025-04-15T23:46:38.779+0700] {logging_mixin.py:190} INFO - [2025-04-15T23:46:38.778+0700] {override.py:1912} INFO - Created Permission View: can read on DAG Run:example_params_ui_tutorial
[2025-04-15T23:46:38.779+0700] {logging_mixin.py:190} INFO - [2025-04-15T23:46:38.779+0700] {dag.py:3239} INFO - Sync 1 DAGs
[2025-04-15T23:46:38.789+0700] {logging_mixin.py:190} INFO - [2025-04-15T23:46:38.788+0700] {dag.py:3262} INFO - Creating ORM DAG for example_params_ui_tutorial
[2025-04-15T23:46:38.789+0700] {logging_mixin.py:190} INFO - [2025-04-15T23:46:38.789+0700] {dag.py:4180} INFO - Setting next_dagrun for example_params_ui_tutorial to None, run_after=None
[2025-04-15T23:46:38.816+0700] {processor.py:208} INFO - Processing /home/anhtupham99/NBA-analytics/py_env/lib/python3.11/site-packages/airflow/example_dags/example_params_ui_tutorial.py took 0.277 seconds
[2025-04-15T23:47:43.704+0700] {processor.py:186} INFO - Started process (PID=299010) to work on /home/anhtupham99/NBA-analytics/py_env/lib/python3.11/site-packages/airflow/example_dags/example_params_ui_tutorial.py
[2025-04-15T23:47:43.705+0700] {processor.py:914} INFO - Processing file /home/anhtupham99/NBA-analytics/py_env/lib/python3.11/site-packages/airflow/example_dags/example_params_ui_tutorial.py for tasks to queue
[2025-04-15T23:47:43.707+0700] {logging_mixin.py:190} INFO - [2025-04-15T23:47:43.706+0700] {dagbag.py:588} INFO - Filling up the DagBag from /home/anhtupham99/NBA-analytics/py_env/lib/python3.11/site-packages/airflow/example_dags/example_params_ui_tutorial.py
[2025-04-15T23:47:43.714+0700] {processor.py:925} INFO - DAG(s) 'example_params_ui_tutorial' retrieved from /home/anhtupham99/NBA-analytics/py_env/lib/python3.11/site-packages/airflow/example_dags/example_params_ui_tutorial.py
[2025-04-15T23:47:43.741+0700] {logging_mixin.py:190} INFO - [2025-04-15T23:47:43.741+0700] {dag.py:3239} INFO - Sync 1 DAGs
[2025-04-15T23:47:43.749+0700] {logging_mixin.py:190} INFO - [2025-04-15T23:47:43.749+0700] {dag.py:4180} INFO - Setting next_dagrun for example_params_ui_tutorial to None, run_after=None
[2025-04-15T23:47:43.773+0700] {processor.py:208} INFO - Processing /home/anhtupham99/NBA-analytics/py_env/lib/python3.11/site-packages/airflow/example_dags/example_params_ui_tutorial.py took 0.074 seconds
[2025-04-15T23:48:04.317+0700] {processor.py:186} INFO - Started process (PID=299520) to work on /home/anhtupham99/NBA-analytics/py_env/lib/python3.11/site-packages/airflow/example_dags/example_params_ui_tutorial.py
[2025-04-15T23:48:04.318+0700] {processor.py:914} INFO - Processing file /home/anhtupham99/NBA-analytics/py_env/lib/python3.11/site-packages/airflow/example_dags/example_params_ui_tutorial.py for tasks to queue
[2025-04-15T23:48:04.320+0700] {logging_mixin.py:190} INFO - [2025-04-15T23:48:04.320+0700] {dagbag.py:588} INFO - Filling up the DagBag from /home/anhtupham99/NBA-analytics/py_env/lib/python3.11/site-packages/airflow/example_dags/example_params_ui_tutorial.py
[2025-04-15T23:48:04.327+0700] {processor.py:925} INFO - DAG(s) 'example_params_ui_tutorial' retrieved from /home/anhtupham99/NBA-analytics/py_env/lib/python3.11/site-packages/airflow/example_dags/example_params_ui_tutorial.py
[2025-04-15T23:48:04.362+0700] {logging_mixin.py:190} INFO - [2025-04-15T23:48:04.362+0700] {dag.py:3239} INFO - Sync 1 DAGs
[2025-04-15T23:48:04.374+0700] {logging_mixin.py:190} INFO - [2025-04-15T23:48:04.374+0700] {dag.py:4180} INFO - Setting next_dagrun for example_params_ui_tutorial to None, run_after=None
[2025-04-15T23:48:04.399+0700] {processor.py:208} INFO - Processing /home/anhtupham99/NBA-analytics/py_env/lib/python3.11/site-packages/airflow/example_dags/example_params_ui_tutorial.py took 0.086 seconds
[2025-04-15T23:48:35.268+0700] {processor.py:186} INFO - Started process (PID=300326) to work on /home/anhtupham99/NBA-analytics/py_env/lib/python3.11/site-packages/airflow/example_dags/example_params_ui_tutorial.py
[2025-04-15T23:48:35.270+0700] {processor.py:914} INFO - Processing file /home/anhtupham99/NBA-analytics/py_env/lib/python3.11/site-packages/airflow/example_dags/example_params_ui_tutorial.py for tasks to queue
[2025-04-15T23:48:35.271+0700] {logging_mixin.py:190} INFO - [2025-04-15T23:48:35.271+0700] {dagbag.py:588} INFO - Filling up the DagBag from /home/anhtupham99/NBA-analytics/py_env/lib/python3.11/site-packages/airflow/example_dags/example_params_ui_tutorial.py
[2025-04-15T23:48:35.278+0700] {processor.py:925} INFO - DAG(s) 'example_params_ui_tutorial' retrieved from /home/anhtupham99/NBA-analytics/py_env/lib/python3.11/site-packages/airflow/example_dags/example_params_ui_tutorial.py
[2025-04-15T23:48:35.312+0700] {logging_mixin.py:190} INFO - [2025-04-15T23:48:35.312+0700] {dag.py:3239} INFO - Sync 1 DAGs
[2025-04-15T23:48:35.331+0700] {logging_mixin.py:190} INFO - [2025-04-15T23:48:35.330+0700] {dag.py:4180} INFO - Setting next_dagrun for example_params_ui_tutorial to None, run_after=None
[2025-04-15T23:48:35.363+0700] {processor.py:208} INFO - Processing /home/anhtupham99/NBA-analytics/py_env/lib/python3.11/site-packages/airflow/example_dags/example_params_ui_tutorial.py took 0.102 seconds
[2025-04-15T23:49:27.315+0700] {processor.py:186} INFO - Started process (PID=301385) to work on /home/anhtupham99/NBA-analytics/py_env/lib/python3.11/site-packages/airflow/example_dags/example_params_ui_tutorial.py
[2025-04-15T23:49:27.317+0700] {processor.py:914} INFO - Processing file /home/anhtupham99/NBA-analytics/py_env/lib/python3.11/site-packages/airflow/example_dags/example_params_ui_tutorial.py for tasks to queue
[2025-04-15T23:49:27.321+0700] {logging_mixin.py:190} INFO - [2025-04-15T23:49:27.320+0700] {dagbag.py:588} INFO - Filling up the DagBag from /home/anhtupham99/NBA-analytics/py_env/lib/python3.11/site-packages/airflow/example_dags/example_params_ui_tutorial.py
[2025-04-15T23:49:27.329+0700] {processor.py:925} INFO - DAG(s) 'example_params_ui_tutorial' retrieved from /home/anhtupham99/NBA-analytics/py_env/lib/python3.11/site-packages/airflow/example_dags/example_params_ui_tutorial.py
[2025-04-15T23:49:27.358+0700] {logging_mixin.py:190} INFO - [2025-04-15T23:49:27.358+0700] {dag.py:3239} INFO - Sync 1 DAGs
[2025-04-15T23:49:27.371+0700] {logging_mixin.py:190} INFO - [2025-04-15T23:49:27.371+0700] {dag.py:4180} INFO - Setting next_dagrun for example_params_ui_tutorial to None, run_after=None
[2025-04-15T23:49:27.408+0700] {processor.py:208} INFO - Processing /home/anhtupham99/NBA-analytics/py_env/lib/python3.11/site-packages/airflow/example_dags/example_params_ui_tutorial.py took 0.097 seconds
[2025-04-15T23:50:14.510+0700] {processor.py:186} INFO - Started process (PID=302385) to work on /home/anhtupham99/NBA-analytics/py_env/lib/python3.11/site-packages/airflow/example_dags/example_params_ui_tutorial.py
[2025-04-15T23:50:14.511+0700] {processor.py:914} INFO - Processing file /home/anhtupham99/NBA-analytics/py_env/lib/python3.11/site-packages/airflow/example_dags/example_params_ui_tutorial.py for tasks to queue
[2025-04-15T23:50:14.512+0700] {logging_mixin.py:190} INFO - [2025-04-15T23:50:14.512+0700] {dagbag.py:588} INFO - Filling up the DagBag from /home/anhtupham99/NBA-analytics/py_env/lib/python3.11/site-packages/airflow/example_dags/example_params_ui_tutorial.py
[2025-04-15T23:50:14.519+0700] {processor.py:925} INFO - DAG(s) 'example_params_ui_tutorial' retrieved from /home/anhtupham99/NBA-analytics/py_env/lib/python3.11/site-packages/airflow/example_dags/example_params_ui_tutorial.py
[2025-04-15T23:50:14.543+0700] {logging_mixin.py:190} INFO - [2025-04-15T23:50:14.543+0700] {dag.py:3239} INFO - Sync 1 DAGs
[2025-04-15T23:50:14.636+0700] {logging_mixin.py:190} INFO - [2025-04-15T23:50:14.636+0700] {dag.py:4180} INFO - Setting next_dagrun for example_params_ui_tutorial to None, run_after=None
[2025-04-15T23:50:14.656+0700] {processor.py:208} INFO - Processing /home/anhtupham99/NBA-analytics/py_env/lib/python3.11/site-packages/airflow/example_dags/example_params_ui_tutorial.py took 0.152 seconds
[2025-04-15T23:51:09.318+0700] {processor.py:186} INFO - Started process (PID=303467) to work on /home/anhtupham99/NBA-analytics/py_env/lib/python3.11/site-packages/airflow/example_dags/example_params_ui_tutorial.py
[2025-04-15T23:51:09.319+0700] {processor.py:914} INFO - Processing file /home/anhtupham99/NBA-analytics/py_env/lib/python3.11/site-packages/airflow/example_dags/example_params_ui_tutorial.py for tasks to queue
[2025-04-15T23:51:09.321+0700] {logging_mixin.py:190} INFO - [2025-04-15T23:51:09.320+0700] {dagbag.py:588} INFO - Filling up the DagBag from /home/anhtupham99/NBA-analytics/py_env/lib/python3.11/site-packages/airflow/example_dags/example_params_ui_tutorial.py
[2025-04-15T23:51:09.328+0700] {processor.py:925} INFO - DAG(s) 'example_params_ui_tutorial' retrieved from /home/anhtupham99/NBA-analytics/py_env/lib/python3.11/site-packages/airflow/example_dags/example_params_ui_tutorial.py
[2025-04-15T23:51:09.356+0700] {logging_mixin.py:190} INFO - [2025-04-15T23:51:09.356+0700] {dag.py:3239} INFO - Sync 1 DAGs
[2025-04-15T23:51:09.365+0700] {logging_mixin.py:190} INFO - [2025-04-15T23:51:09.365+0700] {dag.py:4180} INFO - Setting next_dagrun for example_params_ui_tutorial to None, run_after=None
[2025-04-15T23:51:09.388+0700] {processor.py:208} INFO - Processing /home/anhtupham99/NBA-analytics/py_env/lib/python3.11/site-packages/airflow/example_dags/example_params_ui_tutorial.py took 0.075 seconds
[2025-04-15T23:51:57.354+0700] {processor.py:186} INFO - Started process (PID=304370) to work on /home/anhtupham99/NBA-analytics/py_env/lib/python3.11/site-packages/airflow/example_dags/example_params_ui_tutorial.py
[2025-04-15T23:51:57.355+0700] {processor.py:914} INFO - Processing file /home/anhtupham99/NBA-analytics/py_env/lib/python3.11/site-packages/airflow/example_dags/example_params_ui_tutorial.py for tasks to queue
[2025-04-15T23:51:57.356+0700] {logging_mixin.py:190} INFO - [2025-04-15T23:51:57.356+0700] {dagbag.py:588} INFO - Filling up the DagBag from /home/anhtupham99/NBA-analytics/py_env/lib/python3.11/site-packages/airflow/example_dags/example_params_ui_tutorial.py
[2025-04-15T23:51:57.363+0700] {processor.py:925} INFO - DAG(s) 'example_params_ui_tutorial' retrieved from /home/anhtupham99/NBA-analytics/py_env/lib/python3.11/site-packages/airflow/example_dags/example_params_ui_tutorial.py
[2025-04-15T23:51:57.387+0700] {logging_mixin.py:190} INFO - [2025-04-15T23:51:57.387+0700] {dag.py:3239} INFO - Sync 1 DAGs
[2025-04-15T23:51:57.395+0700] {logging_mixin.py:190} INFO - [2025-04-15T23:51:57.395+0700] {dag.py:4180} INFO - Setting next_dagrun for example_params_ui_tutorial to None, run_after=None
[2025-04-15T23:51:57.417+0700] {processor.py:208} INFO - Processing /home/anhtupham99/NBA-analytics/py_env/lib/python3.11/site-packages/airflow/example_dags/example_params_ui_tutorial.py took 0.068 seconds
[2025-04-15T23:52:43.135+0700] {processor.py:186} INFO - Started process (PID=305287) to work on /home/anhtupham99/NBA-analytics/py_env/lib/python3.11/site-packages/airflow/example_dags/example_params_ui_tutorial.py
[2025-04-15T23:52:43.137+0700] {processor.py:914} INFO - Processing file /home/anhtupham99/NBA-analytics/py_env/lib/python3.11/site-packages/airflow/example_dags/example_params_ui_tutorial.py for tasks to queue
[2025-04-15T23:52:43.140+0700] {logging_mixin.py:190} INFO - [2025-04-15T23:52:43.140+0700] {dagbag.py:588} INFO - Filling up the DagBag from /home/anhtupham99/NBA-analytics/py_env/lib/python3.11/site-packages/airflow/example_dags/example_params_ui_tutorial.py
[2025-04-15T23:52:43.150+0700] {processor.py:925} INFO - DAG(s) 'example_params_ui_tutorial' retrieved from /home/anhtupham99/NBA-analytics/py_env/lib/python3.11/site-packages/airflow/example_dags/example_params_ui_tutorial.py
[2025-04-15T23:52:43.183+0700] {logging_mixin.py:190} INFO - [2025-04-15T23:52:43.182+0700] {dag.py:3239} INFO - Sync 1 DAGs
[2025-04-15T23:52:43.196+0700] {logging_mixin.py:190} INFO - [2025-04-15T23:52:43.196+0700] {dag.py:4180} INFO - Setting next_dagrun for example_params_ui_tutorial to None, run_after=None
[2025-04-15T23:52:43.225+0700] {processor.py:208} INFO - Processing /home/anhtupham99/NBA-analytics/py_env/lib/python3.11/site-packages/airflow/example_dags/example_params_ui_tutorial.py took 0.098 seconds
[2025-04-15T23:53:31.634+0700] {processor.py:186} INFO - Started process (PID=306208) to work on /home/anhtupham99/NBA-analytics/py_env/lib/python3.11/site-packages/airflow/example_dags/example_params_ui_tutorial.py
[2025-04-15T23:53:31.635+0700] {processor.py:914} INFO - Processing file /home/anhtupham99/NBA-analytics/py_env/lib/python3.11/site-packages/airflow/example_dags/example_params_ui_tutorial.py for tasks to queue
[2025-04-15T23:53:31.637+0700] {logging_mixin.py:190} INFO - [2025-04-15T23:53:31.637+0700] {dagbag.py:588} INFO - Filling up the DagBag from /home/anhtupham99/NBA-analytics/py_env/lib/python3.11/site-packages/airflow/example_dags/example_params_ui_tutorial.py
[2025-04-15T23:53:31.644+0700] {processor.py:925} INFO - DAG(s) 'example_params_ui_tutorial' retrieved from /home/anhtupham99/NBA-analytics/py_env/lib/python3.11/site-packages/airflow/example_dags/example_params_ui_tutorial.py
[2025-04-15T23:53:31.672+0700] {logging_mixin.py:190} INFO - [2025-04-15T23:53:31.671+0700] {dag.py:3239} INFO - Sync 1 DAGs
[2025-04-15T23:53:31.681+0700] {logging_mixin.py:190} INFO - [2025-04-15T23:53:31.681+0700] {dag.py:4180} INFO - Setting next_dagrun for example_params_ui_tutorial to None, run_after=None
[2025-04-15T23:53:31.703+0700] {processor.py:208} INFO - Processing /home/anhtupham99/NBA-analytics/py_env/lib/python3.11/site-packages/airflow/example_dags/example_params_ui_tutorial.py took 0.074 seconds
[2025-04-15T23:54:17.386+0700] {processor.py:186} INFO - Started process (PID=307079) to work on /home/anhtupham99/NBA-analytics/py_env/lib/python3.11/site-packages/airflow/example_dags/example_params_ui_tutorial.py
[2025-04-15T23:54:17.387+0700] {processor.py:914} INFO - Processing file /home/anhtupham99/NBA-analytics/py_env/lib/python3.11/site-packages/airflow/example_dags/example_params_ui_tutorial.py for tasks to queue
[2025-04-15T23:54:17.390+0700] {logging_mixin.py:190} INFO - [2025-04-15T23:54:17.389+0700] {dagbag.py:588} INFO - Filling up the DagBag from /home/anhtupham99/NBA-analytics/py_env/lib/python3.11/site-packages/airflow/example_dags/example_params_ui_tutorial.py
[2025-04-15T23:54:17.399+0700] {processor.py:925} INFO - DAG(s) 'example_params_ui_tutorial' retrieved from /home/anhtupham99/NBA-analytics/py_env/lib/python3.11/site-packages/airflow/example_dags/example_params_ui_tutorial.py
[2025-04-15T23:54:17.436+0700] {logging_mixin.py:190} INFO - [2025-04-15T23:54:17.436+0700] {dag.py:3239} INFO - Sync 1 DAGs
[2025-04-15T23:54:17.447+0700] {logging_mixin.py:190} INFO - [2025-04-15T23:54:17.447+0700] {dag.py:4180} INFO - Setting next_dagrun for example_params_ui_tutorial to None, run_after=None
[2025-04-15T23:54:17.473+0700] {processor.py:208} INFO - Processing /home/anhtupham99/NBA-analytics/py_env/lib/python3.11/site-packages/airflow/example_dags/example_params_ui_tutorial.py took 0.093 seconds
[2025-04-15T23:55:06.215+0700] {processor.py:186} INFO - Started process (PID=308046) to work on /home/anhtupham99/NBA-analytics/py_env/lib/python3.11/site-packages/airflow/example_dags/example_params_ui_tutorial.py
[2025-04-15T23:55:06.217+0700] {processor.py:914} INFO - Processing file /home/anhtupham99/NBA-analytics/py_env/lib/python3.11/site-packages/airflow/example_dags/example_params_ui_tutorial.py for tasks to queue
[2025-04-15T23:55:06.218+0700] {logging_mixin.py:190} INFO - [2025-04-15T23:55:06.218+0700] {dagbag.py:588} INFO - Filling up the DagBag from /home/anhtupham99/NBA-analytics/py_env/lib/python3.11/site-packages/airflow/example_dags/example_params_ui_tutorial.py
[2025-04-15T23:55:06.224+0700] {processor.py:925} INFO - DAG(s) 'example_params_ui_tutorial' retrieved from /home/anhtupham99/NBA-analytics/py_env/lib/python3.11/site-packages/airflow/example_dags/example_params_ui_tutorial.py
[2025-04-15T23:55:06.248+0700] {logging_mixin.py:190} INFO - [2025-04-15T23:55:06.248+0700] {dag.py:3239} INFO - Sync 1 DAGs
[2025-04-15T23:55:06.256+0700] {logging_mixin.py:190} INFO - [2025-04-15T23:55:06.256+0700] {dag.py:4180} INFO - Setting next_dagrun for example_params_ui_tutorial to None, run_after=None
[2025-04-15T23:55:06.278+0700] {processor.py:208} INFO - Processing /home/anhtupham99/NBA-analytics/py_env/lib/python3.11/site-packages/airflow/example_dags/example_params_ui_tutorial.py took 0.067 seconds
[2025-04-15T23:55:57.956+0700] {processor.py:186} INFO - Started process (PID=311001) to work on /home/anhtupham99/NBA-analytics/py_env/lib/python3.11/site-packages/airflow/example_dags/example_params_ui_tutorial.py
[2025-04-15T23:55:57.958+0700] {processor.py:914} INFO - Processing file /home/anhtupham99/NBA-analytics/py_env/lib/python3.11/site-packages/airflow/example_dags/example_params_ui_tutorial.py for tasks to queue
[2025-04-15T23:55:57.960+0700] {logging_mixin.py:190} INFO - [2025-04-15T23:55:57.959+0700] {dagbag.py:588} INFO - Filling up the DagBag from /home/anhtupham99/NBA-analytics/py_env/lib/python3.11/site-packages/airflow/example_dags/example_params_ui_tutorial.py
[2025-04-15T23:55:57.969+0700] {processor.py:925} INFO - DAG(s) 'example_params_ui_tutorial' retrieved from /home/anhtupham99/NBA-analytics/py_env/lib/python3.11/site-packages/airflow/example_dags/example_params_ui_tutorial.py
[2025-04-15T23:55:58.000+0700] {logging_mixin.py:190} INFO - [2025-04-15T23:55:58.000+0700] {dag.py:3239} INFO - Sync 1 DAGs
[2025-04-15T23:55:58.011+0700] {logging_mixin.py:190} INFO - [2025-04-15T23:55:58.010+0700] {dag.py:4180} INFO - Setting next_dagrun for example_params_ui_tutorial to None, run_after=None
[2025-04-15T23:55:58.037+0700] {processor.py:208} INFO - Processing /home/anhtupham99/NBA-analytics/py_env/lib/python3.11/site-packages/airflow/example_dags/example_params_ui_tutorial.py took 0.086 seconds
[2025-04-15T23:56:46.068+0700] {processor.py:186} INFO - Started process (PID=312055) to work on /home/anhtupham99/NBA-analytics/py_env/lib/python3.11/site-packages/airflow/example_dags/example_params_ui_tutorial.py
[2025-04-15T23:56:46.070+0700] {processor.py:914} INFO - Processing file /home/anhtupham99/NBA-analytics/py_env/lib/python3.11/site-packages/airflow/example_dags/example_params_ui_tutorial.py for tasks to queue
[2025-04-15T23:56:46.072+0700] {logging_mixin.py:190} INFO - [2025-04-15T23:56:46.072+0700] {dagbag.py:588} INFO - Filling up the DagBag from /home/anhtupham99/NBA-analytics/py_env/lib/python3.11/site-packages/airflow/example_dags/example_params_ui_tutorial.py
[2025-04-15T23:56:46.082+0700] {processor.py:925} INFO - DAG(s) 'example_params_ui_tutorial' retrieved from /home/anhtupham99/NBA-analytics/py_env/lib/python3.11/site-packages/airflow/example_dags/example_params_ui_tutorial.py
[2025-04-15T23:56:46.115+0700] {logging_mixin.py:190} INFO - [2025-04-15T23:56:46.114+0700] {dag.py:3239} INFO - Sync 1 DAGs
[2025-04-15T23:56:46.126+0700] {logging_mixin.py:190} INFO - [2025-04-15T23:56:46.126+0700] {dag.py:4180} INFO - Setting next_dagrun for example_params_ui_tutorial to None, run_after=None
[2025-04-15T23:56:46.151+0700] {processor.py:208} INFO - Processing /home/anhtupham99/NBA-analytics/py_env/lib/python3.11/site-packages/airflow/example_dags/example_params_ui_tutorial.py took 0.088 seconds
[2025-04-15T23:57:33.288+0700] {processor.py:186} INFO - Started process (PID=312987) to work on /home/anhtupham99/NBA-analytics/py_env/lib/python3.11/site-packages/airflow/example_dags/example_params_ui_tutorial.py
[2025-04-15T23:57:33.289+0700] {processor.py:914} INFO - Processing file /home/anhtupham99/NBA-analytics/py_env/lib/python3.11/site-packages/airflow/example_dags/example_params_ui_tutorial.py for tasks to queue
[2025-04-15T23:57:33.291+0700] {logging_mixin.py:190} INFO - [2025-04-15T23:57:33.290+0700] {dagbag.py:588} INFO - Filling up the DagBag from /home/anhtupham99/NBA-analytics/py_env/lib/python3.11/site-packages/airflow/example_dags/example_params_ui_tutorial.py
[2025-04-15T23:57:33.298+0700] {processor.py:925} INFO - DAG(s) 'example_params_ui_tutorial' retrieved from /home/anhtupham99/NBA-analytics/py_env/lib/python3.11/site-packages/airflow/example_dags/example_params_ui_tutorial.py
[2025-04-15T23:57:33.329+0700] {logging_mixin.py:190} INFO - [2025-04-15T23:57:33.329+0700] {dag.py:3239} INFO - Sync 1 DAGs
[2025-04-15T23:57:33.339+0700] {logging_mixin.py:190} INFO - [2025-04-15T23:57:33.339+0700] {dag.py:4180} INFO - Setting next_dagrun for example_params_ui_tutorial to None, run_after=None
[2025-04-15T23:57:33.361+0700] {processor.py:208} INFO - Processing /home/anhtupham99/NBA-analytics/py_env/lib/python3.11/site-packages/airflow/example_dags/example_params_ui_tutorial.py took 0.079 seconds
[2025-04-15T23:58:24.916+0700] {processor.py:186} INFO - Started process (PID=313958) to work on /home/anhtupham99/NBA-analytics/py_env/lib/python3.11/site-packages/airflow/example_dags/example_params_ui_tutorial.py
[2025-04-15T23:58:24.917+0700] {processor.py:914} INFO - Processing file /home/anhtupham99/NBA-analytics/py_env/lib/python3.11/site-packages/airflow/example_dags/example_params_ui_tutorial.py for tasks to queue
[2025-04-15T23:58:24.919+0700] {logging_mixin.py:190} INFO - [2025-04-15T23:58:24.918+0700] {dagbag.py:588} INFO - Filling up the DagBag from /home/anhtupham99/NBA-analytics/py_env/lib/python3.11/site-packages/airflow/example_dags/example_params_ui_tutorial.py
[2025-04-15T23:58:24.925+0700] {processor.py:925} INFO - DAG(s) 'example_params_ui_tutorial' retrieved from /home/anhtupham99/NBA-analytics/py_env/lib/python3.11/site-packages/airflow/example_dags/example_params_ui_tutorial.py
[2025-04-15T23:58:24.951+0700] {logging_mixin.py:190} INFO - [2025-04-15T23:58:24.951+0700] {dag.py:3239} INFO - Sync 1 DAGs
[2025-04-15T23:58:24.959+0700] {logging_mixin.py:190} INFO - [2025-04-15T23:58:24.959+0700] {dag.py:4180} INFO - Setting next_dagrun for example_params_ui_tutorial to None, run_after=None
[2025-04-15T23:58:24.982+0700] {processor.py:208} INFO - Processing /home/anhtupham99/NBA-analytics/py_env/lib/python3.11/site-packages/airflow/example_dags/example_params_ui_tutorial.py took 0.072 seconds
[2025-04-15T23:59:11.876+0700] {processor.py:186} INFO - Started process (PID=314980) to work on /home/anhtupham99/NBA-analytics/py_env/lib/python3.11/site-packages/airflow/example_dags/example_params_ui_tutorial.py
[2025-04-15T23:59:11.878+0700] {processor.py:914} INFO - Processing file /home/anhtupham99/NBA-analytics/py_env/lib/python3.11/site-packages/airflow/example_dags/example_params_ui_tutorial.py for tasks to queue
[2025-04-15T23:59:11.880+0700] {logging_mixin.py:190} INFO - [2025-04-15T23:59:11.879+0700] {dagbag.py:588} INFO - Filling up the DagBag from /home/anhtupham99/NBA-analytics/py_env/lib/python3.11/site-packages/airflow/example_dags/example_params_ui_tutorial.py
[2025-04-15T23:59:11.888+0700] {processor.py:925} INFO - DAG(s) 'example_params_ui_tutorial' retrieved from /home/anhtupham99/NBA-analytics/py_env/lib/python3.11/site-packages/airflow/example_dags/example_params_ui_tutorial.py
[2025-04-15T23:59:11.918+0700] {logging_mixin.py:190} INFO - [2025-04-15T23:59:11.917+0700] {dag.py:3239} INFO - Sync 1 DAGs
[2025-04-15T23:59:11.929+0700] {logging_mixin.py:190} INFO - [2025-04-15T23:59:11.928+0700] {dag.py:4180} INFO - Setting next_dagrun for example_params_ui_tutorial to None, run_after=None
[2025-04-15T23:59:11.952+0700] {processor.py:208} INFO - Processing /home/anhtupham99/NBA-analytics/py_env/lib/python3.11/site-packages/airflow/example_dags/example_params_ui_tutorial.py took 0.080 seconds
[2025-04-16T00:00:02.125+0700] {processor.py:186} INFO - Started process (PID=316030) to work on /home/anhtupham99/NBA-analytics/py_env/lib/python3.11/site-packages/airflow/example_dags/example_params_ui_tutorial.py
[2025-04-16T00:00:02.126+0700] {processor.py:914} INFO - Processing file /home/anhtupham99/NBA-analytics/py_env/lib/python3.11/site-packages/airflow/example_dags/example_params_ui_tutorial.py for tasks to queue
[2025-04-16T00:00:02.128+0700] {logging_mixin.py:190} INFO - [2025-04-16T00:00:02.128+0700] {dagbag.py:588} INFO - Filling up the DagBag from /home/anhtupham99/NBA-analytics/py_env/lib/python3.11/site-packages/airflow/example_dags/example_params_ui_tutorial.py
[2025-04-16T00:00:02.136+0700] {processor.py:925} INFO - DAG(s) 'example_params_ui_tutorial' retrieved from /home/anhtupham99/NBA-analytics/py_env/lib/python3.11/site-packages/airflow/example_dags/example_params_ui_tutorial.py
[2025-04-16T00:00:02.228+0700] {logging_mixin.py:190} INFO - [2025-04-16T00:00:02.228+0700] {dag.py:3239} INFO - Sync 1 DAGs
[2025-04-16T00:00:02.238+0700] {logging_mixin.py:190} INFO - [2025-04-16T00:00:02.238+0700] {dag.py:4180} INFO - Setting next_dagrun for example_params_ui_tutorial to None, run_after=None
[2025-04-16T00:00:02.267+0700] {processor.py:208} INFO - Processing /home/anhtupham99/NBA-analytics/py_env/lib/python3.11/site-packages/airflow/example_dags/example_params_ui_tutorial.py took 0.146 seconds
[2025-04-16T00:00:48.375+0700] {processor.py:186} INFO - Started process (PID=316945) to work on /home/anhtupham99/NBA-analytics/py_env/lib/python3.11/site-packages/airflow/example_dags/example_params_ui_tutorial.py
[2025-04-16T00:00:48.376+0700] {processor.py:914} INFO - Processing file /home/anhtupham99/NBA-analytics/py_env/lib/python3.11/site-packages/airflow/example_dags/example_params_ui_tutorial.py for tasks to queue
[2025-04-16T00:00:48.378+0700] {logging_mixin.py:190} INFO - [2025-04-16T00:00:48.378+0700] {dagbag.py:588} INFO - Filling up the DagBag from /home/anhtupham99/NBA-analytics/py_env/lib/python3.11/site-packages/airflow/example_dags/example_params_ui_tutorial.py
[2025-04-16T00:00:48.390+0700] {processor.py:925} INFO - DAG(s) 'example_params_ui_tutorial' retrieved from /home/anhtupham99/NBA-analytics/py_env/lib/python3.11/site-packages/airflow/example_dags/example_params_ui_tutorial.py
[2025-04-16T00:00:48.424+0700] {logging_mixin.py:190} INFO - [2025-04-16T00:00:48.424+0700] {dag.py:3239} INFO - Sync 1 DAGs
[2025-04-16T00:00:48.436+0700] {logging_mixin.py:190} INFO - [2025-04-16T00:00:48.435+0700] {dag.py:4180} INFO - Setting next_dagrun for example_params_ui_tutorial to None, run_after=None
[2025-04-16T00:00:48.475+0700] {processor.py:208} INFO - Processing /home/anhtupham99/NBA-analytics/py_env/lib/python3.11/site-packages/airflow/example_dags/example_params_ui_tutorial.py took 0.106 seconds
[2025-04-16T00:01:35.113+0700] {processor.py:186} INFO - Started process (PID=317803) to work on /home/anhtupham99/NBA-analytics/py_env/lib/python3.11/site-packages/airflow/example_dags/example_params_ui_tutorial.py
[2025-04-16T00:01:35.114+0700] {processor.py:914} INFO - Processing file /home/anhtupham99/NBA-analytics/py_env/lib/python3.11/site-packages/airflow/example_dags/example_params_ui_tutorial.py for tasks to queue
[2025-04-16T00:01:35.116+0700] {logging_mixin.py:190} INFO - [2025-04-16T00:01:35.116+0700] {dagbag.py:588} INFO - Filling up the DagBag from /home/anhtupham99/NBA-analytics/py_env/lib/python3.11/site-packages/airflow/example_dags/example_params_ui_tutorial.py
[2025-04-16T00:01:35.124+0700] {processor.py:925} INFO - DAG(s) 'example_params_ui_tutorial' retrieved from /home/anhtupham99/NBA-analytics/py_env/lib/python3.11/site-packages/airflow/example_dags/example_params_ui_tutorial.py
[2025-04-16T00:01:35.152+0700] {logging_mixin.py:190} INFO - [2025-04-16T00:01:35.152+0700] {dag.py:3239} INFO - Sync 1 DAGs
[2025-04-16T00:01:35.162+0700] {logging_mixin.py:190} INFO - [2025-04-16T00:01:35.161+0700] {dag.py:4180} INFO - Setting next_dagrun for example_params_ui_tutorial to None, run_after=None
[2025-04-16T00:01:35.184+0700] {processor.py:208} INFO - Processing /home/anhtupham99/NBA-analytics/py_env/lib/python3.11/site-packages/airflow/example_dags/example_params_ui_tutorial.py took 0.076 seconds
[2025-04-16T00:02:21.984+0700] {processor.py:186} INFO - Started process (PID=318664) to work on /home/anhtupham99/NBA-analytics/py_env/lib/python3.11/site-packages/airflow/example_dags/example_params_ui_tutorial.py
[2025-04-16T00:02:21.986+0700] {processor.py:914} INFO - Processing file /home/anhtupham99/NBA-analytics/py_env/lib/python3.11/site-packages/airflow/example_dags/example_params_ui_tutorial.py for tasks to queue
[2025-04-16T00:02:21.988+0700] {logging_mixin.py:190} INFO - [2025-04-16T00:02:21.988+0700] {dagbag.py:588} INFO - Filling up the DagBag from /home/anhtupham99/NBA-analytics/py_env/lib/python3.11/site-packages/airflow/example_dags/example_params_ui_tutorial.py
[2025-04-16T00:02:21.996+0700] {processor.py:925} INFO - DAG(s) 'example_params_ui_tutorial' retrieved from /home/anhtupham99/NBA-analytics/py_env/lib/python3.11/site-packages/airflow/example_dags/example_params_ui_tutorial.py
[2025-04-16T00:02:22.027+0700] {logging_mixin.py:190} INFO - [2025-04-16T00:02:22.027+0700] {dag.py:3239} INFO - Sync 1 DAGs
[2025-04-16T00:02:22.039+0700] {logging_mixin.py:190} INFO - [2025-04-16T00:02:22.039+0700] {dag.py:4180} INFO - Setting next_dagrun for example_params_ui_tutorial to None, run_after=None
[2025-04-16T00:02:22.065+0700] {processor.py:208} INFO - Processing /home/anhtupham99/NBA-analytics/py_env/lib/python3.11/site-packages/airflow/example_dags/example_params_ui_tutorial.py took 0.087 seconds
[2025-04-16T00:03:04.115+0700] {processor.py:186} INFO - Started process (PID=319504) to work on /home/anhtupham99/NBA-analytics/py_env/lib/python3.11/site-packages/airflow/example_dags/example_params_ui_tutorial.py
[2025-04-16T00:03:04.117+0700] {processor.py:914} INFO - Processing file /home/anhtupham99/NBA-analytics/py_env/lib/python3.11/site-packages/airflow/example_dags/example_params_ui_tutorial.py for tasks to queue
[2025-04-16T00:03:04.118+0700] {logging_mixin.py:190} INFO - [2025-04-16T00:03:04.118+0700] {dagbag.py:588} INFO - Filling up the DagBag from /home/anhtupham99/NBA-analytics/py_env/lib/python3.11/site-packages/airflow/example_dags/example_params_ui_tutorial.py
[2025-04-16T00:03:04.127+0700] {processor.py:925} INFO - DAG(s) 'example_params_ui_tutorial' retrieved from /home/anhtupham99/NBA-analytics/py_env/lib/python3.11/site-packages/airflow/example_dags/example_params_ui_tutorial.py
[2025-04-16T00:03:04.161+0700] {logging_mixin.py:190} INFO - [2025-04-16T00:03:04.161+0700] {dag.py:3239} INFO - Sync 1 DAGs
[2025-04-16T00:03:04.171+0700] {logging_mixin.py:190} INFO - [2025-04-16T00:03:04.170+0700] {dag.py:4180} INFO - Setting next_dagrun for example_params_ui_tutorial to None, run_after=None
[2025-04-16T00:03:04.195+0700] {processor.py:208} INFO - Processing /home/anhtupham99/NBA-analytics/py_env/lib/python3.11/site-packages/airflow/example_dags/example_params_ui_tutorial.py took 0.085 seconds
[2025-04-16T00:03:49.844+0700] {processor.py:186} INFO - Started process (PID=320432) to work on /home/anhtupham99/NBA-analytics/py_env/lib/python3.11/site-packages/airflow/example_dags/example_params_ui_tutorial.py
[2025-04-16T00:03:49.846+0700] {processor.py:914} INFO - Processing file /home/anhtupham99/NBA-analytics/py_env/lib/python3.11/site-packages/airflow/example_dags/example_params_ui_tutorial.py for tasks to queue
[2025-04-16T00:03:49.847+0700] {logging_mixin.py:190} INFO - [2025-04-16T00:03:49.847+0700] {dagbag.py:588} INFO - Filling up the DagBag from /home/anhtupham99/NBA-analytics/py_env/lib/python3.11/site-packages/airflow/example_dags/example_params_ui_tutorial.py
[2025-04-16T00:03:49.854+0700] {processor.py:925} INFO - DAG(s) 'example_params_ui_tutorial' retrieved from /home/anhtupham99/NBA-analytics/py_env/lib/python3.11/site-packages/airflow/example_dags/example_params_ui_tutorial.py
[2025-04-16T00:03:49.878+0700] {logging_mixin.py:190} INFO - [2025-04-16T00:03:49.878+0700] {dag.py:3239} INFO - Sync 1 DAGs
[2025-04-16T00:03:49.886+0700] {logging_mixin.py:190} INFO - [2025-04-16T00:03:49.886+0700] {dag.py:4180} INFO - Setting next_dagrun for example_params_ui_tutorial to None, run_after=None
[2025-04-16T00:03:49.910+0700] {processor.py:208} INFO - Processing /home/anhtupham99/NBA-analytics/py_env/lib/python3.11/site-packages/airflow/example_dags/example_params_ui_tutorial.py took 0.070 seconds
[2025-04-16T00:04:37.658+0700] {processor.py:186} INFO - Started process (PID=321515) to work on /home/anhtupham99/NBA-analytics/py_env/lib/python3.11/site-packages/airflow/example_dags/example_params_ui_tutorial.py
[2025-04-16T00:04:37.659+0700] {processor.py:914} INFO - Processing file /home/anhtupham99/NBA-analytics/py_env/lib/python3.11/site-packages/airflow/example_dags/example_params_ui_tutorial.py for tasks to queue
[2025-04-16T00:04:37.663+0700] {logging_mixin.py:190} INFO - [2025-04-16T00:04:37.662+0700] {dagbag.py:588} INFO - Filling up the DagBag from /home/anhtupham99/NBA-analytics/py_env/lib/python3.11/site-packages/airflow/example_dags/example_params_ui_tutorial.py
[2025-04-16T00:04:37.678+0700] {processor.py:925} INFO - DAG(s) 'example_params_ui_tutorial' retrieved from /home/anhtupham99/NBA-analytics/py_env/lib/python3.11/site-packages/airflow/example_dags/example_params_ui_tutorial.py
[2025-04-16T00:04:37.719+0700] {logging_mixin.py:190} INFO - [2025-04-16T00:04:37.719+0700] {dag.py:3239} INFO - Sync 1 DAGs
[2025-04-16T00:04:37.737+0700] {logging_mixin.py:190} INFO - [2025-04-16T00:04:37.736+0700] {dag.py:4180} INFO - Setting next_dagrun for example_params_ui_tutorial to None, run_after=None
[2025-04-16T00:04:37.764+0700] {processor.py:208} INFO - Processing /home/anhtupham99/NBA-analytics/py_env/lib/python3.11/site-packages/airflow/example_dags/example_params_ui_tutorial.py took 0.116 seconds
[2025-04-16T00:05:25.281+0700] {processor.py:186} INFO - Started process (PID=322384) to work on /home/anhtupham99/NBA-analytics/py_env/lib/python3.11/site-packages/airflow/example_dags/example_params_ui_tutorial.py
[2025-04-16T00:05:25.284+0700] {processor.py:914} INFO - Processing file /home/anhtupham99/NBA-analytics/py_env/lib/python3.11/site-packages/airflow/example_dags/example_params_ui_tutorial.py for tasks to queue
[2025-04-16T00:05:25.286+0700] {logging_mixin.py:190} INFO - [2025-04-16T00:05:25.286+0700] {dagbag.py:588} INFO - Filling up the DagBag from /home/anhtupham99/NBA-analytics/py_env/lib/python3.11/site-packages/airflow/example_dags/example_params_ui_tutorial.py
[2025-04-16T00:05:25.294+0700] {processor.py:925} INFO - DAG(s) 'example_params_ui_tutorial' retrieved from /home/anhtupham99/NBA-analytics/py_env/lib/python3.11/site-packages/airflow/example_dags/example_params_ui_tutorial.py
[2025-04-16T00:05:25.323+0700] {logging_mixin.py:190} INFO - [2025-04-16T00:05:25.323+0700] {dag.py:3239} INFO - Sync 1 DAGs
[2025-04-16T00:05:25.333+0700] {logging_mixin.py:190} INFO - [2025-04-16T00:05:25.333+0700] {dag.py:4180} INFO - Setting next_dagrun for example_params_ui_tutorial to None, run_after=None
[2025-04-16T00:05:25.360+0700] {processor.py:208} INFO - Processing /home/anhtupham99/NBA-analytics/py_env/lib/python3.11/site-packages/airflow/example_dags/example_params_ui_tutorial.py took 0.085 seconds
[2025-04-16T00:06:15.963+0700] {processor.py:186} INFO - Started process (PID=323344) to work on /home/anhtupham99/NBA-analytics/py_env/lib/python3.11/site-packages/airflow/example_dags/example_params_ui_tutorial.py
[2025-04-16T00:06:15.965+0700] {processor.py:914} INFO - Processing file /home/anhtupham99/NBA-analytics/py_env/lib/python3.11/site-packages/airflow/example_dags/example_params_ui_tutorial.py for tasks to queue
[2025-04-16T00:06:15.966+0700] {logging_mixin.py:190} INFO - [2025-04-16T00:06:15.966+0700] {dagbag.py:588} INFO - Filling up the DagBag from /home/anhtupham99/NBA-analytics/py_env/lib/python3.11/site-packages/airflow/example_dags/example_params_ui_tutorial.py
[2025-04-16T00:06:15.973+0700] {processor.py:925} INFO - DAG(s) 'example_params_ui_tutorial' retrieved from /home/anhtupham99/NBA-analytics/py_env/lib/python3.11/site-packages/airflow/example_dags/example_params_ui_tutorial.py
[2025-04-16T00:06:16.000+0700] {logging_mixin.py:190} INFO - [2025-04-16T00:06:16.000+0700] {dag.py:3239} INFO - Sync 1 DAGs
[2025-04-16T00:06:16.010+0700] {logging_mixin.py:190} INFO - [2025-04-16T00:06:16.009+0700] {dag.py:4180} INFO - Setting next_dagrun for example_params_ui_tutorial to None, run_after=None
[2025-04-16T00:06:16.032+0700] {processor.py:208} INFO - Processing /home/anhtupham99/NBA-analytics/py_env/lib/python3.11/site-packages/airflow/example_dags/example_params_ui_tutorial.py took 0.074 seconds
[2025-04-16T00:07:03.080+0700] {processor.py:186} INFO - Started process (PID=324420) to work on /home/anhtupham99/NBA-analytics/py_env/lib/python3.11/site-packages/airflow/example_dags/example_params_ui_tutorial.py
[2025-04-16T00:07:03.081+0700] {processor.py:914} INFO - Processing file /home/anhtupham99/NBA-analytics/py_env/lib/python3.11/site-packages/airflow/example_dags/example_params_ui_tutorial.py for tasks to queue
[2025-04-16T00:07:03.083+0700] {logging_mixin.py:190} INFO - [2025-04-16T00:07:03.083+0700] {dagbag.py:588} INFO - Filling up the DagBag from /home/anhtupham99/NBA-analytics/py_env/lib/python3.11/site-packages/airflow/example_dags/example_params_ui_tutorial.py
[2025-04-16T00:07:03.090+0700] {processor.py:925} INFO - DAG(s) 'example_params_ui_tutorial' retrieved from /home/anhtupham99/NBA-analytics/py_env/lib/python3.11/site-packages/airflow/example_dags/example_params_ui_tutorial.py
[2025-04-16T00:07:03.120+0700] {logging_mixin.py:190} INFO - [2025-04-16T00:07:03.120+0700] {dag.py:3239} INFO - Sync 1 DAGs
[2025-04-16T00:07:03.134+0700] {logging_mixin.py:190} INFO - [2025-04-16T00:07:03.134+0700] {dag.py:4180} INFO - Setting next_dagrun for example_params_ui_tutorial to None, run_after=None
[2025-04-16T00:07:03.157+0700] {processor.py:208} INFO - Processing /home/anhtupham99/NBA-analytics/py_env/lib/python3.11/site-packages/airflow/example_dags/example_params_ui_tutorial.py took 0.082 seconds
[2025-04-16T00:07:50.245+0700] {processor.py:186} INFO - Started process (PID=325298) to work on /home/anhtupham99/NBA-analytics/py_env/lib/python3.11/site-packages/airflow/example_dags/example_params_ui_tutorial.py
[2025-04-16T00:07:50.246+0700] {processor.py:914} INFO - Processing file /home/anhtupham99/NBA-analytics/py_env/lib/python3.11/site-packages/airflow/example_dags/example_params_ui_tutorial.py for tasks to queue
[2025-04-16T00:07:50.248+0700] {logging_mixin.py:190} INFO - [2025-04-16T00:07:50.248+0700] {dagbag.py:588} INFO - Filling up the DagBag from /home/anhtupham99/NBA-analytics/py_env/lib/python3.11/site-packages/airflow/example_dags/example_params_ui_tutorial.py
[2025-04-16T00:07:50.258+0700] {processor.py:925} INFO - DAG(s) 'example_params_ui_tutorial' retrieved from /home/anhtupham99/NBA-analytics/py_env/lib/python3.11/site-packages/airflow/example_dags/example_params_ui_tutorial.py
[2025-04-16T00:07:50.296+0700] {logging_mixin.py:190} INFO - [2025-04-16T00:07:50.295+0700] {dag.py:3239} INFO - Sync 1 DAGs
[2025-04-16T00:07:50.308+0700] {logging_mixin.py:190} INFO - [2025-04-16T00:07:50.308+0700] {dag.py:4180} INFO - Setting next_dagrun for example_params_ui_tutorial to None, run_after=None
[2025-04-16T00:07:50.335+0700] {processor.py:208} INFO - Processing /home/anhtupham99/NBA-analytics/py_env/lib/python3.11/site-packages/airflow/example_dags/example_params_ui_tutorial.py took 0.096 seconds
[2025-04-16T00:08:36.157+0700] {processor.py:186} INFO - Started process (PID=326142) to work on /home/anhtupham99/NBA-analytics/py_env/lib/python3.11/site-packages/airflow/example_dags/example_params_ui_tutorial.py
[2025-04-16T00:08:36.158+0700] {processor.py:914} INFO - Processing file /home/anhtupham99/NBA-analytics/py_env/lib/python3.11/site-packages/airflow/example_dags/example_params_ui_tutorial.py for tasks to queue
[2025-04-16T00:08:36.160+0700] {logging_mixin.py:190} INFO - [2025-04-16T00:08:36.160+0700] {dagbag.py:588} INFO - Filling up the DagBag from /home/anhtupham99/NBA-analytics/py_env/lib/python3.11/site-packages/airflow/example_dags/example_params_ui_tutorial.py
[2025-04-16T00:08:36.167+0700] {processor.py:925} INFO - DAG(s) 'example_params_ui_tutorial' retrieved from /home/anhtupham99/NBA-analytics/py_env/lib/python3.11/site-packages/airflow/example_dags/example_params_ui_tutorial.py
[2025-04-16T00:08:36.194+0700] {logging_mixin.py:190} INFO - [2025-04-16T00:08:36.194+0700] {dag.py:3239} INFO - Sync 1 DAGs
[2025-04-16T00:08:36.204+0700] {logging_mixin.py:190} INFO - [2025-04-16T00:08:36.203+0700] {dag.py:4180} INFO - Setting next_dagrun for example_params_ui_tutorial to None, run_after=None
[2025-04-16T00:08:36.228+0700] {processor.py:208} INFO - Processing /home/anhtupham99/NBA-analytics/py_env/lib/python3.11/site-packages/airflow/example_dags/example_params_ui_tutorial.py took 0.077 seconds
[2025-04-16T00:09:25.466+0700] {processor.py:186} INFO - Started process (PID=327096) to work on /home/anhtupham99/NBA-analytics/py_env/lib/python3.11/site-packages/airflow/example_dags/example_params_ui_tutorial.py
[2025-04-16T00:09:25.468+0700] {processor.py:914} INFO - Processing file /home/anhtupham99/NBA-analytics/py_env/lib/python3.11/site-packages/airflow/example_dags/example_params_ui_tutorial.py for tasks to queue
[2025-04-16T00:09:25.470+0700] {logging_mixin.py:190} INFO - [2025-04-16T00:09:25.469+0700] {dagbag.py:588} INFO - Filling up the DagBag from /home/anhtupham99/NBA-analytics/py_env/lib/python3.11/site-packages/airflow/example_dags/example_params_ui_tutorial.py
[2025-04-16T00:09:25.478+0700] {processor.py:925} INFO - DAG(s) 'example_params_ui_tutorial' retrieved from /home/anhtupham99/NBA-analytics/py_env/lib/python3.11/site-packages/airflow/example_dags/example_params_ui_tutorial.py
[2025-04-16T00:09:25.509+0700] {logging_mixin.py:190} INFO - [2025-04-16T00:09:25.509+0700] {dag.py:3239} INFO - Sync 1 DAGs
[2025-04-16T00:09:25.520+0700] {logging_mixin.py:190} INFO - [2025-04-16T00:09:25.519+0700] {dag.py:4180} INFO - Setting next_dagrun for example_params_ui_tutorial to None, run_after=None
[2025-04-16T00:09:25.546+0700] {processor.py:208} INFO - Processing /home/anhtupham99/NBA-analytics/py_env/lib/python3.11/site-packages/airflow/example_dags/example_params_ui_tutorial.py took 0.085 seconds
[2025-04-16T00:10:12.860+0700] {processor.py:186} INFO - Started process (PID=328306) to work on /home/anhtupham99/NBA-analytics/py_env/lib/python3.11/site-packages/airflow/example_dags/example_params_ui_tutorial.py
[2025-04-16T00:10:12.861+0700] {processor.py:914} INFO - Processing file /home/anhtupham99/NBA-analytics/py_env/lib/python3.11/site-packages/airflow/example_dags/example_params_ui_tutorial.py for tasks to queue
[2025-04-16T00:10:12.864+0700] {logging_mixin.py:190} INFO - [2025-04-16T00:10:12.863+0700] {dagbag.py:588} INFO - Filling up the DagBag from /home/anhtupham99/NBA-analytics/py_env/lib/python3.11/site-packages/airflow/example_dags/example_params_ui_tutorial.py
[2025-04-16T00:10:12.872+0700] {processor.py:925} INFO - DAG(s) 'example_params_ui_tutorial' retrieved from /home/anhtupham99/NBA-analytics/py_env/lib/python3.11/site-packages/airflow/example_dags/example_params_ui_tutorial.py
[2025-04-16T00:10:12.904+0700] {logging_mixin.py:190} INFO - [2025-04-16T00:10:12.904+0700] {dag.py:3239} INFO - Sync 1 DAGs
[2025-04-16T00:10:12.916+0700] {logging_mixin.py:190} INFO - [2025-04-16T00:10:12.916+0700] {dag.py:4180} INFO - Setting next_dagrun for example_params_ui_tutorial to None, run_after=None
[2025-04-16T00:10:12.942+0700] {processor.py:208} INFO - Processing /home/anhtupham99/NBA-analytics/py_env/lib/python3.11/site-packages/airflow/example_dags/example_params_ui_tutorial.py took 0.087 seconds
[2025-04-16T00:11:00.855+0700] {processor.py:186} INFO - Started process (PID=329345) to work on /home/anhtupham99/NBA-analytics/py_env/lib/python3.11/site-packages/airflow/example_dags/example_params_ui_tutorial.py
[2025-04-16T00:11:00.857+0700] {processor.py:914} INFO - Processing file /home/anhtupham99/NBA-analytics/py_env/lib/python3.11/site-packages/airflow/example_dags/example_params_ui_tutorial.py for tasks to queue
[2025-04-16T00:11:00.858+0700] {logging_mixin.py:190} INFO - [2025-04-16T00:11:00.858+0700] {dagbag.py:588} INFO - Filling up the DagBag from /home/anhtupham99/NBA-analytics/py_env/lib/python3.11/site-packages/airflow/example_dags/example_params_ui_tutorial.py
[2025-04-16T00:11:00.865+0700] {processor.py:925} INFO - DAG(s) 'example_params_ui_tutorial' retrieved from /home/anhtupham99/NBA-analytics/py_env/lib/python3.11/site-packages/airflow/example_dags/example_params_ui_tutorial.py
[2025-04-16T00:11:00.889+0700] {logging_mixin.py:190} INFO - [2025-04-16T00:11:00.889+0700] {dag.py:3239} INFO - Sync 1 DAGs
[2025-04-16T00:11:00.897+0700] {logging_mixin.py:190} INFO - [2025-04-16T00:11:00.897+0700] {dag.py:4180} INFO - Setting next_dagrun for example_params_ui_tutorial to None, run_after=None
[2025-04-16T00:11:00.919+0700] {processor.py:208} INFO - Processing /home/anhtupham99/NBA-analytics/py_env/lib/python3.11/site-packages/airflow/example_dags/example_params_ui_tutorial.py took 0.068 seconds
[2025-04-16T00:11:50.439+0700] {processor.py:186} INFO - Started process (PID=330383) to work on /home/anhtupham99/NBA-analytics/py_env/lib/python3.11/site-packages/airflow/example_dags/example_params_ui_tutorial.py
[2025-04-16T00:11:50.441+0700] {processor.py:914} INFO - Processing file /home/anhtupham99/NBA-analytics/py_env/lib/python3.11/site-packages/airflow/example_dags/example_params_ui_tutorial.py for tasks to queue
[2025-04-16T00:11:50.444+0700] {logging_mixin.py:190} INFO - [2025-04-16T00:11:50.443+0700] {dagbag.py:588} INFO - Filling up the DagBag from /home/anhtupham99/NBA-analytics/py_env/lib/python3.11/site-packages/airflow/example_dags/example_params_ui_tutorial.py
[2025-04-16T00:11:50.457+0700] {processor.py:925} INFO - DAG(s) 'example_params_ui_tutorial' retrieved from /home/anhtupham99/NBA-analytics/py_env/lib/python3.11/site-packages/airflow/example_dags/example_params_ui_tutorial.py
[2025-04-16T00:11:50.490+0700] {logging_mixin.py:190} INFO - [2025-04-16T00:11:50.489+0700] {dag.py:3239} INFO - Sync 1 DAGs
[2025-04-16T00:11:50.499+0700] {logging_mixin.py:190} INFO - [2025-04-16T00:11:50.499+0700] {dag.py:4180} INFO - Setting next_dagrun for example_params_ui_tutorial to None, run_after=None
[2025-04-16T00:11:50.523+0700] {processor.py:208} INFO - Processing /home/anhtupham99/NBA-analytics/py_env/lib/python3.11/site-packages/airflow/example_dags/example_params_ui_tutorial.py took 0.090 seconds
[2025-04-16T00:12:33.483+0700] {processor.py:186} INFO - Started process (PID=331775) to work on /home/anhtupham99/NBA-analytics/py_env/lib/python3.11/site-packages/airflow/example_dags/example_params_ui_tutorial.py
[2025-04-16T00:12:33.484+0700] {processor.py:914} INFO - Processing file /home/anhtupham99/NBA-analytics/py_env/lib/python3.11/site-packages/airflow/example_dags/example_params_ui_tutorial.py for tasks to queue
[2025-04-16T00:12:33.486+0700] {logging_mixin.py:190} INFO - [2025-04-16T00:12:33.485+0700] {dagbag.py:588} INFO - Filling up the DagBag from /home/anhtupham99/NBA-analytics/py_env/lib/python3.11/site-packages/airflow/example_dags/example_params_ui_tutorial.py
[2025-04-16T00:12:33.493+0700] {processor.py:925} INFO - DAG(s) 'example_params_ui_tutorial' retrieved from /home/anhtupham99/NBA-analytics/py_env/lib/python3.11/site-packages/airflow/example_dags/example_params_ui_tutorial.py
[2025-04-16T00:12:33.518+0700] {logging_mixin.py:190} INFO - [2025-04-16T00:12:33.518+0700] {dag.py:3239} INFO - Sync 1 DAGs
[2025-04-16T00:12:33.527+0700] {logging_mixin.py:190} INFO - [2025-04-16T00:12:33.527+0700] {dag.py:4180} INFO - Setting next_dagrun for example_params_ui_tutorial to None, run_after=None
[2025-04-16T00:12:33.553+0700] {processor.py:208} INFO - Processing /home/anhtupham99/NBA-analytics/py_env/lib/python3.11/site-packages/airflow/example_dags/example_params_ui_tutorial.py took 0.074 seconds
[2025-04-16T00:13:22.751+0700] {processor.py:186} INFO - Started process (PID=333329) to work on /home/anhtupham99/NBA-analytics/py_env/lib/python3.11/site-packages/airflow/example_dags/example_params_ui_tutorial.py
[2025-04-16T00:13:22.753+0700] {processor.py:914} INFO - Processing file /home/anhtupham99/NBA-analytics/py_env/lib/python3.11/site-packages/airflow/example_dags/example_params_ui_tutorial.py for tasks to queue
[2025-04-16T00:13:22.755+0700] {logging_mixin.py:190} INFO - [2025-04-16T00:13:22.755+0700] {dagbag.py:588} INFO - Filling up the DagBag from /home/anhtupham99/NBA-analytics/py_env/lib/python3.11/site-packages/airflow/example_dags/example_params_ui_tutorial.py
[2025-04-16T00:13:22.765+0700] {processor.py:925} INFO - DAG(s) 'example_params_ui_tutorial' retrieved from /home/anhtupham99/NBA-analytics/py_env/lib/python3.11/site-packages/airflow/example_dags/example_params_ui_tutorial.py
[2025-04-16T00:13:22.799+0700] {logging_mixin.py:190} INFO - [2025-04-16T00:13:22.798+0700] {dag.py:3239} INFO - Sync 1 DAGs
[2025-04-16T00:13:22.810+0700] {logging_mixin.py:190} INFO - [2025-04-16T00:13:22.810+0700] {dag.py:4180} INFO - Setting next_dagrun for example_params_ui_tutorial to None, run_after=None
[2025-04-16T00:13:22.834+0700] {processor.py:208} INFO - Processing /home/anhtupham99/NBA-analytics/py_env/lib/python3.11/site-packages/airflow/example_dags/example_params_ui_tutorial.py took 0.091 seconds
[2025-04-16T00:14:14.951+0700] {processor.py:186} INFO - Started process (PID=335384) to work on /home/anhtupham99/NBA-analytics/py_env/lib/python3.11/site-packages/airflow/example_dags/example_params_ui_tutorial.py
[2025-04-16T00:14:14.953+0700] {processor.py:914} INFO - Processing file /home/anhtupham99/NBA-analytics/py_env/lib/python3.11/site-packages/airflow/example_dags/example_params_ui_tutorial.py for tasks to queue
[2025-04-16T00:14:14.954+0700] {logging_mixin.py:190} INFO - [2025-04-16T00:14:14.954+0700] {dagbag.py:588} INFO - Filling up the DagBag from /home/anhtupham99/NBA-analytics/py_env/lib/python3.11/site-packages/airflow/example_dags/example_params_ui_tutorial.py
[2025-04-16T00:14:14.961+0700] {processor.py:925} INFO - DAG(s) 'example_params_ui_tutorial' retrieved from /home/anhtupham99/NBA-analytics/py_env/lib/python3.11/site-packages/airflow/example_dags/example_params_ui_tutorial.py
[2025-04-16T00:14:14.984+0700] {logging_mixin.py:190} INFO - [2025-04-16T00:14:14.984+0700] {dag.py:3239} INFO - Sync 1 DAGs
[2025-04-16T00:14:14.992+0700] {logging_mixin.py:190} INFO - [2025-04-16T00:14:14.992+0700] {dag.py:4180} INFO - Setting next_dagrun for example_params_ui_tutorial to None, run_after=None
[2025-04-16T00:14:15.014+0700] {processor.py:208} INFO - Processing /home/anhtupham99/NBA-analytics/py_env/lib/python3.11/site-packages/airflow/example_dags/example_params_ui_tutorial.py took 0.066 seconds
[2025-04-16T00:15:02.690+0700] {processor.py:186} INFO - Started process (PID=337481) to work on /home/anhtupham99/NBA-analytics/py_env/lib/python3.11/site-packages/airflow/example_dags/example_params_ui_tutorial.py
[2025-04-16T00:15:02.692+0700] {processor.py:914} INFO - Processing file /home/anhtupham99/NBA-analytics/py_env/lib/python3.11/site-packages/airflow/example_dags/example_params_ui_tutorial.py for tasks to queue
[2025-04-16T00:15:02.693+0700] {logging_mixin.py:190} INFO - [2025-04-16T00:15:02.693+0700] {dagbag.py:588} INFO - Filling up the DagBag from /home/anhtupham99/NBA-analytics/py_env/lib/python3.11/site-packages/airflow/example_dags/example_params_ui_tutorial.py
[2025-04-16T00:15:02.700+0700] {processor.py:925} INFO - DAG(s) 'example_params_ui_tutorial' retrieved from /home/anhtupham99/NBA-analytics/py_env/lib/python3.11/site-packages/airflow/example_dags/example_params_ui_tutorial.py
[2025-04-16T00:15:02.724+0700] {logging_mixin.py:190} INFO - [2025-04-16T00:15:02.724+0700] {dag.py:3239} INFO - Sync 1 DAGs
[2025-04-16T00:15:02.736+0700] {logging_mixin.py:190} INFO - [2025-04-16T00:15:02.736+0700] {dag.py:4180} INFO - Setting next_dagrun for example_params_ui_tutorial to None, run_after=None
[2025-04-16T00:15:02.770+0700] {processor.py:208} INFO - Processing /home/anhtupham99/NBA-analytics/py_env/lib/python3.11/site-packages/airflow/example_dags/example_params_ui_tutorial.py took 0.084 seconds
[2025-04-16T00:15:52.701+0700] {processor.py:186} INFO - Started process (PID=339826) to work on /home/anhtupham99/NBA-analytics/py_env/lib/python3.11/site-packages/airflow/example_dags/example_params_ui_tutorial.py
[2025-04-16T00:15:52.702+0700] {processor.py:914} INFO - Processing file /home/anhtupham99/NBA-analytics/py_env/lib/python3.11/site-packages/airflow/example_dags/example_params_ui_tutorial.py for tasks to queue
[2025-04-16T00:15:52.704+0700] {logging_mixin.py:190} INFO - [2025-04-16T00:15:52.703+0700] {dagbag.py:588} INFO - Filling up the DagBag from /home/anhtupham99/NBA-analytics/py_env/lib/python3.11/site-packages/airflow/example_dags/example_params_ui_tutorial.py
[2025-04-16T00:15:52.711+0700] {processor.py:925} INFO - DAG(s) 'example_params_ui_tutorial' retrieved from /home/anhtupham99/NBA-analytics/py_env/lib/python3.11/site-packages/airflow/example_dags/example_params_ui_tutorial.py
[2025-04-16T00:15:52.739+0700] {logging_mixin.py:190} INFO - [2025-04-16T00:15:52.738+0700] {dag.py:3239} INFO - Sync 1 DAGs
[2025-04-16T00:15:52.750+0700] {logging_mixin.py:190} INFO - [2025-04-16T00:15:52.750+0700] {dag.py:4180} INFO - Setting next_dagrun for example_params_ui_tutorial to None, run_after=None
[2025-04-16T00:15:52.776+0700] {processor.py:208} INFO - Processing /home/anhtupham99/NBA-analytics/py_env/lib/python3.11/site-packages/airflow/example_dags/example_params_ui_tutorial.py took 0.080 seconds
[2025-04-16T00:16:43.171+0700] {processor.py:186} INFO - Started process (PID=342360) to work on /home/anhtupham99/NBA-analytics/py_env/lib/python3.11/site-packages/airflow/example_dags/example_params_ui_tutorial.py
[2025-04-16T00:16:43.172+0700] {processor.py:914} INFO - Processing file /home/anhtupham99/NBA-analytics/py_env/lib/python3.11/site-packages/airflow/example_dags/example_params_ui_tutorial.py for tasks to queue
[2025-04-16T00:16:43.174+0700] {logging_mixin.py:190} INFO - [2025-04-16T00:16:43.174+0700] {dagbag.py:588} INFO - Filling up the DagBag from /home/anhtupham99/NBA-analytics/py_env/lib/python3.11/site-packages/airflow/example_dags/example_params_ui_tutorial.py
[2025-04-16T00:16:43.181+0700] {processor.py:925} INFO - DAG(s) 'example_params_ui_tutorial' retrieved from /home/anhtupham99/NBA-analytics/py_env/lib/python3.11/site-packages/airflow/example_dags/example_params_ui_tutorial.py
[2025-04-16T00:16:43.209+0700] {logging_mixin.py:190} INFO - [2025-04-16T00:16:43.208+0700] {dag.py:3239} INFO - Sync 1 DAGs
[2025-04-16T00:16:43.217+0700] {logging_mixin.py:190} INFO - [2025-04-16T00:16:43.217+0700] {dag.py:4180} INFO - Setting next_dagrun for example_params_ui_tutorial to None, run_after=None
[2025-04-16T00:16:43.247+0700] {processor.py:208} INFO - Processing /home/anhtupham99/NBA-analytics/py_env/lib/python3.11/site-packages/airflow/example_dags/example_params_ui_tutorial.py took 0.082 seconds
[2025-04-16T00:17:32.690+0700] {processor.py:186} INFO - Started process (PID=344355) to work on /home/anhtupham99/NBA-analytics/py_env/lib/python3.11/site-packages/airflow/example_dags/example_params_ui_tutorial.py
[2025-04-16T00:17:32.692+0700] {processor.py:914} INFO - Processing file /home/anhtupham99/NBA-analytics/py_env/lib/python3.11/site-packages/airflow/example_dags/example_params_ui_tutorial.py for tasks to queue
[2025-04-16T00:17:32.694+0700] {logging_mixin.py:190} INFO - [2025-04-16T00:17:32.693+0700] {dagbag.py:588} INFO - Filling up the DagBag from /home/anhtupham99/NBA-analytics/py_env/lib/python3.11/site-packages/airflow/example_dags/example_params_ui_tutorial.py
[2025-04-16T00:17:32.700+0700] {processor.py:925} INFO - DAG(s) 'example_params_ui_tutorial' retrieved from /home/anhtupham99/NBA-analytics/py_env/lib/python3.11/site-packages/airflow/example_dags/example_params_ui_tutorial.py
[2025-04-16T00:17:32.725+0700] {logging_mixin.py:190} INFO - [2025-04-16T00:17:32.725+0700] {dag.py:3239} INFO - Sync 1 DAGs
[2025-04-16T00:17:32.734+0700] {logging_mixin.py:190} INFO - [2025-04-16T00:17:32.734+0700] {dag.py:4180} INFO - Setting next_dagrun for example_params_ui_tutorial to None, run_after=None
[2025-04-16T00:17:32.762+0700] {processor.py:208} INFO - Processing /home/anhtupham99/NBA-analytics/py_env/lib/python3.11/site-packages/airflow/example_dags/example_params_ui_tutorial.py took 0.076 seconds
[2025-04-16T00:18:22.676+0700] {processor.py:186} INFO - Started process (PID=346532) to work on /home/anhtupham99/NBA-analytics/py_env/lib/python3.11/site-packages/airflow/example_dags/example_params_ui_tutorial.py
[2025-04-16T00:18:22.677+0700] {processor.py:914} INFO - Processing file /home/anhtupham99/NBA-analytics/py_env/lib/python3.11/site-packages/airflow/example_dags/example_params_ui_tutorial.py for tasks to queue
[2025-04-16T00:18:22.679+0700] {logging_mixin.py:190} INFO - [2025-04-16T00:18:22.679+0700] {dagbag.py:588} INFO - Filling up the DagBag from /home/anhtupham99/NBA-analytics/py_env/lib/python3.11/site-packages/airflow/example_dags/example_params_ui_tutorial.py
[2025-04-16T00:18:22.688+0700] {processor.py:925} INFO - DAG(s) 'example_params_ui_tutorial' retrieved from /home/anhtupham99/NBA-analytics/py_env/lib/python3.11/site-packages/airflow/example_dags/example_params_ui_tutorial.py
[2025-04-16T00:18:22.717+0700] {logging_mixin.py:190} INFO - [2025-04-16T00:18:22.717+0700] {dag.py:3239} INFO - Sync 1 DAGs
[2025-04-16T00:18:22.728+0700] {logging_mixin.py:190} INFO - [2025-04-16T00:18:22.728+0700] {dag.py:4180} INFO - Setting next_dagrun for example_params_ui_tutorial to None, run_after=None
[2025-04-16T00:18:22.759+0700] {processor.py:208} INFO - Processing /home/anhtupham99/NBA-analytics/py_env/lib/python3.11/site-packages/airflow/example_dags/example_params_ui_tutorial.py took 0.089 seconds
[2025-04-16T00:19:11.829+0700] {processor.py:186} INFO - Started process (PID=349162) to work on /home/anhtupham99/NBA-analytics/py_env/lib/python3.11/site-packages/airflow/example_dags/example_params_ui_tutorial.py
[2025-04-16T00:19:11.831+0700] {processor.py:914} INFO - Processing file /home/anhtupham99/NBA-analytics/py_env/lib/python3.11/site-packages/airflow/example_dags/example_params_ui_tutorial.py for tasks to queue
[2025-04-16T00:19:11.833+0700] {logging_mixin.py:190} INFO - [2025-04-16T00:19:11.832+0700] {dagbag.py:588} INFO - Filling up the DagBag from /home/anhtupham99/NBA-analytics/py_env/lib/python3.11/site-packages/airflow/example_dags/example_params_ui_tutorial.py
[2025-04-16T00:19:11.841+0700] {processor.py:925} INFO - DAG(s) 'example_params_ui_tutorial' retrieved from /home/anhtupham99/NBA-analytics/py_env/lib/python3.11/site-packages/airflow/example_dags/example_params_ui_tutorial.py
[2025-04-16T00:19:11.874+0700] {logging_mixin.py:190} INFO - [2025-04-16T00:19:11.874+0700] {dag.py:3239} INFO - Sync 1 DAGs
[2025-04-16T00:19:11.884+0700] {logging_mixin.py:190} INFO - [2025-04-16T00:19:11.884+0700] {dag.py:4180} INFO - Setting next_dagrun for example_params_ui_tutorial to None, run_after=None
[2025-04-16T00:19:11.909+0700] {processor.py:208} INFO - Processing /home/anhtupham99/NBA-analytics/py_env/lib/python3.11/site-packages/airflow/example_dags/example_params_ui_tutorial.py took 0.086 seconds
[2025-04-16T00:20:01.992+0700] {processor.py:186} INFO - Started process (PID=351178) to work on /home/anhtupham99/NBA-analytics/py_env/lib/python3.11/site-packages/airflow/example_dags/example_params_ui_tutorial.py
[2025-04-16T00:20:01.993+0700] {processor.py:914} INFO - Processing file /home/anhtupham99/NBA-analytics/py_env/lib/python3.11/site-packages/airflow/example_dags/example_params_ui_tutorial.py for tasks to queue
[2025-04-16T00:20:01.995+0700] {logging_mixin.py:190} INFO - [2025-04-16T00:20:01.995+0700] {dagbag.py:588} INFO - Filling up the DagBag from /home/anhtupham99/NBA-analytics/py_env/lib/python3.11/site-packages/airflow/example_dags/example_params_ui_tutorial.py
[2025-04-16T00:20:02.006+0700] {processor.py:925} INFO - DAG(s) 'example_params_ui_tutorial' retrieved from /home/anhtupham99/NBA-analytics/py_env/lib/python3.11/site-packages/airflow/example_dags/example_params_ui_tutorial.py
[2025-04-16T00:20:02.054+0700] {logging_mixin.py:190} INFO - [2025-04-16T00:20:02.054+0700] {dag.py:3239} INFO - Sync 1 DAGs
[2025-04-16T00:20:02.068+0700] {logging_mixin.py:190} INFO - [2025-04-16T00:20:02.068+0700] {dag.py:4180} INFO - Setting next_dagrun for example_params_ui_tutorial to None, run_after=None
[2025-04-16T00:20:02.105+0700] {processor.py:208} INFO - Processing /home/anhtupham99/NBA-analytics/py_env/lib/python3.11/site-packages/airflow/example_dags/example_params_ui_tutorial.py took 0.119 seconds
[2025-04-16T00:20:50.787+0700] {processor.py:186} INFO - Started process (PID=352881) to work on /home/anhtupham99/NBA-analytics/py_env/lib/python3.11/site-packages/airflow/example_dags/example_params_ui_tutorial.py
[2025-04-16T00:20:50.789+0700] {processor.py:914} INFO - Processing file /home/anhtupham99/NBA-analytics/py_env/lib/python3.11/site-packages/airflow/example_dags/example_params_ui_tutorial.py for tasks to queue
[2025-04-16T00:20:50.792+0700] {logging_mixin.py:190} INFO - [2025-04-16T00:20:50.791+0700] {dagbag.py:588} INFO - Filling up the DagBag from /home/anhtupham99/NBA-analytics/py_env/lib/python3.11/site-packages/airflow/example_dags/example_params_ui_tutorial.py
[2025-04-16T00:20:50.801+0700] {processor.py:925} INFO - DAG(s) 'example_params_ui_tutorial' retrieved from /home/anhtupham99/NBA-analytics/py_env/lib/python3.11/site-packages/airflow/example_dags/example_params_ui_tutorial.py
[2025-04-16T00:20:50.837+0700] {logging_mixin.py:190} INFO - [2025-04-16T00:20:50.837+0700] {dag.py:3239} INFO - Sync 1 DAGs
[2025-04-16T00:20:50.850+0700] {logging_mixin.py:190} INFO - [2025-04-16T00:20:50.850+0700] {dag.py:4180} INFO - Setting next_dagrun for example_params_ui_tutorial to None, run_after=None
[2025-04-16T00:20:50.879+0700] {processor.py:208} INFO - Processing /home/anhtupham99/NBA-analytics/py_env/lib/python3.11/site-packages/airflow/example_dags/example_params_ui_tutorial.py took 0.098 seconds
[2025-04-16T00:21:40.949+0700] {processor.py:186} INFO - Started process (PID=354960) to work on /home/anhtupham99/NBA-analytics/py_env/lib/python3.11/site-packages/airflow/example_dags/example_params_ui_tutorial.py
[2025-04-16T00:21:40.951+0700] {processor.py:914} INFO - Processing file /home/anhtupham99/NBA-analytics/py_env/lib/python3.11/site-packages/airflow/example_dags/example_params_ui_tutorial.py for tasks to queue
[2025-04-16T00:21:40.953+0700] {logging_mixin.py:190} INFO - [2025-04-16T00:21:40.953+0700] {dagbag.py:588} INFO - Filling up the DagBag from /home/anhtupham99/NBA-analytics/py_env/lib/python3.11/site-packages/airflow/example_dags/example_params_ui_tutorial.py
[2025-04-16T00:21:40.961+0700] {processor.py:925} INFO - DAG(s) 'example_params_ui_tutorial' retrieved from /home/anhtupham99/NBA-analytics/py_env/lib/python3.11/site-packages/airflow/example_dags/example_params_ui_tutorial.py
[2025-04-16T00:21:40.994+0700] {logging_mixin.py:190} INFO - [2025-04-16T00:21:40.993+0700] {dag.py:3239} INFO - Sync 1 DAGs
[2025-04-16T00:21:41.004+0700] {logging_mixin.py:190} INFO - [2025-04-16T00:21:41.004+0700] {dag.py:4180} INFO - Setting next_dagrun for example_params_ui_tutorial to None, run_after=None
[2025-04-16T00:21:41.029+0700] {processor.py:208} INFO - Processing /home/anhtupham99/NBA-analytics/py_env/lib/python3.11/site-packages/airflow/example_dags/example_params_ui_tutorial.py took 0.085 seconds
[2025-04-16T00:22:32.818+0700] {processor.py:186} INFO - Started process (PID=356899) to work on /home/anhtupham99/NBA-analytics/py_env/lib/python3.11/site-packages/airflow/example_dags/example_params_ui_tutorial.py
[2025-04-16T00:22:32.821+0700] {processor.py:914} INFO - Processing file /home/anhtupham99/NBA-analytics/py_env/lib/python3.11/site-packages/airflow/example_dags/example_params_ui_tutorial.py for tasks to queue
[2025-04-16T00:22:32.823+0700] {logging_mixin.py:190} INFO - [2025-04-16T00:22:32.822+0700] {dagbag.py:588} INFO - Filling up the DagBag from /home/anhtupham99/NBA-analytics/py_env/lib/python3.11/site-packages/airflow/example_dags/example_params_ui_tutorial.py
[2025-04-16T00:22:32.833+0700] {processor.py:925} INFO - DAG(s) 'example_params_ui_tutorial' retrieved from /home/anhtupham99/NBA-analytics/py_env/lib/python3.11/site-packages/airflow/example_dags/example_params_ui_tutorial.py
[2025-04-16T00:22:32.879+0700] {logging_mixin.py:190} INFO - [2025-04-16T00:22:32.879+0700] {dag.py:3239} INFO - Sync 1 DAGs
[2025-04-16T00:22:32.890+0700] {logging_mixin.py:190} INFO - [2025-04-16T00:22:32.890+0700] {dag.py:4180} INFO - Setting next_dagrun for example_params_ui_tutorial to None, run_after=None
[2025-04-16T00:22:32.919+0700] {processor.py:208} INFO - Processing /home/anhtupham99/NBA-analytics/py_env/lib/python3.11/site-packages/airflow/example_dags/example_params_ui_tutorial.py took 0.109 seconds
[2025-04-16T00:23:21.680+0700] {processor.py:186} INFO - Started process (PID=358216) to work on /home/anhtupham99/NBA-analytics/py_env/lib/python3.11/site-packages/airflow/example_dags/example_params_ui_tutorial.py
[2025-04-16T00:23:21.681+0700] {processor.py:914} INFO - Processing file /home/anhtupham99/NBA-analytics/py_env/lib/python3.11/site-packages/airflow/example_dags/example_params_ui_tutorial.py for tasks to queue
[2025-04-16T00:23:21.683+0700] {logging_mixin.py:190} INFO - [2025-04-16T00:23:21.683+0700] {dagbag.py:588} INFO - Filling up the DagBag from /home/anhtupham99/NBA-analytics/py_env/lib/python3.11/site-packages/airflow/example_dags/example_params_ui_tutorial.py
[2025-04-16T00:23:21.691+0700] {processor.py:925} INFO - DAG(s) 'example_params_ui_tutorial' retrieved from /home/anhtupham99/NBA-analytics/py_env/lib/python3.11/site-packages/airflow/example_dags/example_params_ui_tutorial.py
[2025-04-16T00:23:21.731+0700] {logging_mixin.py:190} INFO - [2025-04-16T00:23:21.730+0700] {dag.py:3239} INFO - Sync 1 DAGs
[2025-04-16T00:23:21.744+0700] {logging_mixin.py:190} INFO - [2025-04-16T00:23:21.744+0700] {dag.py:4180} INFO - Setting next_dagrun for example_params_ui_tutorial to None, run_after=None
[2025-04-16T00:23:21.779+0700] {processor.py:208} INFO - Processing /home/anhtupham99/NBA-analytics/py_env/lib/python3.11/site-packages/airflow/example_dags/example_params_ui_tutorial.py took 0.104 seconds
[2025-04-16T00:24:06.437+0700] {processor.py:186} INFO - Started process (PID=359800) to work on /home/anhtupham99/NBA-analytics/py_env/lib/python3.11/site-packages/airflow/example_dags/example_params_ui_tutorial.py
[2025-04-16T00:24:06.442+0700] {processor.py:914} INFO - Processing file /home/anhtupham99/NBA-analytics/py_env/lib/python3.11/site-packages/airflow/example_dags/example_params_ui_tutorial.py for tasks to queue
[2025-04-16T00:24:06.447+0700] {logging_mixin.py:190} INFO - [2025-04-16T00:24:06.446+0700] {dagbag.py:588} INFO - Filling up the DagBag from /home/anhtupham99/NBA-analytics/py_env/lib/python3.11/site-packages/airflow/example_dags/example_params_ui_tutorial.py
[2025-04-16T00:24:06.465+0700] {processor.py:925} INFO - DAG(s) 'example_params_ui_tutorial' retrieved from /home/anhtupham99/NBA-analytics/py_env/lib/python3.11/site-packages/airflow/example_dags/example_params_ui_tutorial.py
[2025-04-16T00:24:06.518+0700] {logging_mixin.py:190} INFO - [2025-04-16T00:24:06.518+0700] {dag.py:3239} INFO - Sync 1 DAGs
[2025-04-16T00:24:06.534+0700] {logging_mixin.py:190} INFO - [2025-04-16T00:24:06.534+0700] {dag.py:4180} INFO - Setting next_dagrun for example_params_ui_tutorial to None, run_after=None
[2025-04-16T00:24:06.573+0700] {processor.py:208} INFO - Processing /home/anhtupham99/NBA-analytics/py_env/lib/python3.11/site-packages/airflow/example_dags/example_params_ui_tutorial.py took 0.146 seconds
[2025-04-16T00:24:58.741+0700] {processor.py:186} INFO - Started process (PID=361789) to work on /home/anhtupham99/NBA-analytics/py_env/lib/python3.11/site-packages/airflow/example_dags/example_params_ui_tutorial.py
[2025-04-16T00:24:58.743+0700] {processor.py:914} INFO - Processing file /home/anhtupham99/NBA-analytics/py_env/lib/python3.11/site-packages/airflow/example_dags/example_params_ui_tutorial.py for tasks to queue
[2025-04-16T00:24:58.744+0700] {logging_mixin.py:190} INFO - [2025-04-16T00:24:58.744+0700] {dagbag.py:588} INFO - Filling up the DagBag from /home/anhtupham99/NBA-analytics/py_env/lib/python3.11/site-packages/airflow/example_dags/example_params_ui_tutorial.py
[2025-04-16T00:24:58.752+0700] {processor.py:925} INFO - DAG(s) 'example_params_ui_tutorial' retrieved from /home/anhtupham99/NBA-analytics/py_env/lib/python3.11/site-packages/airflow/example_dags/example_params_ui_tutorial.py
[2025-04-16T00:24:58.783+0700] {logging_mixin.py:190} INFO - [2025-04-16T00:24:58.782+0700] {dag.py:3239} INFO - Sync 1 DAGs
[2025-04-16T00:24:58.796+0700] {logging_mixin.py:190} INFO - [2025-04-16T00:24:58.796+0700] {dag.py:4180} INFO - Setting next_dagrun for example_params_ui_tutorial to None, run_after=None
[2025-04-16T00:24:58.824+0700] {processor.py:208} INFO - Processing /home/anhtupham99/NBA-analytics/py_env/lib/python3.11/site-packages/airflow/example_dags/example_params_ui_tutorial.py took 0.088 seconds
[2025-04-16T00:25:45.951+0700] {processor.py:186} INFO - Started process (PID=363747) to work on /home/anhtupham99/NBA-analytics/py_env/lib/python3.11/site-packages/airflow/example_dags/example_params_ui_tutorial.py
[2025-04-16T00:25:45.952+0700] {processor.py:914} INFO - Processing file /home/anhtupham99/NBA-analytics/py_env/lib/python3.11/site-packages/airflow/example_dags/example_params_ui_tutorial.py for tasks to queue
[2025-04-16T00:25:45.954+0700] {logging_mixin.py:190} INFO - [2025-04-16T00:25:45.954+0700] {dagbag.py:588} INFO - Filling up the DagBag from /home/anhtupham99/NBA-analytics/py_env/lib/python3.11/site-packages/airflow/example_dags/example_params_ui_tutorial.py
[2025-04-16T00:25:45.962+0700] {processor.py:925} INFO - DAG(s) 'example_params_ui_tutorial' retrieved from /home/anhtupham99/NBA-analytics/py_env/lib/python3.11/site-packages/airflow/example_dags/example_params_ui_tutorial.py
[2025-04-16T00:25:45.991+0700] {logging_mixin.py:190} INFO - [2025-04-16T00:25:45.991+0700] {dag.py:3239} INFO - Sync 1 DAGs
[2025-04-16T00:25:46.003+0700] {logging_mixin.py:190} INFO - [2025-04-16T00:25:46.003+0700] {dag.py:4180} INFO - Setting next_dagrun for example_params_ui_tutorial to None, run_after=None
[2025-04-16T00:25:46.031+0700] {processor.py:208} INFO - Processing /home/anhtupham99/NBA-analytics/py_env/lib/python3.11/site-packages/airflow/example_dags/example_params_ui_tutorial.py took 0.086 seconds
[2025-04-16T00:26:34.840+0700] {processor.py:186} INFO - Started process (PID=364939) to work on /home/anhtupham99/NBA-analytics/py_env/lib/python3.11/site-packages/airflow/example_dags/example_params_ui_tutorial.py
[2025-04-16T00:26:34.841+0700] {processor.py:914} INFO - Processing file /home/anhtupham99/NBA-analytics/py_env/lib/python3.11/site-packages/airflow/example_dags/example_params_ui_tutorial.py for tasks to queue
[2025-04-16T00:26:34.843+0700] {logging_mixin.py:190} INFO - [2025-04-16T00:26:34.843+0700] {dagbag.py:588} INFO - Filling up the DagBag from /home/anhtupham99/NBA-analytics/py_env/lib/python3.11/site-packages/airflow/example_dags/example_params_ui_tutorial.py
[2025-04-16T00:26:34.850+0700] {processor.py:925} INFO - DAG(s) 'example_params_ui_tutorial' retrieved from /home/anhtupham99/NBA-analytics/py_env/lib/python3.11/site-packages/airflow/example_dags/example_params_ui_tutorial.py
[2025-04-16T00:26:34.878+0700] {logging_mixin.py:190} INFO - [2025-04-16T00:26:34.877+0700] {dag.py:3239} INFO - Sync 1 DAGs
[2025-04-16T00:26:34.887+0700] {logging_mixin.py:190} INFO - [2025-04-16T00:26:34.887+0700] {dag.py:4180} INFO - Setting next_dagrun for example_params_ui_tutorial to None, run_after=None
[2025-04-16T00:26:34.912+0700] {processor.py:208} INFO - Processing /home/anhtupham99/NBA-analytics/py_env/lib/python3.11/site-packages/airflow/example_dags/example_params_ui_tutorial.py took 0.076 seconds
[2025-04-16T00:27:23.619+0700] {processor.py:186} INFO - Started process (PID=366035) to work on /home/anhtupham99/NBA-analytics/py_env/lib/python3.11/site-packages/airflow/example_dags/example_params_ui_tutorial.py
[2025-04-16T00:27:23.622+0700] {processor.py:914} INFO - Processing file /home/anhtupham99/NBA-analytics/py_env/lib/python3.11/site-packages/airflow/example_dags/example_params_ui_tutorial.py for tasks to queue
[2025-04-16T00:27:23.624+0700] {logging_mixin.py:190} INFO - [2025-04-16T00:27:23.624+0700] {dagbag.py:588} INFO - Filling up the DagBag from /home/anhtupham99/NBA-analytics/py_env/lib/python3.11/site-packages/airflow/example_dags/example_params_ui_tutorial.py
[2025-04-16T00:27:23.633+0700] {processor.py:925} INFO - DAG(s) 'example_params_ui_tutorial' retrieved from /home/anhtupham99/NBA-analytics/py_env/lib/python3.11/site-packages/airflow/example_dags/example_params_ui_tutorial.py
[2025-04-16T00:27:23.669+0700] {logging_mixin.py:190} INFO - [2025-04-16T00:27:23.669+0700] {dag.py:3239} INFO - Sync 1 DAGs
[2025-04-16T00:27:23.680+0700] {logging_mixin.py:190} INFO - [2025-04-16T00:27:23.680+0700] {dag.py:4180} INFO - Setting next_dagrun for example_params_ui_tutorial to None, run_after=None
[2025-04-16T00:27:23.709+0700] {processor.py:208} INFO - Processing /home/anhtupham99/NBA-analytics/py_env/lib/python3.11/site-packages/airflow/example_dags/example_params_ui_tutorial.py took 0.095 seconds
[2025-04-16T00:28:10.750+0700] {processor.py:186} INFO - Started process (PID=367358) to work on /home/anhtupham99/NBA-analytics/py_env/lib/python3.11/site-packages/airflow/example_dags/example_params_ui_tutorial.py
[2025-04-16T00:28:10.752+0700] {processor.py:914} INFO - Processing file /home/anhtupham99/NBA-analytics/py_env/lib/python3.11/site-packages/airflow/example_dags/example_params_ui_tutorial.py for tasks to queue
[2025-04-16T00:28:10.755+0700] {logging_mixin.py:190} INFO - [2025-04-16T00:28:10.754+0700] {dagbag.py:588} INFO - Filling up the DagBag from /home/anhtupham99/NBA-analytics/py_env/lib/python3.11/site-packages/airflow/example_dags/example_params_ui_tutorial.py
[2025-04-16T00:28:10.764+0700] {processor.py:925} INFO - DAG(s) 'example_params_ui_tutorial' retrieved from /home/anhtupham99/NBA-analytics/py_env/lib/python3.11/site-packages/airflow/example_dags/example_params_ui_tutorial.py
[2025-04-16T00:28:10.796+0700] {logging_mixin.py:190} INFO - [2025-04-16T00:28:10.796+0700] {dag.py:3239} INFO - Sync 1 DAGs
[2025-04-16T00:28:10.808+0700] {logging_mixin.py:190} INFO - [2025-04-16T00:28:10.808+0700] {dag.py:4180} INFO - Setting next_dagrun for example_params_ui_tutorial to None, run_after=None
[2025-04-16T00:28:10.832+0700] {processor.py:208} INFO - Processing /home/anhtupham99/NBA-analytics/py_env/lib/python3.11/site-packages/airflow/example_dags/example_params_ui_tutorial.py took 0.089 seconds
[2025-04-16T00:28:56.898+0700] {processor.py:186} INFO - Started process (PID=368393) to work on /home/anhtupham99/NBA-analytics/py_env/lib/python3.11/site-packages/airflow/example_dags/example_params_ui_tutorial.py
[2025-04-16T00:28:56.899+0700] {processor.py:914} INFO - Processing file /home/anhtupham99/NBA-analytics/py_env/lib/python3.11/site-packages/airflow/example_dags/example_params_ui_tutorial.py for tasks to queue
[2025-04-16T00:28:56.901+0700] {logging_mixin.py:190} INFO - [2025-04-16T00:28:56.901+0700] {dagbag.py:588} INFO - Filling up the DagBag from /home/anhtupham99/NBA-analytics/py_env/lib/python3.11/site-packages/airflow/example_dags/example_params_ui_tutorial.py
[2025-04-16T00:28:56.911+0700] {processor.py:925} INFO - DAG(s) 'example_params_ui_tutorial' retrieved from /home/anhtupham99/NBA-analytics/py_env/lib/python3.11/site-packages/airflow/example_dags/example_params_ui_tutorial.py
[2025-04-16T00:28:56.941+0700] {logging_mixin.py:190} INFO - [2025-04-16T00:28:56.941+0700] {dag.py:3239} INFO - Sync 1 DAGs
[2025-04-16T00:28:56.952+0700] {logging_mixin.py:190} INFO - [2025-04-16T00:28:56.952+0700] {dag.py:4180} INFO - Setting next_dagrun for example_params_ui_tutorial to None, run_after=None
[2025-04-16T00:28:56.983+0700] {processor.py:208} INFO - Processing /home/anhtupham99/NBA-analytics/py_env/lib/python3.11/site-packages/airflow/example_dags/example_params_ui_tutorial.py took 0.094 seconds
[2025-04-16T00:29:45.925+0700] {processor.py:186} INFO - Started process (PID=369542) to work on /home/anhtupham99/NBA-analytics/py_env/lib/python3.11/site-packages/airflow/example_dags/example_params_ui_tutorial.py
[2025-04-16T00:29:45.927+0700] {processor.py:914} INFO - Processing file /home/anhtupham99/NBA-analytics/py_env/lib/python3.11/site-packages/airflow/example_dags/example_params_ui_tutorial.py for tasks to queue
[2025-04-16T00:29:45.928+0700] {logging_mixin.py:190} INFO - [2025-04-16T00:29:45.928+0700] {dagbag.py:588} INFO - Filling up the DagBag from /home/anhtupham99/NBA-analytics/py_env/lib/python3.11/site-packages/airflow/example_dags/example_params_ui_tutorial.py
[2025-04-16T00:29:45.937+0700] {processor.py:925} INFO - DAG(s) 'example_params_ui_tutorial' retrieved from /home/anhtupham99/NBA-analytics/py_env/lib/python3.11/site-packages/airflow/example_dags/example_params_ui_tutorial.py
[2025-04-16T00:29:45.966+0700] {logging_mixin.py:190} INFO - [2025-04-16T00:29:45.966+0700] {dag.py:3239} INFO - Sync 1 DAGs
[2025-04-16T00:29:45.975+0700] {logging_mixin.py:190} INFO - [2025-04-16T00:29:45.975+0700] {dag.py:4180} INFO - Setting next_dagrun for example_params_ui_tutorial to None, run_after=None
[2025-04-16T00:29:45.998+0700] {processor.py:208} INFO - Processing /home/anhtupham99/NBA-analytics/py_env/lib/python3.11/site-packages/airflow/example_dags/example_params_ui_tutorial.py took 0.077 seconds
[2025-04-16T00:30:34.816+0700] {processor.py:186} INFO - Started process (PID=370688) to work on /home/anhtupham99/NBA-analytics/py_env/lib/python3.11/site-packages/airflow/example_dags/example_params_ui_tutorial.py
[2025-04-16T00:30:34.818+0700] {processor.py:914} INFO - Processing file /home/anhtupham99/NBA-analytics/py_env/lib/python3.11/site-packages/airflow/example_dags/example_params_ui_tutorial.py for tasks to queue
[2025-04-16T00:30:34.820+0700] {logging_mixin.py:190} INFO - [2025-04-16T00:30:34.820+0700] {dagbag.py:588} INFO - Filling up the DagBag from /home/anhtupham99/NBA-analytics/py_env/lib/python3.11/site-packages/airflow/example_dags/example_params_ui_tutorial.py
[2025-04-16T00:30:34.829+0700] {processor.py:925} INFO - DAG(s) 'example_params_ui_tutorial' retrieved from /home/anhtupham99/NBA-analytics/py_env/lib/python3.11/site-packages/airflow/example_dags/example_params_ui_tutorial.py
[2025-04-16T00:30:34.861+0700] {logging_mixin.py:190} INFO - [2025-04-16T00:30:34.860+0700] {dag.py:3239} INFO - Sync 1 DAGs
[2025-04-16T00:30:34.872+0700] {logging_mixin.py:190} INFO - [2025-04-16T00:30:34.872+0700] {dag.py:4180} INFO - Setting next_dagrun for example_params_ui_tutorial to None, run_after=None
[2025-04-16T00:30:34.899+0700] {processor.py:208} INFO - Processing /home/anhtupham99/NBA-analytics/py_env/lib/python3.11/site-packages/airflow/example_dags/example_params_ui_tutorial.py took 0.088 seconds
[2025-04-16T00:31:22.035+0700] {processor.py:186} INFO - Started process (PID=372097) to work on /home/anhtupham99/NBA-analytics/py_env/lib/python3.11/site-packages/airflow/example_dags/example_params_ui_tutorial.py
[2025-04-16T00:31:22.036+0700] {processor.py:914} INFO - Processing file /home/anhtupham99/NBA-analytics/py_env/lib/python3.11/site-packages/airflow/example_dags/example_params_ui_tutorial.py for tasks to queue
[2025-04-16T00:31:22.038+0700] {logging_mixin.py:190} INFO - [2025-04-16T00:31:22.037+0700] {dagbag.py:588} INFO - Filling up the DagBag from /home/anhtupham99/NBA-analytics/py_env/lib/python3.11/site-packages/airflow/example_dags/example_params_ui_tutorial.py
[2025-04-16T00:31:22.044+0700] {processor.py:925} INFO - DAG(s) 'example_params_ui_tutorial' retrieved from /home/anhtupham99/NBA-analytics/py_env/lib/python3.11/site-packages/airflow/example_dags/example_params_ui_tutorial.py
[2025-04-16T00:31:22.069+0700] {logging_mixin.py:190} INFO - [2025-04-16T00:31:22.069+0700] {dag.py:3239} INFO - Sync 1 DAGs
[2025-04-16T00:31:22.078+0700] {logging_mixin.py:190} INFO - [2025-04-16T00:31:22.078+0700] {dag.py:4180} INFO - Setting next_dagrun for example_params_ui_tutorial to None, run_after=None
[2025-04-16T00:31:22.101+0700] {processor.py:208} INFO - Processing /home/anhtupham99/NBA-analytics/py_env/lib/python3.11/site-packages/airflow/example_dags/example_params_ui_tutorial.py took 0.071 seconds
[2025-04-16T00:32:06.262+0700] {processor.py:186} INFO - Started process (PID=373168) to work on /home/anhtupham99/NBA-analytics/py_env/lib/python3.11/site-packages/airflow/example_dags/example_params_ui_tutorial.py
[2025-04-16T00:32:06.264+0700] {processor.py:914} INFO - Processing file /home/anhtupham99/NBA-analytics/py_env/lib/python3.11/site-packages/airflow/example_dags/example_params_ui_tutorial.py for tasks to queue
[2025-04-16T00:32:06.265+0700] {logging_mixin.py:190} INFO - [2025-04-16T00:32:06.265+0700] {dagbag.py:588} INFO - Filling up the DagBag from /home/anhtupham99/NBA-analytics/py_env/lib/python3.11/site-packages/airflow/example_dags/example_params_ui_tutorial.py
[2025-04-16T00:32:06.272+0700] {processor.py:925} INFO - DAG(s) 'example_params_ui_tutorial' retrieved from /home/anhtupham99/NBA-analytics/py_env/lib/python3.11/site-packages/airflow/example_dags/example_params_ui_tutorial.py
[2025-04-16T00:32:06.297+0700] {logging_mixin.py:190} INFO - [2025-04-16T00:32:06.297+0700] {dag.py:3239} INFO - Sync 1 DAGs
[2025-04-16T00:32:06.305+0700] {logging_mixin.py:190} INFO - [2025-04-16T00:32:06.305+0700] {dag.py:4180} INFO - Setting next_dagrun for example_params_ui_tutorial to None, run_after=None
[2025-04-16T00:32:06.327+0700] {processor.py:208} INFO - Processing /home/anhtupham99/NBA-analytics/py_env/lib/python3.11/site-packages/airflow/example_dags/example_params_ui_tutorial.py took 0.069 seconds
[2025-04-16T00:32:51.271+0700] {processor.py:186} INFO - Started process (PID=374316) to work on /home/anhtupham99/NBA-analytics/py_env/lib/python3.11/site-packages/airflow/example_dags/example_params_ui_tutorial.py
[2025-04-16T00:32:51.273+0700] {processor.py:914} INFO - Processing file /home/anhtupham99/NBA-analytics/py_env/lib/python3.11/site-packages/airflow/example_dags/example_params_ui_tutorial.py for tasks to queue
[2025-04-16T00:32:51.274+0700] {logging_mixin.py:190} INFO - [2025-04-16T00:32:51.274+0700] {dagbag.py:588} INFO - Filling up the DagBag from /home/anhtupham99/NBA-analytics/py_env/lib/python3.11/site-packages/airflow/example_dags/example_params_ui_tutorial.py
[2025-04-16T00:32:51.283+0700] {processor.py:925} INFO - DAG(s) 'example_params_ui_tutorial' retrieved from /home/anhtupham99/NBA-analytics/py_env/lib/python3.11/site-packages/airflow/example_dags/example_params_ui_tutorial.py
[2025-04-16T00:32:51.314+0700] {logging_mixin.py:190} INFO - [2025-04-16T00:32:51.314+0700] {dag.py:3239} INFO - Sync 1 DAGs
[2025-04-16T00:32:51.324+0700] {logging_mixin.py:190} INFO - [2025-04-16T00:32:51.324+0700] {dag.py:4180} INFO - Setting next_dagrun for example_params_ui_tutorial to None, run_after=None
[2025-04-16T00:32:51.348+0700] {processor.py:208} INFO - Processing /home/anhtupham99/NBA-analytics/py_env/lib/python3.11/site-packages/airflow/example_dags/example_params_ui_tutorial.py took 0.083 seconds
[2025-04-16T00:33:38.957+0700] {processor.py:186} INFO - Started process (PID=375406) to work on /home/anhtupham99/NBA-analytics/py_env/lib/python3.11/site-packages/airflow/example_dags/example_params_ui_tutorial.py
[2025-04-16T00:33:38.959+0700] {processor.py:914} INFO - Processing file /home/anhtupham99/NBA-analytics/py_env/lib/python3.11/site-packages/airflow/example_dags/example_params_ui_tutorial.py for tasks to queue
[2025-04-16T00:33:38.960+0700] {logging_mixin.py:190} INFO - [2025-04-16T00:33:38.960+0700] {dagbag.py:588} INFO - Filling up the DagBag from /home/anhtupham99/NBA-analytics/py_env/lib/python3.11/site-packages/airflow/example_dags/example_params_ui_tutorial.py
[2025-04-16T00:33:38.968+0700] {processor.py:925} INFO - DAG(s) 'example_params_ui_tutorial' retrieved from /home/anhtupham99/NBA-analytics/py_env/lib/python3.11/site-packages/airflow/example_dags/example_params_ui_tutorial.py
[2025-04-16T00:33:38.993+0700] {logging_mixin.py:190} INFO - [2025-04-16T00:33:38.993+0700] {dag.py:3239} INFO - Sync 1 DAGs
[2025-04-16T00:33:39.002+0700] {logging_mixin.py:190} INFO - [2025-04-16T00:33:39.002+0700] {dag.py:4180} INFO - Setting next_dagrun for example_params_ui_tutorial to None, run_after=None
[2025-04-16T00:33:39.026+0700] {processor.py:208} INFO - Processing /home/anhtupham99/NBA-analytics/py_env/lib/python3.11/site-packages/airflow/example_dags/example_params_ui_tutorial.py took 0.074 seconds
[2025-04-16T00:34:27.598+0700] {processor.py:186} INFO - Started process (PID=376509) to work on /home/anhtupham99/NBA-analytics/py_env/lib/python3.11/site-packages/airflow/example_dags/example_params_ui_tutorial.py
[2025-04-16T00:34:27.602+0700] {processor.py:914} INFO - Processing file /home/anhtupham99/NBA-analytics/py_env/lib/python3.11/site-packages/airflow/example_dags/example_params_ui_tutorial.py for tasks to queue
[2025-04-16T00:34:27.604+0700] {logging_mixin.py:190} INFO - [2025-04-16T00:34:27.604+0700] {dagbag.py:588} INFO - Filling up the DagBag from /home/anhtupham99/NBA-analytics/py_env/lib/python3.11/site-packages/airflow/example_dags/example_params_ui_tutorial.py
[2025-04-16T00:34:27.613+0700] {processor.py:925} INFO - DAG(s) 'example_params_ui_tutorial' retrieved from /home/anhtupham99/NBA-analytics/py_env/lib/python3.11/site-packages/airflow/example_dags/example_params_ui_tutorial.py
[2025-04-16T00:34:27.644+0700] {logging_mixin.py:190} INFO - [2025-04-16T00:34:27.644+0700] {dag.py:3239} INFO - Sync 1 DAGs
[2025-04-16T00:34:27.655+0700] {logging_mixin.py:190} INFO - [2025-04-16T00:34:27.655+0700] {dag.py:4180} INFO - Setting next_dagrun for example_params_ui_tutorial to None, run_after=None
[2025-04-16T00:34:27.679+0700] {processor.py:208} INFO - Processing /home/anhtupham99/NBA-analytics/py_env/lib/python3.11/site-packages/airflow/example_dags/example_params_ui_tutorial.py took 0.086 seconds
[2025-04-16T00:35:15.385+0700] {processor.py:186} INFO - Started process (PID=377681) to work on /home/anhtupham99/NBA-analytics/py_env/lib/python3.11/site-packages/airflow/example_dags/example_params_ui_tutorial.py
[2025-04-16T00:35:15.386+0700] {processor.py:914} INFO - Processing file /home/anhtupham99/NBA-analytics/py_env/lib/python3.11/site-packages/airflow/example_dags/example_params_ui_tutorial.py for tasks to queue
[2025-04-16T00:35:15.388+0700] {logging_mixin.py:190} INFO - [2025-04-16T00:35:15.388+0700] {dagbag.py:588} INFO - Filling up the DagBag from /home/anhtupham99/NBA-analytics/py_env/lib/python3.11/site-packages/airflow/example_dags/example_params_ui_tutorial.py
[2025-04-16T00:35:15.395+0700] {processor.py:925} INFO - DAG(s) 'example_params_ui_tutorial' retrieved from /home/anhtupham99/NBA-analytics/py_env/lib/python3.11/site-packages/airflow/example_dags/example_params_ui_tutorial.py
[2025-04-16T00:35:15.421+0700] {logging_mixin.py:190} INFO - [2025-04-16T00:35:15.421+0700] {dag.py:3239} INFO - Sync 1 DAGs
[2025-04-16T00:35:15.429+0700] {logging_mixin.py:190} INFO - [2025-04-16T00:35:15.429+0700] {dag.py:4180} INFO - Setting next_dagrun for example_params_ui_tutorial to None, run_after=None
[2025-04-16T00:35:15.459+0700] {processor.py:208} INFO - Processing /home/anhtupham99/NBA-analytics/py_env/lib/python3.11/site-packages/airflow/example_dags/example_params_ui_tutorial.py took 0.079 seconds
[2025-04-16T00:36:01.326+0700] {processor.py:186} INFO - Started process (PID=378871) to work on /home/anhtupham99/NBA-analytics/py_env/lib/python3.11/site-packages/airflow/example_dags/example_params_ui_tutorial.py
[2025-04-16T00:36:01.327+0700] {processor.py:914} INFO - Processing file /home/anhtupham99/NBA-analytics/py_env/lib/python3.11/site-packages/airflow/example_dags/example_params_ui_tutorial.py for tasks to queue
[2025-04-16T00:36:01.329+0700] {logging_mixin.py:190} INFO - [2025-04-16T00:36:01.329+0700] {dagbag.py:588} INFO - Filling up the DagBag from /home/anhtupham99/NBA-analytics/py_env/lib/python3.11/site-packages/airflow/example_dags/example_params_ui_tutorial.py
[2025-04-16T00:36:01.336+0700] {processor.py:925} INFO - DAG(s) 'example_params_ui_tutorial' retrieved from /home/anhtupham99/NBA-analytics/py_env/lib/python3.11/site-packages/airflow/example_dags/example_params_ui_tutorial.py
[2025-04-16T00:36:01.361+0700] {logging_mixin.py:190} INFO - [2025-04-16T00:36:01.360+0700] {dag.py:3239} INFO - Sync 1 DAGs
[2025-04-16T00:36:01.369+0700] {logging_mixin.py:190} INFO - [2025-04-16T00:36:01.369+0700] {dag.py:4180} INFO - Setting next_dagrun for example_params_ui_tutorial to None, run_after=None
[2025-04-16T00:36:01.392+0700] {processor.py:208} INFO - Processing /home/anhtupham99/NBA-analytics/py_env/lib/python3.11/site-packages/airflow/example_dags/example_params_ui_tutorial.py took 0.070 seconds
[2025-04-16T00:36:51.778+0700] {processor.py:186} INFO - Started process (PID=380183) to work on /home/anhtupham99/NBA-analytics/py_env/lib/python3.11/site-packages/airflow/example_dags/example_params_ui_tutorial.py
[2025-04-16T00:36:51.780+0700] {processor.py:914} INFO - Processing file /home/anhtupham99/NBA-analytics/py_env/lib/python3.11/site-packages/airflow/example_dags/example_params_ui_tutorial.py for tasks to queue
[2025-04-16T00:36:51.782+0700] {logging_mixin.py:190} INFO - [2025-04-16T00:36:51.781+0700] {dagbag.py:588} INFO - Filling up the DagBag from /home/anhtupham99/NBA-analytics/py_env/lib/python3.11/site-packages/airflow/example_dags/example_params_ui_tutorial.py
[2025-04-16T00:36:51.789+0700] {processor.py:925} INFO - DAG(s) 'example_params_ui_tutorial' retrieved from /home/anhtupham99/NBA-analytics/py_env/lib/python3.11/site-packages/airflow/example_dags/example_params_ui_tutorial.py
[2025-04-16T00:36:51.815+0700] {logging_mixin.py:190} INFO - [2025-04-16T00:36:51.815+0700] {dag.py:3239} INFO - Sync 1 DAGs
[2025-04-16T00:36:51.824+0700] {logging_mixin.py:190} INFO - [2025-04-16T00:36:51.823+0700] {dag.py:4180} INFO - Setting next_dagrun for example_params_ui_tutorial to None, run_after=None
[2025-04-16T00:36:51.847+0700] {processor.py:208} INFO - Processing /home/anhtupham99/NBA-analytics/py_env/lib/python3.11/site-packages/airflow/example_dags/example_params_ui_tutorial.py took 0.074 seconds
[2025-04-16T00:37:35.720+0700] {processor.py:186} INFO - Started process (PID=381485) to work on /home/anhtupham99/NBA-analytics/py_env/lib/python3.11/site-packages/airflow/example_dags/example_params_ui_tutorial.py
[2025-04-16T00:37:35.722+0700] {processor.py:914} INFO - Processing file /home/anhtupham99/NBA-analytics/py_env/lib/python3.11/site-packages/airflow/example_dags/example_params_ui_tutorial.py for tasks to queue
[2025-04-16T00:37:35.728+0700] {logging_mixin.py:190} INFO - [2025-04-16T00:37:35.726+0700] {dagbag.py:588} INFO - Filling up the DagBag from /home/anhtupham99/NBA-analytics/py_env/lib/python3.11/site-packages/airflow/example_dags/example_params_ui_tutorial.py
[2025-04-16T00:37:35.739+0700] {processor.py:925} INFO - DAG(s) 'example_params_ui_tutorial' retrieved from /home/anhtupham99/NBA-analytics/py_env/lib/python3.11/site-packages/airflow/example_dags/example_params_ui_tutorial.py
[2025-04-16T00:37:35.791+0700] {logging_mixin.py:190} INFO - [2025-04-16T00:37:35.791+0700] {dag.py:3239} INFO - Sync 1 DAGs
[2025-04-16T00:37:35.812+0700] {logging_mixin.py:190} INFO - [2025-04-16T00:37:35.811+0700] {dag.py:4180} INFO - Setting next_dagrun for example_params_ui_tutorial to None, run_after=None
[2025-04-16T00:37:35.862+0700] {processor.py:208} INFO - Processing /home/anhtupham99/NBA-analytics/py_env/lib/python3.11/site-packages/airflow/example_dags/example_params_ui_tutorial.py took 0.149 seconds
