[2025-04-15T23:47:30.022+0700] {processor.py:186} INFO - Started process (PID=298698) to work on /home/anhtupham99/NBA-analytics/py_env/lib/python3.11/site-packages/airflow/example_dags/example_python_decorator.py
[2025-04-15T23:47:30.023+0700] {processor.py:914} INFO - Processing file /home/anhtupham99/NBA-analytics/py_env/lib/python3.11/site-packages/airflow/example_dags/example_python_decorator.py for tasks to queue
[2025-04-15T23:47:30.025+0700] {logging_mixin.py:190} INFO - [2025-04-15T23:47:30.025+0700] {dagbag.py:588} INFO - Filling up the DagBag from /home/anhtupham99/NBA-analytics/py_env/lib/python3.11/site-packages/airflow/example_dags/example_python_decorator.py
[2025-04-15T23:47:30.038+0700] {processor.py:925} INFO - DAG(s) 'example_python_decorator' retrieved from /home/anhtupham99/NBA-analytics/py_env/lib/python3.11/site-packages/airflow/example_dags/example_python_decorator.py
[2025-04-15T23:47:30.129+0700] {logging_mixin.py:190} INFO - [2025-04-15T23:47:30.128+0700] {override.py:1912} INFO - Created Permission View: can delete on DAG:example_python_decorator
[2025-04-15T23:47:30.149+0700] {logging_mixin.py:190} INFO - [2025-04-15T23:47:30.148+0700] {override.py:1912} INFO - Created Permission View: can edit on DAG:example_python_decorator
[2025-04-15T23:47:30.163+0700] {logging_mixin.py:190} INFO - [2025-04-15T23:47:30.163+0700] {override.py:1912} INFO - Created Permission View: can read on DAG:example_python_decorator
[2025-04-15T23:47:30.189+0700] {logging_mixin.py:190} INFO - [2025-04-15T23:47:30.189+0700] {override.py:1912} INFO - Created Permission View: can create on DAG Run:example_python_decorator
[2025-04-15T23:47:30.204+0700] {logging_mixin.py:190} INFO - [2025-04-15T23:47:30.204+0700] {override.py:1912} INFO - Created Permission View: can delete on DAG Run:example_python_decorator
[2025-04-15T23:47:30.219+0700] {logging_mixin.py:190} INFO - [2025-04-15T23:47:30.218+0700] {override.py:1912} INFO - Created Permission View: menu access on DAG Run:example_python_decorator
[2025-04-15T23:47:30.232+0700] {logging_mixin.py:190} INFO - [2025-04-15T23:47:30.232+0700] {override.py:1912} INFO - Created Permission View: can read on DAG Run:example_python_decorator
[2025-04-15T23:47:30.233+0700] {logging_mixin.py:190} INFO - [2025-04-15T23:47:30.232+0700] {dag.py:3239} INFO - Sync 1 DAGs
[2025-04-15T23:47:30.243+0700] {logging_mixin.py:190} INFO - [2025-04-15T23:47:30.242+0700] {dag.py:3262} INFO - Creating ORM DAG for example_python_decorator
[2025-04-15T23:47:30.243+0700] {logging_mixin.py:190} INFO - [2025-04-15T23:47:30.243+0700] {dag.py:4180} INFO - Setting next_dagrun for example_python_decorator to None, run_after=None
[2025-04-15T23:47:30.274+0700] {processor.py:208} INFO - Processing /home/anhtupham99/NBA-analytics/py_env/lib/python3.11/site-packages/airflow/example_dags/example_python_decorator.py took 0.257 seconds
[2025-04-15T23:48:27.932+0700] {processor.py:186} INFO - Started process (PID=300164) to work on /home/anhtupham99/NBA-analytics/py_env/lib/python3.11/site-packages/airflow/example_dags/example_python_decorator.py
[2025-04-15T23:48:27.933+0700] {processor.py:914} INFO - Processing file /home/anhtupham99/NBA-analytics/py_env/lib/python3.11/site-packages/airflow/example_dags/example_python_decorator.py for tasks to queue
[2025-04-15T23:48:27.934+0700] {logging_mixin.py:190} INFO - [2025-04-15T23:48:27.934+0700] {dagbag.py:588} INFO - Filling up the DagBag from /home/anhtupham99/NBA-analytics/py_env/lib/python3.11/site-packages/airflow/example_dags/example_python_decorator.py
[2025-04-15T23:48:27.946+0700] {processor.py:925} INFO - DAG(s) 'example_python_decorator' retrieved from /home/anhtupham99/NBA-analytics/py_env/lib/python3.11/site-packages/airflow/example_dags/example_python_decorator.py
[2025-04-15T23:48:27.960+0700] {logging_mixin.py:190} INFO - [2025-04-15T23:48:27.960+0700] {dag.py:3239} INFO - Sync 1 DAGs
[2025-04-15T23:48:27.970+0700] {logging_mixin.py:190} INFO - [2025-04-15T23:48:27.970+0700] {dag.py:4180} INFO - Setting next_dagrun for example_python_decorator to None, run_after=None
[2025-04-15T23:48:27.994+0700] {processor.py:208} INFO - Processing /home/anhtupham99/NBA-analytics/py_env/lib/python3.11/site-packages/airflow/example_dags/example_python_decorator.py took 0.067 seconds
[2025-04-15T23:49:20.807+0700] {processor.py:186} INFO - Started process (PID=301216) to work on /home/anhtupham99/NBA-analytics/py_env/lib/python3.11/site-packages/airflow/example_dags/example_python_decorator.py
[2025-04-15T23:49:20.808+0700] {processor.py:914} INFO - Processing file /home/anhtupham99/NBA-analytics/py_env/lib/python3.11/site-packages/airflow/example_dags/example_python_decorator.py for tasks to queue
[2025-04-15T23:49:20.810+0700] {logging_mixin.py:190} INFO - [2025-04-15T23:49:20.809+0700] {dagbag.py:588} INFO - Filling up the DagBag from /home/anhtupham99/NBA-analytics/py_env/lib/python3.11/site-packages/airflow/example_dags/example_python_decorator.py
[2025-04-15T23:49:20.829+0700] {processor.py:925} INFO - DAG(s) 'example_python_decorator' retrieved from /home/anhtupham99/NBA-analytics/py_env/lib/python3.11/site-packages/airflow/example_dags/example_python_decorator.py
[2025-04-15T23:49:20.847+0700] {logging_mixin.py:190} INFO - [2025-04-15T23:49:20.846+0700] {dag.py:3239} INFO - Sync 1 DAGs
[2025-04-15T23:49:20.859+0700] {logging_mixin.py:190} INFO - [2025-04-15T23:49:20.859+0700] {dag.py:4180} INFO - Setting next_dagrun for example_python_decorator to None, run_after=None
[2025-04-15T23:49:20.887+0700] {processor.py:208} INFO - Processing /home/anhtupham99/NBA-analytics/py_env/lib/python3.11/site-packages/airflow/example_dags/example_python_decorator.py took 0.085 seconds
[2025-04-15T23:50:34.481+0700] {processor.py:186} INFO - Started process (PID=302786) to work on /home/anhtupham99/NBA-analytics/py_env/lib/python3.11/site-packages/airflow/example_dags/example_python_decorator.py
[2025-04-15T23:50:34.482+0700] {processor.py:914} INFO - Processing file /home/anhtupham99/NBA-analytics/py_env/lib/python3.11/site-packages/airflow/example_dags/example_python_decorator.py for tasks to queue
[2025-04-15T23:50:34.484+0700] {logging_mixin.py:190} INFO - [2025-04-15T23:50:34.484+0700] {dagbag.py:588} INFO - Filling up the DagBag from /home/anhtupham99/NBA-analytics/py_env/lib/python3.11/site-packages/airflow/example_dags/example_python_decorator.py
[2025-04-15T23:50:34.496+0700] {processor.py:925} INFO - DAG(s) 'example_python_decorator' retrieved from /home/anhtupham99/NBA-analytics/py_env/lib/python3.11/site-packages/airflow/example_dags/example_python_decorator.py
[2025-04-15T23:50:34.509+0700] {logging_mixin.py:190} INFO - [2025-04-15T23:50:34.509+0700] {dag.py:3239} INFO - Sync 1 DAGs
[2025-04-15T23:50:34.596+0700] {logging_mixin.py:190} INFO - [2025-04-15T23:50:34.596+0700] {dag.py:4180} INFO - Setting next_dagrun for example_python_decorator to None, run_after=None
[2025-04-15T23:50:34.618+0700] {processor.py:208} INFO - Processing /home/anhtupham99/NBA-analytics/py_env/lib/python3.11/site-packages/airflow/example_dags/example_python_decorator.py took 0.141 seconds
[2025-04-15T23:51:50.267+0700] {processor.py:186} INFO - Started process (PID=304265) to work on /home/anhtupham99/NBA-analytics/py_env/lib/python3.11/site-packages/airflow/example_dags/example_python_decorator.py
[2025-04-15T23:51:50.268+0700] {processor.py:914} INFO - Processing file /home/anhtupham99/NBA-analytics/py_env/lib/python3.11/site-packages/airflow/example_dags/example_python_decorator.py for tasks to queue
[2025-04-15T23:51:50.270+0700] {logging_mixin.py:190} INFO - [2025-04-15T23:51:50.269+0700] {dagbag.py:588} INFO - Filling up the DagBag from /home/anhtupham99/NBA-analytics/py_env/lib/python3.11/site-packages/airflow/example_dags/example_python_decorator.py
[2025-04-15T23:51:50.280+0700] {processor.py:925} INFO - DAG(s) 'example_python_decorator' retrieved from /home/anhtupham99/NBA-analytics/py_env/lib/python3.11/site-packages/airflow/example_dags/example_python_decorator.py
[2025-04-15T23:51:50.291+0700] {logging_mixin.py:190} INFO - [2025-04-15T23:51:50.291+0700] {dag.py:3239} INFO - Sync 1 DAGs
[2025-04-15T23:51:50.299+0700] {logging_mixin.py:190} INFO - [2025-04-15T23:51:50.299+0700] {dag.py:4180} INFO - Setting next_dagrun for example_python_decorator to None, run_after=None
[2025-04-15T23:51:50.325+0700] {processor.py:208} INFO - Processing /home/anhtupham99/NBA-analytics/py_env/lib/python3.11/site-packages/airflow/example_dags/example_python_decorator.py took 0.062 seconds
[2025-04-15T23:53:00.824+0700] {processor.py:186} INFO - Started process (PID=305646) to work on /home/anhtupham99/NBA-analytics/py_env/lib/python3.11/site-packages/airflow/example_dags/example_python_decorator.py
[2025-04-15T23:53:00.826+0700] {processor.py:914} INFO - Processing file /home/anhtupham99/NBA-analytics/py_env/lib/python3.11/site-packages/airflow/example_dags/example_python_decorator.py for tasks to queue
[2025-04-15T23:53:00.827+0700] {logging_mixin.py:190} INFO - [2025-04-15T23:53:00.827+0700] {dagbag.py:588} INFO - Filling up the DagBag from /home/anhtupham99/NBA-analytics/py_env/lib/python3.11/site-packages/airflow/example_dags/example_python_decorator.py
[2025-04-15T23:53:00.838+0700] {processor.py:925} INFO - DAG(s) 'example_python_decorator' retrieved from /home/anhtupham99/NBA-analytics/py_env/lib/python3.11/site-packages/airflow/example_dags/example_python_decorator.py
[2025-04-15T23:53:00.851+0700] {logging_mixin.py:190} INFO - [2025-04-15T23:53:00.851+0700] {dag.py:3239} INFO - Sync 1 DAGs
[2025-04-15T23:53:00.860+0700] {logging_mixin.py:190} INFO - [2025-04-15T23:53:00.860+0700] {dag.py:4180} INFO - Setting next_dagrun for example_python_decorator to None, run_after=None
[2025-04-15T23:53:00.884+0700] {processor.py:208} INFO - Processing /home/anhtupham99/NBA-analytics/py_env/lib/python3.11/site-packages/airflow/example_dags/example_python_decorator.py took 0.064 seconds
[2025-04-15T23:54:11.899+0700] {processor.py:186} INFO - Started process (PID=306923) to work on /home/anhtupham99/NBA-analytics/py_env/lib/python3.11/site-packages/airflow/example_dags/example_python_decorator.py
[2025-04-15T23:54:11.900+0700] {processor.py:914} INFO - Processing file /home/anhtupham99/NBA-analytics/py_env/lib/python3.11/site-packages/airflow/example_dags/example_python_decorator.py for tasks to queue
[2025-04-15T23:54:11.902+0700] {logging_mixin.py:190} INFO - [2025-04-15T23:54:11.902+0700] {dagbag.py:588} INFO - Filling up the DagBag from /home/anhtupham99/NBA-analytics/py_env/lib/python3.11/site-packages/airflow/example_dags/example_python_decorator.py
[2025-04-15T23:54:11.916+0700] {processor.py:925} INFO - DAG(s) 'example_python_decorator' retrieved from /home/anhtupham99/NBA-analytics/py_env/lib/python3.11/site-packages/airflow/example_dags/example_python_decorator.py
[2025-04-15T23:54:11.933+0700] {logging_mixin.py:190} INFO - [2025-04-15T23:54:11.932+0700] {dag.py:3239} INFO - Sync 1 DAGs
[2025-04-15T23:54:11.943+0700] {logging_mixin.py:190} INFO - [2025-04-15T23:54:11.943+0700] {dag.py:4180} INFO - Setting next_dagrun for example_python_decorator to None, run_after=None
[2025-04-15T23:54:11.969+0700] {processor.py:208} INFO - Processing /home/anhtupham99/NBA-analytics/py_env/lib/python3.11/site-packages/airflow/example_dags/example_python_decorator.py took 0.076 seconds
[2025-04-15T23:55:25.114+0700] {processor.py:186} INFO - Started process (PID=309651) to work on /home/anhtupham99/NBA-analytics/py_env/lib/python3.11/site-packages/airflow/example_dags/example_python_decorator.py
[2025-04-15T23:55:25.115+0700] {processor.py:914} INFO - Processing file /home/anhtupham99/NBA-analytics/py_env/lib/python3.11/site-packages/airflow/example_dags/example_python_decorator.py for tasks to queue
[2025-04-15T23:55:25.117+0700] {logging_mixin.py:190} INFO - [2025-04-15T23:55:25.116+0700] {dagbag.py:588} INFO - Filling up the DagBag from /home/anhtupham99/NBA-analytics/py_env/lib/python3.11/site-packages/airflow/example_dags/example_python_decorator.py
[2025-04-15T23:55:25.127+0700] {processor.py:925} INFO - DAG(s) 'example_python_decorator' retrieved from /home/anhtupham99/NBA-analytics/py_env/lib/python3.11/site-packages/airflow/example_dags/example_python_decorator.py
[2025-04-15T23:55:25.139+0700] {logging_mixin.py:190} INFO - [2025-04-15T23:55:25.138+0700] {dag.py:3239} INFO - Sync 1 DAGs
[2025-04-15T23:55:25.147+0700] {logging_mixin.py:190} INFO - [2025-04-15T23:55:25.147+0700] {dag.py:4180} INFO - Setting next_dagrun for example_python_decorator to None, run_after=None
[2025-04-15T23:55:25.171+0700] {processor.py:208} INFO - Processing /home/anhtupham99/NBA-analytics/py_env/lib/python3.11/site-packages/airflow/example_dags/example_python_decorator.py took 0.062 seconds
[2025-04-15T23:56:39.402+0700] {processor.py:186} INFO - Started process (PID=311920) to work on /home/anhtupham99/NBA-analytics/py_env/lib/python3.11/site-packages/airflow/example_dags/example_python_decorator.py
[2025-04-15T23:56:39.403+0700] {processor.py:914} INFO - Processing file /home/anhtupham99/NBA-analytics/py_env/lib/python3.11/site-packages/airflow/example_dags/example_python_decorator.py for tasks to queue
[2025-04-15T23:56:39.405+0700] {logging_mixin.py:190} INFO - [2025-04-15T23:56:39.404+0700] {dagbag.py:588} INFO - Filling up the DagBag from /home/anhtupham99/NBA-analytics/py_env/lib/python3.11/site-packages/airflow/example_dags/example_python_decorator.py
[2025-04-15T23:56:39.415+0700] {processor.py:925} INFO - DAG(s) 'example_python_decorator' retrieved from /home/anhtupham99/NBA-analytics/py_env/lib/python3.11/site-packages/airflow/example_dags/example_python_decorator.py
[2025-04-15T23:56:39.427+0700] {logging_mixin.py:190} INFO - [2025-04-15T23:56:39.427+0700] {dag.py:3239} INFO - Sync 1 DAGs
[2025-04-15T23:56:39.436+0700] {logging_mixin.py:190} INFO - [2025-04-15T23:56:39.436+0700] {dag.py:4180} INFO - Setting next_dagrun for example_python_decorator to None, run_after=None
[2025-04-15T23:56:39.459+0700] {processor.py:208} INFO - Processing /home/anhtupham99/NBA-analytics/py_env/lib/python3.11/site-packages/airflow/example_dags/example_python_decorator.py took 0.062 seconds
[2025-04-15T23:57:52.088+0700] {processor.py:186} INFO - Started process (PID=313323) to work on /home/anhtupham99/NBA-analytics/py_env/lib/python3.11/site-packages/airflow/example_dags/example_python_decorator.py
[2025-04-15T23:57:52.091+0700] {processor.py:914} INFO - Processing file /home/anhtupham99/NBA-analytics/py_env/lib/python3.11/site-packages/airflow/example_dags/example_python_decorator.py for tasks to queue
[2025-04-15T23:57:52.093+0700] {logging_mixin.py:190} INFO - [2025-04-15T23:57:52.092+0700] {dagbag.py:588} INFO - Filling up the DagBag from /home/anhtupham99/NBA-analytics/py_env/lib/python3.11/site-packages/airflow/example_dags/example_python_decorator.py
[2025-04-15T23:57:52.103+0700] {processor.py:925} INFO - DAG(s) 'example_python_decorator' retrieved from /home/anhtupham99/NBA-analytics/py_env/lib/python3.11/site-packages/airflow/example_dags/example_python_decorator.py
[2025-04-15T23:57:52.115+0700] {logging_mixin.py:190} INFO - [2025-04-15T23:57:52.115+0700] {dag.py:3239} INFO - Sync 1 DAGs
[2025-04-15T23:57:52.124+0700] {logging_mixin.py:190} INFO - [2025-04-15T23:57:52.124+0700] {dag.py:4180} INFO - Setting next_dagrun for example_python_decorator to None, run_after=None
[2025-04-15T23:57:52.149+0700] {processor.py:208} INFO - Processing /home/anhtupham99/NBA-analytics/py_env/lib/python3.11/site-packages/airflow/example_dags/example_python_decorator.py took 0.065 seconds
[2025-04-15T23:59:05.200+0700] {processor.py:186} INFO - Started process (PID=314859) to work on /home/anhtupham99/NBA-analytics/py_env/lib/python3.11/site-packages/airflow/example_dags/example_python_decorator.py
[2025-04-15T23:59:05.201+0700] {processor.py:914} INFO - Processing file /home/anhtupham99/NBA-analytics/py_env/lib/python3.11/site-packages/airflow/example_dags/example_python_decorator.py for tasks to queue
[2025-04-15T23:59:05.202+0700] {logging_mixin.py:190} INFO - [2025-04-15T23:59:05.202+0700] {dagbag.py:588} INFO - Filling up the DagBag from /home/anhtupham99/NBA-analytics/py_env/lib/python3.11/site-packages/airflow/example_dags/example_python_decorator.py
[2025-04-15T23:59:05.214+0700] {processor.py:925} INFO - DAG(s) 'example_python_decorator' retrieved from /home/anhtupham99/NBA-analytics/py_env/lib/python3.11/site-packages/airflow/example_dags/example_python_decorator.py
[2025-04-15T23:59:05.227+0700] {logging_mixin.py:190} INFO - [2025-04-15T23:59:05.227+0700] {dag.py:3239} INFO - Sync 1 DAGs
[2025-04-15T23:59:05.236+0700] {logging_mixin.py:190} INFO - [2025-04-15T23:59:05.236+0700] {dag.py:4180} INFO - Setting next_dagrun for example_python_decorator to None, run_after=None
[2025-04-15T23:59:05.260+0700] {processor.py:208} INFO - Processing /home/anhtupham99/NBA-analytics/py_env/lib/python3.11/site-packages/airflow/example_dags/example_python_decorator.py took 0.065 seconds
[2025-04-16T00:00:18.091+0700] {processor.py:186} INFO - Started process (PID=316380) to work on /home/anhtupham99/NBA-analytics/py_env/lib/python3.11/site-packages/airflow/example_dags/example_python_decorator.py
[2025-04-16T00:00:18.093+0700] {processor.py:914} INFO - Processing file /home/anhtupham99/NBA-analytics/py_env/lib/python3.11/site-packages/airflow/example_dags/example_python_decorator.py for tasks to queue
[2025-04-16T00:00:18.095+0700] {logging_mixin.py:190} INFO - [2025-04-16T00:00:18.094+0700] {dagbag.py:588} INFO - Filling up the DagBag from /home/anhtupham99/NBA-analytics/py_env/lib/python3.11/site-packages/airflow/example_dags/example_python_decorator.py
[2025-04-16T00:00:18.108+0700] {processor.py:925} INFO - DAG(s) 'example_python_decorator' retrieved from /home/anhtupham99/NBA-analytics/py_env/lib/python3.11/site-packages/airflow/example_dags/example_python_decorator.py
[2025-04-16T00:00:18.126+0700] {logging_mixin.py:190} INFO - [2025-04-16T00:00:18.125+0700] {dag.py:3239} INFO - Sync 1 DAGs
[2025-04-16T00:00:18.139+0700] {logging_mixin.py:190} INFO - [2025-04-16T00:00:18.139+0700] {dag.py:4180} INFO - Setting next_dagrun for example_python_decorator to None, run_after=None
[2025-04-16T00:00:18.169+0700] {processor.py:208} INFO - Processing /home/anhtupham99/NBA-analytics/py_env/lib/python3.11/site-packages/airflow/example_dags/example_python_decorator.py took 0.084 seconds
[2025-04-16T00:01:28.228+0700] {processor.py:186} INFO - Started process (PID=317679) to work on /home/anhtupham99/NBA-analytics/py_env/lib/python3.11/site-packages/airflow/example_dags/example_python_decorator.py
[2025-04-16T00:01:28.231+0700] {processor.py:914} INFO - Processing file /home/anhtupham99/NBA-analytics/py_env/lib/python3.11/site-packages/airflow/example_dags/example_python_decorator.py for tasks to queue
[2025-04-16T00:01:28.233+0700] {logging_mixin.py:190} INFO - [2025-04-16T00:01:28.233+0700] {dagbag.py:588} INFO - Filling up the DagBag from /home/anhtupham99/NBA-analytics/py_env/lib/python3.11/site-packages/airflow/example_dags/example_python_decorator.py
[2025-04-16T00:01:28.250+0700] {processor.py:925} INFO - DAG(s) 'example_python_decorator' retrieved from /home/anhtupham99/NBA-analytics/py_env/lib/python3.11/site-packages/airflow/example_dags/example_python_decorator.py
[2025-04-16T00:01:28.264+0700] {logging_mixin.py:190} INFO - [2025-04-16T00:01:28.263+0700] {dag.py:3239} INFO - Sync 1 DAGs
[2025-04-16T00:01:28.272+0700] {logging_mixin.py:190} INFO - [2025-04-16T00:01:28.272+0700] {dag.py:4180} INFO - Setting next_dagrun for example_python_decorator to None, run_after=None
[2025-04-16T00:01:28.296+0700] {processor.py:208} INFO - Processing /home/anhtupham99/NBA-analytics/py_env/lib/python3.11/site-packages/airflow/example_dags/example_python_decorator.py took 0.076 seconds
[2025-04-16T00:02:35.118+0700] {processor.py:186} INFO - Started process (PID=318955) to work on /home/anhtupham99/NBA-analytics/py_env/lib/python3.11/site-packages/airflow/example_dags/example_python_decorator.py
[2025-04-16T00:02:35.119+0700] {processor.py:914} INFO - Processing file /home/anhtupham99/NBA-analytics/py_env/lib/python3.11/site-packages/airflow/example_dags/example_python_decorator.py for tasks to queue
[2025-04-16T00:02:35.121+0700] {logging_mixin.py:190} INFO - [2025-04-16T00:02:35.121+0700] {dagbag.py:588} INFO - Filling up the DagBag from /home/anhtupham99/NBA-analytics/py_env/lib/python3.11/site-packages/airflow/example_dags/example_python_decorator.py
[2025-04-16T00:02:35.134+0700] {processor.py:925} INFO - DAG(s) 'example_python_decorator' retrieved from /home/anhtupham99/NBA-analytics/py_env/lib/python3.11/site-packages/airflow/example_dags/example_python_decorator.py
[2025-04-16T00:02:35.148+0700] {logging_mixin.py:190} INFO - [2025-04-16T00:02:35.148+0700] {dag.py:3239} INFO - Sync 1 DAGs
[2025-04-16T00:02:35.158+0700] {logging_mixin.py:190} INFO - [2025-04-16T00:02:35.157+0700] {dag.py:4180} INFO - Setting next_dagrun for example_python_decorator to None, run_after=None
[2025-04-16T00:02:35.183+0700] {processor.py:208} INFO - Processing /home/anhtupham99/NBA-analytics/py_env/lib/python3.11/site-packages/airflow/example_dags/example_python_decorator.py took 0.071 seconds
[2025-04-16T00:03:44.109+0700] {processor.py:186} INFO - Started process (PID=320247) to work on /home/anhtupham99/NBA-analytics/py_env/lib/python3.11/site-packages/airflow/example_dags/example_python_decorator.py
[2025-04-16T00:03:44.110+0700] {processor.py:914} INFO - Processing file /home/anhtupham99/NBA-analytics/py_env/lib/python3.11/site-packages/airflow/example_dags/example_python_decorator.py for tasks to queue
[2025-04-16T00:03:44.112+0700] {logging_mixin.py:190} INFO - [2025-04-16T00:03:44.112+0700] {dagbag.py:588} INFO - Filling up the DagBag from /home/anhtupham99/NBA-analytics/py_env/lib/python3.11/site-packages/airflow/example_dags/example_python_decorator.py
[2025-04-16T00:03:44.126+0700] {processor.py:925} INFO - DAG(s) 'example_python_decorator' retrieved from /home/anhtupham99/NBA-analytics/py_env/lib/python3.11/site-packages/airflow/example_dags/example_python_decorator.py
[2025-04-16T00:03:44.140+0700] {logging_mixin.py:190} INFO - [2025-04-16T00:03:44.139+0700] {dag.py:3239} INFO - Sync 1 DAGs
[2025-04-16T00:03:44.149+0700] {logging_mixin.py:190} INFO - [2025-04-16T00:03:44.149+0700] {dag.py:4180} INFO - Setting next_dagrun for example_python_decorator to None, run_after=None
[2025-04-16T00:03:44.179+0700] {processor.py:208} INFO - Processing /home/anhtupham99/NBA-analytics/py_env/lib/python3.11/site-packages/airflow/example_dags/example_python_decorator.py took 0.076 seconds
[2025-04-16T00:04:52.487+0700] {processor.py:186} INFO - Started process (PID=321807) to work on /home/anhtupham99/NBA-analytics/py_env/lib/python3.11/site-packages/airflow/example_dags/example_python_decorator.py
[2025-04-16T00:04:52.491+0700] {processor.py:914} INFO - Processing file /home/anhtupham99/NBA-analytics/py_env/lib/python3.11/site-packages/airflow/example_dags/example_python_decorator.py for tasks to queue
[2025-04-16T00:04:52.493+0700] {logging_mixin.py:190} INFO - [2025-04-16T00:04:52.492+0700] {dagbag.py:588} INFO - Filling up the DagBag from /home/anhtupham99/NBA-analytics/py_env/lib/python3.11/site-packages/airflow/example_dags/example_python_decorator.py
[2025-04-16T00:04:52.507+0700] {processor.py:925} INFO - DAG(s) 'example_python_decorator' retrieved from /home/anhtupham99/NBA-analytics/py_env/lib/python3.11/site-packages/airflow/example_dags/example_python_decorator.py
[2025-04-16T00:04:52.523+0700] {logging_mixin.py:190} INFO - [2025-04-16T00:04:52.522+0700] {dag.py:3239} INFO - Sync 1 DAGs
[2025-04-16T00:04:52.535+0700] {logging_mixin.py:190} INFO - [2025-04-16T00:04:52.535+0700] {dag.py:4180} INFO - Setting next_dagrun for example_python_decorator to None, run_after=None
[2025-04-16T00:04:52.561+0700] {processor.py:208} INFO - Processing /home/anhtupham99/NBA-analytics/py_env/lib/python3.11/site-packages/airflow/example_dags/example_python_decorator.py took 0.079 seconds
[2025-04-16T00:06:07.443+0700] {processor.py:186} INFO - Started process (PID=323195) to work on /home/anhtupham99/NBA-analytics/py_env/lib/python3.11/site-packages/airflow/example_dags/example_python_decorator.py
[2025-04-16T00:06:07.445+0700] {processor.py:914} INFO - Processing file /home/anhtupham99/NBA-analytics/py_env/lib/python3.11/site-packages/airflow/example_dags/example_python_decorator.py for tasks to queue
[2025-04-16T00:06:07.447+0700] {logging_mixin.py:190} INFO - [2025-04-16T00:06:07.447+0700] {dagbag.py:588} INFO - Filling up the DagBag from /home/anhtupham99/NBA-analytics/py_env/lib/python3.11/site-packages/airflow/example_dags/example_python_decorator.py
[2025-04-16T00:06:07.465+0700] {processor.py:925} INFO - DAG(s) 'example_python_decorator' retrieved from /home/anhtupham99/NBA-analytics/py_env/lib/python3.11/site-packages/airflow/example_dags/example_python_decorator.py
[2025-04-16T00:06:07.483+0700] {logging_mixin.py:190} INFO - [2025-04-16T00:06:07.483+0700] {dag.py:3239} INFO - Sync 1 DAGs
[2025-04-16T00:06:07.497+0700] {logging_mixin.py:190} INFO - [2025-04-16T00:06:07.497+0700] {dag.py:4180} INFO - Setting next_dagrun for example_python_decorator to None, run_after=None
[2025-04-16T00:06:07.525+0700] {processor.py:208} INFO - Processing /home/anhtupham99/NBA-analytics/py_env/lib/python3.11/site-packages/airflow/example_dags/example_python_decorator.py took 0.090 seconds
[2025-04-16T00:07:19.018+0700] {processor.py:186} INFO - Started process (PID=324703) to work on /home/anhtupham99/NBA-analytics/py_env/lib/python3.11/site-packages/airflow/example_dags/example_python_decorator.py
[2025-04-16T00:07:19.019+0700] {processor.py:914} INFO - Processing file /home/anhtupham99/NBA-analytics/py_env/lib/python3.11/site-packages/airflow/example_dags/example_python_decorator.py for tasks to queue
[2025-04-16T00:07:19.020+0700] {logging_mixin.py:190} INFO - [2025-04-16T00:07:19.020+0700] {dagbag.py:588} INFO - Filling up the DagBag from /home/anhtupham99/NBA-analytics/py_env/lib/python3.11/site-packages/airflow/example_dags/example_python_decorator.py
[2025-04-16T00:07:19.031+0700] {processor.py:925} INFO - DAG(s) 'example_python_decorator' retrieved from /home/anhtupham99/NBA-analytics/py_env/lib/python3.11/site-packages/airflow/example_dags/example_python_decorator.py
[2025-04-16T00:07:19.043+0700] {logging_mixin.py:190} INFO - [2025-04-16T00:07:19.043+0700] {dag.py:3239} INFO - Sync 1 DAGs
[2025-04-16T00:07:19.051+0700] {logging_mixin.py:190} INFO - [2025-04-16T00:07:19.051+0700] {dag.py:4180} INFO - Setting next_dagrun for example_python_decorator to None, run_after=None
[2025-04-16T00:07:19.073+0700] {processor.py:208} INFO - Processing /home/anhtupham99/NBA-analytics/py_env/lib/python3.11/site-packages/airflow/example_dags/example_python_decorator.py took 0.059 seconds
[2025-04-16T00:08:27.708+0700] {processor.py:186} INFO - Started process (PID=325987) to work on /home/anhtupham99/NBA-analytics/py_env/lib/python3.11/site-packages/airflow/example_dags/example_python_decorator.py
[2025-04-16T00:08:27.710+0700] {processor.py:914} INFO - Processing file /home/anhtupham99/NBA-analytics/py_env/lib/python3.11/site-packages/airflow/example_dags/example_python_decorator.py for tasks to queue
[2025-04-16T00:08:27.712+0700] {logging_mixin.py:190} INFO - [2025-04-16T00:08:27.711+0700] {dagbag.py:588} INFO - Filling up the DagBag from /home/anhtupham99/NBA-analytics/py_env/lib/python3.11/site-packages/airflow/example_dags/example_python_decorator.py
[2025-04-16T00:08:27.726+0700] {processor.py:925} INFO - DAG(s) 'example_python_decorator' retrieved from /home/anhtupham99/NBA-analytics/py_env/lib/python3.11/site-packages/airflow/example_dags/example_python_decorator.py
[2025-04-16T00:08:27.742+0700] {logging_mixin.py:190} INFO - [2025-04-16T00:08:27.742+0700] {dag.py:3239} INFO - Sync 1 DAGs
[2025-04-16T00:08:27.753+0700] {logging_mixin.py:190} INFO - [2025-04-16T00:08:27.753+0700] {dag.py:4180} INFO - Setting next_dagrun for example_python_decorator to None, run_after=None
[2025-04-16T00:08:27.783+0700] {processor.py:208} INFO - Processing /home/anhtupham99/NBA-analytics/py_env/lib/python3.11/site-packages/airflow/example_dags/example_python_decorator.py took 0.081 seconds
[2025-04-16T00:09:40.090+0700] {processor.py:186} INFO - Started process (PID=327506) to work on /home/anhtupham99/NBA-analytics/py_env/lib/python3.11/site-packages/airflow/example_dags/example_python_decorator.py
[2025-04-16T00:09:40.091+0700] {processor.py:914} INFO - Processing file /home/anhtupham99/NBA-analytics/py_env/lib/python3.11/site-packages/airflow/example_dags/example_python_decorator.py for tasks to queue
[2025-04-16T00:09:40.093+0700] {logging_mixin.py:190} INFO - [2025-04-16T00:09:40.092+0700] {dagbag.py:588} INFO - Filling up the DagBag from /home/anhtupham99/NBA-analytics/py_env/lib/python3.11/site-packages/airflow/example_dags/example_python_decorator.py
[2025-04-16T00:09:40.103+0700] {processor.py:925} INFO - DAG(s) 'example_python_decorator' retrieved from /home/anhtupham99/NBA-analytics/py_env/lib/python3.11/site-packages/airflow/example_dags/example_python_decorator.py
[2025-04-16T00:09:40.115+0700] {logging_mixin.py:190} INFO - [2025-04-16T00:09:40.115+0700] {dag.py:3239} INFO - Sync 1 DAGs
[2025-04-16T00:09:40.123+0700] {logging_mixin.py:190} INFO - [2025-04-16T00:09:40.123+0700] {dag.py:4180} INFO - Setting next_dagrun for example_python_decorator to None, run_after=None
[2025-04-16T00:09:40.146+0700] {processor.py:208} INFO - Processing /home/anhtupham99/NBA-analytics/py_env/lib/python3.11/site-packages/airflow/example_dags/example_python_decorator.py took 0.062 seconds
[2025-04-16T00:10:52.862+0700] {processor.py:186} INFO - Started process (PID=329165) to work on /home/anhtupham99/NBA-analytics/py_env/lib/python3.11/site-packages/airflow/example_dags/example_python_decorator.py
[2025-04-16T00:10:52.864+0700] {processor.py:914} INFO - Processing file /home/anhtupham99/NBA-analytics/py_env/lib/python3.11/site-packages/airflow/example_dags/example_python_decorator.py for tasks to queue
[2025-04-16T00:10:52.866+0700] {logging_mixin.py:190} INFO - [2025-04-16T00:10:52.865+0700] {dagbag.py:588} INFO - Filling up the DagBag from /home/anhtupham99/NBA-analytics/py_env/lib/python3.11/site-packages/airflow/example_dags/example_python_decorator.py
[2025-04-16T00:10:52.878+0700] {processor.py:925} INFO - DAG(s) 'example_python_decorator' retrieved from /home/anhtupham99/NBA-analytics/py_env/lib/python3.11/site-packages/airflow/example_dags/example_python_decorator.py
[2025-04-16T00:10:52.894+0700] {logging_mixin.py:190} INFO - [2025-04-16T00:10:52.893+0700] {dag.py:3239} INFO - Sync 1 DAGs
[2025-04-16T00:10:52.904+0700] {logging_mixin.py:190} INFO - [2025-04-16T00:10:52.904+0700] {dag.py:4180} INFO - Setting next_dagrun for example_python_decorator to None, run_after=None
[2025-04-16T00:10:52.929+0700] {processor.py:208} INFO - Processing /home/anhtupham99/NBA-analytics/py_env/lib/python3.11/site-packages/airflow/example_dags/example_python_decorator.py took 0.072 seconds
[2025-04-16T00:12:04.459+0700] {processor.py:186} INFO - Started process (PID=330783) to work on /home/anhtupham99/NBA-analytics/py_env/lib/python3.11/site-packages/airflow/example_dags/example_python_decorator.py
[2025-04-16T00:12:04.464+0700] {processor.py:914} INFO - Processing file /home/anhtupham99/NBA-analytics/py_env/lib/python3.11/site-packages/airflow/example_dags/example_python_decorator.py for tasks to queue
[2025-04-16T00:12:04.469+0700] {logging_mixin.py:190} INFO - [2025-04-16T00:12:04.468+0700] {dagbag.py:588} INFO - Filling up the DagBag from /home/anhtupham99/NBA-analytics/py_env/lib/python3.11/site-packages/airflow/example_dags/example_python_decorator.py
[2025-04-16T00:12:04.490+0700] {processor.py:925} INFO - DAG(s) 'example_python_decorator' retrieved from /home/anhtupham99/NBA-analytics/py_env/lib/python3.11/site-packages/airflow/example_dags/example_python_decorator.py
[2025-04-16T00:12:04.513+0700] {logging_mixin.py:190} INFO - [2025-04-16T00:12:04.512+0700] {dag.py:3239} INFO - Sync 1 DAGs
[2025-04-16T00:12:04.528+0700] {logging_mixin.py:190} INFO - [2025-04-16T00:12:04.528+0700] {dag.py:4180} INFO - Setting next_dagrun for example_python_decorator to None, run_after=None
[2025-04-16T00:12:04.568+0700] {processor.py:208} INFO - Processing /home/anhtupham99/NBA-analytics/py_env/lib/python3.11/site-packages/airflow/example_dags/example_python_decorator.py took 0.116 seconds
[2025-04-16T00:13:13.752+0700] {processor.py:186} INFO - Started process (PID=333001) to work on /home/anhtupham99/NBA-analytics/py_env/lib/python3.11/site-packages/airflow/example_dags/example_python_decorator.py
[2025-04-16T00:13:13.755+0700] {processor.py:914} INFO - Processing file /home/anhtupham99/NBA-analytics/py_env/lib/python3.11/site-packages/airflow/example_dags/example_python_decorator.py for tasks to queue
[2025-04-16T00:13:13.757+0700] {logging_mixin.py:190} INFO - [2025-04-16T00:13:13.757+0700] {dagbag.py:588} INFO - Filling up the DagBag from /home/anhtupham99/NBA-analytics/py_env/lib/python3.11/site-packages/airflow/example_dags/example_python_decorator.py
[2025-04-16T00:13:13.767+0700] {processor.py:925} INFO - DAG(s) 'example_python_decorator' retrieved from /home/anhtupham99/NBA-analytics/py_env/lib/python3.11/site-packages/airflow/example_dags/example_python_decorator.py
[2025-04-16T00:13:13.781+0700] {logging_mixin.py:190} INFO - [2025-04-16T00:13:13.781+0700] {dag.py:3239} INFO - Sync 1 DAGs
[2025-04-16T00:13:13.791+0700] {logging_mixin.py:190} INFO - [2025-04-16T00:13:13.791+0700] {dag.py:4180} INFO - Setting next_dagrun for example_python_decorator to None, run_after=None
[2025-04-16T00:13:13.817+0700] {processor.py:208} INFO - Processing /home/anhtupham99/NBA-analytics/py_env/lib/python3.11/site-packages/airflow/example_dags/example_python_decorator.py took 0.070 seconds
[2025-04-16T00:14:29.732+0700] {processor.py:186} INFO - Started process (PID=336058) to work on /home/anhtupham99/NBA-analytics/py_env/lib/python3.11/site-packages/airflow/example_dags/example_python_decorator.py
[2025-04-16T00:14:29.734+0700] {processor.py:914} INFO - Processing file /home/anhtupham99/NBA-analytics/py_env/lib/python3.11/site-packages/airflow/example_dags/example_python_decorator.py for tasks to queue
[2025-04-16T00:14:29.736+0700] {logging_mixin.py:190} INFO - [2025-04-16T00:14:29.735+0700] {dagbag.py:588} INFO - Filling up the DagBag from /home/anhtupham99/NBA-analytics/py_env/lib/python3.11/site-packages/airflow/example_dags/example_python_decorator.py
[2025-04-16T00:14:29.747+0700] {processor.py:925} INFO - DAG(s) 'example_python_decorator' retrieved from /home/anhtupham99/NBA-analytics/py_env/lib/python3.11/site-packages/airflow/example_dags/example_python_decorator.py
[2025-04-16T00:14:29.759+0700] {logging_mixin.py:190} INFO - [2025-04-16T00:14:29.759+0700] {dag.py:3239} INFO - Sync 1 DAGs
[2025-04-16T00:14:29.768+0700] {logging_mixin.py:190} INFO - [2025-04-16T00:14:29.768+0700] {dag.py:4180} INFO - Setting next_dagrun for example_python_decorator to None, run_after=None
[2025-04-16T00:14:29.792+0700] {processor.py:208} INFO - Processing /home/anhtupham99/NBA-analytics/py_env/lib/python3.11/site-packages/airflow/example_dags/example_python_decorator.py took 0.065 seconds
[2025-04-16T00:15:44.107+0700] {processor.py:186} INFO - Started process (PID=339295) to work on /home/anhtupham99/NBA-analytics/py_env/lib/python3.11/site-packages/airflow/example_dags/example_python_decorator.py
[2025-04-16T00:15:44.108+0700] {processor.py:914} INFO - Processing file /home/anhtupham99/NBA-analytics/py_env/lib/python3.11/site-packages/airflow/example_dags/example_python_decorator.py for tasks to queue
[2025-04-16T00:15:44.110+0700] {logging_mixin.py:190} INFO - [2025-04-16T00:15:44.109+0700] {dagbag.py:588} INFO - Filling up the DagBag from /home/anhtupham99/NBA-analytics/py_env/lib/python3.11/site-packages/airflow/example_dags/example_python_decorator.py
[2025-04-16T00:15:44.121+0700] {processor.py:925} INFO - DAG(s) 'example_python_decorator' retrieved from /home/anhtupham99/NBA-analytics/py_env/lib/python3.11/site-packages/airflow/example_dags/example_python_decorator.py
[2025-04-16T00:15:44.134+0700] {logging_mixin.py:190} INFO - [2025-04-16T00:15:44.133+0700] {dag.py:3239} INFO - Sync 1 DAGs
[2025-04-16T00:15:44.142+0700] {logging_mixin.py:190} INFO - [2025-04-16T00:15:44.142+0700] {dag.py:4180} INFO - Setting next_dagrun for example_python_decorator to None, run_after=None
[2025-04-16T00:15:44.182+0700] {processor.py:208} INFO - Processing /home/anhtupham99/NBA-analytics/py_env/lib/python3.11/site-packages/airflow/example_dags/example_python_decorator.py took 0.080 seconds
[2025-04-16T00:17:00.420+0700] {processor.py:186} INFO - Started process (PID=343299) to work on /home/anhtupham99/NBA-analytics/py_env/lib/python3.11/site-packages/airflow/example_dags/example_python_decorator.py
[2025-04-16T00:17:00.421+0700] {processor.py:914} INFO - Processing file /home/anhtupham99/NBA-analytics/py_env/lib/python3.11/site-packages/airflow/example_dags/example_python_decorator.py for tasks to queue
[2025-04-16T00:17:00.423+0700] {logging_mixin.py:190} INFO - [2025-04-16T00:17:00.423+0700] {dagbag.py:588} INFO - Filling up the DagBag from /home/anhtupham99/NBA-analytics/py_env/lib/python3.11/site-packages/airflow/example_dags/example_python_decorator.py
[2025-04-16T00:17:00.436+0700] {processor.py:925} INFO - DAG(s) 'example_python_decorator' retrieved from /home/anhtupham99/NBA-analytics/py_env/lib/python3.11/site-packages/airflow/example_dags/example_python_decorator.py
[2025-04-16T00:17:00.459+0700] {logging_mixin.py:190} INFO - [2025-04-16T00:17:00.459+0700] {dag.py:3239} INFO - Sync 1 DAGs
[2025-04-16T00:17:00.477+0700] {logging_mixin.py:190} INFO - [2025-04-16T00:17:00.477+0700] {dag.py:4180} INFO - Setting next_dagrun for example_python_decorator to None, run_after=None
[2025-04-16T00:17:00.501+0700] {processor.py:208} INFO - Processing /home/anhtupham99/NBA-analytics/py_env/lib/python3.11/site-packages/airflow/example_dags/example_python_decorator.py took 0.087 seconds
[2025-04-16T00:18:13.541+0700] {processor.py:186} INFO - Started process (PID=346048) to work on /home/anhtupham99/NBA-analytics/py_env/lib/python3.11/site-packages/airflow/example_dags/example_python_decorator.py
[2025-04-16T00:18:13.542+0700] {processor.py:914} INFO - Processing file /home/anhtupham99/NBA-analytics/py_env/lib/python3.11/site-packages/airflow/example_dags/example_python_decorator.py for tasks to queue
[2025-04-16T00:18:13.545+0700] {logging_mixin.py:190} INFO - [2025-04-16T00:18:13.544+0700] {dagbag.py:588} INFO - Filling up the DagBag from /home/anhtupham99/NBA-analytics/py_env/lib/python3.11/site-packages/airflow/example_dags/example_python_decorator.py
[2025-04-16T00:18:13.559+0700] {processor.py:925} INFO - DAG(s) 'example_python_decorator' retrieved from /home/anhtupham99/NBA-analytics/py_env/lib/python3.11/site-packages/airflow/example_dags/example_python_decorator.py
[2025-04-16T00:18:13.579+0700] {logging_mixin.py:190} INFO - [2025-04-16T00:18:13.578+0700] {dag.py:3239} INFO - Sync 1 DAGs
[2025-04-16T00:18:13.591+0700] {logging_mixin.py:190} INFO - [2025-04-16T00:18:13.590+0700] {dag.py:4180} INFO - Setting next_dagrun for example_python_decorator to None, run_after=None
[2025-04-16T00:18:13.626+0700] {processor.py:208} INFO - Processing /home/anhtupham99/NBA-analytics/py_env/lib/python3.11/site-packages/airflow/example_dags/example_python_decorator.py took 0.091 seconds
[2025-04-16T00:19:29.005+0700] {processor.py:186} INFO - Started process (PID=349970) to work on /home/anhtupham99/NBA-analytics/py_env/lib/python3.11/site-packages/airflow/example_dags/example_python_decorator.py
[2025-04-16T00:19:29.007+0700] {processor.py:914} INFO - Processing file /home/anhtupham99/NBA-analytics/py_env/lib/python3.11/site-packages/airflow/example_dags/example_python_decorator.py for tasks to queue
[2025-04-16T00:19:29.011+0700] {logging_mixin.py:190} INFO - [2025-04-16T00:19:29.010+0700] {dagbag.py:588} INFO - Filling up the DagBag from /home/anhtupham99/NBA-analytics/py_env/lib/python3.11/site-packages/airflow/example_dags/example_python_decorator.py
[2025-04-16T00:19:29.028+0700] {processor.py:925} INFO - DAG(s) 'example_python_decorator' retrieved from /home/anhtupham99/NBA-analytics/py_env/lib/python3.11/site-packages/airflow/example_dags/example_python_decorator.py
[2025-04-16T00:19:29.051+0700] {logging_mixin.py:190} INFO - [2025-04-16T00:19:29.050+0700] {dag.py:3239} INFO - Sync 1 DAGs
[2025-04-16T00:19:29.064+0700] {logging_mixin.py:190} INFO - [2025-04-16T00:19:29.064+0700] {dag.py:4180} INFO - Setting next_dagrun for example_python_decorator to None, run_after=None
[2025-04-16T00:19:29.090+0700] {processor.py:208} INFO - Processing /home/anhtupham99/NBA-analytics/py_env/lib/python3.11/site-packages/airflow/example_dags/example_python_decorator.py took 0.091 seconds
[2025-04-16T00:20:42.272+0700] {processor.py:186} INFO - Started process (PID=352697) to work on /home/anhtupham99/NBA-analytics/py_env/lib/python3.11/site-packages/airflow/example_dags/example_python_decorator.py
[2025-04-16T00:20:42.273+0700] {processor.py:914} INFO - Processing file /home/anhtupham99/NBA-analytics/py_env/lib/python3.11/site-packages/airflow/example_dags/example_python_decorator.py for tasks to queue
[2025-04-16T00:20:42.275+0700] {logging_mixin.py:190} INFO - [2025-04-16T00:20:42.275+0700] {dagbag.py:588} INFO - Filling up the DagBag from /home/anhtupham99/NBA-analytics/py_env/lib/python3.11/site-packages/airflow/example_dags/example_python_decorator.py
[2025-04-16T00:20:42.287+0700] {processor.py:925} INFO - DAG(s) 'example_python_decorator' retrieved from /home/anhtupham99/NBA-analytics/py_env/lib/python3.11/site-packages/airflow/example_dags/example_python_decorator.py
[2025-04-16T00:20:42.301+0700] {logging_mixin.py:190} INFO - [2025-04-16T00:20:42.301+0700] {dag.py:3239} INFO - Sync 1 DAGs
[2025-04-16T00:20:42.310+0700] {logging_mixin.py:190} INFO - [2025-04-16T00:20:42.310+0700] {dag.py:4180} INFO - Setting next_dagrun for example_python_decorator to None, run_after=None
[2025-04-16T00:20:42.334+0700] {processor.py:208} INFO - Processing /home/anhtupham99/NBA-analytics/py_env/lib/python3.11/site-packages/airflow/example_dags/example_python_decorator.py took 0.066 seconds
[2025-04-16T00:21:58.328+0700] {processor.py:186} INFO - Started process (PID=355588) to work on /home/anhtupham99/NBA-analytics/py_env/lib/python3.11/site-packages/airflow/example_dags/example_python_decorator.py
[2025-04-16T00:21:58.330+0700] {processor.py:914} INFO - Processing file /home/anhtupham99/NBA-analytics/py_env/lib/python3.11/site-packages/airflow/example_dags/example_python_decorator.py for tasks to queue
[2025-04-16T00:21:58.332+0700] {logging_mixin.py:190} INFO - [2025-04-16T00:21:58.332+0700] {dagbag.py:588} INFO - Filling up the DagBag from /home/anhtupham99/NBA-analytics/py_env/lib/python3.11/site-packages/airflow/example_dags/example_python_decorator.py
[2025-04-16T00:21:58.345+0700] {processor.py:925} INFO - DAG(s) 'example_python_decorator' retrieved from /home/anhtupham99/NBA-analytics/py_env/lib/python3.11/site-packages/airflow/example_dags/example_python_decorator.py
[2025-04-16T00:21:58.361+0700] {logging_mixin.py:190} INFO - [2025-04-16T00:21:58.360+0700] {dag.py:3239} INFO - Sync 1 DAGs
[2025-04-16T00:21:58.371+0700] {logging_mixin.py:190} INFO - [2025-04-16T00:21:58.371+0700] {dag.py:4180} INFO - Setting next_dagrun for example_python_decorator to None, run_after=None
[2025-04-16T00:21:58.400+0700] {processor.py:208} INFO - Processing /home/anhtupham99/NBA-analytics/py_env/lib/python3.11/site-packages/airflow/example_dags/example_python_decorator.py took 0.077 seconds
[2025-04-16T00:23:13.795+0700] {processor.py:186} INFO - Started process (PID=358050) to work on /home/anhtupham99/NBA-analytics/py_env/lib/python3.11/site-packages/airflow/example_dags/example_python_decorator.py
[2025-04-16T00:23:13.797+0700] {processor.py:914} INFO - Processing file /home/anhtupham99/NBA-analytics/py_env/lib/python3.11/site-packages/airflow/example_dags/example_python_decorator.py for tasks to queue
[2025-04-16T00:23:13.799+0700] {logging_mixin.py:190} INFO - [2025-04-16T00:23:13.798+0700] {dagbag.py:588} INFO - Filling up the DagBag from /home/anhtupham99/NBA-analytics/py_env/lib/python3.11/site-packages/airflow/example_dags/example_python_decorator.py
[2025-04-16T00:23:13.812+0700] {processor.py:925} INFO - DAG(s) 'example_python_decorator' retrieved from /home/anhtupham99/NBA-analytics/py_env/lib/python3.11/site-packages/airflow/example_dags/example_python_decorator.py
[2025-04-16T00:23:13.826+0700] {logging_mixin.py:190} INFO - [2025-04-16T00:23:13.826+0700] {dag.py:3239} INFO - Sync 1 DAGs
[2025-04-16T00:23:13.837+0700] {logging_mixin.py:190} INFO - [2025-04-16T00:23:13.837+0700] {dag.py:4180} INFO - Setting next_dagrun for example_python_decorator to None, run_after=None
[2025-04-16T00:23:13.862+0700] {processor.py:208} INFO - Processing /home/anhtupham99/NBA-analytics/py_env/lib/python3.11/site-packages/airflow/example_dags/example_python_decorator.py took 0.072 seconds
[2025-04-16T00:24:24.293+0700] {processor.py:186} INFO - Started process (PID=360538) to work on /home/anhtupham99/NBA-analytics/py_env/lib/python3.11/site-packages/airflow/example_dags/example_python_decorator.py
[2025-04-16T00:24:24.294+0700] {processor.py:914} INFO - Processing file /home/anhtupham99/NBA-analytics/py_env/lib/python3.11/site-packages/airflow/example_dags/example_python_decorator.py for tasks to queue
[2025-04-16T00:24:24.296+0700] {logging_mixin.py:190} INFO - [2025-04-16T00:24:24.296+0700] {dagbag.py:588} INFO - Filling up the DagBag from /home/anhtupham99/NBA-analytics/py_env/lib/python3.11/site-packages/airflow/example_dags/example_python_decorator.py
[2025-04-16T00:24:24.310+0700] {processor.py:925} INFO - DAG(s) 'example_python_decorator' retrieved from /home/anhtupham99/NBA-analytics/py_env/lib/python3.11/site-packages/airflow/example_dags/example_python_decorator.py
[2025-04-16T00:24:24.326+0700] {logging_mixin.py:190} INFO - [2025-04-16T00:24:24.326+0700] {dag.py:3239} INFO - Sync 1 DAGs
[2025-04-16T00:24:24.338+0700] {logging_mixin.py:190} INFO - [2025-04-16T00:24:24.338+0700] {dag.py:4180} INFO - Setting next_dagrun for example_python_decorator to None, run_after=None
[2025-04-16T00:24:24.370+0700] {processor.py:208} INFO - Processing /home/anhtupham99/NBA-analytics/py_env/lib/python3.11/site-packages/airflow/example_dags/example_python_decorator.py took 0.082 seconds
[2025-04-16T00:25:37.716+0700] {processor.py:186} INFO - Started process (PID=363598) to work on /home/anhtupham99/NBA-analytics/py_env/lib/python3.11/site-packages/airflow/example_dags/example_python_decorator.py
[2025-04-16T00:25:37.718+0700] {processor.py:914} INFO - Processing file /home/anhtupham99/NBA-analytics/py_env/lib/python3.11/site-packages/airflow/example_dags/example_python_decorator.py for tasks to queue
[2025-04-16T00:25:37.719+0700] {logging_mixin.py:190} INFO - [2025-04-16T00:25:37.719+0700] {dagbag.py:588} INFO - Filling up the DagBag from /home/anhtupham99/NBA-analytics/py_env/lib/python3.11/site-packages/airflow/example_dags/example_python_decorator.py
[2025-04-16T00:25:37.730+0700] {processor.py:925} INFO - DAG(s) 'example_python_decorator' retrieved from /home/anhtupham99/NBA-analytics/py_env/lib/python3.11/site-packages/airflow/example_dags/example_python_decorator.py
[2025-04-16T00:25:37.741+0700] {logging_mixin.py:190} INFO - [2025-04-16T00:25:37.741+0700] {dag.py:3239} INFO - Sync 1 DAGs
[2025-04-16T00:25:37.751+0700] {logging_mixin.py:190} INFO - [2025-04-16T00:25:37.751+0700] {dag.py:4180} INFO - Setting next_dagrun for example_python_decorator to None, run_after=None
[2025-04-16T00:25:37.773+0700] {processor.py:208} INFO - Processing /home/anhtupham99/NBA-analytics/py_env/lib/python3.11/site-packages/airflow/example_dags/example_python_decorator.py took 0.061 seconds
[2025-04-16T00:26:50.927+0700] {processor.py:186} INFO - Started process (PID=365249) to work on /home/anhtupham99/NBA-analytics/py_env/lib/python3.11/site-packages/airflow/example_dags/example_python_decorator.py
[2025-04-16T00:26:50.929+0700] {processor.py:914} INFO - Processing file /home/anhtupham99/NBA-analytics/py_env/lib/python3.11/site-packages/airflow/example_dags/example_python_decorator.py for tasks to queue
[2025-04-16T00:26:50.931+0700] {logging_mixin.py:190} INFO - [2025-04-16T00:26:50.931+0700] {dagbag.py:588} INFO - Filling up the DagBag from /home/anhtupham99/NBA-analytics/py_env/lib/python3.11/site-packages/airflow/example_dags/example_python_decorator.py
[2025-04-16T00:26:50.943+0700] {processor.py:925} INFO - DAG(s) 'example_python_decorator' retrieved from /home/anhtupham99/NBA-analytics/py_env/lib/python3.11/site-packages/airflow/example_dags/example_python_decorator.py
[2025-04-16T00:26:50.958+0700] {logging_mixin.py:190} INFO - [2025-04-16T00:26:50.958+0700] {dag.py:3239} INFO - Sync 1 DAGs
[2025-04-16T00:26:50.968+0700] {logging_mixin.py:190} INFO - [2025-04-16T00:26:50.968+0700] {dag.py:4180} INFO - Setting next_dagrun for example_python_decorator to None, run_after=None
[2025-04-16T00:26:50.994+0700] {processor.py:208} INFO - Processing /home/anhtupham99/NBA-analytics/py_env/lib/python3.11/site-packages/airflow/example_dags/example_python_decorator.py took 0.072 seconds
[2025-04-16T00:28:01.621+0700] {processor.py:186} INFO - Started process (PID=367146) to work on /home/anhtupham99/NBA-analytics/py_env/lib/python3.11/site-packages/airflow/example_dags/example_python_decorator.py
[2025-04-16T00:28:01.623+0700] {processor.py:914} INFO - Processing file /home/anhtupham99/NBA-analytics/py_env/lib/python3.11/site-packages/airflow/example_dags/example_python_decorator.py for tasks to queue
[2025-04-16T00:28:01.626+0700] {logging_mixin.py:190} INFO - [2025-04-16T00:28:01.626+0700] {dagbag.py:588} INFO - Filling up the DagBag from /home/anhtupham99/NBA-analytics/py_env/lib/python3.11/site-packages/airflow/example_dags/example_python_decorator.py
[2025-04-16T00:28:01.643+0700] {processor.py:925} INFO - DAG(s) 'example_python_decorator' retrieved from /home/anhtupham99/NBA-analytics/py_env/lib/python3.11/site-packages/airflow/example_dags/example_python_decorator.py
[2025-04-16T00:28:01.666+0700] {logging_mixin.py:190} INFO - [2025-04-16T00:28:01.666+0700] {dag.py:3239} INFO - Sync 1 DAGs
[2025-04-16T00:28:01.685+0700] {logging_mixin.py:190} INFO - [2025-04-16T00:28:01.685+0700] {dag.py:4180} INFO - Setting next_dagrun for example_python_decorator to None, run_after=None
[2025-04-16T00:28:01.722+0700] {processor.py:208} INFO - Processing /home/anhtupham99/NBA-analytics/py_env/lib/python3.11/site-packages/airflow/example_dags/example_python_decorator.py took 0.107 seconds
[2025-04-16T00:29:12.419+0700] {processor.py:186} INFO - Started process (PID=368744) to work on /home/anhtupham99/NBA-analytics/py_env/lib/python3.11/site-packages/airflow/example_dags/example_python_decorator.py
[2025-04-16T00:29:12.420+0700] {processor.py:914} INFO - Processing file /home/anhtupham99/NBA-analytics/py_env/lib/python3.11/site-packages/airflow/example_dags/example_python_decorator.py for tasks to queue
[2025-04-16T00:29:12.422+0700] {logging_mixin.py:190} INFO - [2025-04-16T00:29:12.422+0700] {dagbag.py:588} INFO - Filling up the DagBag from /home/anhtupham99/NBA-analytics/py_env/lib/python3.11/site-packages/airflow/example_dags/example_python_decorator.py
[2025-04-16T00:29:12.434+0700] {processor.py:925} INFO - DAG(s) 'example_python_decorator' retrieved from /home/anhtupham99/NBA-analytics/py_env/lib/python3.11/site-packages/airflow/example_dags/example_python_decorator.py
[2025-04-16T00:29:12.446+0700] {logging_mixin.py:190} INFO - [2025-04-16T00:29:12.446+0700] {dag.py:3239} INFO - Sync 1 DAGs
[2025-04-16T00:29:12.455+0700] {logging_mixin.py:190} INFO - [2025-04-16T00:29:12.455+0700] {dag.py:4180} INFO - Setting next_dagrun for example_python_decorator to None, run_after=None
[2025-04-16T00:29:12.478+0700] {processor.py:208} INFO - Processing /home/anhtupham99/NBA-analytics/py_env/lib/python3.11/site-packages/airflow/example_dags/example_python_decorator.py took 0.064 seconds
[2025-04-16T00:30:26.675+0700] {processor.py:186} INFO - Started process (PID=370514) to work on /home/anhtupham99/NBA-analytics/py_env/lib/python3.11/site-packages/airflow/example_dags/example_python_decorator.py
[2025-04-16T00:30:26.677+0700] {processor.py:914} INFO - Processing file /home/anhtupham99/NBA-analytics/py_env/lib/python3.11/site-packages/airflow/example_dags/example_python_decorator.py for tasks to queue
[2025-04-16T00:30:26.678+0700] {logging_mixin.py:190} INFO - [2025-04-16T00:30:26.678+0700] {dagbag.py:588} INFO - Filling up the DagBag from /home/anhtupham99/NBA-analytics/py_env/lib/python3.11/site-packages/airflow/example_dags/example_python_decorator.py
[2025-04-16T00:30:26.688+0700] {processor.py:925} INFO - DAG(s) 'example_python_decorator' retrieved from /home/anhtupham99/NBA-analytics/py_env/lib/python3.11/site-packages/airflow/example_dags/example_python_decorator.py
[2025-04-16T00:30:26.700+0700] {logging_mixin.py:190} INFO - [2025-04-16T00:30:26.700+0700] {dag.py:3239} INFO - Sync 1 DAGs
[2025-04-16T00:30:26.708+0700] {logging_mixin.py:190} INFO - [2025-04-16T00:30:26.708+0700] {dag.py:4180} INFO - Setting next_dagrun for example_python_decorator to None, run_after=None
[2025-04-16T00:30:26.730+0700] {processor.py:208} INFO - Processing /home/anhtupham99/NBA-analytics/py_env/lib/python3.11/site-packages/airflow/example_dags/example_python_decorator.py took 0.059 seconds
[2025-04-16T00:31:35.872+0700] {processor.py:186} INFO - Started process (PID=372447) to work on /home/anhtupham99/NBA-analytics/py_env/lib/python3.11/site-packages/airflow/example_dags/example_python_decorator.py
[2025-04-16T00:31:35.874+0700] {processor.py:914} INFO - Processing file /home/anhtupham99/NBA-analytics/py_env/lib/python3.11/site-packages/airflow/example_dags/example_python_decorator.py for tasks to queue
[2025-04-16T00:31:35.876+0700] {logging_mixin.py:190} INFO - [2025-04-16T00:31:35.876+0700] {dagbag.py:588} INFO - Filling up the DagBag from /home/anhtupham99/NBA-analytics/py_env/lib/python3.11/site-packages/airflow/example_dags/example_python_decorator.py
[2025-04-16T00:31:35.887+0700] {processor.py:925} INFO - DAG(s) 'example_python_decorator' retrieved from /home/anhtupham99/NBA-analytics/py_env/lib/python3.11/site-packages/airflow/example_dags/example_python_decorator.py
[2025-04-16T00:31:35.899+0700] {logging_mixin.py:190} INFO - [2025-04-16T00:31:35.899+0700] {dag.py:3239} INFO - Sync 1 DAGs
[2025-04-16T00:31:35.907+0700] {logging_mixin.py:190} INFO - [2025-04-16T00:31:35.907+0700] {dag.py:4180} INFO - Setting next_dagrun for example_python_decorator to None, run_after=None
[2025-04-16T00:31:35.930+0700] {processor.py:208} INFO - Processing /home/anhtupham99/NBA-analytics/py_env/lib/python3.11/site-packages/airflow/example_dags/example_python_decorator.py took 0.062 seconds
[2025-04-16T00:32:42.855+0700] {processor.py:186} INFO - Started process (PID=374050) to work on /home/anhtupham99/NBA-analytics/py_env/lib/python3.11/site-packages/airflow/example_dags/example_python_decorator.py
[2025-04-16T00:32:42.856+0700] {processor.py:914} INFO - Processing file /home/anhtupham99/NBA-analytics/py_env/lib/python3.11/site-packages/airflow/example_dags/example_python_decorator.py for tasks to queue
[2025-04-16T00:32:42.858+0700] {logging_mixin.py:190} INFO - [2025-04-16T00:32:42.858+0700] {dagbag.py:588} INFO - Filling up the DagBag from /home/anhtupham99/NBA-analytics/py_env/lib/python3.11/site-packages/airflow/example_dags/example_python_decorator.py
[2025-04-16T00:32:42.869+0700] {processor.py:925} INFO - DAG(s) 'example_python_decorator' retrieved from /home/anhtupham99/NBA-analytics/py_env/lib/python3.11/site-packages/airflow/example_dags/example_python_decorator.py
[2025-04-16T00:32:42.881+0700] {logging_mixin.py:190} INFO - [2025-04-16T00:32:42.881+0700] {dag.py:3239} INFO - Sync 1 DAGs
[2025-04-16T00:32:42.889+0700] {logging_mixin.py:190} INFO - [2025-04-16T00:32:42.889+0700] {dag.py:4180} INFO - Setting next_dagrun for example_python_decorator to None, run_after=None
[2025-04-16T00:32:42.916+0700] {processor.py:208} INFO - Processing /home/anhtupham99/NBA-analytics/py_env/lib/python3.11/site-packages/airflow/example_dags/example_python_decorator.py took 0.065 seconds
[2025-04-16T00:33:53.254+0700] {processor.py:186} INFO - Started process (PID=375766) to work on /home/anhtupham99/NBA-analytics/py_env/lib/python3.11/site-packages/airflow/example_dags/example_python_decorator.py
[2025-04-16T00:33:53.256+0700] {processor.py:914} INFO - Processing file /home/anhtupham99/NBA-analytics/py_env/lib/python3.11/site-packages/airflow/example_dags/example_python_decorator.py for tasks to queue
[2025-04-16T00:33:53.260+0700] {logging_mixin.py:190} INFO - [2025-04-16T00:33:53.259+0700] {dagbag.py:588} INFO - Filling up the DagBag from /home/anhtupham99/NBA-analytics/py_env/lib/python3.11/site-packages/airflow/example_dags/example_python_decorator.py
[2025-04-16T00:33:53.279+0700] {processor.py:925} INFO - DAG(s) 'example_python_decorator' retrieved from /home/anhtupham99/NBA-analytics/py_env/lib/python3.11/site-packages/airflow/example_dags/example_python_decorator.py
[2025-04-16T00:33:53.296+0700] {logging_mixin.py:190} INFO - [2025-04-16T00:33:53.296+0700] {dag.py:3239} INFO - Sync 1 DAGs
[2025-04-16T00:33:53.309+0700] {logging_mixin.py:190} INFO - [2025-04-16T00:33:53.309+0700] {dag.py:4180} INFO - Setting next_dagrun for example_python_decorator to None, run_after=None
[2025-04-16T00:33:53.342+0700] {processor.py:208} INFO - Processing /home/anhtupham99/NBA-analytics/py_env/lib/python3.11/site-packages/airflow/example_dags/example_python_decorator.py took 0.097 seconds
[2025-04-16T00:35:06.808+0700] {processor.py:186} INFO - Started process (PID=377478) to work on /home/anhtupham99/NBA-analytics/py_env/lib/python3.11/site-packages/airflow/example_dags/example_python_decorator.py
[2025-04-16T00:35:06.810+0700] {processor.py:914} INFO - Processing file /home/anhtupham99/NBA-analytics/py_env/lib/python3.11/site-packages/airflow/example_dags/example_python_decorator.py for tasks to queue
[2025-04-16T00:35:06.814+0700] {logging_mixin.py:190} INFO - [2025-04-16T00:35:06.813+0700] {dagbag.py:588} INFO - Filling up the DagBag from /home/anhtupham99/NBA-analytics/py_env/lib/python3.11/site-packages/airflow/example_dags/example_python_decorator.py
[2025-04-16T00:35:06.824+0700] {processor.py:925} INFO - DAG(s) 'example_python_decorator' retrieved from /home/anhtupham99/NBA-analytics/py_env/lib/python3.11/site-packages/airflow/example_dags/example_python_decorator.py
[2025-04-16T00:35:06.835+0700] {logging_mixin.py:190} INFO - [2025-04-16T00:35:06.835+0700] {dag.py:3239} INFO - Sync 1 DAGs
[2025-04-16T00:35:06.843+0700] {logging_mixin.py:190} INFO - [2025-04-16T00:35:06.843+0700] {dag.py:4180} INFO - Setting next_dagrun for example_python_decorator to None, run_after=None
[2025-04-16T00:35:06.866+0700] {processor.py:208} INFO - Processing /home/anhtupham99/NBA-analytics/py_env/lib/python3.11/site-packages/airflow/example_dags/example_python_decorator.py took 0.062 seconds
[2025-04-16T00:36:18.825+0700] {processor.py:186} INFO - Started process (PID=379294) to work on /home/anhtupham99/NBA-analytics/py_env/lib/python3.11/site-packages/airflow/example_dags/example_python_decorator.py
[2025-04-16T00:36:18.826+0700] {processor.py:914} INFO - Processing file /home/anhtupham99/NBA-analytics/py_env/lib/python3.11/site-packages/airflow/example_dags/example_python_decorator.py for tasks to queue
[2025-04-16T00:36:18.827+0700] {logging_mixin.py:190} INFO - [2025-04-16T00:36:18.827+0700] {dagbag.py:588} INFO - Filling up the DagBag from /home/anhtupham99/NBA-analytics/py_env/lib/python3.11/site-packages/airflow/example_dags/example_python_decorator.py
[2025-04-16T00:36:18.837+0700] {processor.py:925} INFO - DAG(s) 'example_python_decorator' retrieved from /home/anhtupham99/NBA-analytics/py_env/lib/python3.11/site-packages/airflow/example_dags/example_python_decorator.py
[2025-04-16T00:36:18.849+0700] {logging_mixin.py:190} INFO - [2025-04-16T00:36:18.849+0700] {dag.py:3239} INFO - Sync 1 DAGs
[2025-04-16T00:36:18.860+0700] {logging_mixin.py:190} INFO - [2025-04-16T00:36:18.860+0700] {dag.py:4180} INFO - Setting next_dagrun for example_python_decorator to None, run_after=None
[2025-04-16T00:36:18.882+0700] {processor.py:208} INFO - Processing /home/anhtupham99/NBA-analytics/py_env/lib/python3.11/site-packages/airflow/example_dags/example_python_decorator.py took 0.062 seconds
[2025-04-16T00:37:27.739+0700] {processor.py:186} INFO - Started process (PID=381262) to work on /home/anhtupham99/NBA-analytics/py_env/lib/python3.11/site-packages/airflow/example_dags/example_python_decorator.py
[2025-04-16T00:37:27.741+0700] {processor.py:914} INFO - Processing file /home/anhtupham99/NBA-analytics/py_env/lib/python3.11/site-packages/airflow/example_dags/example_python_decorator.py for tasks to queue
[2025-04-16T00:37:27.745+0700] {logging_mixin.py:190} INFO - [2025-04-16T00:37:27.744+0700] {dagbag.py:588} INFO - Filling up the DagBag from /home/anhtupham99/NBA-analytics/py_env/lib/python3.11/site-packages/airflow/example_dags/example_python_decorator.py
[2025-04-16T00:37:27.760+0700] {processor.py:925} INFO - DAG(s) 'example_python_decorator' retrieved from /home/anhtupham99/NBA-analytics/py_env/lib/python3.11/site-packages/airflow/example_dags/example_python_decorator.py
[2025-04-16T00:37:27.780+0700] {logging_mixin.py:190} INFO - [2025-04-16T00:37:27.780+0700] {dag.py:3239} INFO - Sync 1 DAGs
[2025-04-16T00:37:27.794+0700] {logging_mixin.py:190} INFO - [2025-04-16T00:37:27.794+0700] {dag.py:4180} INFO - Setting next_dagrun for example_python_decorator to None, run_after=None
[2025-04-16T00:37:27.830+0700] {processor.py:208} INFO - Processing /home/anhtupham99/NBA-analytics/py_env/lib/python3.11/site-packages/airflow/example_dags/example_python_decorator.py took 0.100 seconds
