[2025-04-15T23:47:19.371+0700] {processor.py:186} INFO - Started process (PID=298440) to work on /home/anhtupham99/NBA-analytics/py_env/lib/python3.11/site-packages/airflow/example_dags/example_time_delta_sensor_async.py
[2025-04-15T23:47:19.372+0700] {processor.py:914} INFO - Processing file /home/anhtupham99/NBA-analytics/py_env/lib/python3.11/site-packages/airflow/example_dags/example_time_delta_sensor_async.py for tasks to queue
[2025-04-15T23:47:19.373+0700] {logging_mixin.py:190} INFO - [2025-04-15T23:47:19.373+0700] {dagbag.py:588} INFO - Filling up the DagBag from /home/anhtupham99/NBA-analytics/py_env/lib/python3.11/site-packages/airflow/example_dags/example_time_delta_sensor_async.py
[2025-04-15T23:47:19.379+0700] {processor.py:925} INFO - DAG(s) 'example_time_delta_sensor_async' retrieved from /home/anhtupham99/NBA-analytics/py_env/lib/python3.11/site-packages/airflow/example_dags/example_time_delta_sensor_async.py
[2025-04-15T23:47:19.476+0700] {logging_mixin.py:190} INFO - [2025-04-15T23:47:19.475+0700] {override.py:1912} INFO - Created Permission View: can delete on DAG:example_time_delta_sensor_async
[2025-04-15T23:47:19.492+0700] {logging_mixin.py:190} INFO - [2025-04-15T23:47:19.492+0700] {override.py:1912} INFO - Created Permission View: can edit on DAG:example_time_delta_sensor_async
[2025-04-15T23:47:19.507+0700] {logging_mixin.py:190} INFO - [2025-04-15T23:47:19.506+0700] {override.py:1912} INFO - Created Permission View: can read on DAG:example_time_delta_sensor_async
[2025-04-15T23:47:19.533+0700] {logging_mixin.py:190} INFO - [2025-04-15T23:47:19.533+0700] {override.py:1912} INFO - Created Permission View: can create on DAG Run:example_time_delta_sensor_async
[2025-04-15T23:47:19.552+0700] {logging_mixin.py:190} INFO - [2025-04-15T23:47:19.552+0700] {override.py:1912} INFO - Created Permission View: can delete on DAG Run:example_time_delta_sensor_async
[2025-04-15T23:47:19.566+0700] {logging_mixin.py:190} INFO - [2025-04-15T23:47:19.566+0700] {override.py:1912} INFO - Created Permission View: menu access on DAG Run:example_time_delta_sensor_async
[2025-04-15T23:47:19.580+0700] {logging_mixin.py:190} INFO - [2025-04-15T23:47:19.579+0700] {override.py:1912} INFO - Created Permission View: can read on DAG Run:example_time_delta_sensor_async
[2025-04-15T23:47:19.580+0700] {logging_mixin.py:190} INFO - [2025-04-15T23:47:19.580+0700] {dag.py:3239} INFO - Sync 1 DAGs
[2025-04-15T23:47:19.588+0700] {logging_mixin.py:190} INFO - [2025-04-15T23:47:19.588+0700] {dag.py:3262} INFO - Creating ORM DAG for example_time_delta_sensor_async
[2025-04-15T23:47:19.589+0700] {logging_mixin.py:190} INFO - [2025-04-15T23:47:19.589+0700] {dag.py:4180} INFO - Setting next_dagrun for example_time_delta_sensor_async to None, run_after=None
[2025-04-15T23:47:19.615+0700] {processor.py:208} INFO - Processing /home/anhtupham99/NBA-analytics/py_env/lib/python3.11/site-packages/airflow/example_dags/example_time_delta_sensor_async.py took 0.249 seconds
[2025-04-15T23:48:18.306+0700] {processor.py:186} INFO - Started process (PID=299807) to work on /home/anhtupham99/NBA-analytics/py_env/lib/python3.11/site-packages/airflow/example_dags/example_time_delta_sensor_async.py
[2025-04-15T23:48:18.308+0700] {processor.py:914} INFO - Processing file /home/anhtupham99/NBA-analytics/py_env/lib/python3.11/site-packages/airflow/example_dags/example_time_delta_sensor_async.py for tasks to queue
[2025-04-15T23:48:18.311+0700] {logging_mixin.py:190} INFO - [2025-04-15T23:48:18.311+0700] {dagbag.py:588} INFO - Filling up the DagBag from /home/anhtupham99/NBA-analytics/py_env/lib/python3.11/site-packages/airflow/example_dags/example_time_delta_sensor_async.py
[2025-04-15T23:48:18.321+0700] {processor.py:925} INFO - DAG(s) 'example_time_delta_sensor_async' retrieved from /home/anhtupham99/NBA-analytics/py_env/lib/python3.11/site-packages/airflow/example_dags/example_time_delta_sensor_async.py
[2025-04-15T23:48:18.337+0700] {logging_mixin.py:190} INFO - [2025-04-15T23:48:18.336+0700] {dag.py:3239} INFO - Sync 1 DAGs
[2025-04-15T23:48:18.349+0700] {logging_mixin.py:190} INFO - [2025-04-15T23:48:18.349+0700] {dag.py:4180} INFO - Setting next_dagrun for example_time_delta_sensor_async to None, run_after=None
[2025-04-15T23:48:18.375+0700] {processor.py:208} INFO - Processing /home/anhtupham99/NBA-analytics/py_env/lib/python3.11/site-packages/airflow/example_dags/example_time_delta_sensor_async.py took 0.078 seconds
[2025-04-15T23:49:11.655+0700] {processor.py:186} INFO - Started process (PID=301037) to work on /home/anhtupham99/NBA-analytics/py_env/lib/python3.11/site-packages/airflow/example_dags/example_time_delta_sensor_async.py
[2025-04-15T23:49:11.656+0700] {processor.py:914} INFO - Processing file /home/anhtupham99/NBA-analytics/py_env/lib/python3.11/site-packages/airflow/example_dags/example_time_delta_sensor_async.py for tasks to queue
[2025-04-15T23:49:11.657+0700] {logging_mixin.py:190} INFO - [2025-04-15T23:49:11.657+0700] {dagbag.py:588} INFO - Filling up the DagBag from /home/anhtupham99/NBA-analytics/py_env/lib/python3.11/site-packages/airflow/example_dags/example_time_delta_sensor_async.py
[2025-04-15T23:49:11.664+0700] {processor.py:925} INFO - DAG(s) 'example_time_delta_sensor_async' retrieved from /home/anhtupham99/NBA-analytics/py_env/lib/python3.11/site-packages/airflow/example_dags/example_time_delta_sensor_async.py
[2025-04-15T23:49:11.676+0700] {logging_mixin.py:190} INFO - [2025-04-15T23:49:11.676+0700] {dag.py:3239} INFO - Sync 1 DAGs
[2025-04-15T23:49:11.686+0700] {logging_mixin.py:190} INFO - [2025-04-15T23:49:11.685+0700] {dag.py:4180} INFO - Setting next_dagrun for example_time_delta_sensor_async to None, run_after=None
[2025-04-15T23:49:11.711+0700] {processor.py:208} INFO - Processing /home/anhtupham99/NBA-analytics/py_env/lib/python3.11/site-packages/airflow/example_dags/example_time_delta_sensor_async.py took 0.062 seconds
[2025-04-15T23:50:05.140+0700] {processor.py:186} INFO - Started process (PID=302194) to work on /home/anhtupham99/NBA-analytics/py_env/lib/python3.11/site-packages/airflow/example_dags/example_time_delta_sensor_async.py
[2025-04-15T23:50:05.142+0700] {processor.py:914} INFO - Processing file /home/anhtupham99/NBA-analytics/py_env/lib/python3.11/site-packages/airflow/example_dags/example_time_delta_sensor_async.py for tasks to queue
[2025-04-15T23:50:05.144+0700] {logging_mixin.py:190} INFO - [2025-04-15T23:50:05.144+0700] {dagbag.py:588} INFO - Filling up the DagBag from /home/anhtupham99/NBA-analytics/py_env/lib/python3.11/site-packages/airflow/example_dags/example_time_delta_sensor_async.py
[2025-04-15T23:50:05.155+0700] {processor.py:925} INFO - DAG(s) 'example_time_delta_sensor_async' retrieved from /home/anhtupham99/NBA-analytics/py_env/lib/python3.11/site-packages/airflow/example_dags/example_time_delta_sensor_async.py
[2025-04-15T23:50:05.170+0700] {logging_mixin.py:190} INFO - [2025-04-15T23:50:05.170+0700] {dag.py:3239} INFO - Sync 1 DAGs
[2025-04-15T23:50:05.182+0700] {logging_mixin.py:190} INFO - [2025-04-15T23:50:05.182+0700] {dag.py:4180} INFO - Setting next_dagrun for example_time_delta_sensor_async to None, run_after=None
[2025-04-15T23:50:05.214+0700] {processor.py:208} INFO - Processing /home/anhtupham99/NBA-analytics/py_env/lib/python3.11/site-packages/airflow/example_dags/example_time_delta_sensor_async.py took 0.085 seconds
[2025-04-15T23:50:58.346+0700] {processor.py:186} INFO - Started process (PID=303267) to work on /home/anhtupham99/NBA-analytics/py_env/lib/python3.11/site-packages/airflow/example_dags/example_time_delta_sensor_async.py
[2025-04-15T23:50:58.347+0700] {processor.py:914} INFO - Processing file /home/anhtupham99/NBA-analytics/py_env/lib/python3.11/site-packages/airflow/example_dags/example_time_delta_sensor_async.py for tasks to queue
[2025-04-15T23:50:58.349+0700] {logging_mixin.py:190} INFO - [2025-04-15T23:50:58.348+0700] {dagbag.py:588} INFO - Filling up the DagBag from /home/anhtupham99/NBA-analytics/py_env/lib/python3.11/site-packages/airflow/example_dags/example_time_delta_sensor_async.py
[2025-04-15T23:50:58.432+0700] {processor.py:925} INFO - DAG(s) 'example_time_delta_sensor_async' retrieved from /home/anhtupham99/NBA-analytics/py_env/lib/python3.11/site-packages/airflow/example_dags/example_time_delta_sensor_async.py
[2025-04-15T23:50:58.438+0700] {logging_mixin.py:190} INFO - [2025-04-15T23:50:58.438+0700] {dag.py:3239} INFO - Sync 1 DAGs
[2025-04-15T23:50:58.444+0700] {logging_mixin.py:190} INFO - [2025-04-15T23:50:58.444+0700] {dag.py:4180} INFO - Setting next_dagrun for example_time_delta_sensor_async to None, run_after=None
[2025-04-15T23:50:58.466+0700] {processor.py:208} INFO - Processing /home/anhtupham99/NBA-analytics/py_env/lib/python3.11/site-packages/airflow/example_dags/example_time_delta_sensor_async.py took 0.124 seconds
[2025-04-15T23:51:49.131+0700] {processor.py:186} INFO - Started process (PID=304224) to work on /home/anhtupham99/NBA-analytics/py_env/lib/python3.11/site-packages/airflow/example_dags/example_time_delta_sensor_async.py
[2025-04-15T23:51:49.134+0700] {processor.py:914} INFO - Processing file /home/anhtupham99/NBA-analytics/py_env/lib/python3.11/site-packages/airflow/example_dags/example_time_delta_sensor_async.py for tasks to queue
[2025-04-15T23:51:49.136+0700] {logging_mixin.py:190} INFO - [2025-04-15T23:51:49.136+0700] {dagbag.py:588} INFO - Filling up the DagBag from /home/anhtupham99/NBA-analytics/py_env/lib/python3.11/site-packages/airflow/example_dags/example_time_delta_sensor_async.py
[2025-04-15T23:51:49.143+0700] {processor.py:925} INFO - DAG(s) 'example_time_delta_sensor_async' retrieved from /home/anhtupham99/NBA-analytics/py_env/lib/python3.11/site-packages/airflow/example_dags/example_time_delta_sensor_async.py
[2025-04-15T23:51:49.156+0700] {logging_mixin.py:190} INFO - [2025-04-15T23:51:49.156+0700] {dag.py:3239} INFO - Sync 1 DAGs
[2025-04-15T23:51:49.166+0700] {logging_mixin.py:190} INFO - [2025-04-15T23:51:49.166+0700] {dag.py:4180} INFO - Setting next_dagrun for example_time_delta_sensor_async to None, run_after=None
[2025-04-15T23:51:49.190+0700] {processor.py:208} INFO - Processing /home/anhtupham99/NBA-analytics/py_env/lib/python3.11/site-packages/airflow/example_dags/example_time_delta_sensor_async.py took 0.065 seconds
[2025-04-15T23:52:59.682+0700] {processor.py:186} INFO - Started process (PID=305633) to work on /home/anhtupham99/NBA-analytics/py_env/lib/python3.11/site-packages/airflow/example_dags/example_time_delta_sensor_async.py
[2025-04-15T23:52:59.687+0700] {processor.py:914} INFO - Processing file /home/anhtupham99/NBA-analytics/py_env/lib/python3.11/site-packages/airflow/example_dags/example_time_delta_sensor_async.py for tasks to queue
[2025-04-15T23:52:59.689+0700] {logging_mixin.py:190} INFO - [2025-04-15T23:52:59.689+0700] {dagbag.py:588} INFO - Filling up the DagBag from /home/anhtupham99/NBA-analytics/py_env/lib/python3.11/site-packages/airflow/example_dags/example_time_delta_sensor_async.py
[2025-04-15T23:52:59.694+0700] {processor.py:925} INFO - DAG(s) 'example_time_delta_sensor_async' retrieved from /home/anhtupham99/NBA-analytics/py_env/lib/python3.11/site-packages/airflow/example_dags/example_time_delta_sensor_async.py
[2025-04-15T23:52:59.705+0700] {logging_mixin.py:190} INFO - [2025-04-15T23:52:59.705+0700] {dag.py:3239} INFO - Sync 1 DAGs
[2025-04-15T23:52:59.713+0700] {logging_mixin.py:190} INFO - [2025-04-15T23:52:59.713+0700] {dag.py:4180} INFO - Setting next_dagrun for example_time_delta_sensor_async to None, run_after=None
[2025-04-15T23:52:59.739+0700] {processor.py:208} INFO - Processing /home/anhtupham99/NBA-analytics/py_env/lib/python3.11/site-packages/airflow/example_dags/example_time_delta_sensor_async.py took 0.061 seconds
[2025-04-15T23:54:10.142+0700] {processor.py:186} INFO - Started process (PID=306915) to work on /home/anhtupham99/NBA-analytics/py_env/lib/python3.11/site-packages/airflow/example_dags/example_time_delta_sensor_async.py
[2025-04-15T23:54:10.143+0700] {processor.py:914} INFO - Processing file /home/anhtupham99/NBA-analytics/py_env/lib/python3.11/site-packages/airflow/example_dags/example_time_delta_sensor_async.py for tasks to queue
[2025-04-15T23:54:10.145+0700] {logging_mixin.py:190} INFO - [2025-04-15T23:54:10.145+0700] {dagbag.py:588} INFO - Filling up the DagBag from /home/anhtupham99/NBA-analytics/py_env/lib/python3.11/site-packages/airflow/example_dags/example_time_delta_sensor_async.py
[2025-04-15T23:54:10.152+0700] {processor.py:925} INFO - DAG(s) 'example_time_delta_sensor_async' retrieved from /home/anhtupham99/NBA-analytics/py_env/lib/python3.11/site-packages/airflow/example_dags/example_time_delta_sensor_async.py
[2025-04-15T23:54:10.165+0700] {logging_mixin.py:190} INFO - [2025-04-15T23:54:10.164+0700] {dag.py:3239} INFO - Sync 1 DAGs
[2025-04-15T23:54:10.174+0700] {logging_mixin.py:190} INFO - [2025-04-15T23:54:10.174+0700] {dag.py:4180} INFO - Setting next_dagrun for example_time_delta_sensor_async to None, run_after=None
[2025-04-15T23:54:10.200+0700] {processor.py:208} INFO - Processing /home/anhtupham99/NBA-analytics/py_env/lib/python3.11/site-packages/airflow/example_dags/example_time_delta_sensor_async.py took 0.064 seconds
[2025-04-15T23:55:21.633+0700] {processor.py:186} INFO - Started process (PID=309478) to work on /home/anhtupham99/NBA-analytics/py_env/lib/python3.11/site-packages/airflow/example_dags/example_time_delta_sensor_async.py
[2025-04-15T23:55:21.634+0700] {processor.py:914} INFO - Processing file /home/anhtupham99/NBA-analytics/py_env/lib/python3.11/site-packages/airflow/example_dags/example_time_delta_sensor_async.py for tasks to queue
[2025-04-15T23:55:21.636+0700] {logging_mixin.py:190} INFO - [2025-04-15T23:55:21.636+0700] {dagbag.py:588} INFO - Filling up the DagBag from /home/anhtupham99/NBA-analytics/py_env/lib/python3.11/site-packages/airflow/example_dags/example_time_delta_sensor_async.py
[2025-04-15T23:55:21.642+0700] {processor.py:925} INFO - DAG(s) 'example_time_delta_sensor_async' retrieved from /home/anhtupham99/NBA-analytics/py_env/lib/python3.11/site-packages/airflow/example_dags/example_time_delta_sensor_async.py
[2025-04-15T23:55:21.655+0700] {logging_mixin.py:190} INFO - [2025-04-15T23:55:21.655+0700] {dag.py:3239} INFO - Sync 1 DAGs
[2025-04-15T23:55:21.667+0700] {logging_mixin.py:190} INFO - [2025-04-15T23:55:21.666+0700] {dag.py:4180} INFO - Setting next_dagrun for example_time_delta_sensor_async to None, run_after=None
[2025-04-15T23:55:21.699+0700] {processor.py:208} INFO - Processing /home/anhtupham99/NBA-analytics/py_env/lib/python3.11/site-packages/airflow/example_dags/example_time_delta_sensor_async.py took 0.071 seconds
[2025-04-15T23:56:13.361+0700] {processor.py:186} INFO - Started process (PID=311456) to work on /home/anhtupham99/NBA-analytics/py_env/lib/python3.11/site-packages/airflow/example_dags/example_time_delta_sensor_async.py
[2025-04-15T23:56:13.362+0700] {processor.py:914} INFO - Processing file /home/anhtupham99/NBA-analytics/py_env/lib/python3.11/site-packages/airflow/example_dags/example_time_delta_sensor_async.py for tasks to queue
[2025-04-15T23:56:13.364+0700] {logging_mixin.py:190} INFO - [2025-04-15T23:56:13.363+0700] {dagbag.py:588} INFO - Filling up the DagBag from /home/anhtupham99/NBA-analytics/py_env/lib/python3.11/site-packages/airflow/example_dags/example_time_delta_sensor_async.py
[2025-04-15T23:56:13.369+0700] {processor.py:925} INFO - DAG(s) 'example_time_delta_sensor_async' retrieved from /home/anhtupham99/NBA-analytics/py_env/lib/python3.11/site-packages/airflow/example_dags/example_time_delta_sensor_async.py
[2025-04-15T23:56:13.380+0700] {logging_mixin.py:190} INFO - [2025-04-15T23:56:13.380+0700] {dag.py:3239} INFO - Sync 1 DAGs
[2025-04-15T23:56:13.389+0700] {logging_mixin.py:190} INFO - [2025-04-15T23:56:13.388+0700] {dag.py:4180} INFO - Setting next_dagrun for example_time_delta_sensor_async to None, run_after=None
[2025-04-15T23:56:13.411+0700] {processor.py:208} INFO - Processing /home/anhtupham99/NBA-analytics/py_env/lib/python3.11/site-packages/airflow/example_dags/example_time_delta_sensor_async.py took 0.054 seconds
[2025-04-15T23:57:22.630+0700] {processor.py:186} INFO - Started process (PID=312771) to work on /home/anhtupham99/NBA-analytics/py_env/lib/python3.11/site-packages/airflow/example_dags/example_time_delta_sensor_async.py
[2025-04-15T23:57:22.631+0700] {processor.py:914} INFO - Processing file /home/anhtupham99/NBA-analytics/py_env/lib/python3.11/site-packages/airflow/example_dags/example_time_delta_sensor_async.py for tasks to queue
[2025-04-15T23:57:22.633+0700] {logging_mixin.py:190} INFO - [2025-04-15T23:57:22.633+0700] {dagbag.py:588} INFO - Filling up the DagBag from /home/anhtupham99/NBA-analytics/py_env/lib/python3.11/site-packages/airflow/example_dags/example_time_delta_sensor_async.py
[2025-04-15T23:57:22.640+0700] {processor.py:925} INFO - DAG(s) 'example_time_delta_sensor_async' retrieved from /home/anhtupham99/NBA-analytics/py_env/lib/python3.11/site-packages/airflow/example_dags/example_time_delta_sensor_async.py
[2025-04-15T23:57:22.653+0700] {logging_mixin.py:190} INFO - [2025-04-15T23:57:22.653+0700] {dag.py:3239} INFO - Sync 1 DAGs
[2025-04-15T23:57:22.664+0700] {logging_mixin.py:190} INFO - [2025-04-15T23:57:22.663+0700] {dag.py:4180} INFO - Setting next_dagrun for example_time_delta_sensor_async to None, run_after=None
[2025-04-15T23:57:22.689+0700] {processor.py:208} INFO - Processing /home/anhtupham99/NBA-analytics/py_env/lib/python3.11/site-packages/airflow/example_dags/example_time_delta_sensor_async.py took 0.064 seconds
[2025-04-15T23:58:11.876+0700] {processor.py:186} INFO - Started process (PID=313727) to work on /home/anhtupham99/NBA-analytics/py_env/lib/python3.11/site-packages/airflow/example_dags/example_time_delta_sensor_async.py
[2025-04-15T23:58:11.877+0700] {processor.py:914} INFO - Processing file /home/anhtupham99/NBA-analytics/py_env/lib/python3.11/site-packages/airflow/example_dags/example_time_delta_sensor_async.py for tasks to queue
[2025-04-15T23:58:11.878+0700] {logging_mixin.py:190} INFO - [2025-04-15T23:58:11.878+0700] {dagbag.py:588} INFO - Filling up the DagBag from /home/anhtupham99/NBA-analytics/py_env/lib/python3.11/site-packages/airflow/example_dags/example_time_delta_sensor_async.py
[2025-04-15T23:58:11.884+0700] {processor.py:925} INFO - DAG(s) 'example_time_delta_sensor_async' retrieved from /home/anhtupham99/NBA-analytics/py_env/lib/python3.11/site-packages/airflow/example_dags/example_time_delta_sensor_async.py
[2025-04-15T23:58:11.894+0700] {logging_mixin.py:190} INFO - [2025-04-15T23:58:11.894+0700] {dag.py:3239} INFO - Sync 1 DAGs
[2025-04-15T23:58:11.902+0700] {logging_mixin.py:190} INFO - [2025-04-15T23:58:11.902+0700] {dag.py:4180} INFO - Setting next_dagrun for example_time_delta_sensor_async to None, run_after=None
[2025-04-15T23:58:11.926+0700] {processor.py:208} INFO - Processing /home/anhtupham99/NBA-analytics/py_env/lib/python3.11/site-packages/airflow/example_dags/example_time_delta_sensor_async.py took 0.054 seconds
[2025-04-15T23:59:01.498+0700] {processor.py:186} INFO - Started process (PID=314749) to work on /home/anhtupham99/NBA-analytics/py_env/lib/python3.11/site-packages/airflow/example_dags/example_time_delta_sensor_async.py
[2025-04-15T23:59:01.500+0700] {processor.py:914} INFO - Processing file /home/anhtupham99/NBA-analytics/py_env/lib/python3.11/site-packages/airflow/example_dags/example_time_delta_sensor_async.py for tasks to queue
[2025-04-15T23:59:01.502+0700] {logging_mixin.py:190} INFO - [2025-04-15T23:59:01.501+0700] {dagbag.py:588} INFO - Filling up the DagBag from /home/anhtupham99/NBA-analytics/py_env/lib/python3.11/site-packages/airflow/example_dags/example_time_delta_sensor_async.py
[2025-04-15T23:59:01.507+0700] {processor.py:925} INFO - DAG(s) 'example_time_delta_sensor_async' retrieved from /home/anhtupham99/NBA-analytics/py_env/lib/python3.11/site-packages/airflow/example_dags/example_time_delta_sensor_async.py
[2025-04-15T23:59:01.520+0700] {logging_mixin.py:190} INFO - [2025-04-15T23:59:01.520+0700] {dag.py:3239} INFO - Sync 1 DAGs
[2025-04-15T23:59:01.532+0700] {logging_mixin.py:190} INFO - [2025-04-15T23:59:01.532+0700] {dag.py:4180} INFO - Setting next_dagrun for example_time_delta_sensor_async to None, run_after=None
[2025-04-15T23:59:01.557+0700] {processor.py:208} INFO - Processing /home/anhtupham99/NBA-analytics/py_env/lib/python3.11/site-packages/airflow/example_dags/example_time_delta_sensor_async.py took 0.063 seconds
[2025-04-16T00:00:12.842+0700] {processor.py:186} INFO - Started process (PID=316289) to work on /home/anhtupham99/NBA-analytics/py_env/lib/python3.11/site-packages/airflow/example_dags/example_time_delta_sensor_async.py
[2025-04-16T00:00:12.843+0700] {processor.py:914} INFO - Processing file /home/anhtupham99/NBA-analytics/py_env/lib/python3.11/site-packages/airflow/example_dags/example_time_delta_sensor_async.py for tasks to queue
[2025-04-16T00:00:12.846+0700] {logging_mixin.py:190} INFO - [2025-04-16T00:00:12.845+0700] {dagbag.py:588} INFO - Filling up the DagBag from /home/anhtupham99/NBA-analytics/py_env/lib/python3.11/site-packages/airflow/example_dags/example_time_delta_sensor_async.py
[2025-04-16T00:00:12.852+0700] {processor.py:925} INFO - DAG(s) 'example_time_delta_sensor_async' retrieved from /home/anhtupham99/NBA-analytics/py_env/lib/python3.11/site-packages/airflow/example_dags/example_time_delta_sensor_async.py
[2025-04-16T00:00:12.864+0700] {logging_mixin.py:190} INFO - [2025-04-16T00:00:12.864+0700] {dag.py:3239} INFO - Sync 1 DAGs
[2025-04-16T00:00:12.874+0700] {logging_mixin.py:190} INFO - [2025-04-16T00:00:12.874+0700] {dag.py:4180} INFO - Setting next_dagrun for example_time_delta_sensor_async to None, run_after=None
[2025-04-16T00:00:12.900+0700] {processor.py:208} INFO - Processing /home/anhtupham99/NBA-analytics/py_env/lib/python3.11/site-packages/airflow/example_dags/example_time_delta_sensor_async.py took 0.063 seconds
[2025-04-16T00:01:21.930+0700] {processor.py:186} INFO - Started process (PID=317560) to work on /home/anhtupham99/NBA-analytics/py_env/lib/python3.11/site-packages/airflow/example_dags/example_time_delta_sensor_async.py
[2025-04-16T00:01:21.931+0700] {processor.py:914} INFO - Processing file /home/anhtupham99/NBA-analytics/py_env/lib/python3.11/site-packages/airflow/example_dags/example_time_delta_sensor_async.py for tasks to queue
[2025-04-16T00:01:21.933+0700] {logging_mixin.py:190} INFO - [2025-04-16T00:01:21.933+0700] {dagbag.py:588} INFO - Filling up the DagBag from /home/anhtupham99/NBA-analytics/py_env/lib/python3.11/site-packages/airflow/example_dags/example_time_delta_sensor_async.py
[2025-04-16T00:01:21.940+0700] {processor.py:925} INFO - DAG(s) 'example_time_delta_sensor_async' retrieved from /home/anhtupham99/NBA-analytics/py_env/lib/python3.11/site-packages/airflow/example_dags/example_time_delta_sensor_async.py
[2025-04-16T00:01:21.952+0700] {logging_mixin.py:190} INFO - [2025-04-16T00:01:21.952+0700] {dag.py:3239} INFO - Sync 1 DAGs
[2025-04-16T00:01:21.962+0700] {logging_mixin.py:190} INFO - [2025-04-16T00:01:21.962+0700] {dag.py:4180} INFO - Setting next_dagrun for example_time_delta_sensor_async to None, run_after=None
[2025-04-16T00:01:21.985+0700] {processor.py:208} INFO - Processing /home/anhtupham99/NBA-analytics/py_env/lib/python3.11/site-packages/airflow/example_dags/example_time_delta_sensor_async.py took 0.060 seconds
[2025-04-16T00:02:11.187+0700] {processor.py:186} INFO - Started process (PID=318491) to work on /home/anhtupham99/NBA-analytics/py_env/lib/python3.11/site-packages/airflow/example_dags/example_time_delta_sensor_async.py
[2025-04-16T00:02:11.188+0700] {processor.py:914} INFO - Processing file /home/anhtupham99/NBA-analytics/py_env/lib/python3.11/site-packages/airflow/example_dags/example_time_delta_sensor_async.py for tasks to queue
[2025-04-16T00:02:11.190+0700] {logging_mixin.py:190} INFO - [2025-04-16T00:02:11.189+0700] {dagbag.py:588} INFO - Filling up the DagBag from /home/anhtupham99/NBA-analytics/py_env/lib/python3.11/site-packages/airflow/example_dags/example_time_delta_sensor_async.py
[2025-04-16T00:02:11.195+0700] {processor.py:925} INFO - DAG(s) 'example_time_delta_sensor_async' retrieved from /home/anhtupham99/NBA-analytics/py_env/lib/python3.11/site-packages/airflow/example_dags/example_time_delta_sensor_async.py
[2025-04-16T00:02:11.207+0700] {logging_mixin.py:190} INFO - [2025-04-16T00:02:11.206+0700] {dag.py:3239} INFO - Sync 1 DAGs
[2025-04-16T00:02:11.216+0700] {logging_mixin.py:190} INFO - [2025-04-16T00:02:11.215+0700] {dag.py:4180} INFO - Setting next_dagrun for example_time_delta_sensor_async to None, run_after=None
[2025-04-16T00:02:11.238+0700] {processor.py:208} INFO - Processing /home/anhtupham99/NBA-analytics/py_env/lib/python3.11/site-packages/airflow/example_dags/example_time_delta_sensor_async.py took 0.056 seconds
[2025-04-16T00:03:15.878+0700] {processor.py:186} INFO - Started process (PID=319739) to work on /home/anhtupham99/NBA-analytics/py_env/lib/python3.11/site-packages/airflow/example_dags/example_time_delta_sensor_async.py
[2025-04-16T00:03:15.879+0700] {processor.py:914} INFO - Processing file /home/anhtupham99/NBA-analytics/py_env/lib/python3.11/site-packages/airflow/example_dags/example_time_delta_sensor_async.py for tasks to queue
[2025-04-16T00:03:15.881+0700] {logging_mixin.py:190} INFO - [2025-04-16T00:03:15.880+0700] {dagbag.py:588} INFO - Filling up the DagBag from /home/anhtupham99/NBA-analytics/py_env/lib/python3.11/site-packages/airflow/example_dags/example_time_delta_sensor_async.py
[2025-04-16T00:03:15.887+0700] {processor.py:925} INFO - DAG(s) 'example_time_delta_sensor_async' retrieved from /home/anhtupham99/NBA-analytics/py_env/lib/python3.11/site-packages/airflow/example_dags/example_time_delta_sensor_async.py
[2025-04-16T00:03:15.900+0700] {logging_mixin.py:190} INFO - [2025-04-16T00:03:15.900+0700] {dag.py:3239} INFO - Sync 1 DAGs
[2025-04-16T00:03:15.909+0700] {logging_mixin.py:190} INFO - [2025-04-16T00:03:15.909+0700] {dag.py:4180} INFO - Setting next_dagrun for example_time_delta_sensor_async to None, run_after=None
[2025-04-16T00:03:15.933+0700] {processor.py:208} INFO - Processing /home/anhtupham99/NBA-analytics/py_env/lib/python3.11/site-packages/airflow/example_dags/example_time_delta_sensor_async.py took 0.059 seconds
[2025-04-16T00:04:26.139+0700] {processor.py:186} INFO - Started process (PID=321300) to work on /home/anhtupham99/NBA-analytics/py_env/lib/python3.11/site-packages/airflow/example_dags/example_time_delta_sensor_async.py
[2025-04-16T00:04:26.140+0700] {processor.py:914} INFO - Processing file /home/anhtupham99/NBA-analytics/py_env/lib/python3.11/site-packages/airflow/example_dags/example_time_delta_sensor_async.py for tasks to queue
[2025-04-16T00:04:26.142+0700] {logging_mixin.py:190} INFO - [2025-04-16T00:04:26.142+0700] {dagbag.py:588} INFO - Filling up the DagBag from /home/anhtupham99/NBA-analytics/py_env/lib/python3.11/site-packages/airflow/example_dags/example_time_delta_sensor_async.py
[2025-04-16T00:04:26.150+0700] {processor.py:925} INFO - DAG(s) 'example_time_delta_sensor_async' retrieved from /home/anhtupham99/NBA-analytics/py_env/lib/python3.11/site-packages/airflow/example_dags/example_time_delta_sensor_async.py
[2025-04-16T00:04:26.166+0700] {logging_mixin.py:190} INFO - [2025-04-16T00:04:26.165+0700] {dag.py:3239} INFO - Sync 1 DAGs
[2025-04-16T00:04:26.177+0700] {logging_mixin.py:190} INFO - [2025-04-16T00:04:26.177+0700] {dag.py:4180} INFO - Setting next_dagrun for example_time_delta_sensor_async to None, run_after=None
[2025-04-16T00:04:26.204+0700] {processor.py:208} INFO - Processing /home/anhtupham99/NBA-analytics/py_env/lib/python3.11/site-packages/airflow/example_dags/example_time_delta_sensor_async.py took 0.071 seconds
[2025-04-16T00:05:39.572+0700] {processor.py:186} INFO - Started process (PID=322611) to work on /home/anhtupham99/NBA-analytics/py_env/lib/python3.11/site-packages/airflow/example_dags/example_time_delta_sensor_async.py
[2025-04-16T00:05:39.574+0700] {processor.py:914} INFO - Processing file /home/anhtupham99/NBA-analytics/py_env/lib/python3.11/site-packages/airflow/example_dags/example_time_delta_sensor_async.py for tasks to queue
[2025-04-16T00:05:39.577+0700] {logging_mixin.py:190} INFO - [2025-04-16T00:05:39.576+0700] {dagbag.py:588} INFO - Filling up the DagBag from /home/anhtupham99/NBA-analytics/py_env/lib/python3.11/site-packages/airflow/example_dags/example_time_delta_sensor_async.py
[2025-04-16T00:05:39.585+0700] {processor.py:925} INFO - DAG(s) 'example_time_delta_sensor_async' retrieved from /home/anhtupham99/NBA-analytics/py_env/lib/python3.11/site-packages/airflow/example_dags/example_time_delta_sensor_async.py
[2025-04-16T00:05:39.600+0700] {logging_mixin.py:190} INFO - [2025-04-16T00:05:39.600+0700] {dag.py:3239} INFO - Sync 1 DAGs
[2025-04-16T00:05:39.614+0700] {logging_mixin.py:190} INFO - [2025-04-16T00:05:39.614+0700] {dag.py:4180} INFO - Setting next_dagrun for example_time_delta_sensor_async to None, run_after=None
[2025-04-16T00:05:39.657+0700] {processor.py:208} INFO - Processing /home/anhtupham99/NBA-analytics/py_env/lib/python3.11/site-packages/airflow/example_dags/example_time_delta_sensor_async.py took 0.091 seconds
[2025-04-16T00:06:28.999+0700] {processor.py:186} INFO - Started process (PID=323586) to work on /home/anhtupham99/NBA-analytics/py_env/lib/python3.11/site-packages/airflow/example_dags/example_time_delta_sensor_async.py
[2025-04-16T00:06:29.000+0700] {processor.py:914} INFO - Processing file /home/anhtupham99/NBA-analytics/py_env/lib/python3.11/site-packages/airflow/example_dags/example_time_delta_sensor_async.py for tasks to queue
[2025-04-16T00:06:29.002+0700] {logging_mixin.py:190} INFO - [2025-04-16T00:06:29.001+0700] {dagbag.py:588} INFO - Filling up the DagBag from /home/anhtupham99/NBA-analytics/py_env/lib/python3.11/site-packages/airflow/example_dags/example_time_delta_sensor_async.py
[2025-04-16T00:06:29.009+0700] {processor.py:925} INFO - DAG(s) 'example_time_delta_sensor_async' retrieved from /home/anhtupham99/NBA-analytics/py_env/lib/python3.11/site-packages/airflow/example_dags/example_time_delta_sensor_async.py
[2025-04-16T00:06:29.023+0700] {logging_mixin.py:190} INFO - [2025-04-16T00:06:29.023+0700] {dag.py:3239} INFO - Sync 1 DAGs
[2025-04-16T00:06:29.034+0700] {logging_mixin.py:190} INFO - [2025-04-16T00:06:29.034+0700] {dag.py:4180} INFO - Setting next_dagrun for example_time_delta_sensor_async to None, run_after=None
[2025-04-16T00:06:29.060+0700] {processor.py:208} INFO - Processing /home/anhtupham99/NBA-analytics/py_env/lib/python3.11/site-packages/airflow/example_dags/example_time_delta_sensor_async.py took 0.067 seconds
[2025-04-16T00:07:39.963+0700] {processor.py:186} INFO - Started process (PID=325120) to work on /home/anhtupham99/NBA-analytics/py_env/lib/python3.11/site-packages/airflow/example_dags/example_time_delta_sensor_async.py
[2025-04-16T00:07:39.964+0700] {processor.py:914} INFO - Processing file /home/anhtupham99/NBA-analytics/py_env/lib/python3.11/site-packages/airflow/example_dags/example_time_delta_sensor_async.py for tasks to queue
[2025-04-16T00:07:39.966+0700] {logging_mixin.py:190} INFO - [2025-04-16T00:07:39.966+0700] {dagbag.py:588} INFO - Filling up the DagBag from /home/anhtupham99/NBA-analytics/py_env/lib/python3.11/site-packages/airflow/example_dags/example_time_delta_sensor_async.py
[2025-04-16T00:07:39.973+0700] {processor.py:925} INFO - DAG(s) 'example_time_delta_sensor_async' retrieved from /home/anhtupham99/NBA-analytics/py_env/lib/python3.11/site-packages/airflow/example_dags/example_time_delta_sensor_async.py
[2025-04-16T00:07:39.988+0700] {logging_mixin.py:190} INFO - [2025-04-16T00:07:39.988+0700] {dag.py:3239} INFO - Sync 1 DAGs
[2025-04-16T00:07:40.001+0700] {logging_mixin.py:190} INFO - [2025-04-16T00:07:40.000+0700] {dag.py:4180} INFO - Setting next_dagrun for example_time_delta_sensor_async to None, run_after=None
[2025-04-16T00:07:40.028+0700] {processor.py:208} INFO - Processing /home/anhtupham99/NBA-analytics/py_env/lib/python3.11/site-packages/airflow/example_dags/example_time_delta_sensor_async.py took 0.071 seconds
[2025-04-16T00:08:50.287+0700] {processor.py:186} INFO - Started process (PID=326409) to work on /home/anhtupham99/NBA-analytics/py_env/lib/python3.11/site-packages/airflow/example_dags/example_time_delta_sensor_async.py
[2025-04-16T00:08:50.288+0700] {processor.py:914} INFO - Processing file /home/anhtupham99/NBA-analytics/py_env/lib/python3.11/site-packages/airflow/example_dags/example_time_delta_sensor_async.py for tasks to queue
[2025-04-16T00:08:50.290+0700] {logging_mixin.py:190} INFO - [2025-04-16T00:08:50.290+0700] {dagbag.py:588} INFO - Filling up the DagBag from /home/anhtupham99/NBA-analytics/py_env/lib/python3.11/site-packages/airflow/example_dags/example_time_delta_sensor_async.py
[2025-04-16T00:08:50.297+0700] {processor.py:925} INFO - DAG(s) 'example_time_delta_sensor_async' retrieved from /home/anhtupham99/NBA-analytics/py_env/lib/python3.11/site-packages/airflow/example_dags/example_time_delta_sensor_async.py
[2025-04-16T00:08:50.310+0700] {logging_mixin.py:190} INFO - [2025-04-16T00:08:50.310+0700] {dag.py:3239} INFO - Sync 1 DAGs
[2025-04-16T00:08:50.320+0700] {logging_mixin.py:190} INFO - [2025-04-16T00:08:50.320+0700] {dag.py:4180} INFO - Setting next_dagrun for example_time_delta_sensor_async to None, run_after=None
[2025-04-16T00:08:50.346+0700] {processor.py:208} INFO - Processing /home/anhtupham99/NBA-analytics/py_env/lib/python3.11/site-packages/airflow/example_dags/example_time_delta_sensor_async.py took 0.064 seconds
[2025-04-16T00:10:02.896+0700] {processor.py:186} INFO - Started process (PID=328127) to work on /home/anhtupham99/NBA-analytics/py_env/lib/python3.11/site-packages/airflow/example_dags/example_time_delta_sensor_async.py
[2025-04-16T00:10:02.897+0700] {processor.py:914} INFO - Processing file /home/anhtupham99/NBA-analytics/py_env/lib/python3.11/site-packages/airflow/example_dags/example_time_delta_sensor_async.py for tasks to queue
[2025-04-16T00:10:02.900+0700] {logging_mixin.py:190} INFO - [2025-04-16T00:10:02.899+0700] {dagbag.py:588} INFO - Filling up the DagBag from /home/anhtupham99/NBA-analytics/py_env/lib/python3.11/site-packages/airflow/example_dags/example_time_delta_sensor_async.py
[2025-04-16T00:10:02.907+0700] {processor.py:925} INFO - DAG(s) 'example_time_delta_sensor_async' retrieved from /home/anhtupham99/NBA-analytics/py_env/lib/python3.11/site-packages/airflow/example_dags/example_time_delta_sensor_async.py
[2025-04-16T00:10:02.922+0700] {logging_mixin.py:190} INFO - [2025-04-16T00:10:02.922+0700] {dag.py:3239} INFO - Sync 1 DAGs
[2025-04-16T00:10:02.933+0700] {logging_mixin.py:190} INFO - [2025-04-16T00:10:02.933+0700] {dag.py:4180} INFO - Setting next_dagrun for example_time_delta_sensor_async to None, run_after=None
[2025-04-16T00:10:02.963+0700] {processor.py:208} INFO - Processing /home/anhtupham99/NBA-analytics/py_env/lib/python3.11/site-packages/airflow/example_dags/example_time_delta_sensor_async.py took 0.072 seconds
[2025-04-16T00:11:14.911+0700] {processor.py:186} INFO - Started process (PID=329661) to work on /home/anhtupham99/NBA-analytics/py_env/lib/python3.11/site-packages/airflow/example_dags/example_time_delta_sensor_async.py
[2025-04-16T00:11:14.914+0700] {processor.py:914} INFO - Processing file /home/anhtupham99/NBA-analytics/py_env/lib/python3.11/site-packages/airflow/example_dags/example_time_delta_sensor_async.py for tasks to queue
[2025-04-16T00:11:14.916+0700] {logging_mixin.py:190} INFO - [2025-04-16T00:11:14.916+0700] {dagbag.py:588} INFO - Filling up the DagBag from /home/anhtupham99/NBA-analytics/py_env/lib/python3.11/site-packages/airflow/example_dags/example_time_delta_sensor_async.py
[2025-04-16T00:11:14.923+0700] {processor.py:925} INFO - DAG(s) 'example_time_delta_sensor_async' retrieved from /home/anhtupham99/NBA-analytics/py_env/lib/python3.11/site-packages/airflow/example_dags/example_time_delta_sensor_async.py
[2025-04-16T00:11:14.936+0700] {logging_mixin.py:190} INFO - [2025-04-16T00:11:14.936+0700] {dag.py:3239} INFO - Sync 1 DAGs
[2025-04-16T00:11:14.947+0700] {logging_mixin.py:190} INFO - [2025-04-16T00:11:14.947+0700] {dag.py:4180} INFO - Setting next_dagrun for example_time_delta_sensor_async to None, run_after=None
[2025-04-16T00:11:14.973+0700] {processor.py:208} INFO - Processing /home/anhtupham99/NBA-analytics/py_env/lib/python3.11/site-packages/airflow/example_dags/example_time_delta_sensor_async.py took 0.068 seconds
[2025-04-16T00:12:23.224+0700] {processor.py:186} INFO - Started process (PID=331313) to work on /home/anhtupham99/NBA-analytics/py_env/lib/python3.11/site-packages/airflow/example_dags/example_time_delta_sensor_async.py
[2025-04-16T00:12:23.225+0700] {processor.py:914} INFO - Processing file /home/anhtupham99/NBA-analytics/py_env/lib/python3.11/site-packages/airflow/example_dags/example_time_delta_sensor_async.py for tasks to queue
[2025-04-16T00:12:23.227+0700] {logging_mixin.py:190} INFO - [2025-04-16T00:12:23.227+0700] {dagbag.py:588} INFO - Filling up the DagBag from /home/anhtupham99/NBA-analytics/py_env/lib/python3.11/site-packages/airflow/example_dags/example_time_delta_sensor_async.py
[2025-04-16T00:12:23.241+0700] {processor.py:925} INFO - DAG(s) 'example_time_delta_sensor_async' retrieved from /home/anhtupham99/NBA-analytics/py_env/lib/python3.11/site-packages/airflow/example_dags/example_time_delta_sensor_async.py
[2025-04-16T00:12:23.263+0700] {logging_mixin.py:190} INFO - [2025-04-16T00:12:23.263+0700] {dag.py:3239} INFO - Sync 1 DAGs
[2025-04-16T00:12:23.279+0700] {logging_mixin.py:190} INFO - [2025-04-16T00:12:23.279+0700] {dag.py:4180} INFO - Setting next_dagrun for example_time_delta_sensor_async to None, run_after=None
[2025-04-16T00:12:23.327+0700] {processor.py:208} INFO - Processing /home/anhtupham99/NBA-analytics/py_env/lib/python3.11/site-packages/airflow/example_dags/example_time_delta_sensor_async.py took 0.111 seconds
[2025-04-16T00:13:36.289+0700] {processor.py:186} INFO - Started process (PID=333921) to work on /home/anhtupham99/NBA-analytics/py_env/lib/python3.11/site-packages/airflow/example_dags/example_time_delta_sensor_async.py
[2025-04-16T00:13:36.291+0700] {processor.py:914} INFO - Processing file /home/anhtupham99/NBA-analytics/py_env/lib/python3.11/site-packages/airflow/example_dags/example_time_delta_sensor_async.py for tasks to queue
[2025-04-16T00:13:36.293+0700] {logging_mixin.py:190} INFO - [2025-04-16T00:13:36.293+0700] {dagbag.py:588} INFO - Filling up the DagBag from /home/anhtupham99/NBA-analytics/py_env/lib/python3.11/site-packages/airflow/example_dags/example_time_delta_sensor_async.py
[2025-04-16T00:13:36.301+0700] {processor.py:925} INFO - DAG(s) 'example_time_delta_sensor_async' retrieved from /home/anhtupham99/NBA-analytics/py_env/lib/python3.11/site-packages/airflow/example_dags/example_time_delta_sensor_async.py
[2025-04-16T00:13:36.316+0700] {logging_mixin.py:190} INFO - [2025-04-16T00:13:36.316+0700] {dag.py:3239} INFO - Sync 1 DAGs
[2025-04-16T00:13:36.327+0700] {logging_mixin.py:190} INFO - [2025-04-16T00:13:36.327+0700] {dag.py:4180} INFO - Setting next_dagrun for example_time_delta_sensor_async to None, run_after=None
[2025-04-16T00:13:36.354+0700] {processor.py:208} INFO - Processing /home/anhtupham99/NBA-analytics/py_env/lib/python3.11/site-packages/airflow/example_dags/example_time_delta_sensor_async.py took 0.072 seconds
[2025-04-16T00:14:25.617+0700] {processor.py:186} INFO - Started process (PID=335983) to work on /home/anhtupham99/NBA-analytics/py_env/lib/python3.11/site-packages/airflow/example_dags/example_time_delta_sensor_async.py
[2025-04-16T00:14:25.618+0700] {processor.py:914} INFO - Processing file /home/anhtupham99/NBA-analytics/py_env/lib/python3.11/site-packages/airflow/example_dags/example_time_delta_sensor_async.py for tasks to queue
[2025-04-16T00:14:25.620+0700] {logging_mixin.py:190} INFO - [2025-04-16T00:14:25.620+0700] {dagbag.py:588} INFO - Filling up the DagBag from /home/anhtupham99/NBA-analytics/py_env/lib/python3.11/site-packages/airflow/example_dags/example_time_delta_sensor_async.py
[2025-04-16T00:14:25.629+0700] {processor.py:925} INFO - DAG(s) 'example_time_delta_sensor_async' retrieved from /home/anhtupham99/NBA-analytics/py_env/lib/python3.11/site-packages/airflow/example_dags/example_time_delta_sensor_async.py
[2025-04-16T00:14:25.641+0700] {logging_mixin.py:190} INFO - [2025-04-16T00:14:25.640+0700] {dag.py:3239} INFO - Sync 1 DAGs
[2025-04-16T00:14:25.649+0700] {logging_mixin.py:190} INFO - [2025-04-16T00:14:25.649+0700] {dag.py:4180} INFO - Setting next_dagrun for example_time_delta_sensor_async to None, run_after=None
[2025-04-16T00:14:25.677+0700] {processor.py:208} INFO - Processing /home/anhtupham99/NBA-analytics/py_env/lib/python3.11/site-packages/airflow/example_dags/example_time_delta_sensor_async.py took 0.065 seconds
[2025-04-16T00:15:15.586+0700] {processor.py:186} INFO - Started process (PID=337845) to work on /home/anhtupham99/NBA-analytics/py_env/lib/python3.11/site-packages/airflow/example_dags/example_time_delta_sensor_async.py
[2025-04-16T00:15:15.588+0700] {processor.py:914} INFO - Processing file /home/anhtupham99/NBA-analytics/py_env/lib/python3.11/site-packages/airflow/example_dags/example_time_delta_sensor_async.py for tasks to queue
[2025-04-16T00:15:15.592+0700] {logging_mixin.py:190} INFO - [2025-04-16T00:15:15.592+0700] {dagbag.py:588} INFO - Filling up the DagBag from /home/anhtupham99/NBA-analytics/py_env/lib/python3.11/site-packages/airflow/example_dags/example_time_delta_sensor_async.py
[2025-04-16T00:15:15.604+0700] {processor.py:925} INFO - DAG(s) 'example_time_delta_sensor_async' retrieved from /home/anhtupham99/NBA-analytics/py_env/lib/python3.11/site-packages/airflow/example_dags/example_time_delta_sensor_async.py
[2025-04-16T00:15:15.627+0700] {logging_mixin.py:190} INFO - [2025-04-16T00:15:15.627+0700] {dag.py:3239} INFO - Sync 1 DAGs
[2025-04-16T00:15:15.641+0700] {logging_mixin.py:190} INFO - [2025-04-16T00:15:15.641+0700] {dag.py:4180} INFO - Setting next_dagrun for example_time_delta_sensor_async to None, run_after=None
[2025-04-16T00:15:15.677+0700] {processor.py:208} INFO - Processing /home/anhtupham99/NBA-analytics/py_env/lib/python3.11/site-packages/airflow/example_dags/example_time_delta_sensor_async.py took 0.100 seconds
[2025-04-16T00:16:05.789+0700] {processor.py:186} INFO - Started process (PID=340803) to work on /home/anhtupham99/NBA-analytics/py_env/lib/python3.11/site-packages/airflow/example_dags/example_time_delta_sensor_async.py
[2025-04-16T00:16:05.791+0700] {processor.py:914} INFO - Processing file /home/anhtupham99/NBA-analytics/py_env/lib/python3.11/site-packages/airflow/example_dags/example_time_delta_sensor_async.py for tasks to queue
[2025-04-16T00:16:05.793+0700] {logging_mixin.py:190} INFO - [2025-04-16T00:16:05.792+0700] {dagbag.py:588} INFO - Filling up the DagBag from /home/anhtupham99/NBA-analytics/py_env/lib/python3.11/site-packages/airflow/example_dags/example_time_delta_sensor_async.py
[2025-04-16T00:16:05.801+0700] {processor.py:925} INFO - DAG(s) 'example_time_delta_sensor_async' retrieved from /home/anhtupham99/NBA-analytics/py_env/lib/python3.11/site-packages/airflow/example_dags/example_time_delta_sensor_async.py
[2025-04-16T00:16:05.817+0700] {logging_mixin.py:190} INFO - [2025-04-16T00:16:05.817+0700] {dag.py:3239} INFO - Sync 1 DAGs
[2025-04-16T00:16:05.838+0700] {logging_mixin.py:190} INFO - [2025-04-16T00:16:05.837+0700] {dag.py:4180} INFO - Setting next_dagrun for example_time_delta_sensor_async to None, run_after=None
[2025-04-16T00:16:05.868+0700] {processor.py:208} INFO - Processing /home/anhtupham99/NBA-analytics/py_env/lib/python3.11/site-packages/airflow/example_dags/example_time_delta_sensor_async.py took 0.084 seconds
[2025-04-16T00:16:56.404+0700] {processor.py:186} INFO - Started process (PID=343187) to work on /home/anhtupham99/NBA-analytics/py_env/lib/python3.11/site-packages/airflow/example_dags/example_time_delta_sensor_async.py
[2025-04-16T00:16:56.406+0700] {processor.py:914} INFO - Processing file /home/anhtupham99/NBA-analytics/py_env/lib/python3.11/site-packages/airflow/example_dags/example_time_delta_sensor_async.py for tasks to queue
[2025-04-16T00:16:56.408+0700] {logging_mixin.py:190} INFO - [2025-04-16T00:16:56.407+0700] {dagbag.py:588} INFO - Filling up the DagBag from /home/anhtupham99/NBA-analytics/py_env/lib/python3.11/site-packages/airflow/example_dags/example_time_delta_sensor_async.py
[2025-04-16T00:16:56.414+0700] {processor.py:925} INFO - DAG(s) 'example_time_delta_sensor_async' retrieved from /home/anhtupham99/NBA-analytics/py_env/lib/python3.11/site-packages/airflow/example_dags/example_time_delta_sensor_async.py
[2025-04-16T00:16:56.427+0700] {logging_mixin.py:190} INFO - [2025-04-16T00:16:56.427+0700] {dag.py:3239} INFO - Sync 1 DAGs
[2025-04-16T00:16:56.437+0700] {logging_mixin.py:190} INFO - [2025-04-16T00:16:56.436+0700] {dag.py:4180} INFO - Setting next_dagrun for example_time_delta_sensor_async to None, run_after=None
[2025-04-16T00:16:56.462+0700] {processor.py:208} INFO - Processing /home/anhtupham99/NBA-analytics/py_env/lib/python3.11/site-packages/airflow/example_dags/example_time_delta_sensor_async.py took 0.063 seconds
[2025-04-16T00:17:46.958+0700] {processor.py:186} INFO - Started process (PID=344852) to work on /home/anhtupham99/NBA-analytics/py_env/lib/python3.11/site-packages/airflow/example_dags/example_time_delta_sensor_async.py
[2025-04-16T00:17:46.959+0700] {processor.py:914} INFO - Processing file /home/anhtupham99/NBA-analytics/py_env/lib/python3.11/site-packages/airflow/example_dags/example_time_delta_sensor_async.py for tasks to queue
[2025-04-16T00:17:46.961+0700] {logging_mixin.py:190} INFO - [2025-04-16T00:17:46.960+0700] {dagbag.py:588} INFO - Filling up the DagBag from /home/anhtupham99/NBA-analytics/py_env/lib/python3.11/site-packages/airflow/example_dags/example_time_delta_sensor_async.py
[2025-04-16T00:17:46.966+0700] {processor.py:925} INFO - DAG(s) 'example_time_delta_sensor_async' retrieved from /home/anhtupham99/NBA-analytics/py_env/lib/python3.11/site-packages/airflow/example_dags/example_time_delta_sensor_async.py
[2025-04-16T00:17:46.977+0700] {logging_mixin.py:190} INFO - [2025-04-16T00:17:46.977+0700] {dag.py:3239} INFO - Sync 1 DAGs
[2025-04-16T00:17:46.987+0700] {logging_mixin.py:190} INFO - [2025-04-16T00:17:46.987+0700] {dag.py:4180} INFO - Setting next_dagrun for example_time_delta_sensor_async to None, run_after=None
[2025-04-16T00:17:47.011+0700] {processor.py:208} INFO - Processing /home/anhtupham99/NBA-analytics/py_env/lib/python3.11/site-packages/airflow/example_dags/example_time_delta_sensor_async.py took 0.057 seconds
[2025-04-16T00:19:01.200+0700] {processor.py:186} INFO - Started process (PID=348862) to work on /home/anhtupham99/NBA-analytics/py_env/lib/python3.11/site-packages/airflow/example_dags/example_time_delta_sensor_async.py
[2025-04-16T00:19:01.201+0700] {processor.py:914} INFO - Processing file /home/anhtupham99/NBA-analytics/py_env/lib/python3.11/site-packages/airflow/example_dags/example_time_delta_sensor_async.py for tasks to queue
[2025-04-16T00:19:01.202+0700] {logging_mixin.py:190} INFO - [2025-04-16T00:19:01.202+0700] {dagbag.py:588} INFO - Filling up the DagBag from /home/anhtupham99/NBA-analytics/py_env/lib/python3.11/site-packages/airflow/example_dags/example_time_delta_sensor_async.py
[2025-04-16T00:19:01.208+0700] {processor.py:925} INFO - DAG(s) 'example_time_delta_sensor_async' retrieved from /home/anhtupham99/NBA-analytics/py_env/lib/python3.11/site-packages/airflow/example_dags/example_time_delta_sensor_async.py
[2025-04-16T00:19:01.219+0700] {logging_mixin.py:190} INFO - [2025-04-16T00:19:01.219+0700] {dag.py:3239} INFO - Sync 1 DAGs
[2025-04-16T00:19:01.227+0700] {logging_mixin.py:190} INFO - [2025-04-16T00:19:01.227+0700] {dag.py:4180} INFO - Setting next_dagrun for example_time_delta_sensor_async to None, run_after=None
[2025-04-16T00:19:01.254+0700] {processor.py:208} INFO - Processing /home/anhtupham99/NBA-analytics/py_env/lib/python3.11/site-packages/airflow/example_dags/example_time_delta_sensor_async.py took 0.059 seconds
[2025-04-16T00:19:50.154+0700] {processor.py:186} INFO - Started process (PID=350516) to work on /home/anhtupham99/NBA-analytics/py_env/lib/python3.11/site-packages/airflow/example_dags/example_time_delta_sensor_async.py
[2025-04-16T00:19:50.156+0700] {processor.py:914} INFO - Processing file /home/anhtupham99/NBA-analytics/py_env/lib/python3.11/site-packages/airflow/example_dags/example_time_delta_sensor_async.py for tasks to queue
[2025-04-16T00:19:50.159+0700] {logging_mixin.py:190} INFO - [2025-04-16T00:19:50.159+0700] {dagbag.py:588} INFO - Filling up the DagBag from /home/anhtupham99/NBA-analytics/py_env/lib/python3.11/site-packages/airflow/example_dags/example_time_delta_sensor_async.py
[2025-04-16T00:19:50.169+0700] {processor.py:925} INFO - DAG(s) 'example_time_delta_sensor_async' retrieved from /home/anhtupham99/NBA-analytics/py_env/lib/python3.11/site-packages/airflow/example_dags/example_time_delta_sensor_async.py
[2025-04-16T00:19:50.186+0700] {logging_mixin.py:190} INFO - [2025-04-16T00:19:50.186+0700] {dag.py:3239} INFO - Sync 1 DAGs
[2025-04-16T00:19:50.200+0700] {logging_mixin.py:190} INFO - [2025-04-16T00:19:50.200+0700] {dag.py:4180} INFO - Setting next_dagrun for example_time_delta_sensor_async to None, run_after=None
[2025-04-16T00:19:50.232+0700] {processor.py:208} INFO - Processing /home/anhtupham99/NBA-analytics/py_env/lib/python3.11/site-packages/airflow/example_dags/example_time_delta_sensor_async.py took 0.085 seconds
[2025-04-16T00:20:39.366+0700] {processor.py:186} INFO - Started process (PID=352654) to work on /home/anhtupham99/NBA-analytics/py_env/lib/python3.11/site-packages/airflow/example_dags/example_time_delta_sensor_async.py
[2025-04-16T00:20:39.368+0700] {processor.py:914} INFO - Processing file /home/anhtupham99/NBA-analytics/py_env/lib/python3.11/site-packages/airflow/example_dags/example_time_delta_sensor_async.py for tasks to queue
[2025-04-16T00:20:39.369+0700] {logging_mixin.py:190} INFO - [2025-04-16T00:20:39.369+0700] {dagbag.py:588} INFO - Filling up the DagBag from /home/anhtupham99/NBA-analytics/py_env/lib/python3.11/site-packages/airflow/example_dags/example_time_delta_sensor_async.py
[2025-04-16T00:20:39.375+0700] {processor.py:925} INFO - DAG(s) 'example_time_delta_sensor_async' retrieved from /home/anhtupham99/NBA-analytics/py_env/lib/python3.11/site-packages/airflow/example_dags/example_time_delta_sensor_async.py
[2025-04-16T00:20:39.385+0700] {logging_mixin.py:190} INFO - [2025-04-16T00:20:39.385+0700] {dag.py:3239} INFO - Sync 1 DAGs
[2025-04-16T00:20:39.393+0700] {logging_mixin.py:190} INFO - [2025-04-16T00:20:39.393+0700] {dag.py:4180} INFO - Setting next_dagrun for example_time_delta_sensor_async to None, run_after=None
[2025-04-16T00:20:39.417+0700] {processor.py:208} INFO - Processing /home/anhtupham99/NBA-analytics/py_env/lib/python3.11/site-packages/airflow/example_dags/example_time_delta_sensor_async.py took 0.055 seconds
[2025-04-16T00:21:29.049+0700] {processor.py:186} INFO - Started process (PID=354380) to work on /home/anhtupham99/NBA-analytics/py_env/lib/python3.11/site-packages/airflow/example_dags/example_time_delta_sensor_async.py
[2025-04-16T00:21:29.051+0700] {processor.py:914} INFO - Processing file /home/anhtupham99/NBA-analytics/py_env/lib/python3.11/site-packages/airflow/example_dags/example_time_delta_sensor_async.py for tasks to queue
[2025-04-16T00:21:29.053+0700] {logging_mixin.py:190} INFO - [2025-04-16T00:21:29.052+0700] {dagbag.py:588} INFO - Filling up the DagBag from /home/anhtupham99/NBA-analytics/py_env/lib/python3.11/site-packages/airflow/example_dags/example_time_delta_sensor_async.py
[2025-04-16T00:21:29.061+0700] {processor.py:925} INFO - DAG(s) 'example_time_delta_sensor_async' retrieved from /home/anhtupham99/NBA-analytics/py_env/lib/python3.11/site-packages/airflow/example_dags/example_time_delta_sensor_async.py
[2025-04-16T00:21:29.077+0700] {logging_mixin.py:190} INFO - [2025-04-16T00:21:29.077+0700] {dag.py:3239} INFO - Sync 1 DAGs
[2025-04-16T00:21:29.090+0700] {logging_mixin.py:190} INFO - [2025-04-16T00:21:29.089+0700] {dag.py:4180} INFO - Setting next_dagrun for example_time_delta_sensor_async to None, run_after=None
[2025-04-16T00:21:29.119+0700] {processor.py:208} INFO - Processing /home/anhtupham99/NBA-analytics/py_env/lib/python3.11/site-packages/airflow/example_dags/example_time_delta_sensor_async.py took 0.076 seconds
[2025-04-16T00:22:21.933+0700] {processor.py:186} INFO - Started process (PID=356703) to work on /home/anhtupham99/NBA-analytics/py_env/lib/python3.11/site-packages/airflow/example_dags/example_time_delta_sensor_async.py
[2025-04-16T00:22:21.935+0700] {processor.py:914} INFO - Processing file /home/anhtupham99/NBA-analytics/py_env/lib/python3.11/site-packages/airflow/example_dags/example_time_delta_sensor_async.py for tasks to queue
[2025-04-16T00:22:21.938+0700] {logging_mixin.py:190} INFO - [2025-04-16T00:22:21.937+0700] {dagbag.py:588} INFO - Filling up the DagBag from /home/anhtupham99/NBA-analytics/py_env/lib/python3.11/site-packages/airflow/example_dags/example_time_delta_sensor_async.py
[2025-04-16T00:22:21.946+0700] {processor.py:925} INFO - DAG(s) 'example_time_delta_sensor_async' retrieved from /home/anhtupham99/NBA-analytics/py_env/lib/python3.11/site-packages/airflow/example_dags/example_time_delta_sensor_async.py
[2025-04-16T00:22:21.962+0700] {logging_mixin.py:190} INFO - [2025-04-16T00:22:21.962+0700] {dag.py:3239} INFO - Sync 1 DAGs
[2025-04-16T00:22:21.972+0700] {logging_mixin.py:190} INFO - [2025-04-16T00:22:21.972+0700] {dag.py:4180} INFO - Setting next_dagrun for example_time_delta_sensor_async to None, run_after=None
[2025-04-16T00:22:22.002+0700] {processor.py:208} INFO - Processing /home/anhtupham99/NBA-analytics/py_env/lib/python3.11/site-packages/airflow/example_dags/example_time_delta_sensor_async.py took 0.074 seconds
[2025-04-16T00:23:11.413+0700] {processor.py:186} INFO - Started process (PID=357867) to work on /home/anhtupham99/NBA-analytics/py_env/lib/python3.11/site-packages/airflow/example_dags/example_time_delta_sensor_async.py
[2025-04-16T00:23:11.414+0700] {processor.py:914} INFO - Processing file /home/anhtupham99/NBA-analytics/py_env/lib/python3.11/site-packages/airflow/example_dags/example_time_delta_sensor_async.py for tasks to queue
[2025-04-16T00:23:11.416+0700] {logging_mixin.py:190} INFO - [2025-04-16T00:23:11.416+0700] {dagbag.py:588} INFO - Filling up the DagBag from /home/anhtupham99/NBA-analytics/py_env/lib/python3.11/site-packages/airflow/example_dags/example_time_delta_sensor_async.py
[2025-04-16T00:23:11.422+0700] {processor.py:925} INFO - DAG(s) 'example_time_delta_sensor_async' retrieved from /home/anhtupham99/NBA-analytics/py_env/lib/python3.11/site-packages/airflow/example_dags/example_time_delta_sensor_async.py
[2025-04-16T00:23:11.434+0700] {logging_mixin.py:190} INFO - [2025-04-16T00:23:11.434+0700] {dag.py:3239} INFO - Sync 1 DAGs
[2025-04-16T00:23:11.443+0700] {logging_mixin.py:190} INFO - [2025-04-16T00:23:11.443+0700] {dag.py:4180} INFO - Setting next_dagrun for example_time_delta_sensor_async to None, run_after=None
[2025-04-16T00:23:11.467+0700] {processor.py:208} INFO - Processing /home/anhtupham99/NBA-analytics/py_env/lib/python3.11/site-packages/airflow/example_dags/example_time_delta_sensor_async.py took 0.058 seconds
[2025-04-16T00:24:21.926+0700] {processor.py:186} INFO - Started process (PID=360493) to work on /home/anhtupham99/NBA-analytics/py_env/lib/python3.11/site-packages/airflow/example_dags/example_time_delta_sensor_async.py
[2025-04-16T00:24:21.927+0700] {processor.py:914} INFO - Processing file /home/anhtupham99/NBA-analytics/py_env/lib/python3.11/site-packages/airflow/example_dags/example_time_delta_sensor_async.py for tasks to queue
[2025-04-16T00:24:21.929+0700] {logging_mixin.py:190} INFO - [2025-04-16T00:24:21.929+0700] {dagbag.py:588} INFO - Filling up the DagBag from /home/anhtupham99/NBA-analytics/py_env/lib/python3.11/site-packages/airflow/example_dags/example_time_delta_sensor_async.py
[2025-04-16T00:24:21.937+0700] {processor.py:925} INFO - DAG(s) 'example_time_delta_sensor_async' retrieved from /home/anhtupham99/NBA-analytics/py_env/lib/python3.11/site-packages/airflow/example_dags/example_time_delta_sensor_async.py
[2025-04-16T00:24:21.951+0700] {logging_mixin.py:190} INFO - [2025-04-16T00:24:21.951+0700] {dag.py:3239} INFO - Sync 1 DAGs
[2025-04-16T00:24:21.963+0700] {logging_mixin.py:190} INFO - [2025-04-16T00:24:21.963+0700] {dag.py:4180} INFO - Setting next_dagrun for example_time_delta_sensor_async to None, run_after=None
[2025-04-16T00:24:21.997+0700] {processor.py:208} INFO - Processing /home/anhtupham99/NBA-analytics/py_env/lib/python3.11/site-packages/airflow/example_dags/example_time_delta_sensor_async.py took 0.077 seconds
[2025-04-16T00:25:13.063+0700] {processor.py:186} INFO - Started process (PID=362416) to work on /home/anhtupham99/NBA-analytics/py_env/lib/python3.11/site-packages/airflow/example_dags/example_time_delta_sensor_async.py
[2025-04-16T00:25:13.065+0700] {processor.py:914} INFO - Processing file /home/anhtupham99/NBA-analytics/py_env/lib/python3.11/site-packages/airflow/example_dags/example_time_delta_sensor_async.py for tasks to queue
[2025-04-16T00:25:13.067+0700] {logging_mixin.py:190} INFO - [2025-04-16T00:25:13.067+0700] {dagbag.py:588} INFO - Filling up the DagBag from /home/anhtupham99/NBA-analytics/py_env/lib/python3.11/site-packages/airflow/example_dags/example_time_delta_sensor_async.py
[2025-04-16T00:25:13.075+0700] {processor.py:925} INFO - DAG(s) 'example_time_delta_sensor_async' retrieved from /home/anhtupham99/NBA-analytics/py_env/lib/python3.11/site-packages/airflow/example_dags/example_time_delta_sensor_async.py
[2025-04-16T00:25:13.086+0700] {logging_mixin.py:190} INFO - [2025-04-16T00:25:13.086+0700] {dag.py:3239} INFO - Sync 1 DAGs
[2025-04-16T00:25:13.095+0700] {logging_mixin.py:190} INFO - [2025-04-16T00:25:13.095+0700] {dag.py:4180} INFO - Setting next_dagrun for example_time_delta_sensor_async to None, run_after=None
[2025-04-16T00:25:13.126+0700] {processor.py:208} INFO - Processing /home/anhtupham99/NBA-analytics/py_env/lib/python3.11/site-packages/airflow/example_dags/example_time_delta_sensor_async.py took 0.069 seconds
[2025-04-16T00:26:23.455+0700] {processor.py:186} INFO - Started process (PID=364634) to work on /home/anhtupham99/NBA-analytics/py_env/lib/python3.11/site-packages/airflow/example_dags/example_time_delta_sensor_async.py
[2025-04-16T00:26:23.513+0700] {processor.py:914} INFO - Processing file /home/anhtupham99/NBA-analytics/py_env/lib/python3.11/site-packages/airflow/example_dags/example_time_delta_sensor_async.py for tasks to queue
[2025-04-16T00:26:23.516+0700] {logging_mixin.py:190} INFO - [2025-04-16T00:26:23.515+0700] {dagbag.py:588} INFO - Filling up the DagBag from /home/anhtupham99/NBA-analytics/py_env/lib/python3.11/site-packages/airflow/example_dags/example_time_delta_sensor_async.py
[2025-04-16T00:26:23.521+0700] {processor.py:925} INFO - DAG(s) 'example_time_delta_sensor_async' retrieved from /home/anhtupham99/NBA-analytics/py_env/lib/python3.11/site-packages/airflow/example_dags/example_time_delta_sensor_async.py
[2025-04-16T00:26:23.531+0700] {logging_mixin.py:190} INFO - [2025-04-16T00:26:23.531+0700] {dag.py:3239} INFO - Sync 1 DAGs
[2025-04-16T00:26:23.540+0700] {logging_mixin.py:190} INFO - [2025-04-16T00:26:23.540+0700] {dag.py:4180} INFO - Setting next_dagrun for example_time_delta_sensor_async to None, run_after=None
[2025-04-16T00:26:23.571+0700] {processor.py:208} INFO - Processing /home/anhtupham99/NBA-analytics/py_env/lib/python3.11/site-packages/airflow/example_dags/example_time_delta_sensor_async.py took 0.121 seconds
[2025-04-16T00:27:36.736+0700] {processor.py:186} INFO - Started process (PID=366403) to work on /home/anhtupham99/NBA-analytics/py_env/lib/python3.11/site-packages/airflow/example_dags/example_time_delta_sensor_async.py
[2025-04-16T00:27:36.737+0700] {processor.py:914} INFO - Processing file /home/anhtupham99/NBA-analytics/py_env/lib/python3.11/site-packages/airflow/example_dags/example_time_delta_sensor_async.py for tasks to queue
[2025-04-16T00:27:36.739+0700] {logging_mixin.py:190} INFO - [2025-04-16T00:27:36.739+0700] {dagbag.py:588} INFO - Filling up the DagBag from /home/anhtupham99/NBA-analytics/py_env/lib/python3.11/site-packages/airflow/example_dags/example_time_delta_sensor_async.py
[2025-04-16T00:27:36.745+0700] {processor.py:925} INFO - DAG(s) 'example_time_delta_sensor_async' retrieved from /home/anhtupham99/NBA-analytics/py_env/lib/python3.11/site-packages/airflow/example_dags/example_time_delta_sensor_async.py
[2025-04-16T00:27:36.756+0700] {logging_mixin.py:190} INFO - [2025-04-16T00:27:36.755+0700] {dag.py:3239} INFO - Sync 1 DAGs
[2025-04-16T00:27:36.766+0700] {logging_mixin.py:190} INFO - [2025-04-16T00:27:36.765+0700] {dag.py:4180} INFO - Setting next_dagrun for example_time_delta_sensor_async to None, run_after=None
[2025-04-16T00:27:36.789+0700] {processor.py:208} INFO - Processing /home/anhtupham99/NBA-analytics/py_env/lib/python3.11/site-packages/airflow/example_dags/example_time_delta_sensor_async.py took 0.058 seconds
[2025-04-16T00:28:47.378+0700] {processor.py:186} INFO - Started process (PID=368183) to work on /home/anhtupham99/NBA-analytics/py_env/lib/python3.11/site-packages/airflow/example_dags/example_time_delta_sensor_async.py
[2025-04-16T00:28:47.379+0700] {processor.py:914} INFO - Processing file /home/anhtupham99/NBA-analytics/py_env/lib/python3.11/site-packages/airflow/example_dags/example_time_delta_sensor_async.py for tasks to queue
[2025-04-16T00:28:47.382+0700] {logging_mixin.py:190} INFO - [2025-04-16T00:28:47.381+0700] {dagbag.py:588} INFO - Filling up the DagBag from /home/anhtupham99/NBA-analytics/py_env/lib/python3.11/site-packages/airflow/example_dags/example_time_delta_sensor_async.py
[2025-04-16T00:28:47.390+0700] {processor.py:925} INFO - DAG(s) 'example_time_delta_sensor_async' retrieved from /home/anhtupham99/NBA-analytics/py_env/lib/python3.11/site-packages/airflow/example_dags/example_time_delta_sensor_async.py
[2025-04-16T00:28:47.406+0700] {logging_mixin.py:190} INFO - [2025-04-16T00:28:47.405+0700] {dag.py:3239} INFO - Sync 1 DAGs
[2025-04-16T00:28:47.418+0700] {logging_mixin.py:190} INFO - [2025-04-16T00:28:47.417+0700] {dag.py:4180} INFO - Setting next_dagrun for example_time_delta_sensor_async to None, run_after=None
[2025-04-16T00:28:47.446+0700] {processor.py:208} INFO - Processing /home/anhtupham99/NBA-analytics/py_env/lib/python3.11/site-packages/airflow/example_dags/example_time_delta_sensor_async.py took 0.074 seconds
[2025-04-16T00:29:59.364+0700] {processor.py:186} INFO - Started process (PID=369884) to work on /home/anhtupham99/NBA-analytics/py_env/lib/python3.11/site-packages/airflow/example_dags/example_time_delta_sensor_async.py
[2025-04-16T00:29:59.365+0700] {processor.py:914} INFO - Processing file /home/anhtupham99/NBA-analytics/py_env/lib/python3.11/site-packages/airflow/example_dags/example_time_delta_sensor_async.py for tasks to queue
[2025-04-16T00:29:59.367+0700] {logging_mixin.py:190} INFO - [2025-04-16T00:29:59.367+0700] {dagbag.py:588} INFO - Filling up the DagBag from /home/anhtupham99/NBA-analytics/py_env/lib/python3.11/site-packages/airflow/example_dags/example_time_delta_sensor_async.py
[2025-04-16T00:29:59.373+0700] {processor.py:925} INFO - DAG(s) 'example_time_delta_sensor_async' retrieved from /home/anhtupham99/NBA-analytics/py_env/lib/python3.11/site-packages/airflow/example_dags/example_time_delta_sensor_async.py
[2025-04-16T00:29:59.383+0700] {logging_mixin.py:190} INFO - [2025-04-16T00:29:59.383+0700] {dag.py:3239} INFO - Sync 1 DAGs
[2025-04-16T00:29:59.391+0700] {logging_mixin.py:190} INFO - [2025-04-16T00:29:59.391+0700] {dag.py:4180} INFO - Setting next_dagrun for example_time_delta_sensor_async to None, run_after=None
[2025-04-16T00:29:59.414+0700] {processor.py:208} INFO - Processing /home/anhtupham99/NBA-analytics/py_env/lib/python3.11/site-packages/airflow/example_dags/example_time_delta_sensor_async.py took 0.054 seconds
[2025-04-16T00:31:10.213+0700] {processor.py:186} INFO - Started process (PID=371756) to work on /home/anhtupham99/NBA-analytics/py_env/lib/python3.11/site-packages/airflow/example_dags/example_time_delta_sensor_async.py
[2025-04-16T00:31:10.215+0700] {processor.py:914} INFO - Processing file /home/anhtupham99/NBA-analytics/py_env/lib/python3.11/site-packages/airflow/example_dags/example_time_delta_sensor_async.py for tasks to queue
[2025-04-16T00:31:10.217+0700] {logging_mixin.py:190} INFO - [2025-04-16T00:31:10.217+0700] {dagbag.py:588} INFO - Filling up the DagBag from /home/anhtupham99/NBA-analytics/py_env/lib/python3.11/site-packages/airflow/example_dags/example_time_delta_sensor_async.py
[2025-04-16T00:31:10.222+0700] {processor.py:925} INFO - DAG(s) 'example_time_delta_sensor_async' retrieved from /home/anhtupham99/NBA-analytics/py_env/lib/python3.11/site-packages/airflow/example_dags/example_time_delta_sensor_async.py
[2025-04-16T00:31:10.237+0700] {logging_mixin.py:190} INFO - [2025-04-16T00:31:10.237+0700] {dag.py:3239} INFO - Sync 1 DAGs
[2025-04-16T00:31:10.246+0700] {logging_mixin.py:190} INFO - [2025-04-16T00:31:10.246+0700] {dag.py:4180} INFO - Setting next_dagrun for example_time_delta_sensor_async to None, run_after=None
[2025-04-16T00:31:10.268+0700] {processor.py:208} INFO - Processing /home/anhtupham99/NBA-analytics/py_env/lib/python3.11/site-packages/airflow/example_dags/example_time_delta_sensor_async.py took 0.060 seconds
[2025-04-16T00:32:17.172+0700] {processor.py:186} INFO - Started process (PID=373490) to work on /home/anhtupham99/NBA-analytics/py_env/lib/python3.11/site-packages/airflow/example_dags/example_time_delta_sensor_async.py
[2025-04-16T00:32:17.173+0700] {processor.py:914} INFO - Processing file /home/anhtupham99/NBA-analytics/py_env/lib/python3.11/site-packages/airflow/example_dags/example_time_delta_sensor_async.py for tasks to queue
[2025-04-16T00:32:17.175+0700] {logging_mixin.py:190} INFO - [2025-04-16T00:32:17.175+0700] {dagbag.py:588} INFO - Filling up the DagBag from /home/anhtupham99/NBA-analytics/py_env/lib/python3.11/site-packages/airflow/example_dags/example_time_delta_sensor_async.py
[2025-04-16T00:32:17.181+0700] {processor.py:925} INFO - DAG(s) 'example_time_delta_sensor_async' retrieved from /home/anhtupham99/NBA-analytics/py_env/lib/python3.11/site-packages/airflow/example_dags/example_time_delta_sensor_async.py
[2025-04-16T00:32:17.193+0700] {logging_mixin.py:190} INFO - [2025-04-16T00:32:17.192+0700] {dag.py:3239} INFO - Sync 1 DAGs
[2025-04-16T00:32:17.201+0700] {logging_mixin.py:190} INFO - [2025-04-16T00:32:17.201+0700] {dag.py:4180} INFO - Setting next_dagrun for example_time_delta_sensor_async to None, run_after=None
[2025-04-16T00:32:17.226+0700] {processor.py:208} INFO - Processing /home/anhtupham99/NBA-analytics/py_env/lib/python3.11/site-packages/airflow/example_dags/example_time_delta_sensor_async.py took 0.058 seconds
[2025-04-16T00:33:27.558+0700] {processor.py:186} INFO - Started process (PID=375161) to work on /home/anhtupham99/NBA-analytics/py_env/lib/python3.11/site-packages/airflow/example_dags/example_time_delta_sensor_async.py
[2025-04-16T00:33:27.560+0700] {processor.py:914} INFO - Processing file /home/anhtupham99/NBA-analytics/py_env/lib/python3.11/site-packages/airflow/example_dags/example_time_delta_sensor_async.py for tasks to queue
[2025-04-16T00:33:27.562+0700] {logging_mixin.py:190} INFO - [2025-04-16T00:33:27.561+0700] {dagbag.py:588} INFO - Filling up the DagBag from /home/anhtupham99/NBA-analytics/py_env/lib/python3.11/site-packages/airflow/example_dags/example_time_delta_sensor_async.py
[2025-04-16T00:33:27.567+0700] {processor.py:925} INFO - DAG(s) 'example_time_delta_sensor_async' retrieved from /home/anhtupham99/NBA-analytics/py_env/lib/python3.11/site-packages/airflow/example_dags/example_time_delta_sensor_async.py
[2025-04-16T00:33:27.579+0700] {logging_mixin.py:190} INFO - [2025-04-16T00:33:27.579+0700] {dag.py:3239} INFO - Sync 1 DAGs
[2025-04-16T00:33:27.587+0700] {logging_mixin.py:190} INFO - [2025-04-16T00:33:27.587+0700] {dag.py:4180} INFO - Setting next_dagrun for example_time_delta_sensor_async to None, run_after=None
[2025-04-16T00:33:27.609+0700] {processor.py:208} INFO - Processing /home/anhtupham99/NBA-analytics/py_env/lib/python3.11/site-packages/airflow/example_dags/example_time_delta_sensor_async.py took 0.055 seconds
[2025-04-16T00:34:40.126+0700] {processor.py:186} INFO - Started process (PID=376768) to work on /home/anhtupham99/NBA-analytics/py_env/lib/python3.11/site-packages/airflow/example_dags/example_time_delta_sensor_async.py
[2025-04-16T00:34:40.128+0700] {processor.py:914} INFO - Processing file /home/anhtupham99/NBA-analytics/py_env/lib/python3.11/site-packages/airflow/example_dags/example_time_delta_sensor_async.py for tasks to queue
[2025-04-16T00:34:40.129+0700] {logging_mixin.py:190} INFO - [2025-04-16T00:34:40.129+0700] {dagbag.py:588} INFO - Filling up the DagBag from /home/anhtupham99/NBA-analytics/py_env/lib/python3.11/site-packages/airflow/example_dags/example_time_delta_sensor_async.py
[2025-04-16T00:34:40.134+0700] {processor.py:925} INFO - DAG(s) 'example_time_delta_sensor_async' retrieved from /home/anhtupham99/NBA-analytics/py_env/lib/python3.11/site-packages/airflow/example_dags/example_time_delta_sensor_async.py
[2025-04-16T00:34:40.146+0700] {logging_mixin.py:190} INFO - [2025-04-16T00:34:40.145+0700] {dag.py:3239} INFO - Sync 1 DAGs
[2025-04-16T00:34:40.154+0700] {logging_mixin.py:190} INFO - [2025-04-16T00:34:40.154+0700] {dag.py:4180} INFO - Setting next_dagrun for example_time_delta_sensor_async to None, run_after=None
[2025-04-16T00:34:40.182+0700] {processor.py:208} INFO - Processing /home/anhtupham99/NBA-analytics/py_env/lib/python3.11/site-packages/airflow/example_dags/example_time_delta_sensor_async.py took 0.060 seconds
[2025-04-16T00:35:48.362+0700] {processor.py:186} INFO - Started process (PID=378567) to work on /home/anhtupham99/NBA-analytics/py_env/lib/python3.11/site-packages/airflow/example_dags/example_time_delta_sensor_async.py
[2025-04-16T00:35:48.363+0700] {processor.py:914} INFO - Processing file /home/anhtupham99/NBA-analytics/py_env/lib/python3.11/site-packages/airflow/example_dags/example_time_delta_sensor_async.py for tasks to queue
[2025-04-16T00:35:48.364+0700] {logging_mixin.py:190} INFO - [2025-04-16T00:35:48.364+0700] {dagbag.py:588} INFO - Filling up the DagBag from /home/anhtupham99/NBA-analytics/py_env/lib/python3.11/site-packages/airflow/example_dags/example_time_delta_sensor_async.py
[2025-04-16T00:35:48.370+0700] {processor.py:925} INFO - DAG(s) 'example_time_delta_sensor_async' retrieved from /home/anhtupham99/NBA-analytics/py_env/lib/python3.11/site-packages/airflow/example_dags/example_time_delta_sensor_async.py
[2025-04-16T00:35:48.382+0700] {logging_mixin.py:190} INFO - [2025-04-16T00:35:48.382+0700] {dag.py:3239} INFO - Sync 1 DAGs
[2025-04-16T00:35:48.391+0700] {logging_mixin.py:190} INFO - [2025-04-16T00:35:48.391+0700] {dag.py:4180} INFO - Setting next_dagrun for example_time_delta_sensor_async to None, run_after=None
[2025-04-16T00:35:48.418+0700] {processor.py:208} INFO - Processing /home/anhtupham99/NBA-analytics/py_env/lib/python3.11/site-packages/airflow/example_dags/example_time_delta_sensor_async.py took 0.062 seconds
[2025-04-16T00:36:37.800+0700] {processor.py:186} INFO - Started process (PID=379801) to work on /home/anhtupham99/NBA-analytics/py_env/lib/python3.11/site-packages/airflow/example_dags/example_time_delta_sensor_async.py
[2025-04-16T00:36:37.802+0700] {processor.py:914} INFO - Processing file /home/anhtupham99/NBA-analytics/py_env/lib/python3.11/site-packages/airflow/example_dags/example_time_delta_sensor_async.py for tasks to queue
[2025-04-16T00:36:37.804+0700] {logging_mixin.py:190} INFO - [2025-04-16T00:36:37.803+0700] {dagbag.py:588} INFO - Filling up the DagBag from /home/anhtupham99/NBA-analytics/py_env/lib/python3.11/site-packages/airflow/example_dags/example_time_delta_sensor_async.py
[2025-04-16T00:36:37.810+0700] {processor.py:925} INFO - DAG(s) 'example_time_delta_sensor_async' retrieved from /home/anhtupham99/NBA-analytics/py_env/lib/python3.11/site-packages/airflow/example_dags/example_time_delta_sensor_async.py
[2025-04-16T00:36:37.823+0700] {logging_mixin.py:190} INFO - [2025-04-16T00:36:37.823+0700] {dag.py:3239} INFO - Sync 1 DAGs
[2025-04-16T00:36:37.833+0700] {logging_mixin.py:190} INFO - [2025-04-16T00:36:37.833+0700] {dag.py:4180} INFO - Setting next_dagrun for example_time_delta_sensor_async to None, run_after=None
[2025-04-16T00:36:37.858+0700] {processor.py:208} INFO - Processing /home/anhtupham99/NBA-analytics/py_env/lib/python3.11/site-packages/airflow/example_dags/example_time_delta_sensor_async.py took 0.064 seconds
[2025-04-16T00:37:47.109+0700] {processor.py:186} INFO - Started process (PID=381723) to work on /home/anhtupham99/NBA-analytics/py_env/lib/python3.11/site-packages/airflow/example_dags/example_time_delta_sensor_async.py
[2025-04-16T00:37:47.111+0700] {processor.py:914} INFO - Processing file /home/anhtupham99/NBA-analytics/py_env/lib/python3.11/site-packages/airflow/example_dags/example_time_delta_sensor_async.py for tasks to queue
[2025-04-16T00:37:47.113+0700] {logging_mixin.py:190} INFO - [2025-04-16T00:37:47.112+0700] {dagbag.py:588} INFO - Filling up the DagBag from /home/anhtupham99/NBA-analytics/py_env/lib/python3.11/site-packages/airflow/example_dags/example_time_delta_sensor_async.py
[2025-04-16T00:37:47.119+0700] {processor.py:925} INFO - DAG(s) 'example_time_delta_sensor_async' retrieved from /home/anhtupham99/NBA-analytics/py_env/lib/python3.11/site-packages/airflow/example_dags/example_time_delta_sensor_async.py
[2025-04-16T00:37:47.134+0700] {logging_mixin.py:190} INFO - [2025-04-16T00:37:47.134+0700] {dag.py:3239} INFO - Sync 1 DAGs
[2025-04-16T00:37:47.145+0700] {logging_mixin.py:190} INFO - [2025-04-16T00:37:47.145+0700] {dag.py:4180} INFO - Setting next_dagrun for example_time_delta_sensor_async to None, run_after=None
[2025-04-16T00:37:47.172+0700] {processor.py:208} INFO - Processing /home/anhtupham99/NBA-analytics/py_env/lib/python3.11/site-packages/airflow/example_dags/example_time_delta_sensor_async.py took 0.067 seconds
