[2025-04-15T23:47:26.714+0700] {processor.py:186} INFO - Started process (PID=298599) to work on /home/anhtupham99/NBA-analytics/py_env/lib/python3.11/site-packages/airflow/example_dags/example_branch_operator.py
[2025-04-15T23:47:26.714+0700] {processor.py:914} INFO - Processing file /home/anhtupham99/NBA-analytics/py_env/lib/python3.11/site-packages/airflow/example_dags/example_branch_operator.py for tasks to queue
[2025-04-15T23:47:26.716+0700] {logging_mixin.py:190} INFO - [2025-04-15T23:47:26.716+0700] {dagbag.py:588} INFO - Filling up the DagBag from /home/anhtupham99/NBA-analytics/py_env/lib/python3.11/site-packages/airflow/example_dags/example_branch_operator.py
[2025-04-15T23:47:26.731+0700] {processor.py:925} INFO - DAG(s) 'example_branch_operator' retrieved from /home/anhtupham99/NBA-analytics/py_env/lib/python3.11/site-packages/airflow/example_dags/example_branch_operator.py
[2025-04-15T23:47:26.831+0700] {logging_mixin.py:190} INFO - [2025-04-15T23:47:26.831+0700] {override.py:1912} INFO - Created Permission View: can delete on DAG:example_branch_operator
[2025-04-15T23:47:26.848+0700] {logging_mixin.py:190} INFO - [2025-04-15T23:47:26.848+0700] {override.py:1912} INFO - Created Permission View: can edit on DAG:example_branch_operator
[2025-04-15T23:47:26.862+0700] {logging_mixin.py:190} INFO - [2025-04-15T23:47:26.861+0700] {override.py:1912} INFO - Created Permission View: can read on DAG:example_branch_operator
[2025-04-15T23:47:26.890+0700] {logging_mixin.py:190} INFO - [2025-04-15T23:47:26.890+0700] {override.py:1912} INFO - Created Permission View: can create on DAG Run:example_branch_operator
[2025-04-15T23:47:26.908+0700] {logging_mixin.py:190} INFO - [2025-04-15T23:47:26.908+0700] {override.py:1912} INFO - Created Permission View: can delete on DAG Run:example_branch_operator
[2025-04-15T23:47:26.922+0700] {logging_mixin.py:190} INFO - [2025-04-15T23:47:26.921+0700] {override.py:1912} INFO - Created Permission View: menu access on DAG Run:example_branch_operator
[2025-04-15T23:47:26.935+0700] {logging_mixin.py:190} INFO - [2025-04-15T23:47:26.934+0700] {override.py:1912} INFO - Created Permission View: can read on DAG Run:example_branch_operator
[2025-04-15T23:47:26.935+0700] {logging_mixin.py:190} INFO - [2025-04-15T23:47:26.935+0700] {dag.py:3239} INFO - Sync 1 DAGs
[2025-04-15T23:47:26.943+0700] {logging_mixin.py:190} INFO - [2025-04-15T23:47:26.943+0700] {dag.py:3262} INFO - Creating ORM DAG for example_branch_operator
[2025-04-15T23:47:26.950+0700] {logging_mixin.py:190} INFO - [2025-04-15T23:47:26.950+0700] {dag.py:4180} INFO - Setting next_dagrun for example_branch_operator to 2025-04-14 00:00:00+00:00, run_after=2025-04-15 00:00:00+00:00
[2025-04-15T23:47:26.974+0700] {processor.py:208} INFO - Processing /home/anhtupham99/NBA-analytics/py_env/lib/python3.11/site-packages/airflow/example_dags/example_branch_operator.py took 0.266 seconds
[2025-04-15T23:48:26.120+0700] {processor.py:186} INFO - Started process (PID=300091) to work on /home/anhtupham99/NBA-analytics/py_env/lib/python3.11/site-packages/airflow/example_dags/example_branch_operator.py
[2025-04-15T23:48:26.124+0700] {processor.py:914} INFO - Processing file /home/anhtupham99/NBA-analytics/py_env/lib/python3.11/site-packages/airflow/example_dags/example_branch_operator.py for tasks to queue
[2025-04-15T23:48:26.127+0700] {logging_mixin.py:190} INFO - [2025-04-15T23:48:26.127+0700] {dagbag.py:588} INFO - Filling up the DagBag from /home/anhtupham99/NBA-analytics/py_env/lib/python3.11/site-packages/airflow/example_dags/example_branch_operator.py
[2025-04-15T23:48:26.140+0700] {processor.py:925} INFO - DAG(s) 'example_branch_operator' retrieved from /home/anhtupham99/NBA-analytics/py_env/lib/python3.11/site-packages/airflow/example_dags/example_branch_operator.py
[2025-04-15T23:48:26.155+0700] {logging_mixin.py:190} INFO - [2025-04-15T23:48:26.155+0700] {dag.py:3239} INFO - Sync 1 DAGs
[2025-04-15T23:48:26.167+0700] {logging_mixin.py:190} INFO - [2025-04-15T23:48:26.167+0700] {dag.py:4180} INFO - Setting next_dagrun for example_branch_operator to 2025-04-14 00:00:00+00:00, run_after=2025-04-15 00:00:00+00:00
[2025-04-15T23:48:26.191+0700] {processor.py:208} INFO - Processing /home/anhtupham99/NBA-analytics/py_env/lib/python3.11/site-packages/airflow/example_dags/example_branch_operator.py took 0.076 seconds
[2025-04-15T23:49:19.085+0700] {processor.py:186} INFO - Started process (PID=301148) to work on /home/anhtupham99/NBA-analytics/py_env/lib/python3.11/site-packages/airflow/example_dags/example_branch_operator.py
[2025-04-15T23:49:19.087+0700] {processor.py:914} INFO - Processing file /home/anhtupham99/NBA-analytics/py_env/lib/python3.11/site-packages/airflow/example_dags/example_branch_operator.py for tasks to queue
[2025-04-15T23:49:19.091+0700] {logging_mixin.py:190} INFO - [2025-04-15T23:49:19.090+0700] {dagbag.py:588} INFO - Filling up the DagBag from /home/anhtupham99/NBA-analytics/py_env/lib/python3.11/site-packages/airflow/example_dags/example_branch_operator.py
[2025-04-15T23:49:19.107+0700] {processor.py:925} INFO - DAG(s) 'example_branch_operator' retrieved from /home/anhtupham99/NBA-analytics/py_env/lib/python3.11/site-packages/airflow/example_dags/example_branch_operator.py
[2025-04-15T23:49:19.125+0700] {logging_mixin.py:190} INFO - [2025-04-15T23:49:19.125+0700] {dag.py:3239} INFO - Sync 1 DAGs
[2025-04-15T23:49:19.142+0700] {logging_mixin.py:190} INFO - [2025-04-15T23:49:19.141+0700] {dag.py:4180} INFO - Setting next_dagrun for example_branch_operator to 2025-04-14 00:00:00+00:00, run_after=2025-04-15 00:00:00+00:00
[2025-04-15T23:49:19.166+0700] {processor.py:208} INFO - Processing /home/anhtupham99/NBA-analytics/py_env/lib/python3.11/site-packages/airflow/example_dags/example_branch_operator.py took 0.094 seconds
[2025-04-15T23:50:30.782+0700] {processor.py:186} INFO - Started process (PID=302710) to work on /home/anhtupham99/NBA-analytics/py_env/lib/python3.11/site-packages/airflow/example_dags/example_branch_operator.py
[2025-04-15T23:50:30.784+0700] {processor.py:914} INFO - Processing file /home/anhtupham99/NBA-analytics/py_env/lib/python3.11/site-packages/airflow/example_dags/example_branch_operator.py for tasks to queue
[2025-04-15T23:50:30.785+0700] {logging_mixin.py:190} INFO - [2025-04-15T23:50:30.785+0700] {dagbag.py:588} INFO - Filling up the DagBag from /home/anhtupham99/NBA-analytics/py_env/lib/python3.11/site-packages/airflow/example_dags/example_branch_operator.py
[2025-04-15T23:50:30.799+0700] {processor.py:925} INFO - DAG(s) 'example_branch_operator' retrieved from /home/anhtupham99/NBA-analytics/py_env/lib/python3.11/site-packages/airflow/example_dags/example_branch_operator.py
[2025-04-15T23:50:30.816+0700] {logging_mixin.py:190} INFO - [2025-04-15T23:50:30.815+0700] {dag.py:3239} INFO - Sync 1 DAGs
[2025-04-15T23:50:30.911+0700] {logging_mixin.py:190} INFO - [2025-04-15T23:50:30.911+0700] {dag.py:4180} INFO - Setting next_dagrun for example_branch_operator to 2025-04-14 00:00:00+00:00, run_after=2025-04-15 00:00:00+00:00
[2025-04-15T23:50:30.934+0700] {processor.py:208} INFO - Processing /home/anhtupham99/NBA-analytics/py_env/lib/python3.11/site-packages/airflow/example_dags/example_branch_operator.py took 0.156 seconds
[2025-04-15T23:51:26.990+0700] {processor.py:186} INFO - Started process (PID=303809) to work on /home/anhtupham99/NBA-analytics/py_env/lib/python3.11/site-packages/airflow/example_dags/example_branch_operator.py
[2025-04-15T23:51:26.991+0700] {processor.py:914} INFO - Processing file /home/anhtupham99/NBA-analytics/py_env/lib/python3.11/site-packages/airflow/example_dags/example_branch_operator.py for tasks to queue
[2025-04-15T23:51:26.993+0700] {logging_mixin.py:190} INFO - [2025-04-15T23:51:26.993+0700] {dagbag.py:588} INFO - Filling up the DagBag from /home/anhtupham99/NBA-analytics/py_env/lib/python3.11/site-packages/airflow/example_dags/example_branch_operator.py
[2025-04-15T23:51:27.005+0700] {processor.py:925} INFO - DAG(s) 'example_branch_operator' retrieved from /home/anhtupham99/NBA-analytics/py_env/lib/python3.11/site-packages/airflow/example_dags/example_branch_operator.py
[2025-04-15T23:51:27.020+0700] {logging_mixin.py:190} INFO - [2025-04-15T23:51:27.020+0700] {dag.py:3239} INFO - Sync 1 DAGs
[2025-04-15T23:51:27.033+0700] {logging_mixin.py:190} INFO - [2025-04-15T23:51:27.033+0700] {dag.py:4180} INFO - Setting next_dagrun for example_branch_operator to 2025-04-14 00:00:00+00:00, run_after=2025-04-15 00:00:00+00:00
[2025-04-15T23:51:27.057+0700] {processor.py:208} INFO - Processing /home/anhtupham99/NBA-analytics/py_env/lib/python3.11/site-packages/airflow/example_dags/example_branch_operator.py took 0.071 seconds
[2025-04-15T23:52:35.975+0700] {processor.py:186} INFO - Started process (PID=305167) to work on /home/anhtupham99/NBA-analytics/py_env/lib/python3.11/site-packages/airflow/example_dags/example_branch_operator.py
[2025-04-15T23:52:35.977+0700] {processor.py:914} INFO - Processing file /home/anhtupham99/NBA-analytics/py_env/lib/python3.11/site-packages/airflow/example_dags/example_branch_operator.py for tasks to queue
[2025-04-15T23:52:35.979+0700] {logging_mixin.py:190} INFO - [2025-04-15T23:52:35.979+0700] {dagbag.py:588} INFO - Filling up the DagBag from /home/anhtupham99/NBA-analytics/py_env/lib/python3.11/site-packages/airflow/example_dags/example_branch_operator.py
[2025-04-15T23:52:36.002+0700] {processor.py:925} INFO - DAG(s) 'example_branch_operator' retrieved from /home/anhtupham99/NBA-analytics/py_env/lib/python3.11/site-packages/airflow/example_dags/example_branch_operator.py
[2025-04-15T23:52:36.023+0700] {logging_mixin.py:190} INFO - [2025-04-15T23:52:36.022+0700] {dag.py:3239} INFO - Sync 1 DAGs
[2025-04-15T23:52:36.043+0700] {logging_mixin.py:190} INFO - [2025-04-15T23:52:36.042+0700] {dag.py:4180} INFO - Setting next_dagrun for example_branch_operator to 2025-04-14 00:00:00+00:00, run_after=2025-04-15 00:00:00+00:00
[2025-04-15T23:52:36.071+0700] {processor.py:208} INFO - Processing /home/anhtupham99/NBA-analytics/py_env/lib/python3.11/site-packages/airflow/example_dags/example_branch_operator.py took 0.101 seconds
[2025-04-15T23:53:47.255+0700] {processor.py:186} INFO - Started process (PID=306499) to work on /home/anhtupham99/NBA-analytics/py_env/lib/python3.11/site-packages/airflow/example_dags/example_branch_operator.py
[2025-04-15T23:53:47.256+0700] {processor.py:914} INFO - Processing file /home/anhtupham99/NBA-analytics/py_env/lib/python3.11/site-packages/airflow/example_dags/example_branch_operator.py for tasks to queue
[2025-04-15T23:53:47.258+0700] {logging_mixin.py:190} INFO - [2025-04-15T23:53:47.258+0700] {dagbag.py:588} INFO - Filling up the DagBag from /home/anhtupham99/NBA-analytics/py_env/lib/python3.11/site-packages/airflow/example_dags/example_branch_operator.py
[2025-04-15T23:53:47.273+0700] {processor.py:925} INFO - DAG(s) 'example_branch_operator' retrieved from /home/anhtupham99/NBA-analytics/py_env/lib/python3.11/site-packages/airflow/example_dags/example_branch_operator.py
[2025-04-15T23:53:47.289+0700] {logging_mixin.py:190} INFO - [2025-04-15T23:53:47.289+0700] {dag.py:3239} INFO - Sync 1 DAGs
[2025-04-15T23:53:47.303+0700] {logging_mixin.py:190} INFO - [2025-04-15T23:53:47.303+0700] {dag.py:4180} INFO - Setting next_dagrun for example_branch_operator to 2025-04-14 00:00:00+00:00, run_after=2025-04-15 00:00:00+00:00
[2025-04-15T23:53:47.330+0700] {processor.py:208} INFO - Processing /home/anhtupham99/NBA-analytics/py_env/lib/python3.11/site-packages/airflow/example_dags/example_branch_operator.py took 0.081 seconds
[2025-04-15T23:54:56.856+0700] {processor.py:186} INFO - Started process (PID=307875) to work on /home/anhtupham99/NBA-analytics/py_env/lib/python3.11/site-packages/airflow/example_dags/example_branch_operator.py
[2025-04-15T23:54:56.857+0700] {processor.py:914} INFO - Processing file /home/anhtupham99/NBA-analytics/py_env/lib/python3.11/site-packages/airflow/example_dags/example_branch_operator.py for tasks to queue
[2025-04-15T23:54:56.859+0700] {logging_mixin.py:190} INFO - [2025-04-15T23:54:56.859+0700] {dagbag.py:588} INFO - Filling up the DagBag from /home/anhtupham99/NBA-analytics/py_env/lib/python3.11/site-packages/airflow/example_dags/example_branch_operator.py
[2025-04-15T23:54:56.875+0700] {processor.py:925} INFO - DAG(s) 'example_branch_operator' retrieved from /home/anhtupham99/NBA-analytics/py_env/lib/python3.11/site-packages/airflow/example_dags/example_branch_operator.py
[2025-04-15T23:54:56.893+0700] {logging_mixin.py:190} INFO - [2025-04-15T23:54:56.893+0700] {dag.py:3239} INFO - Sync 1 DAGs
[2025-04-15T23:54:56.909+0700] {logging_mixin.py:190} INFO - [2025-04-15T23:54:56.908+0700] {dag.py:4180} INFO - Setting next_dagrun for example_branch_operator to 2025-04-14 00:00:00+00:00, run_after=2025-04-15 00:00:00+00:00
[2025-04-15T23:54:56.934+0700] {processor.py:208} INFO - Processing /home/anhtupham99/NBA-analytics/py_env/lib/python3.11/site-packages/airflow/example_dags/example_branch_operator.py took 0.083 seconds
[2025-04-15T23:56:15.664+0700] {processor.py:186} INFO - Started process (PID=311467) to work on /home/anhtupham99/NBA-analytics/py_env/lib/python3.11/site-packages/airflow/example_dags/example_branch_operator.py
[2025-04-15T23:56:15.668+0700] {processor.py:914} INFO - Processing file /home/anhtupham99/NBA-analytics/py_env/lib/python3.11/site-packages/airflow/example_dags/example_branch_operator.py for tasks to queue
[2025-04-15T23:56:15.669+0700] {logging_mixin.py:190} INFO - [2025-04-15T23:56:15.669+0700] {dagbag.py:588} INFO - Filling up the DagBag from /home/anhtupham99/NBA-analytics/py_env/lib/python3.11/site-packages/airflow/example_dags/example_branch_operator.py
[2025-04-15T23:56:15.682+0700] {processor.py:925} INFO - DAG(s) 'example_branch_operator' retrieved from /home/anhtupham99/NBA-analytics/py_env/lib/python3.11/site-packages/airflow/example_dags/example_branch_operator.py
[2025-04-15T23:56:15.698+0700] {logging_mixin.py:190} INFO - [2025-04-15T23:56:15.698+0700] {dag.py:3239} INFO - Sync 1 DAGs
[2025-04-15T23:56:15.714+0700] {logging_mixin.py:190} INFO - [2025-04-15T23:56:15.714+0700] {dag.py:4180} INFO - Setting next_dagrun for example_branch_operator to 2025-04-14 00:00:00+00:00, run_after=2025-04-15 00:00:00+00:00
[2025-04-15T23:56:15.745+0700] {processor.py:208} INFO - Processing /home/anhtupham99/NBA-analytics/py_env/lib/python3.11/site-packages/airflow/example_dags/example_branch_operator.py took 0.085 seconds
[2025-04-15T23:57:24.148+0700] {processor.py:186} INFO - Started process (PID=312799) to work on /home/anhtupham99/NBA-analytics/py_env/lib/python3.11/site-packages/airflow/example_dags/example_branch_operator.py
[2025-04-15T23:57:24.150+0700] {processor.py:914} INFO - Processing file /home/anhtupham99/NBA-analytics/py_env/lib/python3.11/site-packages/airflow/example_dags/example_branch_operator.py for tasks to queue
[2025-04-15T23:57:24.151+0700] {logging_mixin.py:190} INFO - [2025-04-15T23:57:24.151+0700] {dagbag.py:588} INFO - Filling up the DagBag from /home/anhtupham99/NBA-analytics/py_env/lib/python3.11/site-packages/airflow/example_dags/example_branch_operator.py
[2025-04-15T23:57:24.168+0700] {processor.py:925} INFO - DAG(s) 'example_branch_operator' retrieved from /home/anhtupham99/NBA-analytics/py_env/lib/python3.11/site-packages/airflow/example_dags/example_branch_operator.py
[2025-04-15T23:57:24.188+0700] {logging_mixin.py:190} INFO - [2025-04-15T23:57:24.187+0700] {dag.py:3239} INFO - Sync 1 DAGs
[2025-04-15T23:57:24.204+0700] {logging_mixin.py:190} INFO - [2025-04-15T23:57:24.203+0700] {dag.py:4180} INFO - Setting next_dagrun for example_branch_operator to 2025-04-14 00:00:00+00:00, run_after=2025-04-15 00:00:00+00:00
[2025-04-15T23:57:24.231+0700] {processor.py:208} INFO - Processing /home/anhtupham99/NBA-analytics/py_env/lib/python3.11/site-packages/airflow/example_dags/example_branch_operator.py took 0.089 seconds
[2025-04-15T23:58:39.476+0700] {processor.py:186} INFO - Started process (PID=314267) to work on /home/anhtupham99/NBA-analytics/py_env/lib/python3.11/site-packages/airflow/example_dags/example_branch_operator.py
[2025-04-15T23:58:39.477+0700] {processor.py:914} INFO - Processing file /home/anhtupham99/NBA-analytics/py_env/lib/python3.11/site-packages/airflow/example_dags/example_branch_operator.py for tasks to queue
[2025-04-15T23:58:39.479+0700] {logging_mixin.py:190} INFO - [2025-04-15T23:58:39.479+0700] {dagbag.py:588} INFO - Filling up the DagBag from /home/anhtupham99/NBA-analytics/py_env/lib/python3.11/site-packages/airflow/example_dags/example_branch_operator.py
[2025-04-15T23:58:39.494+0700] {processor.py:925} INFO - DAG(s) 'example_branch_operator' retrieved from /home/anhtupham99/NBA-analytics/py_env/lib/python3.11/site-packages/airflow/example_dags/example_branch_operator.py
[2025-04-15T23:58:39.510+0700] {logging_mixin.py:190} INFO - [2025-04-15T23:58:39.510+0700] {dag.py:3239} INFO - Sync 1 DAGs
[2025-04-15T23:58:39.525+0700] {logging_mixin.py:190} INFO - [2025-04-15T23:58:39.525+0700] {dag.py:4180} INFO - Setting next_dagrun for example_branch_operator to 2025-04-14 00:00:00+00:00, run_after=2025-04-15 00:00:00+00:00
[2025-04-15T23:58:39.549+0700] {processor.py:208} INFO - Processing /home/anhtupham99/NBA-analytics/py_env/lib/python3.11/site-packages/airflow/example_dags/example_branch_operator.py took 0.077 seconds
[2025-04-15T23:59:52.478+0700] {processor.py:186} INFO - Started process (PID=315718) to work on /home/anhtupham99/NBA-analytics/py_env/lib/python3.11/site-packages/airflow/example_dags/example_branch_operator.py
[2025-04-15T23:59:52.479+0700] {processor.py:914} INFO - Processing file /home/anhtupham99/NBA-analytics/py_env/lib/python3.11/site-packages/airflow/example_dags/example_branch_operator.py for tasks to queue
[2025-04-15T23:59:52.481+0700] {logging_mixin.py:190} INFO - [2025-04-15T23:59:52.481+0700] {dagbag.py:588} INFO - Filling up the DagBag from /home/anhtupham99/NBA-analytics/py_env/lib/python3.11/site-packages/airflow/example_dags/example_branch_operator.py
[2025-04-15T23:59:52.494+0700] {processor.py:925} INFO - DAG(s) 'example_branch_operator' retrieved from /home/anhtupham99/NBA-analytics/py_env/lib/python3.11/site-packages/airflow/example_dags/example_branch_operator.py
[2025-04-15T23:59:52.509+0700] {logging_mixin.py:190} INFO - [2025-04-15T23:59:52.508+0700] {dag.py:3239} INFO - Sync 1 DAGs
[2025-04-15T23:59:52.523+0700] {logging_mixin.py:190} INFO - [2025-04-15T23:59:52.523+0700] {dag.py:4180} INFO - Setting next_dagrun for example_branch_operator to 2025-04-14 00:00:00+00:00, run_after=2025-04-15 00:00:00+00:00
[2025-04-15T23:59:52.548+0700] {processor.py:208} INFO - Processing /home/anhtupham99/NBA-analytics/py_env/lib/python3.11/site-packages/airflow/example_dags/example_branch_operator.py took 0.074 seconds
[2025-04-16T00:01:03.886+0700] {processor.py:186} INFO - Started process (PID=317197) to work on /home/anhtupham99/NBA-analytics/py_env/lib/python3.11/site-packages/airflow/example_dags/example_branch_operator.py
[2025-04-16T00:01:03.887+0700] {processor.py:914} INFO - Processing file /home/anhtupham99/NBA-analytics/py_env/lib/python3.11/site-packages/airflow/example_dags/example_branch_operator.py for tasks to queue
[2025-04-16T00:01:03.889+0700] {logging_mixin.py:190} INFO - [2025-04-16T00:01:03.888+0700] {dagbag.py:588} INFO - Filling up the DagBag from /home/anhtupham99/NBA-analytics/py_env/lib/python3.11/site-packages/airflow/example_dags/example_branch_operator.py
[2025-04-16T00:01:03.902+0700] {processor.py:925} INFO - DAG(s) 'example_branch_operator' retrieved from /home/anhtupham99/NBA-analytics/py_env/lib/python3.11/site-packages/airflow/example_dags/example_branch_operator.py
[2025-04-16T00:01:03.917+0700] {logging_mixin.py:190} INFO - [2025-04-16T00:01:03.917+0700] {dag.py:3239} INFO - Sync 1 DAGs
[2025-04-16T00:01:03.930+0700] {logging_mixin.py:190} INFO - [2025-04-16T00:01:03.930+0700] {dag.py:4180} INFO - Setting next_dagrun for example_branch_operator to 2025-04-14 00:00:00+00:00, run_after=2025-04-15 00:00:00+00:00
[2025-04-16T00:01:03.954+0700] {processor.py:208} INFO - Processing /home/anhtupham99/NBA-analytics/py_env/lib/python3.11/site-packages/airflow/example_dags/example_branch_operator.py took 0.072 seconds
[2025-04-16T00:02:13.278+0700] {processor.py:186} INFO - Started process (PID=318523) to work on /home/anhtupham99/NBA-analytics/py_env/lib/python3.11/site-packages/airflow/example_dags/example_branch_operator.py
[2025-04-16T00:02:13.279+0700] {processor.py:914} INFO - Processing file /home/anhtupham99/NBA-analytics/py_env/lib/python3.11/site-packages/airflow/example_dags/example_branch_operator.py for tasks to queue
[2025-04-16T00:02:13.281+0700] {logging_mixin.py:190} INFO - [2025-04-16T00:02:13.281+0700] {dagbag.py:588} INFO - Filling up the DagBag from /home/anhtupham99/NBA-analytics/py_env/lib/python3.11/site-packages/airflow/example_dags/example_branch_operator.py
[2025-04-16T00:02:13.295+0700] {processor.py:925} INFO - DAG(s) 'example_branch_operator' retrieved from /home/anhtupham99/NBA-analytics/py_env/lib/python3.11/site-packages/airflow/example_dags/example_branch_operator.py
[2025-04-16T00:02:13.311+0700] {logging_mixin.py:190} INFO - [2025-04-16T00:02:13.311+0700] {dag.py:3239} INFO - Sync 1 DAGs
[2025-04-16T00:02:13.326+0700] {logging_mixin.py:190} INFO - [2025-04-16T00:02:13.326+0700] {dag.py:4180} INFO - Setting next_dagrun for example_branch_operator to 2025-04-14 00:00:00+00:00, run_after=2025-04-15 00:00:00+00:00
[2025-04-16T00:02:13.349+0700] {processor.py:208} INFO - Processing /home/anhtupham99/NBA-analytics/py_env/lib/python3.11/site-packages/airflow/example_dags/example_branch_operator.py took 0.076 seconds
[2025-04-16T00:03:17.708+0700] {processor.py:186} INFO - Started process (PID=319785) to work on /home/anhtupham99/NBA-analytics/py_env/lib/python3.11/site-packages/airflow/example_dags/example_branch_operator.py
[2025-04-16T00:03:17.712+0700] {processor.py:914} INFO - Processing file /home/anhtupham99/NBA-analytics/py_env/lib/python3.11/site-packages/airflow/example_dags/example_branch_operator.py for tasks to queue
[2025-04-16T00:03:17.714+0700] {logging_mixin.py:190} INFO - [2025-04-16T00:03:17.713+0700] {dagbag.py:588} INFO - Filling up the DagBag from /home/anhtupham99/NBA-analytics/py_env/lib/python3.11/site-packages/airflow/example_dags/example_branch_operator.py
[2025-04-16T00:03:17.729+0700] {processor.py:925} INFO - DAG(s) 'example_branch_operator' retrieved from /home/anhtupham99/NBA-analytics/py_env/lib/python3.11/site-packages/airflow/example_dags/example_branch_operator.py
[2025-04-16T00:03:17.748+0700] {logging_mixin.py:190} INFO - [2025-04-16T00:03:17.747+0700] {dag.py:3239} INFO - Sync 1 DAGs
[2025-04-16T00:03:17.765+0700] {logging_mixin.py:190} INFO - [2025-04-16T00:03:17.764+0700] {dag.py:4180} INFO - Setting next_dagrun for example_branch_operator to 2025-04-14 00:00:00+00:00, run_after=2025-04-15 00:00:00+00:00
[2025-04-16T00:03:17.788+0700] {processor.py:208} INFO - Processing /home/anhtupham99/NBA-analytics/py_env/lib/python3.11/site-packages/airflow/example_dags/example_branch_operator.py took 0.085 seconds
[2025-04-16T00:04:28.514+0700] {processor.py:186} INFO - Started process (PID=321324) to work on /home/anhtupham99/NBA-analytics/py_env/lib/python3.11/site-packages/airflow/example_dags/example_branch_operator.py
[2025-04-16T00:04:28.516+0700] {processor.py:914} INFO - Processing file /home/anhtupham99/NBA-analytics/py_env/lib/python3.11/site-packages/airflow/example_dags/example_branch_operator.py for tasks to queue
[2025-04-16T00:04:28.518+0700] {logging_mixin.py:190} INFO - [2025-04-16T00:04:28.517+0700] {dagbag.py:588} INFO - Filling up the DagBag from /home/anhtupham99/NBA-analytics/py_env/lib/python3.11/site-packages/airflow/example_dags/example_branch_operator.py
[2025-04-16T00:04:28.534+0700] {processor.py:925} INFO - DAG(s) 'example_branch_operator' retrieved from /home/anhtupham99/NBA-analytics/py_env/lib/python3.11/site-packages/airflow/example_dags/example_branch_operator.py
[2025-04-16T00:04:28.555+0700] {logging_mixin.py:190} INFO - [2025-04-16T00:04:28.555+0700] {dag.py:3239} INFO - Sync 1 DAGs
[2025-04-16T00:04:28.574+0700] {logging_mixin.py:190} INFO - [2025-04-16T00:04:28.574+0700] {dag.py:4180} INFO - Setting next_dagrun for example_branch_operator to 2025-04-14 00:00:00+00:00, run_after=2025-04-15 00:00:00+00:00
[2025-04-16T00:04:28.599+0700] {processor.py:208} INFO - Processing /home/anhtupham99/NBA-analytics/py_env/lib/python3.11/site-packages/airflow/example_dags/example_branch_operator.py took 0.090 seconds
[2025-04-16T00:05:43.648+0700] {processor.py:186} INFO - Started process (PID=322697) to work on /home/anhtupham99/NBA-analytics/py_env/lib/python3.11/site-packages/airflow/example_dags/example_branch_operator.py
[2025-04-16T00:05:43.651+0700] {processor.py:914} INFO - Processing file /home/anhtupham99/NBA-analytics/py_env/lib/python3.11/site-packages/airflow/example_dags/example_branch_operator.py for tasks to queue
[2025-04-16T00:05:43.654+0700] {logging_mixin.py:190} INFO - [2025-04-16T00:05:43.653+0700] {dagbag.py:588} INFO - Filling up the DagBag from /home/anhtupham99/NBA-analytics/py_env/lib/python3.11/site-packages/airflow/example_dags/example_branch_operator.py
[2025-04-16T00:05:43.670+0700] {processor.py:925} INFO - DAG(s) 'example_branch_operator' retrieved from /home/anhtupham99/NBA-analytics/py_env/lib/python3.11/site-packages/airflow/example_dags/example_branch_operator.py
[2025-04-16T00:05:43.691+0700] {logging_mixin.py:190} INFO - [2025-04-16T00:05:43.691+0700] {dag.py:3239} INFO - Sync 1 DAGs
[2025-04-16T00:05:43.709+0700] {logging_mixin.py:190} INFO - [2025-04-16T00:05:43.709+0700] {dag.py:4180} INFO - Setting next_dagrun for example_branch_operator to 2025-04-14 00:00:00+00:00, run_after=2025-04-15 00:00:00+00:00
[2025-04-16T00:05:43.735+0700] {processor.py:208} INFO - Processing /home/anhtupham99/NBA-analytics/py_env/lib/python3.11/site-packages/airflow/example_dags/example_branch_operator.py took 0.093 seconds
[2025-04-16T00:06:54.455+0700] {processor.py:186} INFO - Started process (PID=324259) to work on /home/anhtupham99/NBA-analytics/py_env/lib/python3.11/site-packages/airflow/example_dags/example_branch_operator.py
[2025-04-16T00:06:54.456+0700] {processor.py:914} INFO - Processing file /home/anhtupham99/NBA-analytics/py_env/lib/python3.11/site-packages/airflow/example_dags/example_branch_operator.py for tasks to queue
[2025-04-16T00:06:54.458+0700] {logging_mixin.py:190} INFO - [2025-04-16T00:06:54.457+0700] {dagbag.py:588} INFO - Filling up the DagBag from /home/anhtupham99/NBA-analytics/py_env/lib/python3.11/site-packages/airflow/example_dags/example_branch_operator.py
[2025-04-16T00:06:54.473+0700] {processor.py:925} INFO - DAG(s) 'example_branch_operator' retrieved from /home/anhtupham99/NBA-analytics/py_env/lib/python3.11/site-packages/airflow/example_dags/example_branch_operator.py
[2025-04-16T00:06:54.495+0700] {logging_mixin.py:190} INFO - [2025-04-16T00:06:54.495+0700] {dag.py:3239} INFO - Sync 1 DAGs
[2025-04-16T00:06:54.514+0700] {logging_mixin.py:190} INFO - [2025-04-16T00:06:54.514+0700] {dag.py:4180} INFO - Setting next_dagrun for example_branch_operator to 2025-04-14 00:00:00+00:00, run_after=2025-04-15 00:00:00+00:00
[2025-04-16T00:06:54.539+0700] {processor.py:208} INFO - Processing /home/anhtupham99/NBA-analytics/py_env/lib/python3.11/site-packages/airflow/example_dags/example_branch_operator.py took 0.092 seconds
[2025-04-16T00:08:04.655+0700] {processor.py:186} INFO - Started process (PID=325589) to work on /home/anhtupham99/NBA-analytics/py_env/lib/python3.11/site-packages/airflow/example_dags/example_branch_operator.py
[2025-04-16T00:08:04.659+0700] {processor.py:914} INFO - Processing file /home/anhtupham99/NBA-analytics/py_env/lib/python3.11/site-packages/airflow/example_dags/example_branch_operator.py for tasks to queue
[2025-04-16T00:08:04.661+0700] {logging_mixin.py:190} INFO - [2025-04-16T00:08:04.660+0700] {dagbag.py:588} INFO - Filling up the DagBag from /home/anhtupham99/NBA-analytics/py_env/lib/python3.11/site-packages/airflow/example_dags/example_branch_operator.py
[2025-04-16T00:08:04.673+0700] {processor.py:925} INFO - DAG(s) 'example_branch_operator' retrieved from /home/anhtupham99/NBA-analytics/py_env/lib/python3.11/site-packages/airflow/example_dags/example_branch_operator.py
[2025-04-16T00:08:04.689+0700] {logging_mixin.py:190} INFO - [2025-04-16T00:08:04.688+0700] {dag.py:3239} INFO - Sync 1 DAGs
[2025-04-16T00:08:04.701+0700] {logging_mixin.py:190} INFO - [2025-04-16T00:08:04.701+0700] {dag.py:4180} INFO - Setting next_dagrun for example_branch_operator to 2025-04-14 00:00:00+00:00, run_after=2025-04-15 00:00:00+00:00
[2025-04-16T00:08:04.725+0700] {processor.py:208} INFO - Processing /home/anhtupham99/NBA-analytics/py_env/lib/python3.11/site-packages/airflow/example_dags/example_branch_operator.py took 0.074 seconds
[2025-04-16T00:09:17.481+0700] {processor.py:186} INFO - Started process (PID=326902) to work on /home/anhtupham99/NBA-analytics/py_env/lib/python3.11/site-packages/airflow/example_dags/example_branch_operator.py
[2025-04-16T00:09:17.485+0700] {processor.py:914} INFO - Processing file /home/anhtupham99/NBA-analytics/py_env/lib/python3.11/site-packages/airflow/example_dags/example_branch_operator.py for tasks to queue
[2025-04-16T00:09:17.487+0700] {logging_mixin.py:190} INFO - [2025-04-16T00:09:17.487+0700] {dagbag.py:588} INFO - Filling up the DagBag from /home/anhtupham99/NBA-analytics/py_env/lib/python3.11/site-packages/airflow/example_dags/example_branch_operator.py
[2025-04-16T00:09:17.504+0700] {processor.py:925} INFO - DAG(s) 'example_branch_operator' retrieved from /home/anhtupham99/NBA-analytics/py_env/lib/python3.11/site-packages/airflow/example_dags/example_branch_operator.py
[2025-04-16T00:09:17.523+0700] {logging_mixin.py:190} INFO - [2025-04-16T00:09:17.523+0700] {dag.py:3239} INFO - Sync 1 DAGs
[2025-04-16T00:09:17.540+0700] {logging_mixin.py:190} INFO - [2025-04-16T00:09:17.540+0700] {dag.py:4180} INFO - Setting next_dagrun for example_branch_operator to 2025-04-14 00:00:00+00:00, run_after=2025-04-15 00:00:00+00:00
[2025-04-16T00:09:17.568+0700] {processor.py:208} INFO - Processing /home/anhtupham99/NBA-analytics/py_env/lib/python3.11/site-packages/airflow/example_dags/example_branch_operator.py took 0.093 seconds
[2025-04-16T00:10:28.274+0700] {processor.py:186} INFO - Started process (PID=328624) to work on /home/anhtupham99/NBA-analytics/py_env/lib/python3.11/site-packages/airflow/example_dags/example_branch_operator.py
[2025-04-16T00:10:28.277+0700] {processor.py:914} INFO - Processing file /home/anhtupham99/NBA-analytics/py_env/lib/python3.11/site-packages/airflow/example_dags/example_branch_operator.py for tasks to queue
[2025-04-16T00:10:28.279+0700] {logging_mixin.py:190} INFO - [2025-04-16T00:10:28.278+0700] {dagbag.py:588} INFO - Filling up the DagBag from /home/anhtupham99/NBA-analytics/py_env/lib/python3.11/site-packages/airflow/example_dags/example_branch_operator.py
[2025-04-16T00:10:28.292+0700] {processor.py:925} INFO - DAG(s) 'example_branch_operator' retrieved from /home/anhtupham99/NBA-analytics/py_env/lib/python3.11/site-packages/airflow/example_dags/example_branch_operator.py
[2025-04-16T00:10:28.309+0700] {logging_mixin.py:190} INFO - [2025-04-16T00:10:28.308+0700] {dag.py:3239} INFO - Sync 1 DAGs
[2025-04-16T00:10:28.322+0700] {logging_mixin.py:190} INFO - [2025-04-16T00:10:28.321+0700] {dag.py:4180} INFO - Setting next_dagrun for example_branch_operator to 2025-04-14 00:00:00+00:00, run_after=2025-04-15 00:00:00+00:00
[2025-04-16T00:10:28.344+0700] {processor.py:208} INFO - Processing /home/anhtupham99/NBA-analytics/py_env/lib/python3.11/site-packages/airflow/example_dags/example_branch_operator.py took 0.075 seconds
[2025-04-16T00:11:41.445+0700] {processor.py:186} INFO - Started process (PID=330210) to work on /home/anhtupham99/NBA-analytics/py_env/lib/python3.11/site-packages/airflow/example_dags/example_branch_operator.py
[2025-04-16T00:11:41.446+0700] {processor.py:914} INFO - Processing file /home/anhtupham99/NBA-analytics/py_env/lib/python3.11/site-packages/airflow/example_dags/example_branch_operator.py for tasks to queue
[2025-04-16T00:11:41.448+0700] {logging_mixin.py:190} INFO - [2025-04-16T00:11:41.448+0700] {dagbag.py:588} INFO - Filling up the DagBag from /home/anhtupham99/NBA-analytics/py_env/lib/python3.11/site-packages/airflow/example_dags/example_branch_operator.py
[2025-04-16T00:11:41.462+0700] {processor.py:925} INFO - DAG(s) 'example_branch_operator' retrieved from /home/anhtupham99/NBA-analytics/py_env/lib/python3.11/site-packages/airflow/example_dags/example_branch_operator.py
[2025-04-16T00:11:41.478+0700] {logging_mixin.py:190} INFO - [2025-04-16T00:11:41.478+0700] {dag.py:3239} INFO - Sync 1 DAGs
[2025-04-16T00:11:41.492+0700] {logging_mixin.py:190} INFO - [2025-04-16T00:11:41.492+0700] {dag.py:4180} INFO - Setting next_dagrun for example_branch_operator to 2025-04-14 00:00:00+00:00, run_after=2025-04-15 00:00:00+00:00
[2025-04-16T00:11:41.514+0700] {processor.py:208} INFO - Processing /home/anhtupham99/NBA-analytics/py_env/lib/python3.11/site-packages/airflow/example_dags/example_branch_operator.py took 0.073 seconds
[2025-04-16T00:12:49.808+0700] {processor.py:186} INFO - Started process (PID=332426) to work on /home/anhtupham99/NBA-analytics/py_env/lib/python3.11/site-packages/airflow/example_dags/example_branch_operator.py
[2025-04-16T00:12:49.810+0700] {processor.py:914} INFO - Processing file /home/anhtupham99/NBA-analytics/py_env/lib/python3.11/site-packages/airflow/example_dags/example_branch_operator.py for tasks to queue
[2025-04-16T00:12:49.812+0700] {logging_mixin.py:190} INFO - [2025-04-16T00:12:49.811+0700] {dagbag.py:588} INFO - Filling up the DagBag from /home/anhtupham99/NBA-analytics/py_env/lib/python3.11/site-packages/airflow/example_dags/example_branch_operator.py
[2025-04-16T00:12:49.825+0700] {processor.py:925} INFO - DAG(s) 'example_branch_operator' retrieved from /home/anhtupham99/NBA-analytics/py_env/lib/python3.11/site-packages/airflow/example_dags/example_branch_operator.py
[2025-04-16T00:12:49.840+0700] {logging_mixin.py:190} INFO - [2025-04-16T00:12:49.840+0700] {dag.py:3239} INFO - Sync 1 DAGs
[2025-04-16T00:12:49.853+0700] {logging_mixin.py:190} INFO - [2025-04-16T00:12:49.853+0700] {dag.py:4180} INFO - Setting next_dagrun for example_branch_operator to 2025-04-14 00:00:00+00:00, run_after=2025-04-15 00:00:00+00:00
[2025-04-16T00:12:49.876+0700] {processor.py:208} INFO - Processing /home/anhtupham99/NBA-analytics/py_env/lib/python3.11/site-packages/airflow/example_dags/example_branch_operator.py took 0.073 seconds
[2025-04-16T00:14:06.117+0700] {processor.py:186} INFO - Started process (PID=335215) to work on /home/anhtupham99/NBA-analytics/py_env/lib/python3.11/site-packages/airflow/example_dags/example_branch_operator.py
[2025-04-16T00:14:06.118+0700] {processor.py:914} INFO - Processing file /home/anhtupham99/NBA-analytics/py_env/lib/python3.11/site-packages/airflow/example_dags/example_branch_operator.py for tasks to queue
[2025-04-16T00:14:06.120+0700] {logging_mixin.py:190} INFO - [2025-04-16T00:14:06.119+0700] {dagbag.py:588} INFO - Filling up the DagBag from /home/anhtupham99/NBA-analytics/py_env/lib/python3.11/site-packages/airflow/example_dags/example_branch_operator.py
[2025-04-16T00:14:06.132+0700] {processor.py:925} INFO - DAG(s) 'example_branch_operator' retrieved from /home/anhtupham99/NBA-analytics/py_env/lib/python3.11/site-packages/airflow/example_dags/example_branch_operator.py
[2025-04-16T00:14:06.147+0700] {logging_mixin.py:190} INFO - [2025-04-16T00:14:06.147+0700] {dag.py:3239} INFO - Sync 1 DAGs
[2025-04-16T00:14:06.162+0700] {logging_mixin.py:190} INFO - [2025-04-16T00:14:06.162+0700] {dag.py:4180} INFO - Setting next_dagrun for example_branch_operator to 2025-04-14 00:00:00+00:00, run_after=2025-04-15 00:00:00+00:00
[2025-04-16T00:14:06.195+0700] {processor.py:208} INFO - Processing /home/anhtupham99/NBA-analytics/py_env/lib/python3.11/site-packages/airflow/example_dags/example_branch_operator.py took 0.083 seconds
[2025-04-16T00:15:20.228+0700] {processor.py:186} INFO - Started process (PID=338223) to work on /home/anhtupham99/NBA-analytics/py_env/lib/python3.11/site-packages/airflow/example_dags/example_branch_operator.py
[2025-04-16T00:15:20.229+0700] {processor.py:914} INFO - Processing file /home/anhtupham99/NBA-analytics/py_env/lib/python3.11/site-packages/airflow/example_dags/example_branch_operator.py for tasks to queue
[2025-04-16T00:15:20.231+0700] {logging_mixin.py:190} INFO - [2025-04-16T00:15:20.230+0700] {dagbag.py:588} INFO - Filling up the DagBag from /home/anhtupham99/NBA-analytics/py_env/lib/python3.11/site-packages/airflow/example_dags/example_branch_operator.py
[2025-04-16T00:15:20.247+0700] {processor.py:925} INFO - DAG(s) 'example_branch_operator' retrieved from /home/anhtupham99/NBA-analytics/py_env/lib/python3.11/site-packages/airflow/example_dags/example_branch_operator.py
[2025-04-16T00:15:20.264+0700] {logging_mixin.py:190} INFO - [2025-04-16T00:15:20.264+0700] {dag.py:3239} INFO - Sync 1 DAGs
[2025-04-16T00:15:20.278+0700] {logging_mixin.py:190} INFO - [2025-04-16T00:15:20.278+0700] {dag.py:4180} INFO - Setting next_dagrun for example_branch_operator to 2025-04-14 00:00:00+00:00, run_after=2025-04-15 00:00:00+00:00
[2025-04-16T00:15:20.301+0700] {processor.py:208} INFO - Processing /home/anhtupham99/NBA-analytics/py_env/lib/python3.11/site-packages/airflow/example_dags/example_branch_operator.py took 0.078 seconds
[2025-04-16T00:16:34.468+0700] {processor.py:186} INFO - Started process (PID=341905) to work on /home/anhtupham99/NBA-analytics/py_env/lib/python3.11/site-packages/airflow/example_dags/example_branch_operator.py
[2025-04-16T00:16:34.469+0700] {processor.py:914} INFO - Processing file /home/anhtupham99/NBA-analytics/py_env/lib/python3.11/site-packages/airflow/example_dags/example_branch_operator.py for tasks to queue
[2025-04-16T00:16:34.471+0700] {logging_mixin.py:190} INFO - [2025-04-16T00:16:34.470+0700] {dagbag.py:588} INFO - Filling up the DagBag from /home/anhtupham99/NBA-analytics/py_env/lib/python3.11/site-packages/airflow/example_dags/example_branch_operator.py
[2025-04-16T00:16:34.485+0700] {processor.py:925} INFO - DAG(s) 'example_branch_operator' retrieved from /home/anhtupham99/NBA-analytics/py_env/lib/python3.11/site-packages/airflow/example_dags/example_branch_operator.py
[2025-04-16T00:16:34.506+0700] {logging_mixin.py:190} INFO - [2025-04-16T00:16:34.506+0700] {dag.py:3239} INFO - Sync 1 DAGs
[2025-04-16T00:16:34.520+0700] {logging_mixin.py:190} INFO - [2025-04-16T00:16:34.520+0700] {dag.py:4180} INFO - Setting next_dagrun for example_branch_operator to 2025-04-14 00:00:00+00:00, run_after=2025-04-15 00:00:00+00:00
[2025-04-16T00:16:34.544+0700] {processor.py:208} INFO - Processing /home/anhtupham99/NBA-analytics/py_env/lib/python3.11/site-packages/airflow/example_dags/example_branch_operator.py took 0.081 seconds
[2025-04-16T00:17:48.605+0700] {processor.py:186} INFO - Started process (PID=344928) to work on /home/anhtupham99/NBA-analytics/py_env/lib/python3.11/site-packages/airflow/example_dags/example_branch_operator.py
[2025-04-16T00:17:48.606+0700] {processor.py:914} INFO - Processing file /home/anhtupham99/NBA-analytics/py_env/lib/python3.11/site-packages/airflow/example_dags/example_branch_operator.py for tasks to queue
[2025-04-16T00:17:48.608+0700] {logging_mixin.py:190} INFO - [2025-04-16T00:17:48.607+0700] {dagbag.py:588} INFO - Filling up the DagBag from /home/anhtupham99/NBA-analytics/py_env/lib/python3.11/site-packages/airflow/example_dags/example_branch_operator.py
[2025-04-16T00:17:48.621+0700] {processor.py:925} INFO - DAG(s) 'example_branch_operator' retrieved from /home/anhtupham99/NBA-analytics/py_env/lib/python3.11/site-packages/airflow/example_dags/example_branch_operator.py
[2025-04-16T00:17:48.637+0700] {logging_mixin.py:190} INFO - [2025-04-16T00:17:48.636+0700] {dag.py:3239} INFO - Sync 1 DAGs
[2025-04-16T00:17:48.651+0700] {logging_mixin.py:190} INFO - [2025-04-16T00:17:48.651+0700] {dag.py:4180} INFO - Setting next_dagrun for example_branch_operator to 2025-04-14 00:00:00+00:00, run_after=2025-04-15 00:00:00+00:00
[2025-04-16T00:17:48.675+0700] {processor.py:208} INFO - Processing /home/anhtupham99/NBA-analytics/py_env/lib/python3.11/site-packages/airflow/example_dags/example_branch_operator.py took 0.075 seconds
[2025-04-16T00:19:03.044+0700] {processor.py:186} INFO - Started process (PID=348932) to work on /home/anhtupham99/NBA-analytics/py_env/lib/python3.11/site-packages/airflow/example_dags/example_branch_operator.py
[2025-04-16T00:19:03.046+0700] {processor.py:914} INFO - Processing file /home/anhtupham99/NBA-analytics/py_env/lib/python3.11/site-packages/airflow/example_dags/example_branch_operator.py for tasks to queue
[2025-04-16T00:19:03.047+0700] {logging_mixin.py:190} INFO - [2025-04-16T00:19:03.047+0700] {dagbag.py:588} INFO - Filling up the DagBag from /home/anhtupham99/NBA-analytics/py_env/lib/python3.11/site-packages/airflow/example_dags/example_branch_operator.py
[2025-04-16T00:19:03.061+0700] {processor.py:925} INFO - DAG(s) 'example_branch_operator' retrieved from /home/anhtupham99/NBA-analytics/py_env/lib/python3.11/site-packages/airflow/example_dags/example_branch_operator.py
[2025-04-16T00:19:03.078+0700] {logging_mixin.py:190} INFO - [2025-04-16T00:19:03.078+0700] {dag.py:3239} INFO - Sync 1 DAGs
[2025-04-16T00:19:03.092+0700] {logging_mixin.py:190} INFO - [2025-04-16T00:19:03.092+0700] {dag.py:4180} INFO - Setting next_dagrun for example_branch_operator to 2025-04-14 00:00:00+00:00, run_after=2025-04-15 00:00:00+00:00
[2025-04-16T00:19:03.114+0700] {processor.py:208} INFO - Processing /home/anhtupham99/NBA-analytics/py_env/lib/python3.11/site-packages/airflow/example_dags/example_branch_operator.py took 0.074 seconds
[2025-04-16T00:20:17.918+0700] {processor.py:186} INFO - Started process (PID=351647) to work on /home/anhtupham99/NBA-analytics/py_env/lib/python3.11/site-packages/airflow/example_dags/example_branch_operator.py
[2025-04-16T00:20:17.921+0700] {processor.py:914} INFO - Processing file /home/anhtupham99/NBA-analytics/py_env/lib/python3.11/site-packages/airflow/example_dags/example_branch_operator.py for tasks to queue
[2025-04-16T00:20:17.923+0700] {logging_mixin.py:190} INFO - [2025-04-16T00:20:17.923+0700] {dagbag.py:588} INFO - Filling up the DagBag from /home/anhtupham99/NBA-analytics/py_env/lib/python3.11/site-packages/airflow/example_dags/example_branch_operator.py
[2025-04-16T00:20:17.935+0700] {processor.py:925} INFO - DAG(s) 'example_branch_operator' retrieved from /home/anhtupham99/NBA-analytics/py_env/lib/python3.11/site-packages/airflow/example_dags/example_branch_operator.py
[2025-04-16T00:20:17.949+0700] {logging_mixin.py:190} INFO - [2025-04-16T00:20:17.949+0700] {dag.py:3239} INFO - Sync 1 DAGs
[2025-04-16T00:20:17.966+0700] {logging_mixin.py:190} INFO - [2025-04-16T00:20:17.966+0700] {dag.py:4180} INFO - Setting next_dagrun for example_branch_operator to 2025-04-14 00:00:00+00:00, run_after=2025-04-15 00:00:00+00:00
[2025-04-16T00:20:17.989+0700] {processor.py:208} INFO - Processing /home/anhtupham99/NBA-analytics/py_env/lib/python3.11/site-packages/airflow/example_dags/example_branch_operator.py took 0.076 seconds
[2025-04-16T00:21:31.235+0700] {processor.py:186} INFO - Started process (PID=354466) to work on /home/anhtupham99/NBA-analytics/py_env/lib/python3.11/site-packages/airflow/example_dags/example_branch_operator.py
[2025-04-16T00:21:31.236+0700] {processor.py:914} INFO - Processing file /home/anhtupham99/NBA-analytics/py_env/lib/python3.11/site-packages/airflow/example_dags/example_branch_operator.py for tasks to queue
[2025-04-16T00:21:31.239+0700] {logging_mixin.py:190} INFO - [2025-04-16T00:21:31.239+0700] {dagbag.py:588} INFO - Filling up the DagBag from /home/anhtupham99/NBA-analytics/py_env/lib/python3.11/site-packages/airflow/example_dags/example_branch_operator.py
[2025-04-16T00:21:31.260+0700] {processor.py:925} INFO - DAG(s) 'example_branch_operator' retrieved from /home/anhtupham99/NBA-analytics/py_env/lib/python3.11/site-packages/airflow/example_dags/example_branch_operator.py
[2025-04-16T00:21:31.284+0700] {logging_mixin.py:190} INFO - [2025-04-16T00:21:31.284+0700] {dag.py:3239} INFO - Sync 1 DAGs
[2025-04-16T00:21:31.315+0700] {logging_mixin.py:190} INFO - [2025-04-16T00:21:31.314+0700] {dag.py:4180} INFO - Setting next_dagrun for example_branch_operator to 2025-04-14 00:00:00+00:00, run_after=2025-04-15 00:00:00+00:00
[2025-04-16T00:21:31.346+0700] {processor.py:208} INFO - Processing /home/anhtupham99/NBA-analytics/py_env/lib/python3.11/site-packages/airflow/example_dags/example_branch_operator.py took 0.118 seconds
[2025-04-16T00:22:50.599+0700] {processor.py:186} INFO - Started process (PID=357208) to work on /home/anhtupham99/NBA-analytics/py_env/lib/python3.11/site-packages/airflow/example_dags/example_branch_operator.py
[2025-04-16T00:22:50.601+0700] {processor.py:914} INFO - Processing file /home/anhtupham99/NBA-analytics/py_env/lib/python3.11/site-packages/airflow/example_dags/example_branch_operator.py for tasks to queue
[2025-04-16T00:22:50.603+0700] {logging_mixin.py:190} INFO - [2025-04-16T00:22:50.603+0700] {dagbag.py:588} INFO - Filling up the DagBag from /home/anhtupham99/NBA-analytics/py_env/lib/python3.11/site-packages/airflow/example_dags/example_branch_operator.py
[2025-04-16T00:22:50.622+0700] {processor.py:925} INFO - DAG(s) 'example_branch_operator' retrieved from /home/anhtupham99/NBA-analytics/py_env/lib/python3.11/site-packages/airflow/example_dags/example_branch_operator.py
[2025-04-16T00:22:50.644+0700] {logging_mixin.py:190} INFO - [2025-04-16T00:22:50.644+0700] {dag.py:3239} INFO - Sync 1 DAGs
[2025-04-16T00:22:50.663+0700] {logging_mixin.py:190} INFO - [2025-04-16T00:22:50.663+0700] {dag.py:4180} INFO - Setting next_dagrun for example_branch_operator to 2025-04-14 00:00:00+00:00, run_after=2025-04-15 00:00:00+00:00
[2025-04-16T00:22:50.688+0700] {processor.py:208} INFO - Processing /home/anhtupham99/NBA-analytics/py_env/lib/python3.11/site-packages/airflow/example_dags/example_branch_operator.py took 0.096 seconds
[2025-04-16T00:23:58.005+0700] {processor.py:186} INFO - Started process (PID=359271) to work on /home/anhtupham99/NBA-analytics/py_env/lib/python3.11/site-packages/airflow/example_dags/example_branch_operator.py
[2025-04-16T00:23:58.007+0700] {processor.py:914} INFO - Processing file /home/anhtupham99/NBA-analytics/py_env/lib/python3.11/site-packages/airflow/example_dags/example_branch_operator.py for tasks to queue
[2025-04-16T00:23:58.008+0700] {logging_mixin.py:190} INFO - [2025-04-16T00:23:58.008+0700] {dagbag.py:588} INFO - Filling up the DagBag from /home/anhtupham99/NBA-analytics/py_env/lib/python3.11/site-packages/airflow/example_dags/example_branch_operator.py
[2025-04-16T00:23:58.022+0700] {processor.py:925} INFO - DAG(s) 'example_branch_operator' retrieved from /home/anhtupham99/NBA-analytics/py_env/lib/python3.11/site-packages/airflow/example_dags/example_branch_operator.py
[2025-04-16T00:23:58.039+0700] {logging_mixin.py:190} INFO - [2025-04-16T00:23:58.039+0700] {dag.py:3239} INFO - Sync 1 DAGs
[2025-04-16T00:23:58.053+0700] {logging_mixin.py:190} INFO - [2025-04-16T00:23:58.053+0700] {dag.py:4180} INFO - Setting next_dagrun for example_branch_operator to 2025-04-14 00:00:00+00:00, run_after=2025-04-15 00:00:00+00:00
[2025-04-16T00:23:58.075+0700] {processor.py:208} INFO - Processing /home/anhtupham99/NBA-analytics/py_env/lib/python3.11/site-packages/airflow/example_dags/example_branch_operator.py took 0.075 seconds
[2025-04-16T00:25:15.639+0700] {processor.py:186} INFO - Started process (PID=362757) to work on /home/anhtupham99/NBA-analytics/py_env/lib/python3.11/site-packages/airflow/example_dags/example_branch_operator.py
[2025-04-16T00:25:15.641+0700] {processor.py:914} INFO - Processing file /home/anhtupham99/NBA-analytics/py_env/lib/python3.11/site-packages/airflow/example_dags/example_branch_operator.py for tasks to queue
[2025-04-16T00:25:15.643+0700] {logging_mixin.py:190} INFO - [2025-04-16T00:25:15.643+0700] {dagbag.py:588} INFO - Filling up the DagBag from /home/anhtupham99/NBA-analytics/py_env/lib/python3.11/site-packages/airflow/example_dags/example_branch_operator.py
[2025-04-16T00:25:15.664+0700] {processor.py:925} INFO - DAG(s) 'example_branch_operator' retrieved from /home/anhtupham99/NBA-analytics/py_env/lib/python3.11/site-packages/airflow/example_dags/example_branch_operator.py
[2025-04-16T00:25:15.689+0700] {logging_mixin.py:190} INFO - [2025-04-16T00:25:15.688+0700] {dag.py:3239} INFO - Sync 1 DAGs
[2025-04-16T00:25:15.706+0700] {logging_mixin.py:190} INFO - [2025-04-16T00:25:15.706+0700] {dag.py:4180} INFO - Setting next_dagrun for example_branch_operator to 2025-04-14 00:00:00+00:00, run_after=2025-04-15 00:00:00+00:00
[2025-04-16T00:25:15.729+0700] {processor.py:208} INFO - Processing /home/anhtupham99/NBA-analytics/py_env/lib/python3.11/site-packages/airflow/example_dags/example_branch_operator.py took 0.095 seconds
[2025-04-16T00:26:26.021+0700] {processor.py:186} INFO - Started process (PID=364709) to work on /home/anhtupham99/NBA-analytics/py_env/lib/python3.11/site-packages/airflow/example_dags/example_branch_operator.py
[2025-04-16T00:26:26.022+0700] {processor.py:914} INFO - Processing file /home/anhtupham99/NBA-analytics/py_env/lib/python3.11/site-packages/airflow/example_dags/example_branch_operator.py for tasks to queue
[2025-04-16T00:26:26.024+0700] {logging_mixin.py:190} INFO - [2025-04-16T00:26:26.024+0700] {dagbag.py:588} INFO - Filling up the DagBag from /home/anhtupham99/NBA-analytics/py_env/lib/python3.11/site-packages/airflow/example_dags/example_branch_operator.py
[2025-04-16T00:26:26.040+0700] {processor.py:925} INFO - DAG(s) 'example_branch_operator' retrieved from /home/anhtupham99/NBA-analytics/py_env/lib/python3.11/site-packages/airflow/example_dags/example_branch_operator.py
[2025-04-16T00:26:26.059+0700] {logging_mixin.py:190} INFO - [2025-04-16T00:26:26.059+0700] {dag.py:3239} INFO - Sync 1 DAGs
[2025-04-16T00:26:26.074+0700] {logging_mixin.py:190} INFO - [2025-04-16T00:26:26.073+0700] {dag.py:4180} INFO - Setting next_dagrun for example_branch_operator to 2025-04-14 00:00:00+00:00, run_after=2025-04-15 00:00:00+00:00
[2025-04-16T00:26:26.097+0700] {processor.py:208} INFO - Processing /home/anhtupham99/NBA-analytics/py_env/lib/python3.11/site-packages/airflow/example_dags/example_branch_operator.py took 0.081 seconds
[2025-04-16T00:27:37.735+0700] {processor.py:186} INFO - Started process (PID=366408) to work on /home/anhtupham99/NBA-analytics/py_env/lib/python3.11/site-packages/airflow/example_dags/example_branch_operator.py
[2025-04-16T00:27:37.736+0700] {processor.py:914} INFO - Processing file /home/anhtupham99/NBA-analytics/py_env/lib/python3.11/site-packages/airflow/example_dags/example_branch_operator.py for tasks to queue
[2025-04-16T00:27:37.738+0700] {logging_mixin.py:190} INFO - [2025-04-16T00:27:37.738+0700] {dagbag.py:588} INFO - Filling up the DagBag from /home/anhtupham99/NBA-analytics/py_env/lib/python3.11/site-packages/airflow/example_dags/example_branch_operator.py
[2025-04-16T00:27:37.752+0700] {processor.py:925} INFO - DAG(s) 'example_branch_operator' retrieved from /home/anhtupham99/NBA-analytics/py_env/lib/python3.11/site-packages/airflow/example_dags/example_branch_operator.py
[2025-04-16T00:27:37.770+0700] {logging_mixin.py:190} INFO - [2025-04-16T00:27:37.769+0700] {dag.py:3239} INFO - Sync 1 DAGs
[2025-04-16T00:27:37.784+0700] {logging_mixin.py:190} INFO - [2025-04-16T00:27:37.784+0700] {dag.py:4180} INFO - Setting next_dagrun for example_branch_operator to 2025-04-14 00:00:00+00:00, run_after=2025-04-15 00:00:00+00:00
[2025-04-16T00:27:37.808+0700] {processor.py:208} INFO - Processing /home/anhtupham99/NBA-analytics/py_env/lib/python3.11/site-packages/airflow/example_dags/example_branch_operator.py took 0.077 seconds
[2025-04-16T00:28:49.098+0700] {processor.py:186} INFO - Started process (PID=368238) to work on /home/anhtupham99/NBA-analytics/py_env/lib/python3.11/site-packages/airflow/example_dags/example_branch_operator.py
[2025-04-16T00:28:49.102+0700] {processor.py:914} INFO - Processing file /home/anhtupham99/NBA-analytics/py_env/lib/python3.11/site-packages/airflow/example_dags/example_branch_operator.py for tasks to queue
[2025-04-16T00:28:49.104+0700] {logging_mixin.py:190} INFO - [2025-04-16T00:28:49.104+0700] {dagbag.py:588} INFO - Filling up the DagBag from /home/anhtupham99/NBA-analytics/py_env/lib/python3.11/site-packages/airflow/example_dags/example_branch_operator.py
[2025-04-16T00:28:49.121+0700] {processor.py:925} INFO - DAG(s) 'example_branch_operator' retrieved from /home/anhtupham99/NBA-analytics/py_env/lib/python3.11/site-packages/airflow/example_dags/example_branch_operator.py
[2025-04-16T00:28:49.143+0700] {logging_mixin.py:190} INFO - [2025-04-16T00:28:49.143+0700] {dag.py:3239} INFO - Sync 1 DAGs
[2025-04-16T00:28:49.163+0700] {logging_mixin.py:190} INFO - [2025-04-16T00:28:49.163+0700] {dag.py:4180} INFO - Setting next_dagrun for example_branch_operator to 2025-04-14 00:00:00+00:00, run_after=2025-04-15 00:00:00+00:00
[2025-04-16T00:28:49.189+0700] {processor.py:208} INFO - Processing /home/anhtupham99/NBA-analytics/py_env/lib/python3.11/site-packages/airflow/example_dags/example_branch_operator.py took 0.097 seconds
[2025-04-16T00:30:01.750+0700] {processor.py:186} INFO - Started process (PID=369935) to work on /home/anhtupham99/NBA-analytics/py_env/lib/python3.11/site-packages/airflow/example_dags/example_branch_operator.py
[2025-04-16T00:30:01.751+0700] {processor.py:914} INFO - Processing file /home/anhtupham99/NBA-analytics/py_env/lib/python3.11/site-packages/airflow/example_dags/example_branch_operator.py for tasks to queue
[2025-04-16T00:30:01.752+0700] {logging_mixin.py:190} INFO - [2025-04-16T00:30:01.752+0700] {dagbag.py:588} INFO - Filling up the DagBag from /home/anhtupham99/NBA-analytics/py_env/lib/python3.11/site-packages/airflow/example_dags/example_branch_operator.py
[2025-04-16T00:30:01.766+0700] {processor.py:925} INFO - DAG(s) 'example_branch_operator' retrieved from /home/anhtupham99/NBA-analytics/py_env/lib/python3.11/site-packages/airflow/example_dags/example_branch_operator.py
[2025-04-16T00:30:01.782+0700] {logging_mixin.py:190} INFO - [2025-04-16T00:30:01.782+0700] {dag.py:3239} INFO - Sync 1 DAGs
[2025-04-16T00:30:01.797+0700] {logging_mixin.py:190} INFO - [2025-04-16T00:30:01.797+0700] {dag.py:4180} INFO - Setting next_dagrun for example_branch_operator to 2025-04-14 00:00:00+00:00, run_after=2025-04-15 00:00:00+00:00
[2025-04-16T00:30:01.820+0700] {processor.py:208} INFO - Processing /home/anhtupham99/NBA-analytics/py_env/lib/python3.11/site-packages/airflow/example_dags/example_branch_operator.py took 0.076 seconds
[2025-04-16T00:31:12.346+0700] {processor.py:186} INFO - Started process (PID=371860) to work on /home/anhtupham99/NBA-analytics/py_env/lib/python3.11/site-packages/airflow/example_dags/example_branch_operator.py
[2025-04-16T00:31:12.348+0700] {processor.py:914} INFO - Processing file /home/anhtupham99/NBA-analytics/py_env/lib/python3.11/site-packages/airflow/example_dags/example_branch_operator.py for tasks to queue
[2025-04-16T00:31:12.349+0700] {logging_mixin.py:190} INFO - [2025-04-16T00:31:12.349+0700] {dagbag.py:588} INFO - Filling up the DagBag from /home/anhtupham99/NBA-analytics/py_env/lib/python3.11/site-packages/airflow/example_dags/example_branch_operator.py
[2025-04-16T00:31:12.363+0700] {processor.py:925} INFO - DAG(s) 'example_branch_operator' retrieved from /home/anhtupham99/NBA-analytics/py_env/lib/python3.11/site-packages/airflow/example_dags/example_branch_operator.py
[2025-04-16T00:31:12.379+0700] {logging_mixin.py:190} INFO - [2025-04-16T00:31:12.379+0700] {dag.py:3239} INFO - Sync 1 DAGs
[2025-04-16T00:31:12.393+0700] {logging_mixin.py:190} INFO - [2025-04-16T00:31:12.393+0700] {dag.py:4180} INFO - Setting next_dagrun for example_branch_operator to 2025-04-14 00:00:00+00:00, run_after=2025-04-15 00:00:00+00:00
[2025-04-16T00:31:12.416+0700] {processor.py:208} INFO - Processing /home/anhtupham99/NBA-analytics/py_env/lib/python3.11/site-packages/airflow/example_dags/example_branch_operator.py took 0.074 seconds
[2025-04-16T00:32:19.553+0700] {processor.py:186} INFO - Started process (PID=373518) to work on /home/anhtupham99/NBA-analytics/py_env/lib/python3.11/site-packages/airflow/example_dags/example_branch_operator.py
[2025-04-16T00:32:19.554+0700] {processor.py:914} INFO - Processing file /home/anhtupham99/NBA-analytics/py_env/lib/python3.11/site-packages/airflow/example_dags/example_branch_operator.py for tasks to queue
[2025-04-16T00:32:19.557+0700] {logging_mixin.py:190} INFO - [2025-04-16T00:32:19.557+0700] {dagbag.py:588} INFO - Filling up the DagBag from /home/anhtupham99/NBA-analytics/py_env/lib/python3.11/site-packages/airflow/example_dags/example_branch_operator.py
[2025-04-16T00:32:19.572+0700] {processor.py:925} INFO - DAG(s) 'example_branch_operator' retrieved from /home/anhtupham99/NBA-analytics/py_env/lib/python3.11/site-packages/airflow/example_dags/example_branch_operator.py
[2025-04-16T00:32:19.589+0700] {logging_mixin.py:190} INFO - [2025-04-16T00:32:19.589+0700] {dag.py:3239} INFO - Sync 1 DAGs
[2025-04-16T00:32:19.604+0700] {logging_mixin.py:190} INFO - [2025-04-16T00:32:19.604+0700] {dag.py:4180} INFO - Setting next_dagrun for example_branch_operator to 2025-04-14 00:00:00+00:00, run_after=2025-04-15 00:00:00+00:00
[2025-04-16T00:32:19.627+0700] {processor.py:208} INFO - Processing /home/anhtupham99/NBA-analytics/py_env/lib/python3.11/site-packages/airflow/example_dags/example_branch_operator.py took 0.082 seconds
[2025-04-16T00:33:29.933+0700] {processor.py:186} INFO - Started process (PID=375226) to work on /home/anhtupham99/NBA-analytics/py_env/lib/python3.11/site-packages/airflow/example_dags/example_branch_operator.py
[2025-04-16T00:33:29.934+0700] {processor.py:914} INFO - Processing file /home/anhtupham99/NBA-analytics/py_env/lib/python3.11/site-packages/airflow/example_dags/example_branch_operator.py for tasks to queue
[2025-04-16T00:33:29.936+0700] {logging_mixin.py:190} INFO - [2025-04-16T00:33:29.936+0700] {dagbag.py:588} INFO - Filling up the DagBag from /home/anhtupham99/NBA-analytics/py_env/lib/python3.11/site-packages/airflow/example_dags/example_branch_operator.py
[2025-04-16T00:33:29.949+0700] {processor.py:925} INFO - DAG(s) 'example_branch_operator' retrieved from /home/anhtupham99/NBA-analytics/py_env/lib/python3.11/site-packages/airflow/example_dags/example_branch_operator.py
[2025-04-16T00:33:29.965+0700] {logging_mixin.py:190} INFO - [2025-04-16T00:33:29.965+0700] {dag.py:3239} INFO - Sync 1 DAGs
[2025-04-16T00:33:29.978+0700] {logging_mixin.py:190} INFO - [2025-04-16T00:33:29.978+0700] {dag.py:4180} INFO - Setting next_dagrun for example_branch_operator to 2025-04-14 00:00:00+00:00, run_after=2025-04-15 00:00:00+00:00
[2025-04-16T00:33:30.001+0700] {processor.py:208} INFO - Processing /home/anhtupham99/NBA-analytics/py_env/lib/python3.11/site-packages/airflow/example_dags/example_branch_operator.py took 0.072 seconds
[2025-04-16T00:34:43.318+0700] {processor.py:186} INFO - Started process (PID=376839) to work on /home/anhtupham99/NBA-analytics/py_env/lib/python3.11/site-packages/airflow/example_dags/example_branch_operator.py
[2025-04-16T00:34:43.320+0700] {processor.py:914} INFO - Processing file /home/anhtupham99/NBA-analytics/py_env/lib/python3.11/site-packages/airflow/example_dags/example_branch_operator.py for tasks to queue
[2025-04-16T00:34:43.322+0700] {logging_mixin.py:190} INFO - [2025-04-16T00:34:43.322+0700] {dagbag.py:588} INFO - Filling up the DagBag from /home/anhtupham99/NBA-analytics/py_env/lib/python3.11/site-packages/airflow/example_dags/example_branch_operator.py
[2025-04-16T00:34:43.337+0700] {processor.py:925} INFO - DAG(s) 'example_branch_operator' retrieved from /home/anhtupham99/NBA-analytics/py_env/lib/python3.11/site-packages/airflow/example_dags/example_branch_operator.py
[2025-04-16T00:34:43.355+0700] {logging_mixin.py:190} INFO - [2025-04-16T00:34:43.355+0700] {dag.py:3239} INFO - Sync 1 DAGs
[2025-04-16T00:34:43.370+0700] {logging_mixin.py:190} INFO - [2025-04-16T00:34:43.370+0700] {dag.py:4180} INFO - Setting next_dagrun for example_branch_operator to 2025-04-14 00:00:00+00:00, run_after=2025-04-15 00:00:00+00:00
[2025-04-16T00:34:43.396+0700] {processor.py:208} INFO - Processing /home/anhtupham99/NBA-analytics/py_env/lib/python3.11/site-packages/airflow/example_dags/example_branch_operator.py took 0.083 seconds
[2025-04-16T00:35:52.652+0700] {processor.py:186} INFO - Started process (PID=378653) to work on /home/anhtupham99/NBA-analytics/py_env/lib/python3.11/site-packages/airflow/example_dags/example_branch_operator.py
[2025-04-16T00:35:52.653+0700] {processor.py:914} INFO - Processing file /home/anhtupham99/NBA-analytics/py_env/lib/python3.11/site-packages/airflow/example_dags/example_branch_operator.py for tasks to queue
[2025-04-16T00:35:52.655+0700] {logging_mixin.py:190} INFO - [2025-04-16T00:35:52.654+0700] {dagbag.py:588} INFO - Filling up the DagBag from /home/anhtupham99/NBA-analytics/py_env/lib/python3.11/site-packages/airflow/example_dags/example_branch_operator.py
[2025-04-16T00:35:52.669+0700] {processor.py:925} INFO - DAG(s) 'example_branch_operator' retrieved from /home/anhtupham99/NBA-analytics/py_env/lib/python3.11/site-packages/airflow/example_dags/example_branch_operator.py
[2025-04-16T00:35:52.685+0700] {logging_mixin.py:190} INFO - [2025-04-16T00:35:52.685+0700] {dag.py:3239} INFO - Sync 1 DAGs
[2025-04-16T00:35:52.698+0700] {logging_mixin.py:190} INFO - [2025-04-16T00:35:52.698+0700] {dag.py:4180} INFO - Setting next_dagrun for example_branch_operator to 2025-04-14 00:00:00+00:00, run_after=2025-04-15 00:00:00+00:00
[2025-04-16T00:35:52.720+0700] {processor.py:208} INFO - Processing /home/anhtupham99/NBA-analytics/py_env/lib/python3.11/site-packages/airflow/example_dags/example_branch_operator.py took 0.073 seconds
[2025-04-16T00:37:03.059+0700] {processor.py:186} INFO - Started process (PID=380683) to work on /home/anhtupham99/NBA-analytics/py_env/lib/python3.11/site-packages/airflow/example_dags/example_branch_operator.py
[2025-04-16T00:37:03.060+0700] {processor.py:914} INFO - Processing file /home/anhtupham99/NBA-analytics/py_env/lib/python3.11/site-packages/airflow/example_dags/example_branch_operator.py for tasks to queue
[2025-04-16T00:37:03.063+0700] {logging_mixin.py:190} INFO - [2025-04-16T00:37:03.063+0700] {dagbag.py:588} INFO - Filling up the DagBag from /home/anhtupham99/NBA-analytics/py_env/lib/python3.11/site-packages/airflow/example_dags/example_branch_operator.py
[2025-04-16T00:37:03.081+0700] {processor.py:925} INFO - DAG(s) 'example_branch_operator' retrieved from /home/anhtupham99/NBA-analytics/py_env/lib/python3.11/site-packages/airflow/example_dags/example_branch_operator.py
[2025-04-16T00:37:03.102+0700] {logging_mixin.py:190} INFO - [2025-04-16T00:37:03.101+0700] {dag.py:3239} INFO - Sync 1 DAGs
[2025-04-16T00:37:03.121+0700] {logging_mixin.py:190} INFO - [2025-04-16T00:37:03.121+0700] {dag.py:4180} INFO - Setting next_dagrun for example_branch_operator to 2025-04-14 00:00:00+00:00, run_after=2025-04-15 00:00:00+00:00
[2025-04-16T00:37:03.153+0700] {processor.py:208} INFO - Processing /home/anhtupham99/NBA-analytics/py_env/lib/python3.11/site-packages/airflow/example_dags/example_branch_operator.py took 0.103 seconds
