[2025-04-15T23:46:42.654+0700] {processor.py:186} INFO - Started process (PID=297676) to work on /home/anhtupham99/NBA-analytics/py_env/lib/python3.11/site-packages/airflow/example_dags/example_sla_dag.py
[2025-04-15T23:46:42.655+0700] {processor.py:914} INFO - Processing file /home/anhtupham99/NBA-analytics/py_env/lib/python3.11/site-packages/airflow/example_dags/example_sla_dag.py for tasks to queue
[2025-04-15T23:46:42.658+0700] {logging_mixin.py:190} INFO - [2025-04-15T23:46:42.658+0700] {dagbag.py:588} INFO - Filling up the DagBag from /home/anhtupham99/NBA-analytics/py_env/lib/python3.11/site-packages/airflow/example_dags/example_sla_dag.py
[2025-04-15T23:46:42.668+0700] {processor.py:925} INFO - DAG(s) 'example_sla_dag' retrieved from /home/anhtupham99/NBA-analytics/py_env/lib/python3.11/site-packages/airflow/example_dags/example_sla_dag.py
[2025-04-15T23:46:42.750+0700] {logging_mixin.py:190} INFO - [2025-04-15T23:46:42.750+0700] {override.py:1912} INFO - Created Permission View: can delete on DAG:example_sla_dag
[2025-04-15T23:46:42.769+0700] {logging_mixin.py:190} INFO - [2025-04-15T23:46:42.769+0700] {override.py:1912} INFO - Created Permission View: can edit on DAG:example_sla_dag
[2025-04-15T23:46:42.782+0700] {logging_mixin.py:190} INFO - [2025-04-15T23:46:42.782+0700] {override.py:1912} INFO - Created Permission View: can read on DAG:example_sla_dag
[2025-04-15T23:46:42.805+0700] {logging_mixin.py:190} INFO - [2025-04-15T23:46:42.805+0700] {override.py:1912} INFO - Created Permission View: can create on DAG Run:example_sla_dag
[2025-04-15T23:46:42.820+0700] {logging_mixin.py:190} INFO - [2025-04-15T23:46:42.820+0700] {override.py:1912} INFO - Created Permission View: can delete on DAG Run:example_sla_dag
[2025-04-15T23:46:42.836+0700] {logging_mixin.py:190} INFO - [2025-04-15T23:46:42.835+0700] {override.py:1912} INFO - Created Permission View: menu access on DAG Run:example_sla_dag
[2025-04-15T23:46:42.852+0700] {logging_mixin.py:190} INFO - [2025-04-15T23:46:42.851+0700] {override.py:1912} INFO - Created Permission View: can read on DAG Run:example_sla_dag
[2025-04-15T23:46:42.852+0700] {logging_mixin.py:190} INFO - [2025-04-15T23:46:42.852+0700] {dag.py:3239} INFO - Sync 1 DAGs
[2025-04-15T23:46:42.863+0700] {logging_mixin.py:190} INFO - [2025-04-15T23:46:42.862+0700] {dag.py:3262} INFO - Creating ORM DAG for example_sla_dag
[2025-04-15T23:46:42.872+0700] {logging_mixin.py:190} INFO - [2025-04-15T23:46:42.872+0700] {dag.py:4180} INFO - Setting next_dagrun for example_sla_dag to 2025-04-15 16:44:00+00:00, run_after=2025-04-15 16:46:00+00:00
[2025-04-15T23:46:42.898+0700] {processor.py:208} INFO - Processing /home/anhtupham99/NBA-analytics/py_env/lib/python3.11/site-packages/airflow/example_dags/example_sla_dag.py took 0.249 seconds
[2025-04-15T23:47:47.623+0700] {processor.py:186} INFO - Started process (PID=299051) to work on /home/anhtupham99/NBA-analytics/py_env/lib/python3.11/site-packages/airflow/example_dags/example_sla_dag.py
[2025-04-15T23:47:47.624+0700] {processor.py:914} INFO - Processing file /home/anhtupham99/NBA-analytics/py_env/lib/python3.11/site-packages/airflow/example_dags/example_sla_dag.py for tasks to queue
[2025-04-15T23:47:47.626+0700] {logging_mixin.py:190} INFO - [2025-04-15T23:47:47.625+0700] {dagbag.py:588} INFO - Filling up the DagBag from /home/anhtupham99/NBA-analytics/py_env/lib/python3.11/site-packages/airflow/example_dags/example_sla_dag.py
[2025-04-15T23:47:47.634+0700] {processor.py:925} INFO - DAG(s) 'example_sla_dag' retrieved from /home/anhtupham99/NBA-analytics/py_env/lib/python3.11/site-packages/airflow/example_dags/example_sla_dag.py
[2025-04-15T23:47:47.644+0700] {logging_mixin.py:190} INFO - [2025-04-15T23:47:47.643+0700] {dag.py:3239} INFO - Sync 1 DAGs
[2025-04-15T23:47:47.657+0700] {logging_mixin.py:190} INFO - [2025-04-15T23:47:47.657+0700] {dag.py:4180} INFO - Setting next_dagrun for example_sla_dag to 2025-04-15 16:44:00+00:00, run_after=2025-04-15 16:46:00+00:00
[2025-04-15T23:47:47.681+0700] {processor.py:208} INFO - Processing /home/anhtupham99/NBA-analytics/py_env/lib/python3.11/site-packages/airflow/example_dags/example_sla_dag.py took 0.062 seconds
[2025-04-15T23:48:43.176+0700] {processor.py:186} INFO - Started process (PID=300519) to work on /home/anhtupham99/NBA-analytics/py_env/lib/python3.11/site-packages/airflow/example_dags/example_sla_dag.py
[2025-04-15T23:48:43.179+0700] {processor.py:914} INFO - Processing file /home/anhtupham99/NBA-analytics/py_env/lib/python3.11/site-packages/airflow/example_dags/example_sla_dag.py for tasks to queue
[2025-04-15T23:48:43.181+0700] {logging_mixin.py:190} INFO - [2025-04-15T23:48:43.181+0700] {dagbag.py:588} INFO - Filling up the DagBag from /home/anhtupham99/NBA-analytics/py_env/lib/python3.11/site-packages/airflow/example_dags/example_sla_dag.py
[2025-04-15T23:48:43.189+0700] {processor.py:925} INFO - DAG(s) 'example_sla_dag' retrieved from /home/anhtupham99/NBA-analytics/py_env/lib/python3.11/site-packages/airflow/example_dags/example_sla_dag.py
[2025-04-15T23:48:43.200+0700] {logging_mixin.py:190} INFO - [2025-04-15T23:48:43.200+0700] {dag.py:3239} INFO - Sync 1 DAGs
[2025-04-15T23:48:43.215+0700] {logging_mixin.py:190} INFO - [2025-04-15T23:48:43.215+0700] {dag.py:4180} INFO - Setting next_dagrun for example_sla_dag to 2025-04-15 16:46:00+00:00, run_after=2025-04-15 16:48:00+00:00
[2025-04-15T23:48:43.239+0700] {processor.py:208} INFO - Processing /home/anhtupham99/NBA-analytics/py_env/lib/python3.11/site-packages/airflow/example_dags/example_sla_dag.py took 0.068 seconds
[2025-04-15T23:49:30.057+0700] {processor.py:186} INFO - Started process (PID=301437) to work on /home/anhtupham99/NBA-analytics/py_env/lib/python3.11/site-packages/airflow/example_dags/example_sla_dag.py
[2025-04-15T23:49:30.058+0700] {processor.py:914} INFO - Processing file /home/anhtupham99/NBA-analytics/py_env/lib/python3.11/site-packages/airflow/example_dags/example_sla_dag.py for tasks to queue
[2025-04-15T23:49:30.060+0700] {logging_mixin.py:190} INFO - [2025-04-15T23:49:30.060+0700] {dagbag.py:588} INFO - Filling up the DagBag from /home/anhtupham99/NBA-analytics/py_env/lib/python3.11/site-packages/airflow/example_dags/example_sla_dag.py
[2025-04-15T23:49:30.069+0700] {processor.py:925} INFO - DAG(s) 'example_sla_dag' retrieved from /home/anhtupham99/NBA-analytics/py_env/lib/python3.11/site-packages/airflow/example_dags/example_sla_dag.py
[2025-04-15T23:49:30.083+0700] {logging_mixin.py:190} INFO - [2025-04-15T23:49:30.083+0700] {dag.py:3239} INFO - Sync 1 DAGs
[2025-04-15T23:49:30.101+0700] {logging_mixin.py:190} INFO - [2025-04-15T23:49:30.101+0700] {dag.py:4180} INFO - Setting next_dagrun for example_sla_dag to 2025-04-15 16:46:00+00:00, run_after=2025-04-15 16:48:00+00:00
[2025-04-15T23:49:30.126+0700] {processor.py:208} INFO - Processing /home/anhtupham99/NBA-analytics/py_env/lib/python3.11/site-packages/airflow/example_dags/example_sla_dag.py took 0.074 seconds
[2025-04-15T23:50:18.476+0700] {processor.py:186} INFO - Started process (PID=302480) to work on /home/anhtupham99/NBA-analytics/py_env/lib/python3.11/site-packages/airflow/example_dags/example_sla_dag.py
[2025-04-15T23:50:18.477+0700] {processor.py:914} INFO - Processing file /home/anhtupham99/NBA-analytics/py_env/lib/python3.11/site-packages/airflow/example_dags/example_sla_dag.py for tasks to queue
[2025-04-15T23:50:18.479+0700] {logging_mixin.py:190} INFO - [2025-04-15T23:50:18.479+0700] {dagbag.py:588} INFO - Filling up the DagBag from /home/anhtupham99/NBA-analytics/py_env/lib/python3.11/site-packages/airflow/example_dags/example_sla_dag.py
[2025-04-15T23:50:18.490+0700] {processor.py:925} INFO - DAG(s) 'example_sla_dag' retrieved from /home/anhtupham99/NBA-analytics/py_env/lib/python3.11/site-packages/airflow/example_dags/example_sla_dag.py
[2025-04-15T23:50:18.503+0700] {logging_mixin.py:190} INFO - [2025-04-15T23:50:18.503+0700] {dag.py:3239} INFO - Sync 1 DAGs
[2025-04-15T23:50:18.617+0700] {logging_mixin.py:190} INFO - [2025-04-15T23:50:18.617+0700] {dag.py:4180} INFO - Setting next_dagrun for example_sla_dag to 2025-04-15 16:48:00+00:00, run_after=2025-04-15 16:50:00+00:00
[2025-04-15T23:50:18.640+0700] {processor.py:208} INFO - Processing /home/anhtupham99/NBA-analytics/py_env/lib/python3.11/site-packages/airflow/example_dags/example_sla_dag.py took 0.169 seconds
[2025-04-15T23:51:12.838+0700] {processor.py:186} INFO - Started process (PID=303517) to work on /home/anhtupham99/NBA-analytics/py_env/lib/python3.11/site-packages/airflow/example_dags/example_sla_dag.py
[2025-04-15T23:51:12.839+0700] {processor.py:914} INFO - Processing file /home/anhtupham99/NBA-analytics/py_env/lib/python3.11/site-packages/airflow/example_dags/example_sla_dag.py for tasks to queue
[2025-04-15T23:51:12.841+0700] {logging_mixin.py:190} INFO - [2025-04-15T23:51:12.840+0700] {dagbag.py:588} INFO - Filling up the DagBag from /home/anhtupham99/NBA-analytics/py_env/lib/python3.11/site-packages/airflow/example_dags/example_sla_dag.py
[2025-04-15T23:51:12.849+0700] {processor.py:925} INFO - DAG(s) 'example_sla_dag' retrieved from /home/anhtupham99/NBA-analytics/py_env/lib/python3.11/site-packages/airflow/example_dags/example_sla_dag.py
[2025-04-15T23:51:12.859+0700] {logging_mixin.py:190} INFO - [2025-04-15T23:51:12.858+0700] {dag.py:3239} INFO - Sync 1 DAGs
[2025-04-15T23:51:12.873+0700] {logging_mixin.py:190} INFO - [2025-04-15T23:51:12.873+0700] {dag.py:4180} INFO - Setting next_dagrun for example_sla_dag to 2025-04-15 16:48:00+00:00, run_after=2025-04-15 16:50:00+00:00
[2025-04-15T23:51:12.898+0700] {processor.py:208} INFO - Processing /home/anhtupham99/NBA-analytics/py_env/lib/python3.11/site-packages/airflow/example_dags/example_sla_dag.py took 0.064 seconds
[2025-04-15T23:52:00.403+0700] {processor.py:186} INFO - Started process (PID=304421) to work on /home/anhtupham99/NBA-analytics/py_env/lib/python3.11/site-packages/airflow/example_dags/example_sla_dag.py
[2025-04-15T23:52:00.404+0700] {processor.py:914} INFO - Processing file /home/anhtupham99/NBA-analytics/py_env/lib/python3.11/site-packages/airflow/example_dags/example_sla_dag.py for tasks to queue
[2025-04-15T23:52:00.406+0700] {logging_mixin.py:190} INFO - [2025-04-15T23:52:00.405+0700] {dagbag.py:588} INFO - Filling up the DagBag from /home/anhtupham99/NBA-analytics/py_env/lib/python3.11/site-packages/airflow/example_dags/example_sla_dag.py
[2025-04-15T23:52:00.415+0700] {processor.py:925} INFO - DAG(s) 'example_sla_dag' retrieved from /home/anhtupham99/NBA-analytics/py_env/lib/python3.11/site-packages/airflow/example_dags/example_sla_dag.py
[2025-04-15T23:52:00.427+0700] {logging_mixin.py:190} INFO - [2025-04-15T23:52:00.427+0700] {dag.py:3239} INFO - Sync 1 DAGs
[2025-04-15T23:52:00.443+0700] {logging_mixin.py:190} INFO - [2025-04-15T23:52:00.443+0700] {dag.py:4180} INFO - Setting next_dagrun for example_sla_dag to 2025-04-15 16:50:00+00:00, run_after=2025-04-15 16:52:00+00:00
[2025-04-15T23:52:00.471+0700] {processor.py:208} INFO - Processing /home/anhtupham99/NBA-analytics/py_env/lib/python3.11/site-packages/airflow/example_dags/example_sla_dag.py took 0.072 seconds
[2025-04-15T23:52:47.127+0700] {processor.py:186} INFO - Started process (PID=305432) to work on /home/anhtupham99/NBA-analytics/py_env/lib/python3.11/site-packages/airflow/example_dags/example_sla_dag.py
[2025-04-15T23:52:47.128+0700] {processor.py:914} INFO - Processing file /home/anhtupham99/NBA-analytics/py_env/lib/python3.11/site-packages/airflow/example_dags/example_sla_dag.py for tasks to queue
[2025-04-15T23:52:47.130+0700] {logging_mixin.py:190} INFO - [2025-04-15T23:52:47.129+0700] {dagbag.py:588} INFO - Filling up the DagBag from /home/anhtupham99/NBA-analytics/py_env/lib/python3.11/site-packages/airflow/example_dags/example_sla_dag.py
[2025-04-15T23:52:47.137+0700] {processor.py:925} INFO - DAG(s) 'example_sla_dag' retrieved from /home/anhtupham99/NBA-analytics/py_env/lib/python3.11/site-packages/airflow/example_dags/example_sla_dag.py
[2025-04-15T23:52:47.152+0700] {logging_mixin.py:190} INFO - [2025-04-15T23:52:47.152+0700] {dag.py:3239} INFO - Sync 1 DAGs
[2025-04-15T23:52:47.169+0700] {logging_mixin.py:190} INFO - [2025-04-15T23:52:47.169+0700] {dag.py:4180} INFO - Setting next_dagrun for example_sla_dag to 2025-04-15 16:50:00+00:00, run_after=2025-04-15 16:52:00+00:00
[2025-04-15T23:52:47.193+0700] {processor.py:208} INFO - Processing /home/anhtupham99/NBA-analytics/py_env/lib/python3.11/site-packages/airflow/example_dags/example_sla_dag.py took 0.070 seconds
[2025-04-15T23:53:36.040+0700] {processor.py:186} INFO - Started process (PID=306315) to work on /home/anhtupham99/NBA-analytics/py_env/lib/python3.11/site-packages/airflow/example_dags/example_sla_dag.py
[2025-04-15T23:53:36.042+0700] {processor.py:914} INFO - Processing file /home/anhtupham99/NBA-analytics/py_env/lib/python3.11/site-packages/airflow/example_dags/example_sla_dag.py for tasks to queue
[2025-04-15T23:53:36.043+0700] {logging_mixin.py:190} INFO - [2025-04-15T23:53:36.043+0700] {dagbag.py:588} INFO - Filling up the DagBag from /home/anhtupham99/NBA-analytics/py_env/lib/python3.11/site-packages/airflow/example_dags/example_sla_dag.py
[2025-04-15T23:53:36.051+0700] {processor.py:925} INFO - DAG(s) 'example_sla_dag' retrieved from /home/anhtupham99/NBA-analytics/py_env/lib/python3.11/site-packages/airflow/example_dags/example_sla_dag.py
[2025-04-15T23:53:36.061+0700] {logging_mixin.py:190} INFO - [2025-04-15T23:53:36.061+0700] {dag.py:3239} INFO - Sync 1 DAGs
[2025-04-15T23:53:36.081+0700] {logging_mixin.py:190} INFO - [2025-04-15T23:53:36.081+0700] {dag.py:4180} INFO - Setting next_dagrun for example_sla_dag to 2025-04-15 16:50:00+00:00, run_after=2025-04-15 16:52:00+00:00
[2025-04-15T23:53:36.106+0700] {processor.py:208} INFO - Processing /home/anhtupham99/NBA-analytics/py_env/lib/python3.11/site-packages/airflow/example_dags/example_sla_dag.py took 0.071 seconds
[2025-04-15T23:54:20.580+0700] {processor.py:186} INFO - Started process (PID=307128) to work on /home/anhtupham99/NBA-analytics/py_env/lib/python3.11/site-packages/airflow/example_dags/example_sla_dag.py
[2025-04-15T23:54:20.582+0700] {processor.py:914} INFO - Processing file /home/anhtupham99/NBA-analytics/py_env/lib/python3.11/site-packages/airflow/example_dags/example_sla_dag.py for tasks to queue
[2025-04-15T23:54:20.584+0700] {logging_mixin.py:190} INFO - [2025-04-15T23:54:20.583+0700] {dagbag.py:588} INFO - Filling up the DagBag from /home/anhtupham99/NBA-analytics/py_env/lib/python3.11/site-packages/airflow/example_dags/example_sla_dag.py
[2025-04-15T23:54:20.594+0700] {processor.py:925} INFO - DAG(s) 'example_sla_dag' retrieved from /home/anhtupham99/NBA-analytics/py_env/lib/python3.11/site-packages/airflow/example_dags/example_sla_dag.py
[2025-04-15T23:54:20.608+0700] {logging_mixin.py:190} INFO - [2025-04-15T23:54:20.608+0700] {dag.py:3239} INFO - Sync 1 DAGs
[2025-04-15T23:54:20.627+0700] {logging_mixin.py:190} INFO - [2025-04-15T23:54:20.627+0700] {dag.py:4180} INFO - Setting next_dagrun for example_sla_dag to 2025-04-15 16:52:00+00:00, run_after=2025-04-15 16:54:00+00:00
[2025-04-15T23:54:20.654+0700] {processor.py:208} INFO - Processing /home/anhtupham99/NBA-analytics/py_env/lib/python3.11/site-packages/airflow/example_dags/example_sla_dag.py took 0.079 seconds
[2025-04-15T23:55:09.704+0700] {processor.py:186} INFO - Started process (PID=308101) to work on /home/anhtupham99/NBA-analytics/py_env/lib/python3.11/site-packages/airflow/example_dags/example_sla_dag.py
[2025-04-15T23:55:09.705+0700] {processor.py:914} INFO - Processing file /home/anhtupham99/NBA-analytics/py_env/lib/python3.11/site-packages/airflow/example_dags/example_sla_dag.py for tasks to queue
[2025-04-15T23:55:09.707+0700] {logging_mixin.py:190} INFO - [2025-04-15T23:55:09.706+0700] {dagbag.py:588} INFO - Filling up the DagBag from /home/anhtupham99/NBA-analytics/py_env/lib/python3.11/site-packages/airflow/example_dags/example_sla_dag.py
[2025-04-15T23:55:09.714+0700] {processor.py:925} INFO - DAG(s) 'example_sla_dag' retrieved from /home/anhtupham99/NBA-analytics/py_env/lib/python3.11/site-packages/airflow/example_dags/example_sla_dag.py
[2025-04-15T23:55:09.724+0700] {logging_mixin.py:190} INFO - [2025-04-15T23:55:09.724+0700] {dag.py:3239} INFO - Sync 1 DAGs
[2025-04-15T23:55:09.738+0700] {logging_mixin.py:190} INFO - [2025-04-15T23:55:09.737+0700] {dag.py:4180} INFO - Setting next_dagrun for example_sla_dag to 2025-04-15 16:52:00+00:00, run_after=2025-04-15 16:54:00+00:00
[2025-04-15T23:55:09.760+0700] {processor.py:208} INFO - Processing /home/anhtupham99/NBA-analytics/py_env/lib/python3.11/site-packages/airflow/example_dags/example_sla_dag.py took 0.060 seconds
[2025-04-15T23:56:02.501+0700] {processor.py:186} INFO - Started process (PID=311115) to work on /home/anhtupham99/NBA-analytics/py_env/lib/python3.11/site-packages/airflow/example_dags/example_sla_dag.py
[2025-04-15T23:56:02.502+0700] {processor.py:914} INFO - Processing file /home/anhtupham99/NBA-analytics/py_env/lib/python3.11/site-packages/airflow/example_dags/example_sla_dag.py for tasks to queue
[2025-04-15T23:56:02.504+0700] {logging_mixin.py:190} INFO - [2025-04-15T23:56:02.504+0700] {dagbag.py:588} INFO - Filling up the DagBag from /home/anhtupham99/NBA-analytics/py_env/lib/python3.11/site-packages/airflow/example_dags/example_sla_dag.py
[2025-04-15T23:56:02.515+0700] {processor.py:925} INFO - DAG(s) 'example_sla_dag' retrieved from /home/anhtupham99/NBA-analytics/py_env/lib/python3.11/site-packages/airflow/example_dags/example_sla_dag.py
[2025-04-15T23:56:02.529+0700] {logging_mixin.py:190} INFO - [2025-04-15T23:56:02.529+0700] {dag.py:3239} INFO - Sync 1 DAGs
[2025-04-15T23:56:02.550+0700] {logging_mixin.py:190} INFO - [2025-04-15T23:56:02.550+0700] {dag.py:4180} INFO - Setting next_dagrun for example_sla_dag to 2025-04-15 16:54:00+00:00, run_after=2025-04-15 16:56:00+00:00
[2025-04-15T23:56:02.574+0700] {processor.py:208} INFO - Processing /home/anhtupham99/NBA-analytics/py_env/lib/python3.11/site-packages/airflow/example_dags/example_sla_dag.py took 0.078 seconds
[2025-04-15T23:56:49.706+0700] {processor.py:186} INFO - Started process (PID=312115) to work on /home/anhtupham99/NBA-analytics/py_env/lib/python3.11/site-packages/airflow/example_dags/example_sla_dag.py
[2025-04-15T23:56:49.707+0700] {processor.py:914} INFO - Processing file /home/anhtupham99/NBA-analytics/py_env/lib/python3.11/site-packages/airflow/example_dags/example_sla_dag.py for tasks to queue
[2025-04-15T23:56:49.709+0700] {logging_mixin.py:190} INFO - [2025-04-15T23:56:49.709+0700] {dagbag.py:588} INFO - Filling up the DagBag from /home/anhtupham99/NBA-analytics/py_env/lib/python3.11/site-packages/airflow/example_dags/example_sla_dag.py
[2025-04-15T23:56:49.720+0700] {processor.py:925} INFO - DAG(s) 'example_sla_dag' retrieved from /home/anhtupham99/NBA-analytics/py_env/lib/python3.11/site-packages/airflow/example_dags/example_sla_dag.py
[2025-04-15T23:56:49.737+0700] {logging_mixin.py:190} INFO - [2025-04-15T23:56:49.736+0700] {dag.py:3239} INFO - Sync 1 DAGs
[2025-04-15T23:56:49.758+0700] {logging_mixin.py:190} INFO - [2025-04-15T23:56:49.758+0700] {dag.py:4180} INFO - Setting next_dagrun for example_sla_dag to 2025-04-15 16:54:00+00:00, run_after=2025-04-15 16:56:00+00:00
[2025-04-15T23:56:49.784+0700] {processor.py:208} INFO - Processing /home/anhtupham99/NBA-analytics/py_env/lib/python3.11/site-packages/airflow/example_dags/example_sla_dag.py took 0.083 seconds
[2025-04-15T23:57:37.012+0700] {processor.py:186} INFO - Started process (PID=313043) to work on /home/anhtupham99/NBA-analytics/py_env/lib/python3.11/site-packages/airflow/example_dags/example_sla_dag.py
[2025-04-15T23:57:37.014+0700] {processor.py:914} INFO - Processing file /home/anhtupham99/NBA-analytics/py_env/lib/python3.11/site-packages/airflow/example_dags/example_sla_dag.py for tasks to queue
[2025-04-15T23:57:37.016+0700] {logging_mixin.py:190} INFO - [2025-04-15T23:57:37.015+0700] {dagbag.py:588} INFO - Filling up the DagBag from /home/anhtupham99/NBA-analytics/py_env/lib/python3.11/site-packages/airflow/example_dags/example_sla_dag.py
[2025-04-15T23:57:37.026+0700] {processor.py:925} INFO - DAG(s) 'example_sla_dag' retrieved from /home/anhtupham99/NBA-analytics/py_env/lib/python3.11/site-packages/airflow/example_dags/example_sla_dag.py
[2025-04-15T23:57:37.037+0700] {logging_mixin.py:190} INFO - [2025-04-15T23:57:37.037+0700] {dag.py:3239} INFO - Sync 1 DAGs
[2025-04-15T23:57:37.052+0700] {logging_mixin.py:190} INFO - [2025-04-15T23:57:37.052+0700] {dag.py:4180} INFO - Setting next_dagrun for example_sla_dag to 2025-04-15 16:54:00+00:00, run_after=2025-04-15 16:56:00+00:00
[2025-04-15T23:57:37.077+0700] {processor.py:208} INFO - Processing /home/anhtupham99/NBA-analytics/py_env/lib/python3.11/site-packages/airflow/example_dags/example_sla_dag.py took 0.070 seconds
[2025-04-15T23:58:27.726+0700] {processor.py:186} INFO - Started process (PID=314014) to work on /home/anhtupham99/NBA-analytics/py_env/lib/python3.11/site-packages/airflow/example_dags/example_sla_dag.py
[2025-04-15T23:58:27.730+0700] {processor.py:914} INFO - Processing file /home/anhtupham99/NBA-analytics/py_env/lib/python3.11/site-packages/airflow/example_dags/example_sla_dag.py for tasks to queue
[2025-04-15T23:58:27.732+0700] {logging_mixin.py:190} INFO - [2025-04-15T23:58:27.732+0700] {dagbag.py:588} INFO - Filling up the DagBag from /home/anhtupham99/NBA-analytics/py_env/lib/python3.11/site-packages/airflow/example_dags/example_sla_dag.py
[2025-04-15T23:58:27.740+0700] {processor.py:925} INFO - DAG(s) 'example_sla_dag' retrieved from /home/anhtupham99/NBA-analytics/py_env/lib/python3.11/site-packages/airflow/example_dags/example_sla_dag.py
[2025-04-15T23:58:27.750+0700] {logging_mixin.py:190} INFO - [2025-04-15T23:58:27.749+0700] {dag.py:3239} INFO - Sync 1 DAGs
[2025-04-15T23:58:27.765+0700] {logging_mixin.py:190} INFO - [2025-04-15T23:58:27.764+0700] {dag.py:4180} INFO - Setting next_dagrun for example_sla_dag to 2025-04-15 16:56:00+00:00, run_after=2025-04-15 16:58:00+00:00
[2025-04-15T23:58:27.787+0700] {processor.py:208} INFO - Processing /home/anhtupham99/NBA-analytics/py_env/lib/python3.11/site-packages/airflow/example_dags/example_sla_dag.py took 0.067 seconds
[2025-04-15T23:59:14.383+0700] {processor.py:186} INFO - Started process (PID=315025) to work on /home/anhtupham99/NBA-analytics/py_env/lib/python3.11/site-packages/airflow/example_dags/example_sla_dag.py
[2025-04-15T23:59:14.385+0700] {processor.py:914} INFO - Processing file /home/anhtupham99/NBA-analytics/py_env/lib/python3.11/site-packages/airflow/example_dags/example_sla_dag.py for tasks to queue
[2025-04-15T23:59:14.386+0700] {logging_mixin.py:190} INFO - [2025-04-15T23:59:14.386+0700] {dagbag.py:588} INFO - Filling up the DagBag from /home/anhtupham99/NBA-analytics/py_env/lib/python3.11/site-packages/airflow/example_dags/example_sla_dag.py
[2025-04-15T23:59:14.395+0700] {processor.py:925} INFO - DAG(s) 'example_sla_dag' retrieved from /home/anhtupham99/NBA-analytics/py_env/lib/python3.11/site-packages/airflow/example_dags/example_sla_dag.py
[2025-04-15T23:59:14.406+0700] {logging_mixin.py:190} INFO - [2025-04-15T23:59:14.406+0700] {dag.py:3239} INFO - Sync 1 DAGs
[2025-04-15T23:59:14.421+0700] {logging_mixin.py:190} INFO - [2025-04-15T23:59:14.421+0700] {dag.py:4180} INFO - Setting next_dagrun for example_sla_dag to 2025-04-15 16:56:00+00:00, run_after=2025-04-15 16:58:00+00:00
[2025-04-15T23:59:14.444+0700] {processor.py:208} INFO - Processing /home/anhtupham99/NBA-analytics/py_env/lib/python3.11/site-packages/airflow/example_dags/example_sla_dag.py took 0.065 seconds
[2025-04-16T00:00:04.456+0700] {processor.py:186} INFO - Started process (PID=316127) to work on /home/anhtupham99/NBA-analytics/py_env/lib/python3.11/site-packages/airflow/example_dags/example_sla_dag.py
[2025-04-16T00:00:04.460+0700] {processor.py:914} INFO - Processing file /home/anhtupham99/NBA-analytics/py_env/lib/python3.11/site-packages/airflow/example_dags/example_sla_dag.py for tasks to queue
[2025-04-16T00:00:04.462+0700] {logging_mixin.py:190} INFO - [2025-04-16T00:00:04.461+0700] {dagbag.py:588} INFO - Filling up the DagBag from /home/anhtupham99/NBA-analytics/py_env/lib/python3.11/site-packages/airflow/example_dags/example_sla_dag.py
[2025-04-16T00:00:04.471+0700] {processor.py:925} INFO - DAG(s) 'example_sla_dag' retrieved from /home/anhtupham99/NBA-analytics/py_env/lib/python3.11/site-packages/airflow/example_dags/example_sla_dag.py
[2025-04-16T00:00:04.482+0700] {logging_mixin.py:190} INFO - [2025-04-16T00:00:04.482+0700] {dag.py:3239} INFO - Sync 1 DAGs
[2025-04-16T00:00:04.498+0700] {logging_mixin.py:190} INFO - [2025-04-16T00:00:04.498+0700] {dag.py:4180} INFO - Setting next_dagrun for example_sla_dag to 2025-04-15 16:58:00+00:00, run_after=2025-04-15 17:00:00+00:00
[2025-04-16T00:00:04.520+0700] {processor.py:208} INFO - Processing /home/anhtupham99/NBA-analytics/py_env/lib/python3.11/site-packages/airflow/example_dags/example_sla_dag.py took 0.068 seconds
[2025-04-16T00:00:52.443+0700] {processor.py:186} INFO - Started process (PID=316999) to work on /home/anhtupham99/NBA-analytics/py_env/lib/python3.11/site-packages/airflow/example_dags/example_sla_dag.py
[2025-04-16T00:00:52.444+0700] {processor.py:914} INFO - Processing file /home/anhtupham99/NBA-analytics/py_env/lib/python3.11/site-packages/airflow/example_dags/example_sla_dag.py for tasks to queue
[2025-04-16T00:00:52.445+0700] {logging_mixin.py:190} INFO - [2025-04-16T00:00:52.445+0700] {dagbag.py:588} INFO - Filling up the DagBag from /home/anhtupham99/NBA-analytics/py_env/lib/python3.11/site-packages/airflow/example_dags/example_sla_dag.py
[2025-04-16T00:00:52.454+0700] {processor.py:925} INFO - DAG(s) 'example_sla_dag' retrieved from /home/anhtupham99/NBA-analytics/py_env/lib/python3.11/site-packages/airflow/example_dags/example_sla_dag.py
[2025-04-16T00:00:52.466+0700] {logging_mixin.py:190} INFO - [2025-04-16T00:00:52.466+0700] {dag.py:3239} INFO - Sync 1 DAGs
[2025-04-16T00:00:52.483+0700] {logging_mixin.py:190} INFO - [2025-04-16T00:00:52.483+0700] {dag.py:4180} INFO - Setting next_dagrun for example_sla_dag to 2025-04-15 16:58:00+00:00, run_after=2025-04-15 17:00:00+00:00
[2025-04-16T00:00:52.506+0700] {processor.py:208} INFO - Processing /home/anhtupham99/NBA-analytics/py_env/lib/python3.11/site-packages/airflow/example_dags/example_sla_dag.py took 0.068 seconds
[2025-04-16T00:01:38.349+0700] {processor.py:186} INFO - Started process (PID=317877) to work on /home/anhtupham99/NBA-analytics/py_env/lib/python3.11/site-packages/airflow/example_dags/example_sla_dag.py
[2025-04-16T00:01:38.353+0700] {processor.py:914} INFO - Processing file /home/anhtupham99/NBA-analytics/py_env/lib/python3.11/site-packages/airflow/example_dags/example_sla_dag.py for tasks to queue
[2025-04-16T00:01:38.355+0700] {logging_mixin.py:190} INFO - [2025-04-16T00:01:38.354+0700] {dagbag.py:588} INFO - Filling up the DagBag from /home/anhtupham99/NBA-analytics/py_env/lib/python3.11/site-packages/airflow/example_dags/example_sla_dag.py
[2025-04-16T00:01:38.363+0700] {processor.py:925} INFO - DAG(s) 'example_sla_dag' retrieved from /home/anhtupham99/NBA-analytics/py_env/lib/python3.11/site-packages/airflow/example_dags/example_sla_dag.py
[2025-04-16T00:01:38.373+0700] {logging_mixin.py:190} INFO - [2025-04-16T00:01:38.373+0700] {dag.py:3239} INFO - Sync 1 DAGs
[2025-04-16T00:01:38.388+0700] {logging_mixin.py:190} INFO - [2025-04-16T00:01:38.388+0700] {dag.py:4180} INFO - Setting next_dagrun for example_sla_dag to 2025-04-15 16:58:00+00:00, run_after=2025-04-15 17:00:00+00:00
[2025-04-16T00:01:38.412+0700] {processor.py:208} INFO - Processing /home/anhtupham99/NBA-analytics/py_env/lib/python3.11/site-packages/airflow/example_dags/example_sla_dag.py took 0.067 seconds
[2025-04-16T00:02:24.857+0700] {processor.py:186} INFO - Started process (PID=318750) to work on /home/anhtupham99/NBA-analytics/py_env/lib/python3.11/site-packages/airflow/example_dags/example_sla_dag.py
[2025-04-16T00:02:24.859+0700] {processor.py:914} INFO - Processing file /home/anhtupham99/NBA-analytics/py_env/lib/python3.11/site-packages/airflow/example_dags/example_sla_dag.py for tasks to queue
[2025-04-16T00:02:24.861+0700] {logging_mixin.py:190} INFO - [2025-04-16T00:02:24.861+0700] {dagbag.py:588} INFO - Filling up the DagBag from /home/anhtupham99/NBA-analytics/py_env/lib/python3.11/site-packages/airflow/example_dags/example_sla_dag.py
[2025-04-16T00:02:24.872+0700] {processor.py:925} INFO - DAG(s) 'example_sla_dag' retrieved from /home/anhtupham99/NBA-analytics/py_env/lib/python3.11/site-packages/airflow/example_dags/example_sla_dag.py
[2025-04-16T00:02:24.887+0700] {logging_mixin.py:190} INFO - [2025-04-16T00:02:24.887+0700] {dag.py:3239} INFO - Sync 1 DAGs
[2025-04-16T00:02:24.910+0700] {logging_mixin.py:190} INFO - [2025-04-16T00:02:24.909+0700] {dag.py:4180} INFO - Setting next_dagrun for example_sla_dag to 2025-04-15 17:00:00+00:00, run_after=2025-04-15 17:02:00+00:00
[2025-04-16T00:02:24.941+0700] {processor.py:208} INFO - Processing /home/anhtupham99/NBA-analytics/py_env/lib/python3.11/site-packages/airflow/example_dags/example_sla_dag.py took 0.090 seconds
[2025-04-16T00:03:08.670+0700] {processor.py:186} INFO - Started process (PID=319593) to work on /home/anhtupham99/NBA-analytics/py_env/lib/python3.11/site-packages/airflow/example_dags/example_sla_dag.py
[2025-04-16T00:03:08.671+0700] {processor.py:914} INFO - Processing file /home/anhtupham99/NBA-analytics/py_env/lib/python3.11/site-packages/airflow/example_dags/example_sla_dag.py for tasks to queue
[2025-04-16T00:03:08.673+0700] {logging_mixin.py:190} INFO - [2025-04-16T00:03:08.673+0700] {dagbag.py:588} INFO - Filling up the DagBag from /home/anhtupham99/NBA-analytics/py_env/lib/python3.11/site-packages/airflow/example_dags/example_sla_dag.py
[2025-04-16T00:03:08.683+0700] {processor.py:925} INFO - DAG(s) 'example_sla_dag' retrieved from /home/anhtupham99/NBA-analytics/py_env/lib/python3.11/site-packages/airflow/example_dags/example_sla_dag.py
[2025-04-16T00:03:08.699+0700] {logging_mixin.py:190} INFO - [2025-04-16T00:03:08.699+0700] {dag.py:3239} INFO - Sync 1 DAGs
[2025-04-16T00:03:08.719+0700] {logging_mixin.py:190} INFO - [2025-04-16T00:03:08.719+0700] {dag.py:4180} INFO - Setting next_dagrun for example_sla_dag to 2025-04-15 17:00:00+00:00, run_after=2025-04-15 17:02:00+00:00
[2025-04-16T00:03:08.746+0700] {processor.py:208} INFO - Processing /home/anhtupham99/NBA-analytics/py_env/lib/python3.11/site-packages/airflow/example_dags/example_sla_dag.py took 0.081 seconds
[2025-04-16T00:03:53.435+0700] {processor.py:186} INFO - Started process (PID=320558) to work on /home/anhtupham99/NBA-analytics/py_env/lib/python3.11/site-packages/airflow/example_dags/example_sla_dag.py
[2025-04-16T00:03:53.436+0700] {processor.py:914} INFO - Processing file /home/anhtupham99/NBA-analytics/py_env/lib/python3.11/site-packages/airflow/example_dags/example_sla_dag.py for tasks to queue
[2025-04-16T00:03:53.438+0700] {logging_mixin.py:190} INFO - [2025-04-16T00:03:53.437+0700] {dagbag.py:588} INFO - Filling up the DagBag from /home/anhtupham99/NBA-analytics/py_env/lib/python3.11/site-packages/airflow/example_dags/example_sla_dag.py
[2025-04-16T00:03:53.447+0700] {processor.py:925} INFO - DAG(s) 'example_sla_dag' retrieved from /home/anhtupham99/NBA-analytics/py_env/lib/python3.11/site-packages/airflow/example_dags/example_sla_dag.py
[2025-04-16T00:03:53.460+0700] {logging_mixin.py:190} INFO - [2025-04-16T00:03:53.460+0700] {dag.py:3239} INFO - Sync 1 DAGs
[2025-04-16T00:03:53.478+0700] {logging_mixin.py:190} INFO - [2025-04-16T00:03:53.477+0700] {dag.py:4180} INFO - Setting next_dagrun for example_sla_dag to 2025-04-15 17:00:00+00:00, run_after=2025-04-15 17:02:00+00:00
[2025-04-16T00:03:53.503+0700] {processor.py:208} INFO - Processing /home/anhtupham99/NBA-analytics/py_env/lib/python3.11/site-packages/airflow/example_dags/example_sla_dag.py took 0.074 seconds
[2025-04-16T00:04:40.846+0700] {processor.py:186} INFO - Started process (PID=321547) to work on /home/anhtupham99/NBA-analytics/py_env/lib/python3.11/site-packages/airflow/example_dags/example_sla_dag.py
[2025-04-16T00:04:40.848+0700] {processor.py:914} INFO - Processing file /home/anhtupham99/NBA-analytics/py_env/lib/python3.11/site-packages/airflow/example_dags/example_sla_dag.py for tasks to queue
[2025-04-16T00:04:40.850+0700] {logging_mixin.py:190} INFO - [2025-04-16T00:04:40.849+0700] {dagbag.py:588} INFO - Filling up the DagBag from /home/anhtupham99/NBA-analytics/py_env/lib/python3.11/site-packages/airflow/example_dags/example_sla_dag.py
[2025-04-16T00:04:40.861+0700] {processor.py:925} INFO - DAG(s) 'example_sla_dag' retrieved from /home/anhtupham99/NBA-analytics/py_env/lib/python3.11/site-packages/airflow/example_dags/example_sla_dag.py
[2025-04-16T00:04:40.877+0700] {logging_mixin.py:190} INFO - [2025-04-16T00:04:40.876+0700] {dag.py:3239} INFO - Sync 1 DAGs
[2025-04-16T00:04:40.896+0700] {logging_mixin.py:190} INFO - [2025-04-16T00:04:40.896+0700] {dag.py:4180} INFO - Setting next_dagrun for example_sla_dag to 2025-04-15 17:02:00+00:00, run_after=2025-04-15 17:04:00+00:00
[2025-04-16T00:04:40.922+0700] {processor.py:208} INFO - Processing /home/anhtupham99/NBA-analytics/py_env/lib/python3.11/site-packages/airflow/example_dags/example_sla_dag.py took 0.083 seconds
[2025-04-16T00:05:29.280+0700] {processor.py:186} INFO - Started process (PID=322434) to work on /home/anhtupham99/NBA-analytics/py_env/lib/python3.11/site-packages/airflow/example_dags/example_sla_dag.py
[2025-04-16T00:05:29.281+0700] {processor.py:914} INFO - Processing file /home/anhtupham99/NBA-analytics/py_env/lib/python3.11/site-packages/airflow/example_dags/example_sla_dag.py for tasks to queue
[2025-04-16T00:05:29.283+0700] {logging_mixin.py:190} INFO - [2025-04-16T00:05:29.283+0700] {dagbag.py:588} INFO - Filling up the DagBag from /home/anhtupham99/NBA-analytics/py_env/lib/python3.11/site-packages/airflow/example_dags/example_sla_dag.py
[2025-04-16T00:05:29.294+0700] {processor.py:925} INFO - DAG(s) 'example_sla_dag' retrieved from /home/anhtupham99/NBA-analytics/py_env/lib/python3.11/site-packages/airflow/example_dags/example_sla_dag.py
[2025-04-16T00:05:29.307+0700] {logging_mixin.py:190} INFO - [2025-04-16T00:05:29.307+0700] {dag.py:3239} INFO - Sync 1 DAGs
[2025-04-16T00:05:29.332+0700] {logging_mixin.py:190} INFO - [2025-04-16T00:05:29.332+0700] {dag.py:4180} INFO - Setting next_dagrun for example_sla_dag to 2025-04-15 17:02:00+00:00, run_after=2025-04-15 17:04:00+00:00
[2025-04-16T00:05:29.359+0700] {processor.py:208} INFO - Processing /home/anhtupham99/NBA-analytics/py_env/lib/python3.11/site-packages/airflow/example_dags/example_sla_dag.py took 0.084 seconds
[2025-04-16T00:06:19.812+0700] {processor.py:186} INFO - Started process (PID=323399) to work on /home/anhtupham99/NBA-analytics/py_env/lib/python3.11/site-packages/airflow/example_dags/example_sla_dag.py
[2025-04-16T00:06:19.813+0700] {processor.py:914} INFO - Processing file /home/anhtupham99/NBA-analytics/py_env/lib/python3.11/site-packages/airflow/example_dags/example_sla_dag.py for tasks to queue
[2025-04-16T00:06:19.814+0700] {logging_mixin.py:190} INFO - [2025-04-16T00:06:19.814+0700] {dagbag.py:588} INFO - Filling up the DagBag from /home/anhtupham99/NBA-analytics/py_env/lib/python3.11/site-packages/airflow/example_dags/example_sla_dag.py
[2025-04-16T00:06:19.822+0700] {processor.py:925} INFO - DAG(s) 'example_sla_dag' retrieved from /home/anhtupham99/NBA-analytics/py_env/lib/python3.11/site-packages/airflow/example_dags/example_sla_dag.py
[2025-04-16T00:06:19.833+0700] {logging_mixin.py:190} INFO - [2025-04-16T00:06:19.833+0700] {dag.py:3239} INFO - Sync 1 DAGs
[2025-04-16T00:06:19.850+0700] {logging_mixin.py:190} INFO - [2025-04-16T00:06:19.850+0700] {dag.py:4180} INFO - Setting next_dagrun for example_sla_dag to 2025-04-15 17:04:00+00:00, run_after=2025-04-15 17:06:00+00:00
[2025-04-16T00:06:19.882+0700] {processor.py:208} INFO - Processing /home/anhtupham99/NBA-analytics/py_env/lib/python3.11/site-packages/airflow/example_dags/example_sla_dag.py took 0.074 seconds
[2025-04-16T00:07:07.010+0700] {processor.py:186} INFO - Started process (PID=324478) to work on /home/anhtupham99/NBA-analytics/py_env/lib/python3.11/site-packages/airflow/example_dags/example_sla_dag.py
[2025-04-16T00:07:07.012+0700] {processor.py:914} INFO - Processing file /home/anhtupham99/NBA-analytics/py_env/lib/python3.11/site-packages/airflow/example_dags/example_sla_dag.py for tasks to queue
[2025-04-16T00:07:07.014+0700] {logging_mixin.py:190} INFO - [2025-04-16T00:07:07.014+0700] {dagbag.py:588} INFO - Filling up the DagBag from /home/anhtupham99/NBA-analytics/py_env/lib/python3.11/site-packages/airflow/example_dags/example_sla_dag.py
[2025-04-16T00:07:07.024+0700] {processor.py:925} INFO - DAG(s) 'example_sla_dag' retrieved from /home/anhtupham99/NBA-analytics/py_env/lib/python3.11/site-packages/airflow/example_dags/example_sla_dag.py
[2025-04-16T00:07:07.038+0700] {logging_mixin.py:190} INFO - [2025-04-16T00:07:07.038+0700] {dag.py:3239} INFO - Sync 1 DAGs
[2025-04-16T00:07:07.058+0700] {logging_mixin.py:190} INFO - [2025-04-16T00:07:07.058+0700] {dag.py:4180} INFO - Setting next_dagrun for example_sla_dag to 2025-04-15 17:04:00+00:00, run_after=2025-04-15 17:06:00+00:00
[2025-04-16T00:07:07.082+0700] {processor.py:208} INFO - Processing /home/anhtupham99/NBA-analytics/py_env/lib/python3.11/site-packages/airflow/example_dags/example_sla_dag.py took 0.077 seconds
[2025-04-16T00:07:54.811+0700] {processor.py:186} INFO - Started process (PID=325375) to work on /home/anhtupham99/NBA-analytics/py_env/lib/python3.11/site-packages/airflow/example_dags/example_sla_dag.py
[2025-04-16T00:07:54.813+0700] {processor.py:914} INFO - Processing file /home/anhtupham99/NBA-analytics/py_env/lib/python3.11/site-packages/airflow/example_dags/example_sla_dag.py for tasks to queue
[2025-04-16T00:07:54.816+0700] {logging_mixin.py:190} INFO - [2025-04-16T00:07:54.815+0700] {dagbag.py:588} INFO - Filling up the DagBag from /home/anhtupham99/NBA-analytics/py_env/lib/python3.11/site-packages/airflow/example_dags/example_sla_dag.py
[2025-04-16T00:07:54.826+0700] {processor.py:925} INFO - DAG(s) 'example_sla_dag' retrieved from /home/anhtupham99/NBA-analytics/py_env/lib/python3.11/site-packages/airflow/example_dags/example_sla_dag.py
[2025-04-16T00:07:54.838+0700] {logging_mixin.py:190} INFO - [2025-04-16T00:07:54.837+0700] {dag.py:3239} INFO - Sync 1 DAGs
[2025-04-16T00:07:54.854+0700] {logging_mixin.py:190} INFO - [2025-04-16T00:07:54.853+0700] {dag.py:4180} INFO - Setting next_dagrun for example_sla_dag to 2025-04-15 17:04:00+00:00, run_after=2025-04-15 17:06:00+00:00
[2025-04-16T00:07:54.876+0700] {processor.py:208} INFO - Processing /home/anhtupham99/NBA-analytics/py_env/lib/python3.11/site-packages/airflow/example_dags/example_sla_dag.py took 0.070 seconds
[2025-04-16T00:08:40.154+0700] {processor.py:186} INFO - Started process (PID=326250) to work on /home/anhtupham99/NBA-analytics/py_env/lib/python3.11/site-packages/airflow/example_dags/example_sla_dag.py
[2025-04-16T00:08:40.155+0700] {processor.py:914} INFO - Processing file /home/anhtupham99/NBA-analytics/py_env/lib/python3.11/site-packages/airflow/example_dags/example_sla_dag.py for tasks to queue
[2025-04-16T00:08:40.157+0700] {logging_mixin.py:190} INFO - [2025-04-16T00:08:40.156+0700] {dagbag.py:588} INFO - Filling up the DagBag from /home/anhtupham99/NBA-analytics/py_env/lib/python3.11/site-packages/airflow/example_dags/example_sla_dag.py
[2025-04-16T00:08:40.165+0700] {processor.py:925} INFO - DAG(s) 'example_sla_dag' retrieved from /home/anhtupham99/NBA-analytics/py_env/lib/python3.11/site-packages/airflow/example_dags/example_sla_dag.py
[2025-04-16T00:08:40.179+0700] {logging_mixin.py:190} INFO - [2025-04-16T00:08:40.178+0700] {dag.py:3239} INFO - Sync 1 DAGs
[2025-04-16T00:08:40.196+0700] {logging_mixin.py:190} INFO - [2025-04-16T00:08:40.196+0700] {dag.py:4180} INFO - Setting next_dagrun for example_sla_dag to 2025-04-15 17:06:00+00:00, run_after=2025-04-15 17:08:00+00:00
[2025-04-16T00:08:40.218+0700] {processor.py:208} INFO - Processing /home/anhtupham99/NBA-analytics/py_env/lib/python3.11/site-packages/airflow/example_dags/example_sla_dag.py took 0.069 seconds
[2025-04-16T00:09:29.037+0700] {processor.py:186} INFO - Started process (PID=327182) to work on /home/anhtupham99/NBA-analytics/py_env/lib/python3.11/site-packages/airflow/example_dags/example_sla_dag.py
[2025-04-16T00:09:29.038+0700] {processor.py:914} INFO - Processing file /home/anhtupham99/NBA-analytics/py_env/lib/python3.11/site-packages/airflow/example_dags/example_sla_dag.py for tasks to queue
[2025-04-16T00:09:29.040+0700] {logging_mixin.py:190} INFO - [2025-04-16T00:09:29.040+0700] {dagbag.py:588} INFO - Filling up the DagBag from /home/anhtupham99/NBA-analytics/py_env/lib/python3.11/site-packages/airflow/example_dags/example_sla_dag.py
[2025-04-16T00:09:29.051+0700] {processor.py:925} INFO - DAG(s) 'example_sla_dag' retrieved from /home/anhtupham99/NBA-analytics/py_env/lib/python3.11/site-packages/airflow/example_dags/example_sla_dag.py
[2025-04-16T00:09:29.065+0700] {logging_mixin.py:190} INFO - [2025-04-16T00:09:29.065+0700] {dag.py:3239} INFO - Sync 1 DAGs
[2025-04-16T00:09:29.083+0700] {logging_mixin.py:190} INFO - [2025-04-16T00:09:29.083+0700] {dag.py:4180} INFO - Setting next_dagrun for example_sla_dag to 2025-04-15 17:06:00+00:00, run_after=2025-04-15 17:08:00+00:00
[2025-04-16T00:09:29.110+0700] {processor.py:208} INFO - Processing /home/anhtupham99/NBA-analytics/py_env/lib/python3.11/site-packages/airflow/example_dags/example_sla_dag.py took 0.079 seconds
[2025-04-16T00:10:16.448+0700] {processor.py:186} INFO - Started process (PID=328361) to work on /home/anhtupham99/NBA-analytics/py_env/lib/python3.11/site-packages/airflow/example_dags/example_sla_dag.py
[2025-04-16T00:10:16.449+0700] {processor.py:914} INFO - Processing file /home/anhtupham99/NBA-analytics/py_env/lib/python3.11/site-packages/airflow/example_dags/example_sla_dag.py for tasks to queue
[2025-04-16T00:10:16.452+0700] {logging_mixin.py:190} INFO - [2025-04-16T00:10:16.451+0700] {dagbag.py:588} INFO - Filling up the DagBag from /home/anhtupham99/NBA-analytics/py_env/lib/python3.11/site-packages/airflow/example_dags/example_sla_dag.py
[2025-04-16T00:10:16.463+0700] {processor.py:925} INFO - DAG(s) 'example_sla_dag' retrieved from /home/anhtupham99/NBA-analytics/py_env/lib/python3.11/site-packages/airflow/example_dags/example_sla_dag.py
[2025-04-16T00:10:16.477+0700] {logging_mixin.py:190} INFO - [2025-04-16T00:10:16.476+0700] {dag.py:3239} INFO - Sync 1 DAGs
[2025-04-16T00:10:16.497+0700] {logging_mixin.py:190} INFO - [2025-04-16T00:10:16.497+0700] {dag.py:4180} INFO - Setting next_dagrun for example_sla_dag to 2025-04-15 17:08:00+00:00, run_after=2025-04-15 17:10:00+00:00
[2025-04-16T00:10:16.523+0700] {processor.py:208} INFO - Processing /home/anhtupham99/NBA-analytics/py_env/lib/python3.11/site-packages/airflow/example_dags/example_sla_dag.py took 0.081 seconds
[2025-04-16T00:11:05.406+0700] {processor.py:186} INFO - Started process (PID=329466) to work on /home/anhtupham99/NBA-analytics/py_env/lib/python3.11/site-packages/airflow/example_dags/example_sla_dag.py
[2025-04-16T00:11:05.407+0700] {processor.py:914} INFO - Processing file /home/anhtupham99/NBA-analytics/py_env/lib/python3.11/site-packages/airflow/example_dags/example_sla_dag.py for tasks to queue
[2025-04-16T00:11:05.409+0700] {logging_mixin.py:190} INFO - [2025-04-16T00:11:05.409+0700] {dagbag.py:588} INFO - Filling up the DagBag from /home/anhtupham99/NBA-analytics/py_env/lib/python3.11/site-packages/airflow/example_dags/example_sla_dag.py
[2025-04-16T00:11:05.419+0700] {processor.py:925} INFO - DAG(s) 'example_sla_dag' retrieved from /home/anhtupham99/NBA-analytics/py_env/lib/python3.11/site-packages/airflow/example_dags/example_sla_dag.py
[2025-04-16T00:11:05.432+0700] {logging_mixin.py:190} INFO - [2025-04-16T00:11:05.432+0700] {dag.py:3239} INFO - Sync 1 DAGs
[2025-04-16T00:11:05.450+0700] {logging_mixin.py:190} INFO - [2025-04-16T00:11:05.450+0700] {dag.py:4180} INFO - Setting next_dagrun for example_sla_dag to 2025-04-15 17:08:00+00:00, run_after=2025-04-15 17:10:00+00:00
[2025-04-16T00:11:05.481+0700] {processor.py:208} INFO - Processing /home/anhtupham99/NBA-analytics/py_env/lib/python3.11/site-packages/airflow/example_dags/example_sla_dag.py took 0.081 seconds
[2025-04-16T00:11:53.983+0700] {processor.py:186} INFO - Started process (PID=330510) to work on /home/anhtupham99/NBA-analytics/py_env/lib/python3.11/site-packages/airflow/example_dags/example_sla_dag.py
[2025-04-16T00:11:53.984+0700] {processor.py:914} INFO - Processing file /home/anhtupham99/NBA-analytics/py_env/lib/python3.11/site-packages/airflow/example_dags/example_sla_dag.py for tasks to queue
[2025-04-16T00:11:53.986+0700] {logging_mixin.py:190} INFO - [2025-04-16T00:11:53.986+0700] {dagbag.py:588} INFO - Filling up the DagBag from /home/anhtupham99/NBA-analytics/py_env/lib/python3.11/site-packages/airflow/example_dags/example_sla_dag.py
[2025-04-16T00:11:53.996+0700] {processor.py:925} INFO - DAG(s) 'example_sla_dag' retrieved from /home/anhtupham99/NBA-analytics/py_env/lib/python3.11/site-packages/airflow/example_dags/example_sla_dag.py
[2025-04-16T00:11:54.008+0700] {logging_mixin.py:190} INFO - [2025-04-16T00:11:54.008+0700] {dag.py:3239} INFO - Sync 1 DAGs
[2025-04-16T00:11:54.023+0700] {logging_mixin.py:190} INFO - [2025-04-16T00:11:54.023+0700] {dag.py:4180} INFO - Setting next_dagrun for example_sla_dag to 2025-04-15 17:08:00+00:00, run_after=2025-04-15 17:10:00+00:00
[2025-04-16T00:11:54.045+0700] {processor.py:208} INFO - Processing /home/anhtupham99/NBA-analytics/py_env/lib/python3.11/site-packages/airflow/example_dags/example_sla_dag.py took 0.066 seconds
[2025-04-16T00:12:37.614+0700] {processor.py:186} INFO - Started process (PID=331966) to work on /home/anhtupham99/NBA-analytics/py_env/lib/python3.11/site-packages/airflow/example_dags/example_sla_dag.py
[2025-04-16T00:12:37.616+0700] {processor.py:914} INFO - Processing file /home/anhtupham99/NBA-analytics/py_env/lib/python3.11/site-packages/airflow/example_dags/example_sla_dag.py for tasks to queue
[2025-04-16T00:12:37.618+0700] {logging_mixin.py:190} INFO - [2025-04-16T00:12:37.618+0700] {dagbag.py:588} INFO - Filling up the DagBag from /home/anhtupham99/NBA-analytics/py_env/lib/python3.11/site-packages/airflow/example_dags/example_sla_dag.py
[2025-04-16T00:12:37.635+0700] {processor.py:925} INFO - DAG(s) 'example_sla_dag' retrieved from /home/anhtupham99/NBA-analytics/py_env/lib/python3.11/site-packages/airflow/example_dags/example_sla_dag.py
[2025-04-16T00:12:37.659+0700] {logging_mixin.py:190} INFO - [2025-04-16T00:12:37.658+0700] {dag.py:3239} INFO - Sync 1 DAGs
[2025-04-16T00:12:37.694+0700] {logging_mixin.py:190} INFO - [2025-04-16T00:12:37.694+0700] {dag.py:4180} INFO - Setting next_dagrun for example_sla_dag to 2025-04-15 17:10:00+00:00, run_after=2025-04-15 17:12:00+00:00
[2025-04-16T00:12:37.734+0700] {processor.py:208} INFO - Processing /home/anhtupham99/NBA-analytics/py_env/lib/python3.11/site-packages/airflow/example_dags/example_sla_dag.py took 0.129 seconds
[2025-04-16T00:13:26.871+0700] {processor.py:186} INFO - Started process (PID=333415) to work on /home/anhtupham99/NBA-analytics/py_env/lib/python3.11/site-packages/airflow/example_dags/example_sla_dag.py
[2025-04-16T00:13:26.872+0700] {processor.py:914} INFO - Processing file /home/anhtupham99/NBA-analytics/py_env/lib/python3.11/site-packages/airflow/example_dags/example_sla_dag.py for tasks to queue
[2025-04-16T00:13:26.873+0700] {logging_mixin.py:190} INFO - [2025-04-16T00:13:26.873+0700] {dagbag.py:588} INFO - Filling up the DagBag from /home/anhtupham99/NBA-analytics/py_env/lib/python3.11/site-packages/airflow/example_dags/example_sla_dag.py
[2025-04-16T00:13:26.882+0700] {processor.py:925} INFO - DAG(s) 'example_sla_dag' retrieved from /home/anhtupham99/NBA-analytics/py_env/lib/python3.11/site-packages/airflow/example_dags/example_sla_dag.py
[2025-04-16T00:13:26.893+0700] {logging_mixin.py:190} INFO - [2025-04-16T00:13:26.893+0700] {dag.py:3239} INFO - Sync 1 DAGs
[2025-04-16T00:13:26.911+0700] {logging_mixin.py:190} INFO - [2025-04-16T00:13:26.911+0700] {dag.py:4180} INFO - Setting next_dagrun for example_sla_dag to 2025-04-15 17:10:00+00:00, run_after=2025-04-15 17:12:00+00:00
[2025-04-16T00:13:26.934+0700] {processor.py:208} INFO - Processing /home/anhtupham99/NBA-analytics/py_env/lib/python3.11/site-packages/airflow/example_dags/example_sla_dag.py took 0.068 seconds
[2025-04-16T00:14:17.066+0700] {processor.py:186} INFO - Started process (PID=335485) to work on /home/anhtupham99/NBA-analytics/py_env/lib/python3.11/site-packages/airflow/example_dags/example_sla_dag.py
[2025-04-16T00:14:17.068+0700] {processor.py:914} INFO - Processing file /home/anhtupham99/NBA-analytics/py_env/lib/python3.11/site-packages/airflow/example_dags/example_sla_dag.py for tasks to queue
[2025-04-16T00:14:17.070+0700] {logging_mixin.py:190} INFO - [2025-04-16T00:14:17.069+0700] {dagbag.py:588} INFO - Filling up the DagBag from /home/anhtupham99/NBA-analytics/py_env/lib/python3.11/site-packages/airflow/example_dags/example_sla_dag.py
[2025-04-16T00:14:17.079+0700] {processor.py:925} INFO - DAG(s) 'example_sla_dag' retrieved from /home/anhtupham99/NBA-analytics/py_env/lib/python3.11/site-packages/airflow/example_dags/example_sla_dag.py
[2025-04-16T00:14:17.091+0700] {logging_mixin.py:190} INFO - [2025-04-16T00:14:17.091+0700] {dag.py:3239} INFO - Sync 1 DAGs
[2025-04-16T00:14:17.109+0700] {logging_mixin.py:190} INFO - [2025-04-16T00:14:17.109+0700] {dag.py:4180} INFO - Setting next_dagrun for example_sla_dag to 2025-04-15 17:12:00+00:00, run_after=2025-04-15 17:14:00+00:00
[2025-04-16T00:14:17.134+0700] {processor.py:208} INFO - Processing /home/anhtupham99/NBA-analytics/py_env/lib/python3.11/site-packages/airflow/example_dags/example_sla_dag.py took 0.073 seconds
[2025-04-16T00:15:06.593+0700] {processor.py:186} INFO - Started process (PID=337581) to work on /home/anhtupham99/NBA-analytics/py_env/lib/python3.11/site-packages/airflow/example_dags/example_sla_dag.py
[2025-04-16T00:15:06.594+0700] {processor.py:914} INFO - Processing file /home/anhtupham99/NBA-analytics/py_env/lib/python3.11/site-packages/airflow/example_dags/example_sla_dag.py for tasks to queue
[2025-04-16T00:15:06.596+0700] {logging_mixin.py:190} INFO - [2025-04-16T00:15:06.596+0700] {dagbag.py:588} INFO - Filling up the DagBag from /home/anhtupham99/NBA-analytics/py_env/lib/python3.11/site-packages/airflow/example_dags/example_sla_dag.py
[2025-04-16T00:15:06.606+0700] {processor.py:925} INFO - DAG(s) 'example_sla_dag' retrieved from /home/anhtupham99/NBA-analytics/py_env/lib/python3.11/site-packages/airflow/example_dags/example_sla_dag.py
[2025-04-16T00:15:06.620+0700] {logging_mixin.py:190} INFO - [2025-04-16T00:15:06.619+0700] {dag.py:3239} INFO - Sync 1 DAGs
[2025-04-16T00:15:06.637+0700] {logging_mixin.py:190} INFO - [2025-04-16T00:15:06.637+0700] {dag.py:4180} INFO - Setting next_dagrun for example_sla_dag to 2025-04-15 17:12:00+00:00, run_after=2025-04-15 17:14:00+00:00
[2025-04-16T00:15:06.664+0700] {processor.py:208} INFO - Processing /home/anhtupham99/NBA-analytics/py_env/lib/python3.11/site-packages/airflow/example_dags/example_sla_dag.py took 0.076 seconds
[2025-04-16T00:15:55.788+0700] {processor.py:186} INFO - Started process (PID=339942) to work on /home/anhtupham99/NBA-analytics/py_env/lib/python3.11/site-packages/airflow/example_dags/example_sla_dag.py
[2025-04-16T00:15:55.790+0700] {processor.py:914} INFO - Processing file /home/anhtupham99/NBA-analytics/py_env/lib/python3.11/site-packages/airflow/example_dags/example_sla_dag.py for tasks to queue
[2025-04-16T00:15:55.793+0700] {logging_mixin.py:190} INFO - [2025-04-16T00:15:55.792+0700] {dagbag.py:588} INFO - Filling up the DagBag from /home/anhtupham99/NBA-analytics/py_env/lib/python3.11/site-packages/airflow/example_dags/example_sla_dag.py
[2025-04-16T00:15:55.804+0700] {processor.py:925} INFO - DAG(s) 'example_sla_dag' retrieved from /home/anhtupham99/NBA-analytics/py_env/lib/python3.11/site-packages/airflow/example_dags/example_sla_dag.py
[2025-04-16T00:15:55.820+0700] {logging_mixin.py:190} INFO - [2025-04-16T00:15:55.820+0700] {dag.py:3239} INFO - Sync 1 DAGs
[2025-04-16T00:15:55.842+0700] {logging_mixin.py:190} INFO - [2025-04-16T00:15:55.841+0700] {dag.py:4180} INFO - Setting next_dagrun for example_sla_dag to 2025-04-15 17:12:00+00:00, run_after=2025-04-15 17:14:00+00:00
[2025-04-16T00:15:55.871+0700] {processor.py:208} INFO - Processing /home/anhtupham99/NBA-analytics/py_env/lib/python3.11/site-packages/airflow/example_dags/example_sla_dag.py took 0.091 seconds
[2025-04-16T00:16:46.871+0700] {processor.py:186} INFO - Started process (PID=342465) to work on /home/anhtupham99/NBA-analytics/py_env/lib/python3.11/site-packages/airflow/example_dags/example_sla_dag.py
[2025-04-16T00:16:46.877+0700] {processor.py:914} INFO - Processing file /home/anhtupham99/NBA-analytics/py_env/lib/python3.11/site-packages/airflow/example_dags/example_sla_dag.py for tasks to queue
[2025-04-16T00:16:46.879+0700] {logging_mixin.py:190} INFO - [2025-04-16T00:16:46.879+0700] {dagbag.py:588} INFO - Filling up the DagBag from /home/anhtupham99/NBA-analytics/py_env/lib/python3.11/site-packages/airflow/example_dags/example_sla_dag.py
[2025-04-16T00:16:46.892+0700] {processor.py:925} INFO - DAG(s) 'example_sla_dag' retrieved from /home/anhtupham99/NBA-analytics/py_env/lib/python3.11/site-packages/airflow/example_dags/example_sla_dag.py
[2025-04-16T00:16:46.908+0700] {logging_mixin.py:190} INFO - [2025-04-16T00:16:46.908+0700] {dag.py:3239} INFO - Sync 1 DAGs
[2025-04-16T00:16:46.928+0700] {logging_mixin.py:190} INFO - [2025-04-16T00:16:46.928+0700] {dag.py:4180} INFO - Setting next_dagrun for example_sla_dag to 2025-04-15 17:14:00+00:00, run_after=2025-04-15 17:16:00+00:00
[2025-04-16T00:16:46.960+0700] {processor.py:208} INFO - Processing /home/anhtupham99/NBA-analytics/py_env/lib/python3.11/site-packages/airflow/example_dags/example_sla_dag.py took 0.096 seconds
[2025-04-16T00:17:36.709+0700] {processor.py:186} INFO - Started process (PID=344408) to work on /home/anhtupham99/NBA-analytics/py_env/lib/python3.11/site-packages/airflow/example_dags/example_sla_dag.py
[2025-04-16T00:17:36.711+0700] {processor.py:914} INFO - Processing file /home/anhtupham99/NBA-analytics/py_env/lib/python3.11/site-packages/airflow/example_dags/example_sla_dag.py for tasks to queue
[2025-04-16T00:17:36.713+0700] {logging_mixin.py:190} INFO - [2025-04-16T00:17:36.712+0700] {dagbag.py:588} INFO - Filling up the DagBag from /home/anhtupham99/NBA-analytics/py_env/lib/python3.11/site-packages/airflow/example_dags/example_sla_dag.py
[2025-04-16T00:17:36.721+0700] {processor.py:925} INFO - DAG(s) 'example_sla_dag' retrieved from /home/anhtupham99/NBA-analytics/py_env/lib/python3.11/site-packages/airflow/example_dags/example_sla_dag.py
[2025-04-16T00:17:36.733+0700] {logging_mixin.py:190} INFO - [2025-04-16T00:17:36.733+0700] {dag.py:3239} INFO - Sync 1 DAGs
[2025-04-16T00:17:36.749+0700] {logging_mixin.py:190} INFO - [2025-04-16T00:17:36.749+0700] {dag.py:4180} INFO - Setting next_dagrun for example_sla_dag to 2025-04-15 17:14:00+00:00, run_after=2025-04-15 17:16:00+00:00
[2025-04-16T00:17:36.770+0700] {processor.py:208} INFO - Processing /home/anhtupham99/NBA-analytics/py_env/lib/python3.11/site-packages/airflow/example_dags/example_sla_dag.py took 0.065 seconds
[2025-04-16T00:18:27.230+0700] {processor.py:186} INFO - Started process (PID=347112) to work on /home/anhtupham99/NBA-analytics/py_env/lib/python3.11/site-packages/airflow/example_dags/example_sla_dag.py
[2025-04-16T00:18:27.231+0700] {processor.py:914} INFO - Processing file /home/anhtupham99/NBA-analytics/py_env/lib/python3.11/site-packages/airflow/example_dags/example_sla_dag.py for tasks to queue
[2025-04-16T00:18:27.233+0700] {logging_mixin.py:190} INFO - [2025-04-16T00:18:27.232+0700] {dagbag.py:588} INFO - Filling up the DagBag from /home/anhtupham99/NBA-analytics/py_env/lib/python3.11/site-packages/airflow/example_dags/example_sla_dag.py
[2025-04-16T00:18:27.242+0700] {processor.py:925} INFO - DAG(s) 'example_sla_dag' retrieved from /home/anhtupham99/NBA-analytics/py_env/lib/python3.11/site-packages/airflow/example_dags/example_sla_dag.py
[2025-04-16T00:18:27.256+0700] {logging_mixin.py:190} INFO - [2025-04-16T00:18:27.256+0700] {dag.py:3239} INFO - Sync 1 DAGs
[2025-04-16T00:18:27.278+0700] {logging_mixin.py:190} INFO - [2025-04-16T00:18:27.278+0700] {dag.py:4180} INFO - Setting next_dagrun for example_sla_dag to 2025-04-15 17:16:00+00:00, run_after=2025-04-15 17:18:00+00:00
[2025-04-16T00:18:27.306+0700] {processor.py:208} INFO - Processing /home/anhtupham99/NBA-analytics/py_env/lib/python3.11/site-packages/airflow/example_dags/example_sla_dag.py took 0.082 seconds
[2025-04-16T00:19:15.858+0700] {processor.py:186} INFO - Started process (PID=349271) to work on /home/anhtupham99/NBA-analytics/py_env/lib/python3.11/site-packages/airflow/example_dags/example_sla_dag.py
[2025-04-16T00:19:15.860+0700] {processor.py:914} INFO - Processing file /home/anhtupham99/NBA-analytics/py_env/lib/python3.11/site-packages/airflow/example_dags/example_sla_dag.py for tasks to queue
[2025-04-16T00:19:15.862+0700] {logging_mixin.py:190} INFO - [2025-04-16T00:19:15.862+0700] {dagbag.py:588} INFO - Filling up the DagBag from /home/anhtupham99/NBA-analytics/py_env/lib/python3.11/site-packages/airflow/example_dags/example_sla_dag.py
[2025-04-16T00:19:15.872+0700] {processor.py:925} INFO - DAG(s) 'example_sla_dag' retrieved from /home/anhtupham99/NBA-analytics/py_env/lib/python3.11/site-packages/airflow/example_dags/example_sla_dag.py
[2025-04-16T00:19:15.885+0700] {logging_mixin.py:190} INFO - [2025-04-16T00:19:15.885+0700] {dag.py:3239} INFO - Sync 1 DAGs
[2025-04-16T00:19:15.906+0700] {logging_mixin.py:190} INFO - [2025-04-16T00:19:15.906+0700] {dag.py:4180} INFO - Setting next_dagrun for example_sla_dag to 2025-04-15 17:16:00+00:00, run_after=2025-04-15 17:18:00+00:00
[2025-04-16T00:19:15.940+0700] {processor.py:208} INFO - Processing /home/anhtupham99/NBA-analytics/py_env/lib/python3.11/site-packages/airflow/example_dags/example_sla_dag.py took 0.087 seconds
[2025-04-16T00:20:05.631+0700] {processor.py:186} INFO - Started process (PID=351331) to work on /home/anhtupham99/NBA-analytics/py_env/lib/python3.11/site-packages/airflow/example_dags/example_sla_dag.py
[2025-04-16T00:20:05.632+0700] {processor.py:914} INFO - Processing file /home/anhtupham99/NBA-analytics/py_env/lib/python3.11/site-packages/airflow/example_dags/example_sla_dag.py for tasks to queue
[2025-04-16T00:20:05.634+0700] {logging_mixin.py:190} INFO - [2025-04-16T00:20:05.634+0700] {dagbag.py:588} INFO - Filling up the DagBag from /home/anhtupham99/NBA-analytics/py_env/lib/python3.11/site-packages/airflow/example_dags/example_sla_dag.py
[2025-04-16T00:20:05.644+0700] {processor.py:925} INFO - DAG(s) 'example_sla_dag' retrieved from /home/anhtupham99/NBA-analytics/py_env/lib/python3.11/site-packages/airflow/example_dags/example_sla_dag.py
[2025-04-16T00:20:05.656+0700] {logging_mixin.py:190} INFO - [2025-04-16T00:20:05.656+0700] {dag.py:3239} INFO - Sync 1 DAGs
[2025-04-16T00:20:05.672+0700] {logging_mixin.py:190} INFO - [2025-04-16T00:20:05.672+0700] {dag.py:4180} INFO - Setting next_dagrun for example_sla_dag to 2025-04-15 17:18:00+00:00, run_after=2025-04-15 17:20:00+00:00
[2025-04-16T00:20:05.694+0700] {processor.py:208} INFO - Processing /home/anhtupham99/NBA-analytics/py_env/lib/python3.11/site-packages/airflow/example_dags/example_sla_dag.py took 0.068 seconds
[2025-04-16T00:20:54.052+0700] {processor.py:186} INFO - Started process (PID=353039) to work on /home/anhtupham99/NBA-analytics/py_env/lib/python3.11/site-packages/airflow/example_dags/example_sla_dag.py
[2025-04-16T00:20:54.054+0700] {processor.py:914} INFO - Processing file /home/anhtupham99/NBA-analytics/py_env/lib/python3.11/site-packages/airflow/example_dags/example_sla_dag.py for tasks to queue
[2025-04-16T00:20:54.057+0700] {logging_mixin.py:190} INFO - [2025-04-16T00:20:54.057+0700] {dagbag.py:588} INFO - Filling up the DagBag from /home/anhtupham99/NBA-analytics/py_env/lib/python3.11/site-packages/airflow/example_dags/example_sla_dag.py
[2025-04-16T00:20:54.072+0700] {processor.py:925} INFO - DAG(s) 'example_sla_dag' retrieved from /home/anhtupham99/NBA-analytics/py_env/lib/python3.11/site-packages/airflow/example_dags/example_sla_dag.py
[2025-04-16T00:20:54.090+0700] {logging_mixin.py:190} INFO - [2025-04-16T00:20:54.090+0700] {dag.py:3239} INFO - Sync 1 DAGs
[2025-04-16T00:20:54.122+0700] {logging_mixin.py:190} INFO - [2025-04-16T00:20:54.122+0700] {dag.py:4180} INFO - Setting next_dagrun for example_sla_dag to 2025-04-15 17:18:00+00:00, run_after=2025-04-15 17:20:00+00:00
[2025-04-16T00:20:54.153+0700] {processor.py:208} INFO - Processing /home/anhtupham99/NBA-analytics/py_env/lib/python3.11/site-packages/airflow/example_dags/example_sla_dag.py took 0.107 seconds
[2025-04-16T00:21:45.042+0700] {processor.py:186} INFO - Started process (PID=355052) to work on /home/anhtupham99/NBA-analytics/py_env/lib/python3.11/site-packages/airflow/example_dags/example_sla_dag.py
[2025-04-16T00:21:45.043+0700] {processor.py:914} INFO - Processing file /home/anhtupham99/NBA-analytics/py_env/lib/python3.11/site-packages/airflow/example_dags/example_sla_dag.py for tasks to queue
[2025-04-16T00:21:45.045+0700] {logging_mixin.py:190} INFO - [2025-04-16T00:21:45.045+0700] {dagbag.py:588} INFO - Filling up the DagBag from /home/anhtupham99/NBA-analytics/py_env/lib/python3.11/site-packages/airflow/example_dags/example_sla_dag.py
[2025-04-16T00:21:45.055+0700] {processor.py:925} INFO - DAG(s) 'example_sla_dag' retrieved from /home/anhtupham99/NBA-analytics/py_env/lib/python3.11/site-packages/airflow/example_dags/example_sla_dag.py
[2025-04-16T00:21:45.069+0700] {logging_mixin.py:190} INFO - [2025-04-16T00:21:45.069+0700] {dag.py:3239} INFO - Sync 1 DAGs
[2025-04-16T00:21:45.089+0700] {logging_mixin.py:190} INFO - [2025-04-16T00:21:45.089+0700] {dag.py:4180} INFO - Setting next_dagrun for example_sla_dag to 2025-04-15 17:18:00+00:00, run_after=2025-04-15 17:20:00+00:00
[2025-04-16T00:21:45.117+0700] {processor.py:208} INFO - Processing /home/anhtupham99/NBA-analytics/py_env/lib/python3.11/site-packages/airflow/example_dags/example_sla_dag.py took 0.081 seconds
[2025-04-16T00:22:37.458+0700] {processor.py:186} INFO - Started process (PID=356983) to work on /home/anhtupham99/NBA-analytics/py_env/lib/python3.11/site-packages/airflow/example_dags/example_sla_dag.py
[2025-04-16T00:22:37.460+0700] {processor.py:914} INFO - Processing file /home/anhtupham99/NBA-analytics/py_env/lib/python3.11/site-packages/airflow/example_dags/example_sla_dag.py for tasks to queue
[2025-04-16T00:22:37.462+0700] {logging_mixin.py:190} INFO - [2025-04-16T00:22:37.461+0700] {dagbag.py:588} INFO - Filling up the DagBag from /home/anhtupham99/NBA-analytics/py_env/lib/python3.11/site-packages/airflow/example_dags/example_sla_dag.py
[2025-04-16T00:22:37.470+0700] {processor.py:925} INFO - DAG(s) 'example_sla_dag' retrieved from /home/anhtupham99/NBA-analytics/py_env/lib/python3.11/site-packages/airflow/example_dags/example_sla_dag.py
[2025-04-16T00:22:37.483+0700] {logging_mixin.py:190} INFO - [2025-04-16T00:22:37.483+0700] {dag.py:3239} INFO - Sync 1 DAGs
[2025-04-16T00:22:37.501+0700] {logging_mixin.py:190} INFO - [2025-04-16T00:22:37.501+0700] {dag.py:4180} INFO - Setting next_dagrun for example_sla_dag to 2025-04-15 17:20:00+00:00, run_after=2025-04-15 17:22:00+00:00
[2025-04-16T00:22:37.525+0700] {processor.py:208} INFO - Processing /home/anhtupham99/NBA-analytics/py_env/lib/python3.11/site-packages/airflow/example_dags/example_sla_dag.py took 0.072 seconds
[2025-04-16T00:23:25.675+0700] {processor.py:186} INFO - Started process (PID=358334) to work on /home/anhtupham99/NBA-analytics/py_env/lib/python3.11/site-packages/airflow/example_dags/example_sla_dag.py
[2025-04-16T00:23:25.676+0700] {processor.py:914} INFO - Processing file /home/anhtupham99/NBA-analytics/py_env/lib/python3.11/site-packages/airflow/example_dags/example_sla_dag.py for tasks to queue
[2025-04-16T00:23:25.678+0700] {logging_mixin.py:190} INFO - [2025-04-16T00:23:25.677+0700] {dagbag.py:588} INFO - Filling up the DagBag from /home/anhtupham99/NBA-analytics/py_env/lib/python3.11/site-packages/airflow/example_dags/example_sla_dag.py
[2025-04-16T00:23:25.687+0700] {processor.py:925} INFO - DAG(s) 'example_sla_dag' retrieved from /home/anhtupham99/NBA-analytics/py_env/lib/python3.11/site-packages/airflow/example_dags/example_sla_dag.py
[2025-04-16T00:23:25.700+0700] {logging_mixin.py:190} INFO - [2025-04-16T00:23:25.699+0700] {dag.py:3239} INFO - Sync 1 DAGs
[2025-04-16T00:23:25.716+0700] {logging_mixin.py:190} INFO - [2025-04-16T00:23:25.716+0700] {dag.py:4180} INFO - Setting next_dagrun for example_sla_dag to 2025-04-15 17:20:00+00:00, run_after=2025-04-15 17:22:00+00:00
[2025-04-16T00:23:25.740+0700] {processor.py:208} INFO - Processing /home/anhtupham99/NBA-analytics/py_env/lib/python3.11/site-packages/airflow/example_dags/example_sla_dag.py took 0.070 seconds
[2025-04-16T00:24:10.200+0700] {processor.py:186} INFO - Started process (PID=359940) to work on /home/anhtupham99/NBA-analytics/py_env/lib/python3.11/site-packages/airflow/example_dags/example_sla_dag.py
[2025-04-16T00:24:10.201+0700] {processor.py:914} INFO - Processing file /home/anhtupham99/NBA-analytics/py_env/lib/python3.11/site-packages/airflow/example_dags/example_sla_dag.py for tasks to queue
[2025-04-16T00:24:10.203+0700] {logging_mixin.py:190} INFO - [2025-04-16T00:24:10.203+0700] {dagbag.py:588} INFO - Filling up the DagBag from /home/anhtupham99/NBA-analytics/py_env/lib/python3.11/site-packages/airflow/example_dags/example_sla_dag.py
[2025-04-16T00:24:10.214+0700] {processor.py:925} INFO - DAG(s) 'example_sla_dag' retrieved from /home/anhtupham99/NBA-analytics/py_env/lib/python3.11/site-packages/airflow/example_dags/example_sla_dag.py
[2025-04-16T00:24:10.230+0700] {logging_mixin.py:190} INFO - [2025-04-16T00:24:10.230+0700] {dag.py:3239} INFO - Sync 1 DAGs
[2025-04-16T00:24:10.252+0700] {logging_mixin.py:190} INFO - [2025-04-16T00:24:10.252+0700] {dag.py:4180} INFO - Setting next_dagrun for example_sla_dag to 2025-04-15 17:22:00+00:00, run_after=2025-04-15 17:24:00+00:00
[2025-04-16T00:24:10.280+0700] {processor.py:208} INFO - Processing /home/anhtupham99/NBA-analytics/py_env/lib/python3.11/site-packages/airflow/example_dags/example_sla_dag.py took 0.087 seconds
[2025-04-16T00:25:02.399+0700] {processor.py:186} INFO - Started process (PID=362036) to work on /home/anhtupham99/NBA-analytics/py_env/lib/python3.11/site-packages/airflow/example_dags/example_sla_dag.py
[2025-04-16T00:25:02.401+0700] {processor.py:914} INFO - Processing file /home/anhtupham99/NBA-analytics/py_env/lib/python3.11/site-packages/airflow/example_dags/example_sla_dag.py for tasks to queue
[2025-04-16T00:25:02.403+0700] {logging_mixin.py:190} INFO - [2025-04-16T00:25:02.403+0700] {dagbag.py:588} INFO - Filling up the DagBag from /home/anhtupham99/NBA-analytics/py_env/lib/python3.11/site-packages/airflow/example_dags/example_sla_dag.py
[2025-04-16T00:25:02.413+0700] {processor.py:925} INFO - DAG(s) 'example_sla_dag' retrieved from /home/anhtupham99/NBA-analytics/py_env/lib/python3.11/site-packages/airflow/example_dags/example_sla_dag.py
[2025-04-16T00:25:02.425+0700] {logging_mixin.py:190} INFO - [2025-04-16T00:25:02.425+0700] {dag.py:3239} INFO - Sync 1 DAGs
[2025-04-16T00:25:02.440+0700] {logging_mixin.py:190} INFO - [2025-04-16T00:25:02.440+0700] {dag.py:4180} INFO - Setting next_dagrun for example_sla_dag to 2025-04-15 17:22:00+00:00, run_after=2025-04-15 17:24:00+00:00
[2025-04-16T00:25:02.462+0700] {processor.py:208} INFO - Processing /home/anhtupham99/NBA-analytics/py_env/lib/python3.11/site-packages/airflow/example_dags/example_sla_dag.py took 0.067 seconds
[2025-04-16T00:25:50.479+0700] {processor.py:186} INFO - Started process (PID=363859) to work on /home/anhtupham99/NBA-analytics/py_env/lib/python3.11/site-packages/airflow/example_dags/example_sla_dag.py
[2025-04-16T00:25:50.480+0700] {processor.py:914} INFO - Processing file /home/anhtupham99/NBA-analytics/py_env/lib/python3.11/site-packages/airflow/example_dags/example_sla_dag.py for tasks to queue
[2025-04-16T00:25:50.482+0700] {logging_mixin.py:190} INFO - [2025-04-16T00:25:50.482+0700] {dagbag.py:588} INFO - Filling up the DagBag from /home/anhtupham99/NBA-analytics/py_env/lib/python3.11/site-packages/airflow/example_dags/example_sla_dag.py
[2025-04-16T00:25:50.493+0700] {processor.py:925} INFO - DAG(s) 'example_sla_dag' retrieved from /home/anhtupham99/NBA-analytics/py_env/lib/python3.11/site-packages/airflow/example_dags/example_sla_dag.py
[2025-04-16T00:25:50.512+0700] {logging_mixin.py:190} INFO - [2025-04-16T00:25:50.512+0700] {dag.py:3239} INFO - Sync 1 DAGs
[2025-04-16T00:25:50.535+0700] {logging_mixin.py:190} INFO - [2025-04-16T00:25:50.535+0700] {dag.py:4180} INFO - Setting next_dagrun for example_sla_dag to 2025-04-15 17:22:00+00:00, run_after=2025-04-15 17:24:00+00:00
[2025-04-16T00:25:50.562+0700] {processor.py:208} INFO - Processing /home/anhtupham99/NBA-analytics/py_env/lib/python3.11/site-packages/airflow/example_dags/example_sla_dag.py took 0.089 seconds
[2025-04-16T00:26:38.139+0700] {processor.py:186} INFO - Started process (PID=364981) to work on /home/anhtupham99/NBA-analytics/py_env/lib/python3.11/site-packages/airflow/example_dags/example_sla_dag.py
[2025-04-16T00:26:38.140+0700] {processor.py:914} INFO - Processing file /home/anhtupham99/NBA-analytics/py_env/lib/python3.11/site-packages/airflow/example_dags/example_sla_dag.py for tasks to queue
[2025-04-16T00:26:38.142+0700] {logging_mixin.py:190} INFO - [2025-04-16T00:26:38.142+0700] {dagbag.py:588} INFO - Filling up the DagBag from /home/anhtupham99/NBA-analytics/py_env/lib/python3.11/site-packages/airflow/example_dags/example_sla_dag.py
[2025-04-16T00:26:38.150+0700] {processor.py:925} INFO - DAG(s) 'example_sla_dag' retrieved from /home/anhtupham99/NBA-analytics/py_env/lib/python3.11/site-packages/airflow/example_dags/example_sla_dag.py
[2025-04-16T00:26:38.161+0700] {logging_mixin.py:190} INFO - [2025-04-16T00:26:38.161+0700] {dag.py:3239} INFO - Sync 1 DAGs
[2025-04-16T00:26:38.177+0700] {logging_mixin.py:190} INFO - [2025-04-16T00:26:38.176+0700] {dag.py:4180} INFO - Setting next_dagrun for example_sla_dag to 2025-04-15 17:24:00+00:00, run_after=2025-04-15 17:26:00+00:00
[2025-04-16T00:26:38.200+0700] {processor.py:208} INFO - Processing /home/anhtupham99/NBA-analytics/py_env/lib/python3.11/site-packages/airflow/example_dags/example_sla_dag.py took 0.065 seconds
[2025-04-16T00:27:26.469+0700] {processor.py:186} INFO - Started process (PID=366111) to work on /home/anhtupham99/NBA-analytics/py_env/lib/python3.11/site-packages/airflow/example_dags/example_sla_dag.py
[2025-04-16T00:27:26.470+0700] {processor.py:914} INFO - Processing file /home/anhtupham99/NBA-analytics/py_env/lib/python3.11/site-packages/airflow/example_dags/example_sla_dag.py for tasks to queue
[2025-04-16T00:27:26.472+0700] {logging_mixin.py:190} INFO - [2025-04-16T00:27:26.472+0700] {dagbag.py:588} INFO - Filling up the DagBag from /home/anhtupham99/NBA-analytics/py_env/lib/python3.11/site-packages/airflow/example_dags/example_sla_dag.py
[2025-04-16T00:27:26.480+0700] {processor.py:925} INFO - DAG(s) 'example_sla_dag' retrieved from /home/anhtupham99/NBA-analytics/py_env/lib/python3.11/site-packages/airflow/example_dags/example_sla_dag.py
[2025-04-16T00:27:26.490+0700] {logging_mixin.py:190} INFO - [2025-04-16T00:27:26.490+0700] {dag.py:3239} INFO - Sync 1 DAGs
[2025-04-16T00:27:26.505+0700] {logging_mixin.py:190} INFO - [2025-04-16T00:27:26.505+0700] {dag.py:4180} INFO - Setting next_dagrun for example_sla_dag to 2025-04-15 17:24:00+00:00, run_after=2025-04-15 17:26:00+00:00
[2025-04-16T00:27:26.527+0700] {processor.py:208} INFO - Processing /home/anhtupham99/NBA-analytics/py_env/lib/python3.11/site-packages/airflow/example_dags/example_sla_dag.py took 0.063 seconds
[2025-04-16T00:28:15.309+0700] {processor.py:186} INFO - Started process (PID=367482) to work on /home/anhtupham99/NBA-analytics/py_env/lib/python3.11/site-packages/airflow/example_dags/example_sla_dag.py
[2025-04-16T00:28:15.311+0700] {processor.py:914} INFO - Processing file /home/anhtupham99/NBA-analytics/py_env/lib/python3.11/site-packages/airflow/example_dags/example_sla_dag.py for tasks to queue
[2025-04-16T00:28:15.313+0700] {logging_mixin.py:190} INFO - [2025-04-16T00:28:15.313+0700] {dagbag.py:588} INFO - Filling up the DagBag from /home/anhtupham99/NBA-analytics/py_env/lib/python3.11/site-packages/airflow/example_dags/example_sla_dag.py
[2025-04-16T00:28:15.326+0700] {processor.py:925} INFO - DAG(s) 'example_sla_dag' retrieved from /home/anhtupham99/NBA-analytics/py_env/lib/python3.11/site-packages/airflow/example_dags/example_sla_dag.py
[2025-04-16T00:28:15.344+0700] {logging_mixin.py:190} INFO - [2025-04-16T00:28:15.344+0700] {dag.py:3239} INFO - Sync 1 DAGs
[2025-04-16T00:28:15.369+0700] {logging_mixin.py:190} INFO - [2025-04-16T00:28:15.369+0700] {dag.py:4180} INFO - Setting next_dagrun for example_sla_dag to 2025-04-15 17:26:00+00:00, run_after=2025-04-15 17:28:00+00:00
[2025-04-16T00:28:15.397+0700] {processor.py:208} INFO - Processing /home/anhtupham99/NBA-analytics/py_env/lib/python3.11/site-packages/airflow/example_dags/example_sla_dag.py took 0.095 seconds
[2025-04-16T00:29:01.447+0700] {processor.py:186} INFO - Started process (PID=368486) to work on /home/anhtupham99/NBA-analytics/py_env/lib/python3.11/site-packages/airflow/example_dags/example_sla_dag.py
[2025-04-16T00:29:01.448+0700] {processor.py:914} INFO - Processing file /home/anhtupham99/NBA-analytics/py_env/lib/python3.11/site-packages/airflow/example_dags/example_sla_dag.py for tasks to queue
[2025-04-16T00:29:01.450+0700] {logging_mixin.py:190} INFO - [2025-04-16T00:29:01.450+0700] {dagbag.py:588} INFO - Filling up the DagBag from /home/anhtupham99/NBA-analytics/py_env/lib/python3.11/site-packages/airflow/example_dags/example_sla_dag.py
[2025-04-16T00:29:01.460+0700] {processor.py:925} INFO - DAG(s) 'example_sla_dag' retrieved from /home/anhtupham99/NBA-analytics/py_env/lib/python3.11/site-packages/airflow/example_dags/example_sla_dag.py
[2025-04-16T00:29:01.473+0700] {logging_mixin.py:190} INFO - [2025-04-16T00:29:01.473+0700] {dag.py:3239} INFO - Sync 1 DAGs
[2025-04-16T00:29:01.493+0700] {logging_mixin.py:190} INFO - [2025-04-16T00:29:01.493+0700] {dag.py:4180} INFO - Setting next_dagrun for example_sla_dag to 2025-04-15 17:26:00+00:00, run_after=2025-04-15 17:28:00+00:00
[2025-04-16T00:29:01.521+0700] {processor.py:208} INFO - Processing /home/anhtupham99/NBA-analytics/py_env/lib/python3.11/site-packages/airflow/example_dags/example_sla_dag.py took 0.080 seconds
[2025-04-16T00:29:49.911+0700] {processor.py:186} INFO - Started process (PID=369663) to work on /home/anhtupham99/NBA-analytics/py_env/lib/python3.11/site-packages/airflow/example_dags/example_sla_dag.py
[2025-04-16T00:29:49.912+0700] {processor.py:914} INFO - Processing file /home/anhtupham99/NBA-analytics/py_env/lib/python3.11/site-packages/airflow/example_dags/example_sla_dag.py for tasks to queue
[2025-04-16T00:29:49.914+0700] {logging_mixin.py:190} INFO - [2025-04-16T00:29:49.914+0700] {dagbag.py:588} INFO - Filling up the DagBag from /home/anhtupham99/NBA-analytics/py_env/lib/python3.11/site-packages/airflow/example_dags/example_sla_dag.py
[2025-04-16T00:29:49.922+0700] {processor.py:925} INFO - DAG(s) 'example_sla_dag' retrieved from /home/anhtupham99/NBA-analytics/py_env/lib/python3.11/site-packages/airflow/example_dags/example_sla_dag.py
[2025-04-16T00:29:49.934+0700] {logging_mixin.py:190} INFO - [2025-04-16T00:29:49.934+0700] {dag.py:3239} INFO - Sync 1 DAGs
[2025-04-16T00:29:49.950+0700] {logging_mixin.py:190} INFO - [2025-04-16T00:29:49.950+0700] {dag.py:4180} INFO - Setting next_dagrun for example_sla_dag to 2025-04-15 17:26:00+00:00, run_after=2025-04-15 17:28:00+00:00
[2025-04-16T00:29:49.971+0700] {processor.py:208} INFO - Processing /home/anhtupham99/NBA-analytics/py_env/lib/python3.11/site-packages/airflow/example_dags/example_sla_dag.py took 0.065 seconds
[2025-04-16T00:30:38.231+0700] {processor.py:186} INFO - Started process (PID=370755) to work on /home/anhtupham99/NBA-analytics/py_env/lib/python3.11/site-packages/airflow/example_dags/example_sla_dag.py
[2025-04-16T00:30:38.232+0700] {processor.py:914} INFO - Processing file /home/anhtupham99/NBA-analytics/py_env/lib/python3.11/site-packages/airflow/example_dags/example_sla_dag.py for tasks to queue
[2025-04-16T00:30:38.234+0700] {logging_mixin.py:190} INFO - [2025-04-16T00:30:38.234+0700] {dagbag.py:588} INFO - Filling up the DagBag from /home/anhtupham99/NBA-analytics/py_env/lib/python3.11/site-packages/airflow/example_dags/example_sla_dag.py
[2025-04-16T00:30:38.242+0700] {processor.py:925} INFO - DAG(s) 'example_sla_dag' retrieved from /home/anhtupham99/NBA-analytics/py_env/lib/python3.11/site-packages/airflow/example_dags/example_sla_dag.py
[2025-04-16T00:30:38.252+0700] {logging_mixin.py:190} INFO - [2025-04-16T00:30:38.252+0700] {dag.py:3239} INFO - Sync 1 DAGs
[2025-04-16T00:30:38.267+0700] {logging_mixin.py:190} INFO - [2025-04-16T00:30:38.267+0700] {dag.py:4180} INFO - Setting next_dagrun for example_sla_dag to 2025-04-15 17:28:00+00:00, run_after=2025-04-15 17:30:00+00:00
[2025-04-16T00:30:38.289+0700] {processor.py:208} INFO - Processing /home/anhtupham99/NBA-analytics/py_env/lib/python3.11/site-packages/airflow/example_dags/example_sla_dag.py took 0.062 seconds
[2025-04-16T00:31:25.342+0700] {processor.py:186} INFO - Started process (PID=372146) to work on /home/anhtupham99/NBA-analytics/py_env/lib/python3.11/site-packages/airflow/example_dags/example_sla_dag.py
[2025-04-16T00:31:25.343+0700] {processor.py:914} INFO - Processing file /home/anhtupham99/NBA-analytics/py_env/lib/python3.11/site-packages/airflow/example_dags/example_sla_dag.py for tasks to queue
[2025-04-16T00:31:25.345+0700] {logging_mixin.py:190} INFO - [2025-04-16T00:31:25.344+0700] {dagbag.py:588} INFO - Filling up the DagBag from /home/anhtupham99/NBA-analytics/py_env/lib/python3.11/site-packages/airflow/example_dags/example_sla_dag.py
[2025-04-16T00:31:25.354+0700] {processor.py:925} INFO - DAG(s) 'example_sla_dag' retrieved from /home/anhtupham99/NBA-analytics/py_env/lib/python3.11/site-packages/airflow/example_dags/example_sla_dag.py
[2025-04-16T00:31:25.366+0700] {logging_mixin.py:190} INFO - [2025-04-16T00:31:25.366+0700] {dag.py:3239} INFO - Sync 1 DAGs
[2025-04-16T00:31:25.383+0700] {logging_mixin.py:190} INFO - [2025-04-16T00:31:25.383+0700] {dag.py:4180} INFO - Setting next_dagrun for example_sla_dag to 2025-04-15 17:28:00+00:00, run_after=2025-04-15 17:30:00+00:00
[2025-04-16T00:31:25.406+0700] {processor.py:208} INFO - Processing /home/anhtupham99/NBA-analytics/py_env/lib/python3.11/site-packages/airflow/example_dags/example_sla_dag.py took 0.070 seconds
[2025-04-16T00:32:09.164+0700] {processor.py:186} INFO - Started process (PID=373203) to work on /home/anhtupham99/NBA-analytics/py_env/lib/python3.11/site-packages/airflow/example_dags/example_sla_dag.py
[2025-04-16T00:32:09.166+0700] {processor.py:914} INFO - Processing file /home/anhtupham99/NBA-analytics/py_env/lib/python3.11/site-packages/airflow/example_dags/example_sla_dag.py for tasks to queue
[2025-04-16T00:32:09.167+0700] {logging_mixin.py:190} INFO - [2025-04-16T00:32:09.167+0700] {dagbag.py:588} INFO - Filling up the DagBag from /home/anhtupham99/NBA-analytics/py_env/lib/python3.11/site-packages/airflow/example_dags/example_sla_dag.py
[2025-04-16T00:32:09.175+0700] {processor.py:925} INFO - DAG(s) 'example_sla_dag' retrieved from /home/anhtupham99/NBA-analytics/py_env/lib/python3.11/site-packages/airflow/example_dags/example_sla_dag.py
[2025-04-16T00:32:09.185+0700] {logging_mixin.py:190} INFO - [2025-04-16T00:32:09.185+0700] {dag.py:3239} INFO - Sync 1 DAGs
[2025-04-16T00:32:09.200+0700] {logging_mixin.py:190} INFO - [2025-04-16T00:32:09.200+0700] {dag.py:4180} INFO - Setting next_dagrun for example_sla_dag to 2025-04-15 17:30:00+00:00, run_after=2025-04-15 17:32:00+00:00
[2025-04-16T00:32:09.236+0700] {processor.py:208} INFO - Processing /home/anhtupham99/NBA-analytics/py_env/lib/python3.11/site-packages/airflow/example_dags/example_sla_dag.py took 0.076 seconds
[2025-04-16T00:32:55.093+0700] {processor.py:186} INFO - Started process (PID=374423) to work on /home/anhtupham99/NBA-analytics/py_env/lib/python3.11/site-packages/airflow/example_dags/example_sla_dag.py
[2025-04-16T00:32:55.095+0700] {processor.py:914} INFO - Processing file /home/anhtupham99/NBA-analytics/py_env/lib/python3.11/site-packages/airflow/example_dags/example_sla_dag.py for tasks to queue
[2025-04-16T00:32:55.097+0700] {logging_mixin.py:190} INFO - [2025-04-16T00:32:55.097+0700] {dagbag.py:588} INFO - Filling up the DagBag from /home/anhtupham99/NBA-analytics/py_env/lib/python3.11/site-packages/airflow/example_dags/example_sla_dag.py
[2025-04-16T00:32:55.104+0700] {processor.py:925} INFO - DAG(s) 'example_sla_dag' retrieved from /home/anhtupham99/NBA-analytics/py_env/lib/python3.11/site-packages/airflow/example_dags/example_sla_dag.py
[2025-04-16T00:32:55.114+0700] {logging_mixin.py:190} INFO - [2025-04-16T00:32:55.114+0700] {dag.py:3239} INFO - Sync 1 DAGs
[2025-04-16T00:32:55.130+0700] {logging_mixin.py:190} INFO - [2025-04-16T00:32:55.130+0700] {dag.py:4180} INFO - Setting next_dagrun for example_sla_dag to 2025-04-15 17:30:00+00:00, run_after=2025-04-15 17:32:00+00:00
[2025-04-16T00:32:55.155+0700] {processor.py:208} INFO - Processing /home/anhtupham99/NBA-analytics/py_env/lib/python3.11/site-packages/airflow/example_dags/example_sla_dag.py took 0.066 seconds
[2025-04-16T00:33:42.957+0700] {processor.py:186} INFO - Started process (PID=375461) to work on /home/anhtupham99/NBA-analytics/py_env/lib/python3.11/site-packages/airflow/example_dags/example_sla_dag.py
[2025-04-16T00:33:42.958+0700] {processor.py:914} INFO - Processing file /home/anhtupham99/NBA-analytics/py_env/lib/python3.11/site-packages/airflow/example_dags/example_sla_dag.py for tasks to queue
[2025-04-16T00:33:42.959+0700] {logging_mixin.py:190} INFO - [2025-04-16T00:33:42.959+0700] {dagbag.py:588} INFO - Filling up the DagBag from /home/anhtupham99/NBA-analytics/py_env/lib/python3.11/site-packages/airflow/example_dags/example_sla_dag.py
[2025-04-16T00:33:42.968+0700] {processor.py:925} INFO - DAG(s) 'example_sla_dag' retrieved from /home/anhtupham99/NBA-analytics/py_env/lib/python3.11/site-packages/airflow/example_dags/example_sla_dag.py
[2025-04-16T00:33:42.978+0700] {logging_mixin.py:190} INFO - [2025-04-16T00:33:42.978+0700] {dag.py:3239} INFO - Sync 1 DAGs
[2025-04-16T00:33:42.994+0700] {logging_mixin.py:190} INFO - [2025-04-16T00:33:42.994+0700] {dag.py:4180} INFO - Setting next_dagrun for example_sla_dag to 2025-04-15 17:30:00+00:00, run_after=2025-04-15 17:32:00+00:00
[2025-04-16T00:33:43.016+0700] {processor.py:208} INFO - Processing /home/anhtupham99/NBA-analytics/py_env/lib/python3.11/site-packages/airflow/example_dags/example_sla_dag.py took 0.064 seconds
[2025-04-16T00:34:32.061+0700] {processor.py:186} INFO - Started process (PID=376585) to work on /home/anhtupham99/NBA-analytics/py_env/lib/python3.11/site-packages/airflow/example_dags/example_sla_dag.py
[2025-04-16T00:34:32.062+0700] {processor.py:914} INFO - Processing file /home/anhtupham99/NBA-analytics/py_env/lib/python3.11/site-packages/airflow/example_dags/example_sla_dag.py for tasks to queue
[2025-04-16T00:34:32.065+0700] {logging_mixin.py:190} INFO - [2025-04-16T00:34:32.064+0700] {dagbag.py:588} INFO - Filling up the DagBag from /home/anhtupham99/NBA-analytics/py_env/lib/python3.11/site-packages/airflow/example_dags/example_sla_dag.py
[2025-04-16T00:34:32.074+0700] {processor.py:925} INFO - DAG(s) 'example_sla_dag' retrieved from /home/anhtupham99/NBA-analytics/py_env/lib/python3.11/site-packages/airflow/example_dags/example_sla_dag.py
[2025-04-16T00:34:32.087+0700] {logging_mixin.py:190} INFO - [2025-04-16T00:34:32.087+0700] {dag.py:3239} INFO - Sync 1 DAGs
[2025-04-16T00:34:32.105+0700] {logging_mixin.py:190} INFO - [2025-04-16T00:34:32.105+0700] {dag.py:4180} INFO - Setting next_dagrun for example_sla_dag to 2025-04-15 17:32:00+00:00, run_after=2025-04-15 17:34:00+00:00
[2025-04-16T00:34:32.129+0700] {processor.py:208} INFO - Processing /home/anhtupham99/NBA-analytics/py_env/lib/python3.11/site-packages/airflow/example_dags/example_sla_dag.py took 0.074 seconds
[2025-04-16T00:35:19.398+0700] {processor.py:186} INFO - Started process (PID=377773) to work on /home/anhtupham99/NBA-analytics/py_env/lib/python3.11/site-packages/airflow/example_dags/example_sla_dag.py
[2025-04-16T00:35:19.399+0700] {processor.py:914} INFO - Processing file /home/anhtupham99/NBA-analytics/py_env/lib/python3.11/site-packages/airflow/example_dags/example_sla_dag.py for tasks to queue
[2025-04-16T00:35:19.401+0700] {logging_mixin.py:190} INFO - [2025-04-16T00:35:19.401+0700] {dagbag.py:588} INFO - Filling up the DagBag from /home/anhtupham99/NBA-analytics/py_env/lib/python3.11/site-packages/airflow/example_dags/example_sla_dag.py
[2025-04-16T00:35:19.411+0700] {processor.py:925} INFO - DAG(s) 'example_sla_dag' retrieved from /home/anhtupham99/NBA-analytics/py_env/lib/python3.11/site-packages/airflow/example_dags/example_sla_dag.py
[2025-04-16T00:35:19.424+0700] {logging_mixin.py:190} INFO - [2025-04-16T00:35:19.424+0700] {dag.py:3239} INFO - Sync 1 DAGs
[2025-04-16T00:35:19.442+0700] {logging_mixin.py:190} INFO - [2025-04-16T00:35:19.442+0700] {dag.py:4180} INFO - Setting next_dagrun for example_sla_dag to 2025-04-15 17:32:00+00:00, run_after=2025-04-15 17:34:00+00:00
[2025-04-16T00:35:19.475+0700] {processor.py:208} INFO - Processing /home/anhtupham99/NBA-analytics/py_env/lib/python3.11/site-packages/airflow/example_dags/example_sla_dag.py took 0.083 seconds
[2025-04-16T00:36:04.813+0700] {processor.py:186} INFO - Started process (PID=378969) to work on /home/anhtupham99/NBA-analytics/py_env/lib/python3.11/site-packages/airflow/example_dags/example_sla_dag.py
[2025-04-16T00:36:04.814+0700] {processor.py:914} INFO - Processing file /home/anhtupham99/NBA-analytics/py_env/lib/python3.11/site-packages/airflow/example_dags/example_sla_dag.py for tasks to queue
[2025-04-16T00:36:04.816+0700] {logging_mixin.py:190} INFO - [2025-04-16T00:36:04.815+0700] {dagbag.py:588} INFO - Filling up the DagBag from /home/anhtupham99/NBA-analytics/py_env/lib/python3.11/site-packages/airflow/example_dags/example_sla_dag.py
[2025-04-16T00:36:04.826+0700] {processor.py:925} INFO - DAG(s) 'example_sla_dag' retrieved from /home/anhtupham99/NBA-analytics/py_env/lib/python3.11/site-packages/airflow/example_dags/example_sla_dag.py
[2025-04-16T00:36:04.839+0700] {logging_mixin.py:190} INFO - [2025-04-16T00:36:04.839+0700] {dag.py:3239} INFO - Sync 1 DAGs
[2025-04-16T00:36:04.857+0700] {logging_mixin.py:190} INFO - [2025-04-16T00:36:04.857+0700] {dag.py:4180} INFO - Setting next_dagrun for example_sla_dag to 2025-04-15 17:34:00+00:00, run_after=2025-04-15 17:36:00+00:00
[2025-04-16T00:36:04.879+0700] {processor.py:208} INFO - Processing /home/anhtupham99/NBA-analytics/py_env/lib/python3.11/site-packages/airflow/example_dags/example_sla_dag.py took 0.070 seconds
[2025-04-16T00:36:54.660+0700] {processor.py:186} INFO - Started process (PID=380369) to work on /home/anhtupham99/NBA-analytics/py_env/lib/python3.11/site-packages/airflow/example_dags/example_sla_dag.py
[2025-04-16T00:36:54.661+0700] {processor.py:914} INFO - Processing file /home/anhtupham99/NBA-analytics/py_env/lib/python3.11/site-packages/airflow/example_dags/example_sla_dag.py for tasks to queue
[2025-04-16T00:36:54.662+0700] {logging_mixin.py:190} INFO - [2025-04-16T00:36:54.662+0700] {dagbag.py:588} INFO - Filling up the DagBag from /home/anhtupham99/NBA-analytics/py_env/lib/python3.11/site-packages/airflow/example_dags/example_sla_dag.py
[2025-04-16T00:36:54.673+0700] {processor.py:925} INFO - DAG(s) 'example_sla_dag' retrieved from /home/anhtupham99/NBA-analytics/py_env/lib/python3.11/site-packages/airflow/example_dags/example_sla_dag.py
[2025-04-16T00:36:54.687+0700] {logging_mixin.py:190} INFO - [2025-04-16T00:36:54.687+0700] {dag.py:3239} INFO - Sync 1 DAGs
[2025-04-16T00:36:54.706+0700] {logging_mixin.py:190} INFO - [2025-04-16T00:36:54.706+0700] {dag.py:4180} INFO - Setting next_dagrun for example_sla_dag to 2025-04-15 17:34:00+00:00, run_after=2025-04-15 17:36:00+00:00
[2025-04-16T00:36:54.729+0700] {processor.py:208} INFO - Processing /home/anhtupham99/NBA-analytics/py_env/lib/python3.11/site-packages/airflow/example_dags/example_sla_dag.py took 0.074 seconds
[2025-04-16T00:37:39.602+0700] {processor.py:186} INFO - Started process (PID=381560) to work on /home/anhtupham99/NBA-analytics/py_env/lib/python3.11/site-packages/airflow/example_dags/example_sla_dag.py
[2025-04-16T00:37:39.603+0700] {processor.py:914} INFO - Processing file /home/anhtupham99/NBA-analytics/py_env/lib/python3.11/site-packages/airflow/example_dags/example_sla_dag.py for tasks to queue
[2025-04-16T00:37:39.606+0700] {logging_mixin.py:190} INFO - [2025-04-16T00:37:39.606+0700] {dagbag.py:588} INFO - Filling up the DagBag from /home/anhtupham99/NBA-analytics/py_env/lib/python3.11/site-packages/airflow/example_dags/example_sla_dag.py
[2025-04-16T00:37:39.615+0700] {processor.py:925} INFO - DAG(s) 'example_sla_dag' retrieved from /home/anhtupham99/NBA-analytics/py_env/lib/python3.11/site-packages/airflow/example_dags/example_sla_dag.py
[2025-04-16T00:37:39.630+0700] {logging_mixin.py:190} INFO - [2025-04-16T00:37:39.630+0700] {dag.py:3239} INFO - Sync 1 DAGs
[2025-04-16T00:37:39.651+0700] {logging_mixin.py:190} INFO - [2025-04-16T00:37:39.651+0700] {dag.py:4180} INFO - Setting next_dagrun for example_sla_dag to 2025-04-15 17:34:00+00:00, run_after=2025-04-15 17:36:00+00:00
[2025-04-16T00:37:39.678+0700] {processor.py:208} INFO - Processing /home/anhtupham99/NBA-analytics/py_env/lib/python3.11/site-packages/airflow/example_dags/example_sla_dag.py took 0.081 seconds
