[2025-04-15T23:47:13.668+0700] {processor.py:186} INFO - Started process (PID=298358) to work on /home/anhtupham99/NBA-analytics/py_env/lib/python3.11/site-packages/airflow/example_dags/example_python_operator.py
[2025-04-15T23:47:13.668+0700] {processor.py:914} INFO - Processing file /home/anhtupham99/NBA-analytics/py_env/lib/python3.11/site-packages/airflow/example_dags/example_python_operator.py for tasks to queue
[2025-04-15T23:47:13.671+0700] {logging_mixin.py:190} INFO - [2025-04-15T23:47:13.670+0700] {dagbag.py:588} INFO - Filling up the DagBag from /home/anhtupham99/NBA-analytics/py_env/lib/python3.11/site-packages/airflow/example_dags/example_python_operator.py
[2025-04-15T23:47:13.685+0700] {processor.py:925} INFO - DAG(s) 'example_python_operator' retrieved from /home/anhtupham99/NBA-analytics/py_env/lib/python3.11/site-packages/airflow/example_dags/example_python_operator.py
[2025-04-15T23:47:13.795+0700] {logging_mixin.py:190} INFO - [2025-04-15T23:47:13.794+0700] {override.py:1912} INFO - Created Permission View: can delete on DAG:example_python_operator
[2025-04-15T23:47:13.815+0700] {logging_mixin.py:190} INFO - [2025-04-15T23:47:13.815+0700] {override.py:1912} INFO - Created Permission View: can edit on DAG:example_python_operator
[2025-04-15T23:47:13.830+0700] {logging_mixin.py:190} INFO - [2025-04-15T23:47:13.830+0700] {override.py:1912} INFO - Created Permission View: can read on DAG:example_python_operator
[2025-04-15T23:47:13.863+0700] {logging_mixin.py:190} INFO - [2025-04-15T23:47:13.863+0700] {override.py:1912} INFO - Created Permission View: can create on DAG Run:example_python_operator
[2025-04-15T23:47:13.881+0700] {logging_mixin.py:190} INFO - [2025-04-15T23:47:13.880+0700] {override.py:1912} INFO - Created Permission View: can delete on DAG Run:example_python_operator
[2025-04-15T23:47:13.896+0700] {logging_mixin.py:190} INFO - [2025-04-15T23:47:13.896+0700] {override.py:1912} INFO - Created Permission View: menu access on DAG Run:example_python_operator
[2025-04-15T23:47:13.912+0700] {logging_mixin.py:190} INFO - [2025-04-15T23:47:13.912+0700] {override.py:1912} INFO - Created Permission View: can read on DAG Run:example_python_operator
[2025-04-15T23:47:13.913+0700] {logging_mixin.py:190} INFO - [2025-04-15T23:47:13.912+0700] {dag.py:3239} INFO - Sync 1 DAGs
[2025-04-15T23:47:13.924+0700] {logging_mixin.py:190} INFO - [2025-04-15T23:47:13.923+0700] {dag.py:3262} INFO - Creating ORM DAG for example_python_operator
[2025-04-15T23:47:13.924+0700] {logging_mixin.py:190} INFO - [2025-04-15T23:47:13.924+0700] {dag.py:4180} INFO - Setting next_dagrun for example_python_operator to None, run_after=None
[2025-04-15T23:47:13.955+0700] {processor.py:208} INFO - Processing /home/anhtupham99/NBA-analytics/py_env/lib/python3.11/site-packages/airflow/example_dags/example_python_operator.py took 0.293 seconds
[2025-04-15T23:48:13.314+0700] {processor.py:186} INFO - Started process (PID=299748) to work on /home/anhtupham99/NBA-analytics/py_env/lib/python3.11/site-packages/airflow/example_dags/example_python_operator.py
[2025-04-15T23:48:13.315+0700] {processor.py:914} INFO - Processing file /home/anhtupham99/NBA-analytics/py_env/lib/python3.11/site-packages/airflow/example_dags/example_python_operator.py for tasks to queue
[2025-04-15T23:48:13.317+0700] {logging_mixin.py:190} INFO - [2025-04-15T23:48:13.316+0700] {dagbag.py:588} INFO - Filling up the DagBag from /home/anhtupham99/NBA-analytics/py_env/lib/python3.11/site-packages/airflow/example_dags/example_python_operator.py
[2025-04-15T23:48:13.327+0700] {processor.py:925} INFO - DAG(s) 'example_python_operator' retrieved from /home/anhtupham99/NBA-analytics/py_env/lib/python3.11/site-packages/airflow/example_dags/example_python_operator.py
[2025-04-15T23:48:13.341+0700] {logging_mixin.py:190} INFO - [2025-04-15T23:48:13.341+0700] {dag.py:3239} INFO - Sync 1 DAGs
[2025-04-15T23:48:13.351+0700] {logging_mixin.py:190} INFO - [2025-04-15T23:48:13.350+0700] {dag.py:4180} INFO - Setting next_dagrun for example_python_operator to None, run_after=None
[2025-04-15T23:48:13.377+0700] {processor.py:208} INFO - Processing /home/anhtupham99/NBA-analytics/py_env/lib/python3.11/site-packages/airflow/example_dags/example_python_operator.py took 0.068 seconds
[2025-04-15T23:49:06.508+0700] {processor.py:186} INFO - Started process (PID=300945) to work on /home/anhtupham99/NBA-analytics/py_env/lib/python3.11/site-packages/airflow/example_dags/example_python_operator.py
[2025-04-15T23:49:06.509+0700] {processor.py:914} INFO - Processing file /home/anhtupham99/NBA-analytics/py_env/lib/python3.11/site-packages/airflow/example_dags/example_python_operator.py for tasks to queue
[2025-04-15T23:49:06.511+0700] {logging_mixin.py:190} INFO - [2025-04-15T23:49:06.510+0700] {dagbag.py:588} INFO - Filling up the DagBag from /home/anhtupham99/NBA-analytics/py_env/lib/python3.11/site-packages/airflow/example_dags/example_python_operator.py
[2025-04-15T23:49:06.524+0700] {processor.py:925} INFO - DAG(s) 'example_python_operator' retrieved from /home/anhtupham99/NBA-analytics/py_env/lib/python3.11/site-packages/airflow/example_dags/example_python_operator.py
[2025-04-15T23:49:06.540+0700] {logging_mixin.py:190} INFO - [2025-04-15T23:49:06.540+0700] {dag.py:3239} INFO - Sync 1 DAGs
[2025-04-15T23:49:06.552+0700] {logging_mixin.py:190} INFO - [2025-04-15T23:49:06.552+0700] {dag.py:4180} INFO - Setting next_dagrun for example_python_operator to None, run_after=None
[2025-04-15T23:49:06.583+0700] {processor.py:208} INFO - Processing /home/anhtupham99/NBA-analytics/py_env/lib/python3.11/site-packages/airflow/example_dags/example_python_operator.py took 0.083 seconds
[2025-04-15T23:49:59.609+0700] {processor.py:186} INFO - Started process (PID=302074) to work on /home/anhtupham99/NBA-analytics/py_env/lib/python3.11/site-packages/airflow/example_dags/example_python_operator.py
[2025-04-15T23:49:59.610+0700] {processor.py:914} INFO - Processing file /home/anhtupham99/NBA-analytics/py_env/lib/python3.11/site-packages/airflow/example_dags/example_python_operator.py for tasks to queue
[2025-04-15T23:49:59.612+0700] {logging_mixin.py:190} INFO - [2025-04-15T23:49:59.612+0700] {dagbag.py:588} INFO - Filling up the DagBag from /home/anhtupham99/NBA-analytics/py_env/lib/python3.11/site-packages/airflow/example_dags/example_python_operator.py
[2025-04-15T23:49:59.625+0700] {processor.py:925} INFO - DAG(s) 'example_python_operator' retrieved from /home/anhtupham99/NBA-analytics/py_env/lib/python3.11/site-packages/airflow/example_dags/example_python_operator.py
[2025-04-15T23:49:59.641+0700] {logging_mixin.py:190} INFO - [2025-04-15T23:49:59.640+0700] {dag.py:3239} INFO - Sync 1 DAGs
[2025-04-15T23:49:59.649+0700] {logging_mixin.py:190} INFO - [2025-04-15T23:49:59.649+0700] {dag.py:4180} INFO - Setting next_dagrun for example_python_operator to None, run_after=None
[2025-04-15T23:49:59.672+0700] {processor.py:208} INFO - Processing /home/anhtupham99/NBA-analytics/py_env/lib/python3.11/site-packages/airflow/example_dags/example_python_operator.py took 0.068 seconds
[2025-04-15T23:50:53.109+0700] {processor.py:186} INFO - Started process (PID=303176) to work on /home/anhtupham99/NBA-analytics/py_env/lib/python3.11/site-packages/airflow/example_dags/example_python_operator.py
[2025-04-15T23:50:53.110+0700] {processor.py:914} INFO - Processing file /home/anhtupham99/NBA-analytics/py_env/lib/python3.11/site-packages/airflow/example_dags/example_python_operator.py for tasks to queue
[2025-04-15T23:50:53.111+0700] {logging_mixin.py:190} INFO - [2025-04-15T23:50:53.111+0700] {dagbag.py:588} INFO - Filling up the DagBag from /home/anhtupham99/NBA-analytics/py_env/lib/python3.11/site-packages/airflow/example_dags/example_python_operator.py
[2025-04-15T23:50:53.205+0700] {processor.py:925} INFO - DAG(s) 'example_python_operator' retrieved from /home/anhtupham99/NBA-analytics/py_env/lib/python3.11/site-packages/airflow/example_dags/example_python_operator.py
[2025-04-15T23:50:53.213+0700] {logging_mixin.py:190} INFO - [2025-04-15T23:50:53.213+0700] {dag.py:3239} INFO - Sync 1 DAGs
[2025-04-15T23:50:53.219+0700] {logging_mixin.py:190} INFO - [2025-04-15T23:50:53.219+0700] {dag.py:4180} INFO - Setting next_dagrun for example_python_operator to None, run_after=None
[2025-04-15T23:50:53.240+0700] {processor.py:208} INFO - Processing /home/anhtupham99/NBA-analytics/py_env/lib/python3.11/site-packages/airflow/example_dags/example_python_operator.py took 0.136 seconds
[2025-04-15T23:51:44.644+0700] {processor.py:186} INFO - Started process (PID=304162) to work on /home/anhtupham99/NBA-analytics/py_env/lib/python3.11/site-packages/airflow/example_dags/example_python_operator.py
[2025-04-15T23:51:44.645+0700] {processor.py:914} INFO - Processing file /home/anhtupham99/NBA-analytics/py_env/lib/python3.11/site-packages/airflow/example_dags/example_python_operator.py for tasks to queue
[2025-04-15T23:51:44.647+0700] {logging_mixin.py:190} INFO - [2025-04-15T23:51:44.647+0700] {dagbag.py:588} INFO - Filling up the DagBag from /home/anhtupham99/NBA-analytics/py_env/lib/python3.11/site-packages/airflow/example_dags/example_python_operator.py
[2025-04-15T23:51:44.658+0700] {processor.py:925} INFO - DAG(s) 'example_python_operator' retrieved from /home/anhtupham99/NBA-analytics/py_env/lib/python3.11/site-packages/airflow/example_dags/example_python_operator.py
[2025-04-15T23:51:44.672+0700] {logging_mixin.py:190} INFO - [2025-04-15T23:51:44.672+0700] {dag.py:3239} INFO - Sync 1 DAGs
[2025-04-15T23:51:44.682+0700] {logging_mixin.py:190} INFO - [2025-04-15T23:51:44.682+0700] {dag.py:4180} INFO - Setting next_dagrun for example_python_operator to None, run_after=None
[2025-04-15T23:51:44.706+0700] {processor.py:208} INFO - Processing /home/anhtupham99/NBA-analytics/py_env/lib/python3.11/site-packages/airflow/example_dags/example_python_operator.py took 0.066 seconds
[2025-04-15T23:52:54.538+0700] {processor.py:186} INFO - Started process (PID=305559) to work on /home/anhtupham99/NBA-analytics/py_env/lib/python3.11/site-packages/airflow/example_dags/example_python_operator.py
[2025-04-15T23:52:54.539+0700] {processor.py:914} INFO - Processing file /home/anhtupham99/NBA-analytics/py_env/lib/python3.11/site-packages/airflow/example_dags/example_python_operator.py for tasks to queue
[2025-04-15T23:52:54.541+0700] {logging_mixin.py:190} INFO - [2025-04-15T23:52:54.541+0700] {dagbag.py:588} INFO - Filling up the DagBag from /home/anhtupham99/NBA-analytics/py_env/lib/python3.11/site-packages/airflow/example_dags/example_python_operator.py
[2025-04-15T23:52:54.552+0700] {processor.py:925} INFO - DAG(s) 'example_python_operator' retrieved from /home/anhtupham99/NBA-analytics/py_env/lib/python3.11/site-packages/airflow/example_dags/example_python_operator.py
[2025-04-15T23:52:54.567+0700] {logging_mixin.py:190} INFO - [2025-04-15T23:52:54.566+0700] {dag.py:3239} INFO - Sync 1 DAGs
[2025-04-15T23:52:54.577+0700] {logging_mixin.py:190} INFO - [2025-04-15T23:52:54.576+0700] {dag.py:4180} INFO - Setting next_dagrun for example_python_operator to None, run_after=None
[2025-04-15T23:52:54.601+0700] {processor.py:208} INFO - Processing /home/anhtupham99/NBA-analytics/py_env/lib/python3.11/site-packages/airflow/example_dags/example_python_operator.py took 0.069 seconds
[2025-04-15T23:53:42.113+0700] {processor.py:186} INFO - Started process (PID=306381) to work on /home/anhtupham99/NBA-analytics/py_env/lib/python3.11/site-packages/airflow/example_dags/example_python_operator.py
[2025-04-15T23:53:42.114+0700] {processor.py:914} INFO - Processing file /home/anhtupham99/NBA-analytics/py_env/lib/python3.11/site-packages/airflow/example_dags/example_python_operator.py for tasks to queue
[2025-04-15T23:53:42.116+0700] {logging_mixin.py:190} INFO - [2025-04-15T23:53:42.116+0700] {dagbag.py:588} INFO - Filling up the DagBag from /home/anhtupham99/NBA-analytics/py_env/lib/python3.11/site-packages/airflow/example_dags/example_python_operator.py
[2025-04-15T23:53:42.126+0700] {processor.py:925} INFO - DAG(s) 'example_python_operator' retrieved from /home/anhtupham99/NBA-analytics/py_env/lib/python3.11/site-packages/airflow/example_dags/example_python_operator.py
[2025-04-15T23:53:42.138+0700] {logging_mixin.py:190} INFO - [2025-04-15T23:53:42.138+0700] {dag.py:3239} INFO - Sync 1 DAGs
[2025-04-15T23:53:42.147+0700] {logging_mixin.py:190} INFO - [2025-04-15T23:53:42.147+0700] {dag.py:4180} INFO - Setting next_dagrun for example_python_operator to None, run_after=None
[2025-04-15T23:53:42.168+0700] {processor.py:208} INFO - Processing /home/anhtupham99/NBA-analytics/py_env/lib/python3.11/site-packages/airflow/example_dags/example_python_operator.py took 0.060 seconds
[2025-04-15T23:54:27.654+0700] {processor.py:186} INFO - Started process (PID=307266) to work on /home/anhtupham99/NBA-analytics/py_env/lib/python3.11/site-packages/airflow/example_dags/example_python_operator.py
[2025-04-15T23:54:27.655+0700] {processor.py:914} INFO - Processing file /home/anhtupham99/NBA-analytics/py_env/lib/python3.11/site-packages/airflow/example_dags/example_python_operator.py for tasks to queue
[2025-04-15T23:54:27.657+0700] {logging_mixin.py:190} INFO - [2025-04-15T23:54:27.657+0700] {dagbag.py:588} INFO - Filling up the DagBag from /home/anhtupham99/NBA-analytics/py_env/lib/python3.11/site-packages/airflow/example_dags/example_python_operator.py
[2025-04-15T23:54:27.665+0700] {processor.py:925} INFO - DAG(s) 'example_python_operator' retrieved from /home/anhtupham99/NBA-analytics/py_env/lib/python3.11/site-packages/airflow/example_dags/example_python_operator.py
[2025-04-15T23:54:27.677+0700] {logging_mixin.py:190} INFO - [2025-04-15T23:54:27.676+0700] {dag.py:3239} INFO - Sync 1 DAGs
[2025-04-15T23:54:27.685+0700] {logging_mixin.py:190} INFO - [2025-04-15T23:54:27.685+0700] {dag.py:4180} INFO - Setting next_dagrun for example_python_operator to None, run_after=None
[2025-04-15T23:54:27.708+0700] {processor.py:208} INFO - Processing /home/anhtupham99/NBA-analytics/py_env/lib/python3.11/site-packages/airflow/example_dags/example_python_operator.py took 0.059 seconds
[2025-04-15T23:55:17.452+0700] {processor.py:186} INFO - Started process (PID=308641) to work on /home/anhtupham99/NBA-analytics/py_env/lib/python3.11/site-packages/airflow/example_dags/example_python_operator.py
[2025-04-15T23:55:17.453+0700] {processor.py:914} INFO - Processing file /home/anhtupham99/NBA-analytics/py_env/lib/python3.11/site-packages/airflow/example_dags/example_python_operator.py for tasks to queue
[2025-04-15T23:55:17.455+0700] {logging_mixin.py:190} INFO - [2025-04-15T23:55:17.455+0700] {dagbag.py:588} INFO - Filling up the DagBag from /home/anhtupham99/NBA-analytics/py_env/lib/python3.11/site-packages/airflow/example_dags/example_python_operator.py
[2025-04-15T23:55:17.466+0700] {processor.py:925} INFO - DAG(s) 'example_python_operator' retrieved from /home/anhtupham99/NBA-analytics/py_env/lib/python3.11/site-packages/airflow/example_dags/example_python_operator.py
[2025-04-15T23:55:17.480+0700] {logging_mixin.py:190} INFO - [2025-04-15T23:55:17.480+0700] {dag.py:3239} INFO - Sync 1 DAGs
[2025-04-15T23:55:17.490+0700] {logging_mixin.py:190} INFO - [2025-04-15T23:55:17.490+0700] {dag.py:4180} INFO - Setting next_dagrun for example_python_operator to None, run_after=None
[2025-04-15T23:55:17.522+0700] {processor.py:208} INFO - Processing /home/anhtupham99/NBA-analytics/py_env/lib/python3.11/site-packages/airflow/example_dags/example_python_operator.py took 0.075 seconds
[2025-04-15T23:56:09.741+0700] {processor.py:186} INFO - Started process (PID=311306) to work on /home/anhtupham99/NBA-analytics/py_env/lib/python3.11/site-packages/airflow/example_dags/example_python_operator.py
[2025-04-15T23:56:09.742+0700] {processor.py:914} INFO - Processing file /home/anhtupham99/NBA-analytics/py_env/lib/python3.11/site-packages/airflow/example_dags/example_python_operator.py for tasks to queue
[2025-04-15T23:56:09.743+0700] {logging_mixin.py:190} INFO - [2025-04-15T23:56:09.743+0700] {dagbag.py:588} INFO - Filling up the DagBag from /home/anhtupham99/NBA-analytics/py_env/lib/python3.11/site-packages/airflow/example_dags/example_python_operator.py
[2025-04-15T23:56:09.753+0700] {processor.py:925} INFO - DAG(s) 'example_python_operator' retrieved from /home/anhtupham99/NBA-analytics/py_env/lib/python3.11/site-packages/airflow/example_dags/example_python_operator.py
[2025-04-15T23:56:09.767+0700] {logging_mixin.py:190} INFO - [2025-04-15T23:56:09.767+0700] {dag.py:3239} INFO - Sync 1 DAGs
[2025-04-15T23:56:09.775+0700] {logging_mixin.py:190} INFO - [2025-04-15T23:56:09.775+0700] {dag.py:4180} INFO - Setting next_dagrun for example_python_operator to None, run_after=None
[2025-04-15T23:56:09.799+0700] {processor.py:208} INFO - Processing /home/anhtupham99/NBA-analytics/py_env/lib/python3.11/site-packages/airflow/example_dags/example_python_operator.py took 0.063 seconds
[2025-04-15T23:56:56.583+0700] {processor.py:186} INFO - Started process (PID=312255) to work on /home/anhtupham99/NBA-analytics/py_env/lib/python3.11/site-packages/airflow/example_dags/example_python_operator.py
[2025-04-15T23:56:56.585+0700] {processor.py:914} INFO - Processing file /home/anhtupham99/NBA-analytics/py_env/lib/python3.11/site-packages/airflow/example_dags/example_python_operator.py for tasks to queue
[2025-04-15T23:56:56.587+0700] {logging_mixin.py:190} INFO - [2025-04-15T23:56:56.586+0700] {dagbag.py:588} INFO - Filling up the DagBag from /home/anhtupham99/NBA-analytics/py_env/lib/python3.11/site-packages/airflow/example_dags/example_python_operator.py
[2025-04-15T23:56:56.598+0700] {processor.py:925} INFO - DAG(s) 'example_python_operator' retrieved from /home/anhtupham99/NBA-analytics/py_env/lib/python3.11/site-packages/airflow/example_dags/example_python_operator.py
[2025-04-15T23:56:56.616+0700] {logging_mixin.py:190} INFO - [2025-04-15T23:56:56.616+0700] {dag.py:3239} INFO - Sync 1 DAGs
[2025-04-15T23:56:56.627+0700] {logging_mixin.py:190} INFO - [2025-04-15T23:56:56.627+0700] {dag.py:4180} INFO - Setting next_dagrun for example_python_operator to None, run_after=None
[2025-04-15T23:56:56.659+0700] {processor.py:208} INFO - Processing /home/anhtupham99/NBA-analytics/py_env/lib/python3.11/site-packages/airflow/example_dags/example_python_operator.py took 0.082 seconds
[2025-04-15T23:57:45.304+0700] {processor.py:186} INFO - Started process (PID=313199) to work on /home/anhtupham99/NBA-analytics/py_env/lib/python3.11/site-packages/airflow/example_dags/example_python_operator.py
[2025-04-15T23:57:45.305+0700] {processor.py:914} INFO - Processing file /home/anhtupham99/NBA-analytics/py_env/lib/python3.11/site-packages/airflow/example_dags/example_python_operator.py for tasks to queue
[2025-04-15T23:57:45.307+0700] {logging_mixin.py:190} INFO - [2025-04-15T23:57:45.307+0700] {dagbag.py:588} INFO - Filling up the DagBag from /home/anhtupham99/NBA-analytics/py_env/lib/python3.11/site-packages/airflow/example_dags/example_python_operator.py
[2025-04-15T23:57:45.316+0700] {processor.py:925} INFO - DAG(s) 'example_python_operator' retrieved from /home/anhtupham99/NBA-analytics/py_env/lib/python3.11/site-packages/airflow/example_dags/example_python_operator.py
[2025-04-15T23:57:45.331+0700] {logging_mixin.py:190} INFO - [2025-04-15T23:57:45.330+0700] {dag.py:3239} INFO - Sync 1 DAGs
[2025-04-15T23:57:45.340+0700] {logging_mixin.py:190} INFO - [2025-04-15T23:57:45.340+0700] {dag.py:4180} INFO - Setting next_dagrun for example_python_operator to None, run_after=None
[2025-04-15T23:57:45.363+0700] {processor.py:208} INFO - Processing /home/anhtupham99/NBA-analytics/py_env/lib/python3.11/site-packages/airflow/example_dags/example_python_operator.py took 0.064 seconds
[2025-04-15T23:58:35.971+0700] {processor.py:186} INFO - Started process (PID=314184) to work on /home/anhtupham99/NBA-analytics/py_env/lib/python3.11/site-packages/airflow/example_dags/example_python_operator.py
[2025-04-15T23:58:35.973+0700] {processor.py:914} INFO - Processing file /home/anhtupham99/NBA-analytics/py_env/lib/python3.11/site-packages/airflow/example_dags/example_python_operator.py for tasks to queue
[2025-04-15T23:58:35.975+0700] {logging_mixin.py:190} INFO - [2025-04-15T23:58:35.974+0700] {dagbag.py:588} INFO - Filling up the DagBag from /home/anhtupham99/NBA-analytics/py_env/lib/python3.11/site-packages/airflow/example_dags/example_python_operator.py
[2025-04-15T23:58:35.986+0700] {processor.py:925} INFO - DAG(s) 'example_python_operator' retrieved from /home/anhtupham99/NBA-analytics/py_env/lib/python3.11/site-packages/airflow/example_dags/example_python_operator.py
[2025-04-15T23:58:36.002+0700] {logging_mixin.py:190} INFO - [2025-04-15T23:58:36.002+0700] {dag.py:3239} INFO - Sync 1 DAGs
[2025-04-15T23:58:36.013+0700] {logging_mixin.py:190} INFO - [2025-04-15T23:58:36.012+0700] {dag.py:4180} INFO - Setting next_dagrun for example_python_operator to None, run_after=None
[2025-04-15T23:58:36.038+0700] {processor.py:208} INFO - Processing /home/anhtupham99/NBA-analytics/py_env/lib/python3.11/site-packages/airflow/example_dags/example_python_operator.py took 0.073 seconds
[2025-04-15T23:59:47.348+0700] {processor.py:186} INFO - Started process (PID=315622) to work on /home/anhtupham99/NBA-analytics/py_env/lib/python3.11/site-packages/airflow/example_dags/example_python_operator.py
[2025-04-15T23:59:47.350+0700] {processor.py:914} INFO - Processing file /home/anhtupham99/NBA-analytics/py_env/lib/python3.11/site-packages/airflow/example_dags/example_python_operator.py for tasks to queue
[2025-04-15T23:59:47.352+0700] {logging_mixin.py:190} INFO - [2025-04-15T23:59:47.352+0700] {dagbag.py:588} INFO - Filling up the DagBag from /home/anhtupham99/NBA-analytics/py_env/lib/python3.11/site-packages/airflow/example_dags/example_python_operator.py
[2025-04-15T23:59:47.365+0700] {processor.py:925} INFO - DAG(s) 'example_python_operator' retrieved from /home/anhtupham99/NBA-analytics/py_env/lib/python3.11/site-packages/airflow/example_dags/example_python_operator.py
[2025-04-15T23:59:47.380+0700] {logging_mixin.py:190} INFO - [2025-04-15T23:59:47.380+0700] {dag.py:3239} INFO - Sync 1 DAGs
[2025-04-15T23:59:47.391+0700] {logging_mixin.py:190} INFO - [2025-04-15T23:59:47.391+0700] {dag.py:4180} INFO - Setting next_dagrun for example_python_operator to None, run_after=None
[2025-04-15T23:59:47.413+0700] {processor.py:208} INFO - Processing /home/anhtupham99/NBA-analytics/py_env/lib/python3.11/site-packages/airflow/example_dags/example_python_operator.py took 0.071 seconds
[2025-04-16T00:00:36.170+0700] {processor.py:186} INFO - Started process (PID=316736) to work on /home/anhtupham99/NBA-analytics/py_env/lib/python3.11/site-packages/airflow/example_dags/example_python_operator.py
[2025-04-16T00:00:36.172+0700] {processor.py:914} INFO - Processing file /home/anhtupham99/NBA-analytics/py_env/lib/python3.11/site-packages/airflow/example_dags/example_python_operator.py for tasks to queue
[2025-04-16T00:00:36.174+0700] {logging_mixin.py:190} INFO - [2025-04-16T00:00:36.173+0700] {dagbag.py:588} INFO - Filling up the DagBag from /home/anhtupham99/NBA-analytics/py_env/lib/python3.11/site-packages/airflow/example_dags/example_python_operator.py
[2025-04-16T00:00:36.186+0700] {processor.py:925} INFO - DAG(s) 'example_python_operator' retrieved from /home/anhtupham99/NBA-analytics/py_env/lib/python3.11/site-packages/airflow/example_dags/example_python_operator.py
[2025-04-16T00:00:36.200+0700] {logging_mixin.py:190} INFO - [2025-04-16T00:00:36.200+0700] {dag.py:3239} INFO - Sync 1 DAGs
[2025-04-16T00:00:36.211+0700] {logging_mixin.py:190} INFO - [2025-04-16T00:00:36.211+0700] {dag.py:4180} INFO - Setting next_dagrun for example_python_operator to None, run_after=None
[2025-04-16T00:00:36.237+0700] {processor.py:208} INFO - Processing /home/anhtupham99/NBA-analytics/py_env/lib/python3.11/site-packages/airflow/example_dags/example_python_operator.py took 0.073 seconds
[2025-04-16T00:01:46.900+0700] {processor.py:186} INFO - Started process (PID=318027) to work on /home/anhtupham99/NBA-analytics/py_env/lib/python3.11/site-packages/airflow/example_dags/example_python_operator.py
[2025-04-16T00:01:46.901+0700] {processor.py:914} INFO - Processing file /home/anhtupham99/NBA-analytics/py_env/lib/python3.11/site-packages/airflow/example_dags/example_python_operator.py for tasks to queue
[2025-04-16T00:01:46.903+0700] {logging_mixin.py:190} INFO - [2025-04-16T00:01:46.903+0700] {dagbag.py:588} INFO - Filling up the DagBag from /home/anhtupham99/NBA-analytics/py_env/lib/python3.11/site-packages/airflow/example_dags/example_python_operator.py
[2025-04-16T00:01:46.915+0700] {processor.py:925} INFO - DAG(s) 'example_python_operator' retrieved from /home/anhtupham99/NBA-analytics/py_env/lib/python3.11/site-packages/airflow/example_dags/example_python_operator.py
[2025-04-16T00:01:46.928+0700] {logging_mixin.py:190} INFO - [2025-04-16T00:01:46.928+0700] {dag.py:3239} INFO - Sync 1 DAGs
[2025-04-16T00:01:46.937+0700] {logging_mixin.py:190} INFO - [2025-04-16T00:01:46.937+0700] {dag.py:4180} INFO - Setting next_dagrun for example_python_operator to None, run_after=None
[2025-04-16T00:01:46.959+0700] {processor.py:208} INFO - Processing /home/anhtupham99/NBA-analytics/py_env/lib/python3.11/site-packages/airflow/example_dags/example_python_operator.py took 0.063 seconds
[2025-04-16T00:02:51.908+0700] {processor.py:186} INFO - Started process (PID=319278) to work on /home/anhtupham99/NBA-analytics/py_env/lib/python3.11/site-packages/airflow/example_dags/example_python_operator.py
[2025-04-16T00:02:51.909+0700] {processor.py:914} INFO - Processing file /home/anhtupham99/NBA-analytics/py_env/lib/python3.11/site-packages/airflow/example_dags/example_python_operator.py for tasks to queue
[2025-04-16T00:02:51.911+0700] {logging_mixin.py:190} INFO - [2025-04-16T00:02:51.910+0700] {dagbag.py:588} INFO - Filling up the DagBag from /home/anhtupham99/NBA-analytics/py_env/lib/python3.11/site-packages/airflow/example_dags/example_python_operator.py
[2025-04-16T00:02:51.922+0700] {processor.py:925} INFO - DAG(s) 'example_python_operator' retrieved from /home/anhtupham99/NBA-analytics/py_env/lib/python3.11/site-packages/airflow/example_dags/example_python_operator.py
[2025-04-16T00:02:51.936+0700] {logging_mixin.py:190} INFO - [2025-04-16T00:02:51.936+0700] {dag.py:3239} INFO - Sync 1 DAGs
[2025-04-16T00:02:51.947+0700] {logging_mixin.py:190} INFO - [2025-04-16T00:02:51.947+0700] {dag.py:4180} INFO - Setting next_dagrun for example_python_operator to None, run_after=None
[2025-04-16T00:02:51.974+0700] {processor.py:208} INFO - Processing /home/anhtupham99/NBA-analytics/py_env/lib/python3.11/site-packages/airflow/example_dags/example_python_operator.py took 0.072 seconds
[2025-04-16T00:04:00.121+0700] {processor.py:186} INFO - Started process (PID=320741) to work on /home/anhtupham99/NBA-analytics/py_env/lib/python3.11/site-packages/airflow/example_dags/example_python_operator.py
[2025-04-16T00:04:00.124+0700] {processor.py:914} INFO - Processing file /home/anhtupham99/NBA-analytics/py_env/lib/python3.11/site-packages/airflow/example_dags/example_python_operator.py for tasks to queue
[2025-04-16T00:04:00.127+0700] {logging_mixin.py:190} INFO - [2025-04-16T00:04:00.126+0700] {dagbag.py:588} INFO - Filling up the DagBag from /home/anhtupham99/NBA-analytics/py_env/lib/python3.11/site-packages/airflow/example_dags/example_python_operator.py
[2025-04-16T00:04:00.142+0700] {processor.py:925} INFO - DAG(s) 'example_python_operator' retrieved from /home/anhtupham99/NBA-analytics/py_env/lib/python3.11/site-packages/airflow/example_dags/example_python_operator.py
[2025-04-16T00:04:00.162+0700] {logging_mixin.py:190} INFO - [2025-04-16T00:04:00.162+0700] {dag.py:3239} INFO - Sync 1 DAGs
[2025-04-16T00:04:00.177+0700] {logging_mixin.py:190} INFO - [2025-04-16T00:04:00.176+0700] {dag.py:4180} INFO - Setting next_dagrun for example_python_operator to None, run_after=None
[2025-04-16T00:04:00.208+0700] {processor.py:208} INFO - Processing /home/anhtupham99/NBA-analytics/py_env/lib/python3.11/site-packages/airflow/example_dags/example_python_operator.py took 0.094 seconds
[2025-04-16T00:04:47.455+0700] {processor.py:186} INFO - Started process (PID=321713) to work on /home/anhtupham99/NBA-analytics/py_env/lib/python3.11/site-packages/airflow/example_dags/example_python_operator.py
[2025-04-16T00:04:47.459+0700] {processor.py:914} INFO - Processing file /home/anhtupham99/NBA-analytics/py_env/lib/python3.11/site-packages/airflow/example_dags/example_python_operator.py for tasks to queue
[2025-04-16T00:04:47.461+0700] {logging_mixin.py:190} INFO - [2025-04-16T00:04:47.461+0700] {dagbag.py:588} INFO - Filling up the DagBag from /home/anhtupham99/NBA-analytics/py_env/lib/python3.11/site-packages/airflow/example_dags/example_python_operator.py
[2025-04-16T00:04:47.475+0700] {processor.py:925} INFO - DAG(s) 'example_python_operator' retrieved from /home/anhtupham99/NBA-analytics/py_env/lib/python3.11/site-packages/airflow/example_dags/example_python_operator.py
[2025-04-16T00:04:47.499+0700] {logging_mixin.py:190} INFO - [2025-04-16T00:04:47.498+0700] {dag.py:3239} INFO - Sync 1 DAGs
[2025-04-16T00:04:47.511+0700] {logging_mixin.py:190} INFO - [2025-04-16T00:04:47.511+0700] {dag.py:4180} INFO - Setting next_dagrun for example_python_operator to None, run_after=None
[2025-04-16T00:04:47.546+0700] {processor.py:208} INFO - Processing /home/anhtupham99/NBA-analytics/py_env/lib/python3.11/site-packages/airflow/example_dags/example_python_operator.py took 0.097 seconds
[2025-04-16T00:05:37.847+0700] {processor.py:186} INFO - Started process (PID=322599) to work on /home/anhtupham99/NBA-analytics/py_env/lib/python3.11/site-packages/airflow/example_dags/example_python_operator.py
[2025-04-16T00:05:37.849+0700] {processor.py:914} INFO - Processing file /home/anhtupham99/NBA-analytics/py_env/lib/python3.11/site-packages/airflow/example_dags/example_python_operator.py for tasks to queue
[2025-04-16T00:05:37.851+0700] {logging_mixin.py:190} INFO - [2025-04-16T00:05:37.851+0700] {dagbag.py:588} INFO - Filling up the DagBag from /home/anhtupham99/NBA-analytics/py_env/lib/python3.11/site-packages/airflow/example_dags/example_python_operator.py
[2025-04-16T00:05:37.863+0700] {processor.py:925} INFO - DAG(s) 'example_python_operator' retrieved from /home/anhtupham99/NBA-analytics/py_env/lib/python3.11/site-packages/airflow/example_dags/example_python_operator.py
[2025-04-16T00:05:37.878+0700] {logging_mixin.py:190} INFO - [2025-04-16T00:05:37.878+0700] {dag.py:3239} INFO - Sync 1 DAGs
[2025-04-16T00:05:37.891+0700] {logging_mixin.py:190} INFO - [2025-04-16T00:05:37.891+0700] {dag.py:4180} INFO - Setting next_dagrun for example_python_operator to None, run_after=None
[2025-04-16T00:05:37.918+0700] {processor.py:208} INFO - Processing /home/anhtupham99/NBA-analytics/py_env/lib/python3.11/site-packages/airflow/example_dags/example_python_operator.py took 0.077 seconds
[2025-04-16T00:06:26.797+0700] {processor.py:186} INFO - Started process (PID=323554) to work on /home/anhtupham99/NBA-analytics/py_env/lib/python3.11/site-packages/airflow/example_dags/example_python_operator.py
[2025-04-16T00:06:26.799+0700] {processor.py:914} INFO - Processing file /home/anhtupham99/NBA-analytics/py_env/lib/python3.11/site-packages/airflow/example_dags/example_python_operator.py for tasks to queue
[2025-04-16T00:06:26.800+0700] {logging_mixin.py:190} INFO - [2025-04-16T00:06:26.800+0700] {dagbag.py:588} INFO - Filling up the DagBag from /home/anhtupham99/NBA-analytics/py_env/lib/python3.11/site-packages/airflow/example_dags/example_python_operator.py
[2025-04-16T00:06:26.813+0700] {processor.py:925} INFO - DAG(s) 'example_python_operator' retrieved from /home/anhtupham99/NBA-analytics/py_env/lib/python3.11/site-packages/airflow/example_dags/example_python_operator.py
[2025-04-16T00:06:26.829+0700] {logging_mixin.py:190} INFO - [2025-04-16T00:06:26.828+0700] {dag.py:3239} INFO - Sync 1 DAGs
[2025-04-16T00:06:26.840+0700] {logging_mixin.py:190} INFO - [2025-04-16T00:06:26.840+0700] {dag.py:4180} INFO - Setting next_dagrun for example_python_operator to None, run_after=None
[2025-04-16T00:06:26.867+0700] {processor.py:208} INFO - Processing /home/anhtupham99/NBA-analytics/py_env/lib/python3.11/site-packages/airflow/example_dags/example_python_operator.py took 0.075 seconds
[2025-04-16T00:07:14.763+0700] {processor.py:186} INFO - Started process (PID=324629) to work on /home/anhtupham99/NBA-analytics/py_env/lib/python3.11/site-packages/airflow/example_dags/example_python_operator.py
[2025-04-16T00:07:14.764+0700] {processor.py:914} INFO - Processing file /home/anhtupham99/NBA-analytics/py_env/lib/python3.11/site-packages/airflow/example_dags/example_python_operator.py for tasks to queue
[2025-04-16T00:07:14.766+0700] {logging_mixin.py:190} INFO - [2025-04-16T00:07:14.766+0700] {dagbag.py:588} INFO - Filling up the DagBag from /home/anhtupham99/NBA-analytics/py_env/lib/python3.11/site-packages/airflow/example_dags/example_python_operator.py
[2025-04-16T00:07:14.775+0700] {processor.py:925} INFO - DAG(s) 'example_python_operator' retrieved from /home/anhtupham99/NBA-analytics/py_env/lib/python3.11/site-packages/airflow/example_dags/example_python_operator.py
[2025-04-16T00:07:14.787+0700] {logging_mixin.py:190} INFO - [2025-04-16T00:07:14.787+0700] {dag.py:3239} INFO - Sync 1 DAGs
[2025-04-16T00:07:14.796+0700] {logging_mixin.py:190} INFO - [2025-04-16T00:07:14.795+0700] {dag.py:4180} INFO - Setting next_dagrun for example_python_operator to None, run_after=None
[2025-04-16T00:07:14.819+0700] {processor.py:208} INFO - Processing /home/anhtupham99/NBA-analytics/py_env/lib/python3.11/site-packages/airflow/example_dags/example_python_operator.py took 0.060 seconds
[2025-04-16T00:08:00.611+0700] {processor.py:186} INFO - Started process (PID=325515) to work on /home/anhtupham99/NBA-analytics/py_env/lib/python3.11/site-packages/airflow/example_dags/example_python_operator.py
[2025-04-16T00:08:00.612+0700] {processor.py:914} INFO - Processing file /home/anhtupham99/NBA-analytics/py_env/lib/python3.11/site-packages/airflow/example_dags/example_python_operator.py for tasks to queue
[2025-04-16T00:08:00.614+0700] {logging_mixin.py:190} INFO - [2025-04-16T00:08:00.614+0700] {dagbag.py:588} INFO - Filling up the DagBag from /home/anhtupham99/NBA-analytics/py_env/lib/python3.11/site-packages/airflow/example_dags/example_python_operator.py
[2025-04-16T00:08:00.623+0700] {processor.py:925} INFO - DAG(s) 'example_python_operator' retrieved from /home/anhtupham99/NBA-analytics/py_env/lib/python3.11/site-packages/airflow/example_dags/example_python_operator.py
[2025-04-16T00:08:00.635+0700] {logging_mixin.py:190} INFO - [2025-04-16T00:08:00.634+0700] {dag.py:3239} INFO - Sync 1 DAGs
[2025-04-16T00:08:00.644+0700] {logging_mixin.py:190} INFO - [2025-04-16T00:08:00.644+0700] {dag.py:4180} INFO - Setting next_dagrun for example_python_operator to None, run_after=None
[2025-04-16T00:08:00.669+0700] {processor.py:208} INFO - Processing /home/anhtupham99/NBA-analytics/py_env/lib/python3.11/site-packages/airflow/example_dags/example_python_operator.py took 0.063 seconds
[2025-04-16T00:09:11.248+0700] {processor.py:186} INFO - Started process (PID=326798) to work on /home/anhtupham99/NBA-analytics/py_env/lib/python3.11/site-packages/airflow/example_dags/example_python_operator.py
[2025-04-16T00:09:11.249+0700] {processor.py:914} INFO - Processing file /home/anhtupham99/NBA-analytics/py_env/lib/python3.11/site-packages/airflow/example_dags/example_python_operator.py for tasks to queue
[2025-04-16T00:09:11.251+0700] {logging_mixin.py:190} INFO - [2025-04-16T00:09:11.251+0700] {dagbag.py:588} INFO - Filling up the DagBag from /home/anhtupham99/NBA-analytics/py_env/lib/python3.11/site-packages/airflow/example_dags/example_python_operator.py
[2025-04-16T00:09:11.263+0700] {processor.py:925} INFO - DAG(s) 'example_python_operator' retrieved from /home/anhtupham99/NBA-analytics/py_env/lib/python3.11/site-packages/airflow/example_dags/example_python_operator.py
[2025-04-16T00:09:11.278+0700] {logging_mixin.py:190} INFO - [2025-04-16T00:09:11.278+0700] {dag.py:3239} INFO - Sync 1 DAGs
[2025-04-16T00:09:11.289+0700] {logging_mixin.py:190} INFO - [2025-04-16T00:09:11.289+0700] {dag.py:4180} INFO - Setting next_dagrun for example_python_operator to None, run_after=None
[2025-04-16T00:09:11.314+0700] {processor.py:208} INFO - Processing /home/anhtupham99/NBA-analytics/py_env/lib/python3.11/site-packages/airflow/example_dags/example_python_operator.py took 0.072 seconds
[2025-04-16T00:10:00.332+0700] {processor.py:186} INFO - Started process (PID=328042) to work on /home/anhtupham99/NBA-analytics/py_env/lib/python3.11/site-packages/airflow/example_dags/example_python_operator.py
[2025-04-16T00:10:00.333+0700] {processor.py:914} INFO - Processing file /home/anhtupham99/NBA-analytics/py_env/lib/python3.11/site-packages/airflow/example_dags/example_python_operator.py for tasks to queue
[2025-04-16T00:10:00.335+0700] {logging_mixin.py:190} INFO - [2025-04-16T00:10:00.335+0700] {dagbag.py:588} INFO - Filling up the DagBag from /home/anhtupham99/NBA-analytics/py_env/lib/python3.11/site-packages/airflow/example_dags/example_python_operator.py
[2025-04-16T00:10:00.347+0700] {processor.py:925} INFO - DAG(s) 'example_python_operator' retrieved from /home/anhtupham99/NBA-analytics/py_env/lib/python3.11/site-packages/airflow/example_dags/example_python_operator.py
[2025-04-16T00:10:00.364+0700] {logging_mixin.py:190} INFO - [2025-04-16T00:10:00.364+0700] {dag.py:3239} INFO - Sync 1 DAGs
[2025-04-16T00:10:00.374+0700] {logging_mixin.py:190} INFO - [2025-04-16T00:10:00.374+0700] {dag.py:4180} INFO - Setting next_dagrun for example_python_operator to None, run_after=None
[2025-04-16T00:10:00.399+0700] {processor.py:208} INFO - Processing /home/anhtupham99/NBA-analytics/py_env/lib/python3.11/site-packages/airflow/example_dags/example_python_operator.py took 0.072 seconds
[2025-04-16T00:10:47.737+0700] {processor.py:186} INFO - Started process (PID=329064) to work on /home/anhtupham99/NBA-analytics/py_env/lib/python3.11/site-packages/airflow/example_dags/example_python_operator.py
[2025-04-16T00:10:47.738+0700] {processor.py:914} INFO - Processing file /home/anhtupham99/NBA-analytics/py_env/lib/python3.11/site-packages/airflow/example_dags/example_python_operator.py for tasks to queue
[2025-04-16T00:10:47.740+0700] {logging_mixin.py:190} INFO - [2025-04-16T00:10:47.740+0700] {dagbag.py:588} INFO - Filling up the DagBag from /home/anhtupham99/NBA-analytics/py_env/lib/python3.11/site-packages/airflow/example_dags/example_python_operator.py
[2025-04-16T00:10:47.752+0700] {processor.py:925} INFO - DAG(s) 'example_python_operator' retrieved from /home/anhtupham99/NBA-analytics/py_env/lib/python3.11/site-packages/airflow/example_dags/example_python_operator.py
[2025-04-16T00:10:47.765+0700] {logging_mixin.py:190} INFO - [2025-04-16T00:10:47.765+0700] {dag.py:3239} INFO - Sync 1 DAGs
[2025-04-16T00:10:47.775+0700] {logging_mixin.py:190} INFO - [2025-04-16T00:10:47.774+0700] {dag.py:4180} INFO - Setting next_dagrun for example_python_operator to None, run_after=None
[2025-04-16T00:10:47.799+0700] {processor.py:208} INFO - Processing /home/anhtupham99/NBA-analytics/py_env/lib/python3.11/site-packages/airflow/example_dags/example_python_operator.py took 0.069 seconds
[2025-04-16T00:11:37.661+0700] {processor.py:186} INFO - Started process (PID=330135) to work on /home/anhtupham99/NBA-analytics/py_env/lib/python3.11/site-packages/airflow/example_dags/example_python_operator.py
[2025-04-16T00:11:37.663+0700] {processor.py:914} INFO - Processing file /home/anhtupham99/NBA-analytics/py_env/lib/python3.11/site-packages/airflow/example_dags/example_python_operator.py for tasks to queue
[2025-04-16T00:11:37.665+0700] {logging_mixin.py:190} INFO - [2025-04-16T00:11:37.665+0700] {dagbag.py:588} INFO - Filling up the DagBag from /home/anhtupham99/NBA-analytics/py_env/lib/python3.11/site-packages/airflow/example_dags/example_python_operator.py
[2025-04-16T00:11:37.676+0700] {processor.py:925} INFO - DAG(s) 'example_python_operator' retrieved from /home/anhtupham99/NBA-analytics/py_env/lib/python3.11/site-packages/airflow/example_dags/example_python_operator.py
[2025-04-16T00:11:37.690+0700] {logging_mixin.py:190} INFO - [2025-04-16T00:11:37.690+0700] {dag.py:3239} INFO - Sync 1 DAGs
[2025-04-16T00:11:37.700+0700] {logging_mixin.py:190} INFO - [2025-04-16T00:11:37.699+0700] {dag.py:4180} INFO - Setting next_dagrun for example_python_operator to None, run_after=None
[2025-04-16T00:11:37.737+0700] {processor.py:208} INFO - Processing /home/anhtupham99/NBA-analytics/py_env/lib/python3.11/site-packages/airflow/example_dags/example_python_operator.py took 0.082 seconds
[2025-04-16T00:12:44.496+0700] {processor.py:186} INFO - Started process (PID=332295) to work on /home/anhtupham99/NBA-analytics/py_env/lib/python3.11/site-packages/airflow/example_dags/example_python_operator.py
[2025-04-16T00:12:44.497+0700] {processor.py:914} INFO - Processing file /home/anhtupham99/NBA-analytics/py_env/lib/python3.11/site-packages/airflow/example_dags/example_python_operator.py for tasks to queue
[2025-04-16T00:12:44.499+0700] {logging_mixin.py:190} INFO - [2025-04-16T00:12:44.499+0700] {dagbag.py:588} INFO - Filling up the DagBag from /home/anhtupham99/NBA-analytics/py_env/lib/python3.11/site-packages/airflow/example_dags/example_python_operator.py
[2025-04-16T00:12:44.514+0700] {processor.py:925} INFO - DAG(s) 'example_python_operator' retrieved from /home/anhtupham99/NBA-analytics/py_env/lib/python3.11/site-packages/airflow/example_dags/example_python_operator.py
[2025-04-16T00:12:44.531+0700] {logging_mixin.py:190} INFO - [2025-04-16T00:12:44.530+0700] {dag.py:3239} INFO - Sync 1 DAGs
[2025-04-16T00:12:44.543+0700] {logging_mixin.py:190} INFO - [2025-04-16T00:12:44.542+0700] {dag.py:4180} INFO - Setting next_dagrun for example_python_operator to None, run_after=None
[2025-04-16T00:12:44.571+0700] {processor.py:208} INFO - Processing /home/anhtupham99/NBA-analytics/py_env/lib/python3.11/site-packages/airflow/example_dags/example_python_operator.py took 0.080 seconds
[2025-04-16T00:13:34.519+0700] {processor.py:186} INFO - Started process (PID=333895) to work on /home/anhtupham99/NBA-analytics/py_env/lib/python3.11/site-packages/airflow/example_dags/example_python_operator.py
[2025-04-16T00:13:34.521+0700] {processor.py:914} INFO - Processing file /home/anhtupham99/NBA-analytics/py_env/lib/python3.11/site-packages/airflow/example_dags/example_python_operator.py for tasks to queue
[2025-04-16T00:13:34.524+0700] {logging_mixin.py:190} INFO - [2025-04-16T00:13:34.524+0700] {dagbag.py:588} INFO - Filling up the DagBag from /home/anhtupham99/NBA-analytics/py_env/lib/python3.11/site-packages/airflow/example_dags/example_python_operator.py
[2025-04-16T00:13:34.542+0700] {processor.py:925} INFO - DAG(s) 'example_python_operator' retrieved from /home/anhtupham99/NBA-analytics/py_env/lib/python3.11/site-packages/airflow/example_dags/example_python_operator.py
[2025-04-16T00:13:34.576+0700] {logging_mixin.py:190} INFO - [2025-04-16T00:13:34.576+0700] {dag.py:3239} INFO - Sync 1 DAGs
[2025-04-16T00:13:34.597+0700] {logging_mixin.py:190} INFO - [2025-04-16T00:13:34.597+0700] {dag.py:4180} INFO - Setting next_dagrun for example_python_operator to None, run_after=None
[2025-04-16T00:13:34.637+0700] {processor.py:208} INFO - Processing /home/anhtupham99/NBA-analytics/py_env/lib/python3.11/site-packages/airflow/example_dags/example_python_operator.py took 0.131 seconds
[2025-04-16T00:14:23.336+0700] {processor.py:186} INFO - Started process (PID=335846) to work on /home/anhtupham99/NBA-analytics/py_env/lib/python3.11/site-packages/airflow/example_dags/example_python_operator.py
[2025-04-16T00:14:23.337+0700] {processor.py:914} INFO - Processing file /home/anhtupham99/NBA-analytics/py_env/lib/python3.11/site-packages/airflow/example_dags/example_python_operator.py for tasks to queue
[2025-04-16T00:14:23.339+0700] {logging_mixin.py:190} INFO - [2025-04-16T00:14:23.339+0700] {dagbag.py:588} INFO - Filling up the DagBag from /home/anhtupham99/NBA-analytics/py_env/lib/python3.11/site-packages/airflow/example_dags/example_python_operator.py
[2025-04-16T00:14:23.351+0700] {processor.py:925} INFO - DAG(s) 'example_python_operator' retrieved from /home/anhtupham99/NBA-analytics/py_env/lib/python3.11/site-packages/airflow/example_dags/example_python_operator.py
[2025-04-16T00:14:23.364+0700] {logging_mixin.py:190} INFO - [2025-04-16T00:14:23.364+0700] {dag.py:3239} INFO - Sync 1 DAGs
[2025-04-16T00:14:23.373+0700] {logging_mixin.py:190} INFO - [2025-04-16T00:14:23.373+0700] {dag.py:4180} INFO - Setting next_dagrun for example_python_operator to None, run_after=None
[2025-04-16T00:14:23.404+0700] {processor.py:208} INFO - Processing /home/anhtupham99/NBA-analytics/py_env/lib/python3.11/site-packages/airflow/example_dags/example_python_operator.py took 0.073 seconds
[2025-04-16T00:15:14.001+0700] {processor.py:186} INFO - Started process (PID=337784) to work on /home/anhtupham99/NBA-analytics/py_env/lib/python3.11/site-packages/airflow/example_dags/example_python_operator.py
[2025-04-16T00:15:14.002+0700] {processor.py:914} INFO - Processing file /home/anhtupham99/NBA-analytics/py_env/lib/python3.11/site-packages/airflow/example_dags/example_python_operator.py for tasks to queue
[2025-04-16T00:15:14.005+0700] {logging_mixin.py:190} INFO - [2025-04-16T00:15:14.004+0700] {dagbag.py:588} INFO - Filling up the DagBag from /home/anhtupham99/NBA-analytics/py_env/lib/python3.11/site-packages/airflow/example_dags/example_python_operator.py
[2025-04-16T00:15:14.024+0700] {processor.py:925} INFO - DAG(s) 'example_python_operator' retrieved from /home/anhtupham99/NBA-analytics/py_env/lib/python3.11/site-packages/airflow/example_dags/example_python_operator.py
[2025-04-16T00:15:14.046+0700] {logging_mixin.py:190} INFO - [2025-04-16T00:15:14.045+0700] {dag.py:3239} INFO - Sync 1 DAGs
[2025-04-16T00:15:14.065+0700] {logging_mixin.py:190} INFO - [2025-04-16T00:15:14.065+0700] {dag.py:4180} INFO - Setting next_dagrun for example_python_operator to None, run_after=None
[2025-04-16T00:15:14.097+0700] {processor.py:208} INFO - Processing /home/anhtupham99/NBA-analytics/py_env/lib/python3.11/site-packages/airflow/example_dags/example_python_operator.py took 0.101 seconds
[2025-04-16T00:16:02.894+0700] {processor.py:186} INFO - Started process (PID=340656) to work on /home/anhtupham99/NBA-analytics/py_env/lib/python3.11/site-packages/airflow/example_dags/example_python_operator.py
[2025-04-16T00:16:02.896+0700] {processor.py:914} INFO - Processing file /home/anhtupham99/NBA-analytics/py_env/lib/python3.11/site-packages/airflow/example_dags/example_python_operator.py for tasks to queue
[2025-04-16T00:16:02.897+0700] {logging_mixin.py:190} INFO - [2025-04-16T00:16:02.897+0700] {dagbag.py:588} INFO - Filling up the DagBag from /home/anhtupham99/NBA-analytics/py_env/lib/python3.11/site-packages/airflow/example_dags/example_python_operator.py
[2025-04-16T00:16:02.907+0700] {processor.py:925} INFO - DAG(s) 'example_python_operator' retrieved from /home/anhtupham99/NBA-analytics/py_env/lib/python3.11/site-packages/airflow/example_dags/example_python_operator.py
[2025-04-16T00:16:02.919+0700] {logging_mixin.py:190} INFO - [2025-04-16T00:16:02.919+0700] {dag.py:3239} INFO - Sync 1 DAGs
[2025-04-16T00:16:02.931+0700] {logging_mixin.py:190} INFO - [2025-04-16T00:16:02.931+0700] {dag.py:4180} INFO - Setting next_dagrun for example_python_operator to None, run_after=None
[2025-04-16T00:16:02.956+0700] {processor.py:208} INFO - Processing /home/anhtupham99/NBA-analytics/py_env/lib/python3.11/site-packages/airflow/example_dags/example_python_operator.py took 0.066 seconds
[2025-04-16T00:16:53.610+0700] {processor.py:186} INFO - Started process (PID=343099) to work on /home/anhtupham99/NBA-analytics/py_env/lib/python3.11/site-packages/airflow/example_dags/example_python_operator.py
[2025-04-16T00:16:53.613+0700] {processor.py:914} INFO - Processing file /home/anhtupham99/NBA-analytics/py_env/lib/python3.11/site-packages/airflow/example_dags/example_python_operator.py for tasks to queue
[2025-04-16T00:16:53.617+0700] {logging_mixin.py:190} INFO - [2025-04-16T00:16:53.616+0700] {dagbag.py:588} INFO - Filling up the DagBag from /home/anhtupham99/NBA-analytics/py_env/lib/python3.11/site-packages/airflow/example_dags/example_python_operator.py
[2025-04-16T00:16:53.635+0700] {processor.py:925} INFO - DAG(s) 'example_python_operator' retrieved from /home/anhtupham99/NBA-analytics/py_env/lib/python3.11/site-packages/airflow/example_dags/example_python_operator.py
[2025-04-16T00:16:53.661+0700] {logging_mixin.py:190} INFO - [2025-04-16T00:16:53.660+0700] {dag.py:3239} INFO - Sync 1 DAGs
[2025-04-16T00:16:53.678+0700] {logging_mixin.py:190} INFO - [2025-04-16T00:16:53.677+0700] {dag.py:4180} INFO - Setting next_dagrun for example_python_operator to None, run_after=None
[2025-04-16T00:16:53.721+0700] {processor.py:208} INFO - Processing /home/anhtupham99/NBA-analytics/py_env/lib/python3.11/site-packages/airflow/example_dags/example_python_operator.py took 0.119 seconds
[2025-04-16T00:17:43.558+0700] {processor.py:186} INFO - Started process (PID=344705) to work on /home/anhtupham99/NBA-analytics/py_env/lib/python3.11/site-packages/airflow/example_dags/example_python_operator.py
[2025-04-16T00:17:43.560+0700] {processor.py:914} INFO - Processing file /home/anhtupham99/NBA-analytics/py_env/lib/python3.11/site-packages/airflow/example_dags/example_python_operator.py for tasks to queue
[2025-04-16T00:17:43.562+0700] {logging_mixin.py:190} INFO - [2025-04-16T00:17:43.562+0700] {dagbag.py:588} INFO - Filling up the DagBag from /home/anhtupham99/NBA-analytics/py_env/lib/python3.11/site-packages/airflow/example_dags/example_python_operator.py
[2025-04-16T00:17:43.573+0700] {processor.py:925} INFO - DAG(s) 'example_python_operator' retrieved from /home/anhtupham99/NBA-analytics/py_env/lib/python3.11/site-packages/airflow/example_dags/example_python_operator.py
[2025-04-16T00:17:43.587+0700] {logging_mixin.py:190} INFO - [2025-04-16T00:17:43.587+0700] {dag.py:3239} INFO - Sync 1 DAGs
[2025-04-16T00:17:43.597+0700] {logging_mixin.py:190} INFO - [2025-04-16T00:17:43.597+0700] {dag.py:4180} INFO - Setting next_dagrun for example_python_operator to None, run_after=None
[2025-04-16T00:17:43.632+0700] {processor.py:208} INFO - Processing /home/anhtupham99/NBA-analytics/py_env/lib/python3.11/site-packages/airflow/example_dags/example_python_operator.py took 0.082 seconds
[2025-04-16T00:18:33.187+0700] {processor.py:186} INFO - Started process (PID=347283) to work on /home/anhtupham99/NBA-analytics/py_env/lib/python3.11/site-packages/airflow/example_dags/example_python_operator.py
[2025-04-16T00:18:33.188+0700] {processor.py:914} INFO - Processing file /home/anhtupham99/NBA-analytics/py_env/lib/python3.11/site-packages/airflow/example_dags/example_python_operator.py for tasks to queue
[2025-04-16T00:18:33.190+0700] {logging_mixin.py:190} INFO - [2025-04-16T00:18:33.189+0700] {dagbag.py:588} INFO - Filling up the DagBag from /home/anhtupham99/NBA-analytics/py_env/lib/python3.11/site-packages/airflow/example_dags/example_python_operator.py
[2025-04-16T00:18:33.199+0700] {processor.py:925} INFO - DAG(s) 'example_python_operator' retrieved from /home/anhtupham99/NBA-analytics/py_env/lib/python3.11/site-packages/airflow/example_dags/example_python_operator.py
[2025-04-16T00:18:33.210+0700] {logging_mixin.py:190} INFO - [2025-04-16T00:18:33.210+0700] {dag.py:3239} INFO - Sync 1 DAGs
[2025-04-16T00:18:33.218+0700] {logging_mixin.py:190} INFO - [2025-04-16T00:18:33.218+0700] {dag.py:4180} INFO - Setting next_dagrun for example_python_operator to None, run_after=None
[2025-04-16T00:18:33.241+0700] {processor.py:208} INFO - Processing /home/anhtupham99/NBA-analytics/py_env/lib/python3.11/site-packages/airflow/example_dags/example_python_operator.py took 0.058 seconds
[2025-04-16T00:19:23.101+0700] {processor.py:186} INFO - Started process (PID=349479) to work on /home/anhtupham99/NBA-analytics/py_env/lib/python3.11/site-packages/airflow/example_dags/example_python_operator.py
[2025-04-16T00:19:23.103+0700] {processor.py:914} INFO - Processing file /home/anhtupham99/NBA-analytics/py_env/lib/python3.11/site-packages/airflow/example_dags/example_python_operator.py for tasks to queue
[2025-04-16T00:19:23.105+0700] {logging_mixin.py:190} INFO - [2025-04-16T00:19:23.104+0700] {dagbag.py:588} INFO - Filling up the DagBag from /home/anhtupham99/NBA-analytics/py_env/lib/python3.11/site-packages/airflow/example_dags/example_python_operator.py
[2025-04-16T00:19:23.118+0700] {processor.py:925} INFO - DAG(s) 'example_python_operator' retrieved from /home/anhtupham99/NBA-analytics/py_env/lib/python3.11/site-packages/airflow/example_dags/example_python_operator.py
[2025-04-16T00:19:23.133+0700] {logging_mixin.py:190} INFO - [2025-04-16T00:19:23.132+0700] {dag.py:3239} INFO - Sync 1 DAGs
[2025-04-16T00:19:23.148+0700] {logging_mixin.py:190} INFO - [2025-04-16T00:19:23.148+0700] {dag.py:4180} INFO - Setting next_dagrun for example_python_operator to None, run_after=None
[2025-04-16T00:19:23.180+0700] {processor.py:208} INFO - Processing /home/anhtupham99/NBA-analytics/py_env/lib/python3.11/site-packages/airflow/example_dags/example_python_operator.py took 0.085 seconds
[2025-04-16T00:20:12.230+0700] {processor.py:186} INFO - Started process (PID=351453) to work on /home/anhtupham99/NBA-analytics/py_env/lib/python3.11/site-packages/airflow/example_dags/example_python_operator.py
[2025-04-16T00:20:12.232+0700] {processor.py:914} INFO - Processing file /home/anhtupham99/NBA-analytics/py_env/lib/python3.11/site-packages/airflow/example_dags/example_python_operator.py for tasks to queue
[2025-04-16T00:20:12.233+0700] {logging_mixin.py:190} INFO - [2025-04-16T00:20:12.233+0700] {dagbag.py:588} INFO - Filling up the DagBag from /home/anhtupham99/NBA-analytics/py_env/lib/python3.11/site-packages/airflow/example_dags/example_python_operator.py
[2025-04-16T00:20:12.243+0700] {processor.py:925} INFO - DAG(s) 'example_python_operator' retrieved from /home/anhtupham99/NBA-analytics/py_env/lib/python3.11/site-packages/airflow/example_dags/example_python_operator.py
[2025-04-16T00:20:12.256+0700] {logging_mixin.py:190} INFO - [2025-04-16T00:20:12.256+0700] {dag.py:3239} INFO - Sync 1 DAGs
[2025-04-16T00:20:12.266+0700] {logging_mixin.py:190} INFO - [2025-04-16T00:20:12.266+0700] {dag.py:4180} INFO - Setting next_dagrun for example_python_operator to None, run_after=None
[2025-04-16T00:20:12.290+0700] {processor.py:208} INFO - Processing /home/anhtupham99/NBA-analytics/py_env/lib/python3.11/site-packages/airflow/example_dags/example_python_operator.py took 0.064 seconds
[2025-04-16T00:21:01.086+0700] {processor.py:186} INFO - Started process (PID=353372) to work on /home/anhtupham99/NBA-analytics/py_env/lib/python3.11/site-packages/airflow/example_dags/example_python_operator.py
[2025-04-16T00:21:01.088+0700] {processor.py:914} INFO - Processing file /home/anhtupham99/NBA-analytics/py_env/lib/python3.11/site-packages/airflow/example_dags/example_python_operator.py for tasks to queue
[2025-04-16T00:21:01.090+0700] {logging_mixin.py:190} INFO - [2025-04-16T00:21:01.090+0700] {dagbag.py:588} INFO - Filling up the DagBag from /home/anhtupham99/NBA-analytics/py_env/lib/python3.11/site-packages/airflow/example_dags/example_python_operator.py
[2025-04-16T00:21:01.104+0700] {processor.py:925} INFO - DAG(s) 'example_python_operator' retrieved from /home/anhtupham99/NBA-analytics/py_env/lib/python3.11/site-packages/airflow/example_dags/example_python_operator.py
[2025-04-16T00:21:01.121+0700] {logging_mixin.py:190} INFO - [2025-04-16T00:21:01.121+0700] {dag.py:3239} INFO - Sync 1 DAGs
[2025-04-16T00:21:01.135+0700] {logging_mixin.py:190} INFO - [2025-04-16T00:21:01.135+0700] {dag.py:4180} INFO - Setting next_dagrun for example_python_operator to None, run_after=None
[2025-04-16T00:21:01.170+0700] {processor.py:208} INFO - Processing /home/anhtupham99/NBA-analytics/py_env/lib/python3.11/site-packages/airflow/example_dags/example_python_operator.py took 0.089 seconds
[2025-04-16T00:21:51.087+0700] {processor.py:186} INFO - Started process (PID=355161) to work on /home/anhtupham99/NBA-analytics/py_env/lib/python3.11/site-packages/airflow/example_dags/example_python_operator.py
[2025-04-16T00:21:51.088+0700] {processor.py:914} INFO - Processing file /home/anhtupham99/NBA-analytics/py_env/lib/python3.11/site-packages/airflow/example_dags/example_python_operator.py for tasks to queue
[2025-04-16T00:21:51.090+0700] {logging_mixin.py:190} INFO - [2025-04-16T00:21:51.090+0700] {dagbag.py:588} INFO - Filling up the DagBag from /home/anhtupham99/NBA-analytics/py_env/lib/python3.11/site-packages/airflow/example_dags/example_python_operator.py
[2025-04-16T00:21:51.103+0700] {processor.py:925} INFO - DAG(s) 'example_python_operator' retrieved from /home/anhtupham99/NBA-analytics/py_env/lib/python3.11/site-packages/airflow/example_dags/example_python_operator.py
[2025-04-16T00:21:51.118+0700] {logging_mixin.py:190} INFO - [2025-04-16T00:21:51.118+0700] {dag.py:3239} INFO - Sync 1 DAGs
[2025-04-16T00:21:51.128+0700] {logging_mixin.py:190} INFO - [2025-04-16T00:21:51.128+0700] {dag.py:4180} INFO - Setting next_dagrun for example_python_operator to None, run_after=None
[2025-04-16T00:21:51.154+0700] {processor.py:208} INFO - Processing /home/anhtupham99/NBA-analytics/py_env/lib/python3.11/site-packages/airflow/example_dags/example_python_operator.py took 0.073 seconds
[2025-04-16T00:22:44.863+0700] {processor.py:186} INFO - Started process (PID=357140) to work on /home/anhtupham99/NBA-analytics/py_env/lib/python3.11/site-packages/airflow/example_dags/example_python_operator.py
[2025-04-16T00:22:44.865+0700] {processor.py:914} INFO - Processing file /home/anhtupham99/NBA-analytics/py_env/lib/python3.11/site-packages/airflow/example_dags/example_python_operator.py for tasks to queue
[2025-04-16T00:22:44.867+0700] {logging_mixin.py:190} INFO - [2025-04-16T00:22:44.867+0700] {dagbag.py:588} INFO - Filling up the DagBag from /home/anhtupham99/NBA-analytics/py_env/lib/python3.11/site-packages/airflow/example_dags/example_python_operator.py
[2025-04-16T00:22:44.880+0700] {processor.py:925} INFO - DAG(s) 'example_python_operator' retrieved from /home/anhtupham99/NBA-analytics/py_env/lib/python3.11/site-packages/airflow/example_dags/example_python_operator.py
[2025-04-16T00:22:44.897+0700] {logging_mixin.py:190} INFO - [2025-04-16T00:22:44.897+0700] {dag.py:3239} INFO - Sync 1 DAGs
[2025-04-16T00:22:44.913+0700] {logging_mixin.py:190} INFO - [2025-04-16T00:22:44.912+0700] {dag.py:4180} INFO - Setting next_dagrun for example_python_operator to None, run_after=None
[2025-04-16T00:22:44.945+0700] {processor.py:208} INFO - Processing /home/anhtupham99/NBA-analytics/py_env/lib/python3.11/site-packages/airflow/example_dags/example_python_operator.py took 0.088 seconds
[2025-04-16T00:23:31.204+0700] {processor.py:186} INFO - Started process (PID=358506) to work on /home/anhtupham99/NBA-analytics/py_env/lib/python3.11/site-packages/airflow/example_dags/example_python_operator.py
[2025-04-16T00:23:31.207+0700] {processor.py:914} INFO - Processing file /home/anhtupham99/NBA-analytics/py_env/lib/python3.11/site-packages/airflow/example_dags/example_python_operator.py for tasks to queue
[2025-04-16T00:23:31.209+0700] {logging_mixin.py:190} INFO - [2025-04-16T00:23:31.208+0700] {dagbag.py:588} INFO - Filling up the DagBag from /home/anhtupham99/NBA-analytics/py_env/lib/python3.11/site-packages/airflow/example_dags/example_python_operator.py
[2025-04-16T00:23:31.219+0700] {processor.py:925} INFO - DAG(s) 'example_python_operator' retrieved from /home/anhtupham99/NBA-analytics/py_env/lib/python3.11/site-packages/airflow/example_dags/example_python_operator.py
[2025-04-16T00:23:31.232+0700] {logging_mixin.py:190} INFO - [2025-04-16T00:23:31.231+0700] {dag.py:3239} INFO - Sync 1 DAGs
[2025-04-16T00:23:31.241+0700] {logging_mixin.py:190} INFO - [2025-04-16T00:23:31.241+0700] {dag.py:4180} INFO - Setting next_dagrun for example_python_operator to None, run_after=None
[2025-04-16T00:23:31.263+0700] {processor.py:208} INFO - Processing /home/anhtupham99/NBA-analytics/py_env/lib/python3.11/site-packages/airflow/example_dags/example_python_operator.py took 0.064 seconds
[2025-04-16T00:24:41.018+0700] {processor.py:186} INFO - Started process (PID=361045) to work on /home/anhtupham99/NBA-analytics/py_env/lib/python3.11/site-packages/airflow/example_dags/example_python_operator.py
[2025-04-16T00:24:41.019+0700] {processor.py:914} INFO - Processing file /home/anhtupham99/NBA-analytics/py_env/lib/python3.11/site-packages/airflow/example_dags/example_python_operator.py for tasks to queue
[2025-04-16T00:24:41.021+0700] {logging_mixin.py:190} INFO - [2025-04-16T00:24:41.021+0700] {dagbag.py:588} INFO - Filling up the DagBag from /home/anhtupham99/NBA-analytics/py_env/lib/python3.11/site-packages/airflow/example_dags/example_python_operator.py
[2025-04-16T00:24:41.032+0700] {processor.py:925} INFO - DAG(s) 'example_python_operator' retrieved from /home/anhtupham99/NBA-analytics/py_env/lib/python3.11/site-packages/airflow/example_dags/example_python_operator.py
[2025-04-16T00:24:41.045+0700] {logging_mixin.py:190} INFO - [2025-04-16T00:24:41.045+0700] {dag.py:3239} INFO - Sync 1 DAGs
[2025-04-16T00:24:41.055+0700] {logging_mixin.py:190} INFO - [2025-04-16T00:24:41.054+0700] {dag.py:4180} INFO - Setting next_dagrun for example_python_operator to None, run_after=None
[2025-04-16T00:24:41.086+0700] {processor.py:208} INFO - Processing /home/anhtupham99/NBA-analytics/py_env/lib/python3.11/site-packages/airflow/example_dags/example_python_operator.py took 0.072 seconds
[2025-04-16T00:25:31.334+0700] {processor.py:186} INFO - Started process (PID=363433) to work on /home/anhtupham99/NBA-analytics/py_env/lib/python3.11/site-packages/airflow/example_dags/example_python_operator.py
[2025-04-16T00:25:31.335+0700] {processor.py:914} INFO - Processing file /home/anhtupham99/NBA-analytics/py_env/lib/python3.11/site-packages/airflow/example_dags/example_python_operator.py for tasks to queue
[2025-04-16T00:25:31.337+0700] {logging_mixin.py:190} INFO - [2025-04-16T00:25:31.337+0700] {dagbag.py:588} INFO - Filling up the DagBag from /home/anhtupham99/NBA-analytics/py_env/lib/python3.11/site-packages/airflow/example_dags/example_python_operator.py
[2025-04-16T00:25:31.348+0700] {processor.py:925} INFO - DAG(s) 'example_python_operator' retrieved from /home/anhtupham99/NBA-analytics/py_env/lib/python3.11/site-packages/airflow/example_dags/example_python_operator.py
[2025-04-16T00:25:31.359+0700] {logging_mixin.py:190} INFO - [2025-04-16T00:25:31.359+0700] {dag.py:3239} INFO - Sync 1 DAGs
[2025-04-16T00:25:31.367+0700] {logging_mixin.py:190} INFO - [2025-04-16T00:25:31.367+0700] {dag.py:4180} INFO - Setting next_dagrun for example_python_operator to None, run_after=None
[2025-04-16T00:25:31.395+0700] {processor.py:208} INFO - Processing /home/anhtupham99/NBA-analytics/py_env/lib/python3.11/site-packages/airflow/example_dags/example_python_operator.py took 0.066 seconds
[2025-04-16T00:26:20.130+0700] {processor.py:186} INFO - Started process (PID=364589) to work on /home/anhtupham99/NBA-analytics/py_env/lib/python3.11/site-packages/airflow/example_dags/example_python_operator.py
[2025-04-16T00:26:20.132+0700] {processor.py:914} INFO - Processing file /home/anhtupham99/NBA-analytics/py_env/lib/python3.11/site-packages/airflow/example_dags/example_python_operator.py for tasks to queue
[2025-04-16T00:26:20.133+0700] {logging_mixin.py:190} INFO - [2025-04-16T00:26:20.133+0700] {dagbag.py:588} INFO - Filling up the DagBag from /home/anhtupham99/NBA-analytics/py_env/lib/python3.11/site-packages/airflow/example_dags/example_python_operator.py
[2025-04-16T00:26:20.142+0700] {processor.py:925} INFO - DAG(s) 'example_python_operator' retrieved from /home/anhtupham99/NBA-analytics/py_env/lib/python3.11/site-packages/airflow/example_dags/example_python_operator.py
[2025-04-16T00:26:20.153+0700] {logging_mixin.py:190} INFO - [2025-04-16T00:26:20.153+0700] {dag.py:3239} INFO - Sync 1 DAGs
[2025-04-16T00:26:20.161+0700] {logging_mixin.py:190} INFO - [2025-04-16T00:26:20.160+0700] {dag.py:4180} INFO - Setting next_dagrun for example_python_operator to None, run_after=None
[2025-04-16T00:26:20.182+0700] {processor.py:208} INFO - Processing /home/anhtupham99/NBA-analytics/py_env/lib/python3.11/site-packages/airflow/example_dags/example_python_operator.py took 0.056 seconds
[2025-04-16T00:27:10.057+0700] {processor.py:186} INFO - Started process (PID=365723) to work on /home/anhtupham99/NBA-analytics/py_env/lib/python3.11/site-packages/airflow/example_dags/example_python_operator.py
[2025-04-16T00:27:10.058+0700] {processor.py:914} INFO - Processing file /home/anhtupham99/NBA-analytics/py_env/lib/python3.11/site-packages/airflow/example_dags/example_python_operator.py for tasks to queue
[2025-04-16T00:27:10.060+0700] {logging_mixin.py:190} INFO - [2025-04-16T00:27:10.060+0700] {dagbag.py:588} INFO - Filling up the DagBag from /home/anhtupham99/NBA-analytics/py_env/lib/python3.11/site-packages/airflow/example_dags/example_python_operator.py
[2025-04-16T00:27:10.072+0700] {processor.py:925} INFO - DAG(s) 'example_python_operator' retrieved from /home/anhtupham99/NBA-analytics/py_env/lib/python3.11/site-packages/airflow/example_dags/example_python_operator.py
[2025-04-16T00:27:10.086+0700] {logging_mixin.py:190} INFO - [2025-04-16T00:27:10.086+0700] {dag.py:3239} INFO - Sync 1 DAGs
[2025-04-16T00:27:10.097+0700] {logging_mixin.py:190} INFO - [2025-04-16T00:27:10.096+0700] {dag.py:4180} INFO - Setting next_dagrun for example_python_operator to None, run_after=None
[2025-04-16T00:27:10.122+0700] {processor.py:208} INFO - Processing /home/anhtupham99/NBA-analytics/py_env/lib/python3.11/site-packages/airflow/example_dags/example_python_operator.py took 0.071 seconds
[2025-04-16T00:27:56.530+0700] {processor.py:186} INFO - Started process (PID=366976) to work on /home/anhtupham99/NBA-analytics/py_env/lib/python3.11/site-packages/airflow/example_dags/example_python_operator.py
[2025-04-16T00:27:56.531+0700] {processor.py:914} INFO - Processing file /home/anhtupham99/NBA-analytics/py_env/lib/python3.11/site-packages/airflow/example_dags/example_python_operator.py for tasks to queue
[2025-04-16T00:27:56.533+0700] {logging_mixin.py:190} INFO - [2025-04-16T00:27:56.533+0700] {dagbag.py:588} INFO - Filling up the DagBag from /home/anhtupham99/NBA-analytics/py_env/lib/python3.11/site-packages/airflow/example_dags/example_python_operator.py
[2025-04-16T00:27:56.544+0700] {processor.py:925} INFO - DAG(s) 'example_python_operator' retrieved from /home/anhtupham99/NBA-analytics/py_env/lib/python3.11/site-packages/airflow/example_dags/example_python_operator.py
[2025-04-16T00:27:56.558+0700] {logging_mixin.py:190} INFO - [2025-04-16T00:27:56.558+0700] {dag.py:3239} INFO - Sync 1 DAGs
[2025-04-16T00:27:56.568+0700] {logging_mixin.py:190} INFO - [2025-04-16T00:27:56.568+0700] {dag.py:4180} INFO - Setting next_dagrun for example_python_operator to None, run_after=None
[2025-04-16T00:27:56.592+0700] {processor.py:208} INFO - Processing /home/anhtupham99/NBA-analytics/py_env/lib/python3.11/site-packages/airflow/example_dags/example_python_operator.py took 0.068 seconds
[2025-04-16T00:28:45.679+0700] {processor.py:186} INFO - Started process (PID=368160) to work on /home/anhtupham99/NBA-analytics/py_env/lib/python3.11/site-packages/airflow/example_dags/example_python_operator.py
[2025-04-16T00:28:45.681+0700] {processor.py:914} INFO - Processing file /home/anhtupham99/NBA-analytics/py_env/lib/python3.11/site-packages/airflow/example_dags/example_python_operator.py for tasks to queue
[2025-04-16T00:28:45.683+0700] {logging_mixin.py:190} INFO - [2025-04-16T00:28:45.683+0700] {dagbag.py:588} INFO - Filling up the DagBag from /home/anhtupham99/NBA-analytics/py_env/lib/python3.11/site-packages/airflow/example_dags/example_python_operator.py
[2025-04-16T00:28:45.697+0700] {processor.py:925} INFO - DAG(s) 'example_python_operator' retrieved from /home/anhtupham99/NBA-analytics/py_env/lib/python3.11/site-packages/airflow/example_dags/example_python_operator.py
[2025-04-16T00:28:45.712+0700] {logging_mixin.py:190} INFO - [2025-04-16T00:28:45.712+0700] {dag.py:3239} INFO - Sync 1 DAGs
[2025-04-16T00:28:45.723+0700] {logging_mixin.py:190} INFO - [2025-04-16T00:28:45.723+0700] {dag.py:4180} INFO - Setting next_dagrun for example_python_operator to None, run_after=None
[2025-04-16T00:28:45.757+0700] {processor.py:208} INFO - Processing /home/anhtupham99/NBA-analytics/py_env/lib/python3.11/site-packages/airflow/example_dags/example_python_operator.py took 0.085 seconds
[2025-04-16T00:29:32.227+0700] {processor.py:186} INFO - Started process (PID=369245) to work on /home/anhtupham99/NBA-analytics/py_env/lib/python3.11/site-packages/airflow/example_dags/example_python_operator.py
[2025-04-16T00:29:32.230+0700] {processor.py:914} INFO - Processing file /home/anhtupham99/NBA-analytics/py_env/lib/python3.11/site-packages/airflow/example_dags/example_python_operator.py for tasks to queue
[2025-04-16T00:29:32.231+0700] {logging_mixin.py:190} INFO - [2025-04-16T00:29:32.231+0700] {dagbag.py:588} INFO - Filling up the DagBag from /home/anhtupham99/NBA-analytics/py_env/lib/python3.11/site-packages/airflow/example_dags/example_python_operator.py
[2025-04-16T00:29:32.240+0700] {processor.py:925} INFO - DAG(s) 'example_python_operator' retrieved from /home/anhtupham99/NBA-analytics/py_env/lib/python3.11/site-packages/airflow/example_dags/example_python_operator.py
[2025-04-16T00:29:32.253+0700] {logging_mixin.py:190} INFO - [2025-04-16T00:29:32.253+0700] {dag.py:3239} INFO - Sync 1 DAGs
[2025-04-16T00:29:32.262+0700] {logging_mixin.py:190} INFO - [2025-04-16T00:29:32.262+0700] {dag.py:4180} INFO - Setting next_dagrun for example_python_operator to None, run_after=None
[2025-04-16T00:29:32.285+0700] {processor.py:208} INFO - Processing /home/anhtupham99/NBA-analytics/py_env/lib/python3.11/site-packages/airflow/example_dags/example_python_operator.py took 0.063 seconds
[2025-04-16T00:30:22.512+0700] {processor.py:186} INFO - Started process (PID=370404) to work on /home/anhtupham99/NBA-analytics/py_env/lib/python3.11/site-packages/airflow/example_dags/example_python_operator.py
[2025-04-16T00:30:22.513+0700] {processor.py:914} INFO - Processing file /home/anhtupham99/NBA-analytics/py_env/lib/python3.11/site-packages/airflow/example_dags/example_python_operator.py for tasks to queue
[2025-04-16T00:30:22.515+0700] {logging_mixin.py:190} INFO - [2025-04-16T00:30:22.514+0700] {dagbag.py:588} INFO - Filling up the DagBag from /home/anhtupham99/NBA-analytics/py_env/lib/python3.11/site-packages/airflow/example_dags/example_python_operator.py
[2025-04-16T00:30:22.524+0700] {processor.py:925} INFO - DAG(s) 'example_python_operator' retrieved from /home/anhtupham99/NBA-analytics/py_env/lib/python3.11/site-packages/airflow/example_dags/example_python_operator.py
[2025-04-16T00:30:22.536+0700] {logging_mixin.py:190} INFO - [2025-04-16T00:30:22.536+0700] {dag.py:3239} INFO - Sync 1 DAGs
[2025-04-16T00:30:22.544+0700] {logging_mixin.py:190} INFO - [2025-04-16T00:30:22.544+0700] {dag.py:4180} INFO - Setting next_dagrun for example_python_operator to None, run_after=None
[2025-04-16T00:30:22.567+0700] {processor.py:208} INFO - Processing /home/anhtupham99/NBA-analytics/py_env/lib/python3.11/site-packages/airflow/example_dags/example_python_operator.py took 0.060 seconds
[2025-04-16T00:31:32.124+0700] {processor.py:186} INFO - Started process (PID=372353) to work on /home/anhtupham99/NBA-analytics/py_env/lib/python3.11/site-packages/airflow/example_dags/example_python_operator.py
[2025-04-16T00:31:32.125+0700] {processor.py:914} INFO - Processing file /home/anhtupham99/NBA-analytics/py_env/lib/python3.11/site-packages/airflow/example_dags/example_python_operator.py for tasks to queue
[2025-04-16T00:31:32.126+0700] {logging_mixin.py:190} INFO - [2025-04-16T00:31:32.126+0700] {dagbag.py:588} INFO - Filling up the DagBag from /home/anhtupham99/NBA-analytics/py_env/lib/python3.11/site-packages/airflow/example_dags/example_python_operator.py
[2025-04-16T00:31:32.135+0700] {processor.py:925} INFO - DAG(s) 'example_python_operator' retrieved from /home/anhtupham99/NBA-analytics/py_env/lib/python3.11/site-packages/airflow/example_dags/example_python_operator.py
[2025-04-16T00:31:32.147+0700] {logging_mixin.py:190} INFO - [2025-04-16T00:31:32.147+0700] {dag.py:3239} INFO - Sync 1 DAGs
[2025-04-16T00:31:32.157+0700] {logging_mixin.py:190} INFO - [2025-04-16T00:31:32.157+0700] {dag.py:4180} INFO - Setting next_dagrun for example_python_operator to None, run_after=None
[2025-04-16T00:31:32.180+0700] {processor.py:208} INFO - Processing /home/anhtupham99/NBA-analytics/py_env/lib/python3.11/site-packages/airflow/example_dags/example_python_operator.py took 0.062 seconds
[2025-04-16T00:32:37.714+0700] {processor.py:186} INFO - Started process (PID=373957) to work on /home/anhtupham99/NBA-analytics/py_env/lib/python3.11/site-packages/airflow/example_dags/example_python_operator.py
[2025-04-16T00:32:37.715+0700] {processor.py:914} INFO - Processing file /home/anhtupham99/NBA-analytics/py_env/lib/python3.11/site-packages/airflow/example_dags/example_python_operator.py for tasks to queue
[2025-04-16T00:32:37.717+0700] {logging_mixin.py:190} INFO - [2025-04-16T00:32:37.717+0700] {dagbag.py:588} INFO - Filling up the DagBag from /home/anhtupham99/NBA-analytics/py_env/lib/python3.11/site-packages/airflow/example_dags/example_python_operator.py
[2025-04-16T00:32:37.726+0700] {processor.py:925} INFO - DAG(s) 'example_python_operator' retrieved from /home/anhtupham99/NBA-analytics/py_env/lib/python3.11/site-packages/airflow/example_dags/example_python_operator.py
[2025-04-16T00:32:37.737+0700] {logging_mixin.py:190} INFO - [2025-04-16T00:32:37.737+0700] {dag.py:3239} INFO - Sync 1 DAGs
[2025-04-16T00:32:37.748+0700] {logging_mixin.py:190} INFO - [2025-04-16T00:32:37.748+0700] {dag.py:4180} INFO - Setting next_dagrun for example_python_operator to None, run_after=None
[2025-04-16T00:32:37.770+0700] {processor.py:208} INFO - Processing /home/anhtupham99/NBA-analytics/py_env/lib/python3.11/site-packages/airflow/example_dags/example_python_operator.py took 0.061 seconds
[2025-04-16T00:33:26.291+0700] {processor.py:186} INFO - Started process (PID=375153) to work on /home/anhtupham99/NBA-analytics/py_env/lib/python3.11/site-packages/airflow/example_dags/example_python_operator.py
[2025-04-16T00:33:26.293+0700] {processor.py:914} INFO - Processing file /home/anhtupham99/NBA-analytics/py_env/lib/python3.11/site-packages/airflow/example_dags/example_python_operator.py for tasks to queue
[2025-04-16T00:33:26.295+0700] {logging_mixin.py:190} INFO - [2025-04-16T00:33:26.295+0700] {dagbag.py:588} INFO - Filling up the DagBag from /home/anhtupham99/NBA-analytics/py_env/lib/python3.11/site-packages/airflow/example_dags/example_python_operator.py
[2025-04-16T00:33:26.306+0700] {processor.py:925} INFO - DAG(s) 'example_python_operator' retrieved from /home/anhtupham99/NBA-analytics/py_env/lib/python3.11/site-packages/airflow/example_dags/example_python_operator.py
[2025-04-16T00:33:26.320+0700] {logging_mixin.py:190} INFO - [2025-04-16T00:33:26.320+0700] {dag.py:3239} INFO - Sync 1 DAGs
[2025-04-16T00:33:26.330+0700] {logging_mixin.py:190} INFO - [2025-04-16T00:33:26.330+0700] {dag.py:4180} INFO - Setting next_dagrun for example_python_operator to None, run_after=None
[2025-04-16T00:33:26.354+0700] {processor.py:208} INFO - Processing /home/anhtupham99/NBA-analytics/py_env/lib/python3.11/site-packages/airflow/example_dags/example_python_operator.py took 0.068 seconds
[2025-04-16T00:34:13.621+0700] {processor.py:186} INFO - Started process (PID=376189) to work on /home/anhtupham99/NBA-analytics/py_env/lib/python3.11/site-packages/airflow/example_dags/example_python_operator.py
[2025-04-16T00:34:13.622+0700] {processor.py:914} INFO - Processing file /home/anhtupham99/NBA-analytics/py_env/lib/python3.11/site-packages/airflow/example_dags/example_python_operator.py for tasks to queue
[2025-04-16T00:34:13.624+0700] {logging_mixin.py:190} INFO - [2025-04-16T00:34:13.623+0700] {dagbag.py:588} INFO - Filling up the DagBag from /home/anhtupham99/NBA-analytics/py_env/lib/python3.11/site-packages/airflow/example_dags/example_python_operator.py
[2025-04-16T00:34:13.634+0700] {processor.py:925} INFO - DAG(s) 'example_python_operator' retrieved from /home/anhtupham99/NBA-analytics/py_env/lib/python3.11/site-packages/airflow/example_dags/example_python_operator.py
[2025-04-16T00:34:13.646+0700] {logging_mixin.py:190} INFO - [2025-04-16T00:34:13.646+0700] {dag.py:3239} INFO - Sync 1 DAGs
[2025-04-16T00:34:13.655+0700] {logging_mixin.py:190} INFO - [2025-04-16T00:34:13.655+0700] {dag.py:4180} INFO - Setting next_dagrun for example_python_operator to None, run_after=None
[2025-04-16T00:34:13.681+0700] {processor.py:208} INFO - Processing /home/anhtupham99/NBA-analytics/py_env/lib/python3.11/site-packages/airflow/example_dags/example_python_operator.py took 0.066 seconds
[2025-04-16T00:35:02.792+0700] {processor.py:186} INFO - Started process (PID=377384) to work on /home/anhtupham99/NBA-analytics/py_env/lib/python3.11/site-packages/airflow/example_dags/example_python_operator.py
[2025-04-16T00:35:02.794+0700] {processor.py:914} INFO - Processing file /home/anhtupham99/NBA-analytics/py_env/lib/python3.11/site-packages/airflow/example_dags/example_python_operator.py for tasks to queue
[2025-04-16T00:35:02.795+0700] {logging_mixin.py:190} INFO - [2025-04-16T00:35:02.795+0700] {dagbag.py:588} INFO - Filling up the DagBag from /home/anhtupham99/NBA-analytics/py_env/lib/python3.11/site-packages/airflow/example_dags/example_python_operator.py
[2025-04-16T00:35:02.805+0700] {processor.py:925} INFO - DAG(s) 'example_python_operator' retrieved from /home/anhtupham99/NBA-analytics/py_env/lib/python3.11/site-packages/airflow/example_dags/example_python_operator.py
[2025-04-16T00:35:02.818+0700] {logging_mixin.py:190} INFO - [2025-04-16T00:35:02.818+0700] {dag.py:3239} INFO - Sync 1 DAGs
[2025-04-16T00:35:02.828+0700] {logging_mixin.py:190} INFO - [2025-04-16T00:35:02.828+0700] {dag.py:4180} INFO - Setting next_dagrun for example_python_operator to None, run_after=None
[2025-04-16T00:35:02.853+0700] {processor.py:208} INFO - Processing /home/anhtupham99/NBA-analytics/py_env/lib/python3.11/site-packages/airflow/example_dags/example_python_operator.py took 0.065 seconds
[2025-04-16T00:36:14.463+0700] {processor.py:186} INFO - Started process (PID=379191) to work on /home/anhtupham99/NBA-analytics/py_env/lib/python3.11/site-packages/airflow/example_dags/example_python_operator.py
[2025-04-16T00:36:14.464+0700] {processor.py:914} INFO - Processing file /home/anhtupham99/NBA-analytics/py_env/lib/python3.11/site-packages/airflow/example_dags/example_python_operator.py for tasks to queue
[2025-04-16T00:36:14.466+0700] {logging_mixin.py:190} INFO - [2025-04-16T00:36:14.466+0700] {dagbag.py:588} INFO - Filling up the DagBag from /home/anhtupham99/NBA-analytics/py_env/lib/python3.11/site-packages/airflow/example_dags/example_python_operator.py
[2025-04-16T00:36:14.475+0700] {processor.py:925} INFO - DAG(s) 'example_python_operator' retrieved from /home/anhtupham99/NBA-analytics/py_env/lib/python3.11/site-packages/airflow/example_dags/example_python_operator.py
[2025-04-16T00:36:14.486+0700] {logging_mixin.py:190} INFO - [2025-04-16T00:36:14.486+0700] {dag.py:3239} INFO - Sync 1 DAGs
[2025-04-16T00:36:14.494+0700] {logging_mixin.py:190} INFO - [2025-04-16T00:36:14.494+0700] {dag.py:4180} INFO - Setting next_dagrun for example_python_operator to None, run_after=None
[2025-04-16T00:36:14.517+0700] {processor.py:208} INFO - Processing /home/anhtupham99/NBA-analytics/py_env/lib/python3.11/site-packages/airflow/example_dags/example_python_operator.py took 0.059 seconds
[2025-04-16T00:37:02.772+0700] {processor.py:186} INFO - Started process (PID=380680) to work on /home/anhtupham99/NBA-analytics/py_env/lib/python3.11/site-packages/airflow/example_dags/example_python_operator.py
[2025-04-16T00:37:02.774+0700] {processor.py:914} INFO - Processing file /home/anhtupham99/NBA-analytics/py_env/lib/python3.11/site-packages/airflow/example_dags/example_python_operator.py for tasks to queue
[2025-04-16T00:37:02.777+0700] {logging_mixin.py:190} INFO - [2025-04-16T00:37:02.777+0700] {dagbag.py:588} INFO - Filling up the DagBag from /home/anhtupham99/NBA-analytics/py_env/lib/python3.11/site-packages/airflow/example_dags/example_python_operator.py
[2025-04-16T00:37:02.792+0700] {processor.py:925} INFO - DAG(s) 'example_python_operator' retrieved from /home/anhtupham99/NBA-analytics/py_env/lib/python3.11/site-packages/airflow/example_dags/example_python_operator.py
[2025-04-16T00:37:02.810+0700] {logging_mixin.py:190} INFO - [2025-04-16T00:37:02.810+0700] {dag.py:3239} INFO - Sync 1 DAGs
[2025-04-16T00:37:02.842+0700] {logging_mixin.py:190} INFO - [2025-04-16T00:37:02.841+0700] {dag.py:4180} INFO - Setting next_dagrun for example_python_operator to None, run_after=None
[2025-04-16T00:37:02.869+0700] {processor.py:208} INFO - Processing /home/anhtupham99/NBA-analytics/py_env/lib/python3.11/site-packages/airflow/example_dags/example_python_operator.py took 0.106 seconds
