[2025-04-15T23:47:24.027+0700] {processor.py:186} INFO - Started process (PID=298591) to work on /home/anhtupham99/NBA-analytics/py_env/lib/python3.11/site-packages/airflow/example_dags/example_short_circuit_decorator.py
[2025-04-15T23:47:24.028+0700] {processor.py:914} INFO - Processing file /home/anhtupham99/NBA-analytics/py_env/lib/python3.11/site-packages/airflow/example_dags/example_short_circuit_decorator.py for tasks to queue
[2025-04-15T23:47:24.031+0700] {logging_mixin.py:190} INFO - [2025-04-15T23:47:24.030+0700] {dagbag.py:588} INFO - Filling up the DagBag from /home/anhtupham99/NBA-analytics/py_env/lib/python3.11/site-packages/airflow/example_dags/example_short_circuit_decorator.py
[2025-04-15T23:47:24.047+0700] {processor.py:925} INFO - DAG(s) 'example_short_circuit_decorator' retrieved from /home/anhtupham99/NBA-analytics/py_env/lib/python3.11/site-packages/airflow/example_dags/example_short_circuit_decorator.py
[2025-04-15T23:47:24.154+0700] {logging_mixin.py:190} INFO - [2025-04-15T23:47:24.153+0700] {override.py:1912} INFO - Created Permission View: can delete on DAG:example_short_circuit_decorator
[2025-04-15T23:47:24.173+0700] {logging_mixin.py:190} INFO - [2025-04-15T23:47:24.172+0700] {override.py:1912} INFO - Created Permission View: can edit on DAG:example_short_circuit_decorator
[2025-04-15T23:47:24.189+0700] {logging_mixin.py:190} INFO - [2025-04-15T23:47:24.188+0700] {override.py:1912} INFO - Created Permission View: can read on DAG:example_short_circuit_decorator
[2025-04-15T23:47:24.216+0700] {logging_mixin.py:190} INFO - [2025-04-15T23:47:24.216+0700] {override.py:1912} INFO - Created Permission View: can create on DAG Run:example_short_circuit_decorator
[2025-04-15T23:47:24.233+0700] {logging_mixin.py:190} INFO - [2025-04-15T23:47:24.232+0700] {override.py:1912} INFO - Created Permission View: can delete on DAG Run:example_short_circuit_decorator
[2025-04-15T23:47:24.248+0700] {logging_mixin.py:190} INFO - [2025-04-15T23:47:24.247+0700] {override.py:1912} INFO - Created Permission View: menu access on DAG Run:example_short_circuit_decorator
[2025-04-15T23:47:24.263+0700] {logging_mixin.py:190} INFO - [2025-04-15T23:47:24.262+0700] {override.py:1912} INFO - Created Permission View: can read on DAG Run:example_short_circuit_decorator
[2025-04-15T23:47:24.263+0700] {logging_mixin.py:190} INFO - [2025-04-15T23:47:24.263+0700] {dag.py:3239} INFO - Sync 1 DAGs
[2025-04-15T23:47:24.273+0700] {logging_mixin.py:190} INFO - [2025-04-15T23:47:24.272+0700] {dag.py:3262} INFO - Creating ORM DAG for example_short_circuit_decorator
[2025-04-15T23:47:24.273+0700] {logging_mixin.py:190} INFO - [2025-04-15T23:47:24.273+0700] {dag.py:4180} INFO - Setting next_dagrun for example_short_circuit_decorator to None, run_after=None
[2025-04-15T23:47:24.300+0700] {processor.py:208} INFO - Processing /home/anhtupham99/NBA-analytics/py_env/lib/python3.11/site-packages/airflow/example_dags/example_short_circuit_decorator.py took 0.278 seconds
[2025-04-15T23:48:24.781+0700] {processor.py:186} INFO - Started process (PID=300054) to work on /home/anhtupham99/NBA-analytics/py_env/lib/python3.11/site-packages/airflow/example_dags/example_short_circuit_decorator.py
[2025-04-15T23:48:24.784+0700] {processor.py:914} INFO - Processing file /home/anhtupham99/NBA-analytics/py_env/lib/python3.11/site-packages/airflow/example_dags/example_short_circuit_decorator.py for tasks to queue
[2025-04-15T23:48:24.786+0700] {logging_mixin.py:190} INFO - [2025-04-15T23:48:24.786+0700] {dagbag.py:588} INFO - Filling up the DagBag from /home/anhtupham99/NBA-analytics/py_env/lib/python3.11/site-packages/airflow/example_dags/example_short_circuit_decorator.py
[2025-04-15T23:48:24.794+0700] {processor.py:925} INFO - DAG(s) 'example_short_circuit_decorator' retrieved from /home/anhtupham99/NBA-analytics/py_env/lib/python3.11/site-packages/airflow/example_dags/example_short_circuit_decorator.py
[2025-04-15T23:48:24.808+0700] {logging_mixin.py:190} INFO - [2025-04-15T23:48:24.807+0700] {dag.py:3239} INFO - Sync 1 DAGs
[2025-04-15T23:48:24.816+0700] {logging_mixin.py:190} INFO - [2025-04-15T23:48:24.816+0700] {dag.py:4180} INFO - Setting next_dagrun for example_short_circuit_decorator to None, run_after=None
[2025-04-15T23:48:24.838+0700] {processor.py:208} INFO - Processing /home/anhtupham99/NBA-analytics/py_env/lib/python3.11/site-packages/airflow/example_dags/example_short_circuit_decorator.py took 0.061 seconds
[2025-04-15T23:49:16.805+0700] {processor.py:186} INFO - Started process (PID=301100) to work on /home/anhtupham99/NBA-analytics/py_env/lib/python3.11/site-packages/airflow/example_dags/example_short_circuit_decorator.py
[2025-04-15T23:49:16.806+0700] {processor.py:914} INFO - Processing file /home/anhtupham99/NBA-analytics/py_env/lib/python3.11/site-packages/airflow/example_dags/example_short_circuit_decorator.py for tasks to queue
[2025-04-15T23:49:16.808+0700] {logging_mixin.py:190} INFO - [2025-04-15T23:49:16.808+0700] {dagbag.py:588} INFO - Filling up the DagBag from /home/anhtupham99/NBA-analytics/py_env/lib/python3.11/site-packages/airflow/example_dags/example_short_circuit_decorator.py
[2025-04-15T23:49:16.818+0700] {processor.py:925} INFO - DAG(s) 'example_short_circuit_decorator' retrieved from /home/anhtupham99/NBA-analytics/py_env/lib/python3.11/site-packages/airflow/example_dags/example_short_circuit_decorator.py
[2025-04-15T23:49:16.833+0700] {logging_mixin.py:190} INFO - [2025-04-15T23:49:16.833+0700] {dag.py:3239} INFO - Sync 1 DAGs
[2025-04-15T23:49:16.844+0700] {logging_mixin.py:190} INFO - [2025-04-15T23:49:16.844+0700] {dag.py:4180} INFO - Setting next_dagrun for example_short_circuit_decorator to None, run_after=None
[2025-04-15T23:49:16.870+0700] {processor.py:208} INFO - Processing /home/anhtupham99/NBA-analytics/py_env/lib/python3.11/site-packages/airflow/example_dags/example_short_circuit_decorator.py took 0.072 seconds
[2025-04-15T23:50:29.870+0700] {processor.py:186} INFO - Started process (PID=302669) to work on /home/anhtupham99/NBA-analytics/py_env/lib/python3.11/site-packages/airflow/example_dags/example_short_circuit_decorator.py
[2025-04-15T23:50:29.873+0700] {processor.py:914} INFO - Processing file /home/anhtupham99/NBA-analytics/py_env/lib/python3.11/site-packages/airflow/example_dags/example_short_circuit_decorator.py for tasks to queue
[2025-04-15T23:50:29.875+0700] {logging_mixin.py:190} INFO - [2025-04-15T23:50:29.875+0700] {dagbag.py:588} INFO - Filling up the DagBag from /home/anhtupham99/NBA-analytics/py_env/lib/python3.11/site-packages/airflow/example_dags/example_short_circuit_decorator.py
[2025-04-15T23:50:29.884+0700] {processor.py:925} INFO - DAG(s) 'example_short_circuit_decorator' retrieved from /home/anhtupham99/NBA-analytics/py_env/lib/python3.11/site-packages/airflow/example_dags/example_short_circuit_decorator.py
[2025-04-15T23:50:29.898+0700] {logging_mixin.py:190} INFO - [2025-04-15T23:50:29.898+0700] {dag.py:3239} INFO - Sync 1 DAGs
[2025-04-15T23:50:30.017+0700] {logging_mixin.py:190} INFO - [2025-04-15T23:50:30.017+0700] {dag.py:4180} INFO - Setting next_dagrun for example_short_circuit_decorator to None, run_after=None
[2025-04-15T23:50:30.048+0700] {processor.py:208} INFO - Processing /home/anhtupham99/NBA-analytics/py_env/lib/python3.11/site-packages/airflow/example_dags/example_short_circuit_decorator.py took 0.184 seconds
[2025-04-15T23:51:24.719+0700] {processor.py:186} INFO - Started process (PID=303734) to work on /home/anhtupham99/NBA-analytics/py_env/lib/python3.11/site-packages/airflow/example_dags/example_short_circuit_decorator.py
[2025-04-15T23:51:24.720+0700] {processor.py:914} INFO - Processing file /home/anhtupham99/NBA-analytics/py_env/lib/python3.11/site-packages/airflow/example_dags/example_short_circuit_decorator.py for tasks to queue
[2025-04-15T23:51:24.722+0700] {logging_mixin.py:190} INFO - [2025-04-15T23:51:24.722+0700] {dagbag.py:588} INFO - Filling up the DagBag from /home/anhtupham99/NBA-analytics/py_env/lib/python3.11/site-packages/airflow/example_dags/example_short_circuit_decorator.py
[2025-04-15T23:51:24.731+0700] {processor.py:925} INFO - DAG(s) 'example_short_circuit_decorator' retrieved from /home/anhtupham99/NBA-analytics/py_env/lib/python3.11/site-packages/airflow/example_dags/example_short_circuit_decorator.py
[2025-04-15T23:51:24.745+0700] {logging_mixin.py:190} INFO - [2025-04-15T23:51:24.744+0700] {dag.py:3239} INFO - Sync 1 DAGs
[2025-04-15T23:51:24.754+0700] {logging_mixin.py:190} INFO - [2025-04-15T23:51:24.754+0700] {dag.py:4180} INFO - Setting next_dagrun for example_short_circuit_decorator to None, run_after=None
[2025-04-15T23:51:24.776+0700] {processor.py:208} INFO - Processing /home/anhtupham99/NBA-analytics/py_env/lib/python3.11/site-packages/airflow/example_dags/example_short_circuit_decorator.py took 0.063 seconds
[2025-04-15T23:52:33.603+0700] {processor.py:186} INFO - Started process (PID=305064) to work on /home/anhtupham99/NBA-analytics/py_env/lib/python3.11/site-packages/airflow/example_dags/example_short_circuit_decorator.py
[2025-04-15T23:52:33.604+0700] {processor.py:914} INFO - Processing file /home/anhtupham99/NBA-analytics/py_env/lib/python3.11/site-packages/airflow/example_dags/example_short_circuit_decorator.py for tasks to queue
[2025-04-15T23:52:33.606+0700] {logging_mixin.py:190} INFO - [2025-04-15T23:52:33.606+0700] {dagbag.py:588} INFO - Filling up the DagBag from /home/anhtupham99/NBA-analytics/py_env/lib/python3.11/site-packages/airflow/example_dags/example_short_circuit_decorator.py
[2025-04-15T23:52:33.620+0700] {processor.py:925} INFO - DAG(s) 'example_short_circuit_decorator' retrieved from /home/anhtupham99/NBA-analytics/py_env/lib/python3.11/site-packages/airflow/example_dags/example_short_circuit_decorator.py
[2025-04-15T23:52:33.646+0700] {logging_mixin.py:190} INFO - [2025-04-15T23:52:33.645+0700] {dag.py:3239} INFO - Sync 1 DAGs
[2025-04-15T23:52:33.657+0700] {logging_mixin.py:190} INFO - [2025-04-15T23:52:33.657+0700] {dag.py:4180} INFO - Setting next_dagrun for example_short_circuit_decorator to None, run_after=None
[2025-04-15T23:52:33.686+0700] {processor.py:208} INFO - Processing /home/anhtupham99/NBA-analytics/py_env/lib/python3.11/site-packages/airflow/example_dags/example_short_circuit_decorator.py took 0.091 seconds
[2025-04-15T23:53:45.637+0700] {processor.py:186} INFO - Started process (PID=306488) to work on /home/anhtupham99/NBA-analytics/py_env/lib/python3.11/site-packages/airflow/example_dags/example_short_circuit_decorator.py
[2025-04-15T23:53:45.639+0700] {processor.py:914} INFO - Processing file /home/anhtupham99/NBA-analytics/py_env/lib/python3.11/site-packages/airflow/example_dags/example_short_circuit_decorator.py for tasks to queue
[2025-04-15T23:53:45.643+0700] {logging_mixin.py:190} INFO - [2025-04-15T23:53:45.643+0700] {dagbag.py:588} INFO - Filling up the DagBag from /home/anhtupham99/NBA-analytics/py_env/lib/python3.11/site-packages/airflow/example_dags/example_short_circuit_decorator.py
[2025-04-15T23:53:45.659+0700] {processor.py:925} INFO - DAG(s) 'example_short_circuit_decorator' retrieved from /home/anhtupham99/NBA-analytics/py_env/lib/python3.11/site-packages/airflow/example_dags/example_short_circuit_decorator.py
[2025-04-15T23:53:45.679+0700] {logging_mixin.py:190} INFO - [2025-04-15T23:53:45.678+0700] {dag.py:3239} INFO - Sync 1 DAGs
[2025-04-15T23:53:45.696+0700] {logging_mixin.py:190} INFO - [2025-04-15T23:53:45.695+0700] {dag.py:4180} INFO - Setting next_dagrun for example_short_circuit_decorator to None, run_after=None
[2025-04-15T23:53:45.735+0700] {processor.py:208} INFO - Processing /home/anhtupham99/NBA-analytics/py_env/lib/python3.11/site-packages/airflow/example_dags/example_short_circuit_decorator.py took 0.106 seconds
[2025-04-15T23:54:54.563+0700] {processor.py:186} INFO - Started process (PID=307850) to work on /home/anhtupham99/NBA-analytics/py_env/lib/python3.11/site-packages/airflow/example_dags/example_short_circuit_decorator.py
[2025-04-15T23:54:54.565+0700] {processor.py:914} INFO - Processing file /home/anhtupham99/NBA-analytics/py_env/lib/python3.11/site-packages/airflow/example_dags/example_short_circuit_decorator.py for tasks to queue
[2025-04-15T23:54:54.566+0700] {logging_mixin.py:190} INFO - [2025-04-15T23:54:54.566+0700] {dagbag.py:588} INFO - Filling up the DagBag from /home/anhtupham99/NBA-analytics/py_env/lib/python3.11/site-packages/airflow/example_dags/example_short_circuit_decorator.py
[2025-04-15T23:54:54.574+0700] {processor.py:925} INFO - DAG(s) 'example_short_circuit_decorator' retrieved from /home/anhtupham99/NBA-analytics/py_env/lib/python3.11/site-packages/airflow/example_dags/example_short_circuit_decorator.py
[2025-04-15T23:54:54.586+0700] {logging_mixin.py:190} INFO - [2025-04-15T23:54:54.586+0700] {dag.py:3239} INFO - Sync 1 DAGs
[2025-04-15T23:54:54.597+0700] {logging_mixin.py:190} INFO - [2025-04-15T23:54:54.597+0700] {dag.py:4180} INFO - Setting next_dagrun for example_short_circuit_decorator to None, run_after=None
[2025-04-15T23:54:54.622+0700] {processor.py:208} INFO - Processing /home/anhtupham99/NBA-analytics/py_env/lib/python3.11/site-packages/airflow/example_dags/example_short_circuit_decorator.py took 0.062 seconds
[2025-04-15T23:55:46.659+0700] {processor.py:186} INFO - Started process (PID=310382) to work on /home/anhtupham99/NBA-analytics/py_env/lib/python3.11/site-packages/airflow/example_dags/example_short_circuit_decorator.py
[2025-04-15T23:55:46.661+0700] {processor.py:914} INFO - Processing file /home/anhtupham99/NBA-analytics/py_env/lib/python3.11/site-packages/airflow/example_dags/example_short_circuit_decorator.py for tasks to queue
[2025-04-15T23:55:46.663+0700] {logging_mixin.py:190} INFO - [2025-04-15T23:55:46.662+0700] {dagbag.py:588} INFO - Filling up the DagBag from /home/anhtupham99/NBA-analytics/py_env/lib/python3.11/site-packages/airflow/example_dags/example_short_circuit_decorator.py
[2025-04-15T23:55:46.671+0700] {processor.py:925} INFO - DAG(s) 'example_short_circuit_decorator' retrieved from /home/anhtupham99/NBA-analytics/py_env/lib/python3.11/site-packages/airflow/example_dags/example_short_circuit_decorator.py
[2025-04-15T23:55:46.685+0700] {logging_mixin.py:190} INFO - [2025-04-15T23:55:46.685+0700] {dag.py:3239} INFO - Sync 1 DAGs
[2025-04-15T23:55:46.695+0700] {logging_mixin.py:190} INFO - [2025-04-15T23:55:46.695+0700] {dag.py:4180} INFO - Setting next_dagrun for example_short_circuit_decorator to None, run_after=None
[2025-04-15T23:55:46.719+0700] {processor.py:208} INFO - Processing /home/anhtupham99/NBA-analytics/py_env/lib/python3.11/site-packages/airflow/example_dags/example_short_circuit_decorator.py took 0.064 seconds
[2025-04-15T23:56:38.250+0700] {processor.py:186} INFO - Started process (PID=311913) to work on /home/anhtupham99/NBA-analytics/py_env/lib/python3.11/site-packages/airflow/example_dags/example_short_circuit_decorator.py
[2025-04-15T23:56:38.252+0700] {processor.py:914} INFO - Processing file /home/anhtupham99/NBA-analytics/py_env/lib/python3.11/site-packages/airflow/example_dags/example_short_circuit_decorator.py for tasks to queue
[2025-04-15T23:56:38.253+0700] {logging_mixin.py:190} INFO - [2025-04-15T23:56:38.253+0700] {dagbag.py:588} INFO - Filling up the DagBag from /home/anhtupham99/NBA-analytics/py_env/lib/python3.11/site-packages/airflow/example_dags/example_short_circuit_decorator.py
[2025-04-15T23:56:38.261+0700] {processor.py:925} INFO - DAG(s) 'example_short_circuit_decorator' retrieved from /home/anhtupham99/NBA-analytics/py_env/lib/python3.11/site-packages/airflow/example_dags/example_short_circuit_decorator.py
[2025-04-15T23:56:38.276+0700] {logging_mixin.py:190} INFO - [2025-04-15T23:56:38.275+0700] {dag.py:3239} INFO - Sync 1 DAGs
[2025-04-15T23:56:38.285+0700] {logging_mixin.py:190} INFO - [2025-04-15T23:56:38.284+0700] {dag.py:4180} INFO - Setting next_dagrun for example_short_circuit_decorator to None, run_after=None
[2025-04-15T23:56:38.308+0700] {processor.py:208} INFO - Processing /home/anhtupham99/NBA-analytics/py_env/lib/python3.11/site-packages/airflow/example_dags/example_short_circuit_decorator.py took 0.062 seconds
[2025-04-15T23:57:50.956+0700] {processor.py:186} INFO - Started process (PID=313316) to work on /home/anhtupham99/NBA-analytics/py_env/lib/python3.11/site-packages/airflow/example_dags/example_short_circuit_decorator.py
[2025-04-15T23:57:50.957+0700] {processor.py:914} INFO - Processing file /home/anhtupham99/NBA-analytics/py_env/lib/python3.11/site-packages/airflow/example_dags/example_short_circuit_decorator.py for tasks to queue
[2025-04-15T23:57:50.959+0700] {logging_mixin.py:190} INFO - [2025-04-15T23:57:50.958+0700] {dagbag.py:588} INFO - Filling up the DagBag from /home/anhtupham99/NBA-analytics/py_env/lib/python3.11/site-packages/airflow/example_dags/example_short_circuit_decorator.py
[2025-04-15T23:57:50.967+0700] {processor.py:925} INFO - DAG(s) 'example_short_circuit_decorator' retrieved from /home/anhtupham99/NBA-analytics/py_env/lib/python3.11/site-packages/airflow/example_dags/example_short_circuit_decorator.py
[2025-04-15T23:57:50.980+0700] {logging_mixin.py:190} INFO - [2025-04-15T23:57:50.980+0700] {dag.py:3239} INFO - Sync 1 DAGs
[2025-04-15T23:57:50.989+0700] {logging_mixin.py:190} INFO - [2025-04-15T23:57:50.989+0700] {dag.py:4180} INFO - Setting next_dagrun for example_short_circuit_decorator to None, run_after=None
[2025-04-15T23:57:51.015+0700] {processor.py:208} INFO - Processing /home/anhtupham99/NBA-analytics/py_env/lib/python3.11/site-packages/airflow/example_dags/example_short_circuit_decorator.py took 0.063 seconds
[2025-04-15T23:59:04.061+0700] {processor.py:186} INFO - Started process (PID=314829) to work on /home/anhtupham99/NBA-analytics/py_env/lib/python3.11/site-packages/airflow/example_dags/example_short_circuit_decorator.py
[2025-04-15T23:59:04.065+0700] {processor.py:914} INFO - Processing file /home/anhtupham99/NBA-analytics/py_env/lib/python3.11/site-packages/airflow/example_dags/example_short_circuit_decorator.py for tasks to queue
[2025-04-15T23:59:04.068+0700] {logging_mixin.py:190} INFO - [2025-04-15T23:59:04.067+0700] {dagbag.py:588} INFO - Filling up the DagBag from /home/anhtupham99/NBA-analytics/py_env/lib/python3.11/site-packages/airflow/example_dags/example_short_circuit_decorator.py
[2025-04-15T23:59:04.080+0700] {processor.py:925} INFO - DAG(s) 'example_short_circuit_decorator' retrieved from /home/anhtupham99/NBA-analytics/py_env/lib/python3.11/site-packages/airflow/example_dags/example_short_circuit_decorator.py
[2025-04-15T23:59:04.105+0700] {logging_mixin.py:190} INFO - [2025-04-15T23:59:04.105+0700] {dag.py:3239} INFO - Sync 1 DAGs
[2025-04-15T23:59:04.119+0700] {logging_mixin.py:190} INFO - [2025-04-15T23:59:04.119+0700] {dag.py:4180} INFO - Setting next_dagrun for example_short_circuit_decorator to None, run_after=None
[2025-04-15T23:59:04.150+0700] {processor.py:208} INFO - Processing /home/anhtupham99/NBA-analytics/py_env/lib/python3.11/site-packages/airflow/example_dags/example_short_circuit_decorator.py took 0.095 seconds
[2025-04-16T00:00:15.827+0700] {processor.py:186} INFO - Started process (PID=316339) to work on /home/anhtupham99/NBA-analytics/py_env/lib/python3.11/site-packages/airflow/example_dags/example_short_circuit_decorator.py
[2025-04-16T00:00:15.828+0700] {processor.py:914} INFO - Processing file /home/anhtupham99/NBA-analytics/py_env/lib/python3.11/site-packages/airflow/example_dags/example_short_circuit_decorator.py for tasks to queue
[2025-04-16T00:00:15.831+0700] {logging_mixin.py:190} INFO - [2025-04-16T00:00:15.830+0700] {dagbag.py:588} INFO - Filling up the DagBag from /home/anhtupham99/NBA-analytics/py_env/lib/python3.11/site-packages/airflow/example_dags/example_short_circuit_decorator.py
[2025-04-16T00:00:15.840+0700] {processor.py:925} INFO - DAG(s) 'example_short_circuit_decorator' retrieved from /home/anhtupham99/NBA-analytics/py_env/lib/python3.11/site-packages/airflow/example_dags/example_short_circuit_decorator.py
[2025-04-16T00:00:15.853+0700] {logging_mixin.py:190} INFO - [2025-04-16T00:00:15.853+0700] {dag.py:3239} INFO - Sync 1 DAGs
[2025-04-16T00:00:15.862+0700] {logging_mixin.py:190} INFO - [2025-04-16T00:00:15.862+0700] {dag.py:4180} INFO - Setting next_dagrun for example_short_circuit_decorator to None, run_after=None
[2025-04-16T00:00:15.888+0700] {processor.py:208} INFO - Processing /home/anhtupham99/NBA-analytics/py_env/lib/python3.11/site-packages/airflow/example_dags/example_short_circuit_decorator.py took 0.066 seconds
[2025-04-16T00:01:25.955+0700] {processor.py:186} INFO - Started process (PID=317648) to work on /home/anhtupham99/NBA-analytics/py_env/lib/python3.11/site-packages/airflow/example_dags/example_short_circuit_decorator.py
[2025-04-16T00:01:25.958+0700] {processor.py:914} INFO - Processing file /home/anhtupham99/NBA-analytics/py_env/lib/python3.11/site-packages/airflow/example_dags/example_short_circuit_decorator.py for tasks to queue
[2025-04-16T00:01:25.959+0700] {logging_mixin.py:190} INFO - [2025-04-16T00:01:25.959+0700] {dagbag.py:588} INFO - Filling up the DagBag from /home/anhtupham99/NBA-analytics/py_env/lib/python3.11/site-packages/airflow/example_dags/example_short_circuit_decorator.py
[2025-04-16T00:01:25.967+0700] {processor.py:925} INFO - DAG(s) 'example_short_circuit_decorator' retrieved from /home/anhtupham99/NBA-analytics/py_env/lib/python3.11/site-packages/airflow/example_dags/example_short_circuit_decorator.py
[2025-04-16T00:01:25.982+0700] {logging_mixin.py:190} INFO - [2025-04-16T00:01:25.982+0700] {dag.py:3239} INFO - Sync 1 DAGs
[2025-04-16T00:01:25.993+0700] {logging_mixin.py:190} INFO - [2025-04-16T00:01:25.993+0700] {dag.py:4180} INFO - Setting next_dagrun for example_short_circuit_decorator to None, run_after=None
[2025-04-16T00:01:26.015+0700] {processor.py:208} INFO - Processing /home/anhtupham99/NBA-analytics/py_env/lib/python3.11/site-packages/airflow/example_dags/example_short_circuit_decorator.py took 0.064 seconds
[2025-04-16T00:02:33.820+0700] {processor.py:186} INFO - Started process (PID=318919) to work on /home/anhtupham99/NBA-analytics/py_env/lib/python3.11/site-packages/airflow/example_dags/example_short_circuit_decorator.py
[2025-04-16T00:02:33.821+0700] {processor.py:914} INFO - Processing file /home/anhtupham99/NBA-analytics/py_env/lib/python3.11/site-packages/airflow/example_dags/example_short_circuit_decorator.py for tasks to queue
[2025-04-16T00:02:33.823+0700] {logging_mixin.py:190} INFO - [2025-04-16T00:02:33.823+0700] {dagbag.py:588} INFO - Filling up the DagBag from /home/anhtupham99/NBA-analytics/py_env/lib/python3.11/site-packages/airflow/example_dags/example_short_circuit_decorator.py
[2025-04-16T00:02:33.831+0700] {processor.py:925} INFO - DAG(s) 'example_short_circuit_decorator' retrieved from /home/anhtupham99/NBA-analytics/py_env/lib/python3.11/site-packages/airflow/example_dags/example_short_circuit_decorator.py
[2025-04-16T00:02:33.843+0700] {logging_mixin.py:190} INFO - [2025-04-16T00:02:33.843+0700] {dag.py:3239} INFO - Sync 1 DAGs
[2025-04-16T00:02:33.851+0700] {logging_mixin.py:190} INFO - [2025-04-16T00:02:33.851+0700] {dag.py:4180} INFO - Setting next_dagrun for example_short_circuit_decorator to None, run_after=None
[2025-04-16T00:02:33.875+0700] {processor.py:208} INFO - Processing /home/anhtupham99/NBA-analytics/py_env/lib/python3.11/site-packages/airflow/example_dags/example_short_circuit_decorator.py took 0.059 seconds
[2025-04-16T00:03:41.839+0700] {processor.py:186} INFO - Started process (PID=320187) to work on /home/anhtupham99/NBA-analytics/py_env/lib/python3.11/site-packages/airflow/example_dags/example_short_circuit_decorator.py
[2025-04-16T00:03:41.840+0700] {processor.py:914} INFO - Processing file /home/anhtupham99/NBA-analytics/py_env/lib/python3.11/site-packages/airflow/example_dags/example_short_circuit_decorator.py for tasks to queue
[2025-04-16T00:03:41.843+0700] {logging_mixin.py:190} INFO - [2025-04-16T00:03:41.843+0700] {dagbag.py:588} INFO - Filling up the DagBag from /home/anhtupham99/NBA-analytics/py_env/lib/python3.11/site-packages/airflow/example_dags/example_short_circuit_decorator.py
[2025-04-16T00:03:41.852+0700] {processor.py:925} INFO - DAG(s) 'example_short_circuit_decorator' retrieved from /home/anhtupham99/NBA-analytics/py_env/lib/python3.11/site-packages/airflow/example_dags/example_short_circuit_decorator.py
[2025-04-16T00:03:41.867+0700] {logging_mixin.py:190} INFO - [2025-04-16T00:03:41.867+0700] {dag.py:3239} INFO - Sync 1 DAGs
[2025-04-16T00:03:41.877+0700] {logging_mixin.py:190} INFO - [2025-04-16T00:03:41.877+0700] {dag.py:4180} INFO - Setting next_dagrun for example_short_circuit_decorator to None, run_after=None
[2025-04-16T00:03:41.903+0700] {processor.py:208} INFO - Processing /home/anhtupham99/NBA-analytics/py_env/lib/python3.11/site-packages/airflow/example_dags/example_short_circuit_decorator.py took 0.069 seconds
[2025-04-16T00:04:50.221+0700] {processor.py:186} INFO - Started process (PID=321749) to work on /home/anhtupham99/NBA-analytics/py_env/lib/python3.11/site-packages/airflow/example_dags/example_short_circuit_decorator.py
[2025-04-16T00:04:50.222+0700] {processor.py:914} INFO - Processing file /home/anhtupham99/NBA-analytics/py_env/lib/python3.11/site-packages/airflow/example_dags/example_short_circuit_decorator.py for tasks to queue
[2025-04-16T00:04:50.224+0700] {logging_mixin.py:190} INFO - [2025-04-16T00:04:50.224+0700] {dagbag.py:588} INFO - Filling up the DagBag from /home/anhtupham99/NBA-analytics/py_env/lib/python3.11/site-packages/airflow/example_dags/example_short_circuit_decorator.py
[2025-04-16T00:04:50.234+0700] {processor.py:925} INFO - DAG(s) 'example_short_circuit_decorator' retrieved from /home/anhtupham99/NBA-analytics/py_env/lib/python3.11/site-packages/airflow/example_dags/example_short_circuit_decorator.py
[2025-04-16T00:04:50.253+0700] {logging_mixin.py:190} INFO - [2025-04-16T00:04:50.253+0700] {dag.py:3239} INFO - Sync 1 DAGs
[2025-04-16T00:04:50.264+0700] {logging_mixin.py:190} INFO - [2025-04-16T00:04:50.263+0700] {dag.py:4180} INFO - Setting next_dagrun for example_short_circuit_decorator to None, run_after=None
[2025-04-16T00:04:50.290+0700] {processor.py:208} INFO - Processing /home/anhtupham99/NBA-analytics/py_env/lib/python3.11/site-packages/airflow/example_dags/example_short_circuit_decorator.py took 0.076 seconds
[2025-04-16T00:06:05.133+0700] {processor.py:186} INFO - Started process (PID=323170) to work on /home/anhtupham99/NBA-analytics/py_env/lib/python3.11/site-packages/airflow/example_dags/example_short_circuit_decorator.py
[2025-04-16T00:06:05.134+0700] {processor.py:914} INFO - Processing file /home/anhtupham99/NBA-analytics/py_env/lib/python3.11/site-packages/airflow/example_dags/example_short_circuit_decorator.py for tasks to queue
[2025-04-16T00:06:05.136+0700] {logging_mixin.py:190} INFO - [2025-04-16T00:06:05.136+0700] {dagbag.py:588} INFO - Filling up the DagBag from /home/anhtupham99/NBA-analytics/py_env/lib/python3.11/site-packages/airflow/example_dags/example_short_circuit_decorator.py
[2025-04-16T00:06:05.146+0700] {processor.py:925} INFO - DAG(s) 'example_short_circuit_decorator' retrieved from /home/anhtupham99/NBA-analytics/py_env/lib/python3.11/site-packages/airflow/example_dags/example_short_circuit_decorator.py
[2025-04-16T00:06:05.162+0700] {logging_mixin.py:190} INFO - [2025-04-16T00:06:05.162+0700] {dag.py:3239} INFO - Sync 1 DAGs
[2025-04-16T00:06:05.173+0700] {logging_mixin.py:190} INFO - [2025-04-16T00:06:05.172+0700] {dag.py:4180} INFO - Setting next_dagrun for example_short_circuit_decorator to None, run_after=None
[2025-04-16T00:06:05.200+0700] {processor.py:208} INFO - Processing /home/anhtupham99/NBA-analytics/py_env/lib/python3.11/site-packages/airflow/example_dags/example_short_circuit_decorator.py took 0.073 seconds
[2025-04-16T00:07:17.304+0700] {processor.py:186} INFO - Started process (PID=324654) to work on /home/anhtupham99/NBA-analytics/py_env/lib/python3.11/site-packages/airflow/example_dags/example_short_circuit_decorator.py
[2025-04-16T00:07:17.305+0700] {processor.py:914} INFO - Processing file /home/anhtupham99/NBA-analytics/py_env/lib/python3.11/site-packages/airflow/example_dags/example_short_circuit_decorator.py for tasks to queue
[2025-04-16T00:07:17.307+0700] {logging_mixin.py:190} INFO - [2025-04-16T00:07:17.307+0700] {dagbag.py:588} INFO - Filling up the DagBag from /home/anhtupham99/NBA-analytics/py_env/lib/python3.11/site-packages/airflow/example_dags/example_short_circuit_decorator.py
[2025-04-16T00:07:17.316+0700] {processor.py:925} INFO - DAG(s) 'example_short_circuit_decorator' retrieved from /home/anhtupham99/NBA-analytics/py_env/lib/python3.11/site-packages/airflow/example_dags/example_short_circuit_decorator.py
[2025-04-16T00:07:17.329+0700] {logging_mixin.py:190} INFO - [2025-04-16T00:07:17.329+0700] {dag.py:3239} INFO - Sync 1 DAGs
[2025-04-16T00:07:17.338+0700] {logging_mixin.py:190} INFO - [2025-04-16T00:07:17.338+0700] {dag.py:4180} INFO - Setting next_dagrun for example_short_circuit_decorator to None, run_after=None
[2025-04-16T00:07:17.362+0700] {processor.py:208} INFO - Processing /home/anhtupham99/NBA-analytics/py_env/lib/python3.11/site-packages/airflow/example_dags/example_short_circuit_decorator.py took 0.064 seconds
[2025-04-16T00:08:25.530+0700] {processor.py:186} INFO - Started process (PID=325940) to work on /home/anhtupham99/NBA-analytics/py_env/lib/python3.11/site-packages/airflow/example_dags/example_short_circuit_decorator.py
[2025-04-16T00:08:25.531+0700] {processor.py:914} INFO - Processing file /home/anhtupham99/NBA-analytics/py_env/lib/python3.11/site-packages/airflow/example_dags/example_short_circuit_decorator.py for tasks to queue
[2025-04-16T00:08:25.533+0700] {logging_mixin.py:190} INFO - [2025-04-16T00:08:25.532+0700] {dagbag.py:588} INFO - Filling up the DagBag from /home/anhtupham99/NBA-analytics/py_env/lib/python3.11/site-packages/airflow/example_dags/example_short_circuit_decorator.py
[2025-04-16T00:08:25.541+0700] {processor.py:925} INFO - DAG(s) 'example_short_circuit_decorator' retrieved from /home/anhtupham99/NBA-analytics/py_env/lib/python3.11/site-packages/airflow/example_dags/example_short_circuit_decorator.py
[2025-04-16T00:08:25.555+0700] {logging_mixin.py:190} INFO - [2025-04-16T00:08:25.555+0700] {dag.py:3239} INFO - Sync 1 DAGs
[2025-04-16T00:08:25.564+0700] {logging_mixin.py:190} INFO - [2025-04-16T00:08:25.564+0700] {dag.py:4180} INFO - Setting next_dagrun for example_short_circuit_decorator to None, run_after=None
[2025-04-16T00:08:25.589+0700] {processor.py:208} INFO - Processing /home/anhtupham99/NBA-analytics/py_env/lib/python3.11/site-packages/airflow/example_dags/example_short_circuit_decorator.py took 0.065 seconds
[2025-04-16T00:09:38.371+0700] {processor.py:186} INFO - Started process (PID=327471) to work on /home/anhtupham99/NBA-analytics/py_env/lib/python3.11/site-packages/airflow/example_dags/example_short_circuit_decorator.py
[2025-04-16T00:09:38.372+0700] {processor.py:914} INFO - Processing file /home/anhtupham99/NBA-analytics/py_env/lib/python3.11/site-packages/airflow/example_dags/example_short_circuit_decorator.py for tasks to queue
[2025-04-16T00:09:38.375+0700] {logging_mixin.py:190} INFO - [2025-04-16T00:09:38.374+0700] {dagbag.py:588} INFO - Filling up the DagBag from /home/anhtupham99/NBA-analytics/py_env/lib/python3.11/site-packages/airflow/example_dags/example_short_circuit_decorator.py
[2025-04-16T00:09:38.384+0700] {processor.py:925} INFO - DAG(s) 'example_short_circuit_decorator' retrieved from /home/anhtupham99/NBA-analytics/py_env/lib/python3.11/site-packages/airflow/example_dags/example_short_circuit_decorator.py
[2025-04-16T00:09:38.401+0700] {logging_mixin.py:190} INFO - [2025-04-16T00:09:38.400+0700] {dag.py:3239} INFO - Sync 1 DAGs
[2025-04-16T00:09:38.412+0700] {logging_mixin.py:190} INFO - [2025-04-16T00:09:38.412+0700] {dag.py:4180} INFO - Setting next_dagrun for example_short_circuit_decorator to None, run_after=None
[2025-04-16T00:09:38.440+0700] {processor.py:208} INFO - Processing /home/anhtupham99/NBA-analytics/py_env/lib/python3.11/site-packages/airflow/example_dags/example_short_circuit_decorator.py took 0.075 seconds
[2025-04-16T00:10:50.577+0700] {processor.py:186} INFO - Started process (PID=329102) to work on /home/anhtupham99/NBA-analytics/py_env/lib/python3.11/site-packages/airflow/example_dags/example_short_circuit_decorator.py
[2025-04-16T00:10:50.580+0700] {processor.py:914} INFO - Processing file /home/anhtupham99/NBA-analytics/py_env/lib/python3.11/site-packages/airflow/example_dags/example_short_circuit_decorator.py for tasks to queue
[2025-04-16T00:10:50.582+0700] {logging_mixin.py:190} INFO - [2025-04-16T00:10:50.582+0700] {dagbag.py:588} INFO - Filling up the DagBag from /home/anhtupham99/NBA-analytics/py_env/lib/python3.11/site-packages/airflow/example_dags/example_short_circuit_decorator.py
[2025-04-16T00:10:50.590+0700] {processor.py:925} INFO - DAG(s) 'example_short_circuit_decorator' retrieved from /home/anhtupham99/NBA-analytics/py_env/lib/python3.11/site-packages/airflow/example_dags/example_short_circuit_decorator.py
[2025-04-16T00:10:50.602+0700] {logging_mixin.py:190} INFO - [2025-04-16T00:10:50.601+0700] {dag.py:3239} INFO - Sync 1 DAGs
[2025-04-16T00:10:50.610+0700] {logging_mixin.py:190} INFO - [2025-04-16T00:10:50.610+0700] {dag.py:4180} INFO - Setting next_dagrun for example_short_circuit_decorator to None, run_after=None
[2025-04-16T00:10:50.634+0700] {processor.py:208} INFO - Processing /home/anhtupham99/NBA-analytics/py_env/lib/python3.11/site-packages/airflow/example_dags/example_short_circuit_decorator.py took 0.061 seconds
[2025-04-16T00:12:01.974+0700] {processor.py:186} INFO - Started process (PID=330730) to work on /home/anhtupham99/NBA-analytics/py_env/lib/python3.11/site-packages/airflow/example_dags/example_short_circuit_decorator.py
[2025-04-16T00:12:01.976+0700] {processor.py:914} INFO - Processing file /home/anhtupham99/NBA-analytics/py_env/lib/python3.11/site-packages/airflow/example_dags/example_short_circuit_decorator.py for tasks to queue
[2025-04-16T00:12:01.979+0700] {logging_mixin.py:190} INFO - [2025-04-16T00:12:01.978+0700] {dagbag.py:588} INFO - Filling up the DagBag from /home/anhtupham99/NBA-analytics/py_env/lib/python3.11/site-packages/airflow/example_dags/example_short_circuit_decorator.py
[2025-04-16T00:12:01.993+0700] {processor.py:925} INFO - DAG(s) 'example_short_circuit_decorator' retrieved from /home/anhtupham99/NBA-analytics/py_env/lib/python3.11/site-packages/airflow/example_dags/example_short_circuit_decorator.py
[2025-04-16T00:12:02.014+0700] {logging_mixin.py:190} INFO - [2025-04-16T00:12:02.014+0700] {dag.py:3239} INFO - Sync 1 DAGs
[2025-04-16T00:12:02.029+0700] {logging_mixin.py:190} INFO - [2025-04-16T00:12:02.029+0700] {dag.py:4180} INFO - Setting next_dagrun for example_short_circuit_decorator to None, run_after=None
[2025-04-16T00:12:02.074+0700] {processor.py:208} INFO - Processing /home/anhtupham99/NBA-analytics/py_env/lib/python3.11/site-packages/airflow/example_dags/example_short_circuit_decorator.py took 0.107 seconds
[2025-04-16T00:13:12.206+0700] {processor.py:186} INFO - Started process (PID=332925) to work on /home/anhtupham99/NBA-analytics/py_env/lib/python3.11/site-packages/airflow/example_dags/example_short_circuit_decorator.py
[2025-04-16T00:13:12.208+0700] {processor.py:914} INFO - Processing file /home/anhtupham99/NBA-analytics/py_env/lib/python3.11/site-packages/airflow/example_dags/example_short_circuit_decorator.py for tasks to queue
[2025-04-16T00:13:12.214+0700] {logging_mixin.py:190} INFO - [2025-04-16T00:13:12.213+0700] {dagbag.py:588} INFO - Filling up the DagBag from /home/anhtupham99/NBA-analytics/py_env/lib/python3.11/site-packages/airflow/example_dags/example_short_circuit_decorator.py
[2025-04-16T00:13:12.232+0700] {processor.py:925} INFO - DAG(s) 'example_short_circuit_decorator' retrieved from /home/anhtupham99/NBA-analytics/py_env/lib/python3.11/site-packages/airflow/example_dags/example_short_circuit_decorator.py
[2025-04-16T00:13:12.252+0700] {logging_mixin.py:190} INFO - [2025-04-16T00:13:12.252+0700] {dag.py:3239} INFO - Sync 1 DAGs
[2025-04-16T00:13:12.269+0700] {logging_mixin.py:190} INFO - [2025-04-16T00:13:12.268+0700] {dag.py:4180} INFO - Setting next_dagrun for example_short_circuit_decorator to None, run_after=None
[2025-04-16T00:13:12.297+0700] {processor.py:208} INFO - Processing /home/anhtupham99/NBA-analytics/py_env/lib/python3.11/site-packages/airflow/example_dags/example_short_circuit_decorator.py took 0.106 seconds
[2025-04-16T00:14:04.980+0700] {processor.py:186} INFO - Started process (PID=335211) to work on /home/anhtupham99/NBA-analytics/py_env/lib/python3.11/site-packages/airflow/example_dags/example_short_circuit_decorator.py
[2025-04-16T00:14:04.981+0700] {processor.py:914} INFO - Processing file /home/anhtupham99/NBA-analytics/py_env/lib/python3.11/site-packages/airflow/example_dags/example_short_circuit_decorator.py for tasks to queue
[2025-04-16T00:14:04.983+0700] {logging_mixin.py:190} INFO - [2025-04-16T00:14:04.983+0700] {dagbag.py:588} INFO - Filling up the DagBag from /home/anhtupham99/NBA-analytics/py_env/lib/python3.11/site-packages/airflow/example_dags/example_short_circuit_decorator.py
[2025-04-16T00:14:04.991+0700] {processor.py:925} INFO - DAG(s) 'example_short_circuit_decorator' retrieved from /home/anhtupham99/NBA-analytics/py_env/lib/python3.11/site-packages/airflow/example_dags/example_short_circuit_decorator.py
[2025-04-16T00:14:05.003+0700] {logging_mixin.py:190} INFO - [2025-04-16T00:14:05.003+0700] {dag.py:3239} INFO - Sync 1 DAGs
[2025-04-16T00:14:05.011+0700] {logging_mixin.py:190} INFO - [2025-04-16T00:14:05.011+0700] {dag.py:4180} INFO - Setting next_dagrun for example_short_circuit_decorator to None, run_after=None
[2025-04-16T00:14:05.034+0700] {processor.py:208} INFO - Processing /home/anhtupham99/NBA-analytics/py_env/lib/python3.11/site-packages/airflow/example_dags/example_short_circuit_decorator.py took 0.059 seconds
[2025-04-16T00:15:19.099+0700] {processor.py:186} INFO - Started process (PID=338124) to work on /home/anhtupham99/NBA-analytics/py_env/lib/python3.11/site-packages/airflow/example_dags/example_short_circuit_decorator.py
[2025-04-16T00:15:19.100+0700] {processor.py:914} INFO - Processing file /home/anhtupham99/NBA-analytics/py_env/lib/python3.11/site-packages/airflow/example_dags/example_short_circuit_decorator.py for tasks to queue
[2025-04-16T00:15:19.102+0700] {logging_mixin.py:190} INFO - [2025-04-16T00:15:19.101+0700] {dagbag.py:588} INFO - Filling up the DagBag from /home/anhtupham99/NBA-analytics/py_env/lib/python3.11/site-packages/airflow/example_dags/example_short_circuit_decorator.py
[2025-04-16T00:15:19.112+0700] {processor.py:925} INFO - DAG(s) 'example_short_circuit_decorator' retrieved from /home/anhtupham99/NBA-analytics/py_env/lib/python3.11/site-packages/airflow/example_dags/example_short_circuit_decorator.py
[2025-04-16T00:15:19.130+0700] {logging_mixin.py:190} INFO - [2025-04-16T00:15:19.129+0700] {dag.py:3239} INFO - Sync 1 DAGs
[2025-04-16T00:15:19.140+0700] {logging_mixin.py:190} INFO - [2025-04-16T00:15:19.140+0700] {dag.py:4180} INFO - Setting next_dagrun for example_short_circuit_decorator to None, run_after=None
[2025-04-16T00:15:19.163+0700] {processor.py:208} INFO - Processing /home/anhtupham99/NBA-analytics/py_env/lib/python3.11/site-packages/airflow/example_dags/example_short_circuit_decorator.py took 0.072 seconds
[2025-04-16T00:16:33.336+0700] {processor.py:186} INFO - Started process (PID=341881) to work on /home/anhtupham99/NBA-analytics/py_env/lib/python3.11/site-packages/airflow/example_dags/example_short_circuit_decorator.py
[2025-04-16T00:16:33.337+0700] {processor.py:914} INFO - Processing file /home/anhtupham99/NBA-analytics/py_env/lib/python3.11/site-packages/airflow/example_dags/example_short_circuit_decorator.py for tasks to queue
[2025-04-16T00:16:33.338+0700] {logging_mixin.py:190} INFO - [2025-04-16T00:16:33.338+0700] {dagbag.py:588} INFO - Filling up the DagBag from /home/anhtupham99/NBA-analytics/py_env/lib/python3.11/site-packages/airflow/example_dags/example_short_circuit_decorator.py
[2025-04-16T00:16:33.347+0700] {processor.py:925} INFO - DAG(s) 'example_short_circuit_decorator' retrieved from /home/anhtupham99/NBA-analytics/py_env/lib/python3.11/site-packages/airflow/example_dags/example_short_circuit_decorator.py
[2025-04-16T00:16:33.361+0700] {logging_mixin.py:190} INFO - [2025-04-16T00:16:33.360+0700] {dag.py:3239} INFO - Sync 1 DAGs
[2025-04-16T00:16:33.369+0700] {logging_mixin.py:190} INFO - [2025-04-16T00:16:33.369+0700] {dag.py:4180} INFO - Setting next_dagrun for example_short_circuit_decorator to None, run_after=None
[2025-04-16T00:16:33.398+0700] {processor.py:208} INFO - Processing /home/anhtupham99/NBA-analytics/py_env/lib/python3.11/site-packages/airflow/example_dags/example_short_circuit_decorator.py took 0.066 seconds
[2025-04-16T00:17:47.464+0700] {processor.py:186} INFO - Started process (PID=344893) to work on /home/anhtupham99/NBA-analytics/py_env/lib/python3.11/site-packages/airflow/example_dags/example_short_circuit_decorator.py
[2025-04-16T00:17:47.465+0700] {processor.py:914} INFO - Processing file /home/anhtupham99/NBA-analytics/py_env/lib/python3.11/site-packages/airflow/example_dags/example_short_circuit_decorator.py for tasks to queue
[2025-04-16T00:17:47.466+0700] {logging_mixin.py:190} INFO - [2025-04-16T00:17:47.466+0700] {dagbag.py:588} INFO - Filling up the DagBag from /home/anhtupham99/NBA-analytics/py_env/lib/python3.11/site-packages/airflow/example_dags/example_short_circuit_decorator.py
[2025-04-16T00:17:47.475+0700] {processor.py:925} INFO - DAG(s) 'example_short_circuit_decorator' retrieved from /home/anhtupham99/NBA-analytics/py_env/lib/python3.11/site-packages/airflow/example_dags/example_short_circuit_decorator.py
[2025-04-16T00:17:47.489+0700] {logging_mixin.py:190} INFO - [2025-04-16T00:17:47.488+0700] {dag.py:3239} INFO - Sync 1 DAGs
[2025-04-16T00:17:47.497+0700] {logging_mixin.py:190} INFO - [2025-04-16T00:17:47.497+0700] {dag.py:4180} INFO - Setting next_dagrun for example_short_circuit_decorator to None, run_after=None
[2025-04-16T00:17:47.521+0700] {processor.py:208} INFO - Processing /home/anhtupham99/NBA-analytics/py_env/lib/python3.11/site-packages/airflow/example_dags/example_short_circuit_decorator.py took 0.061 seconds
[2025-04-16T00:19:02.827+0700] {processor.py:186} INFO - Started process (PID=348931) to work on /home/anhtupham99/NBA-analytics/py_env/lib/python3.11/site-packages/airflow/example_dags/example_short_circuit_decorator.py
[2025-04-16T00:19:02.828+0700] {processor.py:914} INFO - Processing file /home/anhtupham99/NBA-analytics/py_env/lib/python3.11/site-packages/airflow/example_dags/example_short_circuit_decorator.py for tasks to queue
[2025-04-16T00:19:02.830+0700] {logging_mixin.py:190} INFO - [2025-04-16T00:19:02.830+0700] {dagbag.py:588} INFO - Filling up the DagBag from /home/anhtupham99/NBA-analytics/py_env/lib/python3.11/site-packages/airflow/example_dags/example_short_circuit_decorator.py
[2025-04-16T00:19:02.840+0700] {processor.py:925} INFO - DAG(s) 'example_short_circuit_decorator' retrieved from /home/anhtupham99/NBA-analytics/py_env/lib/python3.11/site-packages/airflow/example_dags/example_short_circuit_decorator.py
[2025-04-16T00:19:02.852+0700] {logging_mixin.py:190} INFO - [2025-04-16T00:19:02.852+0700] {dag.py:3239} INFO - Sync 1 DAGs
[2025-04-16T00:19:02.860+0700] {logging_mixin.py:190} INFO - [2025-04-16T00:19:02.860+0700] {dag.py:4180} INFO - Setting next_dagrun for example_short_circuit_decorator to None, run_after=None
[2025-04-16T00:19:02.884+0700] {processor.py:208} INFO - Processing /home/anhtupham99/NBA-analytics/py_env/lib/python3.11/site-packages/airflow/example_dags/example_short_circuit_decorator.py took 0.061 seconds
[2025-04-16T00:20:17.263+0700] {processor.py:186} INFO - Started process (PID=351631) to work on /home/anhtupham99/NBA-analytics/py_env/lib/python3.11/site-packages/airflow/example_dags/example_short_circuit_decorator.py
[2025-04-16T00:20:17.265+0700] {processor.py:914} INFO - Processing file /home/anhtupham99/NBA-analytics/py_env/lib/python3.11/site-packages/airflow/example_dags/example_short_circuit_decorator.py for tasks to queue
[2025-04-16T00:20:17.266+0700] {logging_mixin.py:190} INFO - [2025-04-16T00:20:17.266+0700] {dagbag.py:588} INFO - Filling up the DagBag from /home/anhtupham99/NBA-analytics/py_env/lib/python3.11/site-packages/airflow/example_dags/example_short_circuit_decorator.py
[2025-04-16T00:20:17.273+0700] {processor.py:925} INFO - DAG(s) 'example_short_circuit_decorator' retrieved from /home/anhtupham99/NBA-analytics/py_env/lib/python3.11/site-packages/airflow/example_dags/example_short_circuit_decorator.py
[2025-04-16T00:20:17.286+0700] {logging_mixin.py:190} INFO - [2025-04-16T00:20:17.286+0700] {dag.py:3239} INFO - Sync 1 DAGs
[2025-04-16T00:20:17.294+0700] {logging_mixin.py:190} INFO - [2025-04-16T00:20:17.294+0700] {dag.py:4180} INFO - Setting next_dagrun for example_short_circuit_decorator to None, run_after=None
[2025-04-16T00:20:17.317+0700] {processor.py:208} INFO - Processing /home/anhtupham99/NBA-analytics/py_env/lib/python3.11/site-packages/airflow/example_dags/example_short_circuit_decorator.py took 0.058 seconds
[2025-04-16T00:21:30.814+0700] {processor.py:186} INFO - Started process (PID=354418) to work on /home/anhtupham99/NBA-analytics/py_env/lib/python3.11/site-packages/airflow/example_dags/example_short_circuit_decorator.py
[2025-04-16T00:21:30.816+0700] {processor.py:914} INFO - Processing file /home/anhtupham99/NBA-analytics/py_env/lib/python3.11/site-packages/airflow/example_dags/example_short_circuit_decorator.py for tasks to queue
[2025-04-16T00:21:30.821+0700] {logging_mixin.py:190} INFO - [2025-04-16T00:21:30.820+0700] {dagbag.py:588} INFO - Filling up the DagBag from /home/anhtupham99/NBA-analytics/py_env/lib/python3.11/site-packages/airflow/example_dags/example_short_circuit_decorator.py
[2025-04-16T00:21:30.833+0700] {processor.py:925} INFO - DAG(s) 'example_short_circuit_decorator' retrieved from /home/anhtupham99/NBA-analytics/py_env/lib/python3.11/site-packages/airflow/example_dags/example_short_circuit_decorator.py
[2025-04-16T00:21:30.854+0700] {logging_mixin.py:190} INFO - [2025-04-16T00:21:30.853+0700] {dag.py:3239} INFO - Sync 1 DAGs
[2025-04-16T00:21:30.867+0700] {logging_mixin.py:190} INFO - [2025-04-16T00:21:30.866+0700] {dag.py:4180} INFO - Setting next_dagrun for example_short_circuit_decorator to None, run_after=None
[2025-04-16T00:21:30.896+0700] {processor.py:208} INFO - Processing /home/anhtupham99/NBA-analytics/py_env/lib/python3.11/site-packages/airflow/example_dags/example_short_circuit_decorator.py took 0.091 seconds
[2025-04-16T00:22:50.227+0700] {processor.py:186} INFO - Started process (PID=357206) to work on /home/anhtupham99/NBA-analytics/py_env/lib/python3.11/site-packages/airflow/example_dags/example_short_circuit_decorator.py
[2025-04-16T00:22:50.229+0700] {processor.py:914} INFO - Processing file /home/anhtupham99/NBA-analytics/py_env/lib/python3.11/site-packages/airflow/example_dags/example_short_circuit_decorator.py for tasks to queue
[2025-04-16T00:22:50.231+0700] {logging_mixin.py:190} INFO - [2025-04-16T00:22:50.231+0700] {dagbag.py:588} INFO - Filling up the DagBag from /home/anhtupham99/NBA-analytics/py_env/lib/python3.11/site-packages/airflow/example_dags/example_short_circuit_decorator.py
[2025-04-16T00:22:50.243+0700] {processor.py:925} INFO - DAG(s) 'example_short_circuit_decorator' retrieved from /home/anhtupham99/NBA-analytics/py_env/lib/python3.11/site-packages/airflow/example_dags/example_short_circuit_decorator.py
[2025-04-16T00:22:50.261+0700] {logging_mixin.py:190} INFO - [2025-04-16T00:22:50.261+0700] {dag.py:3239} INFO - Sync 1 DAGs
[2025-04-16T00:22:50.273+0700] {logging_mixin.py:190} INFO - [2025-04-16T00:22:50.273+0700] {dag.py:4180} INFO - Setting next_dagrun for example_short_circuit_decorator to None, run_after=None
[2025-04-16T00:22:50.302+0700] {processor.py:208} INFO - Processing /home/anhtupham99/NBA-analytics/py_env/lib/python3.11/site-packages/airflow/example_dags/example_short_circuit_decorator.py took 0.079 seconds
[2025-04-16T00:23:55.741+0700] {processor.py:186} INFO - Started process (PID=359206) to work on /home/anhtupham99/NBA-analytics/py_env/lib/python3.11/site-packages/airflow/example_dags/example_short_circuit_decorator.py
[2025-04-16T00:23:55.742+0700] {processor.py:914} INFO - Processing file /home/anhtupham99/NBA-analytics/py_env/lib/python3.11/site-packages/airflow/example_dags/example_short_circuit_decorator.py for tasks to queue
[2025-04-16T00:23:55.744+0700] {logging_mixin.py:190} INFO - [2025-04-16T00:23:55.744+0700] {dagbag.py:588} INFO - Filling up the DagBag from /home/anhtupham99/NBA-analytics/py_env/lib/python3.11/site-packages/airflow/example_dags/example_short_circuit_decorator.py
[2025-04-16T00:23:55.751+0700] {processor.py:925} INFO - DAG(s) 'example_short_circuit_decorator' retrieved from /home/anhtupham99/NBA-analytics/py_env/lib/python3.11/site-packages/airflow/example_dags/example_short_circuit_decorator.py
[2025-04-16T00:23:55.764+0700] {logging_mixin.py:190} INFO - [2025-04-16T00:23:55.763+0700] {dag.py:3239} INFO - Sync 1 DAGs
[2025-04-16T00:23:55.772+0700] {logging_mixin.py:190} INFO - [2025-04-16T00:23:55.772+0700] {dag.py:4180} INFO - Setting next_dagrun for example_short_circuit_decorator to None, run_after=None
[2025-04-16T00:23:55.802+0700] {processor.py:208} INFO - Processing /home/anhtupham99/NBA-analytics/py_env/lib/python3.11/site-packages/airflow/example_dags/example_short_circuit_decorator.py took 0.065 seconds
[2025-04-16T00:24:48.288+0700] {processor.py:186} INFO - Started process (PID=361340) to work on /home/anhtupham99/NBA-analytics/py_env/lib/python3.11/site-packages/airflow/example_dags/example_short_circuit_decorator.py
[2025-04-16T00:24:48.291+0700] {processor.py:914} INFO - Processing file /home/anhtupham99/NBA-analytics/py_env/lib/python3.11/site-packages/airflow/example_dags/example_short_circuit_decorator.py for tasks to queue
[2025-04-16T00:24:48.294+0700] {logging_mixin.py:190} INFO - [2025-04-16T00:24:48.294+0700] {dagbag.py:588} INFO - Filling up the DagBag from /home/anhtupham99/NBA-analytics/py_env/lib/python3.11/site-packages/airflow/example_dags/example_short_circuit_decorator.py
[2025-04-16T00:24:48.313+0700] {processor.py:925} INFO - DAG(s) 'example_short_circuit_decorator' retrieved from /home/anhtupham99/NBA-analytics/py_env/lib/python3.11/site-packages/airflow/example_dags/example_short_circuit_decorator.py
[2025-04-16T00:24:48.335+0700] {logging_mixin.py:190} INFO - [2025-04-16T00:24:48.334+0700] {dag.py:3239} INFO - Sync 1 DAGs
[2025-04-16T00:24:48.356+0700] {logging_mixin.py:190} INFO - [2025-04-16T00:24:48.356+0700] {dag.py:4180} INFO - Setting next_dagrun for example_short_circuit_decorator to None, run_after=None
[2025-04-16T00:24:48.398+0700] {processor.py:208} INFO - Processing /home/anhtupham99/NBA-analytics/py_env/lib/python3.11/site-packages/airflow/example_dags/example_short_circuit_decorator.py took 0.121 seconds
[2025-04-16T00:25:58.327+0700] {processor.py:186} INFO - Started process (PID=364060) to work on /home/anhtupham99/NBA-analytics/py_env/lib/python3.11/site-packages/airflow/example_dags/example_short_circuit_decorator.py
[2025-04-16T00:25:58.329+0700] {processor.py:914} INFO - Processing file /home/anhtupham99/NBA-analytics/py_env/lib/python3.11/site-packages/airflow/example_dags/example_short_circuit_decorator.py for tasks to queue
[2025-04-16T00:25:58.331+0700] {logging_mixin.py:190} INFO - [2025-04-16T00:25:58.331+0700] {dagbag.py:588} INFO - Filling up the DagBag from /home/anhtupham99/NBA-analytics/py_env/lib/python3.11/site-packages/airflow/example_dags/example_short_circuit_decorator.py
[2025-04-16T00:25:58.341+0700] {processor.py:925} INFO - DAG(s) 'example_short_circuit_decorator' retrieved from /home/anhtupham99/NBA-analytics/py_env/lib/python3.11/site-packages/airflow/example_dags/example_short_circuit_decorator.py
[2025-04-16T00:25:58.357+0700] {logging_mixin.py:190} INFO - [2025-04-16T00:25:58.357+0700] {dag.py:3239} INFO - Sync 1 DAGs
[2025-04-16T00:25:58.371+0700] {logging_mixin.py:190} INFO - [2025-04-16T00:25:58.371+0700] {dag.py:4180} INFO - Setting next_dagrun for example_short_circuit_decorator to None, run_after=None
[2025-04-16T00:25:58.398+0700] {processor.py:208} INFO - Processing /home/anhtupham99/NBA-analytics/py_env/lib/python3.11/site-packages/airflow/example_dags/example_short_circuit_decorator.py took 0.075 seconds
[2025-04-16T00:27:12.939+0700] {processor.py:186} INFO - Started process (PID=365763) to work on /home/anhtupham99/NBA-analytics/py_env/lib/python3.11/site-packages/airflow/example_dags/example_short_circuit_decorator.py
[2025-04-16T00:27:12.941+0700] {processor.py:914} INFO - Processing file /home/anhtupham99/NBA-analytics/py_env/lib/python3.11/site-packages/airflow/example_dags/example_short_circuit_decorator.py for tasks to queue
[2025-04-16T00:27:12.942+0700] {logging_mixin.py:190} INFO - [2025-04-16T00:27:12.942+0700] {dagbag.py:588} INFO - Filling up the DagBag from /home/anhtupham99/NBA-analytics/py_env/lib/python3.11/site-packages/airflow/example_dags/example_short_circuit_decorator.py
[2025-04-16T00:27:12.950+0700] {processor.py:925} INFO - DAG(s) 'example_short_circuit_decorator' retrieved from /home/anhtupham99/NBA-analytics/py_env/lib/python3.11/site-packages/airflow/example_dags/example_short_circuit_decorator.py
[2025-04-16T00:27:12.962+0700] {logging_mixin.py:190} INFO - [2025-04-16T00:27:12.962+0700] {dag.py:3239} INFO - Sync 1 DAGs
[2025-04-16T00:27:12.971+0700] {logging_mixin.py:190} INFO - [2025-04-16T00:27:12.971+0700] {dag.py:4180} INFO - Setting next_dagrun for example_short_circuit_decorator to None, run_after=None
[2025-04-16T00:27:12.997+0700] {processor.py:208} INFO - Processing /home/anhtupham99/NBA-analytics/py_env/lib/python3.11/site-packages/airflow/example_dags/example_short_circuit_decorator.py took 0.062 seconds
[2025-04-16T00:28:24.994+0700] {processor.py:186} INFO - Started process (PID=367690) to work on /home/anhtupham99/NBA-analytics/py_env/lib/python3.11/site-packages/airflow/example_dags/example_short_circuit_decorator.py
[2025-04-16T00:28:24.996+0700] {processor.py:914} INFO - Processing file /home/anhtupham99/NBA-analytics/py_env/lib/python3.11/site-packages/airflow/example_dags/example_short_circuit_decorator.py for tasks to queue
[2025-04-16T00:28:24.998+0700] {logging_mixin.py:190} INFO - [2025-04-16T00:28:24.998+0700] {dagbag.py:588} INFO - Filling up the DagBag from /home/anhtupham99/NBA-analytics/py_env/lib/python3.11/site-packages/airflow/example_dags/example_short_circuit_decorator.py
[2025-04-16T00:28:25.007+0700] {processor.py:925} INFO - DAG(s) 'example_short_circuit_decorator' retrieved from /home/anhtupham99/NBA-analytics/py_env/lib/python3.11/site-packages/airflow/example_dags/example_short_circuit_decorator.py
[2025-04-16T00:28:25.023+0700] {logging_mixin.py:190} INFO - [2025-04-16T00:28:25.023+0700] {dag.py:3239} INFO - Sync 1 DAGs
[2025-04-16T00:28:25.035+0700] {logging_mixin.py:190} INFO - [2025-04-16T00:28:25.035+0700] {dag.py:4180} INFO - Setting next_dagrun for example_short_circuit_decorator to None, run_after=None
[2025-04-16T00:28:25.062+0700] {processor.py:208} INFO - Processing /home/anhtupham99/NBA-analytics/py_env/lib/python3.11/site-packages/airflow/example_dags/example_short_circuit_decorator.py took 0.074 seconds
[2025-04-16T00:29:35.027+0700] {processor.py:186} INFO - Started process (PID=369304) to work on /home/anhtupham99/NBA-analytics/py_env/lib/python3.11/site-packages/airflow/example_dags/example_short_circuit_decorator.py
[2025-04-16T00:29:35.028+0700] {processor.py:914} INFO - Processing file /home/anhtupham99/NBA-analytics/py_env/lib/python3.11/site-packages/airflow/example_dags/example_short_circuit_decorator.py for tasks to queue
[2025-04-16T00:29:35.030+0700] {logging_mixin.py:190} INFO - [2025-04-16T00:29:35.030+0700] {dagbag.py:588} INFO - Filling up the DagBag from /home/anhtupham99/NBA-analytics/py_env/lib/python3.11/site-packages/airflow/example_dags/example_short_circuit_decorator.py
[2025-04-16T00:29:35.038+0700] {processor.py:925} INFO - DAG(s) 'example_short_circuit_decorator' retrieved from /home/anhtupham99/NBA-analytics/py_env/lib/python3.11/site-packages/airflow/example_dags/example_short_circuit_decorator.py
[2025-04-16T00:29:35.052+0700] {logging_mixin.py:190} INFO - [2025-04-16T00:29:35.052+0700] {dag.py:3239} INFO - Sync 1 DAGs
[2025-04-16T00:29:35.063+0700] {logging_mixin.py:190} INFO - [2025-04-16T00:29:35.063+0700] {dag.py:4180} INFO - Setting next_dagrun for example_short_circuit_decorator to None, run_after=None
[2025-04-16T00:29:35.088+0700] {processor.py:208} INFO - Processing /home/anhtupham99/NBA-analytics/py_env/lib/python3.11/site-packages/airflow/example_dags/example_short_circuit_decorator.py took 0.065 seconds
[2025-04-16T00:30:47.389+0700] {processor.py:186} INFO - Started process (PID=371023) to work on /home/anhtupham99/NBA-analytics/py_env/lib/python3.11/site-packages/airflow/example_dags/example_short_circuit_decorator.py
[2025-04-16T00:30:47.390+0700] {processor.py:914} INFO - Processing file /home/anhtupham99/NBA-analytics/py_env/lib/python3.11/site-packages/airflow/example_dags/example_short_circuit_decorator.py for tasks to queue
[2025-04-16T00:30:47.392+0700] {logging_mixin.py:190} INFO - [2025-04-16T00:30:47.391+0700] {dagbag.py:588} INFO - Filling up the DagBag from /home/anhtupham99/NBA-analytics/py_env/lib/python3.11/site-packages/airflow/example_dags/example_short_circuit_decorator.py
[2025-04-16T00:30:47.399+0700] {processor.py:925} INFO - DAG(s) 'example_short_circuit_decorator' retrieved from /home/anhtupham99/NBA-analytics/py_env/lib/python3.11/site-packages/airflow/example_dags/example_short_circuit_decorator.py
[2025-04-16T00:30:47.411+0700] {logging_mixin.py:190} INFO - [2025-04-16T00:30:47.411+0700] {dag.py:3239} INFO - Sync 1 DAGs
[2025-04-16T00:30:47.420+0700] {logging_mixin.py:190} INFO - [2025-04-16T00:30:47.419+0700] {dag.py:4180} INFO - Setting next_dagrun for example_short_circuit_decorator to None, run_after=None
[2025-04-16T00:30:47.442+0700] {processor.py:208} INFO - Processing /home/anhtupham99/NBA-analytics/py_env/lib/python3.11/site-packages/airflow/example_dags/example_short_circuit_decorator.py took 0.057 seconds
[2025-04-16T00:31:54.987+0700] {processor.py:186} INFO - Started process (PID=372888) to work on /home/anhtupham99/NBA-analytics/py_env/lib/python3.11/site-packages/airflow/example_dags/example_short_circuit_decorator.py
[2025-04-16T00:31:54.988+0700] {processor.py:914} INFO - Processing file /home/anhtupham99/NBA-analytics/py_env/lib/python3.11/site-packages/airflow/example_dags/example_short_circuit_decorator.py for tasks to queue
[2025-04-16T00:31:54.990+0700] {logging_mixin.py:190} INFO - [2025-04-16T00:31:54.989+0700] {dagbag.py:588} INFO - Filling up the DagBag from /home/anhtupham99/NBA-analytics/py_env/lib/python3.11/site-packages/airflow/example_dags/example_short_circuit_decorator.py
[2025-04-16T00:31:54.997+0700] {processor.py:925} INFO - DAG(s) 'example_short_circuit_decorator' retrieved from /home/anhtupham99/NBA-analytics/py_env/lib/python3.11/site-packages/airflow/example_dags/example_short_circuit_decorator.py
[2025-04-16T00:31:55.011+0700] {logging_mixin.py:190} INFO - [2025-04-16T00:31:55.010+0700] {dag.py:3239} INFO - Sync 1 DAGs
[2025-04-16T00:31:55.019+0700] {logging_mixin.py:190} INFO - [2025-04-16T00:31:55.019+0700] {dag.py:4180} INFO - Setting next_dagrun for example_short_circuit_decorator to None, run_after=None
[2025-04-16T00:31:55.044+0700] {processor.py:208} INFO - Processing /home/anhtupham99/NBA-analytics/py_env/lib/python3.11/site-packages/airflow/example_dags/example_short_circuit_decorator.py took 0.062 seconds
[2025-04-16T00:33:05.218+0700] {processor.py:186} INFO - Started process (PID=374651) to work on /home/anhtupham99/NBA-analytics/py_env/lib/python3.11/site-packages/airflow/example_dags/example_short_circuit_decorator.py
[2025-04-16T00:33:05.219+0700] {processor.py:914} INFO - Processing file /home/anhtupham99/NBA-analytics/py_env/lib/python3.11/site-packages/airflow/example_dags/example_short_circuit_decorator.py for tasks to queue
[2025-04-16T00:33:05.221+0700] {logging_mixin.py:190} INFO - [2025-04-16T00:33:05.220+0700] {dagbag.py:588} INFO - Filling up the DagBag from /home/anhtupham99/NBA-analytics/py_env/lib/python3.11/site-packages/airflow/example_dags/example_short_circuit_decorator.py
[2025-04-16T00:33:05.228+0700] {processor.py:925} INFO - DAG(s) 'example_short_circuit_decorator' retrieved from /home/anhtupham99/NBA-analytics/py_env/lib/python3.11/site-packages/airflow/example_dags/example_short_circuit_decorator.py
[2025-04-16T00:33:05.241+0700] {logging_mixin.py:190} INFO - [2025-04-16T00:33:05.241+0700] {dag.py:3239} INFO - Sync 1 DAGs
[2025-04-16T00:33:05.250+0700] {logging_mixin.py:190} INFO - [2025-04-16T00:33:05.249+0700] {dag.py:4180} INFO - Setting next_dagrun for example_short_circuit_decorator to None, run_after=None
[2025-04-16T00:33:05.273+0700] {processor.py:208} INFO - Processing /home/anhtupham99/NBA-analytics/py_env/lib/python3.11/site-packages/airflow/example_dags/example_short_circuit_decorator.py took 0.059 seconds
[2025-04-16T00:34:18.142+0700] {processor.py:186} INFO - Started process (PID=376260) to work on /home/anhtupham99/NBA-analytics/py_env/lib/python3.11/site-packages/airflow/example_dags/example_short_circuit_decorator.py
[2025-04-16T00:34:18.143+0700] {processor.py:914} INFO - Processing file /home/anhtupham99/NBA-analytics/py_env/lib/python3.11/site-packages/airflow/example_dags/example_short_circuit_decorator.py for tasks to queue
[2025-04-16T00:34:18.145+0700] {logging_mixin.py:190} INFO - [2025-04-16T00:34:18.145+0700] {dagbag.py:588} INFO - Filling up the DagBag from /home/anhtupham99/NBA-analytics/py_env/lib/python3.11/site-packages/airflow/example_dags/example_short_circuit_decorator.py
[2025-04-16T00:34:18.155+0700] {processor.py:925} INFO - DAG(s) 'example_short_circuit_decorator' retrieved from /home/anhtupham99/NBA-analytics/py_env/lib/python3.11/site-packages/airflow/example_dags/example_short_circuit_decorator.py
[2025-04-16T00:34:18.169+0700] {logging_mixin.py:190} INFO - [2025-04-16T00:34:18.169+0700] {dag.py:3239} INFO - Sync 1 DAGs
[2025-04-16T00:34:18.178+0700] {logging_mixin.py:190} INFO - [2025-04-16T00:34:18.177+0700] {dag.py:4180} INFO - Setting next_dagrun for example_short_circuit_decorator to None, run_after=None
[2025-04-16T00:34:18.199+0700] {processor.py:208} INFO - Processing /home/anhtupham99/NBA-analytics/py_env/lib/python3.11/site-packages/airflow/example_dags/example_short_circuit_decorator.py took 0.062 seconds
[2025-04-16T00:35:26.946+0700] {processor.py:186} INFO - Started process (PID=378080) to work on /home/anhtupham99/NBA-analytics/py_env/lib/python3.11/site-packages/airflow/example_dags/example_short_circuit_decorator.py
[2025-04-16T00:35:26.947+0700] {processor.py:914} INFO - Processing file /home/anhtupham99/NBA-analytics/py_env/lib/python3.11/site-packages/airflow/example_dags/example_short_circuit_decorator.py for tasks to queue
[2025-04-16T00:35:26.949+0700] {logging_mixin.py:190} INFO - [2025-04-16T00:35:26.949+0700] {dagbag.py:588} INFO - Filling up the DagBag from /home/anhtupham99/NBA-analytics/py_env/lib/python3.11/site-packages/airflow/example_dags/example_short_circuit_decorator.py
[2025-04-16T00:35:26.956+0700] {processor.py:925} INFO - DAG(s) 'example_short_circuit_decorator' retrieved from /home/anhtupham99/NBA-analytics/py_env/lib/python3.11/site-packages/airflow/example_dags/example_short_circuit_decorator.py
[2025-04-16T00:35:26.969+0700] {logging_mixin.py:190} INFO - [2025-04-16T00:35:26.969+0700] {dag.py:3239} INFO - Sync 1 DAGs
[2025-04-16T00:35:26.978+0700] {logging_mixin.py:190} INFO - [2025-04-16T00:35:26.978+0700] {dag.py:4180} INFO - Setting next_dagrun for example_short_circuit_decorator to None, run_after=None
[2025-04-16T00:35:27.013+0700] {processor.py:208} INFO - Processing /home/anhtupham99/NBA-analytics/py_env/lib/python3.11/site-packages/airflow/example_dags/example_short_circuit_decorator.py took 0.071 seconds
[2025-04-16T00:36:41.720+0700] {processor.py:186} INFO - Started process (PID=379889) to work on /home/anhtupham99/NBA-analytics/py_env/lib/python3.11/site-packages/airflow/example_dags/example_short_circuit_decorator.py
[2025-04-16T00:36:41.721+0700] {processor.py:914} INFO - Processing file /home/anhtupham99/NBA-analytics/py_env/lib/python3.11/site-packages/airflow/example_dags/example_short_circuit_decorator.py for tasks to queue
[2025-04-16T00:36:41.723+0700] {logging_mixin.py:190} INFO - [2025-04-16T00:36:41.723+0700] {dagbag.py:588} INFO - Filling up the DagBag from /home/anhtupham99/NBA-analytics/py_env/lib/python3.11/site-packages/airflow/example_dags/example_short_circuit_decorator.py
[2025-04-16T00:36:41.730+0700] {processor.py:925} INFO - DAG(s) 'example_short_circuit_decorator' retrieved from /home/anhtupham99/NBA-analytics/py_env/lib/python3.11/site-packages/airflow/example_dags/example_short_circuit_decorator.py
[2025-04-16T00:36:41.743+0700] {logging_mixin.py:190} INFO - [2025-04-16T00:36:41.743+0700] {dag.py:3239} INFO - Sync 1 DAGs
[2025-04-16T00:36:41.751+0700] {logging_mixin.py:190} INFO - [2025-04-16T00:36:41.751+0700] {dag.py:4180} INFO - Setting next_dagrun for example_short_circuit_decorator to None, run_after=None
[2025-04-16T00:36:41.775+0700] {processor.py:208} INFO - Processing /home/anhtupham99/NBA-analytics/py_env/lib/python3.11/site-packages/airflow/example_dags/example_short_circuit_decorator.py took 0.059 seconds
[2025-04-16T00:37:51.077+0700] {processor.py:186} INFO - Started process (PID=381798) to work on /home/anhtupham99/NBA-analytics/py_env/lib/python3.11/site-packages/airflow/example_dags/example_short_circuit_decorator.py
[2025-04-16T00:37:51.081+0700] {processor.py:914} INFO - Processing file /home/anhtupham99/NBA-analytics/py_env/lib/python3.11/site-packages/airflow/example_dags/example_short_circuit_decorator.py for tasks to queue
[2025-04-16T00:37:51.083+0700] {logging_mixin.py:190} INFO - [2025-04-16T00:37:51.083+0700] {dagbag.py:588} INFO - Filling up the DagBag from /home/anhtupham99/NBA-analytics/py_env/lib/python3.11/site-packages/airflow/example_dags/example_short_circuit_decorator.py
[2025-04-16T00:37:51.093+0700] {processor.py:925} INFO - DAG(s) 'example_short_circuit_decorator' retrieved from /home/anhtupham99/NBA-analytics/py_env/lib/python3.11/site-packages/airflow/example_dags/example_short_circuit_decorator.py
[2025-04-16T00:37:51.109+0700] {logging_mixin.py:190} INFO - [2025-04-16T00:37:51.108+0700] {dag.py:3239} INFO - Sync 1 DAGs
[2025-04-16T00:37:51.119+0700] {logging_mixin.py:190} INFO - [2025-04-16T00:37:51.118+0700] {dag.py:4180} INFO - Setting next_dagrun for example_short_circuit_decorator to None, run_after=None
[2025-04-16T00:37:51.148+0700] {processor.py:208} INFO - Processing /home/anhtupham99/NBA-analytics/py_env/lib/python3.11/site-packages/airflow/example_dags/example_short_circuit_decorator.py took 0.076 seconds
