[2025-04-15T23:47:32.425+0700] {processor.py:186} INFO - Started process (PID=298781) to work on /home/anhtupham99/NBA-analytics/py_env/lib/python3.11/site-packages/airflow/example_dags/example_kubernetes_executor.py
[2025-04-15T23:47:32.425+0700] {processor.py:914} INFO - Processing file /home/anhtupham99/NBA-analytics/py_env/lib/python3.11/site-packages/airflow/example_dags/example_kubernetes_executor.py for tasks to queue
[2025-04-15T23:47:32.427+0700] {logging_mixin.py:190} INFO - [2025-04-15T23:47:32.427+0700] {dagbag.py:588} INFO - Filling up the DagBag from /home/anhtupham99/NBA-analytics/py_env/lib/python3.11/site-packages/airflow/example_dags/example_kubernetes_executor.py
[2025-04-15T23:47:32.430+0700] {logging_mixin.py:190} INFO - [2025-04-15T23:47:32.430+0700] {example_kubernetes_executor.py:39} WARNING - The example_kubernetes_executor example DAG requires the kubernetes provider. Please install it with: pip install apache-airflow[cncf.kubernetes]
[2025-04-15T23:47:32.430+0700] {processor.py:927} WARNING - No viable dags retrieved from /home/anhtupham99/NBA-analytics/py_env/lib/python3.11/site-packages/airflow/example_dags/example_kubernetes_executor.py
[2025-04-15T23:47:32.439+0700] {processor.py:208} INFO - Processing /home/anhtupham99/NBA-analytics/py_env/lib/python3.11/site-packages/airflow/example_dags/example_kubernetes_executor.py took 0.022 seconds
[2025-04-15T23:48:29.312+0700] {processor.py:186} INFO - Started process (PID=300181) to work on /home/anhtupham99/NBA-analytics/py_env/lib/python3.11/site-packages/airflow/example_dags/example_kubernetes_executor.py
[2025-04-15T23:48:29.313+0700] {processor.py:914} INFO - Processing file /home/anhtupham99/NBA-analytics/py_env/lib/python3.11/site-packages/airflow/example_dags/example_kubernetes_executor.py for tasks to queue
[2025-04-15T23:48:29.315+0700] {logging_mixin.py:190} INFO - [2025-04-15T23:48:29.315+0700] {dagbag.py:588} INFO - Filling up the DagBag from /home/anhtupham99/NBA-analytics/py_env/lib/python3.11/site-packages/airflow/example_dags/example_kubernetes_executor.py
[2025-04-15T23:48:29.318+0700] {logging_mixin.py:190} INFO - [2025-04-15T23:48:29.318+0700] {example_kubernetes_executor.py:39} WARNING - The example_kubernetes_executor example DAG requires the kubernetes provider. Please install it with: pip install apache-airflow[cncf.kubernetes]
[2025-04-15T23:48:29.318+0700] {processor.py:927} WARNING - No viable dags retrieved from /home/anhtupham99/NBA-analytics/py_env/lib/python3.11/site-packages/airflow/example_dags/example_kubernetes_executor.py
[2025-04-15T23:48:29.329+0700] {processor.py:208} INFO - Processing /home/anhtupham99/NBA-analytics/py_env/lib/python3.11/site-packages/airflow/example_dags/example_kubernetes_executor.py took 0.022 seconds
[2025-04-15T23:49:40.651+0700] {processor.py:186} INFO - Started process (PID=301668) to work on /home/anhtupham99/NBA-analytics/py_env/lib/python3.11/site-packages/airflow/example_dags/example_kubernetes_executor.py
[2025-04-15T23:49:40.652+0700] {processor.py:914} INFO - Processing file /home/anhtupham99/NBA-analytics/py_env/lib/python3.11/site-packages/airflow/example_dags/example_kubernetes_executor.py for tasks to queue
[2025-04-15T23:49:40.654+0700] {logging_mixin.py:190} INFO - [2025-04-15T23:49:40.653+0700] {dagbag.py:588} INFO - Filling up the DagBag from /home/anhtupham99/NBA-analytics/py_env/lib/python3.11/site-packages/airflow/example_dags/example_kubernetes_executor.py
[2025-04-15T23:49:40.656+0700] {logging_mixin.py:190} INFO - [2025-04-15T23:49:40.656+0700] {example_kubernetes_executor.py:39} WARNING - The example_kubernetes_executor example DAG requires the kubernetes provider. Please install it with: pip install apache-airflow[cncf.kubernetes]
[2025-04-15T23:49:40.656+0700] {processor.py:927} WARNING - No viable dags retrieved from /home/anhtupham99/NBA-analytics/py_env/lib/python3.11/site-packages/airflow/example_dags/example_kubernetes_executor.py
[2025-04-15T23:49:40.666+0700] {processor.py:208} INFO - Processing /home/anhtupham99/NBA-analytics/py_env/lib/python3.11/site-packages/airflow/example_dags/example_kubernetes_executor.py took 0.020 seconds
[2025-04-15T23:50:59.930+0700] {processor.py:186} INFO - Started process (PID=303275) to work on /home/anhtupham99/NBA-analytics/py_env/lib/python3.11/site-packages/airflow/example_dags/example_kubernetes_executor.py
[2025-04-15T23:50:59.931+0700] {processor.py:914} INFO - Processing file /home/anhtupham99/NBA-analytics/py_env/lib/python3.11/site-packages/airflow/example_dags/example_kubernetes_executor.py for tasks to queue
[2025-04-15T23:50:59.933+0700] {logging_mixin.py:190} INFO - [2025-04-15T23:50:59.933+0700] {dagbag.py:588} INFO - Filling up the DagBag from /home/anhtupham99/NBA-analytics/py_env/lib/python3.11/site-packages/airflow/example_dags/example_kubernetes_executor.py
[2025-04-15T23:50:59.936+0700] {logging_mixin.py:190} INFO - [2025-04-15T23:50:59.936+0700] {example_kubernetes_executor.py:39} WARNING - The example_kubernetes_executor example DAG requires the kubernetes provider. Please install it with: pip install apache-airflow[cncf.kubernetes]
[2025-04-15T23:50:59.936+0700] {processor.py:927} WARNING - No viable dags retrieved from /home/anhtupham99/NBA-analytics/py_env/lib/python3.11/site-packages/airflow/example_dags/example_kubernetes_executor.py
[2025-04-15T23:50:59.945+0700] {processor.py:208} INFO - Processing /home/anhtupham99/NBA-analytics/py_env/lib/python3.11/site-packages/airflow/example_dags/example_kubernetes_executor.py took 0.021 seconds
[2025-04-15T23:52:09.795+0700] {processor.py:186} INFO - Started process (PID=304608) to work on /home/anhtupham99/NBA-analytics/py_env/lib/python3.11/site-packages/airflow/example_dags/example_kubernetes_executor.py
[2025-04-15T23:52:09.797+0700] {processor.py:914} INFO - Processing file /home/anhtupham99/NBA-analytics/py_env/lib/python3.11/site-packages/airflow/example_dags/example_kubernetes_executor.py for tasks to queue
[2025-04-15T23:52:09.799+0700] {logging_mixin.py:190} INFO - [2025-04-15T23:52:09.798+0700] {dagbag.py:588} INFO - Filling up the DagBag from /home/anhtupham99/NBA-analytics/py_env/lib/python3.11/site-packages/airflow/example_dags/example_kubernetes_executor.py
[2025-04-15T23:52:09.802+0700] {logging_mixin.py:190} INFO - [2025-04-15T23:52:09.802+0700] {example_kubernetes_executor.py:39} WARNING - The example_kubernetes_executor example DAG requires the kubernetes provider. Please install it with: pip install apache-airflow[cncf.kubernetes]
[2025-04-15T23:52:09.802+0700] {processor.py:927} WARNING - No viable dags retrieved from /home/anhtupham99/NBA-analytics/py_env/lib/python3.11/site-packages/airflow/example_dags/example_kubernetes_executor.py
[2025-04-15T23:52:09.811+0700] {processor.py:208} INFO - Processing /home/anhtupham99/NBA-analytics/py_env/lib/python3.11/site-packages/airflow/example_dags/example_kubernetes_executor.py took 0.022 seconds
[2025-04-15T23:53:22.381+0700] {processor.py:186} INFO - Started process (PID=306042) to work on /home/anhtupham99/NBA-analytics/py_env/lib/python3.11/site-packages/airflow/example_dags/example_kubernetes_executor.py
[2025-04-15T23:53:22.382+0700] {processor.py:914} INFO - Processing file /home/anhtupham99/NBA-analytics/py_env/lib/python3.11/site-packages/airflow/example_dags/example_kubernetes_executor.py for tasks to queue
[2025-04-15T23:53:22.384+0700] {logging_mixin.py:190} INFO - [2025-04-15T23:53:22.384+0700] {dagbag.py:588} INFO - Filling up the DagBag from /home/anhtupham99/NBA-analytics/py_env/lib/python3.11/site-packages/airflow/example_dags/example_kubernetes_executor.py
[2025-04-15T23:53:22.387+0700] {logging_mixin.py:190} INFO - [2025-04-15T23:53:22.386+0700] {example_kubernetes_executor.py:39} WARNING - The example_kubernetes_executor example DAG requires the kubernetes provider. Please install it with: pip install apache-airflow[cncf.kubernetes]
[2025-04-15T23:53:22.387+0700] {processor.py:927} WARNING - No viable dags retrieved from /home/anhtupham99/NBA-analytics/py_env/lib/python3.11/site-packages/airflow/example_dags/example_kubernetes_executor.py
[2025-04-15T23:53:22.395+0700] {processor.py:208} INFO - Processing /home/anhtupham99/NBA-analytics/py_env/lib/python3.11/site-packages/airflow/example_dags/example_kubernetes_executor.py took 0.018 seconds
[2025-04-15T23:54:32.295+0700] {processor.py:186} INFO - Started process (PID=307346) to work on /home/anhtupham99/NBA-analytics/py_env/lib/python3.11/site-packages/airflow/example_dags/example_kubernetes_executor.py
[2025-04-15T23:54:32.296+0700] {processor.py:914} INFO - Processing file /home/anhtupham99/NBA-analytics/py_env/lib/python3.11/site-packages/airflow/example_dags/example_kubernetes_executor.py for tasks to queue
[2025-04-15T23:54:32.298+0700] {logging_mixin.py:190} INFO - [2025-04-15T23:54:32.297+0700] {dagbag.py:588} INFO - Filling up the DagBag from /home/anhtupham99/NBA-analytics/py_env/lib/python3.11/site-packages/airflow/example_dags/example_kubernetes_executor.py
[2025-04-15T23:54:32.300+0700] {logging_mixin.py:190} INFO - [2025-04-15T23:54:32.300+0700] {example_kubernetes_executor.py:39} WARNING - The example_kubernetes_executor example DAG requires the kubernetes provider. Please install it with: pip install apache-airflow[cncf.kubernetes]
[2025-04-15T23:54:32.300+0700] {processor.py:927} WARNING - No viable dags retrieved from /home/anhtupham99/NBA-analytics/py_env/lib/python3.11/site-packages/airflow/example_dags/example_kubernetes_executor.py
[2025-04-15T23:54:32.308+0700] {processor.py:208} INFO - Processing /home/anhtupham99/NBA-analytics/py_env/lib/python3.11/site-packages/airflow/example_dags/example_kubernetes_executor.py took 0.018 seconds
[2025-04-15T23:55:48.806+0700] {processor.py:186} INFO - Started process (PID=310769) to work on /home/anhtupham99/NBA-analytics/py_env/lib/python3.11/site-packages/airflow/example_dags/example_kubernetes_executor.py
[2025-04-15T23:55:48.807+0700] {processor.py:914} INFO - Processing file /home/anhtupham99/NBA-analytics/py_env/lib/python3.11/site-packages/airflow/example_dags/example_kubernetes_executor.py for tasks to queue
[2025-04-15T23:55:48.809+0700] {logging_mixin.py:190} INFO - [2025-04-15T23:55:48.808+0700] {dagbag.py:588} INFO - Filling up the DagBag from /home/anhtupham99/NBA-analytics/py_env/lib/python3.11/site-packages/airflow/example_dags/example_kubernetes_executor.py
[2025-04-15T23:55:48.811+0700] {logging_mixin.py:190} INFO - [2025-04-15T23:55:48.811+0700] {example_kubernetes_executor.py:39} WARNING - The example_kubernetes_executor example DAG requires the kubernetes provider. Please install it with: pip install apache-airflow[cncf.kubernetes]
[2025-04-15T23:55:48.811+0700] {processor.py:927} WARNING - No viable dags retrieved from /home/anhtupham99/NBA-analytics/py_env/lib/python3.11/site-packages/airflow/example_dags/example_kubernetes_executor.py
[2025-04-15T23:55:48.818+0700] {processor.py:208} INFO - Processing /home/anhtupham99/NBA-analytics/py_env/lib/python3.11/site-packages/airflow/example_dags/example_kubernetes_executor.py took 0.017 seconds
[2025-04-15T23:56:59.227+0700] {processor.py:186} INFO - Started process (PID=312302) to work on /home/anhtupham99/NBA-analytics/py_env/lib/python3.11/site-packages/airflow/example_dags/example_kubernetes_executor.py
[2025-04-15T23:56:59.228+0700] {processor.py:914} INFO - Processing file /home/anhtupham99/NBA-analytics/py_env/lib/python3.11/site-packages/airflow/example_dags/example_kubernetes_executor.py for tasks to queue
[2025-04-15T23:56:59.230+0700] {logging_mixin.py:190} INFO - [2025-04-15T23:56:59.230+0700] {dagbag.py:588} INFO - Filling up the DagBag from /home/anhtupham99/NBA-analytics/py_env/lib/python3.11/site-packages/airflow/example_dags/example_kubernetes_executor.py
[2025-04-15T23:56:59.233+0700] {logging_mixin.py:190} INFO - [2025-04-15T23:56:59.233+0700] {example_kubernetes_executor.py:39} WARNING - The example_kubernetes_executor example DAG requires the kubernetes provider. Please install it with: pip install apache-airflow[cncf.kubernetes]
[2025-04-15T23:56:59.234+0700] {processor.py:927} WARNING - No viable dags retrieved from /home/anhtupham99/NBA-analytics/py_env/lib/python3.11/site-packages/airflow/example_dags/example_kubernetes_executor.py
[2025-04-15T23:56:59.243+0700] {processor.py:208} INFO - Processing /home/anhtupham99/NBA-analytics/py_env/lib/python3.11/site-packages/airflow/example_dags/example_kubernetes_executor.py took 0.022 seconds
[2025-04-15T23:58:14.945+0700] {processor.py:186} INFO - Started process (PID=313773) to work on /home/anhtupham99/NBA-analytics/py_env/lib/python3.11/site-packages/airflow/example_dags/example_kubernetes_executor.py
[2025-04-15T23:58:14.947+0700] {processor.py:914} INFO - Processing file /home/anhtupham99/NBA-analytics/py_env/lib/python3.11/site-packages/airflow/example_dags/example_kubernetes_executor.py for tasks to queue
[2025-04-15T23:58:14.948+0700] {logging_mixin.py:190} INFO - [2025-04-15T23:58:14.948+0700] {dagbag.py:588} INFO - Filling up the DagBag from /home/anhtupham99/NBA-analytics/py_env/lib/python3.11/site-packages/airflow/example_dags/example_kubernetes_executor.py
[2025-04-15T23:58:14.950+0700] {logging_mixin.py:190} INFO - [2025-04-15T23:58:14.950+0700] {example_kubernetes_executor.py:39} WARNING - The example_kubernetes_executor example DAG requires the kubernetes provider. Please install it with: pip install apache-airflow[cncf.kubernetes]
[2025-04-15T23:58:14.951+0700] {processor.py:927} WARNING - No viable dags retrieved from /home/anhtupham99/NBA-analytics/py_env/lib/python3.11/site-packages/airflow/example_dags/example_kubernetes_executor.py
[2025-04-15T23:58:14.958+0700] {processor.py:208} INFO - Processing /home/anhtupham99/NBA-analytics/py_env/lib/python3.11/site-packages/airflow/example_dags/example_kubernetes_executor.py took 0.018 seconds
[2025-04-15T23:59:25.473+0700] {processor.py:186} INFO - Started process (PID=315206) to work on /home/anhtupham99/NBA-analytics/py_env/lib/python3.11/site-packages/airflow/example_dags/example_kubernetes_executor.py
[2025-04-15T23:59:25.474+0700] {processor.py:914} INFO - Processing file /home/anhtupham99/NBA-analytics/py_env/lib/python3.11/site-packages/airflow/example_dags/example_kubernetes_executor.py for tasks to queue
[2025-04-15T23:59:25.476+0700] {logging_mixin.py:190} INFO - [2025-04-15T23:59:25.475+0700] {dagbag.py:588} INFO - Filling up the DagBag from /home/anhtupham99/NBA-analytics/py_env/lib/python3.11/site-packages/airflow/example_dags/example_kubernetes_executor.py
[2025-04-15T23:59:25.478+0700] {logging_mixin.py:190} INFO - [2025-04-15T23:59:25.478+0700] {example_kubernetes_executor.py:39} WARNING - The example_kubernetes_executor example DAG requires the kubernetes provider. Please install it with: pip install apache-airflow[cncf.kubernetes]
[2025-04-15T23:59:25.478+0700] {processor.py:927} WARNING - No viable dags retrieved from /home/anhtupham99/NBA-analytics/py_env/lib/python3.11/site-packages/airflow/example_dags/example_kubernetes_executor.py
[2025-04-15T23:59:25.486+0700] {processor.py:208} INFO - Processing /home/anhtupham99/NBA-analytics/py_env/lib/python3.11/site-packages/airflow/example_dags/example_kubernetes_executor.py took 0.018 seconds
[2025-04-16T00:00:38.237+0700] {processor.py:186} INFO - Started process (PID=316782) to work on /home/anhtupham99/NBA-analytics/py_env/lib/python3.11/site-packages/airflow/example_dags/example_kubernetes_executor.py
[2025-04-16T00:00:38.238+0700] {processor.py:914} INFO - Processing file /home/anhtupham99/NBA-analytics/py_env/lib/python3.11/site-packages/airflow/example_dags/example_kubernetes_executor.py for tasks to queue
[2025-04-16T00:00:38.240+0700] {logging_mixin.py:190} INFO - [2025-04-16T00:00:38.240+0700] {dagbag.py:588} INFO - Filling up the DagBag from /home/anhtupham99/NBA-analytics/py_env/lib/python3.11/site-packages/airflow/example_dags/example_kubernetes_executor.py
[2025-04-16T00:00:38.243+0700] {logging_mixin.py:190} INFO - [2025-04-16T00:00:38.243+0700] {example_kubernetes_executor.py:39} WARNING - The example_kubernetes_executor example DAG requires the kubernetes provider. Please install it with: pip install apache-airflow[cncf.kubernetes]
[2025-04-16T00:00:38.243+0700] {processor.py:927} WARNING - No viable dags retrieved from /home/anhtupham99/NBA-analytics/py_env/lib/python3.11/site-packages/airflow/example_dags/example_kubernetes_executor.py
[2025-04-16T00:00:38.252+0700] {processor.py:208} INFO - Processing /home/anhtupham99/NBA-analytics/py_env/lib/python3.11/site-packages/airflow/example_dags/example_kubernetes_executor.py took 0.021 seconds
[2025-04-16T00:01:48.622+0700] {processor.py:186} INFO - Started process (PID=318060) to work on /home/anhtupham99/NBA-analytics/py_env/lib/python3.11/site-packages/airflow/example_dags/example_kubernetes_executor.py
[2025-04-16T00:01:48.623+0700] {processor.py:914} INFO - Processing file /home/anhtupham99/NBA-analytics/py_env/lib/python3.11/site-packages/airflow/example_dags/example_kubernetes_executor.py for tasks to queue
[2025-04-16T00:01:48.625+0700] {logging_mixin.py:190} INFO - [2025-04-16T00:01:48.625+0700] {dagbag.py:588} INFO - Filling up the DagBag from /home/anhtupham99/NBA-analytics/py_env/lib/python3.11/site-packages/airflow/example_dags/example_kubernetes_executor.py
[2025-04-16T00:01:48.628+0700] {logging_mixin.py:190} INFO - [2025-04-16T00:01:48.628+0700] {example_kubernetes_executor.py:39} WARNING - The example_kubernetes_executor example DAG requires the kubernetes provider. Please install it with: pip install apache-airflow[cncf.kubernetes]
[2025-04-16T00:01:48.628+0700] {processor.py:927} WARNING - No viable dags retrieved from /home/anhtupham99/NBA-analytics/py_env/lib/python3.11/site-packages/airflow/example_dags/example_kubernetes_executor.py
[2025-04-16T00:01:48.637+0700] {processor.py:208} INFO - Processing /home/anhtupham99/NBA-analytics/py_env/lib/python3.11/site-packages/airflow/example_dags/example_kubernetes_executor.py took 0.020 seconds
[2025-04-16T00:02:53.780+0700] {processor.py:186} INFO - Started process (PID=319300) to work on /home/anhtupham99/NBA-analytics/py_env/lib/python3.11/site-packages/airflow/example_dags/example_kubernetes_executor.py
[2025-04-16T00:02:53.781+0700] {processor.py:914} INFO - Processing file /home/anhtupham99/NBA-analytics/py_env/lib/python3.11/site-packages/airflow/example_dags/example_kubernetes_executor.py for tasks to queue
[2025-04-16T00:02:53.783+0700] {logging_mixin.py:190} INFO - [2025-04-16T00:02:53.783+0700] {dagbag.py:588} INFO - Filling up the DagBag from /home/anhtupham99/NBA-analytics/py_env/lib/python3.11/site-packages/airflow/example_dags/example_kubernetes_executor.py
[2025-04-16T00:02:53.786+0700] {logging_mixin.py:190} INFO - [2025-04-16T00:02:53.786+0700] {example_kubernetes_executor.py:39} WARNING - The example_kubernetes_executor example DAG requires the kubernetes provider. Please install it with: pip install apache-airflow[cncf.kubernetes]
[2025-04-16T00:02:53.786+0700] {processor.py:927} WARNING - No viable dags retrieved from /home/anhtupham99/NBA-analytics/py_env/lib/python3.11/site-packages/airflow/example_dags/example_kubernetes_executor.py
[2025-04-16T00:02:53.795+0700] {processor.py:208} INFO - Processing /home/anhtupham99/NBA-analytics/py_env/lib/python3.11/site-packages/airflow/example_dags/example_kubernetes_executor.py took 0.020 seconds
[2025-04-16T00:04:04.130+0700] {processor.py:186} INFO - Started process (PID=320921) to work on /home/anhtupham99/NBA-analytics/py_env/lib/python3.11/site-packages/airflow/example_dags/example_kubernetes_executor.py
[2025-04-16T00:04:04.131+0700] {processor.py:914} INFO - Processing file /home/anhtupham99/NBA-analytics/py_env/lib/python3.11/site-packages/airflow/example_dags/example_kubernetes_executor.py for tasks to queue
[2025-04-16T00:04:04.133+0700] {logging_mixin.py:190} INFO - [2025-04-16T00:04:04.133+0700] {dagbag.py:588} INFO - Filling up the DagBag from /home/anhtupham99/NBA-analytics/py_env/lib/python3.11/site-packages/airflow/example_dags/example_kubernetes_executor.py
[2025-04-16T00:04:04.136+0700] {logging_mixin.py:190} INFO - [2025-04-16T00:04:04.136+0700] {example_kubernetes_executor.py:39} WARNING - The example_kubernetes_executor example DAG requires the kubernetes provider. Please install it with: pip install apache-airflow[cncf.kubernetes]
[2025-04-16T00:04:04.137+0700] {processor.py:927} WARNING - No viable dags retrieved from /home/anhtupham99/NBA-analytics/py_env/lib/python3.11/site-packages/airflow/example_dags/example_kubernetes_executor.py
[2025-04-16T00:04:04.149+0700] {processor.py:208} INFO - Processing /home/anhtupham99/NBA-analytics/py_env/lib/python3.11/site-packages/airflow/example_dags/example_kubernetes_executor.py took 0.025 seconds
[2025-04-16T00:05:15.373+0700] {processor.py:186} INFO - Started process (PID=322190) to work on /home/anhtupham99/NBA-analytics/py_env/lib/python3.11/site-packages/airflow/example_dags/example_kubernetes_executor.py
[2025-04-16T00:05:15.376+0700] {processor.py:914} INFO - Processing file /home/anhtupham99/NBA-analytics/py_env/lib/python3.11/site-packages/airflow/example_dags/example_kubernetes_executor.py for tasks to queue
[2025-04-16T00:05:15.378+0700] {logging_mixin.py:190} INFO - [2025-04-16T00:05:15.377+0700] {dagbag.py:588} INFO - Filling up the DagBag from /home/anhtupham99/NBA-analytics/py_env/lib/python3.11/site-packages/airflow/example_dags/example_kubernetes_executor.py
[2025-04-16T00:05:15.381+0700] {logging_mixin.py:190} INFO - [2025-04-16T00:05:15.381+0700] {example_kubernetes_executor.py:39} WARNING - The example_kubernetes_executor example DAG requires the kubernetes provider. Please install it with: pip install apache-airflow[cncf.kubernetes]
[2025-04-16T00:05:15.382+0700] {processor.py:927} WARNING - No viable dags retrieved from /home/anhtupham99/NBA-analytics/py_env/lib/python3.11/site-packages/airflow/example_dags/example_kubernetes_executor.py
[2025-04-16T00:05:15.391+0700] {processor.py:208} INFO - Processing /home/anhtupham99/NBA-analytics/py_env/lib/python3.11/site-packages/airflow/example_dags/example_kubernetes_executor.py took 0.023 seconds
[2025-04-16T00:06:09.679+0700] {processor.py:186} INFO - Started process (PID=323226) to work on /home/anhtupham99/NBA-analytics/py_env/lib/python3.11/site-packages/airflow/example_dags/example_kubernetes_executor.py
[2025-04-16T00:06:09.681+0700] {processor.py:914} INFO - Processing file /home/anhtupham99/NBA-analytics/py_env/lib/python3.11/site-packages/airflow/example_dags/example_kubernetes_executor.py for tasks to queue
[2025-04-16T00:06:09.682+0700] {logging_mixin.py:190} INFO - [2025-04-16T00:06:09.682+0700] {dagbag.py:588} INFO - Filling up the DagBag from /home/anhtupham99/NBA-analytics/py_env/lib/python3.11/site-packages/airflow/example_dags/example_kubernetes_executor.py
[2025-04-16T00:06:09.685+0700] {logging_mixin.py:190} INFO - [2025-04-16T00:06:09.685+0700] {example_kubernetes_executor.py:39} WARNING - The example_kubernetes_executor example DAG requires the kubernetes provider. Please install it with: pip install apache-airflow[cncf.kubernetes]
[2025-04-16T00:06:09.686+0700] {processor.py:927} WARNING - No viable dags retrieved from /home/anhtupham99/NBA-analytics/py_env/lib/python3.11/site-packages/airflow/example_dags/example_kubernetes_executor.py
[2025-04-16T00:06:09.696+0700] {processor.py:208} INFO - Processing /home/anhtupham99/NBA-analytics/py_env/lib/python3.11/site-packages/airflow/example_dags/example_kubernetes_executor.py took 0.023 seconds
[2025-04-16T00:07:21.306+0700] {processor.py:186} INFO - Started process (PID=324747) to work on /home/anhtupham99/NBA-analytics/py_env/lib/python3.11/site-packages/airflow/example_dags/example_kubernetes_executor.py
[2025-04-16T00:07:21.308+0700] {processor.py:914} INFO - Processing file /home/anhtupham99/NBA-analytics/py_env/lib/python3.11/site-packages/airflow/example_dags/example_kubernetes_executor.py for tasks to queue
[2025-04-16T00:07:21.309+0700] {logging_mixin.py:190} INFO - [2025-04-16T00:07:21.309+0700] {dagbag.py:588} INFO - Filling up the DagBag from /home/anhtupham99/NBA-analytics/py_env/lib/python3.11/site-packages/airflow/example_dags/example_kubernetes_executor.py
[2025-04-16T00:07:21.312+0700] {logging_mixin.py:190} INFO - [2025-04-16T00:07:21.312+0700] {example_kubernetes_executor.py:39} WARNING - The example_kubernetes_executor example DAG requires the kubernetes provider. Please install it with: pip install apache-airflow[cncf.kubernetes]
[2025-04-16T00:07:21.312+0700] {processor.py:927} WARNING - No viable dags retrieved from /home/anhtupham99/NBA-analytics/py_env/lib/python3.11/site-packages/airflow/example_dags/example_kubernetes_executor.py
[2025-04-16T00:07:21.319+0700] {processor.py:208} INFO - Processing /home/anhtupham99/NBA-analytics/py_env/lib/python3.11/site-packages/airflow/example_dags/example_kubernetes_executor.py took 0.017 seconds
[2025-04-16T00:08:28.892+0700] {processor.py:186} INFO - Started process (PID=326052) to work on /home/anhtupham99/NBA-analytics/py_env/lib/python3.11/site-packages/airflow/example_dags/example_kubernetes_executor.py
[2025-04-16T00:08:28.896+0700] {processor.py:914} INFO - Processing file /home/anhtupham99/NBA-analytics/py_env/lib/python3.11/site-packages/airflow/example_dags/example_kubernetes_executor.py for tasks to queue
[2025-04-16T00:08:28.898+0700] {logging_mixin.py:190} INFO - [2025-04-16T00:08:28.898+0700] {dagbag.py:588} INFO - Filling up the DagBag from /home/anhtupham99/NBA-analytics/py_env/lib/python3.11/site-packages/airflow/example_dags/example_kubernetes_executor.py
[2025-04-16T00:08:28.902+0700] {logging_mixin.py:190} INFO - [2025-04-16T00:08:28.901+0700] {example_kubernetes_executor.py:39} WARNING - The example_kubernetes_executor example DAG requires the kubernetes provider. Please install it with: pip install apache-airflow[cncf.kubernetes]
[2025-04-16T00:08:28.902+0700] {processor.py:927} WARNING - No viable dags retrieved from /home/anhtupham99/NBA-analytics/py_env/lib/python3.11/site-packages/airflow/example_dags/example_kubernetes_executor.py
[2025-04-16T00:08:28.911+0700] {processor.py:208} INFO - Processing /home/anhtupham99/NBA-analytics/py_env/lib/python3.11/site-packages/airflow/example_dags/example_kubernetes_executor.py took 0.025 seconds
[2025-04-16T00:09:42.109+0700] {processor.py:186} INFO - Started process (PID=327539) to work on /home/anhtupham99/NBA-analytics/py_env/lib/python3.11/site-packages/airflow/example_dags/example_kubernetes_executor.py
[2025-04-16T00:09:42.111+0700] {processor.py:914} INFO - Processing file /home/anhtupham99/NBA-analytics/py_env/lib/python3.11/site-packages/airflow/example_dags/example_kubernetes_executor.py for tasks to queue
[2025-04-16T00:09:42.113+0700] {logging_mixin.py:190} INFO - [2025-04-16T00:09:42.112+0700] {dagbag.py:588} INFO - Filling up the DagBag from /home/anhtupham99/NBA-analytics/py_env/lib/python3.11/site-packages/airflow/example_dags/example_kubernetes_executor.py
[2025-04-16T00:09:42.115+0700] {logging_mixin.py:190} INFO - [2025-04-16T00:09:42.115+0700] {example_kubernetes_executor.py:39} WARNING - The example_kubernetes_executor example DAG requires the kubernetes provider. Please install it with: pip install apache-airflow[cncf.kubernetes]
[2025-04-16T00:09:42.116+0700] {processor.py:927} WARNING - No viable dags retrieved from /home/anhtupham99/NBA-analytics/py_env/lib/python3.11/site-packages/airflow/example_dags/example_kubernetes_executor.py
[2025-04-16T00:09:42.125+0700] {processor.py:208} INFO - Processing /home/anhtupham99/NBA-analytics/py_env/lib/python3.11/site-packages/airflow/example_dags/example_kubernetes_executor.py took 0.022 seconds
[2025-04-16T00:10:55.045+0700] {processor.py:186} INFO - Started process (PID=329218) to work on /home/anhtupham99/NBA-analytics/py_env/lib/python3.11/site-packages/airflow/example_dags/example_kubernetes_executor.py
[2025-04-16T00:10:55.046+0700] {processor.py:914} INFO - Processing file /home/anhtupham99/NBA-analytics/py_env/lib/python3.11/site-packages/airflow/example_dags/example_kubernetes_executor.py for tasks to queue
[2025-04-16T00:10:55.047+0700] {logging_mixin.py:190} INFO - [2025-04-16T00:10:55.047+0700] {dagbag.py:588} INFO - Filling up the DagBag from /home/anhtupham99/NBA-analytics/py_env/lib/python3.11/site-packages/airflow/example_dags/example_kubernetes_executor.py
[2025-04-16T00:10:55.049+0700] {logging_mixin.py:190} INFO - [2025-04-16T00:10:55.049+0700] {example_kubernetes_executor.py:39} WARNING - The example_kubernetes_executor example DAG requires the kubernetes provider. Please install it with: pip install apache-airflow[cncf.kubernetes]
[2025-04-16T00:10:55.050+0700] {processor.py:927} WARNING - No viable dags retrieved from /home/anhtupham99/NBA-analytics/py_env/lib/python3.11/site-packages/airflow/example_dags/example_kubernetes_executor.py
[2025-04-16T00:10:55.057+0700] {processor.py:208} INFO - Processing /home/anhtupham99/NBA-analytics/py_env/lib/python3.11/site-packages/airflow/example_dags/example_kubernetes_executor.py took 0.017 seconds
[2025-04-16T00:12:05.970+0700] {processor.py:186} INFO - Started process (PID=330891) to work on /home/anhtupham99/NBA-analytics/py_env/lib/python3.11/site-packages/airflow/example_dags/example_kubernetes_executor.py
[2025-04-16T00:12:05.971+0700] {processor.py:914} INFO - Processing file /home/anhtupham99/NBA-analytics/py_env/lib/python3.11/site-packages/airflow/example_dags/example_kubernetes_executor.py for tasks to queue
[2025-04-16T00:12:05.973+0700] {logging_mixin.py:190} INFO - [2025-04-16T00:12:05.973+0700] {dagbag.py:588} INFO - Filling up the DagBag from /home/anhtupham99/NBA-analytics/py_env/lib/python3.11/site-packages/airflow/example_dags/example_kubernetes_executor.py
[2025-04-16T00:12:05.975+0700] {logging_mixin.py:190} INFO - [2025-04-16T00:12:05.975+0700] {example_kubernetes_executor.py:39} WARNING - The example_kubernetes_executor example DAG requires the kubernetes provider. Please install it with: pip install apache-airflow[cncf.kubernetes]
[2025-04-16T00:12:05.975+0700] {processor.py:927} WARNING - No viable dags retrieved from /home/anhtupham99/NBA-analytics/py_env/lib/python3.11/site-packages/airflow/example_dags/example_kubernetes_executor.py
[2025-04-16T00:12:05.987+0700] {processor.py:208} INFO - Processing /home/anhtupham99/NBA-analytics/py_env/lib/python3.11/site-packages/airflow/example_dags/example_kubernetes_executor.py took 0.022 seconds
[2025-04-16T00:13:16.025+0700] {processor.py:186} INFO - Started process (PID=333055) to work on /home/anhtupham99/NBA-analytics/py_env/lib/python3.11/site-packages/airflow/example_dags/example_kubernetes_executor.py
[2025-04-16T00:13:16.028+0700] {processor.py:914} INFO - Processing file /home/anhtupham99/NBA-analytics/py_env/lib/python3.11/site-packages/airflow/example_dags/example_kubernetes_executor.py for tasks to queue
[2025-04-16T00:13:16.031+0700] {logging_mixin.py:190} INFO - [2025-04-16T00:13:16.030+0700] {dagbag.py:588} INFO - Filling up the DagBag from /home/anhtupham99/NBA-analytics/py_env/lib/python3.11/site-packages/airflow/example_dags/example_kubernetes_executor.py
[2025-04-16T00:13:16.034+0700] {logging_mixin.py:190} INFO - [2025-04-16T00:13:16.034+0700] {example_kubernetes_executor.py:39} WARNING - The example_kubernetes_executor example DAG requires the kubernetes provider. Please install it with: pip install apache-airflow[cncf.kubernetes]
[2025-04-16T00:13:16.035+0700] {processor.py:927} WARNING - No viable dags retrieved from /home/anhtupham99/NBA-analytics/py_env/lib/python3.11/site-packages/airflow/example_dags/example_kubernetes_executor.py
[2025-04-16T00:13:16.045+0700] {processor.py:208} INFO - Processing /home/anhtupham99/NBA-analytics/py_env/lib/python3.11/site-packages/airflow/example_dags/example_kubernetes_executor.py took 0.026 seconds
[2025-04-16T00:14:32.005+0700] {processor.py:186} INFO - Started process (PID=336139) to work on /home/anhtupham99/NBA-analytics/py_env/lib/python3.11/site-packages/airflow/example_dags/example_kubernetes_executor.py
[2025-04-16T00:14:32.006+0700] {processor.py:914} INFO - Processing file /home/anhtupham99/NBA-analytics/py_env/lib/python3.11/site-packages/airflow/example_dags/example_kubernetes_executor.py for tasks to queue
[2025-04-16T00:14:32.008+0700] {logging_mixin.py:190} INFO - [2025-04-16T00:14:32.008+0700] {dagbag.py:588} INFO - Filling up the DagBag from /home/anhtupham99/NBA-analytics/py_env/lib/python3.11/site-packages/airflow/example_dags/example_kubernetes_executor.py
[2025-04-16T00:14:32.010+0700] {logging_mixin.py:190} INFO - [2025-04-16T00:14:32.010+0700] {example_kubernetes_executor.py:39} WARNING - The example_kubernetes_executor example DAG requires the kubernetes provider. Please install it with: pip install apache-airflow[cncf.kubernetes]
[2025-04-16T00:14:32.010+0700] {processor.py:927} WARNING - No viable dags retrieved from /home/anhtupham99/NBA-analytics/py_env/lib/python3.11/site-packages/airflow/example_dags/example_kubernetes_executor.py
[2025-04-16T00:14:32.018+0700] {processor.py:208} INFO - Processing /home/anhtupham99/NBA-analytics/py_env/lib/python3.11/site-packages/airflow/example_dags/example_kubernetes_executor.py took 0.018 seconds
[2025-04-16T00:15:46.374+0700] {processor.py:186} INFO - Started process (PID=339553) to work on /home/anhtupham99/NBA-analytics/py_env/lib/python3.11/site-packages/airflow/example_dags/example_kubernetes_executor.py
[2025-04-16T00:15:46.376+0700] {processor.py:914} INFO - Processing file /home/anhtupham99/NBA-analytics/py_env/lib/python3.11/site-packages/airflow/example_dags/example_kubernetes_executor.py for tasks to queue
[2025-04-16T00:15:46.378+0700] {logging_mixin.py:190} INFO - [2025-04-16T00:15:46.377+0700] {dagbag.py:588} INFO - Filling up the DagBag from /home/anhtupham99/NBA-analytics/py_env/lib/python3.11/site-packages/airflow/example_dags/example_kubernetes_executor.py
[2025-04-16T00:15:46.381+0700] {logging_mixin.py:190} INFO - [2025-04-16T00:15:46.381+0700] {example_kubernetes_executor.py:39} WARNING - The example_kubernetes_executor example DAG requires the kubernetes provider. Please install it with: pip install apache-airflow[cncf.kubernetes]
[2025-04-16T00:15:46.381+0700] {processor.py:927} WARNING - No viable dags retrieved from /home/anhtupham99/NBA-analytics/py_env/lib/python3.11/site-packages/airflow/example_dags/example_kubernetes_executor.py
[2025-04-16T00:15:46.390+0700] {processor.py:208} INFO - Processing /home/anhtupham99/NBA-analytics/py_env/lib/python3.11/site-packages/airflow/example_dags/example_kubernetes_executor.py took 0.023 seconds
[2025-04-16T00:17:02.686+0700] {processor.py:186} INFO - Started process (PID=343364) to work on /home/anhtupham99/NBA-analytics/py_env/lib/python3.11/site-packages/airflow/example_dags/example_kubernetes_executor.py
[2025-04-16T00:17:02.690+0700] {processor.py:914} INFO - Processing file /home/anhtupham99/NBA-analytics/py_env/lib/python3.11/site-packages/airflow/example_dags/example_kubernetes_executor.py for tasks to queue
[2025-04-16T00:17:02.692+0700] {logging_mixin.py:190} INFO - [2025-04-16T00:17:02.691+0700] {dagbag.py:588} INFO - Filling up the DagBag from /home/anhtupham99/NBA-analytics/py_env/lib/python3.11/site-packages/airflow/example_dags/example_kubernetes_executor.py
[2025-04-16T00:17:02.694+0700] {logging_mixin.py:190} INFO - [2025-04-16T00:17:02.694+0700] {example_kubernetes_executor.py:39} WARNING - The example_kubernetes_executor example DAG requires the kubernetes provider. Please install it with: pip install apache-airflow[cncf.kubernetes]
[2025-04-16T00:17:02.695+0700] {processor.py:927} WARNING - No viable dags retrieved from /home/anhtupham99/NBA-analytics/py_env/lib/python3.11/site-packages/airflow/example_dags/example_kubernetes_executor.py
[2025-04-16T00:17:02.703+0700] {processor.py:208} INFO - Processing /home/anhtupham99/NBA-analytics/py_env/lib/python3.11/site-packages/airflow/example_dags/example_kubernetes_executor.py took 0.022 seconds
[2025-04-16T00:18:15.809+0700] {processor.py:186} INFO - Started process (PID=346170) to work on /home/anhtupham99/NBA-analytics/py_env/lib/python3.11/site-packages/airflow/example_dags/example_kubernetes_executor.py
[2025-04-16T00:18:15.810+0700] {processor.py:914} INFO - Processing file /home/anhtupham99/NBA-analytics/py_env/lib/python3.11/site-packages/airflow/example_dags/example_kubernetes_executor.py for tasks to queue
[2025-04-16T00:18:15.812+0700] {logging_mixin.py:190} INFO - [2025-04-16T00:18:15.812+0700] {dagbag.py:588} INFO - Filling up the DagBag from /home/anhtupham99/NBA-analytics/py_env/lib/python3.11/site-packages/airflow/example_dags/example_kubernetes_executor.py
[2025-04-16T00:18:15.815+0700] {logging_mixin.py:190} INFO - [2025-04-16T00:18:15.814+0700] {example_kubernetes_executor.py:39} WARNING - The example_kubernetes_executor example DAG requires the kubernetes provider. Please install it with: pip install apache-airflow[cncf.kubernetes]
[2025-04-16T00:18:15.815+0700] {processor.py:927} WARNING - No viable dags retrieved from /home/anhtupham99/NBA-analytics/py_env/lib/python3.11/site-packages/airflow/example_dags/example_kubernetes_executor.py
[2025-04-16T00:18:15.823+0700] {processor.py:208} INFO - Processing /home/anhtupham99/NBA-analytics/py_env/lib/python3.11/site-packages/airflow/example_dags/example_kubernetes_executor.py took 0.018 seconds
[2025-04-16T00:19:31.273+0700] {processor.py:186} INFO - Started process (PID=350044) to work on /home/anhtupham99/NBA-analytics/py_env/lib/python3.11/site-packages/airflow/example_dags/example_kubernetes_executor.py
[2025-04-16T00:19:31.274+0700] {processor.py:914} INFO - Processing file /home/anhtupham99/NBA-analytics/py_env/lib/python3.11/site-packages/airflow/example_dags/example_kubernetes_executor.py for tasks to queue
[2025-04-16T00:19:31.276+0700] {logging_mixin.py:190} INFO - [2025-04-16T00:19:31.276+0700] {dagbag.py:588} INFO - Filling up the DagBag from /home/anhtupham99/NBA-analytics/py_env/lib/python3.11/site-packages/airflow/example_dags/example_kubernetes_executor.py
[2025-04-16T00:19:31.280+0700] {logging_mixin.py:190} INFO - [2025-04-16T00:19:31.279+0700] {example_kubernetes_executor.py:39} WARNING - The example_kubernetes_executor example DAG requires the kubernetes provider. Please install it with: pip install apache-airflow[cncf.kubernetes]
[2025-04-16T00:19:31.280+0700] {processor.py:927} WARNING - No viable dags retrieved from /home/anhtupham99/NBA-analytics/py_env/lib/python3.11/site-packages/airflow/example_dags/example_kubernetes_executor.py
[2025-04-16T00:19:31.290+0700] {processor.py:208} INFO - Processing /home/anhtupham99/NBA-analytics/py_env/lib/python3.11/site-packages/airflow/example_dags/example_kubernetes_executor.py took 0.023 seconds
[2025-04-16T00:20:44.508+0700] {processor.py:186} INFO - Started process (PID=352791) to work on /home/anhtupham99/NBA-analytics/py_env/lib/python3.11/site-packages/airflow/example_dags/example_kubernetes_executor.py
[2025-04-16T00:20:44.509+0700] {processor.py:914} INFO - Processing file /home/anhtupham99/NBA-analytics/py_env/lib/python3.11/site-packages/airflow/example_dags/example_kubernetes_executor.py for tasks to queue
[2025-04-16T00:20:44.511+0700] {logging_mixin.py:190} INFO - [2025-04-16T00:20:44.511+0700] {dagbag.py:588} INFO - Filling up the DagBag from /home/anhtupham99/NBA-analytics/py_env/lib/python3.11/site-packages/airflow/example_dags/example_kubernetes_executor.py
[2025-04-16T00:20:44.513+0700] {logging_mixin.py:190} INFO - [2025-04-16T00:20:44.513+0700] {example_kubernetes_executor.py:39} WARNING - The example_kubernetes_executor example DAG requires the kubernetes provider. Please install it with: pip install apache-airflow[cncf.kubernetes]
[2025-04-16T00:20:44.513+0700] {processor.py:927} WARNING - No viable dags retrieved from /home/anhtupham99/NBA-analytics/py_env/lib/python3.11/site-packages/airflow/example_dags/example_kubernetes_executor.py
[2025-04-16T00:20:44.521+0700] {processor.py:208} INFO - Processing /home/anhtupham99/NBA-analytics/py_env/lib/python3.11/site-packages/airflow/example_dags/example_kubernetes_executor.py took 0.017 seconds
[2025-04-16T00:21:59.824+0700] {processor.py:186} INFO - Started process (PID=355596) to work on /home/anhtupham99/NBA-analytics/py_env/lib/python3.11/site-packages/airflow/example_dags/example_kubernetes_executor.py
[2025-04-16T00:21:59.826+0700] {processor.py:914} INFO - Processing file /home/anhtupham99/NBA-analytics/py_env/lib/python3.11/site-packages/airflow/example_dags/example_kubernetes_executor.py for tasks to queue
[2025-04-16T00:21:59.828+0700] {logging_mixin.py:190} INFO - [2025-04-16T00:21:59.827+0700] {dagbag.py:588} INFO - Filling up the DagBag from /home/anhtupham99/NBA-analytics/py_env/lib/python3.11/site-packages/airflow/example_dags/example_kubernetes_executor.py
[2025-04-16T00:21:59.831+0700] {logging_mixin.py:190} INFO - [2025-04-16T00:21:59.830+0700] {example_kubernetes_executor.py:39} WARNING - The example_kubernetes_executor example DAG requires the kubernetes provider. Please install it with: pip install apache-airflow[cncf.kubernetes]
[2025-04-16T00:21:59.831+0700] {processor.py:927} WARNING - No viable dags retrieved from /home/anhtupham99/NBA-analytics/py_env/lib/python3.11/site-packages/airflow/example_dags/example_kubernetes_executor.py
[2025-04-16T00:21:59.841+0700] {processor.py:208} INFO - Processing /home/anhtupham99/NBA-analytics/py_env/lib/python3.11/site-packages/airflow/example_dags/example_kubernetes_executor.py took 0.022 seconds
[2025-04-16T00:23:15.146+0700] {processor.py:186} INFO - Started process (PID=358052) to work on /home/anhtupham99/NBA-analytics/py_env/lib/python3.11/site-packages/airflow/example_dags/example_kubernetes_executor.py
[2025-04-16T00:23:15.147+0700] {processor.py:914} INFO - Processing file /home/anhtupham99/NBA-analytics/py_env/lib/python3.11/site-packages/airflow/example_dags/example_kubernetes_executor.py for tasks to queue
[2025-04-16T00:23:15.149+0700] {logging_mixin.py:190} INFO - [2025-04-16T00:23:15.148+0700] {dagbag.py:588} INFO - Filling up the DagBag from /home/anhtupham99/NBA-analytics/py_env/lib/python3.11/site-packages/airflow/example_dags/example_kubernetes_executor.py
[2025-04-16T00:23:15.151+0700] {logging_mixin.py:190} INFO - [2025-04-16T00:23:15.151+0700] {example_kubernetes_executor.py:39} WARNING - The example_kubernetes_executor example DAG requires the kubernetes provider. Please install it with: pip install apache-airflow[cncf.kubernetes]
[2025-04-16T00:23:15.151+0700] {processor.py:927} WARNING - No viable dags retrieved from /home/anhtupham99/NBA-analytics/py_env/lib/python3.11/site-packages/airflow/example_dags/example_kubernetes_executor.py
[2025-04-16T00:23:15.159+0700] {processor.py:208} INFO - Processing /home/anhtupham99/NBA-analytics/py_env/lib/python3.11/site-packages/airflow/example_dags/example_kubernetes_executor.py took 0.018 seconds
[2025-04-16T00:24:25.925+0700] {processor.py:186} INFO - Started process (PID=360578) to work on /home/anhtupham99/NBA-analytics/py_env/lib/python3.11/site-packages/airflow/example_dags/example_kubernetes_executor.py
[2025-04-16T00:24:25.926+0700] {processor.py:914} INFO - Processing file /home/anhtupham99/NBA-analytics/py_env/lib/python3.11/site-packages/airflow/example_dags/example_kubernetes_executor.py for tasks to queue
[2025-04-16T00:24:25.927+0700] {logging_mixin.py:190} INFO - [2025-04-16T00:24:25.927+0700] {dagbag.py:588} INFO - Filling up the DagBag from /home/anhtupham99/NBA-analytics/py_env/lib/python3.11/site-packages/airflow/example_dags/example_kubernetes_executor.py
[2025-04-16T00:24:25.929+0700] {logging_mixin.py:190} INFO - [2025-04-16T00:24:25.929+0700] {example_kubernetes_executor.py:39} WARNING - The example_kubernetes_executor example DAG requires the kubernetes provider. Please install it with: pip install apache-airflow[cncf.kubernetes]
[2025-04-16T00:24:25.930+0700] {processor.py:927} WARNING - No viable dags retrieved from /home/anhtupham99/NBA-analytics/py_env/lib/python3.11/site-packages/airflow/example_dags/example_kubernetes_executor.py
[2025-04-16T00:24:25.938+0700] {processor.py:208} INFO - Processing /home/anhtupham99/NBA-analytics/py_env/lib/python3.11/site-packages/airflow/example_dags/example_kubernetes_executor.py took 0.018 seconds
[2025-04-16T00:25:39.200+0700] {processor.py:186} INFO - Started process (PID=363623) to work on /home/anhtupham99/NBA-analytics/py_env/lib/python3.11/site-packages/airflow/example_dags/example_kubernetes_executor.py
[2025-04-16T00:25:39.202+0700] {processor.py:914} INFO - Processing file /home/anhtupham99/NBA-analytics/py_env/lib/python3.11/site-packages/airflow/example_dags/example_kubernetes_executor.py for tasks to queue
[2025-04-16T00:25:39.203+0700] {logging_mixin.py:190} INFO - [2025-04-16T00:25:39.203+0700] {dagbag.py:588} INFO - Filling up the DagBag from /home/anhtupham99/NBA-analytics/py_env/lib/python3.11/site-packages/airflow/example_dags/example_kubernetes_executor.py
[2025-04-16T00:25:39.206+0700] {logging_mixin.py:190} INFO - [2025-04-16T00:25:39.206+0700] {example_kubernetes_executor.py:39} WARNING - The example_kubernetes_executor example DAG requires the kubernetes provider. Please install it with: pip install apache-airflow[cncf.kubernetes]
[2025-04-16T00:25:39.206+0700] {processor.py:927} WARNING - No viable dags retrieved from /home/anhtupham99/NBA-analytics/py_env/lib/python3.11/site-packages/airflow/example_dags/example_kubernetes_executor.py
[2025-04-16T00:25:39.213+0700] {processor.py:208} INFO - Processing /home/anhtupham99/NBA-analytics/py_env/lib/python3.11/site-packages/airflow/example_dags/example_kubernetes_executor.py took 0.019 seconds
[2025-04-16T00:26:52.336+0700] {processor.py:186} INFO - Started process (PID=365269) to work on /home/anhtupham99/NBA-analytics/py_env/lib/python3.11/site-packages/airflow/example_dags/example_kubernetes_executor.py
[2025-04-16T00:26:52.338+0700] {processor.py:914} INFO - Processing file /home/anhtupham99/NBA-analytics/py_env/lib/python3.11/site-packages/airflow/example_dags/example_kubernetes_executor.py for tasks to queue
[2025-04-16T00:26:52.339+0700] {logging_mixin.py:190} INFO - [2025-04-16T00:26:52.339+0700] {dagbag.py:588} INFO - Filling up the DagBag from /home/anhtupham99/NBA-analytics/py_env/lib/python3.11/site-packages/airflow/example_dags/example_kubernetes_executor.py
[2025-04-16T00:26:52.342+0700] {logging_mixin.py:190} INFO - [2025-04-16T00:26:52.342+0700] {example_kubernetes_executor.py:39} WARNING - The example_kubernetes_executor example DAG requires the kubernetes provider. Please install it with: pip install apache-airflow[cncf.kubernetes]
[2025-04-16T00:26:52.342+0700] {processor.py:927} WARNING - No viable dags retrieved from /home/anhtupham99/NBA-analytics/py_env/lib/python3.11/site-packages/airflow/example_dags/example_kubernetes_executor.py
[2025-04-16T00:26:52.351+0700] {processor.py:208} INFO - Processing /home/anhtupham99/NBA-analytics/py_env/lib/python3.11/site-packages/airflow/example_dags/example_kubernetes_executor.py took 0.021 seconds
[2025-04-16T00:28:03.996+0700] {processor.py:186} INFO - Started process (PID=367205) to work on /home/anhtupham99/NBA-analytics/py_env/lib/python3.11/site-packages/airflow/example_dags/example_kubernetes_executor.py
[2025-04-16T00:28:03.997+0700] {processor.py:914} INFO - Processing file /home/anhtupham99/NBA-analytics/py_env/lib/python3.11/site-packages/airflow/example_dags/example_kubernetes_executor.py for tasks to queue
[2025-04-16T00:28:03.999+0700] {logging_mixin.py:190} INFO - [2025-04-16T00:28:03.998+0700] {dagbag.py:588} INFO - Filling up the DagBag from /home/anhtupham99/NBA-analytics/py_env/lib/python3.11/site-packages/airflow/example_dags/example_kubernetes_executor.py
[2025-04-16T00:28:04.001+0700] {logging_mixin.py:190} INFO - [2025-04-16T00:28:04.001+0700] {example_kubernetes_executor.py:39} WARNING - The example_kubernetes_executor example DAG requires the kubernetes provider. Please install it with: pip install apache-airflow[cncf.kubernetes]
[2025-04-16T00:28:04.001+0700] {processor.py:927} WARNING - No viable dags retrieved from /home/anhtupham99/NBA-analytics/py_env/lib/python3.11/site-packages/airflow/example_dags/example_kubernetes_executor.py
[2025-04-16T00:28:04.008+0700] {processor.py:208} INFO - Processing /home/anhtupham99/NBA-analytics/py_env/lib/python3.11/site-packages/airflow/example_dags/example_kubernetes_executor.py took 0.017 seconds
[2025-04-16T00:29:14.678+0700] {processor.py:186} INFO - Started process (PID=368809) to work on /home/anhtupham99/NBA-analytics/py_env/lib/python3.11/site-packages/airflow/example_dags/example_kubernetes_executor.py
[2025-04-16T00:29:14.679+0700] {processor.py:914} INFO - Processing file /home/anhtupham99/NBA-analytics/py_env/lib/python3.11/site-packages/airflow/example_dags/example_kubernetes_executor.py for tasks to queue
[2025-04-16T00:29:14.681+0700] {logging_mixin.py:190} INFO - [2025-04-16T00:29:14.681+0700] {dagbag.py:588} INFO - Filling up the DagBag from /home/anhtupham99/NBA-analytics/py_env/lib/python3.11/site-packages/airflow/example_dags/example_kubernetes_executor.py
[2025-04-16T00:29:14.683+0700] {logging_mixin.py:190} INFO - [2025-04-16T00:29:14.683+0700] {example_kubernetes_executor.py:39} WARNING - The example_kubernetes_executor example DAG requires the kubernetes provider. Please install it with: pip install apache-airflow[cncf.kubernetes]
[2025-04-16T00:29:14.683+0700] {processor.py:927} WARNING - No viable dags retrieved from /home/anhtupham99/NBA-analytics/py_env/lib/python3.11/site-packages/airflow/example_dags/example_kubernetes_executor.py
[2025-04-16T00:29:14.693+0700] {processor.py:208} INFO - Processing /home/anhtupham99/NBA-analytics/py_env/lib/python3.11/site-packages/airflow/example_dags/example_kubernetes_executor.py took 0.019 seconds
[2025-04-16T00:30:28.061+0700] {processor.py:186} INFO - Started process (PID=370537) to work on /home/anhtupham99/NBA-analytics/py_env/lib/python3.11/site-packages/airflow/example_dags/example_kubernetes_executor.py
[2025-04-16T00:30:28.062+0700] {processor.py:914} INFO - Processing file /home/anhtupham99/NBA-analytics/py_env/lib/python3.11/site-packages/airflow/example_dags/example_kubernetes_executor.py for tasks to queue
[2025-04-16T00:30:28.064+0700] {logging_mixin.py:190} INFO - [2025-04-16T00:30:28.063+0700] {dagbag.py:588} INFO - Filling up the DagBag from /home/anhtupham99/NBA-analytics/py_env/lib/python3.11/site-packages/airflow/example_dags/example_kubernetes_executor.py
[2025-04-16T00:30:28.066+0700] {logging_mixin.py:190} INFO - [2025-04-16T00:30:28.066+0700] {example_kubernetes_executor.py:39} WARNING - The example_kubernetes_executor example DAG requires the kubernetes provider. Please install it with: pip install apache-airflow[cncf.kubernetes]
[2025-04-16T00:30:28.067+0700] {processor.py:927} WARNING - No viable dags retrieved from /home/anhtupham99/NBA-analytics/py_env/lib/python3.11/site-packages/airflow/example_dags/example_kubernetes_executor.py
[2025-04-16T00:30:28.074+0700] {processor.py:208} INFO - Processing /home/anhtupham99/NBA-analytics/py_env/lib/python3.11/site-packages/airflow/example_dags/example_kubernetes_executor.py took 0.018 seconds
[2025-04-16T00:31:37.273+0700] {processor.py:186} INFO - Started process (PID=372449) to work on /home/anhtupham99/NBA-analytics/py_env/lib/python3.11/site-packages/airflow/example_dags/example_kubernetes_executor.py
[2025-04-16T00:31:37.275+0700] {processor.py:914} INFO - Processing file /home/anhtupham99/NBA-analytics/py_env/lib/python3.11/site-packages/airflow/example_dags/example_kubernetes_executor.py for tasks to queue
[2025-04-16T00:31:37.277+0700] {logging_mixin.py:190} INFO - [2025-04-16T00:31:37.277+0700] {dagbag.py:588} INFO - Filling up the DagBag from /home/anhtupham99/NBA-analytics/py_env/lib/python3.11/site-packages/airflow/example_dags/example_kubernetes_executor.py
[2025-04-16T00:31:37.279+0700] {logging_mixin.py:190} INFO - [2025-04-16T00:31:37.279+0700] {example_kubernetes_executor.py:39} WARNING - The example_kubernetes_executor example DAG requires the kubernetes provider. Please install it with: pip install apache-airflow[cncf.kubernetes]
[2025-04-16T00:31:37.280+0700] {processor.py:927} WARNING - No viable dags retrieved from /home/anhtupham99/NBA-analytics/py_env/lib/python3.11/site-packages/airflow/example_dags/example_kubernetes_executor.py
[2025-04-16T00:31:37.287+0700] {processor.py:208} INFO - Processing /home/anhtupham99/NBA-analytics/py_env/lib/python3.11/site-packages/airflow/example_dags/example_kubernetes_executor.py took 0.023 seconds
[2025-04-16T00:32:44.531+0700] {processor.py:186} INFO - Started process (PID=374093) to work on /home/anhtupham99/NBA-analytics/py_env/lib/python3.11/site-packages/airflow/example_dags/example_kubernetes_executor.py
[2025-04-16T00:32:44.532+0700] {processor.py:914} INFO - Processing file /home/anhtupham99/NBA-analytics/py_env/lib/python3.11/site-packages/airflow/example_dags/example_kubernetes_executor.py for tasks to queue
[2025-04-16T00:32:44.534+0700] {logging_mixin.py:190} INFO - [2025-04-16T00:32:44.533+0700] {dagbag.py:588} INFO - Filling up the DagBag from /home/anhtupham99/NBA-analytics/py_env/lib/python3.11/site-packages/airflow/example_dags/example_kubernetes_executor.py
[2025-04-16T00:32:44.536+0700] {logging_mixin.py:190} INFO - [2025-04-16T00:32:44.536+0700] {example_kubernetes_executor.py:39} WARNING - The example_kubernetes_executor example DAG requires the kubernetes provider. Please install it with: pip install apache-airflow[cncf.kubernetes]
[2025-04-16T00:32:44.536+0700] {processor.py:927} WARNING - No viable dags retrieved from /home/anhtupham99/NBA-analytics/py_env/lib/python3.11/site-packages/airflow/example_dags/example_kubernetes_executor.py
[2025-04-16T00:32:44.543+0700] {processor.py:208} INFO - Processing /home/anhtupham99/NBA-analytics/py_env/lib/python3.11/site-packages/airflow/example_dags/example_kubernetes_executor.py took 0.016 seconds
[2025-04-16T00:33:55.629+0700] {processor.py:186} INFO - Started process (PID=375829) to work on /home/anhtupham99/NBA-analytics/py_env/lib/python3.11/site-packages/airflow/example_dags/example_kubernetes_executor.py
[2025-04-16T00:33:55.631+0700] {processor.py:914} INFO - Processing file /home/anhtupham99/NBA-analytics/py_env/lib/python3.11/site-packages/airflow/example_dags/example_kubernetes_executor.py for tasks to queue
[2025-04-16T00:33:55.632+0700] {logging_mixin.py:190} INFO - [2025-04-16T00:33:55.632+0700] {dagbag.py:588} INFO - Filling up the DagBag from /home/anhtupham99/NBA-analytics/py_env/lib/python3.11/site-packages/airflow/example_dags/example_kubernetes_executor.py
[2025-04-16T00:33:55.635+0700] {logging_mixin.py:190} INFO - [2025-04-16T00:33:55.635+0700] {example_kubernetes_executor.py:39} WARNING - The example_kubernetes_executor example DAG requires the kubernetes provider. Please install it with: pip install apache-airflow[cncf.kubernetes]
[2025-04-16T00:33:55.635+0700] {processor.py:927} WARNING - No viable dags retrieved from /home/anhtupham99/NBA-analytics/py_env/lib/python3.11/site-packages/airflow/example_dags/example_kubernetes_executor.py
[2025-04-16T00:33:55.645+0700] {processor.py:208} INFO - Processing /home/anhtupham99/NBA-analytics/py_env/lib/python3.11/site-packages/airflow/example_dags/example_kubernetes_executor.py took 0.020 seconds
[2025-04-16T00:35:09.096+0700] {processor.py:186} INFO - Started process (PID=377542) to work on /home/anhtupham99/NBA-analytics/py_env/lib/python3.11/site-packages/airflow/example_dags/example_kubernetes_executor.py
[2025-04-16T00:35:09.097+0700] {processor.py:914} INFO - Processing file /home/anhtupham99/NBA-analytics/py_env/lib/python3.11/site-packages/airflow/example_dags/example_kubernetes_executor.py for tasks to queue
[2025-04-16T00:35:09.100+0700] {logging_mixin.py:190} INFO - [2025-04-16T00:35:09.099+0700] {dagbag.py:588} INFO - Filling up the DagBag from /home/anhtupham99/NBA-analytics/py_env/lib/python3.11/site-packages/airflow/example_dags/example_kubernetes_executor.py
[2025-04-16T00:35:09.102+0700] {logging_mixin.py:190} INFO - [2025-04-16T00:35:09.102+0700] {example_kubernetes_executor.py:39} WARNING - The example_kubernetes_executor example DAG requires the kubernetes provider. Please install it with: pip install apache-airflow[cncf.kubernetes]
[2025-04-16T00:35:09.102+0700] {processor.py:927} WARNING - No viable dags retrieved from /home/anhtupham99/NBA-analytics/py_env/lib/python3.11/site-packages/airflow/example_dags/example_kubernetes_executor.py
[2025-04-16T00:35:09.111+0700] {processor.py:208} INFO - Processing /home/anhtupham99/NBA-analytics/py_env/lib/python3.11/site-packages/airflow/example_dags/example_kubernetes_executor.py took 0.019 seconds
[2025-04-16T00:36:21.089+0700] {processor.py:186} INFO - Started process (PID=379353) to work on /home/anhtupham99/NBA-analytics/py_env/lib/python3.11/site-packages/airflow/example_dags/example_kubernetes_executor.py
[2025-04-16T00:36:21.090+0700] {processor.py:914} INFO - Processing file /home/anhtupham99/NBA-analytics/py_env/lib/python3.11/site-packages/airflow/example_dags/example_kubernetes_executor.py for tasks to queue
[2025-04-16T00:36:21.093+0700] {logging_mixin.py:190} INFO - [2025-04-16T00:36:21.092+0700] {dagbag.py:588} INFO - Filling up the DagBag from /home/anhtupham99/NBA-analytics/py_env/lib/python3.11/site-packages/airflow/example_dags/example_kubernetes_executor.py
[2025-04-16T00:36:21.095+0700] {logging_mixin.py:190} INFO - [2025-04-16T00:36:21.095+0700] {example_kubernetes_executor.py:39} WARNING - The example_kubernetes_executor example DAG requires the kubernetes provider. Please install it with: pip install apache-airflow[cncf.kubernetes]
[2025-04-16T00:36:21.095+0700] {processor.py:927} WARNING - No viable dags retrieved from /home/anhtupham99/NBA-analytics/py_env/lib/python3.11/site-packages/airflow/example_dags/example_kubernetes_executor.py
[2025-04-16T00:36:21.104+0700] {processor.py:208} INFO - Processing /home/anhtupham99/NBA-analytics/py_env/lib/python3.11/site-packages/airflow/example_dags/example_kubernetes_executor.py took 0.020 seconds
[2025-04-16T00:37:29.975+0700] {processor.py:186} INFO - Started process (PID=381309) to work on /home/anhtupham99/NBA-analytics/py_env/lib/python3.11/site-packages/airflow/example_dags/example_kubernetes_executor.py
[2025-04-16T00:37:29.976+0700] {processor.py:914} INFO - Processing file /home/anhtupham99/NBA-analytics/py_env/lib/python3.11/site-packages/airflow/example_dags/example_kubernetes_executor.py for tasks to queue
[2025-04-16T00:37:29.979+0700] {logging_mixin.py:190} INFO - [2025-04-16T00:37:29.978+0700] {dagbag.py:588} INFO - Filling up the DagBag from /home/anhtupham99/NBA-analytics/py_env/lib/python3.11/site-packages/airflow/example_dags/example_kubernetes_executor.py
[2025-04-16T00:37:29.982+0700] {logging_mixin.py:190} INFO - [2025-04-16T00:37:29.982+0700] {example_kubernetes_executor.py:39} WARNING - The example_kubernetes_executor example DAG requires the kubernetes provider. Please install it with: pip install apache-airflow[cncf.kubernetes]
[2025-04-16T00:37:29.982+0700] {processor.py:927} WARNING - No viable dags retrieved from /home/anhtupham99/NBA-analytics/py_env/lib/python3.11/site-packages/airflow/example_dags/example_kubernetes_executor.py
[2025-04-16T00:37:29.993+0700] {processor.py:208} INFO - Processing /home/anhtupham99/NBA-analytics/py_env/lib/python3.11/site-packages/airflow/example_dags/example_kubernetes_executor.py took 0.025 seconds
