[2025-04-15T23:47:06.064+0700] {processor.py:186} INFO - Started process (PID=298189) to work on /home/anhtupham99/NBA-analytics/py_env/lib/python3.11/site-packages/airflow/example_dags/example_complex.py
[2025-04-15T23:47:06.064+0700] {processor.py:914} INFO - Processing file /home/anhtupham99/NBA-analytics/py_env/lib/python3.11/site-packages/airflow/example_dags/example_complex.py for tasks to queue
[2025-04-15T23:47:06.066+0700] {logging_mixin.py:190} INFO - [2025-04-15T23:47:06.066+0700] {dagbag.py:588} INFO - Filling up the DagBag from /home/anhtupham99/NBA-analytics/py_env/lib/python3.11/site-packages/airflow/example_dags/example_complex.py
[2025-04-15T23:47:06.076+0700] {processor.py:925} INFO - DAG(s) 'example_complex' retrieved from /home/anhtupham99/NBA-analytics/py_env/lib/python3.11/site-packages/airflow/example_dags/example_complex.py
[2025-04-15T23:47:06.169+0700] {logging_mixin.py:190} INFO - [2025-04-15T23:47:06.168+0700] {override.py:1912} INFO - Created Permission View: can delete on DAG:example_complex
[2025-04-15T23:47:06.185+0700] {logging_mixin.py:190} INFO - [2025-04-15T23:47:06.185+0700] {override.py:1912} INFO - Created Permission View: can edit on DAG:example_complex
[2025-04-15T23:47:06.199+0700] {logging_mixin.py:190} INFO - [2025-04-15T23:47:06.199+0700] {override.py:1912} INFO - Created Permission View: can read on DAG:example_complex
[2025-04-15T23:47:06.224+0700] {logging_mixin.py:190} INFO - [2025-04-15T23:47:06.223+0700] {override.py:1912} INFO - Created Permission View: can create on DAG Run:example_complex
[2025-04-15T23:47:06.237+0700] {logging_mixin.py:190} INFO - [2025-04-15T23:47:06.237+0700] {override.py:1912} INFO - Created Permission View: can delete on DAG Run:example_complex
[2025-04-15T23:47:06.250+0700] {logging_mixin.py:190} INFO - [2025-04-15T23:47:06.250+0700] {override.py:1912} INFO - Created Permission View: menu access on DAG Run:example_complex
[2025-04-15T23:47:06.263+0700] {logging_mixin.py:190} INFO - [2025-04-15T23:47:06.263+0700] {override.py:1912} INFO - Created Permission View: can read on DAG Run:example_complex
[2025-04-15T23:47:06.263+0700] {logging_mixin.py:190} INFO - [2025-04-15T23:47:06.263+0700] {dag.py:3239} INFO - Sync 1 DAGs
[2025-04-15T23:47:06.270+0700] {logging_mixin.py:190} INFO - [2025-04-15T23:47:06.270+0700] {dag.py:3262} INFO - Creating ORM DAG for example_complex
[2025-04-15T23:47:06.271+0700] {logging_mixin.py:190} INFO - [2025-04-15T23:47:06.271+0700] {dag.py:4180} INFO - Setting next_dagrun for example_complex to None, run_after=None
[2025-04-15T23:47:06.294+0700] {processor.py:208} INFO - Processing /home/anhtupham99/NBA-analytics/py_env/lib/python3.11/site-packages/airflow/example_dags/example_complex.py took 0.235 seconds
[2025-04-15T23:48:06.867+0700] {processor.py:186} INFO - Started process (PID=299547) to work on /home/anhtupham99/NBA-analytics/py_env/lib/python3.11/site-packages/airflow/example_dags/example_complex.py
[2025-04-15T23:48:06.871+0700] {processor.py:914} INFO - Processing file /home/anhtupham99/NBA-analytics/py_env/lib/python3.11/site-packages/airflow/example_dags/example_complex.py for tasks to queue
[2025-04-15T23:48:06.872+0700] {logging_mixin.py:190} INFO - [2025-04-15T23:48:06.872+0700] {dagbag.py:588} INFO - Filling up the DagBag from /home/anhtupham99/NBA-analytics/py_env/lib/python3.11/site-packages/airflow/example_dags/example_complex.py
[2025-04-15T23:48:06.881+0700] {processor.py:925} INFO - DAG(s) 'example_complex' retrieved from /home/anhtupham99/NBA-analytics/py_env/lib/python3.11/site-packages/airflow/example_dags/example_complex.py
[2025-04-15T23:48:06.899+0700] {logging_mixin.py:190} INFO - [2025-04-15T23:48:06.899+0700] {dag.py:3239} INFO - Sync 1 DAGs
[2025-04-15T23:48:06.907+0700] {logging_mixin.py:190} INFO - [2025-04-15T23:48:06.907+0700] {dag.py:4180} INFO - Setting next_dagrun for example_complex to None, run_after=None
[2025-04-15T23:48:06.929+0700] {processor.py:208} INFO - Processing /home/anhtupham99/NBA-analytics/py_env/lib/python3.11/site-packages/airflow/example_dags/example_complex.py took 0.067 seconds
[2025-04-15T23:49:00.437+0700] {processor.py:186} INFO - Started process (PID=300805) to work on /home/anhtupham99/NBA-analytics/py_env/lib/python3.11/site-packages/airflow/example_dags/example_complex.py
[2025-04-15T23:49:00.438+0700] {processor.py:914} INFO - Processing file /home/anhtupham99/NBA-analytics/py_env/lib/python3.11/site-packages/airflow/example_dags/example_complex.py for tasks to queue
[2025-04-15T23:49:00.440+0700] {logging_mixin.py:190} INFO - [2025-04-15T23:49:00.440+0700] {dagbag.py:588} INFO - Filling up the DagBag from /home/anhtupham99/NBA-analytics/py_env/lib/python3.11/site-packages/airflow/example_dags/example_complex.py
[2025-04-15T23:49:00.451+0700] {processor.py:925} INFO - DAG(s) 'example_complex' retrieved from /home/anhtupham99/NBA-analytics/py_env/lib/python3.11/site-packages/airflow/example_dags/example_complex.py
[2025-04-15T23:49:00.472+0700] {logging_mixin.py:190} INFO - [2025-04-15T23:49:00.472+0700] {dag.py:3239} INFO - Sync 1 DAGs
[2025-04-15T23:49:00.482+0700] {logging_mixin.py:190} INFO - [2025-04-15T23:49:00.482+0700] {dag.py:4180} INFO - Setting next_dagrun for example_complex to None, run_after=None
[2025-04-15T23:49:00.510+0700] {processor.py:208} INFO - Processing /home/anhtupham99/NBA-analytics/py_env/lib/python3.11/site-packages/airflow/example_dags/example_complex.py took 0.079 seconds
[2025-04-15T23:49:55.505+0700] {processor.py:186} INFO - Started process (PID=301975) to work on /home/anhtupham99/NBA-analytics/py_env/lib/python3.11/site-packages/airflow/example_dags/example_complex.py
[2025-04-15T23:49:55.509+0700] {processor.py:914} INFO - Processing file /home/anhtupham99/NBA-analytics/py_env/lib/python3.11/site-packages/airflow/example_dags/example_complex.py for tasks to queue
[2025-04-15T23:49:55.511+0700] {logging_mixin.py:190} INFO - [2025-04-15T23:49:55.510+0700] {dagbag.py:588} INFO - Filling up the DagBag from /home/anhtupham99/NBA-analytics/py_env/lib/python3.11/site-packages/airflow/example_dags/example_complex.py
[2025-04-15T23:49:55.519+0700] {processor.py:925} INFO - DAG(s) 'example_complex' retrieved from /home/anhtupham99/NBA-analytics/py_env/lib/python3.11/site-packages/airflow/example_dags/example_complex.py
[2025-04-15T23:49:55.536+0700] {logging_mixin.py:190} INFO - [2025-04-15T23:49:55.535+0700] {dag.py:3239} INFO - Sync 1 DAGs
[2025-04-15T23:49:55.545+0700] {logging_mixin.py:190} INFO - [2025-04-15T23:49:55.545+0700] {dag.py:4180} INFO - Setting next_dagrun for example_complex to None, run_after=None
[2025-04-15T23:49:55.577+0700] {processor.py:208} INFO - Processing /home/anhtupham99/NBA-analytics/py_env/lib/python3.11/site-packages/airflow/example_dags/example_complex.py took 0.077 seconds
[2025-04-15T23:50:46.513+0700] {processor.py:186} INFO - Started process (PID=303066) to work on /home/anhtupham99/NBA-analytics/py_env/lib/python3.11/site-packages/airflow/example_dags/example_complex.py
[2025-04-15T23:50:46.515+0700] {processor.py:914} INFO - Processing file /home/anhtupham99/NBA-analytics/py_env/lib/python3.11/site-packages/airflow/example_dags/example_complex.py for tasks to queue
[2025-04-15T23:50:46.517+0700] {logging_mixin.py:190} INFO - [2025-04-15T23:50:46.517+0700] {dagbag.py:588} INFO - Filling up the DagBag from /home/anhtupham99/NBA-analytics/py_env/lib/python3.11/site-packages/airflow/example_dags/example_complex.py
[2025-04-15T23:50:46.531+0700] {processor.py:925} INFO - DAG(s) 'example_complex' retrieved from /home/anhtupham99/NBA-analytics/py_env/lib/python3.11/site-packages/airflow/example_dags/example_complex.py
[2025-04-15T23:50:46.683+0700] {logging_mixin.py:190} INFO - [2025-04-15T23:50:46.683+0700] {dag.py:3239} INFO - Sync 1 DAGs
[2025-04-15T23:50:46.694+0700] {logging_mixin.py:190} INFO - [2025-04-15T23:50:46.693+0700] {dag.py:4180} INFO - Setting next_dagrun for example_complex to None, run_after=None
[2025-04-15T23:50:46.721+0700] {processor.py:208} INFO - Processing /home/anhtupham99/NBA-analytics/py_env/lib/python3.11/site-packages/airflow/example_dags/example_complex.py took 0.214 seconds
[2025-04-15T23:51:38.996+0700] {processor.py:186} INFO - Started process (PID=304027) to work on /home/anhtupham99/NBA-analytics/py_env/lib/python3.11/site-packages/airflow/example_dags/example_complex.py
[2025-04-15T23:51:38.997+0700] {processor.py:914} INFO - Processing file /home/anhtupham99/NBA-analytics/py_env/lib/python3.11/site-packages/airflow/example_dags/example_complex.py for tasks to queue
[2025-04-15T23:51:38.999+0700] {logging_mixin.py:190} INFO - [2025-04-15T23:51:38.999+0700] {dagbag.py:588} INFO - Filling up the DagBag from /home/anhtupham99/NBA-analytics/py_env/lib/python3.11/site-packages/airflow/example_dags/example_complex.py
[2025-04-15T23:51:39.007+0700] {processor.py:925} INFO - DAG(s) 'example_complex' retrieved from /home/anhtupham99/NBA-analytics/py_env/lib/python3.11/site-packages/airflow/example_dags/example_complex.py
[2025-04-15T23:51:39.024+0700] {logging_mixin.py:190} INFO - [2025-04-15T23:51:39.023+0700] {dag.py:3239} INFO - Sync 1 DAGs
[2025-04-15T23:51:39.031+0700] {logging_mixin.py:190} INFO - [2025-04-15T23:51:39.031+0700] {dag.py:4180} INFO - Setting next_dagrun for example_complex to None, run_after=None
[2025-04-15T23:51:39.054+0700] {processor.py:208} INFO - Processing /home/anhtupham99/NBA-analytics/py_env/lib/python3.11/site-packages/airflow/example_dags/example_complex.py took 0.062 seconds
[2025-04-15T23:52:24.498+0700] {processor.py:186} INFO - Started process (PID=304899) to work on /home/anhtupham99/NBA-analytics/py_env/lib/python3.11/site-packages/airflow/example_dags/example_complex.py
[2025-04-15T23:52:24.502+0700] {processor.py:914} INFO - Processing file /home/anhtupham99/NBA-analytics/py_env/lib/python3.11/site-packages/airflow/example_dags/example_complex.py for tasks to queue
[2025-04-15T23:52:24.504+0700] {logging_mixin.py:190} INFO - [2025-04-15T23:52:24.503+0700] {dagbag.py:588} INFO - Filling up the DagBag from /home/anhtupham99/NBA-analytics/py_env/lib/python3.11/site-packages/airflow/example_dags/example_complex.py
[2025-04-15T23:52:24.514+0700] {processor.py:925} INFO - DAG(s) 'example_complex' retrieved from /home/anhtupham99/NBA-analytics/py_env/lib/python3.11/site-packages/airflow/example_dags/example_complex.py
[2025-04-15T23:52:24.534+0700] {logging_mixin.py:190} INFO - [2025-04-15T23:52:24.533+0700] {dag.py:3239} INFO - Sync 1 DAGs
[2025-04-15T23:52:24.544+0700] {logging_mixin.py:190} INFO - [2025-04-15T23:52:24.544+0700] {dag.py:4180} INFO - Setting next_dagrun for example_complex to None, run_after=None
[2025-04-15T23:52:24.571+0700] {processor.py:208} INFO - Processing /home/anhtupham99/NBA-analytics/py_env/lib/python3.11/site-packages/airflow/example_dags/example_complex.py took 0.079 seconds
[2025-04-15T23:53:13.240+0700] {processor.py:186} INFO - Started process (PID=305900) to work on /home/anhtupham99/NBA-analytics/py_env/lib/python3.11/site-packages/airflow/example_dags/example_complex.py
[2025-04-15T23:53:13.241+0700] {processor.py:914} INFO - Processing file /home/anhtupham99/NBA-analytics/py_env/lib/python3.11/site-packages/airflow/example_dags/example_complex.py for tasks to queue
[2025-04-15T23:53:13.242+0700] {logging_mixin.py:190} INFO - [2025-04-15T23:53:13.242+0700] {dagbag.py:588} INFO - Filling up the DagBag from /home/anhtupham99/NBA-analytics/py_env/lib/python3.11/site-packages/airflow/example_dags/example_complex.py
[2025-04-15T23:53:13.250+0700] {processor.py:925} INFO - DAG(s) 'example_complex' retrieved from /home/anhtupham99/NBA-analytics/py_env/lib/python3.11/site-packages/airflow/example_dags/example_complex.py
[2025-04-15T23:53:13.266+0700] {logging_mixin.py:190} INFO - [2025-04-15T23:53:13.266+0700] {dag.py:3239} INFO - Sync 1 DAGs
[2025-04-15T23:53:13.277+0700] {logging_mixin.py:190} INFO - [2025-04-15T23:53:13.277+0700] {dag.py:4180} INFO - Setting next_dagrun for example_complex to None, run_after=None
[2025-04-15T23:53:13.300+0700] {processor.py:208} INFO - Processing /home/anhtupham99/NBA-analytics/py_env/lib/python3.11/site-packages/airflow/example_dags/example_complex.py took 0.064 seconds
[2025-04-15T23:54:01.228+0700] {processor.py:186} INFO - Started process (PID=306744) to work on /home/anhtupham99/NBA-analytics/py_env/lib/python3.11/site-packages/airflow/example_dags/example_complex.py
[2025-04-15T23:54:01.229+0700] {processor.py:914} INFO - Processing file /home/anhtupham99/NBA-analytics/py_env/lib/python3.11/site-packages/airflow/example_dags/example_complex.py for tasks to queue
[2025-04-15T23:54:01.231+0700] {logging_mixin.py:190} INFO - [2025-04-15T23:54:01.231+0700] {dagbag.py:588} INFO - Filling up the DagBag from /home/anhtupham99/NBA-analytics/py_env/lib/python3.11/site-packages/airflow/example_dags/example_complex.py
[2025-04-15T23:54:01.242+0700] {processor.py:925} INFO - DAG(s) 'example_complex' retrieved from /home/anhtupham99/NBA-analytics/py_env/lib/python3.11/site-packages/airflow/example_dags/example_complex.py
[2025-04-15T23:54:01.264+0700] {logging_mixin.py:190} INFO - [2025-04-15T23:54:01.264+0700] {dag.py:3239} INFO - Sync 1 DAGs
[2025-04-15T23:54:01.274+0700] {logging_mixin.py:190} INFO - [2025-04-15T23:54:01.274+0700] {dag.py:4180} INFO - Setting next_dagrun for example_complex to None, run_after=None
[2025-04-15T23:54:01.303+0700] {processor.py:208} INFO - Processing /home/anhtupham99/NBA-analytics/py_env/lib/python3.11/site-packages/airflow/example_dags/example_complex.py took 0.082 seconds
[2025-04-15T23:54:46.833+0700] {processor.py:186} INFO - Started process (PID=307697) to work on /home/anhtupham99/NBA-analytics/py_env/lib/python3.11/site-packages/airflow/example_dags/example_complex.py
[2025-04-15T23:54:46.834+0700] {processor.py:914} INFO - Processing file /home/anhtupham99/NBA-analytics/py_env/lib/python3.11/site-packages/airflow/example_dags/example_complex.py for tasks to queue
[2025-04-15T23:54:46.835+0700] {logging_mixin.py:190} INFO - [2025-04-15T23:54:46.835+0700] {dagbag.py:588} INFO - Filling up the DagBag from /home/anhtupham99/NBA-analytics/py_env/lib/python3.11/site-packages/airflow/example_dags/example_complex.py
[2025-04-15T23:54:46.844+0700] {processor.py:925} INFO - DAG(s) 'example_complex' retrieved from /home/anhtupham99/NBA-analytics/py_env/lib/python3.11/site-packages/airflow/example_dags/example_complex.py
[2025-04-15T23:54:46.861+0700] {logging_mixin.py:190} INFO - [2025-04-15T23:54:46.861+0700] {dag.py:3239} INFO - Sync 1 DAGs
[2025-04-15T23:54:46.870+0700] {logging_mixin.py:190} INFO - [2025-04-15T23:54:46.870+0700] {dag.py:4180} INFO - Setting next_dagrun for example_complex to None, run_after=None
[2025-04-15T23:54:46.899+0700] {processor.py:208} INFO - Processing /home/anhtupham99/NBA-analytics/py_env/lib/python3.11/site-packages/airflow/example_dags/example_complex.py took 0.070 seconds
[2025-04-15T23:55:37.666+0700] {processor.py:186} INFO - Started process (PID=310045) to work on /home/anhtupham99/NBA-analytics/py_env/lib/python3.11/site-packages/airflow/example_dags/example_complex.py
[2025-04-15T23:55:37.669+0700] {processor.py:914} INFO - Processing file /home/anhtupham99/NBA-analytics/py_env/lib/python3.11/site-packages/airflow/example_dags/example_complex.py for tasks to queue
[2025-04-15T23:55:37.672+0700] {logging_mixin.py:190} INFO - [2025-04-15T23:55:37.672+0700] {dagbag.py:588} INFO - Filling up the DagBag from /home/anhtupham99/NBA-analytics/py_env/lib/python3.11/site-packages/airflow/example_dags/example_complex.py
[2025-04-15T23:55:37.695+0700] {processor.py:925} INFO - DAG(s) 'example_complex' retrieved from /home/anhtupham99/NBA-analytics/py_env/lib/python3.11/site-packages/airflow/example_dags/example_complex.py
[2025-04-15T23:55:37.731+0700] {logging_mixin.py:190} INFO - [2025-04-15T23:55:37.731+0700] {dag.py:3239} INFO - Sync 1 DAGs
[2025-04-15T23:55:37.747+0700] {logging_mixin.py:190} INFO - [2025-04-15T23:55:37.747+0700] {dag.py:4180} INFO - Setting next_dagrun for example_complex to None, run_after=None
[2025-04-15T23:55:37.778+0700] {processor.py:208} INFO - Processing /home/anhtupham99/NBA-analytics/py_env/lib/python3.11/site-packages/airflow/example_dags/example_complex.py took 0.122 seconds
[2025-04-15T23:56:29.110+0700] {processor.py:186} INFO - Started process (PID=311745) to work on /home/anhtupham99/NBA-analytics/py_env/lib/python3.11/site-packages/airflow/example_dags/example_complex.py
[2025-04-15T23:56:29.114+0700] {processor.py:914} INFO - Processing file /home/anhtupham99/NBA-analytics/py_env/lib/python3.11/site-packages/airflow/example_dags/example_complex.py for tasks to queue
[2025-04-15T23:56:29.115+0700] {logging_mixin.py:190} INFO - [2025-04-15T23:56:29.115+0700] {dagbag.py:588} INFO - Filling up the DagBag from /home/anhtupham99/NBA-analytics/py_env/lib/python3.11/site-packages/airflow/example_dags/example_complex.py
[2025-04-15T23:56:29.124+0700] {processor.py:925} INFO - DAG(s) 'example_complex' retrieved from /home/anhtupham99/NBA-analytics/py_env/lib/python3.11/site-packages/airflow/example_dags/example_complex.py
[2025-04-15T23:56:29.140+0700] {logging_mixin.py:190} INFO - [2025-04-15T23:56:29.140+0700] {dag.py:3239} INFO - Sync 1 DAGs
[2025-04-15T23:56:29.148+0700] {logging_mixin.py:190} INFO - [2025-04-15T23:56:29.148+0700] {dag.py:4180} INFO - Setting next_dagrun for example_complex to None, run_after=None
[2025-04-15T23:56:29.171+0700] {processor.py:208} INFO - Processing /home/anhtupham99/NBA-analytics/py_env/lib/python3.11/site-packages/airflow/example_dags/example_complex.py took 0.066 seconds
[2025-04-15T23:57:15.641+0700] {processor.py:186} INFO - Started process (PID=312606) to work on /home/anhtupham99/NBA-analytics/py_env/lib/python3.11/site-packages/airflow/example_dags/example_complex.py
[2025-04-15T23:57:15.642+0700] {processor.py:914} INFO - Processing file /home/anhtupham99/NBA-analytics/py_env/lib/python3.11/site-packages/airflow/example_dags/example_complex.py for tasks to queue
[2025-04-15T23:57:15.645+0700] {logging_mixin.py:190} INFO - [2025-04-15T23:57:15.645+0700] {dagbag.py:588} INFO - Filling up the DagBag from /home/anhtupham99/NBA-analytics/py_env/lib/python3.11/site-packages/airflow/example_dags/example_complex.py
[2025-04-15T23:57:15.656+0700] {processor.py:925} INFO - DAG(s) 'example_complex' retrieved from /home/anhtupham99/NBA-analytics/py_env/lib/python3.11/site-packages/airflow/example_dags/example_complex.py
[2025-04-15T23:57:15.675+0700] {logging_mixin.py:190} INFO - [2025-04-15T23:57:15.674+0700] {dag.py:3239} INFO - Sync 1 DAGs
[2025-04-15T23:57:15.683+0700] {logging_mixin.py:190} INFO - [2025-04-15T23:57:15.683+0700] {dag.py:4180} INFO - Setting next_dagrun for example_complex to None, run_after=None
[2025-04-15T23:57:15.705+0700] {processor.py:208} INFO - Processing /home/anhtupham99/NBA-analytics/py_env/lib/python3.11/site-packages/airflow/example_dags/example_complex.py took 0.070 seconds
[2025-04-15T23:58:04.352+0700] {processor.py:186} INFO - Started process (PID=313559) to work on /home/anhtupham99/NBA-analytics/py_env/lib/python3.11/site-packages/airflow/example_dags/example_complex.py
[2025-04-15T23:58:04.353+0700] {processor.py:914} INFO - Processing file /home/anhtupham99/NBA-analytics/py_env/lib/python3.11/site-packages/airflow/example_dags/example_complex.py for tasks to queue
[2025-04-15T23:58:04.355+0700] {logging_mixin.py:190} INFO - [2025-04-15T23:58:04.355+0700] {dagbag.py:588} INFO - Filling up the DagBag from /home/anhtupham99/NBA-analytics/py_env/lib/python3.11/site-packages/airflow/example_dags/example_complex.py
[2025-04-15T23:58:04.369+0700] {processor.py:925} INFO - DAG(s) 'example_complex' retrieved from /home/anhtupham99/NBA-analytics/py_env/lib/python3.11/site-packages/airflow/example_dags/example_complex.py
[2025-04-15T23:58:04.398+0700] {logging_mixin.py:190} INFO - [2025-04-15T23:58:04.397+0700] {dag.py:3239} INFO - Sync 1 DAGs
[2025-04-15T23:58:04.408+0700] {logging_mixin.py:190} INFO - [2025-04-15T23:58:04.408+0700] {dag.py:4180} INFO - Setting next_dagrun for example_complex to None, run_after=None
[2025-04-15T23:58:04.443+0700] {processor.py:208} INFO - Processing /home/anhtupham99/NBA-analytics/py_env/lib/python3.11/site-packages/airflow/example_dags/example_complex.py took 0.097 seconds
[2025-04-15T23:58:53.745+0700] {processor.py:186} INFO - Started process (PID=314593) to work on /home/anhtupham99/NBA-analytics/py_env/lib/python3.11/site-packages/airflow/example_dags/example_complex.py
[2025-04-15T23:58:53.746+0700] {processor.py:914} INFO - Processing file /home/anhtupham99/NBA-analytics/py_env/lib/python3.11/site-packages/airflow/example_dags/example_complex.py for tasks to queue
[2025-04-15T23:58:53.748+0700] {logging_mixin.py:190} INFO - [2025-04-15T23:58:53.747+0700] {dagbag.py:588} INFO - Filling up the DagBag from /home/anhtupham99/NBA-analytics/py_env/lib/python3.11/site-packages/airflow/example_dags/example_complex.py
[2025-04-15T23:58:53.757+0700] {processor.py:925} INFO - DAG(s) 'example_complex' retrieved from /home/anhtupham99/NBA-analytics/py_env/lib/python3.11/site-packages/airflow/example_dags/example_complex.py
[2025-04-15T23:58:53.774+0700] {logging_mixin.py:190} INFO - [2025-04-15T23:58:53.774+0700] {dag.py:3239} INFO - Sync 1 DAGs
[2025-04-15T23:58:53.783+0700] {logging_mixin.py:190} INFO - [2025-04-15T23:58:53.783+0700] {dag.py:4180} INFO - Setting next_dagrun for example_complex to None, run_after=None
[2025-04-15T23:58:53.808+0700] {processor.py:208} INFO - Processing /home/anhtupham99/NBA-analytics/py_env/lib/python3.11/site-packages/airflow/example_dags/example_complex.py took 0.068 seconds
[2025-04-15T23:59:41.781+0700] {processor.py:186} INFO - Started process (PID=315518) to work on /home/anhtupham99/NBA-analytics/py_env/lib/python3.11/site-packages/airflow/example_dags/example_complex.py
[2025-04-15T23:59:41.782+0700] {processor.py:914} INFO - Processing file /home/anhtupham99/NBA-analytics/py_env/lib/python3.11/site-packages/airflow/example_dags/example_complex.py for tasks to queue
[2025-04-15T23:59:41.784+0700] {logging_mixin.py:190} INFO - [2025-04-15T23:59:41.784+0700] {dagbag.py:588} INFO - Filling up the DagBag from /home/anhtupham99/NBA-analytics/py_env/lib/python3.11/site-packages/airflow/example_dags/example_complex.py
[2025-04-15T23:59:41.795+0700] {processor.py:925} INFO - DAG(s) 'example_complex' retrieved from /home/anhtupham99/NBA-analytics/py_env/lib/python3.11/site-packages/airflow/example_dags/example_complex.py
[2025-04-15T23:59:41.812+0700] {logging_mixin.py:190} INFO - [2025-04-15T23:59:41.811+0700] {dag.py:3239} INFO - Sync 1 DAGs
[2025-04-15T23:59:41.819+0700] {logging_mixin.py:190} INFO - [2025-04-15T23:59:41.819+0700] {dag.py:4180} INFO - Setting next_dagrun for example_complex to None, run_after=None
[2025-04-15T23:59:41.842+0700] {processor.py:208} INFO - Processing /home/anhtupham99/NBA-analytics/py_env/lib/python3.11/site-packages/airflow/example_dags/example_complex.py took 0.065 seconds
[2025-04-16T00:00:30.977+0700] {processor.py:186} INFO - Started process (PID=316586) to work on /home/anhtupham99/NBA-analytics/py_env/lib/python3.11/site-packages/airflow/example_dags/example_complex.py
[2025-04-16T00:00:30.979+0700] {processor.py:914} INFO - Processing file /home/anhtupham99/NBA-analytics/py_env/lib/python3.11/site-packages/airflow/example_dags/example_complex.py for tasks to queue
[2025-04-16T00:00:30.980+0700] {logging_mixin.py:190} INFO - [2025-04-16T00:00:30.980+0700] {dagbag.py:588} INFO - Filling up the DagBag from /home/anhtupham99/NBA-analytics/py_env/lib/python3.11/site-packages/airflow/example_dags/example_complex.py
[2025-04-16T00:00:30.989+0700] {processor.py:925} INFO - DAG(s) 'example_complex' retrieved from /home/anhtupham99/NBA-analytics/py_env/lib/python3.11/site-packages/airflow/example_dags/example_complex.py
[2025-04-16T00:00:31.006+0700] {logging_mixin.py:190} INFO - [2025-04-16T00:00:31.006+0700] {dag.py:3239} INFO - Sync 1 DAGs
[2025-04-16T00:00:31.014+0700] {logging_mixin.py:190} INFO - [2025-04-16T00:00:31.014+0700] {dag.py:4180} INFO - Setting next_dagrun for example_complex to None, run_after=None
[2025-04-16T00:00:31.038+0700] {processor.py:208} INFO - Processing /home/anhtupham99/NBA-analytics/py_env/lib/python3.11/site-packages/airflow/example_dags/example_complex.py took 0.064 seconds
[2025-04-16T00:01:15.667+0700] {processor.py:186} INFO - Started process (PID=317462) to work on /home/anhtupham99/NBA-analytics/py_env/lib/python3.11/site-packages/airflow/example_dags/example_complex.py
[2025-04-16T00:01:15.668+0700] {processor.py:914} INFO - Processing file /home/anhtupham99/NBA-analytics/py_env/lib/python3.11/site-packages/airflow/example_dags/example_complex.py for tasks to queue
[2025-04-16T00:01:15.671+0700] {logging_mixin.py:190} INFO - [2025-04-16T00:01:15.671+0700] {dagbag.py:588} INFO - Filling up the DagBag from /home/anhtupham99/NBA-analytics/py_env/lib/python3.11/site-packages/airflow/example_dags/example_complex.py
[2025-04-16T00:01:15.691+0700] {processor.py:925} INFO - DAG(s) 'example_complex' retrieved from /home/anhtupham99/NBA-analytics/py_env/lib/python3.11/site-packages/airflow/example_dags/example_complex.py
[2025-04-16T00:01:15.718+0700] {logging_mixin.py:190} INFO - [2025-04-16T00:01:15.718+0700] {dag.py:3239} INFO - Sync 1 DAGs
[2025-04-16T00:01:15.735+0700] {logging_mixin.py:190} INFO - [2025-04-16T00:01:15.735+0700] {dag.py:4180} INFO - Setting next_dagrun for example_complex to None, run_after=None
[2025-04-16T00:01:15.767+0700] {processor.py:208} INFO - Processing /home/anhtupham99/NBA-analytics/py_env/lib/python3.11/site-packages/airflow/example_dags/example_complex.py took 0.107 seconds
[2025-04-16T00:02:03.941+0700] {processor.py:186} INFO - Started process (PID=318346) to work on /home/anhtupham99/NBA-analytics/py_env/lib/python3.11/site-packages/airflow/example_dags/example_complex.py
[2025-04-16T00:02:03.942+0700] {processor.py:914} INFO - Processing file /home/anhtupham99/NBA-analytics/py_env/lib/python3.11/site-packages/airflow/example_dags/example_complex.py for tasks to queue
[2025-04-16T00:02:03.944+0700] {logging_mixin.py:190} INFO - [2025-04-16T00:02:03.944+0700] {dagbag.py:588} INFO - Filling up the DagBag from /home/anhtupham99/NBA-analytics/py_env/lib/python3.11/site-packages/airflow/example_dags/example_complex.py
[2025-04-16T00:02:03.953+0700] {processor.py:925} INFO - DAG(s) 'example_complex' retrieved from /home/anhtupham99/NBA-analytics/py_env/lib/python3.11/site-packages/airflow/example_dags/example_complex.py
[2025-04-16T00:02:03.970+0700] {logging_mixin.py:190} INFO - [2025-04-16T00:02:03.970+0700] {dag.py:3239} INFO - Sync 1 DAGs
[2025-04-16T00:02:03.978+0700] {logging_mixin.py:190} INFO - [2025-04-16T00:02:03.978+0700] {dag.py:4180} INFO - Setting next_dagrun for example_complex to None, run_after=None
[2025-04-16T00:02:04.003+0700] {processor.py:208} INFO - Processing /home/anhtupham99/NBA-analytics/py_env/lib/python3.11/site-packages/airflow/example_dags/example_complex.py took 0.066 seconds
[2025-04-16T00:02:48.647+0700] {processor.py:186} INFO - Started process (PID=319223) to work on /home/anhtupham99/NBA-analytics/py_env/lib/python3.11/site-packages/airflow/example_dags/example_complex.py
[2025-04-16T00:02:48.649+0700] {processor.py:914} INFO - Processing file /home/anhtupham99/NBA-analytics/py_env/lib/python3.11/site-packages/airflow/example_dags/example_complex.py for tasks to queue
[2025-04-16T00:02:48.650+0700] {logging_mixin.py:190} INFO - [2025-04-16T00:02:48.650+0700] {dagbag.py:588} INFO - Filling up the DagBag from /home/anhtupham99/NBA-analytics/py_env/lib/python3.11/site-packages/airflow/example_dags/example_complex.py
[2025-04-16T00:02:48.659+0700] {processor.py:925} INFO - DAG(s) 'example_complex' retrieved from /home/anhtupham99/NBA-analytics/py_env/lib/python3.11/site-packages/airflow/example_dags/example_complex.py
[2025-04-16T00:02:48.676+0700] {logging_mixin.py:190} INFO - [2025-04-16T00:02:48.676+0700] {dag.py:3239} INFO - Sync 1 DAGs
[2025-04-16T00:02:48.685+0700] {logging_mixin.py:190} INFO - [2025-04-16T00:02:48.684+0700] {dag.py:4180} INFO - Setting next_dagrun for example_complex to None, run_after=None
[2025-04-16T00:02:48.708+0700] {processor.py:208} INFO - Processing /home/anhtupham99/NBA-analytics/py_env/lib/python3.11/site-packages/airflow/example_dags/example_complex.py took 0.065 seconds
[2025-04-16T00:03:37.583+0700] {processor.py:186} INFO - Started process (PID=320129) to work on /home/anhtupham99/NBA-analytics/py_env/lib/python3.11/site-packages/airflow/example_dags/example_complex.py
[2025-04-16T00:03:37.584+0700] {processor.py:914} INFO - Processing file /home/anhtupham99/NBA-analytics/py_env/lib/python3.11/site-packages/airflow/example_dags/example_complex.py for tasks to queue
[2025-04-16T00:03:37.586+0700] {logging_mixin.py:190} INFO - [2025-04-16T00:03:37.586+0700] {dagbag.py:588} INFO - Filling up the DagBag from /home/anhtupham99/NBA-analytics/py_env/lib/python3.11/site-packages/airflow/example_dags/example_complex.py
[2025-04-16T00:03:37.597+0700] {processor.py:925} INFO - DAG(s) 'example_complex' retrieved from /home/anhtupham99/NBA-analytics/py_env/lib/python3.11/site-packages/airflow/example_dags/example_complex.py
[2025-04-16T00:03:37.619+0700] {logging_mixin.py:190} INFO - [2025-04-16T00:03:37.619+0700] {dag.py:3239} INFO - Sync 1 DAGs
[2025-04-16T00:03:37.637+0700] {logging_mixin.py:190} INFO - [2025-04-16T00:03:37.636+0700] {dag.py:4180} INFO - Setting next_dagrun for example_complex to None, run_after=None
[2025-04-16T00:03:37.666+0700] {processor.py:208} INFO - Processing /home/anhtupham99/NBA-analytics/py_env/lib/python3.11/site-packages/airflow/example_dags/example_complex.py took 0.089 seconds
[2025-04-16T00:04:23.843+0700] {processor.py:186} INFO - Started process (PID=321268) to work on /home/anhtupham99/NBA-analytics/py_env/lib/python3.11/site-packages/airflow/example_dags/example_complex.py
[2025-04-16T00:04:23.844+0700] {processor.py:914} INFO - Processing file /home/anhtupham99/NBA-analytics/py_env/lib/python3.11/site-packages/airflow/example_dags/example_complex.py for tasks to queue
[2025-04-16T00:04:23.847+0700] {logging_mixin.py:190} INFO - [2025-04-16T00:04:23.846+0700] {dagbag.py:588} INFO - Filling up the DagBag from /home/anhtupham99/NBA-analytics/py_env/lib/python3.11/site-packages/airflow/example_dags/example_complex.py
[2025-04-16T00:04:23.858+0700] {processor.py:925} INFO - DAG(s) 'example_complex' retrieved from /home/anhtupham99/NBA-analytics/py_env/lib/python3.11/site-packages/airflow/example_dags/example_complex.py
[2025-04-16T00:04:23.881+0700] {logging_mixin.py:190} INFO - [2025-04-16T00:04:23.880+0700] {dag.py:3239} INFO - Sync 1 DAGs
[2025-04-16T00:04:23.894+0700] {logging_mixin.py:190} INFO - [2025-04-16T00:04:23.894+0700] {dag.py:4180} INFO - Setting next_dagrun for example_complex to None, run_after=None
[2025-04-16T00:04:23.920+0700] {processor.py:208} INFO - Processing /home/anhtupham99/NBA-analytics/py_env/lib/python3.11/site-packages/airflow/example_dags/example_complex.py took 0.083 seconds
[2025-04-16T00:05:11.518+0700] {processor.py:186} INFO - Started process (PID=322133) to work on /home/anhtupham99/NBA-analytics/py_env/lib/python3.11/site-packages/airflow/example_dags/example_complex.py
[2025-04-16T00:05:11.522+0700] {processor.py:914} INFO - Processing file /home/anhtupham99/NBA-analytics/py_env/lib/python3.11/site-packages/airflow/example_dags/example_complex.py for tasks to queue
[2025-04-16T00:05:11.524+0700] {logging_mixin.py:190} INFO - [2025-04-16T00:05:11.524+0700] {dagbag.py:588} INFO - Filling up the DagBag from /home/anhtupham99/NBA-analytics/py_env/lib/python3.11/site-packages/airflow/example_dags/example_complex.py
[2025-04-16T00:05:11.536+0700] {processor.py:925} INFO - DAG(s) 'example_complex' retrieved from /home/anhtupham99/NBA-analytics/py_env/lib/python3.11/site-packages/airflow/example_dags/example_complex.py
[2025-04-16T00:05:11.557+0700] {logging_mixin.py:190} INFO - [2025-04-16T00:05:11.556+0700] {dag.py:3239} INFO - Sync 1 DAGs
[2025-04-16T00:05:11.567+0700] {logging_mixin.py:190} INFO - [2025-04-16T00:05:11.567+0700] {dag.py:4180} INFO - Setting next_dagrun for example_complex to None, run_after=None
[2025-04-16T00:05:11.593+0700] {processor.py:208} INFO - Processing /home/anhtupham99/NBA-analytics/py_env/lib/python3.11/site-packages/airflow/example_dags/example_complex.py took 0.081 seconds
[2025-04-16T00:06:00.676+0700] {processor.py:186} INFO - Started process (PID=323065) to work on /home/anhtupham99/NBA-analytics/py_env/lib/python3.11/site-packages/airflow/example_dags/example_complex.py
[2025-04-16T00:06:00.678+0700] {processor.py:914} INFO - Processing file /home/anhtupham99/NBA-analytics/py_env/lib/python3.11/site-packages/airflow/example_dags/example_complex.py for tasks to queue
[2025-04-16T00:06:00.679+0700] {logging_mixin.py:190} INFO - [2025-04-16T00:06:00.679+0700] {dagbag.py:588} INFO - Filling up the DagBag from /home/anhtupham99/NBA-analytics/py_env/lib/python3.11/site-packages/airflow/example_dags/example_complex.py
[2025-04-16T00:06:00.688+0700] {processor.py:925} INFO - DAG(s) 'example_complex' retrieved from /home/anhtupham99/NBA-analytics/py_env/lib/python3.11/site-packages/airflow/example_dags/example_complex.py
[2025-04-16T00:06:00.705+0700] {logging_mixin.py:190} INFO - [2025-04-16T00:06:00.705+0700] {dag.py:3239} INFO - Sync 1 DAGs
[2025-04-16T00:06:00.714+0700] {logging_mixin.py:190} INFO - [2025-04-16T00:06:00.713+0700] {dag.py:4180} INFO - Setting next_dagrun for example_complex to None, run_after=None
[2025-04-16T00:06:00.745+0700] {processor.py:208} INFO - Processing /home/anhtupham99/NBA-analytics/py_env/lib/python3.11/site-packages/airflow/example_dags/example_complex.py took 0.074 seconds
[2025-04-16T00:06:50.103+0700] {processor.py:186} INFO - Started process (PID=324182) to work on /home/anhtupham99/NBA-analytics/py_env/lib/python3.11/site-packages/airflow/example_dags/example_complex.py
[2025-04-16T00:06:50.104+0700] {processor.py:914} INFO - Processing file /home/anhtupham99/NBA-analytics/py_env/lib/python3.11/site-packages/airflow/example_dags/example_complex.py for tasks to queue
[2025-04-16T00:06:50.106+0700] {logging_mixin.py:190} INFO - [2025-04-16T00:06:50.106+0700] {dagbag.py:588} INFO - Filling up the DagBag from /home/anhtupham99/NBA-analytics/py_env/lib/python3.11/site-packages/airflow/example_dags/example_complex.py
[2025-04-16T00:06:50.116+0700] {processor.py:925} INFO - DAG(s) 'example_complex' retrieved from /home/anhtupham99/NBA-analytics/py_env/lib/python3.11/site-packages/airflow/example_dags/example_complex.py
[2025-04-16T00:06:50.143+0700] {logging_mixin.py:190} INFO - [2025-04-16T00:06:50.143+0700] {dag.py:3239} INFO - Sync 1 DAGs
[2025-04-16T00:06:50.156+0700] {logging_mixin.py:190} INFO - [2025-04-16T00:06:50.156+0700] {dag.py:4180} INFO - Setting next_dagrun for example_complex to None, run_after=None
[2025-04-16T00:06:50.183+0700] {processor.py:208} INFO - Processing /home/anhtupham99/NBA-analytics/py_env/lib/python3.11/site-packages/airflow/example_dags/example_complex.py took 0.086 seconds
[2025-04-16T00:07:38.246+0700] {processor.py:186} INFO - Started process (PID=325077) to work on /home/anhtupham99/NBA-analytics/py_env/lib/python3.11/site-packages/airflow/example_dags/example_complex.py
[2025-04-16T00:07:38.248+0700] {processor.py:914} INFO - Processing file /home/anhtupham99/NBA-analytics/py_env/lib/python3.11/site-packages/airflow/example_dags/example_complex.py for tasks to queue
[2025-04-16T00:07:38.250+0700] {logging_mixin.py:190} INFO - [2025-04-16T00:07:38.250+0700] {dagbag.py:588} INFO - Filling up the DagBag from /home/anhtupham99/NBA-analytics/py_env/lib/python3.11/site-packages/airflow/example_dags/example_complex.py
[2025-04-16T00:07:38.261+0700] {processor.py:925} INFO - DAG(s) 'example_complex' retrieved from /home/anhtupham99/NBA-analytics/py_env/lib/python3.11/site-packages/airflow/example_dags/example_complex.py
[2025-04-16T00:07:38.282+0700] {logging_mixin.py:190} INFO - [2025-04-16T00:07:38.282+0700] {dag.py:3239} INFO - Sync 1 DAGs
[2025-04-16T00:07:38.293+0700] {logging_mixin.py:190} INFO - [2025-04-16T00:07:38.293+0700] {dag.py:4180} INFO - Setting next_dagrun for example_complex to None, run_after=None
[2025-04-16T00:07:38.319+0700] {processor.py:208} INFO - Processing /home/anhtupham99/NBA-analytics/py_env/lib/python3.11/site-packages/airflow/example_dags/example_complex.py took 0.079 seconds
[2025-04-16T00:08:43.214+0700] {processor.py:186} INFO - Started process (PID=326283) to work on /home/anhtupham99/NBA-analytics/py_env/lib/python3.11/site-packages/airflow/example_dags/example_complex.py
[2025-04-16T00:08:43.216+0700] {processor.py:914} INFO - Processing file /home/anhtupham99/NBA-analytics/py_env/lib/python3.11/site-packages/airflow/example_dags/example_complex.py for tasks to queue
[2025-04-16T00:08:43.217+0700] {logging_mixin.py:190} INFO - [2025-04-16T00:08:43.217+0700] {dagbag.py:588} INFO - Filling up the DagBag from /home/anhtupham99/NBA-analytics/py_env/lib/python3.11/site-packages/airflow/example_dags/example_complex.py
[2025-04-16T00:08:43.226+0700] {processor.py:925} INFO - DAG(s) 'example_complex' retrieved from /home/anhtupham99/NBA-analytics/py_env/lib/python3.11/site-packages/airflow/example_dags/example_complex.py
[2025-04-16T00:08:43.243+0700] {logging_mixin.py:190} INFO - [2025-04-16T00:08:43.242+0700] {dag.py:3239} INFO - Sync 1 DAGs
[2025-04-16T00:08:43.251+0700] {logging_mixin.py:190} INFO - [2025-04-16T00:08:43.251+0700] {dag.py:4180} INFO - Setting next_dagrun for example_complex to None, run_after=None
[2025-04-16T00:08:43.275+0700] {processor.py:208} INFO - Processing /home/anhtupham99/NBA-analytics/py_env/lib/python3.11/site-packages/airflow/example_dags/example_complex.py took 0.064 seconds
[2025-04-16T00:09:31.744+0700] {processor.py:186} INFO - Started process (PID=327274) to work on /home/anhtupham99/NBA-analytics/py_env/lib/python3.11/site-packages/airflow/example_dags/example_complex.py
[2025-04-16T00:09:31.746+0700] {processor.py:914} INFO - Processing file /home/anhtupham99/NBA-analytics/py_env/lib/python3.11/site-packages/airflow/example_dags/example_complex.py for tasks to queue
[2025-04-16T00:09:31.748+0700] {logging_mixin.py:190} INFO - [2025-04-16T00:09:31.748+0700] {dagbag.py:588} INFO - Filling up the DagBag from /home/anhtupham99/NBA-analytics/py_env/lib/python3.11/site-packages/airflow/example_dags/example_complex.py
[2025-04-16T00:09:31.763+0700] {processor.py:925} INFO - DAG(s) 'example_complex' retrieved from /home/anhtupham99/NBA-analytics/py_env/lib/python3.11/site-packages/airflow/example_dags/example_complex.py
[2025-04-16T00:09:31.795+0700] {logging_mixin.py:190} INFO - [2025-04-16T00:09:31.794+0700] {dag.py:3239} INFO - Sync 1 DAGs
[2025-04-16T00:09:31.808+0700] {logging_mixin.py:190} INFO - [2025-04-16T00:09:31.807+0700] {dag.py:4180} INFO - Setting next_dagrun for example_complex to None, run_after=None
[2025-04-16T00:09:31.841+0700] {processor.py:208} INFO - Processing /home/anhtupham99/NBA-analytics/py_env/lib/python3.11/site-packages/airflow/example_dags/example_complex.py took 0.105 seconds
[2025-04-16T00:10:19.268+0700] {processor.py:186} INFO - Started process (PID=328409) to work on /home/anhtupham99/NBA-analytics/py_env/lib/python3.11/site-packages/airflow/example_dags/example_complex.py
[2025-04-16T00:10:19.272+0700] {processor.py:914} INFO - Processing file /home/anhtupham99/NBA-analytics/py_env/lib/python3.11/site-packages/airflow/example_dags/example_complex.py for tasks to queue
[2025-04-16T00:10:19.275+0700] {logging_mixin.py:190} INFO - [2025-04-16T00:10:19.274+0700] {dagbag.py:588} INFO - Filling up the DagBag from /home/anhtupham99/NBA-analytics/py_env/lib/python3.11/site-packages/airflow/example_dags/example_complex.py
[2025-04-16T00:10:19.286+0700] {processor.py:925} INFO - DAG(s) 'example_complex' retrieved from /home/anhtupham99/NBA-analytics/py_env/lib/python3.11/site-packages/airflow/example_dags/example_complex.py
[2025-04-16T00:10:19.308+0700] {logging_mixin.py:190} INFO - [2025-04-16T00:10:19.307+0700] {dag.py:3239} INFO - Sync 1 DAGs
[2025-04-16T00:10:19.319+0700] {logging_mixin.py:190} INFO - [2025-04-16T00:10:19.319+0700] {dag.py:4180} INFO - Setting next_dagrun for example_complex to None, run_after=None
[2025-04-16T00:10:19.345+0700] {processor.py:208} INFO - Processing /home/anhtupham99/NBA-analytics/py_env/lib/python3.11/site-packages/airflow/example_dags/example_complex.py took 0.083 seconds
[2025-04-16T00:11:07.233+0700] {processor.py:186} INFO - Started process (PID=329548) to work on /home/anhtupham99/NBA-analytics/py_env/lib/python3.11/site-packages/airflow/example_dags/example_complex.py
[2025-04-16T00:11:07.235+0700] {processor.py:914} INFO - Processing file /home/anhtupham99/NBA-analytics/py_env/lib/python3.11/site-packages/airflow/example_dags/example_complex.py for tasks to queue
[2025-04-16T00:11:07.236+0700] {logging_mixin.py:190} INFO - [2025-04-16T00:11:07.236+0700] {dagbag.py:588} INFO - Filling up the DagBag from /home/anhtupham99/NBA-analytics/py_env/lib/python3.11/site-packages/airflow/example_dags/example_complex.py
[2025-04-16T00:11:07.246+0700] {processor.py:925} INFO - DAG(s) 'example_complex' retrieved from /home/anhtupham99/NBA-analytics/py_env/lib/python3.11/site-packages/airflow/example_dags/example_complex.py
[2025-04-16T00:11:07.270+0700] {logging_mixin.py:190} INFO - [2025-04-16T00:11:07.269+0700] {dag.py:3239} INFO - Sync 1 DAGs
[2025-04-16T00:11:07.280+0700] {logging_mixin.py:190} INFO - [2025-04-16T00:11:07.279+0700] {dag.py:4180} INFO - Setting next_dagrun for example_complex to None, run_after=None
[2025-04-16T00:11:07.305+0700] {processor.py:208} INFO - Processing /home/anhtupham99/NBA-analytics/py_env/lib/python3.11/site-packages/airflow/example_dags/example_complex.py took 0.076 seconds
[2025-04-16T00:11:55.450+0700] {processor.py:186} INFO - Started process (PID=330538) to work on /home/anhtupham99/NBA-analytics/py_env/lib/python3.11/site-packages/airflow/example_dags/example_complex.py
[2025-04-16T00:11:55.451+0700] {processor.py:914} INFO - Processing file /home/anhtupham99/NBA-analytics/py_env/lib/python3.11/site-packages/airflow/example_dags/example_complex.py for tasks to queue
[2025-04-16T00:11:55.453+0700] {logging_mixin.py:190} INFO - [2025-04-16T00:11:55.452+0700] {dagbag.py:588} INFO - Filling up the DagBag from /home/anhtupham99/NBA-analytics/py_env/lib/python3.11/site-packages/airflow/example_dags/example_complex.py
[2025-04-16T00:11:55.461+0700] {processor.py:925} INFO - DAG(s) 'example_complex' retrieved from /home/anhtupham99/NBA-analytics/py_env/lib/python3.11/site-packages/airflow/example_dags/example_complex.py
[2025-04-16T00:11:55.479+0700] {logging_mixin.py:190} INFO - [2025-04-16T00:11:55.478+0700] {dag.py:3239} INFO - Sync 1 DAGs
[2025-04-16T00:11:55.487+0700] {logging_mixin.py:190} INFO - [2025-04-16T00:11:55.487+0700] {dag.py:4180} INFO - Setting next_dagrun for example_complex to None, run_after=None
[2025-04-16T00:11:55.513+0700] {processor.py:208} INFO - Processing /home/anhtupham99/NBA-analytics/py_env/lib/python3.11/site-packages/airflow/example_dags/example_complex.py took 0.069 seconds
[2025-04-16T00:12:41.204+0700] {processor.py:186} INFO - Started process (PID=332090) to work on /home/anhtupham99/NBA-analytics/py_env/lib/python3.11/site-packages/airflow/example_dags/example_complex.py
[2025-04-16T00:12:41.206+0700] {processor.py:914} INFO - Processing file /home/anhtupham99/NBA-analytics/py_env/lib/python3.11/site-packages/airflow/example_dags/example_complex.py for tasks to queue
[2025-04-16T00:12:41.208+0700] {logging_mixin.py:190} INFO - [2025-04-16T00:12:41.208+0700] {dagbag.py:588} INFO - Filling up the DagBag from /home/anhtupham99/NBA-analytics/py_env/lib/python3.11/site-packages/airflow/example_dags/example_complex.py
[2025-04-16T00:12:41.219+0700] {processor.py:925} INFO - DAG(s) 'example_complex' retrieved from /home/anhtupham99/NBA-analytics/py_env/lib/python3.11/site-packages/airflow/example_dags/example_complex.py
[2025-04-16T00:12:41.245+0700] {logging_mixin.py:190} INFO - [2025-04-16T00:12:41.245+0700] {dag.py:3239} INFO - Sync 1 DAGs
[2025-04-16T00:12:41.259+0700] {logging_mixin.py:190} INFO - [2025-04-16T00:12:41.259+0700] {dag.py:4180} INFO - Setting next_dagrun for example_complex to None, run_after=None
[2025-04-16T00:12:41.296+0700] {processor.py:208} INFO - Processing /home/anhtupham99/NBA-analytics/py_env/lib/python3.11/site-packages/airflow/example_dags/example_complex.py took 0.097 seconds
[2025-04-16T00:13:30.401+0700] {processor.py:186} INFO - Started process (PID=333496) to work on /home/anhtupham99/NBA-analytics/py_env/lib/python3.11/site-packages/airflow/example_dags/example_complex.py
[2025-04-16T00:13:30.402+0700] {processor.py:914} INFO - Processing file /home/anhtupham99/NBA-analytics/py_env/lib/python3.11/site-packages/airflow/example_dags/example_complex.py for tasks to queue
[2025-04-16T00:13:30.403+0700] {logging_mixin.py:190} INFO - [2025-04-16T00:13:30.403+0700] {dagbag.py:588} INFO - Filling up the DagBag from /home/anhtupham99/NBA-analytics/py_env/lib/python3.11/site-packages/airflow/example_dags/example_complex.py
[2025-04-16T00:13:30.412+0700] {processor.py:925} INFO - DAG(s) 'example_complex' retrieved from /home/anhtupham99/NBA-analytics/py_env/lib/python3.11/site-packages/airflow/example_dags/example_complex.py
[2025-04-16T00:13:30.434+0700] {logging_mixin.py:190} INFO - [2025-04-16T00:13:30.434+0700] {dag.py:3239} INFO - Sync 1 DAGs
[2025-04-16T00:13:30.452+0700] {logging_mixin.py:190} INFO - [2025-04-16T00:13:30.452+0700] {dag.py:4180} INFO - Setting next_dagrun for example_complex to None, run_after=None
[2025-04-16T00:13:30.477+0700] {processor.py:208} INFO - Processing /home/anhtupham99/NBA-analytics/py_env/lib/python3.11/site-packages/airflow/example_dags/example_complex.py took 0.082 seconds
[2025-04-16T00:14:20.488+0700] {processor.py:186} INFO - Started process (PID=335680) to work on /home/anhtupham99/NBA-analytics/py_env/lib/python3.11/site-packages/airflow/example_dags/example_complex.py
[2025-04-16T00:14:20.489+0700] {processor.py:914} INFO - Processing file /home/anhtupham99/NBA-analytics/py_env/lib/python3.11/site-packages/airflow/example_dags/example_complex.py for tasks to queue
[2025-04-16T00:14:20.491+0700] {logging_mixin.py:190} INFO - [2025-04-16T00:14:20.490+0700] {dagbag.py:588} INFO - Filling up the DagBag from /home/anhtupham99/NBA-analytics/py_env/lib/python3.11/site-packages/airflow/example_dags/example_complex.py
[2025-04-16T00:14:20.500+0700] {processor.py:925} INFO - DAG(s) 'example_complex' retrieved from /home/anhtupham99/NBA-analytics/py_env/lib/python3.11/site-packages/airflow/example_dags/example_complex.py
[2025-04-16T00:14:20.520+0700] {logging_mixin.py:190} INFO - [2025-04-16T00:14:20.520+0700] {dag.py:3239} INFO - Sync 1 DAGs
[2025-04-16T00:14:20.530+0700] {logging_mixin.py:190} INFO - [2025-04-16T00:14:20.530+0700] {dag.py:4180} INFO - Setting next_dagrun for example_complex to None, run_after=None
[2025-04-16T00:14:20.556+0700] {processor.py:208} INFO - Processing /home/anhtupham99/NBA-analytics/py_env/lib/python3.11/site-packages/airflow/example_dags/example_complex.py took 0.075 seconds
[2025-04-16T00:15:09.994+0700] {processor.py:186} INFO - Started process (PID=337689) to work on /home/anhtupham99/NBA-analytics/py_env/lib/python3.11/site-packages/airflow/example_dags/example_complex.py
[2025-04-16T00:15:09.996+0700] {processor.py:914} INFO - Processing file /home/anhtupham99/NBA-analytics/py_env/lib/python3.11/site-packages/airflow/example_dags/example_complex.py for tasks to queue
[2025-04-16T00:15:09.998+0700] {logging_mixin.py:190} INFO - [2025-04-16T00:15:09.998+0700] {dagbag.py:588} INFO - Filling up the DagBag from /home/anhtupham99/NBA-analytics/py_env/lib/python3.11/site-packages/airflow/example_dags/example_complex.py
[2025-04-16T00:15:10.016+0700] {processor.py:925} INFO - DAG(s) 'example_complex' retrieved from /home/anhtupham99/NBA-analytics/py_env/lib/python3.11/site-packages/airflow/example_dags/example_complex.py
[2025-04-16T00:15:10.040+0700] {logging_mixin.py:190} INFO - [2025-04-16T00:15:10.040+0700] {dag.py:3239} INFO - Sync 1 DAGs
[2025-04-16T00:15:10.053+0700] {logging_mixin.py:190} INFO - [2025-04-16T00:15:10.052+0700] {dag.py:4180} INFO - Setting next_dagrun for example_complex to None, run_after=None
[2025-04-16T00:15:10.092+0700] {processor.py:208} INFO - Processing /home/anhtupham99/NBA-analytics/py_env/lib/python3.11/site-packages/airflow/example_dags/example_complex.py took 0.103 seconds
[2025-04-16T00:15:58.908+0700] {processor.py:186} INFO - Started process (PID=340297) to work on /home/anhtupham99/NBA-analytics/py_env/lib/python3.11/site-packages/airflow/example_dags/example_complex.py
[2025-04-16T00:15:58.909+0700] {processor.py:914} INFO - Processing file /home/anhtupham99/NBA-analytics/py_env/lib/python3.11/site-packages/airflow/example_dags/example_complex.py for tasks to queue
[2025-04-16T00:15:58.912+0700] {logging_mixin.py:190} INFO - [2025-04-16T00:15:58.912+0700] {dagbag.py:588} INFO - Filling up the DagBag from /home/anhtupham99/NBA-analytics/py_env/lib/python3.11/site-packages/airflow/example_dags/example_complex.py
[2025-04-16T00:15:58.926+0700] {processor.py:925} INFO - DAG(s) 'example_complex' retrieved from /home/anhtupham99/NBA-analytics/py_env/lib/python3.11/site-packages/airflow/example_dags/example_complex.py
[2025-04-16T00:15:58.949+0700] {logging_mixin.py:190} INFO - [2025-04-16T00:15:58.949+0700] {dag.py:3239} INFO - Sync 1 DAGs
[2025-04-16T00:15:58.961+0700] {logging_mixin.py:190} INFO - [2025-04-16T00:15:58.961+0700] {dag.py:4180} INFO - Setting next_dagrun for example_complex to None, run_after=None
[2025-04-16T00:15:58.988+0700] {processor.py:208} INFO - Processing /home/anhtupham99/NBA-analytics/py_env/lib/python3.11/site-packages/airflow/example_dags/example_complex.py took 0.089 seconds
[2025-04-16T00:16:49.617+0700] {processor.py:186} INFO - Started process (PID=342730) to work on /home/anhtupham99/NBA-analytics/py_env/lib/python3.11/site-packages/airflow/example_dags/example_complex.py
[2025-04-16T00:16:49.619+0700] {processor.py:914} INFO - Processing file /home/anhtupham99/NBA-analytics/py_env/lib/python3.11/site-packages/airflow/example_dags/example_complex.py for tasks to queue
[2025-04-16T00:16:49.622+0700] {logging_mixin.py:190} INFO - [2025-04-16T00:16:49.621+0700] {dagbag.py:588} INFO - Filling up the DagBag from /home/anhtupham99/NBA-analytics/py_env/lib/python3.11/site-packages/airflow/example_dags/example_complex.py
[2025-04-16T00:16:49.637+0700] {processor.py:925} INFO - DAG(s) 'example_complex' retrieved from /home/anhtupham99/NBA-analytics/py_env/lib/python3.11/site-packages/airflow/example_dags/example_complex.py
[2025-04-16T00:16:49.664+0700] {logging_mixin.py:190} INFO - [2025-04-16T00:16:49.664+0700] {dag.py:3239} INFO - Sync 1 DAGs
[2025-04-16T00:16:49.678+0700] {logging_mixin.py:190} INFO - [2025-04-16T00:16:49.678+0700] {dag.py:4180} INFO - Setting next_dagrun for example_complex to None, run_after=None
[2025-04-16T00:16:49.717+0700] {processor.py:208} INFO - Processing /home/anhtupham99/NBA-analytics/py_env/lib/python3.11/site-packages/airflow/example_dags/example_complex.py took 0.111 seconds
[2025-04-16T00:17:39.554+0700] {processor.py:186} INFO - Started process (PID=344495) to work on /home/anhtupham99/NBA-analytics/py_env/lib/python3.11/site-packages/airflow/example_dags/example_complex.py
[2025-04-16T00:17:39.558+0700] {processor.py:914} INFO - Processing file /home/anhtupham99/NBA-analytics/py_env/lib/python3.11/site-packages/airflow/example_dags/example_complex.py for tasks to queue
[2025-04-16T00:17:39.561+0700] {logging_mixin.py:190} INFO - [2025-04-16T00:17:39.560+0700] {dagbag.py:588} INFO - Filling up the DagBag from /home/anhtupham99/NBA-analytics/py_env/lib/python3.11/site-packages/airflow/example_dags/example_complex.py
[2025-04-16T00:17:39.571+0700] {processor.py:925} INFO - DAG(s) 'example_complex' retrieved from /home/anhtupham99/NBA-analytics/py_env/lib/python3.11/site-packages/airflow/example_dags/example_complex.py
[2025-04-16T00:17:39.589+0700] {logging_mixin.py:190} INFO - [2025-04-16T00:17:39.589+0700] {dag.py:3239} INFO - Sync 1 DAGs
[2025-04-16T00:17:39.599+0700] {logging_mixin.py:190} INFO - [2025-04-16T00:17:39.599+0700] {dag.py:4180} INFO - Setting next_dagrun for example_complex to None, run_after=None
[2025-04-16T00:17:39.629+0700] {processor.py:208} INFO - Processing /home/anhtupham99/NBA-analytics/py_env/lib/python3.11/site-packages/airflow/example_dags/example_complex.py took 0.080 seconds
[2025-04-16T00:18:30.107+0700] {processor.py:186} INFO - Started process (PID=347173) to work on /home/anhtupham99/NBA-analytics/py_env/lib/python3.11/site-packages/airflow/example_dags/example_complex.py
[2025-04-16T00:18:30.109+0700] {processor.py:914} INFO - Processing file /home/anhtupham99/NBA-analytics/py_env/lib/python3.11/site-packages/airflow/example_dags/example_complex.py for tasks to queue
[2025-04-16T00:18:30.111+0700] {logging_mixin.py:190} INFO - [2025-04-16T00:18:30.110+0700] {dagbag.py:588} INFO - Filling up the DagBag from /home/anhtupham99/NBA-analytics/py_env/lib/python3.11/site-packages/airflow/example_dags/example_complex.py
[2025-04-16T00:18:30.122+0700] {processor.py:925} INFO - DAG(s) 'example_complex' retrieved from /home/anhtupham99/NBA-analytics/py_env/lib/python3.11/site-packages/airflow/example_dags/example_complex.py
[2025-04-16T00:18:30.145+0700] {logging_mixin.py:190} INFO - [2025-04-16T00:18:30.145+0700] {dag.py:3239} INFO - Sync 1 DAGs
[2025-04-16T00:18:30.155+0700] {logging_mixin.py:190} INFO - [2025-04-16T00:18:30.155+0700] {dag.py:4180} INFO - Setting next_dagrun for example_complex to None, run_after=None
[2025-04-16T00:18:30.184+0700] {processor.py:208} INFO - Processing /home/anhtupham99/NBA-analytics/py_env/lib/python3.11/site-packages/airflow/example_dags/example_complex.py took 0.081 seconds
[2025-04-16T00:19:18.722+0700] {processor.py:186} INFO - Started process (PID=349328) to work on /home/anhtupham99/NBA-analytics/py_env/lib/python3.11/site-packages/airflow/example_dags/example_complex.py
[2025-04-16T00:19:18.724+0700] {processor.py:914} INFO - Processing file /home/anhtupham99/NBA-analytics/py_env/lib/python3.11/site-packages/airflow/example_dags/example_complex.py for tasks to queue
[2025-04-16T00:19:18.726+0700] {logging_mixin.py:190} INFO - [2025-04-16T00:19:18.725+0700] {dagbag.py:588} INFO - Filling up the DagBag from /home/anhtupham99/NBA-analytics/py_env/lib/python3.11/site-packages/airflow/example_dags/example_complex.py
[2025-04-16T00:19:18.737+0700] {processor.py:925} INFO - DAG(s) 'example_complex' retrieved from /home/anhtupham99/NBA-analytics/py_env/lib/python3.11/site-packages/airflow/example_dags/example_complex.py
[2025-04-16T00:19:18.758+0700] {logging_mixin.py:190} INFO - [2025-04-16T00:19:18.757+0700] {dag.py:3239} INFO - Sync 1 DAGs
[2025-04-16T00:19:18.767+0700] {logging_mixin.py:190} INFO - [2025-04-16T00:19:18.767+0700] {dag.py:4180} INFO - Setting next_dagrun for example_complex to None, run_after=None
[2025-04-16T00:19:18.790+0700] {processor.py:208} INFO - Processing /home/anhtupham99/NBA-analytics/py_env/lib/python3.11/site-packages/airflow/example_dags/example_complex.py took 0.073 seconds
[2025-04-16T00:20:09.033+0700] {processor.py:186} INFO - Started process (PID=351383) to work on /home/anhtupham99/NBA-analytics/py_env/lib/python3.11/site-packages/airflow/example_dags/example_complex.py
[2025-04-16T00:20:09.034+0700] {processor.py:914} INFO - Processing file /home/anhtupham99/NBA-analytics/py_env/lib/python3.11/site-packages/airflow/example_dags/example_complex.py for tasks to queue
[2025-04-16T00:20:09.036+0700] {logging_mixin.py:190} INFO - [2025-04-16T00:20:09.036+0700] {dagbag.py:588} INFO - Filling up the DagBag from /home/anhtupham99/NBA-analytics/py_env/lib/python3.11/site-packages/airflow/example_dags/example_complex.py
[2025-04-16T00:20:09.048+0700] {processor.py:925} INFO - DAG(s) 'example_complex' retrieved from /home/anhtupham99/NBA-analytics/py_env/lib/python3.11/site-packages/airflow/example_dags/example_complex.py
[2025-04-16T00:20:09.069+0700] {logging_mixin.py:190} INFO - [2025-04-16T00:20:09.068+0700] {dag.py:3239} INFO - Sync 1 DAGs
[2025-04-16T00:20:09.079+0700] {logging_mixin.py:190} INFO - [2025-04-16T00:20:09.079+0700] {dag.py:4180} INFO - Setting next_dagrun for example_complex to None, run_after=None
[2025-04-16T00:20:09.102+0700] {processor.py:208} INFO - Processing /home/anhtupham99/NBA-analytics/py_env/lib/python3.11/site-packages/airflow/example_dags/example_complex.py took 0.075 seconds
[2025-04-16T00:20:57.588+0700] {processor.py:186} INFO - Started process (PID=353216) to work on /home/anhtupham99/NBA-analytics/py_env/lib/python3.11/site-packages/airflow/example_dags/example_complex.py
[2025-04-16T00:20:57.589+0700] {processor.py:914} INFO - Processing file /home/anhtupham99/NBA-analytics/py_env/lib/python3.11/site-packages/airflow/example_dags/example_complex.py for tasks to queue
[2025-04-16T00:20:57.591+0700] {logging_mixin.py:190} INFO - [2025-04-16T00:20:57.591+0700] {dagbag.py:588} INFO - Filling up the DagBag from /home/anhtupham99/NBA-analytics/py_env/lib/python3.11/site-packages/airflow/example_dags/example_complex.py
[2025-04-16T00:20:57.603+0700] {processor.py:925} INFO - DAG(s) 'example_complex' retrieved from /home/anhtupham99/NBA-analytics/py_env/lib/python3.11/site-packages/airflow/example_dags/example_complex.py
[2025-04-16T00:20:57.631+0700] {logging_mixin.py:190} INFO - [2025-04-16T00:20:57.631+0700] {dag.py:3239} INFO - Sync 1 DAGs
[2025-04-16T00:20:57.646+0700] {logging_mixin.py:190} INFO - [2025-04-16T00:20:57.645+0700] {dag.py:4180} INFO - Setting next_dagrun for example_complex to None, run_after=None
[2025-04-16T00:20:57.677+0700] {processor.py:208} INFO - Processing /home/anhtupham99/NBA-analytics/py_env/lib/python3.11/site-packages/airflow/example_dags/example_complex.py took 0.096 seconds
[2025-04-16T00:21:47.615+0700] {processor.py:186} INFO - Started process (PID=355105) to work on /home/anhtupham99/NBA-analytics/py_env/lib/python3.11/site-packages/airflow/example_dags/example_complex.py
[2025-04-16T00:21:47.617+0700] {processor.py:914} INFO - Processing file /home/anhtupham99/NBA-analytics/py_env/lib/python3.11/site-packages/airflow/example_dags/example_complex.py for tasks to queue
[2025-04-16T00:21:47.619+0700] {logging_mixin.py:190} INFO - [2025-04-16T00:21:47.618+0700] {dagbag.py:588} INFO - Filling up the DagBag from /home/anhtupham99/NBA-analytics/py_env/lib/python3.11/site-packages/airflow/example_dags/example_complex.py
[2025-04-16T00:21:47.629+0700] {processor.py:925} INFO - DAG(s) 'example_complex' retrieved from /home/anhtupham99/NBA-analytics/py_env/lib/python3.11/site-packages/airflow/example_dags/example_complex.py
[2025-04-16T00:21:47.650+0700] {logging_mixin.py:190} INFO - [2025-04-16T00:21:47.649+0700] {dag.py:3239} INFO - Sync 1 DAGs
[2025-04-16T00:21:47.659+0700] {logging_mixin.py:190} INFO - [2025-04-16T00:21:47.659+0700] {dag.py:4180} INFO - Setting next_dagrun for example_complex to None, run_after=None
[2025-04-16T00:21:47.686+0700] {processor.py:208} INFO - Processing /home/anhtupham99/NBA-analytics/py_env/lib/python3.11/site-packages/airflow/example_dags/example_complex.py took 0.076 seconds
[2025-04-16T00:22:40.317+0700] {processor.py:186} INFO - Started process (PID=357027) to work on /home/anhtupham99/NBA-analytics/py_env/lib/python3.11/site-packages/airflow/example_dags/example_complex.py
[2025-04-16T00:22:40.318+0700] {processor.py:914} INFO - Processing file /home/anhtupham99/NBA-analytics/py_env/lib/python3.11/site-packages/airflow/example_dags/example_complex.py for tasks to queue
[2025-04-16T00:22:40.320+0700] {logging_mixin.py:190} INFO - [2025-04-16T00:22:40.320+0700] {dagbag.py:588} INFO - Filling up the DagBag from /home/anhtupham99/NBA-analytics/py_env/lib/python3.11/site-packages/airflow/example_dags/example_complex.py
[2025-04-16T00:22:40.333+0700] {processor.py:925} INFO - DAG(s) 'example_complex' retrieved from /home/anhtupham99/NBA-analytics/py_env/lib/python3.11/site-packages/airflow/example_dags/example_complex.py
[2025-04-16T00:22:40.353+0700] {logging_mixin.py:190} INFO - [2025-04-16T00:22:40.352+0700] {dag.py:3239} INFO - Sync 1 DAGs
[2025-04-16T00:22:40.361+0700] {logging_mixin.py:190} INFO - [2025-04-16T00:22:40.361+0700] {dag.py:4180} INFO - Setting next_dagrun for example_complex to None, run_after=None
[2025-04-16T00:22:40.384+0700] {processor.py:208} INFO - Processing /home/anhtupham99/NBA-analytics/py_env/lib/python3.11/site-packages/airflow/example_dags/example_complex.py took 0.072 seconds
[2025-04-16T00:23:29.084+0700] {processor.py:186} INFO - Started process (PID=358404) to work on /home/anhtupham99/NBA-analytics/py_env/lib/python3.11/site-packages/airflow/example_dags/example_complex.py
[2025-04-16T00:23:29.085+0700] {processor.py:914} INFO - Processing file /home/anhtupham99/NBA-analytics/py_env/lib/python3.11/site-packages/airflow/example_dags/example_complex.py for tasks to queue
[2025-04-16T00:23:29.087+0700] {logging_mixin.py:190} INFO - [2025-04-16T00:23:29.087+0700] {dagbag.py:588} INFO - Filling up the DagBag from /home/anhtupham99/NBA-analytics/py_env/lib/python3.11/site-packages/airflow/example_dags/example_complex.py
[2025-04-16T00:23:29.096+0700] {processor.py:925} INFO - DAG(s) 'example_complex' retrieved from /home/anhtupham99/NBA-analytics/py_env/lib/python3.11/site-packages/airflow/example_dags/example_complex.py
[2025-04-16T00:23:29.114+0700] {logging_mixin.py:190} INFO - [2025-04-16T00:23:29.114+0700] {dag.py:3239} INFO - Sync 1 DAGs
[2025-04-16T00:23:29.125+0700] {logging_mixin.py:190} INFO - [2025-04-16T00:23:29.125+0700] {dag.py:4180} INFO - Setting next_dagrun for example_complex to None, run_after=None
[2025-04-16T00:23:29.150+0700] {processor.py:208} INFO - Processing /home/anhtupham99/NBA-analytics/py_env/lib/python3.11/site-packages/airflow/example_dags/example_complex.py took 0.071 seconds
[2025-04-16T00:24:15.658+0700] {processor.py:186} INFO - Started process (PID=360293) to work on /home/anhtupham99/NBA-analytics/py_env/lib/python3.11/site-packages/airflow/example_dags/example_complex.py
[2025-04-16T00:24:15.659+0700] {processor.py:914} INFO - Processing file /home/anhtupham99/NBA-analytics/py_env/lib/python3.11/site-packages/airflow/example_dags/example_complex.py for tasks to queue
[2025-04-16T00:24:15.661+0700] {logging_mixin.py:190} INFO - [2025-04-16T00:24:15.661+0700] {dagbag.py:588} INFO - Filling up the DagBag from /home/anhtupham99/NBA-analytics/py_env/lib/python3.11/site-packages/airflow/example_dags/example_complex.py
[2025-04-16T00:24:15.671+0700] {processor.py:925} INFO - DAG(s) 'example_complex' retrieved from /home/anhtupham99/NBA-analytics/py_env/lib/python3.11/site-packages/airflow/example_dags/example_complex.py
[2025-04-16T00:24:15.690+0700] {logging_mixin.py:190} INFO - [2025-04-16T00:24:15.690+0700] {dag.py:3239} INFO - Sync 1 DAGs
[2025-04-16T00:24:15.700+0700] {logging_mixin.py:190} INFO - [2025-04-16T00:24:15.700+0700] {dag.py:4180} INFO - Setting next_dagrun for example_complex to None, run_after=None
[2025-04-16T00:24:15.725+0700] {processor.py:208} INFO - Processing /home/anhtupham99/NBA-analytics/py_env/lib/python3.11/site-packages/airflow/example_dags/example_complex.py took 0.072 seconds
[2025-04-16T00:25:07.912+0700] {processor.py:186} INFO - Started process (PID=362281) to work on /home/anhtupham99/NBA-analytics/py_env/lib/python3.11/site-packages/airflow/example_dags/example_complex.py
[2025-04-16T00:25:07.914+0700] {processor.py:914} INFO - Processing file /home/anhtupham99/NBA-analytics/py_env/lib/python3.11/site-packages/airflow/example_dags/example_complex.py for tasks to queue
[2025-04-16T00:25:07.916+0700] {logging_mixin.py:190} INFO - [2025-04-16T00:25:07.916+0700] {dagbag.py:588} INFO - Filling up the DagBag from /home/anhtupham99/NBA-analytics/py_env/lib/python3.11/site-packages/airflow/example_dags/example_complex.py
[2025-04-16T00:25:07.925+0700] {processor.py:925} INFO - DAG(s) 'example_complex' retrieved from /home/anhtupham99/NBA-analytics/py_env/lib/python3.11/site-packages/airflow/example_dags/example_complex.py
[2025-04-16T00:25:07.943+0700] {logging_mixin.py:190} INFO - [2025-04-16T00:25:07.943+0700] {dag.py:3239} INFO - Sync 1 DAGs
[2025-04-16T00:25:07.952+0700] {logging_mixin.py:190} INFO - [2025-04-16T00:25:07.952+0700] {dag.py:4180} INFO - Setting next_dagrun for example_complex to None, run_after=None
[2025-04-16T00:25:07.975+0700] {processor.py:208} INFO - Processing /home/anhtupham99/NBA-analytics/py_env/lib/python3.11/site-packages/airflow/example_dags/example_complex.py took 0.067 seconds
[2025-04-16T00:25:56.221+0700] {processor.py:186} INFO - Started process (PID=364032) to work on /home/anhtupham99/NBA-analytics/py_env/lib/python3.11/site-packages/airflow/example_dags/example_complex.py
[2025-04-16T00:25:56.222+0700] {processor.py:914} INFO - Processing file /home/anhtupham99/NBA-analytics/py_env/lib/python3.11/site-packages/airflow/example_dags/example_complex.py for tasks to queue
[2025-04-16T00:25:56.224+0700] {logging_mixin.py:190} INFO - [2025-04-16T00:25:56.223+0700] {dagbag.py:588} INFO - Filling up the DagBag from /home/anhtupham99/NBA-analytics/py_env/lib/python3.11/site-packages/airflow/example_dags/example_complex.py
[2025-04-16T00:25:56.234+0700] {processor.py:925} INFO - DAG(s) 'example_complex' retrieved from /home/anhtupham99/NBA-analytics/py_env/lib/python3.11/site-packages/airflow/example_dags/example_complex.py
[2025-04-16T00:25:56.258+0700] {logging_mixin.py:190} INFO - [2025-04-16T00:25:56.258+0700] {dag.py:3239} INFO - Sync 1 DAGs
[2025-04-16T00:25:56.268+0700] {logging_mixin.py:190} INFO - [2025-04-16T00:25:56.268+0700] {dag.py:4180} INFO - Setting next_dagrun for example_complex to None, run_after=None
[2025-04-16T00:25:56.293+0700] {processor.py:208} INFO - Processing /home/anhtupham99/NBA-analytics/py_env/lib/python3.11/site-packages/airflow/example_dags/example_complex.py took 0.078 seconds
[2025-04-16T00:26:42.704+0700] {processor.py:186} INFO - Started process (PID=365083) to work on /home/anhtupham99/NBA-analytics/py_env/lib/python3.11/site-packages/airflow/example_dags/example_complex.py
[2025-04-16T00:26:42.705+0700] {processor.py:914} INFO - Processing file /home/anhtupham99/NBA-analytics/py_env/lib/python3.11/site-packages/airflow/example_dags/example_complex.py for tasks to queue
[2025-04-16T00:26:42.707+0700] {logging_mixin.py:190} INFO - [2025-04-16T00:26:42.707+0700] {dagbag.py:588} INFO - Filling up the DagBag from /home/anhtupham99/NBA-analytics/py_env/lib/python3.11/site-packages/airflow/example_dags/example_complex.py
[2025-04-16T00:26:42.716+0700] {processor.py:925} INFO - DAG(s) 'example_complex' retrieved from /home/anhtupham99/NBA-analytics/py_env/lib/python3.11/site-packages/airflow/example_dags/example_complex.py
[2025-04-16T00:26:42.732+0700] {logging_mixin.py:190} INFO - [2025-04-16T00:26:42.732+0700] {dag.py:3239} INFO - Sync 1 DAGs
[2025-04-16T00:26:42.740+0700] {logging_mixin.py:190} INFO - [2025-04-16T00:26:42.740+0700] {dag.py:4180} INFO - Setting next_dagrun for example_complex to None, run_after=None
[2025-04-16T00:26:42.764+0700] {processor.py:208} INFO - Processing /home/anhtupham99/NBA-analytics/py_env/lib/python3.11/site-packages/airflow/example_dags/example_complex.py took 0.064 seconds
[2025-04-16T00:27:32.738+0700] {processor.py:186} INFO - Started process (PID=366301) to work on /home/anhtupham99/NBA-analytics/py_env/lib/python3.11/site-packages/airflow/example_dags/example_complex.py
[2025-04-16T00:27:32.739+0700] {processor.py:914} INFO - Processing file /home/anhtupham99/NBA-analytics/py_env/lib/python3.11/site-packages/airflow/example_dags/example_complex.py for tasks to queue
[2025-04-16T00:27:32.741+0700] {logging_mixin.py:190} INFO - [2025-04-16T00:27:32.740+0700] {dagbag.py:588} INFO - Filling up the DagBag from /home/anhtupham99/NBA-analytics/py_env/lib/python3.11/site-packages/airflow/example_dags/example_complex.py
[2025-04-16T00:27:32.750+0700] {processor.py:925} INFO - DAG(s) 'example_complex' retrieved from /home/anhtupham99/NBA-analytics/py_env/lib/python3.11/site-packages/airflow/example_dags/example_complex.py
[2025-04-16T00:27:32.768+0700] {logging_mixin.py:190} INFO - [2025-04-16T00:27:32.768+0700] {dag.py:3239} INFO - Sync 1 DAGs
[2025-04-16T00:27:32.776+0700] {logging_mixin.py:190} INFO - [2025-04-16T00:27:32.776+0700] {dag.py:4180} INFO - Setting next_dagrun for example_complex to None, run_after=None
[2025-04-16T00:27:32.799+0700] {processor.py:208} INFO - Processing /home/anhtupham99/NBA-analytics/py_env/lib/python3.11/site-packages/airflow/example_dags/example_complex.py took 0.067 seconds
[2025-04-16T00:28:20.270+0700] {processor.py:186} INFO - Started process (PID=367580) to work on /home/anhtupham99/NBA-analytics/py_env/lib/python3.11/site-packages/airflow/example_dags/example_complex.py
[2025-04-16T00:28:20.272+0700] {processor.py:914} INFO - Processing file /home/anhtupham99/NBA-analytics/py_env/lib/python3.11/site-packages/airflow/example_dags/example_complex.py for tasks to queue
[2025-04-16T00:28:20.275+0700] {logging_mixin.py:190} INFO - [2025-04-16T00:28:20.274+0700] {dagbag.py:588} INFO - Filling up the DagBag from /home/anhtupham99/NBA-analytics/py_env/lib/python3.11/site-packages/airflow/example_dags/example_complex.py
[2025-04-16T00:28:20.287+0700] {processor.py:925} INFO - DAG(s) 'example_complex' retrieved from /home/anhtupham99/NBA-analytics/py_env/lib/python3.11/site-packages/airflow/example_dags/example_complex.py
[2025-04-16T00:28:20.310+0700] {logging_mixin.py:190} INFO - [2025-04-16T00:28:20.309+0700] {dag.py:3239} INFO - Sync 1 DAGs
[2025-04-16T00:28:20.321+0700] {logging_mixin.py:190} INFO - [2025-04-16T00:28:20.321+0700] {dag.py:4180} INFO - Setting next_dagrun for example_complex to None, run_after=None
[2025-04-16T00:28:20.353+0700] {processor.py:208} INFO - Processing /home/anhtupham99/NBA-analytics/py_env/lib/python3.11/site-packages/airflow/example_dags/example_complex.py took 0.088 seconds
[2025-04-16T00:29:07.181+0700] {processor.py:186} INFO - Started process (PID=368644) to work on /home/anhtupham99/NBA-analytics/py_env/lib/python3.11/site-packages/airflow/example_dags/example_complex.py
[2025-04-16T00:29:07.183+0700] {processor.py:914} INFO - Processing file /home/anhtupham99/NBA-analytics/py_env/lib/python3.11/site-packages/airflow/example_dags/example_complex.py for tasks to queue
[2025-04-16T00:29:07.185+0700] {logging_mixin.py:190} INFO - [2025-04-16T00:29:07.185+0700] {dagbag.py:588} INFO - Filling up the DagBag from /home/anhtupham99/NBA-analytics/py_env/lib/python3.11/site-packages/airflow/example_dags/example_complex.py
[2025-04-16T00:29:07.198+0700] {processor.py:925} INFO - DAG(s) 'example_complex' retrieved from /home/anhtupham99/NBA-analytics/py_env/lib/python3.11/site-packages/airflow/example_dags/example_complex.py
[2025-04-16T00:29:07.227+0700] {logging_mixin.py:190} INFO - [2025-04-16T00:29:07.227+0700] {dag.py:3239} INFO - Sync 1 DAGs
[2025-04-16T00:29:07.242+0700] {logging_mixin.py:190} INFO - [2025-04-16T00:29:07.242+0700] {dag.py:4180} INFO - Setting next_dagrun for example_complex to None, run_after=None
[2025-04-16T00:29:07.284+0700] {processor.py:208} INFO - Processing /home/anhtupham99/NBA-analytics/py_env/lib/python3.11/site-packages/airflow/example_dags/example_complex.py took 0.110 seconds
[2025-04-16T00:29:54.896+0700] {processor.py:186} INFO - Started process (PID=369758) to work on /home/anhtupham99/NBA-analytics/py_env/lib/python3.11/site-packages/airflow/example_dags/example_complex.py
[2025-04-16T00:29:54.900+0700] {processor.py:914} INFO - Processing file /home/anhtupham99/NBA-analytics/py_env/lib/python3.11/site-packages/airflow/example_dags/example_complex.py for tasks to queue
[2025-04-16T00:29:54.901+0700] {logging_mixin.py:190} INFO - [2025-04-16T00:29:54.901+0700] {dagbag.py:588} INFO - Filling up the DagBag from /home/anhtupham99/NBA-analytics/py_env/lib/python3.11/site-packages/airflow/example_dags/example_complex.py
[2025-04-16T00:29:54.910+0700] {processor.py:925} INFO - DAG(s) 'example_complex' retrieved from /home/anhtupham99/NBA-analytics/py_env/lib/python3.11/site-packages/airflow/example_dags/example_complex.py
[2025-04-16T00:29:54.927+0700] {logging_mixin.py:190} INFO - [2025-04-16T00:29:54.927+0700] {dag.py:3239} INFO - Sync 1 DAGs
[2025-04-16T00:29:54.936+0700] {logging_mixin.py:190} INFO - [2025-04-16T00:29:54.936+0700] {dag.py:4180} INFO - Setting next_dagrun for example_complex to None, run_after=None
[2025-04-16T00:29:54.960+0700] {processor.py:208} INFO - Processing /home/anhtupham99/NBA-analytics/py_env/lib/python3.11/site-packages/airflow/example_dags/example_complex.py took 0.068 seconds
[2025-04-16T00:30:43.385+0700] {processor.py:186} INFO - Started process (PID=370915) to work on /home/anhtupham99/NBA-analytics/py_env/lib/python3.11/site-packages/airflow/example_dags/example_complex.py
[2025-04-16T00:30:43.386+0700] {processor.py:914} INFO - Processing file /home/anhtupham99/NBA-analytics/py_env/lib/python3.11/site-packages/airflow/example_dags/example_complex.py for tasks to queue
[2025-04-16T00:30:43.389+0700] {logging_mixin.py:190} INFO - [2025-04-16T00:30:43.388+0700] {dagbag.py:588} INFO - Filling up the DagBag from /home/anhtupham99/NBA-analytics/py_env/lib/python3.11/site-packages/airflow/example_dags/example_complex.py
[2025-04-16T00:30:43.402+0700] {processor.py:925} INFO - DAG(s) 'example_complex' retrieved from /home/anhtupham99/NBA-analytics/py_env/lib/python3.11/site-packages/airflow/example_dags/example_complex.py
[2025-04-16T00:30:43.429+0700] {logging_mixin.py:190} INFO - [2025-04-16T00:30:43.429+0700] {dag.py:3239} INFO - Sync 1 DAGs
[2025-04-16T00:30:43.446+0700] {logging_mixin.py:190} INFO - [2025-04-16T00:30:43.446+0700] {dag.py:4180} INFO - Setting next_dagrun for example_complex to None, run_after=None
[2025-04-16T00:30:43.474+0700] {processor.py:208} INFO - Processing /home/anhtupham99/NBA-analytics/py_env/lib/python3.11/site-packages/airflow/example_dags/example_complex.py took 0.096 seconds
[2025-04-16T00:31:29.893+0700] {processor.py:186} INFO - Started process (PID=372289) to work on /home/anhtupham99/NBA-analytics/py_env/lib/python3.11/site-packages/airflow/example_dags/example_complex.py
[2025-04-16T00:31:29.894+0700] {processor.py:914} INFO - Processing file /home/anhtupham99/NBA-analytics/py_env/lib/python3.11/site-packages/airflow/example_dags/example_complex.py for tasks to queue
[2025-04-16T00:31:29.896+0700] {logging_mixin.py:190} INFO - [2025-04-16T00:31:29.896+0700] {dagbag.py:588} INFO - Filling up the DagBag from /home/anhtupham99/NBA-analytics/py_env/lib/python3.11/site-packages/airflow/example_dags/example_complex.py
[2025-04-16T00:31:29.908+0700] {processor.py:925} INFO - DAG(s) 'example_complex' retrieved from /home/anhtupham99/NBA-analytics/py_env/lib/python3.11/site-packages/airflow/example_dags/example_complex.py
[2025-04-16T00:31:29.930+0700] {logging_mixin.py:190} INFO - [2025-04-16T00:31:29.929+0700] {dag.py:3239} INFO - Sync 1 DAGs
[2025-04-16T00:31:29.940+0700] {logging_mixin.py:190} INFO - [2025-04-16T00:31:29.940+0700] {dag.py:4180} INFO - Setting next_dagrun for example_complex to None, run_after=None
[2025-04-16T00:31:29.967+0700] {processor.py:208} INFO - Processing /home/anhtupham99/NBA-analytics/py_env/lib/python3.11/site-packages/airflow/example_dags/example_complex.py took 0.079 seconds
[2025-04-16T00:32:14.127+0700] {processor.py:186} INFO - Started process (PID=373352) to work on /home/anhtupham99/NBA-analytics/py_env/lib/python3.11/site-packages/airflow/example_dags/example_complex.py
[2025-04-16T00:32:14.128+0700] {processor.py:914} INFO - Processing file /home/anhtupham99/NBA-analytics/py_env/lib/python3.11/site-packages/airflow/example_dags/example_complex.py for tasks to queue
[2025-04-16T00:32:14.130+0700] {logging_mixin.py:190} INFO - [2025-04-16T00:32:14.130+0700] {dagbag.py:588} INFO - Filling up the DagBag from /home/anhtupham99/NBA-analytics/py_env/lib/python3.11/site-packages/airflow/example_dags/example_complex.py
[2025-04-16T00:32:14.139+0700] {processor.py:925} INFO - DAG(s) 'example_complex' retrieved from /home/anhtupham99/NBA-analytics/py_env/lib/python3.11/site-packages/airflow/example_dags/example_complex.py
[2025-04-16T00:32:14.156+0700] {logging_mixin.py:190} INFO - [2025-04-16T00:32:14.155+0700] {dag.py:3239} INFO - Sync 1 DAGs
[2025-04-16T00:32:14.165+0700] {logging_mixin.py:190} INFO - [2025-04-16T00:32:14.164+0700] {dag.py:4180} INFO - Setting next_dagrun for example_complex to None, run_after=None
[2025-04-16T00:32:14.189+0700] {processor.py:208} INFO - Processing /home/anhtupham99/NBA-analytics/py_env/lib/python3.11/site-packages/airflow/example_dags/example_complex.py took 0.067 seconds
[2025-04-16T00:33:00.903+0700] {processor.py:186} INFO - Started process (PID=374556) to work on /home/anhtupham99/NBA-analytics/py_env/lib/python3.11/site-packages/airflow/example_dags/example_complex.py
[2025-04-16T00:33:00.904+0700] {processor.py:914} INFO - Processing file /home/anhtupham99/NBA-analytics/py_env/lib/python3.11/site-packages/airflow/example_dags/example_complex.py for tasks to queue
[2025-04-16T00:33:00.906+0700] {logging_mixin.py:190} INFO - [2025-04-16T00:33:00.905+0700] {dagbag.py:588} INFO - Filling up the DagBag from /home/anhtupham99/NBA-analytics/py_env/lib/python3.11/site-packages/airflow/example_dags/example_complex.py
[2025-04-16T00:33:00.915+0700] {processor.py:925} INFO - DAG(s) 'example_complex' retrieved from /home/anhtupham99/NBA-analytics/py_env/lib/python3.11/site-packages/airflow/example_dags/example_complex.py
[2025-04-16T00:33:00.933+0700] {logging_mixin.py:190} INFO - [2025-04-16T00:33:00.933+0700] {dag.py:3239} INFO - Sync 1 DAGs
[2025-04-16T00:33:00.942+0700] {logging_mixin.py:190} INFO - [2025-04-16T00:33:00.942+0700] {dag.py:4180} INFO - Setting next_dagrun for example_complex to None, run_after=None
[2025-04-16T00:33:00.964+0700] {processor.py:208} INFO - Processing /home/anhtupham99/NBA-analytics/py_env/lib/python3.11/site-packages/airflow/example_dags/example_complex.py took 0.066 seconds
[2025-04-16T00:33:48.500+0700] {processor.py:186} INFO - Started process (PID=375634) to work on /home/anhtupham99/NBA-analytics/py_env/lib/python3.11/site-packages/airflow/example_dags/example_complex.py
[2025-04-16T00:33:48.501+0700] {processor.py:914} INFO - Processing file /home/anhtupham99/NBA-analytics/py_env/lib/python3.11/site-packages/airflow/example_dags/example_complex.py for tasks to queue
[2025-04-16T00:33:48.502+0700] {logging_mixin.py:190} INFO - [2025-04-16T00:33:48.502+0700] {dagbag.py:588} INFO - Filling up the DagBag from /home/anhtupham99/NBA-analytics/py_env/lib/python3.11/site-packages/airflow/example_dags/example_complex.py
[2025-04-16T00:33:48.512+0700] {processor.py:925} INFO - DAG(s) 'example_complex' retrieved from /home/anhtupham99/NBA-analytics/py_env/lib/python3.11/site-packages/airflow/example_dags/example_complex.py
[2025-04-16T00:33:48.535+0700] {logging_mixin.py:190} INFO - [2025-04-16T00:33:48.535+0700] {dag.py:3239} INFO - Sync 1 DAGs
[2025-04-16T00:33:48.547+0700] {logging_mixin.py:190} INFO - [2025-04-16T00:33:48.547+0700] {dag.py:4180} INFO - Setting next_dagrun for example_complex to None, run_after=None
[2025-04-16T00:33:48.578+0700] {processor.py:208} INFO - Processing /home/anhtupham99/NBA-analytics/py_env/lib/python3.11/site-packages/airflow/example_dags/example_complex.py took 0.083 seconds
[2025-04-16T00:34:37.289+0700] {processor.py:186} INFO - Started process (PID=376702) to work on /home/anhtupham99/NBA-analytics/py_env/lib/python3.11/site-packages/airflow/example_dags/example_complex.py
[2025-04-16T00:34:37.291+0700] {processor.py:914} INFO - Processing file /home/anhtupham99/NBA-analytics/py_env/lib/python3.11/site-packages/airflow/example_dags/example_complex.py for tasks to queue
[2025-04-16T00:34:37.294+0700] {logging_mixin.py:190} INFO - [2025-04-16T00:34:37.294+0700] {dagbag.py:588} INFO - Filling up the DagBag from /home/anhtupham99/NBA-analytics/py_env/lib/python3.11/site-packages/airflow/example_dags/example_complex.py
[2025-04-16T00:34:37.306+0700] {processor.py:925} INFO - DAG(s) 'example_complex' retrieved from /home/anhtupham99/NBA-analytics/py_env/lib/python3.11/site-packages/airflow/example_dags/example_complex.py
[2025-04-16T00:34:37.324+0700] {logging_mixin.py:190} INFO - [2025-04-16T00:34:37.324+0700] {dag.py:3239} INFO - Sync 1 DAGs
[2025-04-16T00:34:37.332+0700] {logging_mixin.py:190} INFO - [2025-04-16T00:34:37.332+0700] {dag.py:4180} INFO - Setting next_dagrun for example_complex to None, run_after=None
[2025-04-16T00:34:37.355+0700] {processor.py:208} INFO - Processing /home/anhtupham99/NBA-analytics/py_env/lib/python3.11/site-packages/airflow/example_dags/example_complex.py took 0.075 seconds
[2025-04-16T00:35:23.396+0700] {processor.py:186} INFO - Started process (PID=377947) to work on /home/anhtupham99/NBA-analytics/py_env/lib/python3.11/site-packages/airflow/example_dags/example_complex.py
[2025-04-16T00:35:23.397+0700] {processor.py:914} INFO - Processing file /home/anhtupham99/NBA-analytics/py_env/lib/python3.11/site-packages/airflow/example_dags/example_complex.py for tasks to queue
[2025-04-16T00:35:23.399+0700] {logging_mixin.py:190} INFO - [2025-04-16T00:35:23.399+0700] {dagbag.py:588} INFO - Filling up the DagBag from /home/anhtupham99/NBA-analytics/py_env/lib/python3.11/site-packages/airflow/example_dags/example_complex.py
[2025-04-16T00:35:23.411+0700] {processor.py:925} INFO - DAG(s) 'example_complex' retrieved from /home/anhtupham99/NBA-analytics/py_env/lib/python3.11/site-packages/airflow/example_dags/example_complex.py
[2025-04-16T00:35:23.435+0700] {logging_mixin.py:190} INFO - [2025-04-16T00:35:23.435+0700] {dag.py:3239} INFO - Sync 1 DAGs
[2025-04-16T00:35:23.446+0700] {logging_mixin.py:190} INFO - [2025-04-16T00:35:23.446+0700] {dag.py:4180} INFO - Setting next_dagrun for example_complex to None, run_after=None
[2025-04-16T00:35:23.471+0700] {processor.py:208} INFO - Processing /home/anhtupham99/NBA-analytics/py_env/lib/python3.11/site-packages/airflow/example_dags/example_complex.py took 0.080 seconds
[2025-04-16T00:36:11.591+0700] {processor.py:186} INFO - Started process (PID=379133) to work on /home/anhtupham99/NBA-analytics/py_env/lib/python3.11/site-packages/airflow/example_dags/example_complex.py
[2025-04-16T00:36:11.595+0700] {processor.py:914} INFO - Processing file /home/anhtupham99/NBA-analytics/py_env/lib/python3.11/site-packages/airflow/example_dags/example_complex.py for tasks to queue
[2025-04-16T00:36:11.597+0700] {logging_mixin.py:190} INFO - [2025-04-16T00:36:11.596+0700] {dagbag.py:588} INFO - Filling up the DagBag from /home/anhtupham99/NBA-analytics/py_env/lib/python3.11/site-packages/airflow/example_dags/example_complex.py
[2025-04-16T00:36:11.607+0700] {processor.py:925} INFO - DAG(s) 'example_complex' retrieved from /home/anhtupham99/NBA-analytics/py_env/lib/python3.11/site-packages/airflow/example_dags/example_complex.py
[2025-04-16T00:36:11.624+0700] {logging_mixin.py:190} INFO - [2025-04-16T00:36:11.624+0700] {dag.py:3239} INFO - Sync 1 DAGs
[2025-04-16T00:36:11.632+0700] {logging_mixin.py:190} INFO - [2025-04-16T00:36:11.632+0700] {dag.py:4180} INFO - Setting next_dagrun for example_complex to None, run_after=None
[2025-04-16T00:36:11.654+0700] {processor.py:208} INFO - Processing /home/anhtupham99/NBA-analytics/py_env/lib/python3.11/site-packages/airflow/example_dags/example_complex.py took 0.068 seconds
[2025-04-16T00:37:00.183+0700] {processor.py:186} INFO - Started process (PID=380589) to work on /home/anhtupham99/NBA-analytics/py_env/lib/python3.11/site-packages/airflow/example_dags/example_complex.py
[2025-04-16T00:37:00.184+0700] {processor.py:914} INFO - Processing file /home/anhtupham99/NBA-analytics/py_env/lib/python3.11/site-packages/airflow/example_dags/example_complex.py for tasks to queue
[2025-04-16T00:37:00.186+0700] {logging_mixin.py:190} INFO - [2025-04-16T00:37:00.186+0700] {dagbag.py:588} INFO - Filling up the DagBag from /home/anhtupham99/NBA-analytics/py_env/lib/python3.11/site-packages/airflow/example_dags/example_complex.py
[2025-04-16T00:37:00.195+0700] {processor.py:925} INFO - DAG(s) 'example_complex' retrieved from /home/anhtupham99/NBA-analytics/py_env/lib/python3.11/site-packages/airflow/example_dags/example_complex.py
[2025-04-16T00:37:00.214+0700] {logging_mixin.py:190} INFO - [2025-04-16T00:37:00.214+0700] {dag.py:3239} INFO - Sync 1 DAGs
[2025-04-16T00:37:00.223+0700] {logging_mixin.py:190} INFO - [2025-04-16T00:37:00.222+0700] {dag.py:4180} INFO - Setting next_dagrun for example_complex to None, run_after=None
[2025-04-16T00:37:00.244+0700] {processor.py:208} INFO - Processing /home/anhtupham99/NBA-analytics/py_env/lib/python3.11/site-packages/airflow/example_dags/example_complex.py took 0.066 seconds
[2025-04-16T00:37:44.742+0700] {processor.py:186} INFO - Started process (PID=381673) to work on /home/anhtupham99/NBA-analytics/py_env/lib/python3.11/site-packages/airflow/example_dags/example_complex.py
[2025-04-16T00:37:44.747+0700] {processor.py:914} INFO - Processing file /home/anhtupham99/NBA-analytics/py_env/lib/python3.11/site-packages/airflow/example_dags/example_complex.py for tasks to queue
[2025-04-16T00:37:44.749+0700] {logging_mixin.py:190} INFO - [2025-04-16T00:37:44.749+0700] {dagbag.py:588} INFO - Filling up the DagBag from /home/anhtupham99/NBA-analytics/py_env/lib/python3.11/site-packages/airflow/example_dags/example_complex.py
[2025-04-16T00:37:44.761+0700] {processor.py:925} INFO - DAG(s) 'example_complex' retrieved from /home/anhtupham99/NBA-analytics/py_env/lib/python3.11/site-packages/airflow/example_dags/example_complex.py
[2025-04-16T00:37:44.785+0700] {logging_mixin.py:190} INFO - [2025-04-16T00:37:44.785+0700] {dag.py:3239} INFO - Sync 1 DAGs
[2025-04-16T00:37:44.796+0700] {logging_mixin.py:190} INFO - [2025-04-16T00:37:44.796+0700] {dag.py:4180} INFO - Setting next_dagrun for example_complex to None, run_after=None
[2025-04-16T00:37:44.821+0700] {processor.py:208} INFO - Processing /home/anhtupham99/NBA-analytics/py_env/lib/python3.11/site-packages/airflow/example_dags/example_complex.py took 0.085 seconds
