[2025-04-15T23:47:10.066+0700] {processor.py:186} INFO - Started process (PID=298296) to work on /home/anhtupham99/NBA-analytics/py_env/lib/python3.11/site-packages/airflow/example_dags/example_latest_only.py
[2025-04-15T23:47:10.066+0700] {processor.py:914} INFO - Processing file /home/anhtupham99/NBA-analytics/py_env/lib/python3.11/site-packages/airflow/example_dags/example_latest_only.py for tasks to queue
[2025-04-15T23:47:10.068+0700] {logging_mixin.py:190} INFO - [2025-04-15T23:47:10.068+0700] {dagbag.py:588} INFO - Filling up the DagBag from /home/anhtupham99/NBA-analytics/py_env/lib/python3.11/site-packages/airflow/example_dags/example_latest_only.py
[2025-04-15T23:47:10.075+0700] {processor.py:925} INFO - DAG(s) 'latest_only' retrieved from /home/anhtupham99/NBA-analytics/py_env/lib/python3.11/site-packages/airflow/example_dags/example_latest_only.py
[2025-04-15T23:47:10.168+0700] {logging_mixin.py:190} INFO - [2025-04-15T23:47:10.168+0700] {override.py:1912} INFO - Created Permission View: can delete on DAG:latest_only
[2025-04-15T23:47:10.187+0700] {logging_mixin.py:190} INFO - [2025-04-15T23:47:10.187+0700] {override.py:1912} INFO - Created Permission View: can edit on DAG:latest_only
[2025-04-15T23:47:10.203+0700] {logging_mixin.py:190} INFO - [2025-04-15T23:47:10.203+0700] {override.py:1912} INFO - Created Permission View: can read on DAG:latest_only
[2025-04-15T23:47:10.229+0700] {logging_mixin.py:190} INFO - [2025-04-15T23:47:10.228+0700] {override.py:1912} INFO - Created Permission View: can create on DAG Run:latest_only
[2025-04-15T23:47:10.246+0700] {logging_mixin.py:190} INFO - [2025-04-15T23:47:10.245+0700] {override.py:1912} INFO - Created Permission View: can delete on DAG Run:latest_only
[2025-04-15T23:47:10.260+0700] {logging_mixin.py:190} INFO - [2025-04-15T23:47:10.259+0700] {override.py:1912} INFO - Created Permission View: menu access on DAG Run:latest_only
[2025-04-15T23:47:10.274+0700] {logging_mixin.py:190} INFO - [2025-04-15T23:47:10.274+0700] {override.py:1912} INFO - Created Permission View: can read on DAG Run:latest_only
[2025-04-15T23:47:10.275+0700] {logging_mixin.py:190} INFO - [2025-04-15T23:47:10.275+0700] {dag.py:3239} INFO - Sync 1 DAGs
[2025-04-15T23:47:10.283+0700] {logging_mixin.py:190} INFO - [2025-04-15T23:47:10.282+0700] {dag.py:3262} INFO - Creating ORM DAG for latest_only
[2025-04-15T23:47:10.288+0700] {logging_mixin.py:190} INFO - [2025-04-15T23:47:10.288+0700] {dag.py:4180} INFO - Setting next_dagrun for latest_only to 2025-04-15 12:00:00+00:00, run_after=2025-04-15 16:00:00+00:00
[2025-04-15T23:47:10.308+0700] {processor.py:208} INFO - Processing /home/anhtupham99/NBA-analytics/py_env/lib/python3.11/site-packages/airflow/example_dags/example_latest_only.py took 0.247 seconds
[2025-04-15T23:48:10.888+0700] {processor.py:186} INFO - Started process (PID=299649) to work on /home/anhtupham99/NBA-analytics/py_env/lib/python3.11/site-packages/airflow/example_dags/example_latest_only.py
[2025-04-15T23:48:10.889+0700] {processor.py:914} INFO - Processing file /home/anhtupham99/NBA-analytics/py_env/lib/python3.11/site-packages/airflow/example_dags/example_latest_only.py for tasks to queue
[2025-04-15T23:48:10.891+0700] {logging_mixin.py:190} INFO - [2025-04-15T23:48:10.891+0700] {dagbag.py:588} INFO - Filling up the DagBag from /home/anhtupham99/NBA-analytics/py_env/lib/python3.11/site-packages/airflow/example_dags/example_latest_only.py
[2025-04-15T23:48:10.897+0700] {processor.py:925} INFO - DAG(s) 'latest_only' retrieved from /home/anhtupham99/NBA-analytics/py_env/lib/python3.11/site-packages/airflow/example_dags/example_latest_only.py
[2025-04-15T23:48:10.909+0700] {logging_mixin.py:190} INFO - [2025-04-15T23:48:10.909+0700] {dag.py:3239} INFO - Sync 1 DAGs
[2025-04-15T23:48:10.923+0700] {logging_mixin.py:190} INFO - [2025-04-15T23:48:10.923+0700] {dag.py:4180} INFO - Setting next_dagrun for latest_only to 2025-04-15 12:00:00+00:00, run_after=2025-04-15 16:00:00+00:00
[2025-04-15T23:48:10.948+0700] {processor.py:208} INFO - Processing /home/anhtupham99/NBA-analytics/py_env/lib/python3.11/site-packages/airflow/example_dags/example_latest_only.py took 0.065 seconds
[2025-04-15T23:49:03.849+0700] {processor.py:186} INFO - Started process (PID=300875) to work on /home/anhtupham99/NBA-analytics/py_env/lib/python3.11/site-packages/airflow/example_dags/example_latest_only.py
[2025-04-15T23:49:03.851+0700] {processor.py:914} INFO - Processing file /home/anhtupham99/NBA-analytics/py_env/lib/python3.11/site-packages/airflow/example_dags/example_latest_only.py for tasks to queue
[2025-04-15T23:49:03.853+0700] {logging_mixin.py:190} INFO - [2025-04-15T23:49:03.852+0700] {dagbag.py:588} INFO - Filling up the DagBag from /home/anhtupham99/NBA-analytics/py_env/lib/python3.11/site-packages/airflow/example_dags/example_latest_only.py
[2025-04-15T23:49:03.860+0700] {processor.py:925} INFO - DAG(s) 'latest_only' retrieved from /home/anhtupham99/NBA-analytics/py_env/lib/python3.11/site-packages/airflow/example_dags/example_latest_only.py
[2025-04-15T23:49:03.872+0700] {logging_mixin.py:190} INFO - [2025-04-15T23:49:03.872+0700] {dag.py:3239} INFO - Sync 1 DAGs
[2025-04-15T23:49:03.889+0700] {logging_mixin.py:190} INFO - [2025-04-15T23:49:03.888+0700] {dag.py:4180} INFO - Setting next_dagrun for latest_only to 2025-04-15 12:00:00+00:00, run_after=2025-04-15 16:00:00+00:00
[2025-04-15T23:49:03.913+0700] {processor.py:208} INFO - Processing /home/anhtupham99/NBA-analytics/py_env/lib/python3.11/site-packages/airflow/example_dags/example_latest_only.py took 0.068 seconds
[2025-04-15T23:49:58.351+0700] {processor.py:186} INFO - Started process (PID=302048) to work on /home/anhtupham99/NBA-analytics/py_env/lib/python3.11/site-packages/airflow/example_dags/example_latest_only.py
[2025-04-15T23:49:58.355+0700] {processor.py:914} INFO - Processing file /home/anhtupham99/NBA-analytics/py_env/lib/python3.11/site-packages/airflow/example_dags/example_latest_only.py for tasks to queue
[2025-04-15T23:49:58.357+0700] {logging_mixin.py:190} INFO - [2025-04-15T23:49:58.357+0700] {dagbag.py:588} INFO - Filling up the DagBag from /home/anhtupham99/NBA-analytics/py_env/lib/python3.11/site-packages/airflow/example_dags/example_latest_only.py
[2025-04-15T23:49:58.364+0700] {processor.py:925} INFO - DAG(s) 'latest_only' retrieved from /home/anhtupham99/NBA-analytics/py_env/lib/python3.11/site-packages/airflow/example_dags/example_latest_only.py
[2025-04-15T23:49:58.379+0700] {logging_mixin.py:190} INFO - [2025-04-15T23:49:58.378+0700] {dag.py:3239} INFO - Sync 1 DAGs
[2025-04-15T23:49:58.396+0700] {logging_mixin.py:190} INFO - [2025-04-15T23:49:58.395+0700] {dag.py:4180} INFO - Setting next_dagrun for latest_only to 2025-04-15 12:00:00+00:00, run_after=2025-04-15 16:00:00+00:00
[2025-04-15T23:49:58.419+0700] {processor.py:208} INFO - Processing /home/anhtupham99/NBA-analytics/py_env/lib/python3.11/site-packages/airflow/example_dags/example_latest_only.py took 0.072 seconds
[2025-04-15T23:50:49.596+0700] {processor.py:186} INFO - Started process (PID=303120) to work on /home/anhtupham99/NBA-analytics/py_env/lib/python3.11/site-packages/airflow/example_dags/example_latest_only.py
[2025-04-15T23:50:49.597+0700] {processor.py:914} INFO - Processing file /home/anhtupham99/NBA-analytics/py_env/lib/python3.11/site-packages/airflow/example_dags/example_latest_only.py for tasks to queue
[2025-04-15T23:50:49.599+0700] {logging_mixin.py:190} INFO - [2025-04-15T23:50:49.599+0700] {dagbag.py:588} INFO - Filling up the DagBag from /home/anhtupham99/NBA-analytics/py_env/lib/python3.11/site-packages/airflow/example_dags/example_latest_only.py
[2025-04-15T23:50:49.607+0700] {processor.py:925} INFO - DAG(s) 'latest_only' retrieved from /home/anhtupham99/NBA-analytics/py_env/lib/python3.11/site-packages/airflow/example_dags/example_latest_only.py
[2025-04-15T23:50:49.725+0700] {logging_mixin.py:190} INFO - [2025-04-15T23:50:49.724+0700] {dag.py:3239} INFO - Sync 1 DAGs
[2025-04-15T23:50:49.739+0700] {logging_mixin.py:190} INFO - [2025-04-15T23:50:49.738+0700] {dag.py:4180} INFO - Setting next_dagrun for latest_only to 2025-04-15 12:00:00+00:00, run_after=2025-04-15 16:00:00+00:00
[2025-04-15T23:50:49.762+0700] {processor.py:208} INFO - Processing /home/anhtupham99/NBA-analytics/py_env/lib/python3.11/site-packages/airflow/example_dags/example_latest_only.py took 0.172 seconds
[2025-04-15T23:51:41.946+0700] {processor.py:186} INFO - Started process (PID=304082) to work on /home/anhtupham99/NBA-analytics/py_env/lib/python3.11/site-packages/airflow/example_dags/example_latest_only.py
[2025-04-15T23:51:41.947+0700] {processor.py:914} INFO - Processing file /home/anhtupham99/NBA-analytics/py_env/lib/python3.11/site-packages/airflow/example_dags/example_latest_only.py for tasks to queue
[2025-04-15T23:51:41.949+0700] {logging_mixin.py:190} INFO - [2025-04-15T23:51:41.949+0700] {dagbag.py:588} INFO - Filling up the DagBag from /home/anhtupham99/NBA-analytics/py_env/lib/python3.11/site-packages/airflow/example_dags/example_latest_only.py
[2025-04-15T23:51:41.954+0700] {processor.py:925} INFO - DAG(s) 'latest_only' retrieved from /home/anhtupham99/NBA-analytics/py_env/lib/python3.11/site-packages/airflow/example_dags/example_latest_only.py
[2025-04-15T23:51:41.964+0700] {logging_mixin.py:190} INFO - [2025-04-15T23:51:41.964+0700] {dag.py:3239} INFO - Sync 1 DAGs
[2025-04-15T23:51:41.977+0700] {logging_mixin.py:190} INFO - [2025-04-15T23:51:41.977+0700] {dag.py:4180} INFO - Setting next_dagrun for latest_only to 2025-04-15 12:00:00+00:00, run_after=2025-04-15 16:00:00+00:00
[2025-04-15T23:51:41.999+0700] {processor.py:208} INFO - Processing /home/anhtupham99/NBA-analytics/py_env/lib/python3.11/site-packages/airflow/example_dags/example_latest_only.py took 0.057 seconds
[2025-04-15T23:52:27.050+0700] {processor.py:186} INFO - Started process (PID=304934) to work on /home/anhtupham99/NBA-analytics/py_env/lib/python3.11/site-packages/airflow/example_dags/example_latest_only.py
[2025-04-15T23:52:27.051+0700] {processor.py:914} INFO - Processing file /home/anhtupham99/NBA-analytics/py_env/lib/python3.11/site-packages/airflow/example_dags/example_latest_only.py for tasks to queue
[2025-04-15T23:52:27.053+0700] {logging_mixin.py:190} INFO - [2025-04-15T23:52:27.053+0700] {dagbag.py:588} INFO - Filling up the DagBag from /home/anhtupham99/NBA-analytics/py_env/lib/python3.11/site-packages/airflow/example_dags/example_latest_only.py
[2025-04-15T23:52:27.060+0700] {processor.py:925} INFO - DAG(s) 'latest_only' retrieved from /home/anhtupham99/NBA-analytics/py_env/lib/python3.11/site-packages/airflow/example_dags/example_latest_only.py
[2025-04-15T23:52:27.073+0700] {logging_mixin.py:190} INFO - [2025-04-15T23:52:27.073+0700] {dag.py:3239} INFO - Sync 1 DAGs
[2025-04-15T23:52:27.091+0700] {logging_mixin.py:190} INFO - [2025-04-15T23:52:27.090+0700] {dag.py:4180} INFO - Setting next_dagrun for latest_only to 2025-04-15 12:00:00+00:00, run_after=2025-04-15 16:00:00+00:00
[2025-04-15T23:52:27.115+0700] {processor.py:208} INFO - Processing /home/anhtupham99/NBA-analytics/py_env/lib/python3.11/site-packages/airflow/example_dags/example_latest_only.py took 0.070 seconds
[2025-04-15T23:53:16.661+0700] {processor.py:186} INFO - Started process (PID=305956) to work on /home/anhtupham99/NBA-analytics/py_env/lib/python3.11/site-packages/airflow/example_dags/example_latest_only.py
[2025-04-15T23:53:16.662+0700] {processor.py:914} INFO - Processing file /home/anhtupham99/NBA-analytics/py_env/lib/python3.11/site-packages/airflow/example_dags/example_latest_only.py for tasks to queue
[2025-04-15T23:53:16.664+0700] {logging_mixin.py:190} INFO - [2025-04-15T23:53:16.664+0700] {dagbag.py:588} INFO - Filling up the DagBag from /home/anhtupham99/NBA-analytics/py_env/lib/python3.11/site-packages/airflow/example_dags/example_latest_only.py
[2025-04-15T23:53:16.669+0700] {processor.py:925} INFO - DAG(s) 'latest_only' retrieved from /home/anhtupham99/NBA-analytics/py_env/lib/python3.11/site-packages/airflow/example_dags/example_latest_only.py
[2025-04-15T23:53:16.679+0700] {logging_mixin.py:190} INFO - [2025-04-15T23:53:16.679+0700] {dag.py:3239} INFO - Sync 1 DAGs
[2025-04-15T23:53:16.691+0700] {logging_mixin.py:190} INFO - [2025-04-15T23:53:16.691+0700] {dag.py:4180} INFO - Setting next_dagrun for latest_only to 2025-04-15 12:00:00+00:00, run_after=2025-04-15 16:00:00+00:00
[2025-04-15T23:53:16.719+0700] {processor.py:208} INFO - Processing /home/anhtupham99/NBA-analytics/py_env/lib/python3.11/site-packages/airflow/example_dags/example_latest_only.py took 0.062 seconds
[2025-04-15T23:54:03.834+0700] {processor.py:186} INFO - Started process (PID=306830) to work on /home/anhtupham99/NBA-analytics/py_env/lib/python3.11/site-packages/airflow/example_dags/example_latest_only.py
[2025-04-15T23:54:03.836+0700] {processor.py:914} INFO - Processing file /home/anhtupham99/NBA-analytics/py_env/lib/python3.11/site-packages/airflow/example_dags/example_latest_only.py for tasks to queue
[2025-04-15T23:54:03.838+0700] {logging_mixin.py:190} INFO - [2025-04-15T23:54:03.837+0700] {dagbag.py:588} INFO - Filling up the DagBag from /home/anhtupham99/NBA-analytics/py_env/lib/python3.11/site-packages/airflow/example_dags/example_latest_only.py
[2025-04-15T23:54:03.845+0700] {processor.py:925} INFO - DAG(s) 'latest_only' retrieved from /home/anhtupham99/NBA-analytics/py_env/lib/python3.11/site-packages/airflow/example_dags/example_latest_only.py
[2025-04-15T23:54:03.859+0700] {logging_mixin.py:190} INFO - [2025-04-15T23:54:03.859+0700] {dag.py:3239} INFO - Sync 1 DAGs
[2025-04-15T23:54:03.875+0700] {logging_mixin.py:190} INFO - [2025-04-15T23:54:03.875+0700] {dag.py:4180} INFO - Setting next_dagrun for latest_only to 2025-04-15 12:00:00+00:00, run_after=2025-04-15 16:00:00+00:00
[2025-04-15T23:54:03.901+0700] {processor.py:208} INFO - Processing /home/anhtupham99/NBA-analytics/py_env/lib/python3.11/site-packages/airflow/example_dags/example_latest_only.py took 0.072 seconds
[2025-04-15T23:54:49.683+0700] {processor.py:186} INFO - Started process (PID=307733) to work on /home/anhtupham99/NBA-analytics/py_env/lib/python3.11/site-packages/airflow/example_dags/example_latest_only.py
[2025-04-15T23:54:49.684+0700] {processor.py:914} INFO - Processing file /home/anhtupham99/NBA-analytics/py_env/lib/python3.11/site-packages/airflow/example_dags/example_latest_only.py for tasks to queue
[2025-04-15T23:54:49.686+0700] {logging_mixin.py:190} INFO - [2025-04-15T23:54:49.685+0700] {dagbag.py:588} INFO - Filling up the DagBag from /home/anhtupham99/NBA-analytics/py_env/lib/python3.11/site-packages/airflow/example_dags/example_latest_only.py
[2025-04-15T23:54:49.691+0700] {processor.py:925} INFO - DAG(s) 'latest_only' retrieved from /home/anhtupham99/NBA-analytics/py_env/lib/python3.11/site-packages/airflow/example_dags/example_latest_only.py
[2025-04-15T23:54:49.701+0700] {logging_mixin.py:190} INFO - [2025-04-15T23:54:49.701+0700] {dag.py:3239} INFO - Sync 1 DAGs
[2025-04-15T23:54:49.714+0700] {logging_mixin.py:190} INFO - [2025-04-15T23:54:49.713+0700] {dag.py:4180} INFO - Setting next_dagrun for latest_only to 2025-04-15 12:00:00+00:00, run_after=2025-04-15 16:00:00+00:00
[2025-04-15T23:54:49.737+0700] {processor.py:208} INFO - Processing /home/anhtupham99/NBA-analytics/py_env/lib/python3.11/site-packages/airflow/example_dags/example_latest_only.py took 0.058 seconds
[2025-04-15T23:55:40.249+0700] {processor.py:186} INFO - Started process (PID=310092) to work on /home/anhtupham99/NBA-analytics/py_env/lib/python3.11/site-packages/airflow/example_dags/example_latest_only.py
[2025-04-15T23:55:40.250+0700] {processor.py:914} INFO - Processing file /home/anhtupham99/NBA-analytics/py_env/lib/python3.11/site-packages/airflow/example_dags/example_latest_only.py for tasks to queue
[2025-04-15T23:55:40.252+0700] {logging_mixin.py:190} INFO - [2025-04-15T23:55:40.252+0700] {dagbag.py:588} INFO - Filling up the DagBag from /home/anhtupham99/NBA-analytics/py_env/lib/python3.11/site-packages/airflow/example_dags/example_latest_only.py
[2025-04-15T23:55:40.258+0700] {processor.py:925} INFO - DAG(s) 'latest_only' retrieved from /home/anhtupham99/NBA-analytics/py_env/lib/python3.11/site-packages/airflow/example_dags/example_latest_only.py
[2025-04-15T23:55:40.275+0700] {logging_mixin.py:190} INFO - [2025-04-15T23:55:40.275+0700] {dag.py:3239} INFO - Sync 1 DAGs
[2025-04-15T23:55:40.291+0700] {logging_mixin.py:190} INFO - [2025-04-15T23:55:40.290+0700] {dag.py:4180} INFO - Setting next_dagrun for latest_only to 2025-04-15 12:00:00+00:00, run_after=2025-04-15 16:00:00+00:00
[2025-04-15T23:55:40.353+0700] {processor.py:208} INFO - Processing /home/anhtupham99/NBA-analytics/py_env/lib/python3.11/site-packages/airflow/example_dags/example_latest_only.py took 0.111 seconds
[2025-04-15T23:56:32.529+0700] {processor.py:186} INFO - Started process (PID=311849) to work on /home/anhtupham99/NBA-analytics/py_env/lib/python3.11/site-packages/airflow/example_dags/example_latest_only.py
[2025-04-15T23:56:32.530+0700] {processor.py:914} INFO - Processing file /home/anhtupham99/NBA-analytics/py_env/lib/python3.11/site-packages/airflow/example_dags/example_latest_only.py for tasks to queue
[2025-04-15T23:56:32.532+0700] {logging_mixin.py:190} INFO - [2025-04-15T23:56:32.532+0700] {dagbag.py:588} INFO - Filling up the DagBag from /home/anhtupham99/NBA-analytics/py_env/lib/python3.11/site-packages/airflow/example_dags/example_latest_only.py
[2025-04-15T23:56:32.539+0700] {processor.py:925} INFO - DAG(s) 'latest_only' retrieved from /home/anhtupham99/NBA-analytics/py_env/lib/python3.11/site-packages/airflow/example_dags/example_latest_only.py
[2025-04-15T23:56:32.552+0700] {logging_mixin.py:190} INFO - [2025-04-15T23:56:32.552+0700] {dag.py:3239} INFO - Sync 1 DAGs
[2025-04-15T23:56:32.569+0700] {logging_mixin.py:190} INFO - [2025-04-15T23:56:32.568+0700] {dag.py:4180} INFO - Setting next_dagrun for latest_only to 2025-04-15 12:00:00+00:00, run_after=2025-04-15 16:00:00+00:00
[2025-04-15T23:56:32.592+0700] {processor.py:208} INFO - Processing /home/anhtupham99/NBA-analytics/py_env/lib/python3.11/site-packages/airflow/example_dags/example_latest_only.py took 0.068 seconds
[2025-04-15T23:57:18.291+0700] {processor.py:186} INFO - Started process (PID=312644) to work on /home/anhtupham99/NBA-analytics/py_env/lib/python3.11/site-packages/airflow/example_dags/example_latest_only.py
[2025-04-15T23:57:18.292+0700] {processor.py:914} INFO - Processing file /home/anhtupham99/NBA-analytics/py_env/lib/python3.11/site-packages/airflow/example_dags/example_latest_only.py for tasks to queue
[2025-04-15T23:57:18.293+0700] {logging_mixin.py:190} INFO - [2025-04-15T23:57:18.293+0700] {dagbag.py:588} INFO - Filling up the DagBag from /home/anhtupham99/NBA-analytics/py_env/lib/python3.11/site-packages/airflow/example_dags/example_latest_only.py
[2025-04-15T23:57:18.299+0700] {processor.py:925} INFO - DAG(s) 'latest_only' retrieved from /home/anhtupham99/NBA-analytics/py_env/lib/python3.11/site-packages/airflow/example_dags/example_latest_only.py
[2025-04-15T23:57:18.311+0700] {logging_mixin.py:190} INFO - [2025-04-15T23:57:18.311+0700] {dag.py:3239} INFO - Sync 1 DAGs
[2025-04-15T23:57:18.325+0700] {logging_mixin.py:190} INFO - [2025-04-15T23:57:18.325+0700] {dag.py:4180} INFO - Setting next_dagrun for latest_only to 2025-04-15 12:00:00+00:00, run_after=2025-04-15 16:00:00+00:00
[2025-04-15T23:57:18.347+0700] {processor.py:208} INFO - Processing /home/anhtupham99/NBA-analytics/py_env/lib/python3.11/site-packages/airflow/example_dags/example_latest_only.py took 0.060 seconds
[2025-04-15T23:58:06.459+0700] {processor.py:186} INFO - Started process (PID=313592) to work on /home/anhtupham99/NBA-analytics/py_env/lib/python3.11/site-packages/airflow/example_dags/example_latest_only.py
[2025-04-15T23:58:06.461+0700] {processor.py:914} INFO - Processing file /home/anhtupham99/NBA-analytics/py_env/lib/python3.11/site-packages/airflow/example_dags/example_latest_only.py for tasks to queue
[2025-04-15T23:58:06.463+0700] {logging_mixin.py:190} INFO - [2025-04-15T23:58:06.462+0700] {dagbag.py:588} INFO - Filling up the DagBag from /home/anhtupham99/NBA-analytics/py_env/lib/python3.11/site-packages/airflow/example_dags/example_latest_only.py
[2025-04-15T23:58:06.468+0700] {processor.py:925} INFO - DAG(s) 'latest_only' retrieved from /home/anhtupham99/NBA-analytics/py_env/lib/python3.11/site-packages/airflow/example_dags/example_latest_only.py
[2025-04-15T23:58:06.480+0700] {logging_mixin.py:190} INFO - [2025-04-15T23:58:06.480+0700] {dag.py:3239} INFO - Sync 1 DAGs
[2025-04-15T23:58:06.494+0700] {logging_mixin.py:190} INFO - [2025-04-15T23:58:06.494+0700] {dag.py:4180} INFO - Setting next_dagrun for latest_only to 2025-04-15 12:00:00+00:00, run_after=2025-04-15 16:00:00+00:00
[2025-04-15T23:58:06.515+0700] {processor.py:208} INFO - Processing /home/anhtupham99/NBA-analytics/py_env/lib/python3.11/site-packages/airflow/example_dags/example_latest_only.py took 0.061 seconds
[2025-04-15T23:58:56.960+0700] {processor.py:186} INFO - Started process (PID=314626) to work on /home/anhtupham99/NBA-analytics/py_env/lib/python3.11/site-packages/airflow/example_dags/example_latest_only.py
[2025-04-15T23:58:56.964+0700] {processor.py:914} INFO - Processing file /home/anhtupham99/NBA-analytics/py_env/lib/python3.11/site-packages/airflow/example_dags/example_latest_only.py for tasks to queue
[2025-04-15T23:58:56.965+0700] {logging_mixin.py:190} INFO - [2025-04-15T23:58:56.965+0700] {dagbag.py:588} INFO - Filling up the DagBag from /home/anhtupham99/NBA-analytics/py_env/lib/python3.11/site-packages/airflow/example_dags/example_latest_only.py
[2025-04-15T23:58:56.971+0700] {processor.py:925} INFO - DAG(s) 'latest_only' retrieved from /home/anhtupham99/NBA-analytics/py_env/lib/python3.11/site-packages/airflow/example_dags/example_latest_only.py
[2025-04-15T23:58:56.983+0700] {logging_mixin.py:190} INFO - [2025-04-15T23:58:56.982+0700] {dag.py:3239} INFO - Sync 1 DAGs
[2025-04-15T23:58:56.996+0700] {logging_mixin.py:190} INFO - [2025-04-15T23:58:56.996+0700] {dag.py:4180} INFO - Setting next_dagrun for latest_only to 2025-04-15 12:00:00+00:00, run_after=2025-04-15 16:00:00+00:00
[2025-04-15T23:58:57.018+0700] {processor.py:208} INFO - Processing /home/anhtupham99/NBA-analytics/py_env/lib/python3.11/site-packages/airflow/example_dags/example_latest_only.py took 0.062 seconds
[2025-04-15T23:59:43.938+0700] {processor.py:186} INFO - Started process (PID=315562) to work on /home/anhtupham99/NBA-analytics/py_env/lib/python3.11/site-packages/airflow/example_dags/example_latest_only.py
[2025-04-15T23:59:43.939+0700] {processor.py:914} INFO - Processing file /home/anhtupham99/NBA-analytics/py_env/lib/python3.11/site-packages/airflow/example_dags/example_latest_only.py for tasks to queue
[2025-04-15T23:59:43.941+0700] {logging_mixin.py:190} INFO - [2025-04-15T23:59:43.941+0700] {dagbag.py:588} INFO - Filling up the DagBag from /home/anhtupham99/NBA-analytics/py_env/lib/python3.11/site-packages/airflow/example_dags/example_latest_only.py
[2025-04-15T23:59:43.948+0700] {processor.py:925} INFO - DAG(s) 'latest_only' retrieved from /home/anhtupham99/NBA-analytics/py_env/lib/python3.11/site-packages/airflow/example_dags/example_latest_only.py
[2025-04-15T23:59:43.959+0700] {logging_mixin.py:190} INFO - [2025-04-15T23:59:43.959+0700] {dag.py:3239} INFO - Sync 1 DAGs
[2025-04-15T23:59:43.971+0700] {logging_mixin.py:190} INFO - [2025-04-15T23:59:43.971+0700] {dag.py:4180} INFO - Setting next_dagrun for latest_only to 2025-04-15 12:00:00+00:00, run_after=2025-04-15 16:00:00+00:00
[2025-04-15T23:59:43.998+0700] {processor.py:208} INFO - Processing /home/anhtupham99/NBA-analytics/py_env/lib/python3.11/site-packages/airflow/example_dags/example_latest_only.py took 0.065 seconds
[2025-04-16T00:00:33.838+0700] {processor.py:186} INFO - Started process (PID=316652) to work on /home/anhtupham99/NBA-analytics/py_env/lib/python3.11/site-packages/airflow/example_dags/example_latest_only.py
[2025-04-16T00:00:33.839+0700] {processor.py:914} INFO - Processing file /home/anhtupham99/NBA-analytics/py_env/lib/python3.11/site-packages/airflow/example_dags/example_latest_only.py for tasks to queue
[2025-04-16T00:00:33.841+0700] {logging_mixin.py:190} INFO - [2025-04-16T00:00:33.841+0700] {dagbag.py:588} INFO - Filling up the DagBag from /home/anhtupham99/NBA-analytics/py_env/lib/python3.11/site-packages/airflow/example_dags/example_latest_only.py
[2025-04-16T00:00:33.848+0700] {processor.py:925} INFO - DAG(s) 'latest_only' retrieved from /home/anhtupham99/NBA-analytics/py_env/lib/python3.11/site-packages/airflow/example_dags/example_latest_only.py
[2025-04-16T00:00:33.862+0700] {logging_mixin.py:190} INFO - [2025-04-16T00:00:33.862+0700] {dag.py:3239} INFO - Sync 1 DAGs
[2025-04-16T00:00:33.878+0700] {logging_mixin.py:190} INFO - [2025-04-16T00:00:33.878+0700] {dag.py:4180} INFO - Setting next_dagrun for latest_only to 2025-04-15 12:00:00+00:00, run_after=2025-04-15 16:00:00+00:00
[2025-04-16T00:00:33.905+0700] {processor.py:208} INFO - Processing /home/anhtupham99/NBA-analytics/py_env/lib/python3.11/site-packages/airflow/example_dags/example_latest_only.py took 0.072 seconds
[2025-04-16T00:01:18.529+0700] {processor.py:186} INFO - Started process (PID=317516) to work on /home/anhtupham99/NBA-analytics/py_env/lib/python3.11/site-packages/airflow/example_dags/example_latest_only.py
[2025-04-16T00:01:18.530+0700] {processor.py:914} INFO - Processing file /home/anhtupham99/NBA-analytics/py_env/lib/python3.11/site-packages/airflow/example_dags/example_latest_only.py for tasks to queue
[2025-04-16T00:01:18.531+0700] {logging_mixin.py:190} INFO - [2025-04-16T00:01:18.531+0700] {dagbag.py:588} INFO - Filling up the DagBag from /home/anhtupham99/NBA-analytics/py_env/lib/python3.11/site-packages/airflow/example_dags/example_latest_only.py
[2025-04-16T00:01:18.537+0700] {processor.py:925} INFO - DAG(s) 'latest_only' retrieved from /home/anhtupham99/NBA-analytics/py_env/lib/python3.11/site-packages/airflow/example_dags/example_latest_only.py
[2025-04-16T00:01:18.547+0700] {logging_mixin.py:190} INFO - [2025-04-16T00:01:18.547+0700] {dag.py:3239} INFO - Sync 1 DAGs
[2025-04-16T00:01:18.561+0700] {logging_mixin.py:190} INFO - [2025-04-16T00:01:18.561+0700] {dag.py:4180} INFO - Setting next_dagrun for latest_only to 2025-04-15 12:00:00+00:00, run_after=2025-04-15 16:00:00+00:00
[2025-04-16T00:01:18.582+0700] {processor.py:208} INFO - Processing /home/anhtupham99/NBA-analytics/py_env/lib/python3.11/site-packages/airflow/example_dags/example_latest_only.py took 0.058 seconds
[2025-04-16T00:02:07.356+0700] {processor.py:186} INFO - Started process (PID=318413) to work on /home/anhtupham99/NBA-analytics/py_env/lib/python3.11/site-packages/airflow/example_dags/example_latest_only.py
[2025-04-16T00:02:07.357+0700] {processor.py:914} INFO - Processing file /home/anhtupham99/NBA-analytics/py_env/lib/python3.11/site-packages/airflow/example_dags/example_latest_only.py for tasks to queue
[2025-04-16T00:02:07.358+0700] {logging_mixin.py:190} INFO - [2025-04-16T00:02:07.358+0700] {dagbag.py:588} INFO - Filling up the DagBag from /home/anhtupham99/NBA-analytics/py_env/lib/python3.11/site-packages/airflow/example_dags/example_latest_only.py
[2025-04-16T00:02:07.364+0700] {processor.py:925} INFO - DAG(s) 'latest_only' retrieved from /home/anhtupham99/NBA-analytics/py_env/lib/python3.11/site-packages/airflow/example_dags/example_latest_only.py
[2025-04-16T00:02:07.374+0700] {logging_mixin.py:190} INFO - [2025-04-16T00:02:07.374+0700] {dag.py:3239} INFO - Sync 1 DAGs
[2025-04-16T00:02:07.386+0700] {logging_mixin.py:190} INFO - [2025-04-16T00:02:07.386+0700] {dag.py:4180} INFO - Setting next_dagrun for latest_only to 2025-04-15 12:00:00+00:00, run_after=2025-04-15 16:00:00+00:00
[2025-04-16T00:02:07.410+0700] {processor.py:208} INFO - Processing /home/anhtupham99/NBA-analytics/py_env/lib/python3.11/site-packages/airflow/example_dags/example_latest_only.py took 0.058 seconds
[2025-04-16T00:03:10.567+0700] {processor.py:186} INFO - Started process (PID=319622) to work on /home/anhtupham99/NBA-analytics/py_env/lib/python3.11/site-packages/airflow/example_dags/example_latest_only.py
[2025-04-16T00:03:10.571+0700] {processor.py:914} INFO - Processing file /home/anhtupham99/NBA-analytics/py_env/lib/python3.11/site-packages/airflow/example_dags/example_latest_only.py for tasks to queue
[2025-04-16T00:03:10.573+0700] {logging_mixin.py:190} INFO - [2025-04-16T00:03:10.572+0700] {dagbag.py:588} INFO - Filling up the DagBag from /home/anhtupham99/NBA-analytics/py_env/lib/python3.11/site-packages/airflow/example_dags/example_latest_only.py
[2025-04-16T00:03:10.581+0700] {processor.py:925} INFO - DAG(s) 'latest_only' retrieved from /home/anhtupham99/NBA-analytics/py_env/lib/python3.11/site-packages/airflow/example_dags/example_latest_only.py
[2025-04-16T00:03:10.594+0700] {logging_mixin.py:190} INFO - [2025-04-16T00:03:10.594+0700] {dag.py:3239} INFO - Sync 1 DAGs
[2025-04-16T00:03:10.612+0700] {logging_mixin.py:190} INFO - [2025-04-16T00:03:10.612+0700] {dag.py:4180} INFO - Setting next_dagrun for latest_only to 2025-04-15 12:00:00+00:00, run_after=2025-04-15 16:00:00+00:00
[2025-04-16T00:03:10.636+0700] {processor.py:208} INFO - Processing /home/anhtupham99/NBA-analytics/py_env/lib/python3.11/site-packages/airflow/example_dags/example_latest_only.py took 0.074 seconds
[2025-04-16T00:03:57.251+0700] {processor.py:186} INFO - Started process (PID=320670) to work on /home/anhtupham99/NBA-analytics/py_env/lib/python3.11/site-packages/airflow/example_dags/example_latest_only.py
[2025-04-16T00:03:57.253+0700] {processor.py:914} INFO - Processing file /home/anhtupham99/NBA-analytics/py_env/lib/python3.11/site-packages/airflow/example_dags/example_latest_only.py for tasks to queue
[2025-04-16T00:03:57.254+0700] {logging_mixin.py:190} INFO - [2025-04-16T00:03:57.254+0700] {dagbag.py:588} INFO - Filling up the DagBag from /home/anhtupham99/NBA-analytics/py_env/lib/python3.11/site-packages/airflow/example_dags/example_latest_only.py
[2025-04-16T00:03:57.260+0700] {processor.py:925} INFO - DAG(s) 'latest_only' retrieved from /home/anhtupham99/NBA-analytics/py_env/lib/python3.11/site-packages/airflow/example_dags/example_latest_only.py
[2025-04-16T00:03:57.272+0700] {logging_mixin.py:190} INFO - [2025-04-16T00:03:57.271+0700] {dag.py:3239} INFO - Sync 1 DAGs
[2025-04-16T00:03:57.286+0700] {logging_mixin.py:190} INFO - [2025-04-16T00:03:57.285+0700] {dag.py:4180} INFO - Setting next_dagrun for latest_only to 2025-04-15 12:00:00+00:00, run_after=2025-04-15 16:00:00+00:00
[2025-04-16T00:03:57.310+0700] {processor.py:208} INFO - Processing /home/anhtupham99/NBA-analytics/py_env/lib/python3.11/site-packages/airflow/example_dags/example_latest_only.py took 0.063 seconds
[2025-04-16T00:04:45.568+0700] {processor.py:186} INFO - Started process (PID=321646) to work on /home/anhtupham99/NBA-analytics/py_env/lib/python3.11/site-packages/airflow/example_dags/example_latest_only.py
[2025-04-16T00:04:45.569+0700] {processor.py:914} INFO - Processing file /home/anhtupham99/NBA-analytics/py_env/lib/python3.11/site-packages/airflow/example_dags/example_latest_only.py for tasks to queue
[2025-04-16T00:04:45.570+0700] {logging_mixin.py:190} INFO - [2025-04-16T00:04:45.570+0700] {dagbag.py:588} INFO - Filling up the DagBag from /home/anhtupham99/NBA-analytics/py_env/lib/python3.11/site-packages/airflow/example_dags/example_latest_only.py
[2025-04-16T00:04:45.576+0700] {processor.py:925} INFO - DAG(s) 'latest_only' retrieved from /home/anhtupham99/NBA-analytics/py_env/lib/python3.11/site-packages/airflow/example_dags/example_latest_only.py
[2025-04-16T00:04:45.587+0700] {logging_mixin.py:190} INFO - [2025-04-16T00:04:45.587+0700] {dag.py:3239} INFO - Sync 1 DAGs
[2025-04-16T00:04:45.600+0700] {logging_mixin.py:190} INFO - [2025-04-16T00:04:45.600+0700] {dag.py:4180} INFO - Setting next_dagrun for latest_only to 2025-04-15 12:00:00+00:00, run_after=2025-04-15 16:00:00+00:00
[2025-04-16T00:04:45.622+0700] {processor.py:208} INFO - Processing /home/anhtupham99/NBA-analytics/py_env/lib/python3.11/site-packages/airflow/example_dags/example_latest_only.py took 0.059 seconds
[2025-04-16T00:05:34.418+0700] {processor.py:186} INFO - Started process (PID=322553) to work on /home/anhtupham99/NBA-analytics/py_env/lib/python3.11/site-packages/airflow/example_dags/example_latest_only.py
[2025-04-16T00:05:34.419+0700] {processor.py:914} INFO - Processing file /home/anhtupham99/NBA-analytics/py_env/lib/python3.11/site-packages/airflow/example_dags/example_latest_only.py for tasks to queue
[2025-04-16T00:05:34.422+0700] {logging_mixin.py:190} INFO - [2025-04-16T00:05:34.421+0700] {dagbag.py:588} INFO - Filling up the DagBag from /home/anhtupham99/NBA-analytics/py_env/lib/python3.11/site-packages/airflow/example_dags/example_latest_only.py
[2025-04-16T00:05:34.429+0700] {processor.py:925} INFO - DAG(s) 'latest_only' retrieved from /home/anhtupham99/NBA-analytics/py_env/lib/python3.11/site-packages/airflow/example_dags/example_latest_only.py
[2025-04-16T00:05:34.443+0700] {logging_mixin.py:190} INFO - [2025-04-16T00:05:34.443+0700] {dag.py:3239} INFO - Sync 1 DAGs
[2025-04-16T00:05:34.463+0700] {logging_mixin.py:190} INFO - [2025-04-16T00:05:34.462+0700] {dag.py:4180} INFO - Setting next_dagrun for latest_only to 2025-04-15 12:00:00+00:00, run_after=2025-04-15 16:00:00+00:00
[2025-04-16T00:05:34.494+0700] {processor.py:208} INFO - Processing /home/anhtupham99/NBA-analytics/py_env/lib/python3.11/site-packages/airflow/example_dags/example_latest_only.py took 0.081 seconds
[2025-04-16T00:06:23.938+0700] {processor.py:186} INFO - Started process (PID=323493) to work on /home/anhtupham99/NBA-analytics/py_env/lib/python3.11/site-packages/airflow/example_dags/example_latest_only.py
[2025-04-16T00:06:23.939+0700] {processor.py:914} INFO - Processing file /home/anhtupham99/NBA-analytics/py_env/lib/python3.11/site-packages/airflow/example_dags/example_latest_only.py for tasks to queue
[2025-04-16T00:06:23.941+0700] {logging_mixin.py:190} INFO - [2025-04-16T00:06:23.940+0700] {dagbag.py:588} INFO - Filling up the DagBag from /home/anhtupham99/NBA-analytics/py_env/lib/python3.11/site-packages/airflow/example_dags/example_latest_only.py
[2025-04-16T00:06:23.947+0700] {processor.py:925} INFO - DAG(s) 'latest_only' retrieved from /home/anhtupham99/NBA-analytics/py_env/lib/python3.11/site-packages/airflow/example_dags/example_latest_only.py
[2025-04-16T00:06:23.960+0700] {logging_mixin.py:190} INFO - [2025-04-16T00:06:23.960+0700] {dag.py:3239} INFO - Sync 1 DAGs
[2025-04-16T00:06:23.976+0700] {logging_mixin.py:190} INFO - [2025-04-16T00:06:23.976+0700] {dag.py:4180} INFO - Setting next_dagrun for latest_only to 2025-04-15 12:00:00+00:00, run_after=2025-04-15 16:00:00+00:00
[2025-04-16T00:06:24.002+0700] {processor.py:208} INFO - Processing /home/anhtupham99/NBA-analytics/py_env/lib/python3.11/site-packages/airflow/example_dags/example_latest_only.py took 0.069 seconds
[2025-04-16T00:07:12.137+0700] {processor.py:186} INFO - Started process (PID=324592) to work on /home/anhtupham99/NBA-analytics/py_env/lib/python3.11/site-packages/airflow/example_dags/example_latest_only.py
[2025-04-16T00:07:12.138+0700] {processor.py:914} INFO - Processing file /home/anhtupham99/NBA-analytics/py_env/lib/python3.11/site-packages/airflow/example_dags/example_latest_only.py for tasks to queue
[2025-04-16T00:07:12.140+0700] {logging_mixin.py:190} INFO - [2025-04-16T00:07:12.139+0700] {dagbag.py:588} INFO - Filling up the DagBag from /home/anhtupham99/NBA-analytics/py_env/lib/python3.11/site-packages/airflow/example_dags/example_latest_only.py
[2025-04-16T00:07:12.147+0700] {processor.py:925} INFO - DAG(s) 'latest_only' retrieved from /home/anhtupham99/NBA-analytics/py_env/lib/python3.11/site-packages/airflow/example_dags/example_latest_only.py
[2025-04-16T00:07:12.161+0700] {logging_mixin.py:190} INFO - [2025-04-16T00:07:12.161+0700] {dag.py:3239} INFO - Sync 1 DAGs
[2025-04-16T00:07:12.176+0700] {logging_mixin.py:190} INFO - [2025-04-16T00:07:12.175+0700] {dag.py:4180} INFO - Setting next_dagrun for latest_only to 2025-04-15 12:00:00+00:00, run_after=2025-04-15 16:00:00+00:00
[2025-04-16T00:07:12.199+0700] {processor.py:208} INFO - Processing /home/anhtupham99/NBA-analytics/py_env/lib/python3.11/site-packages/airflow/example_dags/example_latest_only.py took 0.067 seconds
[2025-04-16T00:07:58.112+0700] {processor.py:186} INFO - Started process (PID=325472) to work on /home/anhtupham99/NBA-analytics/py_env/lib/python3.11/site-packages/airflow/example_dags/example_latest_only.py
[2025-04-16T00:07:58.117+0700] {processor.py:914} INFO - Processing file /home/anhtupham99/NBA-analytics/py_env/lib/python3.11/site-packages/airflow/example_dags/example_latest_only.py for tasks to queue
[2025-04-16T00:07:58.118+0700] {logging_mixin.py:190} INFO - [2025-04-16T00:07:58.118+0700] {dagbag.py:588} INFO - Filling up the DagBag from /home/anhtupham99/NBA-analytics/py_env/lib/python3.11/site-packages/airflow/example_dags/example_latest_only.py
[2025-04-16T00:07:58.126+0700] {processor.py:925} INFO - DAG(s) 'latest_only' retrieved from /home/anhtupham99/NBA-analytics/py_env/lib/python3.11/site-packages/airflow/example_dags/example_latest_only.py
[2025-04-16T00:07:58.140+0700] {logging_mixin.py:190} INFO - [2025-04-16T00:07:58.140+0700] {dag.py:3239} INFO - Sync 1 DAGs
[2025-04-16T00:07:58.158+0700] {logging_mixin.py:190} INFO - [2025-04-16T00:07:58.158+0700] {dag.py:4180} INFO - Setting next_dagrun for latest_only to 2025-04-15 12:00:00+00:00, run_after=2025-04-15 16:00:00+00:00
[2025-04-16T00:07:58.186+0700] {processor.py:208} INFO - Processing /home/anhtupham99/NBA-analytics/py_env/lib/python3.11/site-packages/airflow/example_dags/example_latest_only.py took 0.079 seconds
[2025-04-16T00:08:46.428+0700] {processor.py:186} INFO - Started process (PID=326315) to work on /home/anhtupham99/NBA-analytics/py_env/lib/python3.11/site-packages/airflow/example_dags/example_latest_only.py
[2025-04-16T00:08:46.430+0700] {processor.py:914} INFO - Processing file /home/anhtupham99/NBA-analytics/py_env/lib/python3.11/site-packages/airflow/example_dags/example_latest_only.py for tasks to queue
[2025-04-16T00:08:46.432+0700] {logging_mixin.py:190} INFO - [2025-04-16T00:08:46.432+0700] {dagbag.py:588} INFO - Filling up the DagBag from /home/anhtupham99/NBA-analytics/py_env/lib/python3.11/site-packages/airflow/example_dags/example_latest_only.py
[2025-04-16T00:08:46.441+0700] {processor.py:925} INFO - DAG(s) 'latest_only' retrieved from /home/anhtupham99/NBA-analytics/py_env/lib/python3.11/site-packages/airflow/example_dags/example_latest_only.py
[2025-04-16T00:08:46.458+0700] {logging_mixin.py:190} INFO - [2025-04-16T00:08:46.457+0700] {dag.py:3239} INFO - Sync 1 DAGs
[2025-04-16T00:08:46.482+0700] {logging_mixin.py:190} INFO - [2025-04-16T00:08:46.482+0700] {dag.py:4180} INFO - Setting next_dagrun for latest_only to 2025-04-15 12:00:00+00:00, run_after=2025-04-15 16:00:00+00:00
[2025-04-16T00:08:46.513+0700] {processor.py:208} INFO - Processing /home/anhtupham99/NBA-analytics/py_env/lib/python3.11/site-packages/airflow/example_dags/example_latest_only.py took 0.092 seconds
[2025-04-16T00:09:34.477+0700] {processor.py:186} INFO - Started process (PID=327325) to work on /home/anhtupham99/NBA-analytics/py_env/lib/python3.11/site-packages/airflow/example_dags/example_latest_only.py
[2025-04-16T00:09:34.478+0700] {processor.py:914} INFO - Processing file /home/anhtupham99/NBA-analytics/py_env/lib/python3.11/site-packages/airflow/example_dags/example_latest_only.py for tasks to queue
[2025-04-16T00:09:34.480+0700] {logging_mixin.py:190} INFO - [2025-04-16T00:09:34.480+0700] {dagbag.py:588} INFO - Filling up the DagBag from /home/anhtupham99/NBA-analytics/py_env/lib/python3.11/site-packages/airflow/example_dags/example_latest_only.py
[2025-04-16T00:09:34.487+0700] {processor.py:925} INFO - DAG(s) 'latest_only' retrieved from /home/anhtupham99/NBA-analytics/py_env/lib/python3.11/site-packages/airflow/example_dags/example_latest_only.py
[2025-04-16T00:09:34.499+0700] {logging_mixin.py:190} INFO - [2025-04-16T00:09:34.499+0700] {dag.py:3239} INFO - Sync 1 DAGs
[2025-04-16T00:09:34.517+0700] {logging_mixin.py:190} INFO - [2025-04-16T00:09:34.517+0700] {dag.py:4180} INFO - Setting next_dagrun for latest_only to 2025-04-15 12:00:00+00:00, run_after=2025-04-15 16:00:00+00:00
[2025-04-16T00:09:34.541+0700] {processor.py:208} INFO - Processing /home/anhtupham99/NBA-analytics/py_env/lib/python3.11/site-packages/airflow/example_dags/example_latest_only.py took 0.070 seconds
[2025-04-16T00:10:22.672+0700] {processor.py:186} INFO - Started process (PID=328499) to work on /home/anhtupham99/NBA-analytics/py_env/lib/python3.11/site-packages/airflow/example_dags/example_latest_only.py
[2025-04-16T00:10:22.674+0700] {processor.py:914} INFO - Processing file /home/anhtupham99/NBA-analytics/py_env/lib/python3.11/site-packages/airflow/example_dags/example_latest_only.py for tasks to queue
[2025-04-16T00:10:22.676+0700] {logging_mixin.py:190} INFO - [2025-04-16T00:10:22.675+0700] {dagbag.py:588} INFO - Filling up the DagBag from /home/anhtupham99/NBA-analytics/py_env/lib/python3.11/site-packages/airflow/example_dags/example_latest_only.py
[2025-04-16T00:10:22.682+0700] {processor.py:925} INFO - DAG(s) 'latest_only' retrieved from /home/anhtupham99/NBA-analytics/py_env/lib/python3.11/site-packages/airflow/example_dags/example_latest_only.py
[2025-04-16T00:10:22.695+0700] {logging_mixin.py:190} INFO - [2025-04-16T00:10:22.695+0700] {dag.py:3239} INFO - Sync 1 DAGs
[2025-04-16T00:10:22.710+0700] {logging_mixin.py:190} INFO - [2025-04-16T00:10:22.710+0700] {dag.py:4180} INFO - Setting next_dagrun for latest_only to 2025-04-15 12:00:00+00:00, run_after=2025-04-15 16:00:00+00:00
[2025-04-16T00:10:22.734+0700] {processor.py:208} INFO - Processing /home/anhtupham99/NBA-analytics/py_env/lib/python3.11/site-packages/airflow/example_dags/example_latest_only.py took 0.066 seconds
[2025-04-16T00:11:10.350+0700] {processor.py:186} INFO - Started process (PID=329569) to work on /home/anhtupham99/NBA-analytics/py_env/lib/python3.11/site-packages/airflow/example_dags/example_latest_only.py
[2025-04-16T00:11:10.353+0700] {processor.py:914} INFO - Processing file /home/anhtupham99/NBA-analytics/py_env/lib/python3.11/site-packages/airflow/example_dags/example_latest_only.py for tasks to queue
[2025-04-16T00:11:10.356+0700] {logging_mixin.py:190} INFO - [2025-04-16T00:11:10.356+0700] {dagbag.py:588} INFO - Filling up the DagBag from /home/anhtupham99/NBA-analytics/py_env/lib/python3.11/site-packages/airflow/example_dags/example_latest_only.py
[2025-04-16T00:11:10.365+0700] {processor.py:925} INFO - DAG(s) 'latest_only' retrieved from /home/anhtupham99/NBA-analytics/py_env/lib/python3.11/site-packages/airflow/example_dags/example_latest_only.py
[2025-04-16T00:11:10.382+0700] {logging_mixin.py:190} INFO - [2025-04-16T00:11:10.382+0700] {dag.py:3239} INFO - Sync 1 DAGs
[2025-04-16T00:11:10.402+0700] {logging_mixin.py:190} INFO - [2025-04-16T00:11:10.402+0700] {dag.py:4180} INFO - Setting next_dagrun for latest_only to 2025-04-15 12:00:00+00:00, run_after=2025-04-15 16:00:00+00:00
[2025-04-16T00:11:10.434+0700] {processor.py:208} INFO - Processing /home/anhtupham99/NBA-analytics/py_env/lib/python3.11/site-packages/airflow/example_dags/example_latest_only.py took 0.091 seconds
[2025-04-16T00:11:57.149+0700] {processor.py:186} INFO - Started process (PID=330583) to work on /home/anhtupham99/NBA-analytics/py_env/lib/python3.11/site-packages/airflow/example_dags/example_latest_only.py
[2025-04-16T00:11:57.151+0700] {processor.py:914} INFO - Processing file /home/anhtupham99/NBA-analytics/py_env/lib/python3.11/site-packages/airflow/example_dags/example_latest_only.py for tasks to queue
[2025-04-16T00:11:57.152+0700] {logging_mixin.py:190} INFO - [2025-04-16T00:11:57.152+0700] {dagbag.py:588} INFO - Filling up the DagBag from /home/anhtupham99/NBA-analytics/py_env/lib/python3.11/site-packages/airflow/example_dags/example_latest_only.py
[2025-04-16T00:11:57.159+0700] {processor.py:925} INFO - DAG(s) 'latest_only' retrieved from /home/anhtupham99/NBA-analytics/py_env/lib/python3.11/site-packages/airflow/example_dags/example_latest_only.py
[2025-04-16T00:11:57.172+0700] {logging_mixin.py:190} INFO - [2025-04-16T00:11:57.172+0700] {dag.py:3239} INFO - Sync 1 DAGs
[2025-04-16T00:11:57.189+0700] {logging_mixin.py:190} INFO - [2025-04-16T00:11:57.189+0700] {dag.py:4180} INFO - Setting next_dagrun for latest_only to 2025-04-15 12:00:00+00:00, run_after=2025-04-15 16:00:00+00:00
[2025-04-16T00:11:57.219+0700] {processor.py:208} INFO - Processing /home/anhtupham99/NBA-analytics/py_env/lib/python3.11/site-packages/airflow/example_dags/example_latest_only.py took 0.075 seconds
[2025-04-16T00:13:08.193+0700] {processor.py:186} INFO - Started process (PID=332844) to work on /home/anhtupham99/NBA-analytics/py_env/lib/python3.11/site-packages/airflow/example_dags/example_latest_only.py
[2025-04-16T00:13:08.195+0700] {processor.py:914} INFO - Processing file /home/anhtupham99/NBA-analytics/py_env/lib/python3.11/site-packages/airflow/example_dags/example_latest_only.py for tasks to queue
[2025-04-16T00:13:08.196+0700] {logging_mixin.py:190} INFO - [2025-04-16T00:13:08.196+0700] {dagbag.py:588} INFO - Filling up the DagBag from /home/anhtupham99/NBA-analytics/py_env/lib/python3.11/site-packages/airflow/example_dags/example_latest_only.py
[2025-04-16T00:13:08.202+0700] {processor.py:925} INFO - DAG(s) 'latest_only' retrieved from /home/anhtupham99/NBA-analytics/py_env/lib/python3.11/site-packages/airflow/example_dags/example_latest_only.py
[2025-04-16T00:13:08.213+0700] {logging_mixin.py:190} INFO - [2025-04-16T00:13:08.213+0700] {dag.py:3239} INFO - Sync 1 DAGs
[2025-04-16T00:13:08.228+0700] {logging_mixin.py:190} INFO - [2025-04-16T00:13:08.228+0700] {dag.py:4180} INFO - Setting next_dagrun for latest_only to 2025-04-15 12:00:00+00:00, run_after=2025-04-15 16:00:00+00:00
[2025-04-16T00:13:08.253+0700] {processor.py:208} INFO - Processing /home/anhtupham99/NBA-analytics/py_env/lib/python3.11/site-packages/airflow/example_dags/example_latest_only.py took 0.064 seconds
[2025-04-16T00:13:58.364+0700] {processor.py:186} INFO - Started process (PID=334985) to work on /home/anhtupham99/NBA-analytics/py_env/lib/python3.11/site-packages/airflow/example_dags/example_latest_only.py
[2025-04-16T00:13:58.365+0700] {processor.py:914} INFO - Processing file /home/anhtupham99/NBA-analytics/py_env/lib/python3.11/site-packages/airflow/example_dags/example_latest_only.py for tasks to queue
[2025-04-16T00:13:58.367+0700] {logging_mixin.py:190} INFO - [2025-04-16T00:13:58.367+0700] {dagbag.py:588} INFO - Filling up the DagBag from /home/anhtupham99/NBA-analytics/py_env/lib/python3.11/site-packages/airflow/example_dags/example_latest_only.py
[2025-04-16T00:13:58.373+0700] {processor.py:925} INFO - DAG(s) 'latest_only' retrieved from /home/anhtupham99/NBA-analytics/py_env/lib/python3.11/site-packages/airflow/example_dags/example_latest_only.py
[2025-04-16T00:13:58.384+0700] {logging_mixin.py:190} INFO - [2025-04-16T00:13:58.384+0700] {dag.py:3239} INFO - Sync 1 DAGs
[2025-04-16T00:13:58.398+0700] {logging_mixin.py:190} INFO - [2025-04-16T00:13:58.397+0700] {dag.py:4180} INFO - Setting next_dagrun for latest_only to 2025-04-15 12:00:00+00:00, run_after=2025-04-15 16:00:00+00:00
[2025-04-16T00:13:58.422+0700] {processor.py:208} INFO - Processing /home/anhtupham99/NBA-analytics/py_env/lib/python3.11/site-packages/airflow/example_dags/example_latest_only.py took 0.062 seconds
[2025-04-16T00:14:49.139+0700] {processor.py:186} INFO - Started process (PID=336580) to work on /home/anhtupham99/NBA-analytics/py_env/lib/python3.11/site-packages/airflow/example_dags/example_latest_only.py
[2025-04-16T00:14:49.140+0700] {processor.py:914} INFO - Processing file /home/anhtupham99/NBA-analytics/py_env/lib/python3.11/site-packages/airflow/example_dags/example_latest_only.py for tasks to queue
[2025-04-16T00:14:49.143+0700] {logging_mixin.py:190} INFO - [2025-04-16T00:14:49.142+0700] {dagbag.py:588} INFO - Filling up the DagBag from /home/anhtupham99/NBA-analytics/py_env/lib/python3.11/site-packages/airflow/example_dags/example_latest_only.py
[2025-04-16T00:14:49.152+0700] {processor.py:925} INFO - DAG(s) 'latest_only' retrieved from /home/anhtupham99/NBA-analytics/py_env/lib/python3.11/site-packages/airflow/example_dags/example_latest_only.py
[2025-04-16T00:14:49.172+0700] {logging_mixin.py:190} INFO - [2025-04-16T00:14:49.172+0700] {dag.py:3239} INFO - Sync 1 DAGs
[2025-04-16T00:14:49.192+0700] {logging_mixin.py:190} INFO - [2025-04-16T00:14:49.192+0700] {dag.py:4180} INFO - Setting next_dagrun for latest_only to 2025-04-15 12:00:00+00:00, run_after=2025-04-15 16:00:00+00:00
[2025-04-16T00:14:49.222+0700] {processor.py:208} INFO - Processing /home/anhtupham99/NBA-analytics/py_env/lib/python3.11/site-packages/airflow/example_dags/example_latest_only.py took 0.089 seconds
[2025-04-16T00:15:37.304+0700] {processor.py:186} INFO - Started process (PID=338858) to work on /home/anhtupham99/NBA-analytics/py_env/lib/python3.11/site-packages/airflow/example_dags/example_latest_only.py
[2025-04-16T00:15:37.306+0700] {processor.py:914} INFO - Processing file /home/anhtupham99/NBA-analytics/py_env/lib/python3.11/site-packages/airflow/example_dags/example_latest_only.py for tasks to queue
[2025-04-16T00:15:37.308+0700] {logging_mixin.py:190} INFO - [2025-04-16T00:15:37.308+0700] {dagbag.py:588} INFO - Filling up the DagBag from /home/anhtupham99/NBA-analytics/py_env/lib/python3.11/site-packages/airflow/example_dags/example_latest_only.py
[2025-04-16T00:15:37.316+0700] {processor.py:925} INFO - DAG(s) 'latest_only' retrieved from /home/anhtupham99/NBA-analytics/py_env/lib/python3.11/site-packages/airflow/example_dags/example_latest_only.py
[2025-04-16T00:15:37.332+0700] {logging_mixin.py:190} INFO - [2025-04-16T00:15:37.332+0700] {dag.py:3239} INFO - Sync 1 DAGs
[2025-04-16T00:15:37.352+0700] {logging_mixin.py:190} INFO - [2025-04-16T00:15:37.352+0700] {dag.py:4180} INFO - Setting next_dagrun for latest_only to 2025-04-15 12:00:00+00:00, run_after=2025-04-15 16:00:00+00:00
[2025-04-16T00:15:37.394+0700] {processor.py:208} INFO - Processing /home/anhtupham99/NBA-analytics/py_env/lib/python3.11/site-packages/airflow/example_dags/example_latest_only.py took 0.096 seconds
[2025-04-16T00:16:27.711+0700] {processor.py:186} INFO - Started process (PID=341676) to work on /home/anhtupham99/NBA-analytics/py_env/lib/python3.11/site-packages/airflow/example_dags/example_latest_only.py
[2025-04-16T00:16:27.712+0700] {processor.py:914} INFO - Processing file /home/anhtupham99/NBA-analytics/py_env/lib/python3.11/site-packages/airflow/example_dags/example_latest_only.py for tasks to queue
[2025-04-16T00:16:27.714+0700] {logging_mixin.py:190} INFO - [2025-04-16T00:16:27.714+0700] {dagbag.py:588} INFO - Filling up the DagBag from /home/anhtupham99/NBA-analytics/py_env/lib/python3.11/site-packages/airflow/example_dags/example_latest_only.py
[2025-04-16T00:16:27.720+0700] {processor.py:925} INFO - DAG(s) 'latest_only' retrieved from /home/anhtupham99/NBA-analytics/py_env/lib/python3.11/site-packages/airflow/example_dags/example_latest_only.py
[2025-04-16T00:16:27.730+0700] {logging_mixin.py:190} INFO - [2025-04-16T00:16:27.730+0700] {dag.py:3239} INFO - Sync 1 DAGs
[2025-04-16T00:16:27.744+0700] {logging_mixin.py:190} INFO - [2025-04-16T00:16:27.743+0700] {dag.py:4180} INFO - Setting next_dagrun for latest_only to 2025-04-15 12:00:00+00:00, run_after=2025-04-15 16:00:00+00:00
[2025-04-16T00:16:27.767+0700] {processor.py:208} INFO - Processing /home/anhtupham99/NBA-analytics/py_env/lib/python3.11/site-packages/airflow/example_dags/example_latest_only.py took 0.061 seconds
[2025-04-16T00:17:18.636+0700] {processor.py:186} INFO - Started process (PID=343671) to work on /home/anhtupham99/NBA-analytics/py_env/lib/python3.11/site-packages/airflow/example_dags/example_latest_only.py
[2025-04-16T00:17:18.638+0700] {processor.py:914} INFO - Processing file /home/anhtupham99/NBA-analytics/py_env/lib/python3.11/site-packages/airflow/example_dags/example_latest_only.py for tasks to queue
[2025-04-16T00:17:18.639+0700] {logging_mixin.py:190} INFO - [2025-04-16T00:17:18.639+0700] {dagbag.py:588} INFO - Filling up the DagBag from /home/anhtupham99/NBA-analytics/py_env/lib/python3.11/site-packages/airflow/example_dags/example_latest_only.py
[2025-04-16T00:17:18.645+0700] {processor.py:925} INFO - DAG(s) 'latest_only' retrieved from /home/anhtupham99/NBA-analytics/py_env/lib/python3.11/site-packages/airflow/example_dags/example_latest_only.py
[2025-04-16T00:17:18.655+0700] {logging_mixin.py:190} INFO - [2025-04-16T00:17:18.655+0700] {dag.py:3239} INFO - Sync 1 DAGs
[2025-04-16T00:17:18.669+0700] {logging_mixin.py:190} INFO - [2025-04-16T00:17:18.669+0700] {dag.py:4180} INFO - Setting next_dagrun for latest_only to 2025-04-15 12:00:00+00:00, run_after=2025-04-15 16:00:00+00:00
[2025-04-16T00:17:18.692+0700] {processor.py:208} INFO - Processing /home/anhtupham99/NBA-analytics/py_env/lib/python3.11/site-packages/airflow/example_dags/example_latest_only.py took 0.060 seconds
[2025-04-16T00:18:07.476+0700] {processor.py:186} INFO - Started process (PID=345709) to work on /home/anhtupham99/NBA-analytics/py_env/lib/python3.11/site-packages/airflow/example_dags/example_latest_only.py
[2025-04-16T00:18:07.478+0700] {processor.py:914} INFO - Processing file /home/anhtupham99/NBA-analytics/py_env/lib/python3.11/site-packages/airflow/example_dags/example_latest_only.py for tasks to queue
[2025-04-16T00:18:07.480+0700] {logging_mixin.py:190} INFO - [2025-04-16T00:18:07.480+0700] {dagbag.py:588} INFO - Filling up the DagBag from /home/anhtupham99/NBA-analytics/py_env/lib/python3.11/site-packages/airflow/example_dags/example_latest_only.py
[2025-04-16T00:18:07.488+0700] {processor.py:925} INFO - DAG(s) 'latest_only' retrieved from /home/anhtupham99/NBA-analytics/py_env/lib/python3.11/site-packages/airflow/example_dags/example_latest_only.py
[2025-04-16T00:18:07.502+0700] {logging_mixin.py:190} INFO - [2025-04-16T00:18:07.501+0700] {dag.py:3239} INFO - Sync 1 DAGs
[2025-04-16T00:18:07.520+0700] {logging_mixin.py:190} INFO - [2025-04-16T00:18:07.520+0700] {dag.py:4180} INFO - Setting next_dagrun for latest_only to 2025-04-15 12:00:00+00:00, run_after=2025-04-15 16:00:00+00:00
[2025-04-16T00:18:07.547+0700] {processor.py:208} INFO - Processing /home/anhtupham99/NBA-analytics/py_env/lib/python3.11/site-packages/airflow/example_dags/example_latest_only.py took 0.076 seconds
[2025-04-16T00:18:58.348+0700] {processor.py:186} INFO - Started process (PID=348769) to work on /home/anhtupham99/NBA-analytics/py_env/lib/python3.11/site-packages/airflow/example_dags/example_latest_only.py
[2025-04-16T00:18:58.350+0700] {processor.py:914} INFO - Processing file /home/anhtupham99/NBA-analytics/py_env/lib/python3.11/site-packages/airflow/example_dags/example_latest_only.py for tasks to queue
[2025-04-16T00:18:58.352+0700] {logging_mixin.py:190} INFO - [2025-04-16T00:18:58.352+0700] {dagbag.py:588} INFO - Filling up the DagBag from /home/anhtupham99/NBA-analytics/py_env/lib/python3.11/site-packages/airflow/example_dags/example_latest_only.py
[2025-04-16T00:18:58.359+0700] {processor.py:925} INFO - DAG(s) 'latest_only' retrieved from /home/anhtupham99/NBA-analytics/py_env/lib/python3.11/site-packages/airflow/example_dags/example_latest_only.py
[2025-04-16T00:18:58.372+0700] {logging_mixin.py:190} INFO - [2025-04-16T00:18:58.372+0700] {dag.py:3239} INFO - Sync 1 DAGs
[2025-04-16T00:18:58.388+0700] {logging_mixin.py:190} INFO - [2025-04-16T00:18:58.387+0700] {dag.py:4180} INFO - Setting next_dagrun for latest_only to 2025-04-15 12:00:00+00:00, run_after=2025-04-15 16:00:00+00:00
[2025-04-16T00:18:58.416+0700] {processor.py:208} INFO - Processing /home/anhtupham99/NBA-analytics/py_env/lib/python3.11/site-packages/airflow/example_dags/example_latest_only.py took 0.073 seconds
[2025-04-16T00:19:47.646+0700] {processor.py:186} INFO - Started process (PID=350485) to work on /home/anhtupham99/NBA-analytics/py_env/lib/python3.11/site-packages/airflow/example_dags/example_latest_only.py
[2025-04-16T00:19:47.648+0700] {processor.py:914} INFO - Processing file /home/anhtupham99/NBA-analytics/py_env/lib/python3.11/site-packages/airflow/example_dags/example_latest_only.py for tasks to queue
[2025-04-16T00:19:47.650+0700] {logging_mixin.py:190} INFO - [2025-04-16T00:19:47.649+0700] {dagbag.py:588} INFO - Filling up the DagBag from /home/anhtupham99/NBA-analytics/py_env/lib/python3.11/site-packages/airflow/example_dags/example_latest_only.py
[2025-04-16T00:19:47.657+0700] {processor.py:925} INFO - DAG(s) 'latest_only' retrieved from /home/anhtupham99/NBA-analytics/py_env/lib/python3.11/site-packages/airflow/example_dags/example_latest_only.py
[2025-04-16T00:19:47.670+0700] {logging_mixin.py:190} INFO - [2025-04-16T00:19:47.670+0700] {dag.py:3239} INFO - Sync 1 DAGs
[2025-04-16T00:19:47.686+0700] {logging_mixin.py:190} INFO - [2025-04-16T00:19:47.686+0700] {dag.py:4180} INFO - Setting next_dagrun for latest_only to 2025-04-15 12:00:00+00:00, run_after=2025-04-15 16:00:00+00:00
[2025-04-16T00:19:47.711+0700] {processor.py:208} INFO - Processing /home/anhtupham99/NBA-analytics/py_env/lib/python3.11/site-packages/airflow/example_dags/example_latest_only.py took 0.070 seconds
[2025-04-16T00:20:36.516+0700] {processor.py:186} INFO - Started process (PID=352593) to work on /home/anhtupham99/NBA-analytics/py_env/lib/python3.11/site-packages/airflow/example_dags/example_latest_only.py
[2025-04-16T00:20:36.517+0700] {processor.py:914} INFO - Processing file /home/anhtupham99/NBA-analytics/py_env/lib/python3.11/site-packages/airflow/example_dags/example_latest_only.py for tasks to queue
[2025-04-16T00:20:36.519+0700] {logging_mixin.py:190} INFO - [2025-04-16T00:20:36.519+0700] {dagbag.py:588} INFO - Filling up the DagBag from /home/anhtupham99/NBA-analytics/py_env/lib/python3.11/site-packages/airflow/example_dags/example_latest_only.py
[2025-04-16T00:20:36.525+0700] {processor.py:925} INFO - DAG(s) 'latest_only' retrieved from /home/anhtupham99/NBA-analytics/py_env/lib/python3.11/site-packages/airflow/example_dags/example_latest_only.py
[2025-04-16T00:20:36.537+0700] {logging_mixin.py:190} INFO - [2025-04-16T00:20:36.536+0700] {dag.py:3239} INFO - Sync 1 DAGs
[2025-04-16T00:20:36.550+0700] {logging_mixin.py:190} INFO - [2025-04-16T00:20:36.550+0700] {dag.py:4180} INFO - Setting next_dagrun for latest_only to 2025-04-15 12:00:00+00:00, run_after=2025-04-15 16:00:00+00:00
[2025-04-16T00:20:36.574+0700] {processor.py:208} INFO - Processing /home/anhtupham99/NBA-analytics/py_env/lib/python3.11/site-packages/airflow/example_dags/example_latest_only.py took 0.063 seconds
[2025-04-16T00:21:25.536+0700] {processor.py:186} INFO - Started process (PID=354276) to work on /home/anhtupham99/NBA-analytics/py_env/lib/python3.11/site-packages/airflow/example_dags/example_latest_only.py
[2025-04-16T00:21:25.538+0700] {processor.py:914} INFO - Processing file /home/anhtupham99/NBA-analytics/py_env/lib/python3.11/site-packages/airflow/example_dags/example_latest_only.py for tasks to queue
[2025-04-16T00:21:25.540+0700] {logging_mixin.py:190} INFO - [2025-04-16T00:21:25.540+0700] {dagbag.py:588} INFO - Filling up the DagBag from /home/anhtupham99/NBA-analytics/py_env/lib/python3.11/site-packages/airflow/example_dags/example_latest_only.py
[2025-04-16T00:21:25.550+0700] {processor.py:925} INFO - DAG(s) 'latest_only' retrieved from /home/anhtupham99/NBA-analytics/py_env/lib/python3.11/site-packages/airflow/example_dags/example_latest_only.py
[2025-04-16T00:21:25.568+0700] {logging_mixin.py:190} INFO - [2025-04-16T00:21:25.568+0700] {dag.py:3239} INFO - Sync 1 DAGs
[2025-04-16T00:21:25.588+0700] {logging_mixin.py:190} INFO - [2025-04-16T00:21:25.588+0700] {dag.py:4180} INFO - Setting next_dagrun for latest_only to 2025-04-15 12:00:00+00:00, run_after=2025-04-15 16:00:00+00:00
[2025-04-16T00:21:25.617+0700] {processor.py:208} INFO - Processing /home/anhtupham99/NBA-analytics/py_env/lib/python3.11/site-packages/airflow/example_dags/example_latest_only.py took 0.087 seconds
[2025-04-16T00:22:18.454+0700] {processor.py:186} INFO - Started process (PID=356627) to work on /home/anhtupham99/NBA-analytics/py_env/lib/python3.11/site-packages/airflow/example_dags/example_latest_only.py
[2025-04-16T00:22:18.456+0700] {processor.py:914} INFO - Processing file /home/anhtupham99/NBA-analytics/py_env/lib/python3.11/site-packages/airflow/example_dags/example_latest_only.py for tasks to queue
[2025-04-16T00:22:18.458+0700] {logging_mixin.py:190} INFO - [2025-04-16T00:22:18.457+0700] {dagbag.py:588} INFO - Filling up the DagBag from /home/anhtupham99/NBA-analytics/py_env/lib/python3.11/site-packages/airflow/example_dags/example_latest_only.py
[2025-04-16T00:22:18.466+0700] {processor.py:925} INFO - DAG(s) 'latest_only' retrieved from /home/anhtupham99/NBA-analytics/py_env/lib/python3.11/site-packages/airflow/example_dags/example_latest_only.py
[2025-04-16T00:22:18.480+0700] {logging_mixin.py:190} INFO - [2025-04-16T00:22:18.480+0700] {dag.py:3239} INFO - Sync 1 DAGs
[2025-04-16T00:22:18.502+0700] {logging_mixin.py:190} INFO - [2025-04-16T00:22:18.501+0700] {dag.py:4180} INFO - Setting next_dagrun for latest_only to 2025-04-15 12:00:00+00:00, run_after=2025-04-15 16:00:00+00:00
[2025-04-16T00:22:18.535+0700] {processor.py:208} INFO - Processing /home/anhtupham99/NBA-analytics/py_env/lib/python3.11/site-packages/airflow/example_dags/example_latest_only.py took 0.089 seconds
[2025-04-16T00:23:09.703+0700] {processor.py:186} INFO - Started process (PID=357823) to work on /home/anhtupham99/NBA-analytics/py_env/lib/python3.11/site-packages/airflow/example_dags/example_latest_only.py
[2025-04-16T00:23:09.704+0700] {processor.py:914} INFO - Processing file /home/anhtupham99/NBA-analytics/py_env/lib/python3.11/site-packages/airflow/example_dags/example_latest_only.py for tasks to queue
[2025-04-16T00:23:09.706+0700] {logging_mixin.py:190} INFO - [2025-04-16T00:23:09.706+0700] {dagbag.py:588} INFO - Filling up the DagBag from /home/anhtupham99/NBA-analytics/py_env/lib/python3.11/site-packages/airflow/example_dags/example_latest_only.py
[2025-04-16T00:23:09.712+0700] {processor.py:925} INFO - DAG(s) 'latest_only' retrieved from /home/anhtupham99/NBA-analytics/py_env/lib/python3.11/site-packages/airflow/example_dags/example_latest_only.py
[2025-04-16T00:23:09.723+0700] {logging_mixin.py:190} INFO - [2025-04-16T00:23:09.722+0700] {dag.py:3239} INFO - Sync 1 DAGs
[2025-04-16T00:23:09.735+0700] {logging_mixin.py:190} INFO - [2025-04-16T00:23:09.735+0700] {dag.py:4180} INFO - Setting next_dagrun for latest_only to 2025-04-15 12:00:00+00:00, run_after=2025-04-15 16:00:00+00:00
[2025-04-16T00:23:09.761+0700] {processor.py:208} INFO - Processing /home/anhtupham99/NBA-analytics/py_env/lib/python3.11/site-packages/airflow/example_dags/example_latest_only.py took 0.062 seconds
[2025-04-16T00:24:19.059+0700] {processor.py:186} INFO - Started process (PID=360402) to work on /home/anhtupham99/NBA-analytics/py_env/lib/python3.11/site-packages/airflow/example_dags/example_latest_only.py
[2025-04-16T00:24:19.061+0700] {processor.py:914} INFO - Processing file /home/anhtupham99/NBA-analytics/py_env/lib/python3.11/site-packages/airflow/example_dags/example_latest_only.py for tasks to queue
[2025-04-16T00:24:19.064+0700] {logging_mixin.py:190} INFO - [2025-04-16T00:24:19.063+0700] {dagbag.py:588} INFO - Filling up the DagBag from /home/anhtupham99/NBA-analytics/py_env/lib/python3.11/site-packages/airflow/example_dags/example_latest_only.py
[2025-04-16T00:24:19.076+0700] {processor.py:925} INFO - DAG(s) 'latest_only' retrieved from /home/anhtupham99/NBA-analytics/py_env/lib/python3.11/site-packages/airflow/example_dags/example_latest_only.py
[2025-04-16T00:24:19.103+0700] {logging_mixin.py:190} INFO - [2025-04-16T00:24:19.103+0700] {dag.py:3239} INFO - Sync 1 DAGs
[2025-04-16T00:24:19.137+0700] {logging_mixin.py:190} INFO - [2025-04-16T00:24:19.136+0700] {dag.py:4180} INFO - Setting next_dagrun for latest_only to 2025-04-15 12:00:00+00:00, run_after=2025-04-15 16:00:00+00:00
[2025-04-16T00:24:19.178+0700] {processor.py:208} INFO - Processing /home/anhtupham99/NBA-analytics/py_env/lib/python3.11/site-packages/airflow/example_dags/example_latest_only.py took 0.128 seconds
[2025-04-16T00:25:10.642+0700] {processor.py:186} INFO - Started process (PID=362392) to work on /home/anhtupham99/NBA-analytics/py_env/lib/python3.11/site-packages/airflow/example_dags/example_latest_only.py
[2025-04-16T00:25:10.644+0700] {processor.py:914} INFO - Processing file /home/anhtupham99/NBA-analytics/py_env/lib/python3.11/site-packages/airflow/example_dags/example_latest_only.py for tasks to queue
[2025-04-16T00:25:10.646+0700] {logging_mixin.py:190} INFO - [2025-04-16T00:25:10.646+0700] {dagbag.py:588} INFO - Filling up the DagBag from /home/anhtupham99/NBA-analytics/py_env/lib/python3.11/site-packages/airflow/example_dags/example_latest_only.py
[2025-04-16T00:25:10.655+0700] {processor.py:925} INFO - DAG(s) 'latest_only' retrieved from /home/anhtupham99/NBA-analytics/py_env/lib/python3.11/site-packages/airflow/example_dags/example_latest_only.py
[2025-04-16T00:25:10.673+0700] {logging_mixin.py:190} INFO - [2025-04-16T00:25:10.673+0700] {dag.py:3239} INFO - Sync 1 DAGs
[2025-04-16T00:25:10.694+0700] {logging_mixin.py:190} INFO - [2025-04-16T00:25:10.694+0700] {dag.py:4180} INFO - Setting next_dagrun for latest_only to 2025-04-15 12:00:00+00:00, run_after=2025-04-15 16:00:00+00:00
[2025-04-16T00:25:10.721+0700] {processor.py:208} INFO - Processing /home/anhtupham99/NBA-analytics/py_env/lib/python3.11/site-packages/airflow/example_dags/example_latest_only.py took 0.084 seconds
[2025-04-16T00:26:17.166+0700] {processor.py:186} INFO - Started process (PID=364513) to work on /home/anhtupham99/NBA-analytics/py_env/lib/python3.11/site-packages/airflow/example_dags/example_latest_only.py
[2025-04-16T00:26:17.168+0700] {processor.py:914} INFO - Processing file /home/anhtupham99/NBA-analytics/py_env/lib/python3.11/site-packages/airflow/example_dags/example_latest_only.py for tasks to queue
[2025-04-16T00:26:17.169+0700] {logging_mixin.py:190} INFO - [2025-04-16T00:26:17.169+0700] {dagbag.py:588} INFO - Filling up the DagBag from /home/anhtupham99/NBA-analytics/py_env/lib/python3.11/site-packages/airflow/example_dags/example_latest_only.py
[2025-04-16T00:26:17.175+0700] {processor.py:925} INFO - DAG(s) 'latest_only' retrieved from /home/anhtupham99/NBA-analytics/py_env/lib/python3.11/site-packages/airflow/example_dags/example_latest_only.py
[2025-04-16T00:26:17.188+0700] {logging_mixin.py:190} INFO - [2025-04-16T00:26:17.188+0700] {dag.py:3239} INFO - Sync 1 DAGs
[2025-04-16T00:26:17.208+0700] {logging_mixin.py:190} INFO - [2025-04-16T00:26:17.208+0700] {dag.py:4180} INFO - Setting next_dagrun for latest_only to 2025-04-15 12:00:00+00:00, run_after=2025-04-15 16:00:00+00:00
[2025-04-16T00:26:17.232+0700] {processor.py:208} INFO - Processing /home/anhtupham99/NBA-analytics/py_env/lib/python3.11/site-packages/airflow/example_dags/example_latest_only.py took 0.071 seconds
[2025-04-16T00:27:06.636+0700] {processor.py:186} INFO - Started process (PID=365650) to work on /home/anhtupham99/NBA-analytics/py_env/lib/python3.11/site-packages/airflow/example_dags/example_latest_only.py
[2025-04-16T00:27:06.637+0700] {processor.py:914} INFO - Processing file /home/anhtupham99/NBA-analytics/py_env/lib/python3.11/site-packages/airflow/example_dags/example_latest_only.py for tasks to queue
[2025-04-16T00:27:06.639+0700] {logging_mixin.py:190} INFO - [2025-04-16T00:27:06.639+0700] {dagbag.py:588} INFO - Filling up the DagBag from /home/anhtupham99/NBA-analytics/py_env/lib/python3.11/site-packages/airflow/example_dags/example_latest_only.py
[2025-04-16T00:27:06.645+0700] {processor.py:925} INFO - DAG(s) 'latest_only' retrieved from /home/anhtupham99/NBA-analytics/py_env/lib/python3.11/site-packages/airflow/example_dags/example_latest_only.py
[2025-04-16T00:27:06.656+0700] {logging_mixin.py:190} INFO - [2025-04-16T00:27:06.656+0700] {dag.py:3239} INFO - Sync 1 DAGs
[2025-04-16T00:27:06.669+0700] {logging_mixin.py:190} INFO - [2025-04-16T00:27:06.669+0700] {dag.py:4180} INFO - Setting next_dagrun for latest_only to 2025-04-15 12:00:00+00:00, run_after=2025-04-15 16:00:00+00:00
[2025-04-16T00:27:06.692+0700] {processor.py:208} INFO - Processing /home/anhtupham99/NBA-analytics/py_env/lib/python3.11/site-packages/airflow/example_dags/example_latest_only.py took 0.061 seconds
[2025-04-16T00:27:53.669+0700] {processor.py:186} INFO - Started process (PID=366904) to work on /home/anhtupham99/NBA-analytics/py_env/lib/python3.11/site-packages/airflow/example_dags/example_latest_only.py
[2025-04-16T00:27:53.671+0700] {processor.py:914} INFO - Processing file /home/anhtupham99/NBA-analytics/py_env/lib/python3.11/site-packages/airflow/example_dags/example_latest_only.py for tasks to queue
[2025-04-16T00:27:53.672+0700] {logging_mixin.py:190} INFO - [2025-04-16T00:27:53.672+0700] {dagbag.py:588} INFO - Filling up the DagBag from /home/anhtupham99/NBA-analytics/py_env/lib/python3.11/site-packages/airflow/example_dags/example_latest_only.py
[2025-04-16T00:27:53.678+0700] {processor.py:925} INFO - DAG(s) 'latest_only' retrieved from /home/anhtupham99/NBA-analytics/py_env/lib/python3.11/site-packages/airflow/example_dags/example_latest_only.py
[2025-04-16T00:27:53.690+0700] {logging_mixin.py:190} INFO - [2025-04-16T00:27:53.690+0700] {dag.py:3239} INFO - Sync 1 DAGs
[2025-04-16T00:27:53.706+0700] {logging_mixin.py:190} INFO - [2025-04-16T00:27:53.706+0700] {dag.py:4180} INFO - Setting next_dagrun for latest_only to 2025-04-15 12:00:00+00:00, run_after=2025-04-15 16:00:00+00:00
[2025-04-16T00:27:53.732+0700] {processor.py:208} INFO - Processing /home/anhtupham99/NBA-analytics/py_env/lib/python3.11/site-packages/airflow/example_dags/example_latest_only.py took 0.067 seconds
[2025-04-16T00:28:42.239+0700] {processor.py:186} INFO - Started process (PID=368069) to work on /home/anhtupham99/NBA-analytics/py_env/lib/python3.11/site-packages/airflow/example_dags/example_latest_only.py
[2025-04-16T00:28:42.243+0700] {processor.py:914} INFO - Processing file /home/anhtupham99/NBA-analytics/py_env/lib/python3.11/site-packages/airflow/example_dags/example_latest_only.py for tasks to queue
[2025-04-16T00:28:42.245+0700] {logging_mixin.py:190} INFO - [2025-04-16T00:28:42.245+0700] {dagbag.py:588} INFO - Filling up the DagBag from /home/anhtupham99/NBA-analytics/py_env/lib/python3.11/site-packages/airflow/example_dags/example_latest_only.py
[2025-04-16T00:28:42.254+0700] {processor.py:925} INFO - DAG(s) 'latest_only' retrieved from /home/anhtupham99/NBA-analytics/py_env/lib/python3.11/site-packages/airflow/example_dags/example_latest_only.py
[2025-04-16T00:28:42.271+0700] {logging_mixin.py:190} INFO - [2025-04-16T00:28:42.270+0700] {dag.py:3239} INFO - Sync 1 DAGs
[2025-04-16T00:28:42.290+0700] {logging_mixin.py:190} INFO - [2025-04-16T00:28:42.289+0700] {dag.py:4180} INFO - Setting next_dagrun for latest_only to 2025-04-15 12:00:00+00:00, run_after=2025-04-15 16:00:00+00:00
[2025-04-16T00:28:42.316+0700] {processor.py:208} INFO - Processing /home/anhtupham99/NBA-analytics/py_env/lib/python3.11/site-packages/airflow/example_dags/example_latest_only.py took 0.084 seconds
[2025-04-16T00:29:29.389+0700] {processor.py:186} INFO - Started process (PID=369178) to work on /home/anhtupham99/NBA-analytics/py_env/lib/python3.11/site-packages/airflow/example_dags/example_latest_only.py
[2025-04-16T00:29:29.390+0700] {processor.py:914} INFO - Processing file /home/anhtupham99/NBA-analytics/py_env/lib/python3.11/site-packages/airflow/example_dags/example_latest_only.py for tasks to queue
[2025-04-16T00:29:29.392+0700] {logging_mixin.py:190} INFO - [2025-04-16T00:29:29.391+0700] {dagbag.py:588} INFO - Filling up the DagBag from /home/anhtupham99/NBA-analytics/py_env/lib/python3.11/site-packages/airflow/example_dags/example_latest_only.py
[2025-04-16T00:29:29.397+0700] {processor.py:925} INFO - DAG(s) 'latest_only' retrieved from /home/anhtupham99/NBA-analytics/py_env/lib/python3.11/site-packages/airflow/example_dags/example_latest_only.py
[2025-04-16T00:29:29.407+0700] {logging_mixin.py:190} INFO - [2025-04-16T00:29:29.407+0700] {dag.py:3239} INFO - Sync 1 DAGs
[2025-04-16T00:29:29.420+0700] {logging_mixin.py:190} INFO - [2025-04-16T00:29:29.420+0700] {dag.py:4180} INFO - Setting next_dagrun for latest_only to 2025-04-15 12:00:00+00:00, run_after=2025-04-15 16:00:00+00:00
[2025-04-16T00:29:29.441+0700] {processor.py:208} INFO - Processing /home/anhtupham99/NBA-analytics/py_env/lib/python3.11/site-packages/airflow/example_dags/example_latest_only.py took 0.059 seconds
[2025-04-16T00:30:19.643+0700] {processor.py:186} INFO - Started process (PID=370352) to work on /home/anhtupham99/NBA-analytics/py_env/lib/python3.11/site-packages/airflow/example_dags/example_latest_only.py
[2025-04-16T00:30:19.644+0700] {processor.py:914} INFO - Processing file /home/anhtupham99/NBA-analytics/py_env/lib/python3.11/site-packages/airflow/example_dags/example_latest_only.py for tasks to queue
[2025-04-16T00:30:19.646+0700] {logging_mixin.py:190} INFO - [2025-04-16T00:30:19.645+0700] {dagbag.py:588} INFO - Filling up the DagBag from /home/anhtupham99/NBA-analytics/py_env/lib/python3.11/site-packages/airflow/example_dags/example_latest_only.py
[2025-04-16T00:30:19.651+0700] {processor.py:925} INFO - DAG(s) 'latest_only' retrieved from /home/anhtupham99/NBA-analytics/py_env/lib/python3.11/site-packages/airflow/example_dags/example_latest_only.py
[2025-04-16T00:30:19.662+0700] {logging_mixin.py:190} INFO - [2025-04-16T00:30:19.662+0700] {dag.py:3239} INFO - Sync 1 DAGs
[2025-04-16T00:30:19.675+0700] {logging_mixin.py:190} INFO - [2025-04-16T00:30:19.675+0700] {dag.py:4180} INFO - Setting next_dagrun for latest_only to 2025-04-15 12:00:00+00:00, run_after=2025-04-15 16:00:00+00:00
[2025-04-16T00:30:19.699+0700] {processor.py:208} INFO - Processing /home/anhtupham99/NBA-analytics/py_env/lib/python3.11/site-packages/airflow/example_dags/example_latest_only.py took 0.061 seconds
[2025-04-16T00:31:07.216+0700] {processor.py:186} INFO - Started process (PID=371729) to work on /home/anhtupham99/NBA-analytics/py_env/lib/python3.11/site-packages/airflow/example_dags/example_latest_only.py
[2025-04-16T00:31:07.218+0700] {processor.py:914} INFO - Processing file /home/anhtupham99/NBA-analytics/py_env/lib/python3.11/site-packages/airflow/example_dags/example_latest_only.py for tasks to queue
[2025-04-16T00:31:07.220+0700] {logging_mixin.py:190} INFO - [2025-04-16T00:31:07.220+0700] {dagbag.py:588} INFO - Filling up the DagBag from /home/anhtupham99/NBA-analytics/py_env/lib/python3.11/site-packages/airflow/example_dags/example_latest_only.py
[2025-04-16T00:31:07.228+0700] {processor.py:925} INFO - DAG(s) 'latest_only' retrieved from /home/anhtupham99/NBA-analytics/py_env/lib/python3.11/site-packages/airflow/example_dags/example_latest_only.py
[2025-04-16T00:31:07.241+0700] {logging_mixin.py:190} INFO - [2025-04-16T00:31:07.241+0700] {dag.py:3239} INFO - Sync 1 DAGs
[2025-04-16T00:31:07.256+0700] {logging_mixin.py:190} INFO - [2025-04-16T00:31:07.256+0700] {dag.py:4180} INFO - Setting next_dagrun for latest_only to 2025-04-15 12:00:00+00:00, run_after=2025-04-15 16:00:00+00:00
[2025-04-16T00:31:07.278+0700] {processor.py:208} INFO - Processing /home/anhtupham99/NBA-analytics/py_env/lib/python3.11/site-packages/airflow/example_dags/example_latest_only.py took 0.067 seconds
[2025-04-16T00:31:52.100+0700] {processor.py:186} INFO - Started process (PID=372854) to work on /home/anhtupham99/NBA-analytics/py_env/lib/python3.11/site-packages/airflow/example_dags/example_latest_only.py
[2025-04-16T00:31:52.102+0700] {processor.py:914} INFO - Processing file /home/anhtupham99/NBA-analytics/py_env/lib/python3.11/site-packages/airflow/example_dags/example_latest_only.py for tasks to queue
[2025-04-16T00:31:52.103+0700] {logging_mixin.py:190} INFO - [2025-04-16T00:31:52.103+0700] {dagbag.py:588} INFO - Filling up the DagBag from /home/anhtupham99/NBA-analytics/py_env/lib/python3.11/site-packages/airflow/example_dags/example_latest_only.py
[2025-04-16T00:31:52.109+0700] {processor.py:925} INFO - DAG(s) 'latest_only' retrieved from /home/anhtupham99/NBA-analytics/py_env/lib/python3.11/site-packages/airflow/example_dags/example_latest_only.py
[2025-04-16T00:31:52.121+0700] {logging_mixin.py:190} INFO - [2025-04-16T00:31:52.121+0700] {dag.py:3239} INFO - Sync 1 DAGs
[2025-04-16T00:31:52.136+0700] {logging_mixin.py:190} INFO - [2025-04-16T00:31:52.136+0700] {dag.py:4180} INFO - Setting next_dagrun for latest_only to 2025-04-15 12:00:00+00:00, run_after=2025-04-15 16:00:00+00:00
[2025-04-16T00:31:52.164+0700] {processor.py:208} INFO - Processing /home/anhtupham99/NBA-analytics/py_env/lib/python3.11/site-packages/airflow/example_dags/example_latest_only.py took 0.068 seconds
[2025-04-16T00:32:36.855+0700] {processor.py:186} INFO - Started process (PID=373950) to work on /home/anhtupham99/NBA-analytics/py_env/lib/python3.11/site-packages/airflow/example_dags/example_latest_only.py
[2025-04-16T00:32:36.856+0700] {processor.py:914} INFO - Processing file /home/anhtupham99/NBA-analytics/py_env/lib/python3.11/site-packages/airflow/example_dags/example_latest_only.py for tasks to queue
[2025-04-16T00:32:36.858+0700] {logging_mixin.py:190} INFO - [2025-04-16T00:32:36.858+0700] {dagbag.py:588} INFO - Filling up the DagBag from /home/anhtupham99/NBA-analytics/py_env/lib/python3.11/site-packages/airflow/example_dags/example_latest_only.py
[2025-04-16T00:32:36.864+0700] {processor.py:925} INFO - DAG(s) 'latest_only' retrieved from /home/anhtupham99/NBA-analytics/py_env/lib/python3.11/site-packages/airflow/example_dags/example_latest_only.py
[2025-04-16T00:32:36.874+0700] {logging_mixin.py:190} INFO - [2025-04-16T00:32:36.874+0700] {dag.py:3239} INFO - Sync 1 DAGs
[2025-04-16T00:32:36.887+0700] {logging_mixin.py:190} INFO - [2025-04-16T00:32:36.887+0700] {dag.py:4180} INFO - Setting next_dagrun for latest_only to 2025-04-15 12:00:00+00:00, run_after=2025-04-15 16:00:00+00:00
[2025-04-16T00:32:36.909+0700] {processor.py:208} INFO - Processing /home/anhtupham99/NBA-analytics/py_env/lib/python3.11/site-packages/airflow/example_dags/example_latest_only.py took 0.059 seconds
[2025-04-16T00:33:24.700+0700] {processor.py:186} INFO - Started process (PID=375132) to work on /home/anhtupham99/NBA-analytics/py_env/lib/python3.11/site-packages/airflow/example_dags/example_latest_only.py
[2025-04-16T00:33:24.701+0700] {processor.py:914} INFO - Processing file /home/anhtupham99/NBA-analytics/py_env/lib/python3.11/site-packages/airflow/example_dags/example_latest_only.py for tasks to queue
[2025-04-16T00:33:24.703+0700] {logging_mixin.py:190} INFO - [2025-04-16T00:33:24.703+0700] {dagbag.py:588} INFO - Filling up the DagBag from /home/anhtupham99/NBA-analytics/py_env/lib/python3.11/site-packages/airflow/example_dags/example_latest_only.py
[2025-04-16T00:33:24.709+0700] {processor.py:925} INFO - DAG(s) 'latest_only' retrieved from /home/anhtupham99/NBA-analytics/py_env/lib/python3.11/site-packages/airflow/example_dags/example_latest_only.py
[2025-04-16T00:33:24.720+0700] {logging_mixin.py:190} INFO - [2025-04-16T00:33:24.720+0700] {dag.py:3239} INFO - Sync 1 DAGs
[2025-04-16T00:33:24.734+0700] {logging_mixin.py:190} INFO - [2025-04-16T00:33:24.733+0700] {dag.py:4180} INFO - Setting next_dagrun for latest_only to 2025-04-15 12:00:00+00:00, run_after=2025-04-15 16:00:00+00:00
[2025-04-16T00:33:24.756+0700] {processor.py:208} INFO - Processing /home/anhtupham99/NBA-analytics/py_env/lib/python3.11/site-packages/airflow/example_dags/example_latest_only.py took 0.061 seconds
[2025-04-16T00:34:12.438+0700] {processor.py:186} INFO - Started process (PID=376150) to work on /home/anhtupham99/NBA-analytics/py_env/lib/python3.11/site-packages/airflow/example_dags/example_latest_only.py
[2025-04-16T00:34:12.440+0700] {processor.py:914} INFO - Processing file /home/anhtupham99/NBA-analytics/py_env/lib/python3.11/site-packages/airflow/example_dags/example_latest_only.py for tasks to queue
[2025-04-16T00:34:12.441+0700] {logging_mixin.py:190} INFO - [2025-04-16T00:34:12.441+0700] {dagbag.py:588} INFO - Filling up the DagBag from /home/anhtupham99/NBA-analytics/py_env/lib/python3.11/site-packages/airflow/example_dags/example_latest_only.py
[2025-04-16T00:34:12.447+0700] {processor.py:925} INFO - DAG(s) 'latest_only' retrieved from /home/anhtupham99/NBA-analytics/py_env/lib/python3.11/site-packages/airflow/example_dags/example_latest_only.py
[2025-04-16T00:34:12.457+0700] {logging_mixin.py:190} INFO - [2025-04-16T00:34:12.457+0700] {dag.py:3239} INFO - Sync 1 DAGs
[2025-04-16T00:34:12.471+0700] {logging_mixin.py:190} INFO - [2025-04-16T00:34:12.470+0700] {dag.py:4180} INFO - Setting next_dagrun for latest_only to 2025-04-15 12:00:00+00:00, run_after=2025-04-15 16:00:00+00:00
[2025-04-16T00:34:12.494+0700] {processor.py:208} INFO - Processing /home/anhtupham99/NBA-analytics/py_env/lib/python3.11/site-packages/airflow/example_dags/example_latest_only.py took 0.059 seconds
[2025-04-16T00:35:01.072+0700] {processor.py:186} INFO - Started process (PID=377343) to work on /home/anhtupham99/NBA-analytics/py_env/lib/python3.11/site-packages/airflow/example_dags/example_latest_only.py
[2025-04-16T00:35:01.073+0700] {processor.py:914} INFO - Processing file /home/anhtupham99/NBA-analytics/py_env/lib/python3.11/site-packages/airflow/example_dags/example_latest_only.py for tasks to queue
[2025-04-16T00:35:01.074+0700] {logging_mixin.py:190} INFO - [2025-04-16T00:35:01.074+0700] {dagbag.py:588} INFO - Filling up the DagBag from /home/anhtupham99/NBA-analytics/py_env/lib/python3.11/site-packages/airflow/example_dags/example_latest_only.py
[2025-04-16T00:35:01.080+0700] {processor.py:925} INFO - DAG(s) 'latest_only' retrieved from /home/anhtupham99/NBA-analytics/py_env/lib/python3.11/site-packages/airflow/example_dags/example_latest_only.py
[2025-04-16T00:35:01.090+0700] {logging_mixin.py:190} INFO - [2025-04-16T00:35:01.090+0700] {dag.py:3239} INFO - Sync 1 DAGs
[2025-04-16T00:35:01.102+0700] {logging_mixin.py:190} INFO - [2025-04-16T00:35:01.102+0700] {dag.py:4180} INFO - Setting next_dagrun for latest_only to 2025-04-15 12:00:00+00:00, run_after=2025-04-15 16:00:00+00:00
[2025-04-16T00:35:01.126+0700] {processor.py:208} INFO - Processing /home/anhtupham99/NBA-analytics/py_env/lib/python3.11/site-packages/airflow/example_dags/example_latest_only.py took 0.059 seconds
[2025-04-16T00:35:47.790+0700] {processor.py:186} INFO - Started process (PID=378546) to work on /home/anhtupham99/NBA-analytics/py_env/lib/python3.11/site-packages/airflow/example_dags/example_latest_only.py
[2025-04-16T00:35:47.791+0700] {processor.py:914} INFO - Processing file /home/anhtupham99/NBA-analytics/py_env/lib/python3.11/site-packages/airflow/example_dags/example_latest_only.py for tasks to queue
[2025-04-16T00:35:47.793+0700] {logging_mixin.py:190} INFO - [2025-04-16T00:35:47.793+0700] {dagbag.py:588} INFO - Filling up the DagBag from /home/anhtupham99/NBA-analytics/py_env/lib/python3.11/site-packages/airflow/example_dags/example_latest_only.py
[2025-04-16T00:35:47.798+0700] {processor.py:925} INFO - DAG(s) 'latest_only' retrieved from /home/anhtupham99/NBA-analytics/py_env/lib/python3.11/site-packages/airflow/example_dags/example_latest_only.py
[2025-04-16T00:35:47.809+0700] {logging_mixin.py:190} INFO - [2025-04-16T00:35:47.809+0700] {dag.py:3239} INFO - Sync 1 DAGs
[2025-04-16T00:35:47.822+0700] {logging_mixin.py:190} INFO - [2025-04-16T00:35:47.822+0700] {dag.py:4180} INFO - Setting next_dagrun for latest_only to 2025-04-15 12:00:00+00:00, run_after=2025-04-15 16:00:00+00:00
[2025-04-16T00:35:47.845+0700] {processor.py:208} INFO - Processing /home/anhtupham99/NBA-analytics/py_env/lib/python3.11/site-packages/airflow/example_dags/example_latest_only.py took 0.060 seconds
[2025-04-16T00:36:35.518+0700] {processor.py:186} INFO - Started process (PID=379735) to work on /home/anhtupham99/NBA-analytics/py_env/lib/python3.11/site-packages/airflow/example_dags/example_latest_only.py
[2025-04-16T00:36:35.519+0700] {processor.py:914} INFO - Processing file /home/anhtupham99/NBA-analytics/py_env/lib/python3.11/site-packages/airflow/example_dags/example_latest_only.py for tasks to queue
[2025-04-16T00:36:35.520+0700] {logging_mixin.py:190} INFO - [2025-04-16T00:36:35.520+0700] {dagbag.py:588} INFO - Filling up the DagBag from /home/anhtupham99/NBA-analytics/py_env/lib/python3.11/site-packages/airflow/example_dags/example_latest_only.py
[2025-04-16T00:36:35.526+0700] {processor.py:925} INFO - DAG(s) 'latest_only' retrieved from /home/anhtupham99/NBA-analytics/py_env/lib/python3.11/site-packages/airflow/example_dags/example_latest_only.py
[2025-04-16T00:36:35.537+0700] {logging_mixin.py:190} INFO - [2025-04-16T00:36:35.537+0700] {dag.py:3239} INFO - Sync 1 DAGs
[2025-04-16T00:36:35.550+0700] {logging_mixin.py:190} INFO - [2025-04-16T00:36:35.550+0700] {dag.py:4180} INFO - Setting next_dagrun for latest_only to 2025-04-15 12:00:00+00:00, run_after=2025-04-15 16:00:00+00:00
[2025-04-16T00:36:35.574+0700] {processor.py:208} INFO - Processing /home/anhtupham99/NBA-analytics/py_env/lib/python3.11/site-packages/airflow/example_dags/example_latest_only.py took 0.060 seconds
[2025-04-16T00:37:22.643+0700] {processor.py:186} INFO - Started process (PID=381180) to work on /home/anhtupham99/NBA-analytics/py_env/lib/python3.11/site-packages/airflow/example_dags/example_latest_only.py
[2025-04-16T00:37:22.645+0700] {processor.py:914} INFO - Processing file /home/anhtupham99/NBA-analytics/py_env/lib/python3.11/site-packages/airflow/example_dags/example_latest_only.py for tasks to queue
[2025-04-16T00:37:22.647+0700] {logging_mixin.py:190} INFO - [2025-04-16T00:37:22.646+0700] {dagbag.py:588} INFO - Filling up the DagBag from /home/anhtupham99/NBA-analytics/py_env/lib/python3.11/site-packages/airflow/example_dags/example_latest_only.py
[2025-04-16T00:37:22.654+0700] {processor.py:925} INFO - DAG(s) 'latest_only' retrieved from /home/anhtupham99/NBA-analytics/py_env/lib/python3.11/site-packages/airflow/example_dags/example_latest_only.py
[2025-04-16T00:37:22.668+0700] {logging_mixin.py:190} INFO - [2025-04-16T00:37:22.668+0700] {dag.py:3239} INFO - Sync 1 DAGs
[2025-04-16T00:37:22.686+0700] {logging_mixin.py:190} INFO - [2025-04-16T00:37:22.685+0700] {dag.py:4180} INFO - Setting next_dagrun for latest_only to 2025-04-15 12:00:00+00:00, run_after=2025-04-15 16:00:00+00:00
[2025-04-16T00:37:22.715+0700] {processor.py:208} INFO - Processing /home/anhtupham99/NBA-analytics/py_env/lib/python3.11/site-packages/airflow/example_dags/example_latest_only.py took 0.078 seconds
