[2025-04-15T23:46:37.195+0700] {processor.py:186} INFO - Started process (PID=297544) to work on /home/anhtupham99/NBA-analytics/py_env/lib/python3.11/site-packages/airflow/example_dags/example_skip_dag.py
[2025-04-15T23:46:37.196+0700] {processor.py:914} INFO - Processing file /home/anhtupham99/NBA-analytics/py_env/lib/python3.11/site-packages/airflow/example_dags/example_skip_dag.py for tasks to queue
[2025-04-15T23:46:37.199+0700] {logging_mixin.py:190} INFO - [2025-04-15T23:46:37.198+0700] {dagbag.py:588} INFO - Filling up the DagBag from /home/anhtupham99/NBA-analytics/py_env/lib/python3.11/site-packages/airflow/example_dags/example_skip_dag.py
[2025-04-15T23:46:37.206+0700] {processor.py:925} INFO - DAG(s) 'example_skip_dag' retrieved from /home/anhtupham99/NBA-analytics/py_env/lib/python3.11/site-packages/airflow/example_dags/example_skip_dag.py
[2025-04-15T23:46:37.303+0700] {logging_mixin.py:190} INFO - [2025-04-15T23:46:37.302+0700] {override.py:1912} INFO - Created Permission View: can delete on DAG:example_skip_dag
[2025-04-15T23:46:37.318+0700] {logging_mixin.py:190} INFO - [2025-04-15T23:46:37.317+0700] {override.py:1912} INFO - Created Permission View: can edit on DAG:example_skip_dag
[2025-04-15T23:46:37.331+0700] {logging_mixin.py:190} INFO - [2025-04-15T23:46:37.331+0700] {override.py:1912} INFO - Created Permission View: can read on DAG:example_skip_dag
[2025-04-15T23:46:37.357+0700] {logging_mixin.py:190} INFO - [2025-04-15T23:46:37.356+0700] {override.py:1912} INFO - Created Permission View: can create on DAG Run:example_skip_dag
[2025-04-15T23:46:37.371+0700] {logging_mixin.py:190} INFO - [2025-04-15T23:46:37.371+0700] {override.py:1912} INFO - Created Permission View: can delete on DAG Run:example_skip_dag
[2025-04-15T23:46:37.387+0700] {logging_mixin.py:190} INFO - [2025-04-15T23:46:37.386+0700] {override.py:1912} INFO - Created Permission View: menu access on DAG Run:example_skip_dag
[2025-04-15T23:46:37.407+0700] {logging_mixin.py:190} INFO - [2025-04-15T23:46:37.407+0700] {override.py:1912} INFO - Created Permission View: can read on DAG Run:example_skip_dag
[2025-04-15T23:46:37.408+0700] {logging_mixin.py:190} INFO - [2025-04-15T23:46:37.408+0700] {dag.py:3239} INFO - Sync 1 DAGs
[2025-04-15T23:46:37.431+0700] {logging_mixin.py:190} INFO - [2025-04-15T23:46:37.431+0700] {dag.py:3262} INFO - Creating ORM DAG for example_skip_dag
[2025-04-15T23:46:37.442+0700] {logging_mixin.py:190} INFO - [2025-04-15T23:46:37.442+0700] {dag.py:4180} INFO - Setting next_dagrun for example_skip_dag to 2025-04-14 00:00:00+00:00, run_after=2025-04-15 00:00:00+00:00
[2025-04-15T23:46:37.477+0700] {processor.py:208} INFO - Processing /home/anhtupham99/NBA-analytics/py_env/lib/python3.11/site-packages/airflow/example_dags/example_skip_dag.py took 0.286 seconds
[2025-04-15T23:47:42.562+0700] {processor.py:186} INFO - Started process (PID=298983) to work on /home/anhtupham99/NBA-analytics/py_env/lib/python3.11/site-packages/airflow/example_dags/example_skip_dag.py
[2025-04-15T23:47:42.565+0700] {processor.py:914} INFO - Processing file /home/anhtupham99/NBA-analytics/py_env/lib/python3.11/site-packages/airflow/example_dags/example_skip_dag.py for tasks to queue
[2025-04-15T23:47:42.567+0700] {logging_mixin.py:190} INFO - [2025-04-15T23:47:42.567+0700] {dagbag.py:588} INFO - Filling up the DagBag from /home/anhtupham99/NBA-analytics/py_env/lib/python3.11/site-packages/airflow/example_dags/example_skip_dag.py
[2025-04-15T23:47:42.574+0700] {processor.py:925} INFO - DAG(s) 'example_skip_dag' retrieved from /home/anhtupham99/NBA-analytics/py_env/lib/python3.11/site-packages/airflow/example_dags/example_skip_dag.py
[2025-04-15T23:47:42.587+0700] {logging_mixin.py:190} INFO - [2025-04-15T23:47:42.587+0700] {dag.py:3239} INFO - Sync 1 DAGs
[2025-04-15T23:47:42.600+0700] {logging_mixin.py:190} INFO - [2025-04-15T23:47:42.600+0700] {dag.py:4180} INFO - Setting next_dagrun for example_skip_dag to 2025-04-14 00:00:00+00:00, run_after=2025-04-15 00:00:00+00:00
[2025-04-15T23:47:42.623+0700] {processor.py:208} INFO - Processing /home/anhtupham99/NBA-analytics/py_env/lib/python3.11/site-packages/airflow/example_dags/example_skip_dag.py took 0.068 seconds
[2025-04-15T23:48:40.011+0700] {processor.py:186} INFO - Started process (PID=300454) to work on /home/anhtupham99/NBA-analytics/py_env/lib/python3.11/site-packages/airflow/example_dags/example_skip_dag.py
[2025-04-15T23:48:40.013+0700] {processor.py:914} INFO - Processing file /home/anhtupham99/NBA-analytics/py_env/lib/python3.11/site-packages/airflow/example_dags/example_skip_dag.py for tasks to queue
[2025-04-15T23:48:40.017+0700] {logging_mixin.py:190} INFO - [2025-04-15T23:48:40.016+0700] {dagbag.py:588} INFO - Filling up the DagBag from /home/anhtupham99/NBA-analytics/py_env/lib/python3.11/site-packages/airflow/example_dags/example_skip_dag.py
[2025-04-15T23:48:40.031+0700] {processor.py:925} INFO - DAG(s) 'example_skip_dag' retrieved from /home/anhtupham99/NBA-analytics/py_env/lib/python3.11/site-packages/airflow/example_dags/example_skip_dag.py
[2025-04-15T23:48:40.047+0700] {logging_mixin.py:190} INFO - [2025-04-15T23:48:40.047+0700] {dag.py:3239} INFO - Sync 1 DAGs
[2025-04-15T23:48:40.077+0700] {logging_mixin.py:190} INFO - [2025-04-15T23:48:40.076+0700] {dag.py:4180} INFO - Setting next_dagrun for example_skip_dag to 2025-04-14 00:00:00+00:00, run_after=2025-04-15 00:00:00+00:00
[2025-04-15T23:48:40.112+0700] {processor.py:208} INFO - Processing /home/anhtupham99/NBA-analytics/py_env/lib/python3.11/site-packages/airflow/example_dags/example_skip_dag.py took 0.106 seconds
[2025-04-15T23:49:27.110+0700] {processor.py:186} INFO - Started process (PID=301375) to work on /home/anhtupham99/NBA-analytics/py_env/lib/python3.11/site-packages/airflow/example_dags/example_skip_dag.py
[2025-04-15T23:49:27.114+0700] {processor.py:914} INFO - Processing file /home/anhtupham99/NBA-analytics/py_env/lib/python3.11/site-packages/airflow/example_dags/example_skip_dag.py for tasks to queue
[2025-04-15T23:49:27.116+0700] {logging_mixin.py:190} INFO - [2025-04-15T23:49:27.115+0700] {dagbag.py:588} INFO - Filling up the DagBag from /home/anhtupham99/NBA-analytics/py_env/lib/python3.11/site-packages/airflow/example_dags/example_skip_dag.py
[2025-04-15T23:49:27.122+0700] {processor.py:925} INFO - DAG(s) 'example_skip_dag' retrieved from /home/anhtupham99/NBA-analytics/py_env/lib/python3.11/site-packages/airflow/example_dags/example_skip_dag.py
[2025-04-15T23:49:27.136+0700] {logging_mixin.py:190} INFO - [2025-04-15T23:49:27.136+0700] {dag.py:3239} INFO - Sync 1 DAGs
[2025-04-15T23:49:27.149+0700] {logging_mixin.py:190} INFO - [2025-04-15T23:49:27.149+0700] {dag.py:4180} INFO - Setting next_dagrun for example_skip_dag to 2025-04-14 00:00:00+00:00, run_after=2025-04-15 00:00:00+00:00
[2025-04-15T23:49:27.172+0700] {processor.py:208} INFO - Processing /home/anhtupham99/NBA-analytics/py_env/lib/python3.11/site-packages/airflow/example_dags/example_skip_dag.py took 0.067 seconds
[2025-04-15T23:50:13.255+0700] {processor.py:186} INFO - Started process (PID=302378) to work on /home/anhtupham99/NBA-analytics/py_env/lib/python3.11/site-packages/airflow/example_dags/example_skip_dag.py
[2025-04-15T23:50:13.256+0700] {processor.py:914} INFO - Processing file /home/anhtupham99/NBA-analytics/py_env/lib/python3.11/site-packages/airflow/example_dags/example_skip_dag.py for tasks to queue
[2025-04-15T23:50:13.257+0700] {logging_mixin.py:190} INFO - [2025-04-15T23:50:13.257+0700] {dagbag.py:588} INFO - Filling up the DagBag from /home/anhtupham99/NBA-analytics/py_env/lib/python3.11/site-packages/airflow/example_dags/example_skip_dag.py
[2025-04-15T23:50:13.264+0700] {processor.py:925} INFO - DAG(s) 'example_skip_dag' retrieved from /home/anhtupham99/NBA-analytics/py_env/lib/python3.11/site-packages/airflow/example_dags/example_skip_dag.py
[2025-04-15T23:50:13.275+0700] {logging_mixin.py:190} INFO - [2025-04-15T23:50:13.275+0700] {dag.py:3239} INFO - Sync 1 DAGs
[2025-04-15T23:50:13.386+0700] {logging_mixin.py:190} INFO - [2025-04-15T23:50:13.386+0700] {dag.py:4180} INFO - Setting next_dagrun for example_skip_dag to 2025-04-14 00:00:00+00:00, run_after=2025-04-15 00:00:00+00:00
[2025-04-15T23:50:13.408+0700] {processor.py:208} INFO - Processing /home/anhtupham99/NBA-analytics/py_env/lib/python3.11/site-packages/airflow/example_dags/example_skip_dag.py took 0.158 seconds
[2025-04-15T23:51:08.891+0700] {processor.py:186} INFO - Started process (PID=303466) to work on /home/anhtupham99/NBA-analytics/py_env/lib/python3.11/site-packages/airflow/example_dags/example_skip_dag.py
[2025-04-15T23:51:08.895+0700] {processor.py:914} INFO - Processing file /home/anhtupham99/NBA-analytics/py_env/lib/python3.11/site-packages/airflow/example_dags/example_skip_dag.py for tasks to queue
[2025-04-15T23:51:08.897+0700] {logging_mixin.py:190} INFO - [2025-04-15T23:51:08.896+0700] {dagbag.py:588} INFO - Filling up the DagBag from /home/anhtupham99/NBA-analytics/py_env/lib/python3.11/site-packages/airflow/example_dags/example_skip_dag.py
[2025-04-15T23:51:08.904+0700] {processor.py:925} INFO - DAG(s) 'example_skip_dag' retrieved from /home/anhtupham99/NBA-analytics/py_env/lib/python3.11/site-packages/airflow/example_dags/example_skip_dag.py
[2025-04-15T23:51:08.917+0700] {logging_mixin.py:190} INFO - [2025-04-15T23:51:08.917+0700] {dag.py:3239} INFO - Sync 1 DAGs
[2025-04-15T23:51:08.931+0700] {logging_mixin.py:190} INFO - [2025-04-15T23:51:08.931+0700] {dag.py:4180} INFO - Setting next_dagrun for example_skip_dag to 2025-04-14 00:00:00+00:00, run_after=2025-04-15 00:00:00+00:00
[2025-04-15T23:51:08.952+0700] {processor.py:208} INFO - Processing /home/anhtupham99/NBA-analytics/py_env/lib/python3.11/site-packages/airflow/example_dags/example_skip_dag.py took 0.066 seconds
[2025-04-15T23:51:56.760+0700] {processor.py:186} INFO - Started process (PID=304353) to work on /home/anhtupham99/NBA-analytics/py_env/lib/python3.11/site-packages/airflow/example_dags/example_skip_dag.py
[2025-04-15T23:51:56.762+0700] {processor.py:914} INFO - Processing file /home/anhtupham99/NBA-analytics/py_env/lib/python3.11/site-packages/airflow/example_dags/example_skip_dag.py for tasks to queue
[2025-04-15T23:51:56.764+0700] {logging_mixin.py:190} INFO - [2025-04-15T23:51:56.764+0700] {dagbag.py:588} INFO - Filling up the DagBag from /home/anhtupham99/NBA-analytics/py_env/lib/python3.11/site-packages/airflow/example_dags/example_skip_dag.py
[2025-04-15T23:51:56.771+0700] {processor.py:925} INFO - DAG(s) 'example_skip_dag' retrieved from /home/anhtupham99/NBA-analytics/py_env/lib/python3.11/site-packages/airflow/example_dags/example_skip_dag.py
[2025-04-15T23:51:56.784+0700] {logging_mixin.py:190} INFO - [2025-04-15T23:51:56.784+0700] {dag.py:3239} INFO - Sync 1 DAGs
[2025-04-15T23:51:56.798+0700] {logging_mixin.py:190} INFO - [2025-04-15T23:51:56.798+0700] {dag.py:4180} INFO - Setting next_dagrun for example_skip_dag to 2025-04-14 00:00:00+00:00, run_after=2025-04-15 00:00:00+00:00
[2025-04-15T23:51:56.820+0700] {processor.py:208} INFO - Processing /home/anhtupham99/NBA-analytics/py_env/lib/python3.11/site-packages/airflow/example_dags/example_skip_dag.py took 0.065 seconds
[2025-04-15T23:52:41.995+0700] {processor.py:186} INFO - Started process (PID=305285) to work on /home/anhtupham99/NBA-analytics/py_env/lib/python3.11/site-packages/airflow/example_dags/example_skip_dag.py
[2025-04-15T23:52:41.997+0700] {processor.py:914} INFO - Processing file /home/anhtupham99/NBA-analytics/py_env/lib/python3.11/site-packages/airflow/example_dags/example_skip_dag.py for tasks to queue
[2025-04-15T23:52:41.999+0700] {logging_mixin.py:190} INFO - [2025-04-15T23:52:41.999+0700] {dagbag.py:588} INFO - Filling up the DagBag from /home/anhtupham99/NBA-analytics/py_env/lib/python3.11/site-packages/airflow/example_dags/example_skip_dag.py
[2025-04-15T23:52:42.006+0700] {processor.py:925} INFO - DAG(s) 'example_skip_dag' retrieved from /home/anhtupham99/NBA-analytics/py_env/lib/python3.11/site-packages/airflow/example_dags/example_skip_dag.py
[2025-04-15T23:52:42.020+0700] {logging_mixin.py:190} INFO - [2025-04-15T23:52:42.019+0700] {dag.py:3239} INFO - Sync 1 DAGs
[2025-04-15T23:52:42.035+0700] {logging_mixin.py:190} INFO - [2025-04-15T23:52:42.034+0700] {dag.py:4180} INFO - Setting next_dagrun for example_skip_dag to 2025-04-14 00:00:00+00:00, run_after=2025-04-15 00:00:00+00:00
[2025-04-15T23:52:42.064+0700] {processor.py:208} INFO - Processing /home/anhtupham99/NBA-analytics/py_env/lib/python3.11/site-packages/airflow/example_dags/example_skip_dag.py took 0.074 seconds
[2025-04-15T23:53:30.489+0700] {processor.py:186} INFO - Started process (PID=306201) to work on /home/anhtupham99/NBA-analytics/py_env/lib/python3.11/site-packages/airflow/example_dags/example_skip_dag.py
[2025-04-15T23:53:30.491+0700] {processor.py:914} INFO - Processing file /home/anhtupham99/NBA-analytics/py_env/lib/python3.11/site-packages/airflow/example_dags/example_skip_dag.py for tasks to queue
[2025-04-15T23:53:30.492+0700] {logging_mixin.py:190} INFO - [2025-04-15T23:53:30.492+0700] {dagbag.py:588} INFO - Filling up the DagBag from /home/anhtupham99/NBA-analytics/py_env/lib/python3.11/site-packages/airflow/example_dags/example_skip_dag.py
[2025-04-15T23:53:30.500+0700] {processor.py:925} INFO - DAG(s) 'example_skip_dag' retrieved from /home/anhtupham99/NBA-analytics/py_env/lib/python3.11/site-packages/airflow/example_dags/example_skip_dag.py
[2025-04-15T23:53:30.512+0700] {logging_mixin.py:190} INFO - [2025-04-15T23:53:30.512+0700] {dag.py:3239} INFO - Sync 1 DAGs
[2025-04-15T23:53:30.529+0700] {logging_mixin.py:190} INFO - [2025-04-15T23:53:30.529+0700] {dag.py:4180} INFO - Setting next_dagrun for example_skip_dag to 2025-04-14 00:00:00+00:00, run_after=2025-04-15 00:00:00+00:00
[2025-04-15T23:53:30.554+0700] {processor.py:208} INFO - Processing /home/anhtupham99/NBA-analytics/py_env/lib/python3.11/site-packages/airflow/example_dags/example_skip_dag.py took 0.070 seconds
[2025-04-15T23:54:17.222+0700] {processor.py:186} INFO - Started process (PID=307071) to work on /home/anhtupham99/NBA-analytics/py_env/lib/python3.11/site-packages/airflow/example_dags/example_skip_dag.py
[2025-04-15T23:54:17.223+0700] {processor.py:914} INFO - Processing file /home/anhtupham99/NBA-analytics/py_env/lib/python3.11/site-packages/airflow/example_dags/example_skip_dag.py for tasks to queue
[2025-04-15T23:54:17.225+0700] {logging_mixin.py:190} INFO - [2025-04-15T23:54:17.224+0700] {dagbag.py:588} INFO - Filling up the DagBag from /home/anhtupham99/NBA-analytics/py_env/lib/python3.11/site-packages/airflow/example_dags/example_skip_dag.py
[2025-04-15T23:54:17.231+0700] {processor.py:925} INFO - DAG(s) 'example_skip_dag' retrieved from /home/anhtupham99/NBA-analytics/py_env/lib/python3.11/site-packages/airflow/example_dags/example_skip_dag.py
[2025-04-15T23:54:17.244+0700] {logging_mixin.py:190} INFO - [2025-04-15T23:54:17.244+0700] {dag.py:3239} INFO - Sync 1 DAGs
[2025-04-15T23:54:17.259+0700] {logging_mixin.py:190} INFO - [2025-04-15T23:54:17.259+0700] {dag.py:4180} INFO - Setting next_dagrun for example_skip_dag to 2025-04-14 00:00:00+00:00, run_after=2025-04-15 00:00:00+00:00
[2025-04-15T23:54:17.281+0700] {processor.py:208} INFO - Processing /home/anhtupham99/NBA-analytics/py_env/lib/python3.11/site-packages/airflow/example_dags/example_skip_dag.py took 0.064 seconds
[2025-04-15T23:55:05.078+0700] {processor.py:186} INFO - Started process (PID=308045) to work on /home/anhtupham99/NBA-analytics/py_env/lib/python3.11/site-packages/airflow/example_dags/example_skip_dag.py
[2025-04-15T23:55:05.079+0700] {processor.py:914} INFO - Processing file /home/anhtupham99/NBA-analytics/py_env/lib/python3.11/site-packages/airflow/example_dags/example_skip_dag.py for tasks to queue
[2025-04-15T23:55:05.081+0700] {logging_mixin.py:190} INFO - [2025-04-15T23:55:05.080+0700] {dagbag.py:588} INFO - Filling up the DagBag from /home/anhtupham99/NBA-analytics/py_env/lib/python3.11/site-packages/airflow/example_dags/example_skip_dag.py
[2025-04-15T23:55:05.086+0700] {processor.py:925} INFO - DAG(s) 'example_skip_dag' retrieved from /home/anhtupham99/NBA-analytics/py_env/lib/python3.11/site-packages/airflow/example_dags/example_skip_dag.py
[2025-04-15T23:55:05.097+0700] {logging_mixin.py:190} INFO - [2025-04-15T23:55:05.097+0700] {dag.py:3239} INFO - Sync 1 DAGs
[2025-04-15T23:55:05.109+0700] {logging_mixin.py:190} INFO - [2025-04-15T23:55:05.109+0700] {dag.py:4180} INFO - Setting next_dagrun for example_skip_dag to 2025-04-14 00:00:00+00:00, run_after=2025-04-15 00:00:00+00:00
[2025-04-15T23:55:05.131+0700] {processor.py:208} INFO - Processing /home/anhtupham99/NBA-analytics/py_env/lib/python3.11/site-packages/airflow/example_dags/example_skip_dag.py took 0.057 seconds
[2025-04-15T23:55:57.143+0700] {processor.py:186} INFO - Started process (PID=310995) to work on /home/anhtupham99/NBA-analytics/py_env/lib/python3.11/site-packages/airflow/example_dags/example_skip_dag.py
[2025-04-15T23:55:57.144+0700] {processor.py:914} INFO - Processing file /home/anhtupham99/NBA-analytics/py_env/lib/python3.11/site-packages/airflow/example_dags/example_skip_dag.py for tasks to queue
[2025-04-15T23:55:57.147+0700] {logging_mixin.py:190} INFO - [2025-04-15T23:55:57.146+0700] {dagbag.py:588} INFO - Filling up the DagBag from /home/anhtupham99/NBA-analytics/py_env/lib/python3.11/site-packages/airflow/example_dags/example_skip_dag.py
[2025-04-15T23:55:57.154+0700] {processor.py:925} INFO - DAG(s) 'example_skip_dag' retrieved from /home/anhtupham99/NBA-analytics/py_env/lib/python3.11/site-packages/airflow/example_dags/example_skip_dag.py
[2025-04-15T23:55:57.169+0700] {logging_mixin.py:190} INFO - [2025-04-15T23:55:57.168+0700] {dag.py:3239} INFO - Sync 1 DAGs
[2025-04-15T23:55:57.185+0700] {logging_mixin.py:190} INFO - [2025-04-15T23:55:57.185+0700] {dag.py:4180} INFO - Setting next_dagrun for example_skip_dag to 2025-04-14 00:00:00+00:00, run_after=2025-04-15 00:00:00+00:00
[2025-04-15T23:55:57.213+0700] {processor.py:208} INFO - Processing /home/anhtupham99/NBA-analytics/py_env/lib/python3.11/site-packages/airflow/example_dags/example_skip_dag.py took 0.075 seconds
[2025-04-15T23:56:45.698+0700] {processor.py:186} INFO - Started process (PID=312054) to work on /home/anhtupham99/NBA-analytics/py_env/lib/python3.11/site-packages/airflow/example_dags/example_skip_dag.py
[2025-04-15T23:56:45.702+0700] {processor.py:914} INFO - Processing file /home/anhtupham99/NBA-analytics/py_env/lib/python3.11/site-packages/airflow/example_dags/example_skip_dag.py for tasks to queue
[2025-04-15T23:56:45.705+0700] {logging_mixin.py:190} INFO - [2025-04-15T23:56:45.704+0700] {dagbag.py:588} INFO - Filling up the DagBag from /home/anhtupham99/NBA-analytics/py_env/lib/python3.11/site-packages/airflow/example_dags/example_skip_dag.py
[2025-04-15T23:56:45.713+0700] {processor.py:925} INFO - DAG(s) 'example_skip_dag' retrieved from /home/anhtupham99/NBA-analytics/py_env/lib/python3.11/site-packages/airflow/example_dags/example_skip_dag.py
[2025-04-15T23:56:45.730+0700] {logging_mixin.py:190} INFO - [2025-04-15T23:56:45.729+0700] {dag.py:3239} INFO - Sync 1 DAGs
[2025-04-15T23:56:45.747+0700] {logging_mixin.py:190} INFO - [2025-04-15T23:56:45.747+0700] {dag.py:4180} INFO - Setting next_dagrun for example_skip_dag to 2025-04-14 00:00:00+00:00, run_after=2025-04-15 00:00:00+00:00
[2025-04-15T23:56:45.773+0700] {processor.py:208} INFO - Processing /home/anhtupham99/NBA-analytics/py_env/lib/python3.11/site-packages/airflow/example_dags/example_skip_dag.py took 0.081 seconds
[2025-04-15T23:57:32.813+0700] {processor.py:186} INFO - Started process (PID=312986) to work on /home/anhtupham99/NBA-analytics/py_env/lib/python3.11/site-packages/airflow/example_dags/example_skip_dag.py
[2025-04-15T23:57:32.814+0700] {processor.py:914} INFO - Processing file /home/anhtupham99/NBA-analytics/py_env/lib/python3.11/site-packages/airflow/example_dags/example_skip_dag.py for tasks to queue
[2025-04-15T23:57:32.815+0700] {logging_mixin.py:190} INFO - [2025-04-15T23:57:32.815+0700] {dagbag.py:588} INFO - Filling up the DagBag from /home/anhtupham99/NBA-analytics/py_env/lib/python3.11/site-packages/airflow/example_dags/example_skip_dag.py
[2025-04-15T23:57:32.822+0700] {processor.py:925} INFO - DAG(s) 'example_skip_dag' retrieved from /home/anhtupham99/NBA-analytics/py_env/lib/python3.11/site-packages/airflow/example_dags/example_skip_dag.py
[2025-04-15T23:57:32.834+0700] {logging_mixin.py:190} INFO - [2025-04-15T23:57:32.834+0700] {dag.py:3239} INFO - Sync 1 DAGs
[2025-04-15T23:57:32.849+0700] {logging_mixin.py:190} INFO - [2025-04-15T23:57:32.849+0700] {dag.py:4180} INFO - Setting next_dagrun for example_skip_dag to 2025-04-14 00:00:00+00:00, run_after=2025-04-15 00:00:00+00:00
[2025-04-15T23:57:32.872+0700] {processor.py:208} INFO - Processing /home/anhtupham99/NBA-analytics/py_env/lib/python3.11/site-packages/airflow/example_dags/example_skip_dag.py took 0.063 seconds
[2025-04-15T23:58:23.783+0700] {processor.py:186} INFO - Started process (PID=313923) to work on /home/anhtupham99/NBA-analytics/py_env/lib/python3.11/site-packages/airflow/example_dags/example_skip_dag.py
[2025-04-15T23:58:23.784+0700] {processor.py:914} INFO - Processing file /home/anhtupham99/NBA-analytics/py_env/lib/python3.11/site-packages/airflow/example_dags/example_skip_dag.py for tasks to queue
[2025-04-15T23:58:23.786+0700] {logging_mixin.py:190} INFO - [2025-04-15T23:58:23.786+0700] {dagbag.py:588} INFO - Filling up the DagBag from /home/anhtupham99/NBA-analytics/py_env/lib/python3.11/site-packages/airflow/example_dags/example_skip_dag.py
[2025-04-15T23:58:23.793+0700] {processor.py:925} INFO - DAG(s) 'example_skip_dag' retrieved from /home/anhtupham99/NBA-analytics/py_env/lib/python3.11/site-packages/airflow/example_dags/example_skip_dag.py
[2025-04-15T23:58:23.806+0700] {logging_mixin.py:190} INFO - [2025-04-15T23:58:23.806+0700] {dag.py:3239} INFO - Sync 1 DAGs
[2025-04-15T23:58:23.820+0700] {logging_mixin.py:190} INFO - [2025-04-15T23:58:23.820+0700] {dag.py:4180} INFO - Setting next_dagrun for example_skip_dag to 2025-04-14 00:00:00+00:00, run_after=2025-04-15 00:00:00+00:00
[2025-04-15T23:58:23.843+0700] {processor.py:208} INFO - Processing /home/anhtupham99/NBA-analytics/py_env/lib/python3.11/site-packages/airflow/example_dags/example_skip_dag.py took 0.065 seconds
[2025-04-15T23:59:10.744+0700] {processor.py:186} INFO - Started process (PID=314973) to work on /home/anhtupham99/NBA-analytics/py_env/lib/python3.11/site-packages/airflow/example_dags/example_skip_dag.py
[2025-04-15T23:59:10.745+0700] {processor.py:914} INFO - Processing file /home/anhtupham99/NBA-analytics/py_env/lib/python3.11/site-packages/airflow/example_dags/example_skip_dag.py for tasks to queue
[2025-04-15T23:59:10.747+0700] {logging_mixin.py:190} INFO - [2025-04-15T23:59:10.747+0700] {dagbag.py:588} INFO - Filling up the DagBag from /home/anhtupham99/NBA-analytics/py_env/lib/python3.11/site-packages/airflow/example_dags/example_skip_dag.py
[2025-04-15T23:59:10.754+0700] {processor.py:925} INFO - DAG(s) 'example_skip_dag' retrieved from /home/anhtupham99/NBA-analytics/py_env/lib/python3.11/site-packages/airflow/example_dags/example_skip_dag.py
[2025-04-15T23:59:10.767+0700] {logging_mixin.py:190} INFO - [2025-04-15T23:59:10.767+0700] {dag.py:3239} INFO - Sync 1 DAGs
[2025-04-15T23:59:10.781+0700] {logging_mixin.py:190} INFO - [2025-04-15T23:59:10.781+0700] {dag.py:4180} INFO - Setting next_dagrun for example_skip_dag to 2025-04-14 00:00:00+00:00, run_after=2025-04-15 00:00:00+00:00
[2025-04-15T23:59:10.804+0700] {processor.py:208} INFO - Processing /home/anhtupham99/NBA-analytics/py_env/lib/python3.11/site-packages/airflow/example_dags/example_skip_dag.py took 0.065 seconds
[2025-04-16T00:00:00.992+0700] {processor.py:186} INFO - Started process (PID=315940) to work on /home/anhtupham99/NBA-analytics/py_env/lib/python3.11/site-packages/airflow/example_dags/example_skip_dag.py
[2025-04-16T00:00:00.993+0700] {processor.py:914} INFO - Processing file /home/anhtupham99/NBA-analytics/py_env/lib/python3.11/site-packages/airflow/example_dags/example_skip_dag.py for tasks to queue
[2025-04-16T00:00:00.995+0700] {logging_mixin.py:190} INFO - [2025-04-16T00:00:00.995+0700] {dagbag.py:588} INFO - Filling up the DagBag from /home/anhtupham99/NBA-analytics/py_env/lib/python3.11/site-packages/airflow/example_dags/example_skip_dag.py
[2025-04-16T00:00:01.002+0700] {processor.py:925} INFO - DAG(s) 'example_skip_dag' retrieved from /home/anhtupham99/NBA-analytics/py_env/lib/python3.11/site-packages/airflow/example_dags/example_skip_dag.py
[2025-04-16T00:00:01.015+0700] {logging_mixin.py:190} INFO - [2025-04-16T00:00:01.015+0700] {dag.py:3239} INFO - Sync 1 DAGs
[2025-04-16T00:00:01.031+0700] {logging_mixin.py:190} INFO - [2025-04-16T00:00:01.031+0700] {dag.py:4180} INFO - Setting next_dagrun for example_skip_dag to 2025-04-14 00:00:00+00:00, run_after=2025-04-15 00:00:00+00:00
[2025-04-16T00:00:01.055+0700] {processor.py:208} INFO - Processing /home/anhtupham99/NBA-analytics/py_env/lib/python3.11/site-packages/airflow/example_dags/example_skip_dag.py took 0.067 seconds
[2025-04-16T00:00:47.792+0700] {processor.py:186} INFO - Started process (PID=316924) to work on /home/anhtupham99/NBA-analytics/py_env/lib/python3.11/site-packages/airflow/example_dags/example_skip_dag.py
[2025-04-16T00:00:47.793+0700] {processor.py:914} INFO - Processing file /home/anhtupham99/NBA-analytics/py_env/lib/python3.11/site-packages/airflow/example_dags/example_skip_dag.py for tasks to queue
[2025-04-16T00:00:47.795+0700] {logging_mixin.py:190} INFO - [2025-04-16T00:00:47.795+0700] {dagbag.py:588} INFO - Filling up the DagBag from /home/anhtupham99/NBA-analytics/py_env/lib/python3.11/site-packages/airflow/example_dags/example_skip_dag.py
[2025-04-16T00:00:47.801+0700] {processor.py:925} INFO - DAG(s) 'example_skip_dag' retrieved from /home/anhtupham99/NBA-analytics/py_env/lib/python3.11/site-packages/airflow/example_dags/example_skip_dag.py
[2025-04-16T00:00:47.813+0700] {logging_mixin.py:190} INFO - [2025-04-16T00:00:47.812+0700] {dag.py:3239} INFO - Sync 1 DAGs
[2025-04-16T00:00:47.826+0700] {logging_mixin.py:190} INFO - [2025-04-16T00:00:47.825+0700] {dag.py:4180} INFO - Setting next_dagrun for example_skip_dag to 2025-04-14 00:00:00+00:00, run_after=2025-04-15 00:00:00+00:00
[2025-04-16T00:00:47.849+0700] {processor.py:208} INFO - Processing /home/anhtupham99/NBA-analytics/py_env/lib/python3.11/site-packages/airflow/example_dags/example_skip_dag.py took 0.061 seconds
[2025-04-16T00:01:33.961+0700] {processor.py:186} INFO - Started process (PID=317778) to work on /home/anhtupham99/NBA-analytics/py_env/lib/python3.11/site-packages/airflow/example_dags/example_skip_dag.py
[2025-04-16T00:01:33.962+0700] {processor.py:914} INFO - Processing file /home/anhtupham99/NBA-analytics/py_env/lib/python3.11/site-packages/airflow/example_dags/example_skip_dag.py for tasks to queue
[2025-04-16T00:01:33.964+0700] {logging_mixin.py:190} INFO - [2025-04-16T00:01:33.963+0700] {dagbag.py:588} INFO - Filling up the DagBag from /home/anhtupham99/NBA-analytics/py_env/lib/python3.11/site-packages/airflow/example_dags/example_skip_dag.py
[2025-04-16T00:01:33.971+0700] {processor.py:925} INFO - DAG(s) 'example_skip_dag' retrieved from /home/anhtupham99/NBA-analytics/py_env/lib/python3.11/site-packages/airflow/example_dags/example_skip_dag.py
[2025-04-16T00:01:33.985+0700] {logging_mixin.py:190} INFO - [2025-04-16T00:01:33.985+0700] {dag.py:3239} INFO - Sync 1 DAGs
[2025-04-16T00:01:33.999+0700] {logging_mixin.py:190} INFO - [2025-04-16T00:01:33.999+0700] {dag.py:4180} INFO - Setting next_dagrun for example_skip_dag to 2025-04-14 00:00:00+00:00, run_after=2025-04-15 00:00:00+00:00
[2025-04-16T00:01:34.021+0700] {processor.py:208} INFO - Processing /home/anhtupham99/NBA-analytics/py_env/lib/python3.11/site-packages/airflow/example_dags/example_skip_dag.py took 0.065 seconds
[2025-04-16T00:02:20.844+0700] {processor.py:186} INFO - Started process (PID=318657) to work on /home/anhtupham99/NBA-analytics/py_env/lib/python3.11/site-packages/airflow/example_dags/example_skip_dag.py
[2025-04-16T00:02:20.846+0700] {processor.py:914} INFO - Processing file /home/anhtupham99/NBA-analytics/py_env/lib/python3.11/site-packages/airflow/example_dags/example_skip_dag.py for tasks to queue
[2025-04-16T00:02:20.849+0700] {logging_mixin.py:190} INFO - [2025-04-16T00:02:20.848+0700] {dagbag.py:588} INFO - Filling up the DagBag from /home/anhtupham99/NBA-analytics/py_env/lib/python3.11/site-packages/airflow/example_dags/example_skip_dag.py
[2025-04-16T00:02:20.861+0700] {processor.py:925} INFO - DAG(s) 'example_skip_dag' retrieved from /home/anhtupham99/NBA-analytics/py_env/lib/python3.11/site-packages/airflow/example_dags/example_skip_dag.py
[2025-04-16T00:02:20.879+0700] {logging_mixin.py:190} INFO - [2025-04-16T00:02:20.879+0700] {dag.py:3239} INFO - Sync 1 DAGs
[2025-04-16T00:02:20.901+0700] {logging_mixin.py:190} INFO - [2025-04-16T00:02:20.901+0700] {dag.py:4180} INFO - Setting next_dagrun for example_skip_dag to 2025-04-14 00:00:00+00:00, run_after=2025-04-15 00:00:00+00:00
[2025-04-16T00:02:20.933+0700] {processor.py:208} INFO - Processing /home/anhtupham99/NBA-analytics/py_env/lib/python3.11/site-packages/airflow/example_dags/example_skip_dag.py took 0.097 seconds
[2025-04-16T00:03:03.281+0700] {processor.py:186} INFO - Started process (PID=319485) to work on /home/anhtupham99/NBA-analytics/py_env/lib/python3.11/site-packages/airflow/example_dags/example_skip_dag.py
[2025-04-16T00:03:03.282+0700] {processor.py:914} INFO - Processing file /home/anhtupham99/NBA-analytics/py_env/lib/python3.11/site-packages/airflow/example_dags/example_skip_dag.py for tasks to queue
[2025-04-16T00:03:03.283+0700] {logging_mixin.py:190} INFO - [2025-04-16T00:03:03.283+0700] {dagbag.py:588} INFO - Filling up the DagBag from /home/anhtupham99/NBA-analytics/py_env/lib/python3.11/site-packages/airflow/example_dags/example_skip_dag.py
[2025-04-16T00:03:03.289+0700] {processor.py:925} INFO - DAG(s) 'example_skip_dag' retrieved from /home/anhtupham99/NBA-analytics/py_env/lib/python3.11/site-packages/airflow/example_dags/example_skip_dag.py
[2025-04-16T00:03:03.302+0700] {logging_mixin.py:190} INFO - [2025-04-16T00:03:03.302+0700] {dag.py:3239} INFO - Sync 1 DAGs
[2025-04-16T00:03:03.317+0700] {logging_mixin.py:190} INFO - [2025-04-16T00:03:03.317+0700] {dag.py:4180} INFO - Setting next_dagrun for example_skip_dag to 2025-04-14 00:00:00+00:00, run_after=2025-04-15 00:00:00+00:00
[2025-04-16T00:03:03.341+0700] {processor.py:208} INFO - Processing /home/anhtupham99/NBA-analytics/py_env/lib/python3.11/site-packages/airflow/example_dags/example_skip_dag.py took 0.064 seconds
[2025-04-16T00:03:48.710+0700] {processor.py:186} INFO - Started process (PID=320377) to work on /home/anhtupham99/NBA-analytics/py_env/lib/python3.11/site-packages/airflow/example_dags/example_skip_dag.py
[2025-04-16T00:03:48.712+0700] {processor.py:914} INFO - Processing file /home/anhtupham99/NBA-analytics/py_env/lib/python3.11/site-packages/airflow/example_dags/example_skip_dag.py for tasks to queue
[2025-04-16T00:03:48.713+0700] {logging_mixin.py:190} INFO - [2025-04-16T00:03:48.713+0700] {dagbag.py:588} INFO - Filling up the DagBag from /home/anhtupham99/NBA-analytics/py_env/lib/python3.11/site-packages/airflow/example_dags/example_skip_dag.py
[2025-04-16T00:03:48.719+0700] {processor.py:925} INFO - DAG(s) 'example_skip_dag' retrieved from /home/anhtupham99/NBA-analytics/py_env/lib/python3.11/site-packages/airflow/example_dags/example_skip_dag.py
[2025-04-16T00:03:48.731+0700] {logging_mixin.py:190} INFO - [2025-04-16T00:03:48.731+0700] {dag.py:3239} INFO - Sync 1 DAGs
[2025-04-16T00:03:48.747+0700] {logging_mixin.py:190} INFO - [2025-04-16T00:03:48.747+0700] {dag.py:4180} INFO - Setting next_dagrun for example_skip_dag to 2025-04-14 00:00:00+00:00, run_after=2025-04-15 00:00:00+00:00
[2025-04-16T00:03:48.772+0700] {processor.py:208} INFO - Processing /home/anhtupham99/NBA-analytics/py_env/lib/python3.11/site-packages/airflow/example_dags/example_skip_dag.py took 0.066 seconds
[2025-04-16T00:04:36.506+0700] {processor.py:186} INFO - Started process (PID=321491) to work on /home/anhtupham99/NBA-analytics/py_env/lib/python3.11/site-packages/airflow/example_dags/example_skip_dag.py
[2025-04-16T00:04:36.510+0700] {processor.py:914} INFO - Processing file /home/anhtupham99/NBA-analytics/py_env/lib/python3.11/site-packages/airflow/example_dags/example_skip_dag.py for tasks to queue
[2025-04-16T00:04:36.513+0700] {logging_mixin.py:190} INFO - [2025-04-16T00:04:36.512+0700] {dagbag.py:588} INFO - Filling up the DagBag from /home/anhtupham99/NBA-analytics/py_env/lib/python3.11/site-packages/airflow/example_dags/example_skip_dag.py
[2025-04-16T00:04:36.522+0700] {processor.py:925} INFO - DAG(s) 'example_skip_dag' retrieved from /home/anhtupham99/NBA-analytics/py_env/lib/python3.11/site-packages/airflow/example_dags/example_skip_dag.py
[2025-04-16T00:04:36.539+0700] {logging_mixin.py:190} INFO - [2025-04-16T00:04:36.539+0700] {dag.py:3239} INFO - Sync 1 DAGs
[2025-04-16T00:04:36.559+0700] {logging_mixin.py:190} INFO - [2025-04-16T00:04:36.559+0700] {dag.py:4180} INFO - Setting next_dagrun for example_skip_dag to 2025-04-14 00:00:00+00:00, run_after=2025-04-15 00:00:00+00:00
[2025-04-16T00:04:36.589+0700] {processor.py:208} INFO - Processing /home/anhtupham99/NBA-analytics/py_env/lib/python3.11/site-packages/airflow/example_dags/example_skip_dag.py took 0.088 seconds
[2025-04-16T00:05:24.147+0700] {processor.py:186} INFO - Started process (PID=322359) to work on /home/anhtupham99/NBA-analytics/py_env/lib/python3.11/site-packages/airflow/example_dags/example_skip_dag.py
[2025-04-16T00:05:24.148+0700] {processor.py:914} INFO - Processing file /home/anhtupham99/NBA-analytics/py_env/lib/python3.11/site-packages/airflow/example_dags/example_skip_dag.py for tasks to queue
[2025-04-16T00:05:24.150+0700] {logging_mixin.py:190} INFO - [2025-04-16T00:05:24.150+0700] {dagbag.py:588} INFO - Filling up the DagBag from /home/anhtupham99/NBA-analytics/py_env/lib/python3.11/site-packages/airflow/example_dags/example_skip_dag.py
[2025-04-16T00:05:24.157+0700] {processor.py:925} INFO - DAG(s) 'example_skip_dag' retrieved from /home/anhtupham99/NBA-analytics/py_env/lib/python3.11/site-packages/airflow/example_dags/example_skip_dag.py
[2025-04-16T00:05:24.172+0700] {logging_mixin.py:190} INFO - [2025-04-16T00:05:24.171+0700] {dag.py:3239} INFO - Sync 1 DAGs
[2025-04-16T00:05:24.189+0700] {logging_mixin.py:190} INFO - [2025-04-16T00:05:24.188+0700] {dag.py:4180} INFO - Setting next_dagrun for example_skip_dag to 2025-04-14 00:00:00+00:00, run_after=2025-04-15 00:00:00+00:00
[2025-04-16T00:05:24.214+0700] {processor.py:208} INFO - Processing /home/anhtupham99/NBA-analytics/py_env/lib/python3.11/site-packages/airflow/example_dags/example_skip_dag.py took 0.073 seconds
[2025-04-16T00:06:14.829+0700] {processor.py:186} INFO - Started process (PID=323329) to work on /home/anhtupham99/NBA-analytics/py_env/lib/python3.11/site-packages/airflow/example_dags/example_skip_dag.py
[2025-04-16T00:06:14.830+0700] {processor.py:914} INFO - Processing file /home/anhtupham99/NBA-analytics/py_env/lib/python3.11/site-packages/airflow/example_dags/example_skip_dag.py for tasks to queue
[2025-04-16T00:06:14.833+0700] {logging_mixin.py:190} INFO - [2025-04-16T00:06:14.832+0700] {dagbag.py:588} INFO - Filling up the DagBag from /home/anhtupham99/NBA-analytics/py_env/lib/python3.11/site-packages/airflow/example_dags/example_skip_dag.py
[2025-04-16T00:06:14.842+0700] {processor.py:925} INFO - DAG(s) 'example_skip_dag' retrieved from /home/anhtupham99/NBA-analytics/py_env/lib/python3.11/site-packages/airflow/example_dags/example_skip_dag.py
[2025-04-16T00:06:14.861+0700] {logging_mixin.py:190} INFO - [2025-04-16T00:06:14.861+0700] {dag.py:3239} INFO - Sync 1 DAGs
[2025-04-16T00:06:14.878+0700] {logging_mixin.py:190} INFO - [2025-04-16T00:06:14.878+0700] {dag.py:4180} INFO - Setting next_dagrun for example_skip_dag to 2025-04-14 00:00:00+00:00, run_after=2025-04-15 00:00:00+00:00
[2025-04-16T00:06:14.904+0700] {processor.py:208} INFO - Processing /home/anhtupham99/NBA-analytics/py_env/lib/python3.11/site-packages/airflow/example_dags/example_skip_dag.py took 0.082 seconds
[2025-04-16T00:07:01.948+0700] {processor.py:186} INFO - Started process (PID=324419) to work on /home/anhtupham99/NBA-analytics/py_env/lib/python3.11/site-packages/airflow/example_dags/example_skip_dag.py
[2025-04-16T00:07:01.949+0700] {processor.py:914} INFO - Processing file /home/anhtupham99/NBA-analytics/py_env/lib/python3.11/site-packages/airflow/example_dags/example_skip_dag.py for tasks to queue
[2025-04-16T00:07:01.951+0700] {logging_mixin.py:190} INFO - [2025-04-16T00:07:01.951+0700] {dagbag.py:588} INFO - Filling up the DagBag from /home/anhtupham99/NBA-analytics/py_env/lib/python3.11/site-packages/airflow/example_dags/example_skip_dag.py
[2025-04-16T00:07:01.959+0700] {processor.py:925} INFO - DAG(s) 'example_skip_dag' retrieved from /home/anhtupham99/NBA-analytics/py_env/lib/python3.11/site-packages/airflow/example_dags/example_skip_dag.py
[2025-04-16T00:07:01.974+0700] {logging_mixin.py:190} INFO - [2025-04-16T00:07:01.974+0700] {dag.py:3239} INFO - Sync 1 DAGs
[2025-04-16T00:07:01.991+0700] {logging_mixin.py:190} INFO - [2025-04-16T00:07:01.990+0700] {dag.py:4180} INFO - Setting next_dagrun for example_skip_dag to 2025-04-14 00:00:00+00:00, run_after=2025-04-15 00:00:00+00:00
[2025-04-16T00:07:02.016+0700] {processor.py:208} INFO - Processing /home/anhtupham99/NBA-analytics/py_env/lib/python3.11/site-packages/airflow/example_dags/example_skip_dag.py took 0.074 seconds
[2025-04-16T00:07:49.906+0700] {processor.py:186} INFO - Started process (PID=325297) to work on /home/anhtupham99/NBA-analytics/py_env/lib/python3.11/site-packages/airflow/example_dags/example_skip_dag.py
[2025-04-16T00:07:49.907+0700] {processor.py:914} INFO - Processing file /home/anhtupham99/NBA-analytics/py_env/lib/python3.11/site-packages/airflow/example_dags/example_skip_dag.py for tasks to queue
[2025-04-16T00:07:49.910+0700] {logging_mixin.py:190} INFO - [2025-04-16T00:07:49.909+0700] {dagbag.py:588} INFO - Filling up the DagBag from /home/anhtupham99/NBA-analytics/py_env/lib/python3.11/site-packages/airflow/example_dags/example_skip_dag.py
[2025-04-16T00:07:49.920+0700] {processor.py:925} INFO - DAG(s) 'example_skip_dag' retrieved from /home/anhtupham99/NBA-analytics/py_env/lib/python3.11/site-packages/airflow/example_dags/example_skip_dag.py
[2025-04-16T00:07:49.937+0700] {logging_mixin.py:190} INFO - [2025-04-16T00:07:49.937+0700] {dag.py:3239} INFO - Sync 1 DAGs
[2025-04-16T00:07:49.956+0700] {logging_mixin.py:190} INFO - [2025-04-16T00:07:49.956+0700] {dag.py:4180} INFO - Setting next_dagrun for example_skip_dag to 2025-04-14 00:00:00+00:00, run_after=2025-04-15 00:00:00+00:00
[2025-04-16T00:07:49.986+0700] {processor.py:208} INFO - Processing /home/anhtupham99/NBA-analytics/py_env/lib/python3.11/site-packages/airflow/example_dags/example_skip_dag.py took 0.086 seconds
[2025-04-16T00:08:35.020+0700] {processor.py:186} INFO - Started process (PID=326135) to work on /home/anhtupham99/NBA-analytics/py_env/lib/python3.11/site-packages/airflow/example_dags/example_skip_dag.py
[2025-04-16T00:08:35.022+0700] {processor.py:914} INFO - Processing file /home/anhtupham99/NBA-analytics/py_env/lib/python3.11/site-packages/airflow/example_dags/example_skip_dag.py for tasks to queue
[2025-04-16T00:08:35.023+0700] {logging_mixin.py:190} INFO - [2025-04-16T00:08:35.023+0700] {dagbag.py:588} INFO - Filling up the DagBag from /home/anhtupham99/NBA-analytics/py_env/lib/python3.11/site-packages/airflow/example_dags/example_skip_dag.py
[2025-04-16T00:08:35.030+0700] {processor.py:925} INFO - DAG(s) 'example_skip_dag' retrieved from /home/anhtupham99/NBA-analytics/py_env/lib/python3.11/site-packages/airflow/example_dags/example_skip_dag.py
[2025-04-16T00:08:35.043+0700] {logging_mixin.py:190} INFO - [2025-04-16T00:08:35.042+0700] {dag.py:3239} INFO - Sync 1 DAGs
[2025-04-16T00:08:35.056+0700] {logging_mixin.py:190} INFO - [2025-04-16T00:08:35.056+0700] {dag.py:4180} INFO - Setting next_dagrun for example_skip_dag to 2025-04-14 00:00:00+00:00, run_after=2025-04-15 00:00:00+00:00
[2025-04-16T00:08:35.079+0700] {processor.py:208} INFO - Processing /home/anhtupham99/NBA-analytics/py_env/lib/python3.11/site-packages/airflow/example_dags/example_skip_dag.py took 0.063 seconds
[2025-04-16T00:09:24.995+0700] {processor.py:186} INFO - Started process (PID=327061) to work on /home/anhtupham99/NBA-analytics/py_env/lib/python3.11/site-packages/airflow/example_dags/example_skip_dag.py
[2025-04-16T00:09:24.996+0700] {processor.py:914} INFO - Processing file /home/anhtupham99/NBA-analytics/py_env/lib/python3.11/site-packages/airflow/example_dags/example_skip_dag.py for tasks to queue
[2025-04-16T00:09:24.999+0700] {logging_mixin.py:190} INFO - [2025-04-16T00:09:24.998+0700] {dagbag.py:588} INFO - Filling up the DagBag from /home/anhtupham99/NBA-analytics/py_env/lib/python3.11/site-packages/airflow/example_dags/example_skip_dag.py
[2025-04-16T00:09:25.007+0700] {processor.py:925} INFO - DAG(s) 'example_skip_dag' retrieved from /home/anhtupham99/NBA-analytics/py_env/lib/python3.11/site-packages/airflow/example_dags/example_skip_dag.py
[2025-04-16T00:09:25.023+0700] {logging_mixin.py:190} INFO - [2025-04-16T00:09:25.022+0700] {dag.py:3239} INFO - Sync 1 DAGs
[2025-04-16T00:09:25.040+0700] {logging_mixin.py:190} INFO - [2025-04-16T00:09:25.040+0700] {dag.py:4180} INFO - Setting next_dagrun for example_skip_dag to 2025-04-14 00:00:00+00:00, run_after=2025-04-15 00:00:00+00:00
[2025-04-16T00:09:25.066+0700] {processor.py:208} INFO - Processing /home/anhtupham99/NBA-analytics/py_env/lib/python3.11/site-packages/airflow/example_dags/example_skip_dag.py took 0.077 seconds
[2025-04-16T00:10:11.722+0700] {processor.py:186} INFO - Started process (PID=328268) to work on /home/anhtupham99/NBA-analytics/py_env/lib/python3.11/site-packages/airflow/example_dags/example_skip_dag.py
[2025-04-16T00:10:11.724+0700] {processor.py:914} INFO - Processing file /home/anhtupham99/NBA-analytics/py_env/lib/python3.11/site-packages/airflow/example_dags/example_skip_dag.py for tasks to queue
[2025-04-16T00:10:11.726+0700] {logging_mixin.py:190} INFO - [2025-04-16T00:10:11.725+0700] {dagbag.py:588} INFO - Filling up the DagBag from /home/anhtupham99/NBA-analytics/py_env/lib/python3.11/site-packages/airflow/example_dags/example_skip_dag.py
[2025-04-16T00:10:11.734+0700] {processor.py:925} INFO - DAG(s) 'example_skip_dag' retrieved from /home/anhtupham99/NBA-analytics/py_env/lib/python3.11/site-packages/airflow/example_dags/example_skip_dag.py
[2025-04-16T00:10:11.750+0700] {logging_mixin.py:190} INFO - [2025-04-16T00:10:11.750+0700] {dag.py:3239} INFO - Sync 1 DAGs
[2025-04-16T00:10:11.768+0700] {logging_mixin.py:190} INFO - [2025-04-16T00:10:11.768+0700] {dag.py:4180} INFO - Setting next_dagrun for example_skip_dag to 2025-04-14 00:00:00+00:00, run_after=2025-04-15 00:00:00+00:00
[2025-04-16T00:10:11.797+0700] {processor.py:208} INFO - Processing /home/anhtupham99/NBA-analytics/py_env/lib/python3.11/site-packages/airflow/example_dags/example_skip_dag.py took 0.081 seconds
[2025-04-16T00:11:00.062+0700] {processor.py:186} INFO - Started process (PID=329332) to work on /home/anhtupham99/NBA-analytics/py_env/lib/python3.11/site-packages/airflow/example_dags/example_skip_dag.py
[2025-04-16T00:11:00.063+0700] {processor.py:914} INFO - Processing file /home/anhtupham99/NBA-analytics/py_env/lib/python3.11/site-packages/airflow/example_dags/example_skip_dag.py for tasks to queue
[2025-04-16T00:11:00.065+0700] {logging_mixin.py:190} INFO - [2025-04-16T00:11:00.064+0700] {dagbag.py:588} INFO - Filling up the DagBag from /home/anhtupham99/NBA-analytics/py_env/lib/python3.11/site-packages/airflow/example_dags/example_skip_dag.py
[2025-04-16T00:11:00.072+0700] {processor.py:925} INFO - DAG(s) 'example_skip_dag' retrieved from /home/anhtupham99/NBA-analytics/py_env/lib/python3.11/site-packages/airflow/example_dags/example_skip_dag.py
[2025-04-16T00:11:00.084+0700] {logging_mixin.py:190} INFO - [2025-04-16T00:11:00.084+0700] {dag.py:3239} INFO - Sync 1 DAGs
[2025-04-16T00:11:00.098+0700] {logging_mixin.py:190} INFO - [2025-04-16T00:11:00.098+0700] {dag.py:4180} INFO - Setting next_dagrun for example_skip_dag to 2025-04-14 00:00:00+00:00, run_after=2025-04-15 00:00:00+00:00
[2025-04-16T00:11:00.120+0700] {processor.py:208} INFO - Processing /home/anhtupham99/NBA-analytics/py_env/lib/python3.11/site-packages/airflow/example_dags/example_skip_dag.py took 0.062 seconds
[2025-04-16T00:11:49.303+0700] {processor.py:186} INFO - Started process (PID=330357) to work on /home/anhtupham99/NBA-analytics/py_env/lib/python3.11/site-packages/airflow/example_dags/example_skip_dag.py
[2025-04-16T00:11:49.305+0700] {processor.py:914} INFO - Processing file /home/anhtupham99/NBA-analytics/py_env/lib/python3.11/site-packages/airflow/example_dags/example_skip_dag.py for tasks to queue
[2025-04-16T00:11:49.307+0700] {logging_mixin.py:190} INFO - [2025-04-16T00:11:49.306+0700] {dagbag.py:588} INFO - Filling up the DagBag from /home/anhtupham99/NBA-analytics/py_env/lib/python3.11/site-packages/airflow/example_dags/example_skip_dag.py
[2025-04-16T00:11:49.315+0700] {processor.py:925} INFO - DAG(s) 'example_skip_dag' retrieved from /home/anhtupham99/NBA-analytics/py_env/lib/python3.11/site-packages/airflow/example_dags/example_skip_dag.py
[2025-04-16T00:11:49.329+0700] {logging_mixin.py:190} INFO - [2025-04-16T00:11:49.329+0700] {dag.py:3239} INFO - Sync 1 DAGs
[2025-04-16T00:11:49.343+0700] {logging_mixin.py:190} INFO - [2025-04-16T00:11:49.343+0700] {dag.py:4180} INFO - Setting next_dagrun for example_skip_dag to 2025-04-14 00:00:00+00:00, run_after=2025-04-15 00:00:00+00:00
[2025-04-16T00:11:49.365+0700] {processor.py:208} INFO - Processing /home/anhtupham99/NBA-analytics/py_env/lib/python3.11/site-packages/airflow/example_dags/example_skip_dag.py took 0.069 seconds
[2025-04-16T00:12:32.355+0700] {processor.py:186} INFO - Started process (PID=331733) to work on /home/anhtupham99/NBA-analytics/py_env/lib/python3.11/site-packages/airflow/example_dags/example_skip_dag.py
[2025-04-16T00:12:32.357+0700] {processor.py:914} INFO - Processing file /home/anhtupham99/NBA-analytics/py_env/lib/python3.11/site-packages/airflow/example_dags/example_skip_dag.py for tasks to queue
[2025-04-16T00:12:32.359+0700] {logging_mixin.py:190} INFO - [2025-04-16T00:12:32.358+0700] {dagbag.py:588} INFO - Filling up the DagBag from /home/anhtupham99/NBA-analytics/py_env/lib/python3.11/site-packages/airflow/example_dags/example_skip_dag.py
[2025-04-16T00:12:32.366+0700] {processor.py:925} INFO - DAG(s) 'example_skip_dag' retrieved from /home/anhtupham99/NBA-analytics/py_env/lib/python3.11/site-packages/airflow/example_dags/example_skip_dag.py
[2025-04-16T00:12:32.380+0700] {logging_mixin.py:190} INFO - [2025-04-16T00:12:32.380+0700] {dag.py:3239} INFO - Sync 1 DAGs
[2025-04-16T00:12:32.396+0700] {logging_mixin.py:190} INFO - [2025-04-16T00:12:32.396+0700] {dag.py:4180} INFO - Setting next_dagrun for example_skip_dag to 2025-04-14 00:00:00+00:00, run_after=2025-04-15 00:00:00+00:00
[2025-04-16T00:12:32.419+0700] {processor.py:208} INFO - Processing /home/anhtupham99/NBA-analytics/py_env/lib/python3.11/site-packages/airflow/example_dags/example_skip_dag.py took 0.069 seconds
[2025-04-16T00:13:21.739+0700] {processor.py:186} INFO - Started process (PID=333201) to work on /home/anhtupham99/NBA-analytics/py_env/lib/python3.11/site-packages/airflow/example_dags/example_skip_dag.py
[2025-04-16T00:13:21.740+0700] {processor.py:914} INFO - Processing file /home/anhtupham99/NBA-analytics/py_env/lib/python3.11/site-packages/airflow/example_dags/example_skip_dag.py for tasks to queue
[2025-04-16T00:13:21.742+0700] {logging_mixin.py:190} INFO - [2025-04-16T00:13:21.741+0700] {dagbag.py:588} INFO - Filling up the DagBag from /home/anhtupham99/NBA-analytics/py_env/lib/python3.11/site-packages/airflow/example_dags/example_skip_dag.py
[2025-04-16T00:13:21.749+0700] {processor.py:925} INFO - DAG(s) 'example_skip_dag' retrieved from /home/anhtupham99/NBA-analytics/py_env/lib/python3.11/site-packages/airflow/example_dags/example_skip_dag.py
[2025-04-16T00:13:21.763+0700] {logging_mixin.py:190} INFO - [2025-04-16T00:13:21.763+0700] {dag.py:3239} INFO - Sync 1 DAGs
[2025-04-16T00:13:21.777+0700] {logging_mixin.py:190} INFO - [2025-04-16T00:13:21.777+0700] {dag.py:4180} INFO - Setting next_dagrun for example_skip_dag to 2025-04-14 00:00:00+00:00, run_after=2025-04-15 00:00:00+00:00
[2025-04-16T00:13:21.803+0700] {processor.py:208} INFO - Processing /home/anhtupham99/NBA-analytics/py_env/lib/python3.11/site-packages/airflow/example_dags/example_skip_dag.py took 0.068 seconds
[2025-04-16T00:14:13.813+0700] {processor.py:186} INFO - Started process (PID=335365) to work on /home/anhtupham99/NBA-analytics/py_env/lib/python3.11/site-packages/airflow/example_dags/example_skip_dag.py
[2025-04-16T00:14:13.814+0700] {processor.py:914} INFO - Processing file /home/anhtupham99/NBA-analytics/py_env/lib/python3.11/site-packages/airflow/example_dags/example_skip_dag.py for tasks to queue
[2025-04-16T00:14:13.816+0700] {logging_mixin.py:190} INFO - [2025-04-16T00:14:13.816+0700] {dagbag.py:588} INFO - Filling up the DagBag from /home/anhtupham99/NBA-analytics/py_env/lib/python3.11/site-packages/airflow/example_dags/example_skip_dag.py
[2025-04-16T00:14:13.822+0700] {processor.py:925} INFO - DAG(s) 'example_skip_dag' retrieved from /home/anhtupham99/NBA-analytics/py_env/lib/python3.11/site-packages/airflow/example_dags/example_skip_dag.py
[2025-04-16T00:14:13.834+0700] {logging_mixin.py:190} INFO - [2025-04-16T00:14:13.833+0700] {dag.py:3239} INFO - Sync 1 DAGs
[2025-04-16T00:14:13.849+0700] {logging_mixin.py:190} INFO - [2025-04-16T00:14:13.849+0700] {dag.py:4180} INFO - Setting next_dagrun for example_skip_dag to 2025-04-14 00:00:00+00:00, run_after=2025-04-15 00:00:00+00:00
[2025-04-16T00:14:13.872+0700] {processor.py:208} INFO - Processing /home/anhtupham99/NBA-analytics/py_env/lib/python3.11/site-packages/airflow/example_dags/example_skip_dag.py took 0.063 seconds
[2025-04-16T00:15:02.095+0700] {processor.py:186} INFO - Started process (PID=337474) to work on /home/anhtupham99/NBA-analytics/py_env/lib/python3.11/site-packages/airflow/example_dags/example_skip_dag.py
[2025-04-16T00:15:02.096+0700] {processor.py:914} INFO - Processing file /home/anhtupham99/NBA-analytics/py_env/lib/python3.11/site-packages/airflow/example_dags/example_skip_dag.py for tasks to queue
[2025-04-16T00:15:02.098+0700] {logging_mixin.py:190} INFO - [2025-04-16T00:15:02.098+0700] {dagbag.py:588} INFO - Filling up the DagBag from /home/anhtupham99/NBA-analytics/py_env/lib/python3.11/site-packages/airflow/example_dags/example_skip_dag.py
[2025-04-16T00:15:02.104+0700] {processor.py:925} INFO - DAG(s) 'example_skip_dag' retrieved from /home/anhtupham99/NBA-analytics/py_env/lib/python3.11/site-packages/airflow/example_dags/example_skip_dag.py
[2025-04-16T00:15:02.116+0700] {logging_mixin.py:190} INFO - [2025-04-16T00:15:02.116+0700] {dag.py:3239} INFO - Sync 1 DAGs
[2025-04-16T00:15:02.132+0700] {logging_mixin.py:190} INFO - [2025-04-16T00:15:02.132+0700] {dag.py:4180} INFO - Setting next_dagrun for example_skip_dag to 2025-04-14 00:00:00+00:00, run_after=2025-04-15 00:00:00+00:00
[2025-04-16T00:15:02.164+0700] {processor.py:208} INFO - Processing /home/anhtupham99/NBA-analytics/py_env/lib/python3.11/site-packages/airflow/example_dags/example_skip_dag.py took 0.073 seconds
[2025-04-16T00:15:52.551+0700] {processor.py:186} INFO - Started process (PID=339824) to work on /home/anhtupham99/NBA-analytics/py_env/lib/python3.11/site-packages/airflow/example_dags/example_skip_dag.py
[2025-04-16T00:15:52.552+0700] {processor.py:914} INFO - Processing file /home/anhtupham99/NBA-analytics/py_env/lib/python3.11/site-packages/airflow/example_dags/example_skip_dag.py for tasks to queue
[2025-04-16T00:15:52.555+0700] {logging_mixin.py:190} INFO - [2025-04-16T00:15:52.554+0700] {dagbag.py:588} INFO - Filling up the DagBag from /home/anhtupham99/NBA-analytics/py_env/lib/python3.11/site-packages/airflow/example_dags/example_skip_dag.py
[2025-04-16T00:15:52.563+0700] {processor.py:925} INFO - DAG(s) 'example_skip_dag' retrieved from /home/anhtupham99/NBA-analytics/py_env/lib/python3.11/site-packages/airflow/example_dags/example_skip_dag.py
[2025-04-16T00:15:52.577+0700] {logging_mixin.py:190} INFO - [2025-04-16T00:15:52.577+0700] {dag.py:3239} INFO - Sync 1 DAGs
[2025-04-16T00:15:52.594+0700] {logging_mixin.py:190} INFO - [2025-04-16T00:15:52.594+0700] {dag.py:4180} INFO - Setting next_dagrun for example_skip_dag to 2025-04-14 00:00:00+00:00, run_after=2025-04-15 00:00:00+00:00
[2025-04-16T00:15:52.633+0700] {processor.py:208} INFO - Processing /home/anhtupham99/NBA-analytics/py_env/lib/python3.11/site-packages/airflow/example_dags/example_skip_dag.py took 0.088 seconds
[2025-04-16T00:16:42.668+0700] {processor.py:186} INFO - Started process (PID=342336) to work on /home/anhtupham99/NBA-analytics/py_env/lib/python3.11/site-packages/airflow/example_dags/example_skip_dag.py
[2025-04-16T00:16:42.670+0700] {processor.py:914} INFO - Processing file /home/anhtupham99/NBA-analytics/py_env/lib/python3.11/site-packages/airflow/example_dags/example_skip_dag.py for tasks to queue
[2025-04-16T00:16:42.671+0700] {logging_mixin.py:190} INFO - [2025-04-16T00:16:42.671+0700] {dagbag.py:588} INFO - Filling up the DagBag from /home/anhtupham99/NBA-analytics/py_env/lib/python3.11/site-packages/airflow/example_dags/example_skip_dag.py
[2025-04-16T00:16:42.678+0700] {processor.py:925} INFO - DAG(s) 'example_skip_dag' retrieved from /home/anhtupham99/NBA-analytics/py_env/lib/python3.11/site-packages/airflow/example_dags/example_skip_dag.py
[2025-04-16T00:16:42.695+0700] {logging_mixin.py:190} INFO - [2025-04-16T00:16:42.695+0700] {dag.py:3239} INFO - Sync 1 DAGs
[2025-04-16T00:16:42.719+0700] {logging_mixin.py:190} INFO - [2025-04-16T00:16:42.719+0700] {dag.py:4180} INFO - Setting next_dagrun for example_skip_dag to 2025-04-14 00:00:00+00:00, run_after=2025-04-15 00:00:00+00:00
[2025-04-16T00:16:42.759+0700] {processor.py:208} INFO - Processing /home/anhtupham99/NBA-analytics/py_env/lib/python3.11/site-packages/airflow/example_dags/example_skip_dag.py took 0.095 seconds
[2025-04-16T00:17:31.561+0700] {processor.py:186} INFO - Started process (PID=344331) to work on /home/anhtupham99/NBA-analytics/py_env/lib/python3.11/site-packages/airflow/example_dags/example_skip_dag.py
[2025-04-16T00:17:31.563+0700] {processor.py:914} INFO - Processing file /home/anhtupham99/NBA-analytics/py_env/lib/python3.11/site-packages/airflow/example_dags/example_skip_dag.py for tasks to queue
[2025-04-16T00:17:31.565+0700] {logging_mixin.py:190} INFO - [2025-04-16T00:17:31.565+0700] {dagbag.py:588} INFO - Filling up the DagBag from /home/anhtupham99/NBA-analytics/py_env/lib/python3.11/site-packages/airflow/example_dags/example_skip_dag.py
[2025-04-16T00:17:31.574+0700] {processor.py:925} INFO - DAG(s) 'example_skip_dag' retrieved from /home/anhtupham99/NBA-analytics/py_env/lib/python3.11/site-packages/airflow/example_dags/example_skip_dag.py
[2025-04-16T00:17:31.590+0700] {logging_mixin.py:190} INFO - [2025-04-16T00:17:31.590+0700] {dag.py:3239} INFO - Sync 1 DAGs
[2025-04-16T00:17:31.609+0700] {logging_mixin.py:190} INFO - [2025-04-16T00:17:31.609+0700] {dag.py:4180} INFO - Setting next_dagrun for example_skip_dag to 2025-04-14 00:00:00+00:00, run_after=2025-04-15 00:00:00+00:00
[2025-04-16T00:17:31.634+0700] {processor.py:208} INFO - Processing /home/anhtupham99/NBA-analytics/py_env/lib/python3.11/site-packages/airflow/example_dags/example_skip_dag.py took 0.078 seconds
[2025-04-16T00:18:21.587+0700] {processor.py:186} INFO - Started process (PID=346304) to work on /home/anhtupham99/NBA-analytics/py_env/lib/python3.11/site-packages/airflow/example_dags/example_skip_dag.py
[2025-04-16T00:18:21.591+0700] {processor.py:914} INFO - Processing file /home/anhtupham99/NBA-analytics/py_env/lib/python3.11/site-packages/airflow/example_dags/example_skip_dag.py for tasks to queue
[2025-04-16T00:18:21.593+0700] {logging_mixin.py:190} INFO - [2025-04-16T00:18:21.593+0700] {dagbag.py:588} INFO - Filling up the DagBag from /home/anhtupham99/NBA-analytics/py_env/lib/python3.11/site-packages/airflow/example_dags/example_skip_dag.py
[2025-04-16T00:18:21.600+0700] {processor.py:925} INFO - DAG(s) 'example_skip_dag' retrieved from /home/anhtupham99/NBA-analytics/py_env/lib/python3.11/site-packages/airflow/example_dags/example_skip_dag.py
[2025-04-16T00:18:21.612+0700] {logging_mixin.py:190} INFO - [2025-04-16T00:18:21.612+0700] {dag.py:3239} INFO - Sync 1 DAGs
[2025-04-16T00:18:21.625+0700] {logging_mixin.py:190} INFO - [2025-04-16T00:18:21.625+0700] {dag.py:4180} INFO - Setting next_dagrun for example_skip_dag to 2025-04-14 00:00:00+00:00, run_after=2025-04-15 00:00:00+00:00
[2025-04-16T00:18:21.654+0700] {processor.py:208} INFO - Processing /home/anhtupham99/NBA-analytics/py_env/lib/python3.11/site-packages/airflow/example_dags/example_skip_dag.py took 0.071 seconds
[2025-04-16T00:19:10.707+0700] {processor.py:186} INFO - Started process (PID=349143) to work on /home/anhtupham99/NBA-analytics/py_env/lib/python3.11/site-packages/airflow/example_dags/example_skip_dag.py
[2025-04-16T00:19:10.708+0700] {processor.py:914} INFO - Processing file /home/anhtupham99/NBA-analytics/py_env/lib/python3.11/site-packages/airflow/example_dags/example_skip_dag.py for tasks to queue
[2025-04-16T00:19:10.709+0700] {logging_mixin.py:190} INFO - [2025-04-16T00:19:10.709+0700] {dagbag.py:588} INFO - Filling up the DagBag from /home/anhtupham99/NBA-analytics/py_env/lib/python3.11/site-packages/airflow/example_dags/example_skip_dag.py
[2025-04-16T00:19:10.716+0700] {processor.py:925} INFO - DAG(s) 'example_skip_dag' retrieved from /home/anhtupham99/NBA-analytics/py_env/lib/python3.11/site-packages/airflow/example_dags/example_skip_dag.py
[2025-04-16T00:19:10.728+0700] {logging_mixin.py:190} INFO - [2025-04-16T00:19:10.727+0700] {dag.py:3239} INFO - Sync 1 DAGs
[2025-04-16T00:19:10.742+0700] {logging_mixin.py:190} INFO - [2025-04-16T00:19:10.741+0700] {dag.py:4180} INFO - Setting next_dagrun for example_skip_dag to 2025-04-14 00:00:00+00:00, run_after=2025-04-15 00:00:00+00:00
[2025-04-16T00:19:10.774+0700] {processor.py:208} INFO - Processing /home/anhtupham99/NBA-analytics/py_env/lib/python3.11/site-packages/airflow/example_dags/example_skip_dag.py took 0.072 seconds
[2025-04-16T00:20:01.720+0700] {processor.py:186} INFO - Started process (PID=351151) to work on /home/anhtupham99/NBA-analytics/py_env/lib/python3.11/site-packages/airflow/example_dags/example_skip_dag.py
[2025-04-16T00:20:01.722+0700] {processor.py:914} INFO - Processing file /home/anhtupham99/NBA-analytics/py_env/lib/python3.11/site-packages/airflow/example_dags/example_skip_dag.py for tasks to queue
[2025-04-16T00:20:01.724+0700] {logging_mixin.py:190} INFO - [2025-04-16T00:20:01.723+0700] {dagbag.py:588} INFO - Filling up the DagBag from /home/anhtupham99/NBA-analytics/py_env/lib/python3.11/site-packages/airflow/example_dags/example_skip_dag.py
[2025-04-16T00:20:01.731+0700] {processor.py:925} INFO - DAG(s) 'example_skip_dag' retrieved from /home/anhtupham99/NBA-analytics/py_env/lib/python3.11/site-packages/airflow/example_dags/example_skip_dag.py
[2025-04-16T00:20:01.753+0700] {logging_mixin.py:190} INFO - [2025-04-16T00:20:01.753+0700] {dag.py:3239} INFO - Sync 1 DAGs
[2025-04-16T00:20:01.786+0700] {logging_mixin.py:190} INFO - [2025-04-16T00:20:01.785+0700] {dag.py:4180} INFO - Setting next_dagrun for example_skip_dag to 2025-04-14 00:00:00+00:00, run_after=2025-04-15 00:00:00+00:00
[2025-04-16T00:20:01.817+0700] {processor.py:208} INFO - Processing /home/anhtupham99/NBA-analytics/py_env/lib/python3.11/site-packages/airflow/example_dags/example_skip_dag.py took 0.102 seconds
[2025-04-16T00:20:49.649+0700] {processor.py:186} INFO - Started process (PID=352873) to work on /home/anhtupham99/NBA-analytics/py_env/lib/python3.11/site-packages/airflow/example_dags/example_skip_dag.py
[2025-04-16T00:20:49.651+0700] {processor.py:914} INFO - Processing file /home/anhtupham99/NBA-analytics/py_env/lib/python3.11/site-packages/airflow/example_dags/example_skip_dag.py for tasks to queue
[2025-04-16T00:20:49.654+0700] {logging_mixin.py:190} INFO - [2025-04-16T00:20:49.653+0700] {dagbag.py:588} INFO - Filling up the DagBag from /home/anhtupham99/NBA-analytics/py_env/lib/python3.11/site-packages/airflow/example_dags/example_skip_dag.py
[2025-04-16T00:20:49.663+0700] {processor.py:925} INFO - DAG(s) 'example_skip_dag' retrieved from /home/anhtupham99/NBA-analytics/py_env/lib/python3.11/site-packages/airflow/example_dags/example_skip_dag.py
[2025-04-16T00:20:49.679+0700] {logging_mixin.py:190} INFO - [2025-04-16T00:20:49.679+0700] {dag.py:3239} INFO - Sync 1 DAGs
[2025-04-16T00:20:49.701+0700] {logging_mixin.py:190} INFO - [2025-04-16T00:20:49.701+0700] {dag.py:4180} INFO - Setting next_dagrun for example_skip_dag to 2025-04-14 00:00:00+00:00, run_after=2025-04-15 00:00:00+00:00
[2025-04-16T00:20:49.734+0700] {processor.py:208} INFO - Processing /home/anhtupham99/NBA-analytics/py_env/lib/python3.11/site-packages/airflow/example_dags/example_skip_dag.py took 0.091 seconds
[2025-04-16T00:21:40.029+0700] {processor.py:186} INFO - Started process (PID=354936) to work on /home/anhtupham99/NBA-analytics/py_env/lib/python3.11/site-packages/airflow/example_dags/example_skip_dag.py
[2025-04-16T00:21:40.030+0700] {processor.py:914} INFO - Processing file /home/anhtupham99/NBA-analytics/py_env/lib/python3.11/site-packages/airflow/example_dags/example_skip_dag.py for tasks to queue
[2025-04-16T00:21:40.033+0700] {logging_mixin.py:190} INFO - [2025-04-16T00:21:40.032+0700] {dagbag.py:588} INFO - Filling up the DagBag from /home/anhtupham99/NBA-analytics/py_env/lib/python3.11/site-packages/airflow/example_dags/example_skip_dag.py
[2025-04-16T00:21:40.043+0700] {processor.py:925} INFO - DAG(s) 'example_skip_dag' retrieved from /home/anhtupham99/NBA-analytics/py_env/lib/python3.11/site-packages/airflow/example_dags/example_skip_dag.py
[2025-04-16T00:21:40.059+0700] {logging_mixin.py:190} INFO - [2025-04-16T00:21:40.059+0700] {dag.py:3239} INFO - Sync 1 DAGs
[2025-04-16T00:21:40.080+0700] {logging_mixin.py:190} INFO - [2025-04-16T00:21:40.080+0700] {dag.py:4180} INFO - Setting next_dagrun for example_skip_dag to 2025-04-14 00:00:00+00:00, run_after=2025-04-15 00:00:00+00:00
[2025-04-16T00:21:40.109+0700] {processor.py:208} INFO - Processing /home/anhtupham99/NBA-analytics/py_env/lib/python3.11/site-packages/airflow/example_dags/example_skip_dag.py took 0.086 seconds
[2025-04-16T00:22:31.671+0700] {processor.py:186} INFO - Started process (PID=356877) to work on /home/anhtupham99/NBA-analytics/py_env/lib/python3.11/site-packages/airflow/example_dags/example_skip_dag.py
[2025-04-16T00:22:31.673+0700] {processor.py:914} INFO - Processing file /home/anhtupham99/NBA-analytics/py_env/lib/python3.11/site-packages/airflow/example_dags/example_skip_dag.py for tasks to queue
[2025-04-16T00:22:31.675+0700] {logging_mixin.py:190} INFO - [2025-04-16T00:22:31.675+0700] {dagbag.py:588} INFO - Filling up the DagBag from /home/anhtupham99/NBA-analytics/py_env/lib/python3.11/site-packages/airflow/example_dags/example_skip_dag.py
[2025-04-16T00:22:31.683+0700] {processor.py:925} INFO - DAG(s) 'example_skip_dag' retrieved from /home/anhtupham99/NBA-analytics/py_env/lib/python3.11/site-packages/airflow/example_dags/example_skip_dag.py
[2025-04-16T00:22:31.698+0700] {logging_mixin.py:190} INFO - [2025-04-16T00:22:31.697+0700] {dag.py:3239} INFO - Sync 1 DAGs
[2025-04-16T00:22:31.713+0700] {logging_mixin.py:190} INFO - [2025-04-16T00:22:31.713+0700] {dag.py:4180} INFO - Setting next_dagrun for example_skip_dag to 2025-04-14 00:00:00+00:00, run_after=2025-04-15 00:00:00+00:00
[2025-04-16T00:22:31.740+0700] {processor.py:208} INFO - Processing /home/anhtupham99/NBA-analytics/py_env/lib/python3.11/site-packages/airflow/example_dags/example_skip_dag.py took 0.074 seconds
[2025-04-16T00:23:20.543+0700] {processor.py:186} INFO - Started process (PID=358193) to work on /home/anhtupham99/NBA-analytics/py_env/lib/python3.11/site-packages/airflow/example_dags/example_skip_dag.py
[2025-04-16T00:23:20.544+0700] {processor.py:914} INFO - Processing file /home/anhtupham99/NBA-analytics/py_env/lib/python3.11/site-packages/airflow/example_dags/example_skip_dag.py for tasks to queue
[2025-04-16T00:23:20.546+0700] {logging_mixin.py:190} INFO - [2025-04-16T00:23:20.546+0700] {dagbag.py:588} INFO - Filling up the DagBag from /home/anhtupham99/NBA-analytics/py_env/lib/python3.11/site-packages/airflow/example_dags/example_skip_dag.py
[2025-04-16T00:23:20.554+0700] {processor.py:925} INFO - DAG(s) 'example_skip_dag' retrieved from /home/anhtupham99/NBA-analytics/py_env/lib/python3.11/site-packages/airflow/example_dags/example_skip_dag.py
[2025-04-16T00:23:20.568+0700] {logging_mixin.py:190} INFO - [2025-04-16T00:23:20.568+0700] {dag.py:3239} INFO - Sync 1 DAGs
[2025-04-16T00:23:20.583+0700] {logging_mixin.py:190} INFO - [2025-04-16T00:23:20.583+0700] {dag.py:4180} INFO - Setting next_dagrun for example_skip_dag to 2025-04-14 00:00:00+00:00, run_after=2025-04-15 00:00:00+00:00
[2025-04-16T00:23:20.613+0700] {processor.py:208} INFO - Processing /home/anhtupham99/NBA-analytics/py_env/lib/python3.11/site-packages/airflow/example_dags/example_skip_dag.py took 0.075 seconds
[2025-04-16T00:24:05.187+0700] {processor.py:186} INFO - Started process (PID=359769) to work on /home/anhtupham99/NBA-analytics/py_env/lib/python3.11/site-packages/airflow/example_dags/example_skip_dag.py
[2025-04-16T00:24:05.188+0700] {processor.py:914} INFO - Processing file /home/anhtupham99/NBA-analytics/py_env/lib/python3.11/site-packages/airflow/example_dags/example_skip_dag.py for tasks to queue
[2025-04-16T00:24:05.190+0700] {logging_mixin.py:190} INFO - [2025-04-16T00:24:05.190+0700] {dagbag.py:588} INFO - Filling up the DagBag from /home/anhtupham99/NBA-analytics/py_env/lib/python3.11/site-packages/airflow/example_dags/example_skip_dag.py
[2025-04-16T00:24:05.198+0700] {processor.py:925} INFO - DAG(s) 'example_skip_dag' retrieved from /home/anhtupham99/NBA-analytics/py_env/lib/python3.11/site-packages/airflow/example_dags/example_skip_dag.py
[2025-04-16T00:24:05.215+0700] {logging_mixin.py:190} INFO - [2025-04-16T00:24:05.215+0700] {dag.py:3239} INFO - Sync 1 DAGs
[2025-04-16T00:24:05.243+0700] {logging_mixin.py:190} INFO - [2025-04-16T00:24:05.242+0700] {dag.py:4180} INFO - Setting next_dagrun for example_skip_dag to 2025-04-14 00:00:00+00:00, run_after=2025-04-15 00:00:00+00:00
[2025-04-16T00:24:05.285+0700] {processor.py:208} INFO - Processing /home/anhtupham99/NBA-analytics/py_env/lib/python3.11/site-packages/airflow/example_dags/example_skip_dag.py took 0.104 seconds
[2025-04-16T00:24:58.411+0700] {processor.py:186} INFO - Started process (PID=361788) to work on /home/anhtupham99/NBA-analytics/py_env/lib/python3.11/site-packages/airflow/example_dags/example_skip_dag.py
[2025-04-16T00:24:58.413+0700] {processor.py:914} INFO - Processing file /home/anhtupham99/NBA-analytics/py_env/lib/python3.11/site-packages/airflow/example_dags/example_skip_dag.py for tasks to queue
[2025-04-16T00:24:58.415+0700] {logging_mixin.py:190} INFO - [2025-04-16T00:24:58.414+0700] {dagbag.py:588} INFO - Filling up the DagBag from /home/anhtupham99/NBA-analytics/py_env/lib/python3.11/site-packages/airflow/example_dags/example_skip_dag.py
[2025-04-16T00:24:58.421+0700] {processor.py:925} INFO - DAG(s) 'example_skip_dag' retrieved from /home/anhtupham99/NBA-analytics/py_env/lib/python3.11/site-packages/airflow/example_dags/example_skip_dag.py
[2025-04-16T00:24:58.436+0700] {logging_mixin.py:190} INFO - [2025-04-16T00:24:58.435+0700] {dag.py:3239} INFO - Sync 1 DAGs
[2025-04-16T00:24:58.452+0700] {logging_mixin.py:190} INFO - [2025-04-16T00:24:58.451+0700] {dag.py:4180} INFO - Setting next_dagrun for example_skip_dag to 2025-04-14 00:00:00+00:00, run_after=2025-04-15 00:00:00+00:00
[2025-04-16T00:24:58.477+0700] {processor.py:208} INFO - Processing /home/anhtupham99/NBA-analytics/py_env/lib/python3.11/site-packages/airflow/example_dags/example_skip_dag.py took 0.071 seconds
[2025-04-16T00:25:44.905+0700] {processor.py:186} INFO - Started process (PID=363729) to work on /home/anhtupham99/NBA-analytics/py_env/lib/python3.11/site-packages/airflow/example_dags/example_skip_dag.py
[2025-04-16T00:25:44.906+0700] {processor.py:914} INFO - Processing file /home/anhtupham99/NBA-analytics/py_env/lib/python3.11/site-packages/airflow/example_dags/example_skip_dag.py for tasks to queue
[2025-04-16T00:25:44.908+0700] {logging_mixin.py:190} INFO - [2025-04-16T00:25:44.907+0700] {dagbag.py:588} INFO - Filling up the DagBag from /home/anhtupham99/NBA-analytics/py_env/lib/python3.11/site-packages/airflow/example_dags/example_skip_dag.py
[2025-04-16T00:25:44.914+0700] {processor.py:925} INFO - DAG(s) 'example_skip_dag' retrieved from /home/anhtupham99/NBA-analytics/py_env/lib/python3.11/site-packages/airflow/example_dags/example_skip_dag.py
[2025-04-16T00:25:44.925+0700] {logging_mixin.py:190} INFO - [2025-04-16T00:25:44.925+0700] {dag.py:3239} INFO - Sync 1 DAGs
[2025-04-16T00:25:44.938+0700] {logging_mixin.py:190} INFO - [2025-04-16T00:25:44.938+0700] {dag.py:4180} INFO - Setting next_dagrun for example_skip_dag to 2025-04-14 00:00:00+00:00, run_after=2025-04-15 00:00:00+00:00
[2025-04-16T00:25:44.960+0700] {processor.py:208} INFO - Processing /home/anhtupham99/NBA-analytics/py_env/lib/python3.11/site-packages/airflow/example_dags/example_skip_dag.py took 0.059 seconds
[2025-04-16T00:26:33.675+0700] {processor.py:186} INFO - Started process (PID=364889) to work on /home/anhtupham99/NBA-analytics/py_env/lib/python3.11/site-packages/airflow/example_dags/example_skip_dag.py
[2025-04-16T00:26:33.679+0700] {processor.py:914} INFO - Processing file /home/anhtupham99/NBA-analytics/py_env/lib/python3.11/site-packages/airflow/example_dags/example_skip_dag.py for tasks to queue
[2025-04-16T00:26:33.681+0700] {logging_mixin.py:190} INFO - [2025-04-16T00:26:33.680+0700] {dagbag.py:588} INFO - Filling up the DagBag from /home/anhtupham99/NBA-analytics/py_env/lib/python3.11/site-packages/airflow/example_dags/example_skip_dag.py
[2025-04-16T00:26:33.687+0700] {processor.py:925} INFO - DAG(s) 'example_skip_dag' retrieved from /home/anhtupham99/NBA-analytics/py_env/lib/python3.11/site-packages/airflow/example_dags/example_skip_dag.py
[2025-04-16T00:26:33.699+0700] {logging_mixin.py:190} INFO - [2025-04-16T00:26:33.698+0700] {dag.py:3239} INFO - Sync 1 DAGs
[2025-04-16T00:26:33.711+0700] {logging_mixin.py:190} INFO - [2025-04-16T00:26:33.711+0700] {dag.py:4180} INFO - Setting next_dagrun for example_skip_dag to 2025-04-14 00:00:00+00:00, run_after=2025-04-15 00:00:00+00:00
[2025-04-16T00:26:33.733+0700] {processor.py:208} INFO - Processing /home/anhtupham99/NBA-analytics/py_env/lib/python3.11/site-packages/airflow/example_dags/example_skip_dag.py took 0.063 seconds
[2025-04-16T00:27:22.473+0700] {processor.py:186} INFO - Started process (PID=366007) to work on /home/anhtupham99/NBA-analytics/py_env/lib/python3.11/site-packages/airflow/example_dags/example_skip_dag.py
[2025-04-16T00:27:22.474+0700] {processor.py:914} INFO - Processing file /home/anhtupham99/NBA-analytics/py_env/lib/python3.11/site-packages/airflow/example_dags/example_skip_dag.py for tasks to queue
[2025-04-16T00:27:22.476+0700] {logging_mixin.py:190} INFO - [2025-04-16T00:27:22.475+0700] {dagbag.py:588} INFO - Filling up the DagBag from /home/anhtupham99/NBA-analytics/py_env/lib/python3.11/site-packages/airflow/example_dags/example_skip_dag.py
[2025-04-16T00:27:22.482+0700] {processor.py:925} INFO - DAG(s) 'example_skip_dag' retrieved from /home/anhtupham99/NBA-analytics/py_env/lib/python3.11/site-packages/airflow/example_dags/example_skip_dag.py
[2025-04-16T00:27:22.495+0700] {logging_mixin.py:190} INFO - [2025-04-16T00:27:22.494+0700] {dag.py:3239} INFO - Sync 1 DAGs
[2025-04-16T00:27:22.508+0700] {logging_mixin.py:190} INFO - [2025-04-16T00:27:22.507+0700] {dag.py:4180} INFO - Setting next_dagrun for example_skip_dag to 2025-04-14 00:00:00+00:00, run_after=2025-04-15 00:00:00+00:00
[2025-04-16T00:27:22.531+0700] {processor.py:208} INFO - Processing /home/anhtupham99/NBA-analytics/py_env/lib/python3.11/site-packages/airflow/example_dags/example_skip_dag.py took 0.062 seconds
[2025-04-16T00:28:09.616+0700] {processor.py:186} INFO - Started process (PID=367342) to work on /home/anhtupham99/NBA-analytics/py_env/lib/python3.11/site-packages/airflow/example_dags/example_skip_dag.py
[2025-04-16T00:28:09.618+0700] {processor.py:914} INFO - Processing file /home/anhtupham99/NBA-analytics/py_env/lib/python3.11/site-packages/airflow/example_dags/example_skip_dag.py for tasks to queue
[2025-04-16T00:28:09.620+0700] {logging_mixin.py:190} INFO - [2025-04-16T00:28:09.619+0700] {dagbag.py:588} INFO - Filling up the DagBag from /home/anhtupham99/NBA-analytics/py_env/lib/python3.11/site-packages/airflow/example_dags/example_skip_dag.py
[2025-04-16T00:28:09.628+0700] {processor.py:925} INFO - DAG(s) 'example_skip_dag' retrieved from /home/anhtupham99/NBA-analytics/py_env/lib/python3.11/site-packages/airflow/example_dags/example_skip_dag.py
[2025-04-16T00:28:09.644+0700] {logging_mixin.py:190} INFO - [2025-04-16T00:28:09.644+0700] {dag.py:3239} INFO - Sync 1 DAGs
[2025-04-16T00:28:09.663+0700] {logging_mixin.py:190} INFO - [2025-04-16T00:28:09.663+0700] {dag.py:4180} INFO - Setting next_dagrun for example_skip_dag to 2025-04-14 00:00:00+00:00, run_after=2025-04-15 00:00:00+00:00
[2025-04-16T00:28:09.690+0700] {processor.py:208} INFO - Processing /home/anhtupham99/NBA-analytics/py_env/lib/python3.11/site-packages/airflow/example_dags/example_skip_dag.py took 0.079 seconds
[2025-04-16T00:28:56.626+0700] {processor.py:186} INFO - Started process (PID=368391) to work on /home/anhtupham99/NBA-analytics/py_env/lib/python3.11/site-packages/airflow/example_dags/example_skip_dag.py
[2025-04-16T00:28:56.628+0700] {processor.py:914} INFO - Processing file /home/anhtupham99/NBA-analytics/py_env/lib/python3.11/site-packages/airflow/example_dags/example_skip_dag.py for tasks to queue
[2025-04-16T00:28:56.630+0700] {logging_mixin.py:190} INFO - [2025-04-16T00:28:56.629+0700] {dagbag.py:588} INFO - Filling up the DagBag from /home/anhtupham99/NBA-analytics/py_env/lib/python3.11/site-packages/airflow/example_dags/example_skip_dag.py
[2025-04-16T00:28:56.638+0700] {processor.py:925} INFO - DAG(s) 'example_skip_dag' retrieved from /home/anhtupham99/NBA-analytics/py_env/lib/python3.11/site-packages/airflow/example_dags/example_skip_dag.py
[2025-04-16T00:28:56.654+0700] {logging_mixin.py:190} INFO - [2025-04-16T00:28:56.653+0700] {dag.py:3239} INFO - Sync 1 DAGs
[2025-04-16T00:28:56.671+0700] {logging_mixin.py:190} INFO - [2025-04-16T00:28:56.670+0700] {dag.py:4180} INFO - Setting next_dagrun for example_skip_dag to 2025-04-14 00:00:00+00:00, run_after=2025-04-15 00:00:00+00:00
[2025-04-16T00:28:56.698+0700] {processor.py:208} INFO - Processing /home/anhtupham99/NBA-analytics/py_env/lib/python3.11/site-packages/airflow/example_dags/example_skip_dag.py took 0.079 seconds
[2025-04-16T00:29:44.789+0700] {processor.py:186} INFO - Started process (PID=369535) to work on /home/anhtupham99/NBA-analytics/py_env/lib/python3.11/site-packages/airflow/example_dags/example_skip_dag.py
[2025-04-16T00:29:44.790+0700] {processor.py:914} INFO - Processing file /home/anhtupham99/NBA-analytics/py_env/lib/python3.11/site-packages/airflow/example_dags/example_skip_dag.py for tasks to queue
[2025-04-16T00:29:44.792+0700] {logging_mixin.py:190} INFO - [2025-04-16T00:29:44.792+0700] {dagbag.py:588} INFO - Filling up the DagBag from /home/anhtupham99/NBA-analytics/py_env/lib/python3.11/site-packages/airflow/example_dags/example_skip_dag.py
[2025-04-16T00:29:44.798+0700] {processor.py:925} INFO - DAG(s) 'example_skip_dag' retrieved from /home/anhtupham99/NBA-analytics/py_env/lib/python3.11/site-packages/airflow/example_dags/example_skip_dag.py
[2025-04-16T00:29:44.810+0700] {logging_mixin.py:190} INFO - [2025-04-16T00:29:44.810+0700] {dag.py:3239} INFO - Sync 1 DAGs
[2025-04-16T00:29:44.823+0700] {logging_mixin.py:190} INFO - [2025-04-16T00:29:44.823+0700] {dag.py:4180} INFO - Setting next_dagrun for example_skip_dag to 2025-04-14 00:00:00+00:00, run_after=2025-04-15 00:00:00+00:00
[2025-04-16T00:29:44.847+0700] {processor.py:208} INFO - Processing /home/anhtupham99/NBA-analytics/py_env/lib/python3.11/site-packages/airflow/example_dags/example_skip_dag.py took 0.063 seconds
[2025-04-16T00:30:33.678+0700] {processor.py:186} INFO - Started process (PID=370662) to work on /home/anhtupham99/NBA-analytics/py_env/lib/python3.11/site-packages/airflow/example_dags/example_skip_dag.py
[2025-04-16T00:30:33.680+0700] {processor.py:914} INFO - Processing file /home/anhtupham99/NBA-analytics/py_env/lib/python3.11/site-packages/airflow/example_dags/example_skip_dag.py for tasks to queue
[2025-04-16T00:30:33.681+0700] {logging_mixin.py:190} INFO - [2025-04-16T00:30:33.681+0700] {dagbag.py:588} INFO - Filling up the DagBag from /home/anhtupham99/NBA-analytics/py_env/lib/python3.11/site-packages/airflow/example_dags/example_skip_dag.py
[2025-04-16T00:30:33.688+0700] {processor.py:925} INFO - DAG(s) 'example_skip_dag' retrieved from /home/anhtupham99/NBA-analytics/py_env/lib/python3.11/site-packages/airflow/example_dags/example_skip_dag.py
[2025-04-16T00:30:33.703+0700] {logging_mixin.py:190} INFO - [2025-04-16T00:30:33.703+0700] {dag.py:3239} INFO - Sync 1 DAGs
[2025-04-16T00:30:33.719+0700] {logging_mixin.py:190} INFO - [2025-04-16T00:30:33.719+0700] {dag.py:4180} INFO - Setting next_dagrun for example_skip_dag to 2025-04-14 00:00:00+00:00, run_after=2025-04-15 00:00:00+00:00
[2025-04-16T00:30:33.743+0700] {processor.py:208} INFO - Processing /home/anhtupham99/NBA-analytics/py_env/lib/python3.11/site-packages/airflow/example_dags/example_skip_dag.py took 0.069 seconds
[2025-04-16T00:31:20.904+0700] {processor.py:186} INFO - Started process (PID=372051) to work on /home/anhtupham99/NBA-analytics/py_env/lib/python3.11/site-packages/airflow/example_dags/example_skip_dag.py
[2025-04-16T00:31:20.905+0700] {processor.py:914} INFO - Processing file /home/anhtupham99/NBA-analytics/py_env/lib/python3.11/site-packages/airflow/example_dags/example_skip_dag.py for tasks to queue
[2025-04-16T00:31:20.907+0700] {logging_mixin.py:190} INFO - [2025-04-16T00:31:20.907+0700] {dagbag.py:588} INFO - Filling up the DagBag from /home/anhtupham99/NBA-analytics/py_env/lib/python3.11/site-packages/airflow/example_dags/example_skip_dag.py
[2025-04-16T00:31:20.914+0700] {processor.py:925} INFO - DAG(s) 'example_skip_dag' retrieved from /home/anhtupham99/NBA-analytics/py_env/lib/python3.11/site-packages/airflow/example_dags/example_skip_dag.py
[2025-04-16T00:31:20.927+0700] {logging_mixin.py:190} INFO - [2025-04-16T00:31:20.927+0700] {dag.py:3239} INFO - Sync 1 DAGs
[2025-04-16T00:31:20.940+0700] {logging_mixin.py:190} INFO - [2025-04-16T00:31:20.940+0700] {dag.py:4180} INFO - Setting next_dagrun for example_skip_dag to 2025-04-14 00:00:00+00:00, run_after=2025-04-15 00:00:00+00:00
[2025-04-16T00:31:20.966+0700] {processor.py:208} INFO - Processing /home/anhtupham99/NBA-analytics/py_env/lib/python3.11/site-packages/airflow/example_dags/example_skip_dag.py took 0.067 seconds
[2025-04-16T00:32:05.125+0700] {processor.py:186} INFO - Started process (PID=373124) to work on /home/anhtupham99/NBA-analytics/py_env/lib/python3.11/site-packages/airflow/example_dags/example_skip_dag.py
[2025-04-16T00:32:05.126+0700] {processor.py:914} INFO - Processing file /home/anhtupham99/NBA-analytics/py_env/lib/python3.11/site-packages/airflow/example_dags/example_skip_dag.py for tasks to queue
[2025-04-16T00:32:05.128+0700] {logging_mixin.py:190} INFO - [2025-04-16T00:32:05.128+0700] {dagbag.py:588} INFO - Filling up the DagBag from /home/anhtupham99/NBA-analytics/py_env/lib/python3.11/site-packages/airflow/example_dags/example_skip_dag.py
[2025-04-16T00:32:05.135+0700] {processor.py:925} INFO - DAG(s) 'example_skip_dag' retrieved from /home/anhtupham99/NBA-analytics/py_env/lib/python3.11/site-packages/airflow/example_dags/example_skip_dag.py
[2025-04-16T00:32:05.151+0700] {logging_mixin.py:190} INFO - [2025-04-16T00:32:05.150+0700] {dag.py:3239} INFO - Sync 1 DAGs
[2025-04-16T00:32:05.175+0700] {logging_mixin.py:190} INFO - [2025-04-16T00:32:05.175+0700] {dag.py:4180} INFO - Setting next_dagrun for example_skip_dag to 2025-04-14 00:00:00+00:00, run_after=2025-04-15 00:00:00+00:00
[2025-04-16T00:32:05.200+0700] {processor.py:208} INFO - Processing /home/anhtupham99/NBA-analytics/py_env/lib/python3.11/site-packages/airflow/example_dags/example_skip_dag.py took 0.079 seconds
[2025-04-16T00:32:50.734+0700] {processor.py:186} INFO - Started process (PID=374314) to work on /home/anhtupham99/NBA-analytics/py_env/lib/python3.11/site-packages/airflow/example_dags/example_skip_dag.py
[2025-04-16T00:32:50.738+0700] {processor.py:914} INFO - Processing file /home/anhtupham99/NBA-analytics/py_env/lib/python3.11/site-packages/airflow/example_dags/example_skip_dag.py for tasks to queue
[2025-04-16T00:32:50.739+0700] {logging_mixin.py:190} INFO - [2025-04-16T00:32:50.739+0700] {dagbag.py:588} INFO - Filling up the DagBag from /home/anhtupham99/NBA-analytics/py_env/lib/python3.11/site-packages/airflow/example_dags/example_skip_dag.py
[2025-04-16T00:32:50.745+0700] {processor.py:925} INFO - DAG(s) 'example_skip_dag' retrieved from /home/anhtupham99/NBA-analytics/py_env/lib/python3.11/site-packages/airflow/example_dags/example_skip_dag.py
[2025-04-16T00:32:50.757+0700] {logging_mixin.py:190} INFO - [2025-04-16T00:32:50.756+0700] {dag.py:3239} INFO - Sync 1 DAGs
[2025-04-16T00:32:50.772+0700] {logging_mixin.py:190} INFO - [2025-04-16T00:32:50.772+0700] {dag.py:4180} INFO - Setting next_dagrun for example_skip_dag to 2025-04-14 00:00:00+00:00, run_after=2025-04-15 00:00:00+00:00
[2025-04-16T00:32:50.802+0700] {processor.py:208} INFO - Processing /home/anhtupham99/NBA-analytics/py_env/lib/python3.11/site-packages/airflow/example_dags/example_skip_dag.py took 0.072 seconds
[2025-04-16T00:33:37.827+0700] {processor.py:186} INFO - Started process (PID=375370) to work on /home/anhtupham99/NBA-analytics/py_env/lib/python3.11/site-packages/airflow/example_dags/example_skip_dag.py
[2025-04-16T00:33:37.829+0700] {processor.py:914} INFO - Processing file /home/anhtupham99/NBA-analytics/py_env/lib/python3.11/site-packages/airflow/example_dags/example_skip_dag.py for tasks to queue
[2025-04-16T00:33:37.831+0700] {logging_mixin.py:190} INFO - [2025-04-16T00:33:37.831+0700] {dagbag.py:588} INFO - Filling up the DagBag from /home/anhtupham99/NBA-analytics/py_env/lib/python3.11/site-packages/airflow/example_dags/example_skip_dag.py
[2025-04-16T00:33:37.839+0700] {processor.py:925} INFO - DAG(s) 'example_skip_dag' retrieved from /home/anhtupham99/NBA-analytics/py_env/lib/python3.11/site-packages/airflow/example_dags/example_skip_dag.py
[2025-04-16T00:33:37.856+0700] {logging_mixin.py:190} INFO - [2025-04-16T00:33:37.855+0700] {dag.py:3239} INFO - Sync 1 DAGs
[2025-04-16T00:33:37.873+0700] {logging_mixin.py:190} INFO - [2025-04-16T00:33:37.873+0700] {dag.py:4180} INFO - Setting next_dagrun for example_skip_dag to 2025-04-14 00:00:00+00:00, run_after=2025-04-15 00:00:00+00:00
[2025-04-16T00:33:37.901+0700] {processor.py:208} INFO - Processing /home/anhtupham99/NBA-analytics/py_env/lib/python3.11/site-packages/airflow/example_dags/example_skip_dag.py took 0.081 seconds
[2025-04-16T00:34:26.467+0700] {processor.py:186} INFO - Started process (PID=376492) to work on /home/anhtupham99/NBA-analytics/py_env/lib/python3.11/site-packages/airflow/example_dags/example_skip_dag.py
[2025-04-16T00:34:26.472+0700] {processor.py:914} INFO - Processing file /home/anhtupham99/NBA-analytics/py_env/lib/python3.11/site-packages/airflow/example_dags/example_skip_dag.py for tasks to queue
[2025-04-16T00:34:26.473+0700] {logging_mixin.py:190} INFO - [2025-04-16T00:34:26.473+0700] {dagbag.py:588} INFO - Filling up the DagBag from /home/anhtupham99/NBA-analytics/py_env/lib/python3.11/site-packages/airflow/example_dags/example_skip_dag.py
[2025-04-16T00:34:26.481+0700] {processor.py:925} INFO - DAG(s) 'example_skip_dag' retrieved from /home/anhtupham99/NBA-analytics/py_env/lib/python3.11/site-packages/airflow/example_dags/example_skip_dag.py
[2025-04-16T00:34:26.494+0700] {logging_mixin.py:190} INFO - [2025-04-16T00:34:26.494+0700] {dag.py:3239} INFO - Sync 1 DAGs
[2025-04-16T00:34:26.510+0700] {logging_mixin.py:190} INFO - [2025-04-16T00:34:26.509+0700] {dag.py:4180} INFO - Setting next_dagrun for example_skip_dag to 2025-04-14 00:00:00+00:00, run_after=2025-04-15 00:00:00+00:00
[2025-04-16T00:34:26.533+0700] {processor.py:208} INFO - Processing /home/anhtupham99/NBA-analytics/py_env/lib/python3.11/site-packages/airflow/example_dags/example_skip_dag.py took 0.071 seconds
[2025-04-16T00:35:14.238+0700] {processor.py:186} INFO - Started process (PID=377680) to work on /home/anhtupham99/NBA-analytics/py_env/lib/python3.11/site-packages/airflow/example_dags/example_skip_dag.py
[2025-04-16T00:35:14.242+0700] {processor.py:914} INFO - Processing file /home/anhtupham99/NBA-analytics/py_env/lib/python3.11/site-packages/airflow/example_dags/example_skip_dag.py for tasks to queue
[2025-04-16T00:35:14.243+0700] {logging_mixin.py:190} INFO - [2025-04-16T00:35:14.243+0700] {dagbag.py:588} INFO - Filling up the DagBag from /home/anhtupham99/NBA-analytics/py_env/lib/python3.11/site-packages/airflow/example_dags/example_skip_dag.py
[2025-04-16T00:35:14.250+0700] {processor.py:925} INFO - DAG(s) 'example_skip_dag' retrieved from /home/anhtupham99/NBA-analytics/py_env/lib/python3.11/site-packages/airflow/example_dags/example_skip_dag.py
[2025-04-16T00:35:14.262+0700] {logging_mixin.py:190} INFO - [2025-04-16T00:35:14.262+0700] {dag.py:3239} INFO - Sync 1 DAGs
[2025-04-16T00:35:14.275+0700] {logging_mixin.py:190} INFO - [2025-04-16T00:35:14.275+0700] {dag.py:4180} INFO - Setting next_dagrun for example_skip_dag to 2025-04-14 00:00:00+00:00, run_after=2025-04-15 00:00:00+00:00
[2025-04-16T00:35:14.299+0700] {processor.py:208} INFO - Processing /home/anhtupham99/NBA-analytics/py_env/lib/python3.11/site-packages/airflow/example_dags/example_skip_dag.py took 0.066 seconds
[2025-04-16T00:36:00.192+0700] {processor.py:186} INFO - Started process (PID=378842) to work on /home/anhtupham99/NBA-analytics/py_env/lib/python3.11/site-packages/airflow/example_dags/example_skip_dag.py
[2025-04-16T00:36:00.194+0700] {processor.py:914} INFO - Processing file /home/anhtupham99/NBA-analytics/py_env/lib/python3.11/site-packages/airflow/example_dags/example_skip_dag.py for tasks to queue
[2025-04-16T00:36:00.195+0700] {logging_mixin.py:190} INFO - [2025-04-16T00:36:00.195+0700] {dagbag.py:588} INFO - Filling up the DagBag from /home/anhtupham99/NBA-analytics/py_env/lib/python3.11/site-packages/airflow/example_dags/example_skip_dag.py
[2025-04-16T00:36:00.201+0700] {processor.py:925} INFO - DAG(s) 'example_skip_dag' retrieved from /home/anhtupham99/NBA-analytics/py_env/lib/python3.11/site-packages/airflow/example_dags/example_skip_dag.py
[2025-04-16T00:36:00.213+0700] {logging_mixin.py:190} INFO - [2025-04-16T00:36:00.213+0700] {dag.py:3239} INFO - Sync 1 DAGs
[2025-04-16T00:36:00.225+0700] {logging_mixin.py:190} INFO - [2025-04-16T00:36:00.225+0700] {dag.py:4180} INFO - Setting next_dagrun for example_skip_dag to 2025-04-14 00:00:00+00:00, run_after=2025-04-15 00:00:00+00:00
[2025-04-16T00:36:00.249+0700] {processor.py:208} INFO - Processing /home/anhtupham99/NBA-analytics/py_env/lib/python3.11/site-packages/airflow/example_dags/example_skip_dag.py took 0.062 seconds
[2025-04-16T00:36:50.648+0700] {processor.py:186} INFO - Started process (PID=380150) to work on /home/anhtupham99/NBA-analytics/py_env/lib/python3.11/site-packages/airflow/example_dags/example_skip_dag.py
[2025-04-16T00:36:50.649+0700] {processor.py:914} INFO - Processing file /home/anhtupham99/NBA-analytics/py_env/lib/python3.11/site-packages/airflow/example_dags/example_skip_dag.py for tasks to queue
[2025-04-16T00:36:50.651+0700] {logging_mixin.py:190} INFO - [2025-04-16T00:36:50.651+0700] {dagbag.py:588} INFO - Filling up the DagBag from /home/anhtupham99/NBA-analytics/py_env/lib/python3.11/site-packages/airflow/example_dags/example_skip_dag.py
[2025-04-16T00:36:50.658+0700] {processor.py:925} INFO - DAG(s) 'example_skip_dag' retrieved from /home/anhtupham99/NBA-analytics/py_env/lib/python3.11/site-packages/airflow/example_dags/example_skip_dag.py
[2025-04-16T00:36:50.670+0700] {logging_mixin.py:190} INFO - [2025-04-16T00:36:50.669+0700] {dag.py:3239} INFO - Sync 1 DAGs
[2025-04-16T00:36:50.683+0700] {logging_mixin.py:190} INFO - [2025-04-16T00:36:50.683+0700] {dag.py:4180} INFO - Setting next_dagrun for example_skip_dag to 2025-04-14 00:00:00+00:00, run_after=2025-04-15 00:00:00+00:00
[2025-04-16T00:36:50.706+0700] {processor.py:208} INFO - Processing /home/anhtupham99/NBA-analytics/py_env/lib/python3.11/site-packages/airflow/example_dags/example_skip_dag.py took 0.063 seconds
[2025-04-16T00:37:34.470+0700] {processor.py:186} INFO - Started process (PID=381458) to work on /home/anhtupham99/NBA-analytics/py_env/lib/python3.11/site-packages/airflow/example_dags/example_skip_dag.py
[2025-04-16T00:37:34.472+0700] {processor.py:914} INFO - Processing file /home/anhtupham99/NBA-analytics/py_env/lib/python3.11/site-packages/airflow/example_dags/example_skip_dag.py for tasks to queue
[2025-04-16T00:37:34.474+0700] {logging_mixin.py:190} INFO - [2025-04-16T00:37:34.473+0700] {dagbag.py:588} INFO - Filling up the DagBag from /home/anhtupham99/NBA-analytics/py_env/lib/python3.11/site-packages/airflow/example_dags/example_skip_dag.py
[2025-04-16T00:37:34.482+0700] {processor.py:925} INFO - DAG(s) 'example_skip_dag' retrieved from /home/anhtupham99/NBA-analytics/py_env/lib/python3.11/site-packages/airflow/example_dags/example_skip_dag.py
[2025-04-16T00:37:34.498+0700] {logging_mixin.py:190} INFO - [2025-04-16T00:37:34.497+0700] {dag.py:3239} INFO - Sync 1 DAGs
[2025-04-16T00:37:34.529+0700] {logging_mixin.py:190} INFO - [2025-04-16T00:37:34.529+0700] {dag.py:4180} INFO - Setting next_dagrun for example_skip_dag to 2025-04-14 00:00:00+00:00, run_after=2025-04-15 00:00:00+00:00
[2025-04-16T00:37:34.567+0700] {processor.py:208} INFO - Processing /home/anhtupham99/NBA-analytics/py_env/lib/python3.11/site-packages/airflow/example_dags/example_skip_dag.py took 0.103 seconds
