[2025-04-15T23:47:10.997+0700] {processor.py:186} INFO - Started process (PID=298312) to work on /home/anhtupham99/NBA-analytics/py_env/lib/python3.11/site-packages/airflow/example_dags/example_trigger_target_dag.py
[2025-04-15T23:47:10.997+0700] {processor.py:914} INFO - Processing file /home/anhtupham99/NBA-analytics/py_env/lib/python3.11/site-packages/airflow/example_dags/example_trigger_target_dag.py for tasks to queue
[2025-04-15T23:47:10.999+0700] {logging_mixin.py:190} INFO - [2025-04-15T23:47:10.999+0700] {dagbag.py:588} INFO - Filling up the DagBag from /home/anhtupham99/NBA-analytics/py_env/lib/python3.11/site-packages/airflow/example_dags/example_trigger_target_dag.py
[2025-04-15T23:47:11.007+0700] {processor.py:925} INFO - DAG(s) 'example_trigger_target_dag' retrieved from /home/anhtupham99/NBA-analytics/py_env/lib/python3.11/site-packages/airflow/example_dags/example_trigger_target_dag.py
[2025-04-15T23:47:11.090+0700] {logging_mixin.py:190} INFO - [2025-04-15T23:47:11.090+0700] {override.py:1912} INFO - Created Permission View: can delete on DAG:example_trigger_target_dag
[2025-04-15T23:47:11.113+0700] {logging_mixin.py:190} INFO - [2025-04-15T23:47:11.113+0700] {override.py:1912} INFO - Created Permission View: can edit on DAG:example_trigger_target_dag
[2025-04-15T23:47:11.127+0700] {logging_mixin.py:190} INFO - [2025-04-15T23:47:11.126+0700] {override.py:1912} INFO - Created Permission View: can read on DAG:example_trigger_target_dag
[2025-04-15T23:47:11.151+0700] {logging_mixin.py:190} INFO - [2025-04-15T23:47:11.151+0700] {override.py:1912} INFO - Created Permission View: can create on DAG Run:example_trigger_target_dag
[2025-04-15T23:47:11.167+0700] {logging_mixin.py:190} INFO - [2025-04-15T23:47:11.167+0700] {override.py:1912} INFO - Created Permission View: can delete on DAG Run:example_trigger_target_dag
[2025-04-15T23:47:11.183+0700] {logging_mixin.py:190} INFO - [2025-04-15T23:47:11.182+0700] {override.py:1912} INFO - Created Permission View: menu access on DAG Run:example_trigger_target_dag
[2025-04-15T23:47:11.196+0700] {logging_mixin.py:190} INFO - [2025-04-15T23:47:11.195+0700] {override.py:1912} INFO - Created Permission View: can read on DAG Run:example_trigger_target_dag
[2025-04-15T23:47:11.196+0700] {logging_mixin.py:190} INFO - [2025-04-15T23:47:11.196+0700] {dag.py:3239} INFO - Sync 1 DAGs
[2025-04-15T23:47:11.204+0700] {logging_mixin.py:190} INFO - [2025-04-15T23:47:11.204+0700] {dag.py:3262} INFO - Creating ORM DAG for example_trigger_target_dag
[2025-04-15T23:47:11.204+0700] {logging_mixin.py:190} INFO - [2025-04-15T23:47:11.204+0700] {dag.py:4180} INFO - Setting next_dagrun for example_trigger_target_dag to None, run_after=None
[2025-04-15T23:47:11.227+0700] {processor.py:208} INFO - Processing /home/anhtupham99/NBA-analytics/py_env/lib/python3.11/site-packages/airflow/example_dags/example_trigger_target_dag.py took 0.235 seconds
[2025-04-15T23:48:11.046+0700] {processor.py:186} INFO - Started process (PID=299650) to work on /home/anhtupham99/NBA-analytics/py_env/lib/python3.11/site-packages/airflow/example_dags/example_trigger_target_dag.py
[2025-04-15T23:48:11.047+0700] {processor.py:914} INFO - Processing file /home/anhtupham99/NBA-analytics/py_env/lib/python3.11/site-packages/airflow/example_dags/example_trigger_target_dag.py for tasks to queue
[2025-04-15T23:48:11.048+0700] {logging_mixin.py:190} INFO - [2025-04-15T23:48:11.048+0700] {dagbag.py:588} INFO - Filling up the DagBag from /home/anhtupham99/NBA-analytics/py_env/lib/python3.11/site-packages/airflow/example_dags/example_trigger_target_dag.py
[2025-04-15T23:48:11.055+0700] {processor.py:925} INFO - DAG(s) 'example_trigger_target_dag' retrieved from /home/anhtupham99/NBA-analytics/py_env/lib/python3.11/site-packages/airflow/example_dags/example_trigger_target_dag.py
[2025-04-15T23:48:11.066+0700] {logging_mixin.py:190} INFO - [2025-04-15T23:48:11.066+0700] {dag.py:3239} INFO - Sync 1 DAGs
[2025-04-15T23:48:11.075+0700] {logging_mixin.py:190} INFO - [2025-04-15T23:48:11.075+0700] {dag.py:4180} INFO - Setting next_dagrun for example_trigger_target_dag to None, run_after=None
[2025-04-15T23:48:11.096+0700] {processor.py:208} INFO - Processing /home/anhtupham99/NBA-analytics/py_env/lib/python3.11/site-packages/airflow/example_dags/example_trigger_target_dag.py took 0.055 seconds
[2025-04-15T23:49:04.987+0700] {processor.py:186} INFO - Started process (PID=300883) to work on /home/anhtupham99/NBA-analytics/py_env/lib/python3.11/site-packages/airflow/example_dags/example_trigger_target_dag.py
[2025-04-15T23:49:04.989+0700] {processor.py:914} INFO - Processing file /home/anhtupham99/NBA-analytics/py_env/lib/python3.11/site-packages/airflow/example_dags/example_trigger_target_dag.py for tasks to queue
[2025-04-15T23:49:04.992+0700] {logging_mixin.py:190} INFO - [2025-04-15T23:49:04.991+0700] {dagbag.py:588} INFO - Filling up the DagBag from /home/anhtupham99/NBA-analytics/py_env/lib/python3.11/site-packages/airflow/example_dags/example_trigger_target_dag.py
[2025-04-15T23:49:05.002+0700] {processor.py:925} INFO - DAG(s) 'example_trigger_target_dag' retrieved from /home/anhtupham99/NBA-analytics/py_env/lib/python3.11/site-packages/airflow/example_dags/example_trigger_target_dag.py
[2025-04-15T23:49:05.019+0700] {logging_mixin.py:190} INFO - [2025-04-15T23:49:05.018+0700] {dag.py:3239} INFO - Sync 1 DAGs
[2025-04-15T23:49:05.031+0700] {logging_mixin.py:190} INFO - [2025-04-15T23:49:05.031+0700] {dag.py:4180} INFO - Setting next_dagrun for example_trigger_target_dag to None, run_after=None
[2025-04-15T23:49:05.065+0700] {processor.py:208} INFO - Processing /home/anhtupham99/NBA-analytics/py_env/lib/python3.11/site-packages/airflow/example_dags/example_trigger_target_dag.py took 0.086 seconds
[2025-04-15T23:49:58.858+0700] {processor.py:186} INFO - Started process (PID=302049) to work on /home/anhtupham99/NBA-analytics/py_env/lib/python3.11/site-packages/airflow/example_dags/example_trigger_target_dag.py
[2025-04-15T23:49:58.860+0700] {processor.py:914} INFO - Processing file /home/anhtupham99/NBA-analytics/py_env/lib/python3.11/site-packages/airflow/example_dags/example_trigger_target_dag.py for tasks to queue
[2025-04-15T23:49:58.861+0700] {logging_mixin.py:190} INFO - [2025-04-15T23:49:58.861+0700] {dagbag.py:588} INFO - Filling up the DagBag from /home/anhtupham99/NBA-analytics/py_env/lib/python3.11/site-packages/airflow/example_dags/example_trigger_target_dag.py
[2025-04-15T23:49:58.867+0700] {processor.py:925} INFO - DAG(s) 'example_trigger_target_dag' retrieved from /home/anhtupham99/NBA-analytics/py_env/lib/python3.11/site-packages/airflow/example_dags/example_trigger_target_dag.py
[2025-04-15T23:49:58.878+0700] {logging_mixin.py:190} INFO - [2025-04-15T23:49:58.877+0700] {dag.py:3239} INFO - Sync 1 DAGs
[2025-04-15T23:49:58.885+0700] {logging_mixin.py:190} INFO - [2025-04-15T23:49:58.885+0700] {dag.py:4180} INFO - Setting next_dagrun for example_trigger_target_dag to None, run_after=None
[2025-04-15T23:49:58.910+0700] {processor.py:208} INFO - Processing /home/anhtupham99/NBA-analytics/py_env/lib/python3.11/site-packages/airflow/example_dags/example_trigger_target_dag.py took 0.056 seconds
[2025-04-15T23:50:50.834+0700] {processor.py:186} INFO - Started process (PID=303159) to work on /home/anhtupham99/NBA-analytics/py_env/lib/python3.11/site-packages/airflow/example_dags/example_trigger_target_dag.py
[2025-04-15T23:50:50.836+0700] {processor.py:914} INFO - Processing file /home/anhtupham99/NBA-analytics/py_env/lib/python3.11/site-packages/airflow/example_dags/example_trigger_target_dag.py for tasks to queue
[2025-04-15T23:50:50.837+0700] {logging_mixin.py:190} INFO - [2025-04-15T23:50:50.837+0700] {dagbag.py:588} INFO - Filling up the DagBag from /home/anhtupham99/NBA-analytics/py_env/lib/python3.11/site-packages/airflow/example_dags/example_trigger_target_dag.py
[2025-04-15T23:50:50.845+0700] {processor.py:925} INFO - DAG(s) 'example_trigger_target_dag' retrieved from /home/anhtupham99/NBA-analytics/py_env/lib/python3.11/site-packages/airflow/example_dags/example_trigger_target_dag.py
[2025-04-15T23:50:50.940+0700] {logging_mixin.py:190} INFO - [2025-04-15T23:50:50.939+0700] {dag.py:3239} INFO - Sync 1 DAGs
[2025-04-15T23:50:50.946+0700] {logging_mixin.py:190} INFO - [2025-04-15T23:50:50.946+0700] {dag.py:4180} INFO - Setting next_dagrun for example_trigger_target_dag to None, run_after=None
[2025-04-15T23:50:50.968+0700] {processor.py:208} INFO - Processing /home/anhtupham99/NBA-analytics/py_env/lib/python3.11/site-packages/airflow/example_dags/example_trigger_target_dag.py took 0.139 seconds
[2025-04-15T23:51:42.382+0700] {processor.py:186} INFO - Started process (PID=304084) to work on /home/anhtupham99/NBA-analytics/py_env/lib/python3.11/site-packages/airflow/example_dags/example_trigger_target_dag.py
[2025-04-15T23:51:42.383+0700] {processor.py:914} INFO - Processing file /home/anhtupham99/NBA-analytics/py_env/lib/python3.11/site-packages/airflow/example_dags/example_trigger_target_dag.py for tasks to queue
[2025-04-15T23:51:42.384+0700] {logging_mixin.py:190} INFO - [2025-04-15T23:51:42.384+0700] {dagbag.py:588} INFO - Filling up the DagBag from /home/anhtupham99/NBA-analytics/py_env/lib/python3.11/site-packages/airflow/example_dags/example_trigger_target_dag.py
[2025-04-15T23:51:42.390+0700] {processor.py:925} INFO - DAG(s) 'example_trigger_target_dag' retrieved from /home/anhtupham99/NBA-analytics/py_env/lib/python3.11/site-packages/airflow/example_dags/example_trigger_target_dag.py
[2025-04-15T23:51:42.400+0700] {logging_mixin.py:190} INFO - [2025-04-15T23:51:42.400+0700] {dag.py:3239} INFO - Sync 1 DAGs
[2025-04-15T23:51:42.408+0700] {logging_mixin.py:190} INFO - [2025-04-15T23:51:42.407+0700] {dag.py:4180} INFO - Setting next_dagrun for example_trigger_target_dag to None, run_after=None
[2025-04-15T23:51:42.430+0700] {processor.py:208} INFO - Processing /home/anhtupham99/NBA-analytics/py_env/lib/python3.11/site-packages/airflow/example_dags/example_trigger_target_dag.py took 0.053 seconds
[2025-04-15T23:52:27.369+0700] {processor.py:186} INFO - Started process (PID=304935) to work on /home/anhtupham99/NBA-analytics/py_env/lib/python3.11/site-packages/airflow/example_dags/example_trigger_target_dag.py
[2025-04-15T23:52:27.371+0700] {processor.py:914} INFO - Processing file /home/anhtupham99/NBA-analytics/py_env/lib/python3.11/site-packages/airflow/example_dags/example_trigger_target_dag.py for tasks to queue
[2025-04-15T23:52:27.372+0700] {logging_mixin.py:190} INFO - [2025-04-15T23:52:27.372+0700] {dagbag.py:588} INFO - Filling up the DagBag from /home/anhtupham99/NBA-analytics/py_env/lib/python3.11/site-packages/airflow/example_dags/example_trigger_target_dag.py
[2025-04-15T23:52:27.380+0700] {processor.py:925} INFO - DAG(s) 'example_trigger_target_dag' retrieved from /home/anhtupham99/NBA-analytics/py_env/lib/python3.11/site-packages/airflow/example_dags/example_trigger_target_dag.py
[2025-04-15T23:52:27.394+0700] {logging_mixin.py:190} INFO - [2025-04-15T23:52:27.393+0700] {dag.py:3239} INFO - Sync 1 DAGs
[2025-04-15T23:52:27.403+0700] {logging_mixin.py:190} INFO - [2025-04-15T23:52:27.403+0700] {dag.py:4180} INFO - Setting next_dagrun for example_trigger_target_dag to None, run_after=None
[2025-04-15T23:52:27.431+0700] {processor.py:208} INFO - Processing /home/anhtupham99/NBA-analytics/py_env/lib/python3.11/site-packages/airflow/example_dags/example_trigger_target_dag.py took 0.067 seconds
[2025-04-15T23:53:17.242+0700] {processor.py:186} INFO - Started process (PID=305957) to work on /home/anhtupham99/NBA-analytics/py_env/lib/python3.11/site-packages/airflow/example_dags/example_trigger_target_dag.py
[2025-04-15T23:53:17.246+0700] {processor.py:914} INFO - Processing file /home/anhtupham99/NBA-analytics/py_env/lib/python3.11/site-packages/airflow/example_dags/example_trigger_target_dag.py for tasks to queue
[2025-04-15T23:53:17.248+0700] {logging_mixin.py:190} INFO - [2025-04-15T23:53:17.247+0700] {dagbag.py:588} INFO - Filling up the DagBag from /home/anhtupham99/NBA-analytics/py_env/lib/python3.11/site-packages/airflow/example_dags/example_trigger_target_dag.py
[2025-04-15T23:53:17.254+0700] {processor.py:925} INFO - DAG(s) 'example_trigger_target_dag' retrieved from /home/anhtupham99/NBA-analytics/py_env/lib/python3.11/site-packages/airflow/example_dags/example_trigger_target_dag.py
[2025-04-15T23:53:17.263+0700] {logging_mixin.py:190} INFO - [2025-04-15T23:53:17.263+0700] {dag.py:3239} INFO - Sync 1 DAGs
[2025-04-15T23:53:17.271+0700] {logging_mixin.py:190} INFO - [2025-04-15T23:53:17.271+0700] {dag.py:4180} INFO - Setting next_dagrun for example_trigger_target_dag to None, run_after=None
[2025-04-15T23:53:17.294+0700] {processor.py:208} INFO - Processing /home/anhtupham99/NBA-analytics/py_env/lib/python3.11/site-packages/airflow/example_dags/example_trigger_target_dag.py took 0.056 seconds
[2025-04-15T23:54:04.967+0700] {processor.py:186} INFO - Started process (PID=306853) to work on /home/anhtupham99/NBA-analytics/py_env/lib/python3.11/site-packages/airflow/example_dags/example_trigger_target_dag.py
[2025-04-15T23:54:04.968+0700] {processor.py:914} INFO - Processing file /home/anhtupham99/NBA-analytics/py_env/lib/python3.11/site-packages/airflow/example_dags/example_trigger_target_dag.py for tasks to queue
[2025-04-15T23:54:04.970+0700] {logging_mixin.py:190} INFO - [2025-04-15T23:54:04.969+0700] {dagbag.py:588} INFO - Filling up the DagBag from /home/anhtupham99/NBA-analytics/py_env/lib/python3.11/site-packages/airflow/example_dags/example_trigger_target_dag.py
[2025-04-15T23:54:04.977+0700] {processor.py:925} INFO - DAG(s) 'example_trigger_target_dag' retrieved from /home/anhtupham99/NBA-analytics/py_env/lib/python3.11/site-packages/airflow/example_dags/example_trigger_target_dag.py
[2025-04-15T23:54:04.991+0700] {logging_mixin.py:190} INFO - [2025-04-15T23:54:04.990+0700] {dag.py:3239} INFO - Sync 1 DAGs
[2025-04-15T23:54:05.000+0700] {logging_mixin.py:190} INFO - [2025-04-15T23:54:05.000+0700] {dag.py:4180} INFO - Setting next_dagrun for example_trigger_target_dag to None, run_after=None
[2025-04-15T23:54:05.025+0700] {processor.py:208} INFO - Processing /home/anhtupham99/NBA-analytics/py_env/lib/python3.11/site-packages/airflow/example_dags/example_trigger_target_dag.py took 0.064 seconds
[2025-04-15T23:54:50.835+0700] {processor.py:186} INFO - Started process (PID=307740) to work on /home/anhtupham99/NBA-analytics/py_env/lib/python3.11/site-packages/airflow/example_dags/example_trigger_target_dag.py
[2025-04-15T23:54:50.836+0700] {processor.py:914} INFO - Processing file /home/anhtupham99/NBA-analytics/py_env/lib/python3.11/site-packages/airflow/example_dags/example_trigger_target_dag.py for tasks to queue
[2025-04-15T23:54:50.838+0700] {logging_mixin.py:190} INFO - [2025-04-15T23:54:50.838+0700] {dagbag.py:588} INFO - Filling up the DagBag from /home/anhtupham99/NBA-analytics/py_env/lib/python3.11/site-packages/airflow/example_dags/example_trigger_target_dag.py
[2025-04-15T23:54:50.844+0700] {processor.py:925} INFO - DAG(s) 'example_trigger_target_dag' retrieved from /home/anhtupham99/NBA-analytics/py_env/lib/python3.11/site-packages/airflow/example_dags/example_trigger_target_dag.py
[2025-04-15T23:54:50.854+0700] {logging_mixin.py:190} INFO - [2025-04-15T23:54:50.854+0700] {dag.py:3239} INFO - Sync 1 DAGs
[2025-04-15T23:54:50.862+0700] {logging_mixin.py:190} INFO - [2025-04-15T23:54:50.861+0700] {dag.py:4180} INFO - Setting next_dagrun for example_trigger_target_dag to None, run_after=None
[2025-04-15T23:54:50.885+0700] {processor.py:208} INFO - Processing /home/anhtupham99/NBA-analytics/py_env/lib/python3.11/site-packages/airflow/example_dags/example_trigger_target_dag.py took 0.054 seconds
[2025-04-15T23:55:41.478+0700] {processor.py:186} INFO - Started process (PID=310144) to work on /home/anhtupham99/NBA-analytics/py_env/lib/python3.11/site-packages/airflow/example_dags/example_trigger_target_dag.py
[2025-04-15T23:55:41.480+0700] {processor.py:914} INFO - Processing file /home/anhtupham99/NBA-analytics/py_env/lib/python3.11/site-packages/airflow/example_dags/example_trigger_target_dag.py for tasks to queue
[2025-04-15T23:55:41.482+0700] {logging_mixin.py:190} INFO - [2025-04-15T23:55:41.481+0700] {dagbag.py:588} INFO - Filling up the DagBag from /home/anhtupham99/NBA-analytics/py_env/lib/python3.11/site-packages/airflow/example_dags/example_trigger_target_dag.py
[2025-04-15T23:55:41.492+0700] {processor.py:925} INFO - DAG(s) 'example_trigger_target_dag' retrieved from /home/anhtupham99/NBA-analytics/py_env/lib/python3.11/site-packages/airflow/example_dags/example_trigger_target_dag.py
[2025-04-15T23:55:41.506+0700] {logging_mixin.py:190} INFO - [2025-04-15T23:55:41.506+0700] {dag.py:3239} INFO - Sync 1 DAGs
[2025-04-15T23:55:41.516+0700] {logging_mixin.py:190} INFO - [2025-04-15T23:55:41.516+0700] {dag.py:4180} INFO - Setting next_dagrun for example_trigger_target_dag to None, run_after=None
[2025-04-15T23:55:41.555+0700] {processor.py:208} INFO - Processing /home/anhtupham99/NBA-analytics/py_env/lib/python3.11/site-packages/airflow/example_dags/example_trigger_target_dag.py took 0.083 seconds
[2025-04-15T23:56:33.104+0700] {processor.py:186} INFO - Started process (PID=311856) to work on /home/anhtupham99/NBA-analytics/py_env/lib/python3.11/site-packages/airflow/example_dags/example_trigger_target_dag.py
[2025-04-15T23:56:33.105+0700] {processor.py:914} INFO - Processing file /home/anhtupham99/NBA-analytics/py_env/lib/python3.11/site-packages/airflow/example_dags/example_trigger_target_dag.py for tasks to queue
[2025-04-15T23:56:33.107+0700] {logging_mixin.py:190} INFO - [2025-04-15T23:56:33.107+0700] {dagbag.py:588} INFO - Filling up the DagBag from /home/anhtupham99/NBA-analytics/py_env/lib/python3.11/site-packages/airflow/example_dags/example_trigger_target_dag.py
[2025-04-15T23:56:33.113+0700] {processor.py:925} INFO - DAG(s) 'example_trigger_target_dag' retrieved from /home/anhtupham99/NBA-analytics/py_env/lib/python3.11/site-packages/airflow/example_dags/example_trigger_target_dag.py
[2025-04-15T23:56:33.123+0700] {logging_mixin.py:190} INFO - [2025-04-15T23:56:33.123+0700] {dag.py:3239} INFO - Sync 1 DAGs
[2025-04-15T23:56:33.131+0700] {logging_mixin.py:190} INFO - [2025-04-15T23:56:33.131+0700] {dag.py:4180} INFO - Setting next_dagrun for example_trigger_target_dag to None, run_after=None
[2025-04-15T23:56:33.155+0700] {processor.py:208} INFO - Processing /home/anhtupham99/NBA-analytics/py_env/lib/python3.11/site-packages/airflow/example_dags/example_trigger_target_dag.py took 0.055 seconds
[2025-04-15T23:57:18.727+0700] {processor.py:186} INFO - Started process (PID=312645) to work on /home/anhtupham99/NBA-analytics/py_env/lib/python3.11/site-packages/airflow/example_dags/example_trigger_target_dag.py
[2025-04-15T23:57:18.728+0700] {processor.py:914} INFO - Processing file /home/anhtupham99/NBA-analytics/py_env/lib/python3.11/site-packages/airflow/example_dags/example_trigger_target_dag.py for tasks to queue
[2025-04-15T23:57:18.729+0700] {logging_mixin.py:190} INFO - [2025-04-15T23:57:18.729+0700] {dagbag.py:588} INFO - Filling up the DagBag from /home/anhtupham99/NBA-analytics/py_env/lib/python3.11/site-packages/airflow/example_dags/example_trigger_target_dag.py
[2025-04-15T23:57:18.736+0700] {processor.py:925} INFO - DAG(s) 'example_trigger_target_dag' retrieved from /home/anhtupham99/NBA-analytics/py_env/lib/python3.11/site-packages/airflow/example_dags/example_trigger_target_dag.py
[2025-04-15T23:57:18.748+0700] {logging_mixin.py:190} INFO - [2025-04-15T23:57:18.748+0700] {dag.py:3239} INFO - Sync 1 DAGs
[2025-04-15T23:57:18.758+0700] {logging_mixin.py:190} INFO - [2025-04-15T23:57:18.758+0700] {dag.py:4180} INFO - Setting next_dagrun for example_trigger_target_dag to None, run_after=None
[2025-04-15T23:57:18.783+0700] {processor.py:208} INFO - Processing /home/anhtupham99/NBA-analytics/py_env/lib/python3.11/site-packages/airflow/example_dags/example_trigger_target_dag.py took 0.061 seconds
[2025-04-15T23:58:07.594+0700] {processor.py:186} INFO - Started process (PID=313619) to work on /home/anhtupham99/NBA-analytics/py_env/lib/python3.11/site-packages/airflow/example_dags/example_trigger_target_dag.py
[2025-04-15T23:58:07.596+0700] {processor.py:914} INFO - Processing file /home/anhtupham99/NBA-analytics/py_env/lib/python3.11/site-packages/airflow/example_dags/example_trigger_target_dag.py for tasks to queue
[2025-04-15T23:58:07.597+0700] {logging_mixin.py:190} INFO - [2025-04-15T23:58:07.597+0700] {dagbag.py:588} INFO - Filling up the DagBag from /home/anhtupham99/NBA-analytics/py_env/lib/python3.11/site-packages/airflow/example_dags/example_trigger_target_dag.py
[2025-04-15T23:58:07.604+0700] {processor.py:925} INFO - DAG(s) 'example_trigger_target_dag' retrieved from /home/anhtupham99/NBA-analytics/py_env/lib/python3.11/site-packages/airflow/example_dags/example_trigger_target_dag.py
[2025-04-15T23:58:07.615+0700] {logging_mixin.py:190} INFO - [2025-04-15T23:58:07.614+0700] {dag.py:3239} INFO - Sync 1 DAGs
[2025-04-15T23:58:07.622+0700] {logging_mixin.py:190} INFO - [2025-04-15T23:58:07.622+0700] {dag.py:4180} INFO - Setting next_dagrun for example_trigger_target_dag to None, run_after=None
[2025-04-15T23:58:07.646+0700] {processor.py:208} INFO - Processing /home/anhtupham99/NBA-analytics/py_env/lib/python3.11/site-packages/airflow/example_dags/example_trigger_target_dag.py took 0.057 seconds
[2025-04-15T23:58:58.101+0700] {processor.py:186} INFO - Started process (PID=314651) to work on /home/anhtupham99/NBA-analytics/py_env/lib/python3.11/site-packages/airflow/example_dags/example_trigger_target_dag.py
[2025-04-15T23:58:58.102+0700] {processor.py:914} INFO - Processing file /home/anhtupham99/NBA-analytics/py_env/lib/python3.11/site-packages/airflow/example_dags/example_trigger_target_dag.py for tasks to queue
[2025-04-15T23:58:58.104+0700] {logging_mixin.py:190} INFO - [2025-04-15T23:58:58.103+0700] {dagbag.py:588} INFO - Filling up the DagBag from /home/anhtupham99/NBA-analytics/py_env/lib/python3.11/site-packages/airflow/example_dags/example_trigger_target_dag.py
[2025-04-15T23:58:58.109+0700] {processor.py:925} INFO - DAG(s) 'example_trigger_target_dag' retrieved from /home/anhtupham99/NBA-analytics/py_env/lib/python3.11/site-packages/airflow/example_dags/example_trigger_target_dag.py
[2025-04-15T23:58:58.119+0700] {logging_mixin.py:190} INFO - [2025-04-15T23:58:58.119+0700] {dag.py:3239} INFO - Sync 1 DAGs
[2025-04-15T23:58:58.127+0700] {logging_mixin.py:190} INFO - [2025-04-15T23:58:58.127+0700] {dag.py:4180} INFO - Setting next_dagrun for example_trigger_target_dag to None, run_after=None
[2025-04-15T23:58:58.152+0700] {processor.py:208} INFO - Processing /home/anhtupham99/NBA-analytics/py_env/lib/python3.11/site-packages/airflow/example_dags/example_trigger_target_dag.py took 0.055 seconds
[2025-04-15T23:59:45.071+0700] {processor.py:186} INFO - Started process (PID=315576) to work on /home/anhtupham99/NBA-analytics/py_env/lib/python3.11/site-packages/airflow/example_dags/example_trigger_target_dag.py
[2025-04-15T23:59:45.072+0700] {processor.py:914} INFO - Processing file /home/anhtupham99/NBA-analytics/py_env/lib/python3.11/site-packages/airflow/example_dags/example_trigger_target_dag.py for tasks to queue
[2025-04-15T23:59:45.074+0700] {logging_mixin.py:190} INFO - [2025-04-15T23:59:45.074+0700] {dagbag.py:588} INFO - Filling up the DagBag from /home/anhtupham99/NBA-analytics/py_env/lib/python3.11/site-packages/airflow/example_dags/example_trigger_target_dag.py
[2025-04-15T23:59:45.080+0700] {processor.py:925} INFO - DAG(s) 'example_trigger_target_dag' retrieved from /home/anhtupham99/NBA-analytics/py_env/lib/python3.11/site-packages/airflow/example_dags/example_trigger_target_dag.py
[2025-04-15T23:59:45.091+0700] {logging_mixin.py:190} INFO - [2025-04-15T23:59:45.090+0700] {dag.py:3239} INFO - Sync 1 DAGs
[2025-04-15T23:59:45.098+0700] {logging_mixin.py:190} INFO - [2025-04-15T23:59:45.098+0700] {dag.py:4180} INFO - Setting next_dagrun for example_trigger_target_dag to None, run_after=None
[2025-04-15T23:59:45.122+0700] {processor.py:208} INFO - Processing /home/anhtupham99/NBA-analytics/py_env/lib/python3.11/site-packages/airflow/example_dags/example_trigger_target_dag.py took 0.056 seconds
[2025-04-16T00:00:33.903+0700] {processor.py:186} INFO - Started process (PID=316659) to work on /home/anhtupham99/NBA-analytics/py_env/lib/python3.11/site-packages/airflow/example_dags/example_trigger_target_dag.py
[2025-04-16T00:00:33.907+0700] {processor.py:914} INFO - Processing file /home/anhtupham99/NBA-analytics/py_env/lib/python3.11/site-packages/airflow/example_dags/example_trigger_target_dag.py for tasks to queue
[2025-04-16T00:00:33.909+0700] {logging_mixin.py:190} INFO - [2025-04-16T00:00:33.908+0700] {dagbag.py:588} INFO - Filling up the DagBag from /home/anhtupham99/NBA-analytics/py_env/lib/python3.11/site-packages/airflow/example_dags/example_trigger_target_dag.py
[2025-04-16T00:00:33.917+0700] {processor.py:925} INFO - DAG(s) 'example_trigger_target_dag' retrieved from /home/anhtupham99/NBA-analytics/py_env/lib/python3.11/site-packages/airflow/example_dags/example_trigger_target_dag.py
[2025-04-16T00:00:33.931+0700] {logging_mixin.py:190} INFO - [2025-04-16T00:00:33.930+0700] {dag.py:3239} INFO - Sync 1 DAGs
[2025-04-16T00:00:33.941+0700] {logging_mixin.py:190} INFO - [2025-04-16T00:00:33.940+0700] {dag.py:4180} INFO - Setting next_dagrun for example_trigger_target_dag to None, run_after=None
[2025-04-16T00:00:33.966+0700] {processor.py:208} INFO - Processing /home/anhtupham99/NBA-analytics/py_env/lib/python3.11/site-packages/airflow/example_dags/example_trigger_target_dag.py took 0.069 seconds
[2025-04-16T00:01:19.673+0700] {processor.py:186} INFO - Started process (PID=317525) to work on /home/anhtupham99/NBA-analytics/py_env/lib/python3.11/site-packages/airflow/example_dags/example_trigger_target_dag.py
[2025-04-16T00:01:19.674+0700] {processor.py:914} INFO - Processing file /home/anhtupham99/NBA-analytics/py_env/lib/python3.11/site-packages/airflow/example_dags/example_trigger_target_dag.py for tasks to queue
[2025-04-16T00:01:19.676+0700] {logging_mixin.py:190} INFO - [2025-04-16T00:01:19.675+0700] {dagbag.py:588} INFO - Filling up the DagBag from /home/anhtupham99/NBA-analytics/py_env/lib/python3.11/site-packages/airflow/example_dags/example_trigger_target_dag.py
[2025-04-16T00:01:19.683+0700] {processor.py:925} INFO - DAG(s) 'example_trigger_target_dag' retrieved from /home/anhtupham99/NBA-analytics/py_env/lib/python3.11/site-packages/airflow/example_dags/example_trigger_target_dag.py
[2025-04-16T00:01:19.698+0700] {logging_mixin.py:190} INFO - [2025-04-16T00:01:19.697+0700] {dag.py:3239} INFO - Sync 1 DAGs
[2025-04-16T00:01:19.709+0700] {logging_mixin.py:190} INFO - [2025-04-16T00:01:19.709+0700] {dag.py:4180} INFO - Setting next_dagrun for example_trigger_target_dag to None, run_after=None
[2025-04-16T00:01:19.732+0700] {processor.py:208} INFO - Processing /home/anhtupham99/NBA-analytics/py_env/lib/python3.11/site-packages/airflow/example_dags/example_trigger_target_dag.py took 0.065 seconds
[2025-04-16T00:02:08.489+0700] {processor.py:186} INFO - Started process (PID=318437) to work on /home/anhtupham99/NBA-analytics/py_env/lib/python3.11/site-packages/airflow/example_dags/example_trigger_target_dag.py
[2025-04-16T00:02:08.490+0700] {processor.py:914} INFO - Processing file /home/anhtupham99/NBA-analytics/py_env/lib/python3.11/site-packages/airflow/example_dags/example_trigger_target_dag.py for tasks to queue
[2025-04-16T00:02:08.492+0700] {logging_mixin.py:190} INFO - [2025-04-16T00:02:08.492+0700] {dagbag.py:588} INFO - Filling up the DagBag from /home/anhtupham99/NBA-analytics/py_env/lib/python3.11/site-packages/airflow/example_dags/example_trigger_target_dag.py
[2025-04-16T00:02:08.498+0700] {processor.py:925} INFO - DAG(s) 'example_trigger_target_dag' retrieved from /home/anhtupham99/NBA-analytics/py_env/lib/python3.11/site-packages/airflow/example_dags/example_trigger_target_dag.py
[2025-04-16T00:02:08.508+0700] {logging_mixin.py:190} INFO - [2025-04-16T00:02:08.508+0700] {dag.py:3239} INFO - Sync 1 DAGs
[2025-04-16T00:02:08.515+0700] {logging_mixin.py:190} INFO - [2025-04-16T00:02:08.515+0700] {dag.py:4180} INFO - Setting next_dagrun for example_trigger_target_dag to None, run_after=None
[2025-04-16T00:02:08.539+0700] {processor.py:208} INFO - Processing /home/anhtupham99/NBA-analytics/py_env/lib/python3.11/site-packages/airflow/example_dags/example_trigger_target_dag.py took 0.054 seconds
[2025-04-16T00:03:11.706+0700] {processor.py:186} INFO - Started process (PID=319623) to work on /home/anhtupham99/NBA-analytics/py_env/lib/python3.11/site-packages/airflow/example_dags/example_trigger_target_dag.py
[2025-04-16T00:03:11.710+0700] {processor.py:914} INFO - Processing file /home/anhtupham99/NBA-analytics/py_env/lib/python3.11/site-packages/airflow/example_dags/example_trigger_target_dag.py for tasks to queue
[2025-04-16T00:03:11.712+0700] {logging_mixin.py:190} INFO - [2025-04-16T00:03:11.711+0700] {dagbag.py:588} INFO - Filling up the DagBag from /home/anhtupham99/NBA-analytics/py_env/lib/python3.11/site-packages/airflow/example_dags/example_trigger_target_dag.py
[2025-04-16T00:03:11.718+0700] {processor.py:925} INFO - DAG(s) 'example_trigger_target_dag' retrieved from /home/anhtupham99/NBA-analytics/py_env/lib/python3.11/site-packages/airflow/example_dags/example_trigger_target_dag.py
[2025-04-16T00:03:11.729+0700] {logging_mixin.py:190} INFO - [2025-04-16T00:03:11.728+0700] {dag.py:3239} INFO - Sync 1 DAGs
[2025-04-16T00:03:11.737+0700] {logging_mixin.py:190} INFO - [2025-04-16T00:03:11.737+0700] {dag.py:4180} INFO - Setting next_dagrun for example_trigger_target_dag to None, run_after=None
[2025-04-16T00:03:11.767+0700] {processor.py:208} INFO - Processing /home/anhtupham99/NBA-analytics/py_env/lib/python3.11/site-packages/airflow/example_dags/example_trigger_target_dag.py took 0.066 seconds
[2025-04-16T00:03:58.388+0700] {processor.py:186} INFO - Started process (PID=320694) to work on /home/anhtupham99/NBA-analytics/py_env/lib/python3.11/site-packages/airflow/example_dags/example_trigger_target_dag.py
[2025-04-16T00:03:58.390+0700] {processor.py:914} INFO - Processing file /home/anhtupham99/NBA-analytics/py_env/lib/python3.11/site-packages/airflow/example_dags/example_trigger_target_dag.py for tasks to queue
[2025-04-16T00:03:58.393+0700] {logging_mixin.py:190} INFO - [2025-04-16T00:03:58.392+0700] {dagbag.py:588} INFO - Filling up the DagBag from /home/anhtupham99/NBA-analytics/py_env/lib/python3.11/site-packages/airflow/example_dags/example_trigger_target_dag.py
[2025-04-16T00:03:58.406+0700] {processor.py:925} INFO - DAG(s) 'example_trigger_target_dag' retrieved from /home/anhtupham99/NBA-analytics/py_env/lib/python3.11/site-packages/airflow/example_dags/example_trigger_target_dag.py
[2025-04-16T00:03:58.427+0700] {logging_mixin.py:190} INFO - [2025-04-16T00:03:58.427+0700] {dag.py:3239} INFO - Sync 1 DAGs
[2025-04-16T00:03:58.442+0700] {logging_mixin.py:190} INFO - [2025-04-16T00:03:58.442+0700] {dag.py:4180} INFO - Setting next_dagrun for example_trigger_target_dag to None, run_after=None
[2025-04-16T00:03:58.481+0700] {processor.py:208} INFO - Processing /home/anhtupham99/NBA-analytics/py_env/lib/python3.11/site-packages/airflow/example_dags/example_trigger_target_dag.py took 0.099 seconds
[2025-04-16T00:04:45.840+0700] {processor.py:186} INFO - Started process (PID=321647) to work on /home/anhtupham99/NBA-analytics/py_env/lib/python3.11/site-packages/airflow/example_dags/example_trigger_target_dag.py
[2025-04-16T00:04:45.842+0700] {processor.py:914} INFO - Processing file /home/anhtupham99/NBA-analytics/py_env/lib/python3.11/site-packages/airflow/example_dags/example_trigger_target_dag.py for tasks to queue
[2025-04-16T00:04:45.843+0700] {logging_mixin.py:190} INFO - [2025-04-16T00:04:45.843+0700] {dagbag.py:588} INFO - Filling up the DagBag from /home/anhtupham99/NBA-analytics/py_env/lib/python3.11/site-packages/airflow/example_dags/example_trigger_target_dag.py
[2025-04-16T00:04:45.852+0700] {processor.py:925} INFO - DAG(s) 'example_trigger_target_dag' retrieved from /home/anhtupham99/NBA-analytics/py_env/lib/python3.11/site-packages/airflow/example_dags/example_trigger_target_dag.py
[2025-04-16T00:04:45.864+0700] {logging_mixin.py:190} INFO - [2025-04-16T00:04:45.864+0700] {dag.py:3239} INFO - Sync 1 DAGs
[2025-04-16T00:04:45.873+0700] {logging_mixin.py:190} INFO - [2025-04-16T00:04:45.873+0700] {dag.py:4180} INFO - Setting next_dagrun for example_trigger_target_dag to None, run_after=None
[2025-04-16T00:04:45.897+0700] {processor.py:208} INFO - Processing /home/anhtupham99/NBA-analytics/py_env/lib/python3.11/site-packages/airflow/example_dags/example_trigger_target_dag.py took 0.061 seconds
[2025-04-16T00:05:35.572+0700] {processor.py:186} INFO - Started process (PID=322575) to work on /home/anhtupham99/NBA-analytics/py_env/lib/python3.11/site-packages/airflow/example_dags/example_trigger_target_dag.py
[2025-04-16T00:05:35.574+0700] {processor.py:914} INFO - Processing file /home/anhtupham99/NBA-analytics/py_env/lib/python3.11/site-packages/airflow/example_dags/example_trigger_target_dag.py for tasks to queue
[2025-04-16T00:05:35.576+0700] {logging_mixin.py:190} INFO - [2025-04-16T00:05:35.575+0700] {dagbag.py:588} INFO - Filling up the DagBag from /home/anhtupham99/NBA-analytics/py_env/lib/python3.11/site-packages/airflow/example_dags/example_trigger_target_dag.py
[2025-04-16T00:05:35.584+0700] {processor.py:925} INFO - DAG(s) 'example_trigger_target_dag' retrieved from /home/anhtupham99/NBA-analytics/py_env/lib/python3.11/site-packages/airflow/example_dags/example_trigger_target_dag.py
[2025-04-16T00:05:35.598+0700] {logging_mixin.py:190} INFO - [2025-04-16T00:05:35.597+0700] {dag.py:3239} INFO - Sync 1 DAGs
[2025-04-16T00:05:35.609+0700] {logging_mixin.py:190} INFO - [2025-04-16T00:05:35.609+0700] {dag.py:4180} INFO - Setting next_dagrun for example_trigger_target_dag to None, run_after=None
[2025-04-16T00:05:35.637+0700] {processor.py:208} INFO - Processing /home/anhtupham99/NBA-analytics/py_env/lib/python3.11/site-packages/airflow/example_dags/example_trigger_target_dag.py took 0.072 seconds
[2025-04-16T00:06:24.423+0700] {processor.py:186} INFO - Started process (PID=323512) to work on /home/anhtupham99/NBA-analytics/py_env/lib/python3.11/site-packages/airflow/example_dags/example_trigger_target_dag.py
[2025-04-16T00:06:24.427+0700] {processor.py:914} INFO - Processing file /home/anhtupham99/NBA-analytics/py_env/lib/python3.11/site-packages/airflow/example_dags/example_trigger_target_dag.py for tasks to queue
[2025-04-16T00:06:24.430+0700] {logging_mixin.py:190} INFO - [2025-04-16T00:06:24.429+0700] {dagbag.py:588} INFO - Filling up the DagBag from /home/anhtupham99/NBA-analytics/py_env/lib/python3.11/site-packages/airflow/example_dags/example_trigger_target_dag.py
[2025-04-16T00:06:24.443+0700] {processor.py:925} INFO - DAG(s) 'example_trigger_target_dag' retrieved from /home/anhtupham99/NBA-analytics/py_env/lib/python3.11/site-packages/airflow/example_dags/example_trigger_target_dag.py
[2025-04-16T00:06:24.465+0700] {logging_mixin.py:190} INFO - [2025-04-16T00:06:24.464+0700] {dag.py:3239} INFO - Sync 1 DAGs
[2025-04-16T00:06:24.480+0700] {logging_mixin.py:190} INFO - [2025-04-16T00:06:24.480+0700] {dag.py:4180} INFO - Setting next_dagrun for example_trigger_target_dag to None, run_after=None
[2025-04-16T00:06:24.507+0700] {processor.py:208} INFO - Processing /home/anhtupham99/NBA-analytics/py_env/lib/python3.11/site-packages/airflow/example_dags/example_trigger_target_dag.py took 0.091 seconds
[2025-04-16T00:07:13.264+0700] {processor.py:186} INFO - Started process (PID=324599) to work on /home/anhtupham99/NBA-analytics/py_env/lib/python3.11/site-packages/airflow/example_dags/example_trigger_target_dag.py
[2025-04-16T00:07:13.266+0700] {processor.py:914} INFO - Processing file /home/anhtupham99/NBA-analytics/py_env/lib/python3.11/site-packages/airflow/example_dags/example_trigger_target_dag.py for tasks to queue
[2025-04-16T00:07:13.267+0700] {logging_mixin.py:190} INFO - [2025-04-16T00:07:13.267+0700] {dagbag.py:588} INFO - Filling up the DagBag from /home/anhtupham99/NBA-analytics/py_env/lib/python3.11/site-packages/airflow/example_dags/example_trigger_target_dag.py
[2025-04-16T00:07:13.273+0700] {processor.py:925} INFO - DAG(s) 'example_trigger_target_dag' retrieved from /home/anhtupham99/NBA-analytics/py_env/lib/python3.11/site-packages/airflow/example_dags/example_trigger_target_dag.py
[2025-04-16T00:07:13.284+0700] {logging_mixin.py:190} INFO - [2025-04-16T00:07:13.284+0700] {dag.py:3239} INFO - Sync 1 DAGs
[2025-04-16T00:07:13.292+0700] {logging_mixin.py:190} INFO - [2025-04-16T00:07:13.292+0700] {dag.py:4180} INFO - Setting next_dagrun for example_trigger_target_dag to None, run_after=None
[2025-04-16T00:07:13.317+0700] {processor.py:208} INFO - Processing /home/anhtupham99/NBA-analytics/py_env/lib/python3.11/site-packages/airflow/example_dags/example_trigger_target_dag.py took 0.057 seconds
[2025-04-16T00:07:59.245+0700] {processor.py:186} INFO - Started process (PID=325513) to work on /home/anhtupham99/NBA-analytics/py_env/lib/python3.11/site-packages/airflow/example_dags/example_trigger_target_dag.py
[2025-04-16T00:07:59.247+0700] {processor.py:914} INFO - Processing file /home/anhtupham99/NBA-analytics/py_env/lib/python3.11/site-packages/airflow/example_dags/example_trigger_target_dag.py for tasks to queue
[2025-04-16T00:07:59.249+0700] {logging_mixin.py:190} INFO - [2025-04-16T00:07:59.248+0700] {dagbag.py:588} INFO - Filling up the DagBag from /home/anhtupham99/NBA-analytics/py_env/lib/python3.11/site-packages/airflow/example_dags/example_trigger_target_dag.py
[2025-04-16T00:07:59.256+0700] {processor.py:925} INFO - DAG(s) 'example_trigger_target_dag' retrieved from /home/anhtupham99/NBA-analytics/py_env/lib/python3.11/site-packages/airflow/example_dags/example_trigger_target_dag.py
[2025-04-16T00:07:59.268+0700] {logging_mixin.py:190} INFO - [2025-04-16T00:07:59.268+0700] {dag.py:3239} INFO - Sync 1 DAGs
[2025-04-16T00:07:59.279+0700] {logging_mixin.py:190} INFO - [2025-04-16T00:07:59.278+0700] {dag.py:4180} INFO - Setting next_dagrun for example_trigger_target_dag to None, run_after=None
[2025-04-16T00:07:59.305+0700] {processor.py:208} INFO - Processing /home/anhtupham99/NBA-analytics/py_env/lib/python3.11/site-packages/airflow/example_dags/example_trigger_target_dag.py took 0.064 seconds
[2025-04-16T00:08:47.586+0700] {processor.py:186} INFO - Started process (PID=326360) to work on /home/anhtupham99/NBA-analytics/py_env/lib/python3.11/site-packages/airflow/example_dags/example_trigger_target_dag.py
[2025-04-16T00:08:47.587+0700] {processor.py:914} INFO - Processing file /home/anhtupham99/NBA-analytics/py_env/lib/python3.11/site-packages/airflow/example_dags/example_trigger_target_dag.py for tasks to queue
[2025-04-16T00:08:47.590+0700] {logging_mixin.py:190} INFO - [2025-04-16T00:08:47.589+0700] {dagbag.py:588} INFO - Filling up the DagBag from /home/anhtupham99/NBA-analytics/py_env/lib/python3.11/site-packages/airflow/example_dags/example_trigger_target_dag.py
[2025-04-16T00:08:47.605+0700] {processor.py:925} INFO - DAG(s) 'example_trigger_target_dag' retrieved from /home/anhtupham99/NBA-analytics/py_env/lib/python3.11/site-packages/airflow/example_dags/example_trigger_target_dag.py
[2025-04-16T00:08:47.622+0700] {logging_mixin.py:190} INFO - [2025-04-16T00:08:47.622+0700] {dag.py:3239} INFO - Sync 1 DAGs
[2025-04-16T00:08:47.634+0700] {logging_mixin.py:190} INFO - [2025-04-16T00:08:47.634+0700] {dag.py:4180} INFO - Setting next_dagrun for example_trigger_target_dag to None, run_after=None
[2025-04-16T00:08:47.663+0700] {processor.py:208} INFO - Processing /home/anhtupham99/NBA-analytics/py_env/lib/python3.11/site-packages/airflow/example_dags/example_trigger_target_dag.py took 0.088 seconds
[2025-04-16T00:09:34.956+0700] {processor.py:186} INFO - Started process (PID=327332) to work on /home/anhtupham99/NBA-analytics/py_env/lib/python3.11/site-packages/airflow/example_dags/example_trigger_target_dag.py
[2025-04-16T00:09:34.958+0700] {processor.py:914} INFO - Processing file /home/anhtupham99/NBA-analytics/py_env/lib/python3.11/site-packages/airflow/example_dags/example_trigger_target_dag.py for tasks to queue
[2025-04-16T00:09:34.960+0700] {logging_mixin.py:190} INFO - [2025-04-16T00:09:34.959+0700] {dagbag.py:588} INFO - Filling up the DagBag from /home/anhtupham99/NBA-analytics/py_env/lib/python3.11/site-packages/airflow/example_dags/example_trigger_target_dag.py
[2025-04-16T00:09:34.967+0700] {processor.py:925} INFO - DAG(s) 'example_trigger_target_dag' retrieved from /home/anhtupham99/NBA-analytics/py_env/lib/python3.11/site-packages/airflow/example_dags/example_trigger_target_dag.py
[2025-04-16T00:09:34.981+0700] {logging_mixin.py:190} INFO - [2025-04-16T00:09:34.981+0700] {dag.py:3239} INFO - Sync 1 DAGs
[2025-04-16T00:09:34.991+0700] {logging_mixin.py:190} INFO - [2025-04-16T00:09:34.991+0700] {dag.py:4180} INFO - Setting next_dagrun for example_trigger_target_dag to None, run_after=None
[2025-04-16T00:09:35.015+0700] {processor.py:208} INFO - Processing /home/anhtupham99/NBA-analytics/py_env/lib/python3.11/site-packages/airflow/example_dags/example_trigger_target_dag.py took 0.064 seconds
[2025-04-16T00:10:23.802+0700] {processor.py:186} INFO - Started process (PID=328509) to work on /home/anhtupham99/NBA-analytics/py_env/lib/python3.11/site-packages/airflow/example_dags/example_trigger_target_dag.py
[2025-04-16T00:10:23.803+0700] {processor.py:914} INFO - Processing file /home/anhtupham99/NBA-analytics/py_env/lib/python3.11/site-packages/airflow/example_dags/example_trigger_target_dag.py for tasks to queue
[2025-04-16T00:10:23.805+0700] {logging_mixin.py:190} INFO - [2025-04-16T00:10:23.804+0700] {dagbag.py:588} INFO - Filling up the DagBag from /home/anhtupham99/NBA-analytics/py_env/lib/python3.11/site-packages/airflow/example_dags/example_trigger_target_dag.py
[2025-04-16T00:10:23.811+0700] {processor.py:925} INFO - DAG(s) 'example_trigger_target_dag' retrieved from /home/anhtupham99/NBA-analytics/py_env/lib/python3.11/site-packages/airflow/example_dags/example_trigger_target_dag.py
[2025-04-16T00:10:23.823+0700] {logging_mixin.py:190} INFO - [2025-04-16T00:10:23.823+0700] {dag.py:3239} INFO - Sync 1 DAGs
[2025-04-16T00:10:23.832+0700] {logging_mixin.py:190} INFO - [2025-04-16T00:10:23.832+0700] {dag.py:4180} INFO - Setting next_dagrun for example_trigger_target_dag to None, run_after=None
[2025-04-16T00:10:23.853+0700] {processor.py:208} INFO - Processing /home/anhtupham99/NBA-analytics/py_env/lib/python3.11/site-packages/airflow/example_dags/example_trigger_target_dag.py took 0.056 seconds
[2025-04-16T00:11:11.489+0700] {processor.py:186} INFO - Started process (PID=329605) to work on /home/anhtupham99/NBA-analytics/py_env/lib/python3.11/site-packages/airflow/example_dags/example_trigger_target_dag.py
[2025-04-16T00:11:11.490+0700] {processor.py:914} INFO - Processing file /home/anhtupham99/NBA-analytics/py_env/lib/python3.11/site-packages/airflow/example_dags/example_trigger_target_dag.py for tasks to queue
[2025-04-16T00:11:11.492+0700] {logging_mixin.py:190} INFO - [2025-04-16T00:11:11.492+0700] {dagbag.py:588} INFO - Filling up the DagBag from /home/anhtupham99/NBA-analytics/py_env/lib/python3.11/site-packages/airflow/example_dags/example_trigger_target_dag.py
[2025-04-16T00:11:11.500+0700] {processor.py:925} INFO - DAG(s) 'example_trigger_target_dag' retrieved from /home/anhtupham99/NBA-analytics/py_env/lib/python3.11/site-packages/airflow/example_dags/example_trigger_target_dag.py
[2025-04-16T00:11:11.513+0700] {logging_mixin.py:190} INFO - [2025-04-16T00:11:11.513+0700] {dag.py:3239} INFO - Sync 1 DAGs
[2025-04-16T00:11:11.524+0700] {logging_mixin.py:190} INFO - [2025-04-16T00:11:11.524+0700] {dag.py:4180} INFO - Setting next_dagrun for example_trigger_target_dag to None, run_after=None
[2025-04-16T00:11:11.550+0700] {processor.py:208} INFO - Processing /home/anhtupham99/NBA-analytics/py_env/lib/python3.11/site-packages/airflow/example_dags/example_trigger_target_dag.py took 0.066 seconds
[2025-04-16T00:11:57.506+0700] {processor.py:186} INFO - Started process (PID=330590) to work on /home/anhtupham99/NBA-analytics/py_env/lib/python3.11/site-packages/airflow/example_dags/example_trigger_target_dag.py
[2025-04-16T00:11:57.507+0700] {processor.py:914} INFO - Processing file /home/anhtupham99/NBA-analytics/py_env/lib/python3.11/site-packages/airflow/example_dags/example_trigger_target_dag.py for tasks to queue
[2025-04-16T00:11:57.509+0700] {logging_mixin.py:190} INFO - [2025-04-16T00:11:57.509+0700] {dagbag.py:588} INFO - Filling up the DagBag from /home/anhtupham99/NBA-analytics/py_env/lib/python3.11/site-packages/airflow/example_dags/example_trigger_target_dag.py
[2025-04-16T00:11:57.516+0700] {processor.py:925} INFO - DAG(s) 'example_trigger_target_dag' retrieved from /home/anhtupham99/NBA-analytics/py_env/lib/python3.11/site-packages/airflow/example_dags/example_trigger_target_dag.py
[2025-04-16T00:11:57.528+0700] {logging_mixin.py:190} INFO - [2025-04-16T00:11:57.528+0700] {dag.py:3239} INFO - Sync 1 DAGs
[2025-04-16T00:11:57.538+0700] {logging_mixin.py:190} INFO - [2025-04-16T00:11:57.538+0700] {dag.py:4180} INFO - Setting next_dagrun for example_trigger_target_dag to None, run_after=None
[2025-04-16T00:11:57.567+0700] {processor.py:208} INFO - Processing /home/anhtupham99/NBA-analytics/py_env/lib/python3.11/site-packages/airflow/example_dags/example_trigger_target_dag.py took 0.066 seconds
[2025-04-16T00:13:08.436+0700] {processor.py:186} INFO - Started process (PID=332845) to work on /home/anhtupham99/NBA-analytics/py_env/lib/python3.11/site-packages/airflow/example_dags/example_trigger_target_dag.py
[2025-04-16T00:13:08.438+0700] {processor.py:914} INFO - Processing file /home/anhtupham99/NBA-analytics/py_env/lib/python3.11/site-packages/airflow/example_dags/example_trigger_target_dag.py for tasks to queue
[2025-04-16T00:13:08.439+0700] {logging_mixin.py:190} INFO - [2025-04-16T00:13:08.439+0700] {dagbag.py:588} INFO - Filling up the DagBag from /home/anhtupham99/NBA-analytics/py_env/lib/python3.11/site-packages/airflow/example_dags/example_trigger_target_dag.py
[2025-04-16T00:13:08.445+0700] {processor.py:925} INFO - DAG(s) 'example_trigger_target_dag' retrieved from /home/anhtupham99/NBA-analytics/py_env/lib/python3.11/site-packages/airflow/example_dags/example_trigger_target_dag.py
[2025-04-16T00:13:08.457+0700] {logging_mixin.py:190} INFO - [2025-04-16T00:13:08.457+0700] {dag.py:3239} INFO - Sync 1 DAGs
[2025-04-16T00:13:08.467+0700] {logging_mixin.py:190} INFO - [2025-04-16T00:13:08.467+0700] {dag.py:4180} INFO - Setting next_dagrun for example_trigger_target_dag to None, run_after=None
[2025-04-16T00:13:08.495+0700] {processor.py:208} INFO - Processing /home/anhtupham99/NBA-analytics/py_env/lib/python3.11/site-packages/airflow/example_dags/example_trigger_target_dag.py took 0.063 seconds
[2025-04-16T00:13:59.494+0700] {processor.py:186} INFO - Started process (PID=335002) to work on /home/anhtupham99/NBA-analytics/py_env/lib/python3.11/site-packages/airflow/example_dags/example_trigger_target_dag.py
[2025-04-16T00:13:59.495+0700] {processor.py:914} INFO - Processing file /home/anhtupham99/NBA-analytics/py_env/lib/python3.11/site-packages/airflow/example_dags/example_trigger_target_dag.py for tasks to queue
[2025-04-16T00:13:59.497+0700] {logging_mixin.py:190} INFO - [2025-04-16T00:13:59.496+0700] {dagbag.py:588} INFO - Filling up the DagBag from /home/anhtupham99/NBA-analytics/py_env/lib/python3.11/site-packages/airflow/example_dags/example_trigger_target_dag.py
[2025-04-16T00:13:59.503+0700] {processor.py:925} INFO - DAG(s) 'example_trigger_target_dag' retrieved from /home/anhtupham99/NBA-analytics/py_env/lib/python3.11/site-packages/airflow/example_dags/example_trigger_target_dag.py
[2025-04-16T00:13:59.514+0700] {logging_mixin.py:190} INFO - [2025-04-16T00:13:59.514+0700] {dag.py:3239} INFO - Sync 1 DAGs
[2025-04-16T00:13:59.523+0700] {logging_mixin.py:190} INFO - [2025-04-16T00:13:59.523+0700] {dag.py:4180} INFO - Setting next_dagrun for example_trigger_target_dag to None, run_after=None
[2025-04-16T00:13:59.549+0700] {processor.py:208} INFO - Processing /home/anhtupham99/NBA-analytics/py_env/lib/python3.11/site-packages/airflow/example_dags/example_trigger_target_dag.py took 0.060 seconds
[2025-04-16T00:14:49.583+0700] {processor.py:186} INFO - Started process (PID=336743) to work on /home/anhtupham99/NBA-analytics/py_env/lib/python3.11/site-packages/airflow/example_dags/example_trigger_target_dag.py
[2025-04-16T00:14:49.584+0700] {processor.py:914} INFO - Processing file /home/anhtupham99/NBA-analytics/py_env/lib/python3.11/site-packages/airflow/example_dags/example_trigger_target_dag.py for tasks to queue
[2025-04-16T00:14:49.585+0700] {logging_mixin.py:190} INFO - [2025-04-16T00:14:49.585+0700] {dagbag.py:588} INFO - Filling up the DagBag from /home/anhtupham99/NBA-analytics/py_env/lib/python3.11/site-packages/airflow/example_dags/example_trigger_target_dag.py
[2025-04-16T00:14:49.592+0700] {processor.py:925} INFO - DAG(s) 'example_trigger_target_dag' retrieved from /home/anhtupham99/NBA-analytics/py_env/lib/python3.11/site-packages/airflow/example_dags/example_trigger_target_dag.py
[2025-04-16T00:14:49.603+0700] {logging_mixin.py:190} INFO - [2025-04-16T00:14:49.603+0700] {dag.py:3239} INFO - Sync 1 DAGs
[2025-04-16T00:14:49.613+0700] {logging_mixin.py:190} INFO - [2025-04-16T00:14:49.613+0700] {dag.py:4180} INFO - Setting next_dagrun for example_trigger_target_dag to None, run_after=None
[2025-04-16T00:14:49.640+0700] {processor.py:208} INFO - Processing /home/anhtupham99/NBA-analytics/py_env/lib/python3.11/site-packages/airflow/example_dags/example_trigger_target_dag.py took 0.062 seconds
[2025-04-16T00:15:37.814+0700] {processor.py:186} INFO - Started process (PID=338905) to work on /home/anhtupham99/NBA-analytics/py_env/lib/python3.11/site-packages/airflow/example_dags/example_trigger_target_dag.py
[2025-04-16T00:15:37.816+0700] {processor.py:914} INFO - Processing file /home/anhtupham99/NBA-analytics/py_env/lib/python3.11/site-packages/airflow/example_dags/example_trigger_target_dag.py for tasks to queue
[2025-04-16T00:15:37.818+0700] {logging_mixin.py:190} INFO - [2025-04-16T00:15:37.818+0700] {dagbag.py:588} INFO - Filling up the DagBag from /home/anhtupham99/NBA-analytics/py_env/lib/python3.11/site-packages/airflow/example_dags/example_trigger_target_dag.py
[2025-04-16T00:15:37.828+0700] {processor.py:925} INFO - DAG(s) 'example_trigger_target_dag' retrieved from /home/anhtupham99/NBA-analytics/py_env/lib/python3.11/site-packages/airflow/example_dags/example_trigger_target_dag.py
[2025-04-16T00:15:37.845+0700] {logging_mixin.py:190} INFO - [2025-04-16T00:15:37.844+0700] {dag.py:3239} INFO - Sync 1 DAGs
[2025-04-16T00:15:37.859+0700] {logging_mixin.py:190} INFO - [2025-04-16T00:15:37.859+0700] {dag.py:4180} INFO - Setting next_dagrun for example_trigger_target_dag to None, run_after=None
[2025-04-16T00:15:37.886+0700] {processor.py:208} INFO - Processing /home/anhtupham99/NBA-analytics/py_env/lib/python3.11/site-packages/airflow/example_dags/example_trigger_target_dag.py took 0.079 seconds
[2025-04-16T00:16:28.861+0700] {processor.py:186} INFO - Started process (PID=341733) to work on /home/anhtupham99/NBA-analytics/py_env/lib/python3.11/site-packages/airflow/example_dags/example_trigger_target_dag.py
[2025-04-16T00:16:28.862+0700] {processor.py:914} INFO - Processing file /home/anhtupham99/NBA-analytics/py_env/lib/python3.11/site-packages/airflow/example_dags/example_trigger_target_dag.py for tasks to queue
[2025-04-16T00:16:28.864+0700] {logging_mixin.py:190} INFO - [2025-04-16T00:16:28.864+0700] {dagbag.py:588} INFO - Filling up the DagBag from /home/anhtupham99/NBA-analytics/py_env/lib/python3.11/site-packages/airflow/example_dags/example_trigger_target_dag.py
[2025-04-16T00:16:28.872+0700] {processor.py:925} INFO - DAG(s) 'example_trigger_target_dag' retrieved from /home/anhtupham99/NBA-analytics/py_env/lib/python3.11/site-packages/airflow/example_dags/example_trigger_target_dag.py
[2025-04-16T00:16:28.885+0700] {logging_mixin.py:190} INFO - [2025-04-16T00:16:28.885+0700] {dag.py:3239} INFO - Sync 1 DAGs
[2025-04-16T00:16:28.899+0700] {logging_mixin.py:190} INFO - [2025-04-16T00:16:28.899+0700] {dag.py:4180} INFO - Setting next_dagrun for example_trigger_target_dag to None, run_after=None
[2025-04-16T00:16:28.927+0700] {processor.py:208} INFO - Processing /home/anhtupham99/NBA-analytics/py_env/lib/python3.11/site-packages/airflow/example_dags/example_trigger_target_dag.py took 0.071 seconds
[2025-04-16T00:17:19.769+0700] {processor.py:186} INFO - Started process (PID=343717) to work on /home/anhtupham99/NBA-analytics/py_env/lib/python3.11/site-packages/airflow/example_dags/example_trigger_target_dag.py
[2025-04-16T00:17:19.770+0700] {processor.py:914} INFO - Processing file /home/anhtupham99/NBA-analytics/py_env/lib/python3.11/site-packages/airflow/example_dags/example_trigger_target_dag.py for tasks to queue
[2025-04-16T00:17:19.772+0700] {logging_mixin.py:190} INFO - [2025-04-16T00:17:19.772+0700] {dagbag.py:588} INFO - Filling up the DagBag from /home/anhtupham99/NBA-analytics/py_env/lib/python3.11/site-packages/airflow/example_dags/example_trigger_target_dag.py
[2025-04-16T00:17:19.779+0700] {processor.py:925} INFO - DAG(s) 'example_trigger_target_dag' retrieved from /home/anhtupham99/NBA-analytics/py_env/lib/python3.11/site-packages/airflow/example_dags/example_trigger_target_dag.py
[2025-04-16T00:17:19.791+0700] {logging_mixin.py:190} INFO - [2025-04-16T00:17:19.791+0700] {dag.py:3239} INFO - Sync 1 DAGs
[2025-04-16T00:17:19.801+0700] {logging_mixin.py:190} INFO - [2025-04-16T00:17:19.800+0700] {dag.py:4180} INFO - Setting next_dagrun for example_trigger_target_dag to None, run_after=None
[2025-04-16T00:17:19.827+0700] {processor.py:208} INFO - Processing /home/anhtupham99/NBA-analytics/py_env/lib/python3.11/site-packages/airflow/example_dags/example_trigger_target_dag.py took 0.062 seconds
[2025-04-16T00:18:08.409+0700] {processor.py:186} INFO - Started process (PID=345711) to work on /home/anhtupham99/NBA-analytics/py_env/lib/python3.11/site-packages/airflow/example_dags/example_trigger_target_dag.py
[2025-04-16T00:18:08.410+0700] {processor.py:914} INFO - Processing file /home/anhtupham99/NBA-analytics/py_env/lib/python3.11/site-packages/airflow/example_dags/example_trigger_target_dag.py for tasks to queue
[2025-04-16T00:18:08.412+0700] {logging_mixin.py:190} INFO - [2025-04-16T00:18:08.411+0700] {dagbag.py:588} INFO - Filling up the DagBag from /home/anhtupham99/NBA-analytics/py_env/lib/python3.11/site-packages/airflow/example_dags/example_trigger_target_dag.py
[2025-04-16T00:18:08.418+0700] {processor.py:925} INFO - DAG(s) 'example_trigger_target_dag' retrieved from /home/anhtupham99/NBA-analytics/py_env/lib/python3.11/site-packages/airflow/example_dags/example_trigger_target_dag.py
[2025-04-16T00:18:08.430+0700] {logging_mixin.py:190} INFO - [2025-04-16T00:18:08.430+0700] {dag.py:3239} INFO - Sync 1 DAGs
[2025-04-16T00:18:08.439+0700] {logging_mixin.py:190} INFO - [2025-04-16T00:18:08.438+0700] {dag.py:4180} INFO - Setting next_dagrun for example_trigger_target_dag to None, run_after=None
[2025-04-16T00:18:08.463+0700] {processor.py:208} INFO - Processing /home/anhtupham99/NBA-analytics/py_env/lib/python3.11/site-packages/airflow/example_dags/example_trigger_target_dag.py took 0.059 seconds
[2025-04-16T00:18:58.919+0700] {processor.py:186} INFO - Started process (PID=348783) to work on /home/anhtupham99/NBA-analytics/py_env/lib/python3.11/site-packages/airflow/example_dags/example_trigger_target_dag.py
[2025-04-16T00:18:58.920+0700] {processor.py:914} INFO - Processing file /home/anhtupham99/NBA-analytics/py_env/lib/python3.11/site-packages/airflow/example_dags/example_trigger_target_dag.py for tasks to queue
[2025-04-16T00:18:58.922+0700] {logging_mixin.py:190} INFO - [2025-04-16T00:18:58.922+0700] {dagbag.py:588} INFO - Filling up the DagBag from /home/anhtupham99/NBA-analytics/py_env/lib/python3.11/site-packages/airflow/example_dags/example_trigger_target_dag.py
[2025-04-16T00:18:58.928+0700] {processor.py:925} INFO - DAG(s) 'example_trigger_target_dag' retrieved from /home/anhtupham99/NBA-analytics/py_env/lib/python3.11/site-packages/airflow/example_dags/example_trigger_target_dag.py
[2025-04-16T00:18:58.940+0700] {logging_mixin.py:190} INFO - [2025-04-16T00:18:58.940+0700] {dag.py:3239} INFO - Sync 1 DAGs
[2025-04-16T00:18:58.949+0700] {logging_mixin.py:190} INFO - [2025-04-16T00:18:58.948+0700] {dag.py:4180} INFO - Setting next_dagrun for example_trigger_target_dag to None, run_after=None
[2025-04-16T00:18:58.976+0700] {processor.py:208} INFO - Processing /home/anhtupham99/NBA-analytics/py_env/lib/python3.11/site-packages/airflow/example_dags/example_trigger_target_dag.py took 0.061 seconds
[2025-04-16T00:19:48.779+0700] {processor.py:186} INFO - Started process (PID=350508) to work on /home/anhtupham99/NBA-analytics/py_env/lib/python3.11/site-packages/airflow/example_dags/example_trigger_target_dag.py
[2025-04-16T00:19:48.781+0700] {processor.py:914} INFO - Processing file /home/anhtupham99/NBA-analytics/py_env/lib/python3.11/site-packages/airflow/example_dags/example_trigger_target_dag.py for tasks to queue
[2025-04-16T00:19:48.783+0700] {logging_mixin.py:190} INFO - [2025-04-16T00:19:48.782+0700] {dagbag.py:588} INFO - Filling up the DagBag from /home/anhtupham99/NBA-analytics/py_env/lib/python3.11/site-packages/airflow/example_dags/example_trigger_target_dag.py
[2025-04-16T00:19:48.790+0700] {processor.py:925} INFO - DAG(s) 'example_trigger_target_dag' retrieved from /home/anhtupham99/NBA-analytics/py_env/lib/python3.11/site-packages/airflow/example_dags/example_trigger_target_dag.py
[2025-04-16T00:19:48.805+0700] {logging_mixin.py:190} INFO - [2025-04-16T00:19:48.805+0700] {dag.py:3239} INFO - Sync 1 DAGs
[2025-04-16T00:19:48.816+0700] {logging_mixin.py:190} INFO - [2025-04-16T00:19:48.815+0700] {dag.py:4180} INFO - Setting next_dagrun for example_trigger_target_dag to None, run_after=None
[2025-04-16T00:19:48.843+0700] {processor.py:208} INFO - Processing /home/anhtupham99/NBA-analytics/py_env/lib/python3.11/site-packages/airflow/example_dags/example_trigger_target_dag.py took 0.069 seconds
[2025-04-16T00:20:37.644+0700] {processor.py:186} INFO - Started process (PID=352606) to work on /home/anhtupham99/NBA-analytics/py_env/lib/python3.11/site-packages/airflow/example_dags/example_trigger_target_dag.py
[2025-04-16T00:20:37.646+0700] {processor.py:914} INFO - Processing file /home/anhtupham99/NBA-analytics/py_env/lib/python3.11/site-packages/airflow/example_dags/example_trigger_target_dag.py for tasks to queue
[2025-04-16T00:20:37.647+0700] {logging_mixin.py:190} INFO - [2025-04-16T00:20:37.647+0700] {dagbag.py:588} INFO - Filling up the DagBag from /home/anhtupham99/NBA-analytics/py_env/lib/python3.11/site-packages/airflow/example_dags/example_trigger_target_dag.py
[2025-04-16T00:20:37.654+0700] {processor.py:925} INFO - DAG(s) 'example_trigger_target_dag' retrieved from /home/anhtupham99/NBA-analytics/py_env/lib/python3.11/site-packages/airflow/example_dags/example_trigger_target_dag.py
[2025-04-16T00:20:37.664+0700] {logging_mixin.py:190} INFO - [2025-04-16T00:20:37.664+0700] {dag.py:3239} INFO - Sync 1 DAGs
[2025-04-16T00:20:37.672+0700] {logging_mixin.py:190} INFO - [2025-04-16T00:20:37.672+0700] {dag.py:4180} INFO - Setting next_dagrun for example_trigger_target_dag to None, run_after=None
[2025-04-16T00:20:37.695+0700] {processor.py:208} INFO - Processing /home/anhtupham99/NBA-analytics/py_env/lib/python3.11/site-packages/airflow/example_dags/example_trigger_target_dag.py took 0.055 seconds
[2025-04-16T00:21:26.679+0700] {processor.py:186} INFO - Started process (PID=354309) to work on /home/anhtupham99/NBA-analytics/py_env/lib/python3.11/site-packages/airflow/example_dags/example_trigger_target_dag.py
[2025-04-16T00:21:26.682+0700] {processor.py:914} INFO - Processing file /home/anhtupham99/NBA-analytics/py_env/lib/python3.11/site-packages/airflow/example_dags/example_trigger_target_dag.py for tasks to queue
[2025-04-16T00:21:26.690+0700] {logging_mixin.py:190} INFO - [2025-04-16T00:21:26.688+0700] {dagbag.py:588} INFO - Filling up the DagBag from /home/anhtupham99/NBA-analytics/py_env/lib/python3.11/site-packages/airflow/example_dags/example_trigger_target_dag.py
[2025-04-16T00:21:26.707+0700] {processor.py:925} INFO - DAG(s) 'example_trigger_target_dag' retrieved from /home/anhtupham99/NBA-analytics/py_env/lib/python3.11/site-packages/airflow/example_dags/example_trigger_target_dag.py
[2025-04-16T00:21:26.727+0700] {logging_mixin.py:190} INFO - [2025-04-16T00:21:26.727+0700] {dag.py:3239} INFO - Sync 1 DAGs
[2025-04-16T00:21:26.739+0700] {logging_mixin.py:190} INFO - [2025-04-16T00:21:26.738+0700] {dag.py:4180} INFO - Setting next_dagrun for example_trigger_target_dag to None, run_after=None
[2025-04-16T00:21:26.770+0700] {processor.py:208} INFO - Processing /home/anhtupham99/NBA-analytics/py_env/lib/python3.11/site-packages/airflow/example_dags/example_trigger_target_dag.py took 0.101 seconds
[2025-04-16T00:22:19.592+0700] {processor.py:186} INFO - Started process (PID=356649) to work on /home/anhtupham99/NBA-analytics/py_env/lib/python3.11/site-packages/airflow/example_dags/example_trigger_target_dag.py
[2025-04-16T00:22:19.593+0700] {processor.py:914} INFO - Processing file /home/anhtupham99/NBA-analytics/py_env/lib/python3.11/site-packages/airflow/example_dags/example_trigger_target_dag.py for tasks to queue
[2025-04-16T00:22:19.595+0700] {logging_mixin.py:190} INFO - [2025-04-16T00:22:19.595+0700] {dagbag.py:588} INFO - Filling up the DagBag from /home/anhtupham99/NBA-analytics/py_env/lib/python3.11/site-packages/airflow/example_dags/example_trigger_target_dag.py
[2025-04-16T00:22:19.605+0700] {processor.py:925} INFO - DAG(s) 'example_trigger_target_dag' retrieved from /home/anhtupham99/NBA-analytics/py_env/lib/python3.11/site-packages/airflow/example_dags/example_trigger_target_dag.py
[2025-04-16T00:22:19.620+0700] {logging_mixin.py:190} INFO - [2025-04-16T00:22:19.620+0700] {dag.py:3239} INFO - Sync 1 DAGs
[2025-04-16T00:22:19.631+0700] {logging_mixin.py:190} INFO - [2025-04-16T00:22:19.631+0700] {dag.py:4180} INFO - Setting next_dagrun for example_trigger_target_dag to None, run_after=None
[2025-04-16T00:22:19.657+0700] {processor.py:208} INFO - Processing /home/anhtupham99/NBA-analytics/py_env/lib/python3.11/site-packages/airflow/example_dags/example_trigger_target_dag.py took 0.072 seconds
[2025-04-16T00:23:09.929+0700] {processor.py:186} INFO - Started process (PID=357824) to work on /home/anhtupham99/NBA-analytics/py_env/lib/python3.11/site-packages/airflow/example_dags/example_trigger_target_dag.py
[2025-04-16T00:23:09.930+0700] {processor.py:914} INFO - Processing file /home/anhtupham99/NBA-analytics/py_env/lib/python3.11/site-packages/airflow/example_dags/example_trigger_target_dag.py for tasks to queue
[2025-04-16T00:23:09.932+0700] {logging_mixin.py:190} INFO - [2025-04-16T00:23:09.931+0700] {dagbag.py:588} INFO - Filling up the DagBag from /home/anhtupham99/NBA-analytics/py_env/lib/python3.11/site-packages/airflow/example_dags/example_trigger_target_dag.py
[2025-04-16T00:23:09.938+0700] {processor.py:925} INFO - DAG(s) 'example_trigger_target_dag' retrieved from /home/anhtupham99/NBA-analytics/py_env/lib/python3.11/site-packages/airflow/example_dags/example_trigger_target_dag.py
[2025-04-16T00:23:09.950+0700] {logging_mixin.py:190} INFO - [2025-04-16T00:23:09.950+0700] {dag.py:3239} INFO - Sync 1 DAGs
[2025-04-16T00:23:09.959+0700] {logging_mixin.py:190} INFO - [2025-04-16T00:23:09.959+0700] {dag.py:4180} INFO - Setting next_dagrun for example_trigger_target_dag to None, run_after=None
[2025-04-16T00:23:09.981+0700] {processor.py:208} INFO - Processing /home/anhtupham99/NBA-analytics/py_env/lib/python3.11/site-packages/airflow/example_dags/example_trigger_target_dag.py took 0.056 seconds
[2025-04-16T00:24:20.295+0700] {processor.py:186} INFO - Started process (PID=360446) to work on /home/anhtupham99/NBA-analytics/py_env/lib/python3.11/site-packages/airflow/example_dags/example_trigger_target_dag.py
[2025-04-16T00:24:20.296+0700] {processor.py:914} INFO - Processing file /home/anhtupham99/NBA-analytics/py_env/lib/python3.11/site-packages/airflow/example_dags/example_trigger_target_dag.py for tasks to queue
[2025-04-16T00:24:20.298+0700] {logging_mixin.py:190} INFO - [2025-04-16T00:24:20.298+0700] {dagbag.py:588} INFO - Filling up the DagBag from /home/anhtupham99/NBA-analytics/py_env/lib/python3.11/site-packages/airflow/example_dags/example_trigger_target_dag.py
[2025-04-16T00:24:20.306+0700] {processor.py:925} INFO - DAG(s) 'example_trigger_target_dag' retrieved from /home/anhtupham99/NBA-analytics/py_env/lib/python3.11/site-packages/airflow/example_dags/example_trigger_target_dag.py
[2025-04-16T00:24:20.321+0700] {logging_mixin.py:190} INFO - [2025-04-16T00:24:20.321+0700] {dag.py:3239} INFO - Sync 1 DAGs
[2025-04-16T00:24:20.331+0700] {logging_mixin.py:190} INFO - [2025-04-16T00:24:20.331+0700] {dag.py:4180} INFO - Setting next_dagrun for example_trigger_target_dag to None, run_after=None
[2025-04-16T00:24:20.357+0700] {processor.py:208} INFO - Processing /home/anhtupham99/NBA-analytics/py_env/lib/python3.11/site-packages/airflow/example_dags/example_trigger_target_dag.py took 0.068 seconds
[2025-04-16T00:25:10.783+0700] {processor.py:186} INFO - Started process (PID=362394) to work on /home/anhtupham99/NBA-analytics/py_env/lib/python3.11/site-packages/airflow/example_dags/example_trigger_target_dag.py
[2025-04-16T00:25:10.785+0700] {processor.py:914} INFO - Processing file /home/anhtupham99/NBA-analytics/py_env/lib/python3.11/site-packages/airflow/example_dags/example_trigger_target_dag.py for tasks to queue
[2025-04-16T00:25:10.787+0700] {logging_mixin.py:190} INFO - [2025-04-16T00:25:10.786+0700] {dagbag.py:588} INFO - Filling up the DagBag from /home/anhtupham99/NBA-analytics/py_env/lib/python3.11/site-packages/airflow/example_dags/example_trigger_target_dag.py
[2025-04-16T00:25:10.793+0700] {processor.py:925} INFO - DAG(s) 'example_trigger_target_dag' retrieved from /home/anhtupham99/NBA-analytics/py_env/lib/python3.11/site-packages/airflow/example_dags/example_trigger_target_dag.py
[2025-04-16T00:25:10.804+0700] {logging_mixin.py:190} INFO - [2025-04-16T00:25:10.804+0700] {dag.py:3239} INFO - Sync 1 DAGs
[2025-04-16T00:25:10.813+0700] {logging_mixin.py:190} INFO - [2025-04-16T00:25:10.813+0700] {dag.py:4180} INFO - Setting next_dagrun for example_trigger_target_dag to None, run_after=None
[2025-04-16T00:25:10.843+0700] {processor.py:208} INFO - Processing /home/anhtupham99/NBA-analytics/py_env/lib/python3.11/site-packages/airflow/example_dags/example_trigger_target_dag.py took 0.065 seconds
[2025-04-16T00:26:17.856+0700] {processor.py:186} INFO - Started process (PID=364521) to work on /home/anhtupham99/NBA-analytics/py_env/lib/python3.11/site-packages/airflow/example_dags/example_trigger_target_dag.py
[2025-04-16T00:26:17.858+0700] {processor.py:914} INFO - Processing file /home/anhtupham99/NBA-analytics/py_env/lib/python3.11/site-packages/airflow/example_dags/example_trigger_target_dag.py for tasks to queue
[2025-04-16T00:26:17.859+0700] {logging_mixin.py:190} INFO - [2025-04-16T00:26:17.859+0700] {dagbag.py:588} INFO - Filling up the DagBag from /home/anhtupham99/NBA-analytics/py_env/lib/python3.11/site-packages/airflow/example_dags/example_trigger_target_dag.py
[2025-04-16T00:26:17.866+0700] {processor.py:925} INFO - DAG(s) 'example_trigger_target_dag' retrieved from /home/anhtupham99/NBA-analytics/py_env/lib/python3.11/site-packages/airflow/example_dags/example_trigger_target_dag.py
[2025-04-16T00:26:17.876+0700] {logging_mixin.py:190} INFO - [2025-04-16T00:26:17.876+0700] {dag.py:3239} INFO - Sync 1 DAGs
[2025-04-16T00:26:17.884+0700] {logging_mixin.py:190} INFO - [2025-04-16T00:26:17.883+0700] {dag.py:4180} INFO - Setting next_dagrun for example_trigger_target_dag to None, run_after=None
[2025-04-16T00:26:17.910+0700] {processor.py:208} INFO - Processing /home/anhtupham99/NBA-analytics/py_env/lib/python3.11/site-packages/airflow/example_dags/example_trigger_target_dag.py took 0.058 seconds
[2025-04-16T00:27:07.791+0700] {processor.py:186} INFO - Started process (PID=365657) to work on /home/anhtupham99/NBA-analytics/py_env/lib/python3.11/site-packages/airflow/example_dags/example_trigger_target_dag.py
[2025-04-16T00:27:07.792+0700] {processor.py:914} INFO - Processing file /home/anhtupham99/NBA-analytics/py_env/lib/python3.11/site-packages/airflow/example_dags/example_trigger_target_dag.py for tasks to queue
[2025-04-16T00:27:07.794+0700] {logging_mixin.py:190} INFO - [2025-04-16T00:27:07.794+0700] {dagbag.py:588} INFO - Filling up the DagBag from /home/anhtupham99/NBA-analytics/py_env/lib/python3.11/site-packages/airflow/example_dags/example_trigger_target_dag.py
[2025-04-16T00:27:07.800+0700] {processor.py:925} INFO - DAG(s) 'example_trigger_target_dag' retrieved from /home/anhtupham99/NBA-analytics/py_env/lib/python3.11/site-packages/airflow/example_dags/example_trigger_target_dag.py
[2025-04-16T00:27:07.810+0700] {logging_mixin.py:190} INFO - [2025-04-16T00:27:07.810+0700] {dag.py:3239} INFO - Sync 1 DAGs
[2025-04-16T00:27:07.818+0700] {logging_mixin.py:190} INFO - [2025-04-16T00:27:07.818+0700] {dag.py:4180} INFO - Setting next_dagrun for example_trigger_target_dag to None, run_after=None
[2025-04-16T00:27:07.843+0700] {processor.py:208} INFO - Processing /home/anhtupham99/NBA-analytics/py_env/lib/python3.11/site-packages/airflow/example_dags/example_trigger_target_dag.py took 0.056 seconds
[2025-04-16T00:27:54.803+0700] {processor.py:186} INFO - Started process (PID=366916) to work on /home/anhtupham99/NBA-analytics/py_env/lib/python3.11/site-packages/airflow/example_dags/example_trigger_target_dag.py
[2025-04-16T00:27:54.805+0700] {processor.py:914} INFO - Processing file /home/anhtupham99/NBA-analytics/py_env/lib/python3.11/site-packages/airflow/example_dags/example_trigger_target_dag.py for tasks to queue
[2025-04-16T00:27:54.806+0700] {logging_mixin.py:190} INFO - [2025-04-16T00:27:54.806+0700] {dagbag.py:588} INFO - Filling up the DagBag from /home/anhtupham99/NBA-analytics/py_env/lib/python3.11/site-packages/airflow/example_dags/example_trigger_target_dag.py
[2025-04-16T00:27:54.815+0700] {processor.py:925} INFO - DAG(s) 'example_trigger_target_dag' retrieved from /home/anhtupham99/NBA-analytics/py_env/lib/python3.11/site-packages/airflow/example_dags/example_trigger_target_dag.py
[2025-04-16T00:27:54.833+0700] {logging_mixin.py:190} INFO - [2025-04-16T00:27:54.833+0700] {dag.py:3239} INFO - Sync 1 DAGs
[2025-04-16T00:27:54.847+0700] {logging_mixin.py:190} INFO - [2025-04-16T00:27:54.846+0700] {dag.py:4180} INFO - Setting next_dagrun for example_trigger_target_dag to None, run_after=None
[2025-04-16T00:27:54.872+0700] {processor.py:208} INFO - Processing /home/anhtupham99/NBA-analytics/py_env/lib/python3.11/site-packages/airflow/example_dags/example_trigger_target_dag.py took 0.076 seconds
[2025-04-16T00:28:43.382+0700] {processor.py:186} INFO - Started process (PID=368117) to work on /home/anhtupham99/NBA-analytics/py_env/lib/python3.11/site-packages/airflow/example_dags/example_trigger_target_dag.py
[2025-04-16T00:28:43.384+0700] {processor.py:914} INFO - Processing file /home/anhtupham99/NBA-analytics/py_env/lib/python3.11/site-packages/airflow/example_dags/example_trigger_target_dag.py for tasks to queue
[2025-04-16T00:28:43.386+0700] {logging_mixin.py:190} INFO - [2025-04-16T00:28:43.386+0700] {dagbag.py:588} INFO - Filling up the DagBag from /home/anhtupham99/NBA-analytics/py_env/lib/python3.11/site-packages/airflow/example_dags/example_trigger_target_dag.py
[2025-04-16T00:28:43.396+0700] {processor.py:925} INFO - DAG(s) 'example_trigger_target_dag' retrieved from /home/anhtupham99/NBA-analytics/py_env/lib/python3.11/site-packages/airflow/example_dags/example_trigger_target_dag.py
[2025-04-16T00:28:43.414+0700] {logging_mixin.py:190} INFO - [2025-04-16T00:28:43.414+0700] {dag.py:3239} INFO - Sync 1 DAGs
[2025-04-16T00:28:43.427+0700] {logging_mixin.py:190} INFO - [2025-04-16T00:28:43.427+0700] {dag.py:4180} INFO - Setting next_dagrun for example_trigger_target_dag to None, run_after=None
[2025-04-16T00:28:43.460+0700] {processor.py:208} INFO - Processing /home/anhtupham99/NBA-analytics/py_env/lib/python3.11/site-packages/airflow/example_dags/example_trigger_target_dag.py took 0.086 seconds
[2025-04-16T00:29:30.520+0700] {processor.py:186} INFO - Started process (PID=369205) to work on /home/anhtupham99/NBA-analytics/py_env/lib/python3.11/site-packages/airflow/example_dags/example_trigger_target_dag.py
[2025-04-16T00:29:30.523+0700] {processor.py:914} INFO - Processing file /home/anhtupham99/NBA-analytics/py_env/lib/python3.11/site-packages/airflow/example_dags/example_trigger_target_dag.py for tasks to queue
[2025-04-16T00:29:30.526+0700] {logging_mixin.py:190} INFO - [2025-04-16T00:29:30.525+0700] {dagbag.py:588} INFO - Filling up the DagBag from /home/anhtupham99/NBA-analytics/py_env/lib/python3.11/site-packages/airflow/example_dags/example_trigger_target_dag.py
[2025-04-16T00:29:30.532+0700] {processor.py:925} INFO - DAG(s) 'example_trigger_target_dag' retrieved from /home/anhtupham99/NBA-analytics/py_env/lib/python3.11/site-packages/airflow/example_dags/example_trigger_target_dag.py
[2025-04-16T00:29:30.546+0700] {logging_mixin.py:190} INFO - [2025-04-16T00:29:30.545+0700] {dag.py:3239} INFO - Sync 1 DAGs
[2025-04-16T00:29:30.555+0700] {logging_mixin.py:190} INFO - [2025-04-16T00:29:30.555+0700] {dag.py:4180} INFO - Setting next_dagrun for example_trigger_target_dag to None, run_after=None
[2025-04-16T00:29:30.577+0700] {processor.py:208} INFO - Processing /home/anhtupham99/NBA-analytics/py_env/lib/python3.11/site-packages/airflow/example_dags/example_trigger_target_dag.py took 0.061 seconds
[2025-04-16T00:30:20.774+0700] {processor.py:186} INFO - Started process (PID=370359) to work on /home/anhtupham99/NBA-analytics/py_env/lib/python3.11/site-packages/airflow/example_dags/example_trigger_target_dag.py
[2025-04-16T00:30:20.778+0700] {processor.py:914} INFO - Processing file /home/anhtupham99/NBA-analytics/py_env/lib/python3.11/site-packages/airflow/example_dags/example_trigger_target_dag.py for tasks to queue
[2025-04-16T00:30:20.779+0700] {logging_mixin.py:190} INFO - [2025-04-16T00:30:20.779+0700] {dagbag.py:588} INFO - Filling up the DagBag from /home/anhtupham99/NBA-analytics/py_env/lib/python3.11/site-packages/airflow/example_dags/example_trigger_target_dag.py
[2025-04-16T00:30:20.785+0700] {processor.py:925} INFO - DAG(s) 'example_trigger_target_dag' retrieved from /home/anhtupham99/NBA-analytics/py_env/lib/python3.11/site-packages/airflow/example_dags/example_trigger_target_dag.py
[2025-04-16T00:30:20.795+0700] {logging_mixin.py:190} INFO - [2025-04-16T00:30:20.795+0700] {dag.py:3239} INFO - Sync 1 DAGs
[2025-04-16T00:30:20.803+0700] {logging_mixin.py:190} INFO - [2025-04-16T00:30:20.803+0700] {dag.py:4180} INFO - Setting next_dagrun for example_trigger_target_dag to None, run_after=None
[2025-04-16T00:30:20.827+0700] {processor.py:208} INFO - Processing /home/anhtupham99/NBA-analytics/py_env/lib/python3.11/site-packages/airflow/example_dags/example_trigger_target_dag.py took 0.058 seconds
[2025-04-16T00:31:07.934+0700] {processor.py:186} INFO - Started process (PID=371730) to work on /home/anhtupham99/NBA-analytics/py_env/lib/python3.11/site-packages/airflow/example_dags/example_trigger_target_dag.py
[2025-04-16T00:31:07.935+0700] {processor.py:914} INFO - Processing file /home/anhtupham99/NBA-analytics/py_env/lib/python3.11/site-packages/airflow/example_dags/example_trigger_target_dag.py for tasks to queue
[2025-04-16T00:31:07.937+0700] {logging_mixin.py:190} INFO - [2025-04-16T00:31:07.937+0700] {dagbag.py:588} INFO - Filling up the DagBag from /home/anhtupham99/NBA-analytics/py_env/lib/python3.11/site-packages/airflow/example_dags/example_trigger_target_dag.py
[2025-04-16T00:31:07.945+0700] {processor.py:925} INFO - DAG(s) 'example_trigger_target_dag' retrieved from /home/anhtupham99/NBA-analytics/py_env/lib/python3.11/site-packages/airflow/example_dags/example_trigger_target_dag.py
[2025-04-16T00:31:07.957+0700] {logging_mixin.py:190} INFO - [2025-04-16T00:31:07.957+0700] {dag.py:3239} INFO - Sync 1 DAGs
[2025-04-16T00:31:07.967+0700] {logging_mixin.py:190} INFO - [2025-04-16T00:31:07.967+0700] {dag.py:4180} INFO - Setting next_dagrun for example_trigger_target_dag to None, run_after=None
[2025-04-16T00:31:07.994+0700] {processor.py:208} INFO - Processing /home/anhtupham99/NBA-analytics/py_env/lib/python3.11/site-packages/airflow/example_dags/example_trigger_target_dag.py took 0.066 seconds
[2025-04-16T00:32:15.261+0700] {processor.py:186} INFO - Started process (PID=373430) to work on /home/anhtupham99/NBA-analytics/py_env/lib/python3.11/site-packages/airflow/example_dags/example_trigger_target_dag.py
[2025-04-16T00:32:15.262+0700] {processor.py:914} INFO - Processing file /home/anhtupham99/NBA-analytics/py_env/lib/python3.11/site-packages/airflow/example_dags/example_trigger_target_dag.py for tasks to queue
[2025-04-16T00:32:15.265+0700] {logging_mixin.py:190} INFO - [2025-04-16T00:32:15.265+0700] {dagbag.py:588} INFO - Filling up the DagBag from /home/anhtupham99/NBA-analytics/py_env/lib/python3.11/site-packages/airflow/example_dags/example_trigger_target_dag.py
[2025-04-16T00:32:15.276+0700] {processor.py:925} INFO - DAG(s) 'example_trigger_target_dag' retrieved from /home/anhtupham99/NBA-analytics/py_env/lib/python3.11/site-packages/airflow/example_dags/example_trigger_target_dag.py
[2025-04-16T00:32:15.291+0700] {logging_mixin.py:190} INFO - [2025-04-16T00:32:15.291+0700] {dag.py:3239} INFO - Sync 1 DAGs
[2025-04-16T00:32:15.302+0700] {logging_mixin.py:190} INFO - [2025-04-16T00:32:15.302+0700] {dag.py:4180} INFO - Setting next_dagrun for example_trigger_target_dag to None, run_after=None
[2025-04-16T00:32:15.328+0700] {processor.py:208} INFO - Processing /home/anhtupham99/NBA-analytics/py_env/lib/python3.11/site-packages/airflow/example_dags/example_trigger_target_dag.py took 0.072 seconds
[2025-04-16T00:33:02.047+0700] {processor.py:186} INFO - Started process (PID=374563) to work on /home/anhtupham99/NBA-analytics/py_env/lib/python3.11/site-packages/airflow/example_dags/example_trigger_target_dag.py
[2025-04-16T00:33:02.048+0700] {processor.py:914} INFO - Processing file /home/anhtupham99/NBA-analytics/py_env/lib/python3.11/site-packages/airflow/example_dags/example_trigger_target_dag.py for tasks to queue
[2025-04-16T00:33:02.050+0700] {logging_mixin.py:190} INFO - [2025-04-16T00:33:02.050+0700] {dagbag.py:588} INFO - Filling up the DagBag from /home/anhtupham99/NBA-analytics/py_env/lib/python3.11/site-packages/airflow/example_dags/example_trigger_target_dag.py
[2025-04-16T00:33:02.057+0700] {processor.py:925} INFO - DAG(s) 'example_trigger_target_dag' retrieved from /home/anhtupham99/NBA-analytics/py_env/lib/python3.11/site-packages/airflow/example_dags/example_trigger_target_dag.py
[2025-04-16T00:33:02.068+0700] {logging_mixin.py:190} INFO - [2025-04-16T00:33:02.068+0700] {dag.py:3239} INFO - Sync 1 DAGs
[2025-04-16T00:33:02.076+0700] {logging_mixin.py:190} INFO - [2025-04-16T00:33:02.076+0700] {dag.py:4180} INFO - Setting next_dagrun for example_trigger_target_dag to None, run_after=None
[2025-04-16T00:33:02.101+0700] {processor.py:208} INFO - Processing /home/anhtupham99/NBA-analytics/py_env/lib/python3.11/site-packages/airflow/example_dags/example_trigger_target_dag.py took 0.059 seconds
[2025-04-16T00:33:49.629+0700] {processor.py:186} INFO - Started process (PID=375664) to work on /home/anhtupham99/NBA-analytics/py_env/lib/python3.11/site-packages/airflow/example_dags/example_trigger_target_dag.py
[2025-04-16T00:33:49.630+0700] {processor.py:914} INFO - Processing file /home/anhtupham99/NBA-analytics/py_env/lib/python3.11/site-packages/airflow/example_dags/example_trigger_target_dag.py for tasks to queue
[2025-04-16T00:33:49.632+0700] {logging_mixin.py:190} INFO - [2025-04-16T00:33:49.632+0700] {dagbag.py:588} INFO - Filling up the DagBag from /home/anhtupham99/NBA-analytics/py_env/lib/python3.11/site-packages/airflow/example_dags/example_trigger_target_dag.py
[2025-04-16T00:33:49.640+0700] {processor.py:925} INFO - DAG(s) 'example_trigger_target_dag' retrieved from /home/anhtupham99/NBA-analytics/py_env/lib/python3.11/site-packages/airflow/example_dags/example_trigger_target_dag.py
[2025-04-16T00:33:49.652+0700] {logging_mixin.py:190} INFO - [2025-04-16T00:33:49.652+0700] {dag.py:3239} INFO - Sync 1 DAGs
[2025-04-16T00:33:49.662+0700] {logging_mixin.py:190} INFO - [2025-04-16T00:33:49.662+0700] {dag.py:4180} INFO - Setting next_dagrun for example_trigger_target_dag to None, run_after=None
[2025-04-16T00:33:49.689+0700] {processor.py:208} INFO - Processing /home/anhtupham99/NBA-analytics/py_env/lib/python3.11/site-packages/airflow/example_dags/example_trigger_target_dag.py took 0.065 seconds
[2025-04-16T00:34:37.865+0700] {processor.py:186} INFO - Started process (PID=376736) to work on /home/anhtupham99/NBA-analytics/py_env/lib/python3.11/site-packages/airflow/example_dags/example_trigger_target_dag.py
[2025-04-16T00:34:37.866+0700] {processor.py:914} INFO - Processing file /home/anhtupham99/NBA-analytics/py_env/lib/python3.11/site-packages/airflow/example_dags/example_trigger_target_dag.py for tasks to queue
[2025-04-16T00:34:37.868+0700] {logging_mixin.py:190} INFO - [2025-04-16T00:34:37.868+0700] {dagbag.py:588} INFO - Filling up the DagBag from /home/anhtupham99/NBA-analytics/py_env/lib/python3.11/site-packages/airflow/example_dags/example_trigger_target_dag.py
[2025-04-16T00:34:37.875+0700] {processor.py:925} INFO - DAG(s) 'example_trigger_target_dag' retrieved from /home/anhtupham99/NBA-analytics/py_env/lib/python3.11/site-packages/airflow/example_dags/example_trigger_target_dag.py
[2025-04-16T00:34:37.886+0700] {logging_mixin.py:190} INFO - [2025-04-16T00:34:37.886+0700] {dag.py:3239} INFO - Sync 1 DAGs
[2025-04-16T00:34:37.895+0700] {logging_mixin.py:190} INFO - [2025-04-16T00:34:37.895+0700] {dag.py:4180} INFO - Setting next_dagrun for example_trigger_target_dag to None, run_after=None
[2025-04-16T00:34:37.918+0700] {processor.py:208} INFO - Processing /home/anhtupham99/NBA-analytics/py_env/lib/python3.11/site-packages/airflow/example_dags/example_trigger_target_dag.py took 0.058 seconds
[2025-04-16T00:35:24.260+0700] {processor.py:186} INFO - Started process (PID=377987) to work on /home/anhtupham99/NBA-analytics/py_env/lib/python3.11/site-packages/airflow/example_dags/example_trigger_target_dag.py
[2025-04-16T00:35:24.261+0700] {processor.py:914} INFO - Processing file /home/anhtupham99/NBA-analytics/py_env/lib/python3.11/site-packages/airflow/example_dags/example_trigger_target_dag.py for tasks to queue
[2025-04-16T00:35:24.263+0700] {logging_mixin.py:190} INFO - [2025-04-16T00:35:24.263+0700] {dagbag.py:588} INFO - Filling up the DagBag from /home/anhtupham99/NBA-analytics/py_env/lib/python3.11/site-packages/airflow/example_dags/example_trigger_target_dag.py
[2025-04-16T00:35:24.270+0700] {processor.py:925} INFO - DAG(s) 'example_trigger_target_dag' retrieved from /home/anhtupham99/NBA-analytics/py_env/lib/python3.11/site-packages/airflow/example_dags/example_trigger_target_dag.py
[2025-04-16T00:35:24.282+0700] {logging_mixin.py:190} INFO - [2025-04-16T00:35:24.282+0700] {dag.py:3239} INFO - Sync 1 DAGs
[2025-04-16T00:35:24.291+0700] {logging_mixin.py:190} INFO - [2025-04-16T00:35:24.291+0700] {dag.py:4180} INFO - Setting next_dagrun for example_trigger_target_dag to None, run_after=None
[2025-04-16T00:35:24.315+0700] {processor.py:208} INFO - Processing /home/anhtupham99/NBA-analytics/py_env/lib/python3.11/site-packages/airflow/example_dags/example_trigger_target_dag.py took 0.059 seconds
[2025-04-16T00:36:12.226+0700] {processor.py:186} INFO - Started process (PID=379146) to work on /home/anhtupham99/NBA-analytics/py_env/lib/python3.11/site-packages/airflow/example_dags/example_trigger_target_dag.py
[2025-04-16T00:36:12.227+0700] {processor.py:914} INFO - Processing file /home/anhtupham99/NBA-analytics/py_env/lib/python3.11/site-packages/airflow/example_dags/example_trigger_target_dag.py for tasks to queue
[2025-04-16T00:36:12.229+0700] {logging_mixin.py:190} INFO - [2025-04-16T00:36:12.229+0700] {dagbag.py:588} INFO - Filling up the DagBag from /home/anhtupham99/NBA-analytics/py_env/lib/python3.11/site-packages/airflow/example_dags/example_trigger_target_dag.py
[2025-04-16T00:36:12.235+0700] {processor.py:925} INFO - DAG(s) 'example_trigger_target_dag' retrieved from /home/anhtupham99/NBA-analytics/py_env/lib/python3.11/site-packages/airflow/example_dags/example_trigger_target_dag.py
[2025-04-16T00:36:12.244+0700] {logging_mixin.py:190} INFO - [2025-04-16T00:36:12.244+0700] {dag.py:3239} INFO - Sync 1 DAGs
[2025-04-16T00:36:12.252+0700] {logging_mixin.py:190} INFO - [2025-04-16T00:36:12.252+0700] {dag.py:4180} INFO - Setting next_dagrun for example_trigger_target_dag to None, run_after=None
[2025-04-16T00:36:12.276+0700] {processor.py:208} INFO - Processing /home/anhtupham99/NBA-analytics/py_env/lib/python3.11/site-packages/airflow/example_dags/example_trigger_target_dag.py took 0.053 seconds
[2025-04-16T00:37:01.327+0700] {processor.py:186} INFO - Started process (PID=380615) to work on /home/anhtupham99/NBA-analytics/py_env/lib/python3.11/site-packages/airflow/example_dags/example_trigger_target_dag.py
[2025-04-16T00:37:01.328+0700] {processor.py:914} INFO - Processing file /home/anhtupham99/NBA-analytics/py_env/lib/python3.11/site-packages/airflow/example_dags/example_trigger_target_dag.py for tasks to queue
[2025-04-16T00:37:01.330+0700] {logging_mixin.py:190} INFO - [2025-04-16T00:37:01.330+0700] {dagbag.py:588} INFO - Filling up the DagBag from /home/anhtupham99/NBA-analytics/py_env/lib/python3.11/site-packages/airflow/example_dags/example_trigger_target_dag.py
[2025-04-16T00:37:01.337+0700] {processor.py:925} INFO - DAG(s) 'example_trigger_target_dag' retrieved from /home/anhtupham99/NBA-analytics/py_env/lib/python3.11/site-packages/airflow/example_dags/example_trigger_target_dag.py
[2025-04-16T00:37:01.348+0700] {logging_mixin.py:190} INFO - [2025-04-16T00:37:01.348+0700] {dag.py:3239} INFO - Sync 1 DAGs
[2025-04-16T00:37:01.357+0700] {logging_mixin.py:190} INFO - [2025-04-16T00:37:01.357+0700] {dag.py:4180} INFO - Setting next_dagrun for example_trigger_target_dag to None, run_after=None
[2025-04-16T00:37:01.382+0700] {processor.py:208} INFO - Processing /home/anhtupham99/NBA-analytics/py_env/lib/python3.11/site-packages/airflow/example_dags/example_trigger_target_dag.py took 0.060 seconds
