[2025-04-15T23:47:29.063+0700] {processor.py:186} INFO - Started process (PID=298697) to work on /home/anhtupham99/NBA-analytics/py_env/lib/python3.11/site-packages/airflow/example_dags/example_bash_decorator.py
[2025-04-15T23:47:29.064+0700] {processor.py:914} INFO - Processing file /home/anhtupham99/NBA-analytics/py_env/lib/python3.11/site-packages/airflow/example_dags/example_bash_decorator.py for tasks to queue
[2025-04-15T23:47:29.066+0700] {logging_mixin.py:190} INFO - [2025-04-15T23:47:29.065+0700] {dagbag.py:588} INFO - Filling up the DagBag from /home/anhtupham99/NBA-analytics/py_env/lib/python3.11/site-packages/airflow/example_dags/example_bash_decorator.py
[2025-04-15T23:47:29.078+0700] {processor.py:925} INFO - DAG(s) 'example_bash_decorator' retrieved from /home/anhtupham99/NBA-analytics/py_env/lib/python3.11/site-packages/airflow/example_dags/example_bash_decorator.py
[2025-04-15T23:47:29.161+0700] {logging_mixin.py:190} INFO - [2025-04-15T23:47:29.160+0700] {override.py:1912} INFO - Created Permission View: can delete on DAG:example_bash_decorator
[2025-04-15T23:47:29.182+0700] {logging_mixin.py:190} INFO - [2025-04-15T23:47:29.182+0700] {override.py:1912} INFO - Created Permission View: can edit on DAG:example_bash_decorator
[2025-04-15T23:47:29.196+0700] {logging_mixin.py:190} INFO - [2025-04-15T23:47:29.195+0700] {override.py:1912} INFO - Created Permission View: can read on DAG:example_bash_decorator
[2025-04-15T23:47:29.226+0700] {logging_mixin.py:190} INFO - [2025-04-15T23:47:29.225+0700] {override.py:1912} INFO - Created Permission View: can create on DAG Run:example_bash_decorator
[2025-04-15T23:47:29.238+0700] {logging_mixin.py:190} INFO - [2025-04-15T23:47:29.238+0700] {override.py:1912} INFO - Created Permission View: can delete on DAG Run:example_bash_decorator
[2025-04-15T23:47:29.250+0700] {logging_mixin.py:190} INFO - [2025-04-15T23:47:29.250+0700] {override.py:1912} INFO - Created Permission View: menu access on DAG Run:example_bash_decorator
[2025-04-15T23:47:29.263+0700] {logging_mixin.py:190} INFO - [2025-04-15T23:47:29.263+0700] {override.py:1912} INFO - Created Permission View: can read on DAG Run:example_bash_decorator
[2025-04-15T23:47:29.263+0700] {logging_mixin.py:190} INFO - [2025-04-15T23:47:29.263+0700] {dag.py:3239} INFO - Sync 1 DAGs
[2025-04-15T23:47:29.272+0700] {logging_mixin.py:190} INFO - [2025-04-15T23:47:29.272+0700] {dag.py:3262} INFO - Creating ORM DAG for example_bash_decorator
[2025-04-15T23:47:29.272+0700] {logging_mixin.py:190} INFO - [2025-04-15T23:47:29.272+0700] {dag.py:4180} INFO - Setting next_dagrun for example_bash_decorator to None, run_after=None
[2025-04-15T23:47:29.293+0700] {processor.py:208} INFO - Processing /home/anhtupham99/NBA-analytics/py_env/lib/python3.11/site-packages/airflow/example_dags/example_bash_decorator.py took 0.234 seconds
[2025-04-15T23:48:27.590+0700] {processor.py:186} INFO - Started process (PID=300146) to work on /home/anhtupham99/NBA-analytics/py_env/lib/python3.11/site-packages/airflow/example_dags/example_bash_decorator.py
[2025-04-15T23:48:27.591+0700] {processor.py:914} INFO - Processing file /home/anhtupham99/NBA-analytics/py_env/lib/python3.11/site-packages/airflow/example_dags/example_bash_decorator.py for tasks to queue
[2025-04-15T23:48:27.593+0700] {logging_mixin.py:190} INFO - [2025-04-15T23:48:27.592+0700] {dagbag.py:588} INFO - Filling up the DagBag from /home/anhtupham99/NBA-analytics/py_env/lib/python3.11/site-packages/airflow/example_dags/example_bash_decorator.py
[2025-04-15T23:48:27.605+0700] {processor.py:925} INFO - DAG(s) 'example_bash_decorator' retrieved from /home/anhtupham99/NBA-analytics/py_env/lib/python3.11/site-packages/airflow/example_dags/example_bash_decorator.py
[2025-04-15T23:48:27.618+0700] {logging_mixin.py:190} INFO - [2025-04-15T23:48:27.618+0700] {dag.py:3239} INFO - Sync 1 DAGs
[2025-04-15T23:48:27.626+0700] {logging_mixin.py:190} INFO - [2025-04-15T23:48:27.626+0700] {dag.py:4180} INFO - Setting next_dagrun for example_bash_decorator to None, run_after=None
[2025-04-15T23:48:27.649+0700] {processor.py:208} INFO - Processing /home/anhtupham99/NBA-analytics/py_env/lib/python3.11/site-packages/airflow/example_dags/example_bash_decorator.py took 0.063 seconds
[2025-04-15T23:49:20.656+0700] {processor.py:186} INFO - Started process (PID=301215) to work on /home/anhtupham99/NBA-analytics/py_env/lib/python3.11/site-packages/airflow/example_dags/example_bash_decorator.py
[2025-04-15T23:49:20.657+0700] {processor.py:914} INFO - Processing file /home/anhtupham99/NBA-analytics/py_env/lib/python3.11/site-packages/airflow/example_dags/example_bash_decorator.py for tasks to queue
[2025-04-15T23:49:20.659+0700] {logging_mixin.py:190} INFO - [2025-04-15T23:49:20.659+0700] {dagbag.py:588} INFO - Filling up the DagBag from /home/anhtupham99/NBA-analytics/py_env/lib/python3.11/site-packages/airflow/example_dags/example_bash_decorator.py
[2025-04-15T23:49:20.671+0700] {processor.py:925} INFO - DAG(s) 'example_bash_decorator' retrieved from /home/anhtupham99/NBA-analytics/py_env/lib/python3.11/site-packages/airflow/example_dags/example_bash_decorator.py
[2025-04-15T23:49:20.690+0700] {logging_mixin.py:190} INFO - [2025-04-15T23:49:20.690+0700] {dag.py:3239} INFO - Sync 1 DAGs
[2025-04-15T23:49:20.702+0700] {logging_mixin.py:190} INFO - [2025-04-15T23:49:20.701+0700] {dag.py:4180} INFO - Setting next_dagrun for example_bash_decorator to None, run_after=None
[2025-04-15T23:49:20.727+0700] {processor.py:208} INFO - Processing /home/anhtupham99/NBA-analytics/py_env/lib/python3.11/site-packages/airflow/example_dags/example_bash_decorator.py took 0.077 seconds
[2025-04-15T23:50:33.248+0700] {processor.py:186} INFO - Started process (PID=302745) to work on /home/anhtupham99/NBA-analytics/py_env/lib/python3.11/site-packages/airflow/example_dags/example_bash_decorator.py
[2025-04-15T23:50:33.252+0700] {processor.py:914} INFO - Processing file /home/anhtupham99/NBA-analytics/py_env/lib/python3.11/site-packages/airflow/example_dags/example_bash_decorator.py for tasks to queue
[2025-04-15T23:50:33.254+0700] {logging_mixin.py:190} INFO - [2025-04-15T23:50:33.254+0700] {dagbag.py:588} INFO - Filling up the DagBag from /home/anhtupham99/NBA-analytics/py_env/lib/python3.11/site-packages/airflow/example_dags/example_bash_decorator.py
[2025-04-15T23:50:33.268+0700] {processor.py:925} INFO - DAG(s) 'example_bash_decorator' retrieved from /home/anhtupham99/NBA-analytics/py_env/lib/python3.11/site-packages/airflow/example_dags/example_bash_decorator.py
[2025-04-15T23:50:33.285+0700] {logging_mixin.py:190} INFO - [2025-04-15T23:50:33.284+0700] {dag.py:3239} INFO - Sync 1 DAGs
[2025-04-15T23:50:33.415+0700] {logging_mixin.py:190} INFO - [2025-04-15T23:50:33.415+0700] {dag.py:4180} INFO - Setting next_dagrun for example_bash_decorator to None, run_after=None
[2025-04-15T23:50:33.436+0700] {processor.py:208} INFO - Processing /home/anhtupham99/NBA-analytics/py_env/lib/python3.11/site-packages/airflow/example_dags/example_bash_decorator.py took 0.192 seconds
[2025-04-15T23:51:27.988+0700] {processor.py:186} INFO - Started process (PID=303834) to work on /home/anhtupham99/NBA-analytics/py_env/lib/python3.11/site-packages/airflow/example_dags/example_bash_decorator.py
[2025-04-15T23:51:27.991+0700] {processor.py:914} INFO - Processing file /home/anhtupham99/NBA-analytics/py_env/lib/python3.11/site-packages/airflow/example_dags/example_bash_decorator.py for tasks to queue
[2025-04-15T23:51:27.992+0700] {logging_mixin.py:190} INFO - [2025-04-15T23:51:27.992+0700] {dagbag.py:588} INFO - Filling up the DagBag from /home/anhtupham99/NBA-analytics/py_env/lib/python3.11/site-packages/airflow/example_dags/example_bash_decorator.py
[2025-04-15T23:51:28.004+0700] {processor.py:925} INFO - DAG(s) 'example_bash_decorator' retrieved from /home/anhtupham99/NBA-analytics/py_env/lib/python3.11/site-packages/airflow/example_dags/example_bash_decorator.py
[2025-04-15T23:51:28.015+0700] {logging_mixin.py:190} INFO - [2025-04-15T23:51:28.015+0700] {dag.py:3239} INFO - Sync 1 DAGs
[2025-04-15T23:51:28.024+0700] {logging_mixin.py:190} INFO - [2025-04-15T23:51:28.024+0700] {dag.py:4180} INFO - Setting next_dagrun for example_bash_decorator to None, run_after=None
[2025-04-15T23:51:28.046+0700] {processor.py:208} INFO - Processing /home/anhtupham99/NBA-analytics/py_env/lib/python3.11/site-packages/airflow/example_dags/example_bash_decorator.py took 0.062 seconds
[2025-04-15T23:52:37.594+0700] {processor.py:186} INFO - Started process (PID=305185) to work on /home/anhtupham99/NBA-analytics/py_env/lib/python3.11/site-packages/airflow/example_dags/example_bash_decorator.py
[2025-04-15T23:52:37.595+0700] {processor.py:914} INFO - Processing file /home/anhtupham99/NBA-analytics/py_env/lib/python3.11/site-packages/airflow/example_dags/example_bash_decorator.py for tasks to queue
[2025-04-15T23:52:37.597+0700] {logging_mixin.py:190} INFO - [2025-04-15T23:52:37.597+0700] {dagbag.py:588} INFO - Filling up the DagBag from /home/anhtupham99/NBA-analytics/py_env/lib/python3.11/site-packages/airflow/example_dags/example_bash_decorator.py
[2025-04-15T23:52:37.611+0700] {processor.py:925} INFO - DAG(s) 'example_bash_decorator' retrieved from /home/anhtupham99/NBA-analytics/py_env/lib/python3.11/site-packages/airflow/example_dags/example_bash_decorator.py
[2025-04-15T23:52:37.625+0700] {logging_mixin.py:190} INFO - [2025-04-15T23:52:37.625+0700] {dag.py:3239} INFO - Sync 1 DAGs
[2025-04-15T23:52:37.636+0700] {logging_mixin.py:190} INFO - [2025-04-15T23:52:37.635+0700] {dag.py:4180} INFO - Setting next_dagrun for example_bash_decorator to None, run_after=None
[2025-04-15T23:52:37.660+0700] {processor.py:208} INFO - Processing /home/anhtupham99/NBA-analytics/py_env/lib/python3.11/site-packages/airflow/example_dags/example_bash_decorator.py took 0.071 seconds
[2025-04-15T23:53:48.818+0700] {processor.py:186} INFO - Started process (PID=306542) to work on /home/anhtupham99/NBA-analytics/py_env/lib/python3.11/site-packages/airflow/example_dags/example_bash_decorator.py
[2025-04-15T23:53:48.819+0700] {processor.py:914} INFO - Processing file /home/anhtupham99/NBA-analytics/py_env/lib/python3.11/site-packages/airflow/example_dags/example_bash_decorator.py for tasks to queue
[2025-04-15T23:53:48.821+0700] {logging_mixin.py:190} INFO - [2025-04-15T23:53:48.821+0700] {dagbag.py:588} INFO - Filling up the DagBag from /home/anhtupham99/NBA-analytics/py_env/lib/python3.11/site-packages/airflow/example_dags/example_bash_decorator.py
[2025-04-15T23:53:48.834+0700] {processor.py:925} INFO - DAG(s) 'example_bash_decorator' retrieved from /home/anhtupham99/NBA-analytics/py_env/lib/python3.11/site-packages/airflow/example_dags/example_bash_decorator.py
[2025-04-15T23:53:48.848+0700] {logging_mixin.py:190} INFO - [2025-04-15T23:53:48.848+0700] {dag.py:3239} INFO - Sync 1 DAGs
[2025-04-15T23:53:48.857+0700] {logging_mixin.py:190} INFO - [2025-04-15T23:53:48.857+0700] {dag.py:4180} INFO - Setting next_dagrun for example_bash_decorator to None, run_after=None
[2025-04-15T23:53:48.881+0700] {processor.py:208} INFO - Processing /home/anhtupham99/NBA-analytics/py_env/lib/python3.11/site-packages/airflow/example_dags/example_bash_decorator.py took 0.068 seconds
[2025-04-15T23:54:58.819+0700] {processor.py:186} INFO - Started process (PID=307924) to work on /home/anhtupham99/NBA-analytics/py_env/lib/python3.11/site-packages/airflow/example_dags/example_bash_decorator.py
[2025-04-15T23:54:58.820+0700] {processor.py:914} INFO - Processing file /home/anhtupham99/NBA-analytics/py_env/lib/python3.11/site-packages/airflow/example_dags/example_bash_decorator.py for tasks to queue
[2025-04-15T23:54:58.822+0700] {logging_mixin.py:190} INFO - [2025-04-15T23:54:58.822+0700] {dagbag.py:588} INFO - Filling up the DagBag from /home/anhtupham99/NBA-analytics/py_env/lib/python3.11/site-packages/airflow/example_dags/example_bash_decorator.py
[2025-04-15T23:54:58.833+0700] {processor.py:925} INFO - DAG(s) 'example_bash_decorator' retrieved from /home/anhtupham99/NBA-analytics/py_env/lib/python3.11/site-packages/airflow/example_dags/example_bash_decorator.py
[2025-04-15T23:54:58.845+0700] {logging_mixin.py:190} INFO - [2025-04-15T23:54:58.844+0700] {dag.py:3239} INFO - Sync 1 DAGs
[2025-04-15T23:54:58.852+0700] {logging_mixin.py:190} INFO - [2025-04-15T23:54:58.852+0700] {dag.py:4180} INFO - Setting next_dagrun for example_bash_decorator to None, run_after=None
[2025-04-15T23:54:58.873+0700] {processor.py:208} INFO - Processing /home/anhtupham99/NBA-analytics/py_env/lib/python3.11/site-packages/airflow/example_dags/example_bash_decorator.py took 0.058 seconds
[2025-04-15T23:56:17.119+0700] {processor.py:186} INFO - Started process (PID=311510) to work on /home/anhtupham99/NBA-analytics/py_env/lib/python3.11/site-packages/airflow/example_dags/example_bash_decorator.py
[2025-04-15T23:56:17.120+0700] {processor.py:914} INFO - Processing file /home/anhtupham99/NBA-analytics/py_env/lib/python3.11/site-packages/airflow/example_dags/example_bash_decorator.py for tasks to queue
[2025-04-15T23:56:17.122+0700] {logging_mixin.py:190} INFO - [2025-04-15T23:56:17.122+0700] {dagbag.py:588} INFO - Filling up the DagBag from /home/anhtupham99/NBA-analytics/py_env/lib/python3.11/site-packages/airflow/example_dags/example_bash_decorator.py
[2025-04-15T23:56:17.135+0700] {processor.py:925} INFO - DAG(s) 'example_bash_decorator' retrieved from /home/anhtupham99/NBA-analytics/py_env/lib/python3.11/site-packages/airflow/example_dags/example_bash_decorator.py
[2025-04-15T23:56:17.151+0700] {logging_mixin.py:190} INFO - [2025-04-15T23:56:17.151+0700] {dag.py:3239} INFO - Sync 1 DAGs
[2025-04-15T23:56:17.161+0700] {logging_mixin.py:190} INFO - [2025-04-15T23:56:17.161+0700] {dag.py:4180} INFO - Setting next_dagrun for example_bash_decorator to None, run_after=None
[2025-04-15T23:56:17.185+0700] {processor.py:208} INFO - Processing /home/anhtupham99/NBA-analytics/py_env/lib/python3.11/site-packages/airflow/example_dags/example_bash_decorator.py took 0.072 seconds
[2025-04-15T23:57:26.168+0700] {processor.py:186} INFO - Started process (PID=312848) to work on /home/anhtupham99/NBA-analytics/py_env/lib/python3.11/site-packages/airflow/example_dags/example_bash_decorator.py
[2025-04-15T23:57:26.169+0700] {processor.py:914} INFO - Processing file /home/anhtupham99/NBA-analytics/py_env/lib/python3.11/site-packages/airflow/example_dags/example_bash_decorator.py for tasks to queue
[2025-04-15T23:57:26.172+0700] {logging_mixin.py:190} INFO - [2025-04-15T23:57:26.171+0700] {dagbag.py:588} INFO - Filling up the DagBag from /home/anhtupham99/NBA-analytics/py_env/lib/python3.11/site-packages/airflow/example_dags/example_bash_decorator.py
[2025-04-15T23:57:26.187+0700] {processor.py:925} INFO - DAG(s) 'example_bash_decorator' retrieved from /home/anhtupham99/NBA-analytics/py_env/lib/python3.11/site-packages/airflow/example_dags/example_bash_decorator.py
[2025-04-15T23:57:26.202+0700] {logging_mixin.py:190} INFO - [2025-04-15T23:57:26.202+0700] {dag.py:3239} INFO - Sync 1 DAGs
[2025-04-15T23:57:26.212+0700] {logging_mixin.py:190} INFO - [2025-04-15T23:57:26.212+0700] {dag.py:4180} INFO - Setting next_dagrun for example_bash_decorator to None, run_after=None
[2025-04-15T23:57:26.236+0700] {processor.py:208} INFO - Processing /home/anhtupham99/NBA-analytics/py_env/lib/python3.11/site-packages/airflow/example_dags/example_bash_decorator.py took 0.074 seconds
[2025-04-15T23:58:41.758+0700] {processor.py:186} INFO - Started process (PID=314298) to work on /home/anhtupham99/NBA-analytics/py_env/lib/python3.11/site-packages/airflow/example_dags/example_bash_decorator.py
[2025-04-15T23:58:41.759+0700] {processor.py:914} INFO - Processing file /home/anhtupham99/NBA-analytics/py_env/lib/python3.11/site-packages/airflow/example_dags/example_bash_decorator.py for tasks to queue
[2025-04-15T23:58:41.760+0700] {logging_mixin.py:190} INFO - [2025-04-15T23:58:41.760+0700] {dagbag.py:588} INFO - Filling up the DagBag from /home/anhtupham99/NBA-analytics/py_env/lib/python3.11/site-packages/airflow/example_dags/example_bash_decorator.py
[2025-04-15T23:58:41.771+0700] {processor.py:925} INFO - DAG(s) 'example_bash_decorator' retrieved from /home/anhtupham99/NBA-analytics/py_env/lib/python3.11/site-packages/airflow/example_dags/example_bash_decorator.py
[2025-04-15T23:58:41.786+0700] {logging_mixin.py:190} INFO - [2025-04-15T23:58:41.786+0700] {dag.py:3239} INFO - Sync 1 DAGs
[2025-04-15T23:58:41.797+0700] {logging_mixin.py:190} INFO - [2025-04-15T23:58:41.796+0700] {dag.py:4180} INFO - Setting next_dagrun for example_bash_decorator to None, run_after=None
[2025-04-15T23:58:41.819+0700] {processor.py:208} INFO - Processing /home/anhtupham99/NBA-analytics/py_env/lib/python3.11/site-packages/airflow/example_dags/example_bash_decorator.py took 0.067 seconds
[2025-04-15T23:59:54.072+0700] {processor.py:186} INFO - Started process (PID=315736) to work on /home/anhtupham99/NBA-analytics/py_env/lib/python3.11/site-packages/airflow/example_dags/example_bash_decorator.py
[2025-04-15T23:59:54.073+0700] {processor.py:914} INFO - Processing file /home/anhtupham99/NBA-analytics/py_env/lib/python3.11/site-packages/airflow/example_dags/example_bash_decorator.py for tasks to queue
[2025-04-15T23:59:54.076+0700] {logging_mixin.py:190} INFO - [2025-04-15T23:59:54.075+0700] {dagbag.py:588} INFO - Filling up the DagBag from /home/anhtupham99/NBA-analytics/py_env/lib/python3.11/site-packages/airflow/example_dags/example_bash_decorator.py
[2025-04-15T23:59:54.090+0700] {processor.py:925} INFO - DAG(s) 'example_bash_decorator' retrieved from /home/anhtupham99/NBA-analytics/py_env/lib/python3.11/site-packages/airflow/example_dags/example_bash_decorator.py
[2025-04-15T23:59:54.107+0700] {logging_mixin.py:190} INFO - [2025-04-15T23:59:54.107+0700] {dag.py:3239} INFO - Sync 1 DAGs
[2025-04-15T23:59:54.119+0700] {logging_mixin.py:190} INFO - [2025-04-15T23:59:54.118+0700] {dag.py:4180} INFO - Setting next_dagrun for example_bash_decorator to None, run_after=None
[2025-04-15T23:59:54.145+0700] {processor.py:208} INFO - Processing /home/anhtupham99/NBA-analytics/py_env/lib/python3.11/site-packages/airflow/example_dags/example_bash_decorator.py took 0.079 seconds
[2025-04-16T00:01:05.306+0700] {processor.py:186} INFO - Started process (PID=317240) to work on /home/anhtupham99/NBA-analytics/py_env/lib/python3.11/site-packages/airflow/example_dags/example_bash_decorator.py
[2025-04-16T00:01:05.307+0700] {processor.py:914} INFO - Processing file /home/anhtupham99/NBA-analytics/py_env/lib/python3.11/site-packages/airflow/example_dags/example_bash_decorator.py for tasks to queue
[2025-04-16T00:01:05.309+0700] {logging_mixin.py:190} INFO - [2025-04-16T00:01:05.309+0700] {dagbag.py:588} INFO - Filling up the DagBag from /home/anhtupham99/NBA-analytics/py_env/lib/python3.11/site-packages/airflow/example_dags/example_bash_decorator.py
[2025-04-16T00:01:05.321+0700] {processor.py:925} INFO - DAG(s) 'example_bash_decorator' retrieved from /home/anhtupham99/NBA-analytics/py_env/lib/python3.11/site-packages/airflow/example_dags/example_bash_decorator.py
[2025-04-16T00:01:05.335+0700] {logging_mixin.py:190} INFO - [2025-04-16T00:01:05.335+0700] {dag.py:3239} INFO - Sync 1 DAGs
[2025-04-16T00:01:05.344+0700] {logging_mixin.py:190} INFO - [2025-04-16T00:01:05.344+0700] {dag.py:4180} INFO - Setting next_dagrun for example_bash_decorator to None, run_after=None
[2025-04-16T00:01:05.367+0700] {processor.py:208} INFO - Processing /home/anhtupham99/NBA-analytics/py_env/lib/python3.11/site-packages/airflow/example_dags/example_bash_decorator.py took 0.066 seconds
[2025-04-16T00:02:14.571+0700] {processor.py:186} INFO - Started process (PID=318559) to work on /home/anhtupham99/NBA-analytics/py_env/lib/python3.11/site-packages/airflow/example_dags/example_bash_decorator.py
[2025-04-16T00:02:14.572+0700] {processor.py:914} INFO - Processing file /home/anhtupham99/NBA-analytics/py_env/lib/python3.11/site-packages/airflow/example_dags/example_bash_decorator.py for tasks to queue
[2025-04-16T00:02:14.574+0700] {logging_mixin.py:190} INFO - [2025-04-16T00:02:14.573+0700] {dagbag.py:588} INFO - Filling up the DagBag from /home/anhtupham99/NBA-analytics/py_env/lib/python3.11/site-packages/airflow/example_dags/example_bash_decorator.py
[2025-04-16T00:02:14.584+0700] {processor.py:925} INFO - DAG(s) 'example_bash_decorator' retrieved from /home/anhtupham99/NBA-analytics/py_env/lib/python3.11/site-packages/airflow/example_dags/example_bash_decorator.py
[2025-04-16T00:02:14.596+0700] {logging_mixin.py:190} INFO - [2025-04-16T00:02:14.596+0700] {dag.py:3239} INFO - Sync 1 DAGs
[2025-04-16T00:02:14.606+0700] {logging_mixin.py:190} INFO - [2025-04-16T00:02:14.605+0700] {dag.py:4180} INFO - Setting next_dagrun for example_bash_decorator to None, run_after=None
[2025-04-16T00:02:14.627+0700] {processor.py:208} INFO - Processing /home/anhtupham99/NBA-analytics/py_env/lib/python3.11/site-packages/airflow/example_dags/example_bash_decorator.py took 0.060 seconds
[2025-04-16T00:03:19.875+0700] {processor.py:186} INFO - Started process (PID=319809) to work on /home/anhtupham99/NBA-analytics/py_env/lib/python3.11/site-packages/airflow/example_dags/example_bash_decorator.py
[2025-04-16T00:03:19.878+0700] {processor.py:914} INFO - Processing file /home/anhtupham99/NBA-analytics/py_env/lib/python3.11/site-packages/airflow/example_dags/example_bash_decorator.py for tasks to queue
[2025-04-16T00:03:19.879+0700] {logging_mixin.py:190} INFO - [2025-04-16T00:03:19.879+0700] {dagbag.py:588} INFO - Filling up the DagBag from /home/anhtupham99/NBA-analytics/py_env/lib/python3.11/site-packages/airflow/example_dags/example_bash_decorator.py
[2025-04-16T00:03:19.892+0700] {processor.py:925} INFO - DAG(s) 'example_bash_decorator' retrieved from /home/anhtupham99/NBA-analytics/py_env/lib/python3.11/site-packages/airflow/example_dags/example_bash_decorator.py
[2025-04-16T00:03:19.906+0700] {logging_mixin.py:190} INFO - [2025-04-16T00:03:19.906+0700] {dag.py:3239} INFO - Sync 1 DAGs
[2025-04-16T00:03:19.916+0700] {logging_mixin.py:190} INFO - [2025-04-16T00:03:19.916+0700] {dag.py:4180} INFO - Setting next_dagrun for example_bash_decorator to None, run_after=None
[2025-04-16T00:03:19.937+0700] {processor.py:208} INFO - Processing /home/anhtupham99/NBA-analytics/py_env/lib/python3.11/site-packages/airflow/example_dags/example_bash_decorator.py took 0.067 seconds
[2025-04-16T00:04:30.274+0700] {processor.py:186} INFO - Started process (PID=321352) to work on /home/anhtupham99/NBA-analytics/py_env/lib/python3.11/site-packages/airflow/example_dags/example_bash_decorator.py
[2025-04-16T00:04:30.275+0700] {processor.py:914} INFO - Processing file /home/anhtupham99/NBA-analytics/py_env/lib/python3.11/site-packages/airflow/example_dags/example_bash_decorator.py for tasks to queue
[2025-04-16T00:04:30.279+0700] {logging_mixin.py:190} INFO - [2025-04-16T00:04:30.278+0700] {dagbag.py:588} INFO - Filling up the DagBag from /home/anhtupham99/NBA-analytics/py_env/lib/python3.11/site-packages/airflow/example_dags/example_bash_decorator.py
[2025-04-16T00:04:30.304+0700] {processor.py:925} INFO - DAG(s) 'example_bash_decorator' retrieved from /home/anhtupham99/NBA-analytics/py_env/lib/python3.11/site-packages/airflow/example_dags/example_bash_decorator.py
[2025-04-16T00:04:30.326+0700] {logging_mixin.py:190} INFO - [2025-04-16T00:04:30.325+0700] {dag.py:3239} INFO - Sync 1 DAGs
[2025-04-16T00:04:30.345+0700] {logging_mixin.py:190} INFO - [2025-04-16T00:04:30.345+0700] {dag.py:4180} INFO - Setting next_dagrun for example_bash_decorator to None, run_after=None
[2025-04-16T00:04:30.386+0700] {processor.py:208} INFO - Processing /home/anhtupham99/NBA-analytics/py_env/lib/python3.11/site-packages/airflow/example_dags/example_bash_decorator.py took 0.124 seconds
[2025-04-16T00:05:45.030+0700] {processor.py:186} INFO - Started process (PID=322729) to work on /home/anhtupham99/NBA-analytics/py_env/lib/python3.11/site-packages/airflow/example_dags/example_bash_decorator.py
[2025-04-16T00:05:45.032+0700] {processor.py:914} INFO - Processing file /home/anhtupham99/NBA-analytics/py_env/lib/python3.11/site-packages/airflow/example_dags/example_bash_decorator.py for tasks to queue
[2025-04-16T00:05:45.034+0700] {logging_mixin.py:190} INFO - [2025-04-16T00:05:45.034+0700] {dagbag.py:588} INFO - Filling up the DagBag from /home/anhtupham99/NBA-analytics/py_env/lib/python3.11/site-packages/airflow/example_dags/example_bash_decorator.py
[2025-04-16T00:05:45.052+0700] {processor.py:925} INFO - DAG(s) 'example_bash_decorator' retrieved from /home/anhtupham99/NBA-analytics/py_env/lib/python3.11/site-packages/airflow/example_dags/example_bash_decorator.py
[2025-04-16T00:05:45.069+0700] {logging_mixin.py:190} INFO - [2025-04-16T00:05:45.069+0700] {dag.py:3239} INFO - Sync 1 DAGs
[2025-04-16T00:05:45.080+0700] {logging_mixin.py:190} INFO - [2025-04-16T00:05:45.080+0700] {dag.py:4180} INFO - Setting next_dagrun for example_bash_decorator to None, run_after=None
[2025-04-16T00:05:45.107+0700] {processor.py:208} INFO - Processing /home/anhtupham99/NBA-analytics/py_env/lib/python3.11/site-packages/airflow/example_dags/example_bash_decorator.py took 0.082 seconds
[2025-04-16T00:06:56.716+0700] {processor.py:186} INFO - Started process (PID=324302) to work on /home/anhtupham99/NBA-analytics/py_env/lib/python3.11/site-packages/airflow/example_dags/example_bash_decorator.py
[2025-04-16T00:06:56.717+0700] {processor.py:914} INFO - Processing file /home/anhtupham99/NBA-analytics/py_env/lib/python3.11/site-packages/airflow/example_dags/example_bash_decorator.py for tasks to queue
[2025-04-16T00:06:56.720+0700] {logging_mixin.py:190} INFO - [2025-04-16T00:06:56.719+0700] {dagbag.py:588} INFO - Filling up the DagBag from /home/anhtupham99/NBA-analytics/py_env/lib/python3.11/site-packages/airflow/example_dags/example_bash_decorator.py
[2025-04-16T00:06:56.734+0700] {processor.py:925} INFO - DAG(s) 'example_bash_decorator' retrieved from /home/anhtupham99/NBA-analytics/py_env/lib/python3.11/site-packages/airflow/example_dags/example_bash_decorator.py
[2025-04-16T00:06:56.751+0700] {logging_mixin.py:190} INFO - [2025-04-16T00:06:56.750+0700] {dag.py:3239} INFO - Sync 1 DAGs
[2025-04-16T00:06:56.763+0700] {logging_mixin.py:190} INFO - [2025-04-16T00:06:56.763+0700] {dag.py:4180} INFO - Setting next_dagrun for example_bash_decorator to None, run_after=None
[2025-04-16T00:06:56.790+0700] {processor.py:208} INFO - Processing /home/anhtupham99/NBA-analytics/py_env/lib/python3.11/site-packages/airflow/example_dags/example_bash_decorator.py took 0.079 seconds
[2025-04-16T00:08:06.108+0700] {processor.py:186} INFO - Started process (PID=325597) to work on /home/anhtupham99/NBA-analytics/py_env/lib/python3.11/site-packages/airflow/example_dags/example_bash_decorator.py
[2025-04-16T00:08:06.109+0700] {processor.py:914} INFO - Processing file /home/anhtupham99/NBA-analytics/py_env/lib/python3.11/site-packages/airflow/example_dags/example_bash_decorator.py for tasks to queue
[2025-04-16T00:08:06.113+0700] {logging_mixin.py:190} INFO - [2025-04-16T00:08:06.112+0700] {dagbag.py:588} INFO - Filling up the DagBag from /home/anhtupham99/NBA-analytics/py_env/lib/python3.11/site-packages/airflow/example_dags/example_bash_decorator.py
[2025-04-16T00:08:06.130+0700] {processor.py:925} INFO - DAG(s) 'example_bash_decorator' retrieved from /home/anhtupham99/NBA-analytics/py_env/lib/python3.11/site-packages/airflow/example_dags/example_bash_decorator.py
[2025-04-16T00:08:06.147+0700] {logging_mixin.py:190} INFO - [2025-04-16T00:08:06.147+0700] {dag.py:3239} INFO - Sync 1 DAGs
[2025-04-16T00:08:06.159+0700] {logging_mixin.py:190} INFO - [2025-04-16T00:08:06.159+0700] {dag.py:4180} INFO - Setting next_dagrun for example_bash_decorator to None, run_after=None
[2025-04-16T00:08:06.186+0700] {processor.py:208} INFO - Processing /home/anhtupham99/NBA-analytics/py_env/lib/python3.11/site-packages/airflow/example_dags/example_bash_decorator.py took 0.085 seconds
[2025-04-16T00:09:18.899+0700] {processor.py:186} INFO - Started process (PID=326943) to work on /home/anhtupham99/NBA-analytics/py_env/lib/python3.11/site-packages/airflow/example_dags/example_bash_decorator.py
[2025-04-16T00:09:18.901+0700] {processor.py:914} INFO - Processing file /home/anhtupham99/NBA-analytics/py_env/lib/python3.11/site-packages/airflow/example_dags/example_bash_decorator.py for tasks to queue
[2025-04-16T00:09:18.902+0700] {logging_mixin.py:190} INFO - [2025-04-16T00:09:18.902+0700] {dagbag.py:588} INFO - Filling up the DagBag from /home/anhtupham99/NBA-analytics/py_env/lib/python3.11/site-packages/airflow/example_dags/example_bash_decorator.py
[2025-04-16T00:09:18.918+0700] {processor.py:925} INFO - DAG(s) 'example_bash_decorator' retrieved from /home/anhtupham99/NBA-analytics/py_env/lib/python3.11/site-packages/airflow/example_dags/example_bash_decorator.py
[2025-04-16T00:09:18.934+0700] {logging_mixin.py:190} INFO - [2025-04-16T00:09:18.934+0700] {dag.py:3239} INFO - Sync 1 DAGs
[2025-04-16T00:09:18.945+0700] {logging_mixin.py:190} INFO - [2025-04-16T00:09:18.945+0700] {dag.py:4180} INFO - Setting next_dagrun for example_bash_decorator to None, run_after=None
[2025-04-16T00:09:18.970+0700] {processor.py:208} INFO - Processing /home/anhtupham99/NBA-analytics/py_env/lib/python3.11/site-packages/airflow/example_dags/example_bash_decorator.py took 0.076 seconds
[2025-04-16T00:10:30.542+0700] {processor.py:186} INFO - Started process (PID=328644) to work on /home/anhtupham99/NBA-analytics/py_env/lib/python3.11/site-packages/airflow/example_dags/example_bash_decorator.py
[2025-04-16T00:10:30.543+0700] {processor.py:914} INFO - Processing file /home/anhtupham99/NBA-analytics/py_env/lib/python3.11/site-packages/airflow/example_dags/example_bash_decorator.py for tasks to queue
[2025-04-16T00:10:30.545+0700] {logging_mixin.py:190} INFO - [2025-04-16T00:10:30.545+0700] {dagbag.py:588} INFO - Filling up the DagBag from /home/anhtupham99/NBA-analytics/py_env/lib/python3.11/site-packages/airflow/example_dags/example_bash_decorator.py
[2025-04-16T00:10:30.556+0700] {processor.py:925} INFO - DAG(s) 'example_bash_decorator' retrieved from /home/anhtupham99/NBA-analytics/py_env/lib/python3.11/site-packages/airflow/example_dags/example_bash_decorator.py
[2025-04-16T00:10:30.568+0700] {logging_mixin.py:190} INFO - [2025-04-16T00:10:30.568+0700] {dag.py:3239} INFO - Sync 1 DAGs
[2025-04-16T00:10:30.576+0700] {logging_mixin.py:190} INFO - [2025-04-16T00:10:30.576+0700] {dag.py:4180} INFO - Setting next_dagrun for example_bash_decorator to None, run_after=None
[2025-04-16T00:10:30.600+0700] {processor.py:208} INFO - Processing /home/anhtupham99/NBA-analytics/py_env/lib/python3.11/site-packages/airflow/example_dags/example_bash_decorator.py took 0.063 seconds
[2025-04-16T00:11:43.718+0700] {processor.py:186} INFO - Started process (PID=330266) to work on /home/anhtupham99/NBA-analytics/py_env/lib/python3.11/site-packages/airflow/example_dags/example_bash_decorator.py
[2025-04-16T00:11:43.722+0700] {processor.py:914} INFO - Processing file /home/anhtupham99/NBA-analytics/py_env/lib/python3.11/site-packages/airflow/example_dags/example_bash_decorator.py for tasks to queue
[2025-04-16T00:11:43.724+0700] {logging_mixin.py:190} INFO - [2025-04-16T00:11:43.723+0700] {dagbag.py:588} INFO - Filling up the DagBag from /home/anhtupham99/NBA-analytics/py_env/lib/python3.11/site-packages/airflow/example_dags/example_bash_decorator.py
[2025-04-16T00:11:43.737+0700] {processor.py:925} INFO - DAG(s) 'example_bash_decorator' retrieved from /home/anhtupham99/NBA-analytics/py_env/lib/python3.11/site-packages/airflow/example_dags/example_bash_decorator.py
[2025-04-16T00:11:43.752+0700] {logging_mixin.py:190} INFO - [2025-04-16T00:11:43.752+0700] {dag.py:3239} INFO - Sync 1 DAGs
[2025-04-16T00:11:43.762+0700] {logging_mixin.py:190} INFO - [2025-04-16T00:11:43.762+0700] {dag.py:4180} INFO - Setting next_dagrun for example_bash_decorator to None, run_after=None
[2025-04-16T00:11:43.787+0700] {processor.py:208} INFO - Processing /home/anhtupham99/NBA-analytics/py_env/lib/python3.11/site-packages/airflow/example_dags/example_bash_decorator.py took 0.075 seconds
[2025-04-16T00:12:51.435+0700] {processor.py:186} INFO - Started process (PID=332477) to work on /home/anhtupham99/NBA-analytics/py_env/lib/python3.11/site-packages/airflow/example_dags/example_bash_decorator.py
[2025-04-16T00:12:51.436+0700] {processor.py:914} INFO - Processing file /home/anhtupham99/NBA-analytics/py_env/lib/python3.11/site-packages/airflow/example_dags/example_bash_decorator.py for tasks to queue
[2025-04-16T00:12:51.438+0700] {logging_mixin.py:190} INFO - [2025-04-16T00:12:51.438+0700] {dagbag.py:588} INFO - Filling up the DagBag from /home/anhtupham99/NBA-analytics/py_env/lib/python3.11/site-packages/airflow/example_dags/example_bash_decorator.py
[2025-04-16T00:12:51.452+0700] {processor.py:925} INFO - DAG(s) 'example_bash_decorator' retrieved from /home/anhtupham99/NBA-analytics/py_env/lib/python3.11/site-packages/airflow/example_dags/example_bash_decorator.py
[2025-04-16T00:12:51.466+0700] {logging_mixin.py:190} INFO - [2025-04-16T00:12:51.466+0700] {dag.py:3239} INFO - Sync 1 DAGs
[2025-04-16T00:12:51.476+0700] {logging_mixin.py:190} INFO - [2025-04-16T00:12:51.476+0700] {dag.py:4180} INFO - Setting next_dagrun for example_bash_decorator to None, run_after=None
[2025-04-16T00:12:51.500+0700] {processor.py:208} INFO - Processing /home/anhtupham99/NBA-analytics/py_env/lib/python3.11/site-packages/airflow/example_dags/example_bash_decorator.py took 0.070 seconds
[2025-04-16T00:14:07.521+0700] {processor.py:186} INFO - Started process (PID=335223) to work on /home/anhtupham99/NBA-analytics/py_env/lib/python3.11/site-packages/airflow/example_dags/example_bash_decorator.py
[2025-04-16T00:14:07.522+0700] {processor.py:914} INFO - Processing file /home/anhtupham99/NBA-analytics/py_env/lib/python3.11/site-packages/airflow/example_dags/example_bash_decorator.py for tasks to queue
[2025-04-16T00:14:07.524+0700] {logging_mixin.py:190} INFO - [2025-04-16T00:14:07.523+0700] {dagbag.py:588} INFO - Filling up the DagBag from /home/anhtupham99/NBA-analytics/py_env/lib/python3.11/site-packages/airflow/example_dags/example_bash_decorator.py
[2025-04-16T00:14:07.534+0700] {processor.py:925} INFO - DAG(s) 'example_bash_decorator' retrieved from /home/anhtupham99/NBA-analytics/py_env/lib/python3.11/site-packages/airflow/example_dags/example_bash_decorator.py
[2025-04-16T00:14:07.548+0700] {logging_mixin.py:190} INFO - [2025-04-16T00:14:07.548+0700] {dag.py:3239} INFO - Sync 1 DAGs
[2025-04-16T00:14:07.557+0700] {logging_mixin.py:190} INFO - [2025-04-16T00:14:07.557+0700] {dag.py:4180} INFO - Setting next_dagrun for example_bash_decorator to None, run_after=None
[2025-04-16T00:14:07.587+0700] {processor.py:208} INFO - Processing /home/anhtupham99/NBA-analytics/py_env/lib/python3.11/site-packages/airflow/example_dags/example_bash_decorator.py took 0.070 seconds
[2025-04-16T00:15:21.034+0700] {processor.py:186} INFO - Started process (PID=338238) to work on /home/anhtupham99/NBA-analytics/py_env/lib/python3.11/site-packages/airflow/example_dags/example_bash_decorator.py
[2025-04-16T00:15:21.035+0700] {processor.py:914} INFO - Processing file /home/anhtupham99/NBA-analytics/py_env/lib/python3.11/site-packages/airflow/example_dags/example_bash_decorator.py for tasks to queue
[2025-04-16T00:15:21.037+0700] {logging_mixin.py:190} INFO - [2025-04-16T00:15:21.037+0700] {dagbag.py:588} INFO - Filling up the DagBag from /home/anhtupham99/NBA-analytics/py_env/lib/python3.11/site-packages/airflow/example_dags/example_bash_decorator.py
[2025-04-16T00:15:21.048+0700] {processor.py:925} INFO - DAG(s) 'example_bash_decorator' retrieved from /home/anhtupham99/NBA-analytics/py_env/lib/python3.11/site-packages/airflow/example_dags/example_bash_decorator.py
[2025-04-16T00:15:21.061+0700] {logging_mixin.py:190} INFO - [2025-04-16T00:15:21.060+0700] {dag.py:3239} INFO - Sync 1 DAGs
[2025-04-16T00:15:21.070+0700] {logging_mixin.py:190} INFO - [2025-04-16T00:15:21.070+0700] {dag.py:4180} INFO - Setting next_dagrun for example_bash_decorator to None, run_after=None
[2025-04-16T00:15:21.094+0700] {processor.py:208} INFO - Processing /home/anhtupham99/NBA-analytics/py_env/lib/python3.11/site-packages/airflow/example_dags/example_bash_decorator.py took 0.065 seconds
[2025-04-16T00:16:36.576+0700] {processor.py:186} INFO - Started process (PID=342161) to work on /home/anhtupham99/NBA-analytics/py_env/lib/python3.11/site-packages/airflow/example_dags/example_bash_decorator.py
[2025-04-16T00:16:36.580+0700] {processor.py:914} INFO - Processing file /home/anhtupham99/NBA-analytics/py_env/lib/python3.11/site-packages/airflow/example_dags/example_bash_decorator.py for tasks to queue
[2025-04-16T00:16:36.582+0700] {logging_mixin.py:190} INFO - [2025-04-16T00:16:36.582+0700] {dagbag.py:588} INFO - Filling up the DagBag from /home/anhtupham99/NBA-analytics/py_env/lib/python3.11/site-packages/airflow/example_dags/example_bash_decorator.py
[2025-04-16T00:16:36.594+0700] {processor.py:925} INFO - DAG(s) 'example_bash_decorator' retrieved from /home/anhtupham99/NBA-analytics/py_env/lib/python3.11/site-packages/airflow/example_dags/example_bash_decorator.py
[2025-04-16T00:16:36.609+0700] {logging_mixin.py:190} INFO - [2025-04-16T00:16:36.608+0700] {dag.py:3239} INFO - Sync 1 DAGs
[2025-04-16T00:16:36.618+0700] {logging_mixin.py:190} INFO - [2025-04-16T00:16:36.618+0700] {dag.py:4180} INFO - Setting next_dagrun for example_bash_decorator to None, run_after=None
[2025-04-16T00:16:36.648+0700] {processor.py:208} INFO - Processing /home/anhtupham99/NBA-analytics/py_env/lib/python3.11/site-packages/airflow/example_dags/example_bash_decorator.py took 0.076 seconds
[2025-04-16T00:17:49.998+0700] {processor.py:186} INFO - Started process (PID=345075) to work on /home/anhtupham99/NBA-analytics/py_env/lib/python3.11/site-packages/airflow/example_dags/example_bash_decorator.py
[2025-04-16T00:17:50.000+0700] {processor.py:914} INFO - Processing file /home/anhtupham99/NBA-analytics/py_env/lib/python3.11/site-packages/airflow/example_dags/example_bash_decorator.py for tasks to queue
[2025-04-16T00:17:50.001+0700] {logging_mixin.py:190} INFO - [2025-04-16T00:17:50.001+0700] {dagbag.py:588} INFO - Filling up the DagBag from /home/anhtupham99/NBA-analytics/py_env/lib/python3.11/site-packages/airflow/example_dags/example_bash_decorator.py
[2025-04-16T00:17:50.015+0700] {processor.py:925} INFO - DAG(s) 'example_bash_decorator' retrieved from /home/anhtupham99/NBA-analytics/py_env/lib/python3.11/site-packages/airflow/example_dags/example_bash_decorator.py
[2025-04-16T00:17:50.030+0700] {logging_mixin.py:190} INFO - [2025-04-16T00:17:50.030+0700] {dag.py:3239} INFO - Sync 1 DAGs
[2025-04-16T00:17:50.041+0700] {logging_mixin.py:190} INFO - [2025-04-16T00:17:50.041+0700] {dag.py:4180} INFO - Setting next_dagrun for example_bash_decorator to None, run_after=None
[2025-04-16T00:17:50.078+0700] {processor.py:208} INFO - Processing /home/anhtupham99/NBA-analytics/py_env/lib/python3.11/site-packages/airflow/example_dags/example_bash_decorator.py took 0.084 seconds
[2025-04-16T00:19:04.438+0700] {processor.py:186} INFO - Started process (PID=349023) to work on /home/anhtupham99/NBA-analytics/py_env/lib/python3.11/site-packages/airflow/example_dags/example_bash_decorator.py
[2025-04-16T00:19:04.439+0700] {processor.py:914} INFO - Processing file /home/anhtupham99/NBA-analytics/py_env/lib/python3.11/site-packages/airflow/example_dags/example_bash_decorator.py for tasks to queue
[2025-04-16T00:19:04.441+0700] {logging_mixin.py:190} INFO - [2025-04-16T00:19:04.440+0700] {dagbag.py:588} INFO - Filling up the DagBag from /home/anhtupham99/NBA-analytics/py_env/lib/python3.11/site-packages/airflow/example_dags/example_bash_decorator.py
[2025-04-16T00:19:04.451+0700] {processor.py:925} INFO - DAG(s) 'example_bash_decorator' retrieved from /home/anhtupham99/NBA-analytics/py_env/lib/python3.11/site-packages/airflow/example_dags/example_bash_decorator.py
[2025-04-16T00:19:04.464+0700] {logging_mixin.py:190} INFO - [2025-04-16T00:19:04.464+0700] {dag.py:3239} INFO - Sync 1 DAGs
[2025-04-16T00:19:04.471+0700] {logging_mixin.py:190} INFO - [2025-04-16T00:19:04.471+0700] {dag.py:4180} INFO - Setting next_dagrun for example_bash_decorator to None, run_after=None
[2025-04-16T00:19:04.495+0700] {processor.py:208} INFO - Processing /home/anhtupham99/NBA-analytics/py_env/lib/python3.11/site-packages/airflow/example_dags/example_bash_decorator.py took 0.061 seconds
[2025-04-16T00:20:19.933+0700] {processor.py:186} INFO - Started process (PID=351681) to work on /home/anhtupham99/NBA-analytics/py_env/lib/python3.11/site-packages/airflow/example_dags/example_bash_decorator.py
[2025-04-16T00:20:19.934+0700] {processor.py:914} INFO - Processing file /home/anhtupham99/NBA-analytics/py_env/lib/python3.11/site-packages/airflow/example_dags/example_bash_decorator.py for tasks to queue
[2025-04-16T00:20:19.935+0700] {logging_mixin.py:190} INFO - [2025-04-16T00:20:19.935+0700] {dagbag.py:588} INFO - Filling up the DagBag from /home/anhtupham99/NBA-analytics/py_env/lib/python3.11/site-packages/airflow/example_dags/example_bash_decorator.py
[2025-04-16T00:20:19.945+0700] {processor.py:925} INFO - DAG(s) 'example_bash_decorator' retrieved from /home/anhtupham99/NBA-analytics/py_env/lib/python3.11/site-packages/airflow/example_dags/example_bash_decorator.py
[2025-04-16T00:20:19.958+0700] {logging_mixin.py:190} INFO - [2025-04-16T00:20:19.957+0700] {dag.py:3239} INFO - Sync 1 DAGs
[2025-04-16T00:20:19.966+0700] {logging_mixin.py:190} INFO - [2025-04-16T00:20:19.966+0700] {dag.py:4180} INFO - Setting next_dagrun for example_bash_decorator to None, run_after=None
[2025-04-16T00:20:19.989+0700] {processor.py:208} INFO - Processing /home/anhtupham99/NBA-analytics/py_env/lib/python3.11/site-packages/airflow/example_dags/example_bash_decorator.py took 0.061 seconds
[2025-04-16T00:21:33.750+0700] {processor.py:186} INFO - Started process (PID=354788) to work on /home/anhtupham99/NBA-analytics/py_env/lib/python3.11/site-packages/airflow/example_dags/example_bash_decorator.py
[2025-04-16T00:21:33.751+0700] {processor.py:914} INFO - Processing file /home/anhtupham99/NBA-analytics/py_env/lib/python3.11/site-packages/airflow/example_dags/example_bash_decorator.py for tasks to queue
[2025-04-16T00:21:33.754+0700] {logging_mixin.py:190} INFO - [2025-04-16T00:21:33.753+0700] {dagbag.py:588} INFO - Filling up the DagBag from /home/anhtupham99/NBA-analytics/py_env/lib/python3.11/site-packages/airflow/example_dags/example_bash_decorator.py
[2025-04-16T00:21:33.769+0700] {processor.py:925} INFO - DAG(s) 'example_bash_decorator' retrieved from /home/anhtupham99/NBA-analytics/py_env/lib/python3.11/site-packages/airflow/example_dags/example_bash_decorator.py
[2025-04-16T00:21:33.791+0700] {logging_mixin.py:190} INFO - [2025-04-16T00:21:33.791+0700] {dag.py:3239} INFO - Sync 1 DAGs
[2025-04-16T00:21:33.804+0700] {logging_mixin.py:190} INFO - [2025-04-16T00:21:33.803+0700] {dag.py:4180} INFO - Setting next_dagrun for example_bash_decorator to None, run_after=None
[2025-04-16T00:21:33.834+0700] {processor.py:208} INFO - Processing /home/anhtupham99/NBA-analytics/py_env/lib/python3.11/site-packages/airflow/example_dags/example_bash_decorator.py took 0.090 seconds
[2025-04-16T00:22:52.879+0700] {processor.py:186} INFO - Started process (PID=357274) to work on /home/anhtupham99/NBA-analytics/py_env/lib/python3.11/site-packages/airflow/example_dags/example_bash_decorator.py
[2025-04-16T00:22:52.881+0700] {processor.py:914} INFO - Processing file /home/anhtupham99/NBA-analytics/py_env/lib/python3.11/site-packages/airflow/example_dags/example_bash_decorator.py for tasks to queue
[2025-04-16T00:22:52.883+0700] {logging_mixin.py:190} INFO - [2025-04-16T00:22:52.882+0700] {dagbag.py:588} INFO - Filling up the DagBag from /home/anhtupham99/NBA-analytics/py_env/lib/python3.11/site-packages/airflow/example_dags/example_bash_decorator.py
[2025-04-16T00:22:52.894+0700] {processor.py:925} INFO - DAG(s) 'example_bash_decorator' retrieved from /home/anhtupham99/NBA-analytics/py_env/lib/python3.11/site-packages/airflow/example_dags/example_bash_decorator.py
[2025-04-16T00:22:52.907+0700] {logging_mixin.py:190} INFO - [2025-04-16T00:22:52.907+0700] {dag.py:3239} INFO - Sync 1 DAGs
[2025-04-16T00:22:52.915+0700] {logging_mixin.py:190} INFO - [2025-04-16T00:22:52.915+0700] {dag.py:4180} INFO - Setting next_dagrun for example_bash_decorator to None, run_after=None
[2025-04-16T00:22:52.939+0700] {processor.py:208} INFO - Processing /home/anhtupham99/NBA-analytics/py_env/lib/python3.11/site-packages/airflow/example_dags/example_bash_decorator.py took 0.064 seconds
[2025-04-16T00:23:59.643+0700] {processor.py:186} INFO - Started process (PID=359550) to work on /home/anhtupham99/NBA-analytics/py_env/lib/python3.11/site-packages/airflow/example_dags/example_bash_decorator.py
[2025-04-16T00:23:59.645+0700] {processor.py:914} INFO - Processing file /home/anhtupham99/NBA-analytics/py_env/lib/python3.11/site-packages/airflow/example_dags/example_bash_decorator.py for tasks to queue
[2025-04-16T00:23:59.647+0700] {logging_mixin.py:190} INFO - [2025-04-16T00:23:59.647+0700] {dagbag.py:588} INFO - Filling up the DagBag from /home/anhtupham99/NBA-analytics/py_env/lib/python3.11/site-packages/airflow/example_dags/example_bash_decorator.py
[2025-04-16T00:23:59.661+0700] {processor.py:925} INFO - DAG(s) 'example_bash_decorator' retrieved from /home/anhtupham99/NBA-analytics/py_env/lib/python3.11/site-packages/airflow/example_dags/example_bash_decorator.py
[2025-04-16T00:23:59.677+0700] {logging_mixin.py:190} INFO - [2025-04-16T00:23:59.677+0700] {dag.py:3239} INFO - Sync 1 DAGs
[2025-04-16T00:23:59.687+0700] {logging_mixin.py:190} INFO - [2025-04-16T00:23:59.686+0700] {dag.py:4180} INFO - Setting next_dagrun for example_bash_decorator to None, run_after=None
[2025-04-16T00:23:59.712+0700] {processor.py:208} INFO - Processing /home/anhtupham99/NBA-analytics/py_env/lib/python3.11/site-packages/airflow/example_dags/example_bash_decorator.py took 0.074 seconds
[2025-04-16T00:25:17.051+0700] {processor.py:186} INFO - Started process (PID=362775) to work on /home/anhtupham99/NBA-analytics/py_env/lib/python3.11/site-packages/airflow/example_dags/example_bash_decorator.py
[2025-04-16T00:25:17.052+0700] {processor.py:914} INFO - Processing file /home/anhtupham99/NBA-analytics/py_env/lib/python3.11/site-packages/airflow/example_dags/example_bash_decorator.py for tasks to queue
[2025-04-16T00:25:17.054+0700] {logging_mixin.py:190} INFO - [2025-04-16T00:25:17.053+0700] {dagbag.py:588} INFO - Filling up the DagBag from /home/anhtupham99/NBA-analytics/py_env/lib/python3.11/site-packages/airflow/example_dags/example_bash_decorator.py
[2025-04-16T00:25:17.074+0700] {processor.py:925} INFO - DAG(s) 'example_bash_decorator' retrieved from /home/anhtupham99/NBA-analytics/py_env/lib/python3.11/site-packages/airflow/example_dags/example_bash_decorator.py
[2025-04-16T00:25:17.100+0700] {logging_mixin.py:190} INFO - [2025-04-16T00:25:17.100+0700] {dag.py:3239} INFO - Sync 1 DAGs
[2025-04-16T00:25:17.113+0700] {logging_mixin.py:190} INFO - [2025-04-16T00:25:17.113+0700] {dag.py:4180} INFO - Setting next_dagrun for example_bash_decorator to None, run_after=None
[2025-04-16T00:25:17.140+0700] {processor.py:208} INFO - Processing /home/anhtupham99/NBA-analytics/py_env/lib/python3.11/site-packages/airflow/example_dags/example_bash_decorator.py took 0.094 seconds
[2025-04-16T00:26:27.168+0700] {processor.py:186} INFO - Started process (PID=364746) to work on /home/anhtupham99/NBA-analytics/py_env/lib/python3.11/site-packages/airflow/example_dags/example_bash_decorator.py
[2025-04-16T00:26:27.170+0700] {processor.py:914} INFO - Processing file /home/anhtupham99/NBA-analytics/py_env/lib/python3.11/site-packages/airflow/example_dags/example_bash_decorator.py for tasks to queue
[2025-04-16T00:26:27.171+0700] {logging_mixin.py:190} INFO - [2025-04-16T00:26:27.171+0700] {dagbag.py:588} INFO - Filling up the DagBag from /home/anhtupham99/NBA-analytics/py_env/lib/python3.11/site-packages/airflow/example_dags/example_bash_decorator.py
[2025-04-16T00:26:27.183+0700] {processor.py:925} INFO - DAG(s) 'example_bash_decorator' retrieved from /home/anhtupham99/NBA-analytics/py_env/lib/python3.11/site-packages/airflow/example_dags/example_bash_decorator.py
[2025-04-16T00:26:27.195+0700] {logging_mixin.py:190} INFO - [2025-04-16T00:26:27.195+0700] {dag.py:3239} INFO - Sync 1 DAGs
[2025-04-16T00:26:27.204+0700] {logging_mixin.py:190} INFO - [2025-04-16T00:26:27.203+0700] {dag.py:4180} INFO - Setting next_dagrun for example_bash_decorator to None, run_after=None
[2025-04-16T00:26:27.227+0700] {processor.py:208} INFO - Processing /home/anhtupham99/NBA-analytics/py_env/lib/python3.11/site-packages/airflow/example_dags/example_bash_decorator.py took 0.062 seconds
[2025-04-16T00:27:40.002+0700] {processor.py:186} INFO - Started process (PID=366475) to work on /home/anhtupham99/NBA-analytics/py_env/lib/python3.11/site-packages/airflow/example_dags/example_bash_decorator.py
[2025-04-16T00:27:40.003+0700] {processor.py:914} INFO - Processing file /home/anhtupham99/NBA-analytics/py_env/lib/python3.11/site-packages/airflow/example_dags/example_bash_decorator.py for tasks to queue
[2025-04-16T00:27:40.005+0700] {logging_mixin.py:190} INFO - [2025-04-16T00:27:40.004+0700] {dagbag.py:588} INFO - Filling up the DagBag from /home/anhtupham99/NBA-analytics/py_env/lib/python3.11/site-packages/airflow/example_dags/example_bash_decorator.py
[2025-04-16T00:27:40.016+0700] {processor.py:925} INFO - DAG(s) 'example_bash_decorator' retrieved from /home/anhtupham99/NBA-analytics/py_env/lib/python3.11/site-packages/airflow/example_dags/example_bash_decorator.py
[2025-04-16T00:27:40.030+0700] {logging_mixin.py:190} INFO - [2025-04-16T00:27:40.029+0700] {dag.py:3239} INFO - Sync 1 DAGs
[2025-04-16T00:27:40.040+0700] {logging_mixin.py:190} INFO - [2025-04-16T00:27:40.039+0700] {dag.py:4180} INFO - Setting next_dagrun for example_bash_decorator to None, run_after=None
[2025-04-16T00:27:40.061+0700] {processor.py:208} INFO - Processing /home/anhtupham99/NBA-analytics/py_env/lib/python3.11/site-packages/airflow/example_dags/example_bash_decorator.py took 0.065 seconds
[2025-04-16T00:28:51.384+0700] {processor.py:186} INFO - Started process (PID=368282) to work on /home/anhtupham99/NBA-analytics/py_env/lib/python3.11/site-packages/airflow/example_dags/example_bash_decorator.py
[2025-04-16T00:28:51.386+0700] {processor.py:914} INFO - Processing file /home/anhtupham99/NBA-analytics/py_env/lib/python3.11/site-packages/airflow/example_dags/example_bash_decorator.py for tasks to queue
[2025-04-16T00:28:51.388+0700] {logging_mixin.py:190} INFO - [2025-04-16T00:28:51.387+0700] {dagbag.py:588} INFO - Filling up the DagBag from /home/anhtupham99/NBA-analytics/py_env/lib/python3.11/site-packages/airflow/example_dags/example_bash_decorator.py
[2025-04-16T00:28:51.401+0700] {processor.py:925} INFO - DAG(s) 'example_bash_decorator' retrieved from /home/anhtupham99/NBA-analytics/py_env/lib/python3.11/site-packages/airflow/example_dags/example_bash_decorator.py
[2025-04-16T00:28:51.416+0700] {logging_mixin.py:190} INFO - [2025-04-16T00:28:51.416+0700] {dag.py:3239} INFO - Sync 1 DAGs
[2025-04-16T00:28:51.426+0700] {logging_mixin.py:190} INFO - [2025-04-16T00:28:51.426+0700] {dag.py:4180} INFO - Setting next_dagrun for example_bash_decorator to None, run_after=None
[2025-04-16T00:28:51.450+0700] {processor.py:208} INFO - Processing /home/anhtupham99/NBA-analytics/py_env/lib/python3.11/site-packages/airflow/example_dags/example_bash_decorator.py took 0.071 seconds
[2025-04-16T00:30:03.371+0700] {processor.py:186} INFO - Started process (PID=369954) to work on /home/anhtupham99/NBA-analytics/py_env/lib/python3.11/site-packages/airflow/example_dags/example_bash_decorator.py
[2025-04-16T00:30:03.372+0700] {processor.py:914} INFO - Processing file /home/anhtupham99/NBA-analytics/py_env/lib/python3.11/site-packages/airflow/example_dags/example_bash_decorator.py for tasks to queue
[2025-04-16T00:30:03.373+0700] {logging_mixin.py:190} INFO - [2025-04-16T00:30:03.373+0700] {dagbag.py:588} INFO - Filling up the DagBag from /home/anhtupham99/NBA-analytics/py_env/lib/python3.11/site-packages/airflow/example_dags/example_bash_decorator.py
[2025-04-16T00:30:03.384+0700] {processor.py:925} INFO - DAG(s) 'example_bash_decorator' retrieved from /home/anhtupham99/NBA-analytics/py_env/lib/python3.11/site-packages/airflow/example_dags/example_bash_decorator.py
[2025-04-16T00:30:03.396+0700] {logging_mixin.py:190} INFO - [2025-04-16T00:30:03.396+0700] {dag.py:3239} INFO - Sync 1 DAGs
[2025-04-16T00:30:03.404+0700] {logging_mixin.py:190} INFO - [2025-04-16T00:30:03.404+0700] {dag.py:4180} INFO - Setting next_dagrun for example_bash_decorator to None, run_after=None
[2025-04-16T00:30:03.426+0700] {processor.py:208} INFO - Processing /home/anhtupham99/NBA-analytics/py_env/lib/python3.11/site-packages/airflow/example_dags/example_bash_decorator.py took 0.059 seconds
[2025-04-16T00:31:14.634+0700] {processor.py:186} INFO - Started process (PID=371908) to work on /home/anhtupham99/NBA-analytics/py_env/lib/python3.11/site-packages/airflow/example_dags/example_bash_decorator.py
[2025-04-16T00:31:14.636+0700] {processor.py:914} INFO - Processing file /home/anhtupham99/NBA-analytics/py_env/lib/python3.11/site-packages/airflow/example_dags/example_bash_decorator.py for tasks to queue
[2025-04-16T00:31:14.638+0700] {logging_mixin.py:190} INFO - [2025-04-16T00:31:14.638+0700] {dagbag.py:588} INFO - Filling up the DagBag from /home/anhtupham99/NBA-analytics/py_env/lib/python3.11/site-packages/airflow/example_dags/example_bash_decorator.py
[2025-04-16T00:31:14.658+0700] {processor.py:925} INFO - DAG(s) 'example_bash_decorator' retrieved from /home/anhtupham99/NBA-analytics/py_env/lib/python3.11/site-packages/airflow/example_dags/example_bash_decorator.py
[2025-04-16T00:31:14.677+0700] {logging_mixin.py:190} INFO - [2025-04-16T00:31:14.677+0700] {dag.py:3239} INFO - Sync 1 DAGs
[2025-04-16T00:31:14.690+0700] {logging_mixin.py:190} INFO - [2025-04-16T00:31:14.690+0700] {dag.py:4180} INFO - Setting next_dagrun for example_bash_decorator to None, run_after=None
[2025-04-16T00:31:14.717+0700] {processor.py:208} INFO - Processing /home/anhtupham99/NBA-analytics/py_env/lib/python3.11/site-packages/airflow/example_dags/example_bash_decorator.py took 0.088 seconds
[2025-04-16T00:32:21.718+0700] {processor.py:186} INFO - Started process (PID=373582) to work on /home/anhtupham99/NBA-analytics/py_env/lib/python3.11/site-packages/airflow/example_dags/example_bash_decorator.py
[2025-04-16T00:32:21.719+0700] {processor.py:914} INFO - Processing file /home/anhtupham99/NBA-analytics/py_env/lib/python3.11/site-packages/airflow/example_dags/example_bash_decorator.py for tasks to queue
[2025-04-16T00:32:21.721+0700] {logging_mixin.py:190} INFO - [2025-04-16T00:32:21.721+0700] {dagbag.py:588} INFO - Filling up the DagBag from /home/anhtupham99/NBA-analytics/py_env/lib/python3.11/site-packages/airflow/example_dags/example_bash_decorator.py
[2025-04-16T00:32:21.732+0700] {processor.py:925} INFO - DAG(s) 'example_bash_decorator' retrieved from /home/anhtupham99/NBA-analytics/py_env/lib/python3.11/site-packages/airflow/example_dags/example_bash_decorator.py
[2025-04-16T00:32:21.744+0700] {logging_mixin.py:190} INFO - [2025-04-16T00:32:21.744+0700] {dag.py:3239} INFO - Sync 1 DAGs
[2025-04-16T00:32:21.753+0700] {logging_mixin.py:190} INFO - [2025-04-16T00:32:21.752+0700] {dag.py:4180} INFO - Setting next_dagrun for example_bash_decorator to None, run_after=None
[2025-04-16T00:32:21.774+0700] {processor.py:208} INFO - Processing /home/anhtupham99/NBA-analytics/py_env/lib/python3.11/site-packages/airflow/example_dags/example_bash_decorator.py took 0.060 seconds
[2025-04-16T00:33:32.198+0700] {processor.py:186} INFO - Started process (PID=375251) to work on /home/anhtupham99/NBA-analytics/py_env/lib/python3.11/site-packages/airflow/example_dags/example_bash_decorator.py
[2025-04-16T00:33:32.199+0700] {processor.py:914} INFO - Processing file /home/anhtupham99/NBA-analytics/py_env/lib/python3.11/site-packages/airflow/example_dags/example_bash_decorator.py for tasks to queue
[2025-04-16T00:33:32.200+0700] {logging_mixin.py:190} INFO - [2025-04-16T00:33:32.200+0700] {dagbag.py:588} INFO - Filling up the DagBag from /home/anhtupham99/NBA-analytics/py_env/lib/python3.11/site-packages/airflow/example_dags/example_bash_decorator.py
[2025-04-16T00:33:32.211+0700] {processor.py:925} INFO - DAG(s) 'example_bash_decorator' retrieved from /home/anhtupham99/NBA-analytics/py_env/lib/python3.11/site-packages/airflow/example_dags/example_bash_decorator.py
[2025-04-16T00:33:32.224+0700] {logging_mixin.py:190} INFO - [2025-04-16T00:33:32.224+0700] {dag.py:3239} INFO - Sync 1 DAGs
[2025-04-16T00:33:32.232+0700] {logging_mixin.py:190} INFO - [2025-04-16T00:33:32.232+0700] {dag.py:4180} INFO - Setting next_dagrun for example_bash_decorator to None, run_after=None
[2025-04-16T00:33:32.254+0700] {processor.py:208} INFO - Processing /home/anhtupham99/NBA-analytics/py_env/lib/python3.11/site-packages/airflow/example_dags/example_bash_decorator.py took 0.060 seconds
[2025-04-16T00:34:45.588+0700] {processor.py:186} INFO - Started process (PID=376886) to work on /home/anhtupham99/NBA-analytics/py_env/lib/python3.11/site-packages/airflow/example_dags/example_bash_decorator.py
[2025-04-16T00:34:45.589+0700] {processor.py:914} INFO - Processing file /home/anhtupham99/NBA-analytics/py_env/lib/python3.11/site-packages/airflow/example_dags/example_bash_decorator.py for tasks to queue
[2025-04-16T00:34:45.591+0700] {logging_mixin.py:190} INFO - [2025-04-16T00:34:45.590+0700] {dagbag.py:588} INFO - Filling up the DagBag from /home/anhtupham99/NBA-analytics/py_env/lib/python3.11/site-packages/airflow/example_dags/example_bash_decorator.py
[2025-04-16T00:34:45.602+0700] {processor.py:925} INFO - DAG(s) 'example_bash_decorator' retrieved from /home/anhtupham99/NBA-analytics/py_env/lib/python3.11/site-packages/airflow/example_dags/example_bash_decorator.py
[2025-04-16T00:34:45.614+0700] {logging_mixin.py:190} INFO - [2025-04-16T00:34:45.614+0700] {dag.py:3239} INFO - Sync 1 DAGs
[2025-04-16T00:34:45.623+0700] {logging_mixin.py:190} INFO - [2025-04-16T00:34:45.623+0700] {dag.py:4180} INFO - Setting next_dagrun for example_bash_decorator to None, run_after=None
[2025-04-16T00:34:45.647+0700] {processor.py:208} INFO - Processing /home/anhtupham99/NBA-analytics/py_env/lib/python3.11/site-packages/airflow/example_dags/example_bash_decorator.py took 0.064 seconds
[2025-04-16T00:35:54.628+0700] {processor.py:186} INFO - Started process (PID=378716) to work on /home/anhtupham99/NBA-analytics/py_env/lib/python3.11/site-packages/airflow/example_dags/example_bash_decorator.py
[2025-04-16T00:35:54.630+0700] {processor.py:914} INFO - Processing file /home/anhtupham99/NBA-analytics/py_env/lib/python3.11/site-packages/airflow/example_dags/example_bash_decorator.py for tasks to queue
[2025-04-16T00:35:54.632+0700] {logging_mixin.py:190} INFO - [2025-04-16T00:35:54.632+0700] {dagbag.py:588} INFO - Filling up the DagBag from /home/anhtupham99/NBA-analytics/py_env/lib/python3.11/site-packages/airflow/example_dags/example_bash_decorator.py
[2025-04-16T00:35:54.644+0700] {processor.py:925} INFO - DAG(s) 'example_bash_decorator' retrieved from /home/anhtupham99/NBA-analytics/py_env/lib/python3.11/site-packages/airflow/example_dags/example_bash_decorator.py
[2025-04-16T00:35:54.656+0700] {logging_mixin.py:190} INFO - [2025-04-16T00:35:54.656+0700] {dag.py:3239} INFO - Sync 1 DAGs
[2025-04-16T00:35:54.666+0700] {logging_mixin.py:190} INFO - [2025-04-16T00:35:54.665+0700] {dag.py:4180} INFO - Setting next_dagrun for example_bash_decorator to None, run_after=None
[2025-04-16T00:35:54.694+0700] {processor.py:208} INFO - Processing /home/anhtupham99/NBA-analytics/py_env/lib/python3.11/site-packages/airflow/example_dags/example_bash_decorator.py took 0.072 seconds
[2025-04-16T00:37:05.534+0700] {processor.py:186} INFO - Started process (PID=380776) to work on /home/anhtupham99/NBA-analytics/py_env/lib/python3.11/site-packages/airflow/example_dags/example_bash_decorator.py
[2025-04-16T00:37:05.538+0700] {processor.py:914} INFO - Processing file /home/anhtupham99/NBA-analytics/py_env/lib/python3.11/site-packages/airflow/example_dags/example_bash_decorator.py for tasks to queue
[2025-04-16T00:37:05.541+0700] {logging_mixin.py:190} INFO - [2025-04-16T00:37:05.540+0700] {dagbag.py:588} INFO - Filling up the DagBag from /home/anhtupham99/NBA-analytics/py_env/lib/python3.11/site-packages/airflow/example_dags/example_bash_decorator.py
[2025-04-16T00:37:05.556+0700] {processor.py:925} INFO - DAG(s) 'example_bash_decorator' retrieved from /home/anhtupham99/NBA-analytics/py_env/lib/python3.11/site-packages/airflow/example_dags/example_bash_decorator.py
[2025-04-16T00:37:05.573+0700] {logging_mixin.py:190} INFO - [2025-04-16T00:37:05.573+0700] {dag.py:3239} INFO - Sync 1 DAGs
[2025-04-16T00:37:05.589+0700] {logging_mixin.py:190} INFO - [2025-04-16T00:37:05.589+0700] {dag.py:4180} INFO - Setting next_dagrun for example_bash_decorator to None, run_after=None
[2025-04-16T00:37:05.620+0700] {processor.py:208} INFO - Processing /home/anhtupham99/NBA-analytics/py_env/lib/python3.11/site-packages/airflow/example_dags/example_bash_decorator.py took 0.090 seconds
