[2025-04-15T23:47:33.560+0700] {processor.py:186} INFO - Started process (PID=298839) to work on /home/anhtupham99/NBA-analytics/py_env/lib/python3.11/site-packages/airflow/example_dags/example_nested_branch_dag.py
[2025-04-15T23:47:33.561+0700] {processor.py:914} INFO - Processing file /home/anhtupham99/NBA-analytics/py_env/lib/python3.11/site-packages/airflow/example_dags/example_nested_branch_dag.py for tasks to queue
[2025-04-15T23:47:33.562+0700] {logging_mixin.py:190} INFO - [2025-04-15T23:47:33.562+0700] {dagbag.py:588} INFO - Filling up the DagBag from /home/anhtupham99/NBA-analytics/py_env/lib/python3.11/site-packages/airflow/example_dags/example_nested_branch_dag.py
[2025-04-15T23:47:33.574+0700] {processor.py:925} INFO - DAG(s) 'example_nested_branch_dag' retrieved from /home/anhtupham99/NBA-analytics/py_env/lib/python3.11/site-packages/airflow/example_dags/example_nested_branch_dag.py
[2025-04-15T23:47:33.707+0700] {logging_mixin.py:190} INFO - [2025-04-15T23:47:33.706+0700] {override.py:1912} INFO - Created Permission View: can delete on DAG:example_nested_branch_dag
[2025-04-15T23:47:33.727+0700] {logging_mixin.py:190} INFO - [2025-04-15T23:47:33.726+0700] {override.py:1912} INFO - Created Permission View: can edit on DAG:example_nested_branch_dag
[2025-04-15T23:47:33.746+0700] {logging_mixin.py:190} INFO - [2025-04-15T23:47:33.745+0700] {override.py:1912} INFO - Created Permission View: can read on DAG:example_nested_branch_dag
[2025-04-15T23:47:33.776+0700] {logging_mixin.py:190} INFO - [2025-04-15T23:47:33.776+0700] {override.py:1912} INFO - Created Permission View: can create on DAG Run:example_nested_branch_dag
[2025-04-15T23:47:33.793+0700] {logging_mixin.py:190} INFO - [2025-04-15T23:47:33.792+0700] {override.py:1912} INFO - Created Permission View: can delete on DAG Run:example_nested_branch_dag
[2025-04-15T23:47:33.809+0700] {logging_mixin.py:190} INFO - [2025-04-15T23:47:33.808+0700] {override.py:1912} INFO - Created Permission View: menu access on DAG Run:example_nested_branch_dag
[2025-04-15T23:47:33.824+0700] {logging_mixin.py:190} INFO - [2025-04-15T23:47:33.823+0700] {override.py:1912} INFO - Created Permission View: can read on DAG Run:example_nested_branch_dag
[2025-04-15T23:47:33.824+0700] {logging_mixin.py:190} INFO - [2025-04-15T23:47:33.824+0700] {dag.py:3239} INFO - Sync 1 DAGs
[2025-04-15T23:47:33.833+0700] {logging_mixin.py:190} INFO - [2025-04-15T23:47:33.833+0700] {dag.py:3262} INFO - Creating ORM DAG for example_nested_branch_dag
[2025-04-15T23:47:33.840+0700] {logging_mixin.py:190} INFO - [2025-04-15T23:47:33.840+0700] {dag.py:4180} INFO - Setting next_dagrun for example_nested_branch_dag to 2025-04-14 00:00:00+00:00, run_after=2025-04-15 00:00:00+00:00
[2025-04-15T23:47:33.869+0700] {processor.py:208} INFO - Processing /home/anhtupham99/NBA-analytics/py_env/lib/python3.11/site-packages/airflow/example_dags/example_nested_branch_dag.py took 0.319 seconds
[2025-04-15T23:48:30.122+0700] {processor.py:186} INFO - Started process (PID=300182) to work on /home/anhtupham99/NBA-analytics/py_env/lib/python3.11/site-packages/airflow/example_dags/example_nested_branch_dag.py
[2025-04-15T23:48:30.123+0700] {processor.py:914} INFO - Processing file /home/anhtupham99/NBA-analytics/py_env/lib/python3.11/site-packages/airflow/example_dags/example_nested_branch_dag.py for tasks to queue
[2025-04-15T23:48:30.125+0700] {logging_mixin.py:190} INFO - [2025-04-15T23:48:30.125+0700] {dagbag.py:588} INFO - Filling up the DagBag from /home/anhtupham99/NBA-analytics/py_env/lib/python3.11/site-packages/airflow/example_dags/example_nested_branch_dag.py
[2025-04-15T23:48:30.134+0700] {processor.py:925} INFO - DAG(s) 'example_nested_branch_dag' retrieved from /home/anhtupham99/NBA-analytics/py_env/lib/python3.11/site-packages/airflow/example_dags/example_nested_branch_dag.py
[2025-04-15T23:48:30.147+0700] {logging_mixin.py:190} INFO - [2025-04-15T23:48:30.146+0700] {dag.py:3239} INFO - Sync 1 DAGs
[2025-04-15T23:48:30.161+0700] {logging_mixin.py:190} INFO - [2025-04-15T23:48:30.161+0700] {dag.py:4180} INFO - Setting next_dagrun for example_nested_branch_dag to 2025-04-14 00:00:00+00:00, run_after=2025-04-15 00:00:00+00:00
[2025-04-15T23:48:30.183+0700] {processor.py:208} INFO - Processing /home/anhtupham99/NBA-analytics/py_env/lib/python3.11/site-packages/airflow/example_dags/example_nested_branch_dag.py took 0.066 seconds
[2025-04-15T23:49:41.795+0700] {processor.py:186} INFO - Started process (PID=301692) to work on /home/anhtupham99/NBA-analytics/py_env/lib/python3.11/site-packages/airflow/example_dags/example_nested_branch_dag.py
[2025-04-15T23:49:41.796+0700] {processor.py:914} INFO - Processing file /home/anhtupham99/NBA-analytics/py_env/lib/python3.11/site-packages/airflow/example_dags/example_nested_branch_dag.py for tasks to queue
[2025-04-15T23:49:41.797+0700] {logging_mixin.py:190} INFO - [2025-04-15T23:49:41.797+0700] {dagbag.py:588} INFO - Filling up the DagBag from /home/anhtupham99/NBA-analytics/py_env/lib/python3.11/site-packages/airflow/example_dags/example_nested_branch_dag.py
[2025-04-15T23:49:41.808+0700] {processor.py:925} INFO - DAG(s) 'example_nested_branch_dag' retrieved from /home/anhtupham99/NBA-analytics/py_env/lib/python3.11/site-packages/airflow/example_dags/example_nested_branch_dag.py
[2025-04-15T23:49:41.822+0700] {logging_mixin.py:190} INFO - [2025-04-15T23:49:41.822+0700] {dag.py:3239} INFO - Sync 1 DAGs
[2025-04-15T23:49:41.838+0700] {logging_mixin.py:190} INFO - [2025-04-15T23:49:41.838+0700] {dag.py:4180} INFO - Setting next_dagrun for example_nested_branch_dag to 2025-04-14 00:00:00+00:00, run_after=2025-04-15 00:00:00+00:00
[2025-04-15T23:49:41.862+0700] {processor.py:208} INFO - Processing /home/anhtupham99/NBA-analytics/py_env/lib/python3.11/site-packages/airflow/example_dags/example_nested_branch_dag.py took 0.073 seconds
[2025-04-15T23:51:01.067+0700] {processor.py:186} INFO - Started process (PID=303310) to work on /home/anhtupham99/NBA-analytics/py_env/lib/python3.11/site-packages/airflow/example_dags/example_nested_branch_dag.py
[2025-04-15T23:51:01.068+0700] {processor.py:914} INFO - Processing file /home/anhtupham99/NBA-analytics/py_env/lib/python3.11/site-packages/airflow/example_dags/example_nested_branch_dag.py for tasks to queue
[2025-04-15T23:51:01.071+0700] {logging_mixin.py:190} INFO - [2025-04-15T23:51:01.070+0700] {dagbag.py:588} INFO - Filling up the DagBag from /home/anhtupham99/NBA-analytics/py_env/lib/python3.11/site-packages/airflow/example_dags/example_nested_branch_dag.py
[2025-04-15T23:51:01.082+0700] {processor.py:925} INFO - DAG(s) 'example_nested_branch_dag' retrieved from /home/anhtupham99/NBA-analytics/py_env/lib/python3.11/site-packages/airflow/example_dags/example_nested_branch_dag.py
[2025-04-15T23:51:01.096+0700] {logging_mixin.py:190} INFO - [2025-04-15T23:51:01.096+0700] {dag.py:3239} INFO - Sync 1 DAGs
[2025-04-15T23:51:01.112+0700] {logging_mixin.py:190} INFO - [2025-04-15T23:51:01.112+0700] {dag.py:4180} INFO - Setting next_dagrun for example_nested_branch_dag to 2025-04-14 00:00:00+00:00, run_after=2025-04-15 00:00:00+00:00
[2025-04-15T23:51:01.136+0700] {processor.py:208} INFO - Processing /home/anhtupham99/NBA-analytics/py_env/lib/python3.11/site-packages/airflow/example_dags/example_nested_branch_dag.py took 0.075 seconds
[2025-04-15T23:52:10.927+0700] {processor.py:186} INFO - Started process (PID=304620) to work on /home/anhtupham99/NBA-analytics/py_env/lib/python3.11/site-packages/airflow/example_dags/example_nested_branch_dag.py
[2025-04-15T23:52:10.928+0700] {processor.py:914} INFO - Processing file /home/anhtupham99/NBA-analytics/py_env/lib/python3.11/site-packages/airflow/example_dags/example_nested_branch_dag.py for tasks to queue
[2025-04-15T23:52:10.930+0700] {logging_mixin.py:190} INFO - [2025-04-15T23:52:10.930+0700] {dagbag.py:588} INFO - Filling up the DagBag from /home/anhtupham99/NBA-analytics/py_env/lib/python3.11/site-packages/airflow/example_dags/example_nested_branch_dag.py
[2025-04-15T23:52:10.941+0700] {processor.py:925} INFO - DAG(s) 'example_nested_branch_dag' retrieved from /home/anhtupham99/NBA-analytics/py_env/lib/python3.11/site-packages/airflow/example_dags/example_nested_branch_dag.py
[2025-04-15T23:52:10.955+0700] {logging_mixin.py:190} INFO - [2025-04-15T23:52:10.954+0700] {dag.py:3239} INFO - Sync 1 DAGs
[2025-04-15T23:52:10.971+0700] {logging_mixin.py:190} INFO - [2025-04-15T23:52:10.971+0700] {dag.py:4180} INFO - Setting next_dagrun for example_nested_branch_dag to 2025-04-14 00:00:00+00:00, run_after=2025-04-15 00:00:00+00:00
[2025-04-15T23:52:10.996+0700] {processor.py:208} INFO - Processing /home/anhtupham99/NBA-analytics/py_env/lib/python3.11/site-packages/airflow/example_dags/example_nested_branch_dag.py took 0.074 seconds
[2025-04-15T23:53:23.519+0700] {processor.py:186} INFO - Started process (PID=306095) to work on /home/anhtupham99/NBA-analytics/py_env/lib/python3.11/site-packages/airflow/example_dags/example_nested_branch_dag.py
[2025-04-15T23:53:23.520+0700] {processor.py:914} INFO - Processing file /home/anhtupham99/NBA-analytics/py_env/lib/python3.11/site-packages/airflow/example_dags/example_nested_branch_dag.py for tasks to queue
[2025-04-15T23:53:23.522+0700] {logging_mixin.py:190} INFO - [2025-04-15T23:53:23.522+0700] {dagbag.py:588} INFO - Filling up the DagBag from /home/anhtupham99/NBA-analytics/py_env/lib/python3.11/site-packages/airflow/example_dags/example_nested_branch_dag.py
[2025-04-15T23:53:23.531+0700] {processor.py:925} INFO - DAG(s) 'example_nested_branch_dag' retrieved from /home/anhtupham99/NBA-analytics/py_env/lib/python3.11/site-packages/airflow/example_dags/example_nested_branch_dag.py
[2025-04-15T23:53:23.543+0700] {logging_mixin.py:190} INFO - [2025-04-15T23:53:23.543+0700] {dag.py:3239} INFO - Sync 1 DAGs
[2025-04-15T23:53:23.560+0700] {logging_mixin.py:190} INFO - [2025-04-15T23:53:23.560+0700] {dag.py:4180} INFO - Setting next_dagrun for example_nested_branch_dag to 2025-04-14 00:00:00+00:00, run_after=2025-04-15 00:00:00+00:00
[2025-04-15T23:53:23.582+0700] {processor.py:208} INFO - Processing /home/anhtupham99/NBA-analytics/py_env/lib/python3.11/site-packages/airflow/example_dags/example_nested_branch_dag.py took 0.067 seconds
[2025-04-15T23:54:32.784+0700] {processor.py:186} INFO - Started process (PID=307381) to work on /home/anhtupham99/NBA-analytics/py_env/lib/python3.11/site-packages/airflow/example_dags/example_nested_branch_dag.py
[2025-04-15T23:54:32.787+0700] {processor.py:914} INFO - Processing file /home/anhtupham99/NBA-analytics/py_env/lib/python3.11/site-packages/airflow/example_dags/example_nested_branch_dag.py for tasks to queue
[2025-04-15T23:54:32.789+0700] {logging_mixin.py:190} INFO - [2025-04-15T23:54:32.789+0700] {dagbag.py:588} INFO - Filling up the DagBag from /home/anhtupham99/NBA-analytics/py_env/lib/python3.11/site-packages/airflow/example_dags/example_nested_branch_dag.py
[2025-04-15T23:54:32.799+0700] {processor.py:925} INFO - DAG(s) 'example_nested_branch_dag' retrieved from /home/anhtupham99/NBA-analytics/py_env/lib/python3.11/site-packages/airflow/example_dags/example_nested_branch_dag.py
[2025-04-15T23:54:32.812+0700] {logging_mixin.py:190} INFO - [2025-04-15T23:54:32.812+0700] {dag.py:3239} INFO - Sync 1 DAGs
[2025-04-15T23:54:32.829+0700] {logging_mixin.py:190} INFO - [2025-04-15T23:54:32.829+0700] {dag.py:4180} INFO - Setting next_dagrun for example_nested_branch_dag to 2025-04-14 00:00:00+00:00, run_after=2025-04-15 00:00:00+00:00
[2025-04-15T23:54:32.854+0700] {processor.py:208} INFO - Processing /home/anhtupham99/NBA-analytics/py_env/lib/python3.11/site-packages/airflow/example_dags/example_nested_branch_dag.py took 0.075 seconds
[2025-04-15T23:55:49.956+0700] {processor.py:186} INFO - Started process (PID=310798) to work on /home/anhtupham99/NBA-analytics/py_env/lib/python3.11/site-packages/airflow/example_dags/example_nested_branch_dag.py
[2025-04-15T23:55:49.957+0700] {processor.py:914} INFO - Processing file /home/anhtupham99/NBA-analytics/py_env/lib/python3.11/site-packages/airflow/example_dags/example_nested_branch_dag.py for tasks to queue
[2025-04-15T23:55:49.959+0700] {logging_mixin.py:190} INFO - [2025-04-15T23:55:49.958+0700] {dagbag.py:588} INFO - Filling up the DagBag from /home/anhtupham99/NBA-analytics/py_env/lib/python3.11/site-packages/airflow/example_dags/example_nested_branch_dag.py
[2025-04-15T23:55:49.968+0700] {processor.py:925} INFO - DAG(s) 'example_nested_branch_dag' retrieved from /home/anhtupham99/NBA-analytics/py_env/lib/python3.11/site-packages/airflow/example_dags/example_nested_branch_dag.py
[2025-04-15T23:55:49.981+0700] {logging_mixin.py:190} INFO - [2025-04-15T23:55:49.980+0700] {dag.py:3239} INFO - Sync 1 DAGs
[2025-04-15T23:55:49.996+0700] {logging_mixin.py:190} INFO - [2025-04-15T23:55:49.996+0700] {dag.py:4180} INFO - Setting next_dagrun for example_nested_branch_dag to 2025-04-14 00:00:00+00:00, run_after=2025-04-15 00:00:00+00:00
[2025-04-15T23:55:50.023+0700] {processor.py:208} INFO - Processing /home/anhtupham99/NBA-analytics/py_env/lib/python3.11/site-packages/airflow/example_dags/example_nested_branch_dag.py took 0.071 seconds
[2025-04-15T23:57:00.379+0700] {processor.py:186} INFO - Started process (PID=312326) to work on /home/anhtupham99/NBA-analytics/py_env/lib/python3.11/site-packages/airflow/example_dags/example_nested_branch_dag.py
[2025-04-15T23:57:00.380+0700] {processor.py:914} INFO - Processing file /home/anhtupham99/NBA-analytics/py_env/lib/python3.11/site-packages/airflow/example_dags/example_nested_branch_dag.py for tasks to queue
[2025-04-15T23:57:00.383+0700] {logging_mixin.py:190} INFO - [2025-04-15T23:57:00.382+0700] {dagbag.py:588} INFO - Filling up the DagBag from /home/anhtupham99/NBA-analytics/py_env/lib/python3.11/site-packages/airflow/example_dags/example_nested_branch_dag.py
[2025-04-15T23:57:00.396+0700] {processor.py:925} INFO - DAG(s) 'example_nested_branch_dag' retrieved from /home/anhtupham99/NBA-analytics/py_env/lib/python3.11/site-packages/airflow/example_dags/example_nested_branch_dag.py
[2025-04-15T23:57:00.413+0700] {logging_mixin.py:190} INFO - [2025-04-15T23:57:00.413+0700] {dag.py:3239} INFO - Sync 1 DAGs
[2025-04-15T23:57:00.433+0700] {logging_mixin.py:190} INFO - [2025-04-15T23:57:00.433+0700] {dag.py:4180} INFO - Setting next_dagrun for example_nested_branch_dag to 2025-04-14 00:00:00+00:00, run_after=2025-04-15 00:00:00+00:00
[2025-04-15T23:57:00.462+0700] {processor.py:208} INFO - Processing /home/anhtupham99/NBA-analytics/py_env/lib/python3.11/site-packages/airflow/example_dags/example_nested_branch_dag.py took 0.090 seconds
[2025-04-15T23:58:15.770+0700] {processor.py:186} INFO - Started process (PID=313804) to work on /home/anhtupham99/NBA-analytics/py_env/lib/python3.11/site-packages/airflow/example_dags/example_nested_branch_dag.py
[2025-04-15T23:58:15.771+0700] {processor.py:914} INFO - Processing file /home/anhtupham99/NBA-analytics/py_env/lib/python3.11/site-packages/airflow/example_dags/example_nested_branch_dag.py for tasks to queue
[2025-04-15T23:58:15.773+0700] {logging_mixin.py:190} INFO - [2025-04-15T23:58:15.773+0700] {dagbag.py:588} INFO - Filling up the DagBag from /home/anhtupham99/NBA-analytics/py_env/lib/python3.11/site-packages/airflow/example_dags/example_nested_branch_dag.py
[2025-04-15T23:58:15.782+0700] {processor.py:925} INFO - DAG(s) 'example_nested_branch_dag' retrieved from /home/anhtupham99/NBA-analytics/py_env/lib/python3.11/site-packages/airflow/example_dags/example_nested_branch_dag.py
[2025-04-15T23:58:15.793+0700] {logging_mixin.py:190} INFO - [2025-04-15T23:58:15.793+0700] {dag.py:3239} INFO - Sync 1 DAGs
[2025-04-15T23:58:15.807+0700] {logging_mixin.py:190} INFO - [2025-04-15T23:58:15.806+0700] {dag.py:4180} INFO - Setting next_dagrun for example_nested_branch_dag to 2025-04-14 00:00:00+00:00, run_after=2025-04-15 00:00:00+00:00
[2025-04-15T23:58:15.831+0700] {processor.py:208} INFO - Processing /home/anhtupham99/NBA-analytics/py_env/lib/python3.11/site-packages/airflow/example_dags/example_nested_branch_dag.py took 0.065 seconds
[2025-04-15T23:59:26.602+0700] {processor.py:186} INFO - Started process (PID=315213) to work on /home/anhtupham99/NBA-analytics/py_env/lib/python3.11/site-packages/airflow/example_dags/example_nested_branch_dag.py
[2025-04-15T23:59:26.603+0700] {processor.py:914} INFO - Processing file /home/anhtupham99/NBA-analytics/py_env/lib/python3.11/site-packages/airflow/example_dags/example_nested_branch_dag.py for tasks to queue
[2025-04-15T23:59:26.605+0700] {logging_mixin.py:190} INFO - [2025-04-15T23:59:26.604+0700] {dagbag.py:588} INFO - Filling up the DagBag from /home/anhtupham99/NBA-analytics/py_env/lib/python3.11/site-packages/airflow/example_dags/example_nested_branch_dag.py
[2025-04-15T23:59:26.614+0700] {processor.py:925} INFO - DAG(s) 'example_nested_branch_dag' retrieved from /home/anhtupham99/NBA-analytics/py_env/lib/python3.11/site-packages/airflow/example_dags/example_nested_branch_dag.py
[2025-04-15T23:59:26.625+0700] {logging_mixin.py:190} INFO - [2025-04-15T23:59:26.625+0700] {dag.py:3239} INFO - Sync 1 DAGs
[2025-04-15T23:59:26.639+0700] {logging_mixin.py:190} INFO - [2025-04-15T23:59:26.638+0700] {dag.py:4180} INFO - Setting next_dagrun for example_nested_branch_dag to 2025-04-14 00:00:00+00:00, run_after=2025-04-15 00:00:00+00:00
[2025-04-15T23:59:26.661+0700] {processor.py:208} INFO - Processing /home/anhtupham99/NBA-analytics/py_env/lib/python3.11/site-packages/airflow/example_dags/example_nested_branch_dag.py took 0.063 seconds
[2025-04-16T00:00:39.365+0700] {processor.py:186} INFO - Started process (PID=316795) to work on /home/anhtupham99/NBA-analytics/py_env/lib/python3.11/site-packages/airflow/example_dags/example_nested_branch_dag.py
[2025-04-16T00:00:39.366+0700] {processor.py:914} INFO - Processing file /home/anhtupham99/NBA-analytics/py_env/lib/python3.11/site-packages/airflow/example_dags/example_nested_branch_dag.py for tasks to queue
[2025-04-16T00:00:39.367+0700] {logging_mixin.py:190} INFO - [2025-04-16T00:00:39.367+0700] {dagbag.py:588} INFO - Filling up the DagBag from /home/anhtupham99/NBA-analytics/py_env/lib/python3.11/site-packages/airflow/example_dags/example_nested_branch_dag.py
[2025-04-16T00:00:39.376+0700] {processor.py:925} INFO - DAG(s) 'example_nested_branch_dag' retrieved from /home/anhtupham99/NBA-analytics/py_env/lib/python3.11/site-packages/airflow/example_dags/example_nested_branch_dag.py
[2025-04-16T00:00:39.387+0700] {logging_mixin.py:190} INFO - [2025-04-16T00:00:39.387+0700] {dag.py:3239} INFO - Sync 1 DAGs
[2025-04-16T00:00:39.401+0700] {logging_mixin.py:190} INFO - [2025-04-16T00:00:39.401+0700] {dag.py:4180} INFO - Setting next_dagrun for example_nested_branch_dag to 2025-04-14 00:00:00+00:00, run_after=2025-04-15 00:00:00+00:00
[2025-04-16T00:00:39.424+0700] {processor.py:208} INFO - Processing /home/anhtupham99/NBA-analytics/py_env/lib/python3.11/site-packages/airflow/example_dags/example_nested_branch_dag.py took 0.064 seconds
[2025-04-16T00:01:49.760+0700] {processor.py:186} INFO - Started process (PID=318078) to work on /home/anhtupham99/NBA-analytics/py_env/lib/python3.11/site-packages/airflow/example_dags/example_nested_branch_dag.py
[2025-04-16T00:01:49.761+0700] {processor.py:914} INFO - Processing file /home/anhtupham99/NBA-analytics/py_env/lib/python3.11/site-packages/airflow/example_dags/example_nested_branch_dag.py for tasks to queue
[2025-04-16T00:01:49.763+0700] {logging_mixin.py:190} INFO - [2025-04-16T00:01:49.763+0700] {dagbag.py:588} INFO - Filling up the DagBag from /home/anhtupham99/NBA-analytics/py_env/lib/python3.11/site-packages/airflow/example_dags/example_nested_branch_dag.py
[2025-04-16T00:01:49.774+0700] {processor.py:925} INFO - DAG(s) 'example_nested_branch_dag' retrieved from /home/anhtupham99/NBA-analytics/py_env/lib/python3.11/site-packages/airflow/example_dags/example_nested_branch_dag.py
[2025-04-16T00:01:49.787+0700] {logging_mixin.py:190} INFO - [2025-04-16T00:01:49.787+0700] {dag.py:3239} INFO - Sync 1 DAGs
[2025-04-16T00:01:49.804+0700] {logging_mixin.py:190} INFO - [2025-04-16T00:01:49.803+0700] {dag.py:4180} INFO - Setting next_dagrun for example_nested_branch_dag to 2025-04-14 00:00:00+00:00, run_after=2025-04-15 00:00:00+00:00
[2025-04-16T00:01:49.833+0700] {processor.py:208} INFO - Processing /home/anhtupham99/NBA-analytics/py_env/lib/python3.11/site-packages/airflow/example_dags/example_nested_branch_dag.py took 0.079 seconds
[2025-04-16T00:02:54.949+0700] {processor.py:186} INFO - Started process (PID=319337) to work on /home/anhtupham99/NBA-analytics/py_env/lib/python3.11/site-packages/airflow/example_dags/example_nested_branch_dag.py
[2025-04-16T00:02:54.951+0700] {processor.py:914} INFO - Processing file /home/anhtupham99/NBA-analytics/py_env/lib/python3.11/site-packages/airflow/example_dags/example_nested_branch_dag.py for tasks to queue
[2025-04-16T00:02:54.952+0700] {logging_mixin.py:190} INFO - [2025-04-16T00:02:54.952+0700] {dagbag.py:588} INFO - Filling up the DagBag from /home/anhtupham99/NBA-analytics/py_env/lib/python3.11/site-packages/airflow/example_dags/example_nested_branch_dag.py
[2025-04-16T00:02:54.961+0700] {processor.py:925} INFO - DAG(s) 'example_nested_branch_dag' retrieved from /home/anhtupham99/NBA-analytics/py_env/lib/python3.11/site-packages/airflow/example_dags/example_nested_branch_dag.py
[2025-04-16T00:02:54.972+0700] {logging_mixin.py:190} INFO - [2025-04-16T00:02:54.972+0700] {dag.py:3239} INFO - Sync 1 DAGs
[2025-04-16T00:02:54.987+0700] {logging_mixin.py:190} INFO - [2025-04-16T00:02:54.986+0700] {dag.py:4180} INFO - Setting next_dagrun for example_nested_branch_dag to 2025-04-14 00:00:00+00:00, run_after=2025-04-15 00:00:00+00:00
[2025-04-16T00:02:55.017+0700] {processor.py:208} INFO - Processing /home/anhtupham99/NBA-analytics/py_env/lib/python3.11/site-packages/airflow/example_dags/example_nested_branch_dag.py took 0.072 seconds
[2025-04-16T00:04:05.265+0700] {processor.py:186} INFO - Started process (PID=320925) to work on /home/anhtupham99/NBA-analytics/py_env/lib/python3.11/site-packages/airflow/example_dags/example_nested_branch_dag.py
[2025-04-16T00:04:05.266+0700] {processor.py:914} INFO - Processing file /home/anhtupham99/NBA-analytics/py_env/lib/python3.11/site-packages/airflow/example_dags/example_nested_branch_dag.py for tasks to queue
[2025-04-16T00:04:05.269+0700] {logging_mixin.py:190} INFO - [2025-04-16T00:04:05.268+0700] {dagbag.py:588} INFO - Filling up the DagBag from /home/anhtupham99/NBA-analytics/py_env/lib/python3.11/site-packages/airflow/example_dags/example_nested_branch_dag.py
[2025-04-16T00:04:05.281+0700] {processor.py:925} INFO - DAG(s) 'example_nested_branch_dag' retrieved from /home/anhtupham99/NBA-analytics/py_env/lib/python3.11/site-packages/airflow/example_dags/example_nested_branch_dag.py
[2025-04-16T00:04:05.295+0700] {logging_mixin.py:190} INFO - [2025-04-16T00:04:05.295+0700] {dag.py:3239} INFO - Sync 1 DAGs
[2025-04-16T00:04:05.316+0700] {logging_mixin.py:190} INFO - [2025-04-16T00:04:05.316+0700] {dag.py:4180} INFO - Setting next_dagrun for example_nested_branch_dag to 2025-04-14 00:00:00+00:00, run_after=2025-04-15 00:00:00+00:00
[2025-04-16T00:04:05.347+0700] {processor.py:208} INFO - Processing /home/anhtupham99/NBA-analytics/py_env/lib/python3.11/site-packages/airflow/example_dags/example_nested_branch_dag.py took 0.089 seconds
[2025-04-16T00:05:16.513+0700] {processor.py:186} INFO - Started process (PID=322215) to work on /home/anhtupham99/NBA-analytics/py_env/lib/python3.11/site-packages/airflow/example_dags/example_nested_branch_dag.py
[2025-04-16T00:05:16.515+0700] {processor.py:914} INFO - Processing file /home/anhtupham99/NBA-analytics/py_env/lib/python3.11/site-packages/airflow/example_dags/example_nested_branch_dag.py for tasks to queue
[2025-04-16T00:05:16.517+0700] {logging_mixin.py:190} INFO - [2025-04-16T00:05:16.516+0700] {dagbag.py:588} INFO - Filling up the DagBag from /home/anhtupham99/NBA-analytics/py_env/lib/python3.11/site-packages/airflow/example_dags/example_nested_branch_dag.py
[2025-04-16T00:05:16.527+0700] {processor.py:925} INFO - DAG(s) 'example_nested_branch_dag' retrieved from /home/anhtupham99/NBA-analytics/py_env/lib/python3.11/site-packages/airflow/example_dags/example_nested_branch_dag.py
[2025-04-16T00:05:16.541+0700] {logging_mixin.py:190} INFO - [2025-04-16T00:05:16.541+0700] {dag.py:3239} INFO - Sync 1 DAGs
[2025-04-16T00:05:16.559+0700] {logging_mixin.py:190} INFO - [2025-04-16T00:05:16.558+0700] {dag.py:4180} INFO - Setting next_dagrun for example_nested_branch_dag to 2025-04-14 00:00:00+00:00, run_after=2025-04-15 00:00:00+00:00
[2025-04-16T00:05:16.585+0700] {processor.py:208} INFO - Processing /home/anhtupham99/NBA-analytics/py_env/lib/python3.11/site-packages/airflow/example_dags/example_nested_branch_dag.py took 0.077 seconds
[2025-04-16T00:06:29.554+0700] {processor.py:186} INFO - Started process (PID=323629) to work on /home/anhtupham99/NBA-analytics/py_env/lib/python3.11/site-packages/airflow/example_dags/example_nested_branch_dag.py
[2025-04-16T00:06:29.555+0700] {processor.py:914} INFO - Processing file /home/anhtupham99/NBA-analytics/py_env/lib/python3.11/site-packages/airflow/example_dags/example_nested_branch_dag.py for tasks to queue
[2025-04-16T00:06:29.557+0700] {logging_mixin.py:190} INFO - [2025-04-16T00:06:29.556+0700] {dagbag.py:588} INFO - Filling up the DagBag from /home/anhtupham99/NBA-analytics/py_env/lib/python3.11/site-packages/airflow/example_dags/example_nested_branch_dag.py
[2025-04-16T00:06:29.566+0700] {processor.py:925} INFO - DAG(s) 'example_nested_branch_dag' retrieved from /home/anhtupham99/NBA-analytics/py_env/lib/python3.11/site-packages/airflow/example_dags/example_nested_branch_dag.py
[2025-04-16T00:06:29.578+0700] {logging_mixin.py:190} INFO - [2025-04-16T00:06:29.578+0700] {dag.py:3239} INFO - Sync 1 DAGs
[2025-04-16T00:06:29.592+0700] {logging_mixin.py:190} INFO - [2025-04-16T00:06:29.592+0700] {dag.py:4180} INFO - Setting next_dagrun for example_nested_branch_dag to 2025-04-14 00:00:00+00:00, run_after=2025-04-15 00:00:00+00:00
[2025-04-16T00:06:29.617+0700] {processor.py:208} INFO - Processing /home/anhtupham99/NBA-analytics/py_env/lib/python3.11/site-packages/airflow/example_dags/example_nested_branch_dag.py took 0.068 seconds
[2025-04-16T00:07:42.247+0700] {processor.py:186} INFO - Started process (PID=325146) to work on /home/anhtupham99/NBA-analytics/py_env/lib/python3.11/site-packages/airflow/example_dags/example_nested_branch_dag.py
[2025-04-16T00:07:42.249+0700] {processor.py:914} INFO - Processing file /home/anhtupham99/NBA-analytics/py_env/lib/python3.11/site-packages/airflow/example_dags/example_nested_branch_dag.py for tasks to queue
[2025-04-16T00:07:42.250+0700] {logging_mixin.py:190} INFO - [2025-04-16T00:07:42.250+0700] {dagbag.py:588} INFO - Filling up the DagBag from /home/anhtupham99/NBA-analytics/py_env/lib/python3.11/site-packages/airflow/example_dags/example_nested_branch_dag.py
[2025-04-16T00:07:42.260+0700] {processor.py:925} INFO - DAG(s) 'example_nested_branch_dag' retrieved from /home/anhtupham99/NBA-analytics/py_env/lib/python3.11/site-packages/airflow/example_dags/example_nested_branch_dag.py
[2025-04-16T00:07:42.271+0700] {logging_mixin.py:190} INFO - [2025-04-16T00:07:42.271+0700] {dag.py:3239} INFO - Sync 1 DAGs
[2025-04-16T00:07:42.285+0700] {logging_mixin.py:190} INFO - [2025-04-16T00:07:42.285+0700] {dag.py:4180} INFO - Setting next_dagrun for example_nested_branch_dag to 2025-04-14 00:00:00+00:00, run_after=2025-04-15 00:00:00+00:00
[2025-04-16T00:07:42.307+0700] {processor.py:208} INFO - Processing /home/anhtupham99/NBA-analytics/py_env/lib/python3.11/site-packages/airflow/example_dags/example_nested_branch_dag.py took 0.065 seconds
[2025-04-16T00:08:52.569+0700] {processor.py:186} INFO - Started process (PID=326423) to work on /home/anhtupham99/NBA-analytics/py_env/lib/python3.11/site-packages/airflow/example_dags/example_nested_branch_dag.py
[2025-04-16T00:08:52.570+0700] {processor.py:914} INFO - Processing file /home/anhtupham99/NBA-analytics/py_env/lib/python3.11/site-packages/airflow/example_dags/example_nested_branch_dag.py for tasks to queue
[2025-04-16T00:08:52.572+0700] {logging_mixin.py:190} INFO - [2025-04-16T00:08:52.572+0700] {dagbag.py:588} INFO - Filling up the DagBag from /home/anhtupham99/NBA-analytics/py_env/lib/python3.11/site-packages/airflow/example_dags/example_nested_branch_dag.py
[2025-04-16T00:08:52.582+0700] {processor.py:925} INFO - DAG(s) 'example_nested_branch_dag' retrieved from /home/anhtupham99/NBA-analytics/py_env/lib/python3.11/site-packages/airflow/example_dags/example_nested_branch_dag.py
[2025-04-16T00:08:52.597+0700] {logging_mixin.py:190} INFO - [2025-04-16T00:08:52.597+0700] {dag.py:3239} INFO - Sync 1 DAGs
[2025-04-16T00:08:52.615+0700] {logging_mixin.py:190} INFO - [2025-04-16T00:08:52.615+0700] {dag.py:4180} INFO - Setting next_dagrun for example_nested_branch_dag to 2025-04-14 00:00:00+00:00, run_after=2025-04-15 00:00:00+00:00
[2025-04-16T00:08:52.644+0700] {processor.py:208} INFO - Processing /home/anhtupham99/NBA-analytics/py_env/lib/python3.11/site-packages/airflow/example_dags/example_nested_branch_dag.py took 0.081 seconds
[2025-04-16T00:10:04.399+0700] {processor.py:186} INFO - Started process (PID=328139) to work on /home/anhtupham99/NBA-analytics/py_env/lib/python3.11/site-packages/airflow/example_dags/example_nested_branch_dag.py
[2025-04-16T00:10:04.400+0700] {processor.py:914} INFO - Processing file /home/anhtupham99/NBA-analytics/py_env/lib/python3.11/site-packages/airflow/example_dags/example_nested_branch_dag.py for tasks to queue
[2025-04-16T00:10:04.403+0700] {logging_mixin.py:190} INFO - [2025-04-16T00:10:04.402+0700] {dagbag.py:588} INFO - Filling up the DagBag from /home/anhtupham99/NBA-analytics/py_env/lib/python3.11/site-packages/airflow/example_dags/example_nested_branch_dag.py
[2025-04-16T00:10:04.415+0700] {processor.py:925} INFO - DAG(s) 'example_nested_branch_dag' retrieved from /home/anhtupham99/NBA-analytics/py_env/lib/python3.11/site-packages/airflow/example_dags/example_nested_branch_dag.py
[2025-04-16T00:10:04.433+0700] {logging_mixin.py:190} INFO - [2025-04-16T00:10:04.432+0700] {dag.py:3239} INFO - Sync 1 DAGs
[2025-04-16T00:10:04.459+0700] {logging_mixin.py:190} INFO - [2025-04-16T00:10:04.458+0700] {dag.py:4180} INFO - Setting next_dagrun for example_nested_branch_dag to 2025-04-14 00:00:00+00:00, run_after=2025-04-15 00:00:00+00:00
[2025-04-16T00:10:04.491+0700] {processor.py:208} INFO - Processing /home/anhtupham99/NBA-analytics/py_env/lib/python3.11/site-packages/airflow/example_dags/example_nested_branch_dag.py took 0.098 seconds
[2025-04-16T00:11:16.247+0700] {processor.py:186} INFO - Started process (PID=329699) to work on /home/anhtupham99/NBA-analytics/py_env/lib/python3.11/site-packages/airflow/example_dags/example_nested_branch_dag.py
[2025-04-16T00:11:16.248+0700] {processor.py:914} INFO - Processing file /home/anhtupham99/NBA-analytics/py_env/lib/python3.11/site-packages/airflow/example_dags/example_nested_branch_dag.py for tasks to queue
[2025-04-16T00:11:16.251+0700] {logging_mixin.py:190} INFO - [2025-04-16T00:11:16.250+0700] {dagbag.py:588} INFO - Filling up the DagBag from /home/anhtupham99/NBA-analytics/py_env/lib/python3.11/site-packages/airflow/example_dags/example_nested_branch_dag.py
[2025-04-16T00:11:16.262+0700] {processor.py:925} INFO - DAG(s) 'example_nested_branch_dag' retrieved from /home/anhtupham99/NBA-analytics/py_env/lib/python3.11/site-packages/airflow/example_dags/example_nested_branch_dag.py
[2025-04-16T00:11:16.278+0700] {logging_mixin.py:190} INFO - [2025-04-16T00:11:16.277+0700] {dag.py:3239} INFO - Sync 1 DAGs
[2025-04-16T00:11:16.296+0700] {logging_mixin.py:190} INFO - [2025-04-16T00:11:16.296+0700] {dag.py:4180} INFO - Setting next_dagrun for example_nested_branch_dag to 2025-04-14 00:00:00+00:00, run_after=2025-04-15 00:00:00+00:00
[2025-04-16T00:11:16.323+0700] {processor.py:208} INFO - Processing /home/anhtupham99/NBA-analytics/py_env/lib/python3.11/site-packages/airflow/example_dags/example_nested_branch_dag.py took 0.084 seconds
[2025-04-16T00:12:24.996+0700] {processor.py:186} INFO - Started process (PID=331348) to work on /home/anhtupham99/NBA-analytics/py_env/lib/python3.11/site-packages/airflow/example_dags/example_nested_branch_dag.py
[2025-04-16T00:12:24.998+0700] {processor.py:914} INFO - Processing file /home/anhtupham99/NBA-analytics/py_env/lib/python3.11/site-packages/airflow/example_dags/example_nested_branch_dag.py for tasks to queue
[2025-04-16T00:12:25.002+0700] {logging_mixin.py:190} INFO - [2025-04-16T00:12:25.001+0700] {dagbag.py:588} INFO - Filling up the DagBag from /home/anhtupham99/NBA-analytics/py_env/lib/python3.11/site-packages/airflow/example_dags/example_nested_branch_dag.py
[2025-04-16T00:12:25.018+0700] {processor.py:925} INFO - DAG(s) 'example_nested_branch_dag' retrieved from /home/anhtupham99/NBA-analytics/py_env/lib/python3.11/site-packages/airflow/example_dags/example_nested_branch_dag.py
[2025-04-16T00:12:25.040+0700] {logging_mixin.py:190} INFO - [2025-04-16T00:12:25.040+0700] {dag.py:3239} INFO - Sync 1 DAGs
[2025-04-16T00:12:25.079+0700] {logging_mixin.py:190} INFO - [2025-04-16T00:12:25.079+0700] {dag.py:4180} INFO - Setting next_dagrun for example_nested_branch_dag to 2025-04-14 00:00:00+00:00, run_after=2025-04-15 00:00:00+00:00
[2025-04-16T00:12:25.201+0700] {processor.py:208} INFO - Processing /home/anhtupham99/NBA-analytics/py_env/lib/python3.11/site-packages/airflow/example_dags/example_nested_branch_dag.py took 0.216 seconds
[2025-04-16T00:13:39.224+0700] {processor.py:186} INFO - Started process (PID=333992) to work on /home/anhtupham99/NBA-analytics/py_env/lib/python3.11/site-packages/airflow/example_dags/example_nested_branch_dag.py
[2025-04-16T00:13:39.226+0700] {processor.py:914} INFO - Processing file /home/anhtupham99/NBA-analytics/py_env/lib/python3.11/site-packages/airflow/example_dags/example_nested_branch_dag.py for tasks to queue
[2025-04-16T00:13:39.228+0700] {logging_mixin.py:190} INFO - [2025-04-16T00:13:39.228+0700] {dagbag.py:588} INFO - Filling up the DagBag from /home/anhtupham99/NBA-analytics/py_env/lib/python3.11/site-packages/airflow/example_dags/example_nested_branch_dag.py
[2025-04-16T00:13:39.249+0700] {processor.py:925} INFO - DAG(s) 'example_nested_branch_dag' retrieved from /home/anhtupham99/NBA-analytics/py_env/lib/python3.11/site-packages/airflow/example_dags/example_nested_branch_dag.py
[2025-04-16T00:13:39.266+0700] {logging_mixin.py:190} INFO - [2025-04-16T00:13:39.266+0700] {dag.py:3239} INFO - Sync 1 DAGs
[2025-04-16T00:13:39.288+0700] {logging_mixin.py:190} INFO - [2025-04-16T00:13:39.287+0700] {dag.py:4180} INFO - Setting next_dagrun for example_nested_branch_dag to 2025-04-14 00:00:00+00:00, run_after=2025-04-15 00:00:00+00:00
[2025-04-16T00:13:39.317+0700] {processor.py:208} INFO - Processing /home/anhtupham99/NBA-analytics/py_env/lib/python3.11/site-packages/airflow/example_dags/example_nested_branch_dag.py took 0.098 seconds
[2025-04-16T00:14:53.268+0700] {processor.py:186} INFO - Started process (PID=336988) to work on /home/anhtupham99/NBA-analytics/py_env/lib/python3.11/site-packages/airflow/example_dags/example_nested_branch_dag.py
[2025-04-16T00:14:53.269+0700] {processor.py:914} INFO - Processing file /home/anhtupham99/NBA-analytics/py_env/lib/python3.11/site-packages/airflow/example_dags/example_nested_branch_dag.py for tasks to queue
[2025-04-16T00:14:53.271+0700] {logging_mixin.py:190} INFO - [2025-04-16T00:14:53.271+0700] {dagbag.py:588} INFO - Filling up the DagBag from /home/anhtupham99/NBA-analytics/py_env/lib/python3.11/site-packages/airflow/example_dags/example_nested_branch_dag.py
[2025-04-16T00:14:53.280+0700] {processor.py:925} INFO - DAG(s) 'example_nested_branch_dag' retrieved from /home/anhtupham99/NBA-analytics/py_env/lib/python3.11/site-packages/airflow/example_dags/example_nested_branch_dag.py
[2025-04-16T00:14:53.292+0700] {logging_mixin.py:190} INFO - [2025-04-16T00:14:53.292+0700] {dag.py:3239} INFO - Sync 1 DAGs
[2025-04-16T00:14:53.306+0700] {logging_mixin.py:190} INFO - [2025-04-16T00:14:53.306+0700] {dag.py:4180} INFO - Setting next_dagrun for example_nested_branch_dag to 2025-04-14 00:00:00+00:00, run_after=2025-04-15 00:00:00+00:00
[2025-04-16T00:14:53.330+0700] {processor.py:208} INFO - Processing /home/anhtupham99/NBA-analytics/py_env/lib/python3.11/site-packages/airflow/example_dags/example_nested_branch_dag.py took 0.068 seconds
[2025-04-16T00:16:08.027+0700] {processor.py:186} INFO - Started process (PID=340952) to work on /home/anhtupham99/NBA-analytics/py_env/lib/python3.11/site-packages/airflow/example_dags/example_nested_branch_dag.py
[2025-04-16T00:16:08.029+0700] {processor.py:914} INFO - Processing file /home/anhtupham99/NBA-analytics/py_env/lib/python3.11/site-packages/airflow/example_dags/example_nested_branch_dag.py for tasks to queue
[2025-04-16T00:16:08.031+0700] {logging_mixin.py:190} INFO - [2025-04-16T00:16:08.030+0700] {dagbag.py:588} INFO - Filling up the DagBag from /home/anhtupham99/NBA-analytics/py_env/lib/python3.11/site-packages/airflow/example_dags/example_nested_branch_dag.py
[2025-04-16T00:16:08.041+0700] {processor.py:925} INFO - DAG(s) 'example_nested_branch_dag' retrieved from /home/anhtupham99/NBA-analytics/py_env/lib/python3.11/site-packages/airflow/example_dags/example_nested_branch_dag.py
[2025-04-16T00:16:08.052+0700] {logging_mixin.py:190} INFO - [2025-04-16T00:16:08.052+0700] {dag.py:3239} INFO - Sync 1 DAGs
[2025-04-16T00:16:08.067+0700] {logging_mixin.py:190} INFO - [2025-04-16T00:16:08.067+0700] {dag.py:4180} INFO - Setting next_dagrun for example_nested_branch_dag to 2025-04-14 00:00:00+00:00, run_after=2025-04-15 00:00:00+00:00
[2025-04-16T00:16:08.092+0700] {processor.py:208} INFO - Processing /home/anhtupham99/NBA-analytics/py_env/lib/python3.11/site-packages/airflow/example_dags/example_nested_branch_dag.py took 0.070 seconds
[2025-04-16T00:17:23.771+0700] {processor.py:186} INFO - Started process (PID=344026) to work on /home/anhtupham99/NBA-analytics/py_env/lib/python3.11/site-packages/airflow/example_dags/example_nested_branch_dag.py
[2025-04-16T00:17:23.772+0700] {processor.py:914} INFO - Processing file /home/anhtupham99/NBA-analytics/py_env/lib/python3.11/site-packages/airflow/example_dags/example_nested_branch_dag.py for tasks to queue
[2025-04-16T00:17:23.775+0700] {logging_mixin.py:190} INFO - [2025-04-16T00:17:23.774+0700] {dagbag.py:588} INFO - Filling up the DagBag from /home/anhtupham99/NBA-analytics/py_env/lib/python3.11/site-packages/airflow/example_dags/example_nested_branch_dag.py
[2025-04-16T00:17:23.787+0700] {processor.py:925} INFO - DAG(s) 'example_nested_branch_dag' retrieved from /home/anhtupham99/NBA-analytics/py_env/lib/python3.11/site-packages/airflow/example_dags/example_nested_branch_dag.py
[2025-04-16T00:17:23.804+0700] {logging_mixin.py:190} INFO - [2025-04-16T00:17:23.804+0700] {dag.py:3239} INFO - Sync 1 DAGs
[2025-04-16T00:17:23.831+0700] {logging_mixin.py:190} INFO - [2025-04-16T00:17:23.830+0700] {dag.py:4180} INFO - Setting next_dagrun for example_nested_branch_dag to 2025-04-14 00:00:00+00:00, run_after=2025-04-15 00:00:00+00:00
[2025-04-16T00:17:23.862+0700] {processor.py:208} INFO - Processing /home/anhtupham99/NBA-analytics/py_env/lib/python3.11/site-packages/airflow/example_dags/example_nested_branch_dag.py took 0.096 seconds
[2025-04-16T00:18:38.136+0700] {processor.py:186} INFO - Started process (PID=347748) to work on /home/anhtupham99/NBA-analytics/py_env/lib/python3.11/site-packages/airflow/example_dags/example_nested_branch_dag.py
[2025-04-16T00:18:38.137+0700] {processor.py:914} INFO - Processing file /home/anhtupham99/NBA-analytics/py_env/lib/python3.11/site-packages/airflow/example_dags/example_nested_branch_dag.py for tasks to queue
[2025-04-16T00:18:38.139+0700] {logging_mixin.py:190} INFO - [2025-04-16T00:18:38.138+0700] {dagbag.py:588} INFO - Filling up the DagBag from /home/anhtupham99/NBA-analytics/py_env/lib/python3.11/site-packages/airflow/example_dags/example_nested_branch_dag.py
[2025-04-16T00:18:38.147+0700] {processor.py:925} INFO - DAG(s) 'example_nested_branch_dag' retrieved from /home/anhtupham99/NBA-analytics/py_env/lib/python3.11/site-packages/airflow/example_dags/example_nested_branch_dag.py
[2025-04-16T00:18:38.160+0700] {logging_mixin.py:190} INFO - [2025-04-16T00:18:38.160+0700] {dag.py:3239} INFO - Sync 1 DAGs
[2025-04-16T00:18:38.176+0700] {logging_mixin.py:190} INFO - [2025-04-16T00:18:38.176+0700] {dag.py:4180} INFO - Setting next_dagrun for example_nested_branch_dag to 2025-04-14 00:00:00+00:00, run_after=2025-04-15 00:00:00+00:00
[2025-04-16T00:18:38.209+0700] {processor.py:208} INFO - Processing /home/anhtupham99/NBA-analytics/py_env/lib/python3.11/site-packages/airflow/example_dags/example_nested_branch_dag.py took 0.077 seconds
[2025-04-16T00:19:52.987+0700] {processor.py:186} INFO - Started process (PID=350565) to work on /home/anhtupham99/NBA-analytics/py_env/lib/python3.11/site-packages/airflow/example_dags/example_nested_branch_dag.py
[2025-04-16T00:19:52.989+0700] {processor.py:914} INFO - Processing file /home/anhtupham99/NBA-analytics/py_env/lib/python3.11/site-packages/airflow/example_dags/example_nested_branch_dag.py for tasks to queue
[2025-04-16T00:19:52.994+0700] {logging_mixin.py:190} INFO - [2025-04-16T00:19:52.992+0700] {dagbag.py:588} INFO - Filling up the DagBag from /home/anhtupham99/NBA-analytics/py_env/lib/python3.11/site-packages/airflow/example_dags/example_nested_branch_dag.py
[2025-04-16T00:19:53.011+0700] {processor.py:925} INFO - DAG(s) 'example_nested_branch_dag' retrieved from /home/anhtupham99/NBA-analytics/py_env/lib/python3.11/site-packages/airflow/example_dags/example_nested_branch_dag.py
[2025-04-16T00:19:53.037+0700] {logging_mixin.py:190} INFO - [2025-04-16T00:19:53.036+0700] {dag.py:3239} INFO - Sync 1 DAGs
[2025-04-16T00:19:53.075+0700] {logging_mixin.py:190} INFO - [2025-04-16T00:19:53.075+0700] {dag.py:4180} INFO - Setting next_dagrun for example_nested_branch_dag to 2025-04-14 00:00:00+00:00, run_after=2025-04-15 00:00:00+00:00
[2025-04-16T00:19:53.113+0700] {processor.py:208} INFO - Processing /home/anhtupham99/NBA-analytics/py_env/lib/python3.11/site-packages/airflow/example_dags/example_nested_branch_dag.py took 0.133 seconds
[2025-04-16T00:21:06.820+0700] {processor.py:186} INFO - Started process (PID=353705) to work on /home/anhtupham99/NBA-analytics/py_env/lib/python3.11/site-packages/airflow/example_dags/example_nested_branch_dag.py
[2025-04-16T00:21:06.822+0700] {processor.py:914} INFO - Processing file /home/anhtupham99/NBA-analytics/py_env/lib/python3.11/site-packages/airflow/example_dags/example_nested_branch_dag.py for tasks to queue
[2025-04-16T00:21:06.825+0700] {logging_mixin.py:190} INFO - [2025-04-16T00:21:06.824+0700] {dagbag.py:588} INFO - Filling up the DagBag from /home/anhtupham99/NBA-analytics/py_env/lib/python3.11/site-packages/airflow/example_dags/example_nested_branch_dag.py
[2025-04-16T00:21:06.840+0700] {processor.py:925} INFO - DAG(s) 'example_nested_branch_dag' retrieved from /home/anhtupham99/NBA-analytics/py_env/lib/python3.11/site-packages/airflow/example_dags/example_nested_branch_dag.py
[2025-04-16T00:21:06.858+0700] {logging_mixin.py:190} INFO - [2025-04-16T00:21:06.857+0700] {dag.py:3239} INFO - Sync 1 DAGs
[2025-04-16T00:21:06.877+0700] {logging_mixin.py:190} INFO - [2025-04-16T00:21:06.877+0700] {dag.py:4180} INFO - Setting next_dagrun for example_nested_branch_dag to 2025-04-14 00:00:00+00:00, run_after=2025-04-15 00:00:00+00:00
[2025-04-16T00:21:06.905+0700] {processor.py:208} INFO - Processing /home/anhtupham99/NBA-analytics/py_env/lib/python3.11/site-packages/airflow/example_dags/example_nested_branch_dag.py took 0.094 seconds
[2025-04-16T00:22:25.669+0700] {processor.py:186} INFO - Started process (PID=356776) to work on /home/anhtupham99/NBA-analytics/py_env/lib/python3.11/site-packages/airflow/example_dags/example_nested_branch_dag.py
[2025-04-16T00:22:25.672+0700] {processor.py:914} INFO - Processing file /home/anhtupham99/NBA-analytics/py_env/lib/python3.11/site-packages/airflow/example_dags/example_nested_branch_dag.py for tasks to queue
[2025-04-16T00:22:25.674+0700] {logging_mixin.py:190} INFO - [2025-04-16T00:22:25.674+0700] {dagbag.py:588} INFO - Filling up the DagBag from /home/anhtupham99/NBA-analytics/py_env/lib/python3.11/site-packages/airflow/example_dags/example_nested_branch_dag.py
[2025-04-16T00:22:25.687+0700] {processor.py:925} INFO - DAG(s) 'example_nested_branch_dag' retrieved from /home/anhtupham99/NBA-analytics/py_env/lib/python3.11/site-packages/airflow/example_dags/example_nested_branch_dag.py
[2025-04-16T00:22:25.704+0700] {logging_mixin.py:190} INFO - [2025-04-16T00:22:25.704+0700] {dag.py:3239} INFO - Sync 1 DAGs
[2025-04-16T00:22:25.723+0700] {logging_mixin.py:190} INFO - [2025-04-16T00:22:25.723+0700] {dag.py:4180} INFO - Setting next_dagrun for example_nested_branch_dag to 2025-04-14 00:00:00+00:00, run_after=2025-04-15 00:00:00+00:00
[2025-04-16T00:22:25.750+0700] {processor.py:208} INFO - Processing /home/anhtupham99/NBA-analytics/py_env/lib/python3.11/site-packages/airflow/example_dags/example_nested_branch_dag.py took 0.086 seconds
[2025-04-16T00:23:33.485+0700] {processor.py:186} INFO - Started process (PID=358581) to work on /home/anhtupham99/NBA-analytics/py_env/lib/python3.11/site-packages/airflow/example_dags/example_nested_branch_dag.py
[2025-04-16T00:23:33.487+0700] {processor.py:914} INFO - Processing file /home/anhtupham99/NBA-analytics/py_env/lib/python3.11/site-packages/airflow/example_dags/example_nested_branch_dag.py for tasks to queue
[2025-04-16T00:23:33.489+0700] {logging_mixin.py:190} INFO - [2025-04-16T00:23:33.488+0700] {dagbag.py:588} INFO - Filling up the DagBag from /home/anhtupham99/NBA-analytics/py_env/lib/python3.11/site-packages/airflow/example_dags/example_nested_branch_dag.py
[2025-04-16T00:23:33.500+0700] {processor.py:925} INFO - DAG(s) 'example_nested_branch_dag' retrieved from /home/anhtupham99/NBA-analytics/py_env/lib/python3.11/site-packages/airflow/example_dags/example_nested_branch_dag.py
[2025-04-16T00:23:33.516+0700] {logging_mixin.py:190} INFO - [2025-04-16T00:23:33.516+0700] {dag.py:3239} INFO - Sync 1 DAGs
[2025-04-16T00:23:33.533+0700] {logging_mixin.py:190} INFO - [2025-04-16T00:23:33.533+0700] {dag.py:4180} INFO - Setting next_dagrun for example_nested_branch_dag to 2025-04-14 00:00:00+00:00, run_after=2025-04-15 00:00:00+00:00
[2025-04-16T00:23:33.563+0700] {processor.py:208} INFO - Processing /home/anhtupham99/NBA-analytics/py_env/lib/python3.11/site-packages/airflow/example_dags/example_nested_branch_dag.py took 0.083 seconds
[2025-04-16T00:24:49.991+0700] {processor.py:186} INFO - Started process (PID=361454) to work on /home/anhtupham99/NBA-analytics/py_env/lib/python3.11/site-packages/airflow/example_dags/example_nested_branch_dag.py
[2025-04-16T00:24:49.993+0700] {processor.py:914} INFO - Processing file /home/anhtupham99/NBA-analytics/py_env/lib/python3.11/site-packages/airflow/example_dags/example_nested_branch_dag.py for tasks to queue
[2025-04-16T00:24:49.995+0700] {logging_mixin.py:190} INFO - [2025-04-16T00:24:49.995+0700] {dagbag.py:588} INFO - Filling up the DagBag from /home/anhtupham99/NBA-analytics/py_env/lib/python3.11/site-packages/airflow/example_dags/example_nested_branch_dag.py
[2025-04-16T00:24:50.008+0700] {processor.py:925} INFO - DAG(s) 'example_nested_branch_dag' retrieved from /home/anhtupham99/NBA-analytics/py_env/lib/python3.11/site-packages/airflow/example_dags/example_nested_branch_dag.py
[2025-04-16T00:24:50.025+0700] {logging_mixin.py:190} INFO - [2025-04-16T00:24:50.024+0700] {dag.py:3239} INFO - Sync 1 DAGs
[2025-04-16T00:24:50.045+0700] {logging_mixin.py:190} INFO - [2025-04-16T00:24:50.045+0700] {dag.py:4180} INFO - Setting next_dagrun for example_nested_branch_dag to 2025-04-14 00:00:00+00:00, run_after=2025-04-15 00:00:00+00:00
[2025-04-16T00:24:50.072+0700] {processor.py:208} INFO - Processing /home/anhtupham99/NBA-analytics/py_env/lib/python3.11/site-packages/airflow/example_dags/example_nested_branch_dag.py took 0.086 seconds
[2025-04-16T00:26:00.608+0700] {processor.py:186} INFO - Started process (PID=364159) to work on /home/anhtupham99/NBA-analytics/py_env/lib/python3.11/site-packages/airflow/example_dags/example_nested_branch_dag.py
[2025-04-16T00:26:00.609+0700] {processor.py:914} INFO - Processing file /home/anhtupham99/NBA-analytics/py_env/lib/python3.11/site-packages/airflow/example_dags/example_nested_branch_dag.py for tasks to queue
[2025-04-16T00:26:00.611+0700] {logging_mixin.py:190} INFO - [2025-04-16T00:26:00.611+0700] {dagbag.py:588} INFO - Filling up the DagBag from /home/anhtupham99/NBA-analytics/py_env/lib/python3.11/site-packages/airflow/example_dags/example_nested_branch_dag.py
[2025-04-16T00:26:00.621+0700] {processor.py:925} INFO - DAG(s) 'example_nested_branch_dag' retrieved from /home/anhtupham99/NBA-analytics/py_env/lib/python3.11/site-packages/airflow/example_dags/example_nested_branch_dag.py
[2025-04-16T00:26:00.634+0700] {logging_mixin.py:190} INFO - [2025-04-16T00:26:00.634+0700] {dag.py:3239} INFO - Sync 1 DAGs
[2025-04-16T00:26:00.649+0700] {logging_mixin.py:190} INFO - [2025-04-16T00:26:00.649+0700] {dag.py:4180} INFO - Setting next_dagrun for example_nested_branch_dag to 2025-04-14 00:00:00+00:00, run_after=2025-04-15 00:00:00+00:00
[2025-04-16T00:26:00.674+0700] {processor.py:208} INFO - Processing /home/anhtupham99/NBA-analytics/py_env/lib/python3.11/site-packages/airflow/example_dags/example_nested_branch_dag.py took 0.071 seconds
[2025-04-16T00:27:14.466+0700] {processor.py:186} INFO - Started process (PID=365810) to work on /home/anhtupham99/NBA-analytics/py_env/lib/python3.11/site-packages/airflow/example_dags/example_nested_branch_dag.py
[2025-04-16T00:27:14.469+0700] {processor.py:914} INFO - Processing file /home/anhtupham99/NBA-analytics/py_env/lib/python3.11/site-packages/airflow/example_dags/example_nested_branch_dag.py for tasks to queue
[2025-04-16T00:27:14.471+0700] {logging_mixin.py:190} INFO - [2025-04-16T00:27:14.471+0700] {dagbag.py:588} INFO - Filling up the DagBag from /home/anhtupham99/NBA-analytics/py_env/lib/python3.11/site-packages/airflow/example_dags/example_nested_branch_dag.py
[2025-04-16T00:27:14.482+0700] {processor.py:925} INFO - DAG(s) 'example_nested_branch_dag' retrieved from /home/anhtupham99/NBA-analytics/py_env/lib/python3.11/site-packages/airflow/example_dags/example_nested_branch_dag.py
[2025-04-16T00:27:14.496+0700] {logging_mixin.py:190} INFO - [2025-04-16T00:27:14.496+0700] {dag.py:3239} INFO - Sync 1 DAGs
[2025-04-16T00:27:14.512+0700] {logging_mixin.py:190} INFO - [2025-04-16T00:27:14.512+0700] {dag.py:4180} INFO - Setting next_dagrun for example_nested_branch_dag to 2025-04-14 00:00:00+00:00, run_after=2025-04-15 00:00:00+00:00
[2025-04-16T00:27:14.535+0700] {processor.py:208} INFO - Processing /home/anhtupham99/NBA-analytics/py_env/lib/python3.11/site-packages/airflow/example_dags/example_nested_branch_dag.py took 0.075 seconds
[2025-04-16T00:28:26.307+0700] {processor.py:186} INFO - Started process (PID=367716) to work on /home/anhtupham99/NBA-analytics/py_env/lib/python3.11/site-packages/airflow/example_dags/example_nested_branch_dag.py
[2025-04-16T00:28:26.309+0700] {processor.py:914} INFO - Processing file /home/anhtupham99/NBA-analytics/py_env/lib/python3.11/site-packages/airflow/example_dags/example_nested_branch_dag.py for tasks to queue
[2025-04-16T00:28:26.312+0700] {logging_mixin.py:190} INFO - [2025-04-16T00:28:26.311+0700] {dagbag.py:588} INFO - Filling up the DagBag from /home/anhtupham99/NBA-analytics/py_env/lib/python3.11/site-packages/airflow/example_dags/example_nested_branch_dag.py
[2025-04-16T00:28:26.325+0700] {processor.py:925} INFO - DAG(s) 'example_nested_branch_dag' retrieved from /home/anhtupham99/NBA-analytics/py_env/lib/python3.11/site-packages/airflow/example_dags/example_nested_branch_dag.py
[2025-04-16T00:28:26.339+0700] {logging_mixin.py:190} INFO - [2025-04-16T00:28:26.339+0700] {dag.py:3239} INFO - Sync 1 DAGs
[2025-04-16T00:28:26.357+0700] {logging_mixin.py:190} INFO - [2025-04-16T00:28:26.357+0700] {dag.py:4180} INFO - Setting next_dagrun for example_nested_branch_dag to 2025-04-14 00:00:00+00:00, run_after=2025-04-15 00:00:00+00:00
[2025-04-16T00:28:26.384+0700] {processor.py:208} INFO - Processing /home/anhtupham99/NBA-analytics/py_env/lib/python3.11/site-packages/airflow/example_dags/example_nested_branch_dag.py took 0.084 seconds
[2025-04-16T00:29:36.446+0700] {processor.py:186} INFO - Started process (PID=369327) to work on /home/anhtupham99/NBA-analytics/py_env/lib/python3.11/site-packages/airflow/example_dags/example_nested_branch_dag.py
[2025-04-16T00:29:36.447+0700] {processor.py:914} INFO - Processing file /home/anhtupham99/NBA-analytics/py_env/lib/python3.11/site-packages/airflow/example_dags/example_nested_branch_dag.py for tasks to queue
[2025-04-16T00:29:36.449+0700] {logging_mixin.py:190} INFO - [2025-04-16T00:29:36.449+0700] {dagbag.py:588} INFO - Filling up the DagBag from /home/anhtupham99/NBA-analytics/py_env/lib/python3.11/site-packages/airflow/example_dags/example_nested_branch_dag.py
[2025-04-16T00:29:36.457+0700] {processor.py:925} INFO - DAG(s) 'example_nested_branch_dag' retrieved from /home/anhtupham99/NBA-analytics/py_env/lib/python3.11/site-packages/airflow/example_dags/example_nested_branch_dag.py
[2025-04-16T00:29:36.469+0700] {logging_mixin.py:190} INFO - [2025-04-16T00:29:36.468+0700] {dag.py:3239} INFO - Sync 1 DAGs
[2025-04-16T00:29:36.482+0700] {logging_mixin.py:190} INFO - [2025-04-16T00:29:36.482+0700] {dag.py:4180} INFO - Setting next_dagrun for example_nested_branch_dag to 2025-04-14 00:00:00+00:00, run_after=2025-04-15 00:00:00+00:00
[2025-04-16T00:29:36.504+0700] {processor.py:208} INFO - Processing /home/anhtupham99/NBA-analytics/py_env/lib/python3.11/site-packages/airflow/example_dags/example_nested_branch_dag.py took 0.064 seconds
[2025-04-16T00:30:49.672+0700] {processor.py:186} INFO - Started process (PID=371106) to work on /home/anhtupham99/NBA-analytics/py_env/lib/python3.11/site-packages/airflow/example_dags/example_nested_branch_dag.py
[2025-04-16T00:30:49.673+0700] {processor.py:914} INFO - Processing file /home/anhtupham99/NBA-analytics/py_env/lib/python3.11/site-packages/airflow/example_dags/example_nested_branch_dag.py for tasks to queue
[2025-04-16T00:30:49.675+0700] {logging_mixin.py:190} INFO - [2025-04-16T00:30:49.674+0700] {dagbag.py:588} INFO - Filling up the DagBag from /home/anhtupham99/NBA-analytics/py_env/lib/python3.11/site-packages/airflow/example_dags/example_nested_branch_dag.py
[2025-04-16T00:30:49.685+0700] {processor.py:925} INFO - DAG(s) 'example_nested_branch_dag' retrieved from /home/anhtupham99/NBA-analytics/py_env/lib/python3.11/site-packages/airflow/example_dags/example_nested_branch_dag.py
[2025-04-16T00:30:49.700+0700] {logging_mixin.py:190} INFO - [2025-04-16T00:30:49.699+0700] {dag.py:3239} INFO - Sync 1 DAGs
[2025-04-16T00:30:49.717+0700] {logging_mixin.py:190} INFO - [2025-04-16T00:30:49.717+0700] {dag.py:4180} INFO - Setting next_dagrun for example_nested_branch_dag to 2025-04-14 00:00:00+00:00, run_after=2025-04-15 00:00:00+00:00
[2025-04-16T00:30:49.742+0700] {processor.py:208} INFO - Processing /home/anhtupham99/NBA-analytics/py_env/lib/python3.11/site-packages/airflow/example_dags/example_nested_branch_dag.py took 0.074 seconds
[2025-04-16T00:31:57.261+0700] {processor.py:186} INFO - Started process (PID=372956) to work on /home/anhtupham99/NBA-analytics/py_env/lib/python3.11/site-packages/airflow/example_dags/example_nested_branch_dag.py
[2025-04-16T00:31:57.262+0700] {processor.py:914} INFO - Processing file /home/anhtupham99/NBA-analytics/py_env/lib/python3.11/site-packages/airflow/example_dags/example_nested_branch_dag.py for tasks to queue
[2025-04-16T00:31:57.264+0700] {logging_mixin.py:190} INFO - [2025-04-16T00:31:57.263+0700] {dagbag.py:588} INFO - Filling up the DagBag from /home/anhtupham99/NBA-analytics/py_env/lib/python3.11/site-packages/airflow/example_dags/example_nested_branch_dag.py
[2025-04-16T00:31:57.273+0700] {processor.py:925} INFO - DAG(s) 'example_nested_branch_dag' retrieved from /home/anhtupham99/NBA-analytics/py_env/lib/python3.11/site-packages/airflow/example_dags/example_nested_branch_dag.py
[2025-04-16T00:31:57.286+0700] {logging_mixin.py:190} INFO - [2025-04-16T00:31:57.286+0700] {dag.py:3239} INFO - Sync 1 DAGs
[2025-04-16T00:31:57.302+0700] {logging_mixin.py:190} INFO - [2025-04-16T00:31:57.302+0700] {dag.py:4180} INFO - Setting next_dagrun for example_nested_branch_dag to 2025-04-14 00:00:00+00:00, run_after=2025-04-15 00:00:00+00:00
[2025-04-16T00:31:57.325+0700] {processor.py:208} INFO - Processing /home/anhtupham99/NBA-analytics/py_env/lib/python3.11/site-packages/airflow/example_dags/example_nested_branch_dag.py took 0.069 seconds
[2025-04-16T00:33:07.489+0700] {processor.py:186} INFO - Started process (PID=374678) to work on /home/anhtupham99/NBA-analytics/py_env/lib/python3.11/site-packages/airflow/example_dags/example_nested_branch_dag.py
[2025-04-16T00:33:07.490+0700] {processor.py:914} INFO - Processing file /home/anhtupham99/NBA-analytics/py_env/lib/python3.11/site-packages/airflow/example_dags/example_nested_branch_dag.py for tasks to queue
[2025-04-16T00:33:07.492+0700] {logging_mixin.py:190} INFO - [2025-04-16T00:33:07.491+0700] {dagbag.py:588} INFO - Filling up the DagBag from /home/anhtupham99/NBA-analytics/py_env/lib/python3.11/site-packages/airflow/example_dags/example_nested_branch_dag.py
[2025-04-16T00:33:07.500+0700] {processor.py:925} INFO - DAG(s) 'example_nested_branch_dag' retrieved from /home/anhtupham99/NBA-analytics/py_env/lib/python3.11/site-packages/airflow/example_dags/example_nested_branch_dag.py
[2025-04-16T00:33:07.512+0700] {logging_mixin.py:190} INFO - [2025-04-16T00:33:07.512+0700] {dag.py:3239} INFO - Sync 1 DAGs
[2025-04-16T00:33:07.526+0700] {logging_mixin.py:190} INFO - [2025-04-16T00:33:07.526+0700] {dag.py:4180} INFO - Setting next_dagrun for example_nested_branch_dag to 2025-04-14 00:00:00+00:00, run_after=2025-04-15 00:00:00+00:00
[2025-04-16T00:33:07.548+0700] {processor.py:208} INFO - Processing /home/anhtupham99/NBA-analytics/py_env/lib/python3.11/site-packages/airflow/example_dags/example_nested_branch_dag.py took 0.063 seconds
[2025-04-16T00:34:20.415+0700] {processor.py:186} INFO - Started process (PID=376345) to work on /home/anhtupham99/NBA-analytics/py_env/lib/python3.11/site-packages/airflow/example_dags/example_nested_branch_dag.py
[2025-04-16T00:34:20.416+0700] {processor.py:914} INFO - Processing file /home/anhtupham99/NBA-analytics/py_env/lib/python3.11/site-packages/airflow/example_dags/example_nested_branch_dag.py for tasks to queue
[2025-04-16T00:34:20.418+0700] {logging_mixin.py:190} INFO - [2025-04-16T00:34:20.418+0700] {dagbag.py:588} INFO - Filling up the DagBag from /home/anhtupham99/NBA-analytics/py_env/lib/python3.11/site-packages/airflow/example_dags/example_nested_branch_dag.py
[2025-04-16T00:34:20.428+0700] {processor.py:925} INFO - DAG(s) 'example_nested_branch_dag' retrieved from /home/anhtupham99/NBA-analytics/py_env/lib/python3.11/site-packages/airflow/example_dags/example_nested_branch_dag.py
[2025-04-16T00:34:20.442+0700] {logging_mixin.py:190} INFO - [2025-04-16T00:34:20.441+0700] {dag.py:3239} INFO - Sync 1 DAGs
[2025-04-16T00:34:20.457+0700] {logging_mixin.py:190} INFO - [2025-04-16T00:34:20.457+0700] {dag.py:4180} INFO - Setting next_dagrun for example_nested_branch_dag to 2025-04-14 00:00:00+00:00, run_after=2025-04-15 00:00:00+00:00
[2025-04-16T00:34:20.482+0700] {processor.py:208} INFO - Processing /home/anhtupham99/NBA-analytics/py_env/lib/python3.11/site-packages/airflow/example_dags/example_nested_branch_dag.py took 0.071 seconds
[2025-04-16T00:35:27.827+0700] {processor.py:186} INFO - Started process (PID=378088) to work on /home/anhtupham99/NBA-analytics/py_env/lib/python3.11/site-packages/airflow/example_dags/example_nested_branch_dag.py
[2025-04-16T00:35:27.828+0700] {processor.py:914} INFO - Processing file /home/anhtupham99/NBA-analytics/py_env/lib/python3.11/site-packages/airflow/example_dags/example_nested_branch_dag.py for tasks to queue
[2025-04-16T00:35:27.830+0700] {logging_mixin.py:190} INFO - [2025-04-16T00:35:27.829+0700] {dagbag.py:588} INFO - Filling up the DagBag from /home/anhtupham99/NBA-analytics/py_env/lib/python3.11/site-packages/airflow/example_dags/example_nested_branch_dag.py
[2025-04-16T00:35:27.839+0700] {processor.py:925} INFO - DAG(s) 'example_nested_branch_dag' retrieved from /home/anhtupham99/NBA-analytics/py_env/lib/python3.11/site-packages/airflow/example_dags/example_nested_branch_dag.py
[2025-04-16T00:35:27.852+0700] {logging_mixin.py:190} INFO - [2025-04-16T00:35:27.852+0700] {dag.py:3239} INFO - Sync 1 DAGs
[2025-04-16T00:35:27.866+0700] {logging_mixin.py:190} INFO - [2025-04-16T00:35:27.866+0700] {dag.py:4180} INFO - Setting next_dagrun for example_nested_branch_dag to 2025-04-14 00:00:00+00:00, run_after=2025-04-15 00:00:00+00:00
[2025-04-16T00:35:27.892+0700] {processor.py:208} INFO - Processing /home/anhtupham99/NBA-analytics/py_env/lib/python3.11/site-packages/airflow/example_dags/example_nested_branch_dag.py took 0.070 seconds
[2025-04-16T00:36:43.052+0700] {processor.py:186} INFO - Started process (PID=379949) to work on /home/anhtupham99/NBA-analytics/py_env/lib/python3.11/site-packages/airflow/example_dags/example_nested_branch_dag.py
[2025-04-16T00:36:43.053+0700] {processor.py:914} INFO - Processing file /home/anhtupham99/NBA-analytics/py_env/lib/python3.11/site-packages/airflow/example_dags/example_nested_branch_dag.py for tasks to queue
[2025-04-16T00:36:43.055+0700] {logging_mixin.py:190} INFO - [2025-04-16T00:36:43.054+0700] {dagbag.py:588} INFO - Filling up the DagBag from /home/anhtupham99/NBA-analytics/py_env/lib/python3.11/site-packages/airflow/example_dags/example_nested_branch_dag.py
[2025-04-16T00:36:43.065+0700] {processor.py:925} INFO - DAG(s) 'example_nested_branch_dag' retrieved from /home/anhtupham99/NBA-analytics/py_env/lib/python3.11/site-packages/airflow/example_dags/example_nested_branch_dag.py
[2025-04-16T00:36:43.078+0700] {logging_mixin.py:190} INFO - [2025-04-16T00:36:43.078+0700] {dag.py:3239} INFO - Sync 1 DAGs
[2025-04-16T00:36:43.092+0700] {logging_mixin.py:190} INFO - [2025-04-16T00:36:43.092+0700] {dag.py:4180} INFO - Setting next_dagrun for example_nested_branch_dag to 2025-04-14 00:00:00+00:00, run_after=2025-04-15 00:00:00+00:00
[2025-04-16T00:36:43.115+0700] {processor.py:208} INFO - Processing /home/anhtupham99/NBA-analytics/py_env/lib/python3.11/site-packages/airflow/example_dags/example_nested_branch_dag.py took 0.067 seconds
[2025-04-16T00:37:53.366+0700] {processor.py:186} INFO - Started process (PID=381844) to work on /home/anhtupham99/NBA-analytics/py_env/lib/python3.11/site-packages/airflow/example_dags/example_nested_branch_dag.py
[2025-04-16T00:37:53.368+0700] {processor.py:914} INFO - Processing file /home/anhtupham99/NBA-analytics/py_env/lib/python3.11/site-packages/airflow/example_dags/example_nested_branch_dag.py for tasks to queue
[2025-04-16T00:37:53.369+0700] {logging_mixin.py:190} INFO - [2025-04-16T00:37:53.369+0700] {dagbag.py:588} INFO - Filling up the DagBag from /home/anhtupham99/NBA-analytics/py_env/lib/python3.11/site-packages/airflow/example_dags/example_nested_branch_dag.py
[2025-04-16T00:37:53.381+0700] {processor.py:925} INFO - DAG(s) 'example_nested_branch_dag' retrieved from /home/anhtupham99/NBA-analytics/py_env/lib/python3.11/site-packages/airflow/example_dags/example_nested_branch_dag.py
[2025-04-16T00:37:53.397+0700] {logging_mixin.py:190} INFO - [2025-04-16T00:37:53.397+0700] {dag.py:3239} INFO - Sync 1 DAGs
[2025-04-16T00:37:53.416+0700] {logging_mixin.py:190} INFO - [2025-04-16T00:37:53.416+0700] {dag.py:4180} INFO - Setting next_dagrun for example_nested_branch_dag to 2025-04-14 00:00:00+00:00, run_after=2025-04-15 00:00:00+00:00
[2025-04-16T00:37:53.441+0700] {processor.py:208} INFO - Processing /home/anhtupham99/NBA-analytics/py_env/lib/python3.11/site-packages/airflow/example_dags/example_nested_branch_dag.py took 0.080 seconds
