[2025-04-15T23:46:45.437+0700] {processor.py:186} INFO - Started process (PID=297757) to work on /home/anhtupham99/NBA-analytics/py_env/lib/python3.11/site-packages/airflow/example_dags/example_short_circuit_operator.py
[2025-04-15T23:46:45.437+0700] {processor.py:914} INFO - Processing file /home/anhtupham99/NBA-analytics/py_env/lib/python3.11/site-packages/airflow/example_dags/example_short_circuit_operator.py for tasks to queue
[2025-04-15T23:46:45.439+0700] {logging_mixin.py:190} INFO - [2025-04-15T23:46:45.438+0700] {dagbag.py:588} INFO - Filling up the DagBag from /home/anhtupham99/NBA-analytics/py_env/lib/python3.11/site-packages/airflow/example_dags/example_short_circuit_operator.py
[2025-04-15T23:46:45.448+0700] {processor.py:925} INFO - DAG(s) 'example_short_circuit_operator' retrieved from /home/anhtupham99/NBA-analytics/py_env/lib/python3.11/site-packages/airflow/example_dags/example_short_circuit_operator.py
[2025-04-15T23:46:45.555+0700] {logging_mixin.py:190} INFO - [2025-04-15T23:46:45.554+0700] {override.py:1912} INFO - Created Permission View: can delete on DAG:example_short_circuit_operator
[2025-04-15T23:46:45.570+0700] {logging_mixin.py:190} INFO - [2025-04-15T23:46:45.570+0700] {override.py:1912} INFO - Created Permission View: can edit on DAG:example_short_circuit_operator
[2025-04-15T23:46:45.585+0700] {logging_mixin.py:190} INFO - [2025-04-15T23:46:45.584+0700] {override.py:1912} INFO - Created Permission View: can read on DAG:example_short_circuit_operator
[2025-04-15T23:46:45.610+0700] {logging_mixin.py:190} INFO - [2025-04-15T23:46:45.609+0700] {override.py:1912} INFO - Created Permission View: can create on DAG Run:example_short_circuit_operator
[2025-04-15T23:46:45.624+0700] {logging_mixin.py:190} INFO - [2025-04-15T23:46:45.623+0700] {override.py:1912} INFO - Created Permission View: can delete on DAG Run:example_short_circuit_operator
[2025-04-15T23:46:45.638+0700] {logging_mixin.py:190} INFO - [2025-04-15T23:46:45.638+0700] {override.py:1912} INFO - Created Permission View: menu access on DAG Run:example_short_circuit_operator
[2025-04-15T23:46:45.653+0700] {logging_mixin.py:190} INFO - [2025-04-15T23:46:45.652+0700] {override.py:1912} INFO - Created Permission View: can read on DAG Run:example_short_circuit_operator
[2025-04-15T23:46:45.653+0700] {logging_mixin.py:190} INFO - [2025-04-15T23:46:45.653+0700] {dag.py:3239} INFO - Sync 1 DAGs
[2025-04-15T23:46:45.665+0700] {logging_mixin.py:190} INFO - [2025-04-15T23:46:45.665+0700] {dag.py:3262} INFO - Creating ORM DAG for example_short_circuit_operator
[2025-04-15T23:46:45.666+0700] {logging_mixin.py:190} INFO - [2025-04-15T23:46:45.665+0700] {dag.py:4180} INFO - Setting next_dagrun for example_short_circuit_operator to None, run_after=None
[2025-04-15T23:46:45.691+0700] {processor.py:208} INFO - Processing /home/anhtupham99/NBA-analytics/py_env/lib/python3.11/site-packages/airflow/example_dags/example_short_circuit_operator.py took 0.259 seconds
[2025-04-15T23:47:49.896+0700] {processor.py:186} INFO - Started process (PID=299128) to work on /home/anhtupham99/NBA-analytics/py_env/lib/python3.11/site-packages/airflow/example_dags/example_short_circuit_operator.py
[2025-04-15T23:47:49.897+0700] {processor.py:914} INFO - Processing file /home/anhtupham99/NBA-analytics/py_env/lib/python3.11/site-packages/airflow/example_dags/example_short_circuit_operator.py for tasks to queue
[2025-04-15T23:47:49.899+0700] {logging_mixin.py:190} INFO - [2025-04-15T23:47:49.899+0700] {dagbag.py:588} INFO - Filling up the DagBag from /home/anhtupham99/NBA-analytics/py_env/lib/python3.11/site-packages/airflow/example_dags/example_short_circuit_operator.py
[2025-04-15T23:47:49.906+0700] {processor.py:925} INFO - DAG(s) 'example_short_circuit_operator' retrieved from /home/anhtupham99/NBA-analytics/py_env/lib/python3.11/site-packages/airflow/example_dags/example_short_circuit_operator.py
[2025-04-15T23:47:49.921+0700] {logging_mixin.py:190} INFO - [2025-04-15T23:47:49.920+0700] {dag.py:3239} INFO - Sync 1 DAGs
[2025-04-15T23:47:49.930+0700] {logging_mixin.py:190} INFO - [2025-04-15T23:47:49.930+0700] {dag.py:4180} INFO - Setting next_dagrun for example_short_circuit_operator to None, run_after=None
[2025-04-15T23:47:49.955+0700] {processor.py:208} INFO - Processing /home/anhtupham99/NBA-analytics/py_env/lib/python3.11/site-packages/airflow/example_dags/example_short_circuit_operator.py took 0.064 seconds
[2025-04-15T23:48:45.471+0700] {processor.py:186} INFO - Started process (PID=300529) to work on /home/anhtupham99/NBA-analytics/py_env/lib/python3.11/site-packages/airflow/example_dags/example_short_circuit_operator.py
[2025-04-15T23:48:45.472+0700] {processor.py:914} INFO - Processing file /home/anhtupham99/NBA-analytics/py_env/lib/python3.11/site-packages/airflow/example_dags/example_short_circuit_operator.py for tasks to queue
[2025-04-15T23:48:45.475+0700] {logging_mixin.py:190} INFO - [2025-04-15T23:48:45.474+0700] {dagbag.py:588} INFO - Filling up the DagBag from /home/anhtupham99/NBA-analytics/py_env/lib/python3.11/site-packages/airflow/example_dags/example_short_circuit_operator.py
[2025-04-15T23:48:45.483+0700] {processor.py:925} INFO - DAG(s) 'example_short_circuit_operator' retrieved from /home/anhtupham99/NBA-analytics/py_env/lib/python3.11/site-packages/airflow/example_dags/example_short_circuit_operator.py
[2025-04-15T23:48:45.498+0700] {logging_mixin.py:190} INFO - [2025-04-15T23:48:45.498+0700] {dag.py:3239} INFO - Sync 1 DAGs
[2025-04-15T23:48:45.508+0700] {logging_mixin.py:190} INFO - [2025-04-15T23:48:45.508+0700] {dag.py:4180} INFO - Setting next_dagrun for example_short_circuit_operator to None, run_after=None
[2025-04-15T23:48:45.533+0700] {processor.py:208} INFO - Processing /home/anhtupham99/NBA-analytics/py_env/lib/python3.11/site-packages/airflow/example_dags/example_short_circuit_operator.py took 0.067 seconds
[2025-04-15T23:49:31.518+0700] {processor.py:186} INFO - Started process (PID=301479) to work on /home/anhtupham99/NBA-analytics/py_env/lib/python3.11/site-packages/airflow/example_dags/example_short_circuit_operator.py
[2025-04-15T23:49:31.521+0700] {processor.py:914} INFO - Processing file /home/anhtupham99/NBA-analytics/py_env/lib/python3.11/site-packages/airflow/example_dags/example_short_circuit_operator.py for tasks to queue
[2025-04-15T23:49:31.522+0700] {logging_mixin.py:190} INFO - [2025-04-15T23:49:31.522+0700] {dagbag.py:588} INFO - Filling up the DagBag from /home/anhtupham99/NBA-analytics/py_env/lib/python3.11/site-packages/airflow/example_dags/example_short_circuit_operator.py
[2025-04-15T23:49:31.530+0700] {processor.py:925} INFO - DAG(s) 'example_short_circuit_operator' retrieved from /home/anhtupham99/NBA-analytics/py_env/lib/python3.11/site-packages/airflow/example_dags/example_short_circuit_operator.py
[2025-04-15T23:49:31.546+0700] {logging_mixin.py:190} INFO - [2025-04-15T23:49:31.546+0700] {dag.py:3239} INFO - Sync 1 DAGs
[2025-04-15T23:49:31.556+0700] {logging_mixin.py:190} INFO - [2025-04-15T23:49:31.556+0700] {dag.py:4180} INFO - Setting next_dagrun for example_short_circuit_operator to None, run_after=None
[2025-04-15T23:49:31.581+0700] {processor.py:208} INFO - Processing /home/anhtupham99/NBA-analytics/py_env/lib/python3.11/site-packages/airflow/example_dags/example_short_circuit_operator.py took 0.068 seconds
[2025-04-15T23:50:21.069+0700] {processor.py:186} INFO - Started process (PID=302539) to work on /home/anhtupham99/NBA-analytics/py_env/lib/python3.11/site-packages/airflow/example_dags/example_short_circuit_operator.py
[2025-04-15T23:50:21.070+0700] {processor.py:914} INFO - Processing file /home/anhtupham99/NBA-analytics/py_env/lib/python3.11/site-packages/airflow/example_dags/example_short_circuit_operator.py for tasks to queue
[2025-04-15T23:50:21.073+0700] {logging_mixin.py:190} INFO - [2025-04-15T23:50:21.072+0700] {dagbag.py:588} INFO - Filling up the DagBag from /home/anhtupham99/NBA-analytics/py_env/lib/python3.11/site-packages/airflow/example_dags/example_short_circuit_operator.py
[2025-04-15T23:50:21.082+0700] {processor.py:925} INFO - DAG(s) 'example_short_circuit_operator' retrieved from /home/anhtupham99/NBA-analytics/py_env/lib/python3.11/site-packages/airflow/example_dags/example_short_circuit_operator.py
[2025-04-15T23:50:21.097+0700] {logging_mixin.py:190} INFO - [2025-04-15T23:50:21.097+0700] {dag.py:3239} INFO - Sync 1 DAGs
[2025-04-15T23:50:21.108+0700] {logging_mixin.py:190} INFO - [2025-04-15T23:50:21.107+0700] {dag.py:4180} INFO - Setting next_dagrun for example_short_circuit_operator to None, run_after=None
[2025-04-15T23:50:21.224+0700] {processor.py:208} INFO - Processing /home/anhtupham99/NBA-analytics/py_env/lib/python3.11/site-packages/airflow/example_dags/example_short_circuit_operator.py took 0.160 seconds
[2025-04-15T23:51:15.120+0700] {processor.py:186} INFO - Started process (PID=303600) to work on /home/anhtupham99/NBA-analytics/py_env/lib/python3.11/site-packages/airflow/example_dags/example_short_circuit_operator.py
[2025-04-15T23:51:15.122+0700] {processor.py:914} INFO - Processing file /home/anhtupham99/NBA-analytics/py_env/lib/python3.11/site-packages/airflow/example_dags/example_short_circuit_operator.py for tasks to queue
[2025-04-15T23:51:15.124+0700] {logging_mixin.py:190} INFO - [2025-04-15T23:51:15.124+0700] {dagbag.py:588} INFO - Filling up the DagBag from /home/anhtupham99/NBA-analytics/py_env/lib/python3.11/site-packages/airflow/example_dags/example_short_circuit_operator.py
[2025-04-15T23:51:15.134+0700] {processor.py:925} INFO - DAG(s) 'example_short_circuit_operator' retrieved from /home/anhtupham99/NBA-analytics/py_env/lib/python3.11/site-packages/airflow/example_dags/example_short_circuit_operator.py
[2025-04-15T23:51:15.149+0700] {logging_mixin.py:190} INFO - [2025-04-15T23:51:15.149+0700] {dag.py:3239} INFO - Sync 1 DAGs
[2025-04-15T23:51:15.158+0700] {logging_mixin.py:190} INFO - [2025-04-15T23:51:15.158+0700] {dag.py:4180} INFO - Setting next_dagrun for example_short_circuit_operator to None, run_after=None
[2025-04-15T23:51:15.180+0700] {processor.py:208} INFO - Processing /home/anhtupham99/NBA-analytics/py_env/lib/python3.11/site-packages/airflow/example_dags/example_short_circuit_operator.py took 0.065 seconds
[2025-04-15T23:52:02.491+0700] {processor.py:186} INFO - Started process (PID=304444) to work on /home/anhtupham99/NBA-analytics/py_env/lib/python3.11/site-packages/airflow/example_dags/example_short_circuit_operator.py
[2025-04-15T23:52:02.492+0700] {processor.py:914} INFO - Processing file /home/anhtupham99/NBA-analytics/py_env/lib/python3.11/site-packages/airflow/example_dags/example_short_circuit_operator.py for tasks to queue
[2025-04-15T23:52:02.494+0700] {logging_mixin.py:190} INFO - [2025-04-15T23:52:02.493+0700] {dagbag.py:588} INFO - Filling up the DagBag from /home/anhtupham99/NBA-analytics/py_env/lib/python3.11/site-packages/airflow/example_dags/example_short_circuit_operator.py
[2025-04-15T23:52:02.501+0700] {processor.py:925} INFO - DAG(s) 'example_short_circuit_operator' retrieved from /home/anhtupham99/NBA-analytics/py_env/lib/python3.11/site-packages/airflow/example_dags/example_short_circuit_operator.py
[2025-04-15T23:52:02.515+0700] {logging_mixin.py:190} INFO - [2025-04-15T23:52:02.515+0700] {dag.py:3239} INFO - Sync 1 DAGs
[2025-04-15T23:52:02.525+0700] {logging_mixin.py:190} INFO - [2025-04-15T23:52:02.524+0700] {dag.py:4180} INFO - Setting next_dagrun for example_short_circuit_operator to None, run_after=None
[2025-04-15T23:52:02.547+0700] {processor.py:208} INFO - Processing /home/anhtupham99/NBA-analytics/py_env/lib/python3.11/site-packages/airflow/example_dags/example_short_circuit_operator.py took 0.061 seconds
[2025-04-15T23:52:48.470+0700] {processor.py:186} INFO - Started process (PID=305443) to work on /home/anhtupham99/NBA-analytics/py_env/lib/python3.11/site-packages/airflow/example_dags/example_short_circuit_operator.py
[2025-04-15T23:52:48.471+0700] {processor.py:914} INFO - Processing file /home/anhtupham99/NBA-analytics/py_env/lib/python3.11/site-packages/airflow/example_dags/example_short_circuit_operator.py for tasks to queue
[2025-04-15T23:52:48.473+0700] {logging_mixin.py:190} INFO - [2025-04-15T23:52:48.473+0700] {dagbag.py:588} INFO - Filling up the DagBag from /home/anhtupham99/NBA-analytics/py_env/lib/python3.11/site-packages/airflow/example_dags/example_short_circuit_operator.py
[2025-04-15T23:52:48.482+0700] {processor.py:925} INFO - DAG(s) 'example_short_circuit_operator' retrieved from /home/anhtupham99/NBA-analytics/py_env/lib/python3.11/site-packages/airflow/example_dags/example_short_circuit_operator.py
[2025-04-15T23:52:48.499+0700] {logging_mixin.py:190} INFO - [2025-04-15T23:52:48.499+0700] {dag.py:3239} INFO - Sync 1 DAGs
[2025-04-15T23:52:48.520+0700] {logging_mixin.py:190} INFO - [2025-04-15T23:52:48.520+0700] {dag.py:4180} INFO - Setting next_dagrun for example_short_circuit_operator to None, run_after=None
[2025-04-15T23:52:48.556+0700] {processor.py:208} INFO - Processing /home/anhtupham99/NBA-analytics/py_env/lib/python3.11/site-packages/airflow/example_dags/example_short_circuit_operator.py took 0.092 seconds
[2025-04-15T23:53:37.778+0700] {processor.py:186} INFO - Started process (PID=306323) to work on /home/anhtupham99/NBA-analytics/py_env/lib/python3.11/site-packages/airflow/example_dags/example_short_circuit_operator.py
[2025-04-15T23:53:37.780+0700] {processor.py:914} INFO - Processing file /home/anhtupham99/NBA-analytics/py_env/lib/python3.11/site-packages/airflow/example_dags/example_short_circuit_operator.py for tasks to queue
[2025-04-15T23:53:37.782+0700] {logging_mixin.py:190} INFO - [2025-04-15T23:53:37.782+0700] {dagbag.py:588} INFO - Filling up the DagBag from /home/anhtupham99/NBA-analytics/py_env/lib/python3.11/site-packages/airflow/example_dags/example_short_circuit_operator.py
[2025-04-15T23:53:37.791+0700] {processor.py:925} INFO - DAG(s) 'example_short_circuit_operator' retrieved from /home/anhtupham99/NBA-analytics/py_env/lib/python3.11/site-packages/airflow/example_dags/example_short_circuit_operator.py
[2025-04-15T23:53:37.806+0700] {logging_mixin.py:190} INFO - [2025-04-15T23:53:37.806+0700] {dag.py:3239} INFO - Sync 1 DAGs
[2025-04-15T23:53:37.816+0700] {logging_mixin.py:190} INFO - [2025-04-15T23:53:37.816+0700] {dag.py:4180} INFO - Setting next_dagrun for example_short_circuit_operator to None, run_after=None
[2025-04-15T23:53:37.842+0700] {processor.py:208} INFO - Processing /home/anhtupham99/NBA-analytics/py_env/lib/python3.11/site-packages/airflow/example_dags/example_short_circuit_operator.py took 0.070 seconds
[2025-04-15T23:54:22.522+0700] {processor.py:186} INFO - Started process (PID=307192) to work on /home/anhtupham99/NBA-analytics/py_env/lib/python3.11/site-packages/airflow/example_dags/example_short_circuit_operator.py
[2025-04-15T23:54:22.523+0700] {processor.py:914} INFO - Processing file /home/anhtupham99/NBA-analytics/py_env/lib/python3.11/site-packages/airflow/example_dags/example_short_circuit_operator.py for tasks to queue
[2025-04-15T23:54:22.525+0700] {logging_mixin.py:190} INFO - [2025-04-15T23:54:22.524+0700] {dagbag.py:588} INFO - Filling up the DagBag from /home/anhtupham99/NBA-analytics/py_env/lib/python3.11/site-packages/airflow/example_dags/example_short_circuit_operator.py
[2025-04-15T23:54:22.533+0700] {processor.py:925} INFO - DAG(s) 'example_short_circuit_operator' retrieved from /home/anhtupham99/NBA-analytics/py_env/lib/python3.11/site-packages/airflow/example_dags/example_short_circuit_operator.py
[2025-04-15T23:54:22.547+0700] {logging_mixin.py:190} INFO - [2025-04-15T23:54:22.547+0700] {dag.py:3239} INFO - Sync 1 DAGs
[2025-04-15T23:54:22.557+0700] {logging_mixin.py:190} INFO - [2025-04-15T23:54:22.557+0700] {dag.py:4180} INFO - Setting next_dagrun for example_short_circuit_operator to None, run_after=None
[2025-04-15T23:54:22.581+0700] {processor.py:208} INFO - Processing /home/anhtupham99/NBA-analytics/py_env/lib/python3.11/site-packages/airflow/example_dags/example_short_circuit_operator.py took 0.064 seconds
[2025-04-15T23:55:11.972+0700] {processor.py:186} INFO - Started process (PID=308143) to work on /home/anhtupham99/NBA-analytics/py_env/lib/python3.11/site-packages/airflow/example_dags/example_short_circuit_operator.py
[2025-04-15T23:55:11.974+0700] {processor.py:914} INFO - Processing file /home/anhtupham99/NBA-analytics/py_env/lib/python3.11/site-packages/airflow/example_dags/example_short_circuit_operator.py for tasks to queue
[2025-04-15T23:55:11.975+0700] {logging_mixin.py:190} INFO - [2025-04-15T23:55:11.975+0700] {dagbag.py:588} INFO - Filling up the DagBag from /home/anhtupham99/NBA-analytics/py_env/lib/python3.11/site-packages/airflow/example_dags/example_short_circuit_operator.py
[2025-04-15T23:55:11.982+0700] {processor.py:925} INFO - DAG(s) 'example_short_circuit_operator' retrieved from /home/anhtupham99/NBA-analytics/py_env/lib/python3.11/site-packages/airflow/example_dags/example_short_circuit_operator.py
[2025-04-15T23:55:11.994+0700] {logging_mixin.py:190} INFO - [2025-04-15T23:55:11.994+0700] {dag.py:3239} INFO - Sync 1 DAGs
[2025-04-15T23:55:12.002+0700] {logging_mixin.py:190} INFO - [2025-04-15T23:55:12.002+0700] {dag.py:4180} INFO - Setting next_dagrun for example_short_circuit_operator to None, run_after=None
[2025-04-15T23:55:12.025+0700] {processor.py:208} INFO - Processing /home/anhtupham99/NBA-analytics/py_env/lib/python3.11/site-packages/airflow/example_dags/example_short_circuit_operator.py took 0.056 seconds
[2025-04-15T23:56:04.224+0700] {processor.py:186} INFO - Started process (PID=311119) to work on /home/anhtupham99/NBA-analytics/py_env/lib/python3.11/site-packages/airflow/example_dags/example_short_circuit_operator.py
[2025-04-15T23:56:04.225+0700] {processor.py:914} INFO - Processing file /home/anhtupham99/NBA-analytics/py_env/lib/python3.11/site-packages/airflow/example_dags/example_short_circuit_operator.py for tasks to queue
[2025-04-15T23:56:04.227+0700] {logging_mixin.py:190} INFO - [2025-04-15T23:56:04.226+0700] {dagbag.py:588} INFO - Filling up the DagBag from /home/anhtupham99/NBA-analytics/py_env/lib/python3.11/site-packages/airflow/example_dags/example_short_circuit_operator.py
[2025-04-15T23:56:04.235+0700] {processor.py:925} INFO - DAG(s) 'example_short_circuit_operator' retrieved from /home/anhtupham99/NBA-analytics/py_env/lib/python3.11/site-packages/airflow/example_dags/example_short_circuit_operator.py
[2025-04-15T23:56:04.249+0700] {logging_mixin.py:190} INFO - [2025-04-15T23:56:04.249+0700] {dag.py:3239} INFO - Sync 1 DAGs
[2025-04-15T23:56:04.259+0700] {logging_mixin.py:190} INFO - [2025-04-15T23:56:04.259+0700] {dag.py:4180} INFO - Setting next_dagrun for example_short_circuit_operator to None, run_after=None
[2025-04-15T23:56:04.282+0700] {processor.py:208} INFO - Processing /home/anhtupham99/NBA-analytics/py_env/lib/python3.11/site-packages/airflow/example_dags/example_short_circuit_operator.py took 0.063 seconds
[2025-04-15T23:56:51.220+0700] {processor.py:186} INFO - Started process (PID=312175) to work on /home/anhtupham99/NBA-analytics/py_env/lib/python3.11/site-packages/airflow/example_dags/example_short_circuit_operator.py
[2025-04-15T23:56:51.221+0700] {processor.py:914} INFO - Processing file /home/anhtupham99/NBA-analytics/py_env/lib/python3.11/site-packages/airflow/example_dags/example_short_circuit_operator.py for tasks to queue
[2025-04-15T23:56:51.223+0700] {logging_mixin.py:190} INFO - [2025-04-15T23:56:51.223+0700] {dagbag.py:588} INFO - Filling up the DagBag from /home/anhtupham99/NBA-analytics/py_env/lib/python3.11/site-packages/airflow/example_dags/example_short_circuit_operator.py
[2025-04-15T23:56:51.232+0700] {processor.py:925} INFO - DAG(s) 'example_short_circuit_operator' retrieved from /home/anhtupham99/NBA-analytics/py_env/lib/python3.11/site-packages/airflow/example_dags/example_short_circuit_operator.py
[2025-04-15T23:56:51.253+0700] {logging_mixin.py:190} INFO - [2025-04-15T23:56:51.253+0700] {dag.py:3239} INFO - Sync 1 DAGs
[2025-04-15T23:56:51.264+0700] {logging_mixin.py:190} INFO - [2025-04-15T23:56:51.263+0700] {dag.py:4180} INFO - Setting next_dagrun for example_short_circuit_operator to None, run_after=None
[2025-04-15T23:56:51.289+0700] {processor.py:208} INFO - Processing /home/anhtupham99/NBA-analytics/py_env/lib/python3.11/site-packages/airflow/example_dags/example_short_circuit_operator.py took 0.075 seconds
[2025-04-15T23:57:38.425+0700] {processor.py:186} INFO - Started process (PID=313051) to work on /home/anhtupham99/NBA-analytics/py_env/lib/python3.11/site-packages/airflow/example_dags/example_short_circuit_operator.py
[2025-04-15T23:57:38.427+0700] {processor.py:914} INFO - Processing file /home/anhtupham99/NBA-analytics/py_env/lib/python3.11/site-packages/airflow/example_dags/example_short_circuit_operator.py for tasks to queue
[2025-04-15T23:57:38.430+0700] {logging_mixin.py:190} INFO - [2025-04-15T23:57:38.429+0700] {dagbag.py:588} INFO - Filling up the DagBag from /home/anhtupham99/NBA-analytics/py_env/lib/python3.11/site-packages/airflow/example_dags/example_short_circuit_operator.py
[2025-04-15T23:57:38.442+0700] {processor.py:925} INFO - DAG(s) 'example_short_circuit_operator' retrieved from /home/anhtupham99/NBA-analytics/py_env/lib/python3.11/site-packages/airflow/example_dags/example_short_circuit_operator.py
[2025-04-15T23:57:38.462+0700] {logging_mixin.py:190} INFO - [2025-04-15T23:57:38.461+0700] {dag.py:3239} INFO - Sync 1 DAGs
[2025-04-15T23:57:38.472+0700] {logging_mixin.py:190} INFO - [2025-04-15T23:57:38.472+0700] {dag.py:4180} INFO - Setting next_dagrun for example_short_circuit_operator to None, run_after=None
[2025-04-15T23:57:38.502+0700] {processor.py:208} INFO - Processing /home/anhtupham99/NBA-analytics/py_env/lib/python3.11/site-packages/airflow/example_dags/example_short_circuit_operator.py took 0.083 seconds
[2025-04-15T23:58:29.286+0700] {processor.py:186} INFO - Started process (PID=314055) to work on /home/anhtupham99/NBA-analytics/py_env/lib/python3.11/site-packages/airflow/example_dags/example_short_circuit_operator.py
[2025-04-15T23:58:29.287+0700] {processor.py:914} INFO - Processing file /home/anhtupham99/NBA-analytics/py_env/lib/python3.11/site-packages/airflow/example_dags/example_short_circuit_operator.py for tasks to queue
[2025-04-15T23:58:29.289+0700] {logging_mixin.py:190} INFO - [2025-04-15T23:58:29.289+0700] {dagbag.py:588} INFO - Filling up the DagBag from /home/anhtupham99/NBA-analytics/py_env/lib/python3.11/site-packages/airflow/example_dags/example_short_circuit_operator.py
[2025-04-15T23:58:29.297+0700] {processor.py:925} INFO - DAG(s) 'example_short_circuit_operator' retrieved from /home/anhtupham99/NBA-analytics/py_env/lib/python3.11/site-packages/airflow/example_dags/example_short_circuit_operator.py
[2025-04-15T23:58:29.312+0700] {logging_mixin.py:190} INFO - [2025-04-15T23:58:29.311+0700] {dag.py:3239} INFO - Sync 1 DAGs
[2025-04-15T23:58:29.321+0700] {logging_mixin.py:190} INFO - [2025-04-15T23:58:29.321+0700] {dag.py:4180} INFO - Setting next_dagrun for example_short_circuit_operator to None, run_after=None
[2025-04-15T23:58:29.345+0700] {processor.py:208} INFO - Processing /home/anhtupham99/NBA-analytics/py_env/lib/python3.11/site-packages/airflow/example_dags/example_short_circuit_operator.py took 0.064 seconds
[2025-04-15T23:59:16.656+0700] {processor.py:186} INFO - Started process (PID=315039) to work on /home/anhtupham99/NBA-analytics/py_env/lib/python3.11/site-packages/airflow/example_dags/example_short_circuit_operator.py
[2025-04-15T23:59:16.657+0700] {processor.py:914} INFO - Processing file /home/anhtupham99/NBA-analytics/py_env/lib/python3.11/site-packages/airflow/example_dags/example_short_circuit_operator.py for tasks to queue
[2025-04-15T23:59:16.659+0700] {logging_mixin.py:190} INFO - [2025-04-15T23:59:16.659+0700] {dagbag.py:588} INFO - Filling up the DagBag from /home/anhtupham99/NBA-analytics/py_env/lib/python3.11/site-packages/airflow/example_dags/example_short_circuit_operator.py
[2025-04-15T23:59:16.668+0700] {processor.py:925} INFO - DAG(s) 'example_short_circuit_operator' retrieved from /home/anhtupham99/NBA-analytics/py_env/lib/python3.11/site-packages/airflow/example_dags/example_short_circuit_operator.py
[2025-04-15T23:59:16.689+0700] {logging_mixin.py:190} INFO - [2025-04-15T23:59:16.689+0700] {dag.py:3239} INFO - Sync 1 DAGs
[2025-04-15T23:59:16.702+0700] {logging_mixin.py:190} INFO - [2025-04-15T23:59:16.702+0700] {dag.py:4180} INFO - Setting next_dagrun for example_short_circuit_operator to None, run_after=None
[2025-04-15T23:59:16.730+0700] {processor.py:208} INFO - Processing /home/anhtupham99/NBA-analytics/py_env/lib/python3.11/site-packages/airflow/example_dags/example_short_circuit_operator.py took 0.081 seconds
[2025-04-16T00:00:06.821+0700] {processor.py:186} INFO - Started process (PID=316207) to work on /home/anhtupham99/NBA-analytics/py_env/lib/python3.11/site-packages/airflow/example_dags/example_short_circuit_operator.py
[2025-04-16T00:00:06.823+0700] {processor.py:914} INFO - Processing file /home/anhtupham99/NBA-analytics/py_env/lib/python3.11/site-packages/airflow/example_dags/example_short_circuit_operator.py for tasks to queue
[2025-04-16T00:00:06.825+0700] {logging_mixin.py:190} INFO - [2025-04-16T00:00:06.825+0700] {dagbag.py:588} INFO - Filling up the DagBag from /home/anhtupham99/NBA-analytics/py_env/lib/python3.11/site-packages/airflow/example_dags/example_short_circuit_operator.py
[2025-04-16T00:00:06.834+0700] {processor.py:925} INFO - DAG(s) 'example_short_circuit_operator' retrieved from /home/anhtupham99/NBA-analytics/py_env/lib/python3.11/site-packages/airflow/example_dags/example_short_circuit_operator.py
[2025-04-16T00:00:06.848+0700] {logging_mixin.py:190} INFO - [2025-04-16T00:00:06.848+0700] {dag.py:3239} INFO - Sync 1 DAGs
[2025-04-16T00:00:06.858+0700] {logging_mixin.py:190} INFO - [2025-04-16T00:00:06.858+0700] {dag.py:4180} INFO - Setting next_dagrun for example_short_circuit_operator to None, run_after=None
[2025-04-16T00:00:06.888+0700] {processor.py:208} INFO - Processing /home/anhtupham99/NBA-analytics/py_env/lib/python3.11/site-packages/airflow/example_dags/example_short_circuit_operator.py took 0.073 seconds
[2025-04-16T00:00:53.614+0700] {processor.py:186} INFO - Started process (PID=317027) to work on /home/anhtupham99/NBA-analytics/py_env/lib/python3.11/site-packages/airflow/example_dags/example_short_circuit_operator.py
[2025-04-16T00:00:53.615+0700] {processor.py:914} INFO - Processing file /home/anhtupham99/NBA-analytics/py_env/lib/python3.11/site-packages/airflow/example_dags/example_short_circuit_operator.py for tasks to queue
[2025-04-16T00:00:53.618+0700] {logging_mixin.py:190} INFO - [2025-04-16T00:00:53.617+0700] {dagbag.py:588} INFO - Filling up the DagBag from /home/anhtupham99/NBA-analytics/py_env/lib/python3.11/site-packages/airflow/example_dags/example_short_circuit_operator.py
[2025-04-16T00:00:53.627+0700] {processor.py:925} INFO - DAG(s) 'example_short_circuit_operator' retrieved from /home/anhtupham99/NBA-analytics/py_env/lib/python3.11/site-packages/airflow/example_dags/example_short_circuit_operator.py
[2025-04-16T00:00:53.652+0700] {logging_mixin.py:190} INFO - [2025-04-16T00:00:53.652+0700] {dag.py:3239} INFO - Sync 1 DAGs
[2025-04-16T00:00:53.668+0700] {logging_mixin.py:190} INFO - [2025-04-16T00:00:53.668+0700] {dag.py:4180} INFO - Setting next_dagrun for example_short_circuit_operator to None, run_after=None
[2025-04-16T00:00:53.702+0700] {processor.py:208} INFO - Processing /home/anhtupham99/NBA-analytics/py_env/lib/python3.11/site-packages/airflow/example_dags/example_short_circuit_operator.py took 0.095 seconds
[2025-04-16T00:01:40.633+0700] {processor.py:186} INFO - Started process (PID=317923) to work on /home/anhtupham99/NBA-analytics/py_env/lib/python3.11/site-packages/airflow/example_dags/example_short_circuit_operator.py
[2025-04-16T00:01:40.637+0700] {processor.py:914} INFO - Processing file /home/anhtupham99/NBA-analytics/py_env/lib/python3.11/site-packages/airflow/example_dags/example_short_circuit_operator.py for tasks to queue
[2025-04-16T00:01:40.638+0700] {logging_mixin.py:190} INFO - [2025-04-16T00:01:40.638+0700] {dagbag.py:588} INFO - Filling up the DagBag from /home/anhtupham99/NBA-analytics/py_env/lib/python3.11/site-packages/airflow/example_dags/example_short_circuit_operator.py
[2025-04-16T00:01:40.645+0700] {processor.py:925} INFO - DAG(s) 'example_short_circuit_operator' retrieved from /home/anhtupham99/NBA-analytics/py_env/lib/python3.11/site-packages/airflow/example_dags/example_short_circuit_operator.py
[2025-04-16T00:01:40.657+0700] {logging_mixin.py:190} INFO - [2025-04-16T00:01:40.657+0700] {dag.py:3239} INFO - Sync 1 DAGs
[2025-04-16T00:01:40.665+0700] {logging_mixin.py:190} INFO - [2025-04-16T00:01:40.665+0700] {dag.py:4180} INFO - Setting next_dagrun for example_short_circuit_operator to None, run_after=None
[2025-04-16T00:01:40.688+0700] {processor.py:208} INFO - Processing /home/anhtupham99/NBA-analytics/py_env/lib/python3.11/site-packages/airflow/example_dags/example_short_circuit_operator.py took 0.059 seconds
[2025-04-16T00:02:27.132+0700] {processor.py:186} INFO - Started process (PID=318760) to work on /home/anhtupham99/NBA-analytics/py_env/lib/python3.11/site-packages/airflow/example_dags/example_short_circuit_operator.py
[2025-04-16T00:02:27.133+0700] {processor.py:914} INFO - Processing file /home/anhtupham99/NBA-analytics/py_env/lib/python3.11/site-packages/airflow/example_dags/example_short_circuit_operator.py for tasks to queue
[2025-04-16T00:02:27.135+0700] {logging_mixin.py:190} INFO - [2025-04-16T00:02:27.135+0700] {dagbag.py:588} INFO - Filling up the DagBag from /home/anhtupham99/NBA-analytics/py_env/lib/python3.11/site-packages/airflow/example_dags/example_short_circuit_operator.py
[2025-04-16T00:02:27.146+0700] {processor.py:925} INFO - DAG(s) 'example_short_circuit_operator' retrieved from /home/anhtupham99/NBA-analytics/py_env/lib/python3.11/site-packages/airflow/example_dags/example_short_circuit_operator.py
[2025-04-16T00:02:27.164+0700] {logging_mixin.py:190} INFO - [2025-04-16T00:02:27.164+0700] {dag.py:3239} INFO - Sync 1 DAGs
[2025-04-16T00:02:27.176+0700] {logging_mixin.py:190} INFO - [2025-04-16T00:02:27.176+0700] {dag.py:4180} INFO - Setting next_dagrun for example_short_circuit_operator to None, run_after=None
[2025-04-16T00:02:27.212+0700] {processor.py:208} INFO - Processing /home/anhtupham99/NBA-analytics/py_env/lib/python3.11/site-packages/airflow/example_dags/example_short_circuit_operator.py took 0.086 seconds
[2025-04-16T00:03:09.434+0700] {processor.py:186} INFO - Started process (PID=319615) to work on /home/anhtupham99/NBA-analytics/py_env/lib/python3.11/site-packages/airflow/example_dags/example_short_circuit_operator.py
[2025-04-16T00:03:09.435+0700] {processor.py:914} INFO - Processing file /home/anhtupham99/NBA-analytics/py_env/lib/python3.11/site-packages/airflow/example_dags/example_short_circuit_operator.py for tasks to queue
[2025-04-16T00:03:09.437+0700] {logging_mixin.py:190} INFO - [2025-04-16T00:03:09.437+0700] {dagbag.py:588} INFO - Filling up the DagBag from /home/anhtupham99/NBA-analytics/py_env/lib/python3.11/site-packages/airflow/example_dags/example_short_circuit_operator.py
[2025-04-16T00:03:09.444+0700] {processor.py:925} INFO - DAG(s) 'example_short_circuit_operator' retrieved from /home/anhtupham99/NBA-analytics/py_env/lib/python3.11/site-packages/airflow/example_dags/example_short_circuit_operator.py
[2025-04-16T00:03:09.457+0700] {logging_mixin.py:190} INFO - [2025-04-16T00:03:09.456+0700] {dag.py:3239} INFO - Sync 1 DAGs
[2025-04-16T00:03:09.465+0700] {logging_mixin.py:190} INFO - [2025-04-16T00:03:09.465+0700] {dag.py:4180} INFO - Setting next_dagrun for example_short_circuit_operator to None, run_after=None
[2025-04-16T00:03:09.488+0700] {processor.py:208} INFO - Processing /home/anhtupham99/NBA-analytics/py_env/lib/python3.11/site-packages/airflow/example_dags/example_short_circuit_operator.py took 0.058 seconds
[2025-04-16T00:03:54.978+0700] {processor.py:186} INFO - Started process (PID=320578) to work on /home/anhtupham99/NBA-analytics/py_env/lib/python3.11/site-packages/airflow/example_dags/example_short_circuit_operator.py
[2025-04-16T00:03:54.979+0700] {processor.py:914} INFO - Processing file /home/anhtupham99/NBA-analytics/py_env/lib/python3.11/site-packages/airflow/example_dags/example_short_circuit_operator.py for tasks to queue
[2025-04-16T00:03:54.981+0700] {logging_mixin.py:190} INFO - [2025-04-16T00:03:54.980+0700] {dagbag.py:588} INFO - Filling up the DagBag from /home/anhtupham99/NBA-analytics/py_env/lib/python3.11/site-packages/airflow/example_dags/example_short_circuit_operator.py
[2025-04-16T00:03:54.989+0700] {processor.py:925} INFO - DAG(s) 'example_short_circuit_operator' retrieved from /home/anhtupham99/NBA-analytics/py_env/lib/python3.11/site-packages/airflow/example_dags/example_short_circuit_operator.py
[2025-04-16T00:03:55.005+0700] {logging_mixin.py:190} INFO - [2025-04-16T00:03:55.004+0700] {dag.py:3239} INFO - Sync 1 DAGs
[2025-04-16T00:03:55.015+0700] {logging_mixin.py:190} INFO - [2025-04-16T00:03:55.014+0700] {dag.py:4180} INFO - Setting next_dagrun for example_short_circuit_operator to None, run_after=None
[2025-04-16T00:03:55.039+0700] {processor.py:208} INFO - Processing /home/anhtupham99/NBA-analytics/py_env/lib/python3.11/site-packages/airflow/example_dags/example_short_circuit_operator.py took 0.065 seconds
[2025-04-16T00:04:43.120+0700] {processor.py:186} INFO - Started process (PID=321608) to work on /home/anhtupham99/NBA-analytics/py_env/lib/python3.11/site-packages/airflow/example_dags/example_short_circuit_operator.py
[2025-04-16T00:04:43.122+0700] {processor.py:914} INFO - Processing file /home/anhtupham99/NBA-analytics/py_env/lib/python3.11/site-packages/airflow/example_dags/example_short_circuit_operator.py for tasks to queue
[2025-04-16T00:04:43.124+0700] {logging_mixin.py:190} INFO - [2025-04-16T00:04:43.124+0700] {dagbag.py:588} INFO - Filling up the DagBag from /home/anhtupham99/NBA-analytics/py_env/lib/python3.11/site-packages/airflow/example_dags/example_short_circuit_operator.py
[2025-04-16T00:04:43.133+0700] {processor.py:925} INFO - DAG(s) 'example_short_circuit_operator' retrieved from /home/anhtupham99/NBA-analytics/py_env/lib/python3.11/site-packages/airflow/example_dags/example_short_circuit_operator.py
[2025-04-16T00:04:43.148+0700] {logging_mixin.py:190} INFO - [2025-04-16T00:04:43.148+0700] {dag.py:3239} INFO - Sync 1 DAGs
[2025-04-16T00:04:43.159+0700] {logging_mixin.py:190} INFO - [2025-04-16T00:04:43.159+0700] {dag.py:4180} INFO - Setting next_dagrun for example_short_circuit_operator to None, run_after=None
[2025-04-16T00:04:43.185+0700] {processor.py:208} INFO - Processing /home/anhtupham99/NBA-analytics/py_env/lib/python3.11/site-packages/airflow/example_dags/example_short_circuit_operator.py took 0.070 seconds
[2025-04-16T00:05:31.034+0700] {processor.py:186} INFO - Started process (PID=322500) to work on /home/anhtupham99/NBA-analytics/py_env/lib/python3.11/site-packages/airflow/example_dags/example_short_circuit_operator.py
[2025-04-16T00:05:31.035+0700] {processor.py:914} INFO - Processing file /home/anhtupham99/NBA-analytics/py_env/lib/python3.11/site-packages/airflow/example_dags/example_short_circuit_operator.py for tasks to queue
[2025-04-16T00:05:31.037+0700] {logging_mixin.py:190} INFO - [2025-04-16T00:05:31.036+0700] {dagbag.py:588} INFO - Filling up the DagBag from /home/anhtupham99/NBA-analytics/py_env/lib/python3.11/site-packages/airflow/example_dags/example_short_circuit_operator.py
[2025-04-16T00:05:31.046+0700] {processor.py:925} INFO - DAG(s) 'example_short_circuit_operator' retrieved from /home/anhtupham99/NBA-analytics/py_env/lib/python3.11/site-packages/airflow/example_dags/example_short_circuit_operator.py
[2025-04-16T00:05:31.061+0700] {logging_mixin.py:190} INFO - [2025-04-16T00:05:31.061+0700] {dag.py:3239} INFO - Sync 1 DAGs
[2025-04-16T00:05:31.073+0700] {logging_mixin.py:190} INFO - [2025-04-16T00:05:31.072+0700] {dag.py:4180} INFO - Setting next_dagrun for example_short_circuit_operator to None, run_after=None
[2025-04-16T00:05:31.100+0700] {processor.py:208} INFO - Processing /home/anhtupham99/NBA-analytics/py_env/lib/python3.11/site-packages/airflow/example_dags/example_short_circuit_operator.py took 0.072 seconds
[2025-04-16T00:06:21.199+0700] {processor.py:186} INFO - Started process (PID=323436) to work on /home/anhtupham99/NBA-analytics/py_env/lib/python3.11/site-packages/airflow/example_dags/example_short_circuit_operator.py
[2025-04-16T00:06:21.201+0700] {processor.py:914} INFO - Processing file /home/anhtupham99/NBA-analytics/py_env/lib/python3.11/site-packages/airflow/example_dags/example_short_circuit_operator.py for tasks to queue
[2025-04-16T00:06:21.203+0700] {logging_mixin.py:190} INFO - [2025-04-16T00:06:21.203+0700] {dagbag.py:588} INFO - Filling up the DagBag from /home/anhtupham99/NBA-analytics/py_env/lib/python3.11/site-packages/airflow/example_dags/example_short_circuit_operator.py
[2025-04-16T00:06:21.212+0700] {processor.py:925} INFO - DAG(s) 'example_short_circuit_operator' retrieved from /home/anhtupham99/NBA-analytics/py_env/lib/python3.11/site-packages/airflow/example_dags/example_short_circuit_operator.py
[2025-04-16T00:06:21.229+0700] {logging_mixin.py:190} INFO - [2025-04-16T00:06:21.229+0700] {dag.py:3239} INFO - Sync 1 DAGs
[2025-04-16T00:06:21.241+0700] {logging_mixin.py:190} INFO - [2025-04-16T00:06:21.240+0700] {dag.py:4180} INFO - Setting next_dagrun for example_short_circuit_operator to None, run_after=None
[2025-04-16T00:06:21.268+0700] {processor.py:208} INFO - Processing /home/anhtupham99/NBA-analytics/py_env/lib/python3.11/site-packages/airflow/example_dags/example_short_circuit_operator.py took 0.074 seconds
[2025-04-16T00:07:08.888+0700] {processor.py:186} INFO - Started process (PID=324527) to work on /home/anhtupham99/NBA-analytics/py_env/lib/python3.11/site-packages/airflow/example_dags/example_short_circuit_operator.py
[2025-04-16T00:07:08.889+0700] {processor.py:914} INFO - Processing file /home/anhtupham99/NBA-analytics/py_env/lib/python3.11/site-packages/airflow/example_dags/example_short_circuit_operator.py for tasks to queue
[2025-04-16T00:07:08.892+0700] {logging_mixin.py:190} INFO - [2025-04-16T00:07:08.891+0700] {dagbag.py:588} INFO - Filling up the DagBag from /home/anhtupham99/NBA-analytics/py_env/lib/python3.11/site-packages/airflow/example_dags/example_short_circuit_operator.py
[2025-04-16T00:07:08.901+0700] {processor.py:925} INFO - DAG(s) 'example_short_circuit_operator' retrieved from /home/anhtupham99/NBA-analytics/py_env/lib/python3.11/site-packages/airflow/example_dags/example_short_circuit_operator.py
[2025-04-16T00:07:08.917+0700] {logging_mixin.py:190} INFO - [2025-04-16T00:07:08.916+0700] {dag.py:3239} INFO - Sync 1 DAGs
[2025-04-16T00:07:08.927+0700] {logging_mixin.py:190} INFO - [2025-04-16T00:07:08.927+0700] {dag.py:4180} INFO - Setting next_dagrun for example_short_circuit_operator to None, run_after=None
[2025-04-16T00:07:08.953+0700] {processor.py:208} INFO - Processing /home/anhtupham99/NBA-analytics/py_env/lib/python3.11/site-packages/airflow/example_dags/example_short_circuit_operator.py took 0.071 seconds
[2025-04-16T00:07:56.624+0700] {processor.py:186} INFO - Started process (PID=325420) to work on /home/anhtupham99/NBA-analytics/py_env/lib/python3.11/site-packages/airflow/example_dags/example_short_circuit_operator.py
[2025-04-16T00:07:56.626+0700] {processor.py:914} INFO - Processing file /home/anhtupham99/NBA-analytics/py_env/lib/python3.11/site-packages/airflow/example_dags/example_short_circuit_operator.py for tasks to queue
[2025-04-16T00:07:56.627+0700] {logging_mixin.py:190} INFO - [2025-04-16T00:07:56.627+0700] {dagbag.py:588} INFO - Filling up the DagBag from /home/anhtupham99/NBA-analytics/py_env/lib/python3.11/site-packages/airflow/example_dags/example_short_circuit_operator.py
[2025-04-16T00:07:56.634+0700] {processor.py:925} INFO - DAG(s) 'example_short_circuit_operator' retrieved from /home/anhtupham99/NBA-analytics/py_env/lib/python3.11/site-packages/airflow/example_dags/example_short_circuit_operator.py
[2025-04-16T00:07:56.648+0700] {logging_mixin.py:190} INFO - [2025-04-16T00:07:56.648+0700] {dag.py:3239} INFO - Sync 1 DAGs
[2025-04-16T00:07:56.658+0700] {logging_mixin.py:190} INFO - [2025-04-16T00:07:56.657+0700] {dag.py:4180} INFO - Setting next_dagrun for example_short_circuit_operator to None, run_after=None
[2025-04-16T00:07:56.683+0700] {processor.py:208} INFO - Processing /home/anhtupham99/NBA-analytics/py_env/lib/python3.11/site-packages/airflow/example_dags/example_short_circuit_operator.py took 0.063 seconds
[2025-04-16T00:08:42.078+0700] {processor.py:186} INFO - Started process (PID=326262) to work on /home/anhtupham99/NBA-analytics/py_env/lib/python3.11/site-packages/airflow/example_dags/example_short_circuit_operator.py
[2025-04-16T00:08:42.079+0700] {processor.py:914} INFO - Processing file /home/anhtupham99/NBA-analytics/py_env/lib/python3.11/site-packages/airflow/example_dags/example_short_circuit_operator.py for tasks to queue
[2025-04-16T00:08:42.082+0700] {logging_mixin.py:190} INFO - [2025-04-16T00:08:42.081+0700] {dagbag.py:588} INFO - Filling up the DagBag from /home/anhtupham99/NBA-analytics/py_env/lib/python3.11/site-packages/airflow/example_dags/example_short_circuit_operator.py
[2025-04-16T00:08:42.090+0700] {processor.py:925} INFO - DAG(s) 'example_short_circuit_operator' retrieved from /home/anhtupham99/NBA-analytics/py_env/lib/python3.11/site-packages/airflow/example_dags/example_short_circuit_operator.py
[2025-04-16T00:08:42.106+0700] {logging_mixin.py:190} INFO - [2025-04-16T00:08:42.106+0700] {dag.py:3239} INFO - Sync 1 DAGs
[2025-04-16T00:08:42.115+0700] {logging_mixin.py:190} INFO - [2025-04-16T00:08:42.115+0700] {dag.py:4180} INFO - Setting next_dagrun for example_short_circuit_operator to None, run_after=None
[2025-04-16T00:08:42.142+0700] {processor.py:208} INFO - Processing /home/anhtupham99/NBA-analytics/py_env/lib/python3.11/site-packages/airflow/example_dags/example_short_circuit_operator.py took 0.069 seconds
[2025-04-16T00:09:30.604+0700] {processor.py:186} INFO - Started process (PID=327230) to work on /home/anhtupham99/NBA-analytics/py_env/lib/python3.11/site-packages/airflow/example_dags/example_short_circuit_operator.py
[2025-04-16T00:09:30.605+0700] {processor.py:914} INFO - Processing file /home/anhtupham99/NBA-analytics/py_env/lib/python3.11/site-packages/airflow/example_dags/example_short_circuit_operator.py for tasks to queue
[2025-04-16T00:09:30.607+0700] {logging_mixin.py:190} INFO - [2025-04-16T00:09:30.607+0700] {dagbag.py:588} INFO - Filling up the DagBag from /home/anhtupham99/NBA-analytics/py_env/lib/python3.11/site-packages/airflow/example_dags/example_short_circuit_operator.py
[2025-04-16T00:09:30.617+0700] {processor.py:925} INFO - DAG(s) 'example_short_circuit_operator' retrieved from /home/anhtupham99/NBA-analytics/py_env/lib/python3.11/site-packages/airflow/example_dags/example_short_circuit_operator.py
[2025-04-16T00:09:30.635+0700] {logging_mixin.py:190} INFO - [2025-04-16T00:09:30.635+0700] {dag.py:3239} INFO - Sync 1 DAGs
[2025-04-16T00:09:30.649+0700] {logging_mixin.py:190} INFO - [2025-04-16T00:09:30.649+0700] {dag.py:4180} INFO - Setting next_dagrun for example_short_circuit_operator to None, run_after=None
[2025-04-16T00:09:30.678+0700] {processor.py:208} INFO - Processing /home/anhtupham99/NBA-analytics/py_env/lib/python3.11/site-packages/airflow/example_dags/example_short_circuit_operator.py took 0.080 seconds
[2025-04-16T00:10:18.135+0700] {processor.py:186} INFO - Started process (PID=328402) to work on /home/anhtupham99/NBA-analytics/py_env/lib/python3.11/site-packages/airflow/example_dags/example_short_circuit_operator.py
[2025-04-16T00:10:18.139+0700] {processor.py:914} INFO - Processing file /home/anhtupham99/NBA-analytics/py_env/lib/python3.11/site-packages/airflow/example_dags/example_short_circuit_operator.py for tasks to queue
[2025-04-16T00:10:18.141+0700] {logging_mixin.py:190} INFO - [2025-04-16T00:10:18.141+0700] {dagbag.py:588} INFO - Filling up the DagBag from /home/anhtupham99/NBA-analytics/py_env/lib/python3.11/site-packages/airflow/example_dags/example_short_circuit_operator.py
[2025-04-16T00:10:18.149+0700] {processor.py:925} INFO - DAG(s) 'example_short_circuit_operator' retrieved from /home/anhtupham99/NBA-analytics/py_env/lib/python3.11/site-packages/airflow/example_dags/example_short_circuit_operator.py
[2025-04-16T00:10:18.165+0700] {logging_mixin.py:190} INFO - [2025-04-16T00:10:18.165+0700] {dag.py:3239} INFO - Sync 1 DAGs
[2025-04-16T00:10:18.175+0700] {logging_mixin.py:190} INFO - [2025-04-16T00:10:18.174+0700] {dag.py:4180} INFO - Setting next_dagrun for example_short_circuit_operator to None, run_after=None
[2025-04-16T00:10:18.196+0700] {processor.py:208} INFO - Processing /home/anhtupham99/NBA-analytics/py_env/lib/python3.11/site-packages/airflow/example_dags/example_short_circuit_operator.py took 0.066 seconds
[2025-04-16T00:11:06.881+0700] {processor.py:186} INFO - Started process (PID=329545) to work on /home/anhtupham99/NBA-analytics/py_env/lib/python3.11/site-packages/airflow/example_dags/example_short_circuit_operator.py
[2025-04-16T00:11:06.882+0700] {processor.py:914} INFO - Processing file /home/anhtupham99/NBA-analytics/py_env/lib/python3.11/site-packages/airflow/example_dags/example_short_circuit_operator.py for tasks to queue
[2025-04-16T00:11:06.884+0700] {logging_mixin.py:190} INFO - [2025-04-16T00:11:06.884+0700] {dagbag.py:588} INFO - Filling up the DagBag from /home/anhtupham99/NBA-analytics/py_env/lib/python3.11/site-packages/airflow/example_dags/example_short_circuit_operator.py
[2025-04-16T00:11:06.893+0700] {processor.py:925} INFO - DAG(s) 'example_short_circuit_operator' retrieved from /home/anhtupham99/NBA-analytics/py_env/lib/python3.11/site-packages/airflow/example_dags/example_short_circuit_operator.py
[2025-04-16T00:11:06.909+0700] {logging_mixin.py:190} INFO - [2025-04-16T00:11:06.909+0700] {dag.py:3239} INFO - Sync 1 DAGs
[2025-04-16T00:11:06.920+0700] {logging_mixin.py:190} INFO - [2025-04-16T00:11:06.919+0700] {dag.py:4180} INFO - Setting next_dagrun for example_short_circuit_operator to None, run_after=None
[2025-04-16T00:11:06.945+0700] {processor.py:208} INFO - Processing /home/anhtupham99/NBA-analytics/py_env/lib/python3.11/site-packages/airflow/example_dags/example_short_circuit_operator.py took 0.069 seconds
[2025-04-16T00:11:55.273+0700] {processor.py:186} INFO - Started process (PID=330537) to work on /home/anhtupham99/NBA-analytics/py_env/lib/python3.11/site-packages/airflow/example_dags/example_short_circuit_operator.py
[2025-04-16T00:11:55.278+0700] {processor.py:914} INFO - Processing file /home/anhtupham99/NBA-analytics/py_env/lib/python3.11/site-packages/airflow/example_dags/example_short_circuit_operator.py for tasks to queue
[2025-04-16T00:11:55.279+0700] {logging_mixin.py:190} INFO - [2025-04-16T00:11:55.279+0700] {dagbag.py:588} INFO - Filling up the DagBag from /home/anhtupham99/NBA-analytics/py_env/lib/python3.11/site-packages/airflow/example_dags/example_short_circuit_operator.py
[2025-04-16T00:11:55.288+0700] {processor.py:925} INFO - DAG(s) 'example_short_circuit_operator' retrieved from /home/anhtupham99/NBA-analytics/py_env/lib/python3.11/site-packages/airflow/example_dags/example_short_circuit_operator.py
[2025-04-16T00:11:55.302+0700] {logging_mixin.py:190} INFO - [2025-04-16T00:11:55.302+0700] {dag.py:3239} INFO - Sync 1 DAGs
[2025-04-16T00:11:55.311+0700] {logging_mixin.py:190} INFO - [2025-04-16T00:11:55.311+0700] {dag.py:4180} INFO - Setting next_dagrun for example_short_circuit_operator to None, run_after=None
[2025-04-16T00:11:55.334+0700] {processor.py:208} INFO - Processing /home/anhtupham99/NBA-analytics/py_env/lib/python3.11/site-packages/airflow/example_dags/example_short_circuit_operator.py took 0.065 seconds
[2025-04-16T00:12:40.075+0700] {processor.py:186} INFO - Started process (PID=332006) to work on /home/anhtupham99/NBA-analytics/py_env/lib/python3.11/site-packages/airflow/example_dags/example_short_circuit_operator.py
[2025-04-16T00:12:40.077+0700] {processor.py:914} INFO - Processing file /home/anhtupham99/NBA-analytics/py_env/lib/python3.11/site-packages/airflow/example_dags/example_short_circuit_operator.py for tasks to queue
[2025-04-16T00:12:40.079+0700] {logging_mixin.py:190} INFO - [2025-04-16T00:12:40.079+0700] {dagbag.py:588} INFO - Filling up the DagBag from /home/anhtupham99/NBA-analytics/py_env/lib/python3.11/site-packages/airflow/example_dags/example_short_circuit_operator.py
[2025-04-16T00:12:40.088+0700] {processor.py:925} INFO - DAG(s) 'example_short_circuit_operator' retrieved from /home/anhtupham99/NBA-analytics/py_env/lib/python3.11/site-packages/airflow/example_dags/example_short_circuit_operator.py
[2025-04-16T00:12:40.110+0700] {logging_mixin.py:190} INFO - [2025-04-16T00:12:40.109+0700] {dag.py:3239} INFO - Sync 1 DAGs
[2025-04-16T00:12:40.121+0700] {logging_mixin.py:190} INFO - [2025-04-16T00:12:40.121+0700] {dag.py:4180} INFO - Setting next_dagrun for example_short_circuit_operator to None, run_after=None
[2025-04-16T00:12:40.151+0700] {processor.py:208} INFO - Processing /home/anhtupham99/NBA-analytics/py_env/lib/python3.11/site-packages/airflow/example_dags/example_short_circuit_operator.py took 0.083 seconds
[2025-04-16T00:13:29.245+0700] {processor.py:186} INFO - Started process (PID=333470) to work on /home/anhtupham99/NBA-analytics/py_env/lib/python3.11/site-packages/airflow/example_dags/example_short_circuit_operator.py
[2025-04-16T00:13:29.246+0700] {processor.py:914} INFO - Processing file /home/anhtupham99/NBA-analytics/py_env/lib/python3.11/site-packages/airflow/example_dags/example_short_circuit_operator.py for tasks to queue
[2025-04-16T00:13:29.249+0700] {logging_mixin.py:190} INFO - [2025-04-16T00:13:29.249+0700] {dagbag.py:588} INFO - Filling up the DagBag from /home/anhtupham99/NBA-analytics/py_env/lib/python3.11/site-packages/airflow/example_dags/example_short_circuit_operator.py
[2025-04-16T00:13:29.260+0700] {processor.py:925} INFO - DAG(s) 'example_short_circuit_operator' retrieved from /home/anhtupham99/NBA-analytics/py_env/lib/python3.11/site-packages/airflow/example_dags/example_short_circuit_operator.py
[2025-04-16T00:13:29.278+0700] {logging_mixin.py:190} INFO - [2025-04-16T00:13:29.278+0700] {dag.py:3239} INFO - Sync 1 DAGs
[2025-04-16T00:13:29.295+0700] {logging_mixin.py:190} INFO - [2025-04-16T00:13:29.295+0700] {dag.py:4180} INFO - Setting next_dagrun for example_short_circuit_operator to None, run_after=None
[2025-04-16T00:13:29.329+0700] {processor.py:208} INFO - Processing /home/anhtupham99/NBA-analytics/py_env/lib/python3.11/site-packages/airflow/example_dags/example_short_circuit_operator.py took 0.090 seconds
[2025-04-16T00:14:19.355+0700] {processor.py:186} INFO - Started process (PID=335628) to work on /home/anhtupham99/NBA-analytics/py_env/lib/python3.11/site-packages/airflow/example_dags/example_short_circuit_operator.py
[2025-04-16T00:14:19.356+0700] {processor.py:914} INFO - Processing file /home/anhtupham99/NBA-analytics/py_env/lib/python3.11/site-packages/airflow/example_dags/example_short_circuit_operator.py for tasks to queue
[2025-04-16T00:14:19.358+0700] {logging_mixin.py:190} INFO - [2025-04-16T00:14:19.358+0700] {dagbag.py:588} INFO - Filling up the DagBag from /home/anhtupham99/NBA-analytics/py_env/lib/python3.11/site-packages/airflow/example_dags/example_short_circuit_operator.py
[2025-04-16T00:14:19.365+0700] {processor.py:925} INFO - DAG(s) 'example_short_circuit_operator' retrieved from /home/anhtupham99/NBA-analytics/py_env/lib/python3.11/site-packages/airflow/example_dags/example_short_circuit_operator.py
[2025-04-16T00:14:19.380+0700] {logging_mixin.py:190} INFO - [2025-04-16T00:14:19.379+0700] {dag.py:3239} INFO - Sync 1 DAGs
[2025-04-16T00:14:19.389+0700] {logging_mixin.py:190} INFO - [2025-04-16T00:14:19.389+0700] {dag.py:4180} INFO - Setting next_dagrun for example_short_circuit_operator to None, run_after=None
[2025-04-16T00:14:19.412+0700] {processor.py:208} INFO - Processing /home/anhtupham99/NBA-analytics/py_env/lib/python3.11/site-packages/airflow/example_dags/example_short_circuit_operator.py took 0.062 seconds
[2025-04-16T00:15:08.863+0700] {processor.py:186} INFO - Started process (PID=337644) to work on /home/anhtupham99/NBA-analytics/py_env/lib/python3.11/site-packages/airflow/example_dags/example_short_circuit_operator.py
[2025-04-16T00:15:08.865+0700] {processor.py:914} INFO - Processing file /home/anhtupham99/NBA-analytics/py_env/lib/python3.11/site-packages/airflow/example_dags/example_short_circuit_operator.py for tasks to queue
[2025-04-16T00:15:08.867+0700] {logging_mixin.py:190} INFO - [2025-04-16T00:15:08.866+0700] {dagbag.py:588} INFO - Filling up the DagBag from /home/anhtupham99/NBA-analytics/py_env/lib/python3.11/site-packages/airflow/example_dags/example_short_circuit_operator.py
[2025-04-16T00:15:08.874+0700] {processor.py:925} INFO - DAG(s) 'example_short_circuit_operator' retrieved from /home/anhtupham99/NBA-analytics/py_env/lib/python3.11/site-packages/airflow/example_dags/example_short_circuit_operator.py
[2025-04-16T00:15:08.891+0700] {logging_mixin.py:190} INFO - [2025-04-16T00:15:08.891+0700] {dag.py:3239} INFO - Sync 1 DAGs
[2025-04-16T00:15:08.902+0700] {logging_mixin.py:190} INFO - [2025-04-16T00:15:08.901+0700] {dag.py:4180} INFO - Setting next_dagrun for example_short_circuit_operator to None, run_after=None
[2025-04-16T00:15:08.934+0700] {processor.py:208} INFO - Processing /home/anhtupham99/NBA-analytics/py_env/lib/python3.11/site-packages/airflow/example_dags/example_short_circuit_operator.py took 0.076 seconds
[2025-04-16T00:15:57.652+0700] {processor.py:186} INFO - Started process (PID=340155) to work on /home/anhtupham99/NBA-analytics/py_env/lib/python3.11/site-packages/airflow/example_dags/example_short_circuit_operator.py
[2025-04-16T00:15:57.653+0700] {processor.py:914} INFO - Processing file /home/anhtupham99/NBA-analytics/py_env/lib/python3.11/site-packages/airflow/example_dags/example_short_circuit_operator.py for tasks to queue
[2025-04-16T00:15:57.657+0700] {logging_mixin.py:190} INFO - [2025-04-16T00:15:57.656+0700] {dagbag.py:588} INFO - Filling up the DagBag from /home/anhtupham99/NBA-analytics/py_env/lib/python3.11/site-packages/airflow/example_dags/example_short_circuit_operator.py
[2025-04-16T00:15:57.674+0700] {processor.py:925} INFO - DAG(s) 'example_short_circuit_operator' retrieved from /home/anhtupham99/NBA-analytics/py_env/lib/python3.11/site-packages/airflow/example_dags/example_short_circuit_operator.py
[2025-04-16T00:15:57.702+0700] {logging_mixin.py:190} INFO - [2025-04-16T00:15:57.702+0700] {dag.py:3239} INFO - Sync 1 DAGs
[2025-04-16T00:15:57.719+0700] {logging_mixin.py:190} INFO - [2025-04-16T00:15:57.718+0700] {dag.py:4180} INFO - Setting next_dagrun for example_short_circuit_operator to None, run_after=None
[2025-04-16T00:15:57.761+0700] {processor.py:208} INFO - Processing /home/anhtupham99/NBA-analytics/py_env/lib/python3.11/site-packages/airflow/example_dags/example_short_circuit_operator.py took 0.118 seconds
[2025-04-16T00:16:48.336+0700] {processor.py:186} INFO - Started process (PID=342530) to work on /home/anhtupham99/NBA-analytics/py_env/lib/python3.11/site-packages/airflow/example_dags/example_short_circuit_operator.py
[2025-04-16T00:16:48.338+0700] {processor.py:914} INFO - Processing file /home/anhtupham99/NBA-analytics/py_env/lib/python3.11/site-packages/airflow/example_dags/example_short_circuit_operator.py for tasks to queue
[2025-04-16T00:16:48.342+0700] {logging_mixin.py:190} INFO - [2025-04-16T00:16:48.341+0700] {dagbag.py:588} INFO - Filling up the DagBag from /home/anhtupham99/NBA-analytics/py_env/lib/python3.11/site-packages/airflow/example_dags/example_short_circuit_operator.py
[2025-04-16T00:16:48.356+0700] {processor.py:925} INFO - DAG(s) 'example_short_circuit_operator' retrieved from /home/anhtupham99/NBA-analytics/py_env/lib/python3.11/site-packages/airflow/example_dags/example_short_circuit_operator.py
[2025-04-16T00:16:48.375+0700] {logging_mixin.py:190} INFO - [2025-04-16T00:16:48.374+0700] {dag.py:3239} INFO - Sync 1 DAGs
[2025-04-16T00:16:48.390+0700] {logging_mixin.py:190} INFO - [2025-04-16T00:16:48.390+0700] {dag.py:4180} INFO - Setting next_dagrun for example_short_circuit_operator to None, run_after=None
[2025-04-16T00:16:48.436+0700] {processor.py:208} INFO - Processing /home/anhtupham99/NBA-analytics/py_env/lib/python3.11/site-packages/airflow/example_dags/example_short_circuit_operator.py took 0.110 seconds
[2025-04-16T00:17:38.420+0700] {processor.py:186} INFO - Started process (PID=344448) to work on /home/anhtupham99/NBA-analytics/py_env/lib/python3.11/site-packages/airflow/example_dags/example_short_circuit_operator.py
[2025-04-16T00:17:38.421+0700] {processor.py:914} INFO - Processing file /home/anhtupham99/NBA-analytics/py_env/lib/python3.11/site-packages/airflow/example_dags/example_short_circuit_operator.py for tasks to queue
[2025-04-16T00:17:38.423+0700] {logging_mixin.py:190} INFO - [2025-04-16T00:17:38.422+0700] {dagbag.py:588} INFO - Filling up the DagBag from /home/anhtupham99/NBA-analytics/py_env/lib/python3.11/site-packages/airflow/example_dags/example_short_circuit_operator.py
[2025-04-16T00:17:38.429+0700] {processor.py:925} INFO - DAG(s) 'example_short_circuit_operator' retrieved from /home/anhtupham99/NBA-analytics/py_env/lib/python3.11/site-packages/airflow/example_dags/example_short_circuit_operator.py
[2025-04-16T00:17:38.441+0700] {logging_mixin.py:190} INFO - [2025-04-16T00:17:38.441+0700] {dag.py:3239} INFO - Sync 1 DAGs
[2025-04-16T00:17:38.450+0700] {logging_mixin.py:190} INFO - [2025-04-16T00:17:38.450+0700] {dag.py:4180} INFO - Setting next_dagrun for example_short_circuit_operator to None, run_after=None
[2025-04-16T00:17:38.474+0700] {processor.py:208} INFO - Processing /home/anhtupham99/NBA-analytics/py_env/lib/python3.11/site-packages/airflow/example_dags/example_short_circuit_operator.py took 0.058 seconds
[2025-04-16T00:18:28.958+0700] {processor.py:186} INFO - Started process (PID=347162) to work on /home/anhtupham99/NBA-analytics/py_env/lib/python3.11/site-packages/airflow/example_dags/example_short_circuit_operator.py
[2025-04-16T00:18:28.959+0700] {processor.py:914} INFO - Processing file /home/anhtupham99/NBA-analytics/py_env/lib/python3.11/site-packages/airflow/example_dags/example_short_circuit_operator.py for tasks to queue
[2025-04-16T00:18:28.961+0700] {logging_mixin.py:190} INFO - [2025-04-16T00:18:28.961+0700] {dagbag.py:588} INFO - Filling up the DagBag from /home/anhtupham99/NBA-analytics/py_env/lib/python3.11/site-packages/airflow/example_dags/example_short_circuit_operator.py
[2025-04-16T00:18:28.968+0700] {processor.py:925} INFO - DAG(s) 'example_short_circuit_operator' retrieved from /home/anhtupham99/NBA-analytics/py_env/lib/python3.11/site-packages/airflow/example_dags/example_short_circuit_operator.py
[2025-04-16T00:18:28.987+0700] {logging_mixin.py:190} INFO - [2025-04-16T00:18:28.986+0700] {dag.py:3239} INFO - Sync 1 DAGs
[2025-04-16T00:18:28.999+0700] {logging_mixin.py:190} INFO - [2025-04-16T00:18:28.999+0700] {dag.py:4180} INFO - Setting next_dagrun for example_short_circuit_operator to None, run_after=None
[2025-04-16T00:18:29.027+0700] {processor.py:208} INFO - Processing /home/anhtupham99/NBA-analytics/py_env/lib/python3.11/site-packages/airflow/example_dags/example_short_circuit_operator.py took 0.073 seconds
[2025-04-16T00:19:18.136+0700] {processor.py:186} INFO - Started process (PID=349315) to work on /home/anhtupham99/NBA-analytics/py_env/lib/python3.11/site-packages/airflow/example_dags/example_short_circuit_operator.py
[2025-04-16T00:19:18.138+0700] {processor.py:914} INFO - Processing file /home/anhtupham99/NBA-analytics/py_env/lib/python3.11/site-packages/airflow/example_dags/example_short_circuit_operator.py for tasks to queue
[2025-04-16T00:19:18.140+0700] {logging_mixin.py:190} INFO - [2025-04-16T00:19:18.140+0700] {dagbag.py:588} INFO - Filling up the DagBag from /home/anhtupham99/NBA-analytics/py_env/lib/python3.11/site-packages/airflow/example_dags/example_short_circuit_operator.py
[2025-04-16T00:19:18.149+0700] {processor.py:925} INFO - DAG(s) 'example_short_circuit_operator' retrieved from /home/anhtupham99/NBA-analytics/py_env/lib/python3.11/site-packages/airflow/example_dags/example_short_circuit_operator.py
[2025-04-16T00:19:18.164+0700] {logging_mixin.py:190} INFO - [2025-04-16T00:19:18.163+0700] {dag.py:3239} INFO - Sync 1 DAGs
[2025-04-16T00:19:18.173+0700] {logging_mixin.py:190} INFO - [2025-04-16T00:19:18.173+0700] {dag.py:4180} INFO - Setting next_dagrun for example_short_circuit_operator to None, run_after=None
[2025-04-16T00:19:18.203+0700] {processor.py:208} INFO - Processing /home/anhtupham99/NBA-analytics/py_env/lib/python3.11/site-packages/airflow/example_dags/example_short_circuit_operator.py took 0.073 seconds
[2025-04-16T00:20:07.899+0700] {processor.py:186} INFO - Started process (PID=351356) to work on /home/anhtupham99/NBA-analytics/py_env/lib/python3.11/site-packages/airflow/example_dags/example_short_circuit_operator.py
[2025-04-16T00:20:07.900+0700] {processor.py:914} INFO - Processing file /home/anhtupham99/NBA-analytics/py_env/lib/python3.11/site-packages/airflow/example_dags/example_short_circuit_operator.py for tasks to queue
[2025-04-16T00:20:07.902+0700] {logging_mixin.py:190} INFO - [2025-04-16T00:20:07.901+0700] {dagbag.py:588} INFO - Filling up the DagBag from /home/anhtupham99/NBA-analytics/py_env/lib/python3.11/site-packages/airflow/example_dags/example_short_circuit_operator.py
[2025-04-16T00:20:07.910+0700] {processor.py:925} INFO - DAG(s) 'example_short_circuit_operator' retrieved from /home/anhtupham99/NBA-analytics/py_env/lib/python3.11/site-packages/airflow/example_dags/example_short_circuit_operator.py
[2025-04-16T00:20:07.924+0700] {logging_mixin.py:190} INFO - [2025-04-16T00:20:07.924+0700] {dag.py:3239} INFO - Sync 1 DAGs
[2025-04-16T00:20:07.934+0700] {logging_mixin.py:190} INFO - [2025-04-16T00:20:07.934+0700] {dag.py:4180} INFO - Setting next_dagrun for example_short_circuit_operator to None, run_after=None
[2025-04-16T00:20:07.958+0700] {processor.py:208} INFO - Processing /home/anhtupham99/NBA-analytics/py_env/lib/python3.11/site-packages/airflow/example_dags/example_short_circuit_operator.py took 0.065 seconds
[2025-04-16T00:20:56.433+0700] {processor.py:186} INFO - Started process (PID=353194) to work on /home/anhtupham99/NBA-analytics/py_env/lib/python3.11/site-packages/airflow/example_dags/example_short_circuit_operator.py
[2025-04-16T00:20:56.434+0700] {processor.py:914} INFO - Processing file /home/anhtupham99/NBA-analytics/py_env/lib/python3.11/site-packages/airflow/example_dags/example_short_circuit_operator.py for tasks to queue
[2025-04-16T00:20:56.436+0700] {logging_mixin.py:190} INFO - [2025-04-16T00:20:56.436+0700] {dagbag.py:588} INFO - Filling up the DagBag from /home/anhtupham99/NBA-analytics/py_env/lib/python3.11/site-packages/airflow/example_dags/example_short_circuit_operator.py
[2025-04-16T00:20:56.445+0700] {processor.py:925} INFO - DAG(s) 'example_short_circuit_operator' retrieved from /home/anhtupham99/NBA-analytics/py_env/lib/python3.11/site-packages/airflow/example_dags/example_short_circuit_operator.py
[2025-04-16T00:20:56.462+0700] {logging_mixin.py:190} INFO - [2025-04-16T00:20:56.461+0700] {dag.py:3239} INFO - Sync 1 DAGs
[2025-04-16T00:20:56.472+0700] {logging_mixin.py:190} INFO - [2025-04-16T00:20:56.472+0700] {dag.py:4180} INFO - Setting next_dagrun for example_short_circuit_operator to None, run_after=None
[2025-04-16T00:20:56.499+0700] {processor.py:208} INFO - Processing /home/anhtupham99/NBA-analytics/py_env/lib/python3.11/site-packages/airflow/example_dags/example_short_circuit_operator.py took 0.071 seconds
[2025-04-16T00:21:46.479+0700] {processor.py:186} INFO - Started process (PID=355072) to work on /home/anhtupham99/NBA-analytics/py_env/lib/python3.11/site-packages/airflow/example_dags/example_short_circuit_operator.py
[2025-04-16T00:21:46.480+0700] {processor.py:914} INFO - Processing file /home/anhtupham99/NBA-analytics/py_env/lib/python3.11/site-packages/airflow/example_dags/example_short_circuit_operator.py for tasks to queue
[2025-04-16T00:21:46.482+0700] {logging_mixin.py:190} INFO - [2025-04-16T00:21:46.482+0700] {dagbag.py:588} INFO - Filling up the DagBag from /home/anhtupham99/NBA-analytics/py_env/lib/python3.11/site-packages/airflow/example_dags/example_short_circuit_operator.py
[2025-04-16T00:21:46.492+0700] {processor.py:925} INFO - DAG(s) 'example_short_circuit_operator' retrieved from /home/anhtupham99/NBA-analytics/py_env/lib/python3.11/site-packages/airflow/example_dags/example_short_circuit_operator.py
[2025-04-16T00:21:46.510+0700] {logging_mixin.py:190} INFO - [2025-04-16T00:21:46.509+0700] {dag.py:3239} INFO - Sync 1 DAGs
[2025-04-16T00:21:46.521+0700] {logging_mixin.py:190} INFO - [2025-04-16T00:21:46.520+0700] {dag.py:4180} INFO - Setting next_dagrun for example_short_circuit_operator to None, run_after=None
[2025-04-16T00:21:46.546+0700] {processor.py:208} INFO - Processing /home/anhtupham99/NBA-analytics/py_env/lib/python3.11/site-packages/airflow/example_dags/example_short_circuit_operator.py took 0.073 seconds
[2025-04-16T00:22:39.724+0700] {processor.py:186} INFO - Started process (PID=357026) to work on /home/anhtupham99/NBA-analytics/py_env/lib/python3.11/site-packages/airflow/example_dags/example_short_circuit_operator.py
[2025-04-16T00:22:39.726+0700] {processor.py:914} INFO - Processing file /home/anhtupham99/NBA-analytics/py_env/lib/python3.11/site-packages/airflow/example_dags/example_short_circuit_operator.py for tasks to queue
[2025-04-16T00:22:39.727+0700] {logging_mixin.py:190} INFO - [2025-04-16T00:22:39.727+0700] {dagbag.py:588} INFO - Filling up the DagBag from /home/anhtupham99/NBA-analytics/py_env/lib/python3.11/site-packages/airflow/example_dags/example_short_circuit_operator.py
[2025-04-16T00:22:39.734+0700] {processor.py:925} INFO - DAG(s) 'example_short_circuit_operator' retrieved from /home/anhtupham99/NBA-analytics/py_env/lib/python3.11/site-packages/airflow/example_dags/example_short_circuit_operator.py
[2025-04-16T00:22:39.747+0700] {logging_mixin.py:190} INFO - [2025-04-16T00:22:39.747+0700] {dag.py:3239} INFO - Sync 1 DAGs
[2025-04-16T00:22:39.755+0700] {logging_mixin.py:190} INFO - [2025-04-16T00:22:39.755+0700] {dag.py:4180} INFO - Setting next_dagrun for example_short_circuit_operator to None, run_after=None
[2025-04-16T00:22:39.788+0700] {processor.py:208} INFO - Processing /home/anhtupham99/NBA-analytics/py_env/lib/python3.11/site-packages/airflow/example_dags/example_short_circuit_operator.py took 0.068 seconds
[2025-04-16T00:23:27.949+0700] {processor.py:186} INFO - Started process (PID=358397) to work on /home/anhtupham99/NBA-analytics/py_env/lib/python3.11/site-packages/airflow/example_dags/example_short_circuit_operator.py
[2025-04-16T00:23:27.950+0700] {processor.py:914} INFO - Processing file /home/anhtupham99/NBA-analytics/py_env/lib/python3.11/site-packages/airflow/example_dags/example_short_circuit_operator.py for tasks to queue
[2025-04-16T00:23:27.952+0700] {logging_mixin.py:190} INFO - [2025-04-16T00:23:27.952+0700] {dagbag.py:588} INFO - Filling up the DagBag from /home/anhtupham99/NBA-analytics/py_env/lib/python3.11/site-packages/airflow/example_dags/example_short_circuit_operator.py
[2025-04-16T00:23:27.961+0700] {processor.py:925} INFO - DAG(s) 'example_short_circuit_operator' retrieved from /home/anhtupham99/NBA-analytics/py_env/lib/python3.11/site-packages/airflow/example_dags/example_short_circuit_operator.py
[2025-04-16T00:23:27.976+0700] {logging_mixin.py:190} INFO - [2025-04-16T00:23:27.976+0700] {dag.py:3239} INFO - Sync 1 DAGs
[2025-04-16T00:23:27.986+0700] {logging_mixin.py:190} INFO - [2025-04-16T00:23:27.986+0700] {dag.py:4180} INFO - Setting next_dagrun for example_short_circuit_operator to None, run_after=None
[2025-04-16T00:23:28.015+0700] {processor.py:208} INFO - Processing /home/anhtupham99/NBA-analytics/py_env/lib/python3.11/site-packages/airflow/example_dags/example_short_circuit_operator.py took 0.070 seconds
[2025-04-16T00:24:11.662+0700] {processor.py:186} INFO - Started process (PID=360004) to work on /home/anhtupham99/NBA-analytics/py_env/lib/python3.11/site-packages/airflow/example_dags/example_short_circuit_operator.py
[2025-04-16T00:24:11.664+0700] {processor.py:914} INFO - Processing file /home/anhtupham99/NBA-analytics/py_env/lib/python3.11/site-packages/airflow/example_dags/example_short_circuit_operator.py for tasks to queue
[2025-04-16T00:24:11.666+0700] {logging_mixin.py:190} INFO - [2025-04-16T00:24:11.666+0700] {dagbag.py:588} INFO - Filling up the DagBag from /home/anhtupham99/NBA-analytics/py_env/lib/python3.11/site-packages/airflow/example_dags/example_short_circuit_operator.py
[2025-04-16T00:24:11.679+0700] {processor.py:925} INFO - DAG(s) 'example_short_circuit_operator' retrieved from /home/anhtupham99/NBA-analytics/py_env/lib/python3.11/site-packages/airflow/example_dags/example_short_circuit_operator.py
[2025-04-16T00:24:11.699+0700] {logging_mixin.py:190} INFO - [2025-04-16T00:24:11.699+0700] {dag.py:3239} INFO - Sync 1 DAGs
[2025-04-16T00:24:11.712+0700] {logging_mixin.py:190} INFO - [2025-04-16T00:24:11.712+0700] {dag.py:4180} INFO - Setting next_dagrun for example_short_circuit_operator to None, run_after=None
[2025-04-16T00:24:11.749+0700] {processor.py:208} INFO - Processing /home/anhtupham99/NBA-analytics/py_env/lib/python3.11/site-packages/airflow/example_dags/example_short_circuit_operator.py took 0.093 seconds
[2025-04-16T00:25:04.660+0700] {processor.py:186} INFO - Started process (PID=362086) to work on /home/anhtupham99/NBA-analytics/py_env/lib/python3.11/site-packages/airflow/example_dags/example_short_circuit_operator.py
[2025-04-16T00:25:04.662+0700] {processor.py:914} INFO - Processing file /home/anhtupham99/NBA-analytics/py_env/lib/python3.11/site-packages/airflow/example_dags/example_short_circuit_operator.py for tasks to queue
[2025-04-16T00:25:04.664+0700] {logging_mixin.py:190} INFO - [2025-04-16T00:25:04.663+0700] {dagbag.py:588} INFO - Filling up the DagBag from /home/anhtupham99/NBA-analytics/py_env/lib/python3.11/site-packages/airflow/example_dags/example_short_circuit_operator.py
[2025-04-16T00:25:04.671+0700] {processor.py:925} INFO - DAG(s) 'example_short_circuit_operator' retrieved from /home/anhtupham99/NBA-analytics/py_env/lib/python3.11/site-packages/airflow/example_dags/example_short_circuit_operator.py
[2025-04-16T00:25:04.685+0700] {logging_mixin.py:190} INFO - [2025-04-16T00:25:04.685+0700] {dag.py:3239} INFO - Sync 1 DAGs
[2025-04-16T00:25:04.694+0700] {logging_mixin.py:190} INFO - [2025-04-16T00:25:04.694+0700] {dag.py:4180} INFO - Setting next_dagrun for example_short_circuit_operator to None, run_after=None
[2025-04-16T00:25:04.719+0700] {processor.py:208} INFO - Processing /home/anhtupham99/NBA-analytics/py_env/lib/python3.11/site-packages/airflow/example_dags/example_short_circuit_operator.py took 0.064 seconds
[2025-04-16T00:25:52.220+0700] {processor.py:186} INFO - Started process (PID=363884) to work on /home/anhtupham99/NBA-analytics/py_env/lib/python3.11/site-packages/airflow/example_dags/example_short_circuit_operator.py
[2025-04-16T00:25:52.221+0700] {processor.py:914} INFO - Processing file /home/anhtupham99/NBA-analytics/py_env/lib/python3.11/site-packages/airflow/example_dags/example_short_circuit_operator.py for tasks to queue
[2025-04-16T00:25:52.223+0700] {logging_mixin.py:190} INFO - [2025-04-16T00:25:52.222+0700] {dagbag.py:588} INFO - Filling up the DagBag from /home/anhtupham99/NBA-analytics/py_env/lib/python3.11/site-packages/airflow/example_dags/example_short_circuit_operator.py
[2025-04-16T00:25:52.231+0700] {processor.py:925} INFO - DAG(s) 'example_short_circuit_operator' retrieved from /home/anhtupham99/NBA-analytics/py_env/lib/python3.11/site-packages/airflow/example_dags/example_short_circuit_operator.py
[2025-04-16T00:25:52.247+0700] {logging_mixin.py:190} INFO - [2025-04-16T00:25:52.246+0700] {dag.py:3239} INFO - Sync 1 DAGs
[2025-04-16T00:25:52.262+0700] {logging_mixin.py:190} INFO - [2025-04-16T00:25:52.262+0700] {dag.py:4180} INFO - Setting next_dagrun for example_short_circuit_operator to None, run_after=None
[2025-04-16T00:25:52.292+0700] {processor.py:208} INFO - Processing /home/anhtupham99/NBA-analytics/py_env/lib/python3.11/site-packages/airflow/example_dags/example_short_circuit_operator.py took 0.077 seconds
[2025-04-16T00:26:40.222+0700] {processor.py:186} INFO - Started process (PID=365047) to work on /home/anhtupham99/NBA-analytics/py_env/lib/python3.11/site-packages/airflow/example_dags/example_short_circuit_operator.py
[2025-04-16T00:26:40.223+0700] {processor.py:914} INFO - Processing file /home/anhtupham99/NBA-analytics/py_env/lib/python3.11/site-packages/airflow/example_dags/example_short_circuit_operator.py for tasks to queue
[2025-04-16T00:26:40.225+0700] {logging_mixin.py:190} INFO - [2025-04-16T00:26:40.224+0700] {dagbag.py:588} INFO - Filling up the DagBag from /home/anhtupham99/NBA-analytics/py_env/lib/python3.11/site-packages/airflow/example_dags/example_short_circuit_operator.py
[2025-04-16T00:26:40.231+0700] {processor.py:925} INFO - DAG(s) 'example_short_circuit_operator' retrieved from /home/anhtupham99/NBA-analytics/py_env/lib/python3.11/site-packages/airflow/example_dags/example_short_circuit_operator.py
[2025-04-16T00:26:40.244+0700] {logging_mixin.py:190} INFO - [2025-04-16T00:26:40.244+0700] {dag.py:3239} INFO - Sync 1 DAGs
[2025-04-16T00:26:40.253+0700] {logging_mixin.py:190} INFO - [2025-04-16T00:26:40.252+0700] {dag.py:4180} INFO - Setting next_dagrun for example_short_circuit_operator to None, run_after=None
[2025-04-16T00:26:40.276+0700] {processor.py:208} INFO - Processing /home/anhtupham99/NBA-analytics/py_env/lib/python3.11/site-packages/airflow/example_dags/example_short_circuit_operator.py took 0.059 seconds
[2025-04-16T00:27:28.459+0700] {processor.py:186} INFO - Started process (PID=366192) to work on /home/anhtupham99/NBA-analytics/py_env/lib/python3.11/site-packages/airflow/example_dags/example_short_circuit_operator.py
[2025-04-16T00:27:28.460+0700] {processor.py:914} INFO - Processing file /home/anhtupham99/NBA-analytics/py_env/lib/python3.11/site-packages/airflow/example_dags/example_short_circuit_operator.py for tasks to queue
[2025-04-16T00:27:28.462+0700] {logging_mixin.py:190} INFO - [2025-04-16T00:27:28.462+0700] {dagbag.py:588} INFO - Filling up the DagBag from /home/anhtupham99/NBA-analytics/py_env/lib/python3.11/site-packages/airflow/example_dags/example_short_circuit_operator.py
[2025-04-16T00:27:28.469+0700] {processor.py:925} INFO - DAG(s) 'example_short_circuit_operator' retrieved from /home/anhtupham99/NBA-analytics/py_env/lib/python3.11/site-packages/airflow/example_dags/example_short_circuit_operator.py
[2025-04-16T00:27:28.483+0700] {logging_mixin.py:190} INFO - [2025-04-16T00:27:28.483+0700] {dag.py:3239} INFO - Sync 1 DAGs
[2025-04-16T00:27:28.492+0700] {logging_mixin.py:190} INFO - [2025-04-16T00:27:28.492+0700] {dag.py:4180} INFO - Setting next_dagrun for example_short_circuit_operator to None, run_after=None
[2025-04-16T00:27:28.516+0700] {processor.py:208} INFO - Processing /home/anhtupham99/NBA-analytics/py_env/lib/python3.11/site-packages/airflow/example_dags/example_short_circuit_operator.py took 0.061 seconds
[2025-04-16T00:28:16.308+0700] {processor.py:186} INFO - Started process (PID=367506) to work on /home/anhtupham99/NBA-analytics/py_env/lib/python3.11/site-packages/airflow/example_dags/example_short_circuit_operator.py
[2025-04-16T00:28:16.309+0700] {processor.py:914} INFO - Processing file /home/anhtupham99/NBA-analytics/py_env/lib/python3.11/site-packages/airflow/example_dags/example_short_circuit_operator.py for tasks to queue
[2025-04-16T00:28:16.311+0700] {logging_mixin.py:190} INFO - [2025-04-16T00:28:16.311+0700] {dagbag.py:588} INFO - Filling up the DagBag from /home/anhtupham99/NBA-analytics/py_env/lib/python3.11/site-packages/airflow/example_dags/example_short_circuit_operator.py
[2025-04-16T00:28:16.322+0700] {processor.py:925} INFO - DAG(s) 'example_short_circuit_operator' retrieved from /home/anhtupham99/NBA-analytics/py_env/lib/python3.11/site-packages/airflow/example_dags/example_short_circuit_operator.py
[2025-04-16T00:28:16.339+0700] {logging_mixin.py:190} INFO - [2025-04-16T00:28:16.339+0700] {dag.py:3239} INFO - Sync 1 DAGs
[2025-04-16T00:28:16.353+0700] {logging_mixin.py:190} INFO - [2025-04-16T00:28:16.353+0700] {dag.py:4180} INFO - Setting next_dagrun for example_short_circuit_operator to None, run_after=None
[2025-04-16T00:28:16.406+0700] {processor.py:208} INFO - Processing /home/anhtupham99/NBA-analytics/py_env/lib/python3.11/site-packages/airflow/example_dags/example_short_circuit_operator.py took 0.104 seconds
[2025-04-16T00:29:03.188+0700] {processor.py:186} INFO - Started process (PID=368535) to work on /home/anhtupham99/NBA-analytics/py_env/lib/python3.11/site-packages/airflow/example_dags/example_short_circuit_operator.py
[2025-04-16T00:29:03.189+0700] {processor.py:914} INFO - Processing file /home/anhtupham99/NBA-analytics/py_env/lib/python3.11/site-packages/airflow/example_dags/example_short_circuit_operator.py for tasks to queue
[2025-04-16T00:29:03.193+0700] {logging_mixin.py:190} INFO - [2025-04-16T00:29:03.192+0700] {dagbag.py:588} INFO - Filling up the DagBag from /home/anhtupham99/NBA-analytics/py_env/lib/python3.11/site-packages/airflow/example_dags/example_short_circuit_operator.py
[2025-04-16T00:29:03.204+0700] {processor.py:925} INFO - DAG(s) 'example_short_circuit_operator' retrieved from /home/anhtupham99/NBA-analytics/py_env/lib/python3.11/site-packages/airflow/example_dags/example_short_circuit_operator.py
[2025-04-16T00:29:03.228+0700] {logging_mixin.py:190} INFO - [2025-04-16T00:29:03.228+0700] {dag.py:3239} INFO - Sync 1 DAGs
[2025-04-16T00:29:03.245+0700] {logging_mixin.py:190} INFO - [2025-04-16T00:29:03.244+0700] {dag.py:4180} INFO - Setting next_dagrun for example_short_circuit_operator to None, run_after=None
[2025-04-16T00:29:03.288+0700] {processor.py:208} INFO - Processing /home/anhtupham99/NBA-analytics/py_env/lib/python3.11/site-packages/airflow/example_dags/example_short_circuit_operator.py took 0.106 seconds
[2025-04-16T00:29:51.430+0700] {processor.py:186} INFO - Started process (PID=369707) to work on /home/anhtupham99/NBA-analytics/py_env/lib/python3.11/site-packages/airflow/example_dags/example_short_circuit_operator.py
[2025-04-16T00:29:51.431+0700] {processor.py:914} INFO - Processing file /home/anhtupham99/NBA-analytics/py_env/lib/python3.11/site-packages/airflow/example_dags/example_short_circuit_operator.py for tasks to queue
[2025-04-16T00:29:51.434+0700] {logging_mixin.py:190} INFO - [2025-04-16T00:29:51.434+0700] {dagbag.py:588} INFO - Filling up the DagBag from /home/anhtupham99/NBA-analytics/py_env/lib/python3.11/site-packages/airflow/example_dags/example_short_circuit_operator.py
[2025-04-16T00:29:51.447+0700] {processor.py:925} INFO - DAG(s) 'example_short_circuit_operator' retrieved from /home/anhtupham99/NBA-analytics/py_env/lib/python3.11/site-packages/airflow/example_dags/example_short_circuit_operator.py
[2025-04-16T00:29:51.465+0700] {logging_mixin.py:190} INFO - [2025-04-16T00:29:51.465+0700] {dag.py:3239} INFO - Sync 1 DAGs
[2025-04-16T00:29:51.478+0700] {logging_mixin.py:190} INFO - [2025-04-16T00:29:51.477+0700] {dag.py:4180} INFO - Setting next_dagrun for example_short_circuit_operator to None, run_after=None
[2025-04-16T00:29:51.501+0700] {processor.py:208} INFO - Processing /home/anhtupham99/NBA-analytics/py_env/lib/python3.11/site-packages/airflow/example_dags/example_short_circuit_operator.py took 0.079 seconds
[2025-04-16T00:30:39.547+0700] {processor.py:186} INFO - Started process (PID=370781) to work on /home/anhtupham99/NBA-analytics/py_env/lib/python3.11/site-packages/airflow/example_dags/example_short_circuit_operator.py
[2025-04-16T00:30:39.550+0700] {processor.py:914} INFO - Processing file /home/anhtupham99/NBA-analytics/py_env/lib/python3.11/site-packages/airflow/example_dags/example_short_circuit_operator.py for tasks to queue
[2025-04-16T00:30:39.552+0700] {logging_mixin.py:190} INFO - [2025-04-16T00:30:39.552+0700] {dagbag.py:588} INFO - Filling up the DagBag from /home/anhtupham99/NBA-analytics/py_env/lib/python3.11/site-packages/airflow/example_dags/example_short_circuit_operator.py
[2025-04-16T00:30:39.561+0700] {processor.py:925} INFO - DAG(s) 'example_short_circuit_operator' retrieved from /home/anhtupham99/NBA-analytics/py_env/lib/python3.11/site-packages/airflow/example_dags/example_short_circuit_operator.py
[2025-04-16T00:30:39.575+0700] {logging_mixin.py:190} INFO - [2025-04-16T00:30:39.575+0700] {dag.py:3239} INFO - Sync 1 DAGs
[2025-04-16T00:30:39.587+0700] {logging_mixin.py:190} INFO - [2025-04-16T00:30:39.586+0700] {dag.py:4180} INFO - Setting next_dagrun for example_short_circuit_operator to None, run_after=None
[2025-04-16T00:30:39.610+0700] {processor.py:208} INFO - Processing /home/anhtupham99/NBA-analytics/py_env/lib/python3.11/site-packages/airflow/example_dags/example_short_circuit_operator.py took 0.069 seconds
[2025-04-16T00:31:26.849+0700] {processor.py:186} INFO - Started process (PID=372229) to work on /home/anhtupham99/NBA-analytics/py_env/lib/python3.11/site-packages/airflow/example_dags/example_short_circuit_operator.py
[2025-04-16T00:31:26.850+0700] {processor.py:914} INFO - Processing file /home/anhtupham99/NBA-analytics/py_env/lib/python3.11/site-packages/airflow/example_dags/example_short_circuit_operator.py for tasks to queue
[2025-04-16T00:31:26.852+0700] {logging_mixin.py:190} INFO - [2025-04-16T00:31:26.851+0700] {dagbag.py:588} INFO - Filling up the DagBag from /home/anhtupham99/NBA-analytics/py_env/lib/python3.11/site-packages/airflow/example_dags/example_short_circuit_operator.py
[2025-04-16T00:31:26.858+0700] {processor.py:925} INFO - DAG(s) 'example_short_circuit_operator' retrieved from /home/anhtupham99/NBA-analytics/py_env/lib/python3.11/site-packages/airflow/example_dags/example_short_circuit_operator.py
[2025-04-16T00:31:26.871+0700] {logging_mixin.py:190} INFO - [2025-04-16T00:31:26.871+0700] {dag.py:3239} INFO - Sync 1 DAGs
[2025-04-16T00:31:26.880+0700] {logging_mixin.py:190} INFO - [2025-04-16T00:31:26.879+0700] {dag.py:4180} INFO - Setting next_dagrun for example_short_circuit_operator to None, run_after=None
[2025-04-16T00:31:26.904+0700] {processor.py:208} INFO - Processing /home/anhtupham99/NBA-analytics/py_env/lib/python3.11/site-packages/airflow/example_dags/example_short_circuit_operator.py took 0.059 seconds
[2025-04-16T00:32:11.430+0700] {processor.py:186} INFO - Started process (PID=373289) to work on /home/anhtupham99/NBA-analytics/py_env/lib/python3.11/site-packages/airflow/example_dags/example_short_circuit_operator.py
[2025-04-16T00:32:11.434+0700] {processor.py:914} INFO - Processing file /home/anhtupham99/NBA-analytics/py_env/lib/python3.11/site-packages/airflow/example_dags/example_short_circuit_operator.py for tasks to queue
[2025-04-16T00:32:11.436+0700] {logging_mixin.py:190} INFO - [2025-04-16T00:32:11.436+0700] {dagbag.py:588} INFO - Filling up the DagBag from /home/anhtupham99/NBA-analytics/py_env/lib/python3.11/site-packages/airflow/example_dags/example_short_circuit_operator.py
[2025-04-16T00:32:11.444+0700] {processor.py:925} INFO - DAG(s) 'example_short_circuit_operator' retrieved from /home/anhtupham99/NBA-analytics/py_env/lib/python3.11/site-packages/airflow/example_dags/example_short_circuit_operator.py
[2025-04-16T00:32:11.461+0700] {logging_mixin.py:190} INFO - [2025-04-16T00:32:11.461+0700] {dag.py:3239} INFO - Sync 1 DAGs
[2025-04-16T00:32:11.471+0700] {logging_mixin.py:190} INFO - [2025-04-16T00:32:11.471+0700] {dag.py:4180} INFO - Setting next_dagrun for example_short_circuit_operator to None, run_after=None
[2025-04-16T00:32:11.495+0700] {processor.py:208} INFO - Processing /home/anhtupham99/NBA-analytics/py_env/lib/python3.11/site-packages/airflow/example_dags/example_short_circuit_operator.py took 0.070 seconds
[2025-04-16T00:32:57.375+0700] {processor.py:186} INFO - Started process (PID=374482) to work on /home/anhtupham99/NBA-analytics/py_env/lib/python3.11/site-packages/airflow/example_dags/example_short_circuit_operator.py
[2025-04-16T00:32:57.377+0700] {processor.py:914} INFO - Processing file /home/anhtupham99/NBA-analytics/py_env/lib/python3.11/site-packages/airflow/example_dags/example_short_circuit_operator.py for tasks to queue
[2025-04-16T00:32:57.380+0700] {logging_mixin.py:190} INFO - [2025-04-16T00:32:57.379+0700] {dagbag.py:588} INFO - Filling up the DagBag from /home/anhtupham99/NBA-analytics/py_env/lib/python3.11/site-packages/airflow/example_dags/example_short_circuit_operator.py
[2025-04-16T00:32:57.391+0700] {processor.py:925} INFO - DAG(s) 'example_short_circuit_operator' retrieved from /home/anhtupham99/NBA-analytics/py_env/lib/python3.11/site-packages/airflow/example_dags/example_short_circuit_operator.py
[2025-04-16T00:32:57.410+0700] {logging_mixin.py:190} INFO - [2025-04-16T00:32:57.410+0700] {dag.py:3239} INFO - Sync 1 DAGs
[2025-04-16T00:32:57.421+0700] {logging_mixin.py:190} INFO - [2025-04-16T00:32:57.421+0700] {dag.py:4180} INFO - Setting next_dagrun for example_short_circuit_operator to None, run_after=None
[2025-04-16T00:32:57.457+0700] {processor.py:208} INFO - Processing /home/anhtupham99/NBA-analytics/py_env/lib/python3.11/site-packages/airflow/example_dags/example_short_circuit_operator.py took 0.090 seconds
[2025-04-16T00:33:44.962+0700] {processor.py:186} INFO - Started process (PID=375525) to work on /home/anhtupham99/NBA-analytics/py_env/lib/python3.11/site-packages/airflow/example_dags/example_short_circuit_operator.py
[2025-04-16T00:33:44.964+0700] {processor.py:914} INFO - Processing file /home/anhtupham99/NBA-analytics/py_env/lib/python3.11/site-packages/airflow/example_dags/example_short_circuit_operator.py for tasks to queue
[2025-04-16T00:33:44.965+0700] {logging_mixin.py:190} INFO - [2025-04-16T00:33:44.965+0700] {dagbag.py:588} INFO - Filling up the DagBag from /home/anhtupham99/NBA-analytics/py_env/lib/python3.11/site-packages/airflow/example_dags/example_short_circuit_operator.py
[2025-04-16T00:33:44.973+0700] {processor.py:925} INFO - DAG(s) 'example_short_circuit_operator' retrieved from /home/anhtupham99/NBA-analytics/py_env/lib/python3.11/site-packages/airflow/example_dags/example_short_circuit_operator.py
[2025-04-16T00:33:44.987+0700] {logging_mixin.py:190} INFO - [2025-04-16T00:33:44.986+0700] {dag.py:3239} INFO - Sync 1 DAGs
[2025-04-16T00:33:44.995+0700] {logging_mixin.py:190} INFO - [2025-04-16T00:33:44.995+0700] {dag.py:4180} INFO - Setting next_dagrun for example_short_circuit_operator to None, run_after=None
[2025-04-16T00:33:45.018+0700] {processor.py:208} INFO - Processing /home/anhtupham99/NBA-analytics/py_env/lib/python3.11/site-packages/airflow/example_dags/example_short_circuit_operator.py took 0.061 seconds
[2025-04-16T00:34:33.183+0700] {processor.py:186} INFO - Started process (PID=376612) to work on /home/anhtupham99/NBA-analytics/py_env/lib/python3.11/site-packages/airflow/example_dags/example_short_circuit_operator.py
[2025-04-16T00:34:33.184+0700] {processor.py:914} INFO - Processing file /home/anhtupham99/NBA-analytics/py_env/lib/python3.11/site-packages/airflow/example_dags/example_short_circuit_operator.py for tasks to queue
[2025-04-16T00:34:33.186+0700] {logging_mixin.py:190} INFO - [2025-04-16T00:34:33.186+0700] {dagbag.py:588} INFO - Filling up the DagBag from /home/anhtupham99/NBA-analytics/py_env/lib/python3.11/site-packages/airflow/example_dags/example_short_circuit_operator.py
[2025-04-16T00:34:33.193+0700] {processor.py:925} INFO - DAG(s) 'example_short_circuit_operator' retrieved from /home/anhtupham99/NBA-analytics/py_env/lib/python3.11/site-packages/airflow/example_dags/example_short_circuit_operator.py
[2025-04-16T00:34:33.206+0700] {logging_mixin.py:190} INFO - [2025-04-16T00:34:33.206+0700] {dag.py:3239} INFO - Sync 1 DAGs
[2025-04-16T00:34:33.214+0700] {logging_mixin.py:190} INFO - [2025-04-16T00:34:33.214+0700] {dag.py:4180} INFO - Setting next_dagrun for example_short_circuit_operator to None, run_after=None
[2025-04-16T00:34:33.243+0700] {processor.py:208} INFO - Processing /home/anhtupham99/NBA-analytics/py_env/lib/python3.11/site-packages/airflow/example_dags/example_short_circuit_operator.py took 0.065 seconds
[2025-04-16T00:35:20.932+0700] {processor.py:186} INFO - Started process (PID=377845) to work on /home/anhtupham99/NBA-analytics/py_env/lib/python3.11/site-packages/airflow/example_dags/example_short_circuit_operator.py
[2025-04-16T00:35:20.935+0700] {processor.py:914} INFO - Processing file /home/anhtupham99/NBA-analytics/py_env/lib/python3.11/site-packages/airflow/example_dags/example_short_circuit_operator.py for tasks to queue
[2025-04-16T00:35:20.937+0700] {logging_mixin.py:190} INFO - [2025-04-16T00:35:20.937+0700] {dagbag.py:588} INFO - Filling up the DagBag from /home/anhtupham99/NBA-analytics/py_env/lib/python3.11/site-packages/airflow/example_dags/example_short_circuit_operator.py
[2025-04-16T00:35:20.944+0700] {processor.py:925} INFO - DAG(s) 'example_short_circuit_operator' retrieved from /home/anhtupham99/NBA-analytics/py_env/lib/python3.11/site-packages/airflow/example_dags/example_short_circuit_operator.py
[2025-04-16T00:35:20.958+0700] {logging_mixin.py:190} INFO - [2025-04-16T00:35:20.958+0700] {dag.py:3239} INFO - Sync 1 DAGs
[2025-04-16T00:35:20.967+0700] {logging_mixin.py:190} INFO - [2025-04-16T00:35:20.966+0700] {dag.py:4180} INFO - Setting next_dagrun for example_short_circuit_operator to None, run_after=None
[2025-04-16T00:35:20.991+0700] {processor.py:208} INFO - Processing /home/anhtupham99/NBA-analytics/py_env/lib/python3.11/site-packages/airflow/example_dags/example_short_circuit_operator.py took 0.064 seconds
[2025-04-16T00:36:07.076+0700] {processor.py:186} INFO - Started process (PID=379032) to work on /home/anhtupham99/NBA-analytics/py_env/lib/python3.11/site-packages/airflow/example_dags/example_short_circuit_operator.py
[2025-04-16T00:36:07.077+0700] {processor.py:914} INFO - Processing file /home/anhtupham99/NBA-analytics/py_env/lib/python3.11/site-packages/airflow/example_dags/example_short_circuit_operator.py for tasks to queue
[2025-04-16T00:36:07.079+0700] {logging_mixin.py:190} INFO - [2025-04-16T00:36:07.078+0700] {dagbag.py:588} INFO - Filling up the DagBag from /home/anhtupham99/NBA-analytics/py_env/lib/python3.11/site-packages/airflow/example_dags/example_short_circuit_operator.py
[2025-04-16T00:36:07.086+0700] {processor.py:925} INFO - DAG(s) 'example_short_circuit_operator' retrieved from /home/anhtupham99/NBA-analytics/py_env/lib/python3.11/site-packages/airflow/example_dags/example_short_circuit_operator.py
[2025-04-16T00:36:07.098+0700] {logging_mixin.py:190} INFO - [2025-04-16T00:36:07.098+0700] {dag.py:3239} INFO - Sync 1 DAGs
[2025-04-16T00:36:07.108+0700] {logging_mixin.py:190} INFO - [2025-04-16T00:36:07.108+0700] {dag.py:4180} INFO - Setting next_dagrun for example_short_circuit_operator to None, run_after=None
[2025-04-16T00:36:07.131+0700] {processor.py:208} INFO - Processing /home/anhtupham99/NBA-analytics/py_env/lib/python3.11/site-packages/airflow/example_dags/example_short_circuit_operator.py took 0.060 seconds
[2025-04-16T00:36:56.932+0700] {processor.py:186} INFO - Started process (PID=380518) to work on /home/anhtupham99/NBA-analytics/py_env/lib/python3.11/site-packages/airflow/example_dags/example_short_circuit_operator.py
[2025-04-16T00:36:56.933+0700] {processor.py:914} INFO - Processing file /home/anhtupham99/NBA-analytics/py_env/lib/python3.11/site-packages/airflow/example_dags/example_short_circuit_operator.py for tasks to queue
[2025-04-16T00:36:56.936+0700] {logging_mixin.py:190} INFO - [2025-04-16T00:36:56.935+0700] {dagbag.py:588} INFO - Filling up the DagBag from /home/anhtupham99/NBA-analytics/py_env/lib/python3.11/site-packages/airflow/example_dags/example_short_circuit_operator.py
[2025-04-16T00:36:56.951+0700] {processor.py:925} INFO - DAG(s) 'example_short_circuit_operator' retrieved from /home/anhtupham99/NBA-analytics/py_env/lib/python3.11/site-packages/airflow/example_dags/example_short_circuit_operator.py
[2025-04-16T00:36:56.974+0700] {logging_mixin.py:190} INFO - [2025-04-16T00:36:56.974+0700] {dag.py:3239} INFO - Sync 1 DAGs
[2025-04-16T00:36:56.986+0700] {logging_mixin.py:190} INFO - [2025-04-16T00:36:56.986+0700] {dag.py:4180} INFO - Setting next_dagrun for example_short_circuit_operator to None, run_after=None
[2025-04-16T00:36:57.014+0700] {processor.py:208} INFO - Processing /home/anhtupham99/NBA-analytics/py_env/lib/python3.11/site-packages/airflow/example_dags/example_short_circuit_operator.py took 0.089 seconds
[2025-04-16T00:37:41.041+0700] {processor.py:186} INFO - Started process (PID=381585) to work on /home/anhtupham99/NBA-analytics/py_env/lib/python3.11/site-packages/airflow/example_dags/example_short_circuit_operator.py
[2025-04-16T00:37:41.043+0700] {processor.py:914} INFO - Processing file /home/anhtupham99/NBA-analytics/py_env/lib/python3.11/site-packages/airflow/example_dags/example_short_circuit_operator.py for tasks to queue
[2025-04-16T00:37:41.045+0700] {logging_mixin.py:190} INFO - [2025-04-16T00:37:41.044+0700] {dagbag.py:588} INFO - Filling up the DagBag from /home/anhtupham99/NBA-analytics/py_env/lib/python3.11/site-packages/airflow/example_dags/example_short_circuit_operator.py
[2025-04-16T00:37:41.054+0700] {processor.py:925} INFO - DAG(s) 'example_short_circuit_operator' retrieved from /home/anhtupham99/NBA-analytics/py_env/lib/python3.11/site-packages/airflow/example_dags/example_short_circuit_operator.py
[2025-04-16T00:37:41.070+0700] {logging_mixin.py:190} INFO - [2025-04-16T00:37:41.070+0700] {dag.py:3239} INFO - Sync 1 DAGs
[2025-04-16T00:37:41.080+0700] {logging_mixin.py:190} INFO - [2025-04-16T00:37:41.080+0700] {dag.py:4180} INFO - Setting next_dagrun for example_short_circuit_operator to None, run_after=None
[2025-04-16T00:37:41.109+0700] {processor.py:208} INFO - Processing /home/anhtupham99/NBA-analytics/py_env/lib/python3.11/site-packages/airflow/example_dags/example_short_circuit_operator.py took 0.073 seconds
