[2025-04-15T23:47:18.039+0700] {processor.py:186} INFO - Started process (PID=298412) to work on /home/anhtupham99/NBA-analytics/py_env/lib/python3.11/site-packages/airflow/example_dags/tutorial_taskflow_templates.py
[2025-04-15T23:47:18.040+0700] {processor.py:914} INFO - Processing file /home/anhtupham99/NBA-analytics/py_env/lib/python3.11/site-packages/airflow/example_dags/tutorial_taskflow_templates.py for tasks to queue
[2025-04-15T23:47:18.042+0700] {logging_mixin.py:190} INFO - [2025-04-15T23:47:18.041+0700] {dagbag.py:588} INFO - Filling up the DagBag from /home/anhtupham99/NBA-analytics/py_env/lib/python3.11/site-packages/airflow/example_dags/tutorial_taskflow_templates.py
[2025-04-15T23:47:18.052+0700] {processor.py:925} INFO - DAG(s) 'tutorial_taskflow_templates' retrieved from /home/anhtupham99/NBA-analytics/py_env/lib/python3.11/site-packages/airflow/example_dags/tutorial_taskflow_templates.py
[2025-04-15T23:47:18.134+0700] {logging_mixin.py:190} INFO - [2025-04-15T23:47:18.134+0700] {override.py:1912} INFO - Created Permission View: can delete on DAG:tutorial_taskflow_templates
[2025-04-15T23:47:18.150+0700] {logging_mixin.py:190} INFO - [2025-04-15T23:47:18.150+0700] {override.py:1912} INFO - Created Permission View: can edit on DAG:tutorial_taskflow_templates
[2025-04-15T23:47:18.163+0700] {logging_mixin.py:190} INFO - [2025-04-15T23:47:18.163+0700] {override.py:1912} INFO - Created Permission View: can read on DAG:tutorial_taskflow_templates
[2025-04-15T23:47:18.188+0700] {logging_mixin.py:190} INFO - [2025-04-15T23:47:18.187+0700] {override.py:1912} INFO - Created Permission View: can create on DAG Run:tutorial_taskflow_templates
[2025-04-15T23:47:18.201+0700] {logging_mixin.py:190} INFO - [2025-04-15T23:47:18.201+0700] {override.py:1912} INFO - Created Permission View: can delete on DAG Run:tutorial_taskflow_templates
[2025-04-15T23:47:18.221+0700] {logging_mixin.py:190} INFO - [2025-04-15T23:47:18.220+0700] {override.py:1912} INFO - Created Permission View: menu access on DAG Run:tutorial_taskflow_templates
[2025-04-15T23:47:18.238+0700] {logging_mixin.py:190} INFO - [2025-04-15T23:47:18.237+0700] {override.py:1912} INFO - Created Permission View: can read on DAG Run:tutorial_taskflow_templates
[2025-04-15T23:47:18.238+0700] {logging_mixin.py:190} INFO - [2025-04-15T23:47:18.238+0700] {dag.py:3239} INFO - Sync 1 DAGs
[2025-04-15T23:47:18.245+0700] {logging_mixin.py:190} INFO - [2025-04-15T23:47:18.245+0700] {dag.py:3262} INFO - Creating ORM DAG for tutorial_taskflow_templates
[2025-04-15T23:47:18.251+0700] {logging_mixin.py:190} INFO - [2025-04-15T23:47:18.251+0700] {dag.py:4180} INFO - Setting next_dagrun for tutorial_taskflow_templates to 2025-04-14 00:00:00+00:00, run_after=2025-04-15 00:00:00+00:00
[2025-04-15T23:47:18.276+0700] {processor.py:208} INFO - Processing /home/anhtupham99/NBA-analytics/py_env/lib/python3.11/site-packages/airflow/example_dags/tutorial_taskflow_templates.py took 0.242 seconds
[2025-04-15T23:48:17.170+0700] {processor.py:186} INFO - Started process (PID=299778) to work on /home/anhtupham99/NBA-analytics/py_env/lib/python3.11/site-packages/airflow/example_dags/tutorial_taskflow_templates.py
[2025-04-15T23:48:17.171+0700] {processor.py:914} INFO - Processing file /home/anhtupham99/NBA-analytics/py_env/lib/python3.11/site-packages/airflow/example_dags/tutorial_taskflow_templates.py for tasks to queue
[2025-04-15T23:48:17.173+0700] {logging_mixin.py:190} INFO - [2025-04-15T23:48:17.173+0700] {dagbag.py:588} INFO - Filling up the DagBag from /home/anhtupham99/NBA-analytics/py_env/lib/python3.11/site-packages/airflow/example_dags/tutorial_taskflow_templates.py
[2025-04-15T23:48:17.184+0700] {processor.py:925} INFO - DAG(s) 'tutorial_taskflow_templates' retrieved from /home/anhtupham99/NBA-analytics/py_env/lib/python3.11/site-packages/airflow/example_dags/tutorial_taskflow_templates.py
[2025-04-15T23:48:17.197+0700] {logging_mixin.py:190} INFO - [2025-04-15T23:48:17.197+0700] {dag.py:3239} INFO - Sync 1 DAGs
[2025-04-15T23:48:17.212+0700] {logging_mixin.py:190} INFO - [2025-04-15T23:48:17.211+0700] {dag.py:4180} INFO - Setting next_dagrun for tutorial_taskflow_templates to 2025-04-14 00:00:00+00:00, run_after=2025-04-15 00:00:00+00:00
[2025-04-15T23:48:17.232+0700] {processor.py:208} INFO - Processing /home/anhtupham99/NBA-analytics/py_env/lib/python3.11/site-packages/airflow/example_dags/tutorial_taskflow_templates.py took 0.067 seconds
[2025-04-15T23:49:10.504+0700] {processor.py:186} INFO - Started process (PID=301019) to work on /home/anhtupham99/NBA-analytics/py_env/lib/python3.11/site-packages/airflow/example_dags/tutorial_taskflow_templates.py
[2025-04-15T23:49:10.505+0700] {processor.py:914} INFO - Processing file /home/anhtupham99/NBA-analytics/py_env/lib/python3.11/site-packages/airflow/example_dags/tutorial_taskflow_templates.py for tasks to queue
[2025-04-15T23:49:10.507+0700] {logging_mixin.py:190} INFO - [2025-04-15T23:49:10.507+0700] {dagbag.py:588} INFO - Filling up the DagBag from /home/anhtupham99/NBA-analytics/py_env/lib/python3.11/site-packages/airflow/example_dags/tutorial_taskflow_templates.py
[2025-04-15T23:49:10.518+0700] {processor.py:925} INFO - DAG(s) 'tutorial_taskflow_templates' retrieved from /home/anhtupham99/NBA-analytics/py_env/lib/python3.11/site-packages/airflow/example_dags/tutorial_taskflow_templates.py
[2025-04-15T23:49:10.532+0700] {logging_mixin.py:190} INFO - [2025-04-15T23:49:10.531+0700] {dag.py:3239} INFO - Sync 1 DAGs
[2025-04-15T23:49:10.548+0700] {logging_mixin.py:190} INFO - [2025-04-15T23:49:10.548+0700] {dag.py:4180} INFO - Setting next_dagrun for tutorial_taskflow_templates to 2025-04-14 00:00:00+00:00, run_after=2025-04-15 00:00:00+00:00
[2025-04-15T23:49:10.572+0700] {processor.py:208} INFO - Processing /home/anhtupham99/NBA-analytics/py_env/lib/python3.11/site-packages/airflow/example_dags/tutorial_taskflow_templates.py took 0.073 seconds
[2025-04-15T23:50:03.900+0700] {processor.py:186} INFO - Started process (PID=302166) to work on /home/anhtupham99/NBA-analytics/py_env/lib/python3.11/site-packages/airflow/example_dags/tutorial_taskflow_templates.py
[2025-04-15T23:50:03.901+0700] {processor.py:914} INFO - Processing file /home/anhtupham99/NBA-analytics/py_env/lib/python3.11/site-packages/airflow/example_dags/tutorial_taskflow_templates.py for tasks to queue
[2025-04-15T23:50:03.903+0700] {logging_mixin.py:190} INFO - [2025-04-15T23:50:03.902+0700] {dagbag.py:588} INFO - Filling up the DagBag from /home/anhtupham99/NBA-analytics/py_env/lib/python3.11/site-packages/airflow/example_dags/tutorial_taskflow_templates.py
[2025-04-15T23:50:03.913+0700] {processor.py:925} INFO - DAG(s) 'tutorial_taskflow_templates' retrieved from /home/anhtupham99/NBA-analytics/py_env/lib/python3.11/site-packages/airflow/example_dags/tutorial_taskflow_templates.py
[2025-04-15T23:50:03.924+0700] {logging_mixin.py:190} INFO - [2025-04-15T23:50:03.924+0700] {dag.py:3239} INFO - Sync 1 DAGs
[2025-04-15T23:50:03.939+0700] {logging_mixin.py:190} INFO - [2025-04-15T23:50:03.939+0700] {dag.py:4180} INFO - Setting next_dagrun for tutorial_taskflow_templates to 2025-04-14 00:00:00+00:00, run_after=2025-04-15 00:00:00+00:00
[2025-04-15T23:50:04.063+0700] {processor.py:208} INFO - Processing /home/anhtupham99/NBA-analytics/py_env/lib/python3.11/site-packages/airflow/example_dags/tutorial_taskflow_templates.py took 0.168 seconds
[2025-04-15T23:50:57.108+0700] {processor.py:186} INFO - Started process (PID=303250) to work on /home/anhtupham99/NBA-analytics/py_env/lib/python3.11/site-packages/airflow/example_dags/tutorial_taskflow_templates.py
[2025-04-15T23:50:57.109+0700] {processor.py:914} INFO - Processing file /home/anhtupham99/NBA-analytics/py_env/lib/python3.11/site-packages/airflow/example_dags/tutorial_taskflow_templates.py for tasks to queue
[2025-04-15T23:50:57.111+0700] {logging_mixin.py:190} INFO - [2025-04-15T23:50:57.111+0700] {dagbag.py:588} INFO - Filling up the DagBag from /home/anhtupham99/NBA-analytics/py_env/lib/python3.11/site-packages/airflow/example_dags/tutorial_taskflow_templates.py
[2025-04-15T23:50:57.200+0700] {processor.py:925} INFO - DAG(s) 'tutorial_taskflow_templates' retrieved from /home/anhtupham99/NBA-analytics/py_env/lib/python3.11/site-packages/airflow/example_dags/tutorial_taskflow_templates.py
[2025-04-15T23:50:57.208+0700] {logging_mixin.py:190} INFO - [2025-04-15T23:50:57.207+0700] {dag.py:3239} INFO - Sync 1 DAGs
[2025-04-15T23:50:57.218+0700] {logging_mixin.py:190} INFO - [2025-04-15T23:50:57.218+0700] {dag.py:4180} INFO - Setting next_dagrun for tutorial_taskflow_templates to 2025-04-14 00:00:00+00:00, run_after=2025-04-15 00:00:00+00:00
[2025-04-15T23:50:57.238+0700] {processor.py:208} INFO - Processing /home/anhtupham99/NBA-analytics/py_env/lib/python3.11/site-packages/airflow/example_dags/tutorial_taskflow_templates.py took 0.134 seconds
[2025-04-15T23:51:48.227+0700] {processor.py:186} INFO - Started process (PID=304223) to work on /home/anhtupham99/NBA-analytics/py_env/lib/python3.11/site-packages/airflow/example_dags/tutorial_taskflow_templates.py
[2025-04-15T23:51:48.232+0700] {processor.py:914} INFO - Processing file /home/anhtupham99/NBA-analytics/py_env/lib/python3.11/site-packages/airflow/example_dags/tutorial_taskflow_templates.py for tasks to queue
[2025-04-15T23:51:48.233+0700] {logging_mixin.py:190} INFO - [2025-04-15T23:51:48.233+0700] {dagbag.py:588} INFO - Filling up the DagBag from /home/anhtupham99/NBA-analytics/py_env/lib/python3.11/site-packages/airflow/example_dags/tutorial_taskflow_templates.py
[2025-04-15T23:51:48.242+0700] {processor.py:925} INFO - DAG(s) 'tutorial_taskflow_templates' retrieved from /home/anhtupham99/NBA-analytics/py_env/lib/python3.11/site-packages/airflow/example_dags/tutorial_taskflow_templates.py
[2025-04-15T23:51:48.253+0700] {logging_mixin.py:190} INFO - [2025-04-15T23:51:48.253+0700] {dag.py:3239} INFO - Sync 1 DAGs
[2025-04-15T23:51:48.266+0700] {logging_mixin.py:190} INFO - [2025-04-15T23:51:48.266+0700] {dag.py:4180} INFO - Setting next_dagrun for tutorial_taskflow_templates to 2025-04-14 00:00:00+00:00, run_after=2025-04-15 00:00:00+00:00
[2025-04-15T23:51:48.288+0700] {processor.py:208} INFO - Processing /home/anhtupham99/NBA-analytics/py_env/lib/python3.11/site-packages/airflow/example_dags/tutorial_taskflow_templates.py took 0.065 seconds
[2025-04-15T23:52:58.542+0700] {processor.py:186} INFO - Started process (PID=305598) to work on /home/anhtupham99/NBA-analytics/py_env/lib/python3.11/site-packages/airflow/example_dags/tutorial_taskflow_templates.py
[2025-04-15T23:52:58.543+0700] {processor.py:914} INFO - Processing file /home/anhtupham99/NBA-analytics/py_env/lib/python3.11/site-packages/airflow/example_dags/tutorial_taskflow_templates.py for tasks to queue
[2025-04-15T23:52:58.545+0700] {logging_mixin.py:190} INFO - [2025-04-15T23:52:58.545+0700] {dagbag.py:588} INFO - Filling up the DagBag from /home/anhtupham99/NBA-analytics/py_env/lib/python3.11/site-packages/airflow/example_dags/tutorial_taskflow_templates.py
[2025-04-15T23:52:58.555+0700] {processor.py:925} INFO - DAG(s) 'tutorial_taskflow_templates' retrieved from /home/anhtupham99/NBA-analytics/py_env/lib/python3.11/site-packages/airflow/example_dags/tutorial_taskflow_templates.py
[2025-04-15T23:52:58.566+0700] {logging_mixin.py:190} INFO - [2025-04-15T23:52:58.566+0700] {dag.py:3239} INFO - Sync 1 DAGs
[2025-04-15T23:52:58.580+0700] {logging_mixin.py:190} INFO - [2025-04-15T23:52:58.580+0700] {dag.py:4180} INFO - Setting next_dagrun for tutorial_taskflow_templates to 2025-04-14 00:00:00+00:00, run_after=2025-04-15 00:00:00+00:00
[2025-04-15T23:52:58.603+0700] {processor.py:208} INFO - Processing /home/anhtupham99/NBA-analytics/py_env/lib/python3.11/site-packages/airflow/example_dags/tutorial_taskflow_templates.py took 0.066 seconds
[2025-04-15T23:54:08.985+0700] {processor.py:186} INFO - Started process (PID=306902) to work on /home/anhtupham99/NBA-analytics/py_env/lib/python3.11/site-packages/airflow/example_dags/tutorial_taskflow_templates.py
[2025-04-15T23:54:08.986+0700] {processor.py:914} INFO - Processing file /home/anhtupham99/NBA-analytics/py_env/lib/python3.11/site-packages/airflow/example_dags/tutorial_taskflow_templates.py for tasks to queue
[2025-04-15T23:54:08.988+0700] {logging_mixin.py:190} INFO - [2025-04-15T23:54:08.988+0700] {dagbag.py:588} INFO - Filling up the DagBag from /home/anhtupham99/NBA-analytics/py_env/lib/python3.11/site-packages/airflow/example_dags/tutorial_taskflow_templates.py
[2025-04-15T23:54:09.000+0700] {processor.py:925} INFO - DAG(s) 'tutorial_taskflow_templates' retrieved from /home/anhtupham99/NBA-analytics/py_env/lib/python3.11/site-packages/airflow/example_dags/tutorial_taskflow_templates.py
[2025-04-15T23:54:09.014+0700] {logging_mixin.py:190} INFO - [2025-04-15T23:54:09.013+0700] {dag.py:3239} INFO - Sync 1 DAGs
[2025-04-15T23:54:09.031+0700] {logging_mixin.py:190} INFO - [2025-04-15T23:54:09.031+0700] {dag.py:4180} INFO - Setting next_dagrun for tutorial_taskflow_templates to 2025-04-14 00:00:00+00:00, run_after=2025-04-15 00:00:00+00:00
[2025-04-15T23:54:09.057+0700] {processor.py:208} INFO - Processing /home/anhtupham99/NBA-analytics/py_env/lib/python3.11/site-packages/airflow/example_dags/tutorial_taskflow_templates.py took 0.077 seconds
[2025-04-15T23:55:20.405+0700] {processor.py:186} INFO - Started process (PID=309044) to work on /home/anhtupham99/NBA-analytics/py_env/lib/python3.11/site-packages/airflow/example_dags/tutorial_taskflow_templates.py
[2025-04-15T23:55:20.406+0700] {processor.py:914} INFO - Processing file /home/anhtupham99/NBA-analytics/py_env/lib/python3.11/site-packages/airflow/example_dags/tutorial_taskflow_templates.py for tasks to queue
[2025-04-15T23:55:20.408+0700] {logging_mixin.py:190} INFO - [2025-04-15T23:55:20.408+0700] {dagbag.py:588} INFO - Filling up the DagBag from /home/anhtupham99/NBA-analytics/py_env/lib/python3.11/site-packages/airflow/example_dags/tutorial_taskflow_templates.py
[2025-04-15T23:55:20.423+0700] {processor.py:925} INFO - DAG(s) 'tutorial_taskflow_templates' retrieved from /home/anhtupham99/NBA-analytics/py_env/lib/python3.11/site-packages/airflow/example_dags/tutorial_taskflow_templates.py
[2025-04-15T23:55:20.445+0700] {logging_mixin.py:190} INFO - [2025-04-15T23:55:20.445+0700] {dag.py:3239} INFO - Sync 1 DAGs
[2025-04-15T23:55:20.472+0700] {logging_mixin.py:190} INFO - [2025-04-15T23:55:20.472+0700] {dag.py:4180} INFO - Setting next_dagrun for tutorial_taskflow_templates to 2025-04-14 00:00:00+00:00, run_after=2025-04-15 00:00:00+00:00
[2025-04-15T23:55:20.558+0700] {processor.py:208} INFO - Processing /home/anhtupham99/NBA-analytics/py_env/lib/python3.11/site-packages/airflow/example_dags/tutorial_taskflow_templates.py took 0.160 seconds
[2025-04-15T23:56:13.171+0700] {processor.py:186} INFO - Started process (PID=311455) to work on /home/anhtupham99/NBA-analytics/py_env/lib/python3.11/site-packages/airflow/example_dags/tutorial_taskflow_templates.py
[2025-04-15T23:56:13.175+0700] {processor.py:914} INFO - Processing file /home/anhtupham99/NBA-analytics/py_env/lib/python3.11/site-packages/airflow/example_dags/tutorial_taskflow_templates.py for tasks to queue
[2025-04-15T23:56:13.176+0700] {logging_mixin.py:190} INFO - [2025-04-15T23:56:13.176+0700] {dagbag.py:588} INFO - Filling up the DagBag from /home/anhtupham99/NBA-analytics/py_env/lib/python3.11/site-packages/airflow/example_dags/tutorial_taskflow_templates.py
[2025-04-15T23:56:13.186+0700] {processor.py:925} INFO - DAG(s) 'tutorial_taskflow_templates' retrieved from /home/anhtupham99/NBA-analytics/py_env/lib/python3.11/site-packages/airflow/example_dags/tutorial_taskflow_templates.py
[2025-04-15T23:56:13.196+0700] {logging_mixin.py:190} INFO - [2025-04-15T23:56:13.196+0700] {dag.py:3239} INFO - Sync 1 DAGs
[2025-04-15T23:56:13.211+0700] {logging_mixin.py:190} INFO - [2025-04-15T23:56:13.210+0700] {dag.py:4180} INFO - Setting next_dagrun for tutorial_taskflow_templates to 2025-04-14 00:00:00+00:00, run_after=2025-04-15 00:00:00+00:00
[2025-04-15T23:56:13.233+0700] {processor.py:208} INFO - Processing /home/anhtupham99/NBA-analytics/py_env/lib/python3.11/site-packages/airflow/example_dags/tutorial_taskflow_templates.py took 0.066 seconds
[2025-04-15T23:57:22.140+0700] {processor.py:186} INFO - Started process (PID=312764) to work on /home/anhtupham99/NBA-analytics/py_env/lib/python3.11/site-packages/airflow/example_dags/tutorial_taskflow_templates.py
[2025-04-15T23:57:22.141+0700] {processor.py:914} INFO - Processing file /home/anhtupham99/NBA-analytics/py_env/lib/python3.11/site-packages/airflow/example_dags/tutorial_taskflow_templates.py for tasks to queue
[2025-04-15T23:57:22.144+0700] {logging_mixin.py:190} INFO - [2025-04-15T23:57:22.143+0700] {dagbag.py:588} INFO - Filling up the DagBag from /home/anhtupham99/NBA-analytics/py_env/lib/python3.11/site-packages/airflow/example_dags/tutorial_taskflow_templates.py
[2025-04-15T23:57:22.157+0700] {processor.py:925} INFO - DAG(s) 'tutorial_taskflow_templates' retrieved from /home/anhtupham99/NBA-analytics/py_env/lib/python3.11/site-packages/airflow/example_dags/tutorial_taskflow_templates.py
[2025-04-15T23:57:22.171+0700] {logging_mixin.py:190} INFO - [2025-04-15T23:57:22.171+0700] {dag.py:3239} INFO - Sync 1 DAGs
[2025-04-15T23:57:22.189+0700] {logging_mixin.py:190} INFO - [2025-04-15T23:57:22.189+0700] {dag.py:4180} INFO - Setting next_dagrun for tutorial_taskflow_templates to 2025-04-14 00:00:00+00:00, run_after=2025-04-15 00:00:00+00:00
[2025-04-15T23:57:22.215+0700] {processor.py:208} INFO - Processing /home/anhtupham99/NBA-analytics/py_env/lib/python3.11/site-packages/airflow/example_dags/tutorial_taskflow_templates.py took 0.081 seconds
[2025-04-15T23:58:10.646+0700] {processor.py:186} INFO - Started process (PID=313720) to work on /home/anhtupham99/NBA-analytics/py_env/lib/python3.11/site-packages/airflow/example_dags/tutorial_taskflow_templates.py
[2025-04-15T23:58:10.647+0700] {processor.py:914} INFO - Processing file /home/anhtupham99/NBA-analytics/py_env/lib/python3.11/site-packages/airflow/example_dags/tutorial_taskflow_templates.py for tasks to queue
[2025-04-15T23:58:10.649+0700] {logging_mixin.py:190} INFO - [2025-04-15T23:58:10.649+0700] {dagbag.py:588} INFO - Filling up the DagBag from /home/anhtupham99/NBA-analytics/py_env/lib/python3.11/site-packages/airflow/example_dags/tutorial_taskflow_templates.py
[2025-04-15T23:58:10.662+0700] {processor.py:925} INFO - DAG(s) 'tutorial_taskflow_templates' retrieved from /home/anhtupham99/NBA-analytics/py_env/lib/python3.11/site-packages/airflow/example_dags/tutorial_taskflow_templates.py
[2025-04-15T23:58:10.676+0700] {logging_mixin.py:190} INFO - [2025-04-15T23:58:10.676+0700] {dag.py:3239} INFO - Sync 1 DAGs
[2025-04-15T23:58:10.702+0700] {logging_mixin.py:190} INFO - [2025-04-15T23:58:10.702+0700] {dag.py:4180} INFO - Setting next_dagrun for tutorial_taskflow_templates to 2025-04-14 00:00:00+00:00, run_after=2025-04-15 00:00:00+00:00
[2025-04-15T23:58:10.738+0700] {processor.py:208} INFO - Processing /home/anhtupham99/NBA-analytics/py_env/lib/python3.11/site-packages/airflow/example_dags/tutorial_taskflow_templates.py took 0.098 seconds
[2025-04-15T23:59:00.368+0700] {processor.py:186} INFO - Started process (PID=314733) to work on /home/anhtupham99/NBA-analytics/py_env/lib/python3.11/site-packages/airflow/example_dags/tutorial_taskflow_templates.py
[2025-04-15T23:59:00.369+0700] {processor.py:914} INFO - Processing file /home/anhtupham99/NBA-analytics/py_env/lib/python3.11/site-packages/airflow/example_dags/tutorial_taskflow_templates.py for tasks to queue
[2025-04-15T23:59:00.371+0700] {logging_mixin.py:190} INFO - [2025-04-15T23:59:00.370+0700] {dagbag.py:588} INFO - Filling up the DagBag from /home/anhtupham99/NBA-analytics/py_env/lib/python3.11/site-packages/airflow/example_dags/tutorial_taskflow_templates.py
[2025-04-15T23:59:00.380+0700] {processor.py:925} INFO - DAG(s) 'tutorial_taskflow_templates' retrieved from /home/anhtupham99/NBA-analytics/py_env/lib/python3.11/site-packages/airflow/example_dags/tutorial_taskflow_templates.py
[2025-04-15T23:59:00.394+0700] {logging_mixin.py:190} INFO - [2025-04-15T23:59:00.394+0700] {dag.py:3239} INFO - Sync 1 DAGs
[2025-04-15T23:59:00.411+0700] {logging_mixin.py:190} INFO - [2025-04-15T23:59:00.411+0700] {dag.py:4180} INFO - Setting next_dagrun for tutorial_taskflow_templates to 2025-04-14 00:00:00+00:00, run_after=2025-04-15 00:00:00+00:00
[2025-04-15T23:59:00.435+0700] {processor.py:208} INFO - Processing /home/anhtupham99/NBA-analytics/py_env/lib/python3.11/site-packages/airflow/example_dags/tutorial_taskflow_templates.py took 0.072 seconds
[2025-04-16T00:00:11.710+0700] {processor.py:186} INFO - Started process (PID=316281) to work on /home/anhtupham99/NBA-analytics/py_env/lib/python3.11/site-packages/airflow/example_dags/tutorial_taskflow_templates.py
[2025-04-16T00:00:11.711+0700] {processor.py:914} INFO - Processing file /home/anhtupham99/NBA-analytics/py_env/lib/python3.11/site-packages/airflow/example_dags/tutorial_taskflow_templates.py for tasks to queue
[2025-04-16T00:00:11.713+0700] {logging_mixin.py:190} INFO - [2025-04-16T00:00:11.713+0700] {dagbag.py:588} INFO - Filling up the DagBag from /home/anhtupham99/NBA-analytics/py_env/lib/python3.11/site-packages/airflow/example_dags/tutorial_taskflow_templates.py
[2025-04-16T00:00:11.722+0700] {processor.py:925} INFO - DAG(s) 'tutorial_taskflow_templates' retrieved from /home/anhtupham99/NBA-analytics/py_env/lib/python3.11/site-packages/airflow/example_dags/tutorial_taskflow_templates.py
[2025-04-16T00:00:11.732+0700] {logging_mixin.py:190} INFO - [2025-04-16T00:00:11.732+0700] {dag.py:3239} INFO - Sync 1 DAGs
[2025-04-16T00:00:11.746+0700] {logging_mixin.py:190} INFO - [2025-04-16T00:00:11.746+0700] {dag.py:4180} INFO - Setting next_dagrun for tutorial_taskflow_templates to 2025-04-14 00:00:00+00:00, run_after=2025-04-15 00:00:00+00:00
[2025-04-16T00:00:11.768+0700] {processor.py:208} INFO - Processing /home/anhtupham99/NBA-analytics/py_env/lib/python3.11/site-packages/airflow/example_dags/tutorial_taskflow_templates.py took 0.063 seconds
[2025-04-16T00:01:02.169+0700] {processor.py:186} INFO - Started process (PID=317169) to work on /home/anhtupham99/NBA-analytics/py_env/lib/python3.11/site-packages/airflow/example_dags/tutorial_taskflow_templates.py
[2025-04-16T00:01:02.170+0700] {processor.py:914} INFO - Processing file /home/anhtupham99/NBA-analytics/py_env/lib/python3.11/site-packages/airflow/example_dags/tutorial_taskflow_templates.py for tasks to queue
[2025-04-16T00:01:02.173+0700] {logging_mixin.py:190} INFO - [2025-04-16T00:01:02.173+0700] {dagbag.py:588} INFO - Filling up the DagBag from /home/anhtupham99/NBA-analytics/py_env/lib/python3.11/site-packages/airflow/example_dags/tutorial_taskflow_templates.py
[2025-04-16T00:01:02.185+0700] {processor.py:925} INFO - DAG(s) 'tutorial_taskflow_templates' retrieved from /home/anhtupham99/NBA-analytics/py_env/lib/python3.11/site-packages/airflow/example_dags/tutorial_taskflow_templates.py
[2025-04-16T00:01:02.200+0700] {logging_mixin.py:190} INFO - [2025-04-16T00:01:02.200+0700] {dag.py:3239} INFO - Sync 1 DAGs
[2025-04-16T00:01:02.216+0700] {logging_mixin.py:190} INFO - [2025-04-16T00:01:02.216+0700] {dag.py:4180} INFO - Setting next_dagrun for tutorial_taskflow_templates to 2025-04-14 00:00:00+00:00, run_after=2025-04-15 00:00:00+00:00
[2025-04-16T00:01:02.244+0700] {processor.py:208} INFO - Processing /home/anhtupham99/NBA-analytics/py_env/lib/python3.11/site-packages/airflow/example_dags/tutorial_taskflow_templates.py took 0.081 seconds
[2025-04-16T00:02:10.055+0700] {processor.py:186} INFO - Started process (PID=318482) to work on /home/anhtupham99/NBA-analytics/py_env/lib/python3.11/site-packages/airflow/example_dags/tutorial_taskflow_templates.py
[2025-04-16T00:02:10.056+0700] {processor.py:914} INFO - Processing file /home/anhtupham99/NBA-analytics/py_env/lib/python3.11/site-packages/airflow/example_dags/tutorial_taskflow_templates.py for tasks to queue
[2025-04-16T00:02:10.058+0700] {logging_mixin.py:190} INFO - [2025-04-16T00:02:10.057+0700] {dagbag.py:588} INFO - Filling up the DagBag from /home/anhtupham99/NBA-analytics/py_env/lib/python3.11/site-packages/airflow/example_dags/tutorial_taskflow_templates.py
[2025-04-16T00:02:10.067+0700] {processor.py:925} INFO - DAG(s) 'tutorial_taskflow_templates' retrieved from /home/anhtupham99/NBA-analytics/py_env/lib/python3.11/site-packages/airflow/example_dags/tutorial_taskflow_templates.py
[2025-04-16T00:02:10.078+0700] {logging_mixin.py:190} INFO - [2025-04-16T00:02:10.077+0700] {dag.py:3239} INFO - Sync 1 DAGs
[2025-04-16T00:02:10.094+0700] {logging_mixin.py:190} INFO - [2025-04-16T00:02:10.093+0700] {dag.py:4180} INFO - Setting next_dagrun for tutorial_taskflow_templates to 2025-04-14 00:00:00+00:00, run_after=2025-04-15 00:00:00+00:00
[2025-04-16T00:02:10.119+0700] {processor.py:208} INFO - Processing /home/anhtupham99/NBA-analytics/py_env/lib/python3.11/site-packages/airflow/example_dags/tutorial_taskflow_templates.py took 0.068 seconds
[2025-04-16T00:03:14.732+0700] {processor.py:186} INFO - Started process (PID=319735) to work on /home/anhtupham99/NBA-analytics/py_env/lib/python3.11/site-packages/airflow/example_dags/tutorial_taskflow_templates.py
[2025-04-16T00:03:14.736+0700] {processor.py:914} INFO - Processing file /home/anhtupham99/NBA-analytics/py_env/lib/python3.11/site-packages/airflow/example_dags/tutorial_taskflow_templates.py for tasks to queue
[2025-04-16T00:03:14.738+0700] {logging_mixin.py:190} INFO - [2025-04-16T00:03:14.738+0700] {dagbag.py:588} INFO - Filling up the DagBag from /home/anhtupham99/NBA-analytics/py_env/lib/python3.11/site-packages/airflow/example_dags/tutorial_taskflow_templates.py
[2025-04-16T00:03:14.748+0700] {processor.py:925} INFO - DAG(s) 'tutorial_taskflow_templates' retrieved from /home/anhtupham99/NBA-analytics/py_env/lib/python3.11/site-packages/airflow/example_dags/tutorial_taskflow_templates.py
[2025-04-16T00:03:14.759+0700] {logging_mixin.py:190} INFO - [2025-04-16T00:03:14.759+0700] {dag.py:3239} INFO - Sync 1 DAGs
[2025-04-16T00:03:14.773+0700] {logging_mixin.py:190} INFO - [2025-04-16T00:03:14.773+0700] {dag.py:4180} INFO - Setting next_dagrun for tutorial_taskflow_templates to 2025-04-14 00:00:00+00:00, run_after=2025-04-15 00:00:00+00:00
[2025-04-16T00:03:14.796+0700] {processor.py:208} INFO - Processing /home/anhtupham99/NBA-analytics/py_env/lib/python3.11/site-packages/airflow/example_dags/tutorial_taskflow_templates.py took 0.068 seconds
[2025-04-16T00:04:24.995+0700] {processor.py:186} INFO - Started process (PID=321275) to work on /home/anhtupham99/NBA-analytics/py_env/lib/python3.11/site-packages/airflow/example_dags/tutorial_taskflow_templates.py
[2025-04-16T00:04:24.999+0700] {processor.py:914} INFO - Processing file /home/anhtupham99/NBA-analytics/py_env/lib/python3.11/site-packages/airflow/example_dags/tutorial_taskflow_templates.py for tasks to queue
[2025-04-16T00:04:25.001+0700] {logging_mixin.py:190} INFO - [2025-04-16T00:04:25.000+0700] {dagbag.py:588} INFO - Filling up the DagBag from /home/anhtupham99/NBA-analytics/py_env/lib/python3.11/site-packages/airflow/example_dags/tutorial_taskflow_templates.py
[2025-04-16T00:04:25.013+0700] {processor.py:925} INFO - DAG(s) 'tutorial_taskflow_templates' retrieved from /home/anhtupham99/NBA-analytics/py_env/lib/python3.11/site-packages/airflow/example_dags/tutorial_taskflow_templates.py
[2025-04-16T00:04:25.027+0700] {logging_mixin.py:190} INFO - [2025-04-16T00:04:25.027+0700] {dag.py:3239} INFO - Sync 1 DAGs
[2025-04-16T00:04:25.045+0700] {logging_mixin.py:190} INFO - [2025-04-16T00:04:25.045+0700] {dag.py:4180} INFO - Setting next_dagrun for tutorial_taskflow_templates to 2025-04-14 00:00:00+00:00, run_after=2025-04-15 00:00:00+00:00
[2025-04-16T00:04:25.072+0700] {processor.py:208} INFO - Processing /home/anhtupham99/NBA-analytics/py_env/lib/python3.11/site-packages/airflow/example_dags/tutorial_taskflow_templates.py took 0.082 seconds
[2025-04-16T00:05:38.981+0700] {processor.py:186} INFO - Started process (PID=322606) to work on /home/anhtupham99/NBA-analytics/py_env/lib/python3.11/site-packages/airflow/example_dags/tutorial_taskflow_templates.py
[2025-04-16T00:05:38.983+0700] {processor.py:914} INFO - Processing file /home/anhtupham99/NBA-analytics/py_env/lib/python3.11/site-packages/airflow/example_dags/tutorial_taskflow_templates.py for tasks to queue
[2025-04-16T00:05:38.985+0700] {logging_mixin.py:190} INFO - [2025-04-16T00:05:38.985+0700] {dagbag.py:588} INFO - Filling up the DagBag from /home/anhtupham99/NBA-analytics/py_env/lib/python3.11/site-packages/airflow/example_dags/tutorial_taskflow_templates.py
[2025-04-16T00:05:38.997+0700] {processor.py:925} INFO - DAG(s) 'tutorial_taskflow_templates' retrieved from /home/anhtupham99/NBA-analytics/py_env/lib/python3.11/site-packages/airflow/example_dags/tutorial_taskflow_templates.py
[2025-04-16T00:05:39.011+0700] {logging_mixin.py:190} INFO - [2025-04-16T00:05:39.011+0700] {dag.py:3239} INFO - Sync 1 DAGs
[2025-04-16T00:05:39.030+0700] {logging_mixin.py:190} INFO - [2025-04-16T00:05:39.030+0700] {dag.py:4180} INFO - Setting next_dagrun for tutorial_taskflow_templates to 2025-04-14 00:00:00+00:00, run_after=2025-04-15 00:00:00+00:00
[2025-04-16T00:05:39.058+0700] {processor.py:208} INFO - Processing /home/anhtupham99/NBA-analytics/py_env/lib/python3.11/site-packages/airflow/example_dags/tutorial_taskflow_templates.py took 0.082 seconds
[2025-04-16T00:06:27.931+0700] {processor.py:186} INFO - Started process (PID=323561) to work on /home/anhtupham99/NBA-analytics/py_env/lib/python3.11/site-packages/airflow/example_dags/tutorial_taskflow_templates.py
[2025-04-16T00:06:27.932+0700] {processor.py:914} INFO - Processing file /home/anhtupham99/NBA-analytics/py_env/lib/python3.11/site-packages/airflow/example_dags/tutorial_taskflow_templates.py for tasks to queue
[2025-04-16T00:06:27.935+0700] {logging_mixin.py:190} INFO - [2025-04-16T00:06:27.934+0700] {dagbag.py:588} INFO - Filling up the DagBag from /home/anhtupham99/NBA-analytics/py_env/lib/python3.11/site-packages/airflow/example_dags/tutorial_taskflow_templates.py
[2025-04-16T00:06:27.948+0700] {processor.py:925} INFO - DAG(s) 'tutorial_taskflow_templates' retrieved from /home/anhtupham99/NBA-analytics/py_env/lib/python3.11/site-packages/airflow/example_dags/tutorial_taskflow_templates.py
[2025-04-16T00:06:27.963+0700] {logging_mixin.py:190} INFO - [2025-04-16T00:06:27.963+0700] {dag.py:3239} INFO - Sync 1 DAGs
[2025-04-16T00:06:27.981+0700] {logging_mixin.py:190} INFO - [2025-04-16T00:06:27.981+0700] {dag.py:4180} INFO - Setting next_dagrun for tutorial_taskflow_templates to 2025-04-14 00:00:00+00:00, run_after=2025-04-15 00:00:00+00:00
[2025-04-16T00:06:28.013+0700] {processor.py:208} INFO - Processing /home/anhtupham99/NBA-analytics/py_env/lib/python3.11/site-packages/airflow/example_dags/tutorial_taskflow_templates.py took 0.087 seconds
[2025-04-16T00:07:39.672+0700] {processor.py:186} INFO - Started process (PID=325110) to work on /home/anhtupham99/NBA-analytics/py_env/lib/python3.11/site-packages/airflow/example_dags/tutorial_taskflow_templates.py
[2025-04-16T00:07:39.673+0700] {processor.py:914} INFO - Processing file /home/anhtupham99/NBA-analytics/py_env/lib/python3.11/site-packages/airflow/example_dags/tutorial_taskflow_templates.py for tasks to queue
[2025-04-16T00:07:39.675+0700] {logging_mixin.py:190} INFO - [2025-04-16T00:07:39.675+0700] {dagbag.py:588} INFO - Filling up the DagBag from /home/anhtupham99/NBA-analytics/py_env/lib/python3.11/site-packages/airflow/example_dags/tutorial_taskflow_templates.py
[2025-04-16T00:07:39.688+0700] {processor.py:925} INFO - DAG(s) 'tutorial_taskflow_templates' retrieved from /home/anhtupham99/NBA-analytics/py_env/lib/python3.11/site-packages/airflow/example_dags/tutorial_taskflow_templates.py
[2025-04-16T00:07:39.703+0700] {logging_mixin.py:190} INFO - [2025-04-16T00:07:39.703+0700] {dag.py:3239} INFO - Sync 1 DAGs
[2025-04-16T00:07:39.721+0700] {logging_mixin.py:190} INFO - [2025-04-16T00:07:39.721+0700] {dag.py:4180} INFO - Setting next_dagrun for tutorial_taskflow_templates to 2025-04-14 00:00:00+00:00, run_after=2025-04-15 00:00:00+00:00
[2025-04-16T00:07:39.746+0700] {processor.py:208} INFO - Processing /home/anhtupham99/NBA-analytics/py_env/lib/python3.11/site-packages/airflow/example_dags/tutorial_taskflow_templates.py took 0.081 seconds
[2025-04-16T00:08:49.157+0700] {processor.py:186} INFO - Started process (PID=326402) to work on /home/anhtupham99/NBA-analytics/py_env/lib/python3.11/site-packages/airflow/example_dags/tutorial_taskflow_templates.py
[2025-04-16T00:08:49.159+0700] {processor.py:914} INFO - Processing file /home/anhtupham99/NBA-analytics/py_env/lib/python3.11/site-packages/airflow/example_dags/tutorial_taskflow_templates.py for tasks to queue
[2025-04-16T00:08:49.161+0700] {logging_mixin.py:190} INFO - [2025-04-16T00:08:49.161+0700] {dagbag.py:588} INFO - Filling up the DagBag from /home/anhtupham99/NBA-analytics/py_env/lib/python3.11/site-packages/airflow/example_dags/tutorial_taskflow_templates.py
[2025-04-16T00:08:49.174+0700] {processor.py:925} INFO - DAG(s) 'tutorial_taskflow_templates' retrieved from /home/anhtupham99/NBA-analytics/py_env/lib/python3.11/site-packages/airflow/example_dags/tutorial_taskflow_templates.py
[2025-04-16T00:08:49.188+0700] {logging_mixin.py:190} INFO - [2025-04-16T00:08:49.188+0700] {dag.py:3239} INFO - Sync 1 DAGs
[2025-04-16T00:08:49.212+0700] {logging_mixin.py:190} INFO - [2025-04-16T00:08:49.211+0700] {dag.py:4180} INFO - Setting next_dagrun for tutorial_taskflow_templates to 2025-04-14 00:00:00+00:00, run_after=2025-04-15 00:00:00+00:00
[2025-04-16T00:08:49.238+0700] {processor.py:208} INFO - Processing /home/anhtupham99/NBA-analytics/py_env/lib/python3.11/site-packages/airflow/example_dags/tutorial_taskflow_templates.py took 0.086 seconds
[2025-04-16T00:09:37.219+0700] {processor.py:186} INFO - Started process (PID=327420) to work on /home/anhtupham99/NBA-analytics/py_env/lib/python3.11/site-packages/airflow/example_dags/tutorial_taskflow_templates.py
[2025-04-16T00:09:37.221+0700] {processor.py:914} INFO - Processing file /home/anhtupham99/NBA-analytics/py_env/lib/python3.11/site-packages/airflow/example_dags/tutorial_taskflow_templates.py for tasks to queue
[2025-04-16T00:09:37.222+0700] {logging_mixin.py:190} INFO - [2025-04-16T00:09:37.222+0700] {dagbag.py:588} INFO - Filling up the DagBag from /home/anhtupham99/NBA-analytics/py_env/lib/python3.11/site-packages/airflow/example_dags/tutorial_taskflow_templates.py
[2025-04-16T00:09:37.234+0700] {processor.py:925} INFO - DAG(s) 'tutorial_taskflow_templates' retrieved from /home/anhtupham99/NBA-analytics/py_env/lib/python3.11/site-packages/airflow/example_dags/tutorial_taskflow_templates.py
[2025-04-16T00:09:37.248+0700] {logging_mixin.py:190} INFO - [2025-04-16T00:09:37.248+0700] {dag.py:3239} INFO - Sync 1 DAGs
[2025-04-16T00:09:37.262+0700] {logging_mixin.py:190} INFO - [2025-04-16T00:09:37.262+0700] {dag.py:4180} INFO - Setting next_dagrun for tutorial_taskflow_templates to 2025-04-14 00:00:00+00:00, run_after=2025-04-15 00:00:00+00:00
[2025-04-16T00:09:37.284+0700] {processor.py:208} INFO - Processing /home/anhtupham99/NBA-analytics/py_env/lib/python3.11/site-packages/airflow/example_dags/tutorial_taskflow_templates.py took 0.070 seconds
[2025-04-16T00:10:50.003+0700] {processor.py:186} INFO - Started process (PID=329086) to work on /home/anhtupham99/NBA-analytics/py_env/lib/python3.11/site-packages/airflow/example_dags/tutorial_taskflow_templates.py
[2025-04-16T00:10:50.004+0700] {processor.py:914} INFO - Processing file /home/anhtupham99/NBA-analytics/py_env/lib/python3.11/site-packages/airflow/example_dags/tutorial_taskflow_templates.py for tasks to queue
[2025-04-16T00:10:50.005+0700] {logging_mixin.py:190} INFO - [2025-04-16T00:10:50.005+0700] {dagbag.py:588} INFO - Filling up the DagBag from /home/anhtupham99/NBA-analytics/py_env/lib/python3.11/site-packages/airflow/example_dags/tutorial_taskflow_templates.py
[2025-04-16T00:10:50.015+0700] {processor.py:925} INFO - DAG(s) 'tutorial_taskflow_templates' retrieved from /home/anhtupham99/NBA-analytics/py_env/lib/python3.11/site-packages/airflow/example_dags/tutorial_taskflow_templates.py
[2025-04-16T00:10:50.026+0700] {logging_mixin.py:190} INFO - [2025-04-16T00:10:50.026+0700] {dag.py:3239} INFO - Sync 1 DAGs
[2025-04-16T00:10:50.039+0700] {logging_mixin.py:190} INFO - [2025-04-16T00:10:50.039+0700] {dag.py:4180} INFO - Setting next_dagrun for tutorial_taskflow_templates to 2025-04-14 00:00:00+00:00, run_after=2025-04-15 00:00:00+00:00
[2025-04-16T00:10:50.063+0700] {processor.py:208} INFO - Processing /home/anhtupham99/NBA-analytics/py_env/lib/python3.11/site-packages/airflow/example_dags/tutorial_taskflow_templates.py took 0.064 seconds
[2025-04-16T00:12:00.836+0700] {processor.py:186} INFO - Started process (PID=330672) to work on /home/anhtupham99/NBA-analytics/py_env/lib/python3.11/site-packages/airflow/example_dags/tutorial_taskflow_templates.py
[2025-04-16T00:12:00.837+0700] {processor.py:914} INFO - Processing file /home/anhtupham99/NBA-analytics/py_env/lib/python3.11/site-packages/airflow/example_dags/tutorial_taskflow_templates.py for tasks to queue
[2025-04-16T00:12:00.840+0700] {logging_mixin.py:190} INFO - [2025-04-16T00:12:00.839+0700] {dagbag.py:588} INFO - Filling up the DagBag from /home/anhtupham99/NBA-analytics/py_env/lib/python3.11/site-packages/airflow/example_dags/tutorial_taskflow_templates.py
[2025-04-16T00:12:00.851+0700] {processor.py:925} INFO - DAG(s) 'tutorial_taskflow_templates' retrieved from /home/anhtupham99/NBA-analytics/py_env/lib/python3.11/site-packages/airflow/example_dags/tutorial_taskflow_templates.py
[2025-04-16T00:12:00.866+0700] {logging_mixin.py:190} INFO - [2025-04-16T00:12:00.866+0700] {dag.py:3239} INFO - Sync 1 DAGs
[2025-04-16T00:12:00.886+0700] {logging_mixin.py:190} INFO - [2025-04-16T00:12:00.886+0700] {dag.py:4180} INFO - Setting next_dagrun for tutorial_taskflow_templates to 2025-04-14 00:00:00+00:00, run_after=2025-04-15 00:00:00+00:00
[2025-04-16T00:12:00.924+0700] {processor.py:208} INFO - Processing /home/anhtupham99/NBA-analytics/py_env/lib/python3.11/site-packages/airflow/example_dags/tutorial_taskflow_templates.py took 0.093 seconds
[2025-04-16T00:13:11.829+0700] {processor.py:186} INFO - Started process (PID=332915) to work on /home/anhtupham99/NBA-analytics/py_env/lib/python3.11/site-packages/airflow/example_dags/tutorial_taskflow_templates.py
[2025-04-16T00:13:11.834+0700] {processor.py:914} INFO - Processing file /home/anhtupham99/NBA-analytics/py_env/lib/python3.11/site-packages/airflow/example_dags/tutorial_taskflow_templates.py for tasks to queue
[2025-04-16T00:13:11.836+0700] {logging_mixin.py:190} INFO - [2025-04-16T00:13:11.836+0700] {dagbag.py:588} INFO - Filling up the DagBag from /home/anhtupham99/NBA-analytics/py_env/lib/python3.11/site-packages/airflow/example_dags/tutorial_taskflow_templates.py
[2025-04-16T00:13:11.849+0700] {processor.py:925} INFO - DAG(s) 'tutorial_taskflow_templates' retrieved from /home/anhtupham99/NBA-analytics/py_env/lib/python3.11/site-packages/airflow/example_dags/tutorial_taskflow_templates.py
[2025-04-16T00:13:11.864+0700] {logging_mixin.py:190} INFO - [2025-04-16T00:13:11.864+0700] {dag.py:3239} INFO - Sync 1 DAGs
[2025-04-16T00:13:11.881+0700] {logging_mixin.py:190} INFO - [2025-04-16T00:13:11.881+0700] {dag.py:4180} INFO - Setting next_dagrun for tutorial_taskflow_templates to 2025-04-14 00:00:00+00:00, run_after=2025-04-15 00:00:00+00:00
[2025-04-16T00:13:11.907+0700] {processor.py:208} INFO - Processing /home/anhtupham99/NBA-analytics/py_env/lib/python3.11/site-packages/airflow/example_dags/tutorial_taskflow_templates.py took 0.084 seconds
[2025-04-16T00:14:02.366+0700] {processor.py:186} INFO - Started process (PID=335145) to work on /home/anhtupham99/NBA-analytics/py_env/lib/python3.11/site-packages/airflow/example_dags/tutorial_taskflow_templates.py
[2025-04-16T00:14:02.367+0700] {processor.py:914} INFO - Processing file /home/anhtupham99/NBA-analytics/py_env/lib/python3.11/site-packages/airflow/example_dags/tutorial_taskflow_templates.py for tasks to queue
[2025-04-16T00:14:02.369+0700] {logging_mixin.py:190} INFO - [2025-04-16T00:14:02.369+0700] {dagbag.py:588} INFO - Filling up the DagBag from /home/anhtupham99/NBA-analytics/py_env/lib/python3.11/site-packages/airflow/example_dags/tutorial_taskflow_templates.py
[2025-04-16T00:14:02.382+0700] {processor.py:925} INFO - DAG(s) 'tutorial_taskflow_templates' retrieved from /home/anhtupham99/NBA-analytics/py_env/lib/python3.11/site-packages/airflow/example_dags/tutorial_taskflow_templates.py
[2025-04-16T00:14:02.395+0700] {logging_mixin.py:190} INFO - [2025-04-16T00:14:02.395+0700] {dag.py:3239} INFO - Sync 1 DAGs
[2025-04-16T00:14:02.411+0700] {logging_mixin.py:190} INFO - [2025-04-16T00:14:02.410+0700] {dag.py:4180} INFO - Setting next_dagrun for tutorial_taskflow_templates to 2025-04-14 00:00:00+00:00, run_after=2025-04-15 00:00:00+00:00
[2025-04-16T00:14:02.433+0700] {processor.py:208} INFO - Processing /home/anhtupham99/NBA-analytics/py_env/lib/python3.11/site-packages/airflow/example_dags/tutorial_taskflow_templates.py took 0.072 seconds
[2025-04-16T00:14:52.422+0700] {processor.py:186} INFO - Started process (PID=336895) to work on /home/anhtupham99/NBA-analytics/py_env/lib/python3.11/site-packages/airflow/example_dags/tutorial_taskflow_templates.py
[2025-04-16T00:14:52.424+0700] {processor.py:914} INFO - Processing file /home/anhtupham99/NBA-analytics/py_env/lib/python3.11/site-packages/airflow/example_dags/tutorial_taskflow_templates.py for tasks to queue
[2025-04-16T00:14:52.426+0700] {logging_mixin.py:190} INFO - [2025-04-16T00:14:52.425+0700] {dagbag.py:588} INFO - Filling up the DagBag from /home/anhtupham99/NBA-analytics/py_env/lib/python3.11/site-packages/airflow/example_dags/tutorial_taskflow_templates.py
[2025-04-16T00:14:52.438+0700] {processor.py:925} INFO - DAG(s) 'tutorial_taskflow_templates' retrieved from /home/anhtupham99/NBA-analytics/py_env/lib/python3.11/site-packages/airflow/example_dags/tutorial_taskflow_templates.py
[2025-04-16T00:14:52.452+0700] {logging_mixin.py:190} INFO - [2025-04-16T00:14:52.452+0700] {dag.py:3239} INFO - Sync 1 DAGs
[2025-04-16T00:14:52.472+0700] {logging_mixin.py:190} INFO - [2025-04-16T00:14:52.472+0700] {dag.py:4180} INFO - Setting next_dagrun for tutorial_taskflow_templates to 2025-04-14 00:00:00+00:00, run_after=2025-04-15 00:00:00+00:00
[2025-04-16T00:14:52.497+0700] {processor.py:208} INFO - Processing /home/anhtupham99/NBA-analytics/py_env/lib/python3.11/site-packages/airflow/example_dags/tutorial_taskflow_templates.py took 0.080 seconds
[2025-04-16T00:16:04.781+0700] {processor.py:186} INFO - Started process (PID=340790) to work on /home/anhtupham99/NBA-analytics/py_env/lib/python3.11/site-packages/airflow/example_dags/tutorial_taskflow_templates.py
[2025-04-16T00:16:04.783+0700] {processor.py:914} INFO - Processing file /home/anhtupham99/NBA-analytics/py_env/lib/python3.11/site-packages/airflow/example_dags/tutorial_taskflow_templates.py for tasks to queue
[2025-04-16T00:16:04.784+0700] {logging_mixin.py:190} INFO - [2025-04-16T00:16:04.784+0700] {dagbag.py:588} INFO - Filling up the DagBag from /home/anhtupham99/NBA-analytics/py_env/lib/python3.11/site-packages/airflow/example_dags/tutorial_taskflow_templates.py
[2025-04-16T00:16:04.798+0700] {processor.py:925} INFO - DAG(s) 'tutorial_taskflow_templates' retrieved from /home/anhtupham99/NBA-analytics/py_env/lib/python3.11/site-packages/airflow/example_dags/tutorial_taskflow_templates.py
[2025-04-16T00:16:04.812+0700] {logging_mixin.py:190} INFO - [2025-04-16T00:16:04.812+0700] {dag.py:3239} INFO - Sync 1 DAGs
[2025-04-16T00:16:04.828+0700] {logging_mixin.py:190} INFO - [2025-04-16T00:16:04.828+0700] {dag.py:4180} INFO - Setting next_dagrun for tutorial_taskflow_templates to 2025-04-14 00:00:00+00:00, run_after=2025-04-15 00:00:00+00:00
[2025-04-16T00:16:04.853+0700] {processor.py:208} INFO - Processing /home/anhtupham99/NBA-analytics/py_env/lib/python3.11/site-packages/airflow/example_dags/tutorial_taskflow_templates.py took 0.077 seconds
[2025-04-16T00:16:56.010+0700] {processor.py:186} INFO - Started process (PID=343169) to work on /home/anhtupham99/NBA-analytics/py_env/lib/python3.11/site-packages/airflow/example_dags/tutorial_taskflow_templates.py
[2025-04-16T00:16:56.011+0700] {processor.py:914} INFO - Processing file /home/anhtupham99/NBA-analytics/py_env/lib/python3.11/site-packages/airflow/example_dags/tutorial_taskflow_templates.py for tasks to queue
[2025-04-16T00:16:56.013+0700] {logging_mixin.py:190} INFO - [2025-04-16T00:16:56.013+0700] {dagbag.py:588} INFO - Filling up the DagBag from /home/anhtupham99/NBA-analytics/py_env/lib/python3.11/site-packages/airflow/example_dags/tutorial_taskflow_templates.py
[2025-04-16T00:16:56.024+0700] {processor.py:925} INFO - DAG(s) 'tutorial_taskflow_templates' retrieved from /home/anhtupham99/NBA-analytics/py_env/lib/python3.11/site-packages/airflow/example_dags/tutorial_taskflow_templates.py
[2025-04-16T00:16:56.037+0700] {logging_mixin.py:190} INFO - [2025-04-16T00:16:56.037+0700] {dag.py:3239} INFO - Sync 1 DAGs
[2025-04-16T00:16:56.055+0700] {logging_mixin.py:190} INFO - [2025-04-16T00:16:56.055+0700] {dag.py:4180} INFO - Setting next_dagrun for tutorial_taskflow_templates to 2025-04-14 00:00:00+00:00, run_after=2025-04-15 00:00:00+00:00
[2025-04-16T00:16:56.080+0700] {processor.py:208} INFO - Processing /home/anhtupham99/NBA-analytics/py_env/lib/python3.11/site-packages/airflow/example_dags/tutorial_taskflow_templates.py took 0.075 seconds
[2025-04-16T00:17:45.817+0700] {processor.py:186} INFO - Started process (PID=344826) to work on /home/anhtupham99/NBA-analytics/py_env/lib/python3.11/site-packages/airflow/example_dags/tutorial_taskflow_templates.py
[2025-04-16T00:17:45.818+0700] {processor.py:914} INFO - Processing file /home/anhtupham99/NBA-analytics/py_env/lib/python3.11/site-packages/airflow/example_dags/tutorial_taskflow_templates.py for tasks to queue
[2025-04-16T00:17:45.820+0700] {logging_mixin.py:190} INFO - [2025-04-16T00:17:45.820+0700] {dagbag.py:588} INFO - Filling up the DagBag from /home/anhtupham99/NBA-analytics/py_env/lib/python3.11/site-packages/airflow/example_dags/tutorial_taskflow_templates.py
[2025-04-16T00:17:45.832+0700] {processor.py:925} INFO - DAG(s) 'tutorial_taskflow_templates' retrieved from /home/anhtupham99/NBA-analytics/py_env/lib/python3.11/site-packages/airflow/example_dags/tutorial_taskflow_templates.py
[2025-04-16T00:17:45.845+0700] {logging_mixin.py:190} INFO - [2025-04-16T00:17:45.845+0700] {dag.py:3239} INFO - Sync 1 DAGs
[2025-04-16T00:17:45.865+0700] {logging_mixin.py:190} INFO - [2025-04-16T00:17:45.865+0700] {dag.py:4180} INFO - Setting next_dagrun for tutorial_taskflow_templates to 2025-04-14 00:00:00+00:00, run_after=2025-04-15 00:00:00+00:00
[2025-04-16T00:17:45.890+0700] {processor.py:208} INFO - Processing /home/anhtupham99/NBA-analytics/py_env/lib/python3.11/site-packages/airflow/example_dags/tutorial_taskflow_templates.py took 0.079 seconds
[2025-04-16T00:18:34.723+0700] {processor.py:186} INFO - Started process (PID=347474) to work on /home/anhtupham99/NBA-analytics/py_env/lib/python3.11/site-packages/airflow/example_dags/tutorial_taskflow_templates.py
[2025-04-16T00:18:34.724+0700] {processor.py:914} INFO - Processing file /home/anhtupham99/NBA-analytics/py_env/lib/python3.11/site-packages/airflow/example_dags/tutorial_taskflow_templates.py for tasks to queue
[2025-04-16T00:18:34.726+0700] {logging_mixin.py:190} INFO - [2025-04-16T00:18:34.726+0700] {dagbag.py:588} INFO - Filling up the DagBag from /home/anhtupham99/NBA-analytics/py_env/lib/python3.11/site-packages/airflow/example_dags/tutorial_taskflow_templates.py
[2025-04-16T00:18:34.735+0700] {processor.py:925} INFO - DAG(s) 'tutorial_taskflow_templates' retrieved from /home/anhtupham99/NBA-analytics/py_env/lib/python3.11/site-packages/airflow/example_dags/tutorial_taskflow_templates.py
[2025-04-16T00:18:34.746+0700] {logging_mixin.py:190} INFO - [2025-04-16T00:18:34.746+0700] {dag.py:3239} INFO - Sync 1 DAGs
[2025-04-16T00:18:34.761+0700] {logging_mixin.py:190} INFO - [2025-04-16T00:18:34.761+0700] {dag.py:4180} INFO - Setting next_dagrun for tutorial_taskflow_templates to 2025-04-14 00:00:00+00:00, run_after=2025-04-15 00:00:00+00:00
[2025-04-16T00:18:34.784+0700] {processor.py:208} INFO - Processing /home/anhtupham99/NBA-analytics/py_env/lib/python3.11/site-packages/airflow/example_dags/tutorial_taskflow_templates.py took 0.065 seconds
[2025-04-16T00:19:26.134+0700] {processor.py:186} INFO - Started process (PID=349719) to work on /home/anhtupham99/NBA-analytics/py_env/lib/python3.11/site-packages/airflow/example_dags/tutorial_taskflow_templates.py
[2025-04-16T00:19:26.136+0700] {processor.py:914} INFO - Processing file /home/anhtupham99/NBA-analytics/py_env/lib/python3.11/site-packages/airflow/example_dags/tutorial_taskflow_templates.py for tasks to queue
[2025-04-16T00:19:26.138+0700] {logging_mixin.py:190} INFO - [2025-04-16T00:19:26.137+0700] {dagbag.py:588} INFO - Filling up the DagBag from /home/anhtupham99/NBA-analytics/py_env/lib/python3.11/site-packages/airflow/example_dags/tutorial_taskflow_templates.py
[2025-04-16T00:19:26.149+0700] {processor.py:925} INFO - DAG(s) 'tutorial_taskflow_templates' retrieved from /home/anhtupham99/NBA-analytics/py_env/lib/python3.11/site-packages/airflow/example_dags/tutorial_taskflow_templates.py
[2025-04-16T00:19:26.162+0700] {logging_mixin.py:190} INFO - [2025-04-16T00:19:26.162+0700] {dag.py:3239} INFO - Sync 1 DAGs
[2025-04-16T00:19:26.184+0700] {logging_mixin.py:190} INFO - [2025-04-16T00:19:26.184+0700] {dag.py:4180} INFO - Setting next_dagrun for tutorial_taskflow_templates to 2025-04-14 00:00:00+00:00, run_after=2025-04-15 00:00:00+00:00
[2025-04-16T00:19:26.210+0700] {processor.py:208} INFO - Processing /home/anhtupham99/NBA-analytics/py_env/lib/python3.11/site-packages/airflow/example_dags/tutorial_taskflow_templates.py took 0.081 seconds
[2025-04-16T00:20:14.787+0700] {processor.py:186} INFO - Started process (PID=351522) to work on /home/anhtupham99/NBA-analytics/py_env/lib/python3.11/site-packages/airflow/example_dags/tutorial_taskflow_templates.py
[2025-04-16T00:20:14.788+0700] {processor.py:914} INFO - Processing file /home/anhtupham99/NBA-analytics/py_env/lib/python3.11/site-packages/airflow/example_dags/tutorial_taskflow_templates.py for tasks to queue
[2025-04-16T00:20:14.790+0700] {logging_mixin.py:190} INFO - [2025-04-16T00:20:14.790+0700] {dagbag.py:588} INFO - Filling up the DagBag from /home/anhtupham99/NBA-analytics/py_env/lib/python3.11/site-packages/airflow/example_dags/tutorial_taskflow_templates.py
[2025-04-16T00:20:14.799+0700] {processor.py:925} INFO - DAG(s) 'tutorial_taskflow_templates' retrieved from /home/anhtupham99/NBA-analytics/py_env/lib/python3.11/site-packages/airflow/example_dags/tutorial_taskflow_templates.py
[2025-04-16T00:20:14.809+0700] {logging_mixin.py:190} INFO - [2025-04-16T00:20:14.809+0700] {dag.py:3239} INFO - Sync 1 DAGs
[2025-04-16T00:20:14.823+0700] {logging_mixin.py:190} INFO - [2025-04-16T00:20:14.823+0700] {dag.py:4180} INFO - Setting next_dagrun for tutorial_taskflow_templates to 2025-04-14 00:00:00+00:00, run_after=2025-04-15 00:00:00+00:00
[2025-04-16T00:20:14.848+0700] {processor.py:208} INFO - Processing /home/anhtupham99/NBA-analytics/py_env/lib/python3.11/site-packages/airflow/example_dags/tutorial_taskflow_templates.py took 0.065 seconds
[2025-04-16T00:21:03.939+0700] {processor.py:186} INFO - Started process (PID=353638) to work on /home/anhtupham99/NBA-analytics/py_env/lib/python3.11/site-packages/airflow/example_dags/tutorial_taskflow_templates.py
[2025-04-16T00:21:03.941+0700] {processor.py:914} INFO - Processing file /home/anhtupham99/NBA-analytics/py_env/lib/python3.11/site-packages/airflow/example_dags/tutorial_taskflow_templates.py for tasks to queue
[2025-04-16T00:21:03.943+0700] {logging_mixin.py:190} INFO - [2025-04-16T00:21:03.943+0700] {dagbag.py:588} INFO - Filling up the DagBag from /home/anhtupham99/NBA-analytics/py_env/lib/python3.11/site-packages/airflow/example_dags/tutorial_taskflow_templates.py
[2025-04-16T00:21:03.958+0700] {processor.py:925} INFO - DAG(s) 'tutorial_taskflow_templates' retrieved from /home/anhtupham99/NBA-analytics/py_env/lib/python3.11/site-packages/airflow/example_dags/tutorial_taskflow_templates.py
[2025-04-16T00:21:03.974+0700] {logging_mixin.py:190} INFO - [2025-04-16T00:21:03.974+0700] {dag.py:3239} INFO - Sync 1 DAGs
[2025-04-16T00:21:03.993+0700] {logging_mixin.py:190} INFO - [2025-04-16T00:21:03.992+0700] {dag.py:4180} INFO - Setting next_dagrun for tutorial_taskflow_templates to 2025-04-14 00:00:00+00:00, run_after=2025-04-15 00:00:00+00:00
[2025-04-16T00:21:04.022+0700] {processor.py:208} INFO - Processing /home/anhtupham99/NBA-analytics/py_env/lib/python3.11/site-packages/airflow/example_dags/tutorial_taskflow_templates.py took 0.091 seconds
[2025-04-16T00:21:54.489+0700] {processor.py:186} INFO - Started process (PID=355295) to work on /home/anhtupham99/NBA-analytics/py_env/lib/python3.11/site-packages/airflow/example_dags/tutorial_taskflow_templates.py
[2025-04-16T00:21:54.490+0700] {processor.py:914} INFO - Processing file /home/anhtupham99/NBA-analytics/py_env/lib/python3.11/site-packages/airflow/example_dags/tutorial_taskflow_templates.py for tasks to queue
[2025-04-16T00:21:54.492+0700] {logging_mixin.py:190} INFO - [2025-04-16T00:21:54.491+0700] {dagbag.py:588} INFO - Filling up the DagBag from /home/anhtupham99/NBA-analytics/py_env/lib/python3.11/site-packages/airflow/example_dags/tutorial_taskflow_templates.py
[2025-04-16T00:21:54.501+0700] {processor.py:925} INFO - DAG(s) 'tutorial_taskflow_templates' retrieved from /home/anhtupham99/NBA-analytics/py_env/lib/python3.11/site-packages/airflow/example_dags/tutorial_taskflow_templates.py
[2025-04-16T00:21:54.513+0700] {logging_mixin.py:190} INFO - [2025-04-16T00:21:54.512+0700] {dag.py:3239} INFO - Sync 1 DAGs
[2025-04-16T00:21:54.526+0700] {logging_mixin.py:190} INFO - [2025-04-16T00:21:54.526+0700] {dag.py:4180} INFO - Setting next_dagrun for tutorial_taskflow_templates to 2025-04-14 00:00:00+00:00, run_after=2025-04-15 00:00:00+00:00
[2025-04-16T00:21:54.550+0700] {processor.py:208} INFO - Processing /home/anhtupham99/NBA-analytics/py_env/lib/python3.11/site-packages/airflow/example_dags/tutorial_taskflow_templates.py took 0.066 seconds
[2025-04-16T00:22:46.805+0700] {processor.py:186} INFO - Started process (PID=357167) to work on /home/anhtupham99/NBA-analytics/py_env/lib/python3.11/site-packages/airflow/example_dags/tutorial_taskflow_templates.py
[2025-04-16T00:22:46.806+0700] {processor.py:914} INFO - Processing file /home/anhtupham99/NBA-analytics/py_env/lib/python3.11/site-packages/airflow/example_dags/tutorial_taskflow_templates.py for tasks to queue
[2025-04-16T00:22:46.809+0700] {logging_mixin.py:190} INFO - [2025-04-16T00:22:46.808+0700] {dagbag.py:588} INFO - Filling up the DagBag from /home/anhtupham99/NBA-analytics/py_env/lib/python3.11/site-packages/airflow/example_dags/tutorial_taskflow_templates.py
[2025-04-16T00:22:46.822+0700] {processor.py:925} INFO - DAG(s) 'tutorial_taskflow_templates' retrieved from /home/anhtupham99/NBA-analytics/py_env/lib/python3.11/site-packages/airflow/example_dags/tutorial_taskflow_templates.py
[2025-04-16T00:22:46.836+0700] {logging_mixin.py:190} INFO - [2025-04-16T00:22:46.836+0700] {dag.py:3239} INFO - Sync 1 DAGs
[2025-04-16T00:22:46.856+0700] {logging_mixin.py:190} INFO - [2025-04-16T00:22:46.855+0700] {dag.py:4180} INFO - Setting next_dagrun for tutorial_taskflow_templates to 2025-04-14 00:00:00+00:00, run_after=2025-04-15 00:00:00+00:00
[2025-04-16T00:22:46.883+0700] {processor.py:208} INFO - Processing /home/anhtupham99/NBA-analytics/py_env/lib/python3.11/site-packages/airflow/example_dags/tutorial_taskflow_templates.py took 0.084 seconds
[2025-04-16T00:23:52.884+0700] {processor.py:186} INFO - Started process (PID=359163) to work on /home/anhtupham99/NBA-analytics/py_env/lib/python3.11/site-packages/airflow/example_dags/tutorial_taskflow_templates.py
[2025-04-16T00:23:52.885+0700] {processor.py:914} INFO - Processing file /home/anhtupham99/NBA-analytics/py_env/lib/python3.11/site-packages/airflow/example_dags/tutorial_taskflow_templates.py for tasks to queue
[2025-04-16T00:23:52.887+0700] {logging_mixin.py:190} INFO - [2025-04-16T00:23:52.886+0700] {dagbag.py:588} INFO - Filling up the DagBag from /home/anhtupham99/NBA-analytics/py_env/lib/python3.11/site-packages/airflow/example_dags/tutorial_taskflow_templates.py
[2025-04-16T00:23:52.898+0700] {processor.py:925} INFO - DAG(s) 'tutorial_taskflow_templates' retrieved from /home/anhtupham99/NBA-analytics/py_env/lib/python3.11/site-packages/airflow/example_dags/tutorial_taskflow_templates.py
[2025-04-16T00:23:52.911+0700] {logging_mixin.py:190} INFO - [2025-04-16T00:23:52.910+0700] {dag.py:3239} INFO - Sync 1 DAGs
[2025-04-16T00:23:52.929+0700] {logging_mixin.py:190} INFO - [2025-04-16T00:23:52.928+0700] {dag.py:4180} INFO - Setting next_dagrun for tutorial_taskflow_templates to 2025-04-14 00:00:00+00:00, run_after=2025-04-15 00:00:00+00:00
[2025-04-16T00:23:52.954+0700] {processor.py:208} INFO - Processing /home/anhtupham99/NBA-analytics/py_env/lib/python3.11/site-packages/airflow/example_dags/tutorial_taskflow_templates.py took 0.075 seconds
[2025-04-16T00:24:43.596+0700] {processor.py:186} INFO - Started process (PID=361108) to work on /home/anhtupham99/NBA-analytics/py_env/lib/python3.11/site-packages/airflow/example_dags/tutorial_taskflow_templates.py
[2025-04-16T00:24:43.598+0700] {processor.py:914} INFO - Processing file /home/anhtupham99/NBA-analytics/py_env/lib/python3.11/site-packages/airflow/example_dags/tutorial_taskflow_templates.py for tasks to queue
[2025-04-16T00:24:43.600+0700] {logging_mixin.py:190} INFO - [2025-04-16T00:24:43.599+0700] {dagbag.py:588} INFO - Filling up the DagBag from /home/anhtupham99/NBA-analytics/py_env/lib/python3.11/site-packages/airflow/example_dags/tutorial_taskflow_templates.py
[2025-04-16T00:24:43.610+0700] {processor.py:925} INFO - DAG(s) 'tutorial_taskflow_templates' retrieved from /home/anhtupham99/NBA-analytics/py_env/lib/python3.11/site-packages/airflow/example_dags/tutorial_taskflow_templates.py
[2025-04-16T00:24:43.622+0700] {logging_mixin.py:190} INFO - [2025-04-16T00:24:43.622+0700] {dag.py:3239} INFO - Sync 1 DAGs
[2025-04-16T00:24:43.638+0700] {logging_mixin.py:190} INFO - [2025-04-16T00:24:43.638+0700] {dag.py:4180} INFO - Setting next_dagrun for tutorial_taskflow_templates to 2025-04-14 00:00:00+00:00, run_after=2025-04-15 00:00:00+00:00
[2025-04-16T00:24:43.660+0700] {processor.py:208} INFO - Processing /home/anhtupham99/NBA-analytics/py_env/lib/python3.11/site-packages/airflow/example_dags/tutorial_taskflow_templates.py took 0.068 seconds
[2025-04-16T00:25:34.777+0700] {processor.py:186} INFO - Started process (PID=363519) to work on /home/anhtupham99/NBA-analytics/py_env/lib/python3.11/site-packages/airflow/example_dags/tutorial_taskflow_templates.py
[2025-04-16T00:25:34.779+0700] {processor.py:914} INFO - Processing file /home/anhtupham99/NBA-analytics/py_env/lib/python3.11/site-packages/airflow/example_dags/tutorial_taskflow_templates.py for tasks to queue
[2025-04-16T00:25:34.781+0700] {logging_mixin.py:190} INFO - [2025-04-16T00:25:34.781+0700] {dagbag.py:588} INFO - Filling up the DagBag from /home/anhtupham99/NBA-analytics/py_env/lib/python3.11/site-packages/airflow/example_dags/tutorial_taskflow_templates.py
[2025-04-16T00:25:34.791+0700] {processor.py:925} INFO - DAG(s) 'tutorial_taskflow_templates' retrieved from /home/anhtupham99/NBA-analytics/py_env/lib/python3.11/site-packages/airflow/example_dags/tutorial_taskflow_templates.py
[2025-04-16T00:25:34.803+0700] {logging_mixin.py:190} INFO - [2025-04-16T00:25:34.803+0700] {dag.py:3239} INFO - Sync 1 DAGs
[2025-04-16T00:25:34.818+0700] {logging_mixin.py:190} INFO - [2025-04-16T00:25:34.818+0700] {dag.py:4180} INFO - Setting next_dagrun for tutorial_taskflow_templates to 2025-04-14 00:00:00+00:00, run_after=2025-04-15 00:00:00+00:00
[2025-04-16T00:25:34.842+0700] {processor.py:208} INFO - Processing /home/anhtupham99/NBA-analytics/py_env/lib/python3.11/site-packages/airflow/example_dags/tutorial_taskflow_templates.py took 0.069 seconds
[2025-04-16T00:26:47.197+0700] {processor.py:186} INFO - Started process (PID=365175) to work on /home/anhtupham99/NBA-analytics/py_env/lib/python3.11/site-packages/airflow/example_dags/tutorial_taskflow_templates.py
[2025-04-16T00:26:47.199+0700] {processor.py:914} INFO - Processing file /home/anhtupham99/NBA-analytics/py_env/lib/python3.11/site-packages/airflow/example_dags/tutorial_taskflow_templates.py for tasks to queue
[2025-04-16T00:26:47.200+0700] {logging_mixin.py:190} INFO - [2025-04-16T00:26:47.200+0700] {dagbag.py:588} INFO - Filling up the DagBag from /home/anhtupham99/NBA-analytics/py_env/lib/python3.11/site-packages/airflow/example_dags/tutorial_taskflow_templates.py
[2025-04-16T00:26:47.210+0700] {processor.py:925} INFO - DAG(s) 'tutorial_taskflow_templates' retrieved from /home/anhtupham99/NBA-analytics/py_env/lib/python3.11/site-packages/airflow/example_dags/tutorial_taskflow_templates.py
[2025-04-16T00:26:47.221+0700] {logging_mixin.py:190} INFO - [2025-04-16T00:26:47.221+0700] {dag.py:3239} INFO - Sync 1 DAGs
[2025-04-16T00:26:47.238+0700] {logging_mixin.py:190} INFO - [2025-04-16T00:26:47.238+0700] {dag.py:4180} INFO - Setting next_dagrun for tutorial_taskflow_templates to 2025-04-14 00:00:00+00:00, run_after=2025-04-15 00:00:00+00:00
[2025-04-16T00:26:47.261+0700] {processor.py:208} INFO - Processing /home/anhtupham99/NBA-analytics/py_env/lib/python3.11/site-packages/airflow/example_dags/tutorial_taskflow_templates.py took 0.068 seconds
[2025-04-16T00:27:57.091+0700] {processor.py:186} INFO - Started process (PID=366983) to work on /home/anhtupham99/NBA-analytics/py_env/lib/python3.11/site-packages/airflow/example_dags/tutorial_taskflow_templates.py
[2025-04-16T00:27:57.095+0700] {processor.py:914} INFO - Processing file /home/anhtupham99/NBA-analytics/py_env/lib/python3.11/site-packages/airflow/example_dags/tutorial_taskflow_templates.py for tasks to queue
[2025-04-16T00:27:57.097+0700] {logging_mixin.py:190} INFO - [2025-04-16T00:27:57.097+0700] {dagbag.py:588} INFO - Filling up the DagBag from /home/anhtupham99/NBA-analytics/py_env/lib/python3.11/site-packages/airflow/example_dags/tutorial_taskflow_templates.py
[2025-04-16T00:27:57.106+0700] {processor.py:925} INFO - DAG(s) 'tutorial_taskflow_templates' retrieved from /home/anhtupham99/NBA-analytics/py_env/lib/python3.11/site-packages/airflow/example_dags/tutorial_taskflow_templates.py
[2025-04-16T00:27:57.117+0700] {logging_mixin.py:190} INFO - [2025-04-16T00:27:57.116+0700] {dag.py:3239} INFO - Sync 1 DAGs
[2025-04-16T00:27:57.131+0700] {logging_mixin.py:190} INFO - [2025-04-16T00:27:57.130+0700] {dag.py:4180} INFO - Setting next_dagrun for tutorial_taskflow_templates to 2025-04-14 00:00:00+00:00, run_after=2025-04-15 00:00:00+00:00
[2025-04-16T00:27:57.152+0700] {processor.py:208} INFO - Processing /home/anhtupham99/NBA-analytics/py_env/lib/python3.11/site-packages/airflow/example_dags/tutorial_taskflow_templates.py took 0.066 seconds
[2025-04-16T00:28:47.239+0700] {processor.py:186} INFO - Started process (PID=368165) to work on /home/anhtupham99/NBA-analytics/py_env/lib/python3.11/site-packages/airflow/example_dags/tutorial_taskflow_templates.py
[2025-04-16T00:28:47.240+0700] {processor.py:914} INFO - Processing file /home/anhtupham99/NBA-analytics/py_env/lib/python3.11/site-packages/airflow/example_dags/tutorial_taskflow_templates.py for tasks to queue
[2025-04-16T00:28:47.243+0700] {logging_mixin.py:190} INFO - [2025-04-16T00:28:47.243+0700] {dagbag.py:588} INFO - Filling up the DagBag from /home/anhtupham99/NBA-analytics/py_env/lib/python3.11/site-packages/airflow/example_dags/tutorial_taskflow_templates.py
[2025-04-16T00:28:47.256+0700] {processor.py:925} INFO - DAG(s) 'tutorial_taskflow_templates' retrieved from /home/anhtupham99/NBA-analytics/py_env/lib/python3.11/site-packages/airflow/example_dags/tutorial_taskflow_templates.py
[2025-04-16T00:28:47.274+0700] {logging_mixin.py:190} INFO - [2025-04-16T00:28:47.274+0700] {dag.py:3239} INFO - Sync 1 DAGs
[2025-04-16T00:28:47.296+0700] {logging_mixin.py:190} INFO - [2025-04-16T00:28:47.296+0700] {dag.py:4180} INFO - Setting next_dagrun for tutorial_taskflow_templates to 2025-04-14 00:00:00+00:00, run_after=2025-04-15 00:00:00+00:00
[2025-04-16T00:28:47.323+0700] {processor.py:208} INFO - Processing /home/anhtupham99/NBA-analytics/py_env/lib/python3.11/site-packages/airflow/example_dags/tutorial_taskflow_templates.py took 0.090 seconds
[2025-04-16T00:29:58.232+0700] {processor.py:186} INFO - Started process (PID=369831) to work on /home/anhtupham99/NBA-analytics/py_env/lib/python3.11/site-packages/airflow/example_dags/tutorial_taskflow_templates.py
[2025-04-16T00:29:58.233+0700] {processor.py:914} INFO - Processing file /home/anhtupham99/NBA-analytics/py_env/lib/python3.11/site-packages/airflow/example_dags/tutorial_taskflow_templates.py for tasks to queue
[2025-04-16T00:29:58.235+0700] {logging_mixin.py:190} INFO - [2025-04-16T00:29:58.234+0700] {dagbag.py:588} INFO - Filling up the DagBag from /home/anhtupham99/NBA-analytics/py_env/lib/python3.11/site-packages/airflow/example_dags/tutorial_taskflow_templates.py
[2025-04-16T00:29:58.244+0700] {processor.py:925} INFO - DAG(s) 'tutorial_taskflow_templates' retrieved from /home/anhtupham99/NBA-analytics/py_env/lib/python3.11/site-packages/airflow/example_dags/tutorial_taskflow_templates.py
[2025-04-16T00:29:58.255+0700] {logging_mixin.py:190} INFO - [2025-04-16T00:29:58.255+0700] {dag.py:3239} INFO - Sync 1 DAGs
[2025-04-16T00:29:58.268+0700] {logging_mixin.py:190} INFO - [2025-04-16T00:29:58.268+0700] {dag.py:4180} INFO - Setting next_dagrun for tutorial_taskflow_templates to 2025-04-14 00:00:00+00:00, run_after=2025-04-15 00:00:00+00:00
[2025-04-16T00:29:58.290+0700] {processor.py:208} INFO - Processing /home/anhtupham99/NBA-analytics/py_env/lib/python3.11/site-packages/airflow/example_dags/tutorial_taskflow_templates.py took 0.063 seconds
[2025-04-16T00:30:46.939+0700] {processor.py:186} INFO - Started process (PID=371010) to work on /home/anhtupham99/NBA-analytics/py_env/lib/python3.11/site-packages/airflow/example_dags/tutorial_taskflow_templates.py
[2025-04-16T00:30:46.940+0700] {processor.py:914} INFO - Processing file /home/anhtupham99/NBA-analytics/py_env/lib/python3.11/site-packages/airflow/example_dags/tutorial_taskflow_templates.py for tasks to queue
[2025-04-16T00:30:46.941+0700] {logging_mixin.py:190} INFO - [2025-04-16T00:30:46.941+0700] {dagbag.py:588} INFO - Filling up the DagBag from /home/anhtupham99/NBA-analytics/py_env/lib/python3.11/site-packages/airflow/example_dags/tutorial_taskflow_templates.py
[2025-04-16T00:30:46.950+0700] {processor.py:925} INFO - DAG(s) 'tutorial_taskflow_templates' retrieved from /home/anhtupham99/NBA-analytics/py_env/lib/python3.11/site-packages/airflow/example_dags/tutorial_taskflow_templates.py
[2025-04-16T00:30:46.961+0700] {logging_mixin.py:190} INFO - [2025-04-16T00:30:46.961+0700] {dag.py:3239} INFO - Sync 1 DAGs
[2025-04-16T00:30:46.977+0700] {logging_mixin.py:190} INFO - [2025-04-16T00:30:46.977+0700] {dag.py:4180} INFO - Setting next_dagrun for tutorial_taskflow_templates to 2025-04-14 00:00:00+00:00, run_after=2025-04-15 00:00:00+00:00
[2025-04-16T00:30:47.001+0700] {processor.py:208} INFO - Processing /home/anhtupham99/NBA-analytics/py_env/lib/python3.11/site-packages/airflow/example_dags/tutorial_taskflow_templates.py took 0.066 seconds
[2025-04-16T00:31:54.849+0700] {processor.py:186} INFO - Started process (PID=372887) to work on /home/anhtupham99/NBA-analytics/py_env/lib/python3.11/site-packages/airflow/example_dags/tutorial_taskflow_templates.py
[2025-04-16T00:31:54.851+0700] {processor.py:914} INFO - Processing file /home/anhtupham99/NBA-analytics/py_env/lib/python3.11/site-packages/airflow/example_dags/tutorial_taskflow_templates.py for tasks to queue
[2025-04-16T00:31:54.852+0700] {logging_mixin.py:190} INFO - [2025-04-16T00:31:54.852+0700] {dagbag.py:588} INFO - Filling up the DagBag from /home/anhtupham99/NBA-analytics/py_env/lib/python3.11/site-packages/airflow/example_dags/tutorial_taskflow_templates.py
[2025-04-16T00:31:54.862+0700] {processor.py:925} INFO - DAG(s) 'tutorial_taskflow_templates' retrieved from /home/anhtupham99/NBA-analytics/py_env/lib/python3.11/site-packages/airflow/example_dags/tutorial_taskflow_templates.py
[2025-04-16T00:31:54.873+0700] {logging_mixin.py:190} INFO - [2025-04-16T00:31:54.873+0700] {dag.py:3239} INFO - Sync 1 DAGs
[2025-04-16T00:31:54.888+0700] {logging_mixin.py:190} INFO - [2025-04-16T00:31:54.888+0700] {dag.py:4180} INFO - Setting next_dagrun for tutorial_taskflow_templates to 2025-04-14 00:00:00+00:00, run_after=2025-04-15 00:00:00+00:00
[2025-04-16T00:31:54.910+0700] {processor.py:208} INFO - Processing /home/anhtupham99/NBA-analytics/py_env/lib/python3.11/site-packages/airflow/example_dags/tutorial_taskflow_templates.py took 0.065 seconds
[2025-04-16T00:33:04.088+0700] {processor.py:186} INFO - Started process (PID=374604) to work on /home/anhtupham99/NBA-analytics/py_env/lib/python3.11/site-packages/airflow/example_dags/tutorial_taskflow_templates.py
[2025-04-16T00:33:04.089+0700] {processor.py:914} INFO - Processing file /home/anhtupham99/NBA-analytics/py_env/lib/python3.11/site-packages/airflow/example_dags/tutorial_taskflow_templates.py for tasks to queue
[2025-04-16T00:33:04.091+0700] {logging_mixin.py:190} INFO - [2025-04-16T00:33:04.091+0700] {dagbag.py:588} INFO - Filling up the DagBag from /home/anhtupham99/NBA-analytics/py_env/lib/python3.11/site-packages/airflow/example_dags/tutorial_taskflow_templates.py
[2025-04-16T00:33:04.102+0700] {processor.py:925} INFO - DAG(s) 'tutorial_taskflow_templates' retrieved from /home/anhtupham99/NBA-analytics/py_env/lib/python3.11/site-packages/airflow/example_dags/tutorial_taskflow_templates.py
[2025-04-16T00:33:04.114+0700] {logging_mixin.py:190} INFO - [2025-04-16T00:33:04.114+0700] {dag.py:3239} INFO - Sync 1 DAGs
[2025-04-16T00:33:04.130+0700] {logging_mixin.py:190} INFO - [2025-04-16T00:33:04.130+0700] {dag.py:4180} INFO - Setting next_dagrun for tutorial_taskflow_templates to 2025-04-14 00:00:00+00:00, run_after=2025-04-15 00:00:00+00:00
[2025-04-16T00:33:04.153+0700] {processor.py:208} INFO - Processing /home/anhtupham99/NBA-analytics/py_env/lib/python3.11/site-packages/airflow/example_dags/tutorial_taskflow_templates.py took 0.070 seconds
[2025-04-16T00:34:17.013+0700] {processor.py:186} INFO - Started process (PID=376243) to work on /home/anhtupham99/NBA-analytics/py_env/lib/python3.11/site-packages/airflow/example_dags/tutorial_taskflow_templates.py
[2025-04-16T00:34:17.017+0700] {processor.py:914} INFO - Processing file /home/anhtupham99/NBA-analytics/py_env/lib/python3.11/site-packages/airflow/example_dags/tutorial_taskflow_templates.py for tasks to queue
[2025-04-16T00:34:17.019+0700] {logging_mixin.py:190} INFO - [2025-04-16T00:34:17.019+0700] {dagbag.py:588} INFO - Filling up the DagBag from /home/anhtupham99/NBA-analytics/py_env/lib/python3.11/site-packages/airflow/example_dags/tutorial_taskflow_templates.py
[2025-04-16T00:34:17.029+0700] {processor.py:925} INFO - DAG(s) 'tutorial_taskflow_templates' retrieved from /home/anhtupham99/NBA-analytics/py_env/lib/python3.11/site-packages/airflow/example_dags/tutorial_taskflow_templates.py
[2025-04-16T00:34:17.040+0700] {logging_mixin.py:190} INFO - [2025-04-16T00:34:17.040+0700] {dag.py:3239} INFO - Sync 1 DAGs
[2025-04-16T00:34:17.059+0700] {logging_mixin.py:190} INFO - [2025-04-16T00:34:17.059+0700] {dag.py:4180} INFO - Setting next_dagrun for tutorial_taskflow_templates to 2025-04-14 00:00:00+00:00, run_after=2025-04-15 00:00:00+00:00
[2025-04-16T00:34:17.082+0700] {processor.py:208} INFO - Processing /home/anhtupham99/NBA-analytics/py_env/lib/python3.11/site-packages/airflow/example_dags/tutorial_taskflow_templates.py took 0.073 seconds
[2025-04-16T00:35:25.817+0700] {processor.py:186} INFO - Started process (PID=378022) to work on /home/anhtupham99/NBA-analytics/py_env/lib/python3.11/site-packages/airflow/example_dags/tutorial_taskflow_templates.py
[2025-04-16T00:35:25.818+0700] {processor.py:914} INFO - Processing file /home/anhtupham99/NBA-analytics/py_env/lib/python3.11/site-packages/airflow/example_dags/tutorial_taskflow_templates.py for tasks to queue
[2025-04-16T00:35:25.820+0700] {logging_mixin.py:190} INFO - [2025-04-16T00:35:25.819+0700] {dagbag.py:588} INFO - Filling up the DagBag from /home/anhtupham99/NBA-analytics/py_env/lib/python3.11/site-packages/airflow/example_dags/tutorial_taskflow_templates.py
[2025-04-16T00:35:25.829+0700] {processor.py:925} INFO - DAG(s) 'tutorial_taskflow_templates' retrieved from /home/anhtupham99/NBA-analytics/py_env/lib/python3.11/site-packages/airflow/example_dags/tutorial_taskflow_templates.py
[2025-04-16T00:35:25.840+0700] {logging_mixin.py:190} INFO - [2025-04-16T00:35:25.840+0700] {dag.py:3239} INFO - Sync 1 DAGs
[2025-04-16T00:35:25.854+0700] {logging_mixin.py:190} INFO - [2025-04-16T00:35:25.854+0700] {dag.py:4180} INFO - Setting next_dagrun for tutorial_taskflow_templates to 2025-04-14 00:00:00+00:00, run_after=2025-04-15 00:00:00+00:00
[2025-04-16T00:35:25.876+0700] {processor.py:208} INFO - Processing /home/anhtupham99/NBA-analytics/py_env/lib/python3.11/site-packages/airflow/example_dags/tutorial_taskflow_templates.py took 0.064 seconds
[2025-04-16T00:36:36.665+0700] {processor.py:186} INFO - Started process (PID=379767) to work on /home/anhtupham99/NBA-analytics/py_env/lib/python3.11/site-packages/airflow/example_dags/tutorial_taskflow_templates.py
[2025-04-16T00:36:36.666+0700] {processor.py:914} INFO - Processing file /home/anhtupham99/NBA-analytics/py_env/lib/python3.11/site-packages/airflow/example_dags/tutorial_taskflow_templates.py for tasks to queue
[2025-04-16T00:36:36.668+0700] {logging_mixin.py:190} INFO - [2025-04-16T00:36:36.668+0700] {dagbag.py:588} INFO - Filling up the DagBag from /home/anhtupham99/NBA-analytics/py_env/lib/python3.11/site-packages/airflow/example_dags/tutorial_taskflow_templates.py
[2025-04-16T00:36:36.679+0700] {processor.py:925} INFO - DAG(s) 'tutorial_taskflow_templates' retrieved from /home/anhtupham99/NBA-analytics/py_env/lib/python3.11/site-packages/airflow/example_dags/tutorial_taskflow_templates.py
[2025-04-16T00:36:36.691+0700] {logging_mixin.py:190} INFO - [2025-04-16T00:36:36.691+0700] {dag.py:3239} INFO - Sync 1 DAGs
[2025-04-16T00:36:36.707+0700] {logging_mixin.py:190} INFO - [2025-04-16T00:36:36.707+0700] {dag.py:4180} INFO - Setting next_dagrun for tutorial_taskflow_templates to 2025-04-14 00:00:00+00:00, run_after=2025-04-15 00:00:00+00:00
[2025-04-16T00:36:36.732+0700] {processor.py:208} INFO - Processing /home/anhtupham99/NBA-analytics/py_env/lib/python3.11/site-packages/airflow/example_dags/tutorial_taskflow_templates.py took 0.071 seconds
[2025-04-16T00:37:45.879+0700] {processor.py:186} INFO - Started process (PID=381697) to work on /home/anhtupham99/NBA-analytics/py_env/lib/python3.11/site-packages/airflow/example_dags/tutorial_taskflow_templates.py
[2025-04-16T00:37:45.880+0700] {processor.py:914} INFO - Processing file /home/anhtupham99/NBA-analytics/py_env/lib/python3.11/site-packages/airflow/example_dags/tutorial_taskflow_templates.py for tasks to queue
[2025-04-16T00:37:45.883+0700] {logging_mixin.py:190} INFO - [2025-04-16T00:37:45.882+0700] {dagbag.py:588} INFO - Filling up the DagBag from /home/anhtupham99/NBA-analytics/py_env/lib/python3.11/site-packages/airflow/example_dags/tutorial_taskflow_templates.py
[2025-04-16T00:37:45.899+0700] {processor.py:925} INFO - DAG(s) 'tutorial_taskflow_templates' retrieved from /home/anhtupham99/NBA-analytics/py_env/lib/python3.11/site-packages/airflow/example_dags/tutorial_taskflow_templates.py
[2025-04-16T00:37:45.917+0700] {logging_mixin.py:190} INFO - [2025-04-16T00:37:45.917+0700] {dag.py:3239} INFO - Sync 1 DAGs
[2025-04-16T00:37:45.942+0700] {logging_mixin.py:190} INFO - [2025-04-16T00:37:45.941+0700] {dag.py:4180} INFO - Setting next_dagrun for tutorial_taskflow_templates to 2025-04-14 00:00:00+00:00, run_after=2025-04-15 00:00:00+00:00
[2025-04-16T00:37:45.971+0700] {processor.py:208} INFO - Processing /home/anhtupham99/NBA-analytics/py_env/lib/python3.11/site-packages/airflow/example_dags/tutorial_taskflow_templates.py took 0.099 seconds
