[2025-04-15T23:47:14.069+0700] {processor.py:186} INFO - Started process (PID=298377) to work on /home/anhtupham99/NBA-analytics/py_env/lib/python3.11/site-packages/airflow/example_dags/tutorial_objectstorage.py
[2025-04-15T23:47:14.070+0700] {processor.py:914} INFO - Processing file /home/anhtupham99/NBA-analytics/py_env/lib/python3.11/site-packages/airflow/example_dags/tutorial_objectstorage.py for tasks to queue
[2025-04-15T23:47:14.073+0700] {logging_mixin.py:190} INFO - [2025-04-15T23:47:14.073+0700] {dagbag.py:588} INFO - Filling up the DagBag from /home/anhtupham99/NBA-analytics/py_env/lib/python3.11/site-packages/airflow/example_dags/tutorial_objectstorage.py
[2025-04-15T23:47:14.087+0700] {processor.py:925} INFO - DAG(s) 'tutorial_objectstorage' retrieved from /home/anhtupham99/NBA-analytics/py_env/lib/python3.11/site-packages/airflow/example_dags/tutorial_objectstorage.py
[2025-04-15T23:47:14.194+0700] {logging_mixin.py:190} INFO - [2025-04-15T23:47:14.193+0700] {override.py:1912} INFO - Created Permission View: can delete on DAG:tutorial_objectstorage
[2025-04-15T23:47:14.212+0700] {logging_mixin.py:190} INFO - [2025-04-15T23:47:14.212+0700] {override.py:1912} INFO - Created Permission View: can edit on DAG:tutorial_objectstorage
[2025-04-15T23:47:14.233+0700] {logging_mixin.py:190} INFO - [2025-04-15T23:47:14.233+0700] {override.py:1912} INFO - Created Permission View: can read on DAG:tutorial_objectstorage
[2025-04-15T23:47:14.259+0700] {logging_mixin.py:190} INFO - [2025-04-15T23:47:14.258+0700] {override.py:1912} INFO - Created Permission View: can create on DAG Run:tutorial_objectstorage
[2025-04-15T23:47:14.276+0700] {logging_mixin.py:190} INFO - [2025-04-15T23:47:14.275+0700] {override.py:1912} INFO - Created Permission View: can delete on DAG Run:tutorial_objectstorage
[2025-04-15T23:47:14.292+0700] {logging_mixin.py:190} INFO - [2025-04-15T23:47:14.292+0700] {override.py:1912} INFO - Created Permission View: menu access on DAG Run:tutorial_objectstorage
[2025-04-15T23:47:14.307+0700] {logging_mixin.py:190} INFO - [2025-04-15T23:47:14.307+0700] {override.py:1912} INFO - Created Permission View: can read on DAG Run:tutorial_objectstorage
[2025-04-15T23:47:14.308+0700] {logging_mixin.py:190} INFO - [2025-04-15T23:47:14.308+0700] {dag.py:3239} INFO - Sync 1 DAGs
[2025-04-15T23:47:14.316+0700] {logging_mixin.py:190} INFO - [2025-04-15T23:47:14.316+0700] {dag.py:3262} INFO - Creating ORM DAG for tutorial_objectstorage
[2025-04-15T23:47:14.317+0700] {logging_mixin.py:190} INFO - [2025-04-15T23:47:14.317+0700] {dag.py:4180} INFO - Setting next_dagrun for tutorial_objectstorage to None, run_after=None
[2025-04-15T23:47:14.343+0700] {processor.py:208} INFO - Processing /home/anhtupham99/NBA-analytics/py_env/lib/python3.11/site-packages/airflow/example_dags/tutorial_objectstorage.py took 0.280 seconds
[2025-04-15T23:48:14.445+0700] {processor.py:186} INFO - Started process (PID=299751) to work on /home/anhtupham99/NBA-analytics/py_env/lib/python3.11/site-packages/airflow/example_dags/tutorial_objectstorage.py
[2025-04-15T23:48:14.448+0700] {processor.py:914} INFO - Processing file /home/anhtupham99/NBA-analytics/py_env/lib/python3.11/site-packages/airflow/example_dags/tutorial_objectstorage.py for tasks to queue
[2025-04-15T23:48:14.450+0700] {logging_mixin.py:190} INFO - [2025-04-15T23:48:14.450+0700] {dagbag.py:588} INFO - Filling up the DagBag from /home/anhtupham99/NBA-analytics/py_env/lib/python3.11/site-packages/airflow/example_dags/tutorial_objectstorage.py
[2025-04-15T23:48:14.458+0700] {processor.py:925} INFO - DAG(s) 'tutorial_objectstorage' retrieved from /home/anhtupham99/NBA-analytics/py_env/lib/python3.11/site-packages/airflow/example_dags/tutorial_objectstorage.py
[2025-04-15T23:48:14.471+0700] {logging_mixin.py:190} INFO - [2025-04-15T23:48:14.470+0700] {dag.py:3239} INFO - Sync 1 DAGs
[2025-04-15T23:48:14.480+0700] {logging_mixin.py:190} INFO - [2025-04-15T23:48:14.479+0700] {dag.py:4180} INFO - Setting next_dagrun for tutorial_objectstorage to None, run_after=None
[2025-04-15T23:48:14.503+0700] {processor.py:208} INFO - Processing /home/anhtupham99/NBA-analytics/py_env/lib/python3.11/site-packages/airflow/example_dags/tutorial_objectstorage.py took 0.063 seconds
[2025-04-15T23:49:07.641+0700] {processor.py:186} INFO - Started process (PID=300984) to work on /home/anhtupham99/NBA-analytics/py_env/lib/python3.11/site-packages/airflow/example_dags/tutorial_objectstorage.py
[2025-04-15T23:49:07.642+0700] {processor.py:914} INFO - Processing file /home/anhtupham99/NBA-analytics/py_env/lib/python3.11/site-packages/airflow/example_dags/tutorial_objectstorage.py for tasks to queue
[2025-04-15T23:49:07.645+0700] {logging_mixin.py:190} INFO - [2025-04-15T23:49:07.644+0700] {dagbag.py:588} INFO - Filling up the DagBag from /home/anhtupham99/NBA-analytics/py_env/lib/python3.11/site-packages/airflow/example_dags/tutorial_objectstorage.py
[2025-04-15T23:49:07.656+0700] {processor.py:925} INFO - DAG(s) 'tutorial_objectstorage' retrieved from /home/anhtupham99/NBA-analytics/py_env/lib/python3.11/site-packages/airflow/example_dags/tutorial_objectstorage.py
[2025-04-15T23:49:07.673+0700] {logging_mixin.py:190} INFO - [2025-04-15T23:49:07.673+0700] {dag.py:3239} INFO - Sync 1 DAGs
[2025-04-15T23:49:07.684+0700] {logging_mixin.py:190} INFO - [2025-04-15T23:49:07.684+0700] {dag.py:4180} INFO - Setting next_dagrun for tutorial_objectstorage to None, run_after=None
[2025-04-15T23:49:07.713+0700] {processor.py:208} INFO - Processing /home/anhtupham99/NBA-analytics/py_env/lib/python3.11/site-packages/airflow/example_dags/tutorial_objectstorage.py took 0.079 seconds
[2025-04-15T23:50:00.463+0700] {processor.py:186} INFO - Started process (PID=302096) to work on /home/anhtupham99/NBA-analytics/py_env/lib/python3.11/site-packages/airflow/example_dags/tutorial_objectstorage.py
[2025-04-15T23:50:00.464+0700] {processor.py:914} INFO - Processing file /home/anhtupham99/NBA-analytics/py_env/lib/python3.11/site-packages/airflow/example_dags/tutorial_objectstorage.py for tasks to queue
[2025-04-15T23:50:00.466+0700] {logging_mixin.py:190} INFO - [2025-04-15T23:50:00.466+0700] {dagbag.py:588} INFO - Filling up the DagBag from /home/anhtupham99/NBA-analytics/py_env/lib/python3.11/site-packages/airflow/example_dags/tutorial_objectstorage.py
[2025-04-15T23:50:00.474+0700] {processor.py:925} INFO - DAG(s) 'tutorial_objectstorage' retrieved from /home/anhtupham99/NBA-analytics/py_env/lib/python3.11/site-packages/airflow/example_dags/tutorial_objectstorage.py
[2025-04-15T23:50:00.484+0700] {logging_mixin.py:190} INFO - [2025-04-15T23:50:00.484+0700] {dag.py:3239} INFO - Sync 1 DAGs
[2025-04-15T23:50:00.492+0700] {logging_mixin.py:190} INFO - [2025-04-15T23:50:00.492+0700] {dag.py:4180} INFO - Setting next_dagrun for tutorial_objectstorage to None, run_after=None
[2025-04-15T23:50:00.516+0700] {processor.py:208} INFO - Processing /home/anhtupham99/NBA-analytics/py_env/lib/python3.11/site-packages/airflow/example_dags/tutorial_objectstorage.py took 0.057 seconds
[2025-04-15T23:50:54.340+0700] {processor.py:186} INFO - Started process (PID=303177) to work on /home/anhtupham99/NBA-analytics/py_env/lib/python3.11/site-packages/airflow/example_dags/tutorial_objectstorage.py
[2025-04-15T23:50:54.341+0700] {processor.py:914} INFO - Processing file /home/anhtupham99/NBA-analytics/py_env/lib/python3.11/site-packages/airflow/example_dags/tutorial_objectstorage.py for tasks to queue
[2025-04-15T23:50:54.343+0700] {logging_mixin.py:190} INFO - [2025-04-15T23:50:54.342+0700] {dagbag.py:588} INFO - Filling up the DagBag from /home/anhtupham99/NBA-analytics/py_env/lib/python3.11/site-packages/airflow/example_dags/tutorial_objectstorage.py
[2025-04-15T23:50:54.444+0700] {processor.py:925} INFO - DAG(s) 'tutorial_objectstorage' retrieved from /home/anhtupham99/NBA-analytics/py_env/lib/python3.11/site-packages/airflow/example_dags/tutorial_objectstorage.py
[2025-04-15T23:50:54.453+0700] {logging_mixin.py:190} INFO - [2025-04-15T23:50:54.453+0700] {dag.py:3239} INFO - Sync 1 DAGs
[2025-04-15T23:50:54.461+0700] {logging_mixin.py:190} INFO - [2025-04-15T23:50:54.460+0700] {dag.py:4180} INFO - Setting next_dagrun for tutorial_objectstorage to None, run_after=None
[2025-04-15T23:50:54.482+0700] {processor.py:208} INFO - Processing /home/anhtupham99/NBA-analytics/py_env/lib/python3.11/site-packages/airflow/example_dags/tutorial_objectstorage.py took 0.147 seconds
[2025-04-15T23:51:45.773+0700] {processor.py:186} INFO - Started process (PID=304175) to work on /home/anhtupham99/NBA-analytics/py_env/lib/python3.11/site-packages/airflow/example_dags/tutorial_objectstorage.py
[2025-04-15T23:51:45.774+0700] {processor.py:914} INFO - Processing file /home/anhtupham99/NBA-analytics/py_env/lib/python3.11/site-packages/airflow/example_dags/tutorial_objectstorage.py for tasks to queue
[2025-04-15T23:51:45.776+0700] {logging_mixin.py:190} INFO - [2025-04-15T23:51:45.776+0700] {dagbag.py:588} INFO - Filling up the DagBag from /home/anhtupham99/NBA-analytics/py_env/lib/python3.11/site-packages/airflow/example_dags/tutorial_objectstorage.py
[2025-04-15T23:51:45.783+0700] {processor.py:925} INFO - DAG(s) 'tutorial_objectstorage' retrieved from /home/anhtupham99/NBA-analytics/py_env/lib/python3.11/site-packages/airflow/example_dags/tutorial_objectstorage.py
[2025-04-15T23:51:45.794+0700] {logging_mixin.py:190} INFO - [2025-04-15T23:51:45.794+0700] {dag.py:3239} INFO - Sync 1 DAGs
[2025-04-15T23:51:45.803+0700] {logging_mixin.py:190} INFO - [2025-04-15T23:51:45.802+0700] {dag.py:4180} INFO - Setting next_dagrun for tutorial_objectstorage to None, run_after=None
[2025-04-15T23:51:45.827+0700] {processor.py:208} INFO - Processing /home/anhtupham99/NBA-analytics/py_env/lib/python3.11/site-packages/airflow/example_dags/tutorial_objectstorage.py took 0.058 seconds
[2025-04-15T23:52:55.675+0700] {processor.py:186} INFO - Started process (PID=305566) to work on /home/anhtupham99/NBA-analytics/py_env/lib/python3.11/site-packages/airflow/example_dags/tutorial_objectstorage.py
[2025-04-15T23:52:55.676+0700] {processor.py:914} INFO - Processing file /home/anhtupham99/NBA-analytics/py_env/lib/python3.11/site-packages/airflow/example_dags/tutorial_objectstorage.py for tasks to queue
[2025-04-15T23:52:55.677+0700] {logging_mixin.py:190} INFO - [2025-04-15T23:52:55.677+0700] {dagbag.py:588} INFO - Filling up the DagBag from /home/anhtupham99/NBA-analytics/py_env/lib/python3.11/site-packages/airflow/example_dags/tutorial_objectstorage.py
[2025-04-15T23:52:55.685+0700] {processor.py:925} INFO - DAG(s) 'tutorial_objectstorage' retrieved from /home/anhtupham99/NBA-analytics/py_env/lib/python3.11/site-packages/airflow/example_dags/tutorial_objectstorage.py
[2025-04-15T23:52:55.695+0700] {logging_mixin.py:190} INFO - [2025-04-15T23:52:55.695+0700] {dag.py:3239} INFO - Sync 1 DAGs
[2025-04-15T23:52:55.703+0700] {logging_mixin.py:190} INFO - [2025-04-15T23:52:55.703+0700] {dag.py:4180} INFO - Setting next_dagrun for tutorial_objectstorage to None, run_after=None
[2025-04-15T23:52:55.726+0700] {processor.py:208} INFO - Processing /home/anhtupham99/NBA-analytics/py_env/lib/python3.11/site-packages/airflow/example_dags/tutorial_objectstorage.py took 0.056 seconds
[2025-04-15T23:53:43.248+0700] {processor.py:186} INFO - Started process (PID=306440) to work on /home/anhtupham99/NBA-analytics/py_env/lib/python3.11/site-packages/airflow/example_dags/tutorial_objectstorage.py
[2025-04-15T23:53:43.249+0700] {processor.py:914} INFO - Processing file /home/anhtupham99/NBA-analytics/py_env/lib/python3.11/site-packages/airflow/example_dags/tutorial_objectstorage.py for tasks to queue
[2025-04-15T23:53:43.251+0700] {logging_mixin.py:190} INFO - [2025-04-15T23:53:43.251+0700] {dagbag.py:588} INFO - Filling up the DagBag from /home/anhtupham99/NBA-analytics/py_env/lib/python3.11/site-packages/airflow/example_dags/tutorial_objectstorage.py
[2025-04-15T23:53:43.260+0700] {processor.py:925} INFO - DAG(s) 'tutorial_objectstorage' retrieved from /home/anhtupham99/NBA-analytics/py_env/lib/python3.11/site-packages/airflow/example_dags/tutorial_objectstorage.py
[2025-04-15T23:53:43.273+0700] {logging_mixin.py:190} INFO - [2025-04-15T23:53:43.273+0700] {dag.py:3239} INFO - Sync 1 DAGs
[2025-04-15T23:53:43.282+0700] {logging_mixin.py:190} INFO - [2025-04-15T23:53:43.282+0700] {dag.py:4180} INFO - Setting next_dagrun for tutorial_objectstorage to None, run_after=None
[2025-04-15T23:53:43.307+0700] {processor.py:208} INFO - Processing /home/anhtupham99/NBA-analytics/py_env/lib/python3.11/site-packages/airflow/example_dags/tutorial_objectstorage.py took 0.064 seconds
[2025-04-15T23:54:52.547+0700] {processor.py:186} INFO - Started process (PID=307816) to work on /home/anhtupham99/NBA-analytics/py_env/lib/python3.11/site-packages/airflow/example_dags/tutorial_objectstorage.py
[2025-04-15T23:54:52.549+0700] {processor.py:914} INFO - Processing file /home/anhtupham99/NBA-analytics/py_env/lib/python3.11/site-packages/airflow/example_dags/tutorial_objectstorage.py for tasks to queue
[2025-04-15T23:54:52.551+0700] {logging_mixin.py:190} INFO - [2025-04-15T23:54:52.550+0700] {dagbag.py:588} INFO - Filling up the DagBag from /home/anhtupham99/NBA-analytics/py_env/lib/python3.11/site-packages/airflow/example_dags/tutorial_objectstorage.py
[2025-04-15T23:54:52.560+0700] {processor.py:925} INFO - DAG(s) 'tutorial_objectstorage' retrieved from /home/anhtupham99/NBA-analytics/py_env/lib/python3.11/site-packages/airflow/example_dags/tutorial_objectstorage.py
[2025-04-15T23:54:52.574+0700] {logging_mixin.py:190} INFO - [2025-04-15T23:54:52.573+0700] {dag.py:3239} INFO - Sync 1 DAGs
[2025-04-15T23:54:52.584+0700] {logging_mixin.py:190} INFO - [2025-04-15T23:54:52.584+0700] {dag.py:4180} INFO - Setting next_dagrun for tutorial_objectstorage to None, run_after=None
[2025-04-15T23:54:52.611+0700] {processor.py:208} INFO - Processing /home/anhtupham99/NBA-analytics/py_env/lib/python3.11/site-packages/airflow/example_dags/tutorial_objectstorage.py took 0.068 seconds
[2025-04-15T23:55:43.214+0700] {processor.py:186} INFO - Started process (PID=310236) to work on /home/anhtupham99/NBA-analytics/py_env/lib/python3.11/site-packages/airflow/example_dags/tutorial_objectstorage.py
[2025-04-15T23:55:43.215+0700] {processor.py:914} INFO - Processing file /home/anhtupham99/NBA-analytics/py_env/lib/python3.11/site-packages/airflow/example_dags/tutorial_objectstorage.py for tasks to queue
[2025-04-15T23:55:43.222+0700] {logging_mixin.py:190} INFO - [2025-04-15T23:55:43.221+0700] {dagbag.py:588} INFO - Filling up the DagBag from /home/anhtupham99/NBA-analytics/py_env/lib/python3.11/site-packages/airflow/example_dags/tutorial_objectstorage.py
[2025-04-15T23:55:43.246+0700] {processor.py:925} INFO - DAG(s) 'tutorial_objectstorage' retrieved from /home/anhtupham99/NBA-analytics/py_env/lib/python3.11/site-packages/airflow/example_dags/tutorial_objectstorage.py
[2025-04-15T23:55:43.265+0700] {logging_mixin.py:190} INFO - [2025-04-15T23:55:43.264+0700] {dag.py:3239} INFO - Sync 1 DAGs
[2025-04-15T23:55:43.282+0700] {logging_mixin.py:190} INFO - [2025-04-15T23:55:43.282+0700] {dag.py:4180} INFO - Setting next_dagrun for tutorial_objectstorage to None, run_after=None
[2025-04-15T23:55:43.338+0700] {processor.py:208} INFO - Processing /home/anhtupham99/NBA-analytics/py_env/lib/python3.11/site-packages/airflow/example_dags/tutorial_objectstorage.py took 0.137 seconds
[2025-04-15T23:56:35.386+0700] {processor.py:186} INFO - Started process (PID=311880) to work on /home/anhtupham99/NBA-analytics/py_env/lib/python3.11/site-packages/airflow/example_dags/tutorial_objectstorage.py
[2025-04-15T23:56:35.387+0700] {processor.py:914} INFO - Processing file /home/anhtupham99/NBA-analytics/py_env/lib/python3.11/site-packages/airflow/example_dags/tutorial_objectstorage.py for tasks to queue
[2025-04-15T23:56:35.389+0700] {logging_mixin.py:190} INFO - [2025-04-15T23:56:35.388+0700] {dagbag.py:588} INFO - Filling up the DagBag from /home/anhtupham99/NBA-analytics/py_env/lib/python3.11/site-packages/airflow/example_dags/tutorial_objectstorage.py
[2025-04-15T23:56:35.395+0700] {processor.py:925} INFO - DAG(s) 'tutorial_objectstorage' retrieved from /home/anhtupham99/NBA-analytics/py_env/lib/python3.11/site-packages/airflow/example_dags/tutorial_objectstorage.py
[2025-04-15T23:56:35.406+0700] {logging_mixin.py:190} INFO - [2025-04-15T23:56:35.406+0700] {dag.py:3239} INFO - Sync 1 DAGs
[2025-04-15T23:56:35.414+0700] {logging_mixin.py:190} INFO - [2025-04-15T23:56:35.414+0700] {dag.py:4180} INFO - Setting next_dagrun for tutorial_objectstorage to None, run_after=None
[2025-04-15T23:56:35.442+0700] {processor.py:208} INFO - Processing /home/anhtupham99/NBA-analytics/py_env/lib/python3.11/site-packages/airflow/example_dags/tutorial_objectstorage.py took 0.061 seconds
[2025-04-15T23:57:46.446+0700] {processor.py:186} INFO - Started process (PID=313224) to work on /home/anhtupham99/NBA-analytics/py_env/lib/python3.11/site-packages/airflow/example_dags/tutorial_objectstorage.py
[2025-04-15T23:57:46.448+0700] {processor.py:914} INFO - Processing file /home/anhtupham99/NBA-analytics/py_env/lib/python3.11/site-packages/airflow/example_dags/tutorial_objectstorage.py for tasks to queue
[2025-04-15T23:57:46.450+0700] {logging_mixin.py:190} INFO - [2025-04-15T23:57:46.449+0700] {dagbag.py:588} INFO - Filling up the DagBag from /home/anhtupham99/NBA-analytics/py_env/lib/python3.11/site-packages/airflow/example_dags/tutorial_objectstorage.py
[2025-04-15T23:57:46.457+0700] {processor.py:925} INFO - DAG(s) 'tutorial_objectstorage' retrieved from /home/anhtupham99/NBA-analytics/py_env/lib/python3.11/site-packages/airflow/example_dags/tutorial_objectstorage.py
[2025-04-15T23:57:46.468+0700] {logging_mixin.py:190} INFO - [2025-04-15T23:57:46.467+0700] {dag.py:3239} INFO - Sync 1 DAGs
[2025-04-15T23:57:46.475+0700] {logging_mixin.py:190} INFO - [2025-04-15T23:57:46.475+0700] {dag.py:4180} INFO - Setting next_dagrun for tutorial_objectstorage to None, run_after=None
[2025-04-15T23:57:46.499+0700] {processor.py:208} INFO - Processing /home/anhtupham99/NBA-analytics/py_env/lib/python3.11/site-packages/airflow/example_dags/tutorial_objectstorage.py took 0.058 seconds
[2025-04-15T23:58:37.108+0700] {processor.py:186} INFO - Started process (PID=314185) to work on /home/anhtupham99/NBA-analytics/py_env/lib/python3.11/site-packages/airflow/example_dags/tutorial_objectstorage.py
[2025-04-15T23:58:37.111+0700] {processor.py:914} INFO - Processing file /home/anhtupham99/NBA-analytics/py_env/lib/python3.11/site-packages/airflow/example_dags/tutorial_objectstorage.py for tasks to queue
[2025-04-15T23:58:37.114+0700] {logging_mixin.py:190} INFO - [2025-04-15T23:58:37.113+0700] {dagbag.py:588} INFO - Filling up the DagBag from /home/anhtupham99/NBA-analytics/py_env/lib/python3.11/site-packages/airflow/example_dags/tutorial_objectstorage.py
[2025-04-15T23:58:37.124+0700] {processor.py:925} INFO - DAG(s) 'tutorial_objectstorage' retrieved from /home/anhtupham99/NBA-analytics/py_env/lib/python3.11/site-packages/airflow/example_dags/tutorial_objectstorage.py
[2025-04-15T23:58:37.139+0700] {logging_mixin.py:190} INFO - [2025-04-15T23:58:37.139+0700] {dag.py:3239} INFO - Sync 1 DAGs
[2025-04-15T23:58:37.149+0700] {logging_mixin.py:190} INFO - [2025-04-15T23:58:37.149+0700] {dag.py:4180} INFO - Setting next_dagrun for tutorial_objectstorage to None, run_after=None
[2025-04-15T23:58:37.177+0700] {processor.py:208} INFO - Processing /home/anhtupham99/NBA-analytics/py_env/lib/python3.11/site-packages/airflow/example_dags/tutorial_objectstorage.py took 0.074 seconds
[2025-04-15T23:59:48.486+0700] {processor.py:186} INFO - Started process (PID=315645) to work on /home/anhtupham99/NBA-analytics/py_env/lib/python3.11/site-packages/airflow/example_dags/tutorial_objectstorage.py
[2025-04-15T23:59:48.487+0700] {processor.py:914} INFO - Processing file /home/anhtupham99/NBA-analytics/py_env/lib/python3.11/site-packages/airflow/example_dags/tutorial_objectstorage.py for tasks to queue
[2025-04-15T23:59:48.488+0700] {logging_mixin.py:190} INFO - [2025-04-15T23:59:48.488+0700] {dagbag.py:588} INFO - Filling up the DagBag from /home/anhtupham99/NBA-analytics/py_env/lib/python3.11/site-packages/airflow/example_dags/tutorial_objectstorage.py
[2025-04-15T23:59:48.496+0700] {processor.py:925} INFO - DAG(s) 'tutorial_objectstorage' retrieved from /home/anhtupham99/NBA-analytics/py_env/lib/python3.11/site-packages/airflow/example_dags/tutorial_objectstorage.py
[2025-04-15T23:59:48.506+0700] {logging_mixin.py:190} INFO - [2025-04-15T23:59:48.505+0700] {dag.py:3239} INFO - Sync 1 DAGs
[2025-04-15T23:59:48.514+0700] {logging_mixin.py:190} INFO - [2025-04-15T23:59:48.514+0700] {dag.py:4180} INFO - Setting next_dagrun for tutorial_objectstorage to None, run_after=None
[2025-04-15T23:59:48.537+0700] {processor.py:208} INFO - Processing /home/anhtupham99/NBA-analytics/py_env/lib/python3.11/site-packages/airflow/example_dags/tutorial_objectstorage.py took 0.056 seconds
[2025-04-16T00:00:37.305+0700] {processor.py:186} INFO - Started process (PID=316762) to work on /home/anhtupham99/NBA-analytics/py_env/lib/python3.11/site-packages/airflow/example_dags/tutorial_objectstorage.py
[2025-04-16T00:00:37.306+0700] {processor.py:914} INFO - Processing file /home/anhtupham99/NBA-analytics/py_env/lib/python3.11/site-packages/airflow/example_dags/tutorial_objectstorage.py for tasks to queue
[2025-04-16T00:00:37.308+0700] {logging_mixin.py:190} INFO - [2025-04-16T00:00:37.308+0700] {dagbag.py:588} INFO - Filling up the DagBag from /home/anhtupham99/NBA-analytics/py_env/lib/python3.11/site-packages/airflow/example_dags/tutorial_objectstorage.py
[2025-04-16T00:00:37.316+0700] {processor.py:925} INFO - DAG(s) 'tutorial_objectstorage' retrieved from /home/anhtupham99/NBA-analytics/py_env/lib/python3.11/site-packages/airflow/example_dags/tutorial_objectstorage.py
[2025-04-16T00:00:37.327+0700] {logging_mixin.py:190} INFO - [2025-04-16T00:00:37.327+0700] {dag.py:3239} INFO - Sync 1 DAGs
[2025-04-16T00:00:37.335+0700] {logging_mixin.py:190} INFO - [2025-04-16T00:00:37.335+0700] {dag.py:4180} INFO - Setting next_dagrun for tutorial_objectstorage to None, run_after=None
[2025-04-16T00:00:37.359+0700] {processor.py:208} INFO - Processing /home/anhtupham99/NBA-analytics/py_env/lib/python3.11/site-packages/airflow/example_dags/tutorial_objectstorage.py took 0.059 seconds
[2025-04-16T00:01:48.035+0700] {processor.py:186} INFO - Started process (PID=318053) to work on /home/anhtupham99/NBA-analytics/py_env/lib/python3.11/site-packages/airflow/example_dags/tutorial_objectstorage.py
[2025-04-16T00:01:48.036+0700] {processor.py:914} INFO - Processing file /home/anhtupham99/NBA-analytics/py_env/lib/python3.11/site-packages/airflow/example_dags/tutorial_objectstorage.py for tasks to queue
[2025-04-16T00:01:48.038+0700] {logging_mixin.py:190} INFO - [2025-04-16T00:01:48.038+0700] {dagbag.py:588} INFO - Filling up the DagBag from /home/anhtupham99/NBA-analytics/py_env/lib/python3.11/site-packages/airflow/example_dags/tutorial_objectstorage.py
[2025-04-16T00:01:48.046+0700] {processor.py:925} INFO - DAG(s) 'tutorial_objectstorage' retrieved from /home/anhtupham99/NBA-analytics/py_env/lib/python3.11/site-packages/airflow/example_dags/tutorial_objectstorage.py
[2025-04-16T00:01:48.057+0700] {logging_mixin.py:190} INFO - [2025-04-16T00:01:48.057+0700] {dag.py:3239} INFO - Sync 1 DAGs
[2025-04-16T00:01:48.067+0700] {logging_mixin.py:190} INFO - [2025-04-16T00:01:48.067+0700] {dag.py:4180} INFO - Setting next_dagrun for tutorial_objectstorage to None, run_after=None
[2025-04-16T00:01:48.091+0700] {processor.py:208} INFO - Processing /home/anhtupham99/NBA-analytics/py_env/lib/python3.11/site-packages/airflow/example_dags/tutorial_objectstorage.py took 0.061 seconds
[2025-04-16T00:02:53.044+0700] {processor.py:186} INFO - Started process (PID=319296) to work on /home/anhtupham99/NBA-analytics/py_env/lib/python3.11/site-packages/airflow/example_dags/tutorial_objectstorage.py
[2025-04-16T00:02:53.045+0700] {processor.py:914} INFO - Processing file /home/anhtupham99/NBA-analytics/py_env/lib/python3.11/site-packages/airflow/example_dags/tutorial_objectstorage.py for tasks to queue
[2025-04-16T00:02:53.046+0700] {logging_mixin.py:190} INFO - [2025-04-16T00:02:53.046+0700] {dagbag.py:588} INFO - Filling up the DagBag from /home/anhtupham99/NBA-analytics/py_env/lib/python3.11/site-packages/airflow/example_dags/tutorial_objectstorage.py
[2025-04-16T00:02:53.054+0700] {processor.py:925} INFO - DAG(s) 'tutorial_objectstorage' retrieved from /home/anhtupham99/NBA-analytics/py_env/lib/python3.11/site-packages/airflow/example_dags/tutorial_objectstorage.py
[2025-04-16T00:02:53.064+0700] {logging_mixin.py:190} INFO - [2025-04-16T00:02:53.064+0700] {dag.py:3239} INFO - Sync 1 DAGs
[2025-04-16T00:02:53.072+0700] {logging_mixin.py:190} INFO - [2025-04-16T00:02:53.072+0700] {dag.py:4180} INFO - Setting next_dagrun for tutorial_objectstorage to None, run_after=None
[2025-04-16T00:02:53.095+0700] {processor.py:208} INFO - Processing /home/anhtupham99/NBA-analytics/py_env/lib/python3.11/site-packages/airflow/example_dags/tutorial_objectstorage.py took 0.056 seconds
[2025-04-16T00:04:01.149+0700] {processor.py:186} INFO - Started process (PID=320812) to work on /home/anhtupham99/NBA-analytics/py_env/lib/python3.11/site-packages/airflow/example_dags/tutorial_objectstorage.py
[2025-04-16T00:04:01.152+0700] {processor.py:914} INFO - Processing file /home/anhtupham99/NBA-analytics/py_env/lib/python3.11/site-packages/airflow/example_dags/tutorial_objectstorage.py for tasks to queue
[2025-04-16T00:04:01.154+0700] {logging_mixin.py:190} INFO - [2025-04-16T00:04:01.154+0700] {dagbag.py:588} INFO - Filling up the DagBag from /home/anhtupham99/NBA-analytics/py_env/lib/python3.11/site-packages/airflow/example_dags/tutorial_objectstorage.py
[2025-04-16T00:04:01.164+0700] {processor.py:925} INFO - DAG(s) 'tutorial_objectstorage' retrieved from /home/anhtupham99/NBA-analytics/py_env/lib/python3.11/site-packages/airflow/example_dags/tutorial_objectstorage.py
[2025-04-16T00:04:01.178+0700] {logging_mixin.py:190} INFO - [2025-04-16T00:04:01.177+0700] {dag.py:3239} INFO - Sync 1 DAGs
[2025-04-16T00:04:01.188+0700] {logging_mixin.py:190} INFO - [2025-04-16T00:04:01.188+0700] {dag.py:4180} INFO - Setting next_dagrun for tutorial_objectstorage to None, run_after=None
[2025-04-16T00:04:01.214+0700] {processor.py:208} INFO - Processing /home/anhtupham99/NBA-analytics/py_env/lib/python3.11/site-packages/airflow/example_dags/tutorial_objectstorage.py took 0.071 seconds
[2025-04-16T00:05:12.665+0700] {processor.py:186} INFO - Started process (PID=322158) to work on /home/anhtupham99/NBA-analytics/py_env/lib/python3.11/site-packages/airflow/example_dags/tutorial_objectstorage.py
[2025-04-16T00:05:12.667+0700] {processor.py:914} INFO - Processing file /home/anhtupham99/NBA-analytics/py_env/lib/python3.11/site-packages/airflow/example_dags/tutorial_objectstorage.py for tasks to queue
[2025-04-16T00:05:12.669+0700] {logging_mixin.py:190} INFO - [2025-04-16T00:05:12.669+0700] {dagbag.py:588} INFO - Filling up the DagBag from /home/anhtupham99/NBA-analytics/py_env/lib/python3.11/site-packages/airflow/example_dags/tutorial_objectstorage.py
[2025-04-16T00:05:12.678+0700] {processor.py:925} INFO - DAG(s) 'tutorial_objectstorage' retrieved from /home/anhtupham99/NBA-analytics/py_env/lib/python3.11/site-packages/airflow/example_dags/tutorial_objectstorage.py
[2025-04-16T00:05:12.693+0700] {logging_mixin.py:190} INFO - [2025-04-16T00:05:12.692+0700] {dag.py:3239} INFO - Sync 1 DAGs
[2025-04-16T00:05:12.703+0700] {logging_mixin.py:190} INFO - [2025-04-16T00:05:12.703+0700] {dag.py:4180} INFO - Setting next_dagrun for tutorial_objectstorage to None, run_after=None
[2025-04-16T00:05:12.730+0700] {processor.py:208} INFO - Processing /home/anhtupham99/NBA-analytics/py_env/lib/python3.11/site-packages/airflow/example_dags/tutorial_objectstorage.py took 0.070 seconds
[2025-04-16T00:06:01.835+0700] {processor.py:186} INFO - Started process (PID=323102) to work on /home/anhtupham99/NBA-analytics/py_env/lib/python3.11/site-packages/airflow/example_dags/tutorial_objectstorage.py
[2025-04-16T00:06:01.836+0700] {processor.py:914} INFO - Processing file /home/anhtupham99/NBA-analytics/py_env/lib/python3.11/site-packages/airflow/example_dags/tutorial_objectstorage.py for tasks to queue
[2025-04-16T00:06:01.838+0700] {logging_mixin.py:190} INFO - [2025-04-16T00:06:01.838+0700] {dagbag.py:588} INFO - Filling up the DagBag from /home/anhtupham99/NBA-analytics/py_env/lib/python3.11/site-packages/airflow/example_dags/tutorial_objectstorage.py
[2025-04-16T00:06:01.847+0700] {processor.py:925} INFO - DAG(s) 'tutorial_objectstorage' retrieved from /home/anhtupham99/NBA-analytics/py_env/lib/python3.11/site-packages/airflow/example_dags/tutorial_objectstorage.py
[2025-04-16T00:06:01.860+0700] {logging_mixin.py:190} INFO - [2025-04-16T00:06:01.860+0700] {dag.py:3239} INFO - Sync 1 DAGs
[2025-04-16T00:06:01.870+0700] {logging_mixin.py:190} INFO - [2025-04-16T00:06:01.870+0700] {dag.py:4180} INFO - Setting next_dagrun for tutorial_objectstorage to None, run_after=None
[2025-04-16T00:06:01.897+0700] {processor.py:208} INFO - Processing /home/anhtupham99/NBA-analytics/py_env/lib/python3.11/site-packages/airflow/example_dags/tutorial_objectstorage.py took 0.068 seconds
[2025-04-16T00:06:51.239+0700] {processor.py:186} INFO - Started process (PID=324199) to work on /home/anhtupham99/NBA-analytics/py_env/lib/python3.11/site-packages/airflow/example_dags/tutorial_objectstorage.py
[2025-04-16T00:06:51.240+0700] {processor.py:914} INFO - Processing file /home/anhtupham99/NBA-analytics/py_env/lib/python3.11/site-packages/airflow/example_dags/tutorial_objectstorage.py for tasks to queue
[2025-04-16T00:06:51.242+0700] {logging_mixin.py:190} INFO - [2025-04-16T00:06:51.242+0700] {dagbag.py:588} INFO - Filling up the DagBag from /home/anhtupham99/NBA-analytics/py_env/lib/python3.11/site-packages/airflow/example_dags/tutorial_objectstorage.py
[2025-04-16T00:06:51.252+0700] {processor.py:925} INFO - DAG(s) 'tutorial_objectstorage' retrieved from /home/anhtupham99/NBA-analytics/py_env/lib/python3.11/site-packages/airflow/example_dags/tutorial_objectstorage.py
[2025-04-16T00:06:51.265+0700] {logging_mixin.py:190} INFO - [2025-04-16T00:06:51.264+0700] {dag.py:3239} INFO - Sync 1 DAGs
[2025-04-16T00:06:51.275+0700] {logging_mixin.py:190} INFO - [2025-04-16T00:06:51.275+0700] {dag.py:4180} INFO - Setting next_dagrun for tutorial_objectstorage to None, run_after=None
[2025-04-16T00:06:51.305+0700] {processor.py:208} INFO - Processing /home/anhtupham99/NBA-analytics/py_env/lib/python3.11/site-packages/airflow/example_dags/tutorial_objectstorage.py took 0.071 seconds
[2025-04-16T00:07:38.535+0700] {processor.py:186} INFO - Started process (PID=325081) to work on /home/anhtupham99/NBA-analytics/py_env/lib/python3.11/site-packages/airflow/example_dags/tutorial_objectstorage.py
[2025-04-16T00:07:38.536+0700] {processor.py:914} INFO - Processing file /home/anhtupham99/NBA-analytics/py_env/lib/python3.11/site-packages/airflow/example_dags/tutorial_objectstorage.py for tasks to queue
[2025-04-16T00:07:38.539+0700] {logging_mixin.py:190} INFO - [2025-04-16T00:07:38.538+0700] {dagbag.py:588} INFO - Filling up the DagBag from /home/anhtupham99/NBA-analytics/py_env/lib/python3.11/site-packages/airflow/example_dags/tutorial_objectstorage.py
[2025-04-16T00:07:38.548+0700] {processor.py:925} INFO - DAG(s) 'tutorial_objectstorage' retrieved from /home/anhtupham99/NBA-analytics/py_env/lib/python3.11/site-packages/airflow/example_dags/tutorial_objectstorage.py
[2025-04-16T00:07:38.561+0700] {logging_mixin.py:190} INFO - [2025-04-16T00:07:38.561+0700] {dag.py:3239} INFO - Sync 1 DAGs
[2025-04-16T00:07:38.572+0700] {logging_mixin.py:190} INFO - [2025-04-16T00:07:38.572+0700] {dag.py:4180} INFO - Setting next_dagrun for tutorial_objectstorage to None, run_after=None
[2025-04-16T00:07:38.600+0700] {processor.py:208} INFO - Processing /home/anhtupham99/NBA-analytics/py_env/lib/python3.11/site-packages/airflow/example_dags/tutorial_objectstorage.py took 0.071 seconds
[2025-04-16T00:08:48.022+0700] {processor.py:186} INFO - Started process (PID=326383) to work on /home/anhtupham99/NBA-analytics/py_env/lib/python3.11/site-packages/airflow/example_dags/tutorial_objectstorage.py
[2025-04-16T00:08:48.023+0700] {processor.py:914} INFO - Processing file /home/anhtupham99/NBA-analytics/py_env/lib/python3.11/site-packages/airflow/example_dags/tutorial_objectstorage.py for tasks to queue
[2025-04-16T00:08:48.025+0700] {logging_mixin.py:190} INFO - [2025-04-16T00:08:48.025+0700] {dagbag.py:588} INFO - Filling up the DagBag from /home/anhtupham99/NBA-analytics/py_env/lib/python3.11/site-packages/airflow/example_dags/tutorial_objectstorage.py
[2025-04-16T00:08:48.035+0700] {processor.py:925} INFO - DAG(s) 'tutorial_objectstorage' retrieved from /home/anhtupham99/NBA-analytics/py_env/lib/python3.11/site-packages/airflow/example_dags/tutorial_objectstorage.py
[2025-04-16T00:08:48.050+0700] {logging_mixin.py:190} INFO - [2025-04-16T00:08:48.050+0700] {dag.py:3239} INFO - Sync 1 DAGs
[2025-04-16T00:08:48.061+0700] {logging_mixin.py:190} INFO - [2025-04-16T00:08:48.061+0700] {dag.py:4180} INFO - Setting next_dagrun for tutorial_objectstorage to None, run_after=None
[2025-04-16T00:08:48.090+0700] {processor.py:208} INFO - Processing /home/anhtupham99/NBA-analytics/py_env/lib/python3.11/site-packages/airflow/example_dags/tutorial_objectstorage.py took 0.075 seconds
[2025-04-16T00:09:36.090+0700] {processor.py:186} INFO - Started process (PID=327370) to work on /home/anhtupham99/NBA-analytics/py_env/lib/python3.11/site-packages/airflow/example_dags/tutorial_objectstorage.py
[2025-04-16T00:09:36.091+0700] {processor.py:914} INFO - Processing file /home/anhtupham99/NBA-analytics/py_env/lib/python3.11/site-packages/airflow/example_dags/tutorial_objectstorage.py for tasks to queue
[2025-04-16T00:09:36.093+0700] {logging_mixin.py:190} INFO - [2025-04-16T00:09:36.092+0700] {dagbag.py:588} INFO - Filling up the DagBag from /home/anhtupham99/NBA-analytics/py_env/lib/python3.11/site-packages/airflow/example_dags/tutorial_objectstorage.py
[2025-04-16T00:09:36.102+0700] {processor.py:925} INFO - DAG(s) 'tutorial_objectstorage' retrieved from /home/anhtupham99/NBA-analytics/py_env/lib/python3.11/site-packages/airflow/example_dags/tutorial_objectstorage.py
[2025-04-16T00:09:36.115+0700] {logging_mixin.py:190} INFO - [2025-04-16T00:09:36.114+0700] {dag.py:3239} INFO - Sync 1 DAGs
[2025-04-16T00:09:36.127+0700] {logging_mixin.py:190} INFO - [2025-04-16T00:09:36.127+0700] {dag.py:4180} INFO - Setting next_dagrun for tutorial_objectstorage to None, run_after=None
[2025-04-16T00:09:36.157+0700] {processor.py:208} INFO - Processing /home/anhtupham99/NBA-analytics/py_env/lib/python3.11/site-packages/airflow/example_dags/tutorial_objectstorage.py took 0.073 seconds
[2025-04-16T00:10:24.932+0700] {processor.py:186} INFO - Started process (PID=328538) to work on /home/anhtupham99/NBA-analytics/py_env/lib/python3.11/site-packages/airflow/example_dags/tutorial_objectstorage.py
[2025-04-16T00:10:24.933+0700] {processor.py:914} INFO - Processing file /home/anhtupham99/NBA-analytics/py_env/lib/python3.11/site-packages/airflow/example_dags/tutorial_objectstorage.py for tasks to queue
[2025-04-16T00:10:24.935+0700] {logging_mixin.py:190} INFO - [2025-04-16T00:10:24.935+0700] {dagbag.py:588} INFO - Filling up the DagBag from /home/anhtupham99/NBA-analytics/py_env/lib/python3.11/site-packages/airflow/example_dags/tutorial_objectstorage.py
[2025-04-16T00:10:24.942+0700] {processor.py:925} INFO - DAG(s) 'tutorial_objectstorage' retrieved from /home/anhtupham99/NBA-analytics/py_env/lib/python3.11/site-packages/airflow/example_dags/tutorial_objectstorage.py
[2025-04-16T00:10:24.953+0700] {logging_mixin.py:190} INFO - [2025-04-16T00:10:24.952+0700] {dag.py:3239} INFO - Sync 1 DAGs
[2025-04-16T00:10:24.961+0700] {logging_mixin.py:190} INFO - [2025-04-16T00:10:24.961+0700] {dag.py:4180} INFO - Setting next_dagrun for tutorial_objectstorage to None, run_after=None
[2025-04-16T00:10:24.987+0700] {processor.py:208} INFO - Processing /home/anhtupham99/NBA-analytics/py_env/lib/python3.11/site-packages/airflow/example_dags/tutorial_objectstorage.py took 0.059 seconds
[2025-04-16T00:11:12.624+0700] {processor.py:186} INFO - Started process (PID=329613) to work on /home/anhtupham99/NBA-analytics/py_env/lib/python3.11/site-packages/airflow/example_dags/tutorial_objectstorage.py
[2025-04-16T00:11:12.625+0700] {processor.py:914} INFO - Processing file /home/anhtupham99/NBA-analytics/py_env/lib/python3.11/site-packages/airflow/example_dags/tutorial_objectstorage.py for tasks to queue
[2025-04-16T00:11:12.627+0700] {logging_mixin.py:190} INFO - [2025-04-16T00:11:12.627+0700] {dagbag.py:588} INFO - Filling up the DagBag from /home/anhtupham99/NBA-analytics/py_env/lib/python3.11/site-packages/airflow/example_dags/tutorial_objectstorage.py
[2025-04-16T00:11:12.636+0700] {processor.py:925} INFO - DAG(s) 'tutorial_objectstorage' retrieved from /home/anhtupham99/NBA-analytics/py_env/lib/python3.11/site-packages/airflow/example_dags/tutorial_objectstorage.py
[2025-04-16T00:11:12.649+0700] {logging_mixin.py:190} INFO - [2025-04-16T00:11:12.649+0700] {dag.py:3239} INFO - Sync 1 DAGs
[2025-04-16T00:11:12.660+0700] {logging_mixin.py:190} INFO - [2025-04-16T00:11:12.659+0700] {dag.py:4180} INFO - Setting next_dagrun for tutorial_objectstorage to None, run_after=None
[2025-04-16T00:11:12.686+0700] {processor.py:208} INFO - Processing /home/anhtupham99/NBA-analytics/py_env/lib/python3.11/site-packages/airflow/example_dags/tutorial_objectstorage.py took 0.068 seconds
[2025-04-16T00:11:58.639+0700] {processor.py:186} INFO - Started process (PID=330591) to work on /home/anhtupham99/NBA-analytics/py_env/lib/python3.11/site-packages/airflow/example_dags/tutorial_objectstorage.py
[2025-04-16T00:11:58.640+0700] {processor.py:914} INFO - Processing file /home/anhtupham99/NBA-analytics/py_env/lib/python3.11/site-packages/airflow/example_dags/tutorial_objectstorage.py for tasks to queue
[2025-04-16T00:11:58.642+0700] {logging_mixin.py:190} INFO - [2025-04-16T00:11:58.642+0700] {dagbag.py:588} INFO - Filling up the DagBag from /home/anhtupham99/NBA-analytics/py_env/lib/python3.11/site-packages/airflow/example_dags/tutorial_objectstorage.py
[2025-04-16T00:11:58.651+0700] {processor.py:925} INFO - DAG(s) 'tutorial_objectstorage' retrieved from /home/anhtupham99/NBA-analytics/py_env/lib/python3.11/site-packages/airflow/example_dags/tutorial_objectstorage.py
[2025-04-16T00:11:58.663+0700] {logging_mixin.py:190} INFO - [2025-04-16T00:11:58.663+0700] {dag.py:3239} INFO - Sync 1 DAGs
[2025-04-16T00:11:58.673+0700] {logging_mixin.py:190} INFO - [2025-04-16T00:11:58.672+0700] {dag.py:4180} INFO - Setting next_dagrun for tutorial_objectstorage to None, run_after=None
[2025-04-16T00:11:58.703+0700] {processor.py:208} INFO - Processing /home/anhtupham99/NBA-analytics/py_env/lib/python3.11/site-packages/airflow/example_dags/tutorial_objectstorage.py took 0.068 seconds
[2025-04-16T00:13:09.569+0700] {processor.py:186} INFO - Started process (PID=332858) to work on /home/anhtupham99/NBA-analytics/py_env/lib/python3.11/site-packages/airflow/example_dags/tutorial_objectstorage.py
[2025-04-16T00:13:09.571+0700] {processor.py:914} INFO - Processing file /home/anhtupham99/NBA-analytics/py_env/lib/python3.11/site-packages/airflow/example_dags/tutorial_objectstorage.py for tasks to queue
[2025-04-16T00:13:09.572+0700] {logging_mixin.py:190} INFO - [2025-04-16T00:13:09.572+0700] {dagbag.py:588} INFO - Filling up the DagBag from /home/anhtupham99/NBA-analytics/py_env/lib/python3.11/site-packages/airflow/example_dags/tutorial_objectstorage.py
[2025-04-16T00:13:09.580+0700] {processor.py:925} INFO - DAG(s) 'tutorial_objectstorage' retrieved from /home/anhtupham99/NBA-analytics/py_env/lib/python3.11/site-packages/airflow/example_dags/tutorial_objectstorage.py
[2025-04-16T00:13:09.590+0700] {logging_mixin.py:190} INFO - [2025-04-16T00:13:09.590+0700] {dag.py:3239} INFO - Sync 1 DAGs
[2025-04-16T00:13:09.599+0700] {logging_mixin.py:190} INFO - [2025-04-16T00:13:09.599+0700] {dag.py:4180} INFO - Setting next_dagrun for tutorial_objectstorage to None, run_after=None
[2025-04-16T00:13:09.623+0700] {processor.py:208} INFO - Processing /home/anhtupham99/NBA-analytics/py_env/lib/python3.11/site-packages/airflow/example_dags/tutorial_objectstorage.py took 0.059 seconds
[2025-04-16T00:14:00.629+0700] {processor.py:186} INFO - Started process (PID=335057) to work on /home/anhtupham99/NBA-analytics/py_env/lib/python3.11/site-packages/airflow/example_dags/tutorial_objectstorage.py
[2025-04-16T00:14:00.630+0700] {processor.py:914} INFO - Processing file /home/anhtupham99/NBA-analytics/py_env/lib/python3.11/site-packages/airflow/example_dags/tutorial_objectstorage.py for tasks to queue
[2025-04-16T00:14:00.632+0700] {logging_mixin.py:190} INFO - [2025-04-16T00:14:00.632+0700] {dagbag.py:588} INFO - Filling up the DagBag from /home/anhtupham99/NBA-analytics/py_env/lib/python3.11/site-packages/airflow/example_dags/tutorial_objectstorage.py
[2025-04-16T00:14:00.640+0700] {processor.py:925} INFO - DAG(s) 'tutorial_objectstorage' retrieved from /home/anhtupham99/NBA-analytics/py_env/lib/python3.11/site-packages/airflow/example_dags/tutorial_objectstorage.py
[2025-04-16T00:14:00.650+0700] {logging_mixin.py:190} INFO - [2025-04-16T00:14:00.650+0700] {dag.py:3239} INFO - Sync 1 DAGs
[2025-04-16T00:14:00.659+0700] {logging_mixin.py:190} INFO - [2025-04-16T00:14:00.659+0700] {dag.py:4180} INFO - Setting next_dagrun for tutorial_objectstorage to None, run_after=None
[2025-04-16T00:14:00.683+0700] {processor.py:208} INFO - Processing /home/anhtupham99/NBA-analytics/py_env/lib/python3.11/site-packages/airflow/example_dags/tutorial_objectstorage.py took 0.058 seconds
[2025-04-16T00:14:50.722+0700] {processor.py:186} INFO - Started process (PID=336829) to work on /home/anhtupham99/NBA-analytics/py_env/lib/python3.11/site-packages/airflow/example_dags/tutorial_objectstorage.py
[2025-04-16T00:14:50.723+0700] {processor.py:914} INFO - Processing file /home/anhtupham99/NBA-analytics/py_env/lib/python3.11/site-packages/airflow/example_dags/tutorial_objectstorage.py for tasks to queue
[2025-04-16T00:14:50.726+0700] {logging_mixin.py:190} INFO - [2025-04-16T00:14:50.725+0700] {dagbag.py:588} INFO - Filling up the DagBag from /home/anhtupham99/NBA-analytics/py_env/lib/python3.11/site-packages/airflow/example_dags/tutorial_objectstorage.py
[2025-04-16T00:14:50.738+0700] {processor.py:925} INFO - DAG(s) 'tutorial_objectstorage' retrieved from /home/anhtupham99/NBA-analytics/py_env/lib/python3.11/site-packages/airflow/example_dags/tutorial_objectstorage.py
[2025-04-16T00:14:50.759+0700] {logging_mixin.py:190} INFO - [2025-04-16T00:14:50.759+0700] {dag.py:3239} INFO - Sync 1 DAGs
[2025-04-16T00:14:50.775+0700] {logging_mixin.py:190} INFO - [2025-04-16T00:14:50.775+0700] {dag.py:4180} INFO - Setting next_dagrun for tutorial_objectstorage to None, run_after=None
[2025-04-16T00:14:50.805+0700] {processor.py:208} INFO - Processing /home/anhtupham99/NBA-analytics/py_env/lib/python3.11/site-packages/airflow/example_dags/tutorial_objectstorage.py took 0.090 seconds
[2025-04-16T00:15:38.964+0700] {processor.py:186} INFO - Started process (PID=338970) to work on /home/anhtupham99/NBA-analytics/py_env/lib/python3.11/site-packages/airflow/example_dags/tutorial_objectstorage.py
[2025-04-16T00:15:38.965+0700] {processor.py:914} INFO - Processing file /home/anhtupham99/NBA-analytics/py_env/lib/python3.11/site-packages/airflow/example_dags/tutorial_objectstorage.py for tasks to queue
[2025-04-16T00:15:38.967+0700] {logging_mixin.py:190} INFO - [2025-04-16T00:15:38.967+0700] {dagbag.py:588} INFO - Filling up the DagBag from /home/anhtupham99/NBA-analytics/py_env/lib/python3.11/site-packages/airflow/example_dags/tutorial_objectstorage.py
[2025-04-16T00:15:38.978+0700] {processor.py:925} INFO - DAG(s) 'tutorial_objectstorage' retrieved from /home/anhtupham99/NBA-analytics/py_env/lib/python3.11/site-packages/airflow/example_dags/tutorial_objectstorage.py
[2025-04-16T00:15:38.993+0700] {logging_mixin.py:190} INFO - [2025-04-16T00:15:38.993+0700] {dag.py:3239} INFO - Sync 1 DAGs
[2025-04-16T00:15:39.003+0700] {logging_mixin.py:190} INFO - [2025-04-16T00:15:39.002+0700] {dag.py:4180} INFO - Setting next_dagrun for tutorial_objectstorage to None, run_after=None
[2025-04-16T00:15:39.028+0700] {processor.py:208} INFO - Processing /home/anhtupham99/NBA-analytics/py_env/lib/python3.11/site-packages/airflow/example_dags/tutorial_objectstorage.py took 0.069 seconds
[2025-04-16T00:16:29.995+0700] {processor.py:186} INFO - Started process (PID=341753) to work on /home/anhtupham99/NBA-analytics/py_env/lib/python3.11/site-packages/airflow/example_dags/tutorial_objectstorage.py
[2025-04-16T00:16:29.999+0700] {processor.py:914} INFO - Processing file /home/anhtupham99/NBA-analytics/py_env/lib/python3.11/site-packages/airflow/example_dags/tutorial_objectstorage.py for tasks to queue
[2025-04-16T00:16:30.001+0700] {logging_mixin.py:190} INFO - [2025-04-16T00:16:30.000+0700] {dagbag.py:588} INFO - Filling up the DagBag from /home/anhtupham99/NBA-analytics/py_env/lib/python3.11/site-packages/airflow/example_dags/tutorial_objectstorage.py
[2025-04-16T00:16:30.009+0700] {processor.py:925} INFO - DAG(s) 'tutorial_objectstorage' retrieved from /home/anhtupham99/NBA-analytics/py_env/lib/python3.11/site-packages/airflow/example_dags/tutorial_objectstorage.py
[2025-04-16T00:16:30.020+0700] {logging_mixin.py:190} INFO - [2025-04-16T00:16:30.020+0700] {dag.py:3239} INFO - Sync 1 DAGs
[2025-04-16T00:16:30.030+0700] {logging_mixin.py:190} INFO - [2025-04-16T00:16:30.029+0700] {dag.py:4180} INFO - Setting next_dagrun for tutorial_objectstorage to None, run_after=None
[2025-04-16T00:16:30.062+0700] {processor.py:208} INFO - Processing /home/anhtupham99/NBA-analytics/py_env/lib/python3.11/site-packages/airflow/example_dags/tutorial_objectstorage.py took 0.073 seconds
[2025-04-16T00:17:20.117+0700] {processor.py:186} INFO - Started process (PID=343746) to work on /home/anhtupham99/NBA-analytics/py_env/lib/python3.11/site-packages/airflow/example_dags/tutorial_objectstorage.py
[2025-04-16T00:17:20.118+0700] {processor.py:914} INFO - Processing file /home/anhtupham99/NBA-analytics/py_env/lib/python3.11/site-packages/airflow/example_dags/tutorial_objectstorage.py for tasks to queue
[2025-04-16T00:17:20.120+0700] {logging_mixin.py:190} INFO - [2025-04-16T00:17:20.120+0700] {dagbag.py:588} INFO - Filling up the DagBag from /home/anhtupham99/NBA-analytics/py_env/lib/python3.11/site-packages/airflow/example_dags/tutorial_objectstorage.py
[2025-04-16T00:17:20.128+0700] {processor.py:925} INFO - DAG(s) 'tutorial_objectstorage' retrieved from /home/anhtupham99/NBA-analytics/py_env/lib/python3.11/site-packages/airflow/example_dags/tutorial_objectstorage.py
[2025-04-16T00:17:20.138+0700] {logging_mixin.py:190} INFO - [2025-04-16T00:17:20.138+0700] {dag.py:3239} INFO - Sync 1 DAGs
[2025-04-16T00:17:20.147+0700] {logging_mixin.py:190} INFO - [2025-04-16T00:17:20.146+0700] {dag.py:4180} INFO - Setting next_dagrun for tutorial_objectstorage to None, run_after=None
[2025-04-16T00:17:20.168+0700] {processor.py:208} INFO - Processing /home/anhtupham99/NBA-analytics/py_env/lib/python3.11/site-packages/airflow/example_dags/tutorial_objectstorage.py took 0.056 seconds
[2025-04-16T00:18:09.541+0700] {processor.py:186} INFO - Started process (PID=345972) to work on /home/anhtupham99/NBA-analytics/py_env/lib/python3.11/site-packages/airflow/example_dags/tutorial_objectstorage.py
[2025-04-16T00:18:09.543+0700] {processor.py:914} INFO - Processing file /home/anhtupham99/NBA-analytics/py_env/lib/python3.11/site-packages/airflow/example_dags/tutorial_objectstorage.py for tasks to queue
[2025-04-16T00:18:09.545+0700] {logging_mixin.py:190} INFO - [2025-04-16T00:18:09.545+0700] {dagbag.py:588} INFO - Filling up the DagBag from /home/anhtupham99/NBA-analytics/py_env/lib/python3.11/site-packages/airflow/example_dags/tutorial_objectstorage.py
[2025-04-16T00:18:09.554+0700] {processor.py:925} INFO - DAG(s) 'tutorial_objectstorage' retrieved from /home/anhtupham99/NBA-analytics/py_env/lib/python3.11/site-packages/airflow/example_dags/tutorial_objectstorage.py
[2025-04-16T00:18:09.566+0700] {logging_mixin.py:190} INFO - [2025-04-16T00:18:09.566+0700] {dag.py:3239} INFO - Sync 1 DAGs
[2025-04-16T00:18:09.575+0700] {logging_mixin.py:190} INFO - [2025-04-16T00:18:09.575+0700] {dag.py:4180} INFO - Setting next_dagrun for tutorial_objectstorage to None, run_after=None
[2025-04-16T00:18:09.606+0700] {processor.py:208} INFO - Processing /home/anhtupham99/NBA-analytics/py_env/lib/python3.11/site-packages/airflow/example_dags/tutorial_objectstorage.py took 0.069 seconds
[2025-04-16T00:19:00.056+0700] {processor.py:186} INFO - Started process (PID=348848) to work on /home/anhtupham99/NBA-analytics/py_env/lib/python3.11/site-packages/airflow/example_dags/tutorial_objectstorage.py
[2025-04-16T00:19:00.058+0700] {processor.py:914} INFO - Processing file /home/anhtupham99/NBA-analytics/py_env/lib/python3.11/site-packages/airflow/example_dags/tutorial_objectstorage.py for tasks to queue
[2025-04-16T00:19:00.060+0700] {logging_mixin.py:190} INFO - [2025-04-16T00:19:00.060+0700] {dagbag.py:588} INFO - Filling up the DagBag from /home/anhtupham99/NBA-analytics/py_env/lib/python3.11/site-packages/airflow/example_dags/tutorial_objectstorage.py
[2025-04-16T00:19:00.070+0700] {processor.py:925} INFO - DAG(s) 'tutorial_objectstorage' retrieved from /home/anhtupham99/NBA-analytics/py_env/lib/python3.11/site-packages/airflow/example_dags/tutorial_objectstorage.py
[2025-04-16T00:19:00.085+0700] {logging_mixin.py:190} INFO - [2025-04-16T00:19:00.084+0700] {dag.py:3239} INFO - Sync 1 DAGs
[2025-04-16T00:19:00.096+0700] {logging_mixin.py:190} INFO - [2025-04-16T00:19:00.096+0700] {dag.py:4180} INFO - Setting next_dagrun for tutorial_objectstorage to None, run_after=None
[2025-04-16T00:19:00.125+0700] {processor.py:208} INFO - Processing /home/anhtupham99/NBA-analytics/py_env/lib/python3.11/site-packages/airflow/example_dags/tutorial_objectstorage.py took 0.076 seconds
[2025-04-16T00:19:49.014+0700] {processor.py:186} INFO - Started process (PID=350509) to work on /home/anhtupham99/NBA-analytics/py_env/lib/python3.11/site-packages/airflow/example_dags/tutorial_objectstorage.py
[2025-04-16T00:19:49.015+0700] {processor.py:914} INFO - Processing file /home/anhtupham99/NBA-analytics/py_env/lib/python3.11/site-packages/airflow/example_dags/tutorial_objectstorage.py for tasks to queue
[2025-04-16T00:19:49.017+0700] {logging_mixin.py:190} INFO - [2025-04-16T00:19:49.017+0700] {dagbag.py:588} INFO - Filling up the DagBag from /home/anhtupham99/NBA-analytics/py_env/lib/python3.11/site-packages/airflow/example_dags/tutorial_objectstorage.py
[2025-04-16T00:19:49.026+0700] {processor.py:925} INFO - DAG(s) 'tutorial_objectstorage' retrieved from /home/anhtupham99/NBA-analytics/py_env/lib/python3.11/site-packages/airflow/example_dags/tutorial_objectstorage.py
[2025-04-16T00:19:49.038+0700] {logging_mixin.py:190} INFO - [2025-04-16T00:19:49.038+0700] {dag.py:3239} INFO - Sync 1 DAGs
[2025-04-16T00:19:49.048+0700] {logging_mixin.py:190} INFO - [2025-04-16T00:19:49.048+0700] {dag.py:4180} INFO - Setting next_dagrun for tutorial_objectstorage to None, run_after=None
[2025-04-16T00:19:49.074+0700] {processor.py:208} INFO - Processing /home/anhtupham99/NBA-analytics/py_env/lib/python3.11/site-packages/airflow/example_dags/tutorial_objectstorage.py took 0.065 seconds
[2025-04-16T00:20:38.784+0700] {processor.py:186} INFO - Started process (PID=352653) to work on /home/anhtupham99/NBA-analytics/py_env/lib/python3.11/site-packages/airflow/example_dags/tutorial_objectstorage.py
[2025-04-16T00:20:38.785+0700] {processor.py:914} INFO - Processing file /home/anhtupham99/NBA-analytics/py_env/lib/python3.11/site-packages/airflow/example_dags/tutorial_objectstorage.py for tasks to queue
[2025-04-16T00:20:38.787+0700] {logging_mixin.py:190} INFO - [2025-04-16T00:20:38.787+0700] {dagbag.py:588} INFO - Filling up the DagBag from /home/anhtupham99/NBA-analytics/py_env/lib/python3.11/site-packages/airflow/example_dags/tutorial_objectstorage.py
[2025-04-16T00:20:38.794+0700] {processor.py:925} INFO - DAG(s) 'tutorial_objectstorage' retrieved from /home/anhtupham99/NBA-analytics/py_env/lib/python3.11/site-packages/airflow/example_dags/tutorial_objectstorage.py
[2025-04-16T00:20:38.804+0700] {logging_mixin.py:190} INFO - [2025-04-16T00:20:38.804+0700] {dag.py:3239} INFO - Sync 1 DAGs
[2025-04-16T00:20:38.812+0700] {logging_mixin.py:190} INFO - [2025-04-16T00:20:38.811+0700] {dag.py:4180} INFO - Setting next_dagrun for tutorial_objectstorage to None, run_after=None
[2025-04-16T00:20:38.834+0700] {processor.py:208} INFO - Processing /home/anhtupham99/NBA-analytics/py_env/lib/python3.11/site-packages/airflow/example_dags/tutorial_objectstorage.py took 0.054 seconds
[2025-04-16T00:21:27.914+0700] {processor.py:186} INFO - Started process (PID=354379) to work on /home/anhtupham99/NBA-analytics/py_env/lib/python3.11/site-packages/airflow/example_dags/tutorial_objectstorage.py
[2025-04-16T00:21:27.916+0700] {processor.py:914} INFO - Processing file /home/anhtupham99/NBA-analytics/py_env/lib/python3.11/site-packages/airflow/example_dags/tutorial_objectstorage.py for tasks to queue
[2025-04-16T00:21:27.918+0700] {logging_mixin.py:190} INFO - [2025-04-16T00:21:27.917+0700] {dagbag.py:588} INFO - Filling up the DagBag from /home/anhtupham99/NBA-analytics/py_env/lib/python3.11/site-packages/airflow/example_dags/tutorial_objectstorage.py
[2025-04-16T00:21:27.927+0700] {processor.py:925} INFO - DAG(s) 'tutorial_objectstorage' retrieved from /home/anhtupham99/NBA-analytics/py_env/lib/python3.11/site-packages/airflow/example_dags/tutorial_objectstorage.py
[2025-04-16T00:21:27.941+0700] {logging_mixin.py:190} INFO - [2025-04-16T00:21:27.941+0700] {dag.py:3239} INFO - Sync 1 DAGs
[2025-04-16T00:21:27.953+0700] {logging_mixin.py:190} INFO - [2025-04-16T00:21:27.953+0700] {dag.py:4180} INFO - Setting next_dagrun for tutorial_objectstorage to None, run_after=None
[2025-04-16T00:21:27.983+0700] {processor.py:208} INFO - Processing /home/anhtupham99/NBA-analytics/py_env/lib/python3.11/site-packages/airflow/example_dags/tutorial_objectstorage.py took 0.075 seconds
[2025-04-16T00:22:20.698+0700] {processor.py:186} INFO - Started process (PID=356665) to work on /home/anhtupham99/NBA-analytics/py_env/lib/python3.11/site-packages/airflow/example_dags/tutorial_objectstorage.py
[2025-04-16T00:22:20.700+0700] {processor.py:914} INFO - Processing file /home/anhtupham99/NBA-analytics/py_env/lib/python3.11/site-packages/airflow/example_dags/tutorial_objectstorage.py for tasks to queue
[2025-04-16T00:22:20.703+0700] {logging_mixin.py:190} INFO - [2025-04-16T00:22:20.703+0700] {dagbag.py:588} INFO - Filling up the DagBag from /home/anhtupham99/NBA-analytics/py_env/lib/python3.11/site-packages/airflow/example_dags/tutorial_objectstorage.py
[2025-04-16T00:22:20.718+0700] {processor.py:925} INFO - DAG(s) 'tutorial_objectstorage' retrieved from /home/anhtupham99/NBA-analytics/py_env/lib/python3.11/site-packages/airflow/example_dags/tutorial_objectstorage.py
[2025-04-16T00:22:20.740+0700] {logging_mixin.py:190} INFO - [2025-04-16T00:22:20.740+0700] {dag.py:3239} INFO - Sync 1 DAGs
[2025-04-16T00:22:20.752+0700] {logging_mixin.py:190} INFO - [2025-04-16T00:22:20.752+0700] {dag.py:4180} INFO - Setting next_dagrun for tutorial_objectstorage to None, run_after=None
[2025-04-16T00:22:20.788+0700] {processor.py:208} INFO - Processing /home/anhtupham99/NBA-analytics/py_env/lib/python3.11/site-packages/airflow/example_dags/tutorial_objectstorage.py took 0.098 seconds
[2025-04-16T00:23:10.276+0700] {processor.py:186} INFO - Started process (PID=357842) to work on /home/anhtupham99/NBA-analytics/py_env/lib/python3.11/site-packages/airflow/example_dags/tutorial_objectstorage.py
[2025-04-16T00:23:10.279+0700] {processor.py:914} INFO - Processing file /home/anhtupham99/NBA-analytics/py_env/lib/python3.11/site-packages/airflow/example_dags/tutorial_objectstorage.py for tasks to queue
[2025-04-16T00:23:10.281+0700] {logging_mixin.py:190} INFO - [2025-04-16T00:23:10.281+0700] {dagbag.py:588} INFO - Filling up the DagBag from /home/anhtupham99/NBA-analytics/py_env/lib/python3.11/site-packages/airflow/example_dags/tutorial_objectstorage.py
[2025-04-16T00:23:10.288+0700] {processor.py:925} INFO - DAG(s) 'tutorial_objectstorage' retrieved from /home/anhtupham99/NBA-analytics/py_env/lib/python3.11/site-packages/airflow/example_dags/tutorial_objectstorage.py
[2025-04-16T00:23:10.298+0700] {logging_mixin.py:190} INFO - [2025-04-16T00:23:10.298+0700] {dag.py:3239} INFO - Sync 1 DAGs
[2025-04-16T00:23:10.307+0700] {logging_mixin.py:190} INFO - [2025-04-16T00:23:10.307+0700] {dag.py:4180} INFO - Setting next_dagrun for tutorial_objectstorage to None, run_after=None
[2025-04-16T00:23:10.335+0700] {processor.py:208} INFO - Processing /home/anhtupham99/NBA-analytics/py_env/lib/python3.11/site-packages/airflow/example_dags/tutorial_objectstorage.py took 0.063 seconds
[2025-04-16T00:24:20.788+0700] {processor.py:186} INFO - Started process (PID=360447) to work on /home/anhtupham99/NBA-analytics/py_env/lib/python3.11/site-packages/airflow/example_dags/tutorial_objectstorage.py
[2025-04-16T00:24:20.789+0700] {processor.py:914} INFO - Processing file /home/anhtupham99/NBA-analytics/py_env/lib/python3.11/site-packages/airflow/example_dags/tutorial_objectstorage.py for tasks to queue
[2025-04-16T00:24:20.791+0700] {logging_mixin.py:190} INFO - [2025-04-16T00:24:20.791+0700] {dagbag.py:588} INFO - Filling up the DagBag from /home/anhtupham99/NBA-analytics/py_env/lib/python3.11/site-packages/airflow/example_dags/tutorial_objectstorage.py
[2025-04-16T00:24:20.798+0700] {processor.py:925} INFO - DAG(s) 'tutorial_objectstorage' retrieved from /home/anhtupham99/NBA-analytics/py_env/lib/python3.11/site-packages/airflow/example_dags/tutorial_objectstorage.py
[2025-04-16T00:24:20.809+0700] {logging_mixin.py:190} INFO - [2025-04-16T00:24:20.809+0700] {dag.py:3239} INFO - Sync 1 DAGs
[2025-04-16T00:24:20.818+0700] {logging_mixin.py:190} INFO - [2025-04-16T00:24:20.818+0700] {dag.py:4180} INFO - Setting next_dagrun for tutorial_objectstorage to None, run_after=None
[2025-04-16T00:24:20.850+0700] {processor.py:208} INFO - Processing /home/anhtupham99/NBA-analytics/py_env/lib/python3.11/site-packages/airflow/example_dags/tutorial_objectstorage.py took 0.066 seconds
[2025-04-16T00:25:11.916+0700] {processor.py:186} INFO - Started process (PID=362414) to work on /home/anhtupham99/NBA-analytics/py_env/lib/python3.11/site-packages/airflow/example_dags/tutorial_objectstorage.py
[2025-04-16T00:25:11.918+0700] {processor.py:914} INFO - Processing file /home/anhtupham99/NBA-analytics/py_env/lib/python3.11/site-packages/airflow/example_dags/tutorial_objectstorage.py for tasks to queue
[2025-04-16T00:25:11.920+0700] {logging_mixin.py:190} INFO - [2025-04-16T00:25:11.920+0700] {dagbag.py:588} INFO - Filling up the DagBag from /home/anhtupham99/NBA-analytics/py_env/lib/python3.11/site-packages/airflow/example_dags/tutorial_objectstorage.py
[2025-04-16T00:25:11.930+0700] {processor.py:925} INFO - DAG(s) 'tutorial_objectstorage' retrieved from /home/anhtupham99/NBA-analytics/py_env/lib/python3.11/site-packages/airflow/example_dags/tutorial_objectstorage.py
[2025-04-16T00:25:11.943+0700] {logging_mixin.py:190} INFO - [2025-04-16T00:25:11.942+0700] {dag.py:3239} INFO - Sync 1 DAGs
[2025-04-16T00:25:11.952+0700] {logging_mixin.py:190} INFO - [2025-04-16T00:25:11.952+0700] {dag.py:4180} INFO - Setting next_dagrun for tutorial_objectstorage to None, run_after=None
[2025-04-16T00:25:11.977+0700] {processor.py:208} INFO - Processing /home/anhtupham99/NBA-analytics/py_env/lib/python3.11/site-packages/airflow/example_dags/tutorial_objectstorage.py took 0.066 seconds
[2025-04-16T00:26:21.175+0700] {processor.py:186} INFO - Started process (PID=364590) to work on /home/anhtupham99/NBA-analytics/py_env/lib/python3.11/site-packages/airflow/example_dags/tutorial_objectstorage.py
[2025-04-16T00:26:21.177+0700] {processor.py:914} INFO - Processing file /home/anhtupham99/NBA-analytics/py_env/lib/python3.11/site-packages/airflow/example_dags/tutorial_objectstorage.py for tasks to queue
[2025-04-16T00:26:21.178+0700] {logging_mixin.py:190} INFO - [2025-04-16T00:26:21.178+0700] {dagbag.py:588} INFO - Filling up the DagBag from /home/anhtupham99/NBA-analytics/py_env/lib/python3.11/site-packages/airflow/example_dags/tutorial_objectstorage.py
[2025-04-16T00:26:21.185+0700] {processor.py:925} INFO - DAG(s) 'tutorial_objectstorage' retrieved from /home/anhtupham99/NBA-analytics/py_env/lib/python3.11/site-packages/airflow/example_dags/tutorial_objectstorage.py
[2025-04-16T00:26:21.197+0700] {logging_mixin.py:190} INFO - [2025-04-16T00:26:21.196+0700] {dag.py:3239} INFO - Sync 1 DAGs
[2025-04-16T00:26:21.206+0700] {logging_mixin.py:190} INFO - [2025-04-16T00:26:21.206+0700] {dag.py:4180} INFO - Setting next_dagrun for tutorial_objectstorage to None, run_after=None
[2025-04-16T00:26:21.229+0700] {processor.py:208} INFO - Processing /home/anhtupham99/NBA-analytics/py_env/lib/python3.11/site-packages/airflow/example_dags/tutorial_objectstorage.py took 0.058 seconds
[2025-04-16T00:27:11.188+0700] {processor.py:186} INFO - Started process (PID=365736) to work on /home/anhtupham99/NBA-analytics/py_env/lib/python3.11/site-packages/airflow/example_dags/tutorial_objectstorage.py
[2025-04-16T00:27:11.190+0700] {processor.py:914} INFO - Processing file /home/anhtupham99/NBA-analytics/py_env/lib/python3.11/site-packages/airflow/example_dags/tutorial_objectstorage.py for tasks to queue
[2025-04-16T00:27:11.192+0700] {logging_mixin.py:190} INFO - [2025-04-16T00:27:11.191+0700] {dagbag.py:588} INFO - Filling up the DagBag from /home/anhtupham99/NBA-analytics/py_env/lib/python3.11/site-packages/airflow/example_dags/tutorial_objectstorage.py
[2025-04-16T00:27:11.202+0700] {processor.py:925} INFO - DAG(s) 'tutorial_objectstorage' retrieved from /home/anhtupham99/NBA-analytics/py_env/lib/python3.11/site-packages/airflow/example_dags/tutorial_objectstorage.py
[2025-04-16T00:27:11.214+0700] {logging_mixin.py:190} INFO - [2025-04-16T00:27:11.213+0700] {dag.py:3239} INFO - Sync 1 DAGs
[2025-04-16T00:27:11.223+0700] {logging_mixin.py:190} INFO - [2025-04-16T00:27:11.223+0700] {dag.py:4180} INFO - Setting next_dagrun for tutorial_objectstorage to None, run_after=None
[2025-04-16T00:27:11.248+0700] {processor.py:208} INFO - Processing /home/anhtupham99/NBA-analytics/py_env/lib/python3.11/site-packages/airflow/example_dags/tutorial_objectstorage.py took 0.066 seconds
[2025-04-16T00:28:22.699+0700] {processor.py:186} INFO - Started process (PID=367644) to work on /home/anhtupham99/NBA-analytics/py_env/lib/python3.11/site-packages/airflow/example_dags/tutorial_objectstorage.py
[2025-04-16T00:28:22.701+0700] {processor.py:914} INFO - Processing file /home/anhtupham99/NBA-analytics/py_env/lib/python3.11/site-packages/airflow/example_dags/tutorial_objectstorage.py for tasks to queue
[2025-04-16T00:28:22.703+0700] {logging_mixin.py:190} INFO - [2025-04-16T00:28:22.703+0700] {dagbag.py:588} INFO - Filling up the DagBag from /home/anhtupham99/NBA-analytics/py_env/lib/python3.11/site-packages/airflow/example_dags/tutorial_objectstorage.py
[2025-04-16T00:28:22.714+0700] {processor.py:925} INFO - DAG(s) 'tutorial_objectstorage' retrieved from /home/anhtupham99/NBA-analytics/py_env/lib/python3.11/site-packages/airflow/example_dags/tutorial_objectstorage.py
[2025-04-16T00:28:22.730+0700] {logging_mixin.py:190} INFO - [2025-04-16T00:28:22.730+0700] {dag.py:3239} INFO - Sync 1 DAGs
[2025-04-16T00:28:22.746+0700] {logging_mixin.py:190} INFO - [2025-04-16T00:28:22.746+0700] {dag.py:4180} INFO - Setting next_dagrun for tutorial_objectstorage to None, run_after=None
[2025-04-16T00:28:22.777+0700] {processor.py:208} INFO - Processing /home/anhtupham99/NBA-analytics/py_env/lib/python3.11/site-packages/airflow/example_dags/tutorial_objectstorage.py took 0.084 seconds
[2025-04-16T00:29:33.358+0700] {processor.py:186} INFO - Started process (PID=369253) to work on /home/anhtupham99/NBA-analytics/py_env/lib/python3.11/site-packages/airflow/example_dags/tutorial_objectstorage.py
[2025-04-16T00:29:33.360+0700] {processor.py:914} INFO - Processing file /home/anhtupham99/NBA-analytics/py_env/lib/python3.11/site-packages/airflow/example_dags/tutorial_objectstorage.py for tasks to queue
[2025-04-16T00:29:33.361+0700] {logging_mixin.py:190} INFO - [2025-04-16T00:29:33.361+0700] {dagbag.py:588} INFO - Filling up the DagBag from /home/anhtupham99/NBA-analytics/py_env/lib/python3.11/site-packages/airflow/example_dags/tutorial_objectstorage.py
[2025-04-16T00:29:33.368+0700] {processor.py:925} INFO - DAG(s) 'tutorial_objectstorage' retrieved from /home/anhtupham99/NBA-analytics/py_env/lib/python3.11/site-packages/airflow/example_dags/tutorial_objectstorage.py
[2025-04-16T00:29:33.378+0700] {logging_mixin.py:190} INFO - [2025-04-16T00:29:33.378+0700] {dag.py:3239} INFO - Sync 1 DAGs
[2025-04-16T00:29:33.386+0700] {logging_mixin.py:190} INFO - [2025-04-16T00:29:33.386+0700] {dag.py:4180} INFO - Setting next_dagrun for tutorial_objectstorage to None, run_after=None
[2025-04-16T00:29:33.408+0700] {processor.py:208} INFO - Processing /home/anhtupham99/NBA-analytics/py_env/lib/python3.11/site-packages/airflow/example_dags/tutorial_objectstorage.py took 0.054 seconds
[2025-04-16T00:30:23.647+0700] {processor.py:186} INFO - Started process (PID=370442) to work on /home/anhtupham99/NBA-analytics/py_env/lib/python3.11/site-packages/airflow/example_dags/tutorial_objectstorage.py
[2025-04-16T00:30:23.649+0700] {processor.py:914} INFO - Processing file /home/anhtupham99/NBA-analytics/py_env/lib/python3.11/site-packages/airflow/example_dags/tutorial_objectstorage.py for tasks to queue
[2025-04-16T00:30:23.651+0700] {logging_mixin.py:190} INFO - [2025-04-16T00:30:23.650+0700] {dagbag.py:588} INFO - Filling up the DagBag from /home/anhtupham99/NBA-analytics/py_env/lib/python3.11/site-packages/airflow/example_dags/tutorial_objectstorage.py
[2025-04-16T00:30:23.657+0700] {processor.py:925} INFO - DAG(s) 'tutorial_objectstorage' retrieved from /home/anhtupham99/NBA-analytics/py_env/lib/python3.11/site-packages/airflow/example_dags/tutorial_objectstorage.py
[2025-04-16T00:30:23.668+0700] {logging_mixin.py:190} INFO - [2025-04-16T00:30:23.668+0700] {dag.py:3239} INFO - Sync 1 DAGs
[2025-04-16T00:30:23.676+0700] {logging_mixin.py:190} INFO - [2025-04-16T00:30:23.676+0700] {dag.py:4180} INFO - Setting next_dagrun for tutorial_objectstorage to None, run_after=None
[2025-04-16T00:30:23.699+0700] {processor.py:208} INFO - Processing /home/anhtupham99/NBA-analytics/py_env/lib/python3.11/site-packages/airflow/example_dags/tutorial_objectstorage.py took 0.056 seconds
[2025-04-16T00:31:32.290+0700] {processor.py:186} INFO - Started process (PID=372354) to work on /home/anhtupham99/NBA-analytics/py_env/lib/python3.11/site-packages/airflow/example_dags/tutorial_objectstorage.py
[2025-04-16T00:31:32.291+0700] {processor.py:914} INFO - Processing file /home/anhtupham99/NBA-analytics/py_env/lib/python3.11/site-packages/airflow/example_dags/tutorial_objectstorage.py for tasks to queue
[2025-04-16T00:31:32.293+0700] {logging_mixin.py:190} INFO - [2025-04-16T00:31:32.292+0700] {dagbag.py:588} INFO - Filling up the DagBag from /home/anhtupham99/NBA-analytics/py_env/lib/python3.11/site-packages/airflow/example_dags/tutorial_objectstorage.py
[2025-04-16T00:31:32.300+0700] {processor.py:925} INFO - DAG(s) 'tutorial_objectstorage' retrieved from /home/anhtupham99/NBA-analytics/py_env/lib/python3.11/site-packages/airflow/example_dags/tutorial_objectstorage.py
[2025-04-16T00:31:32.310+0700] {logging_mixin.py:190} INFO - [2025-04-16T00:31:32.310+0700] {dag.py:3239} INFO - Sync 1 DAGs
[2025-04-16T00:31:32.318+0700] {logging_mixin.py:190} INFO - [2025-04-16T00:31:32.318+0700] {dag.py:4180} INFO - Setting next_dagrun for tutorial_objectstorage to None, run_after=None
[2025-04-16T00:31:32.340+0700] {processor.py:208} INFO - Processing /home/anhtupham99/NBA-analytics/py_env/lib/python3.11/site-packages/airflow/example_dags/tutorial_objectstorage.py took 0.055 seconds
[2025-04-16T00:32:38.853+0700] {processor.py:186} INFO - Started process (PID=373974) to work on /home/anhtupham99/NBA-analytics/py_env/lib/python3.11/site-packages/airflow/example_dags/tutorial_objectstorage.py
[2025-04-16T00:32:38.854+0700] {processor.py:914} INFO - Processing file /home/anhtupham99/NBA-analytics/py_env/lib/python3.11/site-packages/airflow/example_dags/tutorial_objectstorage.py for tasks to queue
[2025-04-16T00:32:38.856+0700] {logging_mixin.py:190} INFO - [2025-04-16T00:32:38.856+0700] {dagbag.py:588} INFO - Filling up the DagBag from /home/anhtupham99/NBA-analytics/py_env/lib/python3.11/site-packages/airflow/example_dags/tutorial_objectstorage.py
[2025-04-16T00:32:38.865+0700] {processor.py:925} INFO - DAG(s) 'tutorial_objectstorage' retrieved from /home/anhtupham99/NBA-analytics/py_env/lib/python3.11/site-packages/airflow/example_dags/tutorial_objectstorage.py
[2025-04-16T00:32:38.878+0700] {logging_mixin.py:190} INFO - [2025-04-16T00:32:38.878+0700] {dag.py:3239} INFO - Sync 1 DAGs
[2025-04-16T00:32:38.887+0700] {logging_mixin.py:190} INFO - [2025-04-16T00:32:38.887+0700] {dag.py:4180} INFO - Setting next_dagrun for tutorial_objectstorage to None, run_after=None
[2025-04-16T00:32:38.909+0700] {processor.py:208} INFO - Processing /home/anhtupham99/NBA-analytics/py_env/lib/python3.11/site-packages/airflow/example_dags/tutorial_objectstorage.py took 0.062 seconds
[2025-04-16T00:33:27.422+0700] {processor.py:186} INFO - Started process (PID=375160) to work on /home/anhtupham99/NBA-analytics/py_env/lib/python3.11/site-packages/airflow/example_dags/tutorial_objectstorage.py
[2025-04-16T00:33:27.423+0700] {processor.py:914} INFO - Processing file /home/anhtupham99/NBA-analytics/py_env/lib/python3.11/site-packages/airflow/example_dags/tutorial_objectstorage.py for tasks to queue
[2025-04-16T00:33:27.425+0700] {logging_mixin.py:190} INFO - [2025-04-16T00:33:27.424+0700] {dagbag.py:588} INFO - Filling up the DagBag from /home/anhtupham99/NBA-analytics/py_env/lib/python3.11/site-packages/airflow/example_dags/tutorial_objectstorage.py
[2025-04-16T00:33:27.432+0700] {processor.py:925} INFO - DAG(s) 'tutorial_objectstorage' retrieved from /home/anhtupham99/NBA-analytics/py_env/lib/python3.11/site-packages/airflow/example_dags/tutorial_objectstorage.py
[2025-04-16T00:33:27.443+0700] {logging_mixin.py:190} INFO - [2025-04-16T00:33:27.443+0700] {dag.py:3239} INFO - Sync 1 DAGs
[2025-04-16T00:33:27.451+0700] {logging_mixin.py:190} INFO - [2025-04-16T00:33:27.451+0700] {dag.py:4180} INFO - Setting next_dagrun for tutorial_objectstorage to None, run_after=None
[2025-04-16T00:33:27.475+0700] {processor.py:208} INFO - Processing /home/anhtupham99/NBA-analytics/py_env/lib/python3.11/site-packages/airflow/example_dags/tutorial_objectstorage.py took 0.058 seconds
[2025-04-16T00:34:38.997+0700] {processor.py:186} INFO - Started process (PID=376767) to work on /home/anhtupham99/NBA-analytics/py_env/lib/python3.11/site-packages/airflow/example_dags/tutorial_objectstorage.py
[2025-04-16T00:34:38.998+0700] {processor.py:914} INFO - Processing file /home/anhtupham99/NBA-analytics/py_env/lib/python3.11/site-packages/airflow/example_dags/tutorial_objectstorage.py for tasks to queue
[2025-04-16T00:34:39.000+0700] {logging_mixin.py:190} INFO - [2025-04-16T00:34:39.000+0700] {dagbag.py:588} INFO - Filling up the DagBag from /home/anhtupham99/NBA-analytics/py_env/lib/python3.11/site-packages/airflow/example_dags/tutorial_objectstorage.py
[2025-04-16T00:34:39.009+0700] {processor.py:925} INFO - DAG(s) 'tutorial_objectstorage' retrieved from /home/anhtupham99/NBA-analytics/py_env/lib/python3.11/site-packages/airflow/example_dags/tutorial_objectstorage.py
[2025-04-16T00:34:39.021+0700] {logging_mixin.py:190} INFO - [2025-04-16T00:34:39.021+0700] {dag.py:3239} INFO - Sync 1 DAGs
[2025-04-16T00:34:39.031+0700] {logging_mixin.py:190} INFO - [2025-04-16T00:34:39.030+0700] {dag.py:4180} INFO - Setting next_dagrun for tutorial_objectstorage to None, run_after=None
[2025-04-16T00:34:39.055+0700] {processor.py:208} INFO - Processing /home/anhtupham99/NBA-analytics/py_env/lib/python3.11/site-packages/airflow/example_dags/tutorial_objectstorage.py took 0.063 seconds
[2025-04-16T00:35:24.681+0700] {processor.py:186} INFO - Started process (PID=378008) to work on /home/anhtupham99/NBA-analytics/py_env/lib/python3.11/site-packages/airflow/example_dags/tutorial_objectstorage.py
[2025-04-16T00:35:24.683+0700] {processor.py:914} INFO - Processing file /home/anhtupham99/NBA-analytics/py_env/lib/python3.11/site-packages/airflow/example_dags/tutorial_objectstorage.py for tasks to queue
[2025-04-16T00:35:24.685+0700] {logging_mixin.py:190} INFO - [2025-04-16T00:35:24.684+0700] {dagbag.py:588} INFO - Filling up the DagBag from /home/anhtupham99/NBA-analytics/py_env/lib/python3.11/site-packages/airflow/example_dags/tutorial_objectstorage.py
[2025-04-16T00:35:24.692+0700] {processor.py:925} INFO - DAG(s) 'tutorial_objectstorage' retrieved from /home/anhtupham99/NBA-analytics/py_env/lib/python3.11/site-packages/airflow/example_dags/tutorial_objectstorage.py
[2025-04-16T00:35:24.703+0700] {logging_mixin.py:190} INFO - [2025-04-16T00:35:24.703+0700] {dag.py:3239} INFO - Sync 1 DAGs
[2025-04-16T00:35:24.712+0700] {logging_mixin.py:190} INFO - [2025-04-16T00:35:24.712+0700] {dag.py:4180} INFO - Setting next_dagrun for tutorial_objectstorage to None, run_after=None
[2025-04-16T00:35:24.736+0700] {processor.py:208} INFO - Processing /home/anhtupham99/NBA-analytics/py_env/lib/python3.11/site-packages/airflow/example_dags/tutorial_objectstorage.py took 0.059 seconds
[2025-04-16T00:36:15.599+0700] {processor.py:186} INFO - Started process (PID=379192) to work on /home/anhtupham99/NBA-analytics/py_env/lib/python3.11/site-packages/airflow/example_dags/tutorial_objectstorage.py
[2025-04-16T00:36:15.601+0700] {processor.py:914} INFO - Processing file /home/anhtupham99/NBA-analytics/py_env/lib/python3.11/site-packages/airflow/example_dags/tutorial_objectstorage.py for tasks to queue
[2025-04-16T00:36:15.602+0700] {logging_mixin.py:190} INFO - [2025-04-16T00:36:15.602+0700] {dagbag.py:588} INFO - Filling up the DagBag from /home/anhtupham99/NBA-analytics/py_env/lib/python3.11/site-packages/airflow/example_dags/tutorial_objectstorage.py
[2025-04-16T00:36:15.609+0700] {processor.py:925} INFO - DAG(s) 'tutorial_objectstorage' retrieved from /home/anhtupham99/NBA-analytics/py_env/lib/python3.11/site-packages/airflow/example_dags/tutorial_objectstorage.py
[2025-04-16T00:36:15.619+0700] {logging_mixin.py:190} INFO - [2025-04-16T00:36:15.619+0700] {dag.py:3239} INFO - Sync 1 DAGs
[2025-04-16T00:36:15.627+0700] {logging_mixin.py:190} INFO - [2025-04-16T00:36:15.627+0700] {dag.py:4180} INFO - Setting next_dagrun for tutorial_objectstorage to None, run_after=None
[2025-04-16T00:36:15.650+0700] {processor.py:208} INFO - Processing /home/anhtupham99/NBA-analytics/py_env/lib/python3.11/site-packages/airflow/example_dags/tutorial_objectstorage.py took 0.055 seconds
[2025-04-16T00:37:23.696+0700] {processor.py:186} INFO - Started process (PID=381187) to work on /home/anhtupham99/NBA-analytics/py_env/lib/python3.11/site-packages/airflow/example_dags/tutorial_objectstorage.py
[2025-04-16T00:37:23.697+0700] {processor.py:914} INFO - Processing file /home/anhtupham99/NBA-analytics/py_env/lib/python3.11/site-packages/airflow/example_dags/tutorial_objectstorage.py for tasks to queue
[2025-04-16T00:37:23.700+0700] {logging_mixin.py:190} INFO - [2025-04-16T00:37:23.699+0700] {dagbag.py:588} INFO - Filling up the DagBag from /home/anhtupham99/NBA-analytics/py_env/lib/python3.11/site-packages/airflow/example_dags/tutorial_objectstorage.py
[2025-04-16T00:37:23.711+0700] {processor.py:925} INFO - DAG(s) 'tutorial_objectstorage' retrieved from /home/anhtupham99/NBA-analytics/py_env/lib/python3.11/site-packages/airflow/example_dags/tutorial_objectstorage.py
[2025-04-16T00:37:23.726+0700] {logging_mixin.py:190} INFO - [2025-04-16T00:37:23.725+0700] {dag.py:3239} INFO - Sync 1 DAGs
[2025-04-16T00:37:23.737+0700] {logging_mixin.py:190} INFO - [2025-04-16T00:37:23.736+0700] {dag.py:4180} INFO - Setting next_dagrun for tutorial_objectstorage to None, run_after=None
[2025-04-16T00:37:23.764+0700] {processor.py:208} INFO - Processing /home/anhtupham99/NBA-analytics/py_env/lib/python3.11/site-packages/airflow/example_dags/tutorial_objectstorage.py took 0.074 seconds
