[2025-01-30T02:34:45.546+0800] {processor.py:186} INFO - Started process (PID=14383) to work on /home/anhtupham99/miniforge3/envs/nba/lib/python3.11/site-packages/airflow/example_dags/subdags/subdag.py
[2025-01-30T02:34:45.547+0800] {processor.py:914} INFO - Processing file /home/anhtupham99/miniforge3/envs/nba/lib/python3.11/site-packages/airflow/example_dags/subdags/subdag.py for tasks to queue
[2025-01-30T02:34:45.550+0800] {logging_mixin.py:190} INFO - [2025-01-30T02:34:45.549+0800] {dagbag.py:588} INFO - Filling up the DagBag from /home/anhtupham99/miniforge3/envs/nba/lib/python3.11/site-packages/airflow/example_dags/subdags/subdag.py
[2025-01-30T02:34:45.554+0800] {processor.py:927} WARNING - No viable dags retrieved from /home/anhtupham99/miniforge3/envs/nba/lib/python3.11/site-packages/airflow/example_dags/subdags/subdag.py
[2025-01-30T02:34:45.572+0800] {processor.py:208} INFO - Processing /home/anhtupham99/miniforge3/envs/nba/lib/python3.11/site-packages/airflow/example_dags/subdags/subdag.py took 0.037 seconds
[2025-01-30T02:35:57.720+0800] {processor.py:186} INFO - Started process (PID=14821) to work on /home/anhtupham99/miniforge3/envs/nba/lib/python3.11/site-packages/airflow/example_dags/subdags/subdag.py
[2025-01-30T02:35:57.724+0800] {processor.py:914} INFO - Processing file /home/anhtupham99/miniforge3/envs/nba/lib/python3.11/site-packages/airflow/example_dags/subdags/subdag.py for tasks to queue
[2025-01-30T02:35:57.733+0800] {logging_mixin.py:190} INFO - [2025-01-30T02:35:57.732+0800] {dagbag.py:588} INFO - Filling up the DagBag from /home/anhtupham99/miniforge3/envs/nba/lib/python3.11/site-packages/airflow/example_dags/subdags/subdag.py
[2025-01-30T02:35:57.739+0800] {processor.py:927} WARNING - No viable dags retrieved from /home/anhtupham99/miniforge3/envs/nba/lib/python3.11/site-packages/airflow/example_dags/subdags/subdag.py
[2025-01-30T02:35:57.750+0800] {processor.py:208} INFO - Processing /home/anhtupham99/miniforge3/envs/nba/lib/python3.11/site-packages/airflow/example_dags/subdags/subdag.py took 0.043 seconds
[2025-01-30T02:47:55.867+0800] {processor.py:186} INFO - Started process (PID=18904) to work on /home/anhtupham99/miniforge3/envs/nba/lib/python3.11/site-packages/airflow/example_dags/subdags/subdag.py
[2025-01-30T02:47:55.870+0800] {processor.py:914} INFO - Processing file /home/anhtupham99/miniforge3/envs/nba/lib/python3.11/site-packages/airflow/example_dags/subdags/subdag.py for tasks to queue
[2025-01-30T02:47:55.876+0800] {logging_mixin.py:190} INFO - [2025-01-30T02:47:55.875+0800] {dagbag.py:588} INFO - Filling up the DagBag from /home/anhtupham99/miniforge3/envs/nba/lib/python3.11/site-packages/airflow/example_dags/subdags/subdag.py
[2025-01-30T02:47:55.886+0800] {processor.py:927} WARNING - No viable dags retrieved from /home/anhtupham99/miniforge3/envs/nba/lib/python3.11/site-packages/airflow/example_dags/subdags/subdag.py
[2025-01-30T02:47:55.900+0800] {processor.py:208} INFO - Processing /home/anhtupham99/miniforge3/envs/nba/lib/python3.11/site-packages/airflow/example_dags/subdags/subdag.py took 0.048 seconds
[2025-01-30T02:48:51.560+0800] {processor.py:186} INFO - Started process (PID=19334) to work on /home/anhtupham99/miniforge3/envs/nba/lib/python3.11/site-packages/airflow/example_dags/subdags/subdag.py
[2025-01-30T02:48:51.563+0800] {processor.py:914} INFO - Processing file /home/anhtupham99/miniforge3/envs/nba/lib/python3.11/site-packages/airflow/example_dags/subdags/subdag.py for tasks to queue
[2025-01-30T02:48:51.567+0800] {logging_mixin.py:190} INFO - [2025-01-30T02:48:51.566+0800] {dagbag.py:588} INFO - Filling up the DagBag from /home/anhtupham99/miniforge3/envs/nba/lib/python3.11/site-packages/airflow/example_dags/subdags/subdag.py
[2025-01-30T02:48:51.570+0800] {processor.py:927} WARNING - No viable dags retrieved from /home/anhtupham99/miniforge3/envs/nba/lib/python3.11/site-packages/airflow/example_dags/subdags/subdag.py
[2025-01-30T02:48:51.585+0800] {processor.py:208} INFO - Processing /home/anhtupham99/miniforge3/envs/nba/lib/python3.11/site-packages/airflow/example_dags/subdags/subdag.py took 0.037 seconds
[2025-01-30T02:49:46.329+0800] {processor.py:186} INFO - Started process (PID=19663) to work on /home/anhtupham99/miniforge3/envs/nba/lib/python3.11/site-packages/airflow/example_dags/subdags/subdag.py
[2025-01-30T02:49:46.330+0800] {processor.py:914} INFO - Processing file /home/anhtupham99/miniforge3/envs/nba/lib/python3.11/site-packages/airflow/example_dags/subdags/subdag.py for tasks to queue
[2025-01-30T02:49:46.333+0800] {logging_mixin.py:190} INFO - [2025-01-30T02:49:46.332+0800] {dagbag.py:588} INFO - Filling up the DagBag from /home/anhtupham99/miniforge3/envs/nba/lib/python3.11/site-packages/airflow/example_dags/subdags/subdag.py
[2025-01-30T02:49:46.335+0800] {processor.py:927} WARNING - No viable dags retrieved from /home/anhtupham99/miniforge3/envs/nba/lib/python3.11/site-packages/airflow/example_dags/subdags/subdag.py
[2025-01-30T02:49:46.344+0800] {processor.py:208} INFO - Processing /home/anhtupham99/miniforge3/envs/nba/lib/python3.11/site-packages/airflow/example_dags/subdags/subdag.py took 0.027 seconds
[2025-01-30T02:50:39.878+0800] {processor.py:186} INFO - Started process (PID=19972) to work on /home/anhtupham99/miniforge3/envs/nba/lib/python3.11/site-packages/airflow/example_dags/subdags/subdag.py
[2025-01-30T02:50:39.881+0800] {processor.py:914} INFO - Processing file /home/anhtupham99/miniforge3/envs/nba/lib/python3.11/site-packages/airflow/example_dags/subdags/subdag.py for tasks to queue
[2025-01-30T02:50:39.887+0800] {logging_mixin.py:190} INFO - [2025-01-30T02:50:39.886+0800] {dagbag.py:588} INFO - Filling up the DagBag from /home/anhtupham99/miniforge3/envs/nba/lib/python3.11/site-packages/airflow/example_dags/subdags/subdag.py
[2025-01-30T02:50:39.892+0800] {processor.py:927} WARNING - No viable dags retrieved from /home/anhtupham99/miniforge3/envs/nba/lib/python3.11/site-packages/airflow/example_dags/subdags/subdag.py
[2025-01-30T02:50:39.898+0800] {processor.py:208} INFO - Processing /home/anhtupham99/miniforge3/envs/nba/lib/python3.11/site-packages/airflow/example_dags/subdags/subdag.py took 0.035 seconds
[2025-01-30T02:51:33.921+0800] {processor.py:186} INFO - Started process (PID=20272) to work on /home/anhtupham99/miniforge3/envs/nba/lib/python3.11/site-packages/airflow/example_dags/subdags/subdag.py
[2025-01-30T02:51:33.922+0800] {processor.py:914} INFO - Processing file /home/anhtupham99/miniforge3/envs/nba/lib/python3.11/site-packages/airflow/example_dags/subdags/subdag.py for tasks to queue
[2025-01-30T02:51:33.927+0800] {logging_mixin.py:190} INFO - [2025-01-30T02:51:33.927+0800] {dagbag.py:588} INFO - Filling up the DagBag from /home/anhtupham99/miniforge3/envs/nba/lib/python3.11/site-packages/airflow/example_dags/subdags/subdag.py
[2025-01-30T02:51:33.931+0800] {processor.py:927} WARNING - No viable dags retrieved from /home/anhtupham99/miniforge3/envs/nba/lib/python3.11/site-packages/airflow/example_dags/subdags/subdag.py
[2025-01-30T02:51:33.944+0800] {processor.py:208} INFO - Processing /home/anhtupham99/miniforge3/envs/nba/lib/python3.11/site-packages/airflow/example_dags/subdags/subdag.py took 0.028 seconds
[2025-01-30T02:52:26.688+0800] {processor.py:186} INFO - Started process (PID=20564) to work on /home/anhtupham99/miniforge3/envs/nba/lib/python3.11/site-packages/airflow/example_dags/subdags/subdag.py
[2025-01-30T02:52:26.690+0800] {processor.py:914} INFO - Processing file /home/anhtupham99/miniforge3/envs/nba/lib/python3.11/site-packages/airflow/example_dags/subdags/subdag.py for tasks to queue
[2025-01-30T02:52:26.693+0800] {logging_mixin.py:190} INFO - [2025-01-30T02:52:26.693+0800] {dagbag.py:588} INFO - Filling up the DagBag from /home/anhtupham99/miniforge3/envs/nba/lib/python3.11/site-packages/airflow/example_dags/subdags/subdag.py
[2025-01-30T02:52:26.696+0800] {processor.py:927} WARNING - No viable dags retrieved from /home/anhtupham99/miniforge3/envs/nba/lib/python3.11/site-packages/airflow/example_dags/subdags/subdag.py
[2025-01-30T02:52:26.712+0800] {processor.py:208} INFO - Processing /home/anhtupham99/miniforge3/envs/nba/lib/python3.11/site-packages/airflow/example_dags/subdags/subdag.py took 0.039 seconds
[2025-01-30T02:53:21.691+0800] {processor.py:186} INFO - Started process (PID=20900) to work on /home/anhtupham99/miniforge3/envs/nba/lib/python3.11/site-packages/airflow/example_dags/subdags/subdag.py
[2025-01-30T02:53:21.693+0800] {processor.py:914} INFO - Processing file /home/anhtupham99/miniforge3/envs/nba/lib/python3.11/site-packages/airflow/example_dags/subdags/subdag.py for tasks to queue
[2025-01-30T02:53:21.695+0800] {logging_mixin.py:190} INFO - [2025-01-30T02:53:21.694+0800] {dagbag.py:588} INFO - Filling up the DagBag from /home/anhtupham99/miniforge3/envs/nba/lib/python3.11/site-packages/airflow/example_dags/subdags/subdag.py
[2025-01-30T02:53:21.696+0800] {processor.py:927} WARNING - No viable dags retrieved from /home/anhtupham99/miniforge3/envs/nba/lib/python3.11/site-packages/airflow/example_dags/subdags/subdag.py
[2025-01-30T02:53:21.703+0800] {processor.py:208} INFO - Processing /home/anhtupham99/miniforge3/envs/nba/lib/python3.11/site-packages/airflow/example_dags/subdags/subdag.py took 0.016 seconds
[2025-01-30T02:54:12.416+0800] {processor.py:186} INFO - Started process (PID=21191) to work on /home/anhtupham99/miniforge3/envs/nba/lib/python3.11/site-packages/airflow/example_dags/subdags/subdag.py
[2025-01-30T02:54:12.417+0800] {processor.py:914} INFO - Processing file /home/anhtupham99/miniforge3/envs/nba/lib/python3.11/site-packages/airflow/example_dags/subdags/subdag.py for tasks to queue
[2025-01-30T02:54:12.419+0800] {logging_mixin.py:190} INFO - [2025-01-30T02:54:12.419+0800] {dagbag.py:588} INFO - Filling up the DagBag from /home/anhtupham99/miniforge3/envs/nba/lib/python3.11/site-packages/airflow/example_dags/subdags/subdag.py
[2025-01-30T02:54:12.421+0800] {processor.py:927} WARNING - No viable dags retrieved from /home/anhtupham99/miniforge3/envs/nba/lib/python3.11/site-packages/airflow/example_dags/subdags/subdag.py
[2025-01-30T02:54:12.427+0800] {processor.py:208} INFO - Processing /home/anhtupham99/miniforge3/envs/nba/lib/python3.11/site-packages/airflow/example_dags/subdags/subdag.py took 0.015 seconds
[2025-01-30T02:54:58.901+0800] {processor.py:186} INFO - Started process (PID=21456) to work on /home/anhtupham99/miniforge3/envs/nba/lib/python3.11/site-packages/airflow/example_dags/subdags/subdag.py
[2025-01-30T02:54:58.902+0800] {processor.py:914} INFO - Processing file /home/anhtupham99/miniforge3/envs/nba/lib/python3.11/site-packages/airflow/example_dags/subdags/subdag.py for tasks to queue
[2025-01-30T02:54:58.904+0800] {logging_mixin.py:190} INFO - [2025-01-30T02:54:58.904+0800] {dagbag.py:588} INFO - Filling up the DagBag from /home/anhtupham99/miniforge3/envs/nba/lib/python3.11/site-packages/airflow/example_dags/subdags/subdag.py
[2025-01-30T02:54:58.906+0800] {processor.py:927} WARNING - No viable dags retrieved from /home/anhtupham99/miniforge3/envs/nba/lib/python3.11/site-packages/airflow/example_dags/subdags/subdag.py
[2025-01-30T02:54:58.912+0800] {processor.py:208} INFO - Processing /home/anhtupham99/miniforge3/envs/nba/lib/python3.11/site-packages/airflow/example_dags/subdags/subdag.py took 0.016 seconds
[2025-01-30T02:55:48.873+0800] {processor.py:186} INFO - Started process (PID=21761) to work on /home/anhtupham99/miniforge3/envs/nba/lib/python3.11/site-packages/airflow/example_dags/subdags/subdag.py
[2025-01-30T02:55:48.875+0800] {processor.py:914} INFO - Processing file /home/anhtupham99/miniforge3/envs/nba/lib/python3.11/site-packages/airflow/example_dags/subdags/subdag.py for tasks to queue
[2025-01-30T02:55:48.876+0800] {logging_mixin.py:190} INFO - [2025-01-30T02:55:48.876+0800] {dagbag.py:588} INFO - Filling up the DagBag from /home/anhtupham99/miniforge3/envs/nba/lib/python3.11/site-packages/airflow/example_dags/subdags/subdag.py
[2025-01-30T02:55:48.878+0800] {processor.py:927} WARNING - No viable dags retrieved from /home/anhtupham99/miniforge3/envs/nba/lib/python3.11/site-packages/airflow/example_dags/subdags/subdag.py
[2025-01-30T02:55:48.885+0800] {processor.py:208} INFO - Processing /home/anhtupham99/miniforge3/envs/nba/lib/python3.11/site-packages/airflow/example_dags/subdags/subdag.py took 0.016 seconds
[2025-01-30T02:56:34.409+0800] {processor.py:186} INFO - Started process (PID=22024) to work on /home/anhtupham99/miniforge3/envs/nba/lib/python3.11/site-packages/airflow/example_dags/subdags/subdag.py
[2025-01-30T02:56:34.413+0800] {processor.py:914} INFO - Processing file /home/anhtupham99/miniforge3/envs/nba/lib/python3.11/site-packages/airflow/example_dags/subdags/subdag.py for tasks to queue
[2025-01-30T02:56:34.414+0800] {logging_mixin.py:190} INFO - [2025-01-30T02:56:34.414+0800] {dagbag.py:588} INFO - Filling up the DagBag from /home/anhtupham99/miniforge3/envs/nba/lib/python3.11/site-packages/airflow/example_dags/subdags/subdag.py
[2025-01-30T02:56:34.416+0800] {processor.py:927} WARNING - No viable dags retrieved from /home/anhtupham99/miniforge3/envs/nba/lib/python3.11/site-packages/airflow/example_dags/subdags/subdag.py
[2025-01-30T02:56:34.424+0800] {processor.py:208} INFO - Processing /home/anhtupham99/miniforge3/envs/nba/lib/python3.11/site-packages/airflow/example_dags/subdags/subdag.py took 0.019 seconds
[2025-01-30T02:57:23.154+0800] {processor.py:186} INFO - Started process (PID=22299) to work on /home/anhtupham99/miniforge3/envs/nba/lib/python3.11/site-packages/airflow/example_dags/subdags/subdag.py
[2025-01-30T02:57:23.155+0800] {processor.py:914} INFO - Processing file /home/anhtupham99/miniforge3/envs/nba/lib/python3.11/site-packages/airflow/example_dags/subdags/subdag.py for tasks to queue
[2025-01-30T02:57:23.157+0800] {logging_mixin.py:190} INFO - [2025-01-30T02:57:23.157+0800] {dagbag.py:588} INFO - Filling up the DagBag from /home/anhtupham99/miniforge3/envs/nba/lib/python3.11/site-packages/airflow/example_dags/subdags/subdag.py
[2025-01-30T02:57:23.159+0800] {processor.py:927} WARNING - No viable dags retrieved from /home/anhtupham99/miniforge3/envs/nba/lib/python3.11/site-packages/airflow/example_dags/subdags/subdag.py
[2025-01-30T02:57:23.166+0800] {processor.py:208} INFO - Processing /home/anhtupham99/miniforge3/envs/nba/lib/python3.11/site-packages/airflow/example_dags/subdags/subdag.py took 0.016 seconds
[2025-01-30T02:58:11.645+0800] {processor.py:186} INFO - Started process (PID=22625) to work on /home/anhtupham99/miniforge3/envs/nba/lib/python3.11/site-packages/airflow/example_dags/subdags/subdag.py
[2025-01-30T02:58:11.647+0800] {processor.py:914} INFO - Processing file /home/anhtupham99/miniforge3/envs/nba/lib/python3.11/site-packages/airflow/example_dags/subdags/subdag.py for tasks to queue
[2025-01-30T02:58:11.648+0800] {logging_mixin.py:190} INFO - [2025-01-30T02:58:11.648+0800] {dagbag.py:588} INFO - Filling up the DagBag from /home/anhtupham99/miniforge3/envs/nba/lib/python3.11/site-packages/airflow/example_dags/subdags/subdag.py
[2025-01-30T02:58:11.650+0800] {processor.py:927} WARNING - No viable dags retrieved from /home/anhtupham99/miniforge3/envs/nba/lib/python3.11/site-packages/airflow/example_dags/subdags/subdag.py
[2025-01-30T02:58:11.657+0800] {processor.py:208} INFO - Processing /home/anhtupham99/miniforge3/envs/nba/lib/python3.11/site-packages/airflow/example_dags/subdags/subdag.py took 0.015 seconds
[2025-01-30T02:59:01.922+0800] {processor.py:186} INFO - Started process (PID=22909) to work on /home/anhtupham99/miniforge3/envs/nba/lib/python3.11/site-packages/airflow/example_dags/subdags/subdag.py
[2025-01-30T02:59:01.926+0800] {processor.py:914} INFO - Processing file /home/anhtupham99/miniforge3/envs/nba/lib/python3.11/site-packages/airflow/example_dags/subdags/subdag.py for tasks to queue
[2025-01-30T02:59:01.928+0800] {logging_mixin.py:190} INFO - [2025-01-30T02:59:01.928+0800] {dagbag.py:588} INFO - Filling up the DagBag from /home/anhtupham99/miniforge3/envs/nba/lib/python3.11/site-packages/airflow/example_dags/subdags/subdag.py
[2025-01-30T02:59:01.930+0800] {processor.py:927} WARNING - No viable dags retrieved from /home/anhtupham99/miniforge3/envs/nba/lib/python3.11/site-packages/airflow/example_dags/subdags/subdag.py
[2025-01-30T02:59:01.937+0800] {processor.py:208} INFO - Processing /home/anhtupham99/miniforge3/envs/nba/lib/python3.11/site-packages/airflow/example_dags/subdags/subdag.py took 0.018 seconds
[2025-01-30T02:59:52.077+0800] {processor.py:186} INFO - Started process (PID=23199) to work on /home/anhtupham99/miniforge3/envs/nba/lib/python3.11/site-packages/airflow/example_dags/subdags/subdag.py
[2025-01-30T02:59:52.079+0800] {processor.py:914} INFO - Processing file /home/anhtupham99/miniforge3/envs/nba/lib/python3.11/site-packages/airflow/example_dags/subdags/subdag.py for tasks to queue
[2025-01-30T02:59:52.080+0800] {logging_mixin.py:190} INFO - [2025-01-30T02:59:52.080+0800] {dagbag.py:588} INFO - Filling up the DagBag from /home/anhtupham99/miniforge3/envs/nba/lib/python3.11/site-packages/airflow/example_dags/subdags/subdag.py
[2025-01-30T02:59:52.082+0800] {processor.py:927} WARNING - No viable dags retrieved from /home/anhtupham99/miniforge3/envs/nba/lib/python3.11/site-packages/airflow/example_dags/subdags/subdag.py
[2025-01-30T02:59:52.090+0800] {processor.py:208} INFO - Processing /home/anhtupham99/miniforge3/envs/nba/lib/python3.11/site-packages/airflow/example_dags/subdags/subdag.py took 0.017 seconds
[2025-01-30T03:00:44.058+0800] {processor.py:186} INFO - Started process (PID=23508) to work on /home/anhtupham99/miniforge3/envs/nba/lib/python3.11/site-packages/airflow/example_dags/subdags/subdag.py
[2025-01-30T03:00:44.059+0800] {processor.py:914} INFO - Processing file /home/anhtupham99/miniforge3/envs/nba/lib/python3.11/site-packages/airflow/example_dags/subdags/subdag.py for tasks to queue
[2025-01-30T03:00:44.061+0800] {logging_mixin.py:190} INFO - [2025-01-30T03:00:44.061+0800] {dagbag.py:588} INFO - Filling up the DagBag from /home/anhtupham99/miniforge3/envs/nba/lib/python3.11/site-packages/airflow/example_dags/subdags/subdag.py
[2025-01-30T03:00:44.062+0800] {processor.py:927} WARNING - No viable dags retrieved from /home/anhtupham99/miniforge3/envs/nba/lib/python3.11/site-packages/airflow/example_dags/subdags/subdag.py
[2025-01-30T03:00:44.069+0800] {processor.py:208} INFO - Processing /home/anhtupham99/miniforge3/envs/nba/lib/python3.11/site-packages/airflow/example_dags/subdags/subdag.py took 0.015 seconds
[2025-01-30T03:01:29.191+0800] {processor.py:186} INFO - Started process (PID=23777) to work on /home/anhtupham99/miniforge3/envs/nba/lib/python3.11/site-packages/airflow/example_dags/subdags/subdag.py
[2025-01-30T03:01:29.192+0800] {processor.py:914} INFO - Processing file /home/anhtupham99/miniforge3/envs/nba/lib/python3.11/site-packages/airflow/example_dags/subdags/subdag.py for tasks to queue
[2025-01-30T03:01:29.194+0800] {logging_mixin.py:190} INFO - [2025-01-30T03:01:29.194+0800] {dagbag.py:588} INFO - Filling up the DagBag from /home/anhtupham99/miniforge3/envs/nba/lib/python3.11/site-packages/airflow/example_dags/subdags/subdag.py
[2025-01-30T03:01:29.196+0800] {processor.py:927} WARNING - No viable dags retrieved from /home/anhtupham99/miniforge3/envs/nba/lib/python3.11/site-packages/airflow/example_dags/subdags/subdag.py
[2025-01-30T03:01:29.202+0800] {processor.py:208} INFO - Processing /home/anhtupham99/miniforge3/envs/nba/lib/python3.11/site-packages/airflow/example_dags/subdags/subdag.py took 0.015 seconds
[2025-01-30T03:02:16.237+0800] {processor.py:186} INFO - Started process (PID=24076) to work on /home/anhtupham99/miniforge3/envs/nba/lib/python3.11/site-packages/airflow/example_dags/subdags/subdag.py
[2025-01-30T03:02:16.238+0800] {processor.py:914} INFO - Processing file /home/anhtupham99/miniforge3/envs/nba/lib/python3.11/site-packages/airflow/example_dags/subdags/subdag.py for tasks to queue
[2025-01-30T03:02:16.240+0800] {logging_mixin.py:190} INFO - [2025-01-30T03:02:16.239+0800] {dagbag.py:588} INFO - Filling up the DagBag from /home/anhtupham99/miniforge3/envs/nba/lib/python3.11/site-packages/airflow/example_dags/subdags/subdag.py
[2025-01-30T03:02:16.241+0800] {processor.py:927} WARNING - No viable dags retrieved from /home/anhtupham99/miniforge3/envs/nba/lib/python3.11/site-packages/airflow/example_dags/subdags/subdag.py
[2025-01-30T03:02:16.249+0800] {processor.py:208} INFO - Processing /home/anhtupham99/miniforge3/envs/nba/lib/python3.11/site-packages/airflow/example_dags/subdags/subdag.py took 0.017 seconds
[2025-01-30T03:03:03.160+0800] {processor.py:186} INFO - Started process (PID=24346) to work on /home/anhtupham99/miniforge3/envs/nba/lib/python3.11/site-packages/airflow/example_dags/subdags/subdag.py
[2025-01-30T03:03:03.162+0800] {processor.py:914} INFO - Processing file /home/anhtupham99/miniforge3/envs/nba/lib/python3.11/site-packages/airflow/example_dags/subdags/subdag.py for tasks to queue
[2025-01-30T03:03:03.164+0800] {logging_mixin.py:190} INFO - [2025-01-30T03:03:03.163+0800] {dagbag.py:588} INFO - Filling up the DagBag from /home/anhtupham99/miniforge3/envs/nba/lib/python3.11/site-packages/airflow/example_dags/subdags/subdag.py
[2025-01-30T03:03:03.165+0800] {processor.py:927} WARNING - No viable dags retrieved from /home/anhtupham99/miniforge3/envs/nba/lib/python3.11/site-packages/airflow/example_dags/subdags/subdag.py
[2025-01-30T03:03:03.173+0800] {processor.py:208} INFO - Processing /home/anhtupham99/miniforge3/envs/nba/lib/python3.11/site-packages/airflow/example_dags/subdags/subdag.py took 0.017 seconds
[2025-01-30T03:03:52.895+0800] {processor.py:186} INFO - Started process (PID=24618) to work on /home/anhtupham99/miniforge3/envs/nba/lib/python3.11/site-packages/airflow/example_dags/subdags/subdag.py
[2025-01-30T03:03:52.896+0800] {processor.py:914} INFO - Processing file /home/anhtupham99/miniforge3/envs/nba/lib/python3.11/site-packages/airflow/example_dags/subdags/subdag.py for tasks to queue
[2025-01-30T03:03:52.898+0800] {logging_mixin.py:190} INFO - [2025-01-30T03:03:52.897+0800] {dagbag.py:588} INFO - Filling up the DagBag from /home/anhtupham99/miniforge3/envs/nba/lib/python3.11/site-packages/airflow/example_dags/subdags/subdag.py
[2025-01-30T03:03:52.899+0800] {processor.py:927} WARNING - No viable dags retrieved from /home/anhtupham99/miniforge3/envs/nba/lib/python3.11/site-packages/airflow/example_dags/subdags/subdag.py
[2025-01-30T03:03:52.906+0800] {processor.py:208} INFO - Processing /home/anhtupham99/miniforge3/envs/nba/lib/python3.11/site-packages/airflow/example_dags/subdags/subdag.py took 0.016 seconds
[2025-01-30T03:04:39.971+0800] {processor.py:186} INFO - Started process (PID=24927) to work on /home/anhtupham99/miniforge3/envs/nba/lib/python3.11/site-packages/airflow/example_dags/subdags/subdag.py
[2025-01-30T03:04:39.972+0800] {processor.py:914} INFO - Processing file /home/anhtupham99/miniforge3/envs/nba/lib/python3.11/site-packages/airflow/example_dags/subdags/subdag.py for tasks to queue
[2025-01-30T03:04:39.974+0800] {logging_mixin.py:190} INFO - [2025-01-30T03:04:39.973+0800] {dagbag.py:588} INFO - Filling up the DagBag from /home/anhtupham99/miniforge3/envs/nba/lib/python3.11/site-packages/airflow/example_dags/subdags/subdag.py
[2025-01-30T03:04:39.975+0800] {processor.py:927} WARNING - No viable dags retrieved from /home/anhtupham99/miniforge3/envs/nba/lib/python3.11/site-packages/airflow/example_dags/subdags/subdag.py
[2025-01-30T03:04:39.982+0800] {processor.py:208} INFO - Processing /home/anhtupham99/miniforge3/envs/nba/lib/python3.11/site-packages/airflow/example_dags/subdags/subdag.py took 0.015 seconds
[2025-01-30T03:05:32.438+0800] {processor.py:186} INFO - Started process (PID=25239) to work on /home/anhtupham99/miniforge3/envs/nba/lib/python3.11/site-packages/airflow/example_dags/subdags/subdag.py
[2025-01-30T03:05:32.439+0800] {processor.py:914} INFO - Processing file /home/anhtupham99/miniforge3/envs/nba/lib/python3.11/site-packages/airflow/example_dags/subdags/subdag.py for tasks to queue
[2025-01-30T03:05:32.440+0800] {logging_mixin.py:190} INFO - [2025-01-30T03:05:32.440+0800] {dagbag.py:588} INFO - Filling up the DagBag from /home/anhtupham99/miniforge3/envs/nba/lib/python3.11/site-packages/airflow/example_dags/subdags/subdag.py
[2025-01-30T03:05:32.442+0800] {processor.py:927} WARNING - No viable dags retrieved from /home/anhtupham99/miniforge3/envs/nba/lib/python3.11/site-packages/airflow/example_dags/subdags/subdag.py
[2025-01-30T03:05:32.449+0800] {processor.py:208} INFO - Processing /home/anhtupham99/miniforge3/envs/nba/lib/python3.11/site-packages/airflow/example_dags/subdags/subdag.py took 0.015 seconds
[2025-01-30T03:06:18.853+0800] {processor.py:186} INFO - Started process (PID=25496) to work on /home/anhtupham99/miniforge3/envs/nba/lib/python3.11/site-packages/airflow/example_dags/subdags/subdag.py
[2025-01-30T03:06:18.855+0800] {processor.py:914} INFO - Processing file /home/anhtupham99/miniforge3/envs/nba/lib/python3.11/site-packages/airflow/example_dags/subdags/subdag.py for tasks to queue
[2025-01-30T03:06:18.856+0800] {logging_mixin.py:190} INFO - [2025-01-30T03:06:18.856+0800] {dagbag.py:588} INFO - Filling up the DagBag from /home/anhtupham99/miniforge3/envs/nba/lib/python3.11/site-packages/airflow/example_dags/subdags/subdag.py
[2025-01-30T03:06:18.858+0800] {processor.py:927} WARNING - No viable dags retrieved from /home/anhtupham99/miniforge3/envs/nba/lib/python3.11/site-packages/airflow/example_dags/subdags/subdag.py
[2025-01-30T03:06:18.865+0800] {processor.py:208} INFO - Processing /home/anhtupham99/miniforge3/envs/nba/lib/python3.11/site-packages/airflow/example_dags/subdags/subdag.py took 0.015 seconds
[2025-01-30T03:07:10.288+0800] {processor.py:186} INFO - Started process (PID=25834) to work on /home/anhtupham99/miniforge3/envs/nba/lib/python3.11/site-packages/airflow/example_dags/subdags/subdag.py
[2025-01-30T03:07:10.291+0800] {processor.py:914} INFO - Processing file /home/anhtupham99/miniforge3/envs/nba/lib/python3.11/site-packages/airflow/example_dags/subdags/subdag.py for tasks to queue
[2025-01-30T03:07:10.293+0800] {logging_mixin.py:190} INFO - [2025-01-30T03:07:10.293+0800] {dagbag.py:588} INFO - Filling up the DagBag from /home/anhtupham99/miniforge3/envs/nba/lib/python3.11/site-packages/airflow/example_dags/subdags/subdag.py
[2025-01-30T03:07:10.295+0800] {processor.py:927} WARNING - No viable dags retrieved from /home/anhtupham99/miniforge3/envs/nba/lib/python3.11/site-packages/airflow/example_dags/subdags/subdag.py
[2025-01-30T03:07:10.302+0800] {processor.py:208} INFO - Processing /home/anhtupham99/miniforge3/envs/nba/lib/python3.11/site-packages/airflow/example_dags/subdags/subdag.py took 0.019 seconds
[2025-01-30T03:08:01.198+0800] {processor.py:186} INFO - Started process (PID=26111) to work on /home/anhtupham99/miniforge3/envs/nba/lib/python3.11/site-packages/airflow/example_dags/subdags/subdag.py
[2025-01-30T03:08:01.200+0800] {processor.py:914} INFO - Processing file /home/anhtupham99/miniforge3/envs/nba/lib/python3.11/site-packages/airflow/example_dags/subdags/subdag.py for tasks to queue
[2025-01-30T03:08:01.201+0800] {logging_mixin.py:190} INFO - [2025-01-30T03:08:01.201+0800] {dagbag.py:588} INFO - Filling up the DagBag from /home/anhtupham99/miniforge3/envs/nba/lib/python3.11/site-packages/airflow/example_dags/subdags/subdag.py
[2025-01-30T03:08:01.203+0800] {processor.py:927} WARNING - No viable dags retrieved from /home/anhtupham99/miniforge3/envs/nba/lib/python3.11/site-packages/airflow/example_dags/subdags/subdag.py
[2025-01-30T03:08:01.212+0800] {processor.py:208} INFO - Processing /home/anhtupham99/miniforge3/envs/nba/lib/python3.11/site-packages/airflow/example_dags/subdags/subdag.py took 0.018 seconds
[2025-01-30T03:08:47.962+0800] {processor.py:186} INFO - Started process (PID=26381) to work on /home/anhtupham99/miniforge3/envs/nba/lib/python3.11/site-packages/airflow/example_dags/subdags/subdag.py
[2025-01-30T03:08:47.964+0800] {processor.py:914} INFO - Processing file /home/anhtupham99/miniforge3/envs/nba/lib/python3.11/site-packages/airflow/example_dags/subdags/subdag.py for tasks to queue
[2025-01-30T03:08:47.967+0800] {logging_mixin.py:190} INFO - [2025-01-30T03:08:47.966+0800] {dagbag.py:588} INFO - Filling up the DagBag from /home/anhtupham99/miniforge3/envs/nba/lib/python3.11/site-packages/airflow/example_dags/subdags/subdag.py
[2025-01-30T03:08:47.969+0800] {processor.py:927} WARNING - No viable dags retrieved from /home/anhtupham99/miniforge3/envs/nba/lib/python3.11/site-packages/airflow/example_dags/subdags/subdag.py
[2025-01-30T03:08:47.979+0800] {processor.py:208} INFO - Processing /home/anhtupham99/miniforge3/envs/nba/lib/python3.11/site-packages/airflow/example_dags/subdags/subdag.py took 0.022 seconds
[2025-01-30T03:09:35.768+0800] {processor.py:186} INFO - Started process (PID=26660) to work on /home/anhtupham99/miniforge3/envs/nba/lib/python3.11/site-packages/airflow/example_dags/subdags/subdag.py
[2025-01-30T03:09:35.769+0800] {processor.py:914} INFO - Processing file /home/anhtupham99/miniforge3/envs/nba/lib/python3.11/site-packages/airflow/example_dags/subdags/subdag.py for tasks to queue
[2025-01-30T03:09:35.771+0800] {logging_mixin.py:190} INFO - [2025-01-30T03:09:35.770+0800] {dagbag.py:588} INFO - Filling up the DagBag from /home/anhtupham99/miniforge3/envs/nba/lib/python3.11/site-packages/airflow/example_dags/subdags/subdag.py
[2025-01-30T03:09:35.772+0800] {processor.py:927} WARNING - No viable dags retrieved from /home/anhtupham99/miniforge3/envs/nba/lib/python3.11/site-packages/airflow/example_dags/subdags/subdag.py
[2025-01-30T03:09:35.780+0800] {processor.py:208} INFO - Processing /home/anhtupham99/miniforge3/envs/nba/lib/python3.11/site-packages/airflow/example_dags/subdags/subdag.py took 0.017 seconds
[2025-01-30T06:11:31.777+0800] {processor.py:186} INFO - Started process (PID=26883) to work on /home/anhtupham99/miniforge3/envs/nba/lib/python3.11/site-packages/airflow/example_dags/subdags/subdag.py
[2025-01-30T06:11:31.779+0800] {processor.py:914} INFO - Processing file /home/anhtupham99/miniforge3/envs/nba/lib/python3.11/site-packages/airflow/example_dags/subdags/subdag.py for tasks to queue
[2025-01-30T06:11:31.781+0800] {logging_mixin.py:190} INFO - [2025-01-30T06:11:31.781+0800] {dagbag.py:588} INFO - Filling up the DagBag from /home/anhtupham99/miniforge3/envs/nba/lib/python3.11/site-packages/airflow/example_dags/subdags/subdag.py
[2025-01-30T06:11:31.784+0800] {processor.py:927} WARNING - No viable dags retrieved from /home/anhtupham99/miniforge3/envs/nba/lib/python3.11/site-packages/airflow/example_dags/subdags/subdag.py
[2025-01-30T06:11:31.791+0800] {processor.py:208} INFO - Processing /home/anhtupham99/miniforge3/envs/nba/lib/python3.11/site-packages/airflow/example_dags/subdags/subdag.py took 0.021 seconds
[2025-01-30T06:12:24.828+0800] {processor.py:186} INFO - Started process (PID=27179) to work on /home/anhtupham99/miniforge3/envs/nba/lib/python3.11/site-packages/airflow/example_dags/subdags/subdag.py
[2025-01-30T06:12:24.830+0800] {processor.py:914} INFO - Processing file /home/anhtupham99/miniforge3/envs/nba/lib/python3.11/site-packages/airflow/example_dags/subdags/subdag.py for tasks to queue
[2025-01-30T06:12:24.833+0800] {logging_mixin.py:190} INFO - [2025-01-30T06:12:24.833+0800] {dagbag.py:588} INFO - Filling up the DagBag from /home/anhtupham99/miniforge3/envs/nba/lib/python3.11/site-packages/airflow/example_dags/subdags/subdag.py
[2025-01-30T06:12:24.835+0800] {processor.py:927} WARNING - No viable dags retrieved from /home/anhtupham99/miniforge3/envs/nba/lib/python3.11/site-packages/airflow/example_dags/subdags/subdag.py
[2025-01-30T06:12:24.844+0800] {processor.py:208} INFO - Processing /home/anhtupham99/miniforge3/envs/nba/lib/python3.11/site-packages/airflow/example_dags/subdags/subdag.py took 0.023 seconds
[2025-01-30T06:13:12.675+0800] {processor.py:186} INFO - Started process (PID=27498) to work on /home/anhtupham99/miniforge3/envs/nba/lib/python3.11/site-packages/airflow/example_dags/subdags/subdag.py
[2025-01-30T06:13:12.677+0800] {processor.py:914} INFO - Processing file /home/anhtupham99/miniforge3/envs/nba/lib/python3.11/site-packages/airflow/example_dags/subdags/subdag.py for tasks to queue
[2025-01-30T06:13:12.679+0800] {logging_mixin.py:190} INFO - [2025-01-30T06:13:12.678+0800] {dagbag.py:588} INFO - Filling up the DagBag from /home/anhtupham99/miniforge3/envs/nba/lib/python3.11/site-packages/airflow/example_dags/subdags/subdag.py
[2025-01-30T06:13:12.681+0800] {processor.py:927} WARNING - No viable dags retrieved from /home/anhtupham99/miniforge3/envs/nba/lib/python3.11/site-packages/airflow/example_dags/subdags/subdag.py
[2025-01-30T06:13:12.690+0800] {processor.py:208} INFO - Processing /home/anhtupham99/miniforge3/envs/nba/lib/python3.11/site-packages/airflow/example_dags/subdags/subdag.py took 0.020 seconds
