[2025-01-31T03:47:57.521+0000] {taskinstance.py:1159} INFO - Dependencies all met for dep_context=non-requeueable deps ti=<TaskInstance: example_dynamic_task_mapping.add_one scheduled__2022-04-25T00:00:00+00:00 map_index=1 [queued]>
[2025-01-31T03:47:57.540+0000] {taskinstance.py:1159} INFO - Dependencies all met for dep_context=requeueable deps ti=<TaskInstance: example_dynamic_task_mapping.add_one scheduled__2022-04-25T00:00:00+00:00 map_index=1 [queued]>
[2025-01-31T03:47:57.541+0000] {taskinstance.py:1361} INFO - Starting attempt 1 of 1
[2025-01-31T03:47:57.593+0000] {taskinstance.py:1382} INFO - Executing <Mapped(_PythonDecoratedOperator): add_one> on 2022-04-25 00:00:00+00:00
[2025-01-31T03:47:57.613+0000] {standard_task_runner.py:57} INFO - Started process 1030 to run task
[2025-01-31T03:47:57.642+0000] {standard_task_runner.py:84} INFO - Running: ['***', 'tasks', 'run', 'example_dynamic_task_mapping', 'add_one', 'scheduled__2022-04-25T00:00:00+00:00', '--job-id', '299', '--raw', '--subdir', '/home/***/.local/lib/python3.8/site-packages/***/example_dags/example_dynamic_task_mapping.py', '--cfg-path', '/tmp/tmptwt_8t1t', '--map-index', '1']
[2025-01-31T03:47:57.648+0000] {standard_task_runner.py:85} INFO - Job 299: Subtask add_one
[2025-01-31T03:47:57.888+0000] {task_command.py:415} INFO - Running <TaskInstance: example_dynamic_task_mapping.add_one scheduled__2022-04-25T00:00:00+00:00 map_index=1 [running]> on host f128b98fd85e
[2025-01-31T03:47:58.405+0000] {taskinstance.py:1660} INFO - Exporting env vars: AIRFLOW_CTX_DAG_OWNER='***' AIRFLOW_CTX_DAG_ID='example_dynamic_task_mapping' AIRFLOW_CTX_TASK_ID='add_one' AIRFLOW_CTX_EXECUTION_DATE='2022-04-25T00:00:00+00:00' AIRFLOW_CTX_TRY_NUMBER='1' AIRFLOW_CTX_DAG_RUN_ID='scheduled__2022-04-25T00:00:00+00:00'
[2025-01-31T03:47:58.409+0000] {python.py:194} INFO - Done. Returned value was: 3
[2025-01-31T03:47:58.517+0000] {taskinstance.py:1400} INFO - Marking task as SUCCESS. dag_id=example_dynamic_task_mapping, task_id=add_one, map_index=1, execution_date=20220425T000000, start_date=20250131T034757, end_date=20250131T034758
[2025-01-31T03:47:58.583+0000] {local_task_job_runner.py:228} INFO - Task exited with return code 0
[2025-01-31T03:47:58.747+0000] {taskinstance.py:2784} INFO - 1 downstream tasks scheduled from follow-on schedule check
[2025-01-31T03:53:31.581+0000] {taskinstance.py:1159} INFO - Dependencies all met for dep_context=non-requeueable deps ti=<TaskInstance: example_dynamic_task_mapping.add_one scheduled__2022-04-25T00:00:00+00:00 map_index=1 [queued]>
[2025-01-31T03:53:31.615+0000] {taskinstance.py:1159} INFO - Dependencies all met for dep_context=requeueable deps ti=<TaskInstance: example_dynamic_task_mapping.add_one scheduled__2022-04-25T00:00:00+00:00 map_index=1 [queued]>
[2025-01-31T03:53:31.616+0000] {taskinstance.py:1361} INFO - Starting attempt 1 of 1
[2025-01-31T03:53:31.659+0000] {taskinstance.py:1382} INFO - Executing <Mapped(_PythonDecoratedOperator): add_one> on 2022-04-25 00:00:00+00:00
[2025-01-31T03:53:31.676+0000] {standard_task_runner.py:57} INFO - Started process 1043 to run task
[2025-01-31T03:53:31.695+0000] {standard_task_runner.py:84} INFO - Running: ['***', 'tasks', 'run', 'example_dynamic_task_mapping', 'add_one', 'scheduled__2022-04-25T00:00:00+00:00', '--job-id', '304', '--raw', '--subdir', '/home/***/.local/lib/python3.8/site-packages/***/example_dags/example_dynamic_task_mapping.py', '--cfg-path', '/tmp/tmp3fpqc2z4', '--map-index', '1']
[2025-01-31T03:53:31.705+0000] {standard_task_runner.py:85} INFO - Job 304: Subtask add_one
[2025-01-31T03:53:31.906+0000] {task_command.py:415} INFO - Running <TaskInstance: example_dynamic_task_mapping.add_one scheduled__2022-04-25T00:00:00+00:00 map_index=1 [running]> on host dc644052abf1
[2025-01-31T03:53:32.243+0000] {taskinstance.py:1660} INFO - Exporting env vars: AIRFLOW_CTX_DAG_OWNER='***' AIRFLOW_CTX_DAG_ID='example_dynamic_task_mapping' AIRFLOW_CTX_TASK_ID='add_one' AIRFLOW_CTX_EXECUTION_DATE='2022-04-25T00:00:00+00:00' AIRFLOW_CTX_TRY_NUMBER='1' AIRFLOW_CTX_DAG_RUN_ID='scheduled__2022-04-25T00:00:00+00:00'
[2025-01-31T03:53:32.247+0000] {python.py:194} INFO - Done. Returned value was: 3
[2025-01-31T03:53:32.349+0000] {taskinstance.py:1400} INFO - Marking task as SUCCESS. dag_id=example_dynamic_task_mapping, task_id=add_one, map_index=1, execution_date=20220425T000000, start_date=20250131T035331, end_date=20250131T035332
[2025-01-31T03:53:32.397+0000] {local_task_job_runner.py:228} INFO - Task exited with return code 0
[2025-01-31T03:53:32.469+0000] {taskinstance.py:2784} INFO - 0 downstream tasks scheduled from follow-on schedule check
